[2025-09-01T17:22:16.239+0545] {processor.py:186} INFO - Started process (PID=80657) to work on /home/ashok/miniconda3/envs/mysecondenvironment/lib/python3.8/site-packages/airflow/example_dags/plugins/workday.py
[2025-09-01T17:22:16.240+0545] {processor.py:914} INFO - Processing file /home/ashok/miniconda3/envs/mysecondenvironment/lib/python3.8/site-packages/airflow/example_dags/plugins/workday.py for tasks to queue
[2025-09-01T17:22:16.241+0545] {logging_mixin.py:190} INFO - [2025-09-01T17:22:16.241+0545] {dagbag.py:588} INFO - Filling up the DagBag from /home/ashok/miniconda3/envs/mysecondenvironment/lib/python3.8/site-packages/airflow/example_dags/plugins/workday.py
[2025-09-01T17:22:16.242+0545] {processor.py:927} WARNING - No viable dags retrieved from /home/ashok/miniconda3/envs/mysecondenvironment/lib/python3.8/site-packages/airflow/example_dags/plugins/workday.py
[2025-09-01T17:22:16.252+0545] {processor.py:208} INFO - Processing /home/ashok/miniconda3/envs/mysecondenvironment/lib/python3.8/site-packages/airflow/example_dags/plugins/workday.py took 0.017 seconds
[2025-09-01T20:39:18.711+0545] {processor.py:186} INFO - Started process (PID=149904) to work on /home/ashok/miniconda3/envs/mysecondenvironment/lib/python3.8/site-packages/airflow/example_dags/plugins/workday.py
[2025-09-01T20:39:18.713+0545] {processor.py:914} INFO - Processing file /home/ashok/miniconda3/envs/mysecondenvironment/lib/python3.8/site-packages/airflow/example_dags/plugins/workday.py for tasks to queue
[2025-09-01T20:39:18.715+0545] {logging_mixin.py:190} INFO - [2025-09-01T20:39:18.715+0545] {dagbag.py:588} INFO - Filling up the DagBag from /home/ashok/miniconda3/envs/mysecondenvironment/lib/python3.8/site-packages/airflow/example_dags/plugins/workday.py
[2025-09-01T20:39:18.718+0545] {processor.py:927} WARNING - No viable dags retrieved from /home/ashok/miniconda3/envs/mysecondenvironment/lib/python3.8/site-packages/airflow/example_dags/plugins/workday.py
[2025-09-01T20:39:18.727+0545] {processor.py:208} INFO - Processing /home/ashok/miniconda3/envs/mysecondenvironment/lib/python3.8/site-packages/airflow/example_dags/plugins/workday.py took 0.023 seconds
[2025-09-01T20:40:29.927+0545] {processor.py:186} INFO - Started process (PID=151007) to work on /home/ashok/miniconda3/envs/mysecondenvironment/lib/python3.8/site-packages/airflow/example_dags/plugins/workday.py
[2025-09-01T20:40:29.929+0545] {processor.py:914} INFO - Processing file /home/ashok/miniconda3/envs/mysecondenvironment/lib/python3.8/site-packages/airflow/example_dags/plugins/workday.py for tasks to queue
[2025-09-01T20:40:29.932+0545] {logging_mixin.py:190} INFO - [2025-09-01T20:40:29.931+0545] {dagbag.py:588} INFO - Filling up the DagBag from /home/ashok/miniconda3/envs/mysecondenvironment/lib/python3.8/site-packages/airflow/example_dags/plugins/workday.py
[2025-09-01T20:40:29.935+0545] {processor.py:927} WARNING - No viable dags retrieved from /home/ashok/miniconda3/envs/mysecondenvironment/lib/python3.8/site-packages/airflow/example_dags/plugins/workday.py
[2025-09-01T20:40:29.945+0545] {processor.py:208} INFO - Processing /home/ashok/miniconda3/envs/mysecondenvironment/lib/python3.8/site-packages/airflow/example_dags/plugins/workday.py took 0.026 seconds
[2025-09-01T20:44:34.135+0545] {processor.py:186} INFO - Started process (PID=153657) to work on /home/ashok/miniconda3/envs/mysecondenvironment/lib/python3.8/site-packages/airflow/example_dags/plugins/workday.py
[2025-09-01T20:44:34.136+0545] {processor.py:914} INFO - Processing file /home/ashok/miniconda3/envs/mysecondenvironment/lib/python3.8/site-packages/airflow/example_dags/plugins/workday.py for tasks to queue
[2025-09-01T20:44:34.137+0545] {logging_mixin.py:190} INFO - [2025-09-01T20:44:34.137+0545] {dagbag.py:588} INFO - Filling up the DagBag from /home/ashok/miniconda3/envs/mysecondenvironment/lib/python3.8/site-packages/airflow/example_dags/plugins/workday.py
[2025-09-01T20:44:34.139+0545] {processor.py:927} WARNING - No viable dags retrieved from /home/ashok/miniconda3/envs/mysecondenvironment/lib/python3.8/site-packages/airflow/example_dags/plugins/workday.py
[2025-09-01T20:44:34.146+0545] {processor.py:208} INFO - Processing /home/ashok/miniconda3/envs/mysecondenvironment/lib/python3.8/site-packages/airflow/example_dags/plugins/workday.py took 0.016 seconds
