[2025-09-04T14:20:56.392+0545] {local_task_job_runner.py:123} INFO - ::group::Pre task execution logs
[2025-09-04T14:20:56.401+0545] {taskinstance.py:2614} INFO - Dependencies all met for dep_context=non-requeueable deps ti=<TaskInstance: start_diabetes_stack.start_redis manual__2025-09-04T08:35:51.824382+00:00 [queued]>
[2025-09-04T14:20:56.404+0545] {taskinstance.py:2614} INFO - Dependencies all met for dep_context=requeueable deps ti=<TaskInstance: start_diabetes_stack.start_redis manual__2025-09-04T08:35:51.824382+00:00 [queued]>
[2025-09-04T14:20:56.404+0545] {taskinstance.py:2867} INFO - Starting attempt 1 of 2
[2025-09-04T14:20:56.418+0545] {taskinstance.py:2890} INFO - Executing <Task(BashOperator): start_redis> on 2025-09-04 08:35:51.824382+00:00
[2025-09-04T14:20:56.423+0545] {standard_task_runner.py:72} INFO - Started process 42958 to run task
[2025-09-04T14:20:56.426+0545] {standard_task_runner.py:104} INFO - Running: ['airflow', 'tasks', 'run', 'start_diabetes_stack', 'start_redis', 'manual__2025-09-04T08:35:51.824382+00:00', '--job-id', '219', '--raw', '--subdir', 'DAGS_FOLDER/bash_operator.py', '--cfg-path', '/tmp/tmp6j2cfdg1']
[2025-09-04T14:20:56.427+0545] {standard_task_runner.py:105} INFO - Job 219: Subtask start_redis
[2025-09-04T14:20:56.452+0545] {task_command.py:467} INFO - Running <TaskInstance: start_diabetes_stack.start_redis manual__2025-09-04T08:35:51.824382+00:00 [running]> on host ashok-Nitro-ANV16-41
[2025-09-04T14:20:56.492+0545] {taskinstance.py:3134} INFO - Exporting env vars: AIRFLOW_CTX_DAG_OWNER='ashok' AIRFLOW_CTX_DAG_ID='start_diabetes_stack' AIRFLOW_CTX_TASK_ID='start_redis' AIRFLOW_CTX_EXECUTION_DATE='2025-09-04T08:35:51.824382+00:00' AIRFLOW_CTX_TRY_NUMBER='1' AIRFLOW_CTX_DAG_RUN_ID='manual__2025-09-04T08:35:51.824382+00:00'
[2025-09-04T14:20:56.493+0545] {logging_mixin.py:190} INFO - Task instance is in running state
[2025-09-04T14:20:56.493+0545] {logging_mixin.py:190} INFO -  Previous state of the Task instance: queued
[2025-09-04T14:20:56.493+0545] {logging_mixin.py:190} INFO - Current task name:start_redis state:running start_date:2025-09-04 08:35:56.401629+00:00
[2025-09-04T14:20:56.493+0545] {logging_mixin.py:190} INFO - Dag name:start_diabetes_stack and current dag run status:running
[2025-09-04T14:20:56.493+0545] {taskinstance.py:732} INFO - ::endgroup::
[2025-09-04T14:20:56.493+0545] {subprocess.py:78} INFO - Tmp dir root location: /tmp
[2025-09-04T14:20:56.494+0545] {subprocess.py:88} INFO - Running command: ['/usr/bin/bash', '-c', 'docker start my-redis || docker run -d --name my-redis -p 6379:6379 redis:latest']
[2025-09-04T14:20:56.506+0545] {subprocess.py:99} INFO - Output:
[2025-09-04T14:20:56.517+0545] {subprocess.py:106} INFO - my-redis
[2025-09-04T14:20:56.518+0545] {subprocess.py:110} INFO - Command exited with return code 0
[2025-09-04T14:20:56.532+0545] {taskinstance.py:341} INFO - ::group::Post task execution logs
[2025-09-04T14:20:56.532+0545] {taskinstance.py:353} INFO - Marking task as SUCCESS. dag_id=start_diabetes_stack, task_id=start_redis, run_id=manual__2025-09-04T08:35:51.824382+00:00, execution_date=20250904T083551, start_date=20250904T083556, end_date=20250904T083556
[2025-09-04T14:20:56.549+0545] {logging_mixin.py:190} INFO - Task instance in success state
[2025-09-04T14:20:56.549+0545] {logging_mixin.py:190} INFO -  Previous state of the Task instance: running
[2025-09-04T14:20:56.549+0545] {logging_mixin.py:190} INFO - Dag name:start_diabetes_stack queued_at:2025-09-04 08:35:51.831760+00:00
[2025-09-04T14:20:56.550+0545] {logging_mixin.py:190} INFO - Task hostname:ashok-Nitro-ANV16-41 operator:BashOperator
[2025-09-04T14:20:56.558+0545] {local_task_job_runner.py:266} INFO - Task exited with return code 0
[2025-09-04T14:20:56.568+0545] {taskinstance.py:3901} INFO - 1 downstream tasks scheduled from follow-on schedule check
[2025-09-04T14:20:56.574+0545] {local_task_job_runner.py:245} INFO - ::endgroup::
