[2025-09-14T09:22:32.830+0545] {processor.py:186} INFO - Started process (PID=21930) to work on /home/ashok/miniconda3/envs/mysecondenvironment/lib/python3.8/site-packages/airflow/example_dags/subdags/subdag.py
[2025-09-14T09:22:32.830+0545] {processor.py:914} INFO - Processing file /home/ashok/miniconda3/envs/mysecondenvironment/lib/python3.8/site-packages/airflow/example_dags/subdags/subdag.py for tasks to queue
[2025-09-14T09:22:32.832+0545] {logging_mixin.py:190} INFO - [2025-09-14T09:22:32.832+0545] {dagbag.py:588} INFO - Filling up the DagBag from /home/ashok/miniconda3/envs/mysecondenvironment/lib/python3.8/site-packages/airflow/example_dags/subdags/subdag.py
[2025-09-14T09:22:32.834+0545] {processor.py:927} WARNING - No viable dags retrieved from /home/ashok/miniconda3/envs/mysecondenvironment/lib/python3.8/site-packages/airflow/example_dags/subdags/subdag.py
[2025-09-14T09:22:32.842+0545] {processor.py:208} INFO - Processing /home/ashok/miniconda3/envs/mysecondenvironment/lib/python3.8/site-packages/airflow/example_dags/subdags/subdag.py took 0.018 seconds
[2025-09-14T09:24:16.621+0545] {processor.py:186} INFO - Started process (PID=23606) to work on /home/ashok/miniconda3/envs/mysecondenvironment/lib/python3.8/site-packages/airflow/example_dags/subdags/subdag.py
[2025-09-14T09:24:16.622+0545] {processor.py:914} INFO - Processing file /home/ashok/miniconda3/envs/mysecondenvironment/lib/python3.8/site-packages/airflow/example_dags/subdags/subdag.py for tasks to queue
[2025-09-14T09:24:16.624+0545] {logging_mixin.py:190} INFO - [2025-09-14T09:24:16.624+0545] {dagbag.py:588} INFO - Filling up the DagBag from /home/ashok/miniconda3/envs/mysecondenvironment/lib/python3.8/site-packages/airflow/example_dags/subdags/subdag.py
[2025-09-14T09:24:16.627+0545] {processor.py:927} WARNING - No viable dags retrieved from /home/ashok/miniconda3/envs/mysecondenvironment/lib/python3.8/site-packages/airflow/example_dags/subdags/subdag.py
[2025-09-14T09:24:16.634+0545] {processor.py:208} INFO - Processing /home/ashok/miniconda3/envs/mysecondenvironment/lib/python3.8/site-packages/airflow/example_dags/subdags/subdag.py took 0.018 seconds
[2025-09-14T09:25:51.205+0545] {processor.py:186} INFO - Started process (PID=24739) to work on /home/ashok/miniconda3/envs/mysecondenvironment/lib/python3.8/site-packages/airflow/example_dags/subdags/subdag.py
[2025-09-14T09:25:51.207+0545] {processor.py:914} INFO - Processing file /home/ashok/miniconda3/envs/mysecondenvironment/lib/python3.8/site-packages/airflow/example_dags/subdags/subdag.py for tasks to queue
[2025-09-14T09:25:51.208+0545] {logging_mixin.py:190} INFO - [2025-09-14T09:25:51.208+0545] {dagbag.py:588} INFO - Filling up the DagBag from /home/ashok/miniconda3/envs/mysecondenvironment/lib/python3.8/site-packages/airflow/example_dags/subdags/subdag.py
[2025-09-14T09:25:51.210+0545] {processor.py:927} WARNING - No viable dags retrieved from /home/ashok/miniconda3/envs/mysecondenvironment/lib/python3.8/site-packages/airflow/example_dags/subdags/subdag.py
[2025-09-14T09:25:51.216+0545] {processor.py:208} INFO - Processing /home/ashok/miniconda3/envs/mysecondenvironment/lib/python3.8/site-packages/airflow/example_dags/subdags/subdag.py took 0.016 seconds
[2025-09-14T09:26:35.482+0545] {processor.py:186} INFO - Started process (PID=25176) to work on /home/ashok/miniconda3/envs/mysecondenvironment/lib/python3.8/site-packages/airflow/example_dags/subdags/subdag.py
[2025-09-14T09:26:35.484+0545] {processor.py:914} INFO - Processing file /home/ashok/miniconda3/envs/mysecondenvironment/lib/python3.8/site-packages/airflow/example_dags/subdags/subdag.py for tasks to queue
[2025-09-14T09:26:35.485+0545] {logging_mixin.py:190} INFO - [2025-09-14T09:26:35.485+0545] {dagbag.py:588} INFO - Filling up the DagBag from /home/ashok/miniconda3/envs/mysecondenvironment/lib/python3.8/site-packages/airflow/example_dags/subdags/subdag.py
[2025-09-14T09:26:35.487+0545] {processor.py:927} WARNING - No viable dags retrieved from /home/ashok/miniconda3/envs/mysecondenvironment/lib/python3.8/site-packages/airflow/example_dags/subdags/subdag.py
[2025-09-14T09:26:35.493+0545] {processor.py:208} INFO - Processing /home/ashok/miniconda3/envs/mysecondenvironment/lib/python3.8/site-packages/airflow/example_dags/subdags/subdag.py took 0.016 seconds
[2025-09-14T09:29:27.811+0545] {processor.py:186} INFO - Started process (PID=26503) to work on /home/ashok/miniconda3/envs/mysecondenvironment/lib/python3.8/site-packages/airflow/example_dags/subdags/subdag.py
[2025-09-14T09:29:27.814+0545] {processor.py:914} INFO - Processing file /home/ashok/miniconda3/envs/mysecondenvironment/lib/python3.8/site-packages/airflow/example_dags/subdags/subdag.py for tasks to queue
[2025-09-14T09:29:27.816+0545] {logging_mixin.py:190} INFO - [2025-09-14T09:29:27.816+0545] {dagbag.py:588} INFO - Filling up the DagBag from /home/ashok/miniconda3/envs/mysecondenvironment/lib/python3.8/site-packages/airflow/example_dags/subdags/subdag.py
[2025-09-14T09:29:27.817+0545] {processor.py:927} WARNING - No viable dags retrieved from /home/ashok/miniconda3/envs/mysecondenvironment/lib/python3.8/site-packages/airflow/example_dags/subdags/subdag.py
[2025-09-14T09:29:27.821+0545] {processor.py:208} INFO - Processing /home/ashok/miniconda3/envs/mysecondenvironment/lib/python3.8/site-packages/airflow/example_dags/subdags/subdag.py took 0.013 seconds
[2025-09-14T09:33:16.928+0545] {processor.py:186} INFO - Started process (PID=29248) to work on /home/ashok/miniconda3/envs/mysecondenvironment/lib/python3.8/site-packages/airflow/example_dags/subdags/subdag.py
[2025-09-14T09:33:16.929+0545] {processor.py:914} INFO - Processing file /home/ashok/miniconda3/envs/mysecondenvironment/lib/python3.8/site-packages/airflow/example_dags/subdags/subdag.py for tasks to queue
[2025-09-14T09:33:16.930+0545] {logging_mixin.py:190} INFO - [2025-09-14T09:33:16.930+0545] {dagbag.py:588} INFO - Filling up the DagBag from /home/ashok/miniconda3/envs/mysecondenvironment/lib/python3.8/site-packages/airflow/example_dags/subdags/subdag.py
[2025-09-14T09:33:16.932+0545] {processor.py:927} WARNING - No viable dags retrieved from /home/ashok/miniconda3/envs/mysecondenvironment/lib/python3.8/site-packages/airflow/example_dags/subdags/subdag.py
[2025-09-14T09:33:16.938+0545] {processor.py:208} INFO - Processing /home/ashok/miniconda3/envs/mysecondenvironment/lib/python3.8/site-packages/airflow/example_dags/subdags/subdag.py took 0.014 seconds
[2025-09-14T09:34:12.824+0545] {processor.py:186} INFO - Started process (PID=29658) to work on /home/ashok/miniconda3/envs/mysecondenvironment/lib/python3.8/site-packages/airflow/example_dags/subdags/subdag.py
[2025-09-14T09:34:12.826+0545] {processor.py:914} INFO - Processing file /home/ashok/miniconda3/envs/mysecondenvironment/lib/python3.8/site-packages/airflow/example_dags/subdags/subdag.py for tasks to queue
[2025-09-14T09:34:12.827+0545] {logging_mixin.py:190} INFO - [2025-09-14T09:34:12.826+0545] {dagbag.py:588} INFO - Filling up the DagBag from /home/ashok/miniconda3/envs/mysecondenvironment/lib/python3.8/site-packages/airflow/example_dags/subdags/subdag.py
[2025-09-14T09:34:12.828+0545] {processor.py:927} WARNING - No viable dags retrieved from /home/ashok/miniconda3/envs/mysecondenvironment/lib/python3.8/site-packages/airflow/example_dags/subdags/subdag.py
[2025-09-14T09:34:12.833+0545] {processor.py:208} INFO - Processing /home/ashok/miniconda3/envs/mysecondenvironment/lib/python3.8/site-packages/airflow/example_dags/subdags/subdag.py took 0.013 seconds
[2025-09-14T09:35:08.095+0545] {processor.py:186} INFO - Started process (PID=30065) to work on /home/ashok/miniconda3/envs/mysecondenvironment/lib/python3.8/site-packages/airflow/example_dags/subdags/subdag.py
[2025-09-14T09:35:08.096+0545] {processor.py:914} INFO - Processing file /home/ashok/miniconda3/envs/mysecondenvironment/lib/python3.8/site-packages/airflow/example_dags/subdags/subdag.py for tasks to queue
[2025-09-14T09:35:08.097+0545] {logging_mixin.py:190} INFO - [2025-09-14T09:35:08.097+0545] {dagbag.py:588} INFO - Filling up the DagBag from /home/ashok/miniconda3/envs/mysecondenvironment/lib/python3.8/site-packages/airflow/example_dags/subdags/subdag.py
[2025-09-14T09:35:08.098+0545] {processor.py:927} WARNING - No viable dags retrieved from /home/ashok/miniconda3/envs/mysecondenvironment/lib/python3.8/site-packages/airflow/example_dags/subdags/subdag.py
[2025-09-14T09:35:08.103+0545] {processor.py:208} INFO - Processing /home/ashok/miniconda3/envs/mysecondenvironment/lib/python3.8/site-packages/airflow/example_dags/subdags/subdag.py took 0.012 seconds
[2025-09-14T09:36:02.921+0545] {processor.py:186} INFO - Started process (PID=30530) to work on /home/ashok/miniconda3/envs/mysecondenvironment/lib/python3.8/site-packages/airflow/example_dags/subdags/subdag.py
[2025-09-14T09:36:02.923+0545] {processor.py:914} INFO - Processing file /home/ashok/miniconda3/envs/mysecondenvironment/lib/python3.8/site-packages/airflow/example_dags/subdags/subdag.py for tasks to queue
[2025-09-14T09:36:02.924+0545] {logging_mixin.py:190} INFO - [2025-09-14T09:36:02.924+0545] {dagbag.py:588} INFO - Filling up the DagBag from /home/ashok/miniconda3/envs/mysecondenvironment/lib/python3.8/site-packages/airflow/example_dags/subdags/subdag.py
[2025-09-14T09:36:02.925+0545] {processor.py:927} WARNING - No viable dags retrieved from /home/ashok/miniconda3/envs/mysecondenvironment/lib/python3.8/site-packages/airflow/example_dags/subdags/subdag.py
[2025-09-14T09:36:02.930+0545] {processor.py:208} INFO - Processing /home/ashok/miniconda3/envs/mysecondenvironment/lib/python3.8/site-packages/airflow/example_dags/subdags/subdag.py took 0.013 seconds
[2025-09-14T09:36:53.797+0545] {processor.py:186} INFO - Started process (PID=30888) to work on /home/ashok/miniconda3/envs/mysecondenvironment/lib/python3.8/site-packages/airflow/example_dags/subdags/subdag.py
[2025-09-14T09:36:53.798+0545] {processor.py:914} INFO - Processing file /home/ashok/miniconda3/envs/mysecondenvironment/lib/python3.8/site-packages/airflow/example_dags/subdags/subdag.py for tasks to queue
[2025-09-14T09:36:53.799+0545] {logging_mixin.py:190} INFO - [2025-09-14T09:36:53.799+0545] {dagbag.py:588} INFO - Filling up the DagBag from /home/ashok/miniconda3/envs/mysecondenvironment/lib/python3.8/site-packages/airflow/example_dags/subdags/subdag.py
[2025-09-14T09:36:53.801+0545] {processor.py:927} WARNING - No viable dags retrieved from /home/ashok/miniconda3/envs/mysecondenvironment/lib/python3.8/site-packages/airflow/example_dags/subdags/subdag.py
[2025-09-14T09:36:53.809+0545] {processor.py:208} INFO - Processing /home/ashok/miniconda3/envs/mysecondenvironment/lib/python3.8/site-packages/airflow/example_dags/subdags/subdag.py took 0.017 seconds
[2025-09-14T09:37:46.600+0545] {processor.py:186} INFO - Started process (PID=31537) to work on /home/ashok/miniconda3/envs/mysecondenvironment/lib/python3.8/site-packages/airflow/example_dags/subdags/subdag.py
[2025-09-14T09:37:46.602+0545] {processor.py:914} INFO - Processing file /home/ashok/miniconda3/envs/mysecondenvironment/lib/python3.8/site-packages/airflow/example_dags/subdags/subdag.py for tasks to queue
[2025-09-14T09:37:46.603+0545] {logging_mixin.py:190} INFO - [2025-09-14T09:37:46.603+0545] {dagbag.py:588} INFO - Filling up the DagBag from /home/ashok/miniconda3/envs/mysecondenvironment/lib/python3.8/site-packages/airflow/example_dags/subdags/subdag.py
[2025-09-14T09:37:46.604+0545] {processor.py:927} WARNING - No viable dags retrieved from /home/ashok/miniconda3/envs/mysecondenvironment/lib/python3.8/site-packages/airflow/example_dags/subdags/subdag.py
[2025-09-14T09:37:46.609+0545] {processor.py:208} INFO - Processing /home/ashok/miniconda3/envs/mysecondenvironment/lib/python3.8/site-packages/airflow/example_dags/subdags/subdag.py took 0.012 seconds
[2025-09-14T09:38:42.075+0545] {processor.py:186} INFO - Started process (PID=32129) to work on /home/ashok/miniconda3/envs/mysecondenvironment/lib/python3.8/site-packages/airflow/example_dags/subdags/subdag.py
[2025-09-14T09:38:42.077+0545] {processor.py:914} INFO - Processing file /home/ashok/miniconda3/envs/mysecondenvironment/lib/python3.8/site-packages/airflow/example_dags/subdags/subdag.py for tasks to queue
[2025-09-14T09:38:42.078+0545] {logging_mixin.py:190} INFO - [2025-09-14T09:38:42.078+0545] {dagbag.py:588} INFO - Filling up the DagBag from /home/ashok/miniconda3/envs/mysecondenvironment/lib/python3.8/site-packages/airflow/example_dags/subdags/subdag.py
[2025-09-14T09:38:42.080+0545] {processor.py:927} WARNING - No viable dags retrieved from /home/ashok/miniconda3/envs/mysecondenvironment/lib/python3.8/site-packages/airflow/example_dags/subdags/subdag.py
[2025-09-14T09:38:42.085+0545] {processor.py:208} INFO - Processing /home/ashok/miniconda3/envs/mysecondenvironment/lib/python3.8/site-packages/airflow/example_dags/subdags/subdag.py took 0.013 seconds
[2025-09-14T09:39:41.040+0545] {processor.py:186} INFO - Started process (PID=32582) to work on /home/ashok/miniconda3/envs/mysecondenvironment/lib/python3.8/site-packages/airflow/example_dags/subdags/subdag.py
[2025-09-14T09:39:41.042+0545] {processor.py:914} INFO - Processing file /home/ashok/miniconda3/envs/mysecondenvironment/lib/python3.8/site-packages/airflow/example_dags/subdags/subdag.py for tasks to queue
[2025-09-14T09:39:41.043+0545] {logging_mixin.py:190} INFO - [2025-09-14T09:39:41.043+0545] {dagbag.py:588} INFO - Filling up the DagBag from /home/ashok/miniconda3/envs/mysecondenvironment/lib/python3.8/site-packages/airflow/example_dags/subdags/subdag.py
[2025-09-14T09:39:41.044+0545] {processor.py:927} WARNING - No viable dags retrieved from /home/ashok/miniconda3/envs/mysecondenvironment/lib/python3.8/site-packages/airflow/example_dags/subdags/subdag.py
[2025-09-14T09:39:41.049+0545] {processor.py:208} INFO - Processing /home/ashok/miniconda3/envs/mysecondenvironment/lib/python3.8/site-packages/airflow/example_dags/subdags/subdag.py took 0.013 seconds
[2025-09-14T09:40:34.837+0545] {processor.py:186} INFO - Started process (PID=32975) to work on /home/ashok/miniconda3/envs/mysecondenvironment/lib/python3.8/site-packages/airflow/example_dags/subdags/subdag.py
[2025-09-14T09:40:34.839+0545] {processor.py:914} INFO - Processing file /home/ashok/miniconda3/envs/mysecondenvironment/lib/python3.8/site-packages/airflow/example_dags/subdags/subdag.py for tasks to queue
[2025-09-14T09:40:34.840+0545] {logging_mixin.py:190} INFO - [2025-09-14T09:40:34.840+0545] {dagbag.py:588} INFO - Filling up the DagBag from /home/ashok/miniconda3/envs/mysecondenvironment/lib/python3.8/site-packages/airflow/example_dags/subdags/subdag.py
[2025-09-14T09:40:34.841+0545] {processor.py:927} WARNING - No viable dags retrieved from /home/ashok/miniconda3/envs/mysecondenvironment/lib/python3.8/site-packages/airflow/example_dags/subdags/subdag.py
[2025-09-14T09:40:34.846+0545] {processor.py:208} INFO - Processing /home/ashok/miniconda3/envs/mysecondenvironment/lib/python3.8/site-packages/airflow/example_dags/subdags/subdag.py took 0.013 seconds
[2025-09-14T09:41:32.816+0545] {processor.py:186} INFO - Started process (PID=33409) to work on /home/ashok/miniconda3/envs/mysecondenvironment/lib/python3.8/site-packages/airflow/example_dags/subdags/subdag.py
[2025-09-14T09:41:32.817+0545] {processor.py:914} INFO - Processing file /home/ashok/miniconda3/envs/mysecondenvironment/lib/python3.8/site-packages/airflow/example_dags/subdags/subdag.py for tasks to queue
[2025-09-14T09:41:32.818+0545] {logging_mixin.py:190} INFO - [2025-09-14T09:41:32.818+0545] {dagbag.py:588} INFO - Filling up the DagBag from /home/ashok/miniconda3/envs/mysecondenvironment/lib/python3.8/site-packages/airflow/example_dags/subdags/subdag.py
[2025-09-14T09:41:32.820+0545] {processor.py:927} WARNING - No viable dags retrieved from /home/ashok/miniconda3/envs/mysecondenvironment/lib/python3.8/site-packages/airflow/example_dags/subdags/subdag.py
[2025-09-14T09:41:32.824+0545] {processor.py:208} INFO - Processing /home/ashok/miniconda3/envs/mysecondenvironment/lib/python3.8/site-packages/airflow/example_dags/subdags/subdag.py took 0.012 seconds
[2025-09-14T09:42:26.750+0545] {processor.py:186} INFO - Started process (PID=33858) to work on /home/ashok/miniconda3/envs/mysecondenvironment/lib/python3.8/site-packages/airflow/example_dags/subdags/subdag.py
[2025-09-14T09:42:26.752+0545] {processor.py:914} INFO - Processing file /home/ashok/miniconda3/envs/mysecondenvironment/lib/python3.8/site-packages/airflow/example_dags/subdags/subdag.py for tasks to queue
[2025-09-14T09:42:26.753+0545] {logging_mixin.py:190} INFO - [2025-09-14T09:42:26.753+0545] {dagbag.py:588} INFO - Filling up the DagBag from /home/ashok/miniconda3/envs/mysecondenvironment/lib/python3.8/site-packages/airflow/example_dags/subdags/subdag.py
[2025-09-14T09:42:26.754+0545] {processor.py:927} WARNING - No viable dags retrieved from /home/ashok/miniconda3/envs/mysecondenvironment/lib/python3.8/site-packages/airflow/example_dags/subdags/subdag.py
[2025-09-14T09:42:26.759+0545] {processor.py:208} INFO - Processing /home/ashok/miniconda3/envs/mysecondenvironment/lib/python3.8/site-packages/airflow/example_dags/subdags/subdag.py took 0.012 seconds
[2025-09-14T09:43:23.346+0545] {processor.py:186} INFO - Started process (PID=34274) to work on /home/ashok/miniconda3/envs/mysecondenvironment/lib/python3.8/site-packages/airflow/example_dags/subdags/subdag.py
[2025-09-14T09:43:23.348+0545] {processor.py:914} INFO - Processing file /home/ashok/miniconda3/envs/mysecondenvironment/lib/python3.8/site-packages/airflow/example_dags/subdags/subdag.py for tasks to queue
[2025-09-14T09:43:23.349+0545] {logging_mixin.py:190} INFO - [2025-09-14T09:43:23.348+0545] {dagbag.py:588} INFO - Filling up the DagBag from /home/ashok/miniconda3/envs/mysecondenvironment/lib/python3.8/site-packages/airflow/example_dags/subdags/subdag.py
[2025-09-14T09:43:23.350+0545] {processor.py:927} WARNING - No viable dags retrieved from /home/ashok/miniconda3/envs/mysecondenvironment/lib/python3.8/site-packages/airflow/example_dags/subdags/subdag.py
[2025-09-14T09:43:23.355+0545] {processor.py:208} INFO - Processing /home/ashok/miniconda3/envs/mysecondenvironment/lib/python3.8/site-packages/airflow/example_dags/subdags/subdag.py took 0.013 seconds
[2025-09-14T09:44:20.475+0545] {processor.py:186} INFO - Started process (PID=34675) to work on /home/ashok/miniconda3/envs/mysecondenvironment/lib/python3.8/site-packages/airflow/example_dags/subdags/subdag.py
[2025-09-14T09:44:20.477+0545] {processor.py:914} INFO - Processing file /home/ashok/miniconda3/envs/mysecondenvironment/lib/python3.8/site-packages/airflow/example_dags/subdags/subdag.py for tasks to queue
[2025-09-14T09:44:20.478+0545] {logging_mixin.py:190} INFO - [2025-09-14T09:44:20.477+0545] {dagbag.py:588} INFO - Filling up the DagBag from /home/ashok/miniconda3/envs/mysecondenvironment/lib/python3.8/site-packages/airflow/example_dags/subdags/subdag.py
[2025-09-14T09:44:20.480+0545] {processor.py:927} WARNING - No viable dags retrieved from /home/ashok/miniconda3/envs/mysecondenvironment/lib/python3.8/site-packages/airflow/example_dags/subdags/subdag.py
[2025-09-14T09:44:20.487+0545] {processor.py:208} INFO - Processing /home/ashok/miniconda3/envs/mysecondenvironment/lib/python3.8/site-packages/airflow/example_dags/subdags/subdag.py took 0.018 seconds
[2025-09-14T09:45:17.226+0545] {processor.py:186} INFO - Started process (PID=35054) to work on /home/ashok/miniconda3/envs/mysecondenvironment/lib/python3.8/site-packages/airflow/example_dags/subdags/subdag.py
[2025-09-14T09:45:17.227+0545] {processor.py:914} INFO - Processing file /home/ashok/miniconda3/envs/mysecondenvironment/lib/python3.8/site-packages/airflow/example_dags/subdags/subdag.py for tasks to queue
[2025-09-14T09:45:17.228+0545] {logging_mixin.py:190} INFO - [2025-09-14T09:45:17.228+0545] {dagbag.py:588} INFO - Filling up the DagBag from /home/ashok/miniconda3/envs/mysecondenvironment/lib/python3.8/site-packages/airflow/example_dags/subdags/subdag.py
[2025-09-14T09:45:17.229+0545] {processor.py:927} WARNING - No viable dags retrieved from /home/ashok/miniconda3/envs/mysecondenvironment/lib/python3.8/site-packages/airflow/example_dags/subdags/subdag.py
[2025-09-14T09:45:17.235+0545] {processor.py:208} INFO - Processing /home/ashok/miniconda3/envs/mysecondenvironment/lib/python3.8/site-packages/airflow/example_dags/subdags/subdag.py took 0.013 seconds
[2025-09-14T09:46:09.930+0545] {processor.py:186} INFO - Started process (PID=35450) to work on /home/ashok/miniconda3/envs/mysecondenvironment/lib/python3.8/site-packages/airflow/example_dags/subdags/subdag.py
[2025-09-14T09:46:09.932+0545] {processor.py:914} INFO - Processing file /home/ashok/miniconda3/envs/mysecondenvironment/lib/python3.8/site-packages/airflow/example_dags/subdags/subdag.py for tasks to queue
[2025-09-14T09:46:09.933+0545] {logging_mixin.py:190} INFO - [2025-09-14T09:46:09.932+0545] {dagbag.py:588} INFO - Filling up the DagBag from /home/ashok/miniconda3/envs/mysecondenvironment/lib/python3.8/site-packages/airflow/example_dags/subdags/subdag.py
[2025-09-14T09:46:09.934+0545] {processor.py:927} WARNING - No viable dags retrieved from /home/ashok/miniconda3/envs/mysecondenvironment/lib/python3.8/site-packages/airflow/example_dags/subdags/subdag.py
[2025-09-14T09:46:09.939+0545] {processor.py:208} INFO - Processing /home/ashok/miniconda3/envs/mysecondenvironment/lib/python3.8/site-packages/airflow/example_dags/subdags/subdag.py took 0.012 seconds
[2025-09-14T09:47:02.530+0545] {processor.py:186} INFO - Started process (PID=35834) to work on /home/ashok/miniconda3/envs/mysecondenvironment/lib/python3.8/site-packages/airflow/example_dags/subdags/subdag.py
[2025-09-14T09:47:02.531+0545] {processor.py:914} INFO - Processing file /home/ashok/miniconda3/envs/mysecondenvironment/lib/python3.8/site-packages/airflow/example_dags/subdags/subdag.py for tasks to queue
[2025-09-14T09:47:02.532+0545] {logging_mixin.py:190} INFO - [2025-09-14T09:47:02.532+0545] {dagbag.py:588} INFO - Filling up the DagBag from /home/ashok/miniconda3/envs/mysecondenvironment/lib/python3.8/site-packages/airflow/example_dags/subdags/subdag.py
[2025-09-14T09:47:02.533+0545] {processor.py:927} WARNING - No viable dags retrieved from /home/ashok/miniconda3/envs/mysecondenvironment/lib/python3.8/site-packages/airflow/example_dags/subdags/subdag.py
[2025-09-14T09:47:02.539+0545] {processor.py:208} INFO - Processing /home/ashok/miniconda3/envs/mysecondenvironment/lib/python3.8/site-packages/airflow/example_dags/subdags/subdag.py took 0.012 seconds
[2025-09-14T09:47:56.788+0545] {processor.py:186} INFO - Started process (PID=36194) to work on /home/ashok/miniconda3/envs/mysecondenvironment/lib/python3.8/site-packages/airflow/example_dags/subdags/subdag.py
[2025-09-14T09:47:56.790+0545] {processor.py:914} INFO - Processing file /home/ashok/miniconda3/envs/mysecondenvironment/lib/python3.8/site-packages/airflow/example_dags/subdags/subdag.py for tasks to queue
[2025-09-14T09:47:56.791+0545] {logging_mixin.py:190} INFO - [2025-09-14T09:47:56.791+0545] {dagbag.py:588} INFO - Filling up the DagBag from /home/ashok/miniconda3/envs/mysecondenvironment/lib/python3.8/site-packages/airflow/example_dags/subdags/subdag.py
[2025-09-14T09:47:56.793+0545] {processor.py:927} WARNING - No viable dags retrieved from /home/ashok/miniconda3/envs/mysecondenvironment/lib/python3.8/site-packages/airflow/example_dags/subdags/subdag.py
[2025-09-14T09:47:56.798+0545] {processor.py:208} INFO - Processing /home/ashok/miniconda3/envs/mysecondenvironment/lib/python3.8/site-packages/airflow/example_dags/subdags/subdag.py took 0.014 seconds
[2025-09-14T09:48:51.888+0545] {processor.py:186} INFO - Started process (PID=36595) to work on /home/ashok/miniconda3/envs/mysecondenvironment/lib/python3.8/site-packages/airflow/example_dags/subdags/subdag.py
[2025-09-14T09:48:51.890+0545] {processor.py:914} INFO - Processing file /home/ashok/miniconda3/envs/mysecondenvironment/lib/python3.8/site-packages/airflow/example_dags/subdags/subdag.py for tasks to queue
[2025-09-14T09:48:51.891+0545] {logging_mixin.py:190} INFO - [2025-09-14T09:48:51.891+0545] {dagbag.py:588} INFO - Filling up the DagBag from /home/ashok/miniconda3/envs/mysecondenvironment/lib/python3.8/site-packages/airflow/example_dags/subdags/subdag.py
[2025-09-14T09:48:51.892+0545] {processor.py:927} WARNING - No viable dags retrieved from /home/ashok/miniconda3/envs/mysecondenvironment/lib/python3.8/site-packages/airflow/example_dags/subdags/subdag.py
[2025-09-14T09:48:51.899+0545] {processor.py:208} INFO - Processing /home/ashok/miniconda3/envs/mysecondenvironment/lib/python3.8/site-packages/airflow/example_dags/subdags/subdag.py took 0.016 seconds
[2025-09-14T09:49:44.545+0545] {processor.py:186} INFO - Started process (PID=36951) to work on /home/ashok/miniconda3/envs/mysecondenvironment/lib/python3.8/site-packages/airflow/example_dags/subdags/subdag.py
[2025-09-14T09:49:44.547+0545] {processor.py:914} INFO - Processing file /home/ashok/miniconda3/envs/mysecondenvironment/lib/python3.8/site-packages/airflow/example_dags/subdags/subdag.py for tasks to queue
[2025-09-14T09:49:44.549+0545] {logging_mixin.py:190} INFO - [2025-09-14T09:49:44.548+0545] {dagbag.py:588} INFO - Filling up the DagBag from /home/ashok/miniconda3/envs/mysecondenvironment/lib/python3.8/site-packages/airflow/example_dags/subdags/subdag.py
[2025-09-14T09:49:44.550+0545] {processor.py:927} WARNING - No viable dags retrieved from /home/ashok/miniconda3/envs/mysecondenvironment/lib/python3.8/site-packages/airflow/example_dags/subdags/subdag.py
[2025-09-14T09:49:44.555+0545] {processor.py:208} INFO - Processing /home/ashok/miniconda3/envs/mysecondenvironment/lib/python3.8/site-packages/airflow/example_dags/subdags/subdag.py took 0.014 seconds
[2025-09-14T09:50:42.867+0545] {processor.py:186} INFO - Started process (PID=37423) to work on /home/ashok/miniconda3/envs/mysecondenvironment/lib/python3.8/site-packages/airflow/example_dags/subdags/subdag.py
[2025-09-14T09:50:42.869+0545] {processor.py:914} INFO - Processing file /home/ashok/miniconda3/envs/mysecondenvironment/lib/python3.8/site-packages/airflow/example_dags/subdags/subdag.py for tasks to queue
[2025-09-14T09:50:42.871+0545] {logging_mixin.py:190} INFO - [2025-09-14T09:50:42.870+0545] {dagbag.py:588} INFO - Filling up the DagBag from /home/ashok/miniconda3/envs/mysecondenvironment/lib/python3.8/site-packages/airflow/example_dags/subdags/subdag.py
[2025-09-14T09:50:42.872+0545] {processor.py:927} WARNING - No viable dags retrieved from /home/ashok/miniconda3/envs/mysecondenvironment/lib/python3.8/site-packages/airflow/example_dags/subdags/subdag.py
[2025-09-14T09:50:42.877+0545] {processor.py:208} INFO - Processing /home/ashok/miniconda3/envs/mysecondenvironment/lib/python3.8/site-packages/airflow/example_dags/subdags/subdag.py took 0.014 seconds
[2025-09-14T09:51:38.193+0545] {processor.py:186} INFO - Started process (PID=37821) to work on /home/ashok/miniconda3/envs/mysecondenvironment/lib/python3.8/site-packages/airflow/example_dags/subdags/subdag.py
[2025-09-14T09:51:38.195+0545] {processor.py:914} INFO - Processing file /home/ashok/miniconda3/envs/mysecondenvironment/lib/python3.8/site-packages/airflow/example_dags/subdags/subdag.py for tasks to queue
[2025-09-14T09:51:38.196+0545] {logging_mixin.py:190} INFO - [2025-09-14T09:51:38.195+0545] {dagbag.py:588} INFO - Filling up the DagBag from /home/ashok/miniconda3/envs/mysecondenvironment/lib/python3.8/site-packages/airflow/example_dags/subdags/subdag.py
[2025-09-14T09:51:38.197+0545] {processor.py:927} WARNING - No viable dags retrieved from /home/ashok/miniconda3/envs/mysecondenvironment/lib/python3.8/site-packages/airflow/example_dags/subdags/subdag.py
[2025-09-14T09:51:38.202+0545] {processor.py:208} INFO - Processing /home/ashok/miniconda3/envs/mysecondenvironment/lib/python3.8/site-packages/airflow/example_dags/subdags/subdag.py took 0.012 seconds
[2025-09-14T09:52:37.288+0545] {processor.py:186} INFO - Started process (PID=38339) to work on /home/ashok/miniconda3/envs/mysecondenvironment/lib/python3.8/site-packages/airflow/example_dags/subdags/subdag.py
[2025-09-14T09:52:37.291+0545] {processor.py:914} INFO - Processing file /home/ashok/miniconda3/envs/mysecondenvironment/lib/python3.8/site-packages/airflow/example_dags/subdags/subdag.py for tasks to queue
[2025-09-14T09:52:37.292+0545] {logging_mixin.py:190} INFO - [2025-09-14T09:52:37.291+0545] {dagbag.py:588} INFO - Filling up the DagBag from /home/ashok/miniconda3/envs/mysecondenvironment/lib/python3.8/site-packages/airflow/example_dags/subdags/subdag.py
[2025-09-14T09:52:37.293+0545] {processor.py:927} WARNING - No viable dags retrieved from /home/ashok/miniconda3/envs/mysecondenvironment/lib/python3.8/site-packages/airflow/example_dags/subdags/subdag.py
[2025-09-14T09:52:37.298+0545] {processor.py:208} INFO - Processing /home/ashok/miniconda3/envs/mysecondenvironment/lib/python3.8/site-packages/airflow/example_dags/subdags/subdag.py took 0.013 seconds
[2025-09-14T09:53:35.023+0545] {processor.py:186} INFO - Started process (PID=39035) to work on /home/ashok/miniconda3/envs/mysecondenvironment/lib/python3.8/site-packages/airflow/example_dags/subdags/subdag.py
[2025-09-14T09:53:35.025+0545] {processor.py:914} INFO - Processing file /home/ashok/miniconda3/envs/mysecondenvironment/lib/python3.8/site-packages/airflow/example_dags/subdags/subdag.py for tasks to queue
[2025-09-14T09:53:35.026+0545] {logging_mixin.py:190} INFO - [2025-09-14T09:53:35.025+0545] {dagbag.py:588} INFO - Filling up the DagBag from /home/ashok/miniconda3/envs/mysecondenvironment/lib/python3.8/site-packages/airflow/example_dags/subdags/subdag.py
[2025-09-14T09:53:35.027+0545] {processor.py:927} WARNING - No viable dags retrieved from /home/ashok/miniconda3/envs/mysecondenvironment/lib/python3.8/site-packages/airflow/example_dags/subdags/subdag.py
[2025-09-14T09:53:35.033+0545] {processor.py:208} INFO - Processing /home/ashok/miniconda3/envs/mysecondenvironment/lib/python3.8/site-packages/airflow/example_dags/subdags/subdag.py took 0.014 seconds
[2025-09-14T09:54:31.418+0545] {processor.py:186} INFO - Started process (PID=39445) to work on /home/ashok/miniconda3/envs/mysecondenvironment/lib/python3.8/site-packages/airflow/example_dags/subdags/subdag.py
[2025-09-14T09:54:31.420+0545] {processor.py:914} INFO - Processing file /home/ashok/miniconda3/envs/mysecondenvironment/lib/python3.8/site-packages/airflow/example_dags/subdags/subdag.py for tasks to queue
[2025-09-14T09:54:31.421+0545] {logging_mixin.py:190} INFO - [2025-09-14T09:54:31.421+0545] {dagbag.py:588} INFO - Filling up the DagBag from /home/ashok/miniconda3/envs/mysecondenvironment/lib/python3.8/site-packages/airflow/example_dags/subdags/subdag.py
[2025-09-14T09:54:31.422+0545] {processor.py:927} WARNING - No viable dags retrieved from /home/ashok/miniconda3/envs/mysecondenvironment/lib/python3.8/site-packages/airflow/example_dags/subdags/subdag.py
[2025-09-14T09:54:31.428+0545] {processor.py:208} INFO - Processing /home/ashok/miniconda3/envs/mysecondenvironment/lib/python3.8/site-packages/airflow/example_dags/subdags/subdag.py took 0.013 seconds
[2025-09-14T09:55:24.165+0545] {processor.py:186} INFO - Started process (PID=39883) to work on /home/ashok/miniconda3/envs/mysecondenvironment/lib/python3.8/site-packages/airflow/example_dags/subdags/subdag.py
[2025-09-14T09:55:24.166+0545] {processor.py:914} INFO - Processing file /home/ashok/miniconda3/envs/mysecondenvironment/lib/python3.8/site-packages/airflow/example_dags/subdags/subdag.py for tasks to queue
[2025-09-14T09:55:24.167+0545] {logging_mixin.py:190} INFO - [2025-09-14T09:55:24.167+0545] {dagbag.py:588} INFO - Filling up the DagBag from /home/ashok/miniconda3/envs/mysecondenvironment/lib/python3.8/site-packages/airflow/example_dags/subdags/subdag.py
[2025-09-14T09:55:24.168+0545] {processor.py:927} WARNING - No viable dags retrieved from /home/ashok/miniconda3/envs/mysecondenvironment/lib/python3.8/site-packages/airflow/example_dags/subdags/subdag.py
[2025-09-14T09:55:24.174+0545] {processor.py:208} INFO - Processing /home/ashok/miniconda3/envs/mysecondenvironment/lib/python3.8/site-packages/airflow/example_dags/subdags/subdag.py took 0.013 seconds
[2025-09-14T09:56:18.092+0545] {processor.py:186} INFO - Started process (PID=40334) to work on /home/ashok/miniconda3/envs/mysecondenvironment/lib/python3.8/site-packages/airflow/example_dags/subdags/subdag.py
[2025-09-14T09:56:18.094+0545] {processor.py:914} INFO - Processing file /home/ashok/miniconda3/envs/mysecondenvironment/lib/python3.8/site-packages/airflow/example_dags/subdags/subdag.py for tasks to queue
[2025-09-14T09:56:18.095+0545] {logging_mixin.py:190} INFO - [2025-09-14T09:56:18.095+0545] {dagbag.py:588} INFO - Filling up the DagBag from /home/ashok/miniconda3/envs/mysecondenvironment/lib/python3.8/site-packages/airflow/example_dags/subdags/subdag.py
[2025-09-14T09:56:18.096+0545] {processor.py:927} WARNING - No viable dags retrieved from /home/ashok/miniconda3/envs/mysecondenvironment/lib/python3.8/site-packages/airflow/example_dags/subdags/subdag.py
[2025-09-14T09:56:18.101+0545] {processor.py:208} INFO - Processing /home/ashok/miniconda3/envs/mysecondenvironment/lib/python3.8/site-packages/airflow/example_dags/subdags/subdag.py took 0.013 seconds
[2025-09-14T09:57:12.928+0545] {processor.py:186} INFO - Started process (PID=40784) to work on /home/ashok/miniconda3/envs/mysecondenvironment/lib/python3.8/site-packages/airflow/example_dags/subdags/subdag.py
[2025-09-14T09:57:12.929+0545] {processor.py:914} INFO - Processing file /home/ashok/miniconda3/envs/mysecondenvironment/lib/python3.8/site-packages/airflow/example_dags/subdags/subdag.py for tasks to queue
[2025-09-14T09:57:12.930+0545] {logging_mixin.py:190} INFO - [2025-09-14T09:57:12.930+0545] {dagbag.py:588} INFO - Filling up the DagBag from /home/ashok/miniconda3/envs/mysecondenvironment/lib/python3.8/site-packages/airflow/example_dags/subdags/subdag.py
[2025-09-14T09:57:12.931+0545] {processor.py:927} WARNING - No viable dags retrieved from /home/ashok/miniconda3/envs/mysecondenvironment/lib/python3.8/site-packages/airflow/example_dags/subdags/subdag.py
[2025-09-14T09:57:12.936+0545] {processor.py:208} INFO - Processing /home/ashok/miniconda3/envs/mysecondenvironment/lib/python3.8/site-packages/airflow/example_dags/subdags/subdag.py took 0.013 seconds
[2025-09-14T09:58:05.888+0545] {processor.py:186} INFO - Started process (PID=41392) to work on /home/ashok/miniconda3/envs/mysecondenvironment/lib/python3.8/site-packages/airflow/example_dags/subdags/subdag.py
[2025-09-14T09:58:05.889+0545] {processor.py:914} INFO - Processing file /home/ashok/miniconda3/envs/mysecondenvironment/lib/python3.8/site-packages/airflow/example_dags/subdags/subdag.py for tasks to queue
[2025-09-14T09:58:05.890+0545] {logging_mixin.py:190} INFO - [2025-09-14T09:58:05.890+0545] {dagbag.py:588} INFO - Filling up the DagBag from /home/ashok/miniconda3/envs/mysecondenvironment/lib/python3.8/site-packages/airflow/example_dags/subdags/subdag.py
[2025-09-14T09:58:05.891+0545] {processor.py:927} WARNING - No viable dags retrieved from /home/ashok/miniconda3/envs/mysecondenvironment/lib/python3.8/site-packages/airflow/example_dags/subdags/subdag.py
[2025-09-14T09:58:05.897+0545] {processor.py:208} INFO - Processing /home/ashok/miniconda3/envs/mysecondenvironment/lib/python3.8/site-packages/airflow/example_dags/subdags/subdag.py took 0.013 seconds
[2025-09-14T09:59:01.079+0545] {processor.py:186} INFO - Started process (PID=41817) to work on /home/ashok/miniconda3/envs/mysecondenvironment/lib/python3.8/site-packages/airflow/example_dags/subdags/subdag.py
[2025-09-14T09:59:01.081+0545] {processor.py:914} INFO - Processing file /home/ashok/miniconda3/envs/mysecondenvironment/lib/python3.8/site-packages/airflow/example_dags/subdags/subdag.py for tasks to queue
[2025-09-14T09:59:01.082+0545] {logging_mixin.py:190} INFO - [2025-09-14T09:59:01.082+0545] {dagbag.py:588} INFO - Filling up the DagBag from /home/ashok/miniconda3/envs/mysecondenvironment/lib/python3.8/site-packages/airflow/example_dags/subdags/subdag.py
[2025-09-14T09:59:01.083+0545] {processor.py:927} WARNING - No viable dags retrieved from /home/ashok/miniconda3/envs/mysecondenvironment/lib/python3.8/site-packages/airflow/example_dags/subdags/subdag.py
[2025-09-14T09:59:01.088+0545] {processor.py:208} INFO - Processing /home/ashok/miniconda3/envs/mysecondenvironment/lib/python3.8/site-packages/airflow/example_dags/subdags/subdag.py took 0.013 seconds
[2025-09-14T09:59:55.993+0545] {processor.py:186} INFO - Started process (PID=42296) to work on /home/ashok/miniconda3/envs/mysecondenvironment/lib/python3.8/site-packages/airflow/example_dags/subdags/subdag.py
[2025-09-14T09:59:55.995+0545] {processor.py:914} INFO - Processing file /home/ashok/miniconda3/envs/mysecondenvironment/lib/python3.8/site-packages/airflow/example_dags/subdags/subdag.py for tasks to queue
[2025-09-14T09:59:55.996+0545] {logging_mixin.py:190} INFO - [2025-09-14T09:59:55.996+0545] {dagbag.py:588} INFO - Filling up the DagBag from /home/ashok/miniconda3/envs/mysecondenvironment/lib/python3.8/site-packages/airflow/example_dags/subdags/subdag.py
[2025-09-14T09:59:55.997+0545] {processor.py:927} WARNING - No viable dags retrieved from /home/ashok/miniconda3/envs/mysecondenvironment/lib/python3.8/site-packages/airflow/example_dags/subdags/subdag.py
[2025-09-14T09:59:56.002+0545] {processor.py:208} INFO - Processing /home/ashok/miniconda3/envs/mysecondenvironment/lib/python3.8/site-packages/airflow/example_dags/subdags/subdag.py took 0.012 seconds
[2025-09-14T10:00:49.488+0545] {processor.py:186} INFO - Started process (PID=42901) to work on /home/ashok/miniconda3/envs/mysecondenvironment/lib/python3.8/site-packages/airflow/example_dags/subdags/subdag.py
[2025-09-14T10:00:49.491+0545] {processor.py:914} INFO - Processing file /home/ashok/miniconda3/envs/mysecondenvironment/lib/python3.8/site-packages/airflow/example_dags/subdags/subdag.py for tasks to queue
[2025-09-14T10:00:49.492+0545] {logging_mixin.py:190} INFO - [2025-09-14T10:00:49.492+0545] {dagbag.py:588} INFO - Filling up the DagBag from /home/ashok/miniconda3/envs/mysecondenvironment/lib/python3.8/site-packages/airflow/example_dags/subdags/subdag.py
[2025-09-14T10:00:49.495+0545] {processor.py:927} WARNING - No viable dags retrieved from /home/ashok/miniconda3/envs/mysecondenvironment/lib/python3.8/site-packages/airflow/example_dags/subdags/subdag.py
[2025-09-14T10:00:49.501+0545] {processor.py:208} INFO - Processing /home/ashok/miniconda3/envs/mysecondenvironment/lib/python3.8/site-packages/airflow/example_dags/subdags/subdag.py took 0.017 seconds
[2025-09-14T10:01:44.462+0545] {processor.py:186} INFO - Started process (PID=43363) to work on /home/ashok/miniconda3/envs/mysecondenvironment/lib/python3.8/site-packages/airflow/example_dags/subdags/subdag.py
[2025-09-14T10:01:44.464+0545] {processor.py:914} INFO - Processing file /home/ashok/miniconda3/envs/mysecondenvironment/lib/python3.8/site-packages/airflow/example_dags/subdags/subdag.py for tasks to queue
[2025-09-14T10:01:44.465+0545] {logging_mixin.py:190} INFO - [2025-09-14T10:01:44.465+0545] {dagbag.py:588} INFO - Filling up the DagBag from /home/ashok/miniconda3/envs/mysecondenvironment/lib/python3.8/site-packages/airflow/example_dags/subdags/subdag.py
[2025-09-14T10:01:44.466+0545] {processor.py:927} WARNING - No viable dags retrieved from /home/ashok/miniconda3/envs/mysecondenvironment/lib/python3.8/site-packages/airflow/example_dags/subdags/subdag.py
[2025-09-14T10:01:44.471+0545] {processor.py:208} INFO - Processing /home/ashok/miniconda3/envs/mysecondenvironment/lib/python3.8/site-packages/airflow/example_dags/subdags/subdag.py took 0.012 seconds
[2025-09-14T10:02:39.848+0545] {processor.py:186} INFO - Started process (PID=43715) to work on /home/ashok/miniconda3/envs/mysecondenvironment/lib/python3.8/site-packages/airflow/example_dags/subdags/subdag.py
[2025-09-14T10:02:39.850+0545] {processor.py:914} INFO - Processing file /home/ashok/miniconda3/envs/mysecondenvironment/lib/python3.8/site-packages/airflow/example_dags/subdags/subdag.py for tasks to queue
[2025-09-14T10:02:39.851+0545] {logging_mixin.py:190} INFO - [2025-09-14T10:02:39.851+0545] {dagbag.py:588} INFO - Filling up the DagBag from /home/ashok/miniconda3/envs/mysecondenvironment/lib/python3.8/site-packages/airflow/example_dags/subdags/subdag.py
[2025-09-14T10:02:39.852+0545] {processor.py:927} WARNING - No viable dags retrieved from /home/ashok/miniconda3/envs/mysecondenvironment/lib/python3.8/site-packages/airflow/example_dags/subdags/subdag.py
[2025-09-14T10:02:39.857+0545] {processor.py:208} INFO - Processing /home/ashok/miniconda3/envs/mysecondenvironment/lib/python3.8/site-packages/airflow/example_dags/subdags/subdag.py took 0.013 seconds
[2025-09-14T10:03:36.573+0545] {processor.py:186} INFO - Started process (PID=44090) to work on /home/ashok/miniconda3/envs/mysecondenvironment/lib/python3.8/site-packages/airflow/example_dags/subdags/subdag.py
[2025-09-14T10:03:36.575+0545] {processor.py:914} INFO - Processing file /home/ashok/miniconda3/envs/mysecondenvironment/lib/python3.8/site-packages/airflow/example_dags/subdags/subdag.py for tasks to queue
[2025-09-14T10:03:36.576+0545] {logging_mixin.py:190} INFO - [2025-09-14T10:03:36.575+0545] {dagbag.py:588} INFO - Filling up the DagBag from /home/ashok/miniconda3/envs/mysecondenvironment/lib/python3.8/site-packages/airflow/example_dags/subdags/subdag.py
[2025-09-14T10:03:36.577+0545] {processor.py:927} WARNING - No viable dags retrieved from /home/ashok/miniconda3/envs/mysecondenvironment/lib/python3.8/site-packages/airflow/example_dags/subdags/subdag.py
[2025-09-14T10:03:36.583+0545] {processor.py:208} INFO - Processing /home/ashok/miniconda3/envs/mysecondenvironment/lib/python3.8/site-packages/airflow/example_dags/subdags/subdag.py took 0.014 seconds
[2025-09-14T16:50:01.778+0545] {processor.py:186} INFO - Started process (PID=7686) to work on /home/ashok/miniconda3/envs/mysecondenvironment/lib/python3.8/site-packages/airflow/example_dags/subdags/subdag.py
[2025-09-14T16:50:01.780+0545] {processor.py:914} INFO - Processing file /home/ashok/miniconda3/envs/mysecondenvironment/lib/python3.8/site-packages/airflow/example_dags/subdags/subdag.py for tasks to queue
[2025-09-14T16:50:01.782+0545] {logging_mixin.py:190} INFO - [2025-09-14T16:50:01.781+0545] {dagbag.py:588} INFO - Filling up the DagBag from /home/ashok/miniconda3/envs/mysecondenvironment/lib/python3.8/site-packages/airflow/example_dags/subdags/subdag.py
[2025-09-14T16:50:01.783+0545] {processor.py:927} WARNING - No viable dags retrieved from /home/ashok/miniconda3/envs/mysecondenvironment/lib/python3.8/site-packages/airflow/example_dags/subdags/subdag.py
[2025-09-14T16:50:01.787+0545] {processor.py:208} INFO - Processing /home/ashok/miniconda3/envs/mysecondenvironment/lib/python3.8/site-packages/airflow/example_dags/subdags/subdag.py took 0.014 seconds
[2025-09-14T16:52:11.546+0545] {processor.py:186} INFO - Started process (PID=10438) to work on /home/ashok/miniconda3/envs/mysecondenvironment/lib/python3.8/site-packages/airflow/example_dags/subdags/subdag.py
[2025-09-14T16:52:11.548+0545] {processor.py:914} INFO - Processing file /home/ashok/miniconda3/envs/mysecondenvironment/lib/python3.8/site-packages/airflow/example_dags/subdags/subdag.py for tasks to queue
[2025-09-14T16:52:11.549+0545] {logging_mixin.py:190} INFO - [2025-09-14T16:52:11.549+0545] {dagbag.py:588} INFO - Filling up the DagBag from /home/ashok/miniconda3/envs/mysecondenvironment/lib/python3.8/site-packages/airflow/example_dags/subdags/subdag.py
[2025-09-14T16:52:11.551+0545] {processor.py:927} WARNING - No viable dags retrieved from /home/ashok/miniconda3/envs/mysecondenvironment/lib/python3.8/site-packages/airflow/example_dags/subdags/subdag.py
[2025-09-14T16:52:11.555+0545] {processor.py:208} INFO - Processing /home/ashok/miniconda3/envs/mysecondenvironment/lib/python3.8/site-packages/airflow/example_dags/subdags/subdag.py took 0.013 seconds
[2025-09-14T16:52:46.150+0545] {processor.py:186} INFO - Started process (PID=10662) to work on /home/ashok/miniconda3/envs/mysecondenvironment/lib/python3.8/site-packages/airflow/example_dags/subdags/subdag.py
[2025-09-14T16:52:46.153+0545] {processor.py:914} INFO - Processing file /home/ashok/miniconda3/envs/mysecondenvironment/lib/python3.8/site-packages/airflow/example_dags/subdags/subdag.py for tasks to queue
[2025-09-14T16:52:46.154+0545] {logging_mixin.py:190} INFO - [2025-09-14T16:52:46.154+0545] {dagbag.py:588} INFO - Filling up the DagBag from /home/ashok/miniconda3/envs/mysecondenvironment/lib/python3.8/site-packages/airflow/example_dags/subdags/subdag.py
[2025-09-14T16:52:46.155+0545] {processor.py:927} WARNING - No viable dags retrieved from /home/ashok/miniconda3/envs/mysecondenvironment/lib/python3.8/site-packages/airflow/example_dags/subdags/subdag.py
[2025-09-14T16:52:46.161+0545] {processor.py:208} INFO - Processing /home/ashok/miniconda3/envs/mysecondenvironment/lib/python3.8/site-packages/airflow/example_dags/subdags/subdag.py took 0.014 seconds
