[2025-09-10T10:59:50.685+0545] {local_task_job_runner.py:123} INFO - ::group::Pre task execution logs
[2025-09-10T10:59:50.689+0545] {taskinstance.py:2614} INFO - Dependencies all met for dep_context=non-requeueable deps ti=<TaskInstance: mlops_diabetes_pipeline.activate_env manual__2025-09-10T05:14:46.117801+00:00 [queued]>
[2025-09-10T10:59:50.692+0545] {taskinstance.py:2614} INFO - Dependencies all met for dep_context=requeueable deps ti=<TaskInstance: mlops_diabetes_pipeline.activate_env manual__2025-09-10T05:14:46.117801+00:00 [queued]>
[2025-09-10T10:59:50.692+0545] {taskinstance.py:2867} INFO - Starting attempt 1 of 2
[2025-09-10T10:59:50.704+0545] {taskinstance.py:2890} INFO - Executing <Task(BashOperator): activate_env> on 2025-09-10 05:14:46.117801+00:00
[2025-09-10T10:59:50.714+0545] {standard_task_runner.py:72} INFO - Started process 51471 to run task
[2025-09-10T10:59:50.716+0545] {standard_task_runner.py:104} INFO - Running: ['airflow', 'tasks', 'run', 'mlops_diabetes_pipeline', 'activate_env', 'manual__2025-09-10T05:14:46.117801+00:00', '--job-id', '473', '--raw', '--subdir', 'DAGS_FOLDER/mlops_diabetes_pipeline.py', '--cfg-path', '/tmp/tmpcrfogzqo']
[2025-09-10T10:59:50.717+0545] {standard_task_runner.py:105} INFO - Job 473: Subtask activate_env
[2025-09-10T10:59:50.742+0545] {task_command.py:467} INFO - Running <TaskInstance: mlops_diabetes_pipeline.activate_env manual__2025-09-10T05:14:46.117801+00:00 [running]> on host ashok-Nitro-ANV16-41
[2025-09-10T10:59:50.783+0545] {taskinstance.py:3134} INFO - Exporting env vars: AIRFLOW_CTX_DAG_EMAIL='koiralaashok02@gmail.com' AIRFLOW_CTX_DAG_OWNER='airflow' AIRFLOW_CTX_DAG_ID='mlops_diabetes_pipeline' AIRFLOW_CTX_TASK_ID='activate_env' AIRFLOW_CTX_EXECUTION_DATE='2025-09-10T05:14:46.117801+00:00' AIRFLOW_CTX_TRY_NUMBER='1' AIRFLOW_CTX_DAG_RUN_ID='manual__2025-09-10T05:14:46.117801+00:00'
[2025-09-10T10:59:50.784+0545] {logging_mixin.py:190} INFO - Task instance is in running state
[2025-09-10T10:59:50.784+0545] {logging_mixin.py:190} INFO -  Previous state of the Task instance: queued
[2025-09-10T10:59:50.784+0545] {logging_mixin.py:190} INFO - Current task name:activate_env state:running start_date:2025-09-10 05:14:50.690123+00:00
[2025-09-10T10:59:50.784+0545] {logging_mixin.py:190} INFO - Dag name:mlops_diabetes_pipeline and current dag run status:running
[2025-09-10T10:59:50.784+0545] {taskinstance.py:732} INFO - ::endgroup::
[2025-09-10T10:59:50.785+0545] {subprocess.py:78} INFO - Tmp dir root location: /tmp
[2025-09-10T10:59:50.785+0545] {subprocess.py:88} INFO - Running command: ['/usr/bin/bash', '-c', 'conda run -n mysecondenvironment /bin/bash -c "echo Environment activated"']
[2025-09-10T10:59:50.803+0545] {subprocess.py:99} INFO - Output:
[2025-09-10T10:59:51.199+0545] {subprocess.py:106} INFO - Environment activated
[2025-09-10T10:59:51.199+0545] {subprocess.py:106} INFO - 
[2025-09-10T10:59:51.219+0545] {subprocess.py:110} INFO - Command exited with return code 0
[2025-09-10T10:59:51.236+0545] {taskinstance.py:341} INFO - ::group::Post task execution logs
[2025-09-10T10:59:51.236+0545] {taskinstance.py:353} INFO - Marking task as SUCCESS. dag_id=mlops_diabetes_pipeline, task_id=activate_env, run_id=manual__2025-09-10T05:14:46.117801+00:00, execution_date=20250910T051446, start_date=20250910T051450, end_date=20250910T051451
[2025-09-10T10:59:51.255+0545] {logging_mixin.py:190} INFO - Task instance in success state
[2025-09-10T10:59:51.255+0545] {logging_mixin.py:190} INFO -  Previous state of the Task instance: running
[2025-09-10T10:59:51.256+0545] {logging_mixin.py:190} INFO - Dag name:mlops_diabetes_pipeline queued_at:2025-09-10 05:14:46.126539+00:00
[2025-09-10T10:59:51.256+0545] {logging_mixin.py:190} INFO - Task hostname:ashok-Nitro-ANV16-41 operator:BashOperator
[2025-09-10T10:59:51.289+0545] {local_task_job_runner.py:266} INFO - Task exited with return code 0
[2025-09-10T10:59:51.307+0545] {taskinstance.py:3901} INFO - 1 downstream tasks scheduled from follow-on schedule check
[2025-09-10T10:59:51.314+0545] {local_task_job_runner.py:245} INFO - ::endgroup::
