[2025-09-21T08:39:33.789+0545] {local_task_job_runner.py:123} INFO - ::group::Pre task execution logs
[2025-09-21T08:39:33.796+0545] {taskinstance.py:2614} INFO - Dependencies all met for dep_context=non-requeueable deps ti=<TaskInstance: mlops_diabetes_pipeline.log_model_mlflow manual__2025-09-21T02:53:33.924177+00:00 [queued]>
[2025-09-21T08:39:33.800+0545] {taskinstance.py:2614} INFO - Dependencies all met for dep_context=requeueable deps ti=<TaskInstance: mlops_diabetes_pipeline.log_model_mlflow manual__2025-09-21T02:53:33.924177+00:00 [queued]>
[2025-09-21T08:39:33.800+0545] {taskinstance.py:2867} INFO - Starting attempt 1 of 2
[2025-09-21T08:39:33.812+0545] {taskinstance.py:2890} INFO - Executing <Task(PythonOperator): log_model_mlflow> on 2025-09-21 02:53:33.924177+00:00
[2025-09-21T08:39:33.822+0545] {standard_task_runner.py:72} INFO - Started process 25848 to run task
[2025-09-21T08:39:33.824+0545] {standard_task_runner.py:104} INFO - Running: ['airflow', 'tasks', 'run', 'mlops_diabetes_pipeline', 'log_model_mlflow', 'manual__2025-09-21T02:53:33.924177+00:00', '--job-id', '707', '--raw', '--subdir', 'DAGS_FOLDER/mlops_diabetes_pipeline.py', '--cfg-path', '/tmp/tmpsjpkt7az']
[2025-09-21T08:39:33.825+0545] {standard_task_runner.py:105} INFO - Job 707: Subtask log_model_mlflow
[2025-09-21T08:39:33.849+0545] {task_command.py:467} INFO - Running <TaskInstance: mlops_diabetes_pipeline.log_model_mlflow manual__2025-09-21T02:53:33.924177+00:00 [running]> on host ashok-Nitro-ANV16-41
[2025-09-21T08:39:33.892+0545] {taskinstance.py:3134} INFO - Exporting env vars: AIRFLOW_CTX_DAG_EMAIL='koiralaashok02@gmail.com' AIRFLOW_CTX_DAG_OWNER='airflow' AIRFLOW_CTX_DAG_ID='mlops_diabetes_pipeline' AIRFLOW_CTX_TASK_ID='log_model_mlflow' AIRFLOW_CTX_EXECUTION_DATE='2025-09-21T02:53:33.924177+00:00' AIRFLOW_CTX_TRY_NUMBER='1' AIRFLOW_CTX_DAG_RUN_ID='manual__2025-09-21T02:53:33.924177+00:00'
[2025-09-21T08:39:33.894+0545] {logging_mixin.py:190} INFO - Task instance is in running state
[2025-09-21T08:39:33.894+0545] {logging_mixin.py:190} INFO -  Previous state of the Task instance: queued
[2025-09-21T08:39:33.894+0545] {logging_mixin.py:190} INFO - Current task name:log_model_mlflow state:running start_date:2025-09-21 02:54:33.797145+00:00
[2025-09-21T08:39:33.894+0545] {logging_mixin.py:190} INFO - Dag name:mlops_diabetes_pipeline and current dag run status:running
[2025-09-21T08:39:33.894+0545] {taskinstance.py:732} INFO - ::endgroup::
[2025-09-21T08:39:34.512+0545] {logging_mixin.py:190} WARNING - /home/ashok/miniconda3/envs/mysecondenvironment/lib/python3.8/site-packages/sklearn/metrics/_plot/confusion_matrix.py:136 UserWarning: Starting a Matplotlib GUI outside of the main thread will likely fail.
[2025-09-21T08:39:36.738+0545] {logging_mixin.py:190} WARNING - 2025/09/21 08:39:36 WARNING mlflow.models.model: Model logged without a signature and input example. Please set `input_example` parameter when logging the model to auto infer the model signature.
[2025-09-21T08:39:36.765+0545] {logging_mixin.py:190} WARNING - Registered model 'Diabetes_XGB_Model' already exists. Creating a new version of this model...
[2025-09-21T08:39:36.787+0545] {logging_mixin.py:190} WARNING - 2025/09/21 08:39:36 INFO mlflow.store.model_registry.abstract_store: Waiting up to 300 seconds for model version to finish creation. Model name: Diabetes_XGB_Model, version 23
[2025-09-21T08:39:36.787+0545] {logging_mixin.py:190} WARNING - Created version '23' of model 'Diabetes_XGB_Model'.
[2025-09-21T08:39:36.788+0545] {logging_mixin.py:190} WARNING - /home/ashok/mlops_project/airflow/dags/mlops_diabetes_pipeline.py:507 FutureWarning: ``mlflow.tracking.client.MlflowClient.get_latest_versions`` is deprecated since 2.9.0. Model registry stages will be removed in a future major release. To learn more about the deprecation of model registry stages, see our migration guide here: https://mlflow.org/docs/latest/model-registry.html#migrating-from-stages
[2025-09-21T08:39:36.797+0545] {logging_mixin.py:190} WARNING - /home/ashok/mlops_project/airflow/dags/mlops_diabetes_pipeline.py:508 FutureWarning: ``mlflow.tracking.client.MlflowClient.transition_model_version_stage`` is deprecated since 2.9.0. Model registry stages will be removed in a future major release. To learn more about the deprecation of model registry stages, see our migration guide here: https://mlflow.org/docs/latest/model-registry.html#migrating-from-stages
[2025-09-21T08:39:36.819+0545] {logging_mixin.py:190} WARNING - 2025/09/21 08:39:36 INFO mlflow.tracking._tracking_service.client: 🏃 View run xgb_20250921_083934 at: http://localhost:5000/#/experiments/316788938642533833/runs/daaf520037ff47378abb52df73d463ba.
[2025-09-21T08:39:36.819+0545] {logging_mixin.py:190} WARNING - 2025/09/21 08:39:36 INFO mlflow.tracking._tracking_service.client: 🧪 View experiment at: http://localhost:5000/#/experiments/316788938642533833.
[2025-09-21T08:39:36.822+0545] {logging_mixin.py:190} INFO - Logged tuned model, classification reports, selected features, and promoted version 23 to Production
[2025-09-21T08:39:36.824+0545] {python.py:240} INFO - Done. Returned value was: None
[2025-09-21T08:39:36.828+0545] {taskinstance.py:341} INFO - ::group::Post task execution logs
[2025-09-21T08:39:36.828+0545] {taskinstance.py:353} INFO - Marking task as SUCCESS. dag_id=mlops_diabetes_pipeline, task_id=log_model_mlflow, run_id=manual__2025-09-21T02:53:33.924177+00:00, execution_date=20250921T025333, start_date=20250921T025433, end_date=20250921T025436
[2025-09-21T08:39:36.849+0545] {logging_mixin.py:190} INFO - Task instance in success state
[2025-09-21T08:39:36.850+0545] {logging_mixin.py:190} INFO -  Previous state of the Task instance: running
[2025-09-21T08:39:36.850+0545] {logging_mixin.py:190} INFO - Dag name:mlops_diabetes_pipeline queued_at:2025-09-21 02:53:33.931041+00:00
[2025-09-21T08:39:36.850+0545] {logging_mixin.py:190} INFO - Task hostname:ashok-Nitro-ANV16-41 operator:PythonOperator
[2025-09-21T08:39:36.886+0545] {local_task_job_runner.py:266} INFO - Task exited with return code 0
[2025-09-21T08:39:36.903+0545] {taskinstance.py:3901} INFO - 1 downstream tasks scheduled from follow-on schedule check
[2025-09-21T08:39:36.910+0545] {local_task_job_runner.py:245} INFO - ::endgroup::
