[2025-09-10T12:45:54.566+0545] {local_task_job_runner.py:123} INFO - ::group::Pre task execution logs
[2025-09-10T12:45:54.572+0545] {taskinstance.py:2614} INFO - Dependencies all met for dep_context=non-requeueable deps ti=<TaskInstance: mlops_diabetes_pipeline.concept_drift manual__2025-09-10T06:59:32.726147+00:00 [queued]>
[2025-09-10T12:45:54.577+0545] {taskinstance.py:2614} INFO - Dependencies all met for dep_context=requeueable deps ti=<TaskInstance: mlops_diabetes_pipeline.concept_drift manual__2025-09-10T06:59:32.726147+00:00 [queued]>
[2025-09-10T12:45:54.577+0545] {taskinstance.py:2867} INFO - Starting attempt 1 of 1
[2025-09-10T12:45:54.592+0545] {taskinstance.py:2890} INFO - Executing <Task(PythonOperator): concept_drift> on 2025-09-10 06:59:32.726147+00:00
[2025-09-10T12:45:54.601+0545] {standard_task_runner.py:72} INFO - Started process 103796 to run task
[2025-09-10T12:45:54.604+0545] {standard_task_runner.py:104} INFO - Running: ['airflow', 'tasks', 'run', 'mlops_diabetes_pipeline', 'concept_drift', 'manual__2025-09-10T06:59:32.726147+00:00', '--job-id', '610', '--raw', '--subdir', 'DAGS_FOLDER/mlops_diabetes_pipeline.py', '--cfg-path', '/tmp/tmpoyevz_ku']
[2025-09-10T12:45:54.604+0545] {standard_task_runner.py:105} INFO - Job 610: Subtask concept_drift
[2025-09-10T12:45:54.632+0545] {task_command.py:467} INFO - Running <TaskInstance: mlops_diabetes_pipeline.concept_drift manual__2025-09-10T06:59:32.726147+00:00 [running]> on host ashok-Nitro-ANV16-41
[2025-09-10T12:45:54.671+0545] {taskinstance.py:3134} INFO - Exporting env vars: AIRFLOW_CTX_DAG_OWNER='airflow' AIRFLOW_CTX_DAG_ID='mlops_diabetes_pipeline' AIRFLOW_CTX_TASK_ID='concept_drift' AIRFLOW_CTX_EXECUTION_DATE='2025-09-10T06:59:32.726147+00:00' AIRFLOW_CTX_TRY_NUMBER='1' AIRFLOW_CTX_DAG_RUN_ID='manual__2025-09-10T06:59:32.726147+00:00'
[2025-09-10T12:45:54.672+0545] {logging_mixin.py:190} INFO - Task instance is in running state
[2025-09-10T12:45:54.672+0545] {logging_mixin.py:190} INFO -  Previous state of the Task instance: queued
[2025-09-10T12:45:54.672+0545] {logging_mixin.py:190} INFO - Current task name:concept_drift state:running start_date:2025-09-10 07:00:54.573108+00:00
[2025-09-10T12:45:54.672+0545] {logging_mixin.py:190} INFO - Dag name:mlops_diabetes_pipeline and current dag run status:running
[2025-09-10T12:45:54.672+0545] {taskinstance.py:732} INFO - ::endgroup::
[2025-09-10T12:45:56.222+0545] {logging_mixin.py:190} INFO - Concept drift report saved at /home/ashok/mlops_project/reports/evidently/concept_drift/concept_drift_report_20250910_124556.html
[2025-09-10T12:45:56.223+0545] {python.py:240} INFO - Done. Returned value was: /home/ashok/mlops_project/reports/evidently/concept_drift/concept_drift_report_20250910_124556.html
[2025-09-10T12:45:56.237+0545] {taskinstance.py:341} INFO - ::group::Post task execution logs
[2025-09-10T12:45:56.237+0545] {taskinstance.py:353} INFO - Marking task as SUCCESS. dag_id=mlops_diabetes_pipeline, task_id=concept_drift, run_id=manual__2025-09-10T06:59:32.726147+00:00, execution_date=20250910T065932, start_date=20250910T070054, end_date=20250910T070056
[2025-09-10T12:45:56.256+0545] {logging_mixin.py:190} INFO - Task instance in success state
[2025-09-10T12:45:56.256+0545] {logging_mixin.py:190} INFO -  Previous state of the Task instance: running
[2025-09-10T12:45:56.256+0545] {logging_mixin.py:190} INFO - Dag name:mlops_diabetes_pipeline queued_at:2025-09-10 06:59:32.733609+00:00
[2025-09-10T12:45:56.256+0545] {logging_mixin.py:190} INFO - Task hostname:ashok-Nitro-ANV16-41 operator:PythonOperator
[2025-09-10T12:45:56.299+0545] {local_task_job_runner.py:266} INFO - Task exited with return code 0
[2025-09-10T12:45:56.309+0545] {taskinstance.py:3901} INFO - 0 downstream tasks scheduled from follow-on schedule check
[2025-09-10T12:45:56.309+0545] {local_task_job_runner.py:245} INFO - ::endgroup::
