[2025-09-04T13:13:56.515+0545] {local_task_job_runner.py:123} INFO - ::group::Pre task execution logs
[2025-09-04T13:13:56.521+0545] {taskinstance.py:2614} INFO - Dependencies all met for dep_context=non-requeueable deps ti=<TaskInstance: mlops_diabetes_pipeline.transform_data manual__2025-09-04T07:25:00.973457+00:00 [queued]>
[2025-09-04T13:13:56.524+0545] {taskinstance.py:2614} INFO - Dependencies all met for dep_context=requeueable deps ti=<TaskInstance: mlops_diabetes_pipeline.transform_data manual__2025-09-04T07:25:00.973457+00:00 [queued]>
[2025-09-04T13:13:56.525+0545] {taskinstance.py:2867} INFO - Starting attempt 1 of 2
[2025-09-04T13:13:56.537+0545] {taskinstance.py:2890} INFO - Executing <Task(PythonOperator): transform_data> on 2025-09-04 07:25:00.973457+00:00
[2025-09-04T13:13:56.547+0545] {standard_task_runner.py:72} INFO - Started process 96718 to run task
[2025-09-04T13:13:56.550+0545] {standard_task_runner.py:104} INFO - Running: ['airflow', 'tasks', 'run', 'mlops_diabetes_pipeline', 'transform_data', 'manual__2025-09-04T07:25:00.973457+00:00', '--job-id', '103', '--raw', '--subdir', 'DAGS_FOLDER/mlops_diabetes_pipeline.py', '--cfg-path', '/tmp/tmpi5q16n0z']
[2025-09-04T13:13:56.550+0545] {standard_task_runner.py:105} INFO - Job 103: Subtask transform_data
[2025-09-04T13:13:56.578+0545] {task_command.py:467} INFO - Running <TaskInstance: mlops_diabetes_pipeline.transform_data manual__2025-09-04T07:25:00.973457+00:00 [running]> on host ashok-Nitro-ANV16-41
[2025-09-04T13:13:56.620+0545] {taskinstance.py:3134} INFO - Exporting env vars: AIRFLOW_CTX_DAG_EMAIL='koiralaashok02@gmail.com' AIRFLOW_CTX_DAG_OWNER='airflow' AIRFLOW_CTX_DAG_ID='mlops_diabetes_pipeline' AIRFLOW_CTX_TASK_ID='transform_data' AIRFLOW_CTX_EXECUTION_DATE='2025-09-04T07:25:00.973457+00:00' AIRFLOW_CTX_TRY_NUMBER='1' AIRFLOW_CTX_DAG_RUN_ID='manual__2025-09-04T07:25:00.973457+00:00'
[2025-09-04T13:13:56.621+0545] {logging_mixin.py:190} INFO - Task instance is in running state
[2025-09-04T13:13:56.621+0545] {logging_mixin.py:190} INFO -  Previous state of the Task instance: queued
[2025-09-04T13:13:56.621+0545] {logging_mixin.py:190} INFO - Current task name:transform_data state:running start_date:2025-09-04 07:28:56.521665+00:00
[2025-09-04T13:13:56.621+0545] {logging_mixin.py:190} INFO - Dag name:mlops_diabetes_pipeline and current dag run status:running
[2025-09-04T13:13:56.621+0545] {taskinstance.py:732} INFO - ::endgroup::
[2025-09-04T13:13:56.662+0545] {logging_mixin.py:190} INFO - Removed 1635 duplicate rows.
[2025-09-04T13:13:58.716+0545] {logging_mixin.py:190} INFO -  Transform complete: (69057, 17) → SQL(diabetes_features_16), Redis(diabetes:transformed_df), Arrow(/home/ashok/mlops_project/data/transformed_data.arrow)
[2025-09-04T13:13:58.717+0545] {logging_mixin.py:190} INFO -  Selected features (16): ['HighBP', 'HighChol', 'CholCheck', 'BMI', 'Smoker', 'Stroke', 'HeartDiseaseorAttack', 'PhysActivity', 'HvyAlcoholConsump', 'GenHlth', 'MentHlth', 'PhysHlth', 'DiffWalk', 'Age', 'Education', 'Income']
[2025-09-04T13:13:58.717+0545] {logging_mixin.py:190} INFO -  Feature types: {'HighBP': 'int', 'HighChol': 'int', 'CholCheck': 'int', 'BMI': 'float', 'Smoker': 'int', 'Stroke': 'int', 'HeartDiseaseorAttack': 'int', 'PhysActivity': 'int', 'HvyAlcoholConsump': 'int', 'GenHlth': 'float', 'MentHlth': 'float', 'PhysHlth': 'float', 'DiffWalk': 'int', 'Age': 'float', 'Education': 'float', 'Income': 'float'}
[2025-09-04T13:13:58.718+0545] {python.py:240} INFO - Done. Returned value was: None
[2025-09-04T13:13:58.720+0545] {taskinstance.py:341} INFO - ::group::Post task execution logs
[2025-09-04T13:13:58.721+0545] {taskinstance.py:353} INFO - Marking task as SUCCESS. dag_id=mlops_diabetes_pipeline, task_id=transform_data, run_id=manual__2025-09-04T07:25:00.973457+00:00, execution_date=20250904T072500, start_date=20250904T072856, end_date=20250904T072858
[2025-09-04T13:13:58.737+0545] {logging_mixin.py:190} INFO - Task instance in success state
[2025-09-04T13:13:58.737+0545] {logging_mixin.py:190} INFO -  Previous state of the Task instance: running
[2025-09-04T13:13:58.738+0545] {logging_mixin.py:190} INFO - Dag name:mlops_diabetes_pipeline queued_at:2025-09-04 07:25:00.981655+00:00
[2025-09-04T13:13:58.738+0545] {logging_mixin.py:190} INFO - Task hostname:ashok-Nitro-ANV16-41 operator:PythonOperator
[2025-09-04T13:13:58.806+0545] {local_task_job_runner.py:266} INFO - Task exited with return code 0
[2025-09-04T13:13:58.821+0545] {taskinstance.py:3901} INFO - 1 downstream tasks scheduled from follow-on schedule check
[2025-09-04T13:13:58.830+0545] {local_task_job_runner.py:245} INFO - ::endgroup::
