[2025-09-05T11:36:42.074+0545] {local_task_job_runner.py:123} INFO - ::group::Pre task execution logs
[2025-09-05T11:36:42.087+0545] {taskinstance.py:2614} INFO - Dependencies all met for dep_context=non-requeueable deps ti=<TaskInstance: start_diabetes_stack.start_mlflow manual__2025-09-05T05:51:29.622494+00:00 [queued]>
[2025-09-05T11:36:42.091+0545] {taskinstance.py:2614} INFO - Dependencies all met for dep_context=requeueable deps ti=<TaskInstance: start_diabetes_stack.start_mlflow manual__2025-09-05T05:51:29.622494+00:00 [queued]>
[2025-09-05T11:36:42.092+0545] {taskinstance.py:2867} INFO - Starting attempt 1 of 2
[2025-09-05T11:36:42.108+0545] {taskinstance.py:2890} INFO - Executing <Task(BashOperator): start_mlflow> on 2025-09-05 05:51:29.622494+00:00
[2025-09-05T11:36:42.117+0545] {standard_task_runner.py:72} INFO - Started process 44158 to run task
[2025-09-05T11:36:42.122+0545] {standard_task_runner.py:104} INFO - Running: ['airflow', 'tasks', 'run', 'start_diabetes_stack', 'start_mlflow', 'manual__2025-09-05T05:51:29.622494+00:00', '--job-id', '374', '--raw', '--subdir', 'DAGS_FOLDER/bash_operator.py', '--cfg-path', '/tmp/tmpez4jdtm6']
[2025-09-05T11:36:42.122+0545] {standard_task_runner.py:105} INFO - Job 374: Subtask start_mlflow
[2025-09-05T11:36:42.159+0545] {task_command.py:467} INFO - Running <TaskInstance: start_diabetes_stack.start_mlflow manual__2025-09-05T05:51:29.622494+00:00 [running]> on host ashok-Nitro-ANV16-41
[2025-09-05T11:36:42.209+0545] {taskinstance.py:3134} INFO - Exporting env vars: AIRFLOW_CTX_DAG_OWNER='ashok' AIRFLOW_CTX_DAG_ID='start_diabetes_stack' AIRFLOW_CTX_TASK_ID='start_mlflow' AIRFLOW_CTX_EXECUTION_DATE='2025-09-05T05:51:29.622494+00:00' AIRFLOW_CTX_TRY_NUMBER='1' AIRFLOW_CTX_DAG_RUN_ID='manual__2025-09-05T05:51:29.622494+00:00'
[2025-09-05T11:36:42.211+0545] {logging_mixin.py:190} INFO - Task instance is in running state
[2025-09-05T11:36:42.211+0545] {logging_mixin.py:190} INFO -  Previous state of the Task instance: queued
[2025-09-05T11:36:42.211+0545] {logging_mixin.py:190} INFO - Current task name:start_mlflow state:running start_date:2025-09-05 05:51:42.087458+00:00
[2025-09-05T11:36:42.211+0545] {logging_mixin.py:190} INFO - Dag name:start_diabetes_stack and current dag run status:running
[2025-09-05T11:36:42.211+0545] {taskinstance.py:732} INFO - ::endgroup::
[2025-09-05T11:36:42.212+0545] {subprocess.py:78} INFO - Tmp dir root location: /tmp
[2025-09-05T11:36:42.212+0545] {subprocess.py:88} INFO - Running command: ['/usr/bin/bash', '-c', '\n        source ~/miniconda3/etc/profile.d/conda.sh\n        nohup conda run -n mysecondenvironment mlflow ui --host 0.0.0.0 --port 5000 > /tmp/mlflow.log 2>&1 < /dev/null &\n        sleep 5\n        if curl -s http://127.0.0.1:5000 | grep -q MLflow; then\n            echo "MLflow started successfully"\n        else\n            echo "MLflow failed to start"\n            cat /tmp/mlflow.log\n            exit 1\n        fi\n        ']
[2025-09-05T11:36:42.224+0545] {subprocess.py:99} INFO - Output:
[2025-09-05T11:36:47.241+0545] {subprocess.py:106} INFO - MLflow started successfully
[2025-09-05T11:36:47.242+0545] {subprocess.py:110} INFO - Command exited with return code 0
[2025-09-05T11:36:47.269+0545] {taskinstance.py:341} INFO - ::group::Post task execution logs
[2025-09-05T11:36:47.270+0545] {taskinstance.py:353} INFO - Marking task as SUCCESS. dag_id=start_diabetes_stack, task_id=start_mlflow, run_id=manual__2025-09-05T05:51:29.622494+00:00, execution_date=20250905T055129, start_date=20250905T055142, end_date=20250905T055147
[2025-09-05T11:36:47.298+0545] {logging_mixin.py:190} INFO - Task instance in success state
[2025-09-05T11:36:47.299+0545] {logging_mixin.py:190} INFO -  Previous state of the Task instance: running
[2025-09-05T11:36:47.299+0545] {logging_mixin.py:190} INFO - Dag name:start_diabetes_stack queued_at:2025-09-05 05:51:29.638692+00:00
[2025-09-05T11:36:47.299+0545] {logging_mixin.py:190} INFO - Task hostname:ashok-Nitro-ANV16-41 operator:BashOperator
[2025-09-05T11:36:47.317+0545] {local_task_job_runner.py:266} INFO - Task exited with return code 0
[2025-09-05T11:36:47.329+0545] {taskinstance.py:3901} INFO - 0 downstream tasks scheduled from follow-on schedule check
[2025-09-05T11:36:47.330+0545] {local_task_job_runner.py:245} INFO - ::endgroup::
