[2025-09-10T11:56:24.134+0545] {local_task_job_runner.py:123} INFO - ::group::Pre task execution logs
[2025-09-10T11:56:24.140+0545] {taskinstance.py:2614} INFO - Dependencies all met for dep_context=non-requeueable deps ti=<TaskInstance: mlops_diabetes_pipeline.data_drift manual__2025-09-10T06:10:16.059979+00:00 [queued]>
[2025-09-10T11:56:24.143+0545] {taskinstance.py:2614} INFO - Dependencies all met for dep_context=requeueable deps ti=<TaskInstance: mlops_diabetes_pipeline.data_drift manual__2025-09-10T06:10:16.059979+00:00 [queued]>
[2025-09-10T11:56:24.144+0545] {taskinstance.py:2867} INFO - Starting attempt 1 of 1
[2025-09-10T11:56:24.155+0545] {taskinstance.py:2890} INFO - Executing <Task(PythonOperator): data_drift> on 2025-09-10 06:10:16.059979+00:00
[2025-09-10T11:56:24.164+0545] {standard_task_runner.py:72} INFO - Started process 80103 to run task
[2025-09-10T11:56:24.166+0545] {standard_task_runner.py:104} INFO - Running: ['airflow', 'tasks', 'run', 'mlops_diabetes_pipeline', 'data_drift', 'manual__2025-09-10T06:10:16.059979+00:00', '--job-id', '579', '--raw', '--subdir', 'DAGS_FOLDER/mlops_diabetes_pipeline.py', '--cfg-path', '/tmp/tmp8bfqwipy']
[2025-09-10T11:56:24.166+0545] {standard_task_runner.py:105} INFO - Job 579: Subtask data_drift
[2025-09-10T11:56:24.193+0545] {task_command.py:467} INFO - Running <TaskInstance: mlops_diabetes_pipeline.data_drift manual__2025-09-10T06:10:16.059979+00:00 [running]> on host ashok-Nitro-ANV16-41
[2025-09-10T11:56:24.233+0545] {taskinstance.py:3134} INFO - Exporting env vars: AIRFLOW_CTX_DAG_OWNER='airflow' AIRFLOW_CTX_DAG_ID='mlops_diabetes_pipeline' AIRFLOW_CTX_TASK_ID='data_drift' AIRFLOW_CTX_EXECUTION_DATE='2025-09-10T06:10:16.059979+00:00' AIRFLOW_CTX_TRY_NUMBER='1' AIRFLOW_CTX_DAG_RUN_ID='manual__2025-09-10T06:10:16.059979+00:00'
[2025-09-10T11:56:24.234+0545] {logging_mixin.py:190} INFO - Task instance is in running state
[2025-09-10T11:56:24.234+0545] {logging_mixin.py:190} INFO -  Previous state of the Task instance: queued
[2025-09-10T11:56:24.234+0545] {logging_mixin.py:190} INFO - Current task name:data_drift state:running start_date:2025-09-10 06:11:24.141083+00:00
[2025-09-10T11:56:24.234+0545] {logging_mixin.py:190} INFO - Dag name:mlops_diabetes_pipeline and current dag run status:running
[2025-09-10T11:56:24.235+0545] {taskinstance.py:732} INFO - ::endgroup::
[2025-09-10T11:56:25.530+0545] {logging_mixin.py:190} INFO -  Data drift report saved at /home/ashok/mlops_project/reports/evidently/data_drift/data_drift_report_20250910_115625.html
[2025-09-10T11:56:25.582+0545] {logging_mixin.py:190} INFO -  Drift detected in feature: Age
[2025-09-10T11:56:25.583+0545] {logging_mixin.py:190} INFO -  Drift detected in feature: BMI
[2025-09-10T11:56:25.583+0545] {logging_mixin.py:190} INFO -  Drift detected in feature: CholCheck
[2025-09-10T11:56:25.583+0545] {logging_mixin.py:190} INFO -  Drift detected in feature: DiffWalk
[2025-09-10T11:56:25.583+0545] {logging_mixin.py:190} INFO -  Drift detected in feature: Education
[2025-09-10T11:56:25.583+0545] {logging_mixin.py:190} INFO -  Drift detected in feature: GenHlth
[2025-09-10T11:56:25.583+0545] {logging_mixin.py:190} INFO -  Drift detected in feature: HeartDiseaseorAttack
[2025-09-10T11:56:25.583+0545] {logging_mixin.py:190} INFO -  Drift detected in feature: HvyAlcoholConsump
[2025-09-10T11:56:25.583+0545] {logging_mixin.py:190} INFO -  Drift detected in feature: Income
[2025-09-10T11:56:25.583+0545] {logging_mixin.py:190} INFO -  Drift detected in feature: MentHlth
[2025-09-10T11:56:25.583+0545] {logging_mixin.py:190} INFO -  Drift detected in feature: PhysActivity
[2025-09-10T11:56:25.583+0545] {logging_mixin.py:190} INFO -  Drift detected in feature: PhysHlth
[2025-09-10T11:56:25.583+0545] {logging_mixin.py:190} INFO -  Drift detected in feature: Stroke
[2025-09-10T11:56:25.583+0545] {logging_mixin.py:190} INFO - Data drift detected! Sending email alert...
[2025-09-10T11:56:32.341+0545] {logging_mixin.py:190} INFO - Email sent successfully!
[2025-09-10T11:56:32.342+0545] {python.py:240} INFO - Done. Returned value was: True
[2025-09-10T11:56:32.356+0545] {taskinstance.py:341} INFO - ::group::Post task execution logs
[2025-09-10T11:56:32.356+0545] {taskinstance.py:353} INFO - Marking task as SUCCESS. dag_id=mlops_diabetes_pipeline, task_id=data_drift, run_id=manual__2025-09-10T06:10:16.059979+00:00, execution_date=20250910T061016, start_date=20250910T061124, end_date=20250910T061132
[2025-09-10T11:56:32.375+0545] {logging_mixin.py:190} INFO - Task instance in success state
[2025-09-10T11:56:32.376+0545] {logging_mixin.py:190} INFO -  Previous state of the Task instance: running
[2025-09-10T11:56:32.376+0545] {logging_mixin.py:190} INFO - Dag name:mlops_diabetes_pipeline queued_at:2025-09-10 06:10:16.074840+00:00
[2025-09-10T11:56:32.376+0545] {logging_mixin.py:190} INFO - Task hostname:ashok-Nitro-ANV16-41 operator:PythonOperator
[2025-09-10T11:56:32.403+0545] {local_task_job_runner.py:266} INFO - Task exited with return code 0
[2025-09-10T11:56:32.412+0545] {taskinstance.py:3901} INFO - 1 downstream tasks scheduled from follow-on schedule check
[2025-09-10T11:56:32.419+0545] {local_task_job_runner.py:245} INFO - ::endgroup::
