[2025-09-05T11:36:35.270+0545] {local_task_job_runner.py:123} INFO - ::group::Pre task execution logs
[2025-09-05T11:36:35.281+0545] {taskinstance.py:2614} INFO - Dependencies all met for dep_context=non-requeueable deps ti=<TaskInstance: start_diabetes_stack.start_redis manual__2025-09-05T05:51:29.622494+00:00 [queued]>
[2025-09-05T11:36:35.285+0545] {taskinstance.py:2614} INFO - Dependencies all met for dep_context=requeueable deps ti=<TaskInstance: start_diabetes_stack.start_redis manual__2025-09-05T05:51:29.622494+00:00 [queued]>
[2025-09-05T11:36:35.285+0545] {taskinstance.py:2867} INFO - Starting attempt 1 of 2
[2025-09-05T11:36:35.301+0545] {taskinstance.py:2890} INFO - Executing <Task(BashOperator): start_redis> on 2025-09-05 05:51:29.622494+00:00
[2025-09-05T11:36:35.309+0545] {standard_task_runner.py:72} INFO - Started process 44019 to run task
[2025-09-05T11:36:35.313+0545] {standard_task_runner.py:104} INFO - Running: ['airflow', 'tasks', 'run', 'start_diabetes_stack', 'start_redis', 'manual__2025-09-05T05:51:29.622494+00:00', '--job-id', '371', '--raw', '--subdir', 'DAGS_FOLDER/bash_operator.py', '--cfg-path', '/tmp/tmpxv5kvzuj']
[2025-09-05T11:36:35.313+0545] {standard_task_runner.py:105} INFO - Job 371: Subtask start_redis
[2025-09-05T11:36:35.342+0545] {task_command.py:467} INFO - Running <TaskInstance: start_diabetes_stack.start_redis manual__2025-09-05T05:51:29.622494+00:00 [running]> on host ashok-Nitro-ANV16-41
[2025-09-05T11:36:35.388+0545] {taskinstance.py:3134} INFO - Exporting env vars: AIRFLOW_CTX_DAG_OWNER='ashok' AIRFLOW_CTX_DAG_ID='start_diabetes_stack' AIRFLOW_CTX_TASK_ID='start_redis' AIRFLOW_CTX_EXECUTION_DATE='2025-09-05T05:51:29.622494+00:00' AIRFLOW_CTX_TRY_NUMBER='1' AIRFLOW_CTX_DAG_RUN_ID='manual__2025-09-05T05:51:29.622494+00:00'
[2025-09-05T11:36:35.390+0545] {logging_mixin.py:190} INFO - Task instance is in running state
[2025-09-05T11:36:35.390+0545] {logging_mixin.py:190} INFO -  Previous state of the Task instance: queued
[2025-09-05T11:36:35.390+0545] {logging_mixin.py:190} INFO - Current task name:start_redis state:running start_date:2025-09-05 05:51:35.281653+00:00
[2025-09-05T11:36:35.390+0545] {logging_mixin.py:190} INFO - Dag name:start_diabetes_stack and current dag run status:running
[2025-09-05T11:36:35.390+0545] {taskinstance.py:732} INFO - ::endgroup::
[2025-09-05T11:36:35.391+0545] {subprocess.py:78} INFO - Tmp dir root location: /tmp
[2025-09-05T11:36:35.391+0545] {subprocess.py:88} INFO - Running command: ['/usr/bin/bash', '-c', 'docker start my-redis || docker run -d --name my-redis -p 6379:6379 redis:latest']
[2025-09-05T11:36:35.405+0545] {subprocess.py:99} INFO - Output:
[2025-09-05T11:36:35.418+0545] {subprocess.py:106} INFO - my-redis
[2025-09-05T11:36:35.421+0545] {subprocess.py:110} INFO - Command exited with return code 0
[2025-09-05T11:36:35.437+0545] {taskinstance.py:341} INFO - ::group::Post task execution logs
[2025-09-05T11:36:35.438+0545] {taskinstance.py:353} INFO - Marking task as SUCCESS. dag_id=start_diabetes_stack, task_id=start_redis, run_id=manual__2025-09-05T05:51:29.622494+00:00, execution_date=20250905T055129, start_date=20250905T055135, end_date=20250905T055135
[2025-09-05T11:36:35.458+0545] {logging_mixin.py:190} INFO - Task instance in success state
[2025-09-05T11:36:35.458+0545] {logging_mixin.py:190} INFO -  Previous state of the Task instance: running
[2025-09-05T11:36:35.458+0545] {logging_mixin.py:190} INFO - Dag name:start_diabetes_stack queued_at:2025-09-05 05:51:29.638692+00:00
[2025-09-05T11:36:35.458+0545] {logging_mixin.py:190} INFO - Task hostname:ashok-Nitro-ANV16-41 operator:BashOperator
[2025-09-05T11:36:35.485+0545] {local_task_job_runner.py:266} INFO - Task exited with return code 0
[2025-09-05T11:36:35.501+0545] {taskinstance.py:3901} INFO - 1 downstream tasks scheduled from follow-on schedule check
[2025-09-05T11:36:35.509+0545] {local_task_job_runner.py:245} INFO - ::endgroup::
