[2025-09-21T08:37:13.297+0545] {local_task_job_runner.py:123} INFO - ::group::Pre task execution logs
[2025-09-21T08:37:13.304+0545] {taskinstance.py:2614} INFO - Dependencies all met for dep_context=non-requeueable deps ti=<TaskInstance: mlops_diabetes_pipeline.create_predictions_table manual__2025-09-21T02:50:49.316547+00:00 [queued]>
[2025-09-21T08:37:13.308+0545] {taskinstance.py:2614} INFO - Dependencies all met for dep_context=requeueable deps ti=<TaskInstance: mlops_diabetes_pipeline.create_predictions_table manual__2025-09-21T02:50:49.316547+00:00 [queued]>
[2025-09-21T08:37:13.308+0545] {taskinstance.py:2867} INFO - Starting attempt 1 of 2
[2025-09-21T08:37:13.321+0545] {taskinstance.py:2890} INFO - Executing <Task(PythonOperator): create_predictions_table> on 2025-09-21 02:50:49.316547+00:00
[2025-09-21T08:37:13.331+0545] {standard_task_runner.py:72} INFO - Started process 23922 to run task
[2025-09-21T08:37:13.334+0545] {standard_task_runner.py:104} INFO - Running: ['airflow', 'tasks', 'run', 'mlops_diabetes_pipeline', 'create_predictions_table', 'manual__2025-09-21T02:50:49.316547+00:00', '--job-id', '693', '--raw', '--subdir', 'DAGS_FOLDER/mlops_diabetes_pipeline.py', '--cfg-path', '/tmp/tmpmwv7sr9v']
[2025-09-21T08:37:13.335+0545] {standard_task_runner.py:105} INFO - Job 693: Subtask create_predictions_table
[2025-09-21T08:37:13.361+0545] {task_command.py:467} INFO - Running <TaskInstance: mlops_diabetes_pipeline.create_predictions_table manual__2025-09-21T02:50:49.316547+00:00 [running]> on host ashok-Nitro-ANV16-41
[2025-09-21T08:37:13.404+0545] {taskinstance.py:3134} INFO - Exporting env vars: AIRFLOW_CTX_DAG_EMAIL='koiralaashok02@gmail.com' AIRFLOW_CTX_DAG_OWNER='airflow' AIRFLOW_CTX_DAG_ID='mlops_diabetes_pipeline' AIRFLOW_CTX_TASK_ID='create_predictions_table' AIRFLOW_CTX_EXECUTION_DATE='2025-09-21T02:50:49.316547+00:00' AIRFLOW_CTX_TRY_NUMBER='1' AIRFLOW_CTX_DAG_RUN_ID='manual__2025-09-21T02:50:49.316547+00:00'
[2025-09-21T08:37:13.405+0545] {logging_mixin.py:190} INFO - Task instance is in running state
[2025-09-21T08:37:13.406+0545] {logging_mixin.py:190} INFO -  Previous state of the Task instance: queued
[2025-09-21T08:37:13.406+0545] {logging_mixin.py:190} INFO - Current task name:create_predictions_table state:running start_date:2025-09-21 02:52:13.305190+00:00
[2025-09-21T08:37:13.406+0545] {logging_mixin.py:190} INFO - Dag name:mlops_diabetes_pipeline and current dag run status:running
[2025-09-21T08:37:13.406+0545] {taskinstance.py:732} INFO - ::endgroup::
[2025-09-21T08:37:13.411+0545] {logging_mixin.py:190} INFO -  Table 'predictions_auto' is ready.
[2025-09-21T08:37:13.411+0545] {python.py:240} INFO - Done. Returned value was: None
[2025-09-21T08:37:13.415+0545] {taskinstance.py:341} INFO - ::group::Post task execution logs
[2025-09-21T08:37:13.415+0545] {taskinstance.py:353} INFO - Marking task as SUCCESS. dag_id=mlops_diabetes_pipeline, task_id=create_predictions_table, run_id=manual__2025-09-21T02:50:49.316547+00:00, execution_date=20250921T025049, start_date=20250921T025213, end_date=20250921T025213
[2025-09-21T08:37:13.434+0545] {logging_mixin.py:190} INFO - Task instance in success state
[2025-09-21T08:37:13.435+0545] {logging_mixin.py:190} INFO -  Previous state of the Task instance: running
[2025-09-21T08:37:13.435+0545] {logging_mixin.py:190} INFO - Dag name:mlops_diabetes_pipeline queued_at:2025-09-21 02:50:49.323742+00:00
[2025-09-21T08:37:13.435+0545] {logging_mixin.py:190} INFO - Task hostname:ashok-Nitro-ANV16-41 operator:PythonOperator
[2025-09-21T08:37:13.466+0545] {local_task_job_runner.py:266} INFO - Task exited with return code 0
[2025-09-21T08:37:13.484+0545] {taskinstance.py:3901} INFO - 1 downstream tasks scheduled from follow-on schedule check
[2025-09-21T08:37:13.490+0545] {local_task_job_runner.py:245} INFO - ::endgroup::
