[2025-09-27T10:19:51.121+0545] {processor.py:186} INFO - Started process (PID=28645) to work on /home/ashok/miniconda3/envs/mysecondenvironment/lib/python3.8/site-packages/airflow/example_dags/example_branch_python_dop_operator_3.py
[2025-09-27T10:19:51.122+0545] {processor.py:914} INFO - Processing file /home/ashok/miniconda3/envs/mysecondenvironment/lib/python3.8/site-packages/airflow/example_dags/example_branch_python_dop_operator_3.py for tasks to queue
[2025-09-27T10:19:51.125+0545] {logging_mixin.py:190} INFO - [2025-09-27T10:19:51.125+0545] {dagbag.py:588} INFO - Filling up the DagBag from /home/ashok/miniconda3/envs/mysecondenvironment/lib/python3.8/site-packages/airflow/example_dags/example_branch_python_dop_operator_3.py
[2025-09-27T10:19:51.140+0545] {processor.py:925} INFO - DAG(s) 'example_branch_dop_operator_v3' retrieved from /home/ashok/miniconda3/envs/mysecondenvironment/lib/python3.8/site-packages/airflow/example_dags/example_branch_python_dop_operator_3.py
[2025-09-27T10:19:51.162+0545] {logging_mixin.py:190} INFO - [2025-09-27T10:19:51.162+0545] {dag.py:3239} INFO - Sync 1 DAGs
[2025-09-27T10:19:51.193+0545] {logging_mixin.py:190} INFO - [2025-09-27T10:19:51.192+0545] {dag.py:4180} INFO - Setting next_dagrun for example_branch_dop_operator_v3 to 2025-09-27 04:33:00+00:00, run_after=2025-09-27 04:34:00+00:00
[2025-09-27T10:19:51.225+0545] {processor.py:208} INFO - Processing /home/ashok/miniconda3/envs/mysecondenvironment/lib/python3.8/site-packages/airflow/example_dags/example_branch_python_dop_operator_3.py took 0.115 seconds
[2025-09-27T10:20:56.728+0545] {processor.py:186} INFO - Started process (PID=29247) to work on /home/ashok/miniconda3/envs/mysecondenvironment/lib/python3.8/site-packages/airflow/example_dags/example_branch_python_dop_operator_3.py
[2025-09-27T10:20:56.730+0545] {processor.py:914} INFO - Processing file /home/ashok/miniconda3/envs/mysecondenvironment/lib/python3.8/site-packages/airflow/example_dags/example_branch_python_dop_operator_3.py for tasks to queue
[2025-09-27T10:20:56.733+0545] {logging_mixin.py:190} INFO - [2025-09-27T10:20:56.733+0545] {dagbag.py:588} INFO - Filling up the DagBag from /home/ashok/miniconda3/envs/mysecondenvironment/lib/python3.8/site-packages/airflow/example_dags/example_branch_python_dop_operator_3.py
[2025-09-27T10:20:56.748+0545] {processor.py:925} INFO - DAG(s) 'example_branch_dop_operator_v3' retrieved from /home/ashok/miniconda3/envs/mysecondenvironment/lib/python3.8/site-packages/airflow/example_dags/example_branch_python_dop_operator_3.py
[2025-09-27T10:20:56.770+0545] {logging_mixin.py:190} INFO - [2025-09-27T10:20:56.769+0545] {dag.py:3239} INFO - Sync 1 DAGs
[2025-09-27T10:20:56.801+0545] {logging_mixin.py:190} INFO - [2025-09-27T10:20:56.801+0545] {dag.py:4180} INFO - Setting next_dagrun for example_branch_dop_operator_v3 to 2025-09-27 04:34:00+00:00, run_after=2025-09-27 04:35:00+00:00
[2025-09-27T10:20:56.829+0545] {processor.py:208} INFO - Processing /home/ashok/miniconda3/envs/mysecondenvironment/lib/python3.8/site-packages/airflow/example_dags/example_branch_python_dop_operator_3.py took 0.111 seconds
[2025-09-27T10:21:59.248+0545] {processor.py:186} INFO - Started process (PID=29676) to work on /home/ashok/miniconda3/envs/mysecondenvironment/lib/python3.8/site-packages/airflow/example_dags/example_branch_python_dop_operator_3.py
[2025-09-27T10:21:59.251+0545] {processor.py:914} INFO - Processing file /home/ashok/miniconda3/envs/mysecondenvironment/lib/python3.8/site-packages/airflow/example_dags/example_branch_python_dop_operator_3.py for tasks to queue
[2025-09-27T10:21:59.254+0545] {logging_mixin.py:190} INFO - [2025-09-27T10:21:59.253+0545] {dagbag.py:588} INFO - Filling up the DagBag from /home/ashok/miniconda3/envs/mysecondenvironment/lib/python3.8/site-packages/airflow/example_dags/example_branch_python_dop_operator_3.py
[2025-09-27T10:21:59.267+0545] {processor.py:925} INFO - DAG(s) 'example_branch_dop_operator_v3' retrieved from /home/ashok/miniconda3/envs/mysecondenvironment/lib/python3.8/site-packages/airflow/example_dags/example_branch_python_dop_operator_3.py
[2025-09-27T10:21:59.286+0545] {logging_mixin.py:190} INFO - [2025-09-27T10:21:59.286+0545] {dag.py:3239} INFO - Sync 1 DAGs
[2025-09-27T10:21:59.310+0545] {logging_mixin.py:190} INFO - [2025-09-27T10:21:59.310+0545] {dag.py:4180} INFO - Setting next_dagrun for example_branch_dop_operator_v3 to 2025-09-27 04:35:00+00:00, run_after=2025-09-27 04:36:00+00:00
[2025-09-27T10:21:59.339+0545] {processor.py:208} INFO - Processing /home/ashok/miniconda3/envs/mysecondenvironment/lib/python3.8/site-packages/airflow/example_dags/example_branch_python_dop_operator_3.py took 0.101 seconds
[2025-09-27T10:41:29.790+0545] {processor.py:186} INFO - Started process (PID=42332) to work on /home/ashok/miniconda3/envs/mysecondenvironment/lib/python3.8/site-packages/airflow/example_dags/example_branch_python_dop_operator_3.py
[2025-09-27T10:41:29.792+0545] {processor.py:914} INFO - Processing file /home/ashok/miniconda3/envs/mysecondenvironment/lib/python3.8/site-packages/airflow/example_dags/example_branch_python_dop_operator_3.py for tasks to queue
[2025-09-27T10:41:29.794+0545] {logging_mixin.py:190} INFO - [2025-09-27T10:41:29.794+0545] {dagbag.py:588} INFO - Filling up the DagBag from /home/ashok/miniconda3/envs/mysecondenvironment/lib/python3.8/site-packages/airflow/example_dags/example_branch_python_dop_operator_3.py
[2025-09-27T10:41:29.807+0545] {processor.py:925} INFO - DAG(s) 'example_branch_dop_operator_v3' retrieved from /home/ashok/miniconda3/envs/mysecondenvironment/lib/python3.8/site-packages/airflow/example_dags/example_branch_python_dop_operator_3.py
[2025-09-27T10:41:29.824+0545] {logging_mixin.py:190} INFO - [2025-09-27T10:41:29.824+0545] {dag.py:3239} INFO - Sync 1 DAGs
[2025-09-27T10:41:29.847+0545] {logging_mixin.py:190} INFO - [2025-09-27T10:41:29.847+0545] {dag.py:4180} INFO - Setting next_dagrun for example_branch_dop_operator_v3 to 2025-09-27 04:55:00+00:00, run_after=2025-09-27 04:56:00+00:00
[2025-09-27T10:41:29.870+0545] {processor.py:208} INFO - Processing /home/ashok/miniconda3/envs/mysecondenvironment/lib/python3.8/site-packages/airflow/example_dags/example_branch_python_dop_operator_3.py took 0.089 seconds
[2025-09-27T10:42:28.798+0545] {processor.py:186} INFO - Started process (PID=43054) to work on /home/ashok/miniconda3/envs/mysecondenvironment/lib/python3.8/site-packages/airflow/example_dags/example_branch_python_dop_operator_3.py
[2025-09-27T10:42:28.801+0545] {processor.py:914} INFO - Processing file /home/ashok/miniconda3/envs/mysecondenvironment/lib/python3.8/site-packages/airflow/example_dags/example_branch_python_dop_operator_3.py for tasks to queue
[2025-09-27T10:42:28.804+0545] {logging_mixin.py:190} INFO - [2025-09-27T10:42:28.804+0545] {dagbag.py:588} INFO - Filling up the DagBag from /home/ashok/miniconda3/envs/mysecondenvironment/lib/python3.8/site-packages/airflow/example_dags/example_branch_python_dop_operator_3.py
[2025-09-27T10:42:28.820+0545] {processor.py:925} INFO - DAG(s) 'example_branch_dop_operator_v3' retrieved from /home/ashok/miniconda3/envs/mysecondenvironment/lib/python3.8/site-packages/airflow/example_dags/example_branch_python_dop_operator_3.py
[2025-09-27T10:42:28.834+0545] {logging_mixin.py:190} INFO - [2025-09-27T10:42:28.833+0545] {dag.py:3239} INFO - Sync 1 DAGs
[2025-09-27T10:42:28.855+0545] {logging_mixin.py:190} INFO - [2025-09-27T10:42:28.855+0545] {dag.py:4180} INFO - Setting next_dagrun for example_branch_dop_operator_v3 to 2025-09-27 04:56:00+00:00, run_after=2025-09-27 04:57:00+00:00
[2025-09-27T10:42:28.876+0545] {processor.py:208} INFO - Processing /home/ashok/miniconda3/envs/mysecondenvironment/lib/python3.8/site-packages/airflow/example_dags/example_branch_python_dop_operator_3.py took 0.083 seconds
