[2025-09-27T10:19:23.785+0545] {processor.py:186} INFO - Started process (PID=28262) to work on /home/ashok/miniconda3/envs/mysecondenvironment/lib/python3.8/site-packages/airflow/example_dags/example_setup_teardown.py
[2025-09-27T10:19:23.786+0545] {processor.py:914} INFO - Processing file /home/ashok/miniconda3/envs/mysecondenvironment/lib/python3.8/site-packages/airflow/example_dags/example_setup_teardown.py for tasks to queue
[2025-09-27T10:19:23.788+0545] {logging_mixin.py:190} INFO - [2025-09-27T10:19:23.787+0545] {dagbag.py:588} INFO - Filling up the DagBag from /home/ashok/miniconda3/envs/mysecondenvironment/lib/python3.8/site-packages/airflow/example_dags/example_setup_teardown.py
[2025-09-27T10:19:23.796+0545] {processor.py:925} INFO - DAG(s) 'example_setup_teardown' retrieved from /home/ashok/miniconda3/envs/mysecondenvironment/lib/python3.8/site-packages/airflow/example_dags/example_setup_teardown.py
[2025-09-27T10:19:23.813+0545] {logging_mixin.py:190} INFO - [2025-09-27T10:19:23.812+0545] {dag.py:3239} INFO - Sync 1 DAGs
[2025-09-27T10:19:23.822+0545] {logging_mixin.py:190} INFO - [2025-09-27T10:19:23.822+0545] {dag.py:4180} INFO - Setting next_dagrun for example_setup_teardown to None, run_after=None
[2025-09-27T10:19:23.844+0545] {processor.py:208} INFO - Processing /home/ashok/miniconda3/envs/mysecondenvironment/lib/python3.8/site-packages/airflow/example_dags/example_setup_teardown.py took 0.066 seconds
[2025-09-27T10:20:27.398+0545] {processor.py:186} INFO - Started process (PID=29044) to work on /home/ashok/miniconda3/envs/mysecondenvironment/lib/python3.8/site-packages/airflow/example_dags/example_setup_teardown.py
[2025-09-27T10:20:27.401+0545] {processor.py:914} INFO - Processing file /home/ashok/miniconda3/envs/mysecondenvironment/lib/python3.8/site-packages/airflow/example_dags/example_setup_teardown.py for tasks to queue
[2025-09-27T10:20:27.404+0545] {logging_mixin.py:190} INFO - [2025-09-27T10:20:27.404+0545] {dagbag.py:588} INFO - Filling up the DagBag from /home/ashok/miniconda3/envs/mysecondenvironment/lib/python3.8/site-packages/airflow/example_dags/example_setup_teardown.py
[2025-09-27T10:20:27.415+0545] {processor.py:925} INFO - DAG(s) 'example_setup_teardown' retrieved from /home/ashok/miniconda3/envs/mysecondenvironment/lib/python3.8/site-packages/airflow/example_dags/example_setup_teardown.py
[2025-09-27T10:20:27.438+0545] {logging_mixin.py:190} INFO - [2025-09-27T10:20:27.438+0545] {dag.py:3239} INFO - Sync 1 DAGs
[2025-09-27T10:20:27.453+0545] {logging_mixin.py:190} INFO - [2025-09-27T10:20:27.453+0545] {dag.py:4180} INFO - Setting next_dagrun for example_setup_teardown to None, run_after=None
[2025-09-27T10:20:27.484+0545] {processor.py:208} INFO - Processing /home/ashok/miniconda3/envs/mysecondenvironment/lib/python3.8/site-packages/airflow/example_dags/example_setup_teardown.py took 0.095 seconds
[2025-09-27T10:21:28.121+0545] {processor.py:186} INFO - Started process (PID=29447) to work on /home/ashok/miniconda3/envs/mysecondenvironment/lib/python3.8/site-packages/airflow/example_dags/example_setup_teardown.py
[2025-09-27T10:21:28.124+0545] {processor.py:914} INFO - Processing file /home/ashok/miniconda3/envs/mysecondenvironment/lib/python3.8/site-packages/airflow/example_dags/example_setup_teardown.py for tasks to queue
[2025-09-27T10:21:28.129+0545] {logging_mixin.py:190} INFO - [2025-09-27T10:21:28.129+0545] {dagbag.py:588} INFO - Filling up the DagBag from /home/ashok/miniconda3/envs/mysecondenvironment/lib/python3.8/site-packages/airflow/example_dags/example_setup_teardown.py
[2025-09-27T10:21:28.149+0545] {processor.py:925} INFO - DAG(s) 'example_setup_teardown' retrieved from /home/ashok/miniconda3/envs/mysecondenvironment/lib/python3.8/site-packages/airflow/example_dags/example_setup_teardown.py
[2025-09-27T10:21:28.183+0545] {logging_mixin.py:190} INFO - [2025-09-27T10:21:28.182+0545] {dag.py:3239} INFO - Sync 1 DAGs
[2025-09-27T10:21:28.201+0545] {logging_mixin.py:190} INFO - [2025-09-27T10:21:28.201+0545] {dag.py:4180} INFO - Setting next_dagrun for example_setup_teardown to None, run_after=None
[2025-09-27T10:21:28.226+0545] {processor.py:208} INFO - Processing /home/ashok/miniconda3/envs/mysecondenvironment/lib/python3.8/site-packages/airflow/example_dags/example_setup_teardown.py took 0.118 seconds
[2025-09-27T10:22:32.546+0545] {processor.py:186} INFO - Started process (PID=29908) to work on /home/ashok/miniconda3/envs/mysecondenvironment/lib/python3.8/site-packages/airflow/example_dags/example_setup_teardown.py
[2025-09-27T10:22:32.548+0545] {processor.py:914} INFO - Processing file /home/ashok/miniconda3/envs/mysecondenvironment/lib/python3.8/site-packages/airflow/example_dags/example_setup_teardown.py for tasks to queue
[2025-09-27T10:22:32.551+0545] {logging_mixin.py:190} INFO - [2025-09-27T10:22:32.551+0545] {dagbag.py:588} INFO - Filling up the DagBag from /home/ashok/miniconda3/envs/mysecondenvironment/lib/python3.8/site-packages/airflow/example_dags/example_setup_teardown.py
[2025-09-27T10:22:32.561+0545] {processor.py:925} INFO - DAG(s) 'example_setup_teardown' retrieved from /home/ashok/miniconda3/envs/mysecondenvironment/lib/python3.8/site-packages/airflow/example_dags/example_setup_teardown.py
[2025-09-27T10:22:32.578+0545] {logging_mixin.py:190} INFO - [2025-09-27T10:22:32.577+0545] {dag.py:3239} INFO - Sync 1 DAGs
[2025-09-27T10:22:32.589+0545] {logging_mixin.py:190} INFO - [2025-09-27T10:22:32.588+0545] {dag.py:4180} INFO - Setting next_dagrun for example_setup_teardown to None, run_after=None
[2025-09-27T10:22:32.616+0545] {processor.py:208} INFO - Processing /home/ashok/miniconda3/envs/mysecondenvironment/lib/python3.8/site-packages/airflow/example_dags/example_setup_teardown.py took 0.077 seconds
[2025-09-27T10:40:44.287+0545] {processor.py:186} INFO - Started process (PID=41546) to work on /home/ashok/miniconda3/envs/mysecondenvironment/lib/python3.8/site-packages/airflow/example_dags/example_setup_teardown.py
[2025-09-27T10:40:44.289+0545] {processor.py:914} INFO - Processing file /home/ashok/miniconda3/envs/mysecondenvironment/lib/python3.8/site-packages/airflow/example_dags/example_setup_teardown.py for tasks to queue
[2025-09-27T10:40:44.290+0545] {logging_mixin.py:190} INFO - [2025-09-27T10:40:44.290+0545] {dagbag.py:588} INFO - Filling up the DagBag from /home/ashok/miniconda3/envs/mysecondenvironment/lib/python3.8/site-packages/airflow/example_dags/example_setup_teardown.py
[2025-09-27T10:40:44.296+0545] {processor.py:925} INFO - DAG(s) 'example_setup_teardown' retrieved from /home/ashok/miniconda3/envs/mysecondenvironment/lib/python3.8/site-packages/airflow/example_dags/example_setup_teardown.py
[2025-09-27T10:40:44.307+0545] {logging_mixin.py:190} INFO - [2025-09-27T10:40:44.307+0545] {dag.py:3239} INFO - Sync 1 DAGs
[2025-09-27T10:40:44.317+0545] {logging_mixin.py:190} INFO - [2025-09-27T10:40:44.316+0545] {dag.py:4180} INFO - Setting next_dagrun for example_setup_teardown to None, run_after=None
[2025-09-27T10:40:44.337+0545] {processor.py:208} INFO - Processing /home/ashok/miniconda3/envs/mysecondenvironment/lib/python3.8/site-packages/airflow/example_dags/example_setup_teardown.py took 0.054 seconds
[2025-09-27T10:42:02.973+0545] {processor.py:186} INFO - Started process (PID=42800) to work on /home/ashok/miniconda3/envs/mysecondenvironment/lib/python3.8/site-packages/airflow/example_dags/example_setup_teardown.py
[2025-09-27T10:42:02.975+0545] {processor.py:914} INFO - Processing file /home/ashok/miniconda3/envs/mysecondenvironment/lib/python3.8/site-packages/airflow/example_dags/example_setup_teardown.py for tasks to queue
[2025-09-27T10:42:02.976+0545] {logging_mixin.py:190} INFO - [2025-09-27T10:42:02.976+0545] {dagbag.py:588} INFO - Filling up the DagBag from /home/ashok/miniconda3/envs/mysecondenvironment/lib/python3.8/site-packages/airflow/example_dags/example_setup_teardown.py
[2025-09-27T10:42:02.983+0545] {processor.py:925} INFO - DAG(s) 'example_setup_teardown' retrieved from /home/ashok/miniconda3/envs/mysecondenvironment/lib/python3.8/site-packages/airflow/example_dags/example_setup_teardown.py
[2025-09-27T10:42:02.997+0545] {logging_mixin.py:190} INFO - [2025-09-27T10:42:02.997+0545] {dag.py:3239} INFO - Sync 1 DAGs
[2025-09-27T10:42:03.006+0545] {logging_mixin.py:190} INFO - [2025-09-27T10:42:03.006+0545] {dag.py:4180} INFO - Setting next_dagrun for example_setup_teardown to None, run_after=None
[2025-09-27T10:42:03.026+0545] {processor.py:208} INFO - Processing /home/ashok/miniconda3/envs/mysecondenvironment/lib/python3.8/site-packages/airflow/example_dags/example_setup_teardown.py took 0.059 seconds
