[2025-09-27T10:19:36.802+0545] {processor.py:186} INFO - Started process (PID=28435) to work on /home/ashok/miniconda3/envs/mysecondenvironment/lib/python3.8/site-packages/airflow/example_dags/example_dataset_alias_with_no_taskflow.py
[2025-09-27T10:19:36.803+0545] {processor.py:914} INFO - Processing file /home/ashok/miniconda3/envs/mysecondenvironment/lib/python3.8/site-packages/airflow/example_dags/example_dataset_alias_with_no_taskflow.py for tasks to queue
[2025-09-27T10:19:36.806+0545] {logging_mixin.py:190} INFO - [2025-09-27T10:19:36.805+0545] {dagbag.py:588} INFO - Filling up the DagBag from /home/ashok/miniconda3/envs/mysecondenvironment/lib/python3.8/site-packages/airflow/example_dags/example_dataset_alias_with_no_taskflow.py
[2025-09-27T10:19:36.837+0545] {processor.py:925} INFO - DAG(s) 'dataset_s3_bucket_producer_with_no_taskflow', 'dataset_s3_bucket_consumer_with_no_taskflow', 'dataset_alias_example_alias_producer_with_no_taskflow', 'dataset_alias_example_alias_consumer_with_no_taskflow' retrieved from /home/ashok/miniconda3/envs/mysecondenvironment/lib/python3.8/site-packages/airflow/example_dags/example_dataset_alias_with_no_taskflow.py
[2025-09-27T10:19:36.871+0545] {logging_mixin.py:190} INFO - [2025-09-27T10:19:36.870+0545] {dag.py:3239} INFO - Sync 4 DAGs
[2025-09-27T10:19:36.902+0545] {logging_mixin.py:190} INFO - [2025-09-27T10:19:36.902+0545] {dag.py:4180} INFO - Setting next_dagrun for dataset_alias_example_alias_consumer_with_no_taskflow to None, run_after=None
[2025-09-27T10:19:36.905+0545] {logging_mixin.py:190} INFO - [2025-09-27T10:19:36.905+0545] {dag.py:4180} INFO - Setting next_dagrun for dataset_alias_example_alias_producer_with_no_taskflow to None, run_after=None
[2025-09-27T10:19:36.906+0545] {logging_mixin.py:190} INFO - [2025-09-27T10:19:36.906+0545] {dag.py:4180} INFO - Setting next_dagrun for dataset_s3_bucket_consumer_with_no_taskflow to None, run_after=None
[2025-09-27T10:19:36.907+0545] {logging_mixin.py:190} INFO - [2025-09-27T10:19:36.907+0545] {dag.py:4180} INFO - Setting next_dagrun for dataset_s3_bucket_producer_with_no_taskflow to None, run_after=None
[2025-09-27T10:19:36.942+0545] {processor.py:208} INFO - Processing /home/ashok/miniconda3/envs/mysecondenvironment/lib/python3.8/site-packages/airflow/example_dags/example_dataset_alias_with_no_taskflow.py took 0.150 seconds
[2025-09-27T10:20:43.623+0545] {processor.py:186} INFO - Started process (PID=29157) to work on /home/ashok/miniconda3/envs/mysecondenvironment/lib/python3.8/site-packages/airflow/example_dags/example_dataset_alias_with_no_taskflow.py
[2025-09-27T10:20:43.624+0545] {processor.py:914} INFO - Processing file /home/ashok/miniconda3/envs/mysecondenvironment/lib/python3.8/site-packages/airflow/example_dags/example_dataset_alias_with_no_taskflow.py for tasks to queue
[2025-09-27T10:20:43.626+0545] {logging_mixin.py:190} INFO - [2025-09-27T10:20:43.626+0545] {dagbag.py:588} INFO - Filling up the DagBag from /home/ashok/miniconda3/envs/mysecondenvironment/lib/python3.8/site-packages/airflow/example_dags/example_dataset_alias_with_no_taskflow.py
[2025-09-27T10:20:43.647+0545] {processor.py:925} INFO - DAG(s) 'dataset_s3_bucket_producer_with_no_taskflow', 'dataset_s3_bucket_consumer_with_no_taskflow', 'dataset_alias_example_alias_producer_with_no_taskflow', 'dataset_alias_example_alias_consumer_with_no_taskflow' retrieved from /home/ashok/miniconda3/envs/mysecondenvironment/lib/python3.8/site-packages/airflow/example_dags/example_dataset_alias_with_no_taskflow.py
[2025-09-27T10:20:43.662+0545] {logging_mixin.py:190} INFO - [2025-09-27T10:20:43.662+0545] {dag.py:3239} INFO - Sync 4 DAGs
[2025-09-27T10:20:43.677+0545] {logging_mixin.py:190} INFO - [2025-09-27T10:20:43.677+0545] {dag.py:4180} INFO - Setting next_dagrun for dataset_alias_example_alias_consumer_with_no_taskflow to None, run_after=None
[2025-09-27T10:20:43.679+0545] {logging_mixin.py:190} INFO - [2025-09-27T10:20:43.678+0545] {dag.py:4180} INFO - Setting next_dagrun for dataset_alias_example_alias_producer_with_no_taskflow to None, run_after=None
[2025-09-27T10:20:43.679+0545] {logging_mixin.py:190} INFO - [2025-09-27T10:20:43.679+0545] {dag.py:4180} INFO - Setting next_dagrun for dataset_s3_bucket_consumer_with_no_taskflow to None, run_after=None
[2025-09-27T10:20:43.681+0545] {logging_mixin.py:190} INFO - [2025-09-27T10:20:43.680+0545] {dag.py:4180} INFO - Setting next_dagrun for dataset_s3_bucket_producer_with_no_taskflow to None, run_after=None
[2025-09-27T10:20:43.704+0545] {processor.py:208} INFO - Processing /home/ashok/miniconda3/envs/mysecondenvironment/lib/python3.8/site-packages/airflow/example_dags/example_dataset_alias_with_no_taskflow.py took 0.088 seconds
[2025-09-27T10:21:45.549+0545] {processor.py:186} INFO - Started process (PID=29590) to work on /home/ashok/miniconda3/envs/mysecondenvironment/lib/python3.8/site-packages/airflow/example_dags/example_dataset_alias_with_no_taskflow.py
[2025-09-27T10:21:45.552+0545] {processor.py:914} INFO - Processing file /home/ashok/miniconda3/envs/mysecondenvironment/lib/python3.8/site-packages/airflow/example_dags/example_dataset_alias_with_no_taskflow.py for tasks to queue
[2025-09-27T10:21:45.555+0545] {logging_mixin.py:190} INFO - [2025-09-27T10:21:45.554+0545] {dagbag.py:588} INFO - Filling up the DagBag from /home/ashok/miniconda3/envs/mysecondenvironment/lib/python3.8/site-packages/airflow/example_dags/example_dataset_alias_with_no_taskflow.py
[2025-09-27T10:21:45.581+0545] {processor.py:925} INFO - DAG(s) 'dataset_alias_example_alias_producer_with_no_taskflow', 'dataset_alias_example_alias_consumer_with_no_taskflow', 'dataset_s3_bucket_producer_with_no_taskflow', 'dataset_s3_bucket_consumer_with_no_taskflow' retrieved from /home/ashok/miniconda3/envs/mysecondenvironment/lib/python3.8/site-packages/airflow/example_dags/example_dataset_alias_with_no_taskflow.py
[2025-09-27T10:21:45.605+0545] {logging_mixin.py:190} INFO - [2025-09-27T10:21:45.604+0545] {dag.py:3239} INFO - Sync 4 DAGs
[2025-09-27T10:21:45.627+0545] {logging_mixin.py:190} INFO - [2025-09-27T10:21:45.627+0545] {dag.py:4180} INFO - Setting next_dagrun for dataset_alias_example_alias_consumer_with_no_taskflow to None, run_after=None
[2025-09-27T10:21:45.630+0545] {logging_mixin.py:190} INFO - [2025-09-27T10:21:45.629+0545] {dag.py:4180} INFO - Setting next_dagrun for dataset_alias_example_alias_producer_with_no_taskflow to None, run_after=None
[2025-09-27T10:21:45.631+0545] {logging_mixin.py:190} INFO - [2025-09-27T10:21:45.630+0545] {dag.py:4180} INFO - Setting next_dagrun for dataset_s3_bucket_consumer_with_no_taskflow to None, run_after=None
[2025-09-27T10:21:45.631+0545] {logging_mixin.py:190} INFO - [2025-09-27T10:21:45.631+0545] {dag.py:4180} INFO - Setting next_dagrun for dataset_s3_bucket_producer_with_no_taskflow to None, run_after=None
[2025-09-27T10:21:45.663+0545] {processor.py:208} INFO - Processing /home/ashok/miniconda3/envs/mysecondenvironment/lib/python3.8/site-packages/airflow/example_dags/example_dataset_alias_with_no_taskflow.py took 0.122 seconds
[2025-09-27T10:41:15.539+0545] {processor.py:186} INFO - Started process (PID=42169) to work on /home/ashok/miniconda3/envs/mysecondenvironment/lib/python3.8/site-packages/airflow/example_dags/example_dataset_alias_with_no_taskflow.py
[2025-09-27T10:41:15.542+0545] {processor.py:914} INFO - Processing file /home/ashok/miniconda3/envs/mysecondenvironment/lib/python3.8/site-packages/airflow/example_dags/example_dataset_alias_with_no_taskflow.py for tasks to queue
[2025-09-27T10:41:15.545+0545] {logging_mixin.py:190} INFO - [2025-09-27T10:41:15.545+0545] {dagbag.py:588} INFO - Filling up the DagBag from /home/ashok/miniconda3/envs/mysecondenvironment/lib/python3.8/site-packages/airflow/example_dags/example_dataset_alias_with_no_taskflow.py
[2025-09-27T10:41:15.576+0545] {processor.py:925} INFO - DAG(s) 'dataset_s3_bucket_consumer_with_no_taskflow', 'dataset_s3_bucket_producer_with_no_taskflow', 'dataset_alias_example_alias_producer_with_no_taskflow', 'dataset_alias_example_alias_consumer_with_no_taskflow' retrieved from /home/ashok/miniconda3/envs/mysecondenvironment/lib/python3.8/site-packages/airflow/example_dags/example_dataset_alias_with_no_taskflow.py
[2025-09-27T10:41:15.609+0545] {logging_mixin.py:190} INFO - [2025-09-27T10:41:15.608+0545] {dag.py:3239} INFO - Sync 4 DAGs
[2025-09-27T10:41:15.632+0545] {logging_mixin.py:190} INFO - [2025-09-27T10:41:15.631+0545] {dag.py:4180} INFO - Setting next_dagrun for dataset_alias_example_alias_consumer_with_no_taskflow to None, run_after=None
[2025-09-27T10:41:15.634+0545] {logging_mixin.py:190} INFO - [2025-09-27T10:41:15.634+0545] {dag.py:4180} INFO - Setting next_dagrun for dataset_alias_example_alias_producer_with_no_taskflow to None, run_after=None
[2025-09-27T10:41:15.635+0545] {logging_mixin.py:190} INFO - [2025-09-27T10:41:15.635+0545] {dag.py:4180} INFO - Setting next_dagrun for dataset_s3_bucket_consumer_with_no_taskflow to None, run_after=None
[2025-09-27T10:41:15.636+0545] {logging_mixin.py:190} INFO - [2025-09-27T10:41:15.636+0545] {dag.py:4180} INFO - Setting next_dagrun for dataset_s3_bucket_producer_with_no_taskflow to None, run_after=None
[2025-09-27T10:41:15.673+0545] {processor.py:208} INFO - Processing /home/ashok/miniconda3/envs/mysecondenvironment/lib/python3.8/site-packages/airflow/example_dags/example_dataset_alias_with_no_taskflow.py took 0.144 seconds
[2025-09-27T10:42:16.457+0545] {processor.py:186} INFO - Started process (PID=42951) to work on /home/ashok/miniconda3/envs/mysecondenvironment/lib/python3.8/site-packages/airflow/example_dags/example_dataset_alias_with_no_taskflow.py
[2025-09-27T10:42:16.461+0545] {processor.py:914} INFO - Processing file /home/ashok/miniconda3/envs/mysecondenvironment/lib/python3.8/site-packages/airflow/example_dags/example_dataset_alias_with_no_taskflow.py for tasks to queue
[2025-09-27T10:42:16.463+0545] {logging_mixin.py:190} INFO - [2025-09-27T10:42:16.463+0545] {dagbag.py:588} INFO - Filling up the DagBag from /home/ashok/miniconda3/envs/mysecondenvironment/lib/python3.8/site-packages/airflow/example_dags/example_dataset_alias_with_no_taskflow.py
[2025-09-27T10:42:16.495+0545] {processor.py:925} INFO - DAG(s) 'dataset_alias_example_alias_producer_with_no_taskflow', 'dataset_alias_example_alias_consumer_with_no_taskflow', 'dataset_s3_bucket_producer_with_no_taskflow', 'dataset_s3_bucket_consumer_with_no_taskflow' retrieved from /home/ashok/miniconda3/envs/mysecondenvironment/lib/python3.8/site-packages/airflow/example_dags/example_dataset_alias_with_no_taskflow.py
[2025-09-27T10:42:16.520+0545] {logging_mixin.py:190} INFO - [2025-09-27T10:42:16.520+0545] {dag.py:3239} INFO - Sync 4 DAGs
[2025-09-27T10:42:16.541+0545] {logging_mixin.py:190} INFO - [2025-09-27T10:42:16.541+0545] {dag.py:4180} INFO - Setting next_dagrun for dataset_alias_example_alias_consumer_with_no_taskflow to None, run_after=None
[2025-09-27T10:42:16.545+0545] {logging_mixin.py:190} INFO - [2025-09-27T10:42:16.545+0545] {dag.py:4180} INFO - Setting next_dagrun for dataset_alias_example_alias_producer_with_no_taskflow to None, run_after=None
[2025-09-27T10:42:16.547+0545] {logging_mixin.py:190} INFO - [2025-09-27T10:42:16.546+0545] {dag.py:4180} INFO - Setting next_dagrun for dataset_s3_bucket_consumer_with_no_taskflow to None, run_after=None
[2025-09-27T10:42:16.548+0545] {logging_mixin.py:190} INFO - [2025-09-27T10:42:16.547+0545] {dag.py:4180} INFO - Setting next_dagrun for dataset_s3_bucket_producer_with_no_taskflow to None, run_after=None
[2025-09-27T10:42:16.580+0545] {processor.py:208} INFO - Processing /home/ashok/miniconda3/envs/mysecondenvironment/lib/python3.8/site-packages/airflow/example_dags/example_dataset_alias_with_no_taskflow.py took 0.130 seconds
