[2025-09-27T10:19:24.928+0545] {processor.py:186} INFO - Started process (PID=28319) to work on /home/ashok/miniconda3/envs/mysecondenvironment/lib/python3.8/site-packages/airflow/example_dags/example_sensor_decorator.py
[2025-09-27T10:19:24.930+0545] {processor.py:914} INFO - Processing file /home/ashok/miniconda3/envs/mysecondenvironment/lib/python3.8/site-packages/airflow/example_dags/example_sensor_decorator.py for tasks to queue
[2025-09-27T10:19:24.933+0545] {logging_mixin.py:190} INFO - [2025-09-27T10:19:24.932+0545] {dagbag.py:588} INFO - Filling up the DagBag from /home/ashok/miniconda3/envs/mysecondenvironment/lib/python3.8/site-packages/airflow/example_dags/example_sensor_decorator.py
[2025-09-27T10:19:24.944+0545] {processor.py:925} INFO - DAG(s) 'example_sensor_decorator' retrieved from /home/ashok/miniconda3/envs/mysecondenvironment/lib/python3.8/site-packages/airflow/example_dags/example_sensor_decorator.py
[2025-09-27T10:19:24.967+0545] {logging_mixin.py:190} INFO - [2025-09-27T10:19:24.967+0545] {dag.py:3239} INFO - Sync 1 DAGs
[2025-09-27T10:19:24.982+0545] {logging_mixin.py:190} INFO - [2025-09-27T10:19:24.981+0545] {dag.py:4180} INFO - Setting next_dagrun for example_sensor_decorator to None, run_after=None
[2025-09-27T10:19:25.016+0545] {processor.py:208} INFO - Processing /home/ashok/miniconda3/envs/mysecondenvironment/lib/python3.8/site-packages/airflow/example_dags/example_sensor_decorator.py took 0.097 seconds
[2025-09-27T10:20:27.641+0545] {processor.py:186} INFO - Started process (PID=29045) to work on /home/ashok/miniconda3/envs/mysecondenvironment/lib/python3.8/site-packages/airflow/example_dags/example_sensor_decorator.py
[2025-09-27T10:20:27.643+0545] {processor.py:914} INFO - Processing file /home/ashok/miniconda3/envs/mysecondenvironment/lib/python3.8/site-packages/airflow/example_dags/example_sensor_decorator.py for tasks to queue
[2025-09-27T10:20:27.646+0545] {logging_mixin.py:190} INFO - [2025-09-27T10:20:27.645+0545] {dagbag.py:588} INFO - Filling up the DagBag from /home/ashok/miniconda3/envs/mysecondenvironment/lib/python3.8/site-packages/airflow/example_dags/example_sensor_decorator.py
[2025-09-27T10:20:27.657+0545] {processor.py:925} INFO - DAG(s) 'example_sensor_decorator' retrieved from /home/ashok/miniconda3/envs/mysecondenvironment/lib/python3.8/site-packages/airflow/example_dags/example_sensor_decorator.py
[2025-09-27T10:20:27.675+0545] {logging_mixin.py:190} INFO - [2025-09-27T10:20:27.675+0545] {dag.py:3239} INFO - Sync 1 DAGs
[2025-09-27T10:20:27.688+0545] {logging_mixin.py:190} INFO - [2025-09-27T10:20:27.687+0545] {dag.py:4180} INFO - Setting next_dagrun for example_sensor_decorator to None, run_after=None
[2025-09-27T10:20:27.713+0545] {processor.py:208} INFO - Processing /home/ashok/miniconda3/envs/mysecondenvironment/lib/python3.8/site-packages/airflow/example_dags/example_sensor_decorator.py took 0.083 seconds
[2025-09-27T10:21:29.371+0545] {processor.py:186} INFO - Started process (PID=29448) to work on /home/ashok/miniconda3/envs/mysecondenvironment/lib/python3.8/site-packages/airflow/example_dags/example_sensor_decorator.py
[2025-09-27T10:21:29.373+0545] {processor.py:914} INFO - Processing file /home/ashok/miniconda3/envs/mysecondenvironment/lib/python3.8/site-packages/airflow/example_dags/example_sensor_decorator.py for tasks to queue
[2025-09-27T10:21:29.375+0545] {logging_mixin.py:190} INFO - [2025-09-27T10:21:29.375+0545] {dagbag.py:588} INFO - Filling up the DagBag from /home/ashok/miniconda3/envs/mysecondenvironment/lib/python3.8/site-packages/airflow/example_dags/example_sensor_decorator.py
[2025-09-27T10:21:29.387+0545] {processor.py:925} INFO - DAG(s) 'example_sensor_decorator' retrieved from /home/ashok/miniconda3/envs/mysecondenvironment/lib/python3.8/site-packages/airflow/example_dags/example_sensor_decorator.py
[2025-09-27T10:21:29.407+0545] {logging_mixin.py:190} INFO - [2025-09-27T10:21:29.406+0545] {dag.py:3239} INFO - Sync 1 DAGs
[2025-09-27T10:21:29.422+0545] {logging_mixin.py:190} INFO - [2025-09-27T10:21:29.421+0545] {dag.py:4180} INFO - Setting next_dagrun for example_sensor_decorator to None, run_after=None
[2025-09-27T10:21:29.447+0545] {processor.py:208} INFO - Processing /home/ashok/miniconda3/envs/mysecondenvironment/lib/python3.8/site-packages/airflow/example_dags/example_sensor_decorator.py took 0.085 seconds
[2025-09-27T10:22:32.960+0545] {processor.py:186} INFO - Started process (PID=29920) to work on /home/ashok/miniconda3/envs/mysecondenvironment/lib/python3.8/site-packages/airflow/example_dags/example_sensor_decorator.py
[2025-09-27T10:22:32.962+0545] {processor.py:914} INFO - Processing file /home/ashok/miniconda3/envs/mysecondenvironment/lib/python3.8/site-packages/airflow/example_dags/example_sensor_decorator.py for tasks to queue
[2025-09-27T10:22:32.964+0545] {logging_mixin.py:190} INFO - [2025-09-27T10:22:32.963+0545] {dagbag.py:588} INFO - Filling up the DagBag from /home/ashok/miniconda3/envs/mysecondenvironment/lib/python3.8/site-packages/airflow/example_dags/example_sensor_decorator.py
[2025-09-27T10:22:32.969+0545] {processor.py:925} INFO - DAG(s) 'example_sensor_decorator' retrieved from /home/ashok/miniconda3/envs/mysecondenvironment/lib/python3.8/site-packages/airflow/example_dags/example_sensor_decorator.py
[2025-09-27T10:22:32.979+0545] {logging_mixin.py:190} INFO - [2025-09-27T10:22:32.978+0545] {dag.py:3239} INFO - Sync 1 DAGs
[2025-09-27T10:22:32.985+0545] {logging_mixin.py:190} INFO - [2025-09-27T10:22:32.985+0545] {dag.py:4180} INFO - Setting next_dagrun for example_sensor_decorator to None, run_after=None
[2025-09-27T10:22:33.004+0545] {processor.py:208} INFO - Processing /home/ashok/miniconda3/envs/mysecondenvironment/lib/python3.8/site-packages/airflow/example_dags/example_sensor_decorator.py took 0.047 seconds
[2025-09-27T10:40:54.328+0545] {processor.py:186} INFO - Started process (PID=41746) to work on /home/ashok/miniconda3/envs/mysecondenvironment/lib/python3.8/site-packages/airflow/example_dags/example_sensor_decorator.py
[2025-09-27T10:40:54.329+0545] {processor.py:914} INFO - Processing file /home/ashok/miniconda3/envs/mysecondenvironment/lib/python3.8/site-packages/airflow/example_dags/example_sensor_decorator.py for tasks to queue
[2025-09-27T10:40:54.331+0545] {logging_mixin.py:190} INFO - [2025-09-27T10:40:54.331+0545] {dagbag.py:588} INFO - Filling up the DagBag from /home/ashok/miniconda3/envs/mysecondenvironment/lib/python3.8/site-packages/airflow/example_dags/example_sensor_decorator.py
[2025-09-27T10:40:54.337+0545] {processor.py:925} INFO - DAG(s) 'example_sensor_decorator' retrieved from /home/ashok/miniconda3/envs/mysecondenvironment/lib/python3.8/site-packages/airflow/example_dags/example_sensor_decorator.py
[2025-09-27T10:40:54.349+0545] {logging_mixin.py:190} INFO - [2025-09-27T10:40:54.349+0545] {dag.py:3239} INFO - Sync 1 DAGs
[2025-09-27T10:40:54.356+0545] {logging_mixin.py:190} INFO - [2025-09-27T10:40:54.356+0545] {dag.py:4180} INFO - Setting next_dagrun for example_sensor_decorator to None, run_after=None
[2025-09-27T10:40:54.379+0545] {processor.py:208} INFO - Processing /home/ashok/miniconda3/envs/mysecondenvironment/lib/python3.8/site-packages/airflow/example_dags/example_sensor_decorator.py took 0.055 seconds
[2025-09-27T10:42:04.123+0545] {processor.py:186} INFO - Started process (PID=42812) to work on /home/ashok/miniconda3/envs/mysecondenvironment/lib/python3.8/site-packages/airflow/example_dags/example_sensor_decorator.py
[2025-09-27T10:42:04.125+0545] {processor.py:914} INFO - Processing file /home/ashok/miniconda3/envs/mysecondenvironment/lib/python3.8/site-packages/airflow/example_dags/example_sensor_decorator.py for tasks to queue
[2025-09-27T10:42:04.127+0545] {logging_mixin.py:190} INFO - [2025-09-27T10:42:04.126+0545] {dagbag.py:588} INFO - Filling up the DagBag from /home/ashok/miniconda3/envs/mysecondenvironment/lib/python3.8/site-packages/airflow/example_dags/example_sensor_decorator.py
[2025-09-27T10:42:04.132+0545] {processor.py:925} INFO - DAG(s) 'example_sensor_decorator' retrieved from /home/ashok/miniconda3/envs/mysecondenvironment/lib/python3.8/site-packages/airflow/example_dags/example_sensor_decorator.py
[2025-09-27T10:42:04.141+0545] {logging_mixin.py:190} INFO - [2025-09-27T10:42:04.140+0545] {dag.py:3239} INFO - Sync 1 DAGs
[2025-09-27T10:42:04.151+0545] {logging_mixin.py:190} INFO - [2025-09-27T10:42:04.151+0545] {dag.py:4180} INFO - Setting next_dagrun for example_sensor_decorator to None, run_after=None
[2025-09-27T10:42:04.170+0545] {processor.py:208} INFO - Processing /home/ashok/miniconda3/envs/mysecondenvironment/lib/python3.8/site-packages/airflow/example_dags/example_sensor_decorator.py took 0.051 seconds
