[2025-09-27T10:18:37.572+0545] {processor.py:186} INFO - Started process (PID=27349) to work on /home/ashok/miniconda3/envs/mysecondenvironment/lib/python3.8/site-packages/airflow/example_dags/example_task_group_decorator.py
[2025-09-27T10:18:37.573+0545] {processor.py:914} INFO - Processing file /home/ashok/miniconda3/envs/mysecondenvironment/lib/python3.8/site-packages/airflow/example_dags/example_task_group_decorator.py for tasks to queue
[2025-09-27T10:18:37.575+0545] {logging_mixin.py:190} INFO - [2025-09-27T10:18:37.574+0545] {dagbag.py:588} INFO - Filling up the DagBag from /home/ashok/miniconda3/envs/mysecondenvironment/lib/python3.8/site-packages/airflow/example_dags/example_task_group_decorator.py
[2025-09-27T10:18:37.588+0545] {processor.py:925} INFO - DAG(s) 'example_task_group_decorator' retrieved from /home/ashok/miniconda3/envs/mysecondenvironment/lib/python3.8/site-packages/airflow/example_dags/example_task_group_decorator.py
[2025-09-27T10:18:37.606+0545] {logging_mixin.py:190} INFO - [2025-09-27T10:18:37.606+0545] {dag.py:3239} INFO - Sync 1 DAGs
[2025-09-27T10:18:37.617+0545] {logging_mixin.py:190} INFO - [2025-09-27T10:18:37.617+0545] {dag.py:4180} INFO - Setting next_dagrun for example_task_group_decorator to None, run_after=None
[2025-09-27T10:18:37.639+0545] {processor.py:208} INFO - Processing /home/ashok/miniconda3/envs/mysecondenvironment/lib/python3.8/site-packages/airflow/example_dags/example_task_group_decorator.py took 0.070 seconds
[2025-09-27T10:20:20.695+0545] {processor.py:186} INFO - Started process (PID=29005) to work on /home/ashok/miniconda3/envs/mysecondenvironment/lib/python3.8/site-packages/airflow/example_dags/example_task_group_decorator.py
[2025-09-27T10:20:20.698+0545] {processor.py:914} INFO - Processing file /home/ashok/miniconda3/envs/mysecondenvironment/lib/python3.8/site-packages/airflow/example_dags/example_task_group_decorator.py for tasks to queue
[2025-09-27T10:20:20.702+0545] {logging_mixin.py:190} INFO - [2025-09-27T10:20:20.701+0545] {dagbag.py:588} INFO - Filling up the DagBag from /home/ashok/miniconda3/envs/mysecondenvironment/lib/python3.8/site-packages/airflow/example_dags/example_task_group_decorator.py
[2025-09-27T10:20:20.723+0545] {processor.py:925} INFO - DAG(s) 'example_task_group_decorator' retrieved from /home/ashok/miniconda3/envs/mysecondenvironment/lib/python3.8/site-packages/airflow/example_dags/example_task_group_decorator.py
[2025-09-27T10:20:20.747+0545] {logging_mixin.py:190} INFO - [2025-09-27T10:20:20.747+0545] {dag.py:3239} INFO - Sync 1 DAGs
[2025-09-27T10:20:20.763+0545] {logging_mixin.py:190} INFO - [2025-09-27T10:20:20.763+0545] {dag.py:4180} INFO - Setting next_dagrun for example_task_group_decorator to None, run_after=None
[2025-09-27T10:20:20.794+0545] {processor.py:208} INFO - Processing /home/ashok/miniconda3/envs/mysecondenvironment/lib/python3.8/site-packages/airflow/example_dags/example_task_group_decorator.py took 0.108 seconds
[2025-09-27T10:21:20.452+0545] {processor.py:186} INFO - Started process (PID=29395) to work on /home/ashok/miniconda3/envs/mysecondenvironment/lib/python3.8/site-packages/airflow/example_dags/example_task_group_decorator.py
[2025-09-27T10:21:20.454+0545] {processor.py:914} INFO - Processing file /home/ashok/miniconda3/envs/mysecondenvironment/lib/python3.8/site-packages/airflow/example_dags/example_task_group_decorator.py for tasks to queue
[2025-09-27T10:21:20.456+0545] {logging_mixin.py:190} INFO - [2025-09-27T10:21:20.456+0545] {dagbag.py:588} INFO - Filling up the DagBag from /home/ashok/miniconda3/envs/mysecondenvironment/lib/python3.8/site-packages/airflow/example_dags/example_task_group_decorator.py
[2025-09-27T10:21:20.477+0545] {processor.py:925} INFO - DAG(s) 'example_task_group_decorator' retrieved from /home/ashok/miniconda3/envs/mysecondenvironment/lib/python3.8/site-packages/airflow/example_dags/example_task_group_decorator.py
[2025-09-27T10:21:20.503+0545] {logging_mixin.py:190} INFO - [2025-09-27T10:21:20.502+0545] {dag.py:3239} INFO - Sync 1 DAGs
[2025-09-27T10:21:20.518+0545] {logging_mixin.py:190} INFO - [2025-09-27T10:21:20.518+0545] {dag.py:4180} INFO - Setting next_dagrun for example_task_group_decorator to None, run_after=None
[2025-09-27T10:21:20.548+0545] {processor.py:208} INFO - Processing /home/ashok/miniconda3/envs/mysecondenvironment/lib/python3.8/site-packages/airflow/example_dags/example_task_group_decorator.py took 0.105 seconds
[2025-09-27T10:22:24.960+0545] {processor.py:186} INFO - Started process (PID=29859) to work on /home/ashok/miniconda3/envs/mysecondenvironment/lib/python3.8/site-packages/airflow/example_dags/example_task_group_decorator.py
[2025-09-27T10:22:24.962+0545] {processor.py:914} INFO - Processing file /home/ashok/miniconda3/envs/mysecondenvironment/lib/python3.8/site-packages/airflow/example_dags/example_task_group_decorator.py for tasks to queue
[2025-09-27T10:22:24.965+0545] {logging_mixin.py:190} INFO - [2025-09-27T10:22:24.965+0545] {dagbag.py:588} INFO - Filling up the DagBag from /home/ashok/miniconda3/envs/mysecondenvironment/lib/python3.8/site-packages/airflow/example_dags/example_task_group_decorator.py
[2025-09-27T10:22:24.979+0545] {processor.py:925} INFO - DAG(s) 'example_task_group_decorator' retrieved from /home/ashok/miniconda3/envs/mysecondenvironment/lib/python3.8/site-packages/airflow/example_dags/example_task_group_decorator.py
[2025-09-27T10:22:24.999+0545] {logging_mixin.py:190} INFO - [2025-09-27T10:22:24.999+0545] {dag.py:3239} INFO - Sync 1 DAGs
[2025-09-27T10:22:25.010+0545] {logging_mixin.py:190} INFO - [2025-09-27T10:22:25.010+0545] {dag.py:4180} INFO - Setting next_dagrun for example_task_group_decorator to None, run_after=None
[2025-09-27T10:22:25.034+0545] {processor.py:208} INFO - Processing /home/ashok/miniconda3/envs/mysecondenvironment/lib/python3.8/site-packages/airflow/example_dags/example_task_group_decorator.py took 0.081 seconds
[2025-09-27T10:39:13.322+0545] {processor.py:186} INFO - Started process (PID=40365) to work on /home/ashok/miniconda3/envs/mysecondenvironment/lib/python3.8/site-packages/airflow/example_dags/example_task_group_decorator.py
[2025-09-27T10:39:13.323+0545] {processor.py:914} INFO - Processing file /home/ashok/miniconda3/envs/mysecondenvironment/lib/python3.8/site-packages/airflow/example_dags/example_task_group_decorator.py for tasks to queue
[2025-09-27T10:39:13.324+0545] {logging_mixin.py:190} INFO - [2025-09-27T10:39:13.324+0545] {dagbag.py:588} INFO - Filling up the DagBag from /home/ashok/miniconda3/envs/mysecondenvironment/lib/python3.8/site-packages/airflow/example_dags/example_task_group_decorator.py
[2025-09-27T10:39:13.334+0545] {processor.py:925} INFO - DAG(s) 'example_task_group_decorator' retrieved from /home/ashok/miniconda3/envs/mysecondenvironment/lib/python3.8/site-packages/airflow/example_dags/example_task_group_decorator.py
[2025-09-27T10:39:13.348+0545] {logging_mixin.py:190} INFO - [2025-09-27T10:39:13.347+0545] {dag.py:3239} INFO - Sync 1 DAGs
[2025-09-27T10:39:13.355+0545] {logging_mixin.py:190} INFO - [2025-09-27T10:39:13.355+0545] {dag.py:4180} INFO - Setting next_dagrun for example_task_group_decorator to None, run_after=None
[2025-09-27T10:39:13.372+0545] {processor.py:208} INFO - Processing /home/ashok/miniconda3/envs/mysecondenvironment/lib/python3.8/site-packages/airflow/example_dags/example_task_group_decorator.py took 0.055 seconds
[2025-09-27T10:41:56.060+0545] {processor.py:186} INFO - Started process (PID=42658) to work on /home/ashok/miniconda3/envs/mysecondenvironment/lib/python3.8/site-packages/airflow/example_dags/example_task_group_decorator.py
[2025-09-27T10:41:56.063+0545] {processor.py:914} INFO - Processing file /home/ashok/miniconda3/envs/mysecondenvironment/lib/python3.8/site-packages/airflow/example_dags/example_task_group_decorator.py for tasks to queue
[2025-09-27T10:41:56.067+0545] {logging_mixin.py:190} INFO - [2025-09-27T10:41:56.066+0545] {dagbag.py:588} INFO - Filling up the DagBag from /home/ashok/miniconda3/envs/mysecondenvironment/lib/python3.8/site-packages/airflow/example_dags/example_task_group_decorator.py
[2025-09-27T10:41:56.091+0545] {processor.py:925} INFO - DAG(s) 'example_task_group_decorator' retrieved from /home/ashok/miniconda3/envs/mysecondenvironment/lib/python3.8/site-packages/airflow/example_dags/example_task_group_decorator.py
[2025-09-27T10:41:56.119+0545] {logging_mixin.py:190} INFO - [2025-09-27T10:41:56.118+0545] {dag.py:3239} INFO - Sync 1 DAGs
[2025-09-27T10:41:56.135+0545] {logging_mixin.py:190} INFO - [2025-09-27T10:41:56.135+0545] {dag.py:4180} INFO - Setting next_dagrun for example_task_group_decorator to None, run_after=None
[2025-09-27T10:41:56.163+0545] {processor.py:208} INFO - Processing /home/ashok/miniconda3/envs/mysecondenvironment/lib/python3.8/site-packages/airflow/example_dags/example_task_group_decorator.py took 0.112 seconds
