[2025-09-27T10:19:49.419+0545] {processor.py:186} INFO - Started process (PID=28643) to work on /home/ashok/miniconda3/envs/mysecondenvironment/lib/python3.8/site-packages/airflow/example_dags/example_branch_datetime_operator.py
[2025-09-27T10:19:49.419+0545] {processor.py:914} INFO - Processing file /home/ashok/miniconda3/envs/mysecondenvironment/lib/python3.8/site-packages/airflow/example_dags/example_branch_datetime_operator.py for tasks to queue
[2025-09-27T10:19:49.421+0545] {logging_mixin.py:190} INFO - [2025-09-27T10:19:49.420+0545] {dagbag.py:588} INFO - Filling up the DagBag from /home/ashok/miniconda3/envs/mysecondenvironment/lib/python3.8/site-packages/airflow/example_dags/example_branch_datetime_operator.py
[2025-09-27T10:19:49.432+0545] {processor.py:925} INFO - DAG(s) 'example_branch_datetime_operator_3', 'example_branch_datetime_operator', 'example_branch_datetime_operator_2' retrieved from /home/ashok/miniconda3/envs/mysecondenvironment/lib/python3.8/site-packages/airflow/example_dags/example_branch_datetime_operator.py
[2025-09-27T10:19:49.451+0545] {logging_mixin.py:190} INFO - [2025-09-27T10:19:49.450+0545] {dag.py:3239} INFO - Sync 3 DAGs
[2025-09-27T10:19:49.466+0545] {logging_mixin.py:190} INFO - [2025-09-27T10:19:49.466+0545] {dag.py:4180} INFO - Setting next_dagrun for example_branch_datetime_operator to 2025-09-26 00:00:00+00:00, run_after=2025-09-27 00:00:00+00:00
[2025-09-27T10:19:49.469+0545] {logging_mixin.py:190} INFO - [2025-09-27T10:19:49.469+0545] {dag.py:4180} INFO - Setting next_dagrun for example_branch_datetime_operator_2 to 2025-09-26 00:00:00+00:00, run_after=2025-09-27 00:00:00+00:00
[2025-09-27T10:19:49.470+0545] {logging_mixin.py:190} INFO - [2025-09-27T10:19:49.470+0545] {dag.py:4180} INFO - Setting next_dagrun for example_branch_datetime_operator_3 to 2025-09-26 00:00:00+00:00, run_after=2025-09-27 00:00:00+00:00
[2025-09-27T10:19:49.488+0545] {processor.py:208} INFO - Processing /home/ashok/miniconda3/envs/mysecondenvironment/lib/python3.8/site-packages/airflow/example_dags/example_branch_datetime_operator.py took 0.075 seconds
[2025-09-27T10:20:54.295+0545] {processor.py:186} INFO - Started process (PID=29228) to work on /home/ashok/miniconda3/envs/mysecondenvironment/lib/python3.8/site-packages/airflow/example_dags/example_branch_datetime_operator.py
[2025-09-27T10:20:54.297+0545] {processor.py:914} INFO - Processing file /home/ashok/miniconda3/envs/mysecondenvironment/lib/python3.8/site-packages/airflow/example_dags/example_branch_datetime_operator.py for tasks to queue
[2025-09-27T10:20:54.300+0545] {logging_mixin.py:190} INFO - [2025-09-27T10:20:54.299+0545] {dagbag.py:588} INFO - Filling up the DagBag from /home/ashok/miniconda3/envs/mysecondenvironment/lib/python3.8/site-packages/airflow/example_dags/example_branch_datetime_operator.py
[2025-09-27T10:20:54.318+0545] {processor.py:925} INFO - DAG(s) 'example_branch_datetime_operator', 'example_branch_datetime_operator_2', 'example_branch_datetime_operator_3' retrieved from /home/ashok/miniconda3/envs/mysecondenvironment/lib/python3.8/site-packages/airflow/example_dags/example_branch_datetime_operator.py
[2025-09-27T10:20:54.346+0545] {logging_mixin.py:190} INFO - [2025-09-27T10:20:54.346+0545] {dag.py:3239} INFO - Sync 3 DAGs
[2025-09-27T10:20:54.376+0545] {logging_mixin.py:190} INFO - [2025-09-27T10:20:54.376+0545] {dag.py:4180} INFO - Setting next_dagrun for example_branch_datetime_operator to 2025-09-26 00:00:00+00:00, run_after=2025-09-27 00:00:00+00:00
[2025-09-27T10:20:54.381+0545] {logging_mixin.py:190} INFO - [2025-09-27T10:20:54.381+0545] {dag.py:4180} INFO - Setting next_dagrun for example_branch_datetime_operator_2 to 2025-09-26 00:00:00+00:00, run_after=2025-09-27 00:00:00+00:00
[2025-09-27T10:20:54.383+0545] {logging_mixin.py:190} INFO - [2025-09-27T10:20:54.383+0545] {dag.py:4180} INFO - Setting next_dagrun for example_branch_datetime_operator_3 to 2025-09-26 00:00:00+00:00, run_after=2025-09-27 00:00:00+00:00
[2025-09-27T10:20:54.414+0545] {processor.py:208} INFO - Processing /home/ashok/miniconda3/envs/mysecondenvironment/lib/python3.8/site-packages/airflow/example_dags/example_branch_datetime_operator.py took 0.129 seconds
[2025-09-27T10:21:56.830+0545] {processor.py:186} INFO - Started process (PID=29663) to work on /home/ashok/miniconda3/envs/mysecondenvironment/lib/python3.8/site-packages/airflow/example_dags/example_branch_datetime_operator.py
[2025-09-27T10:21:56.832+0545] {processor.py:914} INFO - Processing file /home/ashok/miniconda3/envs/mysecondenvironment/lib/python3.8/site-packages/airflow/example_dags/example_branch_datetime_operator.py for tasks to queue
[2025-09-27T10:21:56.835+0545] {logging_mixin.py:190} INFO - [2025-09-27T10:21:56.834+0545] {dagbag.py:588} INFO - Filling up the DagBag from /home/ashok/miniconda3/envs/mysecondenvironment/lib/python3.8/site-packages/airflow/example_dags/example_branch_datetime_operator.py
[2025-09-27T10:21:56.850+0545] {processor.py:925} INFO - DAG(s) 'example_branch_datetime_operator', 'example_branch_datetime_operator_3', 'example_branch_datetime_operator_2' retrieved from /home/ashok/miniconda3/envs/mysecondenvironment/lib/python3.8/site-packages/airflow/example_dags/example_branch_datetime_operator.py
[2025-09-27T10:21:56.874+0545] {logging_mixin.py:190} INFO - [2025-09-27T10:21:56.873+0545] {dag.py:3239} INFO - Sync 3 DAGs
[2025-09-27T10:21:56.897+0545] {logging_mixin.py:190} INFO - [2025-09-27T10:21:56.897+0545] {dag.py:4180} INFO - Setting next_dagrun for example_branch_datetime_operator to 2025-09-26 00:00:00+00:00, run_after=2025-09-27 00:00:00+00:00
[2025-09-27T10:21:56.901+0545] {logging_mixin.py:190} INFO - [2025-09-27T10:21:56.901+0545] {dag.py:4180} INFO - Setting next_dagrun for example_branch_datetime_operator_2 to 2025-09-26 00:00:00+00:00, run_after=2025-09-27 00:00:00+00:00
[2025-09-27T10:21:56.903+0545] {logging_mixin.py:190} INFO - [2025-09-27T10:21:56.903+0545] {dag.py:4180} INFO - Setting next_dagrun for example_branch_datetime_operator_3 to 2025-09-26 00:00:00+00:00, run_after=2025-09-27 00:00:00+00:00
[2025-09-27T10:21:56.926+0545] {processor.py:208} INFO - Processing /home/ashok/miniconda3/envs/mysecondenvironment/lib/python3.8/site-packages/airflow/example_dags/example_branch_datetime_operator.py took 0.104 seconds
[2025-09-27T10:41:28.073+0545] {processor.py:186} INFO - Started process (PID=42294) to work on /home/ashok/miniconda3/envs/mysecondenvironment/lib/python3.8/site-packages/airflow/example_dags/example_branch_datetime_operator.py
[2025-09-27T10:41:28.075+0545] {processor.py:914} INFO - Processing file /home/ashok/miniconda3/envs/mysecondenvironment/lib/python3.8/site-packages/airflow/example_dags/example_branch_datetime_operator.py for tasks to queue
[2025-09-27T10:41:28.077+0545] {logging_mixin.py:190} INFO - [2025-09-27T10:41:28.077+0545] {dagbag.py:588} INFO - Filling up the DagBag from /home/ashok/miniconda3/envs/mysecondenvironment/lib/python3.8/site-packages/airflow/example_dags/example_branch_datetime_operator.py
[2025-09-27T10:41:28.090+0545] {processor.py:925} INFO - DAG(s) 'example_branch_datetime_operator_3', 'example_branch_datetime_operator', 'example_branch_datetime_operator_2' retrieved from /home/ashok/miniconda3/envs/mysecondenvironment/lib/python3.8/site-packages/airflow/example_dags/example_branch_datetime_operator.py
[2025-09-27T10:41:28.109+0545] {logging_mixin.py:190} INFO - [2025-09-27T10:41:28.109+0545] {dag.py:3239} INFO - Sync 3 DAGs
[2025-09-27T10:41:28.128+0545] {logging_mixin.py:190} INFO - [2025-09-27T10:41:28.128+0545] {dag.py:4180} INFO - Setting next_dagrun for example_branch_datetime_operator to 2025-09-26 00:00:00+00:00, run_after=2025-09-27 00:00:00+00:00
[2025-09-27T10:41:28.130+0545] {logging_mixin.py:190} INFO - [2025-09-27T10:41:28.130+0545] {dag.py:4180} INFO - Setting next_dagrun for example_branch_datetime_operator_2 to 2025-09-26 00:00:00+00:00, run_after=2025-09-27 00:00:00+00:00
[2025-09-27T10:41:28.131+0545] {logging_mixin.py:190} INFO - [2025-09-27T10:41:28.131+0545] {dag.py:4180} INFO - Setting next_dagrun for example_branch_datetime_operator_3 to 2025-09-26 00:00:00+00:00, run_after=2025-09-27 00:00:00+00:00
[2025-09-27T10:41:28.157+0545] {processor.py:208} INFO - Processing /home/ashok/miniconda3/envs/mysecondenvironment/lib/python3.8/site-packages/airflow/example_dags/example_branch_datetime_operator.py took 0.090 seconds
[2025-09-27T10:42:26.602+0545] {processor.py:186} INFO - Started process (PID=43041) to work on /home/ashok/miniconda3/envs/mysecondenvironment/lib/python3.8/site-packages/airflow/example_dags/example_branch_datetime_operator.py
[2025-09-27T10:42:26.605+0545] {processor.py:914} INFO - Processing file /home/ashok/miniconda3/envs/mysecondenvironment/lib/python3.8/site-packages/airflow/example_dags/example_branch_datetime_operator.py for tasks to queue
[2025-09-27T10:42:26.607+0545] {logging_mixin.py:190} INFO - [2025-09-27T10:42:26.607+0545] {dagbag.py:588} INFO - Filling up the DagBag from /home/ashok/miniconda3/envs/mysecondenvironment/lib/python3.8/site-packages/airflow/example_dags/example_branch_datetime_operator.py
[2025-09-27T10:42:26.626+0545] {processor.py:925} INFO - DAG(s) 'example_branch_datetime_operator_3', 'example_branch_datetime_operator', 'example_branch_datetime_operator_2' retrieved from /home/ashok/miniconda3/envs/mysecondenvironment/lib/python3.8/site-packages/airflow/example_dags/example_branch_datetime_operator.py
[2025-09-27T10:42:26.651+0545] {logging_mixin.py:190} INFO - [2025-09-27T10:42:26.651+0545] {dag.py:3239} INFO - Sync 3 DAGs
[2025-09-27T10:42:26.678+0545] {logging_mixin.py:190} INFO - [2025-09-27T10:42:26.677+0545] {dag.py:4180} INFO - Setting next_dagrun for example_branch_datetime_operator to 2025-09-26 00:00:00+00:00, run_after=2025-09-27 00:00:00+00:00
[2025-09-27T10:42:26.686+0545] {logging_mixin.py:190} INFO - [2025-09-27T10:42:26.686+0545] {dag.py:4180} INFO - Setting next_dagrun for example_branch_datetime_operator_2 to 2025-09-26 00:00:00+00:00, run_after=2025-09-27 00:00:00+00:00
[2025-09-27T10:42:26.689+0545] {logging_mixin.py:190} INFO - [2025-09-27T10:42:26.689+0545] {dag.py:4180} INFO - Setting next_dagrun for example_branch_datetime_operator_3 to 2025-09-26 00:00:00+00:00, run_after=2025-09-27 00:00:00+00:00
[2025-09-27T10:42:26.718+0545] {processor.py:208} INFO - Processing /home/ashok/miniconda3/envs/mysecondenvironment/lib/python3.8/site-packages/airflow/example_dags/example_branch_datetime_operator.py took 0.125 seconds
