[2025-09-27T10:19:41.981+0545] {processor.py:186} INFO - Started process (PID=28523) to work on /home/ashok/miniconda3/envs/mysecondenvironment/lib/python3.8/site-packages/airflow/example_dags/example_display_name.py
[2025-09-27T10:19:41.983+0545] {processor.py:914} INFO - Processing file /home/ashok/miniconda3/envs/mysecondenvironment/lib/python3.8/site-packages/airflow/example_dags/example_display_name.py for tasks to queue
[2025-09-27T10:19:41.987+0545] {logging_mixin.py:190} INFO - [2025-09-27T10:19:41.986+0545] {dagbag.py:588} INFO - Filling up the DagBag from /home/ashok/miniconda3/envs/mysecondenvironment/lib/python3.8/site-packages/airflow/example_dags/example_display_name.py
[2025-09-27T10:19:41.999+0545] {processor.py:925} INFO - DAG(s) 'example_display_name' retrieved from /home/ashok/miniconda3/envs/mysecondenvironment/lib/python3.8/site-packages/airflow/example_dags/example_display_name.py
[2025-09-27T10:19:42.022+0545] {logging_mixin.py:190} INFO - [2025-09-27T10:19:42.022+0545] {dag.py:3239} INFO - Sync 1 DAGs
[2025-09-27T10:19:42.040+0545] {logging_mixin.py:190} INFO - [2025-09-27T10:19:42.040+0545] {dag.py:4180} INFO - Setting next_dagrun for example_display_name to None, run_after=None
[2025-09-27T10:19:42.074+0545] {processor.py:208} INFO - Processing /home/ashok/miniconda3/envs/mysecondenvironment/lib/python3.8/site-packages/airflow/example_dags/example_display_name.py took 0.102 seconds
[2025-09-27T10:20:48.505+0545] {processor.py:186} INFO - Started process (PID=29189) to work on /home/ashok/miniconda3/envs/mysecondenvironment/lib/python3.8/site-packages/airflow/example_dags/example_display_name.py
[2025-09-27T10:20:48.508+0545] {processor.py:914} INFO - Processing file /home/ashok/miniconda3/envs/mysecondenvironment/lib/python3.8/site-packages/airflow/example_dags/example_display_name.py for tasks to queue
[2025-09-27T10:20:48.510+0545] {logging_mixin.py:190} INFO - [2025-09-27T10:20:48.510+0545] {dagbag.py:588} INFO - Filling up the DagBag from /home/ashok/miniconda3/envs/mysecondenvironment/lib/python3.8/site-packages/airflow/example_dags/example_display_name.py
[2025-09-27T10:20:48.521+0545] {processor.py:925} INFO - DAG(s) 'example_display_name' retrieved from /home/ashok/miniconda3/envs/mysecondenvironment/lib/python3.8/site-packages/airflow/example_dags/example_display_name.py
[2025-09-27T10:20:48.540+0545] {logging_mixin.py:190} INFO - [2025-09-27T10:20:48.540+0545] {dag.py:3239} INFO - Sync 1 DAGs
[2025-09-27T10:20:48.556+0545] {logging_mixin.py:190} INFO - [2025-09-27T10:20:48.556+0545] {dag.py:4180} INFO - Setting next_dagrun for example_display_name to None, run_after=None
[2025-09-27T10:20:48.587+0545] {processor.py:208} INFO - Processing /home/ashok/miniconda3/envs/mysecondenvironment/lib/python3.8/site-packages/airflow/example_dags/example_display_name.py took 0.091 seconds
[2025-09-27T10:21:51.054+0545] {processor.py:186} INFO - Started process (PID=29627) to work on /home/ashok/miniconda3/envs/mysecondenvironment/lib/python3.8/site-packages/airflow/example_dags/example_display_name.py
[2025-09-27T10:21:51.056+0545] {processor.py:914} INFO - Processing file /home/ashok/miniconda3/envs/mysecondenvironment/lib/python3.8/site-packages/airflow/example_dags/example_display_name.py for tasks to queue
[2025-09-27T10:21:51.059+0545] {logging_mixin.py:190} INFO - [2025-09-27T10:21:51.058+0545] {dagbag.py:588} INFO - Filling up the DagBag from /home/ashok/miniconda3/envs/mysecondenvironment/lib/python3.8/site-packages/airflow/example_dags/example_display_name.py
[2025-09-27T10:21:51.068+0545] {processor.py:925} INFO - DAG(s) 'example_display_name' retrieved from /home/ashok/miniconda3/envs/mysecondenvironment/lib/python3.8/site-packages/airflow/example_dags/example_display_name.py
[2025-09-27T10:21:51.087+0545] {logging_mixin.py:190} INFO - [2025-09-27T10:21:51.086+0545] {dag.py:3239} INFO - Sync 1 DAGs
[2025-09-27T10:21:51.099+0545] {logging_mixin.py:190} INFO - [2025-09-27T10:21:51.099+0545] {dag.py:4180} INFO - Setting next_dagrun for example_display_name to None, run_after=None
[2025-09-27T10:21:51.125+0545] {processor.py:208} INFO - Processing /home/ashok/miniconda3/envs/mysecondenvironment/lib/python3.8/site-packages/airflow/example_dags/example_display_name.py took 0.079 seconds
[2025-09-27T10:41:20.720+0545] {processor.py:186} INFO - Started process (PID=42230) to work on /home/ashok/miniconda3/envs/mysecondenvironment/lib/python3.8/site-packages/airflow/example_dags/example_display_name.py
[2025-09-27T10:41:20.723+0545] {processor.py:914} INFO - Processing file /home/ashok/miniconda3/envs/mysecondenvironment/lib/python3.8/site-packages/airflow/example_dags/example_display_name.py for tasks to queue
[2025-09-27T10:41:20.726+0545] {logging_mixin.py:190} INFO - [2025-09-27T10:41:20.725+0545] {dagbag.py:588} INFO - Filling up the DagBag from /home/ashok/miniconda3/envs/mysecondenvironment/lib/python3.8/site-packages/airflow/example_dags/example_display_name.py
[2025-09-27T10:41:20.736+0545] {processor.py:925} INFO - DAG(s) 'example_display_name' retrieved from /home/ashok/miniconda3/envs/mysecondenvironment/lib/python3.8/site-packages/airflow/example_dags/example_display_name.py
[2025-09-27T10:41:20.758+0545] {logging_mixin.py:190} INFO - [2025-09-27T10:41:20.758+0545] {dag.py:3239} INFO - Sync 1 DAGs
[2025-09-27T10:41:20.773+0545] {logging_mixin.py:190} INFO - [2025-09-27T10:41:20.773+0545] {dag.py:4180} INFO - Setting next_dagrun for example_display_name to None, run_after=None
[2025-09-27T10:41:20.806+0545] {processor.py:208} INFO - Processing /home/ashok/miniconda3/envs/mysecondenvironment/lib/python3.8/site-packages/airflow/example_dags/example_display_name.py took 0.096 seconds
[2025-09-27T10:42:22.068+0545] {processor.py:186} INFO - Started process (PID=43013) to work on /home/ashok/miniconda3/envs/mysecondenvironment/lib/python3.8/site-packages/airflow/example_dags/example_display_name.py
[2025-09-27T10:42:22.071+0545] {processor.py:914} INFO - Processing file /home/ashok/miniconda3/envs/mysecondenvironment/lib/python3.8/site-packages/airflow/example_dags/example_display_name.py for tasks to queue
[2025-09-27T10:42:22.075+0545] {logging_mixin.py:190} INFO - [2025-09-27T10:42:22.074+0545] {dagbag.py:588} INFO - Filling up the DagBag from /home/ashok/miniconda3/envs/mysecondenvironment/lib/python3.8/site-packages/airflow/example_dags/example_display_name.py
[2025-09-27T10:42:22.087+0545] {processor.py:925} INFO - DAG(s) 'example_display_name' retrieved from /home/ashok/miniconda3/envs/mysecondenvironment/lib/python3.8/site-packages/airflow/example_dags/example_display_name.py
[2025-09-27T10:42:22.106+0545] {logging_mixin.py:190} INFO - [2025-09-27T10:42:22.105+0545] {dag.py:3239} INFO - Sync 1 DAGs
[2025-09-27T10:42:22.124+0545] {logging_mixin.py:190} INFO - [2025-09-27T10:42:22.124+0545] {dag.py:4180} INFO - Setting next_dagrun for example_display_name to None, run_after=None
[2025-09-27T10:42:22.155+0545] {processor.py:208} INFO - Processing /home/ashok/miniconda3/envs/mysecondenvironment/lib/python3.8/site-packages/airflow/example_dags/example_display_name.py took 0.094 seconds
