[2025-09-27T10:19:26.497+0545] {processor.py:186} INFO - Started process (PID=28321) to work on /home/ashok/miniconda3/envs/mysecondenvironment/lib/python3.8/site-packages/airflow/example_dags/example_params_trigger_ui.py
[2025-09-27T10:19:26.498+0545] {processor.py:914} INFO - Processing file /home/ashok/miniconda3/envs/mysecondenvironment/lib/python3.8/site-packages/airflow/example_dags/example_params_trigger_ui.py for tasks to queue
[2025-09-27T10:19:26.501+0545] {logging_mixin.py:190} INFO - [2025-09-27T10:19:26.501+0545] {dagbag.py:588} INFO - Filling up the DagBag from /home/ashok/miniconda3/envs/mysecondenvironment/lib/python3.8/site-packages/airflow/example_dags/example_params_trigger_ui.py
[2025-09-27T10:19:26.513+0545] {processor.py:925} INFO - DAG(s) 'example_params_trigger_ui' retrieved from /home/ashok/miniconda3/envs/mysecondenvironment/lib/python3.8/site-packages/airflow/example_dags/example_params_trigger_ui.py
[2025-09-27T10:19:26.554+0545] {logging_mixin.py:190} INFO - [2025-09-27T10:19:26.554+0545] {dag.py:3239} INFO - Sync 1 DAGs
[2025-09-27T10:19:26.568+0545] {logging_mixin.py:190} INFO - [2025-09-27T10:19:26.567+0545] {dag.py:4180} INFO - Setting next_dagrun for example_params_trigger_ui to None, run_after=None
[2025-09-27T10:19:26.592+0545] {processor.py:208} INFO - Processing /home/ashok/miniconda3/envs/mysecondenvironment/lib/python3.8/site-packages/airflow/example_dags/example_params_trigger_ui.py took 0.101 seconds
[2025-09-27T10:20:30.052+0545] {processor.py:186} INFO - Started process (PID=29058) to work on /home/ashok/miniconda3/envs/mysecondenvironment/lib/python3.8/site-packages/airflow/example_dags/example_params_trigger_ui.py
[2025-09-27T10:20:30.055+0545] {processor.py:914} INFO - Processing file /home/ashok/miniconda3/envs/mysecondenvironment/lib/python3.8/site-packages/airflow/example_dags/example_params_trigger_ui.py for tasks to queue
[2025-09-27T10:20:30.057+0545] {logging_mixin.py:190} INFO - [2025-09-27T10:20:30.057+0545] {dagbag.py:588} INFO - Filling up the DagBag from /home/ashok/miniconda3/envs/mysecondenvironment/lib/python3.8/site-packages/airflow/example_dags/example_params_trigger_ui.py
[2025-09-27T10:20:30.072+0545] {processor.py:925} INFO - DAG(s) 'example_params_trigger_ui' retrieved from /home/ashok/miniconda3/envs/mysecondenvironment/lib/python3.8/site-packages/airflow/example_dags/example_params_trigger_ui.py
[2025-09-27T10:20:30.122+0545] {logging_mixin.py:190} INFO - [2025-09-27T10:20:30.122+0545] {dag.py:3239} INFO - Sync 1 DAGs
[2025-09-27T10:20:30.138+0545] {logging_mixin.py:190} INFO - [2025-09-27T10:20:30.137+0545] {dag.py:4180} INFO - Setting next_dagrun for example_params_trigger_ui to None, run_after=None
[2025-09-27T10:20:30.166+0545] {processor.py:208} INFO - Processing /home/ashok/miniconda3/envs/mysecondenvironment/lib/python3.8/site-packages/airflow/example_dags/example_params_trigger_ui.py took 0.123 seconds
[2025-09-27T10:21:30.858+0545] {processor.py:186} INFO - Started process (PID=29467) to work on /home/ashok/miniconda3/envs/mysecondenvironment/lib/python3.8/site-packages/airflow/example_dags/example_params_trigger_ui.py
[2025-09-27T10:21:30.860+0545] {processor.py:914} INFO - Processing file /home/ashok/miniconda3/envs/mysecondenvironment/lib/python3.8/site-packages/airflow/example_dags/example_params_trigger_ui.py for tasks to queue
[2025-09-27T10:21:30.862+0545] {logging_mixin.py:190} INFO - [2025-09-27T10:21:30.862+0545] {dagbag.py:588} INFO - Filling up the DagBag from /home/ashok/miniconda3/envs/mysecondenvironment/lib/python3.8/site-packages/airflow/example_dags/example_params_trigger_ui.py
[2025-09-27T10:21:30.873+0545] {processor.py:925} INFO - DAG(s) 'example_params_trigger_ui' retrieved from /home/ashok/miniconda3/envs/mysecondenvironment/lib/python3.8/site-packages/airflow/example_dags/example_params_trigger_ui.py
[2025-09-27T10:21:30.902+0545] {logging_mixin.py:190} INFO - [2025-09-27T10:21:30.902+0545] {dag.py:3239} INFO - Sync 1 DAGs
[2025-09-27T10:21:30.911+0545] {logging_mixin.py:190} INFO - [2025-09-27T10:21:30.910+0545] {dag.py:4180} INFO - Setting next_dagrun for example_params_trigger_ui to None, run_after=None
[2025-09-27T10:21:30.932+0545] {processor.py:208} INFO - Processing /home/ashok/miniconda3/envs/mysecondenvironment/lib/python3.8/site-packages/airflow/example_dags/example_params_trigger_ui.py took 0.080 seconds
[2025-09-27T10:22:34.397+0545] {processor.py:186} INFO - Started process (PID=29922) to work on /home/ashok/miniconda3/envs/mysecondenvironment/lib/python3.8/site-packages/airflow/example_dags/example_params_trigger_ui.py
[2025-09-27T10:22:34.399+0545] {processor.py:914} INFO - Processing file /home/ashok/miniconda3/envs/mysecondenvironment/lib/python3.8/site-packages/airflow/example_dags/example_params_trigger_ui.py for tasks to queue
[2025-09-27T10:22:34.402+0545] {logging_mixin.py:190} INFO - [2025-09-27T10:22:34.401+0545] {dagbag.py:588} INFO - Filling up the DagBag from /home/ashok/miniconda3/envs/mysecondenvironment/lib/python3.8/site-packages/airflow/example_dags/example_params_trigger_ui.py
[2025-09-27T10:22:34.413+0545] {processor.py:925} INFO - DAG(s) 'example_params_trigger_ui' retrieved from /home/ashok/miniconda3/envs/mysecondenvironment/lib/python3.8/site-packages/airflow/example_dags/example_params_trigger_ui.py
[2025-09-27T10:22:34.454+0545] {logging_mixin.py:190} INFO - [2025-09-27T10:22:34.453+0545] {dag.py:3239} INFO - Sync 1 DAGs
[2025-09-27T10:22:34.465+0545] {logging_mixin.py:190} INFO - [2025-09-27T10:22:34.465+0545] {dag.py:4180} INFO - Setting next_dagrun for example_params_trigger_ui to None, run_after=None
[2025-09-27T10:22:34.492+0545] {processor.py:208} INFO - Processing /home/ashok/miniconda3/envs/mysecondenvironment/lib/python3.8/site-packages/airflow/example_dags/example_params_trigger_ui.py took 0.101 seconds
[2025-09-27T10:41:05.497+0545] {processor.py:186} INFO - Started process (PID=42036) to work on /home/ashok/miniconda3/envs/mysecondenvironment/lib/python3.8/site-packages/airflow/example_dags/example_params_trigger_ui.py
[2025-09-27T10:41:05.499+0545] {processor.py:914} INFO - Processing file /home/ashok/miniconda3/envs/mysecondenvironment/lib/python3.8/site-packages/airflow/example_dags/example_params_trigger_ui.py for tasks to queue
[2025-09-27T10:41:05.500+0545] {logging_mixin.py:190} INFO - [2025-09-27T10:41:05.500+0545] {dagbag.py:588} INFO - Filling up the DagBag from /home/ashok/miniconda3/envs/mysecondenvironment/lib/python3.8/site-packages/airflow/example_dags/example_params_trigger_ui.py
[2025-09-27T10:41:05.509+0545] {processor.py:925} INFO - DAG(s) 'example_params_trigger_ui' retrieved from /home/ashok/miniconda3/envs/mysecondenvironment/lib/python3.8/site-packages/airflow/example_dags/example_params_trigger_ui.py
[2025-09-27T10:41:05.534+0545] {logging_mixin.py:190} INFO - [2025-09-27T10:41:05.534+0545] {dag.py:3239} INFO - Sync 1 DAGs
[2025-09-27T10:41:05.542+0545] {logging_mixin.py:190} INFO - [2025-09-27T10:41:05.542+0545] {dag.py:4180} INFO - Setting next_dagrun for example_params_trigger_ui to None, run_after=None
[2025-09-27T10:41:05.559+0545] {processor.py:208} INFO - Processing /home/ashok/miniconda3/envs/mysecondenvironment/lib/python3.8/site-packages/airflow/example_dags/example_params_trigger_ui.py took 0.065 seconds
[2025-09-27T10:42:06.319+0545] {processor.py:186} INFO - Started process (PID=42826) to work on /home/ashok/miniconda3/envs/mysecondenvironment/lib/python3.8/site-packages/airflow/example_dags/example_params_trigger_ui.py
[2025-09-27T10:42:06.322+0545] {processor.py:914} INFO - Processing file /home/ashok/miniconda3/envs/mysecondenvironment/lib/python3.8/site-packages/airflow/example_dags/example_params_trigger_ui.py for tasks to queue
[2025-09-27T10:42:06.326+0545] {logging_mixin.py:190} INFO - [2025-09-27T10:42:06.325+0545] {dagbag.py:588} INFO - Filling up the DagBag from /home/ashok/miniconda3/envs/mysecondenvironment/lib/python3.8/site-packages/airflow/example_dags/example_params_trigger_ui.py
[2025-09-27T10:42:06.340+0545] {processor.py:925} INFO - DAG(s) 'example_params_trigger_ui' retrieved from /home/ashok/miniconda3/envs/mysecondenvironment/lib/python3.8/site-packages/airflow/example_dags/example_params_trigger_ui.py
[2025-09-27T10:42:06.393+0545] {logging_mixin.py:190} INFO - [2025-09-27T10:42:06.392+0545] {dag.py:3239} INFO - Sync 1 DAGs
[2025-09-27T10:42:06.406+0545] {logging_mixin.py:190} INFO - [2025-09-27T10:42:06.406+0545] {dag.py:4180} INFO - Setting next_dagrun for example_params_trigger_ui to None, run_after=None
[2025-09-27T10:42:06.439+0545] {processor.py:208} INFO - Processing /home/ashok/miniconda3/envs/mysecondenvironment/lib/python3.8/site-packages/airflow/example_dags/example_params_trigger_ui.py took 0.131 seconds
