[2025-09-27T10:19:47.111+0545] {processor.py:186} INFO - Started process (PID=28579) to work on /home/ashok/miniconda3/envs/mysecondenvironment/lib/python3.8/site-packages/airflow/example_dags/example_branch_operator_decorator.py
[2025-09-27T10:19:47.112+0545] {processor.py:914} INFO - Processing file /home/ashok/miniconda3/envs/mysecondenvironment/lib/python3.8/site-packages/airflow/example_dags/example_branch_operator_decorator.py for tasks to queue
[2025-09-27T10:19:47.115+0545] {logging_mixin.py:190} INFO - [2025-09-27T10:19:47.114+0545] {dagbag.py:588} INFO - Filling up the DagBag from /home/ashok/miniconda3/envs/mysecondenvironment/lib/python3.8/site-packages/airflow/example_dags/example_branch_operator_decorator.py
[2025-09-27T10:19:47.119+0545] {processor.py:927} WARNING - No viable dags retrieved from /home/ashok/miniconda3/envs/mysecondenvironment/lib/python3.8/site-packages/airflow/example_dags/example_branch_operator_decorator.py
[2025-09-27T10:19:47.132+0545] {processor.py:208} INFO - Processing /home/ashok/miniconda3/envs/mysecondenvironment/lib/python3.8/site-packages/airflow/example_dags/example_branch_operator_decorator.py took 0.027 seconds
[2025-09-27T10:20:52.449+0545] {processor.py:186} INFO - Started process (PID=29214) to work on /home/ashok/miniconda3/envs/mysecondenvironment/lib/python3.8/site-packages/airflow/example_dags/example_branch_operator_decorator.py
[2025-09-27T10:20:52.452+0545] {processor.py:914} INFO - Processing file /home/ashok/miniconda3/envs/mysecondenvironment/lib/python3.8/site-packages/airflow/example_dags/example_branch_operator_decorator.py for tasks to queue
[2025-09-27T10:20:52.456+0545] {logging_mixin.py:190} INFO - [2025-09-27T10:20:52.455+0545] {dagbag.py:588} INFO - Filling up the DagBag from /home/ashok/miniconda3/envs/mysecondenvironment/lib/python3.8/site-packages/airflow/example_dags/example_branch_operator_decorator.py
[2025-09-27T10:20:52.459+0545] {processor.py:927} WARNING - No viable dags retrieved from /home/ashok/miniconda3/envs/mysecondenvironment/lib/python3.8/site-packages/airflow/example_dags/example_branch_operator_decorator.py
[2025-09-27T10:20:52.474+0545] {processor.py:208} INFO - Processing /home/ashok/miniconda3/envs/mysecondenvironment/lib/python3.8/site-packages/airflow/example_dags/example_branch_operator_decorator.py took 0.032 seconds
[2025-09-27T10:21:54.425+0545] {processor.py:186} INFO - Started process (PID=29652) to work on /home/ashok/miniconda3/envs/mysecondenvironment/lib/python3.8/site-packages/airflow/example_dags/example_branch_operator_decorator.py
[2025-09-27T10:21:54.428+0545] {processor.py:914} INFO - Processing file /home/ashok/miniconda3/envs/mysecondenvironment/lib/python3.8/site-packages/airflow/example_dags/example_branch_operator_decorator.py for tasks to queue
[2025-09-27T10:21:54.431+0545] {logging_mixin.py:190} INFO - [2025-09-27T10:21:54.430+0545] {dagbag.py:588} INFO - Filling up the DagBag from /home/ashok/miniconda3/envs/mysecondenvironment/lib/python3.8/site-packages/airflow/example_dags/example_branch_operator_decorator.py
[2025-09-27T10:21:54.436+0545] {processor.py:927} WARNING - No viable dags retrieved from /home/ashok/miniconda3/envs/mysecondenvironment/lib/python3.8/site-packages/airflow/example_dags/example_branch_operator_decorator.py
[2025-09-27T10:21:54.449+0545] {processor.py:208} INFO - Processing /home/ashok/miniconda3/envs/mysecondenvironment/lib/python3.8/site-packages/airflow/example_dags/example_branch_operator_decorator.py took 0.032 seconds
[2025-09-27T10:41:25.785+0545] {processor.py:186} INFO - Started process (PID=42280) to work on /home/ashok/miniconda3/envs/mysecondenvironment/lib/python3.8/site-packages/airflow/example_dags/example_branch_operator_decorator.py
[2025-09-27T10:41:25.787+0545] {processor.py:914} INFO - Processing file /home/ashok/miniconda3/envs/mysecondenvironment/lib/python3.8/site-packages/airflow/example_dags/example_branch_operator_decorator.py for tasks to queue
[2025-09-27T10:41:25.790+0545] {logging_mixin.py:190} INFO - [2025-09-27T10:41:25.789+0545] {dagbag.py:588} INFO - Filling up the DagBag from /home/ashok/miniconda3/envs/mysecondenvironment/lib/python3.8/site-packages/airflow/example_dags/example_branch_operator_decorator.py
[2025-09-27T10:41:25.794+0545] {processor.py:927} WARNING - No viable dags retrieved from /home/ashok/miniconda3/envs/mysecondenvironment/lib/python3.8/site-packages/airflow/example_dags/example_branch_operator_decorator.py
[2025-09-27T10:41:25.806+0545] {processor.py:208} INFO - Processing /home/ashok/miniconda3/envs/mysecondenvironment/lib/python3.8/site-packages/airflow/example_dags/example_branch_operator_decorator.py took 0.030 seconds
[2025-09-27T10:42:25.199+0545] {processor.py:186} INFO - Started process (PID=43028) to work on /home/ashok/miniconda3/envs/mysecondenvironment/lib/python3.8/site-packages/airflow/example_dags/example_branch_operator_decorator.py
[2025-09-27T10:42:25.202+0545] {processor.py:914} INFO - Processing file /home/ashok/miniconda3/envs/mysecondenvironment/lib/python3.8/site-packages/airflow/example_dags/example_branch_operator_decorator.py for tasks to queue
[2025-09-27T10:42:25.206+0545] {logging_mixin.py:190} INFO - [2025-09-27T10:42:25.205+0545] {dagbag.py:588} INFO - Filling up the DagBag from /home/ashok/miniconda3/envs/mysecondenvironment/lib/python3.8/site-packages/airflow/example_dags/example_branch_operator_decorator.py
[2025-09-27T10:42:25.210+0545] {processor.py:927} WARNING - No viable dags retrieved from /home/ashok/miniconda3/envs/mysecondenvironment/lib/python3.8/site-packages/airflow/example_dags/example_branch_operator_decorator.py
[2025-09-27T10:42:25.225+0545] {processor.py:208} INFO - Processing /home/ashok/miniconda3/envs/mysecondenvironment/lib/python3.8/site-packages/airflow/example_dags/example_branch_operator_decorator.py took 0.033 seconds
