[2025-09-27T10:19:21.408+0545] {processor.py:186} INFO - Started process (PID=28247) to work on /home/ashok/miniconda3/envs/mysecondenvironment/lib/python3.8/site-packages/airflow/example_dags/example_params_ui_tutorial.py
[2025-09-27T10:19:21.409+0545] {processor.py:914} INFO - Processing file /home/ashok/miniconda3/envs/mysecondenvironment/lib/python3.8/site-packages/airflow/example_dags/example_params_ui_tutorial.py for tasks to queue
[2025-09-27T10:19:21.411+0545] {logging_mixin.py:190} INFO - [2025-09-27T10:19:21.410+0545] {dagbag.py:588} INFO - Filling up the DagBag from /home/ashok/miniconda3/envs/mysecondenvironment/lib/python3.8/site-packages/airflow/example_dags/example_params_ui_tutorial.py
[2025-09-27T10:19:21.421+0545] {processor.py:925} INFO - DAG(s) 'example_params_ui_tutorial' retrieved from /home/ashok/miniconda3/envs/mysecondenvironment/lib/python3.8/site-packages/airflow/example_dags/example_params_ui_tutorial.py
[2025-09-27T10:19:21.522+0545] {logging_mixin.py:190} INFO - [2025-09-27T10:19:21.522+0545] {dag.py:3239} INFO - Sync 1 DAGs
[2025-09-27T10:19:21.531+0545] {logging_mixin.py:190} INFO - [2025-09-27T10:19:21.531+0545] {dag.py:4180} INFO - Setting next_dagrun for example_params_ui_tutorial to None, run_after=None
[2025-09-27T10:19:21.558+0545] {processor.py:208} INFO - Processing /home/ashok/miniconda3/envs/mysecondenvironment/lib/python3.8/site-packages/airflow/example_dags/example_params_ui_tutorial.py took 0.157 seconds
[2025-09-27T10:20:24.897+0545] {processor.py:186} INFO - Started process (PID=29032) to work on /home/ashok/miniconda3/envs/mysecondenvironment/lib/python3.8/site-packages/airflow/example_dags/example_params_ui_tutorial.py
[2025-09-27T10:20:24.900+0545] {processor.py:914} INFO - Processing file /home/ashok/miniconda3/envs/mysecondenvironment/lib/python3.8/site-packages/airflow/example_dags/example_params_ui_tutorial.py for tasks to queue
[2025-09-27T10:20:24.903+0545] {logging_mixin.py:190} INFO - [2025-09-27T10:20:24.902+0545] {dagbag.py:588} INFO - Filling up the DagBag from /home/ashok/miniconda3/envs/mysecondenvironment/lib/python3.8/site-packages/airflow/example_dags/example_params_ui_tutorial.py
[2025-09-27T10:20:24.917+0545] {processor.py:925} INFO - DAG(s) 'example_params_ui_tutorial' retrieved from /home/ashok/miniconda3/envs/mysecondenvironment/lib/python3.8/site-packages/airflow/example_dags/example_params_ui_tutorial.py
[2025-09-27T10:20:24.968+0545] {logging_mixin.py:190} INFO - [2025-09-27T10:20:24.968+0545] {dag.py:3239} INFO - Sync 1 DAGs
[2025-09-27T10:20:24.985+0545] {logging_mixin.py:190} INFO - [2025-09-27T10:20:24.985+0545] {dag.py:4180} INFO - Setting next_dagrun for example_params_ui_tutorial to None, run_after=None
[2025-09-27T10:20:25.016+0545] {processor.py:208} INFO - Processing /home/ashok/miniconda3/envs/mysecondenvironment/lib/python3.8/site-packages/airflow/example_dags/example_params_ui_tutorial.py took 0.128 seconds
[2025-09-27T10:21:25.706+0545] {processor.py:186} INFO - Started process (PID=29431) to work on /home/ashok/miniconda3/envs/mysecondenvironment/lib/python3.8/site-packages/airflow/example_dags/example_params_ui_tutorial.py
[2025-09-27T10:21:25.708+0545] {processor.py:914} INFO - Processing file /home/ashok/miniconda3/envs/mysecondenvironment/lib/python3.8/site-packages/airflow/example_dags/example_params_ui_tutorial.py for tasks to queue
[2025-09-27T10:21:25.709+0545] {logging_mixin.py:190} INFO - [2025-09-27T10:21:25.709+0545] {dagbag.py:588} INFO - Filling up the DagBag from /home/ashok/miniconda3/envs/mysecondenvironment/lib/python3.8/site-packages/airflow/example_dags/example_params_ui_tutorial.py
[2025-09-27T10:21:25.720+0545] {processor.py:925} INFO - DAG(s) 'example_params_ui_tutorial' retrieved from /home/ashok/miniconda3/envs/mysecondenvironment/lib/python3.8/site-packages/airflow/example_dags/example_params_ui_tutorial.py
[2025-09-27T10:21:25.745+0545] {logging_mixin.py:190} INFO - [2025-09-27T10:21:25.745+0545] {dag.py:3239} INFO - Sync 1 DAGs
[2025-09-27T10:21:25.753+0545] {logging_mixin.py:190} INFO - [2025-09-27T10:21:25.753+0545] {dag.py:4180} INFO - Setting next_dagrun for example_params_ui_tutorial to None, run_after=None
[2025-09-27T10:21:25.771+0545] {processor.py:208} INFO - Processing /home/ashok/miniconda3/envs/mysecondenvironment/lib/python3.8/site-packages/airflow/example_dags/example_params_ui_tutorial.py took 0.069 seconds
[2025-09-27T10:22:30.125+0545] {processor.py:186} INFO - Started process (PID=29896) to work on /home/ashok/miniconda3/envs/mysecondenvironment/lib/python3.8/site-packages/airflow/example_dags/example_params_ui_tutorial.py
[2025-09-27T10:22:30.127+0545] {processor.py:914} INFO - Processing file /home/ashok/miniconda3/envs/mysecondenvironment/lib/python3.8/site-packages/airflow/example_dags/example_params_ui_tutorial.py for tasks to queue
[2025-09-27T10:22:30.130+0545] {logging_mixin.py:190} INFO - [2025-09-27T10:22:30.130+0545] {dagbag.py:588} INFO - Filling up the DagBag from /home/ashok/miniconda3/envs/mysecondenvironment/lib/python3.8/site-packages/airflow/example_dags/example_params_ui_tutorial.py
[2025-09-27T10:22:30.140+0545] {processor.py:925} INFO - DAG(s) 'example_params_ui_tutorial' retrieved from /home/ashok/miniconda3/envs/mysecondenvironment/lib/python3.8/site-packages/airflow/example_dags/example_params_ui_tutorial.py
[2025-09-27T10:22:30.179+0545] {logging_mixin.py:190} INFO - [2025-09-27T10:22:30.178+0545] {dag.py:3239} INFO - Sync 1 DAGs
[2025-09-27T10:22:30.190+0545] {logging_mixin.py:190} INFO - [2025-09-27T10:22:30.190+0545] {dag.py:4180} INFO - Setting next_dagrun for example_params_ui_tutorial to None, run_after=None
[2025-09-27T10:22:30.213+0545] {processor.py:208} INFO - Processing /home/ashok/miniconda3/envs/mysecondenvironment/lib/python3.8/site-packages/airflow/example_dags/example_params_ui_tutorial.py took 0.095 seconds
[2025-09-27T10:40:24.091+0545] {processor.py:186} INFO - Started process (PID=41325) to work on /home/ashok/miniconda3/envs/mysecondenvironment/lib/python3.8/site-packages/airflow/example_dags/example_params_ui_tutorial.py
[2025-09-27T10:40:24.092+0545] {processor.py:914} INFO - Processing file /home/ashok/miniconda3/envs/mysecondenvironment/lib/python3.8/site-packages/airflow/example_dags/example_params_ui_tutorial.py for tasks to queue
[2025-09-27T10:40:24.094+0545] {logging_mixin.py:190} INFO - [2025-09-27T10:40:24.094+0545] {dagbag.py:588} INFO - Filling up the DagBag from /home/ashok/miniconda3/envs/mysecondenvironment/lib/python3.8/site-packages/airflow/example_dags/example_params_ui_tutorial.py
[2025-09-27T10:40:24.101+0545] {processor.py:925} INFO - DAG(s) 'example_params_ui_tutorial' retrieved from /home/ashok/miniconda3/envs/mysecondenvironment/lib/python3.8/site-packages/airflow/example_dags/example_params_ui_tutorial.py
[2025-09-27T10:40:24.126+0545] {logging_mixin.py:190} INFO - [2025-09-27T10:40:24.126+0545] {dag.py:3239} INFO - Sync 1 DAGs
[2025-09-27T10:40:24.133+0545] {logging_mixin.py:190} INFO - [2025-09-27T10:40:24.133+0545] {dag.py:4180} INFO - Setting next_dagrun for example_params_ui_tutorial to None, run_after=None
[2025-09-27T10:40:24.154+0545] {processor.py:208} INFO - Processing /home/ashok/miniconda3/envs/mysecondenvironment/lib/python3.8/site-packages/airflow/example_dags/example_params_ui_tutorial.py took 0.068 seconds
[2025-09-27T10:42:01.372+0545] {processor.py:186} INFO - Started process (PID=42732) to work on /home/ashok/miniconda3/envs/mysecondenvironment/lib/python3.8/site-packages/airflow/example_dags/example_params_ui_tutorial.py
[2025-09-27T10:42:01.374+0545] {processor.py:914} INFO - Processing file /home/ashok/miniconda3/envs/mysecondenvironment/lib/python3.8/site-packages/airflow/example_dags/example_params_ui_tutorial.py for tasks to queue
[2025-09-27T10:42:01.378+0545] {logging_mixin.py:190} INFO - [2025-09-27T10:42:01.377+0545] {dagbag.py:588} INFO - Filling up the DagBag from /home/ashok/miniconda3/envs/mysecondenvironment/lib/python3.8/site-packages/airflow/example_dags/example_params_ui_tutorial.py
[2025-09-27T10:42:01.389+0545] {processor.py:925} INFO - DAG(s) 'example_params_ui_tutorial' retrieved from /home/ashok/miniconda3/envs/mysecondenvironment/lib/python3.8/site-packages/airflow/example_dags/example_params_ui_tutorial.py
[2025-09-27T10:42:01.437+0545] {logging_mixin.py:190} INFO - [2025-09-27T10:42:01.437+0545] {dag.py:3239} INFO - Sync 1 DAGs
[2025-09-27T10:42:01.452+0545] {logging_mixin.py:190} INFO - [2025-09-27T10:42:01.452+0545] {dag.py:4180} INFO - Setting next_dagrun for example_params_ui_tutorial to None, run_after=None
[2025-09-27T10:42:01.478+0545] {processor.py:208} INFO - Processing /home/ashok/miniconda3/envs/mysecondenvironment/lib/python3.8/site-packages/airflow/example_dags/example_params_ui_tutorial.py took 0.113 seconds
