[2025-09-05T12:11:48.527+0545] {local_task_job_runner.py:123} INFO - ::group::Pre task execution logs
[2025-09-05T12:11:48.535+0545] {taskinstance.py:2614} INFO - Dependencies all met for dep_context=non-requeueable deps ti=<TaskInstance: mlops_diabetes_pipeline.concept_drift manual__2025-09-05T06:25:40.477051+00:00 [queued]>
[2025-09-05T12:11:48.538+0545] {taskinstance.py:2614} INFO - Dependencies all met for dep_context=requeueable deps ti=<TaskInstance: mlops_diabetes_pipeline.concept_drift manual__2025-09-05T06:25:40.477051+00:00 [queued]>
[2025-09-05T12:11:48.538+0545] {taskinstance.py:2867} INFO - Starting attempt 1 of 1
[2025-09-05T12:11:48.552+0545] {taskinstance.py:2890} INFO - Executing <Task(PythonOperator): concept_drift> on 2025-09-05 06:25:40.477051+00:00
[2025-09-05T12:11:48.563+0545] {standard_task_runner.py:72} INFO - Started process 61734 to run task
[2025-09-05T12:11:48.566+0545] {standard_task_runner.py:104} INFO - Running: ['airflow', 'tasks', 'run', 'mlops_diabetes_pipeline', 'concept_drift', 'manual__2025-09-05T06:25:40.477051+00:00', '--job-id', '401', '--raw', '--subdir', 'DAGS_FOLDER/mlops_diabetes_pipeline.py', '--cfg-path', '/tmp/tmp4n_i35tm']
[2025-09-05T12:11:48.567+0545] {standard_task_runner.py:105} INFO - Job 401: Subtask concept_drift
[2025-09-05T12:11:48.597+0545] {task_command.py:467} INFO - Running <TaskInstance: mlops_diabetes_pipeline.concept_drift manual__2025-09-05T06:25:40.477051+00:00 [running]> on host ashok-Nitro-ANV16-41
[2025-09-05T12:11:48.642+0545] {taskinstance.py:3134} INFO - Exporting env vars: AIRFLOW_CTX_DAG_OWNER='airflow' AIRFLOW_CTX_DAG_ID='mlops_diabetes_pipeline' AIRFLOW_CTX_TASK_ID='concept_drift' AIRFLOW_CTX_EXECUTION_DATE='2025-09-05T06:25:40.477051+00:00' AIRFLOW_CTX_TRY_NUMBER='1' AIRFLOW_CTX_DAG_RUN_ID='manual__2025-09-05T06:25:40.477051+00:00'
[2025-09-05T12:11:48.643+0545] {logging_mixin.py:190} INFO - Task instance is in running state
[2025-09-05T12:11:48.643+0545] {logging_mixin.py:190} INFO -  Previous state of the Task instance: queued
[2025-09-05T12:11:48.644+0545] {logging_mixin.py:190} INFO - Current task name:concept_drift state:running start_date:2025-09-05 06:26:48.535275+00:00
[2025-09-05T12:11:48.644+0545] {logging_mixin.py:190} INFO - Dag name:mlops_diabetes_pipeline and current dag run status:running
[2025-09-05T12:11:48.644+0545] {taskinstance.py:732} INFO - ::endgroup::
[2025-09-05T12:11:50.592+0545] {logging_mixin.py:190} INFO - Concept drift report saved at /home/ashok/mlops_project/reports/evidently/concept_drift/concept_drift_report_20250905_121150.html
[2025-09-05T12:11:50.593+0545] {python.py:240} INFO - Done. Returned value was: /home/ashok/mlops_project/reports/evidently/concept_drift/concept_drift_report_20250905_121150.html
[2025-09-05T12:11:50.609+0545] {taskinstance.py:341} INFO - ::group::Post task execution logs
[2025-09-05T12:11:50.609+0545] {taskinstance.py:353} INFO - Marking task as SUCCESS. dag_id=mlops_diabetes_pipeline, task_id=concept_drift, run_id=manual__2025-09-05T06:25:40.477051+00:00, execution_date=20250905T062540, start_date=20250905T062648, end_date=20250905T062650
[2025-09-05T12:11:50.631+0545] {logging_mixin.py:190} INFO - Task instance in success state
[2025-09-05T12:11:50.632+0545] {logging_mixin.py:190} INFO -  Previous state of the Task instance: running
[2025-09-05T12:11:50.632+0545] {logging_mixin.py:190} INFO - Dag name:mlops_diabetes_pipeline queued_at:2025-09-05 06:25:40.497354+00:00
[2025-09-05T12:11:50.632+0545] {logging_mixin.py:190} INFO - Task hostname:ashok-Nitro-ANV16-41 operator:PythonOperator
[2025-09-05T12:11:50.663+0545] {local_task_job_runner.py:266} INFO - Task exited with return code 0
[2025-09-05T12:11:50.671+0545] {taskinstance.py:3901} INFO - 0 downstream tasks scheduled from follow-on schedule check
[2025-09-05T12:11:50.672+0545] {local_task_job_runner.py:245} INFO - ::endgroup::
