[2025-09-10T11:40:42.528+0545] {local_task_job_runner.py:123} INFO - ::group::Pre task execution logs
[2025-09-10T11:40:42.534+0545] {taskinstance.py:2614} INFO - Dependencies all met for dep_context=non-requeueable deps ti=<TaskInstance: mlops_diabetes_pipeline.log_model_mlflow manual__2025-09-10T05:47:54.321048+00:00 [queued]>
[2025-09-10T11:40:42.538+0545] {taskinstance.py:2614} INFO - Dependencies all met for dep_context=requeueable deps ti=<TaskInstance: mlops_diabetes_pipeline.log_model_mlflow manual__2025-09-10T05:47:54.321048+00:00 [queued]>
[2025-09-10T11:40:42.538+0545] {taskinstance.py:2867} INFO - Starting attempt 1 of 2
[2025-09-10T11:40:42.550+0545] {taskinstance.py:2890} INFO - Executing <Task(PythonOperator): log_model_mlflow> on 2025-09-10 05:47:54.321048+00:00
[2025-09-10T11:40:42.560+0545] {standard_task_runner.py:72} INFO - Started process 71428 to run task
[2025-09-10T11:40:42.563+0545] {standard_task_runner.py:104} INFO - Running: ['airflow', 'tasks', 'run', 'mlops_diabetes_pipeline', 'log_model_mlflow', 'manual__2025-09-10T05:47:54.321048+00:00', '--job-id', '551', '--raw', '--subdir', 'DAGS_FOLDER/mlops_diabetes_pipeline.py', '--cfg-path', '/tmp/tmp3wd5dxom']
[2025-09-10T11:40:42.564+0545] {standard_task_runner.py:105} INFO - Job 551: Subtask log_model_mlflow
[2025-09-10T11:40:42.591+0545] {task_command.py:467} INFO - Running <TaskInstance: mlops_diabetes_pipeline.log_model_mlflow manual__2025-09-10T05:47:54.321048+00:00 [running]> on host ashok-Nitro-ANV16-41
[2025-09-10T11:40:42.632+0545] {taskinstance.py:3134} INFO - Exporting env vars: AIRFLOW_CTX_DAG_EMAIL='koiralaashok02@gmail.com' AIRFLOW_CTX_DAG_OWNER='airflow' AIRFLOW_CTX_DAG_ID='mlops_diabetes_pipeline' AIRFLOW_CTX_TASK_ID='log_model_mlflow' AIRFLOW_CTX_EXECUTION_DATE='2025-09-10T05:47:54.321048+00:00' AIRFLOW_CTX_TRY_NUMBER='1' AIRFLOW_CTX_DAG_RUN_ID='manual__2025-09-10T05:47:54.321048+00:00'
[2025-09-10T11:40:42.633+0545] {logging_mixin.py:190} INFO - Task instance is in running state
[2025-09-10T11:40:42.633+0545] {logging_mixin.py:190} INFO -  Previous state of the Task instance: queued
[2025-09-10T11:40:42.633+0545] {logging_mixin.py:190} INFO - Current task name:log_model_mlflow state:running start_date:2025-09-10 05:55:42.535161+00:00
[2025-09-10T11:40:42.633+0545] {logging_mixin.py:190} INFO - Dag name:mlops_diabetes_pipeline and current dag run status:running
[2025-09-10T11:40:42.633+0545] {taskinstance.py:732} INFO - ::endgroup::
[2025-09-10T11:40:43.023+0545] {logging_mixin.py:190} WARNING - /home/ashok/miniconda3/envs/mysecondenvironment/lib/python3.8/site-packages/sklearn/metrics/_plot/confusion_matrix.py:136 UserWarning: Starting a Matplotlib GUI outside of the main thread will likely fail.
[2025-09-10T11:40:45.099+0545] {logging_mixin.py:190} WARNING - 2025/09/10 11:40:45 WARNING mlflow.models.model: Model logged without a signature and input example. Please set `input_example` parameter when logging the model to auto infer the model signature.
[2025-09-10T11:40:45.123+0545] {logging_mixin.py:190} WARNING - Registered model 'Diabetes_XGB_Model' already exists. Creating a new version of this model...
[2025-09-10T11:40:45.144+0545] {logging_mixin.py:190} WARNING - 2025/09/10 11:40:45 INFO mlflow.store.model_registry.abstract_store: Waiting up to 300 seconds for model version to finish creation. Model name: Diabetes_XGB_Model, version 13
[2025-09-10T11:40:45.144+0545] {logging_mixin.py:190} WARNING - Created version '13' of model 'Diabetes_XGB_Model'.
[2025-09-10T11:40:45.151+0545] {logging_mixin.py:190} WARNING - 2025/09/10 11:40:45 INFO mlflow.tracking._tracking_service.client: 🏃 View run xgb_20250910_114043 at: http://localhost:5000/#/experiments/316788938642533833/runs/6dfdf68c13ae42c5b68a85d76add485b.
[2025-09-10T11:40:45.151+0545] {logging_mixin.py:190} WARNING - 2025/09/10 11:40:45 INFO mlflow.tracking._tracking_service.client: 🧪 View experiment at: http://localhost:5000/#/experiments/316788938642533833.
[2025-09-10T11:40:45.153+0545] {logging_mixin.py:190} INFO - Logged tuned model, training and test classification reports to MLflow
[2025-09-10T11:40:45.155+0545] {python.py:240} INFO - Done. Returned value was: None
[2025-09-10T11:40:45.159+0545] {taskinstance.py:341} INFO - ::group::Post task execution logs
[2025-09-10T11:40:45.159+0545] {taskinstance.py:353} INFO - Marking task as SUCCESS. dag_id=mlops_diabetes_pipeline, task_id=log_model_mlflow, run_id=manual__2025-09-10T05:47:54.321048+00:00, execution_date=20250910T054754, start_date=20250910T055542, end_date=20250910T055545
[2025-09-10T11:40:45.179+0545] {logging_mixin.py:190} INFO - Task instance in success state
[2025-09-10T11:40:45.179+0545] {logging_mixin.py:190} INFO -  Previous state of the Task instance: running
[2025-09-10T11:40:45.179+0545] {logging_mixin.py:190} INFO - Dag name:mlops_diabetes_pipeline queued_at:2025-09-10 05:47:54.334701+00:00
[2025-09-10T11:40:45.179+0545] {logging_mixin.py:190} INFO - Task hostname:ashok-Nitro-ANV16-41 operator:PythonOperator
[2025-09-10T11:40:45.303+0545] {local_task_job_runner.py:266} INFO - Task exited with return code 0
[2025-09-10T11:40:45.319+0545] {taskinstance.py:3901} INFO - 1 downstream tasks scheduled from follow-on schedule check
[2025-09-10T11:40:45.328+0545] {local_task_job_runner.py:245} INFO - ::endgroup::
