[2025-09-04T14:04:01.321+0545] {local_task_job_runner.py:123} INFO - ::group::Pre task execution logs
[2025-09-04T14:04:01.327+0545] {taskinstance.py:2614} INFO - Dependencies all met for dep_context=non-requeueable deps ti=<TaskInstance: start_diabetes_stack.activate_env manual__2025-09-04T08:18:59.063412+00:00 [queued]>
[2025-09-04T14:04:01.329+0545] {taskinstance.py:2614} INFO - Dependencies all met for dep_context=requeueable deps ti=<TaskInstance: start_diabetes_stack.activate_env manual__2025-09-04T08:18:59.063412+00:00 [queued]>
[2025-09-04T14:04:01.329+0545] {taskinstance.py:2867} INFO - Starting attempt 1 of 2
[2025-09-04T14:04:01.342+0545] {taskinstance.py:2890} INFO - Executing <Task(BashOperator): activate_env> on 2025-09-04 08:18:59.063412+00:00
[2025-09-04T14:04:01.347+0545] {standard_task_runner.py:72} INFO - Started process 32405 to run task
[2025-09-04T14:04:01.349+0545] {standard_task_runner.py:104} INFO - Running: ['airflow', 'tasks', 'run', 'start_diabetes_stack', 'activate_env', 'manual__2025-09-04T08:18:59.063412+00:00', '--job-id', '185', '--raw', '--subdir', 'DAGS_FOLDER/bash_operator.py', '--cfg-path', '/tmp/tmp2z9dlou5']
[2025-09-04T14:04:01.349+0545] {standard_task_runner.py:105} INFO - Job 185: Subtask activate_env
[2025-09-04T14:04:01.372+0545] {task_command.py:467} INFO - Running <TaskInstance: start_diabetes_stack.activate_env manual__2025-09-04T08:18:59.063412+00:00 [running]> on host ashok-Nitro-ANV16-41
[2025-09-04T14:04:01.409+0545] {taskinstance.py:3134} INFO - Exporting env vars: AIRFLOW_CTX_DAG_OWNER='ashok' AIRFLOW_CTX_DAG_ID='start_diabetes_stack' AIRFLOW_CTX_TASK_ID='activate_env' AIRFLOW_CTX_EXECUTION_DATE='2025-09-04T08:18:59.063412+00:00' AIRFLOW_CTX_TRY_NUMBER='1' AIRFLOW_CTX_DAG_RUN_ID='manual__2025-09-04T08:18:59.063412+00:00'
[2025-09-04T14:04:01.410+0545] {logging_mixin.py:190} INFO - Task instance is in running state
[2025-09-04T14:04:01.410+0545] {logging_mixin.py:190} INFO -  Previous state of the Task instance: queued
[2025-09-04T14:04:01.410+0545] {logging_mixin.py:190} INFO - Current task name:activate_env state:running start_date:2025-09-04 08:19:01.327696+00:00
[2025-09-04T14:04:01.410+0545] {logging_mixin.py:190} INFO - Dag name:start_diabetes_stack and current dag run status:running
[2025-09-04T14:04:01.410+0545] {taskinstance.py:732} INFO - ::endgroup::
[2025-09-04T14:04:01.411+0545] {subprocess.py:78} INFO - Tmp dir root location: /tmp
[2025-09-04T14:04:01.411+0545] {subprocess.py:88} INFO - Running command: ['/usr/bin/bash', '-c', 'conda run -n mysecondenvironment /bin/bash -c "echo Environment activated"']
[2025-09-04T14:04:01.420+0545] {subprocess.py:99} INFO - Output:
[2025-09-04T14:04:01.805+0545] {subprocess.py:106} INFO - Environment activated
[2025-09-04T14:04:01.806+0545] {subprocess.py:106} INFO - 
[2025-09-04T14:04:01.824+0545] {subprocess.py:110} INFO - Command exited with return code 0
[2025-09-04T14:04:01.840+0545] {taskinstance.py:341} INFO - ::group::Post task execution logs
[2025-09-04T14:04:01.841+0545] {taskinstance.py:353} INFO - Marking task as SUCCESS. dag_id=start_diabetes_stack, task_id=activate_env, run_id=manual__2025-09-04T08:18:59.063412+00:00, execution_date=20250904T081859, start_date=20250904T081901, end_date=20250904T081901
[2025-09-04T14:04:01.859+0545] {logging_mixin.py:190} INFO - Task instance in success state
[2025-09-04T14:04:01.860+0545] {logging_mixin.py:190} INFO -  Previous state of the Task instance: running
[2025-09-04T14:04:01.860+0545] {logging_mixin.py:190} INFO - Dag name:start_diabetes_stack queued_at:2025-09-04 08:18:59.074622+00:00
[2025-09-04T14:04:01.860+0545] {logging_mixin.py:190} INFO - Task hostname:ashok-Nitro-ANV16-41 operator:BashOperator
[2025-09-04T14:04:01.882+0545] {local_task_job_runner.py:266} INFO - Task exited with return code 0
[2025-09-04T14:04:01.897+0545] {taskinstance.py:3901} INFO - 1 downstream tasks scheduled from follow-on schedule check
[2025-09-04T14:04:01.904+0545] {local_task_job_runner.py:245} INFO - ::endgroup::
