[2025-09-14T09:24:02.191+0545] {processor.py:186} INFO - Started process (PID=23449) to work on /home/ashok/miniconda3/envs/mysecondenvironment/lib/python3.8/site-packages/airflow/example_dags/example_latest_only.py
[2025-09-14T09:24:02.192+0545] {processor.py:914} INFO - Processing file /home/ashok/miniconda3/envs/mysecondenvironment/lib/python3.8/site-packages/airflow/example_dags/example_latest_only.py for tasks to queue
[2025-09-14T09:24:02.193+0545] {logging_mixin.py:190} INFO - [2025-09-14T09:24:02.193+0545] {dagbag.py:588} INFO - Filling up the DagBag from /home/ashok/miniconda3/envs/mysecondenvironment/lib/python3.8/site-packages/airflow/example_dags/example_latest_only.py
[2025-09-14T09:24:02.198+0545] {processor.py:925} INFO - DAG(s) 'latest_only' retrieved from /home/ashok/miniconda3/envs/mysecondenvironment/lib/python3.8/site-packages/airflow/example_dags/example_latest_only.py
[2025-09-14T09:24:02.210+0545] {logging_mixin.py:190} INFO - [2025-09-14T09:24:02.210+0545] {dag.py:3239} INFO - Sync 1 DAGs
[2025-09-14T09:24:02.221+0545] {logging_mixin.py:190} INFO - [2025-09-14T09:24:02.221+0545] {dag.py:4180} INFO - Setting next_dagrun for latest_only to 2025-09-13 20:00:00+00:00, run_after=2025-09-14 00:00:00+00:00
[2025-09-14T09:24:02.240+0545] {processor.py:208} INFO - Processing /home/ashok/miniconda3/envs/mysecondenvironment/lib/python3.8/site-packages/airflow/example_dags/example_latest_only.py took 0.052 seconds
[2025-09-14T09:25:38.342+0545] {processor.py:186} INFO - Started process (PID=24579) to work on /home/ashok/miniconda3/envs/mysecondenvironment/lib/python3.8/site-packages/airflow/example_dags/example_latest_only.py
[2025-09-14T09:25:38.344+0545] {processor.py:914} INFO - Processing file /home/ashok/miniconda3/envs/mysecondenvironment/lib/python3.8/site-packages/airflow/example_dags/example_latest_only.py for tasks to queue
[2025-09-14T09:25:38.345+0545] {logging_mixin.py:190} INFO - [2025-09-14T09:25:38.345+0545] {dagbag.py:588} INFO - Filling up the DagBag from /home/ashok/miniconda3/envs/mysecondenvironment/lib/python3.8/site-packages/airflow/example_dags/example_latest_only.py
[2025-09-14T09:25:38.350+0545] {processor.py:925} INFO - DAG(s) 'latest_only' retrieved from /home/ashok/miniconda3/envs/mysecondenvironment/lib/python3.8/site-packages/airflow/example_dags/example_latest_only.py
[2025-09-14T09:25:38.358+0545] {logging_mixin.py:190} INFO - [2025-09-14T09:25:38.358+0545] {dag.py:3239} INFO - Sync 1 DAGs
[2025-09-14T09:25:38.368+0545] {logging_mixin.py:190} INFO - [2025-09-14T09:25:38.368+0545] {dag.py:4180} INFO - Setting next_dagrun for latest_only to 2025-09-13 20:00:00+00:00, run_after=2025-09-14 00:00:00+00:00
[2025-09-14T09:25:38.385+0545] {processor.py:208} INFO - Processing /home/ashok/miniconda3/envs/mysecondenvironment/lib/python3.8/site-packages/airflow/example_dags/example_latest_only.py took 0.047 seconds
[2025-09-14T09:34:00.412+0545] {processor.py:186} INFO - Started process (PID=29558) to work on /home/ashok/miniconda3/envs/mysecondenvironment/lib/python3.8/site-packages/airflow/example_dags/example_latest_only.py
[2025-09-14T09:34:00.414+0545] {processor.py:914} INFO - Processing file /home/ashok/miniconda3/envs/mysecondenvironment/lib/python3.8/site-packages/airflow/example_dags/example_latest_only.py for tasks to queue
[2025-09-14T09:34:00.415+0545] {logging_mixin.py:190} INFO - [2025-09-14T09:34:00.415+0545] {dagbag.py:588} INFO - Filling up the DagBag from /home/ashok/miniconda3/envs/mysecondenvironment/lib/python3.8/site-packages/airflow/example_dags/example_latest_only.py
[2025-09-14T09:34:00.419+0545] {processor.py:925} INFO - DAG(s) 'latest_only' retrieved from /home/ashok/miniconda3/envs/mysecondenvironment/lib/python3.8/site-packages/airflow/example_dags/example_latest_only.py
[2025-09-14T09:34:00.427+0545] {logging_mixin.py:190} INFO - [2025-09-14T09:34:00.427+0545] {dag.py:3239} INFO - Sync 1 DAGs
[2025-09-14T09:34:00.435+0545] {logging_mixin.py:190} INFO - [2025-09-14T09:34:00.435+0545] {dag.py:4180} INFO - Setting next_dagrun for latest_only to 2025-09-13 20:00:00+00:00, run_after=2025-09-14 00:00:00+00:00
[2025-09-14T09:34:00.451+0545] {processor.py:208} INFO - Processing /home/ashok/miniconda3/envs/mysecondenvironment/lib/python3.8/site-packages/airflow/example_dags/example_latest_only.py took 0.043 seconds
[2025-09-14T09:34:58.335+0545] {processor.py:186} INFO - Started process (PID=29989) to work on /home/ashok/miniconda3/envs/mysecondenvironment/lib/python3.8/site-packages/airflow/example_dags/example_latest_only.py
[2025-09-14T09:34:58.336+0545] {processor.py:914} INFO - Processing file /home/ashok/miniconda3/envs/mysecondenvironment/lib/python3.8/site-packages/airflow/example_dags/example_latest_only.py for tasks to queue
[2025-09-14T09:34:58.337+0545] {logging_mixin.py:190} INFO - [2025-09-14T09:34:58.337+0545] {dagbag.py:588} INFO - Filling up the DagBag from /home/ashok/miniconda3/envs/mysecondenvironment/lib/python3.8/site-packages/airflow/example_dags/example_latest_only.py
[2025-09-14T09:34:58.340+0545] {processor.py:925} INFO - DAG(s) 'latest_only' retrieved from /home/ashok/miniconda3/envs/mysecondenvironment/lib/python3.8/site-packages/airflow/example_dags/example_latest_only.py
[2025-09-14T09:34:58.348+0545] {logging_mixin.py:190} INFO - [2025-09-14T09:34:58.348+0545] {dag.py:3239} INFO - Sync 1 DAGs
[2025-09-14T09:34:58.356+0545] {logging_mixin.py:190} INFO - [2025-09-14T09:34:58.356+0545] {dag.py:4180} INFO - Setting next_dagrun for latest_only to 2025-09-13 20:00:00+00:00, run_after=2025-09-14 00:00:00+00:00
[2025-09-14T09:34:58.370+0545] {processor.py:208} INFO - Processing /home/ashok/miniconda3/envs/mysecondenvironment/lib/python3.8/site-packages/airflow/example_dags/example_latest_only.py took 0.040 seconds
[2025-09-14T09:35:55.158+0545] {processor.py:186} INFO - Started process (PID=30473) to work on /home/ashok/miniconda3/envs/mysecondenvironment/lib/python3.8/site-packages/airflow/example_dags/example_latest_only.py
[2025-09-14T09:35:55.160+0545] {processor.py:914} INFO - Processing file /home/ashok/miniconda3/envs/mysecondenvironment/lib/python3.8/site-packages/airflow/example_dags/example_latest_only.py for tasks to queue
[2025-09-14T09:35:55.161+0545] {logging_mixin.py:190} INFO - [2025-09-14T09:35:55.161+0545] {dagbag.py:588} INFO - Filling up the DagBag from /home/ashok/miniconda3/envs/mysecondenvironment/lib/python3.8/site-packages/airflow/example_dags/example_latest_only.py
[2025-09-14T09:35:55.164+0545] {processor.py:925} INFO - DAG(s) 'latest_only' retrieved from /home/ashok/miniconda3/envs/mysecondenvironment/lib/python3.8/site-packages/airflow/example_dags/example_latest_only.py
[2025-09-14T09:35:55.172+0545] {logging_mixin.py:190} INFO - [2025-09-14T09:35:55.171+0545] {dag.py:3239} INFO - Sync 1 DAGs
[2025-09-14T09:35:55.179+0545] {logging_mixin.py:190} INFO - [2025-09-14T09:35:55.179+0545] {dag.py:4180} INFO - Setting next_dagrun for latest_only to 2025-09-13 20:00:00+00:00, run_after=2025-09-14 00:00:00+00:00
[2025-09-14T09:35:55.197+0545] {processor.py:208} INFO - Processing /home/ashok/miniconda3/envs/mysecondenvironment/lib/python3.8/site-packages/airflow/example_dags/example_latest_only.py took 0.042 seconds
[2025-09-14T09:36:47.021+0545] {processor.py:186} INFO - Started process (PID=30818) to work on /home/ashok/miniconda3/envs/mysecondenvironment/lib/python3.8/site-packages/airflow/example_dags/example_latest_only.py
[2025-09-14T09:36:47.023+0545] {processor.py:914} INFO - Processing file /home/ashok/miniconda3/envs/mysecondenvironment/lib/python3.8/site-packages/airflow/example_dags/example_latest_only.py for tasks to queue
[2025-09-14T09:36:47.024+0545] {logging_mixin.py:190} INFO - [2025-09-14T09:36:47.024+0545] {dagbag.py:588} INFO - Filling up the DagBag from /home/ashok/miniconda3/envs/mysecondenvironment/lib/python3.8/site-packages/airflow/example_dags/example_latest_only.py
[2025-09-14T09:36:47.027+0545] {processor.py:925} INFO - DAG(s) 'latest_only' retrieved from /home/ashok/miniconda3/envs/mysecondenvironment/lib/python3.8/site-packages/airflow/example_dags/example_latest_only.py
[2025-09-14T09:36:47.034+0545] {logging_mixin.py:190} INFO - [2025-09-14T09:36:47.034+0545] {dag.py:3239} INFO - Sync 1 DAGs
[2025-09-14T09:36:47.042+0545] {logging_mixin.py:190} INFO - [2025-09-14T09:36:47.042+0545] {dag.py:4180} INFO - Setting next_dagrun for latest_only to 2025-09-13 20:00:00+00:00, run_after=2025-09-14 00:00:00+00:00
[2025-09-14T09:36:47.060+0545] {processor.py:208} INFO - Processing /home/ashok/miniconda3/envs/mysecondenvironment/lib/python3.8/site-packages/airflow/example_dags/example_latest_only.py took 0.043 seconds
[2025-09-14T09:38:06.043+0545] {processor.py:186} INFO - Started process (PID=31653) to work on /home/ashok/miniconda3/envs/mysecondenvironment/lib/python3.8/site-packages/airflow/example_dags/example_latest_only.py
[2025-09-14T09:38:06.045+0545] {processor.py:914} INFO - Processing file /home/ashok/miniconda3/envs/mysecondenvironment/lib/python3.8/site-packages/airflow/example_dags/example_latest_only.py for tasks to queue
[2025-09-14T09:38:06.046+0545] {logging_mixin.py:190} INFO - [2025-09-14T09:38:06.045+0545] {dagbag.py:588} INFO - Filling up the DagBag from /home/ashok/miniconda3/envs/mysecondenvironment/lib/python3.8/site-packages/airflow/example_dags/example_latest_only.py
[2025-09-14T09:38:06.049+0545] {processor.py:925} INFO - DAG(s) 'latest_only' retrieved from /home/ashok/miniconda3/envs/mysecondenvironment/lib/python3.8/site-packages/airflow/example_dags/example_latest_only.py
[2025-09-14T09:38:06.057+0545] {logging_mixin.py:190} INFO - [2025-09-14T09:38:06.057+0545] {dag.py:3239} INFO - Sync 1 DAGs
[2025-09-14T09:38:06.065+0545] {logging_mixin.py:190} INFO - [2025-09-14T09:38:06.065+0545] {dag.py:4180} INFO - Setting next_dagrun for latest_only to 2025-09-13 20:00:00+00:00, run_after=2025-09-14 00:00:00+00:00
[2025-09-14T09:38:06.084+0545] {processor.py:208} INFO - Processing /home/ashok/miniconda3/envs/mysecondenvironment/lib/python3.8/site-packages/airflow/example_dags/example_latest_only.py took 0.044 seconds
[2025-09-14T09:39:03.752+0545] {processor.py:186} INFO - Started process (PID=32320) to work on /home/ashok/miniconda3/envs/mysecondenvironment/lib/python3.8/site-packages/airflow/example_dags/example_latest_only.py
[2025-09-14T09:39:03.753+0545] {processor.py:914} INFO - Processing file /home/ashok/miniconda3/envs/mysecondenvironment/lib/python3.8/site-packages/airflow/example_dags/example_latest_only.py for tasks to queue
[2025-09-14T09:39:03.754+0545] {logging_mixin.py:190} INFO - [2025-09-14T09:39:03.754+0545] {dagbag.py:588} INFO - Filling up the DagBag from /home/ashok/miniconda3/envs/mysecondenvironment/lib/python3.8/site-packages/airflow/example_dags/example_latest_only.py
[2025-09-14T09:39:03.757+0545] {processor.py:925} INFO - DAG(s) 'latest_only' retrieved from /home/ashok/miniconda3/envs/mysecondenvironment/lib/python3.8/site-packages/airflow/example_dags/example_latest_only.py
[2025-09-14T09:39:03.765+0545] {logging_mixin.py:190} INFO - [2025-09-14T09:39:03.765+0545] {dag.py:3239} INFO - Sync 1 DAGs
[2025-09-14T09:39:03.773+0545] {logging_mixin.py:190} INFO - [2025-09-14T09:39:03.773+0545] {dag.py:4180} INFO - Setting next_dagrun for latest_only to 2025-09-13 20:00:00+00:00, run_after=2025-09-14 00:00:00+00:00
[2025-09-14T09:39:03.790+0545] {processor.py:208} INFO - Processing /home/ashok/miniconda3/envs/mysecondenvironment/lib/python3.8/site-packages/airflow/example_dags/example_latest_only.py took 0.042 seconds
[2025-09-14T09:40:00.483+0545] {processor.py:186} INFO - Started process (PID=32705) to work on /home/ashok/miniconda3/envs/mysecondenvironment/lib/python3.8/site-packages/airflow/example_dags/example_latest_only.py
[2025-09-14T09:40:00.486+0545] {processor.py:914} INFO - Processing file /home/ashok/miniconda3/envs/mysecondenvironment/lib/python3.8/site-packages/airflow/example_dags/example_latest_only.py for tasks to queue
[2025-09-14T09:40:00.487+0545] {logging_mixin.py:190} INFO - [2025-09-14T09:40:00.486+0545] {dagbag.py:588} INFO - Filling up the DagBag from /home/ashok/miniconda3/envs/mysecondenvironment/lib/python3.8/site-packages/airflow/example_dags/example_latest_only.py
[2025-09-14T09:40:00.490+0545] {processor.py:925} INFO - DAG(s) 'latest_only' retrieved from /home/ashok/miniconda3/envs/mysecondenvironment/lib/python3.8/site-packages/airflow/example_dags/example_latest_only.py
[2025-09-14T09:40:00.497+0545] {logging_mixin.py:190} INFO - [2025-09-14T09:40:00.497+0545] {dag.py:3239} INFO - Sync 1 DAGs
[2025-09-14T09:40:00.505+0545] {logging_mixin.py:190} INFO - [2025-09-14T09:40:00.505+0545] {dag.py:4180} INFO - Setting next_dagrun for latest_only to 2025-09-13 20:00:00+00:00, run_after=2025-09-14 00:00:00+00:00
[2025-09-14T09:40:00.523+0545] {processor.py:208} INFO - Processing /home/ashok/miniconda3/envs/mysecondenvironment/lib/python3.8/site-packages/airflow/example_dags/example_latest_only.py took 0.043 seconds
[2025-09-14T09:40:56.394+0545] {processor.py:186} INFO - Started process (PID=33120) to work on /home/ashok/miniconda3/envs/mysecondenvironment/lib/python3.8/site-packages/airflow/example_dags/example_latest_only.py
[2025-09-14T09:40:56.396+0545] {processor.py:914} INFO - Processing file /home/ashok/miniconda3/envs/mysecondenvironment/lib/python3.8/site-packages/airflow/example_dags/example_latest_only.py for tasks to queue
[2025-09-14T09:40:56.397+0545] {logging_mixin.py:190} INFO - [2025-09-14T09:40:56.397+0545] {dagbag.py:588} INFO - Filling up the DagBag from /home/ashok/miniconda3/envs/mysecondenvironment/lib/python3.8/site-packages/airflow/example_dags/example_latest_only.py
[2025-09-14T09:40:56.400+0545] {processor.py:925} INFO - DAG(s) 'latest_only' retrieved from /home/ashok/miniconda3/envs/mysecondenvironment/lib/python3.8/site-packages/airflow/example_dags/example_latest_only.py
[2025-09-14T09:40:56.409+0545] {logging_mixin.py:190} INFO - [2025-09-14T09:40:56.408+0545] {dag.py:3239} INFO - Sync 1 DAGs
[2025-09-14T09:40:56.417+0545] {logging_mixin.py:190} INFO - [2025-09-14T09:40:56.417+0545] {dag.py:4180} INFO - Setting next_dagrun for latest_only to 2025-09-13 20:00:00+00:00, run_after=2025-09-14 00:00:00+00:00
[2025-09-14T09:40:56.434+0545] {processor.py:208} INFO - Processing /home/ashok/miniconda3/envs/mysecondenvironment/lib/python3.8/site-packages/airflow/example_dags/example_latest_only.py took 0.043 seconds
[2025-09-14T09:41:51.916+0545] {processor.py:186} INFO - Started process (PID=33546) to work on /home/ashok/miniconda3/envs/mysecondenvironment/lib/python3.8/site-packages/airflow/example_dags/example_latest_only.py
[2025-09-14T09:41:51.917+0545] {processor.py:914} INFO - Processing file /home/ashok/miniconda3/envs/mysecondenvironment/lib/python3.8/site-packages/airflow/example_dags/example_latest_only.py for tasks to queue
[2025-09-14T09:41:51.917+0545] {logging_mixin.py:190} INFO - [2025-09-14T09:41:51.917+0545] {dagbag.py:588} INFO - Filling up the DagBag from /home/ashok/miniconda3/envs/mysecondenvironment/lib/python3.8/site-packages/airflow/example_dags/example_latest_only.py
[2025-09-14T09:41:51.921+0545] {processor.py:925} INFO - DAG(s) 'latest_only' retrieved from /home/ashok/miniconda3/envs/mysecondenvironment/lib/python3.8/site-packages/airflow/example_dags/example_latest_only.py
[2025-09-14T09:41:51.928+0545] {logging_mixin.py:190} INFO - [2025-09-14T09:41:51.928+0545] {dag.py:3239} INFO - Sync 1 DAGs
[2025-09-14T09:41:51.936+0545] {logging_mixin.py:190} INFO - [2025-09-14T09:41:51.936+0545] {dag.py:4180} INFO - Setting next_dagrun for latest_only to 2025-09-13 20:00:00+00:00, run_after=2025-09-14 00:00:00+00:00
[2025-09-14T09:41:51.952+0545] {processor.py:208} INFO - Processing /home/ashok/miniconda3/envs/mysecondenvironment/lib/python3.8/site-packages/airflow/example_dags/example_latest_only.py took 0.039 seconds
[2025-09-14T09:42:47.334+0545] {processor.py:186} INFO - Started process (PID=34025) to work on /home/ashok/miniconda3/envs/mysecondenvironment/lib/python3.8/site-packages/airflow/example_dags/example_latest_only.py
[2025-09-14T09:42:47.336+0545] {processor.py:914} INFO - Processing file /home/ashok/miniconda3/envs/mysecondenvironment/lib/python3.8/site-packages/airflow/example_dags/example_latest_only.py for tasks to queue
[2025-09-14T09:42:47.337+0545] {logging_mixin.py:190} INFO - [2025-09-14T09:42:47.337+0545] {dagbag.py:588} INFO - Filling up the DagBag from /home/ashok/miniconda3/envs/mysecondenvironment/lib/python3.8/site-packages/airflow/example_dags/example_latest_only.py
[2025-09-14T09:42:47.342+0545] {processor.py:925} INFO - DAG(s) 'latest_only' retrieved from /home/ashok/miniconda3/envs/mysecondenvironment/lib/python3.8/site-packages/airflow/example_dags/example_latest_only.py
[2025-09-14T09:42:47.351+0545] {logging_mixin.py:190} INFO - [2025-09-14T09:42:47.351+0545] {dag.py:3239} INFO - Sync 1 DAGs
[2025-09-14T09:42:47.361+0545] {logging_mixin.py:190} INFO - [2025-09-14T09:42:47.361+0545] {dag.py:4180} INFO - Setting next_dagrun for latest_only to 2025-09-13 20:00:00+00:00, run_after=2025-09-14 00:00:00+00:00
[2025-09-14T09:42:47.377+0545] {processor.py:208} INFO - Processing /home/ashok/miniconda3/envs/mysecondenvironment/lib/python3.8/site-packages/airflow/example_dags/example_latest_only.py took 0.047 seconds
[2025-09-14T09:43:42.789+0545] {processor.py:186} INFO - Started process (PID=34404) to work on /home/ashok/miniconda3/envs/mysecondenvironment/lib/python3.8/site-packages/airflow/example_dags/example_latest_only.py
[2025-09-14T09:43:42.791+0545] {processor.py:914} INFO - Processing file /home/ashok/miniconda3/envs/mysecondenvironment/lib/python3.8/site-packages/airflow/example_dags/example_latest_only.py for tasks to queue
[2025-09-14T09:43:42.792+0545] {logging_mixin.py:190} INFO - [2025-09-14T09:43:42.791+0545] {dagbag.py:588} INFO - Filling up the DagBag from /home/ashok/miniconda3/envs/mysecondenvironment/lib/python3.8/site-packages/airflow/example_dags/example_latest_only.py
[2025-09-14T09:43:42.797+0545] {processor.py:925} INFO - DAG(s) 'latest_only' retrieved from /home/ashok/miniconda3/envs/mysecondenvironment/lib/python3.8/site-packages/airflow/example_dags/example_latest_only.py
[2025-09-14T09:43:42.806+0545] {logging_mixin.py:190} INFO - [2025-09-14T09:43:42.806+0545] {dag.py:3239} INFO - Sync 1 DAGs
[2025-09-14T09:43:42.818+0545] {logging_mixin.py:190} INFO - [2025-09-14T09:43:42.818+0545] {dag.py:4180} INFO - Setting next_dagrun for latest_only to 2025-09-13 20:00:00+00:00, run_after=2025-09-14 00:00:00+00:00
[2025-09-14T09:43:42.834+0545] {processor.py:208} INFO - Processing /home/ashok/miniconda3/envs/mysecondenvironment/lib/python3.8/site-packages/airflow/example_dags/example_latest_only.py took 0.049 seconds
[2025-09-14T09:44:40.745+0545] {processor.py:186} INFO - Started process (PID=34812) to work on /home/ashok/miniconda3/envs/mysecondenvironment/lib/python3.8/site-packages/airflow/example_dags/example_latest_only.py
[2025-09-14T09:44:40.747+0545] {processor.py:914} INFO - Processing file /home/ashok/miniconda3/envs/mysecondenvironment/lib/python3.8/site-packages/airflow/example_dags/example_latest_only.py for tasks to queue
[2025-09-14T09:44:40.748+0545] {logging_mixin.py:190} INFO - [2025-09-14T09:44:40.748+0545] {dagbag.py:588} INFO - Filling up the DagBag from /home/ashok/miniconda3/envs/mysecondenvironment/lib/python3.8/site-packages/airflow/example_dags/example_latest_only.py
[2025-09-14T09:44:40.751+0545] {processor.py:925} INFO - DAG(s) 'latest_only' retrieved from /home/ashok/miniconda3/envs/mysecondenvironment/lib/python3.8/site-packages/airflow/example_dags/example_latest_only.py
[2025-09-14T09:44:40.758+0545] {logging_mixin.py:190} INFO - [2025-09-14T09:44:40.758+0545] {dag.py:3239} INFO - Sync 1 DAGs
[2025-09-14T09:44:40.766+0545] {logging_mixin.py:190} INFO - [2025-09-14T09:44:40.766+0545] {dag.py:4180} INFO - Setting next_dagrun for latest_only to 2025-09-13 20:00:00+00:00, run_after=2025-09-14 00:00:00+00:00
[2025-09-14T09:44:40.782+0545] {processor.py:208} INFO - Processing /home/ashok/miniconda3/envs/mysecondenvironment/lib/python3.8/site-packages/airflow/example_dags/example_latest_only.py took 0.040 seconds
[2025-09-14T09:45:36.592+0545] {processor.py:186} INFO - Started process (PID=35200) to work on /home/ashok/miniconda3/envs/mysecondenvironment/lib/python3.8/site-packages/airflow/example_dags/example_latest_only.py
[2025-09-14T09:45:36.594+0545] {processor.py:914} INFO - Processing file /home/ashok/miniconda3/envs/mysecondenvironment/lib/python3.8/site-packages/airflow/example_dags/example_latest_only.py for tasks to queue
[2025-09-14T09:45:36.595+0545] {logging_mixin.py:190} INFO - [2025-09-14T09:45:36.595+0545] {dagbag.py:588} INFO - Filling up the DagBag from /home/ashok/miniconda3/envs/mysecondenvironment/lib/python3.8/site-packages/airflow/example_dags/example_latest_only.py
[2025-09-14T09:45:36.599+0545] {processor.py:925} INFO - DAG(s) 'latest_only' retrieved from /home/ashok/miniconda3/envs/mysecondenvironment/lib/python3.8/site-packages/airflow/example_dags/example_latest_only.py
[2025-09-14T09:45:36.608+0545] {logging_mixin.py:190} INFO - [2025-09-14T09:45:36.608+0545] {dag.py:3239} INFO - Sync 1 DAGs
[2025-09-14T09:45:36.619+0545] {logging_mixin.py:190} INFO - [2025-09-14T09:45:36.618+0545] {dag.py:4180} INFO - Setting next_dagrun for latest_only to 2025-09-14 00:00:00+00:00, run_after=2025-09-14 04:00:00+00:00
[2025-09-14T09:45:36.635+0545] {processor.py:208} INFO - Processing /home/ashok/miniconda3/envs/mysecondenvironment/lib/python3.8/site-packages/airflow/example_dags/example_latest_only.py took 0.047 seconds
[2025-09-14T09:46:29.363+0545] {processor.py:186} INFO - Started process (PID=35580) to work on /home/ashok/miniconda3/envs/mysecondenvironment/lib/python3.8/site-packages/airflow/example_dags/example_latest_only.py
[2025-09-14T09:46:29.365+0545] {processor.py:914} INFO - Processing file /home/ashok/miniconda3/envs/mysecondenvironment/lib/python3.8/site-packages/airflow/example_dags/example_latest_only.py for tasks to queue
[2025-09-14T09:46:29.365+0545] {logging_mixin.py:190} INFO - [2025-09-14T09:46:29.365+0545] {dagbag.py:588} INFO - Filling up the DagBag from /home/ashok/miniconda3/envs/mysecondenvironment/lib/python3.8/site-packages/airflow/example_dags/example_latest_only.py
[2025-09-14T09:46:29.369+0545] {processor.py:925} INFO - DAG(s) 'latest_only' retrieved from /home/ashok/miniconda3/envs/mysecondenvironment/lib/python3.8/site-packages/airflow/example_dags/example_latest_only.py
[2025-09-14T09:46:29.378+0545] {logging_mixin.py:190} INFO - [2025-09-14T09:46:29.378+0545] {dag.py:3239} INFO - Sync 1 DAGs
[2025-09-14T09:46:29.387+0545] {logging_mixin.py:190} INFO - [2025-09-14T09:46:29.387+0545] {dag.py:4180} INFO - Setting next_dagrun for latest_only to 2025-09-14 00:00:00+00:00, run_after=2025-09-14 04:00:00+00:00
[2025-09-14T09:46:29.401+0545] {processor.py:208} INFO - Processing /home/ashok/miniconda3/envs/mysecondenvironment/lib/python3.8/site-packages/airflow/example_dags/example_latest_only.py took 0.041 seconds
[2025-09-14T09:47:22.806+0545] {processor.py:186} INFO - Started process (PID=35963) to work on /home/ashok/miniconda3/envs/mysecondenvironment/lib/python3.8/site-packages/airflow/example_dags/example_latest_only.py
[2025-09-14T09:47:22.807+0545] {processor.py:914} INFO - Processing file /home/ashok/miniconda3/envs/mysecondenvironment/lib/python3.8/site-packages/airflow/example_dags/example_latest_only.py for tasks to queue
[2025-09-14T09:47:22.808+0545] {logging_mixin.py:190} INFO - [2025-09-14T09:47:22.808+0545] {dagbag.py:588} INFO - Filling up the DagBag from /home/ashok/miniconda3/envs/mysecondenvironment/lib/python3.8/site-packages/airflow/example_dags/example_latest_only.py
[2025-09-14T09:47:22.812+0545] {processor.py:925} INFO - DAG(s) 'latest_only' retrieved from /home/ashok/miniconda3/envs/mysecondenvironment/lib/python3.8/site-packages/airflow/example_dags/example_latest_only.py
[2025-09-14T09:47:22.820+0545] {logging_mixin.py:190} INFO - [2025-09-14T09:47:22.820+0545] {dag.py:3239} INFO - Sync 1 DAGs
[2025-09-14T09:47:22.830+0545] {logging_mixin.py:190} INFO - [2025-09-14T09:47:22.829+0545] {dag.py:4180} INFO - Setting next_dagrun for latest_only to 2025-09-14 00:00:00+00:00, run_after=2025-09-14 04:00:00+00:00
[2025-09-14T09:47:22.845+0545] {processor.py:208} INFO - Processing /home/ashok/miniconda3/envs/mysecondenvironment/lib/python3.8/site-packages/airflow/example_dags/example_latest_only.py took 0.044 seconds
[2025-09-14T09:48:17.998+0545] {processor.py:186} INFO - Started process (PID=36330) to work on /home/ashok/miniconda3/envs/mysecondenvironment/lib/python3.8/site-packages/airflow/example_dags/example_latest_only.py
[2025-09-14T09:48:17.999+0545] {processor.py:914} INFO - Processing file /home/ashok/miniconda3/envs/mysecondenvironment/lib/python3.8/site-packages/airflow/example_dags/example_latest_only.py for tasks to queue
[2025-09-14T09:48:18.001+0545] {logging_mixin.py:190} INFO - [2025-09-14T09:48:18.000+0545] {dagbag.py:588} INFO - Filling up the DagBag from /home/ashok/miniconda3/envs/mysecondenvironment/lib/python3.8/site-packages/airflow/example_dags/example_latest_only.py
[2025-09-14T09:48:18.005+0545] {processor.py:925} INFO - DAG(s) 'latest_only' retrieved from /home/ashok/miniconda3/envs/mysecondenvironment/lib/python3.8/site-packages/airflow/example_dags/example_latest_only.py
[2025-09-14T09:48:18.016+0545] {logging_mixin.py:190} INFO - [2025-09-14T09:48:18.015+0545] {dag.py:3239} INFO - Sync 1 DAGs
[2025-09-14T09:48:18.025+0545] {logging_mixin.py:190} INFO - [2025-09-14T09:48:18.025+0545] {dag.py:4180} INFO - Setting next_dagrun for latest_only to 2025-09-14 00:00:00+00:00, run_after=2025-09-14 04:00:00+00:00
[2025-09-14T09:48:18.041+0545] {processor.py:208} INFO - Processing /home/ashok/miniconda3/envs/mysecondenvironment/lib/python3.8/site-packages/airflow/example_dags/example_latest_only.py took 0.048 seconds
[2025-09-14T09:49:10.710+0545] {processor.py:186} INFO - Started process (PID=36724) to work on /home/ashok/miniconda3/envs/mysecondenvironment/lib/python3.8/site-packages/airflow/example_dags/example_latest_only.py
[2025-09-14T09:49:10.712+0545] {processor.py:914} INFO - Processing file /home/ashok/miniconda3/envs/mysecondenvironment/lib/python3.8/site-packages/airflow/example_dags/example_latest_only.py for tasks to queue
[2025-09-14T09:49:10.712+0545] {logging_mixin.py:190} INFO - [2025-09-14T09:49:10.712+0545] {dagbag.py:588} INFO - Filling up the DagBag from /home/ashok/miniconda3/envs/mysecondenvironment/lib/python3.8/site-packages/airflow/example_dags/example_latest_only.py
[2025-09-14T09:49:10.719+0545] {processor.py:925} INFO - DAG(s) 'latest_only' retrieved from /home/ashok/miniconda3/envs/mysecondenvironment/lib/python3.8/site-packages/airflow/example_dags/example_latest_only.py
[2025-09-14T09:49:10.730+0545] {logging_mixin.py:190} INFO - [2025-09-14T09:49:10.730+0545] {dag.py:3239} INFO - Sync 1 DAGs
[2025-09-14T09:49:10.741+0545] {logging_mixin.py:190} INFO - [2025-09-14T09:49:10.741+0545] {dag.py:4180} INFO - Setting next_dagrun for latest_only to 2025-09-14 00:00:00+00:00, run_after=2025-09-14 04:00:00+00:00
[2025-09-14T09:49:10.756+0545] {processor.py:208} INFO - Processing /home/ashok/miniconda3/envs/mysecondenvironment/lib/python3.8/site-packages/airflow/example_dags/example_latest_only.py took 0.050 seconds
[2025-09-14T09:50:05.837+0545] {processor.py:186} INFO - Started process (PID=37098) to work on /home/ashok/miniconda3/envs/mysecondenvironment/lib/python3.8/site-packages/airflow/example_dags/example_latest_only.py
[2025-09-14T09:50:05.839+0545] {processor.py:914} INFO - Processing file /home/ashok/miniconda3/envs/mysecondenvironment/lib/python3.8/site-packages/airflow/example_dags/example_latest_only.py for tasks to queue
[2025-09-14T09:50:05.840+0545] {logging_mixin.py:190} INFO - [2025-09-14T09:50:05.840+0545] {dagbag.py:588} INFO - Filling up the DagBag from /home/ashok/miniconda3/envs/mysecondenvironment/lib/python3.8/site-packages/airflow/example_dags/example_latest_only.py
[2025-09-14T09:50:05.845+0545] {processor.py:925} INFO - DAG(s) 'latest_only' retrieved from /home/ashok/miniconda3/envs/mysecondenvironment/lib/python3.8/site-packages/airflow/example_dags/example_latest_only.py
[2025-09-14T09:50:05.854+0545] {logging_mixin.py:190} INFO - [2025-09-14T09:50:05.854+0545] {dag.py:3239} INFO - Sync 1 DAGs
[2025-09-14T09:50:05.864+0545] {logging_mixin.py:190} INFO - [2025-09-14T09:50:05.864+0545] {dag.py:4180} INFO - Setting next_dagrun for latest_only to 2025-09-14 00:00:00+00:00, run_after=2025-09-14 04:00:00+00:00
[2025-09-14T09:50:05.879+0545] {processor.py:208} INFO - Processing /home/ashok/miniconda3/envs/mysecondenvironment/lib/python3.8/site-packages/airflow/example_dags/example_latest_only.py took 0.046 seconds
[2025-09-14T09:51:02.310+0545] {processor.py:186} INFO - Started process (PID=37575) to work on /home/ashok/miniconda3/envs/mysecondenvironment/lib/python3.8/site-packages/airflow/example_dags/example_latest_only.py
[2025-09-14T09:51:02.311+0545] {processor.py:914} INFO - Processing file /home/ashok/miniconda3/envs/mysecondenvironment/lib/python3.8/site-packages/airflow/example_dags/example_latest_only.py for tasks to queue
[2025-09-14T09:51:02.312+0545] {logging_mixin.py:190} INFO - [2025-09-14T09:51:02.312+0545] {dagbag.py:588} INFO - Filling up the DagBag from /home/ashok/miniconda3/envs/mysecondenvironment/lib/python3.8/site-packages/airflow/example_dags/example_latest_only.py
[2025-09-14T09:51:02.317+0545] {processor.py:925} INFO - DAG(s) 'latest_only' retrieved from /home/ashok/miniconda3/envs/mysecondenvironment/lib/python3.8/site-packages/airflow/example_dags/example_latest_only.py
[2025-09-14T09:51:02.326+0545] {logging_mixin.py:190} INFO - [2025-09-14T09:51:02.326+0545] {dag.py:3239} INFO - Sync 1 DAGs
[2025-09-14T09:51:02.335+0545] {logging_mixin.py:190} INFO - [2025-09-14T09:51:02.335+0545] {dag.py:4180} INFO - Setting next_dagrun for latest_only to 2025-09-14 00:00:00+00:00, run_after=2025-09-14 04:00:00+00:00
[2025-09-14T09:51:02.349+0545] {processor.py:208} INFO - Processing /home/ashok/miniconda3/envs/mysecondenvironment/lib/python3.8/site-packages/airflow/example_dags/example_latest_only.py took 0.044 seconds
[2025-09-14T09:51:59.175+0545] {processor.py:186} INFO - Started process (PID=38031) to work on /home/ashok/miniconda3/envs/mysecondenvironment/lib/python3.8/site-packages/airflow/example_dags/example_latest_only.py
[2025-09-14T09:51:59.177+0545] {processor.py:914} INFO - Processing file /home/ashok/miniconda3/envs/mysecondenvironment/lib/python3.8/site-packages/airflow/example_dags/example_latest_only.py for tasks to queue
[2025-09-14T09:51:59.178+0545] {logging_mixin.py:190} INFO - [2025-09-14T09:51:59.178+0545] {dagbag.py:588} INFO - Filling up the DagBag from /home/ashok/miniconda3/envs/mysecondenvironment/lib/python3.8/site-packages/airflow/example_dags/example_latest_only.py
[2025-09-14T09:51:59.181+0545] {processor.py:925} INFO - DAG(s) 'latest_only' retrieved from /home/ashok/miniconda3/envs/mysecondenvironment/lib/python3.8/site-packages/airflow/example_dags/example_latest_only.py
[2025-09-14T09:51:59.189+0545] {logging_mixin.py:190} INFO - [2025-09-14T09:51:59.188+0545] {dag.py:3239} INFO - Sync 1 DAGs
[2025-09-14T09:51:59.285+0545] {logging_mixin.py:190} INFO - [2025-09-14T09:51:59.285+0545] {dag.py:4180} INFO - Setting next_dagrun for latest_only to 2025-09-14 00:00:00+00:00, run_after=2025-09-14 04:00:00+00:00
[2025-09-14T09:51:59.303+0545] {processor.py:208} INFO - Processing /home/ashok/miniconda3/envs/mysecondenvironment/lib/python3.8/site-packages/airflow/example_dags/example_latest_only.py took 0.131 seconds
[2025-09-14T09:52:59.445+0545] {processor.py:186} INFO - Started process (PID=38499) to work on /home/ashok/miniconda3/envs/mysecondenvironment/lib/python3.8/site-packages/airflow/example_dags/example_latest_only.py
[2025-09-14T09:52:59.447+0545] {processor.py:914} INFO - Processing file /home/ashok/miniconda3/envs/mysecondenvironment/lib/python3.8/site-packages/airflow/example_dags/example_latest_only.py for tasks to queue
[2025-09-14T09:52:59.448+0545] {logging_mixin.py:190} INFO - [2025-09-14T09:52:59.448+0545] {dagbag.py:588} INFO - Filling up the DagBag from /home/ashok/miniconda3/envs/mysecondenvironment/lib/python3.8/site-packages/airflow/example_dags/example_latest_only.py
[2025-09-14T09:52:59.452+0545] {processor.py:925} INFO - DAG(s) 'latest_only' retrieved from /home/ashok/miniconda3/envs/mysecondenvironment/lib/python3.8/site-packages/airflow/example_dags/example_latest_only.py
[2025-09-14T09:52:59.461+0545] {logging_mixin.py:190} INFO - [2025-09-14T09:52:59.461+0545] {dag.py:3239} INFO - Sync 1 DAGs
[2025-09-14T09:52:59.470+0545] {logging_mixin.py:190} INFO - [2025-09-14T09:52:59.470+0545] {dag.py:4180} INFO - Setting next_dagrun for latest_only to 2025-09-14 00:00:00+00:00, run_after=2025-09-14 04:00:00+00:00
[2025-09-14T09:52:59.484+0545] {processor.py:208} INFO - Processing /home/ashok/miniconda3/envs/mysecondenvironment/lib/python3.8/site-packages/airflow/example_dags/example_latest_only.py took 0.044 seconds
[2025-09-14T09:53:57.074+0545] {processor.py:186} INFO - Started process (PID=39195) to work on /home/ashok/miniconda3/envs/mysecondenvironment/lib/python3.8/site-packages/airflow/example_dags/example_latest_only.py
[2025-09-14T09:53:57.075+0545] {processor.py:914} INFO - Processing file /home/ashok/miniconda3/envs/mysecondenvironment/lib/python3.8/site-packages/airflow/example_dags/example_latest_only.py for tasks to queue
[2025-09-14T09:53:57.076+0545] {logging_mixin.py:190} INFO - [2025-09-14T09:53:57.076+0545] {dagbag.py:588} INFO - Filling up the DagBag from /home/ashok/miniconda3/envs/mysecondenvironment/lib/python3.8/site-packages/airflow/example_dags/example_latest_only.py
[2025-09-14T09:53:57.079+0545] {processor.py:925} INFO - DAG(s) 'latest_only' retrieved from /home/ashok/miniconda3/envs/mysecondenvironment/lib/python3.8/site-packages/airflow/example_dags/example_latest_only.py
[2025-09-14T09:53:57.087+0545] {logging_mixin.py:190} INFO - [2025-09-14T09:53:57.087+0545] {dag.py:3239} INFO - Sync 1 DAGs
[2025-09-14T09:53:57.095+0545] {logging_mixin.py:190} INFO - [2025-09-14T09:53:57.095+0545] {dag.py:4180} INFO - Setting next_dagrun for latest_only to 2025-09-14 00:00:00+00:00, run_after=2025-09-14 04:00:00+00:00
[2025-09-14T09:53:57.110+0545] {processor.py:208} INFO - Processing /home/ashok/miniconda3/envs/mysecondenvironment/lib/python3.8/site-packages/airflow/example_dags/example_latest_only.py took 0.040 seconds
[2025-09-14T09:54:53.005+0545] {processor.py:186} INFO - Started process (PID=39625) to work on /home/ashok/miniconda3/envs/mysecondenvironment/lib/python3.8/site-packages/airflow/example_dags/example_latest_only.py
[2025-09-14T09:54:53.007+0545] {processor.py:914} INFO - Processing file /home/ashok/miniconda3/envs/mysecondenvironment/lib/python3.8/site-packages/airflow/example_dags/example_latest_only.py for tasks to queue
[2025-09-14T09:54:53.008+0545] {logging_mixin.py:190} INFO - [2025-09-14T09:54:53.008+0545] {dagbag.py:588} INFO - Filling up the DagBag from /home/ashok/miniconda3/envs/mysecondenvironment/lib/python3.8/site-packages/airflow/example_dags/example_latest_only.py
[2025-09-14T09:54:53.011+0545] {processor.py:925} INFO - DAG(s) 'latest_only' retrieved from /home/ashok/miniconda3/envs/mysecondenvironment/lib/python3.8/site-packages/airflow/example_dags/example_latest_only.py
[2025-09-14T09:54:53.019+0545] {logging_mixin.py:190} INFO - [2025-09-14T09:54:53.019+0545] {dag.py:3239} INFO - Sync 1 DAGs
[2025-09-14T09:54:53.026+0545] {logging_mixin.py:190} INFO - [2025-09-14T09:54:53.026+0545] {dag.py:4180} INFO - Setting next_dagrun for latest_only to 2025-09-14 00:00:00+00:00, run_after=2025-09-14 04:00:00+00:00
[2025-09-14T09:54:53.044+0545] {processor.py:208} INFO - Processing /home/ashok/miniconda3/envs/mysecondenvironment/lib/python3.8/site-packages/airflow/example_dags/example_latest_only.py took 0.043 seconds
[2025-09-14T09:56:10.387+0545] {processor.py:186} INFO - Started process (PID=40270) to work on /home/ashok/miniconda3/envs/mysecondenvironment/lib/python3.8/site-packages/airflow/example_dags/example_latest_only.py
[2025-09-14T09:56:10.388+0545] {processor.py:914} INFO - Processing file /home/ashok/miniconda3/envs/mysecondenvironment/lib/python3.8/site-packages/airflow/example_dags/example_latest_only.py for tasks to queue
[2025-09-14T09:56:10.389+0545] {logging_mixin.py:190} INFO - [2025-09-14T09:56:10.389+0545] {dagbag.py:588} INFO - Filling up the DagBag from /home/ashok/miniconda3/envs/mysecondenvironment/lib/python3.8/site-packages/airflow/example_dags/example_latest_only.py
[2025-09-14T09:56:10.392+0545] {processor.py:925} INFO - DAG(s) 'latest_only' retrieved from /home/ashok/miniconda3/envs/mysecondenvironment/lib/python3.8/site-packages/airflow/example_dags/example_latest_only.py
[2025-09-14T09:56:10.400+0545] {logging_mixin.py:190} INFO - [2025-09-14T09:56:10.399+0545] {dag.py:3239} INFO - Sync 1 DAGs
[2025-09-14T09:56:10.408+0545] {logging_mixin.py:190} INFO - [2025-09-14T09:56:10.407+0545] {dag.py:4180} INFO - Setting next_dagrun for latest_only to 2025-09-14 00:00:00+00:00, run_after=2025-09-14 04:00:00+00:00
[2025-09-14T09:56:10.426+0545] {processor.py:208} INFO - Processing /home/ashok/miniconda3/envs/mysecondenvironment/lib/python3.8/site-packages/airflow/example_dags/example_latest_only.py took 0.043 seconds
[2025-09-14T09:57:06.893+0545] {processor.py:186} INFO - Started process (PID=40729) to work on /home/ashok/miniconda3/envs/mysecondenvironment/lib/python3.8/site-packages/airflow/example_dags/example_latest_only.py
[2025-09-14T09:57:06.894+0545] {processor.py:914} INFO - Processing file /home/ashok/miniconda3/envs/mysecondenvironment/lib/python3.8/site-packages/airflow/example_dags/example_latest_only.py for tasks to queue
[2025-09-14T09:57:06.895+0545] {logging_mixin.py:190} INFO - [2025-09-14T09:57:06.895+0545] {dagbag.py:588} INFO - Filling up the DagBag from /home/ashok/miniconda3/envs/mysecondenvironment/lib/python3.8/site-packages/airflow/example_dags/example_latest_only.py
[2025-09-14T09:57:06.899+0545] {processor.py:925} INFO - DAG(s) 'latest_only' retrieved from /home/ashok/miniconda3/envs/mysecondenvironment/lib/python3.8/site-packages/airflow/example_dags/example_latest_only.py
[2025-09-14T09:57:06.908+0545] {logging_mixin.py:190} INFO - [2025-09-14T09:57:06.908+0545] {dag.py:3239} INFO - Sync 1 DAGs
[2025-09-14T09:57:06.917+0545] {logging_mixin.py:190} INFO - [2025-09-14T09:57:06.917+0545] {dag.py:4180} INFO - Setting next_dagrun for latest_only to 2025-09-14 00:00:00+00:00, run_after=2025-09-14 04:00:00+00:00
[2025-09-14T09:57:06.933+0545] {processor.py:208} INFO - Processing /home/ashok/miniconda3/envs/mysecondenvironment/lib/python3.8/site-packages/airflow/example_dags/example_latest_only.py took 0.045 seconds
[2025-09-14T09:58:01.480+0545] {processor.py:186} INFO - Started process (PID=41353) to work on /home/ashok/miniconda3/envs/mysecondenvironment/lib/python3.8/site-packages/airflow/example_dags/example_latest_only.py
[2025-09-14T09:58:01.483+0545] {processor.py:914} INFO - Processing file /home/ashok/miniconda3/envs/mysecondenvironment/lib/python3.8/site-packages/airflow/example_dags/example_latest_only.py for tasks to queue
[2025-09-14T09:58:01.484+0545] {logging_mixin.py:190} INFO - [2025-09-14T09:58:01.484+0545] {dagbag.py:588} INFO - Filling up the DagBag from /home/ashok/miniconda3/envs/mysecondenvironment/lib/python3.8/site-packages/airflow/example_dags/example_latest_only.py
[2025-09-14T09:58:01.488+0545] {processor.py:925} INFO - DAG(s) 'latest_only' retrieved from /home/ashok/miniconda3/envs/mysecondenvironment/lib/python3.8/site-packages/airflow/example_dags/example_latest_only.py
[2025-09-14T09:58:01.497+0545] {logging_mixin.py:190} INFO - [2025-09-14T09:58:01.497+0545] {dag.py:3239} INFO - Sync 1 DAGs
[2025-09-14T09:58:01.505+0545] {logging_mixin.py:190} INFO - [2025-09-14T09:58:01.505+0545] {dag.py:4180} INFO - Setting next_dagrun for latest_only to 2025-09-14 00:00:00+00:00, run_after=2025-09-14 04:00:00+00:00
[2025-09-14T09:58:01.519+0545] {processor.py:208} INFO - Processing /home/ashok/miniconda3/envs/mysecondenvironment/lib/python3.8/site-packages/airflow/example_dags/example_latest_only.py took 0.043 seconds
[2025-09-14T09:59:20.414+0545] {processor.py:186} INFO - Started process (PID=41989) to work on /home/ashok/miniconda3/envs/mysecondenvironment/lib/python3.8/site-packages/airflow/example_dags/example_latest_only.py
[2025-09-14T09:59:20.415+0545] {processor.py:914} INFO - Processing file /home/ashok/miniconda3/envs/mysecondenvironment/lib/python3.8/site-packages/airflow/example_dags/example_latest_only.py for tasks to queue
[2025-09-14T09:59:20.416+0545] {logging_mixin.py:190} INFO - [2025-09-14T09:59:20.416+0545] {dagbag.py:588} INFO - Filling up the DagBag from /home/ashok/miniconda3/envs/mysecondenvironment/lib/python3.8/site-packages/airflow/example_dags/example_latest_only.py
[2025-09-14T09:59:20.420+0545] {processor.py:925} INFO - DAG(s) 'latest_only' retrieved from /home/ashok/miniconda3/envs/mysecondenvironment/lib/python3.8/site-packages/airflow/example_dags/example_latest_only.py
[2025-09-14T09:59:20.429+0545] {logging_mixin.py:190} INFO - [2025-09-14T09:59:20.429+0545] {dag.py:3239} INFO - Sync 1 DAGs
[2025-09-14T09:59:20.439+0545] {logging_mixin.py:190} INFO - [2025-09-14T09:59:20.439+0545] {dag.py:4180} INFO - Setting next_dagrun for latest_only to 2025-09-14 00:00:00+00:00, run_after=2025-09-14 04:00:00+00:00
[2025-09-14T09:59:20.454+0545] {processor.py:208} INFO - Processing /home/ashok/miniconda3/envs/mysecondenvironment/lib/python3.8/site-packages/airflow/example_dags/example_latest_only.py took 0.045 seconds
[2025-09-14T10:00:15.620+0545] {processor.py:186} INFO - Started process (PID=42483) to work on /home/ashok/miniconda3/envs/mysecondenvironment/lib/python3.8/site-packages/airflow/example_dags/example_latest_only.py
[2025-09-14T10:00:15.622+0545] {processor.py:914} INFO - Processing file /home/ashok/miniconda3/envs/mysecondenvironment/lib/python3.8/site-packages/airflow/example_dags/example_latest_only.py for tasks to queue
[2025-09-14T10:00:15.622+0545] {logging_mixin.py:190} INFO - [2025-09-14T10:00:15.622+0545] {dagbag.py:588} INFO - Filling up the DagBag from /home/ashok/miniconda3/envs/mysecondenvironment/lib/python3.8/site-packages/airflow/example_dags/example_latest_only.py
[2025-09-14T10:00:15.626+0545] {processor.py:925} INFO - DAG(s) 'latest_only' retrieved from /home/ashok/miniconda3/envs/mysecondenvironment/lib/python3.8/site-packages/airflow/example_dags/example_latest_only.py
[2025-09-14T10:00:15.634+0545] {logging_mixin.py:190} INFO - [2025-09-14T10:00:15.634+0545] {dag.py:3239} INFO - Sync 1 DAGs
[2025-09-14T10:00:15.644+0545] {logging_mixin.py:190} INFO - [2025-09-14T10:00:15.644+0545] {dag.py:4180} INFO - Setting next_dagrun for latest_only to 2025-09-14 00:00:00+00:00, run_after=2025-09-14 04:00:00+00:00
[2025-09-14T10:00:15.661+0545] {processor.py:208} INFO - Processing /home/ashok/miniconda3/envs/mysecondenvironment/lib/python3.8/site-packages/airflow/example_dags/example_latest_only.py took 0.046 seconds
[2025-09-14T10:01:10.069+0545] {processor.py:186} INFO - Started process (PID=43032) to work on /home/ashok/miniconda3/envs/mysecondenvironment/lib/python3.8/site-packages/airflow/example_dags/example_latest_only.py
[2025-09-14T10:01:10.071+0545] {processor.py:914} INFO - Processing file /home/ashok/miniconda3/envs/mysecondenvironment/lib/python3.8/site-packages/airflow/example_dags/example_latest_only.py for tasks to queue
[2025-09-14T10:01:10.072+0545] {logging_mixin.py:190} INFO - [2025-09-14T10:01:10.072+0545] {dagbag.py:588} INFO - Filling up the DagBag from /home/ashok/miniconda3/envs/mysecondenvironment/lib/python3.8/site-packages/airflow/example_dags/example_latest_only.py
[2025-09-14T10:01:10.077+0545] {processor.py:925} INFO - DAG(s) 'latest_only' retrieved from /home/ashok/miniconda3/envs/mysecondenvironment/lib/python3.8/site-packages/airflow/example_dags/example_latest_only.py
[2025-09-14T10:01:10.088+0545] {logging_mixin.py:190} INFO - [2025-09-14T10:01:10.087+0545] {dag.py:3239} INFO - Sync 1 DAGs
[2025-09-14T10:01:10.097+0545] {logging_mixin.py:190} INFO - [2025-09-14T10:01:10.097+0545] {dag.py:4180} INFO - Setting next_dagrun for latest_only to 2025-09-14 00:00:00+00:00, run_after=2025-09-14 04:00:00+00:00
[2025-09-14T10:01:10.112+0545] {processor.py:208} INFO - Processing /home/ashok/miniconda3/envs/mysecondenvironment/lib/python3.8/site-packages/airflow/example_dags/example_latest_only.py took 0.048 seconds
[2025-09-14T10:02:05.478+0545] {processor.py:186} INFO - Started process (PID=43491) to work on /home/ashok/miniconda3/envs/mysecondenvironment/lib/python3.8/site-packages/airflow/example_dags/example_latest_only.py
[2025-09-14T10:02:05.480+0545] {processor.py:914} INFO - Processing file /home/ashok/miniconda3/envs/mysecondenvironment/lib/python3.8/site-packages/airflow/example_dags/example_latest_only.py for tasks to queue
[2025-09-14T10:02:05.481+0545] {logging_mixin.py:190} INFO - [2025-09-14T10:02:05.481+0545] {dagbag.py:588} INFO - Filling up the DagBag from /home/ashok/miniconda3/envs/mysecondenvironment/lib/python3.8/site-packages/airflow/example_dags/example_latest_only.py
[2025-09-14T10:02:05.485+0545] {processor.py:925} INFO - DAG(s) 'latest_only' retrieved from /home/ashok/miniconda3/envs/mysecondenvironment/lib/python3.8/site-packages/airflow/example_dags/example_latest_only.py
[2025-09-14T10:02:05.493+0545] {logging_mixin.py:190} INFO - [2025-09-14T10:02:05.493+0545] {dag.py:3239} INFO - Sync 1 DAGs
[2025-09-14T10:02:05.501+0545] {logging_mixin.py:190} INFO - [2025-09-14T10:02:05.501+0545] {dag.py:4180} INFO - Setting next_dagrun for latest_only to 2025-09-14 00:00:00+00:00, run_after=2025-09-14 04:00:00+00:00
[2025-09-14T10:02:05.519+0545] {processor.py:208} INFO - Processing /home/ashok/miniconda3/envs/mysecondenvironment/lib/python3.8/site-packages/airflow/example_dags/example_latest_only.py took 0.044 seconds
[2025-09-14T10:03:01.258+0545] {processor.py:186} INFO - Started process (PID=43852) to work on /home/ashok/miniconda3/envs/mysecondenvironment/lib/python3.8/site-packages/airflow/example_dags/example_latest_only.py
[2025-09-14T10:03:01.260+0545] {processor.py:914} INFO - Processing file /home/ashok/miniconda3/envs/mysecondenvironment/lib/python3.8/site-packages/airflow/example_dags/example_latest_only.py for tasks to queue
[2025-09-14T10:03:01.261+0545] {logging_mixin.py:190} INFO - [2025-09-14T10:03:01.261+0545] {dagbag.py:588} INFO - Filling up the DagBag from /home/ashok/miniconda3/envs/mysecondenvironment/lib/python3.8/site-packages/airflow/example_dags/example_latest_only.py
[2025-09-14T10:03:01.265+0545] {processor.py:925} INFO - DAG(s) 'latest_only' retrieved from /home/ashok/miniconda3/envs/mysecondenvironment/lib/python3.8/site-packages/airflow/example_dags/example_latest_only.py
[2025-09-14T10:03:01.272+0545] {logging_mixin.py:190} INFO - [2025-09-14T10:03:01.272+0545] {dag.py:3239} INFO - Sync 1 DAGs
[2025-09-14T10:03:01.280+0545] {logging_mixin.py:190} INFO - [2025-09-14T10:03:01.280+0545] {dag.py:4180} INFO - Setting next_dagrun for latest_only to 2025-09-14 00:00:00+00:00, run_after=2025-09-14 04:00:00+00:00
[2025-09-14T10:03:01.297+0545] {processor.py:208} INFO - Processing /home/ashok/miniconda3/envs/mysecondenvironment/lib/python3.8/site-packages/airflow/example_dags/example_latest_only.py took 0.043 seconds
[2025-09-14T10:03:58.120+0545] {processor.py:186} INFO - Started process (PID=44220) to work on /home/ashok/miniconda3/envs/mysecondenvironment/lib/python3.8/site-packages/airflow/example_dags/example_latest_only.py
[2025-09-14T10:03:58.123+0545] {processor.py:914} INFO - Processing file /home/ashok/miniconda3/envs/mysecondenvironment/lib/python3.8/site-packages/airflow/example_dags/example_latest_only.py for tasks to queue
[2025-09-14T10:03:58.124+0545] {logging_mixin.py:190} INFO - [2025-09-14T10:03:58.124+0545] {dagbag.py:588} INFO - Filling up the DagBag from /home/ashok/miniconda3/envs/mysecondenvironment/lib/python3.8/site-packages/airflow/example_dags/example_latest_only.py
[2025-09-14T10:03:58.128+0545] {processor.py:925} INFO - DAG(s) 'latest_only' retrieved from /home/ashok/miniconda3/envs/mysecondenvironment/lib/python3.8/site-packages/airflow/example_dags/example_latest_only.py
[2025-09-14T10:03:58.135+0545] {logging_mixin.py:190} INFO - [2025-09-14T10:03:58.135+0545] {dag.py:3239} INFO - Sync 1 DAGs
[2025-09-14T10:03:58.143+0545] {logging_mixin.py:190} INFO - [2025-09-14T10:03:58.143+0545] {dag.py:4180} INFO - Setting next_dagrun for latest_only to 2025-09-14 00:00:00+00:00, run_after=2025-09-14 04:00:00+00:00
[2025-09-14T10:03:58.161+0545] {processor.py:208} INFO - Processing /home/ashok/miniconda3/envs/mysecondenvironment/lib/python3.8/site-packages/airflow/example_dags/example_latest_only.py took 0.044 seconds
[2025-09-14T16:51:58.801+0545] {processor.py:186} INFO - Started process (PID=10349) to work on /home/ashok/miniconda3/envs/mysecondenvironment/lib/python3.8/site-packages/airflow/example_dags/example_latest_only.py
[2025-09-14T16:51:58.804+0545] {processor.py:914} INFO - Processing file /home/ashok/miniconda3/envs/mysecondenvironment/lib/python3.8/site-packages/airflow/example_dags/example_latest_only.py for tasks to queue
[2025-09-14T16:51:58.805+0545] {logging_mixin.py:190} INFO - [2025-09-14T16:51:58.805+0545] {dagbag.py:588} INFO - Filling up the DagBag from /home/ashok/miniconda3/envs/mysecondenvironment/lib/python3.8/site-packages/airflow/example_dags/example_latest_only.py
[2025-09-14T16:51:58.809+0545] {processor.py:925} INFO - DAG(s) 'latest_only' retrieved from /home/ashok/miniconda3/envs/mysecondenvironment/lib/python3.8/site-packages/airflow/example_dags/example_latest_only.py
[2025-09-14T16:51:58.817+0545] {logging_mixin.py:190} INFO - [2025-09-14T16:51:58.817+0545] {dag.py:3239} INFO - Sync 1 DAGs
[2025-09-14T16:51:58.825+0545] {logging_mixin.py:190} INFO - [2025-09-14T16:51:58.825+0545] {dag.py:4180} INFO - Setting next_dagrun for latest_only to 2025-09-14 04:00:00+00:00, run_after=2025-09-14 08:00:00+00:00
[2025-09-14T16:51:58.844+0545] {processor.py:208} INFO - Processing /home/ashok/miniconda3/envs/mysecondenvironment/lib/python3.8/site-packages/airflow/example_dags/example_latest_only.py took 0.046 seconds
