[2025-09-14T09:23:51.761+0545] {processor.py:186} INFO - Started process (PID=23329) to work on /home/ashok/miniconda3/envs/mysecondenvironment/lib/python3.8/site-packages/airflow/example_dags/example_dataset_alias.py
[2025-09-14T09:23:51.761+0545] {processor.py:914} INFO - Processing file /home/ashok/miniconda3/envs/mysecondenvironment/lib/python3.8/site-packages/airflow/example_dags/example_dataset_alias.py for tasks to queue
[2025-09-14T09:23:51.762+0545] {logging_mixin.py:190} INFO - [2025-09-14T09:23:51.762+0545] {dagbag.py:588} INFO - Filling up the DagBag from /home/ashok/miniconda3/envs/mysecondenvironment/lib/python3.8/site-packages/airflow/example_dags/example_dataset_alias.py
[2025-09-14T09:23:51.779+0545] {processor.py:925} INFO - DAG(s) 'dataset_s3_bucket_consumer', 'dataset_alias_example_alias_consumer', 'dataset_s3_bucket_producer', 'dataset_alias_example_alias_producer' retrieved from /home/ashok/miniconda3/envs/mysecondenvironment/lib/python3.8/site-packages/airflow/example_dags/example_dataset_alias.py
[2025-09-14T09:23:51.793+0545] {logging_mixin.py:190} INFO - [2025-09-14T09:23:51.792+0545] {dag.py:3239} INFO - Sync 4 DAGs
[2025-09-14T09:23:51.806+0545] {logging_mixin.py:190} INFO - [2025-09-14T09:23:51.806+0545] {dag.py:4180} INFO - Setting next_dagrun for dataset_alias_example_alias_consumer to None, run_after=None
[2025-09-14T09:23:51.808+0545] {logging_mixin.py:190} INFO - [2025-09-14T09:23:51.807+0545] {dag.py:4180} INFO - Setting next_dagrun for dataset_alias_example_alias_producer to None, run_after=None
[2025-09-14T09:23:51.808+0545] {logging_mixin.py:190} INFO - [2025-09-14T09:23:51.808+0545] {dag.py:4180} INFO - Setting next_dagrun for dataset_s3_bucket_consumer to None, run_after=None
[2025-09-14T09:23:51.808+0545] {logging_mixin.py:190} INFO - [2025-09-14T09:23:51.808+0545] {dag.py:4180} INFO - Setting next_dagrun for dataset_s3_bucket_producer to None, run_after=None
[2025-09-14T09:23:51.829+0545] {processor.py:208} INFO - Processing /home/ashok/miniconda3/envs/mysecondenvironment/lib/python3.8/site-packages/airflow/example_dags/example_dataset_alias.py took 0.073 seconds
[2025-09-14T09:24:50.982+0545] {processor.py:186} INFO - Started process (PID=23953) to work on /home/ashok/miniconda3/envs/mysecondenvironment/lib/python3.8/site-packages/airflow/example_dags/example_dataset_alias.py
[2025-09-14T09:24:50.984+0545] {processor.py:914} INFO - Processing file /home/ashok/miniconda3/envs/mysecondenvironment/lib/python3.8/site-packages/airflow/example_dags/example_dataset_alias.py for tasks to queue
[2025-09-14T09:24:50.986+0545] {logging_mixin.py:190} INFO - [2025-09-14T09:24:50.986+0545] {dagbag.py:588} INFO - Filling up the DagBag from /home/ashok/miniconda3/envs/mysecondenvironment/lib/python3.8/site-packages/airflow/example_dags/example_dataset_alias.py
[2025-09-14T09:24:50.998+0545] {processor.py:925} INFO - DAG(s) 'dataset_s3_bucket_producer', 'dataset_alias_example_alias_producer', 'dataset_alias_example_alias_consumer', 'dataset_s3_bucket_consumer' retrieved from /home/ashok/miniconda3/envs/mysecondenvironment/lib/python3.8/site-packages/airflow/example_dags/example_dataset_alias.py
[2025-09-14T09:24:51.008+0545] {logging_mixin.py:190} INFO - [2025-09-14T09:24:51.008+0545] {dag.py:3239} INFO - Sync 4 DAGs
[2025-09-14T09:24:51.018+0545] {logging_mixin.py:190} INFO - [2025-09-14T09:24:51.018+0545] {dag.py:4180} INFO - Setting next_dagrun for dataset_alias_example_alias_consumer to None, run_after=None
[2025-09-14T09:24:51.019+0545] {logging_mixin.py:190} INFO - [2025-09-14T09:24:51.019+0545] {dag.py:4180} INFO - Setting next_dagrun for dataset_alias_example_alias_producer to None, run_after=None
[2025-09-14T09:24:51.020+0545] {logging_mixin.py:190} INFO - [2025-09-14T09:24:51.020+0545] {dag.py:4180} INFO - Setting next_dagrun for dataset_s3_bucket_consumer to None, run_after=None
[2025-09-14T09:24:51.020+0545] {logging_mixin.py:190} INFO - [2025-09-14T09:24:51.020+0545] {dag.py:4180} INFO - Setting next_dagrun for dataset_s3_bucket_producer to None, run_after=None
[2025-09-14T09:24:51.040+0545] {processor.py:208} INFO - Processing /home/ashok/miniconda3/envs/mysecondenvironment/lib/python3.8/site-packages/airflow/example_dags/example_dataset_alias.py took 0.062 seconds
[2025-09-14T09:26:26.096+0545] {processor.py:186} INFO - Started process (PID=25072) to work on /home/ashok/miniconda3/envs/mysecondenvironment/lib/python3.8/site-packages/airflow/example_dags/example_dataset_alias.py
[2025-09-14T09:26:26.098+0545] {processor.py:914} INFO - Processing file /home/ashok/miniconda3/envs/mysecondenvironment/lib/python3.8/site-packages/airflow/example_dags/example_dataset_alias.py for tasks to queue
[2025-09-14T09:26:26.100+0545] {logging_mixin.py:190} INFO - [2025-09-14T09:26:26.099+0545] {dagbag.py:588} INFO - Filling up the DagBag from /home/ashok/miniconda3/envs/mysecondenvironment/lib/python3.8/site-packages/airflow/example_dags/example_dataset_alias.py
[2025-09-14T09:26:26.113+0545] {processor.py:925} INFO - DAG(s) 'dataset_s3_bucket_consumer', 'dataset_alias_example_alias_producer', 'dataset_alias_example_alias_consumer', 'dataset_s3_bucket_producer' retrieved from /home/ashok/miniconda3/envs/mysecondenvironment/lib/python3.8/site-packages/airflow/example_dags/example_dataset_alias.py
[2025-09-14T09:26:26.123+0545] {logging_mixin.py:190} INFO - [2025-09-14T09:26:26.123+0545] {dag.py:3239} INFO - Sync 4 DAGs
[2025-09-14T09:26:26.138+0545] {logging_mixin.py:190} INFO - [2025-09-14T09:26:26.138+0545] {dag.py:4180} INFO - Setting next_dagrun for dataset_alias_example_alias_consumer to None, run_after=None
[2025-09-14T09:26:26.139+0545] {logging_mixin.py:190} INFO - [2025-09-14T09:26:26.139+0545] {dag.py:4180} INFO - Setting next_dagrun for dataset_alias_example_alias_producer to None, run_after=None
[2025-09-14T09:26:26.140+0545] {logging_mixin.py:190} INFO - [2025-09-14T09:26:26.140+0545] {dag.py:4180} INFO - Setting next_dagrun for dataset_s3_bucket_consumer to None, run_after=None
[2025-09-14T09:26:26.141+0545] {logging_mixin.py:190} INFO - [2025-09-14T09:26:26.141+0545] {dag.py:4180} INFO - Setting next_dagrun for dataset_s3_bucket_producer to None, run_after=None
[2025-09-14T09:26:26.161+0545] {processor.py:208} INFO - Processing /home/ashok/miniconda3/envs/mysecondenvironment/lib/python3.8/site-packages/airflow/example_dags/example_dataset_alias.py took 0.068 seconds
[2025-09-14T09:33:51.415+0545] {processor.py:186} INFO - Started process (PID=29479) to work on /home/ashok/miniconda3/envs/mysecondenvironment/lib/python3.8/site-packages/airflow/example_dags/example_dataset_alias.py
[2025-09-14T09:33:51.417+0545] {processor.py:914} INFO - Processing file /home/ashok/miniconda3/envs/mysecondenvironment/lib/python3.8/site-packages/airflow/example_dags/example_dataset_alias.py for tasks to queue
[2025-09-14T09:33:51.418+0545] {logging_mixin.py:190} INFO - [2025-09-14T09:33:51.417+0545] {dagbag.py:588} INFO - Filling up the DagBag from /home/ashok/miniconda3/envs/mysecondenvironment/lib/python3.8/site-packages/airflow/example_dags/example_dataset_alias.py
[2025-09-14T09:33:51.432+0545] {processor.py:925} INFO - DAG(s) 'dataset_alias_example_alias_consumer', 'dataset_s3_bucket_consumer', 'dataset_alias_example_alias_producer', 'dataset_s3_bucket_producer' retrieved from /home/ashok/miniconda3/envs/mysecondenvironment/lib/python3.8/site-packages/airflow/example_dags/example_dataset_alias.py
[2025-09-14T09:33:51.442+0545] {logging_mixin.py:190} INFO - [2025-09-14T09:33:51.442+0545] {dag.py:3239} INFO - Sync 4 DAGs
[2025-09-14T09:33:51.449+0545] {logging_mixin.py:190} INFO - [2025-09-14T09:33:51.449+0545] {dag.py:4180} INFO - Setting next_dagrun for dataset_alias_example_alias_consumer to None, run_after=None
[2025-09-14T09:33:51.450+0545] {logging_mixin.py:190} INFO - [2025-09-14T09:33:51.450+0545] {dag.py:4180} INFO - Setting next_dagrun for dataset_alias_example_alias_producer to None, run_after=None
[2025-09-14T09:33:51.451+0545] {logging_mixin.py:190} INFO - [2025-09-14T09:33:51.451+0545] {dag.py:4180} INFO - Setting next_dagrun for dataset_s3_bucket_consumer to None, run_after=None
[2025-09-14T09:33:51.451+0545] {logging_mixin.py:190} INFO - [2025-09-14T09:33:51.451+0545] {dag.py:4180} INFO - Setting next_dagrun for dataset_s3_bucket_producer to None, run_after=None
[2025-09-14T09:33:51.471+0545] {processor.py:208} INFO - Processing /home/ashok/miniconda3/envs/mysecondenvironment/lib/python3.8/site-packages/airflow/example_dags/example_dataset_alias.py took 0.061 seconds
[2025-09-14T09:34:47.598+0545] {processor.py:186} INFO - Started process (PID=29925) to work on /home/ashok/miniconda3/envs/mysecondenvironment/lib/python3.8/site-packages/airflow/example_dags/example_dataset_alias.py
[2025-09-14T09:34:47.600+0545] {processor.py:914} INFO - Processing file /home/ashok/miniconda3/envs/mysecondenvironment/lib/python3.8/site-packages/airflow/example_dags/example_dataset_alias.py for tasks to queue
[2025-09-14T09:34:47.601+0545] {logging_mixin.py:190} INFO - [2025-09-14T09:34:47.601+0545] {dagbag.py:588} INFO - Filling up the DagBag from /home/ashok/miniconda3/envs/mysecondenvironment/lib/python3.8/site-packages/airflow/example_dags/example_dataset_alias.py
[2025-09-14T09:34:47.611+0545] {processor.py:925} INFO - DAG(s) 'dataset_s3_bucket_producer', 'dataset_alias_example_alias_producer', 'dataset_alias_example_alias_consumer', 'dataset_s3_bucket_consumer' retrieved from /home/ashok/miniconda3/envs/mysecondenvironment/lib/python3.8/site-packages/airflow/example_dags/example_dataset_alias.py
[2025-09-14T09:34:47.620+0545] {logging_mixin.py:190} INFO - [2025-09-14T09:34:47.620+0545] {dag.py:3239} INFO - Sync 4 DAGs
[2025-09-14T09:34:47.627+0545] {logging_mixin.py:190} INFO - [2025-09-14T09:34:47.627+0545] {dag.py:4180} INFO - Setting next_dagrun for dataset_alias_example_alias_consumer to None, run_after=None
[2025-09-14T09:34:47.628+0545] {logging_mixin.py:190} INFO - [2025-09-14T09:34:47.627+0545] {dag.py:4180} INFO - Setting next_dagrun for dataset_alias_example_alias_producer to None, run_after=None
[2025-09-14T09:34:47.628+0545] {logging_mixin.py:190} INFO - [2025-09-14T09:34:47.628+0545] {dag.py:4180} INFO - Setting next_dagrun for dataset_s3_bucket_consumer to None, run_after=None
[2025-09-14T09:34:47.628+0545] {logging_mixin.py:190} INFO - [2025-09-14T09:34:47.628+0545] {dag.py:4180} INFO - Setting next_dagrun for dataset_s3_bucket_producer to None, run_after=None
[2025-09-14T09:34:47.648+0545] {processor.py:208} INFO - Processing /home/ashok/miniconda3/envs/mysecondenvironment/lib/python3.8/site-packages/airflow/example_dags/example_dataset_alias.py took 0.054 seconds
[2025-09-14T09:35:43.790+0545] {processor.py:186} INFO - Started process (PID=30398) to work on /home/ashok/miniconda3/envs/mysecondenvironment/lib/python3.8/site-packages/airflow/example_dags/example_dataset_alias.py
[2025-09-14T09:35:43.791+0545] {processor.py:914} INFO - Processing file /home/ashok/miniconda3/envs/mysecondenvironment/lib/python3.8/site-packages/airflow/example_dags/example_dataset_alias.py for tasks to queue
[2025-09-14T09:35:43.791+0545] {logging_mixin.py:190} INFO - [2025-09-14T09:35:43.791+0545] {dagbag.py:588} INFO - Filling up the DagBag from /home/ashok/miniconda3/envs/mysecondenvironment/lib/python3.8/site-packages/airflow/example_dags/example_dataset_alias.py
[2025-09-14T09:35:43.804+0545] {processor.py:925} INFO - DAG(s) 'dataset_alias_example_alias_producer', 'dataset_alias_example_alias_consumer', 'dataset_s3_bucket_consumer', 'dataset_s3_bucket_producer' retrieved from /home/ashok/miniconda3/envs/mysecondenvironment/lib/python3.8/site-packages/airflow/example_dags/example_dataset_alias.py
[2025-09-14T09:35:43.815+0545] {logging_mixin.py:190} INFO - [2025-09-14T09:35:43.815+0545] {dag.py:3239} INFO - Sync 4 DAGs
[2025-09-14T09:35:43.826+0545] {logging_mixin.py:190} INFO - [2025-09-14T09:35:43.825+0545] {dag.py:4180} INFO - Setting next_dagrun for dataset_alias_example_alias_consumer to None, run_after=None
[2025-09-14T09:35:43.827+0545] {logging_mixin.py:190} INFO - [2025-09-14T09:35:43.827+0545] {dag.py:4180} INFO - Setting next_dagrun for dataset_alias_example_alias_producer to None, run_after=None
[2025-09-14T09:35:43.827+0545] {logging_mixin.py:190} INFO - [2025-09-14T09:35:43.827+0545] {dag.py:4180} INFO - Setting next_dagrun for dataset_s3_bucket_consumer to None, run_after=None
[2025-09-14T09:35:43.828+0545] {logging_mixin.py:190} INFO - [2025-09-14T09:35:43.828+0545] {dag.py:4180} INFO - Setting next_dagrun for dataset_s3_bucket_producer to None, run_after=None
[2025-09-14T09:35:43.845+0545] {processor.py:208} INFO - Processing /home/ashok/miniconda3/envs/mysecondenvironment/lib/python3.8/site-packages/airflow/example_dags/example_dataset_alias.py took 0.060 seconds
[2025-09-14T09:36:37.760+0545] {processor.py:186} INFO - Started process (PID=30763) to work on /home/ashok/miniconda3/envs/mysecondenvironment/lib/python3.8/site-packages/airflow/example_dags/example_dataset_alias.py
[2025-09-14T09:36:37.762+0545] {processor.py:914} INFO - Processing file /home/ashok/miniconda3/envs/mysecondenvironment/lib/python3.8/site-packages/airflow/example_dags/example_dataset_alias.py for tasks to queue
[2025-09-14T09:36:37.763+0545] {logging_mixin.py:190} INFO - [2025-09-14T09:36:37.763+0545] {dagbag.py:588} INFO - Filling up the DagBag from /home/ashok/miniconda3/envs/mysecondenvironment/lib/python3.8/site-packages/airflow/example_dags/example_dataset_alias.py
[2025-09-14T09:36:37.774+0545] {processor.py:925} INFO - DAG(s) 'dataset_s3_bucket_producer', 'dataset_alias_example_alias_producer', 'dataset_s3_bucket_consumer', 'dataset_alias_example_alias_consumer' retrieved from /home/ashok/miniconda3/envs/mysecondenvironment/lib/python3.8/site-packages/airflow/example_dags/example_dataset_alias.py
[2025-09-14T09:36:37.783+0545] {logging_mixin.py:190} INFO - [2025-09-14T09:36:37.783+0545] {dag.py:3239} INFO - Sync 4 DAGs
[2025-09-14T09:36:37.790+0545] {logging_mixin.py:190} INFO - [2025-09-14T09:36:37.790+0545] {dag.py:4180} INFO - Setting next_dagrun for dataset_alias_example_alias_consumer to None, run_after=None
[2025-09-14T09:36:37.791+0545] {logging_mixin.py:190} INFO - [2025-09-14T09:36:37.791+0545] {dag.py:4180} INFO - Setting next_dagrun for dataset_alias_example_alias_producer to None, run_after=None
[2025-09-14T09:36:37.792+0545] {logging_mixin.py:190} INFO - [2025-09-14T09:36:37.792+0545] {dag.py:4180} INFO - Setting next_dagrun for dataset_s3_bucket_consumer to None, run_after=None
[2025-09-14T09:36:37.792+0545] {logging_mixin.py:190} INFO - [2025-09-14T09:36:37.792+0545] {dag.py:4180} INFO - Setting next_dagrun for dataset_s3_bucket_producer to None, run_after=None
[2025-09-14T09:36:37.812+0545] {processor.py:208} INFO - Processing /home/ashok/miniconda3/envs/mysecondenvironment/lib/python3.8/site-packages/airflow/example_dags/example_dataset_alias.py took 0.055 seconds
[2025-09-14T09:37:29.818+0545] {processor.py:186} INFO - Started process (PID=31380) to work on /home/ashok/miniconda3/envs/mysecondenvironment/lib/python3.8/site-packages/airflow/example_dags/example_dataset_alias.py
[2025-09-14T09:37:29.819+0545] {processor.py:914} INFO - Processing file /home/ashok/miniconda3/envs/mysecondenvironment/lib/python3.8/site-packages/airflow/example_dags/example_dataset_alias.py for tasks to queue
[2025-09-14T09:37:29.820+0545] {logging_mixin.py:190} INFO - [2025-09-14T09:37:29.820+0545] {dagbag.py:588} INFO - Filling up the DagBag from /home/ashok/miniconda3/envs/mysecondenvironment/lib/python3.8/site-packages/airflow/example_dags/example_dataset_alias.py
[2025-09-14T09:37:29.834+0545] {processor.py:925} INFO - DAG(s) 'dataset_s3_bucket_consumer', 'dataset_s3_bucket_producer', 'dataset_alias_example_alias_consumer', 'dataset_alias_example_alias_producer' retrieved from /home/ashok/miniconda3/envs/mysecondenvironment/lib/python3.8/site-packages/airflow/example_dags/example_dataset_alias.py
[2025-09-14T09:37:29.846+0545] {logging_mixin.py:190} INFO - [2025-09-14T09:37:29.846+0545] {dag.py:3239} INFO - Sync 4 DAGs
[2025-09-14T09:37:29.854+0545] {logging_mixin.py:190} INFO - [2025-09-14T09:37:29.854+0545] {dag.py:4180} INFO - Setting next_dagrun for dataset_alias_example_alias_consumer to None, run_after=None
[2025-09-14T09:37:29.855+0545] {logging_mixin.py:190} INFO - [2025-09-14T09:37:29.855+0545] {dag.py:4180} INFO - Setting next_dagrun for dataset_alias_example_alias_producer to None, run_after=None
[2025-09-14T09:37:29.855+0545] {logging_mixin.py:190} INFO - [2025-09-14T09:37:29.855+0545] {dag.py:4180} INFO - Setting next_dagrun for dataset_s3_bucket_consumer to None, run_after=None
[2025-09-14T09:37:29.856+0545] {logging_mixin.py:190} INFO - [2025-09-14T09:37:29.856+0545] {dag.py:4180} INFO - Setting next_dagrun for dataset_s3_bucket_producer to None, run_after=None
[2025-09-14T09:37:29.872+0545] {processor.py:208} INFO - Processing /home/ashok/miniconda3/envs/mysecondenvironment/lib/python3.8/site-packages/airflow/example_dags/example_dataset_alias.py took 0.057 seconds
[2025-09-14T09:38:26.013+0545] {processor.py:186} INFO - Started process (PID=31952) to work on /home/ashok/miniconda3/envs/mysecondenvironment/lib/python3.8/site-packages/airflow/example_dags/example_dataset_alias.py
[2025-09-14T09:38:26.014+0545] {processor.py:914} INFO - Processing file /home/ashok/miniconda3/envs/mysecondenvironment/lib/python3.8/site-packages/airflow/example_dags/example_dataset_alias.py for tasks to queue
[2025-09-14T09:38:26.015+0545] {logging_mixin.py:190} INFO - [2025-09-14T09:38:26.015+0545] {dagbag.py:588} INFO - Filling up the DagBag from /home/ashok/miniconda3/envs/mysecondenvironment/lib/python3.8/site-packages/airflow/example_dags/example_dataset_alias.py
[2025-09-14T09:38:26.030+0545] {processor.py:925} INFO - DAG(s) 'dataset_alias_example_alias_consumer', 'dataset_s3_bucket_producer', 'dataset_alias_example_alias_producer', 'dataset_s3_bucket_consumer' retrieved from /home/ashok/miniconda3/envs/mysecondenvironment/lib/python3.8/site-packages/airflow/example_dags/example_dataset_alias.py
[2025-09-14T09:38:26.039+0545] {logging_mixin.py:190} INFO - [2025-09-14T09:38:26.039+0545] {dag.py:3239} INFO - Sync 4 DAGs
[2025-09-14T09:38:26.048+0545] {logging_mixin.py:190} INFO - [2025-09-14T09:38:26.048+0545] {dag.py:4180} INFO - Setting next_dagrun for dataset_alias_example_alias_consumer to None, run_after=None
[2025-09-14T09:38:26.049+0545] {logging_mixin.py:190} INFO - [2025-09-14T09:38:26.049+0545] {dag.py:4180} INFO - Setting next_dagrun for dataset_alias_example_alias_producer to None, run_after=None
[2025-09-14T09:38:26.049+0545] {logging_mixin.py:190} INFO - [2025-09-14T09:38:26.049+0545] {dag.py:4180} INFO - Setting next_dagrun for dataset_s3_bucket_consumer to None, run_after=None
[2025-09-14T09:38:26.049+0545] {logging_mixin.py:190} INFO - [2025-09-14T09:38:26.049+0545] {dag.py:4180} INFO - Setting next_dagrun for dataset_s3_bucket_producer to None, run_after=None
[2025-09-14T09:38:26.066+0545] {processor.py:208} INFO - Processing /home/ashok/miniconda3/envs/mysecondenvironment/lib/python3.8/site-packages/airflow/example_dags/example_dataset_alias.py took 0.059 seconds
[2025-09-14T09:39:23.144+0545] {processor.py:186} INFO - Started process (PID=32453) to work on /home/ashok/miniconda3/envs/mysecondenvironment/lib/python3.8/site-packages/airflow/example_dags/example_dataset_alias.py
[2025-09-14T09:39:23.146+0545] {processor.py:914} INFO - Processing file /home/ashok/miniconda3/envs/mysecondenvironment/lib/python3.8/site-packages/airflow/example_dags/example_dataset_alias.py for tasks to queue
[2025-09-14T09:39:23.146+0545] {logging_mixin.py:190} INFO - [2025-09-14T09:39:23.146+0545] {dagbag.py:588} INFO - Filling up the DagBag from /home/ashok/miniconda3/envs/mysecondenvironment/lib/python3.8/site-packages/airflow/example_dags/example_dataset_alias.py
[2025-09-14T09:39:23.156+0545] {processor.py:925} INFO - DAG(s) 'dataset_alias_example_alias_consumer', 'dataset_s3_bucket_consumer', 'dataset_alias_example_alias_producer', 'dataset_s3_bucket_producer' retrieved from /home/ashok/miniconda3/envs/mysecondenvironment/lib/python3.8/site-packages/airflow/example_dags/example_dataset_alias.py
[2025-09-14T09:39:23.165+0545] {logging_mixin.py:190} INFO - [2025-09-14T09:39:23.165+0545] {dag.py:3239} INFO - Sync 4 DAGs
[2025-09-14T09:39:23.172+0545] {logging_mixin.py:190} INFO - [2025-09-14T09:39:23.172+0545] {dag.py:4180} INFO - Setting next_dagrun for dataset_alias_example_alias_consumer to None, run_after=None
[2025-09-14T09:39:23.173+0545] {logging_mixin.py:190} INFO - [2025-09-14T09:39:23.173+0545] {dag.py:4180} INFO - Setting next_dagrun for dataset_alias_example_alias_producer to None, run_after=None
[2025-09-14T09:39:23.174+0545] {logging_mixin.py:190} INFO - [2025-09-14T09:39:23.173+0545] {dag.py:4180} INFO - Setting next_dagrun for dataset_s3_bucket_consumer to None, run_after=None
[2025-09-14T09:39:23.174+0545] {logging_mixin.py:190} INFO - [2025-09-14T09:39:23.174+0545] {dag.py:4180} INFO - Setting next_dagrun for dataset_s3_bucket_producer to None, run_after=None
[2025-09-14T09:39:23.190+0545] {processor.py:208} INFO - Processing /home/ashok/miniconda3/envs/mysecondenvironment/lib/python3.8/site-packages/airflow/example_dags/example_dataset_alias.py took 0.050 seconds
[2025-09-14T09:40:19.665+0545] {processor.py:186} INFO - Started process (PID=32824) to work on /home/ashok/miniconda3/envs/mysecondenvironment/lib/python3.8/site-packages/airflow/example_dags/example_dataset_alias.py
[2025-09-14T09:40:19.667+0545] {processor.py:914} INFO - Processing file /home/ashok/miniconda3/envs/mysecondenvironment/lib/python3.8/site-packages/airflow/example_dags/example_dataset_alias.py for tasks to queue
[2025-09-14T09:40:19.667+0545] {logging_mixin.py:190} INFO - [2025-09-14T09:40:19.667+0545] {dagbag.py:588} INFO - Filling up the DagBag from /home/ashok/miniconda3/envs/mysecondenvironment/lib/python3.8/site-packages/airflow/example_dags/example_dataset_alias.py
[2025-09-14T09:40:19.678+0545] {processor.py:925} INFO - DAG(s) 'dataset_s3_bucket_producer', 'dataset_alias_example_alias_consumer', 'dataset_s3_bucket_consumer', 'dataset_alias_example_alias_producer' retrieved from /home/ashok/miniconda3/envs/mysecondenvironment/lib/python3.8/site-packages/airflow/example_dags/example_dataset_alias.py
[2025-09-14T09:40:19.686+0545] {logging_mixin.py:190} INFO - [2025-09-14T09:40:19.686+0545] {dag.py:3239} INFO - Sync 4 DAGs
[2025-09-14T09:40:19.693+0545] {logging_mixin.py:190} INFO - [2025-09-14T09:40:19.693+0545] {dag.py:4180} INFO - Setting next_dagrun for dataset_alias_example_alias_consumer to None, run_after=None
[2025-09-14T09:40:19.694+0545] {logging_mixin.py:190} INFO - [2025-09-14T09:40:19.694+0545] {dag.py:4180} INFO - Setting next_dagrun for dataset_alias_example_alias_producer to None, run_after=None
[2025-09-14T09:40:19.695+0545] {logging_mixin.py:190} INFO - [2025-09-14T09:40:19.694+0545] {dag.py:4180} INFO - Setting next_dagrun for dataset_s3_bucket_consumer to None, run_after=None
[2025-09-14T09:40:19.695+0545] {logging_mixin.py:190} INFO - [2025-09-14T09:40:19.695+0545] {dag.py:4180} INFO - Setting next_dagrun for dataset_s3_bucket_producer to None, run_after=None
[2025-09-14T09:40:19.718+0545] {processor.py:208} INFO - Processing /home/ashok/miniconda3/envs/mysecondenvironment/lib/python3.8/site-packages/airflow/example_dags/example_dataset_alias.py took 0.055 seconds
[2025-09-14T09:41:14.714+0545] {processor.py:186} INFO - Started process (PID=33235) to work on /home/ashok/miniconda3/envs/mysecondenvironment/lib/python3.8/site-packages/airflow/example_dags/example_dataset_alias.py
[2025-09-14T09:41:14.716+0545] {processor.py:914} INFO - Processing file /home/ashok/miniconda3/envs/mysecondenvironment/lib/python3.8/site-packages/airflow/example_dags/example_dataset_alias.py for tasks to queue
[2025-09-14T09:41:14.717+0545] {logging_mixin.py:190} INFO - [2025-09-14T09:41:14.717+0545] {dagbag.py:588} INFO - Filling up the DagBag from /home/ashok/miniconda3/envs/mysecondenvironment/lib/python3.8/site-packages/airflow/example_dags/example_dataset_alias.py
[2025-09-14T09:41:14.727+0545] {processor.py:925} INFO - DAG(s) 'dataset_s3_bucket_consumer', 'dataset_alias_example_alias_consumer', 'dataset_s3_bucket_producer', 'dataset_alias_example_alias_producer' retrieved from /home/ashok/miniconda3/envs/mysecondenvironment/lib/python3.8/site-packages/airflow/example_dags/example_dataset_alias.py
[2025-09-14T09:41:14.735+0545] {logging_mixin.py:190} INFO - [2025-09-14T09:41:14.735+0545] {dag.py:3239} INFO - Sync 4 DAGs
[2025-09-14T09:41:14.743+0545] {logging_mixin.py:190} INFO - [2025-09-14T09:41:14.743+0545] {dag.py:4180} INFO - Setting next_dagrun for dataset_alias_example_alias_consumer to None, run_after=None
[2025-09-14T09:41:14.744+0545] {logging_mixin.py:190} INFO - [2025-09-14T09:41:14.743+0545] {dag.py:4180} INFO - Setting next_dagrun for dataset_alias_example_alias_producer to None, run_after=None
[2025-09-14T09:41:14.744+0545] {logging_mixin.py:190} INFO - [2025-09-14T09:41:14.744+0545] {dag.py:4180} INFO - Setting next_dagrun for dataset_s3_bucket_consumer to None, run_after=None
[2025-09-14T09:41:14.744+0545] {logging_mixin.py:190} INFO - [2025-09-14T09:41:14.744+0545] {dag.py:4180} INFO - Setting next_dagrun for dataset_s3_bucket_producer to None, run_after=None
[2025-09-14T09:41:14.766+0545] {processor.py:208} INFO - Processing /home/ashok/miniconda3/envs/mysecondenvironment/lib/python3.8/site-packages/airflow/example_dags/example_dataset_alias.py took 0.056 seconds
[2025-09-14T09:42:10.946+0545] {processor.py:186} INFO - Started process (PID=33659) to work on /home/ashok/miniconda3/envs/mysecondenvironment/lib/python3.8/site-packages/airflow/example_dags/example_dataset_alias.py
[2025-09-14T09:42:10.948+0545] {processor.py:914} INFO - Processing file /home/ashok/miniconda3/envs/mysecondenvironment/lib/python3.8/site-packages/airflow/example_dags/example_dataset_alias.py for tasks to queue
[2025-09-14T09:42:10.949+0545] {logging_mixin.py:190} INFO - [2025-09-14T09:42:10.949+0545] {dagbag.py:588} INFO - Filling up the DagBag from /home/ashok/miniconda3/envs/mysecondenvironment/lib/python3.8/site-packages/airflow/example_dags/example_dataset_alias.py
[2025-09-14T09:42:10.960+0545] {processor.py:925} INFO - DAG(s) 'dataset_alias_example_alias_producer', 'dataset_s3_bucket_consumer', 'dataset_alias_example_alias_consumer', 'dataset_s3_bucket_producer' retrieved from /home/ashok/miniconda3/envs/mysecondenvironment/lib/python3.8/site-packages/airflow/example_dags/example_dataset_alias.py
[2025-09-14T09:42:10.969+0545] {logging_mixin.py:190} INFO - [2025-09-14T09:42:10.969+0545] {dag.py:3239} INFO - Sync 4 DAGs
[2025-09-14T09:42:10.976+0545] {logging_mixin.py:190} INFO - [2025-09-14T09:42:10.976+0545] {dag.py:4180} INFO - Setting next_dagrun for dataset_alias_example_alias_consumer to None, run_after=None
[2025-09-14T09:42:10.977+0545] {logging_mixin.py:190} INFO - [2025-09-14T09:42:10.977+0545] {dag.py:4180} INFO - Setting next_dagrun for dataset_alias_example_alias_producer to None, run_after=None
[2025-09-14T09:42:10.978+0545] {logging_mixin.py:190} INFO - [2025-09-14T09:42:10.977+0545] {dag.py:4180} INFO - Setting next_dagrun for dataset_s3_bucket_consumer to None, run_after=None
[2025-09-14T09:42:10.978+0545] {logging_mixin.py:190} INFO - [2025-09-14T09:42:10.978+0545] {dag.py:4180} INFO - Setting next_dagrun for dataset_s3_bucket_producer to None, run_after=None
[2025-09-14T09:42:10.997+0545] {processor.py:208} INFO - Processing /home/ashok/miniconda3/envs/mysecondenvironment/lib/python3.8/site-packages/airflow/example_dags/example_dataset_alias.py took 0.054 seconds
[2025-09-14T09:43:06.766+0545] {processor.py:186} INFO - Started process (PID=34158) to work on /home/ashok/miniconda3/envs/mysecondenvironment/lib/python3.8/site-packages/airflow/example_dags/example_dataset_alias.py
[2025-09-14T09:43:06.768+0545] {processor.py:914} INFO - Processing file /home/ashok/miniconda3/envs/mysecondenvironment/lib/python3.8/site-packages/airflow/example_dags/example_dataset_alias.py for tasks to queue
[2025-09-14T09:43:06.769+0545] {logging_mixin.py:190} INFO - [2025-09-14T09:43:06.769+0545] {dagbag.py:588} INFO - Filling up the DagBag from /home/ashok/miniconda3/envs/mysecondenvironment/lib/python3.8/site-packages/airflow/example_dags/example_dataset_alias.py
[2025-09-14T09:43:06.779+0545] {processor.py:925} INFO - DAG(s) 'dataset_alias_example_alias_consumer', 'dataset_alias_example_alias_producer', 'dataset_s3_bucket_producer', 'dataset_s3_bucket_consumer' retrieved from /home/ashok/miniconda3/envs/mysecondenvironment/lib/python3.8/site-packages/airflow/example_dags/example_dataset_alias.py
[2025-09-14T09:43:06.789+0545] {logging_mixin.py:190} INFO - [2025-09-14T09:43:06.788+0545] {dag.py:3239} INFO - Sync 4 DAGs
[2025-09-14T09:43:06.797+0545] {logging_mixin.py:190} INFO - [2025-09-14T09:43:06.797+0545] {dag.py:4180} INFO - Setting next_dagrun for dataset_alias_example_alias_consumer to None, run_after=None
[2025-09-14T09:43:06.799+0545] {logging_mixin.py:190} INFO - [2025-09-14T09:43:06.799+0545] {dag.py:4180} INFO - Setting next_dagrun for dataset_alias_example_alias_producer to None, run_after=None
[2025-09-14T09:43:06.800+0545] {logging_mixin.py:190} INFO - [2025-09-14T09:43:06.800+0545] {dag.py:4180} INFO - Setting next_dagrun for dataset_s3_bucket_consumer to None, run_after=None
[2025-09-14T09:43:06.800+0545] {logging_mixin.py:190} INFO - [2025-09-14T09:43:06.800+0545] {dag.py:4180} INFO - Setting next_dagrun for dataset_s3_bucket_producer to None, run_after=None
[2025-09-14T09:43:06.816+0545] {processor.py:208} INFO - Processing /home/ashok/miniconda3/envs/mysecondenvironment/lib/python3.8/site-packages/airflow/example_dags/example_dataset_alias.py took 0.053 seconds
[2025-09-14T09:44:03.024+0545] {processor.py:186} INFO - Started process (PID=34551) to work on /home/ashok/miniconda3/envs/mysecondenvironment/lib/python3.8/site-packages/airflow/example_dags/example_dataset_alias.py
[2025-09-14T09:44:03.027+0545] {processor.py:914} INFO - Processing file /home/ashok/miniconda3/envs/mysecondenvironment/lib/python3.8/site-packages/airflow/example_dags/example_dataset_alias.py for tasks to queue
[2025-09-14T09:44:03.028+0545] {logging_mixin.py:190} INFO - [2025-09-14T09:44:03.028+0545] {dagbag.py:588} INFO - Filling up the DagBag from /home/ashok/miniconda3/envs/mysecondenvironment/lib/python3.8/site-packages/airflow/example_dags/example_dataset_alias.py
[2025-09-14T09:44:03.039+0545] {processor.py:925} INFO - DAG(s) 'dataset_alias_example_alias_consumer', 'dataset_alias_example_alias_producer', 'dataset_s3_bucket_producer', 'dataset_s3_bucket_consumer' retrieved from /home/ashok/miniconda3/envs/mysecondenvironment/lib/python3.8/site-packages/airflow/example_dags/example_dataset_alias.py
[2025-09-14T09:44:03.047+0545] {logging_mixin.py:190} INFO - [2025-09-14T09:44:03.047+0545] {dag.py:3239} INFO - Sync 4 DAGs
[2025-09-14T09:44:03.055+0545] {logging_mixin.py:190} INFO - [2025-09-14T09:44:03.055+0545] {dag.py:4180} INFO - Setting next_dagrun for dataset_alias_example_alias_consumer to None, run_after=None
[2025-09-14T09:44:03.056+0545] {logging_mixin.py:190} INFO - [2025-09-14T09:44:03.056+0545] {dag.py:4180} INFO - Setting next_dagrun for dataset_alias_example_alias_producer to None, run_after=None
[2025-09-14T09:44:03.056+0545] {logging_mixin.py:190} INFO - [2025-09-14T09:44:03.056+0545] {dag.py:4180} INFO - Setting next_dagrun for dataset_s3_bucket_consumer to None, run_after=None
[2025-09-14T09:44:03.057+0545] {logging_mixin.py:190} INFO - [2025-09-14T09:44:03.056+0545] {dag.py:4180} INFO - Setting next_dagrun for dataset_s3_bucket_producer to None, run_after=None
[2025-09-14T09:44:03.076+0545] {processor.py:208} INFO - Processing /home/ashok/miniconda3/envs/mysecondenvironment/lib/python3.8/site-packages/airflow/example_dags/example_dataset_alias.py took 0.056 seconds
[2025-09-14T09:45:02.154+0545] {processor.py:186} INFO - Started process (PID=34951) to work on /home/ashok/miniconda3/envs/mysecondenvironment/lib/python3.8/site-packages/airflow/example_dags/example_dataset_alias.py
[2025-09-14T09:45:02.155+0545] {processor.py:914} INFO - Processing file /home/ashok/miniconda3/envs/mysecondenvironment/lib/python3.8/site-packages/airflow/example_dags/example_dataset_alias.py for tasks to queue
[2025-09-14T09:45:02.156+0545] {logging_mixin.py:190} INFO - [2025-09-14T09:45:02.156+0545] {dagbag.py:588} INFO - Filling up the DagBag from /home/ashok/miniconda3/envs/mysecondenvironment/lib/python3.8/site-packages/airflow/example_dags/example_dataset_alias.py
[2025-09-14T09:45:02.166+0545] {processor.py:925} INFO - DAG(s) 'dataset_alias_example_alias_producer', 'dataset_alias_example_alias_consumer', 'dataset_s3_bucket_consumer', 'dataset_s3_bucket_producer' retrieved from /home/ashok/miniconda3/envs/mysecondenvironment/lib/python3.8/site-packages/airflow/example_dags/example_dataset_alias.py
[2025-09-14T09:45:02.175+0545] {logging_mixin.py:190} INFO - [2025-09-14T09:45:02.175+0545] {dag.py:3239} INFO - Sync 4 DAGs
[2025-09-14T09:45:02.183+0545] {logging_mixin.py:190} INFO - [2025-09-14T09:45:02.183+0545] {dag.py:4180} INFO - Setting next_dagrun for dataset_alias_example_alias_consumer to None, run_after=None
[2025-09-14T09:45:02.184+0545] {logging_mixin.py:190} INFO - [2025-09-14T09:45:02.184+0545] {dag.py:4180} INFO - Setting next_dagrun for dataset_alias_example_alias_producer to None, run_after=None
[2025-09-14T09:45:02.184+0545] {logging_mixin.py:190} INFO - [2025-09-14T09:45:02.184+0545] {dag.py:4180} INFO - Setting next_dagrun for dataset_s3_bucket_consumer to None, run_after=None
[2025-09-14T09:45:02.185+0545] {logging_mixin.py:190} INFO - [2025-09-14T09:45:02.185+0545] {dag.py:4180} INFO - Setting next_dagrun for dataset_s3_bucket_producer to None, run_after=None
[2025-09-14T09:45:02.201+0545] {processor.py:208} INFO - Processing /home/ashok/miniconda3/envs/mysecondenvironment/lib/python3.8/site-packages/airflow/example_dags/example_dataset_alias.py took 0.050 seconds
[2025-09-14T09:45:53.180+0545] {processor.py:186} INFO - Started process (PID=35332) to work on /home/ashok/miniconda3/envs/mysecondenvironment/lib/python3.8/site-packages/airflow/example_dags/example_dataset_alias.py
[2025-09-14T09:45:53.182+0545] {processor.py:914} INFO - Processing file /home/ashok/miniconda3/envs/mysecondenvironment/lib/python3.8/site-packages/airflow/example_dags/example_dataset_alias.py for tasks to queue
[2025-09-14T09:45:53.183+0545] {logging_mixin.py:190} INFO - [2025-09-14T09:45:53.182+0545] {dagbag.py:588} INFO - Filling up the DagBag from /home/ashok/miniconda3/envs/mysecondenvironment/lib/python3.8/site-packages/airflow/example_dags/example_dataset_alias.py
[2025-09-14T09:45:53.194+0545] {processor.py:925} INFO - DAG(s) 'dataset_s3_bucket_producer', 'dataset_s3_bucket_consumer', 'dataset_alias_example_alias_consumer', 'dataset_alias_example_alias_producer' retrieved from /home/ashok/miniconda3/envs/mysecondenvironment/lib/python3.8/site-packages/airflow/example_dags/example_dataset_alias.py
[2025-09-14T09:45:53.204+0545] {logging_mixin.py:190} INFO - [2025-09-14T09:45:53.204+0545] {dag.py:3239} INFO - Sync 4 DAGs
[2025-09-14T09:45:53.213+0545] {logging_mixin.py:190} INFO - [2025-09-14T09:45:53.213+0545] {dag.py:4180} INFO - Setting next_dagrun for dataset_alias_example_alias_consumer to None, run_after=None
[2025-09-14T09:45:53.215+0545] {logging_mixin.py:190} INFO - [2025-09-14T09:45:53.215+0545] {dag.py:4180} INFO - Setting next_dagrun for dataset_alias_example_alias_producer to None, run_after=None
[2025-09-14T09:45:53.216+0545] {logging_mixin.py:190} INFO - [2025-09-14T09:45:53.215+0545] {dag.py:4180} INFO - Setting next_dagrun for dataset_s3_bucket_consumer to None, run_after=None
[2025-09-14T09:45:53.217+0545] {logging_mixin.py:190} INFO - [2025-09-14T09:45:53.217+0545] {dag.py:4180} INFO - Setting next_dagrun for dataset_s3_bucket_producer to None, run_after=None
[2025-09-14T09:45:53.237+0545] {processor.py:208} INFO - Processing /home/ashok/miniconda3/envs/mysecondenvironment/lib/python3.8/site-packages/airflow/example_dags/example_dataset_alias.py took 0.060 seconds
[2025-09-14T09:46:46.965+0545] {processor.py:186} INFO - Started process (PID=35732) to work on /home/ashok/miniconda3/envs/mysecondenvironment/lib/python3.8/site-packages/airflow/example_dags/example_dataset_alias.py
[2025-09-14T09:46:46.967+0545] {processor.py:914} INFO - Processing file /home/ashok/miniconda3/envs/mysecondenvironment/lib/python3.8/site-packages/airflow/example_dags/example_dataset_alias.py for tasks to queue
[2025-09-14T09:46:46.968+0545] {logging_mixin.py:190} INFO - [2025-09-14T09:46:46.968+0545] {dagbag.py:588} INFO - Filling up the DagBag from /home/ashok/miniconda3/envs/mysecondenvironment/lib/python3.8/site-packages/airflow/example_dags/example_dataset_alias.py
[2025-09-14T09:46:46.979+0545] {processor.py:925} INFO - DAG(s) 'dataset_s3_bucket_producer', 'dataset_alias_example_alias_consumer', 'dataset_s3_bucket_consumer', 'dataset_alias_example_alias_producer' retrieved from /home/ashok/miniconda3/envs/mysecondenvironment/lib/python3.8/site-packages/airflow/example_dags/example_dataset_alias.py
[2025-09-14T09:46:46.988+0545] {logging_mixin.py:190} INFO - [2025-09-14T09:46:46.988+0545] {dag.py:3239} INFO - Sync 4 DAGs
[2025-09-14T09:46:46.996+0545] {logging_mixin.py:190} INFO - [2025-09-14T09:46:46.996+0545] {dag.py:4180} INFO - Setting next_dagrun for dataset_alias_example_alias_consumer to None, run_after=None
[2025-09-14T09:46:46.997+0545] {logging_mixin.py:190} INFO - [2025-09-14T09:46:46.997+0545] {dag.py:4180} INFO - Setting next_dagrun for dataset_alias_example_alias_producer to None, run_after=None
[2025-09-14T09:46:46.997+0545] {logging_mixin.py:190} INFO - [2025-09-14T09:46:46.997+0545] {dag.py:4180} INFO - Setting next_dagrun for dataset_s3_bucket_consumer to None, run_after=None
[2025-09-14T09:46:46.998+0545] {logging_mixin.py:190} INFO - [2025-09-14T09:46:46.998+0545] {dag.py:4180} INFO - Setting next_dagrun for dataset_s3_bucket_producer to None, run_after=None
[2025-09-14T09:46:47.014+0545] {processor.py:208} INFO - Processing /home/ashok/miniconda3/envs/mysecondenvironment/lib/python3.8/site-packages/airflow/example_dags/example_dataset_alias.py took 0.052 seconds
[2025-09-14T09:47:40.975+0545] {processor.py:186} INFO - Started process (PID=36074) to work on /home/ashok/miniconda3/envs/mysecondenvironment/lib/python3.8/site-packages/airflow/example_dags/example_dataset_alias.py
[2025-09-14T09:47:40.978+0545] {processor.py:914} INFO - Processing file /home/ashok/miniconda3/envs/mysecondenvironment/lib/python3.8/site-packages/airflow/example_dags/example_dataset_alias.py for tasks to queue
[2025-09-14T09:47:40.979+0545] {logging_mixin.py:190} INFO - [2025-09-14T09:47:40.979+0545] {dagbag.py:588} INFO - Filling up the DagBag from /home/ashok/miniconda3/envs/mysecondenvironment/lib/python3.8/site-packages/airflow/example_dags/example_dataset_alias.py
[2025-09-14T09:47:40.992+0545] {processor.py:925} INFO - DAG(s) 'dataset_alias_example_alias_consumer', 'dataset_alias_example_alias_producer', 'dataset_s3_bucket_consumer', 'dataset_s3_bucket_producer' retrieved from /home/ashok/miniconda3/envs/mysecondenvironment/lib/python3.8/site-packages/airflow/example_dags/example_dataset_alias.py
[2025-09-14T09:47:41.002+0545] {logging_mixin.py:190} INFO - [2025-09-14T09:47:41.001+0545] {dag.py:3239} INFO - Sync 4 DAGs
[2025-09-14T09:47:41.010+0545] {logging_mixin.py:190} INFO - [2025-09-14T09:47:41.010+0545] {dag.py:4180} INFO - Setting next_dagrun for dataset_alias_example_alias_consumer to None, run_after=None
[2025-09-14T09:47:41.011+0545] {logging_mixin.py:190} INFO - [2025-09-14T09:47:41.011+0545] {dag.py:4180} INFO - Setting next_dagrun for dataset_alias_example_alias_producer to None, run_after=None
[2025-09-14T09:47:41.012+0545] {logging_mixin.py:190} INFO - [2025-09-14T09:47:41.012+0545] {dag.py:4180} INFO - Setting next_dagrun for dataset_s3_bucket_consumer to None, run_after=None
[2025-09-14T09:47:41.012+0545] {logging_mixin.py:190} INFO - [2025-09-14T09:47:41.012+0545] {dag.py:4180} INFO - Setting next_dagrun for dataset_s3_bucket_producer to None, run_after=None
[2025-09-14T09:47:41.030+0545] {processor.py:208} INFO - Processing /home/ashok/miniconda3/envs/mysecondenvironment/lib/python3.8/site-packages/airflow/example_dags/example_dataset_alias.py took 0.058 seconds
[2025-09-14T09:48:35.178+0545] {processor.py:186} INFO - Started process (PID=36477) to work on /home/ashok/miniconda3/envs/mysecondenvironment/lib/python3.8/site-packages/airflow/example_dags/example_dataset_alias.py
[2025-09-14T09:48:35.179+0545] {processor.py:914} INFO - Processing file /home/ashok/miniconda3/envs/mysecondenvironment/lib/python3.8/site-packages/airflow/example_dags/example_dataset_alias.py for tasks to queue
[2025-09-14T09:48:35.180+0545] {logging_mixin.py:190} INFO - [2025-09-14T09:48:35.180+0545] {dagbag.py:588} INFO - Filling up the DagBag from /home/ashok/miniconda3/envs/mysecondenvironment/lib/python3.8/site-packages/airflow/example_dags/example_dataset_alias.py
[2025-09-14T09:48:35.191+0545] {processor.py:925} INFO - DAG(s) 'dataset_alias_example_alias_consumer', 'dataset_s3_bucket_consumer', 'dataset_s3_bucket_producer', 'dataset_alias_example_alias_producer' retrieved from /home/ashok/miniconda3/envs/mysecondenvironment/lib/python3.8/site-packages/airflow/example_dags/example_dataset_alias.py
[2025-09-14T09:48:35.199+0545] {logging_mixin.py:190} INFO - [2025-09-14T09:48:35.199+0545] {dag.py:3239} INFO - Sync 4 DAGs
[2025-09-14T09:48:35.207+0545] {logging_mixin.py:190} INFO - [2025-09-14T09:48:35.207+0545] {dag.py:4180} INFO - Setting next_dagrun for dataset_alias_example_alias_consumer to None, run_after=None
[2025-09-14T09:48:35.208+0545] {logging_mixin.py:190} INFO - [2025-09-14T09:48:35.208+0545] {dag.py:4180} INFO - Setting next_dagrun for dataset_alias_example_alias_producer to None, run_after=None
[2025-09-14T09:48:35.209+0545] {logging_mixin.py:190} INFO - [2025-09-14T09:48:35.209+0545] {dag.py:4180} INFO - Setting next_dagrun for dataset_s3_bucket_consumer to None, run_after=None
[2025-09-14T09:48:35.209+0545] {logging_mixin.py:190} INFO - [2025-09-14T09:48:35.209+0545] {dag.py:4180} INFO - Setting next_dagrun for dataset_s3_bucket_producer to None, run_after=None
[2025-09-14T09:48:35.228+0545] {processor.py:208} INFO - Processing /home/ashok/miniconda3/envs/mysecondenvironment/lib/python3.8/site-packages/airflow/example_dags/example_dataset_alias.py took 0.056 seconds
[2025-09-14T09:49:29.575+0545] {processor.py:186} INFO - Started process (PID=36842) to work on /home/ashok/miniconda3/envs/mysecondenvironment/lib/python3.8/site-packages/airflow/example_dags/example_dataset_alias.py
[2025-09-14T09:49:29.576+0545] {processor.py:914} INFO - Processing file /home/ashok/miniconda3/envs/mysecondenvironment/lib/python3.8/site-packages/airflow/example_dags/example_dataset_alias.py for tasks to queue
[2025-09-14T09:49:29.577+0545] {logging_mixin.py:190} INFO - [2025-09-14T09:49:29.577+0545] {dagbag.py:588} INFO - Filling up the DagBag from /home/ashok/miniconda3/envs/mysecondenvironment/lib/python3.8/site-packages/airflow/example_dags/example_dataset_alias.py
[2025-09-14T09:49:29.587+0545] {processor.py:925} INFO - DAG(s) 'dataset_alias_example_alias_producer', 'dataset_s3_bucket_producer', 'dataset_alias_example_alias_consumer', 'dataset_s3_bucket_consumer' retrieved from /home/ashok/miniconda3/envs/mysecondenvironment/lib/python3.8/site-packages/airflow/example_dags/example_dataset_alias.py
[2025-09-14T09:49:29.595+0545] {logging_mixin.py:190} INFO - [2025-09-14T09:49:29.595+0545] {dag.py:3239} INFO - Sync 4 DAGs
[2025-09-14T09:49:29.603+0545] {logging_mixin.py:190} INFO - [2025-09-14T09:49:29.603+0545] {dag.py:4180} INFO - Setting next_dagrun for dataset_alias_example_alias_consumer to None, run_after=None
[2025-09-14T09:49:29.604+0545] {logging_mixin.py:190} INFO - [2025-09-14T09:49:29.604+0545] {dag.py:4180} INFO - Setting next_dagrun for dataset_alias_example_alias_producer to None, run_after=None
[2025-09-14T09:49:29.604+0545] {logging_mixin.py:190} INFO - [2025-09-14T09:49:29.604+0545] {dag.py:4180} INFO - Setting next_dagrun for dataset_s3_bucket_consumer to None, run_after=None
[2025-09-14T09:49:29.605+0545] {logging_mixin.py:190} INFO - [2025-09-14T09:49:29.604+0545] {dag.py:4180} INFO - Setting next_dagrun for dataset_s3_bucket_producer to None, run_after=None
[2025-09-14T09:49:29.622+0545] {processor.py:208} INFO - Processing /home/ashok/miniconda3/envs/mysecondenvironment/lib/python3.8/site-packages/airflow/example_dags/example_dataset_alias.py took 0.050 seconds
[2025-09-14T09:50:24.970+0545] {processor.py:186} INFO - Started process (PID=37238) to work on /home/ashok/miniconda3/envs/mysecondenvironment/lib/python3.8/site-packages/airflow/example_dags/example_dataset_alias.py
[2025-09-14T09:50:24.972+0545] {processor.py:914} INFO - Processing file /home/ashok/miniconda3/envs/mysecondenvironment/lib/python3.8/site-packages/airflow/example_dags/example_dataset_alias.py for tasks to queue
[2025-09-14T09:50:24.973+0545] {logging_mixin.py:190} INFO - [2025-09-14T09:50:24.973+0545] {dagbag.py:588} INFO - Filling up the DagBag from /home/ashok/miniconda3/envs/mysecondenvironment/lib/python3.8/site-packages/airflow/example_dags/example_dataset_alias.py
[2025-09-14T09:50:24.983+0545] {processor.py:925} INFO - DAG(s) 'dataset_s3_bucket_producer', 'dataset_s3_bucket_consumer', 'dataset_alias_example_alias_producer', 'dataset_alias_example_alias_consumer' retrieved from /home/ashok/miniconda3/envs/mysecondenvironment/lib/python3.8/site-packages/airflow/example_dags/example_dataset_alias.py
[2025-09-14T09:50:24.992+0545] {logging_mixin.py:190} INFO - [2025-09-14T09:50:24.992+0545] {dag.py:3239} INFO - Sync 4 DAGs
[2025-09-14T09:50:24.999+0545] {logging_mixin.py:190} INFO - [2025-09-14T09:50:24.999+0545] {dag.py:4180} INFO - Setting next_dagrun for dataset_alias_example_alias_consumer to None, run_after=None
[2025-09-14T09:50:25.000+0545] {logging_mixin.py:190} INFO - [2025-09-14T09:50:25.000+0545] {dag.py:4180} INFO - Setting next_dagrun for dataset_alias_example_alias_producer to None, run_after=None
[2025-09-14T09:50:25.001+0545] {logging_mixin.py:190} INFO - [2025-09-14T09:50:25.001+0545] {dag.py:4180} INFO - Setting next_dagrun for dataset_s3_bucket_consumer to None, run_after=None
[2025-09-14T09:50:25.001+0545] {logging_mixin.py:190} INFO - [2025-09-14T09:50:25.001+0545] {dag.py:4180} INFO - Setting next_dagrun for dataset_s3_bucket_producer to None, run_after=None
[2025-09-14T09:50:25.021+0545] {processor.py:208} INFO - Processing /home/ashok/miniconda3/envs/mysecondenvironment/lib/python3.8/site-packages/airflow/example_dags/example_dataset_alias.py took 0.054 seconds
[2025-09-14T09:51:21.372+0545] {processor.py:186} INFO - Started process (PID=37693) to work on /home/ashok/miniconda3/envs/mysecondenvironment/lib/python3.8/site-packages/airflow/example_dags/example_dataset_alias.py
[2025-09-14T09:51:21.373+0545] {processor.py:914} INFO - Processing file /home/ashok/miniconda3/envs/mysecondenvironment/lib/python3.8/site-packages/airflow/example_dags/example_dataset_alias.py for tasks to queue
[2025-09-14T09:51:21.374+0545] {logging_mixin.py:190} INFO - [2025-09-14T09:51:21.374+0545] {dagbag.py:588} INFO - Filling up the DagBag from /home/ashok/miniconda3/envs/mysecondenvironment/lib/python3.8/site-packages/airflow/example_dags/example_dataset_alias.py
[2025-09-14T09:51:21.386+0545] {processor.py:925} INFO - DAG(s) 'dataset_s3_bucket_producer', 'dataset_alias_example_alias_consumer', 'dataset_alias_example_alias_producer', 'dataset_s3_bucket_consumer' retrieved from /home/ashok/miniconda3/envs/mysecondenvironment/lib/python3.8/site-packages/airflow/example_dags/example_dataset_alias.py
[2025-09-14T09:51:21.396+0545] {logging_mixin.py:190} INFO - [2025-09-14T09:51:21.396+0545] {dag.py:3239} INFO - Sync 4 DAGs
[2025-09-14T09:51:21.508+0545] {logging_mixin.py:190} INFO - [2025-09-14T09:51:21.508+0545] {dag.py:4180} INFO - Setting next_dagrun for dataset_alias_example_alias_consumer to None, run_after=None
[2025-09-14T09:51:21.509+0545] {logging_mixin.py:190} INFO - [2025-09-14T09:51:21.509+0545] {dag.py:4180} INFO - Setting next_dagrun for dataset_alias_example_alias_producer to None, run_after=None
[2025-09-14T09:51:21.510+0545] {logging_mixin.py:190} INFO - [2025-09-14T09:51:21.510+0545] {dag.py:4180} INFO - Setting next_dagrun for dataset_s3_bucket_consumer to None, run_after=None
[2025-09-14T09:51:21.510+0545] {logging_mixin.py:190} INFO - [2025-09-14T09:51:21.510+0545] {dag.py:4180} INFO - Setting next_dagrun for dataset_s3_bucket_producer to None, run_after=None
[2025-09-14T09:51:21.526+0545] {processor.py:208} INFO - Processing /home/ashok/miniconda3/envs/mysecondenvironment/lib/python3.8/site-packages/airflow/example_dags/example_dataset_alias.py took 0.159 seconds
[2025-09-14T09:52:17.114+0545] {processor.py:186} INFO - Started process (PID=38173) to work on /home/ashok/miniconda3/envs/mysecondenvironment/lib/python3.8/site-packages/airflow/example_dags/example_dataset_alias.py
[2025-09-14T09:52:17.115+0545] {processor.py:914} INFO - Processing file /home/ashok/miniconda3/envs/mysecondenvironment/lib/python3.8/site-packages/airflow/example_dags/example_dataset_alias.py for tasks to queue
[2025-09-14T09:52:17.116+0545] {logging_mixin.py:190} INFO - [2025-09-14T09:52:17.116+0545] {dagbag.py:588} INFO - Filling up the DagBag from /home/ashok/miniconda3/envs/mysecondenvironment/lib/python3.8/site-packages/airflow/example_dags/example_dataset_alias.py
[2025-09-14T09:52:17.126+0545] {processor.py:925} INFO - DAG(s) 'dataset_s3_bucket_consumer', 'dataset_s3_bucket_producer', 'dataset_alias_example_alias_producer', 'dataset_alias_example_alias_consumer' retrieved from /home/ashok/miniconda3/envs/mysecondenvironment/lib/python3.8/site-packages/airflow/example_dags/example_dataset_alias.py
[2025-09-14T09:52:17.135+0545] {logging_mixin.py:190} INFO - [2025-09-14T09:52:17.135+0545] {dag.py:3239} INFO - Sync 4 DAGs
[2025-09-14T09:52:17.142+0545] {logging_mixin.py:190} INFO - [2025-09-14T09:52:17.142+0545] {dag.py:4180} INFO - Setting next_dagrun for dataset_alias_example_alias_consumer to None, run_after=None
[2025-09-14T09:52:17.143+0545] {logging_mixin.py:190} INFO - [2025-09-14T09:52:17.143+0545] {dag.py:4180} INFO - Setting next_dagrun for dataset_alias_example_alias_producer to None, run_after=None
[2025-09-14T09:52:17.143+0545] {logging_mixin.py:190} INFO - [2025-09-14T09:52:17.143+0545] {dag.py:4180} INFO - Setting next_dagrun for dataset_s3_bucket_consumer to None, run_after=None
[2025-09-14T09:52:17.144+0545] {logging_mixin.py:190} INFO - [2025-09-14T09:52:17.144+0545] {dag.py:4180} INFO - Setting next_dagrun for dataset_s3_bucket_producer to None, run_after=None
[2025-09-14T09:52:17.160+0545] {processor.py:208} INFO - Processing /home/ashok/miniconda3/envs/mysecondenvironment/lib/python3.8/site-packages/airflow/example_dags/example_dataset_alias.py took 0.050 seconds
[2025-09-14T09:53:14.681+0545] {processor.py:186} INFO - Started process (PID=38618) to work on /home/ashok/miniconda3/envs/mysecondenvironment/lib/python3.8/site-packages/airflow/example_dags/example_dataset_alias.py
[2025-09-14T09:53:14.683+0545] {processor.py:914} INFO - Processing file /home/ashok/miniconda3/envs/mysecondenvironment/lib/python3.8/site-packages/airflow/example_dags/example_dataset_alias.py for tasks to queue
[2025-09-14T09:53:14.683+0545] {logging_mixin.py:190} INFO - [2025-09-14T09:53:14.683+0545] {dagbag.py:588} INFO - Filling up the DagBag from /home/ashok/miniconda3/envs/mysecondenvironment/lib/python3.8/site-packages/airflow/example_dags/example_dataset_alias.py
[2025-09-14T09:53:14.694+0545] {processor.py:925} INFO - DAG(s) 'dataset_s3_bucket_consumer', 'dataset_alias_example_alias_producer', 'dataset_s3_bucket_producer', 'dataset_alias_example_alias_consumer' retrieved from /home/ashok/miniconda3/envs/mysecondenvironment/lib/python3.8/site-packages/airflow/example_dags/example_dataset_alias.py
[2025-09-14T09:53:14.705+0545] {logging_mixin.py:190} INFO - [2025-09-14T09:53:14.705+0545] {dag.py:3239} INFO - Sync 4 DAGs
[2025-09-14T09:53:14.713+0545] {logging_mixin.py:190} INFO - [2025-09-14T09:53:14.713+0545] {dag.py:4180} INFO - Setting next_dagrun for dataset_alias_example_alias_consumer to None, run_after=None
[2025-09-14T09:53:14.714+0545] {logging_mixin.py:190} INFO - [2025-09-14T09:53:14.714+0545] {dag.py:4180} INFO - Setting next_dagrun for dataset_alias_example_alias_producer to None, run_after=None
[2025-09-14T09:53:14.714+0545] {logging_mixin.py:190} INFO - [2025-09-14T09:53:14.714+0545] {dag.py:4180} INFO - Setting next_dagrun for dataset_s3_bucket_consumer to None, run_after=None
[2025-09-14T09:53:14.715+0545] {logging_mixin.py:190} INFO - [2025-09-14T09:53:14.715+0545] {dag.py:4180} INFO - Setting next_dagrun for dataset_s3_bucket_producer to None, run_after=None
[2025-09-14T09:53:14.827+0545] {processor.py:208} INFO - Processing /home/ashok/miniconda3/envs/mysecondenvironment/lib/python3.8/site-packages/airflow/example_dags/example_dataset_alias.py took 0.149 seconds
[2025-09-14T09:54:12.212+0545] {processor.py:186} INFO - Started process (PID=39319) to work on /home/ashok/miniconda3/envs/mysecondenvironment/lib/python3.8/site-packages/airflow/example_dags/example_dataset_alias.py
[2025-09-14T09:54:12.214+0545] {processor.py:914} INFO - Processing file /home/ashok/miniconda3/envs/mysecondenvironment/lib/python3.8/site-packages/airflow/example_dags/example_dataset_alias.py for tasks to queue
[2025-09-14T09:54:12.215+0545] {logging_mixin.py:190} INFO - [2025-09-14T09:54:12.214+0545] {dagbag.py:588} INFO - Filling up the DagBag from /home/ashok/miniconda3/envs/mysecondenvironment/lib/python3.8/site-packages/airflow/example_dags/example_dataset_alias.py
[2025-09-14T09:54:12.225+0545] {processor.py:925} INFO - DAG(s) 'dataset_alias_example_alias_consumer', 'dataset_s3_bucket_producer', 'dataset_s3_bucket_consumer', 'dataset_alias_example_alias_producer' retrieved from /home/ashok/miniconda3/envs/mysecondenvironment/lib/python3.8/site-packages/airflow/example_dags/example_dataset_alias.py
[2025-09-14T09:54:12.234+0545] {logging_mixin.py:190} INFO - [2025-09-14T09:54:12.233+0545] {dag.py:3239} INFO - Sync 4 DAGs
[2025-09-14T09:54:12.241+0545] {logging_mixin.py:190} INFO - [2025-09-14T09:54:12.241+0545] {dag.py:4180} INFO - Setting next_dagrun for dataset_alias_example_alias_consumer to None, run_after=None
[2025-09-14T09:54:12.242+0545] {logging_mixin.py:190} INFO - [2025-09-14T09:54:12.242+0545] {dag.py:4180} INFO - Setting next_dagrun for dataset_alias_example_alias_producer to None, run_after=None
[2025-09-14T09:54:12.242+0545] {logging_mixin.py:190} INFO - [2025-09-14T09:54:12.242+0545] {dag.py:4180} INFO - Setting next_dagrun for dataset_s3_bucket_consumer to None, run_after=None
[2025-09-14T09:54:12.242+0545] {logging_mixin.py:190} INFO - [2025-09-14T09:54:12.242+0545] {dag.py:4180} INFO - Setting next_dagrun for dataset_s3_bucket_producer to None, run_after=None
[2025-09-14T09:54:12.263+0545] {processor.py:208} INFO - Processing /home/ashok/miniconda3/envs/mysecondenvironment/lib/python3.8/site-packages/airflow/example_dags/example_dataset_alias.py took 0.055 seconds
[2025-09-14T09:55:07.312+0545] {processor.py:186} INFO - Started process (PID=39752) to work on /home/ashok/miniconda3/envs/mysecondenvironment/lib/python3.8/site-packages/airflow/example_dags/example_dataset_alias.py
[2025-09-14T09:55:07.313+0545] {processor.py:914} INFO - Processing file /home/ashok/miniconda3/envs/mysecondenvironment/lib/python3.8/site-packages/airflow/example_dags/example_dataset_alias.py for tasks to queue
[2025-09-14T09:55:07.314+0545] {logging_mixin.py:190} INFO - [2025-09-14T09:55:07.314+0545] {dagbag.py:588} INFO - Filling up the DagBag from /home/ashok/miniconda3/envs/mysecondenvironment/lib/python3.8/site-packages/airflow/example_dags/example_dataset_alias.py
[2025-09-14T09:55:07.327+0545] {processor.py:925} INFO - DAG(s) 'dataset_s3_bucket_producer', 'dataset_alias_example_alias_consumer', 'dataset_s3_bucket_consumer', 'dataset_alias_example_alias_producer' retrieved from /home/ashok/miniconda3/envs/mysecondenvironment/lib/python3.8/site-packages/airflow/example_dags/example_dataset_alias.py
[2025-09-14T09:55:07.337+0545] {logging_mixin.py:190} INFO - [2025-09-14T09:55:07.337+0545] {dag.py:3239} INFO - Sync 4 DAGs
[2025-09-14T09:55:07.346+0545] {logging_mixin.py:190} INFO - [2025-09-14T09:55:07.346+0545] {dag.py:4180} INFO - Setting next_dagrun for dataset_alias_example_alias_consumer to None, run_after=None
[2025-09-14T09:55:07.347+0545] {logging_mixin.py:190} INFO - [2025-09-14T09:55:07.347+0545] {dag.py:4180} INFO - Setting next_dagrun for dataset_alias_example_alias_producer to None, run_after=None
[2025-09-14T09:55:07.347+0545] {logging_mixin.py:190} INFO - [2025-09-14T09:55:07.347+0545] {dag.py:4180} INFO - Setting next_dagrun for dataset_s3_bucket_consumer to None, run_after=None
[2025-09-14T09:55:07.348+0545] {logging_mixin.py:190} INFO - [2025-09-14T09:55:07.348+0545] {dag.py:4180} INFO - Setting next_dagrun for dataset_s3_bucket_producer to None, run_after=None
[2025-09-14T09:55:07.365+0545] {processor.py:208} INFO - Processing /home/ashok/miniconda3/envs/mysecondenvironment/lib/python3.8/site-packages/airflow/example_dags/example_dataset_alias.py took 0.058 seconds
[2025-09-14T09:56:00.103+0545] {processor.py:186} INFO - Started process (PID=40181) to work on /home/ashok/miniconda3/envs/mysecondenvironment/lib/python3.8/site-packages/airflow/example_dags/example_dataset_alias.py
[2025-09-14T09:56:00.104+0545] {processor.py:914} INFO - Processing file /home/ashok/miniconda3/envs/mysecondenvironment/lib/python3.8/site-packages/airflow/example_dags/example_dataset_alias.py for tasks to queue
[2025-09-14T09:56:00.105+0545] {logging_mixin.py:190} INFO - [2025-09-14T09:56:00.105+0545] {dagbag.py:588} INFO - Filling up the DagBag from /home/ashok/miniconda3/envs/mysecondenvironment/lib/python3.8/site-packages/airflow/example_dags/example_dataset_alias.py
[2025-09-14T09:56:00.118+0545] {processor.py:925} INFO - DAG(s) 'dataset_s3_bucket_consumer', 'dataset_alias_example_alias_consumer', 'dataset_alias_example_alias_producer', 'dataset_s3_bucket_producer' retrieved from /home/ashok/miniconda3/envs/mysecondenvironment/lib/python3.8/site-packages/airflow/example_dags/example_dataset_alias.py
[2025-09-14T09:56:00.128+0545] {logging_mixin.py:190} INFO - [2025-09-14T09:56:00.128+0545] {dag.py:3239} INFO - Sync 4 DAGs
[2025-09-14T09:56:00.137+0545] {logging_mixin.py:190} INFO - [2025-09-14T09:56:00.137+0545] {dag.py:4180} INFO - Setting next_dagrun for dataset_alias_example_alias_consumer to None, run_after=None
[2025-09-14T09:56:00.139+0545] {logging_mixin.py:190} INFO - [2025-09-14T09:56:00.139+0545] {dag.py:4180} INFO - Setting next_dagrun for dataset_alias_example_alias_producer to None, run_after=None
[2025-09-14T09:56:00.139+0545] {logging_mixin.py:190} INFO - [2025-09-14T09:56:00.139+0545] {dag.py:4180} INFO - Setting next_dagrun for dataset_s3_bucket_consumer to None, run_after=None
[2025-09-14T09:56:00.139+0545] {logging_mixin.py:190} INFO - [2025-09-14T09:56:00.139+0545] {dag.py:4180} INFO - Setting next_dagrun for dataset_s3_bucket_producer to None, run_after=None
[2025-09-14T09:56:00.155+0545] {processor.py:208} INFO - Processing /home/ashok/miniconda3/envs/mysecondenvironment/lib/python3.8/site-packages/airflow/example_dags/example_dataset_alias.py took 0.056 seconds
[2025-09-14T09:56:55.565+0545] {processor.py:186} INFO - Started process (PID=40654) to work on /home/ashok/miniconda3/envs/mysecondenvironment/lib/python3.8/site-packages/airflow/example_dags/example_dataset_alias.py
[2025-09-14T09:56:55.567+0545] {processor.py:914} INFO - Processing file /home/ashok/miniconda3/envs/mysecondenvironment/lib/python3.8/site-packages/airflow/example_dags/example_dataset_alias.py for tasks to queue
[2025-09-14T09:56:55.567+0545] {logging_mixin.py:190} INFO - [2025-09-14T09:56:55.567+0545] {dagbag.py:588} INFO - Filling up the DagBag from /home/ashok/miniconda3/envs/mysecondenvironment/lib/python3.8/site-packages/airflow/example_dags/example_dataset_alias.py
[2025-09-14T09:56:55.580+0545] {processor.py:925} INFO - DAG(s) 'dataset_alias_example_alias_consumer', 'dataset_s3_bucket_producer', 'dataset_s3_bucket_consumer', 'dataset_alias_example_alias_producer' retrieved from /home/ashok/miniconda3/envs/mysecondenvironment/lib/python3.8/site-packages/airflow/example_dags/example_dataset_alias.py
[2025-09-14T09:56:55.591+0545] {logging_mixin.py:190} INFO - [2025-09-14T09:56:55.591+0545] {dag.py:3239} INFO - Sync 4 DAGs
[2025-09-14T09:56:55.601+0545] {logging_mixin.py:190} INFO - [2025-09-14T09:56:55.601+0545] {dag.py:4180} INFO - Setting next_dagrun for dataset_alias_example_alias_consumer to None, run_after=None
[2025-09-14T09:56:55.602+0545] {logging_mixin.py:190} INFO - [2025-09-14T09:56:55.602+0545] {dag.py:4180} INFO - Setting next_dagrun for dataset_alias_example_alias_producer to None, run_after=None
[2025-09-14T09:56:55.603+0545] {logging_mixin.py:190} INFO - [2025-09-14T09:56:55.603+0545] {dag.py:4180} INFO - Setting next_dagrun for dataset_s3_bucket_consumer to None, run_after=None
[2025-09-14T09:56:55.603+0545] {logging_mixin.py:190} INFO - [2025-09-14T09:56:55.603+0545] {dag.py:4180} INFO - Setting next_dagrun for dataset_s3_bucket_producer to None, run_after=None
[2025-09-14T09:56:55.621+0545] {processor.py:208} INFO - Processing /home/ashok/miniconda3/envs/mysecondenvironment/lib/python3.8/site-packages/airflow/example_dags/example_dataset_alias.py took 0.060 seconds
[2025-09-14T09:57:50.339+0545] {processor.py:186} INFO - Started process (PID=41277) to work on /home/ashok/miniconda3/envs/mysecondenvironment/lib/python3.8/site-packages/airflow/example_dags/example_dataset_alias.py
[2025-09-14T09:57:50.340+0545] {processor.py:914} INFO - Processing file /home/ashok/miniconda3/envs/mysecondenvironment/lib/python3.8/site-packages/airflow/example_dags/example_dataset_alias.py for tasks to queue
[2025-09-14T09:57:50.341+0545] {logging_mixin.py:190} INFO - [2025-09-14T09:57:50.340+0545] {dagbag.py:588} INFO - Filling up the DagBag from /home/ashok/miniconda3/envs/mysecondenvironment/lib/python3.8/site-packages/airflow/example_dags/example_dataset_alias.py
[2025-09-14T09:57:50.352+0545] {processor.py:925} INFO - DAG(s) 'dataset_alias_example_alias_producer', 'dataset_s3_bucket_consumer', 'dataset_s3_bucket_producer', 'dataset_alias_example_alias_consumer' retrieved from /home/ashok/miniconda3/envs/mysecondenvironment/lib/python3.8/site-packages/airflow/example_dags/example_dataset_alias.py
[2025-09-14T09:57:50.361+0545] {logging_mixin.py:190} INFO - [2025-09-14T09:57:50.361+0545] {dag.py:3239} INFO - Sync 4 DAGs
[2025-09-14T09:57:50.370+0545] {logging_mixin.py:190} INFO - [2025-09-14T09:57:50.370+0545] {dag.py:4180} INFO - Setting next_dagrun for dataset_alias_example_alias_consumer to None, run_after=None
[2025-09-14T09:57:50.371+0545] {logging_mixin.py:190} INFO - [2025-09-14T09:57:50.371+0545] {dag.py:4180} INFO - Setting next_dagrun for dataset_alias_example_alias_producer to None, run_after=None
[2025-09-14T09:57:50.371+0545] {logging_mixin.py:190} INFO - [2025-09-14T09:57:50.371+0545] {dag.py:4180} INFO - Setting next_dagrun for dataset_s3_bucket_consumer to None, run_after=None
[2025-09-14T09:57:50.371+0545] {logging_mixin.py:190} INFO - [2025-09-14T09:57:50.371+0545] {dag.py:4180} INFO - Setting next_dagrun for dataset_s3_bucket_producer to None, run_after=None
[2025-09-14T09:57:50.389+0545] {processor.py:208} INFO - Processing /home/ashok/miniconda3/envs/mysecondenvironment/lib/python3.8/site-packages/airflow/example_dags/example_dataset_alias.py took 0.053 seconds
[2025-09-14T09:58:43.475+0545] {processor.py:186} INFO - Started process (PID=41669) to work on /home/ashok/miniconda3/envs/mysecondenvironment/lib/python3.8/site-packages/airflow/example_dags/example_dataset_alias.py
[2025-09-14T09:58:43.478+0545] {processor.py:914} INFO - Processing file /home/ashok/miniconda3/envs/mysecondenvironment/lib/python3.8/site-packages/airflow/example_dags/example_dataset_alias.py for tasks to queue
[2025-09-14T09:58:43.479+0545] {logging_mixin.py:190} INFO - [2025-09-14T09:58:43.479+0545] {dagbag.py:588} INFO - Filling up the DagBag from /home/ashok/miniconda3/envs/mysecondenvironment/lib/python3.8/site-packages/airflow/example_dags/example_dataset_alias.py
[2025-09-14T09:58:43.489+0545] {processor.py:925} INFO - DAG(s) 'dataset_alias_example_alias_consumer', 'dataset_alias_example_alias_producer', 'dataset_s3_bucket_producer', 'dataset_s3_bucket_consumer' retrieved from /home/ashok/miniconda3/envs/mysecondenvironment/lib/python3.8/site-packages/airflow/example_dags/example_dataset_alias.py
[2025-09-14T09:58:43.498+0545] {logging_mixin.py:190} INFO - [2025-09-14T09:58:43.498+0545] {dag.py:3239} INFO - Sync 4 DAGs
[2025-09-14T09:58:43.505+0545] {logging_mixin.py:190} INFO - [2025-09-14T09:58:43.505+0545] {dag.py:4180} INFO - Setting next_dagrun for dataset_alias_example_alias_consumer to None, run_after=None
[2025-09-14T09:58:43.506+0545] {logging_mixin.py:190} INFO - [2025-09-14T09:58:43.506+0545] {dag.py:4180} INFO - Setting next_dagrun for dataset_alias_example_alias_producer to None, run_after=None
[2025-09-14T09:58:43.506+0545] {logging_mixin.py:190} INFO - [2025-09-14T09:58:43.506+0545] {dag.py:4180} INFO - Setting next_dagrun for dataset_s3_bucket_consumer to None, run_after=None
[2025-09-14T09:58:43.506+0545] {logging_mixin.py:190} INFO - [2025-09-14T09:58:43.506+0545] {dag.py:4180} INFO - Setting next_dagrun for dataset_s3_bucket_producer to None, run_after=None
[2025-09-14T09:58:43.525+0545] {processor.py:208} INFO - Processing /home/ashok/miniconda3/envs/mysecondenvironment/lib/python3.8/site-packages/airflow/example_dags/example_dataset_alias.py took 0.053 seconds
[2025-09-14T09:59:39.269+0545] {processor.py:186} INFO - Started process (PID=42135) to work on /home/ashok/miniconda3/envs/mysecondenvironment/lib/python3.8/site-packages/airflow/example_dags/example_dataset_alias.py
[2025-09-14T09:59:39.271+0545] {processor.py:914} INFO - Processing file /home/ashok/miniconda3/envs/mysecondenvironment/lib/python3.8/site-packages/airflow/example_dags/example_dataset_alias.py for tasks to queue
[2025-09-14T09:59:39.272+0545] {logging_mixin.py:190} INFO - [2025-09-14T09:59:39.272+0545] {dagbag.py:588} INFO - Filling up the DagBag from /home/ashok/miniconda3/envs/mysecondenvironment/lib/python3.8/site-packages/airflow/example_dags/example_dataset_alias.py
[2025-09-14T09:59:39.282+0545] {processor.py:925} INFO - DAG(s) 'dataset_alias_example_alias_consumer', 'dataset_s3_bucket_producer', 'dataset_alias_example_alias_producer', 'dataset_s3_bucket_consumer' retrieved from /home/ashok/miniconda3/envs/mysecondenvironment/lib/python3.8/site-packages/airflow/example_dags/example_dataset_alias.py
[2025-09-14T09:59:39.291+0545] {logging_mixin.py:190} INFO - [2025-09-14T09:59:39.291+0545] {dag.py:3239} INFO - Sync 4 DAGs
[2025-09-14T09:59:39.299+0545] {logging_mixin.py:190} INFO - [2025-09-14T09:59:39.298+0545] {dag.py:4180} INFO - Setting next_dagrun for dataset_alias_example_alias_consumer to None, run_after=None
[2025-09-14T09:59:39.300+0545] {logging_mixin.py:190} INFO - [2025-09-14T09:59:39.299+0545] {dag.py:4180} INFO - Setting next_dagrun for dataset_alias_example_alias_producer to None, run_after=None
[2025-09-14T09:59:39.300+0545] {logging_mixin.py:190} INFO - [2025-09-14T09:59:39.300+0545] {dag.py:4180} INFO - Setting next_dagrun for dataset_s3_bucket_consumer to None, run_after=None
[2025-09-14T09:59:39.300+0545] {logging_mixin.py:190} INFO - [2025-09-14T09:59:39.300+0545] {dag.py:4180} INFO - Setting next_dagrun for dataset_s3_bucket_producer to None, run_after=None
[2025-09-14T09:59:39.321+0545] {processor.py:208} INFO - Processing /home/ashok/miniconda3/envs/mysecondenvironment/lib/python3.8/site-packages/airflow/example_dags/example_dataset_alias.py took 0.056 seconds
[2025-09-14T10:00:32.341+0545] {processor.py:186} INFO - Started process (PID=42615) to work on /home/ashok/miniconda3/envs/mysecondenvironment/lib/python3.8/site-packages/airflow/example_dags/example_dataset_alias.py
[2025-09-14T10:00:32.342+0545] {processor.py:914} INFO - Processing file /home/ashok/miniconda3/envs/mysecondenvironment/lib/python3.8/site-packages/airflow/example_dags/example_dataset_alias.py for tasks to queue
[2025-09-14T10:00:32.343+0545] {logging_mixin.py:190} INFO - [2025-09-14T10:00:32.343+0545] {dagbag.py:588} INFO - Filling up the DagBag from /home/ashok/miniconda3/envs/mysecondenvironment/lib/python3.8/site-packages/airflow/example_dags/example_dataset_alias.py
[2025-09-14T10:00:32.357+0545] {processor.py:925} INFO - DAG(s) 'dataset_alias_example_alias_producer', 'dataset_s3_bucket_consumer', 'dataset_s3_bucket_producer', 'dataset_alias_example_alias_consumer' retrieved from /home/ashok/miniconda3/envs/mysecondenvironment/lib/python3.8/site-packages/airflow/example_dags/example_dataset_alias.py
[2025-09-14T10:00:32.367+0545] {logging_mixin.py:190} INFO - [2025-09-14T10:00:32.367+0545] {dag.py:3239} INFO - Sync 4 DAGs
[2025-09-14T10:00:32.377+0545] {logging_mixin.py:190} INFO - [2025-09-14T10:00:32.377+0545] {dag.py:4180} INFO - Setting next_dagrun for dataset_alias_example_alias_consumer to None, run_after=None
[2025-09-14T10:00:32.378+0545] {logging_mixin.py:190} INFO - [2025-09-14T10:00:32.378+0545] {dag.py:4180} INFO - Setting next_dagrun for dataset_alias_example_alias_producer to None, run_after=None
[2025-09-14T10:00:32.378+0545] {logging_mixin.py:190} INFO - [2025-09-14T10:00:32.378+0545] {dag.py:4180} INFO - Setting next_dagrun for dataset_s3_bucket_consumer to None, run_after=None
[2025-09-14T10:00:32.379+0545] {logging_mixin.py:190} INFO - [2025-09-14T10:00:32.379+0545] {dag.py:4180} INFO - Setting next_dagrun for dataset_s3_bucket_producer to None, run_after=None
[2025-09-14T10:00:32.395+0545] {processor.py:208} INFO - Processing /home/ashok/miniconda3/envs/mysecondenvironment/lib/python3.8/site-packages/airflow/example_dags/example_dataset_alias.py took 0.059 seconds
[2025-09-14T10:01:26.646+0545] {processor.py:186} INFO - Started process (PID=43211) to work on /home/ashok/miniconda3/envs/mysecondenvironment/lib/python3.8/site-packages/airflow/example_dags/example_dataset_alias.py
[2025-09-14T10:01:26.648+0545] {processor.py:914} INFO - Processing file /home/ashok/miniconda3/envs/mysecondenvironment/lib/python3.8/site-packages/airflow/example_dags/example_dataset_alias.py for tasks to queue
[2025-09-14T10:01:26.649+0545] {logging_mixin.py:190} INFO - [2025-09-14T10:01:26.648+0545] {dagbag.py:588} INFO - Filling up the DagBag from /home/ashok/miniconda3/envs/mysecondenvironment/lib/python3.8/site-packages/airflow/example_dags/example_dataset_alias.py
[2025-09-14T10:01:26.661+0545] {processor.py:925} INFO - DAG(s) 'dataset_alias_example_alias_consumer', 'dataset_alias_example_alias_producer', 'dataset_s3_bucket_producer', 'dataset_s3_bucket_consumer' retrieved from /home/ashok/miniconda3/envs/mysecondenvironment/lib/python3.8/site-packages/airflow/example_dags/example_dataset_alias.py
[2025-09-14T10:01:26.670+0545] {logging_mixin.py:190} INFO - [2025-09-14T10:01:26.670+0545] {dag.py:3239} INFO - Sync 4 DAGs
[2025-09-14T10:01:26.678+0545] {logging_mixin.py:190} INFO - [2025-09-14T10:01:26.678+0545] {dag.py:4180} INFO - Setting next_dagrun for dataset_alias_example_alias_consumer to None, run_after=None
[2025-09-14T10:01:26.679+0545] {logging_mixin.py:190} INFO - [2025-09-14T10:01:26.679+0545] {dag.py:4180} INFO - Setting next_dagrun for dataset_alias_example_alias_producer to None, run_after=None
[2025-09-14T10:01:26.680+0545] {logging_mixin.py:190} INFO - [2025-09-14T10:01:26.680+0545] {dag.py:4180} INFO - Setting next_dagrun for dataset_s3_bucket_consumer to None, run_after=None
[2025-09-14T10:01:26.680+0545] {logging_mixin.py:190} INFO - [2025-09-14T10:01:26.680+0545] {dag.py:4180} INFO - Setting next_dagrun for dataset_s3_bucket_producer to None, run_after=None
[2025-09-14T10:01:26.696+0545] {processor.py:208} INFO - Processing /home/ashok/miniconda3/envs/mysecondenvironment/lib/python3.8/site-packages/airflow/example_dags/example_dataset_alias.py took 0.053 seconds
[2025-09-14T10:02:22.023+0545] {processor.py:186} INFO - Started process (PID=43601) to work on /home/ashok/miniconda3/envs/mysecondenvironment/lib/python3.8/site-packages/airflow/example_dags/example_dataset_alias.py
[2025-09-14T10:02:22.026+0545] {processor.py:914} INFO - Processing file /home/ashok/miniconda3/envs/mysecondenvironment/lib/python3.8/site-packages/airflow/example_dags/example_dataset_alias.py for tasks to queue
[2025-09-14T10:02:22.027+0545] {logging_mixin.py:190} INFO - [2025-09-14T10:02:22.027+0545] {dagbag.py:588} INFO - Filling up the DagBag from /home/ashok/miniconda3/envs/mysecondenvironment/lib/python3.8/site-packages/airflow/example_dags/example_dataset_alias.py
[2025-09-14T10:02:22.037+0545] {processor.py:925} INFO - DAG(s) 'dataset_s3_bucket_consumer', 'dataset_s3_bucket_producer', 'dataset_alias_example_alias_producer', 'dataset_alias_example_alias_consumer' retrieved from /home/ashok/miniconda3/envs/mysecondenvironment/lib/python3.8/site-packages/airflow/example_dags/example_dataset_alias.py
[2025-09-14T10:02:22.046+0545] {logging_mixin.py:190} INFO - [2025-09-14T10:02:22.046+0545] {dag.py:3239} INFO - Sync 4 DAGs
[2025-09-14T10:02:22.053+0545] {logging_mixin.py:190} INFO - [2025-09-14T10:02:22.053+0545] {dag.py:4180} INFO - Setting next_dagrun for dataset_alias_example_alias_consumer to None, run_after=None
[2025-09-14T10:02:22.054+0545] {logging_mixin.py:190} INFO - [2025-09-14T10:02:22.054+0545] {dag.py:4180} INFO - Setting next_dagrun for dataset_alias_example_alias_producer to None, run_after=None
[2025-09-14T10:02:22.054+0545] {logging_mixin.py:190} INFO - [2025-09-14T10:02:22.054+0545] {dag.py:4180} INFO - Setting next_dagrun for dataset_s3_bucket_consumer to None, run_after=None
[2025-09-14T10:02:22.055+0545] {logging_mixin.py:190} INFO - [2025-09-14T10:02:22.054+0545] {dag.py:4180} INFO - Setting next_dagrun for dataset_s3_bucket_producer to None, run_after=None
[2025-09-14T10:02:22.075+0545] {processor.py:208} INFO - Processing /home/ashok/miniconda3/envs/mysecondenvironment/lib/python3.8/site-packages/airflow/example_dags/example_dataset_alias.py took 0.055 seconds
[2025-09-14T10:03:17.440+0545] {processor.py:186} INFO - Started process (PID=43953) to work on /home/ashok/miniconda3/envs/mysecondenvironment/lib/python3.8/site-packages/airflow/example_dags/example_dataset_alias.py
[2025-09-14T10:03:17.442+0545] {processor.py:914} INFO - Processing file /home/ashok/miniconda3/envs/mysecondenvironment/lib/python3.8/site-packages/airflow/example_dags/example_dataset_alias.py for tasks to queue
[2025-09-14T10:03:17.443+0545] {logging_mixin.py:190} INFO - [2025-09-14T10:03:17.443+0545] {dagbag.py:588} INFO - Filling up the DagBag from /home/ashok/miniconda3/envs/mysecondenvironment/lib/python3.8/site-packages/airflow/example_dags/example_dataset_alias.py
[2025-09-14T10:03:17.454+0545] {processor.py:925} INFO - DAG(s) 'dataset_alias_example_alias_producer', 'dataset_alias_example_alias_consumer', 'dataset_s3_bucket_consumer', 'dataset_s3_bucket_producer' retrieved from /home/ashok/miniconda3/envs/mysecondenvironment/lib/python3.8/site-packages/airflow/example_dags/example_dataset_alias.py
[2025-09-14T10:03:17.462+0545] {logging_mixin.py:190} INFO - [2025-09-14T10:03:17.462+0545] {dag.py:3239} INFO - Sync 4 DAGs
[2025-09-14T10:03:17.470+0545] {logging_mixin.py:190} INFO - [2025-09-14T10:03:17.470+0545] {dag.py:4180} INFO - Setting next_dagrun for dataset_alias_example_alias_consumer to None, run_after=None
[2025-09-14T10:03:17.471+0545] {logging_mixin.py:190} INFO - [2025-09-14T10:03:17.470+0545] {dag.py:4180} INFO - Setting next_dagrun for dataset_alias_example_alias_producer to None, run_after=None
[2025-09-14T10:03:17.471+0545] {logging_mixin.py:190} INFO - [2025-09-14T10:03:17.471+0545] {dag.py:4180} INFO - Setting next_dagrun for dataset_s3_bucket_consumer to None, run_after=None
[2025-09-14T10:03:17.471+0545] {logging_mixin.py:190} INFO - [2025-09-14T10:03:17.471+0545] {dag.py:4180} INFO - Setting next_dagrun for dataset_s3_bucket_producer to None, run_after=None
[2025-09-14T10:03:17.489+0545] {processor.py:208} INFO - Processing /home/ashok/miniconda3/envs/mysecondenvironment/lib/python3.8/site-packages/airflow/example_dags/example_dataset_alias.py took 0.053 seconds
[2025-09-14T16:51:48.655+0545] {processor.py:186} INFO - Started process (PID=10289) to work on /home/ashok/miniconda3/envs/mysecondenvironment/lib/python3.8/site-packages/airflow/example_dags/example_dataset_alias.py
[2025-09-14T16:51:48.657+0545] {processor.py:914} INFO - Processing file /home/ashok/miniconda3/envs/mysecondenvironment/lib/python3.8/site-packages/airflow/example_dags/example_dataset_alias.py for tasks to queue
[2025-09-14T16:51:48.659+0545] {logging_mixin.py:190} INFO - [2025-09-14T16:51:48.658+0545] {dagbag.py:588} INFO - Filling up the DagBag from /home/ashok/miniconda3/envs/mysecondenvironment/lib/python3.8/site-packages/airflow/example_dags/example_dataset_alias.py
[2025-09-14T16:51:48.674+0545] {processor.py:925} INFO - DAG(s) 'dataset_s3_bucket_producer', 'dataset_alias_example_alias_consumer', 'dataset_s3_bucket_consumer', 'dataset_alias_example_alias_producer' retrieved from /home/ashok/miniconda3/envs/mysecondenvironment/lib/python3.8/site-packages/airflow/example_dags/example_dataset_alias.py
[2025-09-14T16:51:48.685+0545] {logging_mixin.py:190} INFO - [2025-09-14T16:51:48.684+0545] {dag.py:3239} INFO - Sync 4 DAGs
[2025-09-14T16:51:48.696+0545] {logging_mixin.py:190} INFO - [2025-09-14T16:51:48.696+0545] {dag.py:4180} INFO - Setting next_dagrun for dataset_alias_example_alias_consumer to None, run_after=None
[2025-09-14T16:51:48.697+0545] {logging_mixin.py:190} INFO - [2025-09-14T16:51:48.697+0545] {dag.py:4180} INFO - Setting next_dagrun for dataset_alias_example_alias_producer to None, run_after=None
[2025-09-14T16:51:48.698+0545] {logging_mixin.py:190} INFO - [2025-09-14T16:51:48.698+0545] {dag.py:4180} INFO - Setting next_dagrun for dataset_s3_bucket_consumer to None, run_after=None
[2025-09-14T16:51:48.698+0545] {logging_mixin.py:190} INFO - [2025-09-14T16:51:48.698+0545] {dag.py:4180} INFO - Setting next_dagrun for dataset_s3_bucket_producer to None, run_after=None
[2025-09-14T16:51:48.716+0545] {processor.py:208} INFO - Processing /home/ashok/miniconda3/envs/mysecondenvironment/lib/python3.8/site-packages/airflow/example_dags/example_dataset_alias.py took 0.065 seconds
[2025-09-14T16:52:49.717+0545] {processor.py:186} INFO - Started process (PID=10687) to work on /home/ashok/miniconda3/envs/mysecondenvironment/lib/python3.8/site-packages/airflow/example_dags/example_dataset_alias.py
[2025-09-14T16:52:49.719+0545] {processor.py:914} INFO - Processing file /home/ashok/miniconda3/envs/mysecondenvironment/lib/python3.8/site-packages/airflow/example_dags/example_dataset_alias.py for tasks to queue
[2025-09-14T16:52:49.720+0545] {logging_mixin.py:190} INFO - [2025-09-14T16:52:49.720+0545] {dagbag.py:588} INFO - Filling up the DagBag from /home/ashok/miniconda3/envs/mysecondenvironment/lib/python3.8/site-packages/airflow/example_dags/example_dataset_alias.py
[2025-09-14T16:52:49.731+0545] {processor.py:925} INFO - DAG(s) 'dataset_alias_example_alias_consumer', 'dataset_s3_bucket_consumer', 'dataset_s3_bucket_producer', 'dataset_alias_example_alias_producer' retrieved from /home/ashok/miniconda3/envs/mysecondenvironment/lib/python3.8/site-packages/airflow/example_dags/example_dataset_alias.py
[2025-09-14T16:52:49.741+0545] {logging_mixin.py:190} INFO - [2025-09-14T16:52:49.741+0545] {dag.py:3239} INFO - Sync 4 DAGs
[2025-09-14T16:52:49.749+0545] {logging_mixin.py:190} INFO - [2025-09-14T16:52:49.749+0545] {dag.py:4180} INFO - Setting next_dagrun for dataset_alias_example_alias_consumer to None, run_after=None
[2025-09-14T16:52:49.750+0545] {logging_mixin.py:190} INFO - [2025-09-14T16:52:49.750+0545] {dag.py:4180} INFO - Setting next_dagrun for dataset_alias_example_alias_producer to None, run_after=None
[2025-09-14T16:52:49.750+0545] {logging_mixin.py:190} INFO - [2025-09-14T16:52:49.750+0545] {dag.py:4180} INFO - Setting next_dagrun for dataset_s3_bucket_consumer to None, run_after=None
[2025-09-14T16:52:49.751+0545] {logging_mixin.py:190} INFO - [2025-09-14T16:52:49.751+0545] {dag.py:4180} INFO - Setting next_dagrun for dataset_s3_bucket_producer to None, run_after=None
[2025-09-14T16:52:49.769+0545] {processor.py:208} INFO - Processing /home/ashok/miniconda3/envs/mysecondenvironment/lib/python3.8/site-packages/airflow/example_dags/example_dataset_alias.py took 0.056 seconds
