[2025-09-14T09:22:46.244+0545] {processor.py:186} INFO - Started process (PID=22325) to work on /home/ashok/miniconda3/envs/mysecondenvironment/lib/python3.8/site-packages/airflow/example_dags/example_task_group.py
[2025-09-14T09:22:46.245+0545] {processor.py:914} INFO - Processing file /home/ashok/miniconda3/envs/mysecondenvironment/lib/python3.8/site-packages/airflow/example_dags/example_task_group.py for tasks to queue
[2025-09-14T09:22:46.247+0545] {logging_mixin.py:190} INFO - [2025-09-14T09:22:46.246+0545] {dagbag.py:588} INFO - Filling up the DagBag from /home/ashok/miniconda3/envs/mysecondenvironment/lib/python3.8/site-packages/airflow/example_dags/example_task_group.py
[2025-09-14T09:22:46.253+0545] {processor.py:925} INFO - DAG(s) 'example_task_group' retrieved from /home/ashok/miniconda3/envs/mysecondenvironment/lib/python3.8/site-packages/airflow/example_dags/example_task_group.py
[2025-09-14T09:22:46.267+0545] {logging_mixin.py:190} INFO - [2025-09-14T09:22:46.267+0545] {dag.py:3239} INFO - Sync 1 DAGs
[2025-09-14T09:22:46.274+0545] {logging_mixin.py:190} INFO - [2025-09-14T09:22:46.274+0545] {dag.py:4180} INFO - Setting next_dagrun for example_task_group to None, run_after=None
[2025-09-14T09:22:46.291+0545] {processor.py:208} INFO - Processing /home/ashok/miniconda3/envs/mysecondenvironment/lib/python3.8/site-packages/airflow/example_dags/example_task_group.py took 0.052 seconds
[2025-09-14T09:24:26.954+0545] {processor.py:186} INFO - Started process (PID=23709) to work on /home/ashok/miniconda3/envs/mysecondenvironment/lib/python3.8/site-packages/airflow/example_dags/example_task_group.py
[2025-09-14T09:24:26.956+0545] {processor.py:914} INFO - Processing file /home/ashok/miniconda3/envs/mysecondenvironment/lib/python3.8/site-packages/airflow/example_dags/example_task_group.py for tasks to queue
[2025-09-14T09:24:26.958+0545] {logging_mixin.py:190} INFO - [2025-09-14T09:24:26.958+0545] {dagbag.py:588} INFO - Filling up the DagBag from /home/ashok/miniconda3/envs/mysecondenvironment/lib/python3.8/site-packages/airflow/example_dags/example_task_group.py
[2025-09-14T09:24:26.964+0545] {processor.py:925} INFO - DAG(s) 'example_task_group' retrieved from /home/ashok/miniconda3/envs/mysecondenvironment/lib/python3.8/site-packages/airflow/example_dags/example_task_group.py
[2025-09-14T09:24:26.977+0545] {logging_mixin.py:190} INFO - [2025-09-14T09:24:26.977+0545] {dag.py:3239} INFO - Sync 1 DAGs
[2025-09-14T09:24:26.984+0545] {logging_mixin.py:190} INFO - [2025-09-14T09:24:26.984+0545] {dag.py:4180} INFO - Setting next_dagrun for example_task_group to None, run_after=None
[2025-09-14T09:24:27.000+0545] {processor.py:208} INFO - Processing /home/ashok/miniconda3/envs/mysecondenvironment/lib/python3.8/site-packages/airflow/example_dags/example_task_group.py took 0.049 seconds
[2025-09-14T09:26:01.509+0545] {processor.py:186} INFO - Started process (PID=24837) to work on /home/ashok/miniconda3/envs/mysecondenvironment/lib/python3.8/site-packages/airflow/example_dags/example_task_group.py
[2025-09-14T09:26:01.510+0545] {processor.py:914} INFO - Processing file /home/ashok/miniconda3/envs/mysecondenvironment/lib/python3.8/site-packages/airflow/example_dags/example_task_group.py for tasks to queue
[2025-09-14T09:26:01.512+0545] {logging_mixin.py:190} INFO - [2025-09-14T09:26:01.511+0545] {dagbag.py:588} INFO - Filling up the DagBag from /home/ashok/miniconda3/envs/mysecondenvironment/lib/python3.8/site-packages/airflow/example_dags/example_task_group.py
[2025-09-14T09:26:01.517+0545] {processor.py:925} INFO - DAG(s) 'example_task_group' retrieved from /home/ashok/miniconda3/envs/mysecondenvironment/lib/python3.8/site-packages/airflow/example_dags/example_task_group.py
[2025-09-14T09:26:01.526+0545] {logging_mixin.py:190} INFO - [2025-09-14T09:26:01.526+0545] {dag.py:3239} INFO - Sync 1 DAGs
[2025-09-14T09:26:01.532+0545] {logging_mixin.py:190} INFO - [2025-09-14T09:26:01.532+0545] {dag.py:4180} INFO - Setting next_dagrun for example_task_group to None, run_after=None
[2025-09-14T09:26:01.549+0545] {processor.py:208} INFO - Processing /home/ashok/miniconda3/envs/mysecondenvironment/lib/python3.8/site-packages/airflow/example_dags/example_task_group.py took 0.044 seconds
[2025-09-14T09:26:45.096+0545] {processor.py:186} INFO - Started process (PID=25274) to work on /home/ashok/miniconda3/envs/mysecondenvironment/lib/python3.8/site-packages/airflow/example_dags/example_task_group.py
[2025-09-14T09:26:45.098+0545] {processor.py:914} INFO - Processing file /home/ashok/miniconda3/envs/mysecondenvironment/lib/python3.8/site-packages/airflow/example_dags/example_task_group.py for tasks to queue
[2025-09-14T09:26:45.100+0545] {logging_mixin.py:190} INFO - [2025-09-14T09:26:45.099+0545] {dagbag.py:588} INFO - Filling up the DagBag from /home/ashok/miniconda3/envs/mysecondenvironment/lib/python3.8/site-packages/airflow/example_dags/example_task_group.py
[2025-09-14T09:26:45.110+0545] {processor.py:925} INFO - DAG(s) 'example_task_group' retrieved from /home/ashok/miniconda3/envs/mysecondenvironment/lib/python3.8/site-packages/airflow/example_dags/example_task_group.py
[2025-09-14T09:26:45.122+0545] {logging_mixin.py:190} INFO - [2025-09-14T09:26:45.122+0545] {dag.py:3239} INFO - Sync 1 DAGs
[2025-09-14T09:26:45.129+0545] {logging_mixin.py:190} INFO - [2025-09-14T09:26:45.129+0545] {dag.py:4180} INFO - Setting next_dagrun for example_task_group to None, run_after=None
[2025-09-14T09:26:45.147+0545] {processor.py:208} INFO - Processing /home/ashok/miniconda3/envs/mysecondenvironment/lib/python3.8/site-packages/airflow/example_dags/example_task_group.py took 0.055 seconds
[2025-09-14T09:29:47.264+0545] {processor.py:186} INFO - Started process (PID=27340) to work on /home/ashok/miniconda3/envs/mysecondenvironment/lib/python3.8/site-packages/airflow/example_dags/example_task_group.py
[2025-09-14T09:29:47.265+0545] {processor.py:914} INFO - Processing file /home/ashok/miniconda3/envs/mysecondenvironment/lib/python3.8/site-packages/airflow/example_dags/example_task_group.py for tasks to queue
[2025-09-14T09:29:47.266+0545] {logging_mixin.py:190} INFO - [2025-09-14T09:29:47.266+0545] {dagbag.py:588} INFO - Filling up the DagBag from /home/ashok/miniconda3/envs/mysecondenvironment/lib/python3.8/site-packages/airflow/example_dags/example_task_group.py
[2025-09-14T09:29:47.272+0545] {processor.py:925} INFO - DAG(s) 'example_task_group' retrieved from /home/ashok/miniconda3/envs/mysecondenvironment/lib/python3.8/site-packages/airflow/example_dags/example_task_group.py
[2025-09-14T09:29:47.284+0545] {logging_mixin.py:190} INFO - [2025-09-14T09:29:47.284+0545] {dag.py:3239} INFO - Sync 1 DAGs
[2025-09-14T09:29:47.290+0545] {logging_mixin.py:190} INFO - [2025-09-14T09:29:47.290+0545] {dag.py:4180} INFO - Setting next_dagrun for example_task_group to None, run_after=None
[2025-09-14T09:29:47.305+0545] {processor.py:208} INFO - Processing /home/ashok/miniconda3/envs/mysecondenvironment/lib/python3.8/site-packages/airflow/example_dags/example_task_group.py took 0.045 seconds
[2025-09-14T09:33:27.081+0545] {processor.py:186} INFO - Started process (PID=29316) to work on /home/ashok/miniconda3/envs/mysecondenvironment/lib/python3.8/site-packages/airflow/example_dags/example_task_group.py
[2025-09-14T09:33:27.083+0545] {processor.py:914} INFO - Processing file /home/ashok/miniconda3/envs/mysecondenvironment/lib/python3.8/site-packages/airflow/example_dags/example_task_group.py for tasks to queue
[2025-09-14T09:33:27.084+0545] {logging_mixin.py:190} INFO - [2025-09-14T09:33:27.084+0545] {dagbag.py:588} INFO - Filling up the DagBag from /home/ashok/miniconda3/envs/mysecondenvironment/lib/python3.8/site-packages/airflow/example_dags/example_task_group.py
[2025-09-14T09:33:27.089+0545] {processor.py:925} INFO - DAG(s) 'example_task_group' retrieved from /home/ashok/miniconda3/envs/mysecondenvironment/lib/python3.8/site-packages/airflow/example_dags/example_task_group.py
[2025-09-14T09:33:27.101+0545] {logging_mixin.py:190} INFO - [2025-09-14T09:33:27.101+0545] {dag.py:3239} INFO - Sync 1 DAGs
[2025-09-14T09:33:27.106+0545] {logging_mixin.py:190} INFO - [2025-09-14T09:33:27.106+0545] {dag.py:4180} INFO - Setting next_dagrun for example_task_group to None, run_after=None
[2025-09-14T09:33:27.123+0545] {processor.py:208} INFO - Processing /home/ashok/miniconda3/envs/mysecondenvironment/lib/python3.8/site-packages/airflow/example_dags/example_task_group.py took 0.045 seconds
[2025-09-14T09:34:22.962+0545] {processor.py:186} INFO - Started process (PID=29736) to work on /home/ashok/miniconda3/envs/mysecondenvironment/lib/python3.8/site-packages/airflow/example_dags/example_task_group.py
[2025-09-14T09:34:22.964+0545] {processor.py:914} INFO - Processing file /home/ashok/miniconda3/envs/mysecondenvironment/lib/python3.8/site-packages/airflow/example_dags/example_task_group.py for tasks to queue
[2025-09-14T09:34:22.965+0545] {logging_mixin.py:190} INFO - [2025-09-14T09:34:22.965+0545] {dagbag.py:588} INFO - Filling up the DagBag from /home/ashok/miniconda3/envs/mysecondenvironment/lib/python3.8/site-packages/airflow/example_dags/example_task_group.py
[2025-09-14T09:34:22.968+0545] {processor.py:925} INFO - DAG(s) 'example_task_group' retrieved from /home/ashok/miniconda3/envs/mysecondenvironment/lib/python3.8/site-packages/airflow/example_dags/example_task_group.py
[2025-09-14T09:34:22.976+0545] {logging_mixin.py:190} INFO - [2025-09-14T09:34:22.976+0545] {dag.py:3239} INFO - Sync 1 DAGs
[2025-09-14T09:34:22.982+0545] {logging_mixin.py:190} INFO - [2025-09-14T09:34:22.982+0545] {dag.py:4180} INFO - Setting next_dagrun for example_task_group to None, run_after=None
[2025-09-14T09:34:23.000+0545] {processor.py:208} INFO - Processing /home/ashok/miniconda3/envs/mysecondenvironment/lib/python3.8/site-packages/airflow/example_dags/example_task_group.py took 0.041 seconds
[2025-09-14T09:35:15.940+0545] {processor.py:186} INFO - Started process (PID=30121) to work on /home/ashok/miniconda3/envs/mysecondenvironment/lib/python3.8/site-packages/airflow/example_dags/example_task_group.py
[2025-09-14T09:35:15.941+0545] {processor.py:914} INFO - Processing file /home/ashok/miniconda3/envs/mysecondenvironment/lib/python3.8/site-packages/airflow/example_dags/example_task_group.py for tasks to queue
[2025-09-14T09:35:15.941+0545] {logging_mixin.py:190} INFO - [2025-09-14T09:35:15.941+0545] {dagbag.py:588} INFO - Filling up the DagBag from /home/ashok/miniconda3/envs/mysecondenvironment/lib/python3.8/site-packages/airflow/example_dags/example_task_group.py
[2025-09-14T09:35:15.945+0545] {processor.py:925} INFO - DAG(s) 'example_task_group' retrieved from /home/ashok/miniconda3/envs/mysecondenvironment/lib/python3.8/site-packages/airflow/example_dags/example_task_group.py
[2025-09-14T09:35:15.954+0545] {logging_mixin.py:190} INFO - [2025-09-14T09:35:15.953+0545] {dag.py:3239} INFO - Sync 1 DAGs
[2025-09-14T09:35:15.959+0545] {logging_mixin.py:190} INFO - [2025-09-14T09:35:15.959+0545] {dag.py:4180} INFO - Setting next_dagrun for example_task_group to None, run_after=None
[2025-09-14T09:35:15.974+0545] {processor.py:208} INFO - Processing /home/ashok/miniconda3/envs/mysecondenvironment/lib/python3.8/site-packages/airflow/example_dags/example_task_group.py took 0.038 seconds
[2025-09-14T09:36:12.611+0545] {processor.py:186} INFO - Started process (PID=30591) to work on /home/ashok/miniconda3/envs/mysecondenvironment/lib/python3.8/site-packages/airflow/example_dags/example_task_group.py
[2025-09-14T09:36:12.613+0545] {processor.py:914} INFO - Processing file /home/ashok/miniconda3/envs/mysecondenvironment/lib/python3.8/site-packages/airflow/example_dags/example_task_group.py for tasks to queue
[2025-09-14T09:36:12.614+0545] {logging_mixin.py:190} INFO - [2025-09-14T09:36:12.614+0545] {dagbag.py:588} INFO - Filling up the DagBag from /home/ashok/miniconda3/envs/mysecondenvironment/lib/python3.8/site-packages/airflow/example_dags/example_task_group.py
[2025-09-14T09:36:12.618+0545] {processor.py:925} INFO - DAG(s) 'example_task_group' retrieved from /home/ashok/miniconda3/envs/mysecondenvironment/lib/python3.8/site-packages/airflow/example_dags/example_task_group.py
[2025-09-14T09:36:12.627+0545] {logging_mixin.py:190} INFO - [2025-09-14T09:36:12.627+0545] {dag.py:3239} INFO - Sync 1 DAGs
[2025-09-14T09:36:12.632+0545] {logging_mixin.py:190} INFO - [2025-09-14T09:36:12.632+0545] {dag.py:4180} INFO - Setting next_dagrun for example_task_group to None, run_after=None
[2025-09-14T09:36:12.650+0545] {processor.py:208} INFO - Processing /home/ashok/miniconda3/envs/mysecondenvironment/lib/python3.8/site-packages/airflow/example_dags/example_task_group.py took 0.043 seconds
[2025-09-14T09:37:04.086+0545] {processor.py:186} INFO - Started process (PID=31184) to work on /home/ashok/miniconda3/envs/mysecondenvironment/lib/python3.8/site-packages/airflow/example_dags/example_task_group.py
[2025-09-14T09:37:04.088+0545] {processor.py:914} INFO - Processing file /home/ashok/miniconda3/envs/mysecondenvironment/lib/python3.8/site-packages/airflow/example_dags/example_task_group.py for tasks to queue
[2025-09-14T09:37:04.089+0545] {logging_mixin.py:190} INFO - [2025-09-14T09:37:04.089+0545] {dagbag.py:588} INFO - Filling up the DagBag from /home/ashok/miniconda3/envs/mysecondenvironment/lib/python3.8/site-packages/airflow/example_dags/example_task_group.py
[2025-09-14T09:37:04.092+0545] {processor.py:925} INFO - DAG(s) 'example_task_group' retrieved from /home/ashok/miniconda3/envs/mysecondenvironment/lib/python3.8/site-packages/airflow/example_dags/example_task_group.py
[2025-09-14T09:37:04.100+0545] {logging_mixin.py:190} INFO - [2025-09-14T09:37:04.100+0545] {dag.py:3239} INFO - Sync 1 DAGs
[2025-09-14T09:37:04.106+0545] {logging_mixin.py:190} INFO - [2025-09-14T09:37:04.106+0545] {dag.py:4180} INFO - Setting next_dagrun for example_task_group to None, run_after=None
[2025-09-14T09:37:04.123+0545] {processor.py:208} INFO - Processing /home/ashok/miniconda3/envs/mysecondenvironment/lib/python3.8/site-packages/airflow/example_dags/example_task_group.py took 0.040 seconds
[2025-09-14T09:37:55.751+0545] {processor.py:186} INFO - Started process (PID=31589) to work on /home/ashok/miniconda3/envs/mysecondenvironment/lib/python3.8/site-packages/airflow/example_dags/example_task_group.py
[2025-09-14T09:37:55.753+0545] {processor.py:914} INFO - Processing file /home/ashok/miniconda3/envs/mysecondenvironment/lib/python3.8/site-packages/airflow/example_dags/example_task_group.py for tasks to queue
[2025-09-14T09:37:55.753+0545] {logging_mixin.py:190} INFO - [2025-09-14T09:37:55.753+0545] {dagbag.py:588} INFO - Filling up the DagBag from /home/ashok/miniconda3/envs/mysecondenvironment/lib/python3.8/site-packages/airflow/example_dags/example_task_group.py
[2025-09-14T09:37:55.757+0545] {processor.py:925} INFO - DAG(s) 'example_task_group' retrieved from /home/ashok/miniconda3/envs/mysecondenvironment/lib/python3.8/site-packages/airflow/example_dags/example_task_group.py
[2025-09-14T09:37:55.767+0545] {logging_mixin.py:190} INFO - [2025-09-14T09:37:55.767+0545] {dag.py:3239} INFO - Sync 1 DAGs
[2025-09-14T09:37:55.773+0545] {logging_mixin.py:190} INFO - [2025-09-14T09:37:55.773+0545] {dag.py:4180} INFO - Setting next_dagrun for example_task_group to None, run_after=None
[2025-09-14T09:37:55.788+0545] {processor.py:208} INFO - Processing /home/ashok/miniconda3/envs/mysecondenvironment/lib/python3.8/site-packages/airflow/example_dags/example_task_group.py took 0.041 seconds
[2025-09-14T09:38:52.375+0545] {processor.py:186} INFO - Started process (PID=32198) to work on /home/ashok/miniconda3/envs/mysecondenvironment/lib/python3.8/site-packages/airflow/example_dags/example_task_group.py
[2025-09-14T09:38:52.377+0545] {processor.py:914} INFO - Processing file /home/ashok/miniconda3/envs/mysecondenvironment/lib/python3.8/site-packages/airflow/example_dags/example_task_group.py for tasks to queue
[2025-09-14T09:38:52.378+0545] {logging_mixin.py:190} INFO - [2025-09-14T09:38:52.378+0545] {dagbag.py:588} INFO - Filling up the DagBag from /home/ashok/miniconda3/envs/mysecondenvironment/lib/python3.8/site-packages/airflow/example_dags/example_task_group.py
[2025-09-14T09:38:52.382+0545] {processor.py:925} INFO - DAG(s) 'example_task_group' retrieved from /home/ashok/miniconda3/envs/mysecondenvironment/lib/python3.8/site-packages/airflow/example_dags/example_task_group.py
[2025-09-14T09:38:52.390+0545] {logging_mixin.py:190} INFO - [2025-09-14T09:38:52.390+0545] {dag.py:3239} INFO - Sync 1 DAGs
[2025-09-14T09:38:52.396+0545] {logging_mixin.py:190} INFO - [2025-09-14T09:38:52.395+0545] {dag.py:4180} INFO - Setting next_dagrun for example_task_group to None, run_after=None
[2025-09-14T09:38:52.414+0545] {processor.py:208} INFO - Processing /home/ashok/miniconda3/envs/mysecondenvironment/lib/python3.8/site-packages/airflow/example_dags/example_task_group.py took 0.043 seconds
[2025-09-14T09:39:50.190+0545] {processor.py:186} INFO - Started process (PID=32643) to work on /home/ashok/miniconda3/envs/mysecondenvironment/lib/python3.8/site-packages/airflow/example_dags/example_task_group.py
[2025-09-14T09:39:50.192+0545] {processor.py:914} INFO - Processing file /home/ashok/miniconda3/envs/mysecondenvironment/lib/python3.8/site-packages/airflow/example_dags/example_task_group.py for tasks to queue
[2025-09-14T09:39:50.193+0545] {logging_mixin.py:190} INFO - [2025-09-14T09:39:50.193+0545] {dagbag.py:588} INFO - Filling up the DagBag from /home/ashok/miniconda3/envs/mysecondenvironment/lib/python3.8/site-packages/airflow/example_dags/example_task_group.py
[2025-09-14T09:39:50.196+0545] {processor.py:925} INFO - DAG(s) 'example_task_group' retrieved from /home/ashok/miniconda3/envs/mysecondenvironment/lib/python3.8/site-packages/airflow/example_dags/example_task_group.py
[2025-09-14T09:39:50.206+0545] {logging_mixin.py:190} INFO - [2025-09-14T09:39:50.205+0545] {dag.py:3239} INFO - Sync 1 DAGs
[2025-09-14T09:39:50.211+0545] {logging_mixin.py:190} INFO - [2025-09-14T09:39:50.211+0545] {dag.py:4180} INFO - Setting next_dagrun for example_task_group to None, run_after=None
[2025-09-14T09:39:50.230+0545] {processor.py:208} INFO - Processing /home/ashok/miniconda3/envs/mysecondenvironment/lib/python3.8/site-packages/airflow/example_dags/example_task_group.py took 0.043 seconds
[2025-09-14T09:40:44.967+0545] {processor.py:186} INFO - Started process (PID=33053) to work on /home/ashok/miniconda3/envs/mysecondenvironment/lib/python3.8/site-packages/airflow/example_dags/example_task_group.py
[2025-09-14T09:40:44.969+0545] {processor.py:914} INFO - Processing file /home/ashok/miniconda3/envs/mysecondenvironment/lib/python3.8/site-packages/airflow/example_dags/example_task_group.py for tasks to queue
[2025-09-14T09:40:44.970+0545] {logging_mixin.py:190} INFO - [2025-09-14T09:40:44.969+0545] {dagbag.py:588} INFO - Filling up the DagBag from /home/ashok/miniconda3/envs/mysecondenvironment/lib/python3.8/site-packages/airflow/example_dags/example_task_group.py
[2025-09-14T09:40:44.973+0545] {processor.py:925} INFO - DAG(s) 'example_task_group' retrieved from /home/ashok/miniconda3/envs/mysecondenvironment/lib/python3.8/site-packages/airflow/example_dags/example_task_group.py
[2025-09-14T09:40:44.982+0545] {logging_mixin.py:190} INFO - [2025-09-14T09:40:44.981+0545] {dag.py:3239} INFO - Sync 1 DAGs
[2025-09-14T09:40:44.987+0545] {logging_mixin.py:190} INFO - [2025-09-14T09:40:44.987+0545] {dag.py:4180} INFO - Setting next_dagrun for example_task_group to None, run_after=None
[2025-09-14T09:40:45.005+0545] {processor.py:208} INFO - Processing /home/ashok/miniconda3/envs/mysecondenvironment/lib/python3.8/site-packages/airflow/example_dags/example_task_group.py took 0.042 seconds
[2025-09-14T09:41:42.908+0545] {processor.py:186} INFO - Started process (PID=33475) to work on /home/ashok/miniconda3/envs/mysecondenvironment/lib/python3.8/site-packages/airflow/example_dags/example_task_group.py
[2025-09-14T09:41:42.910+0545] {processor.py:914} INFO - Processing file /home/ashok/miniconda3/envs/mysecondenvironment/lib/python3.8/site-packages/airflow/example_dags/example_task_group.py for tasks to queue
[2025-09-14T09:41:42.911+0545] {logging_mixin.py:190} INFO - [2025-09-14T09:41:42.911+0545] {dagbag.py:588} INFO - Filling up the DagBag from /home/ashok/miniconda3/envs/mysecondenvironment/lib/python3.8/site-packages/airflow/example_dags/example_task_group.py
[2025-09-14T09:41:42.914+0545] {processor.py:925} INFO - DAG(s) 'example_task_group' retrieved from /home/ashok/miniconda3/envs/mysecondenvironment/lib/python3.8/site-packages/airflow/example_dags/example_task_group.py
[2025-09-14T09:41:42.925+0545] {logging_mixin.py:190} INFO - [2025-09-14T09:41:42.925+0545] {dag.py:3239} INFO - Sync 1 DAGs
[2025-09-14T09:41:42.930+0545] {logging_mixin.py:190} INFO - [2025-09-14T09:41:42.930+0545] {dag.py:4180} INFO - Setting next_dagrun for example_task_group to None, run_after=None
[2025-09-14T09:41:42.949+0545] {processor.py:208} INFO - Processing /home/ashok/miniconda3/envs/mysecondenvironment/lib/python3.8/site-packages/airflow/example_dags/example_task_group.py took 0.044 seconds
[2025-09-14T09:42:35.893+0545] {processor.py:186} INFO - Started process (PID=33957) to work on /home/ashok/miniconda3/envs/mysecondenvironment/lib/python3.8/site-packages/airflow/example_dags/example_task_group.py
[2025-09-14T09:42:35.895+0545] {processor.py:914} INFO - Processing file /home/ashok/miniconda3/envs/mysecondenvironment/lib/python3.8/site-packages/airflow/example_dags/example_task_group.py for tasks to queue
[2025-09-14T09:42:35.895+0545] {logging_mixin.py:190} INFO - [2025-09-14T09:42:35.895+0545] {dagbag.py:588} INFO - Filling up the DagBag from /home/ashok/miniconda3/envs/mysecondenvironment/lib/python3.8/site-packages/airflow/example_dags/example_task_group.py
[2025-09-14T09:42:35.899+0545] {processor.py:925} INFO - DAG(s) 'example_task_group' retrieved from /home/ashok/miniconda3/envs/mysecondenvironment/lib/python3.8/site-packages/airflow/example_dags/example_task_group.py
[2025-09-14T09:42:35.907+0545] {logging_mixin.py:190} INFO - [2025-09-14T09:42:35.907+0545] {dag.py:3239} INFO - Sync 1 DAGs
[2025-09-14T09:42:35.912+0545] {logging_mixin.py:190} INFO - [2025-09-14T09:42:35.912+0545] {dag.py:4180} INFO - Setting next_dagrun for example_task_group to None, run_after=None
[2025-09-14T09:42:35.929+0545] {processor.py:208} INFO - Processing /home/ashok/miniconda3/envs/mysecondenvironment/lib/python3.8/site-packages/airflow/example_dags/example_task_group.py took 0.039 seconds
[2025-09-14T09:43:32.495+0545] {processor.py:186} INFO - Started process (PID=34341) to work on /home/ashok/miniconda3/envs/mysecondenvironment/lib/python3.8/site-packages/airflow/example_dags/example_task_group.py
[2025-09-14T09:43:32.496+0545] {processor.py:914} INFO - Processing file /home/ashok/miniconda3/envs/mysecondenvironment/lib/python3.8/site-packages/airflow/example_dags/example_task_group.py for tasks to queue
[2025-09-14T09:43:32.496+0545] {logging_mixin.py:190} INFO - [2025-09-14T09:43:32.496+0545] {dagbag.py:588} INFO - Filling up the DagBag from /home/ashok/miniconda3/envs/mysecondenvironment/lib/python3.8/site-packages/airflow/example_dags/example_task_group.py
[2025-09-14T09:43:32.500+0545] {processor.py:925} INFO - DAG(s) 'example_task_group' retrieved from /home/ashok/miniconda3/envs/mysecondenvironment/lib/python3.8/site-packages/airflow/example_dags/example_task_group.py
[2025-09-14T09:43:32.508+0545] {logging_mixin.py:190} INFO - [2025-09-14T09:43:32.508+0545] {dag.py:3239} INFO - Sync 1 DAGs
[2025-09-14T09:43:32.514+0545] {logging_mixin.py:190} INFO - [2025-09-14T09:43:32.514+0545] {dag.py:4180} INFO - Setting next_dagrun for example_task_group to None, run_after=None
[2025-09-14T09:43:32.529+0545] {processor.py:208} INFO - Processing /home/ashok/miniconda3/envs/mysecondenvironment/lib/python3.8/site-packages/airflow/example_dags/example_task_group.py took 0.039 seconds
[2025-09-14T09:44:30.609+0545] {processor.py:186} INFO - Started process (PID=34745) to work on /home/ashok/miniconda3/envs/mysecondenvironment/lib/python3.8/site-packages/airflow/example_dags/example_task_group.py
[2025-09-14T09:44:30.610+0545] {processor.py:914} INFO - Processing file /home/ashok/miniconda3/envs/mysecondenvironment/lib/python3.8/site-packages/airflow/example_dags/example_task_group.py for tasks to queue
[2025-09-14T09:44:30.610+0545] {logging_mixin.py:190} INFO - [2025-09-14T09:44:30.610+0545] {dagbag.py:588} INFO - Filling up the DagBag from /home/ashok/miniconda3/envs/mysecondenvironment/lib/python3.8/site-packages/airflow/example_dags/example_task_group.py
[2025-09-14T09:44:30.615+0545] {processor.py:925} INFO - DAG(s) 'example_task_group' retrieved from /home/ashok/miniconda3/envs/mysecondenvironment/lib/python3.8/site-packages/airflow/example_dags/example_task_group.py
[2025-09-14T09:44:30.625+0545] {logging_mixin.py:190} INFO - [2025-09-14T09:44:30.625+0545] {dag.py:3239} INFO - Sync 1 DAGs
[2025-09-14T09:44:30.630+0545] {logging_mixin.py:190} INFO - [2025-09-14T09:44:30.630+0545] {dag.py:4180} INFO - Setting next_dagrun for example_task_group to None, run_after=None
[2025-09-14T09:44:30.646+0545] {processor.py:208} INFO - Processing /home/ashok/miniconda3/envs/mysecondenvironment/lib/python3.8/site-packages/airflow/example_dags/example_task_group.py took 0.041 seconds
[2025-09-14T09:45:27.447+0545] {processor.py:186} INFO - Started process (PID=35138) to work on /home/ashok/miniconda3/envs/mysecondenvironment/lib/python3.8/site-packages/airflow/example_dags/example_task_group.py
[2025-09-14T09:45:27.448+0545] {processor.py:914} INFO - Processing file /home/ashok/miniconda3/envs/mysecondenvironment/lib/python3.8/site-packages/airflow/example_dags/example_task_group.py for tasks to queue
[2025-09-14T09:45:27.449+0545] {logging_mixin.py:190} INFO - [2025-09-14T09:45:27.449+0545] {dagbag.py:588} INFO - Filling up the DagBag from /home/ashok/miniconda3/envs/mysecondenvironment/lib/python3.8/site-packages/airflow/example_dags/example_task_group.py
[2025-09-14T09:45:27.453+0545] {processor.py:925} INFO - DAG(s) 'example_task_group' retrieved from /home/ashok/miniconda3/envs/mysecondenvironment/lib/python3.8/site-packages/airflow/example_dags/example_task_group.py
[2025-09-14T09:45:27.462+0545] {logging_mixin.py:190} INFO - [2025-09-14T09:45:27.461+0545] {dag.py:3239} INFO - Sync 1 DAGs
[2025-09-14T09:45:27.466+0545] {logging_mixin.py:190} INFO - [2025-09-14T09:45:27.466+0545] {dag.py:4180} INFO - Setting next_dagrun for example_task_group to None, run_after=None
[2025-09-14T09:45:27.484+0545] {processor.py:208} INFO - Processing /home/ashok/miniconda3/envs/mysecondenvironment/lib/python3.8/site-packages/airflow/example_dags/example_task_group.py took 0.040 seconds
[2025-09-14T09:46:19.075+0545] {processor.py:186} INFO - Started process (PID=35509) to work on /home/ashok/miniconda3/envs/mysecondenvironment/lib/python3.8/site-packages/airflow/example_dags/example_task_group.py
[2025-09-14T09:46:19.076+0545] {processor.py:914} INFO - Processing file /home/ashok/miniconda3/envs/mysecondenvironment/lib/python3.8/site-packages/airflow/example_dags/example_task_group.py for tasks to queue
[2025-09-14T09:46:19.078+0545] {logging_mixin.py:190} INFO - [2025-09-14T09:46:19.077+0545] {dagbag.py:588} INFO - Filling up the DagBag from /home/ashok/miniconda3/envs/mysecondenvironment/lib/python3.8/site-packages/airflow/example_dags/example_task_group.py
[2025-09-14T09:46:19.084+0545] {processor.py:925} INFO - DAG(s) 'example_task_group' retrieved from /home/ashok/miniconda3/envs/mysecondenvironment/lib/python3.8/site-packages/airflow/example_dags/example_task_group.py
[2025-09-14T09:46:19.096+0545] {logging_mixin.py:190} INFO - [2025-09-14T09:46:19.095+0545] {dag.py:3239} INFO - Sync 1 DAGs
[2025-09-14T09:46:19.102+0545] {logging_mixin.py:190} INFO - [2025-09-14T09:46:19.102+0545] {dag.py:4180} INFO - Setting next_dagrun for example_task_group to None, run_after=None
[2025-09-14T09:46:19.120+0545] {processor.py:208} INFO - Processing /home/ashok/miniconda3/envs/mysecondenvironment/lib/python3.8/site-packages/airflow/example_dags/example_task_group.py took 0.048 seconds
[2025-09-14T09:47:11.825+0545] {processor.py:186} INFO - Started process (PID=35898) to work on /home/ashok/miniconda3/envs/mysecondenvironment/lib/python3.8/site-packages/airflow/example_dags/example_task_group.py
[2025-09-14T09:47:11.827+0545] {processor.py:914} INFO - Processing file /home/ashok/miniconda3/envs/mysecondenvironment/lib/python3.8/site-packages/airflow/example_dags/example_task_group.py for tasks to queue
[2025-09-14T09:47:11.829+0545] {logging_mixin.py:190} INFO - [2025-09-14T09:47:11.828+0545] {dagbag.py:588} INFO - Filling up the DagBag from /home/ashok/miniconda3/envs/mysecondenvironment/lib/python3.8/site-packages/airflow/example_dags/example_task_group.py
[2025-09-14T09:47:11.833+0545] {processor.py:925} INFO - DAG(s) 'example_task_group' retrieved from /home/ashok/miniconda3/envs/mysecondenvironment/lib/python3.8/site-packages/airflow/example_dags/example_task_group.py
[2025-09-14T09:47:11.842+0545] {logging_mixin.py:190} INFO - [2025-09-14T09:47:11.842+0545] {dag.py:3239} INFO - Sync 1 DAGs
[2025-09-14T09:47:11.848+0545] {logging_mixin.py:190} INFO - [2025-09-14T09:47:11.848+0545] {dag.py:4180} INFO - Setting next_dagrun for example_task_group to None, run_after=None
[2025-09-14T09:47:11.863+0545] {processor.py:208} INFO - Processing /home/ashok/miniconda3/envs/mysecondenvironment/lib/python3.8/site-packages/airflow/example_dags/example_task_group.py took 0.042 seconds
[2025-09-14T09:48:06.478+0545] {processor.py:186} INFO - Started process (PID=36256) to work on /home/ashok/miniconda3/envs/mysecondenvironment/lib/python3.8/site-packages/airflow/example_dags/example_task_group.py
[2025-09-14T09:48:06.480+0545] {processor.py:914} INFO - Processing file /home/ashok/miniconda3/envs/mysecondenvironment/lib/python3.8/site-packages/airflow/example_dags/example_task_group.py for tasks to queue
[2025-09-14T09:48:06.481+0545] {logging_mixin.py:190} INFO - [2025-09-14T09:48:06.481+0545] {dagbag.py:588} INFO - Filling up the DagBag from /home/ashok/miniconda3/envs/mysecondenvironment/lib/python3.8/site-packages/airflow/example_dags/example_task_group.py
[2025-09-14T09:48:06.485+0545] {processor.py:925} INFO - DAG(s) 'example_task_group' retrieved from /home/ashok/miniconda3/envs/mysecondenvironment/lib/python3.8/site-packages/airflow/example_dags/example_task_group.py
[2025-09-14T09:48:06.493+0545] {logging_mixin.py:190} INFO - [2025-09-14T09:48:06.493+0545] {dag.py:3239} INFO - Sync 1 DAGs
[2025-09-14T09:48:06.498+0545] {logging_mixin.py:190} INFO - [2025-09-14T09:48:06.498+0545] {dag.py:4180} INFO - Setting next_dagrun for example_task_group to None, run_after=None
[2025-09-14T09:48:06.517+0545] {processor.py:208} INFO - Processing /home/ashok/miniconda3/envs/mysecondenvironment/lib/python3.8/site-packages/airflow/example_dags/example_task_group.py took 0.042 seconds
[2025-09-14T09:49:01.578+0545] {processor.py:186} INFO - Started process (PID=36658) to work on /home/ashok/miniconda3/envs/mysecondenvironment/lib/python3.8/site-packages/airflow/example_dags/example_task_group.py
[2025-09-14T09:49:01.580+0545] {processor.py:914} INFO - Processing file /home/ashok/miniconda3/envs/mysecondenvironment/lib/python3.8/site-packages/airflow/example_dags/example_task_group.py for tasks to queue
[2025-09-14T09:49:01.580+0545] {logging_mixin.py:190} INFO - [2025-09-14T09:49:01.580+0545] {dagbag.py:588} INFO - Filling up the DagBag from /home/ashok/miniconda3/envs/mysecondenvironment/lib/python3.8/site-packages/airflow/example_dags/example_task_group.py
[2025-09-14T09:49:01.584+0545] {processor.py:925} INFO - DAG(s) 'example_task_group' retrieved from /home/ashok/miniconda3/envs/mysecondenvironment/lib/python3.8/site-packages/airflow/example_dags/example_task_group.py
[2025-09-14T09:49:01.592+0545] {logging_mixin.py:190} INFO - [2025-09-14T09:49:01.592+0545] {dag.py:3239} INFO - Sync 1 DAGs
[2025-09-14T09:49:01.597+0545] {logging_mixin.py:190} INFO - [2025-09-14T09:49:01.597+0545] {dag.py:4180} INFO - Setting next_dagrun for example_task_group to None, run_after=None
[2025-09-14T09:49:01.613+0545] {processor.py:208} INFO - Processing /home/ashok/miniconda3/envs/mysecondenvironment/lib/python3.8/site-packages/airflow/example_dags/example_task_group.py took 0.038 seconds
[2025-09-14T09:49:54.534+0545] {processor.py:186} INFO - Started process (PID=37016) to work on /home/ashok/miniconda3/envs/mysecondenvironment/lib/python3.8/site-packages/airflow/example_dags/example_task_group.py
[2025-09-14T09:49:54.536+0545] {processor.py:914} INFO - Processing file /home/ashok/miniconda3/envs/mysecondenvironment/lib/python3.8/site-packages/airflow/example_dags/example_task_group.py for tasks to queue
[2025-09-14T09:49:54.537+0545] {logging_mixin.py:190} INFO - [2025-09-14T09:49:54.537+0545] {dagbag.py:588} INFO - Filling up the DagBag from /home/ashok/miniconda3/envs/mysecondenvironment/lib/python3.8/site-packages/airflow/example_dags/example_task_group.py
[2025-09-14T09:49:54.541+0545] {processor.py:925} INFO - DAG(s) 'example_task_group' retrieved from /home/ashok/miniconda3/envs/mysecondenvironment/lib/python3.8/site-packages/airflow/example_dags/example_task_group.py
[2025-09-14T09:49:54.550+0545] {logging_mixin.py:190} INFO - [2025-09-14T09:49:54.550+0545] {dag.py:3239} INFO - Sync 1 DAGs
[2025-09-14T09:49:54.555+0545] {logging_mixin.py:190} INFO - [2025-09-14T09:49:54.555+0545] {dag.py:4180} INFO - Setting next_dagrun for example_task_group to None, run_after=None
[2025-09-14T09:49:54.572+0545] {processor.py:208} INFO - Processing /home/ashok/miniconda3/envs/mysecondenvironment/lib/python3.8/site-packages/airflow/example_dags/example_task_group.py took 0.041 seconds
[2025-09-14T09:50:52.014+0545] {processor.py:186} INFO - Started process (PID=37499) to work on /home/ashok/miniconda3/envs/mysecondenvironment/lib/python3.8/site-packages/airflow/example_dags/example_task_group.py
[2025-09-14T09:50:52.016+0545] {processor.py:914} INFO - Processing file /home/ashok/miniconda3/envs/mysecondenvironment/lib/python3.8/site-packages/airflow/example_dags/example_task_group.py for tasks to queue
[2025-09-14T09:50:52.017+0545] {logging_mixin.py:190} INFO - [2025-09-14T09:50:52.016+0545] {dagbag.py:588} INFO - Filling up the DagBag from /home/ashok/miniconda3/envs/mysecondenvironment/lib/python3.8/site-packages/airflow/example_dags/example_task_group.py
[2025-09-14T09:50:52.020+0545] {processor.py:925} INFO - DAG(s) 'example_task_group' retrieved from /home/ashok/miniconda3/envs/mysecondenvironment/lib/python3.8/site-packages/airflow/example_dags/example_task_group.py
[2025-09-14T09:50:52.028+0545] {logging_mixin.py:190} INFO - [2025-09-14T09:50:52.028+0545] {dag.py:3239} INFO - Sync 1 DAGs
[2025-09-14T09:50:52.033+0545] {logging_mixin.py:190} INFO - [2025-09-14T09:50:52.033+0545] {dag.py:4180} INFO - Setting next_dagrun for example_task_group to None, run_after=None
[2025-09-14T09:50:52.052+0545] {processor.py:208} INFO - Processing /home/ashok/miniconda3/envs/mysecondenvironment/lib/python3.8/site-packages/airflow/example_dags/example_task_group.py took 0.040 seconds
[2025-09-14T09:51:48.386+0545] {processor.py:186} INFO - Started process (PID=37917) to work on /home/ashok/miniconda3/envs/mysecondenvironment/lib/python3.8/site-packages/airflow/example_dags/example_task_group.py
[2025-09-14T09:51:48.388+0545] {processor.py:914} INFO - Processing file /home/ashok/miniconda3/envs/mysecondenvironment/lib/python3.8/site-packages/airflow/example_dags/example_task_group.py for tasks to queue
[2025-09-14T09:51:48.388+0545] {logging_mixin.py:190} INFO - [2025-09-14T09:51:48.388+0545] {dagbag.py:588} INFO - Filling up the DagBag from /home/ashok/miniconda3/envs/mysecondenvironment/lib/python3.8/site-packages/airflow/example_dags/example_task_group.py
[2025-09-14T09:51:48.393+0545] {processor.py:925} INFO - DAG(s) 'example_task_group' retrieved from /home/ashok/miniconda3/envs/mysecondenvironment/lib/python3.8/site-packages/airflow/example_dags/example_task_group.py
[2025-09-14T09:51:48.402+0545] {logging_mixin.py:190} INFO - [2025-09-14T09:51:48.402+0545] {dag.py:3239} INFO - Sync 1 DAGs
[2025-09-14T09:51:48.408+0545] {logging_mixin.py:190} INFO - [2025-09-14T09:51:48.408+0545] {dag.py:4180} INFO - Setting next_dagrun for example_task_group to None, run_after=None
[2025-09-14T09:51:48.424+0545] {processor.py:208} INFO - Processing /home/ashok/miniconda3/envs/mysecondenvironment/lib/python3.8/site-packages/airflow/example_dags/example_task_group.py took 0.042 seconds
[2025-09-14T09:52:47.587+0545] {processor.py:186} INFO - Started process (PID=38421) to work on /home/ashok/miniconda3/envs/mysecondenvironment/lib/python3.8/site-packages/airflow/example_dags/example_task_group.py
[2025-09-14T09:52:47.589+0545] {processor.py:914} INFO - Processing file /home/ashok/miniconda3/envs/mysecondenvironment/lib/python3.8/site-packages/airflow/example_dags/example_task_group.py for tasks to queue
[2025-09-14T09:52:47.590+0545] {logging_mixin.py:190} INFO - [2025-09-14T09:52:47.590+0545] {dagbag.py:588} INFO - Filling up the DagBag from /home/ashok/miniconda3/envs/mysecondenvironment/lib/python3.8/site-packages/airflow/example_dags/example_task_group.py
[2025-09-14T09:52:47.593+0545] {processor.py:925} INFO - DAG(s) 'example_task_group' retrieved from /home/ashok/miniconda3/envs/mysecondenvironment/lib/python3.8/site-packages/airflow/example_dags/example_task_group.py
[2025-09-14T09:52:47.602+0545] {logging_mixin.py:190} INFO - [2025-09-14T09:52:47.601+0545] {dag.py:3239} INFO - Sync 1 DAGs
[2025-09-14T09:52:47.607+0545] {logging_mixin.py:190} INFO - [2025-09-14T09:52:47.607+0545] {dag.py:4180} INFO - Setting next_dagrun for example_task_group to None, run_after=None
[2025-09-14T09:52:47.624+0545] {processor.py:208} INFO - Processing /home/ashok/miniconda3/envs/mysecondenvironment/lib/python3.8/site-packages/airflow/example_dags/example_task_group.py took 0.042 seconds
[2025-09-14T09:53:45.191+0545] {processor.py:186} INFO - Started process (PID=39105) to work on /home/ashok/miniconda3/envs/mysecondenvironment/lib/python3.8/site-packages/airflow/example_dags/example_task_group.py
[2025-09-14T09:53:45.193+0545] {processor.py:914} INFO - Processing file /home/ashok/miniconda3/envs/mysecondenvironment/lib/python3.8/site-packages/airflow/example_dags/example_task_group.py for tasks to queue
[2025-09-14T09:53:45.195+0545] {logging_mixin.py:190} INFO - [2025-09-14T09:53:45.194+0545] {dagbag.py:588} INFO - Filling up the DagBag from /home/ashok/miniconda3/envs/mysecondenvironment/lib/python3.8/site-packages/airflow/example_dags/example_task_group.py
[2025-09-14T09:53:45.199+0545] {processor.py:925} INFO - DAG(s) 'example_task_group' retrieved from /home/ashok/miniconda3/envs/mysecondenvironment/lib/python3.8/site-packages/airflow/example_dags/example_task_group.py
[2025-09-14T09:53:45.208+0545] {logging_mixin.py:190} INFO - [2025-09-14T09:53:45.207+0545] {dag.py:3239} INFO - Sync 1 DAGs
[2025-09-14T09:53:45.213+0545] {logging_mixin.py:190} INFO - [2025-09-14T09:53:45.213+0545] {dag.py:4180} INFO - Setting next_dagrun for example_task_group to None, run_after=None
[2025-09-14T09:53:45.229+0545] {processor.py:208} INFO - Processing /home/ashok/miniconda3/envs/mysecondenvironment/lib/python3.8/site-packages/airflow/example_dags/example_task_group.py took 0.041 seconds
[2025-09-14T09:54:40.421+0545] {processor.py:186} INFO - Started process (PID=39530) to work on /home/ashok/miniconda3/envs/mysecondenvironment/lib/python3.8/site-packages/airflow/example_dags/example_task_group.py
[2025-09-14T09:54:40.423+0545] {processor.py:914} INFO - Processing file /home/ashok/miniconda3/envs/mysecondenvironment/lib/python3.8/site-packages/airflow/example_dags/example_task_group.py for tasks to queue
[2025-09-14T09:54:40.424+0545] {logging_mixin.py:190} INFO - [2025-09-14T09:54:40.424+0545] {dagbag.py:588} INFO - Filling up the DagBag from /home/ashok/miniconda3/envs/mysecondenvironment/lib/python3.8/site-packages/airflow/example_dags/example_task_group.py
[2025-09-14T09:54:40.429+0545] {processor.py:925} INFO - DAG(s) 'example_task_group' retrieved from /home/ashok/miniconda3/envs/mysecondenvironment/lib/python3.8/site-packages/airflow/example_dags/example_task_group.py
[2025-09-14T09:54:40.441+0545] {logging_mixin.py:190} INFO - [2025-09-14T09:54:40.441+0545] {dag.py:3239} INFO - Sync 1 DAGs
[2025-09-14T09:54:40.448+0545] {logging_mixin.py:190} INFO - [2025-09-14T09:54:40.448+0545] {dag.py:4180} INFO - Setting next_dagrun for example_task_group to None, run_after=None
[2025-09-14T09:54:40.468+0545] {processor.py:208} INFO - Processing /home/ashok/miniconda3/envs/mysecondenvironment/lib/python3.8/site-packages/airflow/example_dags/example_task_group.py took 0.053 seconds
[2025-09-14T09:55:33.308+0545] {processor.py:186} INFO - Started process (PID=39970) to work on /home/ashok/miniconda3/envs/mysecondenvironment/lib/python3.8/site-packages/airflow/example_dags/example_task_group.py
[2025-09-14T09:55:33.310+0545] {processor.py:914} INFO - Processing file /home/ashok/miniconda3/envs/mysecondenvironment/lib/python3.8/site-packages/airflow/example_dags/example_task_group.py for tasks to queue
[2025-09-14T09:55:33.310+0545] {logging_mixin.py:190} INFO - [2025-09-14T09:55:33.310+0545] {dagbag.py:588} INFO - Filling up the DagBag from /home/ashok/miniconda3/envs/mysecondenvironment/lib/python3.8/site-packages/airflow/example_dags/example_task_group.py
[2025-09-14T09:55:33.314+0545] {processor.py:925} INFO - DAG(s) 'example_task_group' retrieved from /home/ashok/miniconda3/envs/mysecondenvironment/lib/python3.8/site-packages/airflow/example_dags/example_task_group.py
[2025-09-14T09:55:33.322+0545] {logging_mixin.py:190} INFO - [2025-09-14T09:55:33.322+0545] {dag.py:3239} INFO - Sync 1 DAGs
[2025-09-14T09:55:33.327+0545] {logging_mixin.py:190} INFO - [2025-09-14T09:55:33.327+0545] {dag.py:4180} INFO - Setting next_dagrun for example_task_group to None, run_after=None
[2025-09-14T09:55:33.346+0545] {processor.py:208} INFO - Processing /home/ashok/miniconda3/envs/mysecondenvironment/lib/python3.8/site-packages/airflow/example_dags/example_task_group.py took 0.041 seconds
[2025-09-14T09:56:27.231+0545] {processor.py:186} INFO - Started process (PID=40388) to work on /home/ashok/miniconda3/envs/mysecondenvironment/lib/python3.8/site-packages/airflow/example_dags/example_task_group.py
[2025-09-14T09:56:27.232+0545] {processor.py:914} INFO - Processing file /home/ashok/miniconda3/envs/mysecondenvironment/lib/python3.8/site-packages/airflow/example_dags/example_task_group.py for tasks to queue
[2025-09-14T09:56:27.233+0545] {logging_mixin.py:190} INFO - [2025-09-14T09:56:27.233+0545] {dagbag.py:588} INFO - Filling up the DagBag from /home/ashok/miniconda3/envs/mysecondenvironment/lib/python3.8/site-packages/airflow/example_dags/example_task_group.py
[2025-09-14T09:56:27.238+0545] {processor.py:925} INFO - DAG(s) 'example_task_group' retrieved from /home/ashok/miniconda3/envs/mysecondenvironment/lib/python3.8/site-packages/airflow/example_dags/example_task_group.py
[2025-09-14T09:56:27.248+0545] {logging_mixin.py:190} INFO - [2025-09-14T09:56:27.248+0545] {dag.py:3239} INFO - Sync 1 DAGs
[2025-09-14T09:56:27.253+0545] {logging_mixin.py:190} INFO - [2025-09-14T09:56:27.253+0545] {dag.py:4180} INFO - Setting next_dagrun for example_task_group to None, run_after=None
[2025-09-14T09:56:27.268+0545] {processor.py:208} INFO - Processing /home/ashok/miniconda3/envs/mysecondenvironment/lib/python3.8/site-packages/airflow/example_dags/example_task_group.py took 0.041 seconds
[2025-09-14T09:57:22.802+0545] {processor.py:186} INFO - Started process (PID=41097) to work on /home/ashok/miniconda3/envs/mysecondenvironment/lib/python3.8/site-packages/airflow/example_dags/example_task_group.py
[2025-09-14T09:57:22.804+0545] {processor.py:914} INFO - Processing file /home/ashok/miniconda3/envs/mysecondenvironment/lib/python3.8/site-packages/airflow/example_dags/example_task_group.py for tasks to queue
[2025-09-14T09:57:22.805+0545] {logging_mixin.py:190} INFO - [2025-09-14T09:57:22.804+0545] {dagbag.py:588} INFO - Filling up the DagBag from /home/ashok/miniconda3/envs/mysecondenvironment/lib/python3.8/site-packages/airflow/example_dags/example_task_group.py
[2025-09-14T09:57:22.810+0545] {processor.py:925} INFO - DAG(s) 'example_task_group' retrieved from /home/ashok/miniconda3/envs/mysecondenvironment/lib/python3.8/site-packages/airflow/example_dags/example_task_group.py
[2025-09-14T09:57:22.819+0545] {logging_mixin.py:190} INFO - [2025-09-14T09:57:22.819+0545] {dag.py:3239} INFO - Sync 1 DAGs
[2025-09-14T09:57:22.825+0545] {logging_mixin.py:190} INFO - [2025-09-14T09:57:22.825+0545] {dag.py:4180} INFO - Setting next_dagrun for example_task_group to None, run_after=None
[2025-09-14T09:57:22.841+0545] {processor.py:208} INFO - Processing /home/ashok/miniconda3/envs/mysecondenvironment/lib/python3.8/site-packages/airflow/example_dags/example_task_group.py took 0.043 seconds
[2025-09-14T09:58:14.339+0545] {processor.py:186} INFO - Started process (PID=41446) to work on /home/ashok/miniconda3/envs/mysecondenvironment/lib/python3.8/site-packages/airflow/example_dags/example_task_group.py
[2025-09-14T09:58:14.341+0545] {processor.py:914} INFO - Processing file /home/ashok/miniconda3/envs/mysecondenvironment/lib/python3.8/site-packages/airflow/example_dags/example_task_group.py for tasks to queue
[2025-09-14T09:58:14.342+0545] {logging_mixin.py:190} INFO - [2025-09-14T09:58:14.342+0545] {dagbag.py:588} INFO - Filling up the DagBag from /home/ashok/miniconda3/envs/mysecondenvironment/lib/python3.8/site-packages/airflow/example_dags/example_task_group.py
[2025-09-14T09:58:14.346+0545] {processor.py:925} INFO - DAG(s) 'example_task_group' retrieved from /home/ashok/miniconda3/envs/mysecondenvironment/lib/python3.8/site-packages/airflow/example_dags/example_task_group.py
[2025-09-14T09:58:14.354+0545] {logging_mixin.py:190} INFO - [2025-09-14T09:58:14.354+0545] {dag.py:3239} INFO - Sync 1 DAGs
[2025-09-14T09:58:14.359+0545] {logging_mixin.py:190} INFO - [2025-09-14T09:58:14.359+0545] {dag.py:4180} INFO - Setting next_dagrun for example_task_group to None, run_after=None
[2025-09-14T09:58:14.377+0545] {processor.py:208} INFO - Processing /home/ashok/miniconda3/envs/mysecondenvironment/lib/python3.8/site-packages/airflow/example_dags/example_task_group.py took 0.041 seconds
[2025-09-14T09:59:11.267+0545] {processor.py:186} INFO - Started process (PID=41903) to work on /home/ashok/miniconda3/envs/mysecondenvironment/lib/python3.8/site-packages/airflow/example_dags/example_task_group.py
[2025-09-14T09:59:11.269+0545] {processor.py:914} INFO - Processing file /home/ashok/miniconda3/envs/mysecondenvironment/lib/python3.8/site-packages/airflow/example_dags/example_task_group.py for tasks to queue
[2025-09-14T09:59:11.270+0545] {logging_mixin.py:190} INFO - [2025-09-14T09:59:11.269+0545] {dagbag.py:588} INFO - Filling up the DagBag from /home/ashok/miniconda3/envs/mysecondenvironment/lib/python3.8/site-packages/airflow/example_dags/example_task_group.py
[2025-09-14T09:59:11.273+0545] {processor.py:925} INFO - DAG(s) 'example_task_group' retrieved from /home/ashok/miniconda3/envs/mysecondenvironment/lib/python3.8/site-packages/airflow/example_dags/example_task_group.py
[2025-09-14T09:59:11.285+0545] {logging_mixin.py:190} INFO - [2025-09-14T09:59:11.284+0545] {dag.py:3239} INFO - Sync 1 DAGs
[2025-09-14T09:59:11.291+0545] {logging_mixin.py:190} INFO - [2025-09-14T09:59:11.291+0545] {dag.py:4180} INFO - Setting next_dagrun for example_task_group to None, run_after=None
[2025-09-14T09:59:11.306+0545] {processor.py:208} INFO - Processing /home/ashok/miniconda3/envs/mysecondenvironment/lib/python3.8/site-packages/airflow/example_dags/example_task_group.py took 0.043 seconds
[2025-09-14T10:00:04.877+0545] {processor.py:186} INFO - Started process (PID=42380) to work on /home/ashok/miniconda3/envs/mysecondenvironment/lib/python3.8/site-packages/airflow/example_dags/example_task_group.py
[2025-09-14T10:00:04.878+0545] {processor.py:914} INFO - Processing file /home/ashok/miniconda3/envs/mysecondenvironment/lib/python3.8/site-packages/airflow/example_dags/example_task_group.py for tasks to queue
[2025-09-14T10:00:04.879+0545] {logging_mixin.py:190} INFO - [2025-09-14T10:00:04.879+0545] {dagbag.py:588} INFO - Filling up the DagBag from /home/ashok/miniconda3/envs/mysecondenvironment/lib/python3.8/site-packages/airflow/example_dags/example_task_group.py
[2025-09-14T10:00:04.883+0545] {processor.py:925} INFO - DAG(s) 'example_task_group' retrieved from /home/ashok/miniconda3/envs/mysecondenvironment/lib/python3.8/site-packages/airflow/example_dags/example_task_group.py
[2025-09-14T10:00:04.893+0545] {logging_mixin.py:190} INFO - [2025-09-14T10:00:04.893+0545] {dag.py:3239} INFO - Sync 1 DAGs
[2025-09-14T10:00:04.899+0545] {logging_mixin.py:190} INFO - [2025-09-14T10:00:04.898+0545] {dag.py:4180} INFO - Setting next_dagrun for example_task_group to None, run_after=None
[2025-09-14T10:00:04.914+0545] {processor.py:208} INFO - Processing /home/ashok/miniconda3/envs/mysecondenvironment/lib/python3.8/site-packages/airflow/example_dags/example_task_group.py took 0.041 seconds
[2025-09-14T10:00:58.630+0545] {processor.py:186} INFO - Started process (PID=42955) to work on /home/ashok/miniconda3/envs/mysecondenvironment/lib/python3.8/site-packages/airflow/example_dags/example_task_group.py
[2025-09-14T10:00:58.633+0545] {processor.py:914} INFO - Processing file /home/ashok/miniconda3/envs/mysecondenvironment/lib/python3.8/site-packages/airflow/example_dags/example_task_group.py for tasks to queue
[2025-09-14T10:00:58.634+0545] {logging_mixin.py:190} INFO - [2025-09-14T10:00:58.634+0545] {dagbag.py:588} INFO - Filling up the DagBag from /home/ashok/miniconda3/envs/mysecondenvironment/lib/python3.8/site-packages/airflow/example_dags/example_task_group.py
[2025-09-14T10:00:58.639+0545] {processor.py:925} INFO - DAG(s) 'example_task_group' retrieved from /home/ashok/miniconda3/envs/mysecondenvironment/lib/python3.8/site-packages/airflow/example_dags/example_task_group.py
[2025-09-14T10:00:58.648+0545] {logging_mixin.py:190} INFO - [2025-09-14T10:00:58.648+0545] {dag.py:3239} INFO - Sync 1 DAGs
[2025-09-14T10:00:58.654+0545] {logging_mixin.py:190} INFO - [2025-09-14T10:00:58.653+0545] {dag.py:4180} INFO - Setting next_dagrun for example_task_group to None, run_after=None
[2025-09-14T10:00:58.672+0545] {processor.py:208} INFO - Processing /home/ashok/miniconda3/envs/mysecondenvironment/lib/python3.8/site-packages/airflow/example_dags/example_task_group.py took 0.045 seconds
[2025-09-14T10:01:53.455+0545] {processor.py:186} INFO - Started process (PID=43427) to work on /home/ashok/miniconda3/envs/mysecondenvironment/lib/python3.8/site-packages/airflow/example_dags/example_task_group.py
[2025-09-14T10:01:53.457+0545] {processor.py:914} INFO - Processing file /home/ashok/miniconda3/envs/mysecondenvironment/lib/python3.8/site-packages/airflow/example_dags/example_task_group.py for tasks to queue
[2025-09-14T10:01:53.458+0545] {logging_mixin.py:190} INFO - [2025-09-14T10:01:53.458+0545] {dagbag.py:588} INFO - Filling up the DagBag from /home/ashok/miniconda3/envs/mysecondenvironment/lib/python3.8/site-packages/airflow/example_dags/example_task_group.py
[2025-09-14T10:01:53.462+0545] {processor.py:925} INFO - DAG(s) 'example_task_group' retrieved from /home/ashok/miniconda3/envs/mysecondenvironment/lib/python3.8/site-packages/airflow/example_dags/example_task_group.py
[2025-09-14T10:01:53.470+0545] {logging_mixin.py:190} INFO - [2025-09-14T10:01:53.470+0545] {dag.py:3239} INFO - Sync 1 DAGs
[2025-09-14T10:01:53.475+0545] {logging_mixin.py:190} INFO - [2025-09-14T10:01:53.475+0545] {dag.py:4180} INFO - Setting next_dagrun for example_task_group to None, run_after=None
[2025-09-14T10:01:53.493+0545] {processor.py:208} INFO - Processing /home/ashok/miniconda3/envs/mysecondenvironment/lib/python3.8/site-packages/airflow/example_dags/example_task_group.py took 0.043 seconds
[2025-09-14T10:02:49.130+0545] {processor.py:186} INFO - Started process (PID=43777) to work on /home/ashok/miniconda3/envs/mysecondenvironment/lib/python3.8/site-packages/airflow/example_dags/example_task_group.py
[2025-09-14T10:02:49.132+0545] {processor.py:914} INFO - Processing file /home/ashok/miniconda3/envs/mysecondenvironment/lib/python3.8/site-packages/airflow/example_dags/example_task_group.py for tasks to queue
[2025-09-14T10:02:49.133+0545] {logging_mixin.py:190} INFO - [2025-09-14T10:02:49.133+0545] {dagbag.py:588} INFO - Filling up the DagBag from /home/ashok/miniconda3/envs/mysecondenvironment/lib/python3.8/site-packages/airflow/example_dags/example_task_group.py
[2025-09-14T10:02:49.136+0545] {processor.py:925} INFO - DAG(s) 'example_task_group' retrieved from /home/ashok/miniconda3/envs/mysecondenvironment/lib/python3.8/site-packages/airflow/example_dags/example_task_group.py
[2025-09-14T10:02:49.145+0545] {logging_mixin.py:190} INFO - [2025-09-14T10:02:49.145+0545] {dag.py:3239} INFO - Sync 1 DAGs
[2025-09-14T10:02:49.151+0545] {logging_mixin.py:190} INFO - [2025-09-14T10:02:49.150+0545] {dag.py:4180} INFO - Setting next_dagrun for example_task_group to None, run_after=None
[2025-09-14T10:02:49.167+0545] {processor.py:208} INFO - Processing /home/ashok/miniconda3/envs/mysecondenvironment/lib/python3.8/site-packages/airflow/example_dags/example_task_group.py took 0.040 seconds
[2025-09-14T10:03:45.555+0545] {processor.py:186} INFO - Started process (PID=44145) to work on /home/ashok/miniconda3/envs/mysecondenvironment/lib/python3.8/site-packages/airflow/example_dags/example_task_group.py
[2025-09-14T10:03:45.557+0545] {processor.py:914} INFO - Processing file /home/ashok/miniconda3/envs/mysecondenvironment/lib/python3.8/site-packages/airflow/example_dags/example_task_group.py for tasks to queue
[2025-09-14T10:03:45.558+0545] {logging_mixin.py:190} INFO - [2025-09-14T10:03:45.557+0545] {dagbag.py:588} INFO - Filling up the DagBag from /home/ashok/miniconda3/envs/mysecondenvironment/lib/python3.8/site-packages/airflow/example_dags/example_task_group.py
[2025-09-14T10:03:45.561+0545] {processor.py:925} INFO - DAG(s) 'example_task_group' retrieved from /home/ashok/miniconda3/envs/mysecondenvironment/lib/python3.8/site-packages/airflow/example_dags/example_task_group.py
[2025-09-14T10:03:45.570+0545] {logging_mixin.py:190} INFO - [2025-09-14T10:03:45.570+0545] {dag.py:3239} INFO - Sync 1 DAGs
[2025-09-14T10:03:45.575+0545] {logging_mixin.py:190} INFO - [2025-09-14T10:03:45.575+0545] {dag.py:4180} INFO - Setting next_dagrun for example_task_group to None, run_after=None
[2025-09-14T10:03:45.592+0545] {processor.py:208} INFO - Processing /home/ashok/miniconda3/envs/mysecondenvironment/lib/python3.8/site-packages/airflow/example_dags/example_task_group.py took 0.040 seconds
[2025-09-14T16:50:11.878+0545] {processor.py:186} INFO - Started process (PID=7764) to work on /home/ashok/miniconda3/envs/mysecondenvironment/lib/python3.8/site-packages/airflow/example_dags/example_task_group.py
[2025-09-14T16:50:11.881+0545] {processor.py:914} INFO - Processing file /home/ashok/miniconda3/envs/mysecondenvironment/lib/python3.8/site-packages/airflow/example_dags/example_task_group.py for tasks to queue
[2025-09-14T16:50:11.882+0545] {logging_mixin.py:190} INFO - [2025-09-14T16:50:11.882+0545] {dagbag.py:588} INFO - Filling up the DagBag from /home/ashok/miniconda3/envs/mysecondenvironment/lib/python3.8/site-packages/airflow/example_dags/example_task_group.py
[2025-09-14T16:50:11.887+0545] {processor.py:925} INFO - DAG(s) 'example_task_group' retrieved from /home/ashok/miniconda3/envs/mysecondenvironment/lib/python3.8/site-packages/airflow/example_dags/example_task_group.py
[2025-09-14T16:50:11.898+0545] {logging_mixin.py:190} INFO - [2025-09-14T16:50:11.898+0545] {dag.py:3239} INFO - Sync 1 DAGs
[2025-09-14T16:50:11.904+0545] {logging_mixin.py:190} INFO - [2025-09-14T16:50:11.904+0545] {dag.py:4180} INFO - Setting next_dagrun for example_task_group to None, run_after=None
[2025-09-14T16:50:11.922+0545] {processor.py:208} INFO - Processing /home/ashok/miniconda3/envs/mysecondenvironment/lib/python3.8/site-packages/airflow/example_dags/example_task_group.py took 0.046 seconds
[2025-09-14T16:52:21.839+0545] {processor.py:186} INFO - Started process (PID=10500) to work on /home/ashok/miniconda3/envs/mysecondenvironment/lib/python3.8/site-packages/airflow/example_dags/example_task_group.py
[2025-09-14T16:52:21.842+0545] {processor.py:914} INFO - Processing file /home/ashok/miniconda3/envs/mysecondenvironment/lib/python3.8/site-packages/airflow/example_dags/example_task_group.py for tasks to queue
[2025-09-14T16:52:21.843+0545] {logging_mixin.py:190} INFO - [2025-09-14T16:52:21.843+0545] {dagbag.py:588} INFO - Filling up the DagBag from /home/ashok/miniconda3/envs/mysecondenvironment/lib/python3.8/site-packages/airflow/example_dags/example_task_group.py
[2025-09-14T16:52:21.847+0545] {processor.py:925} INFO - DAG(s) 'example_task_group' retrieved from /home/ashok/miniconda3/envs/mysecondenvironment/lib/python3.8/site-packages/airflow/example_dags/example_task_group.py
[2025-09-14T16:52:21.855+0545] {logging_mixin.py:190} INFO - [2025-09-14T16:52:21.855+0545] {dag.py:3239} INFO - Sync 1 DAGs
[2025-09-14T16:52:21.861+0545] {logging_mixin.py:190} INFO - [2025-09-14T16:52:21.861+0545] {dag.py:4180} INFO - Setting next_dagrun for example_task_group to None, run_after=None
[2025-09-14T16:52:21.879+0545] {processor.py:208} INFO - Processing /home/ashok/miniconda3/envs/mysecondenvironment/lib/python3.8/site-packages/airflow/example_dags/example_task_group.py took 0.043 seconds
