[2025-09-14T09:23:55.227+0545] {processor.py:186} INFO - Started process (PID=23372) to work on /home/ashok/miniconda3/envs/mysecondenvironment/lib/python3.8/site-packages/airflow/example_dags/example_external_task_marker_dag.py
[2025-09-14T09:23:55.227+0545] {processor.py:914} INFO - Processing file /home/ashok/miniconda3/envs/mysecondenvironment/lib/python3.8/site-packages/airflow/example_dags/example_external_task_marker_dag.py for tasks to queue
[2025-09-14T09:23:55.229+0545] {logging_mixin.py:190} INFO - [2025-09-14T09:23:55.229+0545] {dagbag.py:588} INFO - Filling up the DagBag from /home/ashok/miniconda3/envs/mysecondenvironment/lib/python3.8/site-packages/airflow/example_dags/example_external_task_marker_dag.py
[2025-09-14T09:23:55.234+0545] {processor.py:925} INFO - DAG(s) 'example_external_task_marker_child', 'example_external_task_marker_parent' retrieved from /home/ashok/miniconda3/envs/mysecondenvironment/lib/python3.8/site-packages/airflow/example_dags/example_external_task_marker_dag.py
[2025-09-14T09:23:55.247+0545] {logging_mixin.py:190} INFO - [2025-09-14T09:23:55.246+0545] {dag.py:3239} INFO - Sync 2 DAGs
[2025-09-14T09:23:55.255+0545] {logging_mixin.py:190} INFO - [2025-09-14T09:23:55.255+0545] {dag.py:4180} INFO - Setting next_dagrun for example_external_task_marker_child to None, run_after=None
[2025-09-14T09:23:55.257+0545] {logging_mixin.py:190} INFO - [2025-09-14T09:23:55.257+0545] {dag.py:4180} INFO - Setting next_dagrun for example_external_task_marker_parent to None, run_after=None
[2025-09-14T09:23:55.275+0545] {processor.py:208} INFO - Processing /home/ashok/miniconda3/envs/mysecondenvironment/lib/python3.8/site-packages/airflow/example_dags/example_external_task_marker_dag.py took 0.053 seconds
[2025-09-14T09:24:52.678+0545] {processor.py:186} INFO - Started process (PID=23956) to work on /home/ashok/miniconda3/envs/mysecondenvironment/lib/python3.8/site-packages/airflow/example_dags/example_external_task_marker_dag.py
[2025-09-14T09:24:52.680+0545] {processor.py:914} INFO - Processing file /home/ashok/miniconda3/envs/mysecondenvironment/lib/python3.8/site-packages/airflow/example_dags/example_external_task_marker_dag.py for tasks to queue
[2025-09-14T09:24:52.682+0545] {logging_mixin.py:190} INFO - [2025-09-14T09:24:52.681+0545] {dagbag.py:588} INFO - Filling up the DagBag from /home/ashok/miniconda3/envs/mysecondenvironment/lib/python3.8/site-packages/airflow/example_dags/example_external_task_marker_dag.py
[2025-09-14T09:24:52.686+0545] {processor.py:925} INFO - DAG(s) 'example_external_task_marker_child', 'example_external_task_marker_parent' retrieved from /home/ashok/miniconda3/envs/mysecondenvironment/lib/python3.8/site-packages/airflow/example_dags/example_external_task_marker_dag.py
[2025-09-14T09:24:52.697+0545] {logging_mixin.py:190} INFO - [2025-09-14T09:24:52.696+0545] {dag.py:3239} INFO - Sync 2 DAGs
[2025-09-14T09:24:52.703+0545] {logging_mixin.py:190} INFO - [2025-09-14T09:24:52.703+0545] {dag.py:4180} INFO - Setting next_dagrun for example_external_task_marker_child to None, run_after=None
[2025-09-14T09:24:52.704+0545] {logging_mixin.py:190} INFO - [2025-09-14T09:24:52.704+0545] {dag.py:4180} INFO - Setting next_dagrun for example_external_task_marker_parent to None, run_after=None
[2025-09-14T09:24:52.722+0545] {processor.py:208} INFO - Processing /home/ashok/miniconda3/envs/mysecondenvironment/lib/python3.8/site-packages/airflow/example_dags/example_external_task_marker_dag.py took 0.048 seconds
[2025-09-14T09:26:29.152+0545] {processor.py:186} INFO - Started process (PID=25106) to work on /home/ashok/miniconda3/envs/mysecondenvironment/lib/python3.8/site-packages/airflow/example_dags/example_external_task_marker_dag.py
[2025-09-14T09:26:29.154+0545] {processor.py:914} INFO - Processing file /home/ashok/miniconda3/envs/mysecondenvironment/lib/python3.8/site-packages/airflow/example_dags/example_external_task_marker_dag.py for tasks to queue
[2025-09-14T09:26:29.157+0545] {logging_mixin.py:190} INFO - [2025-09-14T09:26:29.156+0545] {dagbag.py:588} INFO - Filling up the DagBag from /home/ashok/miniconda3/envs/mysecondenvironment/lib/python3.8/site-packages/airflow/example_dags/example_external_task_marker_dag.py
[2025-09-14T09:26:29.161+0545] {processor.py:925} INFO - DAG(s) 'example_external_task_marker_parent', 'example_external_task_marker_child' retrieved from /home/ashok/miniconda3/envs/mysecondenvironment/lib/python3.8/site-packages/airflow/example_dags/example_external_task_marker_dag.py
[2025-09-14T09:26:29.172+0545] {logging_mixin.py:190} INFO - [2025-09-14T09:26:29.171+0545] {dag.py:3239} INFO - Sync 2 DAGs
[2025-09-14T09:26:29.178+0545] {logging_mixin.py:190} INFO - [2025-09-14T09:26:29.178+0545] {dag.py:4180} INFO - Setting next_dagrun for example_external_task_marker_child to None, run_after=None
[2025-09-14T09:26:29.180+0545] {logging_mixin.py:190} INFO - [2025-09-14T09:26:29.180+0545] {dag.py:4180} INFO - Setting next_dagrun for example_external_task_marker_parent to None, run_after=None
[2025-09-14T09:26:29.198+0545] {processor.py:208} INFO - Processing /home/ashok/miniconda3/envs/mysecondenvironment/lib/python3.8/site-packages/airflow/example_dags/example_external_task_marker_dag.py took 0.050 seconds
[2025-09-14T09:33:53.866+0545] {processor.py:186} INFO - Started process (PID=29514) to work on /home/ashok/miniconda3/envs/mysecondenvironment/lib/python3.8/site-packages/airflow/example_dags/example_external_task_marker_dag.py
[2025-09-14T09:33:53.869+0545] {processor.py:914} INFO - Processing file /home/ashok/miniconda3/envs/mysecondenvironment/lib/python3.8/site-packages/airflow/example_dags/example_external_task_marker_dag.py for tasks to queue
[2025-09-14T09:33:53.871+0545] {logging_mixin.py:190} INFO - [2025-09-14T09:33:53.870+0545] {dagbag.py:588} INFO - Filling up the DagBag from /home/ashok/miniconda3/envs/mysecondenvironment/lib/python3.8/site-packages/airflow/example_dags/example_external_task_marker_dag.py
[2025-09-14T09:33:53.874+0545] {processor.py:925} INFO - DAG(s) 'example_external_task_marker_parent', 'example_external_task_marker_child' retrieved from /home/ashok/miniconda3/envs/mysecondenvironment/lib/python3.8/site-packages/airflow/example_dags/example_external_task_marker_dag.py
[2025-09-14T09:33:53.883+0545] {logging_mixin.py:190} INFO - [2025-09-14T09:33:53.883+0545] {dag.py:3239} INFO - Sync 2 DAGs
[2025-09-14T09:33:53.888+0545] {logging_mixin.py:190} INFO - [2025-09-14T09:33:53.888+0545] {dag.py:4180} INFO - Setting next_dagrun for example_external_task_marker_child to None, run_after=None
[2025-09-14T09:33:53.889+0545] {logging_mixin.py:190} INFO - [2025-09-14T09:33:53.889+0545] {dag.py:4180} INFO - Setting next_dagrun for example_external_task_marker_parent to None, run_after=None
[2025-09-14T09:33:53.907+0545] {processor.py:208} INFO - Processing /home/ashok/miniconda3/envs/mysecondenvironment/lib/python3.8/site-packages/airflow/example_dags/example_external_task_marker_dag.py took 0.047 seconds
[2025-09-14T09:34:50.480+0545] {processor.py:186} INFO - Started process (PID=29948) to work on /home/ashok/miniconda3/envs/mysecondenvironment/lib/python3.8/site-packages/airflow/example_dags/example_external_task_marker_dag.py
[2025-09-14T09:34:50.482+0545] {processor.py:914} INFO - Processing file /home/ashok/miniconda3/envs/mysecondenvironment/lib/python3.8/site-packages/airflow/example_dags/example_external_task_marker_dag.py for tasks to queue
[2025-09-14T09:34:50.482+0545] {logging_mixin.py:190} INFO - [2025-09-14T09:34:50.482+0545] {dagbag.py:588} INFO - Filling up the DagBag from /home/ashok/miniconda3/envs/mysecondenvironment/lib/python3.8/site-packages/airflow/example_dags/example_external_task_marker_dag.py
[2025-09-14T09:34:50.486+0545] {processor.py:925} INFO - DAG(s) 'example_external_task_marker_parent', 'example_external_task_marker_child' retrieved from /home/ashok/miniconda3/envs/mysecondenvironment/lib/python3.8/site-packages/airflow/example_dags/example_external_task_marker_dag.py
[2025-09-14T09:34:50.494+0545] {logging_mixin.py:190} INFO - [2025-09-14T09:34:50.494+0545] {dag.py:3239} INFO - Sync 2 DAGs
[2025-09-14T09:34:50.500+0545] {logging_mixin.py:190} INFO - [2025-09-14T09:34:50.499+0545] {dag.py:4180} INFO - Setting next_dagrun for example_external_task_marker_child to None, run_after=None
[2025-09-14T09:34:50.501+0545] {logging_mixin.py:190} INFO - [2025-09-14T09:34:50.501+0545] {dag.py:4180} INFO - Setting next_dagrun for example_external_task_marker_parent to None, run_after=None
[2025-09-14T09:34:50.518+0545] {processor.py:208} INFO - Processing /home/ashok/miniconda3/envs/mysecondenvironment/lib/python3.8/site-packages/airflow/example_dags/example_external_task_marker_dag.py took 0.041 seconds
[2025-09-14T09:35:46.827+0545] {processor.py:186} INFO - Started process (PID=30411) to work on /home/ashok/miniconda3/envs/mysecondenvironment/lib/python3.8/site-packages/airflow/example_dags/example_external_task_marker_dag.py
[2025-09-14T09:35:46.828+0545] {processor.py:914} INFO - Processing file /home/ashok/miniconda3/envs/mysecondenvironment/lib/python3.8/site-packages/airflow/example_dags/example_external_task_marker_dag.py for tasks to queue
[2025-09-14T09:35:46.829+0545] {logging_mixin.py:190} INFO - [2025-09-14T09:35:46.829+0545] {dagbag.py:588} INFO - Filling up the DagBag from /home/ashok/miniconda3/envs/mysecondenvironment/lib/python3.8/site-packages/airflow/example_dags/example_external_task_marker_dag.py
[2025-09-14T09:35:46.835+0545] {processor.py:925} INFO - DAG(s) 'example_external_task_marker_parent', 'example_external_task_marker_child' retrieved from /home/ashok/miniconda3/envs/mysecondenvironment/lib/python3.8/site-packages/airflow/example_dags/example_external_task_marker_dag.py
[2025-09-14T09:35:46.845+0545] {logging_mixin.py:190} INFO - [2025-09-14T09:35:46.845+0545] {dag.py:3239} INFO - Sync 2 DAGs
[2025-09-14T09:35:46.851+0545] {logging_mixin.py:190} INFO - [2025-09-14T09:35:46.851+0545] {dag.py:4180} INFO - Setting next_dagrun for example_external_task_marker_child to None, run_after=None
[2025-09-14T09:35:46.853+0545] {logging_mixin.py:190} INFO - [2025-09-14T09:35:46.853+0545] {dag.py:4180} INFO - Setting next_dagrun for example_external_task_marker_parent to None, run_after=None
[2025-09-14T09:35:46.869+0545] {processor.py:208} INFO - Processing /home/ashok/miniconda3/envs/mysecondenvironment/lib/python3.8/site-packages/airflow/example_dags/example_external_task_marker_dag.py took 0.047 seconds
[2025-09-14T09:36:40.628+0545] {processor.py:186} INFO - Started process (PID=30777) to work on /home/ashok/miniconda3/envs/mysecondenvironment/lib/python3.8/site-packages/airflow/example_dags/example_external_task_marker_dag.py
[2025-09-14T09:36:40.630+0545] {processor.py:914} INFO - Processing file /home/ashok/miniconda3/envs/mysecondenvironment/lib/python3.8/site-packages/airflow/example_dags/example_external_task_marker_dag.py for tasks to queue
[2025-09-14T09:36:40.631+0545] {logging_mixin.py:190} INFO - [2025-09-14T09:36:40.631+0545] {dagbag.py:588} INFO - Filling up the DagBag from /home/ashok/miniconda3/envs/mysecondenvironment/lib/python3.8/site-packages/airflow/example_dags/example_external_task_marker_dag.py
[2025-09-14T09:36:40.635+0545] {processor.py:925} INFO - DAG(s) 'example_external_task_marker_child', 'example_external_task_marker_parent' retrieved from /home/ashok/miniconda3/envs/mysecondenvironment/lib/python3.8/site-packages/airflow/example_dags/example_external_task_marker_dag.py
[2025-09-14T09:36:40.644+0545] {logging_mixin.py:190} INFO - [2025-09-14T09:36:40.644+0545] {dag.py:3239} INFO - Sync 2 DAGs
[2025-09-14T09:36:40.649+0545] {logging_mixin.py:190} INFO - [2025-09-14T09:36:40.649+0545] {dag.py:4180} INFO - Setting next_dagrun for example_external_task_marker_child to None, run_after=None
[2025-09-14T09:36:40.650+0545] {logging_mixin.py:190} INFO - [2025-09-14T09:36:40.650+0545] {dag.py:4180} INFO - Setting next_dagrun for example_external_task_marker_parent to None, run_after=None
[2025-09-14T09:36:40.667+0545] {processor.py:208} INFO - Processing /home/ashok/miniconda3/envs/mysecondenvironment/lib/python3.8/site-packages/airflow/example_dags/example_external_task_marker_dag.py took 0.043 seconds
[2025-09-14T09:37:33.232+0545] {processor.py:186} INFO - Started process (PID=31416) to work on /home/ashok/miniconda3/envs/mysecondenvironment/lib/python3.8/site-packages/airflow/example_dags/example_external_task_marker_dag.py
[2025-09-14T09:37:33.233+0545] {processor.py:914} INFO - Processing file /home/ashok/miniconda3/envs/mysecondenvironment/lib/python3.8/site-packages/airflow/example_dags/example_external_task_marker_dag.py for tasks to queue
[2025-09-14T09:37:33.234+0545] {logging_mixin.py:190} INFO - [2025-09-14T09:37:33.234+0545] {dagbag.py:588} INFO - Filling up the DagBag from /home/ashok/miniconda3/envs/mysecondenvironment/lib/python3.8/site-packages/airflow/example_dags/example_external_task_marker_dag.py
[2025-09-14T09:37:33.238+0545] {processor.py:925} INFO - DAG(s) 'example_external_task_marker_parent', 'example_external_task_marker_child' retrieved from /home/ashok/miniconda3/envs/mysecondenvironment/lib/python3.8/site-packages/airflow/example_dags/example_external_task_marker_dag.py
[2025-09-14T09:37:33.248+0545] {logging_mixin.py:190} INFO - [2025-09-14T09:37:33.248+0545] {dag.py:3239} INFO - Sync 2 DAGs
[2025-09-14T09:37:33.253+0545] {logging_mixin.py:190} INFO - [2025-09-14T09:37:33.253+0545] {dag.py:4180} INFO - Setting next_dagrun for example_external_task_marker_child to None, run_after=None
[2025-09-14T09:37:33.254+0545] {logging_mixin.py:190} INFO - [2025-09-14T09:37:33.254+0545] {dag.py:4180} INFO - Setting next_dagrun for example_external_task_marker_parent to None, run_after=None
[2025-09-14T09:37:33.268+0545] {processor.py:208} INFO - Processing /home/ashok/miniconda3/envs/mysecondenvironment/lib/python3.8/site-packages/airflow/example_dags/example_external_task_marker_dag.py took 0.040 seconds
[2025-09-14T09:38:28.924+0545] {processor.py:186} INFO - Started process (PID=32004) to work on /home/ashok/miniconda3/envs/mysecondenvironment/lib/python3.8/site-packages/airflow/example_dags/example_external_task_marker_dag.py
[2025-09-14T09:38:28.926+0545] {processor.py:914} INFO - Processing file /home/ashok/miniconda3/envs/mysecondenvironment/lib/python3.8/site-packages/airflow/example_dags/example_external_task_marker_dag.py for tasks to queue
[2025-09-14T09:38:28.927+0545] {logging_mixin.py:190} INFO - [2025-09-14T09:38:28.927+0545] {dagbag.py:588} INFO - Filling up the DagBag from /home/ashok/miniconda3/envs/mysecondenvironment/lib/python3.8/site-packages/airflow/example_dags/example_external_task_marker_dag.py
[2025-09-14T09:38:28.930+0545] {processor.py:925} INFO - DAG(s) 'example_external_task_marker_parent', 'example_external_task_marker_child' retrieved from /home/ashok/miniconda3/envs/mysecondenvironment/lib/python3.8/site-packages/airflow/example_dags/example_external_task_marker_dag.py
[2025-09-14T09:38:28.939+0545] {logging_mixin.py:190} INFO - [2025-09-14T09:38:28.939+0545] {dag.py:3239} INFO - Sync 2 DAGs
[2025-09-14T09:38:28.945+0545] {logging_mixin.py:190} INFO - [2025-09-14T09:38:28.945+0545] {dag.py:4180} INFO - Setting next_dagrun for example_external_task_marker_child to None, run_after=None
[2025-09-14T09:38:28.946+0545] {logging_mixin.py:190} INFO - [2025-09-14T09:38:28.946+0545] {dag.py:4180} INFO - Setting next_dagrun for example_external_task_marker_parent to None, run_after=None
[2025-09-14T09:38:28.965+0545] {processor.py:208} INFO - Processing /home/ashok/miniconda3/envs/mysecondenvironment/lib/python3.8/site-packages/airflow/example_dags/example_external_task_marker_dag.py took 0.045 seconds
[2025-09-14T09:39:26.331+0545] {processor.py:186} INFO - Started process (PID=32476) to work on /home/ashok/miniconda3/envs/mysecondenvironment/lib/python3.8/site-packages/airflow/example_dags/example_external_task_marker_dag.py
[2025-09-14T09:39:26.333+0545] {processor.py:914} INFO - Processing file /home/ashok/miniconda3/envs/mysecondenvironment/lib/python3.8/site-packages/airflow/example_dags/example_external_task_marker_dag.py for tasks to queue
[2025-09-14T09:39:26.334+0545] {logging_mixin.py:190} INFO - [2025-09-14T09:39:26.334+0545] {dagbag.py:588} INFO - Filling up the DagBag from /home/ashok/miniconda3/envs/mysecondenvironment/lib/python3.8/site-packages/airflow/example_dags/example_external_task_marker_dag.py
[2025-09-14T09:39:26.337+0545] {processor.py:925} INFO - DAG(s) 'example_external_task_marker_child', 'example_external_task_marker_parent' retrieved from /home/ashok/miniconda3/envs/mysecondenvironment/lib/python3.8/site-packages/airflow/example_dags/example_external_task_marker_dag.py
[2025-09-14T09:39:26.346+0545] {logging_mixin.py:190} INFO - [2025-09-14T09:39:26.346+0545] {dag.py:3239} INFO - Sync 2 DAGs
[2025-09-14T09:39:26.351+0545] {logging_mixin.py:190} INFO - [2025-09-14T09:39:26.351+0545] {dag.py:4180} INFO - Setting next_dagrun for example_external_task_marker_child to None, run_after=None
[2025-09-14T09:39:26.352+0545] {logging_mixin.py:190} INFO - [2025-09-14T09:39:26.352+0545] {dag.py:4180} INFO - Setting next_dagrun for example_external_task_marker_parent to None, run_after=None
[2025-09-14T09:39:26.370+0545] {processor.py:208} INFO - Processing /home/ashok/miniconda3/envs/mysecondenvironment/lib/python3.8/site-packages/airflow/example_dags/example_external_task_marker_dag.py took 0.042 seconds
[2025-09-14T09:40:22.108+0545] {processor.py:186} INFO - Started process (PID=32840) to work on /home/ashok/miniconda3/envs/mysecondenvironment/lib/python3.8/site-packages/airflow/example_dags/example_external_task_marker_dag.py
[2025-09-14T09:40:22.110+0545] {processor.py:914} INFO - Processing file /home/ashok/miniconda3/envs/mysecondenvironment/lib/python3.8/site-packages/airflow/example_dags/example_external_task_marker_dag.py for tasks to queue
[2025-09-14T09:40:22.111+0545] {logging_mixin.py:190} INFO - [2025-09-14T09:40:22.110+0545] {dagbag.py:588} INFO - Filling up the DagBag from /home/ashok/miniconda3/envs/mysecondenvironment/lib/python3.8/site-packages/airflow/example_dags/example_external_task_marker_dag.py
[2025-09-14T09:40:22.116+0545] {processor.py:925} INFO - DAG(s) 'example_external_task_marker_parent', 'example_external_task_marker_child' retrieved from /home/ashok/miniconda3/envs/mysecondenvironment/lib/python3.8/site-packages/airflow/example_dags/example_external_task_marker_dag.py
[2025-09-14T09:40:22.129+0545] {logging_mixin.py:190} INFO - [2025-09-14T09:40:22.129+0545] {dag.py:3239} INFO - Sync 2 DAGs
[2025-09-14T09:40:22.136+0545] {logging_mixin.py:190} INFO - [2025-09-14T09:40:22.136+0545] {dag.py:4180} INFO - Setting next_dagrun for example_external_task_marker_child to None, run_after=None
[2025-09-14T09:40:22.138+0545] {logging_mixin.py:190} INFO - [2025-09-14T09:40:22.138+0545] {dag.py:4180} INFO - Setting next_dagrun for example_external_task_marker_parent to None, run_after=None
[2025-09-14T09:40:22.154+0545] {processor.py:208} INFO - Processing /home/ashok/miniconda3/envs/mysecondenvironment/lib/python3.8/site-packages/airflow/example_dags/example_external_task_marker_dag.py took 0.049 seconds
[2025-09-14T09:41:17.511+0545] {processor.py:186} INFO - Started process (PID=33260) to work on /home/ashok/miniconda3/envs/mysecondenvironment/lib/python3.8/site-packages/airflow/example_dags/example_external_task_marker_dag.py
[2025-09-14T09:41:17.513+0545] {processor.py:914} INFO - Processing file /home/ashok/miniconda3/envs/mysecondenvironment/lib/python3.8/site-packages/airflow/example_dags/example_external_task_marker_dag.py for tasks to queue
[2025-09-14T09:41:17.514+0545] {logging_mixin.py:190} INFO - [2025-09-14T09:41:17.514+0545] {dagbag.py:588} INFO - Filling up the DagBag from /home/ashok/miniconda3/envs/mysecondenvironment/lib/python3.8/site-packages/airflow/example_dags/example_external_task_marker_dag.py
[2025-09-14T09:41:17.517+0545] {processor.py:925} INFO - DAG(s) 'example_external_task_marker_child', 'example_external_task_marker_parent' retrieved from /home/ashok/miniconda3/envs/mysecondenvironment/lib/python3.8/site-packages/airflow/example_dags/example_external_task_marker_dag.py
[2025-09-14T09:41:17.526+0545] {logging_mixin.py:190} INFO - [2025-09-14T09:41:17.526+0545] {dag.py:3239} INFO - Sync 2 DAGs
[2025-09-14T09:41:17.531+0545] {logging_mixin.py:190} INFO - [2025-09-14T09:41:17.531+0545] {dag.py:4180} INFO - Setting next_dagrun for example_external_task_marker_child to None, run_after=None
[2025-09-14T09:41:17.532+0545] {logging_mixin.py:190} INFO - [2025-09-14T09:41:17.532+0545] {dag.py:4180} INFO - Setting next_dagrun for example_external_task_marker_parent to None, run_after=None
[2025-09-14T09:41:17.550+0545] {processor.py:208} INFO - Processing /home/ashok/miniconda3/envs/mysecondenvironment/lib/python3.8/site-packages/airflow/example_dags/example_external_task_marker_dag.py took 0.042 seconds
[2025-09-14T09:42:13.999+0545] {processor.py:186} INFO - Started process (PID=33683) to work on /home/ashok/miniconda3/envs/mysecondenvironment/lib/python3.8/site-packages/airflow/example_dags/example_external_task_marker_dag.py
[2025-09-14T09:42:14.000+0545] {processor.py:914} INFO - Processing file /home/ashok/miniconda3/envs/mysecondenvironment/lib/python3.8/site-packages/airflow/example_dags/example_external_task_marker_dag.py for tasks to queue
[2025-09-14T09:42:14.001+0545] {logging_mixin.py:190} INFO - [2025-09-14T09:42:14.001+0545] {dagbag.py:588} INFO - Filling up the DagBag from /home/ashok/miniconda3/envs/mysecondenvironment/lib/python3.8/site-packages/airflow/example_dags/example_external_task_marker_dag.py
[2025-09-14T09:42:14.006+0545] {processor.py:925} INFO - DAG(s) 'example_external_task_marker_child', 'example_external_task_marker_parent' retrieved from /home/ashok/miniconda3/envs/mysecondenvironment/lib/python3.8/site-packages/airflow/example_dags/example_external_task_marker_dag.py
[2025-09-14T09:42:14.017+0545] {logging_mixin.py:190} INFO - [2025-09-14T09:42:14.017+0545] {dag.py:3239} INFO - Sync 2 DAGs
[2025-09-14T09:42:14.023+0545] {logging_mixin.py:190} INFO - [2025-09-14T09:42:14.023+0545] {dag.py:4180} INFO - Setting next_dagrun for example_external_task_marker_child to None, run_after=None
[2025-09-14T09:42:14.025+0545] {logging_mixin.py:190} INFO - [2025-09-14T09:42:14.025+0545] {dag.py:4180} INFO - Setting next_dagrun for example_external_task_marker_parent to None, run_after=None
[2025-09-14T09:42:14.039+0545] {processor.py:208} INFO - Processing /home/ashok/miniconda3/envs/mysecondenvironment/lib/python3.8/site-packages/airflow/example_dags/example_external_task_marker_dag.py took 0.045 seconds
[2025-09-14T09:43:09.524+0545] {processor.py:186} INFO - Started process (PID=34172) to work on /home/ashok/miniconda3/envs/mysecondenvironment/lib/python3.8/site-packages/airflow/example_dags/example_external_task_marker_dag.py
[2025-09-14T09:43:09.525+0545] {processor.py:914} INFO - Processing file /home/ashok/miniconda3/envs/mysecondenvironment/lib/python3.8/site-packages/airflow/example_dags/example_external_task_marker_dag.py for tasks to queue
[2025-09-14T09:43:09.525+0545] {logging_mixin.py:190} INFO - [2025-09-14T09:43:09.525+0545] {dagbag.py:588} INFO - Filling up the DagBag from /home/ashok/miniconda3/envs/mysecondenvironment/lib/python3.8/site-packages/airflow/example_dags/example_external_task_marker_dag.py
[2025-09-14T09:43:09.529+0545] {processor.py:925} INFO - DAG(s) 'example_external_task_marker_child', 'example_external_task_marker_parent' retrieved from /home/ashok/miniconda3/envs/mysecondenvironment/lib/python3.8/site-packages/airflow/example_dags/example_external_task_marker_dag.py
[2025-09-14T09:43:09.542+0545] {logging_mixin.py:190} INFO - [2025-09-14T09:43:09.542+0545] {dag.py:3239} INFO - Sync 2 DAGs
[2025-09-14T09:43:09.547+0545] {logging_mixin.py:190} INFO - [2025-09-14T09:43:09.547+0545] {dag.py:4180} INFO - Setting next_dagrun for example_external_task_marker_child to None, run_after=None
[2025-09-14T09:43:09.548+0545] {logging_mixin.py:190} INFO - [2025-09-14T09:43:09.548+0545] {dag.py:4180} INFO - Setting next_dagrun for example_external_task_marker_parent to None, run_after=None
[2025-09-14T09:43:09.563+0545] {processor.py:208} INFO - Processing /home/ashok/miniconda3/envs/mysecondenvironment/lib/python3.8/site-packages/airflow/example_dags/example_external_task_marker_dag.py took 0.044 seconds
[2025-09-14T09:44:05.604+0545] {processor.py:186} INFO - Started process (PID=34565) to work on /home/ashok/miniconda3/envs/mysecondenvironment/lib/python3.8/site-packages/airflow/example_dags/example_external_task_marker_dag.py
[2025-09-14T09:44:05.607+0545] {processor.py:914} INFO - Processing file /home/ashok/miniconda3/envs/mysecondenvironment/lib/python3.8/site-packages/airflow/example_dags/example_external_task_marker_dag.py for tasks to queue
[2025-09-14T09:44:05.607+0545] {logging_mixin.py:190} INFO - [2025-09-14T09:44:05.607+0545] {dagbag.py:588} INFO - Filling up the DagBag from /home/ashok/miniconda3/envs/mysecondenvironment/lib/python3.8/site-packages/airflow/example_dags/example_external_task_marker_dag.py
[2025-09-14T09:44:05.611+0545] {processor.py:925} INFO - DAG(s) 'example_external_task_marker_parent', 'example_external_task_marker_child' retrieved from /home/ashok/miniconda3/envs/mysecondenvironment/lib/python3.8/site-packages/airflow/example_dags/example_external_task_marker_dag.py
[2025-09-14T09:44:05.620+0545] {logging_mixin.py:190} INFO - [2025-09-14T09:44:05.620+0545] {dag.py:3239} INFO - Sync 2 DAGs
[2025-09-14T09:44:05.625+0545] {logging_mixin.py:190} INFO - [2025-09-14T09:44:05.625+0545] {dag.py:4180} INFO - Setting next_dagrun for example_external_task_marker_child to None, run_after=None
[2025-09-14T09:44:05.626+0545] {logging_mixin.py:190} INFO - [2025-09-14T09:44:05.626+0545] {dag.py:4180} INFO - Setting next_dagrun for example_external_task_marker_parent to None, run_after=None
[2025-09-14T09:44:05.642+0545] {processor.py:208} INFO - Processing /home/ashok/miniconda3/envs/mysecondenvironment/lib/python3.8/site-packages/airflow/example_dags/example_external_task_marker_dag.py took 0.041 seconds
[2025-09-14T09:45:04.881+0545] {processor.py:186} INFO - Started process (PID=34965) to work on /home/ashok/miniconda3/envs/mysecondenvironment/lib/python3.8/site-packages/airflow/example_dags/example_external_task_marker_dag.py
[2025-09-14T09:45:04.883+0545] {processor.py:914} INFO - Processing file /home/ashok/miniconda3/envs/mysecondenvironment/lib/python3.8/site-packages/airflow/example_dags/example_external_task_marker_dag.py for tasks to queue
[2025-09-14T09:45:04.884+0545] {logging_mixin.py:190} INFO - [2025-09-14T09:45:04.884+0545] {dagbag.py:588} INFO - Filling up the DagBag from /home/ashok/miniconda3/envs/mysecondenvironment/lib/python3.8/site-packages/airflow/example_dags/example_external_task_marker_dag.py
[2025-09-14T09:45:04.887+0545] {processor.py:925} INFO - DAG(s) 'example_external_task_marker_parent', 'example_external_task_marker_child' retrieved from /home/ashok/miniconda3/envs/mysecondenvironment/lib/python3.8/site-packages/airflow/example_dags/example_external_task_marker_dag.py
[2025-09-14T09:45:04.896+0545] {logging_mixin.py:190} INFO - [2025-09-14T09:45:04.896+0545] {dag.py:3239} INFO - Sync 2 DAGs
[2025-09-14T09:45:04.901+0545] {logging_mixin.py:190} INFO - [2025-09-14T09:45:04.901+0545] {dag.py:4180} INFO - Setting next_dagrun for example_external_task_marker_child to None, run_after=None
[2025-09-14T09:45:04.902+0545] {logging_mixin.py:190} INFO - [2025-09-14T09:45:04.902+0545] {dag.py:4180} INFO - Setting next_dagrun for example_external_task_marker_parent to None, run_after=None
[2025-09-14T09:45:04.919+0545] {processor.py:208} INFO - Processing /home/ashok/miniconda3/envs/mysecondenvironment/lib/python3.8/site-packages/airflow/example_dags/example_external_task_marker_dag.py took 0.041 seconds
[2025-09-14T09:45:56.588+0545] {processor.py:186} INFO - Started process (PID=35359) to work on /home/ashok/miniconda3/envs/mysecondenvironment/lib/python3.8/site-packages/airflow/example_dags/example_external_task_marker_dag.py
[2025-09-14T09:45:56.589+0545] {processor.py:914} INFO - Processing file /home/ashok/miniconda3/envs/mysecondenvironment/lib/python3.8/site-packages/airflow/example_dags/example_external_task_marker_dag.py for tasks to queue
[2025-09-14T09:45:56.590+0545] {logging_mixin.py:190} INFO - [2025-09-14T09:45:56.590+0545] {dagbag.py:588} INFO - Filling up the DagBag from /home/ashok/miniconda3/envs/mysecondenvironment/lib/python3.8/site-packages/airflow/example_dags/example_external_task_marker_dag.py
[2025-09-14T09:45:56.594+0545] {processor.py:925} INFO - DAG(s) 'example_external_task_marker_parent', 'example_external_task_marker_child' retrieved from /home/ashok/miniconda3/envs/mysecondenvironment/lib/python3.8/site-packages/airflow/example_dags/example_external_task_marker_dag.py
[2025-09-14T09:45:56.606+0545] {logging_mixin.py:190} INFO - [2025-09-14T09:45:56.606+0545] {dag.py:3239} INFO - Sync 2 DAGs
[2025-09-14T09:45:56.612+0545] {logging_mixin.py:190} INFO - [2025-09-14T09:45:56.612+0545] {dag.py:4180} INFO - Setting next_dagrun for example_external_task_marker_child to None, run_after=None
[2025-09-14T09:45:56.613+0545] {logging_mixin.py:190} INFO - [2025-09-14T09:45:56.613+0545] {dag.py:4180} INFO - Setting next_dagrun for example_external_task_marker_parent to None, run_after=None
[2025-09-14T09:45:56.630+0545] {processor.py:208} INFO - Processing /home/ashok/miniconda3/envs/mysecondenvironment/lib/python3.8/site-packages/airflow/example_dags/example_external_task_marker_dag.py took 0.048 seconds
[2025-09-14T09:46:49.833+0545] {processor.py:186} INFO - Started process (PID=35746) to work on /home/ashok/miniconda3/envs/mysecondenvironment/lib/python3.8/site-packages/airflow/example_dags/example_external_task_marker_dag.py
[2025-09-14T09:46:49.835+0545] {processor.py:914} INFO - Processing file /home/ashok/miniconda3/envs/mysecondenvironment/lib/python3.8/site-packages/airflow/example_dags/example_external_task_marker_dag.py for tasks to queue
[2025-09-14T09:46:49.835+0545] {logging_mixin.py:190} INFO - [2025-09-14T09:46:49.835+0545] {dagbag.py:588} INFO - Filling up the DagBag from /home/ashok/miniconda3/envs/mysecondenvironment/lib/python3.8/site-packages/airflow/example_dags/example_external_task_marker_dag.py
[2025-09-14T09:46:49.839+0545] {processor.py:925} INFO - DAG(s) 'example_external_task_marker_parent', 'example_external_task_marker_child' retrieved from /home/ashok/miniconda3/envs/mysecondenvironment/lib/python3.8/site-packages/airflow/example_dags/example_external_task_marker_dag.py
[2025-09-14T09:46:49.848+0545] {logging_mixin.py:190} INFO - [2025-09-14T09:46:49.848+0545] {dag.py:3239} INFO - Sync 2 DAGs
[2025-09-14T09:46:49.854+0545] {logging_mixin.py:190} INFO - [2025-09-14T09:46:49.854+0545] {dag.py:4180} INFO - Setting next_dagrun for example_external_task_marker_child to None, run_after=None
[2025-09-14T09:46:49.855+0545] {logging_mixin.py:190} INFO - [2025-09-14T09:46:49.855+0545] {dag.py:4180} INFO - Setting next_dagrun for example_external_task_marker_parent to None, run_after=None
[2025-09-14T09:46:49.869+0545] {processor.py:208} INFO - Processing /home/ashok/miniconda3/envs/mysecondenvironment/lib/python3.8/site-packages/airflow/example_dags/example_external_task_marker_dag.py took 0.039 seconds
[2025-09-14T09:47:43.078+0545] {processor.py:186} INFO - Started process (PID=36089) to work on /home/ashok/miniconda3/envs/mysecondenvironment/lib/python3.8/site-packages/airflow/example_dags/example_external_task_marker_dag.py
[2025-09-14T09:47:43.080+0545] {processor.py:914} INFO - Processing file /home/ashok/miniconda3/envs/mysecondenvironment/lib/python3.8/site-packages/airflow/example_dags/example_external_task_marker_dag.py for tasks to queue
[2025-09-14T09:47:43.080+0545] {logging_mixin.py:190} INFO - [2025-09-14T09:47:43.080+0545] {dagbag.py:588} INFO - Filling up the DagBag from /home/ashok/miniconda3/envs/mysecondenvironment/lib/python3.8/site-packages/airflow/example_dags/example_external_task_marker_dag.py
[2025-09-14T09:47:43.084+0545] {processor.py:925} INFO - DAG(s) 'example_external_task_marker_parent', 'example_external_task_marker_child' retrieved from /home/ashok/miniconda3/envs/mysecondenvironment/lib/python3.8/site-packages/airflow/example_dags/example_external_task_marker_dag.py
[2025-09-14T09:47:43.094+0545] {logging_mixin.py:190} INFO - [2025-09-14T09:47:43.094+0545] {dag.py:3239} INFO - Sync 2 DAGs
[2025-09-14T09:47:43.100+0545] {logging_mixin.py:190} INFO - [2025-09-14T09:47:43.100+0545] {dag.py:4180} INFO - Setting next_dagrun for example_external_task_marker_child to None, run_after=None
[2025-09-14T09:47:43.101+0545] {logging_mixin.py:190} INFO - [2025-09-14T09:47:43.101+0545] {dag.py:4180} INFO - Setting next_dagrun for example_external_task_marker_parent to None, run_after=None
[2025-09-14T09:47:43.117+0545] {processor.py:208} INFO - Processing /home/ashok/miniconda3/envs/mysecondenvironment/lib/python3.8/site-packages/airflow/example_dags/example_external_task_marker_dag.py took 0.045 seconds
[2025-09-14T09:48:37.888+0545] {processor.py:186} INFO - Started process (PID=36491) to work on /home/ashok/miniconda3/envs/mysecondenvironment/lib/python3.8/site-packages/airflow/example_dags/example_external_task_marker_dag.py
[2025-09-14T09:48:37.890+0545] {processor.py:914} INFO - Processing file /home/ashok/miniconda3/envs/mysecondenvironment/lib/python3.8/site-packages/airflow/example_dags/example_external_task_marker_dag.py for tasks to queue
[2025-09-14T09:48:37.891+0545] {logging_mixin.py:190} INFO - [2025-09-14T09:48:37.890+0545] {dagbag.py:588} INFO - Filling up the DagBag from /home/ashok/miniconda3/envs/mysecondenvironment/lib/python3.8/site-packages/airflow/example_dags/example_external_task_marker_dag.py
[2025-09-14T09:48:37.894+0545] {processor.py:925} INFO - DAG(s) 'example_external_task_marker_parent', 'example_external_task_marker_child' retrieved from /home/ashok/miniconda3/envs/mysecondenvironment/lib/python3.8/site-packages/airflow/example_dags/example_external_task_marker_dag.py
[2025-09-14T09:48:37.907+0545] {logging_mixin.py:190} INFO - [2025-09-14T09:48:37.907+0545] {dag.py:3239} INFO - Sync 2 DAGs
[2025-09-14T09:48:37.913+0545] {logging_mixin.py:190} INFO - [2025-09-14T09:48:37.913+0545] {dag.py:4180} INFO - Setting next_dagrun for example_external_task_marker_child to None, run_after=None
[2025-09-14T09:48:37.914+0545] {logging_mixin.py:190} INFO - [2025-09-14T09:48:37.914+0545] {dag.py:4180} INFO - Setting next_dagrun for example_external_task_marker_parent to None, run_after=None
[2025-09-14T09:48:37.930+0545] {processor.py:208} INFO - Processing /home/ashok/miniconda3/envs/mysecondenvironment/lib/python3.8/site-packages/airflow/example_dags/example_external_task_marker_dag.py took 0.046 seconds
[2025-09-14T09:49:32.442+0545] {processor.py:186} INFO - Started process (PID=36856) to work on /home/ashok/miniconda3/envs/mysecondenvironment/lib/python3.8/site-packages/airflow/example_dags/example_external_task_marker_dag.py
[2025-09-14T09:49:32.444+0545] {processor.py:914} INFO - Processing file /home/ashok/miniconda3/envs/mysecondenvironment/lib/python3.8/site-packages/airflow/example_dags/example_external_task_marker_dag.py for tasks to queue
[2025-09-14T09:49:32.445+0545] {logging_mixin.py:190} INFO - [2025-09-14T09:49:32.445+0545] {dagbag.py:588} INFO - Filling up the DagBag from /home/ashok/miniconda3/envs/mysecondenvironment/lib/python3.8/site-packages/airflow/example_dags/example_external_task_marker_dag.py
[2025-09-14T09:49:32.449+0545] {processor.py:925} INFO - DAG(s) 'example_external_task_marker_parent', 'example_external_task_marker_child' retrieved from /home/ashok/miniconda3/envs/mysecondenvironment/lib/python3.8/site-packages/airflow/example_dags/example_external_task_marker_dag.py
[2025-09-14T09:49:32.458+0545] {logging_mixin.py:190} INFO - [2025-09-14T09:49:32.458+0545] {dag.py:3239} INFO - Sync 2 DAGs
[2025-09-14T09:49:32.464+0545] {logging_mixin.py:190} INFO - [2025-09-14T09:49:32.464+0545] {dag.py:4180} INFO - Setting next_dagrun for example_external_task_marker_child to None, run_after=None
[2025-09-14T09:49:32.465+0545] {logging_mixin.py:190} INFO - [2025-09-14T09:49:32.465+0545] {dag.py:4180} INFO - Setting next_dagrun for example_external_task_marker_parent to None, run_after=None
[2025-09-14T09:49:32.481+0545] {processor.py:208} INFO - Processing /home/ashok/miniconda3/envs/mysecondenvironment/lib/python3.8/site-packages/airflow/example_dags/example_external_task_marker_dag.py took 0.042 seconds
[2025-09-14T09:50:27.555+0545] {processor.py:186} INFO - Started process (PID=37263) to work on /home/ashok/miniconda3/envs/mysecondenvironment/lib/python3.8/site-packages/airflow/example_dags/example_external_task_marker_dag.py
[2025-09-14T09:50:27.557+0545] {processor.py:914} INFO - Processing file /home/ashok/miniconda3/envs/mysecondenvironment/lib/python3.8/site-packages/airflow/example_dags/example_external_task_marker_dag.py for tasks to queue
[2025-09-14T09:50:27.558+0545] {logging_mixin.py:190} INFO - [2025-09-14T09:50:27.558+0545] {dagbag.py:588} INFO - Filling up the DagBag from /home/ashok/miniconda3/envs/mysecondenvironment/lib/python3.8/site-packages/airflow/example_dags/example_external_task_marker_dag.py
[2025-09-14T09:50:27.561+0545] {processor.py:925} INFO - DAG(s) 'example_external_task_marker_child', 'example_external_task_marker_parent' retrieved from /home/ashok/miniconda3/envs/mysecondenvironment/lib/python3.8/site-packages/airflow/example_dags/example_external_task_marker_dag.py
[2025-09-14T09:50:27.570+0545] {logging_mixin.py:190} INFO - [2025-09-14T09:50:27.570+0545] {dag.py:3239} INFO - Sync 2 DAGs
[2025-09-14T09:50:27.576+0545] {logging_mixin.py:190} INFO - [2025-09-14T09:50:27.576+0545] {dag.py:4180} INFO - Setting next_dagrun for example_external_task_marker_child to None, run_after=None
[2025-09-14T09:50:27.577+0545] {logging_mixin.py:190} INFO - [2025-09-14T09:50:27.577+0545] {dag.py:4180} INFO - Setting next_dagrun for example_external_task_marker_parent to None, run_after=None
[2025-09-14T09:50:27.595+0545] {processor.py:208} INFO - Processing /home/ashok/miniconda3/envs/mysecondenvironment/lib/python3.8/site-packages/airflow/example_dags/example_external_task_marker_dag.py took 0.043 seconds
[2025-09-14T09:51:23.247+0545] {processor.py:186} INFO - Started process (PID=37707) to work on /home/ashok/miniconda3/envs/mysecondenvironment/lib/python3.8/site-packages/airflow/example_dags/example_external_task_marker_dag.py
[2025-09-14T09:51:23.248+0545] {processor.py:914} INFO - Processing file /home/ashok/miniconda3/envs/mysecondenvironment/lib/python3.8/site-packages/airflow/example_dags/example_external_task_marker_dag.py for tasks to queue
[2025-09-14T09:51:23.249+0545] {logging_mixin.py:190} INFO - [2025-09-14T09:51:23.248+0545] {dagbag.py:588} INFO - Filling up the DagBag from /home/ashok/miniconda3/envs/mysecondenvironment/lib/python3.8/site-packages/airflow/example_dags/example_external_task_marker_dag.py
[2025-09-14T09:51:23.253+0545] {processor.py:925} INFO - DAG(s) 'example_external_task_marker_child', 'example_external_task_marker_parent' retrieved from /home/ashok/miniconda3/envs/mysecondenvironment/lib/python3.8/site-packages/airflow/example_dags/example_external_task_marker_dag.py
[2025-09-14T09:51:23.262+0545] {logging_mixin.py:190} INFO - [2025-09-14T09:51:23.262+0545] {dag.py:3239} INFO - Sync 2 DAGs
[2025-09-14T09:51:23.267+0545] {logging_mixin.py:190} INFO - [2025-09-14T09:51:23.267+0545] {dag.py:4180} INFO - Setting next_dagrun for example_external_task_marker_child to None, run_after=None
[2025-09-14T09:51:23.268+0545] {logging_mixin.py:190} INFO - [2025-09-14T09:51:23.268+0545] {dag.py:4180} INFO - Setting next_dagrun for example_external_task_marker_parent to None, run_after=None
[2025-09-14T09:51:23.281+0545] {processor.py:208} INFO - Processing /home/ashok/miniconda3/envs/mysecondenvironment/lib/python3.8/site-packages/airflow/example_dags/example_external_task_marker_dag.py took 0.037 seconds
[2025-09-14T09:52:19.977+0545] {processor.py:186} INFO - Started process (PID=38189) to work on /home/ashok/miniconda3/envs/mysecondenvironment/lib/python3.8/site-packages/airflow/example_dags/example_external_task_marker_dag.py
[2025-09-14T09:52:19.979+0545] {processor.py:914} INFO - Processing file /home/ashok/miniconda3/envs/mysecondenvironment/lib/python3.8/site-packages/airflow/example_dags/example_external_task_marker_dag.py for tasks to queue
[2025-09-14T09:52:19.979+0545] {logging_mixin.py:190} INFO - [2025-09-14T09:52:19.979+0545] {dagbag.py:588} INFO - Filling up the DagBag from /home/ashok/miniconda3/envs/mysecondenvironment/lib/python3.8/site-packages/airflow/example_dags/example_external_task_marker_dag.py
[2025-09-14T09:52:19.983+0545] {processor.py:925} INFO - DAG(s) 'example_external_task_marker_child', 'example_external_task_marker_parent' retrieved from /home/ashok/miniconda3/envs/mysecondenvironment/lib/python3.8/site-packages/airflow/example_dags/example_external_task_marker_dag.py
[2025-09-14T09:52:19.991+0545] {logging_mixin.py:190} INFO - [2025-09-14T09:52:19.991+0545] {dag.py:3239} INFO - Sync 2 DAGs
[2025-09-14T09:52:19.997+0545] {logging_mixin.py:190} INFO - [2025-09-14T09:52:19.997+0545] {dag.py:4180} INFO - Setting next_dagrun for example_external_task_marker_child to None, run_after=None
[2025-09-14T09:52:19.998+0545] {logging_mixin.py:190} INFO - [2025-09-14T09:52:19.998+0545] {dag.py:4180} INFO - Setting next_dagrun for example_external_task_marker_parent to None, run_after=None
[2025-09-14T09:52:20.013+0545] {processor.py:208} INFO - Processing /home/ashok/miniconda3/envs/mysecondenvironment/lib/python3.8/site-packages/airflow/example_dags/example_external_task_marker_dag.py took 0.039 seconds
[2025-09-14T09:53:17.281+0545] {processor.py:186} INFO - Started process (PID=38639) to work on /home/ashok/miniconda3/envs/mysecondenvironment/lib/python3.8/site-packages/airflow/example_dags/example_external_task_marker_dag.py
[2025-09-14T09:53:17.283+0545] {processor.py:914} INFO - Processing file /home/ashok/miniconda3/envs/mysecondenvironment/lib/python3.8/site-packages/airflow/example_dags/example_external_task_marker_dag.py for tasks to queue
[2025-09-14T09:53:17.284+0545] {logging_mixin.py:190} INFO - [2025-09-14T09:53:17.283+0545] {dagbag.py:588} INFO - Filling up the DagBag from /home/ashok/miniconda3/envs/mysecondenvironment/lib/python3.8/site-packages/airflow/example_dags/example_external_task_marker_dag.py
[2025-09-14T09:53:17.288+0545] {processor.py:925} INFO - DAG(s) 'example_external_task_marker_parent', 'example_external_task_marker_child' retrieved from /home/ashok/miniconda3/envs/mysecondenvironment/lib/python3.8/site-packages/airflow/example_dags/example_external_task_marker_dag.py
[2025-09-14T09:53:17.297+0545] {logging_mixin.py:190} INFO - [2025-09-14T09:53:17.297+0545] {dag.py:3239} INFO - Sync 2 DAGs
[2025-09-14T09:53:17.303+0545] {logging_mixin.py:190} INFO - [2025-09-14T09:53:17.303+0545] {dag.py:4180} INFO - Setting next_dagrun for example_external_task_marker_child to None, run_after=None
[2025-09-14T09:53:17.304+0545] {logging_mixin.py:190} INFO - [2025-09-14T09:53:17.304+0545] {dag.py:4180} INFO - Setting next_dagrun for example_external_task_marker_parent to None, run_after=None
[2025-09-14T09:53:17.319+0545] {processor.py:208} INFO - Processing /home/ashok/miniconda3/envs/mysecondenvironment/lib/python3.8/site-packages/airflow/example_dags/example_external_task_marker_dag.py took 0.043 seconds
[2025-09-14T09:54:14.810+0545] {processor.py:186} INFO - Started process (PID=39334) to work on /home/ashok/miniconda3/envs/mysecondenvironment/lib/python3.8/site-packages/airflow/example_dags/example_external_task_marker_dag.py
[2025-09-14T09:54:14.812+0545] {processor.py:914} INFO - Processing file /home/ashok/miniconda3/envs/mysecondenvironment/lib/python3.8/site-packages/airflow/example_dags/example_external_task_marker_dag.py for tasks to queue
[2025-09-14T09:54:14.813+0545] {logging_mixin.py:190} INFO - [2025-09-14T09:54:14.813+0545] {dagbag.py:588} INFO - Filling up the DagBag from /home/ashok/miniconda3/envs/mysecondenvironment/lib/python3.8/site-packages/airflow/example_dags/example_external_task_marker_dag.py
[2025-09-14T09:54:14.816+0545] {processor.py:925} INFO - DAG(s) 'example_external_task_marker_child', 'example_external_task_marker_parent' retrieved from /home/ashok/miniconda3/envs/mysecondenvironment/lib/python3.8/site-packages/airflow/example_dags/example_external_task_marker_dag.py
[2025-09-14T09:54:14.825+0545] {logging_mixin.py:190} INFO - [2025-09-14T09:54:14.825+0545] {dag.py:3239} INFO - Sync 2 DAGs
[2025-09-14T09:54:14.831+0545] {logging_mixin.py:190} INFO - [2025-09-14T09:54:14.831+0545] {dag.py:4180} INFO - Setting next_dagrun for example_external_task_marker_child to None, run_after=None
[2025-09-14T09:54:14.832+0545] {logging_mixin.py:190} INFO - [2025-09-14T09:54:14.832+0545] {dag.py:4180} INFO - Setting next_dagrun for example_external_task_marker_parent to None, run_after=None
[2025-09-14T09:54:14.849+0545] {processor.py:208} INFO - Processing /home/ashok/miniconda3/envs/mysecondenvironment/lib/python3.8/site-packages/airflow/example_dags/example_external_task_marker_dag.py took 0.042 seconds
[2025-09-14T09:55:10.415+0545] {processor.py:186} INFO - Started process (PID=39775) to work on /home/ashok/miniconda3/envs/mysecondenvironment/lib/python3.8/site-packages/airflow/example_dags/example_external_task_marker_dag.py
[2025-09-14T09:55:10.417+0545] {processor.py:914} INFO - Processing file /home/ashok/miniconda3/envs/mysecondenvironment/lib/python3.8/site-packages/airflow/example_dags/example_external_task_marker_dag.py for tasks to queue
[2025-09-14T09:55:10.419+0545] {logging_mixin.py:190} INFO - [2025-09-14T09:55:10.418+0545] {dagbag.py:588} INFO - Filling up the DagBag from /home/ashok/miniconda3/envs/mysecondenvironment/lib/python3.8/site-packages/airflow/example_dags/example_external_task_marker_dag.py
[2025-09-14T09:55:10.423+0545] {processor.py:925} INFO - DAG(s) 'example_external_task_marker_parent', 'example_external_task_marker_child' retrieved from /home/ashok/miniconda3/envs/mysecondenvironment/lib/python3.8/site-packages/airflow/example_dags/example_external_task_marker_dag.py
[2025-09-14T09:55:10.436+0545] {logging_mixin.py:190} INFO - [2025-09-14T09:55:10.436+0545] {dag.py:3239} INFO - Sync 2 DAGs
[2025-09-14T09:55:10.443+0545] {logging_mixin.py:190} INFO - [2025-09-14T09:55:10.443+0545] {dag.py:4180} INFO - Setting next_dagrun for example_external_task_marker_child to None, run_after=None
[2025-09-14T09:55:10.445+0545] {logging_mixin.py:190} INFO - [2025-09-14T09:55:10.445+0545] {dag.py:4180} INFO - Setting next_dagrun for example_external_task_marker_parent to None, run_after=None
[2025-09-14T09:55:10.460+0545] {processor.py:208} INFO - Processing /home/ashok/miniconda3/envs/mysecondenvironment/lib/python3.8/site-packages/airflow/example_dags/example_external_task_marker_dag.py took 0.050 seconds
[2025-09-14T09:56:02.656+0545] {processor.py:186} INFO - Started process (PID=40208) to work on /home/ashok/miniconda3/envs/mysecondenvironment/lib/python3.8/site-packages/airflow/example_dags/example_external_task_marker_dag.py
[2025-09-14T09:56:02.657+0545] {processor.py:914} INFO - Processing file /home/ashok/miniconda3/envs/mysecondenvironment/lib/python3.8/site-packages/airflow/example_dags/example_external_task_marker_dag.py for tasks to queue
[2025-09-14T09:56:02.659+0545] {logging_mixin.py:190} INFO - [2025-09-14T09:56:02.658+0545] {dagbag.py:588} INFO - Filling up the DagBag from /home/ashok/miniconda3/envs/mysecondenvironment/lib/python3.8/site-packages/airflow/example_dags/example_external_task_marker_dag.py
[2025-09-14T09:56:02.661+0545] {processor.py:925} INFO - DAG(s) 'example_external_task_marker_child', 'example_external_task_marker_parent' retrieved from /home/ashok/miniconda3/envs/mysecondenvironment/lib/python3.8/site-packages/airflow/example_dags/example_external_task_marker_dag.py
[2025-09-14T09:56:02.670+0545] {logging_mixin.py:190} INFO - [2025-09-14T09:56:02.670+0545] {dag.py:3239} INFO - Sync 2 DAGs
[2025-09-14T09:56:02.675+0545] {logging_mixin.py:190} INFO - [2025-09-14T09:56:02.675+0545] {dag.py:4180} INFO - Setting next_dagrun for example_external_task_marker_child to None, run_after=None
[2025-09-14T09:56:02.676+0545] {logging_mixin.py:190} INFO - [2025-09-14T09:56:02.676+0545] {dag.py:4180} INFO - Setting next_dagrun for example_external_task_marker_parent to None, run_after=None
[2025-09-14T09:56:02.694+0545] {processor.py:208} INFO - Processing /home/ashok/miniconda3/envs/mysecondenvironment/lib/python3.8/site-packages/airflow/example_dags/example_external_task_marker_dag.py took 0.042 seconds
[2025-09-14T09:56:58.641+0545] {processor.py:186} INFO - Started process (PID=40679) to work on /home/ashok/miniconda3/envs/mysecondenvironment/lib/python3.8/site-packages/airflow/example_dags/example_external_task_marker_dag.py
[2025-09-14T09:56:58.642+0545] {processor.py:914} INFO - Processing file /home/ashok/miniconda3/envs/mysecondenvironment/lib/python3.8/site-packages/airflow/example_dags/example_external_task_marker_dag.py for tasks to queue
[2025-09-14T09:56:58.644+0545] {logging_mixin.py:190} INFO - [2025-09-14T09:56:58.644+0545] {dagbag.py:588} INFO - Filling up the DagBag from /home/ashok/miniconda3/envs/mysecondenvironment/lib/python3.8/site-packages/airflow/example_dags/example_external_task_marker_dag.py
[2025-09-14T09:56:58.648+0545] {processor.py:925} INFO - DAG(s) 'example_external_task_marker_parent', 'example_external_task_marker_child' retrieved from /home/ashok/miniconda3/envs/mysecondenvironment/lib/python3.8/site-packages/airflow/example_dags/example_external_task_marker_dag.py
[2025-09-14T09:56:58.660+0545] {logging_mixin.py:190} INFO - [2025-09-14T09:56:58.660+0545] {dag.py:3239} INFO - Sync 2 DAGs
[2025-09-14T09:56:58.666+0545] {logging_mixin.py:190} INFO - [2025-09-14T09:56:58.665+0545] {dag.py:4180} INFO - Setting next_dagrun for example_external_task_marker_child to None, run_after=None
[2025-09-14T09:56:58.667+0545] {logging_mixin.py:190} INFO - [2025-09-14T09:56:58.667+0545] {dag.py:4180} INFO - Setting next_dagrun for example_external_task_marker_parent to None, run_after=None
[2025-09-14T09:56:58.680+0545] {processor.py:208} INFO - Processing /home/ashok/miniconda3/envs/mysecondenvironment/lib/python3.8/site-packages/airflow/example_dags/example_external_task_marker_dag.py took 0.043 seconds
[2025-09-14T09:57:53.206+0545] {processor.py:186} INFO - Started process (PID=41301) to work on /home/ashok/miniconda3/envs/mysecondenvironment/lib/python3.8/site-packages/airflow/example_dags/example_external_task_marker_dag.py
[2025-09-14T09:57:53.207+0545] {processor.py:914} INFO - Processing file /home/ashok/miniconda3/envs/mysecondenvironment/lib/python3.8/site-packages/airflow/example_dags/example_external_task_marker_dag.py for tasks to queue
[2025-09-14T09:57:53.208+0545] {logging_mixin.py:190} INFO - [2025-09-14T09:57:53.208+0545] {dagbag.py:588} INFO - Filling up the DagBag from /home/ashok/miniconda3/envs/mysecondenvironment/lib/python3.8/site-packages/airflow/example_dags/example_external_task_marker_dag.py
[2025-09-14T09:57:53.212+0545] {processor.py:925} INFO - DAG(s) 'example_external_task_marker_child', 'example_external_task_marker_parent' retrieved from /home/ashok/miniconda3/envs/mysecondenvironment/lib/python3.8/site-packages/airflow/example_dags/example_external_task_marker_dag.py
[2025-09-14T09:57:53.223+0545] {logging_mixin.py:190} INFO - [2025-09-14T09:57:53.222+0545] {dag.py:3239} INFO - Sync 2 DAGs
[2025-09-14T09:57:53.228+0545] {logging_mixin.py:190} INFO - [2025-09-14T09:57:53.228+0545] {dag.py:4180} INFO - Setting next_dagrun for example_external_task_marker_child to None, run_after=None
[2025-09-14T09:57:53.229+0545] {logging_mixin.py:190} INFO - [2025-09-14T09:57:53.229+0545] {dag.py:4180} INFO - Setting next_dagrun for example_external_task_marker_parent to None, run_after=None
[2025-09-14T09:57:53.244+0545] {processor.py:208} INFO - Processing /home/ashok/miniconda3/envs/mysecondenvironment/lib/python3.8/site-packages/airflow/example_dags/example_external_task_marker_dag.py took 0.042 seconds
[2025-09-14T09:58:46.437+0545] {processor.py:186} INFO - Started process (PID=41689) to work on /home/ashok/miniconda3/envs/mysecondenvironment/lib/python3.8/site-packages/airflow/example_dags/example_external_task_marker_dag.py
[2025-09-14T09:58:46.438+0545] {processor.py:914} INFO - Processing file /home/ashok/miniconda3/envs/mysecondenvironment/lib/python3.8/site-packages/airflow/example_dags/example_external_task_marker_dag.py for tasks to queue
[2025-09-14T09:58:46.439+0545] {logging_mixin.py:190} INFO - [2025-09-14T09:58:46.439+0545] {dagbag.py:588} INFO - Filling up the DagBag from /home/ashok/miniconda3/envs/mysecondenvironment/lib/python3.8/site-packages/airflow/example_dags/example_external_task_marker_dag.py
[2025-09-14T09:58:46.442+0545] {processor.py:925} INFO - DAG(s) 'example_external_task_marker_child', 'example_external_task_marker_parent' retrieved from /home/ashok/miniconda3/envs/mysecondenvironment/lib/python3.8/site-packages/airflow/example_dags/example_external_task_marker_dag.py
[2025-09-14T09:58:46.453+0545] {logging_mixin.py:190} INFO - [2025-09-14T09:58:46.453+0545] {dag.py:3239} INFO - Sync 2 DAGs
[2025-09-14T09:58:46.458+0545] {logging_mixin.py:190} INFO - [2025-09-14T09:58:46.458+0545] {dag.py:4180} INFO - Setting next_dagrun for example_external_task_marker_child to None, run_after=None
[2025-09-14T09:58:46.459+0545] {logging_mixin.py:190} INFO - [2025-09-14T09:58:46.459+0545] {dag.py:4180} INFO - Setting next_dagrun for example_external_task_marker_parent to None, run_after=None
[2025-09-14T09:58:46.475+0545] {processor.py:208} INFO - Processing /home/ashok/miniconda3/envs/mysecondenvironment/lib/python3.8/site-packages/airflow/example_dags/example_external_task_marker_dag.py took 0.042 seconds
[2025-09-14T09:59:42.150+0545] {processor.py:186} INFO - Started process (PID=42158) to work on /home/ashok/miniconda3/envs/mysecondenvironment/lib/python3.8/site-packages/airflow/example_dags/example_external_task_marker_dag.py
[2025-09-14T09:59:42.152+0545] {processor.py:914} INFO - Processing file /home/ashok/miniconda3/envs/mysecondenvironment/lib/python3.8/site-packages/airflow/example_dags/example_external_task_marker_dag.py for tasks to queue
[2025-09-14T09:59:42.153+0545] {logging_mixin.py:190} INFO - [2025-09-14T09:59:42.152+0545] {dagbag.py:588} INFO - Filling up the DagBag from /home/ashok/miniconda3/envs/mysecondenvironment/lib/python3.8/site-packages/airflow/example_dags/example_external_task_marker_dag.py
[2025-09-14T09:59:42.157+0545] {processor.py:925} INFO - DAG(s) 'example_external_task_marker_child', 'example_external_task_marker_parent' retrieved from /home/ashok/miniconda3/envs/mysecondenvironment/lib/python3.8/site-packages/airflow/example_dags/example_external_task_marker_dag.py
[2025-09-14T09:59:42.167+0545] {logging_mixin.py:190} INFO - [2025-09-14T09:59:42.166+0545] {dag.py:3239} INFO - Sync 2 DAGs
[2025-09-14T09:59:42.174+0545] {logging_mixin.py:190} INFO - [2025-09-14T09:59:42.174+0545] {dag.py:4180} INFO - Setting next_dagrun for example_external_task_marker_child to None, run_after=None
[2025-09-14T09:59:42.176+0545] {logging_mixin.py:190} INFO - [2025-09-14T09:59:42.175+0545] {dag.py:4180} INFO - Setting next_dagrun for example_external_task_marker_parent to None, run_after=None
[2025-09-14T09:59:42.190+0545] {processor.py:208} INFO - Processing /home/ashok/miniconda3/envs/mysecondenvironment/lib/python3.8/site-packages/airflow/example_dags/example_external_task_marker_dag.py took 0.044 seconds
[2025-09-14T10:00:35.756+0545] {processor.py:186} INFO - Started process (PID=42639) to work on /home/ashok/miniconda3/envs/mysecondenvironment/lib/python3.8/site-packages/airflow/example_dags/example_external_task_marker_dag.py
[2025-09-14T10:00:35.757+0545] {processor.py:914} INFO - Processing file /home/ashok/miniconda3/envs/mysecondenvironment/lib/python3.8/site-packages/airflow/example_dags/example_external_task_marker_dag.py for tasks to queue
[2025-09-14T10:00:35.758+0545] {logging_mixin.py:190} INFO - [2025-09-14T10:00:35.758+0545] {dagbag.py:588} INFO - Filling up the DagBag from /home/ashok/miniconda3/envs/mysecondenvironment/lib/python3.8/site-packages/airflow/example_dags/example_external_task_marker_dag.py
[2025-09-14T10:00:35.762+0545] {processor.py:925} INFO - DAG(s) 'example_external_task_marker_parent', 'example_external_task_marker_child' retrieved from /home/ashok/miniconda3/envs/mysecondenvironment/lib/python3.8/site-packages/airflow/example_dags/example_external_task_marker_dag.py
[2025-09-14T10:00:35.771+0545] {logging_mixin.py:190} INFO - [2025-09-14T10:00:35.771+0545] {dag.py:3239} INFO - Sync 2 DAGs
[2025-09-14T10:00:35.777+0545] {logging_mixin.py:190} INFO - [2025-09-14T10:00:35.777+0545] {dag.py:4180} INFO - Setting next_dagrun for example_external_task_marker_child to None, run_after=None
[2025-09-14T10:00:35.778+0545] {logging_mixin.py:190} INFO - [2025-09-14T10:00:35.778+0545] {dag.py:4180} INFO - Setting next_dagrun for example_external_task_marker_parent to None, run_after=None
[2025-09-14T10:00:35.792+0545] {processor.py:208} INFO - Processing /home/ashok/miniconda3/envs/mysecondenvironment/lib/python3.8/site-packages/airflow/example_dags/example_external_task_marker_dag.py took 0.040 seconds
[2025-09-14T10:01:29.515+0545] {processor.py:186} INFO - Started process (PID=43235) to work on /home/ashok/miniconda3/envs/mysecondenvironment/lib/python3.8/site-packages/airflow/example_dags/example_external_task_marker_dag.py
[2025-09-14T10:01:29.516+0545] {processor.py:914} INFO - Processing file /home/ashok/miniconda3/envs/mysecondenvironment/lib/python3.8/site-packages/airflow/example_dags/example_external_task_marker_dag.py for tasks to queue
[2025-09-14T10:01:29.517+0545] {logging_mixin.py:190} INFO - [2025-09-14T10:01:29.517+0545] {dagbag.py:588} INFO - Filling up the DagBag from /home/ashok/miniconda3/envs/mysecondenvironment/lib/python3.8/site-packages/airflow/example_dags/example_external_task_marker_dag.py
[2025-09-14T10:01:29.521+0545] {processor.py:925} INFO - DAG(s) 'example_external_task_marker_parent', 'example_external_task_marker_child' retrieved from /home/ashok/miniconda3/envs/mysecondenvironment/lib/python3.8/site-packages/airflow/example_dags/example_external_task_marker_dag.py
[2025-09-14T10:01:29.530+0545] {logging_mixin.py:190} INFO - [2025-09-14T10:01:29.530+0545] {dag.py:3239} INFO - Sync 2 DAGs
[2025-09-14T10:01:29.536+0545] {logging_mixin.py:190} INFO - [2025-09-14T10:01:29.536+0545] {dag.py:4180} INFO - Setting next_dagrun for example_external_task_marker_child to None, run_after=None
[2025-09-14T10:01:29.537+0545] {logging_mixin.py:190} INFO - [2025-09-14T10:01:29.537+0545] {dag.py:4180} INFO - Setting next_dagrun for example_external_task_marker_parent to None, run_after=None
[2025-09-14T10:01:29.551+0545] {processor.py:208} INFO - Processing /home/ashok/miniconda3/envs/mysecondenvironment/lib/python3.8/site-packages/airflow/example_dags/example_external_task_marker_dag.py took 0.039 seconds
[2025-09-14T10:02:25.429+0545] {processor.py:186} INFO - Started process (PID=43615) to work on /home/ashok/miniconda3/envs/mysecondenvironment/lib/python3.8/site-packages/airflow/example_dags/example_external_task_marker_dag.py
[2025-09-14T10:02:25.431+0545] {processor.py:914} INFO - Processing file /home/ashok/miniconda3/envs/mysecondenvironment/lib/python3.8/site-packages/airflow/example_dags/example_external_task_marker_dag.py for tasks to queue
[2025-09-14T10:02:25.431+0545] {logging_mixin.py:190} INFO - [2025-09-14T10:02:25.431+0545] {dagbag.py:588} INFO - Filling up the DagBag from /home/ashok/miniconda3/envs/mysecondenvironment/lib/python3.8/site-packages/airflow/example_dags/example_external_task_marker_dag.py
[2025-09-14T10:02:25.435+0545] {processor.py:925} INFO - DAG(s) 'example_external_task_marker_parent', 'example_external_task_marker_child' retrieved from /home/ashok/miniconda3/envs/mysecondenvironment/lib/python3.8/site-packages/airflow/example_dags/example_external_task_marker_dag.py
[2025-09-14T10:02:25.444+0545] {logging_mixin.py:190} INFO - [2025-09-14T10:02:25.444+0545] {dag.py:3239} INFO - Sync 2 DAGs
[2025-09-14T10:02:25.449+0545] {logging_mixin.py:190} INFO - [2025-09-14T10:02:25.449+0545] {dag.py:4180} INFO - Setting next_dagrun for example_external_task_marker_child to None, run_after=None
[2025-09-14T10:02:25.450+0545] {logging_mixin.py:190} INFO - [2025-09-14T10:02:25.450+0545] {dag.py:4180} INFO - Setting next_dagrun for example_external_task_marker_parent to None, run_after=None
[2025-09-14T10:02:25.468+0545] {processor.py:208} INFO - Processing /home/ashok/miniconda3/envs/mysecondenvironment/lib/python3.8/site-packages/airflow/example_dags/example_external_task_marker_dag.py took 0.042 seconds
[2025-09-14T10:03:20.389+0545] {processor.py:186} INFO - Started process (PID=43978) to work on /home/ashok/miniconda3/envs/mysecondenvironment/lib/python3.8/site-packages/airflow/example_dags/example_external_task_marker_dag.py
[2025-09-14T10:03:20.391+0545] {processor.py:914} INFO - Processing file /home/ashok/miniconda3/envs/mysecondenvironment/lib/python3.8/site-packages/airflow/example_dags/example_external_task_marker_dag.py for tasks to queue
[2025-09-14T10:03:20.392+0545] {logging_mixin.py:190} INFO - [2025-09-14T10:03:20.392+0545] {dagbag.py:588} INFO - Filling up the DagBag from /home/ashok/miniconda3/envs/mysecondenvironment/lib/python3.8/site-packages/airflow/example_dags/example_external_task_marker_dag.py
[2025-09-14T10:03:20.395+0545] {processor.py:925} INFO - DAG(s) 'example_external_task_marker_parent', 'example_external_task_marker_child' retrieved from /home/ashok/miniconda3/envs/mysecondenvironment/lib/python3.8/site-packages/airflow/example_dags/example_external_task_marker_dag.py
[2025-09-14T10:03:20.404+0545] {logging_mixin.py:190} INFO - [2025-09-14T10:03:20.404+0545] {dag.py:3239} INFO - Sync 2 DAGs
[2025-09-14T10:03:20.409+0545] {logging_mixin.py:190} INFO - [2025-09-14T10:03:20.409+0545] {dag.py:4180} INFO - Setting next_dagrun for example_external_task_marker_child to None, run_after=None
[2025-09-14T10:03:20.410+0545] {logging_mixin.py:190} INFO - [2025-09-14T10:03:20.410+0545] {dag.py:4180} INFO - Setting next_dagrun for example_external_task_marker_parent to None, run_after=None
[2025-09-14T10:03:20.428+0545] {processor.py:208} INFO - Processing /home/ashok/miniconda3/envs/mysecondenvironment/lib/python3.8/site-packages/airflow/example_dags/example_external_task_marker_dag.py took 0.042 seconds
[2025-09-14T16:51:52.071+0545] {processor.py:186} INFO - Started process (PID=10303) to work on /home/ashok/miniconda3/envs/mysecondenvironment/lib/python3.8/site-packages/airflow/example_dags/example_external_task_marker_dag.py
[2025-09-14T16:51:52.074+0545] {processor.py:914} INFO - Processing file /home/ashok/miniconda3/envs/mysecondenvironment/lib/python3.8/site-packages/airflow/example_dags/example_external_task_marker_dag.py for tasks to queue
[2025-09-14T16:51:52.076+0545] {logging_mixin.py:190} INFO - [2025-09-14T16:51:52.076+0545] {dagbag.py:588} INFO - Filling up the DagBag from /home/ashok/miniconda3/envs/mysecondenvironment/lib/python3.8/site-packages/airflow/example_dags/example_external_task_marker_dag.py
[2025-09-14T16:51:52.080+0545] {processor.py:925} INFO - DAG(s) 'example_external_task_marker_parent', 'example_external_task_marker_child' retrieved from /home/ashok/miniconda3/envs/mysecondenvironment/lib/python3.8/site-packages/airflow/example_dags/example_external_task_marker_dag.py
[2025-09-14T16:51:52.089+0545] {logging_mixin.py:190} INFO - [2025-09-14T16:51:52.089+0545] {dag.py:3239} INFO - Sync 2 DAGs
[2025-09-14T16:51:52.095+0545] {logging_mixin.py:190} INFO - [2025-09-14T16:51:52.095+0545] {dag.py:4180} INFO - Setting next_dagrun for example_external_task_marker_child to None, run_after=None
[2025-09-14T16:51:52.096+0545] {logging_mixin.py:190} INFO - [2025-09-14T16:51:52.096+0545] {dag.py:4180} INFO - Setting next_dagrun for example_external_task_marker_parent to None, run_after=None
[2025-09-14T16:51:52.114+0545] {processor.py:208} INFO - Processing /home/ashok/miniconda3/envs/mysecondenvironment/lib/python3.8/site-packages/airflow/example_dags/example_external_task_marker_dag.py took 0.046 seconds
[2025-09-14T16:52:52.596+0545] {processor.py:186} INFO - Started process (PID=10700) to work on /home/ashok/miniconda3/envs/mysecondenvironment/lib/python3.8/site-packages/airflow/example_dags/example_external_task_marker_dag.py
[2025-09-14T16:52:52.599+0545] {processor.py:914} INFO - Processing file /home/ashok/miniconda3/envs/mysecondenvironment/lib/python3.8/site-packages/airflow/example_dags/example_external_task_marker_dag.py for tasks to queue
[2025-09-14T16:52:52.601+0545] {logging_mixin.py:190} INFO - [2025-09-14T16:52:52.600+0545] {dagbag.py:588} INFO - Filling up the DagBag from /home/ashok/miniconda3/envs/mysecondenvironment/lib/python3.8/site-packages/airflow/example_dags/example_external_task_marker_dag.py
[2025-09-14T16:52:52.605+0545] {processor.py:925} INFO - DAG(s) 'example_external_task_marker_parent', 'example_external_task_marker_child' retrieved from /home/ashok/miniconda3/envs/mysecondenvironment/lib/python3.8/site-packages/airflow/example_dags/example_external_task_marker_dag.py
[2025-09-14T16:52:52.613+0545] {logging_mixin.py:190} INFO - [2025-09-14T16:52:52.613+0545] {dag.py:3239} INFO - Sync 2 DAGs
[2025-09-14T16:52:52.619+0545] {logging_mixin.py:190} INFO - [2025-09-14T16:52:52.619+0545] {dag.py:4180} INFO - Setting next_dagrun for example_external_task_marker_child to None, run_after=None
[2025-09-14T16:52:52.621+0545] {logging_mixin.py:190} INFO - [2025-09-14T16:52:52.621+0545] {dag.py:4180} INFO - Setting next_dagrun for example_external_task_marker_parent to None, run_after=None
[2025-09-14T16:52:52.638+0545] {processor.py:208} INFO - Processing /home/ashok/miniconda3/envs/mysecondenvironment/lib/python3.8/site-packages/airflow/example_dags/example_external_task_marker_dag.py took 0.045 seconds
