[2025-09-14T09:23:43.828+0545] {processor.py:186} INFO - Started process (PID=23240) to work on /home/ashok/miniconda3/envs/mysecondenvironment/lib/python3.8/site-packages/airflow/example_dags/example_setup_teardown.py
[2025-09-14T09:23:43.828+0545] {processor.py:914} INFO - Processing file /home/ashok/miniconda3/envs/mysecondenvironment/lib/python3.8/site-packages/airflow/example_dags/example_setup_teardown.py for tasks to queue
[2025-09-14T09:23:43.830+0545] {logging_mixin.py:190} INFO - [2025-09-14T09:23:43.830+0545] {dagbag.py:588} INFO - Filling up the DagBag from /home/ashok/miniconda3/envs/mysecondenvironment/lib/python3.8/site-packages/airflow/example_dags/example_setup_teardown.py
[2025-09-14T09:23:43.837+0545] {processor.py:925} INFO - DAG(s) 'example_setup_teardown' retrieved from /home/ashok/miniconda3/envs/mysecondenvironment/lib/python3.8/site-packages/airflow/example_dags/example_setup_teardown.py
[2025-09-14T09:23:43.849+0545] {logging_mixin.py:190} INFO - [2025-09-14T09:23:43.849+0545] {dag.py:3239} INFO - Sync 1 DAGs
[2025-09-14T09:23:43.856+0545] {logging_mixin.py:190} INFO - [2025-09-14T09:23:43.856+0545] {dag.py:4180} INFO - Setting next_dagrun for example_setup_teardown to None, run_after=None
[2025-09-14T09:23:43.875+0545] {processor.py:208} INFO - Processing /home/ashok/miniconda3/envs/mysecondenvironment/lib/python3.8/site-packages/airflow/example_dags/example_setup_teardown.py took 0.052 seconds
[2025-09-14T09:24:42.179+0545] {processor.py:186} INFO - Started process (PID=23857) to work on /home/ashok/miniconda3/envs/mysecondenvironment/lib/python3.8/site-packages/airflow/example_dags/example_setup_teardown.py
[2025-09-14T09:24:42.181+0545] {processor.py:914} INFO - Processing file /home/ashok/miniconda3/envs/mysecondenvironment/lib/python3.8/site-packages/airflow/example_dags/example_setup_teardown.py for tasks to queue
[2025-09-14T09:24:42.183+0545] {logging_mixin.py:190} INFO - [2025-09-14T09:24:42.183+0545] {dagbag.py:588} INFO - Filling up the DagBag from /home/ashok/miniconda3/envs/mysecondenvironment/lib/python3.8/site-packages/airflow/example_dags/example_setup_teardown.py
[2025-09-14T09:24:42.191+0545] {processor.py:925} INFO - DAG(s) 'example_setup_teardown' retrieved from /home/ashok/miniconda3/envs/mysecondenvironment/lib/python3.8/site-packages/airflow/example_dags/example_setup_teardown.py
[2025-09-14T09:24:42.204+0545] {logging_mixin.py:190} INFO - [2025-09-14T09:24:42.204+0545] {dag.py:3239} INFO - Sync 1 DAGs
[2025-09-14T09:24:42.213+0545] {logging_mixin.py:190} INFO - [2025-09-14T09:24:42.213+0545] {dag.py:4180} INFO - Setting next_dagrun for example_setup_teardown to None, run_after=None
[2025-09-14T09:24:42.231+0545] {processor.py:208} INFO - Processing /home/ashok/miniconda3/envs/mysecondenvironment/lib/python3.8/site-packages/airflow/example_dags/example_setup_teardown.py took 0.057 seconds
[2025-09-14T09:26:16.948+0545] {processor.py:186} INFO - Started process (PID=24990) to work on /home/ashok/miniconda3/envs/mysecondenvironment/lib/python3.8/site-packages/airflow/example_dags/example_setup_teardown.py
[2025-09-14T09:26:16.951+0545] {processor.py:914} INFO - Processing file /home/ashok/miniconda3/envs/mysecondenvironment/lib/python3.8/site-packages/airflow/example_dags/example_setup_teardown.py for tasks to queue
[2025-09-14T09:26:16.953+0545] {logging_mixin.py:190} INFO - [2025-09-14T09:26:16.953+0545] {dagbag.py:588} INFO - Filling up the DagBag from /home/ashok/miniconda3/envs/mysecondenvironment/lib/python3.8/site-packages/airflow/example_dags/example_setup_teardown.py
[2025-09-14T09:26:16.958+0545] {processor.py:925} INFO - DAG(s) 'example_setup_teardown' retrieved from /home/ashok/miniconda3/envs/mysecondenvironment/lib/python3.8/site-packages/airflow/example_dags/example_setup_teardown.py
[2025-09-14T09:26:16.967+0545] {logging_mixin.py:190} INFO - [2025-09-14T09:26:16.967+0545] {dag.py:3239} INFO - Sync 1 DAGs
[2025-09-14T09:26:16.973+0545] {logging_mixin.py:190} INFO - [2025-09-14T09:26:16.973+0545] {dag.py:4180} INFO - Setting next_dagrun for example_setup_teardown to None, run_after=None
[2025-09-14T09:26:16.990+0545] {processor.py:208} INFO - Processing /home/ashok/miniconda3/envs/mysecondenvironment/lib/python3.8/site-packages/airflow/example_dags/example_setup_teardown.py took 0.046 seconds
[2025-09-14T09:33:42.416+0545] {processor.py:186} INFO - Started process (PID=29421) to work on /home/ashok/miniconda3/envs/mysecondenvironment/lib/python3.8/site-packages/airflow/example_dags/example_setup_teardown.py
[2025-09-14T09:33:42.419+0545] {processor.py:914} INFO - Processing file /home/ashok/miniconda3/envs/mysecondenvironment/lib/python3.8/site-packages/airflow/example_dags/example_setup_teardown.py for tasks to queue
[2025-09-14T09:33:42.420+0545] {logging_mixin.py:190} INFO - [2025-09-14T09:33:42.420+0545] {dagbag.py:588} INFO - Filling up the DagBag from /home/ashok/miniconda3/envs/mysecondenvironment/lib/python3.8/site-packages/airflow/example_dags/example_setup_teardown.py
[2025-09-14T09:33:42.423+0545] {processor.py:925} INFO - DAG(s) 'example_setup_teardown' retrieved from /home/ashok/miniconda3/envs/mysecondenvironment/lib/python3.8/site-packages/airflow/example_dags/example_setup_teardown.py
[2025-09-14T09:33:42.432+0545] {logging_mixin.py:190} INFO - [2025-09-14T09:33:42.432+0545] {dag.py:3239} INFO - Sync 1 DAGs
[2025-09-14T09:33:42.438+0545] {logging_mixin.py:190} INFO - [2025-09-14T09:33:42.438+0545] {dag.py:4180} INFO - Setting next_dagrun for example_setup_teardown to None, run_after=None
[2025-09-14T09:33:42.454+0545] {processor.py:208} INFO - Processing /home/ashok/miniconda3/envs/mysecondenvironment/lib/python3.8/site-packages/airflow/example_dags/example_setup_teardown.py took 0.042 seconds
[2025-09-14T09:34:38.442+0545] {processor.py:186} INFO - Started process (PID=29874) to work on /home/ashok/miniconda3/envs/mysecondenvironment/lib/python3.8/site-packages/airflow/example_dags/example_setup_teardown.py
[2025-09-14T09:34:38.444+0545] {processor.py:914} INFO - Processing file /home/ashok/miniconda3/envs/mysecondenvironment/lib/python3.8/site-packages/airflow/example_dags/example_setup_teardown.py for tasks to queue
[2025-09-14T09:34:38.445+0545] {logging_mixin.py:190} INFO - [2025-09-14T09:34:38.445+0545] {dagbag.py:588} INFO - Filling up the DagBag from /home/ashok/miniconda3/envs/mysecondenvironment/lib/python3.8/site-packages/airflow/example_dags/example_setup_teardown.py
[2025-09-14T09:34:38.448+0545] {processor.py:925} INFO - DAG(s) 'example_setup_teardown' retrieved from /home/ashok/miniconda3/envs/mysecondenvironment/lib/python3.8/site-packages/airflow/example_dags/example_setup_teardown.py
[2025-09-14T09:34:38.456+0545] {logging_mixin.py:190} INFO - [2025-09-14T09:34:38.456+0545] {dag.py:3239} INFO - Sync 1 DAGs
[2025-09-14T09:34:38.461+0545] {logging_mixin.py:190} INFO - [2025-09-14T09:34:38.461+0545] {dag.py:4180} INFO - Setting next_dagrun for example_setup_teardown to None, run_after=None
[2025-09-14T09:34:38.478+0545] {processor.py:208} INFO - Processing /home/ashok/miniconda3/envs/mysecondenvironment/lib/python3.8/site-packages/airflow/example_dags/example_setup_teardown.py took 0.039 seconds
[2025-09-14T09:35:35.381+0545] {processor.py:186} INFO - Started process (PID=30312) to work on /home/ashok/miniconda3/envs/mysecondenvironment/lib/python3.8/site-packages/airflow/example_dags/example_setup_teardown.py
[2025-09-14T09:35:35.383+0545] {processor.py:914} INFO - Processing file /home/ashok/miniconda3/envs/mysecondenvironment/lib/python3.8/site-packages/airflow/example_dags/example_setup_teardown.py for tasks to queue
[2025-09-14T09:35:35.384+0545] {logging_mixin.py:190} INFO - [2025-09-14T09:35:35.383+0545] {dagbag.py:588} INFO - Filling up the DagBag from /home/ashok/miniconda3/envs/mysecondenvironment/lib/python3.8/site-packages/airflow/example_dags/example_setup_teardown.py
[2025-09-14T09:35:35.388+0545] {processor.py:925} INFO - DAG(s) 'example_setup_teardown' retrieved from /home/ashok/miniconda3/envs/mysecondenvironment/lib/python3.8/site-packages/airflow/example_dags/example_setup_teardown.py
[2025-09-14T09:35:35.397+0545] {logging_mixin.py:190} INFO - [2025-09-14T09:35:35.397+0545] {dag.py:3239} INFO - Sync 1 DAGs
[2025-09-14T09:35:35.403+0545] {logging_mixin.py:190} INFO - [2025-09-14T09:35:35.403+0545] {dag.py:4180} INFO - Setting next_dagrun for example_setup_teardown to None, run_after=None
[2025-09-14T09:35:35.419+0545] {processor.py:208} INFO - Processing /home/ashok/miniconda3/envs/mysecondenvironment/lib/python3.8/site-packages/airflow/example_dags/example_setup_teardown.py took 0.043 seconds
[2025-09-14T09:36:28.058+0545] {processor.py:186} INFO - Started process (PID=30702) to work on /home/ashok/miniconda3/envs/mysecondenvironment/lib/python3.8/site-packages/airflow/example_dags/example_setup_teardown.py
[2025-09-14T09:36:28.060+0545] {processor.py:914} INFO - Processing file /home/ashok/miniconda3/envs/mysecondenvironment/lib/python3.8/site-packages/airflow/example_dags/example_setup_teardown.py for tasks to queue
[2025-09-14T09:36:28.061+0545] {logging_mixin.py:190} INFO - [2025-09-14T09:36:28.061+0545] {dagbag.py:588} INFO - Filling up the DagBag from /home/ashok/miniconda3/envs/mysecondenvironment/lib/python3.8/site-packages/airflow/example_dags/example_setup_teardown.py
[2025-09-14T09:36:28.065+0545] {processor.py:925} INFO - DAG(s) 'example_setup_teardown' retrieved from /home/ashok/miniconda3/envs/mysecondenvironment/lib/python3.8/site-packages/airflow/example_dags/example_setup_teardown.py
[2025-09-14T09:36:28.077+0545] {logging_mixin.py:190} INFO - [2025-09-14T09:36:28.077+0545] {dag.py:3239} INFO - Sync 1 DAGs
[2025-09-14T09:36:28.082+0545] {logging_mixin.py:190} INFO - [2025-09-14T09:36:28.082+0545] {dag.py:4180} INFO - Setting next_dagrun for example_setup_teardown to None, run_after=None
[2025-09-14T09:36:28.098+0545] {processor.py:208} INFO - Processing /home/ashok/miniconda3/envs/mysecondenvironment/lib/python3.8/site-packages/airflow/example_dags/example_setup_teardown.py took 0.045 seconds
[2025-09-14T09:37:21.808+0545] {processor.py:186} INFO - Started process (PID=31290) to work on /home/ashok/miniconda3/envs/mysecondenvironment/lib/python3.8/site-packages/airflow/example_dags/example_setup_teardown.py
[2025-09-14T09:37:21.810+0545] {processor.py:914} INFO - Processing file /home/ashok/miniconda3/envs/mysecondenvironment/lib/python3.8/site-packages/airflow/example_dags/example_setup_teardown.py for tasks to queue
[2025-09-14T09:37:21.811+0545] {logging_mixin.py:190} INFO - [2025-09-14T09:37:21.811+0545] {dagbag.py:588} INFO - Filling up the DagBag from /home/ashok/miniconda3/envs/mysecondenvironment/lib/python3.8/site-packages/airflow/example_dags/example_setup_teardown.py
[2025-09-14T09:37:21.814+0545] {processor.py:925} INFO - DAG(s) 'example_setup_teardown' retrieved from /home/ashok/miniconda3/envs/mysecondenvironment/lib/python3.8/site-packages/airflow/example_dags/example_setup_teardown.py
[2025-09-14T09:37:21.822+0545] {logging_mixin.py:190} INFO - [2025-09-14T09:37:21.822+0545] {dag.py:3239} INFO - Sync 1 DAGs
[2025-09-14T09:37:21.827+0545] {logging_mixin.py:190} INFO - [2025-09-14T09:37:21.827+0545] {dag.py:4180} INFO - Setting next_dagrun for example_setup_teardown to None, run_after=None
[2025-09-14T09:37:21.842+0545] {processor.py:208} INFO - Processing /home/ashok/miniconda3/envs/mysecondenvironment/lib/python3.8/site-packages/airflow/example_dags/example_setup_teardown.py took 0.038 seconds
[2025-09-14T09:38:16.340+0545] {processor.py:186} INFO - Started process (PID=31721) to work on /home/ashok/miniconda3/envs/mysecondenvironment/lib/python3.8/site-packages/airflow/example_dags/example_setup_teardown.py
[2025-09-14T09:38:16.342+0545] {processor.py:914} INFO - Processing file /home/ashok/miniconda3/envs/mysecondenvironment/lib/python3.8/site-packages/airflow/example_dags/example_setup_teardown.py for tasks to queue
[2025-09-14T09:38:16.343+0545] {logging_mixin.py:190} INFO - [2025-09-14T09:38:16.343+0545] {dagbag.py:588} INFO - Filling up the DagBag from /home/ashok/miniconda3/envs/mysecondenvironment/lib/python3.8/site-packages/airflow/example_dags/example_setup_teardown.py
[2025-09-14T09:38:16.347+0545] {processor.py:925} INFO - DAG(s) 'example_setup_teardown' retrieved from /home/ashok/miniconda3/envs/mysecondenvironment/lib/python3.8/site-packages/airflow/example_dags/example_setup_teardown.py
[2025-09-14T09:38:16.354+0545] {logging_mixin.py:190} INFO - [2025-09-14T09:38:16.354+0545] {dag.py:3239} INFO - Sync 1 DAGs
[2025-09-14T09:38:16.359+0545] {logging_mixin.py:190} INFO - [2025-09-14T09:38:16.359+0545] {dag.py:4180} INFO - Setting next_dagrun for example_setup_teardown to None, run_after=None
[2025-09-14T09:38:16.377+0545] {processor.py:208} INFO - Processing /home/ashok/miniconda3/envs/mysecondenvironment/lib/python3.8/site-packages/airflow/example_dags/example_setup_teardown.py took 0.041 seconds
[2025-09-14T09:39:14.335+0545] {processor.py:186} INFO - Started process (PID=32390) to work on /home/ashok/miniconda3/envs/mysecondenvironment/lib/python3.8/site-packages/airflow/example_dags/example_setup_teardown.py
[2025-09-14T09:39:14.337+0545] {processor.py:914} INFO - Processing file /home/ashok/miniconda3/envs/mysecondenvironment/lib/python3.8/site-packages/airflow/example_dags/example_setup_teardown.py for tasks to queue
[2025-09-14T09:39:14.338+0545] {logging_mixin.py:190} INFO - [2025-09-14T09:39:14.338+0545] {dagbag.py:588} INFO - Filling up the DagBag from /home/ashok/miniconda3/envs/mysecondenvironment/lib/python3.8/site-packages/airflow/example_dags/example_setup_teardown.py
[2025-09-14T09:39:14.341+0545] {processor.py:925} INFO - DAG(s) 'example_setup_teardown' retrieved from /home/ashok/miniconda3/envs/mysecondenvironment/lib/python3.8/site-packages/airflow/example_dags/example_setup_teardown.py
[2025-09-14T09:39:14.349+0545] {logging_mixin.py:190} INFO - [2025-09-14T09:39:14.349+0545] {dag.py:3239} INFO - Sync 1 DAGs
[2025-09-14T09:39:14.355+0545] {logging_mixin.py:190} INFO - [2025-09-14T09:39:14.355+0545] {dag.py:4180} INFO - Setting next_dagrun for example_setup_teardown to None, run_after=None
[2025-09-14T09:39:14.373+0545] {processor.py:208} INFO - Processing /home/ashok/miniconda3/envs/mysecondenvironment/lib/python3.8/site-packages/airflow/example_dags/example_setup_teardown.py took 0.041 seconds
[2025-09-14T09:40:10.663+0545] {processor.py:186} INFO - Started process (PID=32768) to work on /home/ashok/miniconda3/envs/mysecondenvironment/lib/python3.8/site-packages/airflow/example_dags/example_setup_teardown.py
[2025-09-14T09:40:10.665+0545] {processor.py:914} INFO - Processing file /home/ashok/miniconda3/envs/mysecondenvironment/lib/python3.8/site-packages/airflow/example_dags/example_setup_teardown.py for tasks to queue
[2025-09-14T09:40:10.667+0545] {logging_mixin.py:190} INFO - [2025-09-14T09:40:10.666+0545] {dagbag.py:588} INFO - Filling up the DagBag from /home/ashok/miniconda3/envs/mysecondenvironment/lib/python3.8/site-packages/airflow/example_dags/example_setup_teardown.py
[2025-09-14T09:40:10.670+0545] {processor.py:925} INFO - DAG(s) 'example_setup_teardown' retrieved from /home/ashok/miniconda3/envs/mysecondenvironment/lib/python3.8/site-packages/airflow/example_dags/example_setup_teardown.py
[2025-09-14T09:40:10.679+0545] {logging_mixin.py:190} INFO - [2025-09-14T09:40:10.679+0545] {dag.py:3239} INFO - Sync 1 DAGs
[2025-09-14T09:40:10.684+0545] {logging_mixin.py:190} INFO - [2025-09-14T09:40:10.684+0545] {dag.py:4180} INFO - Setting next_dagrun for example_setup_teardown to None, run_after=None
[2025-09-14T09:40:10.701+0545] {processor.py:208} INFO - Processing /home/ashok/miniconda3/envs/mysecondenvironment/lib/python3.8/site-packages/airflow/example_dags/example_setup_teardown.py took 0.041 seconds
[2025-09-14T09:41:06.692+0545] {processor.py:186} INFO - Started process (PID=33190) to work on /home/ashok/miniconda3/envs/mysecondenvironment/lib/python3.8/site-packages/airflow/example_dags/example_setup_teardown.py
[2025-09-14T09:41:06.693+0545] {processor.py:914} INFO - Processing file /home/ashok/miniconda3/envs/mysecondenvironment/lib/python3.8/site-packages/airflow/example_dags/example_setup_teardown.py for tasks to queue
[2025-09-14T09:41:06.694+0545] {logging_mixin.py:190} INFO - [2025-09-14T09:41:06.694+0545] {dagbag.py:588} INFO - Filling up the DagBag from /home/ashok/miniconda3/envs/mysecondenvironment/lib/python3.8/site-packages/airflow/example_dags/example_setup_teardown.py
[2025-09-14T09:41:06.697+0545] {processor.py:925} INFO - DAG(s) 'example_setup_teardown' retrieved from /home/ashok/miniconda3/envs/mysecondenvironment/lib/python3.8/site-packages/airflow/example_dags/example_setup_teardown.py
[2025-09-14T09:41:06.705+0545] {logging_mixin.py:190} INFO - [2025-09-14T09:41:06.705+0545] {dag.py:3239} INFO - Sync 1 DAGs
[2025-09-14T09:41:06.710+0545] {logging_mixin.py:190} INFO - [2025-09-14T09:41:06.710+0545] {dag.py:4180} INFO - Setting next_dagrun for example_setup_teardown to None, run_after=None
[2025-09-14T09:41:06.725+0545] {processor.py:208} INFO - Processing /home/ashok/miniconda3/envs/mysecondenvironment/lib/python3.8/site-packages/airflow/example_dags/example_setup_teardown.py took 0.037 seconds
[2025-09-14T09:42:03.085+0545] {processor.py:186} INFO - Started process (PID=33608) to work on /home/ashok/miniconda3/envs/mysecondenvironment/lib/python3.8/site-packages/airflow/example_dags/example_setup_teardown.py
[2025-09-14T09:42:03.087+0545] {processor.py:914} INFO - Processing file /home/ashok/miniconda3/envs/mysecondenvironment/lib/python3.8/site-packages/airflow/example_dags/example_setup_teardown.py for tasks to queue
[2025-09-14T09:42:03.088+0545] {logging_mixin.py:190} INFO - [2025-09-14T09:42:03.088+0545] {dagbag.py:588} INFO - Filling up the DagBag from /home/ashok/miniconda3/envs/mysecondenvironment/lib/python3.8/site-packages/airflow/example_dags/example_setup_teardown.py
[2025-09-14T09:42:03.092+0545] {processor.py:925} INFO - DAG(s) 'example_setup_teardown' retrieved from /home/ashok/miniconda3/envs/mysecondenvironment/lib/python3.8/site-packages/airflow/example_dags/example_setup_teardown.py
[2025-09-14T09:42:03.099+0545] {logging_mixin.py:190} INFO - [2025-09-14T09:42:03.099+0545] {dag.py:3239} INFO - Sync 1 DAGs
[2025-09-14T09:42:03.104+0545] {logging_mixin.py:190} INFO - [2025-09-14T09:42:03.104+0545] {dag.py:4180} INFO - Setting next_dagrun for example_setup_teardown to None, run_after=None
[2025-09-14T09:42:03.122+0545] {processor.py:208} INFO - Processing /home/ashok/miniconda3/envs/mysecondenvironment/lib/python3.8/site-packages/airflow/example_dags/example_setup_teardown.py took 0.040 seconds
[2025-09-14T09:42:57.622+0545] {processor.py:186} INFO - Started process (PID=34096) to work on /home/ashok/miniconda3/envs/mysecondenvironment/lib/python3.8/site-packages/airflow/example_dags/example_setup_teardown.py
[2025-09-14T09:42:57.624+0545] {processor.py:914} INFO - Processing file /home/ashok/miniconda3/envs/mysecondenvironment/lib/python3.8/site-packages/airflow/example_dags/example_setup_teardown.py for tasks to queue
[2025-09-14T09:42:57.624+0545] {logging_mixin.py:190} INFO - [2025-09-14T09:42:57.624+0545] {dagbag.py:588} INFO - Filling up the DagBag from /home/ashok/miniconda3/envs/mysecondenvironment/lib/python3.8/site-packages/airflow/example_dags/example_setup_teardown.py
[2025-09-14T09:42:57.628+0545] {processor.py:925} INFO - DAG(s) 'example_setup_teardown' retrieved from /home/ashok/miniconda3/envs/mysecondenvironment/lib/python3.8/site-packages/airflow/example_dags/example_setup_teardown.py
[2025-09-14T09:42:57.637+0545] {logging_mixin.py:190} INFO - [2025-09-14T09:42:57.637+0545] {dag.py:3239} INFO - Sync 1 DAGs
[2025-09-14T09:42:57.643+0545] {logging_mixin.py:190} INFO - [2025-09-14T09:42:57.643+0545] {dag.py:4180} INFO - Setting next_dagrun for example_setup_teardown to None, run_after=None
[2025-09-14T09:42:57.658+0545] {processor.py:208} INFO - Processing /home/ashok/miniconda3/envs/mysecondenvironment/lib/python3.8/site-packages/airflow/example_dags/example_setup_teardown.py took 0.039 seconds
[2025-09-14T09:43:54.172+0545] {processor.py:186} INFO - Started process (PID=34489) to work on /home/ashok/miniconda3/envs/mysecondenvironment/lib/python3.8/site-packages/airflow/example_dags/example_setup_teardown.py
[2025-09-14T09:43:54.174+0545] {processor.py:914} INFO - Processing file /home/ashok/miniconda3/envs/mysecondenvironment/lib/python3.8/site-packages/airflow/example_dags/example_setup_teardown.py for tasks to queue
[2025-09-14T09:43:54.175+0545] {logging_mixin.py:190} INFO - [2025-09-14T09:43:54.175+0545] {dagbag.py:588} INFO - Filling up the DagBag from /home/ashok/miniconda3/envs/mysecondenvironment/lib/python3.8/site-packages/airflow/example_dags/example_setup_teardown.py
[2025-09-14T09:43:54.178+0545] {processor.py:925} INFO - DAG(s) 'example_setup_teardown' retrieved from /home/ashok/miniconda3/envs/mysecondenvironment/lib/python3.8/site-packages/airflow/example_dags/example_setup_teardown.py
[2025-09-14T09:43:54.186+0545] {logging_mixin.py:190} INFO - [2025-09-14T09:43:54.185+0545] {dag.py:3239} INFO - Sync 1 DAGs
[2025-09-14T09:43:54.191+0545] {logging_mixin.py:190} INFO - [2025-09-14T09:43:54.190+0545] {dag.py:4180} INFO - Setting next_dagrun for example_setup_teardown to None, run_after=None
[2025-09-14T09:43:54.205+0545] {processor.py:208} INFO - Processing /home/ashok/miniconda3/envs/mysecondenvironment/lib/python3.8/site-packages/airflow/example_dags/example_setup_teardown.py took 0.037 seconds
[2025-09-14T09:44:53.159+0545] {processor.py:186} INFO - Started process (PID=34887) to work on /home/ashok/miniconda3/envs/mysecondenvironment/lib/python3.8/site-packages/airflow/example_dags/example_setup_teardown.py
[2025-09-14T09:44:53.160+0545] {processor.py:914} INFO - Processing file /home/ashok/miniconda3/envs/mysecondenvironment/lib/python3.8/site-packages/airflow/example_dags/example_setup_teardown.py for tasks to queue
[2025-09-14T09:44:53.161+0545] {logging_mixin.py:190} INFO - [2025-09-14T09:44:53.161+0545] {dagbag.py:588} INFO - Filling up the DagBag from /home/ashok/miniconda3/envs/mysecondenvironment/lib/python3.8/site-packages/airflow/example_dags/example_setup_teardown.py
[2025-09-14T09:44:53.165+0545] {processor.py:925} INFO - DAG(s) 'example_setup_teardown' retrieved from /home/ashok/miniconda3/envs/mysecondenvironment/lib/python3.8/site-packages/airflow/example_dags/example_setup_teardown.py
[2025-09-14T09:44:53.175+0545] {logging_mixin.py:190} INFO - [2025-09-14T09:44:53.175+0545] {dag.py:3239} INFO - Sync 1 DAGs
[2025-09-14T09:44:53.181+0545] {logging_mixin.py:190} INFO - [2025-09-14T09:44:53.181+0545] {dag.py:4180} INFO - Setting next_dagrun for example_setup_teardown to None, run_after=None
[2025-09-14T09:44:53.196+0545] {processor.py:208} INFO - Processing /home/ashok/miniconda3/envs/mysecondenvironment/lib/python3.8/site-packages/airflow/example_dags/example_setup_teardown.py took 0.041 seconds
[2025-09-14T09:45:45.152+0545] {processor.py:186} INFO - Started process (PID=35280) to work on /home/ashok/miniconda3/envs/mysecondenvironment/lib/python3.8/site-packages/airflow/example_dags/example_setup_teardown.py
[2025-09-14T09:45:45.154+0545] {processor.py:914} INFO - Processing file /home/ashok/miniconda3/envs/mysecondenvironment/lib/python3.8/site-packages/airflow/example_dags/example_setup_teardown.py for tasks to queue
[2025-09-14T09:45:45.155+0545] {logging_mixin.py:190} INFO - [2025-09-14T09:45:45.155+0545] {dagbag.py:588} INFO - Filling up the DagBag from /home/ashok/miniconda3/envs/mysecondenvironment/lib/python3.8/site-packages/airflow/example_dags/example_setup_teardown.py
[2025-09-14T09:45:45.158+0545] {processor.py:925} INFO - DAG(s) 'example_setup_teardown' retrieved from /home/ashok/miniconda3/envs/mysecondenvironment/lib/python3.8/site-packages/airflow/example_dags/example_setup_teardown.py
[2025-09-14T09:45:45.168+0545] {logging_mixin.py:190} INFO - [2025-09-14T09:45:45.168+0545] {dag.py:3239} INFO - Sync 1 DAGs
[2025-09-14T09:45:45.175+0545] {logging_mixin.py:190} INFO - [2025-09-14T09:45:45.175+0545] {dag.py:4180} INFO - Setting next_dagrun for example_setup_teardown to None, run_after=None
[2025-09-14T09:45:45.191+0545] {processor.py:208} INFO - Processing /home/ashok/miniconda3/envs/mysecondenvironment/lib/python3.8/site-packages/airflow/example_dags/example_setup_teardown.py took 0.042 seconds
[2025-09-14T09:46:39.101+0545] {processor.py:186} INFO - Started process (PID=35673) to work on /home/ashok/miniconda3/envs/mysecondenvironment/lib/python3.8/site-packages/airflow/example_dags/example_setup_teardown.py
[2025-09-14T09:46:39.102+0545] {processor.py:914} INFO - Processing file /home/ashok/miniconda3/envs/mysecondenvironment/lib/python3.8/site-packages/airflow/example_dags/example_setup_teardown.py for tasks to queue
[2025-09-14T09:46:39.103+0545] {logging_mixin.py:190} INFO - [2025-09-14T09:46:39.103+0545] {dagbag.py:588} INFO - Filling up the DagBag from /home/ashok/miniconda3/envs/mysecondenvironment/lib/python3.8/site-packages/airflow/example_dags/example_setup_teardown.py
[2025-09-14T09:46:39.107+0545] {processor.py:925} INFO - DAG(s) 'example_setup_teardown' retrieved from /home/ashok/miniconda3/envs/mysecondenvironment/lib/python3.8/site-packages/airflow/example_dags/example_setup_teardown.py
[2025-09-14T09:46:39.114+0545] {logging_mixin.py:190} INFO - [2025-09-14T09:46:39.114+0545] {dag.py:3239} INFO - Sync 1 DAGs
[2025-09-14T09:46:39.121+0545] {logging_mixin.py:190} INFO - [2025-09-14T09:46:39.121+0545] {dag.py:4180} INFO - Setting next_dagrun for example_setup_teardown to None, run_after=None
[2025-09-14T09:46:39.137+0545] {processor.py:208} INFO - Processing /home/ashok/miniconda3/envs/mysecondenvironment/lib/python3.8/site-packages/airflow/example_dags/example_setup_teardown.py took 0.040 seconds
[2025-09-14T09:47:32.407+0545] {processor.py:186} INFO - Started process (PID=36024) to work on /home/ashok/miniconda3/envs/mysecondenvironment/lib/python3.8/site-packages/airflow/example_dags/example_setup_teardown.py
[2025-09-14T09:47:32.408+0545] {processor.py:914} INFO - Processing file /home/ashok/miniconda3/envs/mysecondenvironment/lib/python3.8/site-packages/airflow/example_dags/example_setup_teardown.py for tasks to queue
[2025-09-14T09:47:32.409+0545] {logging_mixin.py:190} INFO - [2025-09-14T09:47:32.409+0545] {dagbag.py:588} INFO - Filling up the DagBag from /home/ashok/miniconda3/envs/mysecondenvironment/lib/python3.8/site-packages/airflow/example_dags/example_setup_teardown.py
[2025-09-14T09:47:32.413+0545] {processor.py:925} INFO - DAG(s) 'example_setup_teardown' retrieved from /home/ashok/miniconda3/envs/mysecondenvironment/lib/python3.8/site-packages/airflow/example_dags/example_setup_teardown.py
[2025-09-14T09:47:32.421+0545] {logging_mixin.py:190} INFO - [2025-09-14T09:47:32.421+0545] {dag.py:3239} INFO - Sync 1 DAGs
[2025-09-14T09:47:32.428+0545] {logging_mixin.py:190} INFO - [2025-09-14T09:47:32.428+0545] {dag.py:4180} INFO - Setting next_dagrun for example_setup_teardown to None, run_after=None
[2025-09-14T09:47:32.443+0545] {processor.py:208} INFO - Processing /home/ashok/miniconda3/envs/mysecondenvironment/lib/python3.8/site-packages/airflow/example_dags/example_setup_teardown.py took 0.041 seconds
[2025-09-14T09:48:27.157+0545] {processor.py:186} INFO - Started process (PID=36413) to work on /home/ashok/miniconda3/envs/mysecondenvironment/lib/python3.8/site-packages/airflow/example_dags/example_setup_teardown.py
[2025-09-14T09:48:27.158+0545] {processor.py:914} INFO - Processing file /home/ashok/miniconda3/envs/mysecondenvironment/lib/python3.8/site-packages/airflow/example_dags/example_setup_teardown.py for tasks to queue
[2025-09-14T09:48:27.160+0545] {logging_mixin.py:190} INFO - [2025-09-14T09:48:27.159+0545] {dagbag.py:588} INFO - Filling up the DagBag from /home/ashok/miniconda3/envs/mysecondenvironment/lib/python3.8/site-packages/airflow/example_dags/example_setup_teardown.py
[2025-09-14T09:48:27.163+0545] {processor.py:925} INFO - DAG(s) 'example_setup_teardown' retrieved from /home/ashok/miniconda3/envs/mysecondenvironment/lib/python3.8/site-packages/airflow/example_dags/example_setup_teardown.py
[2025-09-14T09:48:27.171+0545] {logging_mixin.py:190} INFO - [2025-09-14T09:48:27.171+0545] {dag.py:3239} INFO - Sync 1 DAGs
[2025-09-14T09:48:27.177+0545] {logging_mixin.py:190} INFO - [2025-09-14T09:48:27.177+0545] {dag.py:4180} INFO - Setting next_dagrun for example_setup_teardown to None, run_after=None
[2025-09-14T09:48:27.194+0545] {processor.py:208} INFO - Processing /home/ashok/miniconda3/envs/mysecondenvironment/lib/python3.8/site-packages/airflow/example_dags/example_setup_teardown.py took 0.040 seconds
[2025-09-14T09:49:20.413+0545] {processor.py:186} INFO - Started process (PID=36777) to work on /home/ashok/miniconda3/envs/mysecondenvironment/lib/python3.8/site-packages/airflow/example_dags/example_setup_teardown.py
[2025-09-14T09:49:20.416+0545] {processor.py:914} INFO - Processing file /home/ashok/miniconda3/envs/mysecondenvironment/lib/python3.8/site-packages/airflow/example_dags/example_setup_teardown.py for tasks to queue
[2025-09-14T09:49:20.417+0545] {logging_mixin.py:190} INFO - [2025-09-14T09:49:20.417+0545] {dagbag.py:588} INFO - Filling up the DagBag from /home/ashok/miniconda3/envs/mysecondenvironment/lib/python3.8/site-packages/airflow/example_dags/example_setup_teardown.py
[2025-09-14T09:49:20.421+0545] {processor.py:925} INFO - DAG(s) 'example_setup_teardown' retrieved from /home/ashok/miniconda3/envs/mysecondenvironment/lib/python3.8/site-packages/airflow/example_dags/example_setup_teardown.py
[2025-09-14T09:49:20.428+0545] {logging_mixin.py:190} INFO - [2025-09-14T09:49:20.428+0545] {dag.py:3239} INFO - Sync 1 DAGs
[2025-09-14T09:49:20.434+0545] {logging_mixin.py:190} INFO - [2025-09-14T09:49:20.433+0545] {dag.py:4180} INFO - Setting next_dagrun for example_setup_teardown to None, run_after=None
[2025-09-14T09:49:20.451+0545] {processor.py:208} INFO - Processing /home/ashok/miniconda3/envs/mysecondenvironment/lib/python3.8/site-packages/airflow/example_dags/example_setup_teardown.py took 0.041 seconds
[2025-09-14T09:50:16.131+0545] {processor.py:186} INFO - Started process (PID=37171) to work on /home/ashok/miniconda3/envs/mysecondenvironment/lib/python3.8/site-packages/airflow/example_dags/example_setup_teardown.py
[2025-09-14T09:50:16.133+0545] {processor.py:914} INFO - Processing file /home/ashok/miniconda3/envs/mysecondenvironment/lib/python3.8/site-packages/airflow/example_dags/example_setup_teardown.py for tasks to queue
[2025-09-14T09:50:16.134+0545] {logging_mixin.py:190} INFO - [2025-09-14T09:50:16.133+0545] {dagbag.py:588} INFO - Filling up the DagBag from /home/ashok/miniconda3/envs/mysecondenvironment/lib/python3.8/site-packages/airflow/example_dags/example_setup_teardown.py
[2025-09-14T09:50:16.137+0545] {processor.py:925} INFO - DAG(s) 'example_setup_teardown' retrieved from /home/ashok/miniconda3/envs/mysecondenvironment/lib/python3.8/site-packages/airflow/example_dags/example_setup_teardown.py
[2025-09-14T09:50:16.147+0545] {logging_mixin.py:190} INFO - [2025-09-14T09:50:16.147+0545] {dag.py:3239} INFO - Sync 1 DAGs
[2025-09-14T09:50:16.153+0545] {logging_mixin.py:190} INFO - [2025-09-14T09:50:16.153+0545] {dag.py:4180} INFO - Setting next_dagrun for example_setup_teardown to None, run_after=None
[2025-09-14T09:50:16.169+0545] {processor.py:208} INFO - Processing /home/ashok/miniconda3/envs/mysecondenvironment/lib/python3.8/site-packages/airflow/example_dags/example_setup_teardown.py took 0.041 seconds
[2025-09-14T09:51:12.132+0545] {processor.py:186} INFO - Started process (PID=37640) to work on /home/ashok/miniconda3/envs/mysecondenvironment/lib/python3.8/site-packages/airflow/example_dags/example_setup_teardown.py
[2025-09-14T09:51:12.134+0545] {processor.py:914} INFO - Processing file /home/ashok/miniconda3/envs/mysecondenvironment/lib/python3.8/site-packages/airflow/example_dags/example_setup_teardown.py for tasks to queue
[2025-09-14T09:51:12.135+0545] {logging_mixin.py:190} INFO - [2025-09-14T09:51:12.135+0545] {dagbag.py:588} INFO - Filling up the DagBag from /home/ashok/miniconda3/envs/mysecondenvironment/lib/python3.8/site-packages/airflow/example_dags/example_setup_teardown.py
[2025-09-14T09:51:12.138+0545] {processor.py:925} INFO - DAG(s) 'example_setup_teardown' retrieved from /home/ashok/miniconda3/envs/mysecondenvironment/lib/python3.8/site-packages/airflow/example_dags/example_setup_teardown.py
[2025-09-14T09:51:12.147+0545] {logging_mixin.py:190} INFO - [2025-09-14T09:51:12.147+0545] {dag.py:3239} INFO - Sync 1 DAGs
[2025-09-14T09:51:12.152+0545] {logging_mixin.py:190} INFO - [2025-09-14T09:51:12.152+0545] {dag.py:4180} INFO - Setting next_dagrun for example_setup_teardown to None, run_after=None
[2025-09-14T09:51:12.170+0545] {processor.py:208} INFO - Processing /home/ashok/miniconda3/envs/mysecondenvironment/lib/python3.8/site-packages/airflow/example_dags/example_setup_teardown.py took 0.041 seconds
[2025-09-14T09:52:08.756+0545] {processor.py:186} INFO - Started process (PID=38108) to work on /home/ashok/miniconda3/envs/mysecondenvironment/lib/python3.8/site-packages/airflow/example_dags/example_setup_teardown.py
[2025-09-14T09:52:08.758+0545] {processor.py:914} INFO - Processing file /home/ashok/miniconda3/envs/mysecondenvironment/lib/python3.8/site-packages/airflow/example_dags/example_setup_teardown.py for tasks to queue
[2025-09-14T09:52:08.759+0545] {logging_mixin.py:190} INFO - [2025-09-14T09:52:08.759+0545] {dagbag.py:588} INFO - Filling up the DagBag from /home/ashok/miniconda3/envs/mysecondenvironment/lib/python3.8/site-packages/airflow/example_dags/example_setup_teardown.py
[2025-09-14T09:52:08.762+0545] {processor.py:925} INFO - DAG(s) 'example_setup_teardown' retrieved from /home/ashok/miniconda3/envs/mysecondenvironment/lib/python3.8/site-packages/airflow/example_dags/example_setup_teardown.py
[2025-09-14T09:52:08.770+0545] {logging_mixin.py:190} INFO - [2025-09-14T09:52:08.770+0545] {dag.py:3239} INFO - Sync 1 DAGs
[2025-09-14T09:52:08.775+0545] {logging_mixin.py:190} INFO - [2025-09-14T09:52:08.775+0545] {dag.py:4180} INFO - Setting next_dagrun for example_setup_teardown to None, run_after=None
[2025-09-14T09:52:08.793+0545] {processor.py:208} INFO - Processing /home/ashok/miniconda3/envs/mysecondenvironment/lib/python3.8/site-packages/airflow/example_dags/example_setup_teardown.py took 0.041 seconds
[2025-09-14T09:53:07.019+0545] {processor.py:186} INFO - Started process (PID=38540) to work on /home/ashok/miniconda3/envs/mysecondenvironment/lib/python3.8/site-packages/airflow/example_dags/example_setup_teardown.py
[2025-09-14T09:53:07.021+0545] {processor.py:914} INFO - Processing file /home/ashok/miniconda3/envs/mysecondenvironment/lib/python3.8/site-packages/airflow/example_dags/example_setup_teardown.py for tasks to queue
[2025-09-14T09:53:07.022+0545] {logging_mixin.py:190} INFO - [2025-09-14T09:53:07.022+0545] {dagbag.py:588} INFO - Filling up the DagBag from /home/ashok/miniconda3/envs/mysecondenvironment/lib/python3.8/site-packages/airflow/example_dags/example_setup_teardown.py
[2025-09-14T09:53:07.027+0545] {processor.py:925} INFO - DAG(s) 'example_setup_teardown' retrieved from /home/ashok/miniconda3/envs/mysecondenvironment/lib/python3.8/site-packages/airflow/example_dags/example_setup_teardown.py
[2025-09-14T09:53:07.037+0545] {logging_mixin.py:190} INFO - [2025-09-14T09:53:07.036+0545] {dag.py:3239} INFO - Sync 1 DAGs
[2025-09-14T09:53:07.042+0545] {logging_mixin.py:190} INFO - [2025-09-14T09:53:07.042+0545] {dag.py:4180} INFO - Setting next_dagrun for example_setup_teardown to None, run_after=None
[2025-09-14T09:53:07.057+0545] {processor.py:208} INFO - Processing /home/ashok/miniconda3/envs/mysecondenvironment/lib/python3.8/site-packages/airflow/example_dags/example_setup_teardown.py took 0.042 seconds
[2025-09-14T09:54:04.036+0545] {processor.py:186} INFO - Started process (PID=39244) to work on /home/ashok/miniconda3/envs/mysecondenvironment/lib/python3.8/site-packages/airflow/example_dags/example_setup_teardown.py
[2025-09-14T09:54:04.037+0545] {processor.py:914} INFO - Processing file /home/ashok/miniconda3/envs/mysecondenvironment/lib/python3.8/site-packages/airflow/example_dags/example_setup_teardown.py for tasks to queue
[2025-09-14T09:54:04.037+0545] {logging_mixin.py:190} INFO - [2025-09-14T09:54:04.037+0545] {dagbag.py:588} INFO - Filling up the DagBag from /home/ashok/miniconda3/envs/mysecondenvironment/lib/python3.8/site-packages/airflow/example_dags/example_setup_teardown.py
[2025-09-14T09:54:04.041+0545] {processor.py:925} INFO - DAG(s) 'example_setup_teardown' retrieved from /home/ashok/miniconda3/envs/mysecondenvironment/lib/python3.8/site-packages/airflow/example_dags/example_setup_teardown.py
[2025-09-14T09:54:04.048+0545] {logging_mixin.py:190} INFO - [2025-09-14T09:54:04.048+0545] {dag.py:3239} INFO - Sync 1 DAGs
[2025-09-14T09:54:04.054+0545] {logging_mixin.py:190} INFO - [2025-09-14T09:54:04.054+0545] {dag.py:4180} INFO - Setting next_dagrun for example_setup_teardown to None, run_after=None
[2025-09-14T09:54:04.071+0545] {processor.py:208} INFO - Processing /home/ashok/miniconda3/envs/mysecondenvironment/lib/python3.8/site-packages/airflow/example_dags/example_setup_teardown.py took 0.040 seconds
[2025-09-14T09:54:59.286+0545] {processor.py:186} INFO - Started process (PID=39683) to work on /home/ashok/miniconda3/envs/mysecondenvironment/lib/python3.8/site-packages/airflow/example_dags/example_setup_teardown.py
[2025-09-14T09:54:59.288+0545] {processor.py:914} INFO - Processing file /home/ashok/miniconda3/envs/mysecondenvironment/lib/python3.8/site-packages/airflow/example_dags/example_setup_teardown.py for tasks to queue
[2025-09-14T09:54:59.290+0545] {logging_mixin.py:190} INFO - [2025-09-14T09:54:59.289+0545] {dagbag.py:588} INFO - Filling up the DagBag from /home/ashok/miniconda3/envs/mysecondenvironment/lib/python3.8/site-packages/airflow/example_dags/example_setup_teardown.py
[2025-09-14T09:54:59.295+0545] {processor.py:925} INFO - DAG(s) 'example_setup_teardown' retrieved from /home/ashok/miniconda3/envs/mysecondenvironment/lib/python3.8/site-packages/airflow/example_dags/example_setup_teardown.py
[2025-09-14T09:54:59.304+0545] {logging_mixin.py:190} INFO - [2025-09-14T09:54:59.304+0545] {dag.py:3239} INFO - Sync 1 DAGs
[2025-09-14T09:54:59.309+0545] {logging_mixin.py:190} INFO - [2025-09-14T09:54:59.309+0545] {dag.py:4180} INFO - Setting next_dagrun for example_setup_teardown to None, run_after=None
[2025-09-14T09:54:59.328+0545] {processor.py:208} INFO - Processing /home/ashok/miniconda3/envs/mysecondenvironment/lib/python3.8/site-packages/airflow/example_dags/example_setup_teardown.py took 0.047 seconds
[2025-09-14T09:55:51.386+0545] {processor.py:186} INFO - Started process (PID=40120) to work on /home/ashok/miniconda3/envs/mysecondenvironment/lib/python3.8/site-packages/airflow/example_dags/example_setup_teardown.py
[2025-09-14T09:55:51.388+0545] {processor.py:914} INFO - Processing file /home/ashok/miniconda3/envs/mysecondenvironment/lib/python3.8/site-packages/airflow/example_dags/example_setup_teardown.py for tasks to queue
[2025-09-14T09:55:51.389+0545] {logging_mixin.py:190} INFO - [2025-09-14T09:55:51.388+0545] {dagbag.py:588} INFO - Filling up the DagBag from /home/ashok/miniconda3/envs/mysecondenvironment/lib/python3.8/site-packages/airflow/example_dags/example_setup_teardown.py
[2025-09-14T09:55:51.393+0545] {processor.py:925} INFO - DAG(s) 'example_setup_teardown' retrieved from /home/ashok/miniconda3/envs/mysecondenvironment/lib/python3.8/site-packages/airflow/example_dags/example_setup_teardown.py
[2025-09-14T09:55:51.403+0545] {logging_mixin.py:190} INFO - [2025-09-14T09:55:51.403+0545] {dag.py:3239} INFO - Sync 1 DAGs
[2025-09-14T09:55:51.409+0545] {logging_mixin.py:190} INFO - [2025-09-14T09:55:51.409+0545] {dag.py:4180} INFO - Setting next_dagrun for example_setup_teardown to None, run_after=None
[2025-09-14T09:55:51.427+0545] {processor.py:208} INFO - Processing /home/ashok/miniconda3/envs/mysecondenvironment/lib/python3.8/site-packages/airflow/example_dags/example_setup_teardown.py took 0.045 seconds
[2025-09-14T09:56:46.418+0545] {processor.py:186} INFO - Started process (PID=40575) to work on /home/ashok/miniconda3/envs/mysecondenvironment/lib/python3.8/site-packages/airflow/example_dags/example_setup_teardown.py
[2025-09-14T09:56:46.420+0545] {processor.py:914} INFO - Processing file /home/ashok/miniconda3/envs/mysecondenvironment/lib/python3.8/site-packages/airflow/example_dags/example_setup_teardown.py for tasks to queue
[2025-09-14T09:56:46.420+0545] {logging_mixin.py:190} INFO - [2025-09-14T09:56:46.420+0545] {dagbag.py:588} INFO - Filling up the DagBag from /home/ashok/miniconda3/envs/mysecondenvironment/lib/python3.8/site-packages/airflow/example_dags/example_setup_teardown.py
[2025-09-14T09:56:46.424+0545] {processor.py:925} INFO - DAG(s) 'example_setup_teardown' retrieved from /home/ashok/miniconda3/envs/mysecondenvironment/lib/python3.8/site-packages/airflow/example_dags/example_setup_teardown.py
[2025-09-14T09:56:46.434+0545] {logging_mixin.py:190} INFO - [2025-09-14T09:56:46.434+0545] {dag.py:3239} INFO - Sync 1 DAGs
[2025-09-14T09:56:46.440+0545] {logging_mixin.py:190} INFO - [2025-09-14T09:56:46.440+0545] {dag.py:4180} INFO - Setting next_dagrun for example_setup_teardown to None, run_after=None
[2025-09-14T09:56:46.455+0545] {processor.py:208} INFO - Processing /home/ashok/miniconda3/envs/mysecondenvironment/lib/python3.8/site-packages/airflow/example_dags/example_setup_teardown.py took 0.041 seconds
[2025-09-14T09:57:41.781+0545] {processor.py:186} INFO - Started process (PID=41224) to work on /home/ashok/miniconda3/envs/mysecondenvironment/lib/python3.8/site-packages/airflow/example_dags/example_setup_teardown.py
[2025-09-14T09:57:41.782+0545] {processor.py:914} INFO - Processing file /home/ashok/miniconda3/envs/mysecondenvironment/lib/python3.8/site-packages/airflow/example_dags/example_setup_teardown.py for tasks to queue
[2025-09-14T09:57:41.783+0545] {logging_mixin.py:190} INFO - [2025-09-14T09:57:41.783+0545] {dagbag.py:588} INFO - Filling up the DagBag from /home/ashok/miniconda3/envs/mysecondenvironment/lib/python3.8/site-packages/airflow/example_dags/example_setup_teardown.py
[2025-09-14T09:57:41.786+0545] {processor.py:925} INFO - DAG(s) 'example_setup_teardown' retrieved from /home/ashok/miniconda3/envs/mysecondenvironment/lib/python3.8/site-packages/airflow/example_dags/example_setup_teardown.py
[2025-09-14T09:57:41.794+0545] {logging_mixin.py:190} INFO - [2025-09-14T09:57:41.794+0545] {dag.py:3239} INFO - Sync 1 DAGs
[2025-09-14T09:57:41.800+0545] {logging_mixin.py:190} INFO - [2025-09-14T09:57:41.800+0545] {dag.py:4180} INFO - Setting next_dagrun for example_setup_teardown to None, run_after=None
[2025-09-14T09:57:41.817+0545] {processor.py:208} INFO - Processing /home/ashok/miniconda3/envs/mysecondenvironment/lib/python3.8/site-packages/airflow/example_dags/example_setup_teardown.py took 0.040 seconds
[2025-09-14T09:58:34.412+0545] {processor.py:186} INFO - Started process (PID=41575) to work on /home/ashok/miniconda3/envs/mysecondenvironment/lib/python3.8/site-packages/airflow/example_dags/example_setup_teardown.py
[2025-09-14T09:58:34.415+0545] {processor.py:914} INFO - Processing file /home/ashok/miniconda3/envs/mysecondenvironment/lib/python3.8/site-packages/airflow/example_dags/example_setup_teardown.py for tasks to queue
[2025-09-14T09:58:34.416+0545] {logging_mixin.py:190} INFO - [2025-09-14T09:58:34.415+0545] {dagbag.py:588} INFO - Filling up the DagBag from /home/ashok/miniconda3/envs/mysecondenvironment/lib/python3.8/site-packages/airflow/example_dags/example_setup_teardown.py
[2025-09-14T09:58:34.420+0545] {processor.py:925} INFO - DAG(s) 'example_setup_teardown' retrieved from /home/ashok/miniconda3/envs/mysecondenvironment/lib/python3.8/site-packages/airflow/example_dags/example_setup_teardown.py
[2025-09-14T09:58:34.428+0545] {logging_mixin.py:190} INFO - [2025-09-14T09:58:34.428+0545] {dag.py:3239} INFO - Sync 1 DAGs
[2025-09-14T09:58:34.435+0545] {logging_mixin.py:190} INFO - [2025-09-14T09:58:34.435+0545] {dag.py:4180} INFO - Setting next_dagrun for example_setup_teardown to None, run_after=None
[2025-09-14T09:58:34.451+0545] {processor.py:208} INFO - Processing /home/ashok/miniconda3/envs/mysecondenvironment/lib/python3.8/site-packages/airflow/example_dags/example_setup_teardown.py took 0.046 seconds
[2025-09-14T09:59:30.211+0545] {processor.py:186} INFO - Started process (PID=42056) to work on /home/ashok/miniconda3/envs/mysecondenvironment/lib/python3.8/site-packages/airflow/example_dags/example_setup_teardown.py
[2025-09-14T09:59:30.213+0545] {processor.py:914} INFO - Processing file /home/ashok/miniconda3/envs/mysecondenvironment/lib/python3.8/site-packages/airflow/example_dags/example_setup_teardown.py for tasks to queue
[2025-09-14T09:59:30.214+0545] {logging_mixin.py:190} INFO - [2025-09-14T09:59:30.213+0545] {dagbag.py:588} INFO - Filling up the DagBag from /home/ashok/miniconda3/envs/mysecondenvironment/lib/python3.8/site-packages/airflow/example_dags/example_setup_teardown.py
[2025-09-14T09:59:30.217+0545] {processor.py:925} INFO - DAG(s) 'example_setup_teardown' retrieved from /home/ashok/miniconda3/envs/mysecondenvironment/lib/python3.8/site-packages/airflow/example_dags/example_setup_teardown.py
[2025-09-14T09:59:30.226+0545] {logging_mixin.py:190} INFO - [2025-09-14T09:59:30.225+0545] {dag.py:3239} INFO - Sync 1 DAGs
[2025-09-14T09:59:30.232+0545] {logging_mixin.py:190} INFO - [2025-09-14T09:59:30.232+0545] {dag.py:4180} INFO - Setting next_dagrun for example_setup_teardown to None, run_after=None
[2025-09-14T09:59:30.249+0545] {processor.py:208} INFO - Processing /home/ashok/miniconda3/envs/mysecondenvironment/lib/python3.8/site-packages/airflow/example_dags/example_setup_teardown.py took 0.041 seconds
[2025-09-14T10:00:24.327+0545] {processor.py:186} INFO - Started process (PID=42537) to work on /home/ashok/miniconda3/envs/mysecondenvironment/lib/python3.8/site-packages/airflow/example_dags/example_setup_teardown.py
[2025-09-14T10:00:24.329+0545] {processor.py:914} INFO - Processing file /home/ashok/miniconda3/envs/mysecondenvironment/lib/python3.8/site-packages/airflow/example_dags/example_setup_teardown.py for tasks to queue
[2025-09-14T10:00:24.329+0545] {logging_mixin.py:190} INFO - [2025-09-14T10:00:24.329+0545] {dagbag.py:588} INFO - Filling up the DagBag from /home/ashok/miniconda3/envs/mysecondenvironment/lib/python3.8/site-packages/airflow/example_dags/example_setup_teardown.py
[2025-09-14T10:00:24.333+0545] {processor.py:925} INFO - DAG(s) 'example_setup_teardown' retrieved from /home/ashok/miniconda3/envs/mysecondenvironment/lib/python3.8/site-packages/airflow/example_dags/example_setup_teardown.py
[2025-09-14T10:00:24.343+0545] {logging_mixin.py:190} INFO - [2025-09-14T10:00:24.343+0545] {dag.py:3239} INFO - Sync 1 DAGs
[2025-09-14T10:00:24.350+0545] {logging_mixin.py:190} INFO - [2025-09-14T10:00:24.350+0545] {dag.py:4180} INFO - Setting next_dagrun for example_setup_teardown to None, run_after=None
[2025-09-14T10:00:24.367+0545] {processor.py:208} INFO - Processing /home/ashok/miniconda3/envs/mysecondenvironment/lib/python3.8/site-packages/airflow/example_dags/example_setup_teardown.py took 0.044 seconds
[2025-09-14T10:01:18.324+0545] {processor.py:186} INFO - Started process (PID=43133) to work on /home/ashok/miniconda3/envs/mysecondenvironment/lib/python3.8/site-packages/airflow/example_dags/example_setup_teardown.py
[2025-09-14T10:01:18.326+0545] {processor.py:914} INFO - Processing file /home/ashok/miniconda3/envs/mysecondenvironment/lib/python3.8/site-packages/airflow/example_dags/example_setup_teardown.py for tasks to queue
[2025-09-14T10:01:18.326+0545] {logging_mixin.py:190} INFO - [2025-09-14T10:01:18.326+0545] {dagbag.py:588} INFO - Filling up the DagBag from /home/ashok/miniconda3/envs/mysecondenvironment/lib/python3.8/site-packages/airflow/example_dags/example_setup_teardown.py
[2025-09-14T10:01:18.330+0545] {processor.py:925} INFO - DAG(s) 'example_setup_teardown' retrieved from /home/ashok/miniconda3/envs/mysecondenvironment/lib/python3.8/site-packages/airflow/example_dags/example_setup_teardown.py
[2025-09-14T10:01:18.342+0545] {logging_mixin.py:190} INFO - [2025-09-14T10:01:18.341+0545] {dag.py:3239} INFO - Sync 1 DAGs
[2025-09-14T10:01:18.347+0545] {logging_mixin.py:190} INFO - [2025-09-14T10:01:18.347+0545] {dag.py:4180} INFO - Setting next_dagrun for example_setup_teardown to None, run_after=None
[2025-09-14T10:01:18.362+0545] {processor.py:208} INFO - Processing /home/ashok/miniconda3/envs/mysecondenvironment/lib/python3.8/site-packages/airflow/example_dags/example_setup_teardown.py took 0.042 seconds
[2025-09-14T10:02:13.617+0545] {processor.py:186} INFO - Started process (PID=43542) to work on /home/ashok/miniconda3/envs/mysecondenvironment/lib/python3.8/site-packages/airflow/example_dags/example_setup_teardown.py
[2025-09-14T10:02:13.618+0545] {processor.py:914} INFO - Processing file /home/ashok/miniconda3/envs/mysecondenvironment/lib/python3.8/site-packages/airflow/example_dags/example_setup_teardown.py for tasks to queue
[2025-09-14T10:02:13.619+0545] {logging_mixin.py:190} INFO - [2025-09-14T10:02:13.619+0545] {dagbag.py:588} INFO - Filling up the DagBag from /home/ashok/miniconda3/envs/mysecondenvironment/lib/python3.8/site-packages/airflow/example_dags/example_setup_teardown.py
[2025-09-14T10:02:13.622+0545] {processor.py:925} INFO - DAG(s) 'example_setup_teardown' retrieved from /home/ashok/miniconda3/envs/mysecondenvironment/lib/python3.8/site-packages/airflow/example_dags/example_setup_teardown.py
[2025-09-14T10:02:13.631+0545] {logging_mixin.py:190} INFO - [2025-09-14T10:02:13.631+0545] {dag.py:3239} INFO - Sync 1 DAGs
[2025-09-14T10:02:13.637+0545] {logging_mixin.py:190} INFO - [2025-09-14T10:02:13.637+0545] {dag.py:4180} INFO - Setting next_dagrun for example_setup_teardown to None, run_after=None
[2025-09-14T10:02:13.651+0545] {processor.py:208} INFO - Processing /home/ashok/miniconda3/envs/mysecondenvironment/lib/python3.8/site-packages/airflow/example_dags/example_setup_teardown.py took 0.038 seconds
[2025-09-14T10:03:09.431+0545] {processor.py:186} INFO - Started process (PID=43903) to work on /home/ashok/miniconda3/envs/mysecondenvironment/lib/python3.8/site-packages/airflow/example_dags/example_setup_teardown.py
[2025-09-14T10:03:09.433+0545] {processor.py:914} INFO - Processing file /home/ashok/miniconda3/envs/mysecondenvironment/lib/python3.8/site-packages/airflow/example_dags/example_setup_teardown.py for tasks to queue
[2025-09-14T10:03:09.434+0545] {logging_mixin.py:190} INFO - [2025-09-14T10:03:09.434+0545] {dagbag.py:588} INFO - Filling up the DagBag from /home/ashok/miniconda3/envs/mysecondenvironment/lib/python3.8/site-packages/airflow/example_dags/example_setup_teardown.py
[2025-09-14T10:03:09.437+0545] {processor.py:925} INFO - DAG(s) 'example_setup_teardown' retrieved from /home/ashok/miniconda3/envs/mysecondenvironment/lib/python3.8/site-packages/airflow/example_dags/example_setup_teardown.py
[2025-09-14T10:03:09.445+0545] {logging_mixin.py:190} INFO - [2025-09-14T10:03:09.445+0545] {dag.py:3239} INFO - Sync 1 DAGs
[2025-09-14T10:03:09.450+0545] {logging_mixin.py:190} INFO - [2025-09-14T10:03:09.450+0545] {dag.py:4180} INFO - Setting next_dagrun for example_setup_teardown to None, run_after=None
[2025-09-14T10:03:09.467+0545] {processor.py:208} INFO - Processing /home/ashok/miniconda3/envs/mysecondenvironment/lib/python3.8/site-packages/airflow/example_dags/example_setup_teardown.py took 0.040 seconds
[2025-09-14T10:04:05.013+0545] {processor.py:186} INFO - Started process (PID=44847) to work on /home/ashok/miniconda3/envs/mysecondenvironment/lib/python3.8/site-packages/airflow/example_dags/example_setup_teardown.py
[2025-09-14T10:04:05.015+0545] {processor.py:914} INFO - Processing file /home/ashok/miniconda3/envs/mysecondenvironment/lib/python3.8/site-packages/airflow/example_dags/example_setup_teardown.py for tasks to queue
[2025-09-14T10:04:05.016+0545] {logging_mixin.py:190} INFO - [2025-09-14T10:04:05.016+0545] {dagbag.py:588} INFO - Filling up the DagBag from /home/ashok/miniconda3/envs/mysecondenvironment/lib/python3.8/site-packages/airflow/example_dags/example_setup_teardown.py
[2025-09-14T10:04:05.021+0545] {processor.py:925} INFO - DAG(s) 'example_setup_teardown' retrieved from /home/ashok/miniconda3/envs/mysecondenvironment/lib/python3.8/site-packages/airflow/example_dags/example_setup_teardown.py
[2025-09-14T10:04:05.032+0545] {logging_mixin.py:190} INFO - [2025-09-14T10:04:05.032+0545] {dag.py:3239} INFO - Sync 1 DAGs
[2025-09-14T10:04:05.040+0545] {logging_mixin.py:190} INFO - [2025-09-14T10:04:05.040+0545] {dag.py:4180} INFO - Setting next_dagrun for example_setup_teardown to None, run_after=None
[2025-09-14T10:04:05.057+0545] {processor.py:208} INFO - Processing /home/ashok/miniconda3/envs/mysecondenvironment/lib/python3.8/site-packages/airflow/example_dags/example_setup_teardown.py took 0.049 seconds
[2025-09-14T16:50:47.233+0545] {processor.py:186} INFO - Started process (PID=9442) to work on /home/ashok/miniconda3/envs/mysecondenvironment/lib/python3.8/site-packages/airflow/example_dags/example_setup_teardown.py
[2025-09-14T16:50:47.235+0545] {processor.py:914} INFO - Processing file /home/ashok/miniconda3/envs/mysecondenvironment/lib/python3.8/site-packages/airflow/example_dags/example_setup_teardown.py for tasks to queue
[2025-09-14T16:50:47.236+0545] {logging_mixin.py:190} INFO - [2025-09-14T16:50:47.236+0545] {dagbag.py:588} INFO - Filling up the DagBag from /home/ashok/miniconda3/envs/mysecondenvironment/lib/python3.8/site-packages/airflow/example_dags/example_setup_teardown.py
[2025-09-14T16:50:47.243+0545] {processor.py:925} INFO - DAG(s) 'example_setup_teardown' retrieved from /home/ashok/miniconda3/envs/mysecondenvironment/lib/python3.8/site-packages/airflow/example_dags/example_setup_teardown.py
[2025-09-14T16:50:47.253+0545] {logging_mixin.py:190} INFO - [2025-09-14T16:50:47.253+0545] {dag.py:3239} INFO - Sync 1 DAGs
[2025-09-14T16:50:47.259+0545] {logging_mixin.py:190} INFO - [2025-09-14T16:50:47.259+0545] {dag.py:4180} INFO - Setting next_dagrun for example_setup_teardown to None, run_after=None
[2025-09-14T16:50:47.277+0545] {processor.py:208} INFO - Processing /home/ashok/miniconda3/envs/mysecondenvironment/lib/python3.8/site-packages/airflow/example_dags/example_setup_teardown.py took 0.048 seconds
[2025-09-14T16:52:36.008+0545] {processor.py:186} INFO - Started process (PID=10588) to work on /home/ashok/miniconda3/envs/mysecondenvironment/lib/python3.8/site-packages/airflow/example_dags/example_setup_teardown.py
[2025-09-14T16:52:36.010+0545] {processor.py:914} INFO - Processing file /home/ashok/miniconda3/envs/mysecondenvironment/lib/python3.8/site-packages/airflow/example_dags/example_setup_teardown.py for tasks to queue
[2025-09-14T16:52:36.011+0545] {logging_mixin.py:190} INFO - [2025-09-14T16:52:36.011+0545] {dagbag.py:588} INFO - Filling up the DagBag from /home/ashok/miniconda3/envs/mysecondenvironment/lib/python3.8/site-packages/airflow/example_dags/example_setup_teardown.py
[2025-09-14T16:52:36.016+0545] {processor.py:925} INFO - DAG(s) 'example_setup_teardown' retrieved from /home/ashok/miniconda3/envs/mysecondenvironment/lib/python3.8/site-packages/airflow/example_dags/example_setup_teardown.py
[2025-09-14T16:52:36.023+0545] {logging_mixin.py:190} INFO - [2025-09-14T16:52:36.023+0545] {dag.py:3239} INFO - Sync 1 DAGs
[2025-09-14T16:52:36.029+0545] {logging_mixin.py:190} INFO - [2025-09-14T16:52:36.028+0545] {dag.py:4180} INFO - Setting next_dagrun for example_setup_teardown to None, run_after=None
[2025-09-14T16:52:36.046+0545] {processor.py:208} INFO - Processing /home/ashok/miniconda3/envs/mysecondenvironment/lib/python3.8/site-packages/airflow/example_dags/example_setup_teardown.py took 0.042 seconds
