[2025-09-14T09:24:00.932+0545] {processor.py:186} INFO - Started process (PID=23438) to work on /home/ashok/miniconda3/envs/mysecondenvironment/lib/python3.8/site-packages/airflow/example_dags/example_dag_decorator.py
[2025-09-14T09:24:00.933+0545] {processor.py:914} INFO - Processing file /home/ashok/miniconda3/envs/mysecondenvironment/lib/python3.8/site-packages/airflow/example_dags/example_dag_decorator.py for tasks to queue
[2025-09-14T09:24:00.935+0545] {logging_mixin.py:190} INFO - [2025-09-14T09:24:00.935+0545] {dagbag.py:588} INFO - Filling up the DagBag from /home/ashok/miniconda3/envs/mysecondenvironment/lib/python3.8/site-packages/airflow/example_dags/example_dag_decorator.py
[2025-09-14T09:24:00.986+0545] {processor.py:925} INFO - DAG(s) 'example_dag_decorator' retrieved from /home/ashok/miniconda3/envs/mysecondenvironment/lib/python3.8/site-packages/airflow/example_dags/example_dag_decorator.py
[2025-09-14T09:24:01.048+0545] {logging_mixin.py:190} INFO - [2025-09-14T09:24:01.048+0545] {dag.py:3239} INFO - Sync 1 DAGs
[2025-09-14T09:24:01.056+0545] {logging_mixin.py:190} INFO - [2025-09-14T09:24:01.056+0545] {dag.py:4180} INFO - Setting next_dagrun for example_dag_decorator to None, run_after=None
[2025-09-14T09:24:01.075+0545] {processor.py:208} INFO - Processing /home/ashok/miniconda3/envs/mysecondenvironment/lib/python3.8/site-packages/airflow/example_dags/example_dag_decorator.py took 0.148 seconds
[2025-09-14T09:25:37.946+0545] {processor.py:186} INFO - Started process (PID=24578) to work on /home/ashok/miniconda3/envs/mysecondenvironment/lib/python3.8/site-packages/airflow/example_dags/example_dag_decorator.py
[2025-09-14T09:25:37.947+0545] {processor.py:914} INFO - Processing file /home/ashok/miniconda3/envs/mysecondenvironment/lib/python3.8/site-packages/airflow/example_dags/example_dag_decorator.py for tasks to queue
[2025-09-14T09:25:37.948+0545] {logging_mixin.py:190} INFO - [2025-09-14T09:25:37.948+0545] {dagbag.py:588} INFO - Filling up the DagBag from /home/ashok/miniconda3/envs/mysecondenvironment/lib/python3.8/site-packages/airflow/example_dags/example_dag_decorator.py
[2025-09-14T09:25:37.992+0545] {processor.py:925} INFO - DAG(s) 'example_dag_decorator' retrieved from /home/ashok/miniconda3/envs/mysecondenvironment/lib/python3.8/site-packages/airflow/example_dags/example_dag_decorator.py
[2025-09-14T09:25:38.040+0545] {logging_mixin.py:190} INFO - [2025-09-14T09:25:38.040+0545] {dag.py:3239} INFO - Sync 1 DAGs
[2025-09-14T09:25:38.045+0545] {logging_mixin.py:190} INFO - [2025-09-14T09:25:38.045+0545] {dag.py:4180} INFO - Setting next_dagrun for example_dag_decorator to None, run_after=None
[2025-09-14T09:25:38.063+0545] {processor.py:208} INFO - Processing /home/ashok/miniconda3/envs/mysecondenvironment/lib/python3.8/site-packages/airflow/example_dags/example_dag_decorator.py took 0.121 seconds
[2025-09-14T09:34:00.150+0545] {processor.py:186} INFO - Started process (PID=29557) to work on /home/ashok/miniconda3/envs/mysecondenvironment/lib/python3.8/site-packages/airflow/example_dags/example_dag_decorator.py
[2025-09-14T09:34:00.152+0545] {processor.py:914} INFO - Processing file /home/ashok/miniconda3/envs/mysecondenvironment/lib/python3.8/site-packages/airflow/example_dags/example_dag_decorator.py for tasks to queue
[2025-09-14T09:34:00.153+0545] {logging_mixin.py:190} INFO - [2025-09-14T09:34:00.152+0545] {dagbag.py:588} INFO - Filling up the DagBag from /home/ashok/miniconda3/envs/mysecondenvironment/lib/python3.8/site-packages/airflow/example_dags/example_dag_decorator.py
[2025-09-14T09:34:00.185+0545] {processor.py:925} INFO - DAG(s) 'example_dag_decorator' retrieved from /home/ashok/miniconda3/envs/mysecondenvironment/lib/python3.8/site-packages/airflow/example_dags/example_dag_decorator.py
[2025-09-14T09:34:00.227+0545] {logging_mixin.py:190} INFO - [2025-09-14T09:34:00.227+0545] {dag.py:3239} INFO - Sync 1 DAGs
[2025-09-14T09:34:00.231+0545] {logging_mixin.py:190} INFO - [2025-09-14T09:34:00.231+0545] {dag.py:4180} INFO - Setting next_dagrun for example_dag_decorator to None, run_after=None
[2025-09-14T09:34:00.248+0545] {processor.py:208} INFO - Processing /home/ashok/miniconda3/envs/mysecondenvironment/lib/python3.8/site-packages/airflow/example_dags/example_dag_decorator.py took 0.101 seconds
[2025-09-14T09:34:57.094+0545] {processor.py:186} INFO - Started process (PID=29986) to work on /home/ashok/miniconda3/envs/mysecondenvironment/lib/python3.8/site-packages/airflow/example_dags/example_dag_decorator.py
[2025-09-14T09:34:57.097+0545] {processor.py:914} INFO - Processing file /home/ashok/miniconda3/envs/mysecondenvironment/lib/python3.8/site-packages/airflow/example_dags/example_dag_decorator.py for tasks to queue
[2025-09-14T09:34:57.098+0545] {logging_mixin.py:190} INFO - [2025-09-14T09:34:57.098+0545] {dagbag.py:588} INFO - Filling up the DagBag from /home/ashok/miniconda3/envs/mysecondenvironment/lib/python3.8/site-packages/airflow/example_dags/example_dag_decorator.py
[2025-09-14T09:34:57.136+0545] {processor.py:925} INFO - DAG(s) 'example_dag_decorator' retrieved from /home/ashok/miniconda3/envs/mysecondenvironment/lib/python3.8/site-packages/airflow/example_dags/example_dag_decorator.py
[2025-09-14T09:34:57.178+0545] {logging_mixin.py:190} INFO - [2025-09-14T09:34:57.178+0545] {dag.py:3239} INFO - Sync 1 DAGs
[2025-09-14T09:34:57.182+0545] {logging_mixin.py:190} INFO - [2025-09-14T09:34:57.182+0545] {dag.py:4180} INFO - Setting next_dagrun for example_dag_decorator to None, run_after=None
[2025-09-14T09:34:57.200+0545] {processor.py:208} INFO - Processing /home/ashok/miniconda3/envs/mysecondenvironment/lib/python3.8/site-packages/airflow/example_dags/example_dag_decorator.py took 0.109 seconds
[2025-09-14T09:35:53.922+0545] {processor.py:186} INFO - Started process (PID=30462) to work on /home/ashok/miniconda3/envs/mysecondenvironment/lib/python3.8/site-packages/airflow/example_dags/example_dag_decorator.py
[2025-09-14T09:35:53.924+0545] {processor.py:914} INFO - Processing file /home/ashok/miniconda3/envs/mysecondenvironment/lib/python3.8/site-packages/airflow/example_dags/example_dag_decorator.py for tasks to queue
[2025-09-14T09:35:53.925+0545] {logging_mixin.py:190} INFO - [2025-09-14T09:35:53.925+0545] {dagbag.py:588} INFO - Filling up the DagBag from /home/ashok/miniconda3/envs/mysecondenvironment/lib/python3.8/site-packages/airflow/example_dags/example_dag_decorator.py
[2025-09-14T09:35:53.963+0545] {processor.py:925} INFO - DAG(s) 'example_dag_decorator' retrieved from /home/ashok/miniconda3/envs/mysecondenvironment/lib/python3.8/site-packages/airflow/example_dags/example_dag_decorator.py
[2025-09-14T09:35:54.002+0545] {logging_mixin.py:190} INFO - [2025-09-14T09:35:54.002+0545] {dag.py:3239} INFO - Sync 1 DAGs
[2025-09-14T09:35:54.006+0545] {logging_mixin.py:190} INFO - [2025-09-14T09:35:54.005+0545] {dag.py:4180} INFO - Setting next_dagrun for example_dag_decorator to None, run_after=None
[2025-09-14T09:35:54.023+0545] {processor.py:208} INFO - Processing /home/ashok/miniconda3/envs/mysecondenvironment/lib/python3.8/site-packages/airflow/example_dags/example_dag_decorator.py took 0.106 seconds
[2025-09-14T09:36:45.786+0545] {processor.py:186} INFO - Started process (PID=30817) to work on /home/ashok/miniconda3/envs/mysecondenvironment/lib/python3.8/site-packages/airflow/example_dags/example_dag_decorator.py
[2025-09-14T09:36:45.788+0545] {processor.py:914} INFO - Processing file /home/ashok/miniconda3/envs/mysecondenvironment/lib/python3.8/site-packages/airflow/example_dags/example_dag_decorator.py for tasks to queue
[2025-09-14T09:36:45.789+0545] {logging_mixin.py:190} INFO - [2025-09-14T09:36:45.789+0545] {dagbag.py:588} INFO - Filling up the DagBag from /home/ashok/miniconda3/envs/mysecondenvironment/lib/python3.8/site-packages/airflow/example_dags/example_dag_decorator.py
[2025-09-14T09:36:45.823+0545] {processor.py:925} INFO - DAG(s) 'example_dag_decorator' retrieved from /home/ashok/miniconda3/envs/mysecondenvironment/lib/python3.8/site-packages/airflow/example_dags/example_dag_decorator.py
[2025-09-14T09:36:45.861+0545] {logging_mixin.py:190} INFO - [2025-09-14T09:36:45.861+0545] {dag.py:3239} INFO - Sync 1 DAGs
[2025-09-14T09:36:45.865+0545] {logging_mixin.py:190} INFO - [2025-09-14T09:36:45.865+0545] {dag.py:4180} INFO - Setting next_dagrun for example_dag_decorator to None, run_after=None
[2025-09-14T09:36:45.882+0545] {processor.py:208} INFO - Processing /home/ashok/miniconda3/envs/mysecondenvironment/lib/python3.8/site-packages/airflow/example_dags/example_dag_decorator.py took 0.099 seconds
[2025-09-14T09:37:40.116+0545] {processor.py:186} INFO - Started process (PID=31455) to work on /home/ashok/miniconda3/envs/mysecondenvironment/lib/python3.8/site-packages/airflow/example_dags/example_dag_decorator.py
[2025-09-14T09:37:40.118+0545] {processor.py:914} INFO - Processing file /home/ashok/miniconda3/envs/mysecondenvironment/lib/python3.8/site-packages/airflow/example_dags/example_dag_decorator.py for tasks to queue
[2025-09-14T09:37:40.119+0545] {logging_mixin.py:190} INFO - [2025-09-14T09:37:40.118+0545] {dagbag.py:588} INFO - Filling up the DagBag from /home/ashok/miniconda3/envs/mysecondenvironment/lib/python3.8/site-packages/airflow/example_dags/example_dag_decorator.py
[2025-09-14T09:37:40.157+0545] {processor.py:925} INFO - DAG(s) 'example_dag_decorator' retrieved from /home/ashok/miniconda3/envs/mysecondenvironment/lib/python3.8/site-packages/airflow/example_dags/example_dag_decorator.py
[2025-09-14T09:37:40.205+0545] {logging_mixin.py:190} INFO - [2025-09-14T09:37:40.205+0545] {dag.py:3239} INFO - Sync 1 DAGs
[2025-09-14T09:37:40.211+0545] {logging_mixin.py:190} INFO - [2025-09-14T09:37:40.211+0545] {dag.py:4180} INFO - Setting next_dagrun for example_dag_decorator to None, run_after=None
[2025-09-14T09:37:40.228+0545] {processor.py:208} INFO - Processing /home/ashok/miniconda3/envs/mysecondenvironment/lib/python3.8/site-packages/airflow/example_dags/example_dag_decorator.py took 0.117 seconds
[2025-09-14T09:38:36.154+0545] {processor.py:186} INFO - Started process (PID=32060) to work on /home/ashok/miniconda3/envs/mysecondenvironment/lib/python3.8/site-packages/airflow/example_dags/example_dag_decorator.py
[2025-09-14T09:38:36.156+0545] {processor.py:914} INFO - Processing file /home/ashok/miniconda3/envs/mysecondenvironment/lib/python3.8/site-packages/airflow/example_dags/example_dag_decorator.py for tasks to queue
[2025-09-14T09:38:36.157+0545] {logging_mixin.py:190} INFO - [2025-09-14T09:38:36.157+0545] {dagbag.py:588} INFO - Filling up the DagBag from /home/ashok/miniconda3/envs/mysecondenvironment/lib/python3.8/site-packages/airflow/example_dags/example_dag_decorator.py
[2025-09-14T09:38:36.200+0545] {processor.py:925} INFO - DAG(s) 'example_dag_decorator' retrieved from /home/ashok/miniconda3/envs/mysecondenvironment/lib/python3.8/site-packages/airflow/example_dags/example_dag_decorator.py
[2025-09-14T09:38:36.248+0545] {logging_mixin.py:190} INFO - [2025-09-14T09:38:36.248+0545] {dag.py:3239} INFO - Sync 1 DAGs
[2025-09-14T09:38:36.254+0545] {logging_mixin.py:190} INFO - [2025-09-14T09:38:36.254+0545] {dag.py:4180} INFO - Setting next_dagrun for example_dag_decorator to None, run_after=None
[2025-09-14T09:38:36.270+0545] {processor.py:208} INFO - Processing /home/ashok/miniconda3/envs/mysecondenvironment/lib/python3.8/site-packages/airflow/example_dags/example_dag_decorator.py took 0.121 seconds
[2025-09-14T09:39:32.844+0545] {processor.py:186} INFO - Started process (PID=32518) to work on /home/ashok/miniconda3/envs/mysecondenvironment/lib/python3.8/site-packages/airflow/example_dags/example_dag_decorator.py
[2025-09-14T09:39:32.846+0545] {processor.py:914} INFO - Processing file /home/ashok/miniconda3/envs/mysecondenvironment/lib/python3.8/site-packages/airflow/example_dags/example_dag_decorator.py for tasks to queue
[2025-09-14T09:39:32.848+0545] {logging_mixin.py:190} INFO - [2025-09-14T09:39:32.847+0545] {dagbag.py:588} INFO - Filling up the DagBag from /home/ashok/miniconda3/envs/mysecondenvironment/lib/python3.8/site-packages/airflow/example_dags/example_dag_decorator.py
[2025-09-14T09:39:32.881+0545] {processor.py:925} INFO - DAG(s) 'example_dag_decorator' retrieved from /home/ashok/miniconda3/envs/mysecondenvironment/lib/python3.8/site-packages/airflow/example_dags/example_dag_decorator.py
[2025-09-14T09:39:32.921+0545] {logging_mixin.py:190} INFO - [2025-09-14T09:39:32.921+0545] {dag.py:3239} INFO - Sync 1 DAGs
[2025-09-14T09:39:32.925+0545] {logging_mixin.py:190} INFO - [2025-09-14T09:39:32.925+0545] {dag.py:4180} INFO - Setting next_dagrun for example_dag_decorator to None, run_after=None
[2025-09-14T09:39:32.943+0545] {processor.py:208} INFO - Processing /home/ashok/miniconda3/envs/mysecondenvironment/lib/python3.8/site-packages/airflow/example_dags/example_dag_decorator.py took 0.102 seconds
[2025-09-14T09:40:28.667+0545] {processor.py:186} INFO - Started process (PID=32892) to work on /home/ashok/miniconda3/envs/mysecondenvironment/lib/python3.8/site-packages/airflow/example_dags/example_dag_decorator.py
[2025-09-14T09:40:28.669+0545] {processor.py:914} INFO - Processing file /home/ashok/miniconda3/envs/mysecondenvironment/lib/python3.8/site-packages/airflow/example_dags/example_dag_decorator.py for tasks to queue
[2025-09-14T09:40:28.670+0545] {logging_mixin.py:190} INFO - [2025-09-14T09:40:28.670+0545] {dagbag.py:588} INFO - Filling up the DagBag from /home/ashok/miniconda3/envs/mysecondenvironment/lib/python3.8/site-packages/airflow/example_dags/example_dag_decorator.py
[2025-09-14T09:40:28.702+0545] {processor.py:925} INFO - DAG(s) 'example_dag_decorator' retrieved from /home/ashok/miniconda3/envs/mysecondenvironment/lib/python3.8/site-packages/airflow/example_dags/example_dag_decorator.py
[2025-09-14T09:40:28.742+0545] {logging_mixin.py:190} INFO - [2025-09-14T09:40:28.742+0545] {dag.py:3239} INFO - Sync 1 DAGs
[2025-09-14T09:40:28.746+0545] {logging_mixin.py:190} INFO - [2025-09-14T09:40:28.746+0545] {dag.py:4180} INFO - Setting next_dagrun for example_dag_decorator to None, run_after=None
[2025-09-14T09:40:28.764+0545] {processor.py:208} INFO - Processing /home/ashok/miniconda3/envs/mysecondenvironment/lib/python3.8/site-packages/airflow/example_dags/example_dag_decorator.py took 0.101 seconds
[2025-09-14T09:41:24.919+0545] {processor.py:186} INFO - Started process (PID=33345) to work on /home/ashok/miniconda3/envs/mysecondenvironment/lib/python3.8/site-packages/airflow/example_dags/example_dag_decorator.py
[2025-09-14T09:41:24.920+0545] {processor.py:914} INFO - Processing file /home/ashok/miniconda3/envs/mysecondenvironment/lib/python3.8/site-packages/airflow/example_dags/example_dag_decorator.py for tasks to queue
[2025-09-14T09:41:24.921+0545] {logging_mixin.py:190} INFO - [2025-09-14T09:41:24.920+0545] {dagbag.py:588} INFO - Filling up the DagBag from /home/ashok/miniconda3/envs/mysecondenvironment/lib/python3.8/site-packages/airflow/example_dags/example_dag_decorator.py
[2025-09-14T09:41:24.955+0545] {processor.py:925} INFO - DAG(s) 'example_dag_decorator' retrieved from /home/ashok/miniconda3/envs/mysecondenvironment/lib/python3.8/site-packages/airflow/example_dags/example_dag_decorator.py
[2025-09-14T09:41:24.997+0545] {logging_mixin.py:190} INFO - [2025-09-14T09:41:24.997+0545] {dag.py:3239} INFO - Sync 1 DAGs
[2025-09-14T09:41:25.001+0545] {logging_mixin.py:190} INFO - [2025-09-14T09:41:25.001+0545] {dag.py:4180} INFO - Setting next_dagrun for example_dag_decorator to None, run_after=None
[2025-09-14T09:41:25.014+0545] {processor.py:208} INFO - Processing /home/ashok/miniconda3/envs/mysecondenvironment/lib/python3.8/site-packages/airflow/example_dags/example_dag_decorator.py took 0.099 seconds
[2025-09-14T09:42:20.297+0545] {processor.py:186} INFO - Started process (PID=33802) to work on /home/ashok/miniconda3/envs/mysecondenvironment/lib/python3.8/site-packages/airflow/example_dags/example_dag_decorator.py
[2025-09-14T09:42:20.299+0545] {processor.py:914} INFO - Processing file /home/ashok/miniconda3/envs/mysecondenvironment/lib/python3.8/site-packages/airflow/example_dags/example_dag_decorator.py for tasks to queue
[2025-09-14T09:42:20.301+0545] {logging_mixin.py:190} INFO - [2025-09-14T09:42:20.301+0545] {dagbag.py:588} INFO - Filling up the DagBag from /home/ashok/miniconda3/envs/mysecondenvironment/lib/python3.8/site-packages/airflow/example_dags/example_dag_decorator.py
[2025-09-14T09:42:20.343+0545] {processor.py:925} INFO - DAG(s) 'example_dag_decorator' retrieved from /home/ashok/miniconda3/envs/mysecondenvironment/lib/python3.8/site-packages/airflow/example_dags/example_dag_decorator.py
[2025-09-14T09:42:20.387+0545] {logging_mixin.py:190} INFO - [2025-09-14T09:42:20.387+0545] {dag.py:3239} INFO - Sync 1 DAGs
[2025-09-14T09:42:20.391+0545] {logging_mixin.py:190} INFO - [2025-09-14T09:42:20.391+0545] {dag.py:4180} INFO - Setting next_dagrun for example_dag_decorator to None, run_after=None
[2025-09-14T09:42:20.407+0545] {processor.py:208} INFO - Processing /home/ashok/miniconda3/envs/mysecondenvironment/lib/python3.8/site-packages/airflow/example_dags/example_dag_decorator.py took 0.115 seconds
[2025-09-14T09:43:16.468+0545] {processor.py:186} INFO - Started process (PID=34220) to work on /home/ashok/miniconda3/envs/mysecondenvironment/lib/python3.8/site-packages/airflow/example_dags/example_dag_decorator.py
[2025-09-14T09:43:16.470+0545] {processor.py:914} INFO - Processing file /home/ashok/miniconda3/envs/mysecondenvironment/lib/python3.8/site-packages/airflow/example_dags/example_dag_decorator.py for tasks to queue
[2025-09-14T09:43:16.470+0545] {logging_mixin.py:190} INFO - [2025-09-14T09:43:16.470+0545] {dagbag.py:588} INFO - Filling up the DagBag from /home/ashok/miniconda3/envs/mysecondenvironment/lib/python3.8/site-packages/airflow/example_dags/example_dag_decorator.py
[2025-09-14T09:43:16.506+0545] {processor.py:925} INFO - DAG(s) 'example_dag_decorator' retrieved from /home/ashok/miniconda3/envs/mysecondenvironment/lib/python3.8/site-packages/airflow/example_dags/example_dag_decorator.py
[2025-09-14T09:43:16.550+0545] {logging_mixin.py:190} INFO - [2025-09-14T09:43:16.550+0545] {dag.py:3239} INFO - Sync 1 DAGs
[2025-09-14T09:43:16.554+0545] {logging_mixin.py:190} INFO - [2025-09-14T09:43:16.554+0545] {dag.py:4180} INFO - Setting next_dagrun for example_dag_decorator to None, run_after=None
[2025-09-14T09:43:16.569+0545] {processor.py:208} INFO - Processing /home/ashok/miniconda3/envs/mysecondenvironment/lib/python3.8/site-packages/airflow/example_dags/example_dag_decorator.py took 0.105 seconds
[2025-09-14T09:44:12.368+0545] {processor.py:186} INFO - Started process (PID=34607) to work on /home/ashok/miniconda3/envs/mysecondenvironment/lib/python3.8/site-packages/airflow/example_dags/example_dag_decorator.py
[2025-09-14T09:44:12.370+0545] {processor.py:914} INFO - Processing file /home/ashok/miniconda3/envs/mysecondenvironment/lib/python3.8/site-packages/airflow/example_dags/example_dag_decorator.py for tasks to queue
[2025-09-14T09:44:12.371+0545] {logging_mixin.py:190} INFO - [2025-09-14T09:44:12.371+0545] {dagbag.py:588} INFO - Filling up the DagBag from /home/ashok/miniconda3/envs/mysecondenvironment/lib/python3.8/site-packages/airflow/example_dags/example_dag_decorator.py
[2025-09-14T09:44:12.405+0545] {processor.py:925} INFO - DAG(s) 'example_dag_decorator' retrieved from /home/ashok/miniconda3/envs/mysecondenvironment/lib/python3.8/site-packages/airflow/example_dags/example_dag_decorator.py
[2025-09-14T09:44:12.447+0545] {logging_mixin.py:190} INFO - [2025-09-14T09:44:12.447+0545] {dag.py:3239} INFO - Sync 1 DAGs
[2025-09-14T09:44:12.451+0545] {logging_mixin.py:190} INFO - [2025-09-14T09:44:12.451+0545] {dag.py:4180} INFO - Setting next_dagrun for example_dag_decorator to None, run_after=None
[2025-09-14T09:44:12.466+0545] {processor.py:208} INFO - Processing /home/ashok/miniconda3/envs/mysecondenvironment/lib/python3.8/site-packages/airflow/example_dags/example_dag_decorator.py took 0.102 seconds
[2025-09-14T09:45:10.879+0545] {processor.py:186} INFO - Started process (PID=35001) to work on /home/ashok/miniconda3/envs/mysecondenvironment/lib/python3.8/site-packages/airflow/example_dags/example_dag_decorator.py
[2025-09-14T09:45:10.881+0545] {processor.py:914} INFO - Processing file /home/ashok/miniconda3/envs/mysecondenvironment/lib/python3.8/site-packages/airflow/example_dags/example_dag_decorator.py for tasks to queue
[2025-09-14T09:45:10.882+0545] {logging_mixin.py:190} INFO - [2025-09-14T09:45:10.882+0545] {dagbag.py:588} INFO - Filling up the DagBag from /home/ashok/miniconda3/envs/mysecondenvironment/lib/python3.8/site-packages/airflow/example_dags/example_dag_decorator.py
[2025-09-14T09:45:10.916+0545] {processor.py:925} INFO - DAG(s) 'example_dag_decorator' retrieved from /home/ashok/miniconda3/envs/mysecondenvironment/lib/python3.8/site-packages/airflow/example_dags/example_dag_decorator.py
[2025-09-14T09:45:10.954+0545] {logging_mixin.py:190} INFO - [2025-09-14T09:45:10.954+0545] {dag.py:3239} INFO - Sync 1 DAGs
[2025-09-14T09:45:10.958+0545] {logging_mixin.py:190} INFO - [2025-09-14T09:45:10.958+0545] {dag.py:4180} INFO - Setting next_dagrun for example_dag_decorator to None, run_after=None
[2025-09-14T09:45:10.975+0545] {processor.py:208} INFO - Processing /home/ashok/miniconda3/envs/mysecondenvironment/lib/python3.8/site-packages/airflow/example_dags/example_dag_decorator.py took 0.099 seconds
[2025-09-14T09:46:03.476+0545] {processor.py:186} INFO - Started process (PID=35399) to work on /home/ashok/miniconda3/envs/mysecondenvironment/lib/python3.8/site-packages/airflow/example_dags/example_dag_decorator.py
[2025-09-14T09:46:03.478+0545] {processor.py:914} INFO - Processing file /home/ashok/miniconda3/envs/mysecondenvironment/lib/python3.8/site-packages/airflow/example_dags/example_dag_decorator.py for tasks to queue
[2025-09-14T09:46:03.479+0545] {logging_mixin.py:190} INFO - [2025-09-14T09:46:03.479+0545] {dagbag.py:588} INFO - Filling up the DagBag from /home/ashok/miniconda3/envs/mysecondenvironment/lib/python3.8/site-packages/airflow/example_dags/example_dag_decorator.py
[2025-09-14T09:46:03.511+0545] {processor.py:925} INFO - DAG(s) 'example_dag_decorator' retrieved from /home/ashok/miniconda3/envs/mysecondenvironment/lib/python3.8/site-packages/airflow/example_dags/example_dag_decorator.py
[2025-09-14T09:46:03.552+0545] {logging_mixin.py:190} INFO - [2025-09-14T09:46:03.551+0545] {dag.py:3239} INFO - Sync 1 DAGs
[2025-09-14T09:46:03.556+0545] {logging_mixin.py:190} INFO - [2025-09-14T09:46:03.555+0545] {dag.py:4180} INFO - Setting next_dagrun for example_dag_decorator to None, run_after=None
[2025-09-14T09:46:03.573+0545] {processor.py:208} INFO - Processing /home/ashok/miniconda3/envs/mysecondenvironment/lib/python3.8/site-packages/airflow/example_dags/example_dag_decorator.py took 0.100 seconds
[2025-09-14T09:46:56.127+0545] {processor.py:186} INFO - Started process (PID=35779) to work on /home/ashok/miniconda3/envs/mysecondenvironment/lib/python3.8/site-packages/airflow/example_dags/example_dag_decorator.py
[2025-09-14T09:46:56.130+0545] {processor.py:914} INFO - Processing file /home/ashok/miniconda3/envs/mysecondenvironment/lib/python3.8/site-packages/airflow/example_dags/example_dag_decorator.py for tasks to queue
[2025-09-14T09:46:56.131+0545] {logging_mixin.py:190} INFO - [2025-09-14T09:46:56.130+0545] {dagbag.py:588} INFO - Filling up the DagBag from /home/ashok/miniconda3/envs/mysecondenvironment/lib/python3.8/site-packages/airflow/example_dags/example_dag_decorator.py
[2025-09-14T09:46:56.164+0545] {processor.py:925} INFO - DAG(s) 'example_dag_decorator' retrieved from /home/ashok/miniconda3/envs/mysecondenvironment/lib/python3.8/site-packages/airflow/example_dags/example_dag_decorator.py
[2025-09-14T09:46:56.208+0545] {logging_mixin.py:190} INFO - [2025-09-14T09:46:56.207+0545] {dag.py:3239} INFO - Sync 1 DAGs
[2025-09-14T09:46:56.213+0545] {logging_mixin.py:190} INFO - [2025-09-14T09:46:56.212+0545] {dag.py:4180} INFO - Setting next_dagrun for example_dag_decorator to None, run_after=None
[2025-09-14T09:46:56.227+0545] {processor.py:208} INFO - Processing /home/ashok/miniconda3/envs/mysecondenvironment/lib/python3.8/site-packages/airflow/example_dags/example_dag_decorator.py took 0.103 seconds
[2025-09-14T09:47:50.134+0545] {processor.py:186} INFO - Started process (PID=36138) to work on /home/ashok/miniconda3/envs/mysecondenvironment/lib/python3.8/site-packages/airflow/example_dags/example_dag_decorator.py
[2025-09-14T09:47:50.136+0545] {processor.py:914} INFO - Processing file /home/ashok/miniconda3/envs/mysecondenvironment/lib/python3.8/site-packages/airflow/example_dags/example_dag_decorator.py for tasks to queue
[2025-09-14T09:47:50.137+0545] {logging_mixin.py:190} INFO - [2025-09-14T09:47:50.137+0545] {dagbag.py:588} INFO - Filling up the DagBag from /home/ashok/miniconda3/envs/mysecondenvironment/lib/python3.8/site-packages/airflow/example_dags/example_dag_decorator.py
[2025-09-14T09:47:50.169+0545] {processor.py:925} INFO - DAG(s) 'example_dag_decorator' retrieved from /home/ashok/miniconda3/envs/mysecondenvironment/lib/python3.8/site-packages/airflow/example_dags/example_dag_decorator.py
[2025-09-14T09:47:50.208+0545] {logging_mixin.py:190} INFO - [2025-09-14T09:47:50.208+0545] {dag.py:3239} INFO - Sync 1 DAGs
[2025-09-14T09:47:50.304+0545] {logging_mixin.py:190} INFO - [2025-09-14T09:47:50.304+0545] {dag.py:4180} INFO - Setting next_dagrun for example_dag_decorator to None, run_after=None
[2025-09-14T09:47:50.323+0545] {processor.py:208} INFO - Processing /home/ashok/miniconda3/envs/mysecondenvironment/lib/python3.8/site-packages/airflow/example_dags/example_dag_decorator.py took 0.194 seconds
[2025-09-14T09:48:44.332+0545] {processor.py:186} INFO - Started process (PID=36542) to work on /home/ashok/miniconda3/envs/mysecondenvironment/lib/python3.8/site-packages/airflow/example_dags/example_dag_decorator.py
[2025-09-14T09:48:44.334+0545] {processor.py:914} INFO - Processing file /home/ashok/miniconda3/envs/mysecondenvironment/lib/python3.8/site-packages/airflow/example_dags/example_dag_decorator.py for tasks to queue
[2025-09-14T09:48:44.334+0545] {logging_mixin.py:190} INFO - [2025-09-14T09:48:44.334+0545] {dagbag.py:588} INFO - Filling up the DagBag from /home/ashok/miniconda3/envs/mysecondenvironment/lib/python3.8/site-packages/airflow/example_dags/example_dag_decorator.py
[2025-09-14T09:48:44.373+0545] {processor.py:925} INFO - DAG(s) 'example_dag_decorator' retrieved from /home/ashok/miniconda3/envs/mysecondenvironment/lib/python3.8/site-packages/airflow/example_dags/example_dag_decorator.py
[2025-09-14T09:48:44.518+0545] {logging_mixin.py:190} INFO - [2025-09-14T09:48:44.518+0545] {dag.py:3239} INFO - Sync 1 DAGs
[2025-09-14T09:48:44.522+0545] {logging_mixin.py:190} INFO - [2025-09-14T09:48:44.521+0545] {dag.py:4180} INFO - Setting next_dagrun for example_dag_decorator to None, run_after=None
[2025-09-14T09:48:44.539+0545] {processor.py:208} INFO - Processing /home/ashok/miniconda3/envs/mysecondenvironment/lib/python3.8/site-packages/airflow/example_dags/example_dag_decorator.py took 0.211 seconds
[2025-09-14T09:49:38.737+0545] {processor.py:186} INFO - Started process (PID=36906) to work on /home/ashok/miniconda3/envs/mysecondenvironment/lib/python3.8/site-packages/airflow/example_dags/example_dag_decorator.py
[2025-09-14T09:49:38.738+0545] {processor.py:914} INFO - Processing file /home/ashok/miniconda3/envs/mysecondenvironment/lib/python3.8/site-packages/airflow/example_dags/example_dag_decorator.py for tasks to queue
[2025-09-14T09:49:38.739+0545] {logging_mixin.py:190} INFO - [2025-09-14T09:49:38.739+0545] {dagbag.py:588} INFO - Filling up the DagBag from /home/ashok/miniconda3/envs/mysecondenvironment/lib/python3.8/site-packages/airflow/example_dags/example_dag_decorator.py
[2025-09-14T09:49:38.772+0545] {processor.py:925} INFO - DAG(s) 'example_dag_decorator' retrieved from /home/ashok/miniconda3/envs/mysecondenvironment/lib/python3.8/site-packages/airflow/example_dags/example_dag_decorator.py
[2025-09-14T09:49:38.924+0545] {logging_mixin.py:190} INFO - [2025-09-14T09:49:38.924+0545] {dag.py:3239} INFO - Sync 1 DAGs
[2025-09-14T09:49:38.928+0545] {logging_mixin.py:190} INFO - [2025-09-14T09:49:38.928+0545] {dag.py:4180} INFO - Setting next_dagrun for example_dag_decorator to None, run_after=None
[2025-09-14T09:49:38.944+0545] {processor.py:208} INFO - Processing /home/ashok/miniconda3/envs/mysecondenvironment/lib/python3.8/site-packages/airflow/example_dags/example_dag_decorator.py took 0.211 seconds
[2025-09-14T09:50:34.968+0545] {processor.py:186} INFO - Started process (PID=37303) to work on /home/ashok/miniconda3/envs/mysecondenvironment/lib/python3.8/site-packages/airflow/example_dags/example_dag_decorator.py
[2025-09-14T09:50:34.970+0545] {processor.py:914} INFO - Processing file /home/ashok/miniconda3/envs/mysecondenvironment/lib/python3.8/site-packages/airflow/example_dags/example_dag_decorator.py for tasks to queue
[2025-09-14T09:50:34.971+0545] {logging_mixin.py:190} INFO - [2025-09-14T09:50:34.970+0545] {dagbag.py:588} INFO - Filling up the DagBag from /home/ashok/miniconda3/envs/mysecondenvironment/lib/python3.8/site-packages/airflow/example_dags/example_dag_decorator.py
[2025-09-14T09:50:35.015+0545] {processor.py:925} INFO - DAG(s) 'example_dag_decorator' retrieved from /home/ashok/miniconda3/envs/mysecondenvironment/lib/python3.8/site-packages/airflow/example_dags/example_dag_decorator.py
[2025-09-14T09:50:35.177+0545] {logging_mixin.py:190} INFO - [2025-09-14T09:50:35.177+0545] {dag.py:3239} INFO - Sync 1 DAGs
[2025-09-14T09:50:35.181+0545] {logging_mixin.py:190} INFO - [2025-09-14T09:50:35.181+0545] {dag.py:4180} INFO - Setting next_dagrun for example_dag_decorator to None, run_after=None
[2025-09-14T09:50:35.200+0545] {processor.py:208} INFO - Processing /home/ashok/miniconda3/envs/mysecondenvironment/lib/python3.8/site-packages/airflow/example_dags/example_dag_decorator.py took 0.236 seconds
[2025-09-14T09:51:30.400+0545] {processor.py:186} INFO - Started process (PID=37755) to work on /home/ashok/miniconda3/envs/mysecondenvironment/lib/python3.8/site-packages/airflow/example_dags/example_dag_decorator.py
[2025-09-14T09:51:30.402+0545] {processor.py:914} INFO - Processing file /home/ashok/miniconda3/envs/mysecondenvironment/lib/python3.8/site-packages/airflow/example_dags/example_dag_decorator.py for tasks to queue
[2025-09-14T09:51:30.403+0545] {logging_mixin.py:190} INFO - [2025-09-14T09:51:30.403+0545] {dagbag.py:588} INFO - Filling up the DagBag from /home/ashok/miniconda3/envs/mysecondenvironment/lib/python3.8/site-packages/airflow/example_dags/example_dag_decorator.py
[2025-09-14T09:51:30.528+0545] {processor.py:925} INFO - DAG(s) 'example_dag_decorator' retrieved from /home/ashok/miniconda3/envs/mysecondenvironment/lib/python3.8/site-packages/airflow/example_dags/example_dag_decorator.py
[2025-09-14T09:51:30.562+0545] {logging_mixin.py:190} INFO - [2025-09-14T09:51:30.562+0545] {dag.py:3239} INFO - Sync 1 DAGs
[2025-09-14T09:51:30.566+0545] {logging_mixin.py:190} INFO - [2025-09-14T09:51:30.566+0545] {dag.py:4180} INFO - Setting next_dagrun for example_dag_decorator to None, run_after=None
[2025-09-14T09:51:30.583+0545] {processor.py:208} INFO - Processing /home/ashok/miniconda3/envs/mysecondenvironment/lib/python3.8/site-packages/airflow/example_dags/example_dag_decorator.py took 0.188 seconds
[2025-09-14T09:52:27.313+0545] {processor.py:186} INFO - Started process (PID=38240) to work on /home/ashok/miniconda3/envs/mysecondenvironment/lib/python3.8/site-packages/airflow/example_dags/example_dag_decorator.py
[2025-09-14T09:52:27.315+0545] {processor.py:914} INFO - Processing file /home/ashok/miniconda3/envs/mysecondenvironment/lib/python3.8/site-packages/airflow/example_dags/example_dag_decorator.py for tasks to queue
[2025-09-14T09:52:27.316+0545] {logging_mixin.py:190} INFO - [2025-09-14T09:52:27.316+0545] {dagbag.py:588} INFO - Filling up the DagBag from /home/ashok/miniconda3/envs/mysecondenvironment/lib/python3.8/site-packages/airflow/example_dags/example_dag_decorator.py
[2025-09-14T09:52:27.458+0545] {processor.py:925} INFO - DAG(s) 'example_dag_decorator' retrieved from /home/ashok/miniconda3/envs/mysecondenvironment/lib/python3.8/site-packages/airflow/example_dags/example_dag_decorator.py
[2025-09-14T09:52:27.496+0545] {logging_mixin.py:190} INFO - [2025-09-14T09:52:27.496+0545] {dag.py:3239} INFO - Sync 1 DAGs
[2025-09-14T09:52:27.499+0545] {logging_mixin.py:190} INFO - [2025-09-14T09:52:27.499+0545] {dag.py:4180} INFO - Setting next_dagrun for example_dag_decorator to None, run_after=None
[2025-09-14T09:52:27.515+0545] {processor.py:208} INFO - Processing /home/ashok/miniconda3/envs/mysecondenvironment/lib/python3.8/site-packages/airflow/example_dags/example_dag_decorator.py took 0.206 seconds
[2025-09-14T09:53:24.434+0545] {processor.py:186} INFO - Started process (PID=38681) to work on /home/ashok/miniconda3/envs/mysecondenvironment/lib/python3.8/site-packages/airflow/example_dags/example_dag_decorator.py
[2025-09-14T09:53:24.436+0545] {processor.py:914} INFO - Processing file /home/ashok/miniconda3/envs/mysecondenvironment/lib/python3.8/site-packages/airflow/example_dags/example_dag_decorator.py for tasks to queue
[2025-09-14T09:53:24.437+0545] {logging_mixin.py:190} INFO - [2025-09-14T09:53:24.436+0545] {dagbag.py:588} INFO - Filling up the DagBag from /home/ashok/miniconda3/envs/mysecondenvironment/lib/python3.8/site-packages/airflow/example_dags/example_dag_decorator.py
[2025-09-14T09:53:24.564+0545] {processor.py:925} INFO - DAG(s) 'example_dag_decorator' retrieved from /home/ashok/miniconda3/envs/mysecondenvironment/lib/python3.8/site-packages/airflow/example_dags/example_dag_decorator.py
[2025-09-14T09:53:24.602+0545] {logging_mixin.py:190} INFO - [2025-09-14T09:53:24.602+0545] {dag.py:3239} INFO - Sync 1 DAGs
[2025-09-14T09:53:24.606+0545] {logging_mixin.py:190} INFO - [2025-09-14T09:53:24.606+0545] {dag.py:4180} INFO - Setting next_dagrun for example_dag_decorator to None, run_after=None
[2025-09-14T09:53:24.622+0545] {processor.py:208} INFO - Processing /home/ashok/miniconda3/envs/mysecondenvironment/lib/python3.8/site-packages/airflow/example_dags/example_dag_decorator.py took 0.191 seconds
[2025-09-14T09:54:22.250+0545] {processor.py:186} INFO - Started process (PID=39385) to work on /home/ashok/miniconda3/envs/mysecondenvironment/lib/python3.8/site-packages/airflow/example_dags/example_dag_decorator.py
[2025-09-14T09:54:22.252+0545] {processor.py:914} INFO - Processing file /home/ashok/miniconda3/envs/mysecondenvironment/lib/python3.8/site-packages/airflow/example_dags/example_dag_decorator.py for tasks to queue
[2025-09-14T09:54:22.253+0545] {logging_mixin.py:190} INFO - [2025-09-14T09:54:22.253+0545] {dagbag.py:588} INFO - Filling up the DagBag from /home/ashok/miniconda3/envs/mysecondenvironment/lib/python3.8/site-packages/airflow/example_dags/example_dag_decorator.py
[2025-09-14T09:54:22.285+0545] {processor.py:925} INFO - DAG(s) 'example_dag_decorator' retrieved from /home/ashok/miniconda3/envs/mysecondenvironment/lib/python3.8/site-packages/airflow/example_dags/example_dag_decorator.py
[2025-09-14T09:54:22.326+0545] {logging_mixin.py:190} INFO - [2025-09-14T09:54:22.325+0545] {dag.py:3239} INFO - Sync 1 DAGs
[2025-09-14T09:54:22.329+0545] {logging_mixin.py:190} INFO - [2025-09-14T09:54:22.329+0545] {dag.py:4180} INFO - Setting next_dagrun for example_dag_decorator to None, run_after=None
[2025-09-14T09:54:22.345+0545] {processor.py:208} INFO - Processing /home/ashok/miniconda3/envs/mysecondenvironment/lib/python3.8/site-packages/airflow/example_dags/example_dag_decorator.py took 0.099 seconds
[2025-09-14T09:55:14.949+0545] {processor.py:186} INFO - Started process (PID=39813) to work on /home/ashok/miniconda3/envs/mysecondenvironment/lib/python3.8/site-packages/airflow/example_dags/example_dag_decorator.py
[2025-09-14T09:55:14.951+0545] {processor.py:914} INFO - Processing file /home/ashok/miniconda3/envs/mysecondenvironment/lib/python3.8/site-packages/airflow/example_dags/example_dag_decorator.py for tasks to queue
[2025-09-14T09:55:14.952+0545] {logging_mixin.py:190} INFO - [2025-09-14T09:55:14.951+0545] {dagbag.py:588} INFO - Filling up the DagBag from /home/ashok/miniconda3/envs/mysecondenvironment/lib/python3.8/site-packages/airflow/example_dags/example_dag_decorator.py
[2025-09-14T09:55:14.987+0545] {processor.py:925} INFO - DAG(s) 'example_dag_decorator' retrieved from /home/ashok/miniconda3/envs/mysecondenvironment/lib/python3.8/site-packages/airflow/example_dags/example_dag_decorator.py
[2025-09-14T09:55:14.996+0545] {logging_mixin.py:190} INFO - [2025-09-14T09:55:14.996+0545] {dag.py:3239} INFO - Sync 1 DAGs
[2025-09-14T09:55:15.002+0545] {logging_mixin.py:190} INFO - [2025-09-14T09:55:15.001+0545] {dag.py:4180} INFO - Setting next_dagrun for example_dag_decorator to None, run_after=None
[2025-09-14T09:55:15.019+0545] {processor.py:208} INFO - Processing /home/ashok/miniconda3/envs/mysecondenvironment/lib/python3.8/site-packages/airflow/example_dags/example_dag_decorator.py took 0.074 seconds
[2025-09-14T09:56:09.247+0545] {processor.py:186} INFO - Started process (PID=40255) to work on /home/ashok/miniconda3/envs/mysecondenvironment/lib/python3.8/site-packages/airflow/example_dags/example_dag_decorator.py
[2025-09-14T09:56:09.249+0545] {processor.py:914} INFO - Processing file /home/ashok/miniconda3/envs/mysecondenvironment/lib/python3.8/site-packages/airflow/example_dags/example_dag_decorator.py for tasks to queue
[2025-09-14T09:56:09.249+0545] {logging_mixin.py:190} INFO - [2025-09-14T09:56:09.249+0545] {dagbag.py:588} INFO - Filling up the DagBag from /home/ashok/miniconda3/envs/mysecondenvironment/lib/python3.8/site-packages/airflow/example_dags/example_dag_decorator.py
[2025-09-14T09:56:09.288+0545] {processor.py:925} INFO - DAG(s) 'example_dag_decorator' retrieved from /home/ashok/miniconda3/envs/mysecondenvironment/lib/python3.8/site-packages/airflow/example_dags/example_dag_decorator.py
[2025-09-14T09:56:09.298+0545] {logging_mixin.py:190} INFO - [2025-09-14T09:56:09.298+0545] {dag.py:3239} INFO - Sync 1 DAGs
[2025-09-14T09:56:09.305+0545] {logging_mixin.py:190} INFO - [2025-09-14T09:56:09.304+0545] {dag.py:4180} INFO - Setting next_dagrun for example_dag_decorator to None, run_after=None
[2025-09-14T09:56:09.322+0545] {processor.py:208} INFO - Processing /home/ashok/miniconda3/envs/mysecondenvironment/lib/python3.8/site-packages/airflow/example_dags/example_dag_decorator.py took 0.080 seconds
[2025-09-14T09:57:05.745+0545] {processor.py:186} INFO - Started process (PID=40717) to work on /home/ashok/miniconda3/envs/mysecondenvironment/lib/python3.8/site-packages/airflow/example_dags/example_dag_decorator.py
[2025-09-14T09:57:05.747+0545] {processor.py:914} INFO - Processing file /home/ashok/miniconda3/envs/mysecondenvironment/lib/python3.8/site-packages/airflow/example_dags/example_dag_decorator.py for tasks to queue
[2025-09-14T09:57:05.748+0545] {logging_mixin.py:190} INFO - [2025-09-14T09:57:05.747+0545] {dagbag.py:588} INFO - Filling up the DagBag from /home/ashok/miniconda3/envs/mysecondenvironment/lib/python3.8/site-packages/airflow/example_dags/example_dag_decorator.py
[2025-09-14T09:57:05.782+0545] {processor.py:925} INFO - DAG(s) 'example_dag_decorator' retrieved from /home/ashok/miniconda3/envs/mysecondenvironment/lib/python3.8/site-packages/airflow/example_dags/example_dag_decorator.py
[2025-09-14T09:57:05.791+0545] {logging_mixin.py:190} INFO - [2025-09-14T09:57:05.791+0545] {dag.py:3239} INFO - Sync 1 DAGs
[2025-09-14T09:57:05.796+0545] {logging_mixin.py:190} INFO - [2025-09-14T09:57:05.796+0545] {dag.py:4180} INFO - Setting next_dagrun for example_dag_decorator to None, run_after=None
[2025-09-14T09:57:05.813+0545] {processor.py:208} INFO - Processing /home/ashok/miniconda3/envs/mysecondenvironment/lib/python3.8/site-packages/airflow/example_dags/example_dag_decorator.py took 0.071 seconds
[2025-09-14T09:58:00.344+0545] {processor.py:186} INFO - Started process (PID=41341) to work on /home/ashok/miniconda3/envs/mysecondenvironment/lib/python3.8/site-packages/airflow/example_dags/example_dag_decorator.py
[2025-09-14T09:58:00.346+0545] {processor.py:914} INFO - Processing file /home/ashok/miniconda3/envs/mysecondenvironment/lib/python3.8/site-packages/airflow/example_dags/example_dag_decorator.py for tasks to queue
[2025-09-14T09:58:00.347+0545] {logging_mixin.py:190} INFO - [2025-09-14T09:58:00.346+0545] {dagbag.py:588} INFO - Filling up the DagBag from /home/ashok/miniconda3/envs/mysecondenvironment/lib/python3.8/site-packages/airflow/example_dags/example_dag_decorator.py
[2025-09-14T09:58:00.383+0545] {processor.py:925} INFO - DAG(s) 'example_dag_decorator' retrieved from /home/ashok/miniconda3/envs/mysecondenvironment/lib/python3.8/site-packages/airflow/example_dags/example_dag_decorator.py
[2025-09-14T09:58:00.392+0545] {logging_mixin.py:190} INFO - [2025-09-14T09:58:00.392+0545] {dag.py:3239} INFO - Sync 1 DAGs
[2025-09-14T09:58:00.397+0545] {logging_mixin.py:190} INFO - [2025-09-14T09:58:00.397+0545] {dag.py:4180} INFO - Setting next_dagrun for example_dag_decorator to None, run_after=None
[2025-09-14T09:58:00.415+0545] {processor.py:208} INFO - Processing /home/ashok/miniconda3/envs/mysecondenvironment/lib/python3.8/site-packages/airflow/example_dags/example_dag_decorator.py took 0.074 seconds
[2025-09-14T09:58:53.774+0545] {processor.py:186} INFO - Started process (PID=41757) to work on /home/ashok/miniconda3/envs/mysecondenvironment/lib/python3.8/site-packages/airflow/example_dags/example_dag_decorator.py
[2025-09-14T09:58:53.776+0545] {processor.py:914} INFO - Processing file /home/ashok/miniconda3/envs/mysecondenvironment/lib/python3.8/site-packages/airflow/example_dags/example_dag_decorator.py for tasks to queue
[2025-09-14T09:58:53.777+0545] {logging_mixin.py:190} INFO - [2025-09-14T09:58:53.776+0545] {dagbag.py:588} INFO - Filling up the DagBag from /home/ashok/miniconda3/envs/mysecondenvironment/lib/python3.8/site-packages/airflow/example_dags/example_dag_decorator.py
[2025-09-14T09:58:53.809+0545] {processor.py:925} INFO - DAG(s) 'example_dag_decorator' retrieved from /home/ashok/miniconda3/envs/mysecondenvironment/lib/python3.8/site-packages/airflow/example_dags/example_dag_decorator.py
[2025-09-14T09:58:53.818+0545] {logging_mixin.py:190} INFO - [2025-09-14T09:58:53.818+0545] {dag.py:3239} INFO - Sync 1 DAGs
[2025-09-14T09:58:53.823+0545] {logging_mixin.py:190} INFO - [2025-09-14T09:58:53.823+0545] {dag.py:4180} INFO - Setting next_dagrun for example_dag_decorator to None, run_after=None
[2025-09-14T09:58:53.841+0545] {processor.py:208} INFO - Processing /home/ashok/miniconda3/envs/mysecondenvironment/lib/python3.8/site-packages/airflow/example_dags/example_dag_decorator.py took 0.070 seconds
[2025-09-14T09:59:49.431+0545] {processor.py:186} INFO - Started process (PID=42225) to work on /home/ashok/miniconda3/envs/mysecondenvironment/lib/python3.8/site-packages/airflow/example_dags/example_dag_decorator.py
[2025-09-14T09:59:49.433+0545] {processor.py:914} INFO - Processing file /home/ashok/miniconda3/envs/mysecondenvironment/lib/python3.8/site-packages/airflow/example_dags/example_dag_decorator.py for tasks to queue
[2025-09-14T09:59:49.434+0545] {logging_mixin.py:190} INFO - [2025-09-14T09:59:49.434+0545] {dagbag.py:588} INFO - Filling up the DagBag from /home/ashok/miniconda3/envs/mysecondenvironment/lib/python3.8/site-packages/airflow/example_dags/example_dag_decorator.py
[2025-09-14T09:59:49.466+0545] {processor.py:925} INFO - DAG(s) 'example_dag_decorator' retrieved from /home/ashok/miniconda3/envs/mysecondenvironment/lib/python3.8/site-packages/airflow/example_dags/example_dag_decorator.py
[2025-09-14T09:59:49.478+0545] {logging_mixin.py:190} INFO - [2025-09-14T09:59:49.477+0545] {dag.py:3239} INFO - Sync 1 DAGs
[2025-09-14T09:59:49.484+0545] {logging_mixin.py:190} INFO - [2025-09-14T09:59:49.484+0545] {dag.py:4180} INFO - Setting next_dagrun for example_dag_decorator to None, run_after=None
[2025-09-14T09:59:49.502+0545] {processor.py:208} INFO - Processing /home/ashok/miniconda3/envs/mysecondenvironment/lib/python3.8/site-packages/airflow/example_dags/example_dag_decorator.py took 0.075 seconds
[2025-09-14T10:00:42.642+0545] {processor.py:186} INFO - Started process (PID=42694) to work on /home/ashok/miniconda3/envs/mysecondenvironment/lib/python3.8/site-packages/airflow/example_dags/example_dag_decorator.py
[2025-09-14T10:00:42.644+0545] {processor.py:914} INFO - Processing file /home/ashok/miniconda3/envs/mysecondenvironment/lib/python3.8/site-packages/airflow/example_dags/example_dag_decorator.py for tasks to queue
[2025-09-14T10:00:42.644+0545] {logging_mixin.py:190} INFO - [2025-09-14T10:00:42.644+0545] {dagbag.py:588} INFO - Filling up the DagBag from /home/ashok/miniconda3/envs/mysecondenvironment/lib/python3.8/site-packages/airflow/example_dags/example_dag_decorator.py
[2025-09-14T10:00:42.684+0545] {processor.py:925} INFO - DAG(s) 'example_dag_decorator' retrieved from /home/ashok/miniconda3/envs/mysecondenvironment/lib/python3.8/site-packages/airflow/example_dags/example_dag_decorator.py
[2025-09-14T10:00:42.695+0545] {logging_mixin.py:190} INFO - [2025-09-14T10:00:42.695+0545] {dag.py:3239} INFO - Sync 1 DAGs
[2025-09-14T10:00:42.701+0545] {logging_mixin.py:190} INFO - [2025-09-14T10:00:42.701+0545] {dag.py:4180} INFO - Setting next_dagrun for example_dag_decorator to None, run_after=None
[2025-09-14T10:00:42.718+0545] {processor.py:208} INFO - Processing /home/ashok/miniconda3/envs/mysecondenvironment/lib/python3.8/site-packages/airflow/example_dags/example_dag_decorator.py took 0.080 seconds
[2025-09-14T10:01:36.876+0545] {processor.py:186} INFO - Started process (PID=43300) to work on /home/ashok/miniconda3/envs/mysecondenvironment/lib/python3.8/site-packages/airflow/example_dags/example_dag_decorator.py
[2025-09-14T10:01:36.878+0545] {processor.py:914} INFO - Processing file /home/ashok/miniconda3/envs/mysecondenvironment/lib/python3.8/site-packages/airflow/example_dags/example_dag_decorator.py for tasks to queue
[2025-09-14T10:01:36.879+0545] {logging_mixin.py:190} INFO - [2025-09-14T10:01:36.879+0545] {dagbag.py:588} INFO - Filling up the DagBag from /home/ashok/miniconda3/envs/mysecondenvironment/lib/python3.8/site-packages/airflow/example_dags/example_dag_decorator.py
[2025-09-14T10:01:36.911+0545] {processor.py:925} INFO - DAG(s) 'example_dag_decorator' retrieved from /home/ashok/miniconda3/envs/mysecondenvironment/lib/python3.8/site-packages/airflow/example_dags/example_dag_decorator.py
[2025-09-14T10:01:36.921+0545] {logging_mixin.py:190} INFO - [2025-09-14T10:01:36.920+0545] {dag.py:3239} INFO - Sync 1 DAGs
[2025-09-14T10:01:36.929+0545] {logging_mixin.py:190} INFO - [2025-09-14T10:01:36.928+0545] {dag.py:4180} INFO - Setting next_dagrun for example_dag_decorator to None, run_after=None
[2025-09-14T10:01:36.947+0545] {processor.py:208} INFO - Processing /home/ashok/miniconda3/envs/mysecondenvironment/lib/python3.8/site-packages/airflow/example_dags/example_dag_decorator.py took 0.075 seconds
[2025-09-14T10:02:31.174+0545] {processor.py:186} INFO - Started process (PID=43653) to work on /home/ashok/miniconda3/envs/mysecondenvironment/lib/python3.8/site-packages/airflow/example_dags/example_dag_decorator.py
[2025-09-14T10:02:31.176+0545] {processor.py:914} INFO - Processing file /home/ashok/miniconda3/envs/mysecondenvironment/lib/python3.8/site-packages/airflow/example_dags/example_dag_decorator.py for tasks to queue
[2025-09-14T10:02:31.177+0545] {logging_mixin.py:190} INFO - [2025-09-14T10:02:31.177+0545] {dagbag.py:588} INFO - Filling up the DagBag from /home/ashok/miniconda3/envs/mysecondenvironment/lib/python3.8/site-packages/airflow/example_dags/example_dag_decorator.py
[2025-09-14T10:02:31.209+0545] {processor.py:925} INFO - DAG(s) 'example_dag_decorator' retrieved from /home/ashok/miniconda3/envs/mysecondenvironment/lib/python3.8/site-packages/airflow/example_dags/example_dag_decorator.py
[2025-09-14T10:02:31.218+0545] {logging_mixin.py:190} INFO - [2025-09-14T10:02:31.217+0545] {dag.py:3239} INFO - Sync 1 DAGs
[2025-09-14T10:02:31.223+0545] {logging_mixin.py:190} INFO - [2025-09-14T10:02:31.223+0545] {dag.py:4180} INFO - Setting next_dagrun for example_dag_decorator to None, run_after=None
[2025-09-14T10:02:31.241+0545] {processor.py:208} INFO - Processing /home/ashok/miniconda3/envs/mysecondenvironment/lib/python3.8/site-packages/airflow/example_dags/example_dag_decorator.py took 0.071 seconds
[2025-09-14T10:03:27.736+0545] {processor.py:186} INFO - Started process (PID=44018) to work on /home/ashok/miniconda3/envs/mysecondenvironment/lib/python3.8/site-packages/airflow/example_dags/example_dag_decorator.py
[2025-09-14T10:03:27.738+0545] {processor.py:914} INFO - Processing file /home/ashok/miniconda3/envs/mysecondenvironment/lib/python3.8/site-packages/airflow/example_dags/example_dag_decorator.py for tasks to queue
[2025-09-14T10:03:27.739+0545] {logging_mixin.py:190} INFO - [2025-09-14T10:03:27.739+0545] {dagbag.py:588} INFO - Filling up the DagBag from /home/ashok/miniconda3/envs/mysecondenvironment/lib/python3.8/site-packages/airflow/example_dags/example_dag_decorator.py
[2025-09-14T10:03:27.771+0545] {processor.py:925} INFO - DAG(s) 'example_dag_decorator' retrieved from /home/ashok/miniconda3/envs/mysecondenvironment/lib/python3.8/site-packages/airflow/example_dags/example_dag_decorator.py
[2025-09-14T10:03:27.811+0545] {logging_mixin.py:190} INFO - [2025-09-14T10:03:27.811+0545] {dag.py:3239} INFO - Sync 1 DAGs
[2025-09-14T10:03:27.815+0545] {logging_mixin.py:190} INFO - [2025-09-14T10:03:27.815+0545] {dag.py:4180} INFO - Setting next_dagrun for example_dag_decorator to None, run_after=None
[2025-09-14T10:03:27.835+0545] {processor.py:208} INFO - Processing /home/ashok/miniconda3/envs/mysecondenvironment/lib/python3.8/site-packages/airflow/example_dags/example_dag_decorator.py took 0.103 seconds
[2025-09-14T16:51:58.456+0545] {processor.py:186} INFO - Started process (PID=10339) to work on /home/ashok/miniconda3/envs/mysecondenvironment/lib/python3.8/site-packages/airflow/example_dags/example_dag_decorator.py
[2025-09-14T16:51:58.458+0545] {processor.py:914} INFO - Processing file /home/ashok/miniconda3/envs/mysecondenvironment/lib/python3.8/site-packages/airflow/example_dags/example_dag_decorator.py for tasks to queue
[2025-09-14T16:51:58.460+0545] {logging_mixin.py:190} INFO - [2025-09-14T16:51:58.459+0545] {dagbag.py:588} INFO - Filling up the DagBag from /home/ashok/miniconda3/envs/mysecondenvironment/lib/python3.8/site-packages/airflow/example_dags/example_dag_decorator.py
[2025-09-14T16:51:58.495+0545] {processor.py:925} INFO - DAG(s) 'example_dag_decorator' retrieved from /home/ashok/miniconda3/envs/mysecondenvironment/lib/python3.8/site-packages/airflow/example_dags/example_dag_decorator.py
[2025-09-14T16:51:58.539+0545] {logging_mixin.py:190} INFO - [2025-09-14T16:51:58.538+0545] {dag.py:3239} INFO - Sync 1 DAGs
[2025-09-14T16:51:58.544+0545] {logging_mixin.py:190} INFO - [2025-09-14T16:51:58.543+0545] {dag.py:4180} INFO - Setting next_dagrun for example_dag_decorator to None, run_after=None
[2025-09-14T16:51:58.561+0545] {processor.py:208} INFO - Processing /home/ashok/miniconda3/envs/mysecondenvironment/lib/python3.8/site-packages/airflow/example_dags/example_dag_decorator.py took 0.108 seconds
