[2025-09-14T09:22:39.144+0545] {processor.py:186} INFO - Started process (PID=22189) to work on /home/ashok/miniconda3/envs/mysecondenvironment/lib/python3.8/site-packages/airflow/example_dags/example_xcom.py
[2025-09-14T09:22:39.144+0545] {processor.py:914} INFO - Processing file /home/ashok/miniconda3/envs/mysecondenvironment/lib/python3.8/site-packages/airflow/example_dags/example_xcom.py for tasks to queue
[2025-09-14T09:22:39.146+0545] {logging_mixin.py:190} INFO - [2025-09-14T09:22:39.146+0545] {dagbag.py:588} INFO - Filling up the DagBag from /home/ashok/miniconda3/envs/mysecondenvironment/lib/python3.8/site-packages/airflow/example_dags/example_xcom.py
[2025-09-14T09:22:39.152+0545] {processor.py:925} INFO - DAG(s) 'example_xcom' retrieved from /home/ashok/miniconda3/envs/mysecondenvironment/lib/python3.8/site-packages/airflow/example_dags/example_xcom.py
[2025-09-14T09:22:39.164+0545] {logging_mixin.py:190} INFO - [2025-09-14T09:22:39.164+0545] {dag.py:3239} INFO - Sync 1 DAGs
[2025-09-14T09:22:39.173+0545] {logging_mixin.py:190} INFO - [2025-09-14T09:22:39.173+0545] {dag.py:4180} INFO - Setting next_dagrun for example_xcom to 2021-01-01 00:00:00+00:00, run_after=2021-01-01 00:00:00+00:00
[2025-09-14T09:22:39.191+0545] {processor.py:208} INFO - Processing /home/ashok/miniconda3/envs/mysecondenvironment/lib/python3.8/site-packages/airflow/example_dags/example_xcom.py took 0.051 seconds
[2025-09-14T09:24:24.107+0545] {processor.py:186} INFO - Started process (PID=23665) to work on /home/ashok/miniconda3/envs/mysecondenvironment/lib/python3.8/site-packages/airflow/example_dags/example_xcom.py
[2025-09-14T09:24:24.109+0545] {processor.py:914} INFO - Processing file /home/ashok/miniconda3/envs/mysecondenvironment/lib/python3.8/site-packages/airflow/example_dags/example_xcom.py for tasks to queue
[2025-09-14T09:24:24.110+0545] {logging_mixin.py:190} INFO - [2025-09-14T09:24:24.110+0545] {dagbag.py:588} INFO - Filling up the DagBag from /home/ashok/miniconda3/envs/mysecondenvironment/lib/python3.8/site-packages/airflow/example_dags/example_xcom.py
[2025-09-14T09:24:24.116+0545] {processor.py:925} INFO - DAG(s) 'example_xcom' retrieved from /home/ashok/miniconda3/envs/mysecondenvironment/lib/python3.8/site-packages/airflow/example_dags/example_xcom.py
[2025-09-14T09:24:24.125+0545] {logging_mixin.py:190} INFO - [2025-09-14T09:24:24.125+0545] {dag.py:3239} INFO - Sync 1 DAGs
[2025-09-14T09:24:24.135+0545] {logging_mixin.py:190} INFO - [2025-09-14T09:24:24.135+0545] {dag.py:4180} INFO - Setting next_dagrun for example_xcom to 2021-01-01 00:00:00+00:00, run_after=2021-01-01 00:00:00+00:00
[2025-09-14T09:24:24.154+0545] {processor.py:208} INFO - Processing /home/ashok/miniconda3/envs/mysecondenvironment/lib/python3.8/site-packages/airflow/example_dags/example_xcom.py took 0.051 seconds
[2025-09-14T09:25:58.625+0545] {processor.py:186} INFO - Started process (PID=24806) to work on /home/ashok/miniconda3/envs/mysecondenvironment/lib/python3.8/site-packages/airflow/example_dags/example_xcom.py
[2025-09-14T09:25:58.626+0545] {processor.py:914} INFO - Processing file /home/ashok/miniconda3/envs/mysecondenvironment/lib/python3.8/site-packages/airflow/example_dags/example_xcom.py for tasks to queue
[2025-09-14T09:25:58.628+0545] {logging_mixin.py:190} INFO - [2025-09-14T09:25:58.627+0545] {dagbag.py:588} INFO - Filling up the DagBag from /home/ashok/miniconda3/envs/mysecondenvironment/lib/python3.8/site-packages/airflow/example_dags/example_xcom.py
[2025-09-14T09:25:58.633+0545] {processor.py:925} INFO - DAG(s) 'example_xcom' retrieved from /home/ashok/miniconda3/envs/mysecondenvironment/lib/python3.8/site-packages/airflow/example_dags/example_xcom.py
[2025-09-14T09:25:58.643+0545] {logging_mixin.py:190} INFO - [2025-09-14T09:25:58.643+0545] {dag.py:3239} INFO - Sync 1 DAGs
[2025-09-14T09:25:58.655+0545] {logging_mixin.py:190} INFO - [2025-09-14T09:25:58.655+0545] {dag.py:4180} INFO - Setting next_dagrun for example_xcom to 2021-01-01 00:00:00+00:00, run_after=2021-01-01 00:00:00+00:00
[2025-09-14T09:25:58.672+0545] {processor.py:208} INFO - Processing /home/ashok/miniconda3/envs/mysecondenvironment/lib/python3.8/site-packages/airflow/example_dags/example_xcom.py took 0.052 seconds
[2025-09-14T09:26:42.686+0545] {processor.py:186} INFO - Started process (PID=25261) to work on /home/ashok/miniconda3/envs/mysecondenvironment/lib/python3.8/site-packages/airflow/example_dags/example_xcom.py
[2025-09-14T09:26:42.688+0545] {processor.py:914} INFO - Processing file /home/ashok/miniconda3/envs/mysecondenvironment/lib/python3.8/site-packages/airflow/example_dags/example_xcom.py for tasks to queue
[2025-09-14T09:26:42.689+0545] {logging_mixin.py:190} INFO - [2025-09-14T09:26:42.689+0545] {dagbag.py:588} INFO - Filling up the DagBag from /home/ashok/miniconda3/envs/mysecondenvironment/lib/python3.8/site-packages/airflow/example_dags/example_xcom.py
[2025-09-14T09:26:42.695+0545] {processor.py:925} INFO - DAG(s) 'example_xcom' retrieved from /home/ashok/miniconda3/envs/mysecondenvironment/lib/python3.8/site-packages/airflow/example_dags/example_xcom.py
[2025-09-14T09:26:42.704+0545] {logging_mixin.py:190} INFO - [2025-09-14T09:26:42.704+0545] {dag.py:3239} INFO - Sync 1 DAGs
[2025-09-14T09:26:42.714+0545] {logging_mixin.py:190} INFO - [2025-09-14T09:26:42.714+0545] {dag.py:4180} INFO - Setting next_dagrun for example_xcom to 2021-01-01 00:00:00+00:00, run_after=2021-01-01 00:00:00+00:00
[2025-09-14T09:26:42.733+0545] {processor.py:208} INFO - Processing /home/ashok/miniconda3/envs/mysecondenvironment/lib/python3.8/site-packages/airflow/example_dags/example_xcom.py took 0.051 seconds
[2025-09-14T09:29:35.067+0545] {processor.py:186} INFO - Started process (PID=26672) to work on /home/ashok/miniconda3/envs/mysecondenvironment/lib/python3.8/site-packages/airflow/example_dags/example_xcom.py
[2025-09-14T09:29:35.068+0545] {processor.py:914} INFO - Processing file /home/ashok/miniconda3/envs/mysecondenvironment/lib/python3.8/site-packages/airflow/example_dags/example_xcom.py for tasks to queue
[2025-09-14T09:29:35.070+0545] {logging_mixin.py:190} INFO - [2025-09-14T09:29:35.070+0545] {dagbag.py:588} INFO - Filling up the DagBag from /home/ashok/miniconda3/envs/mysecondenvironment/lib/python3.8/site-packages/airflow/example_dags/example_xcom.py
[2025-09-14T09:29:35.076+0545] {processor.py:925} INFO - DAG(s) 'example_xcom' retrieved from /home/ashok/miniconda3/envs/mysecondenvironment/lib/python3.8/site-packages/airflow/example_dags/example_xcom.py
[2025-09-14T09:29:35.089+0545] {logging_mixin.py:190} INFO - [2025-09-14T09:29:35.088+0545] {dag.py:3239} INFO - Sync 1 DAGs
[2025-09-14T09:29:35.100+0545] {logging_mixin.py:190} INFO - [2025-09-14T09:29:35.100+0545] {dag.py:4180} INFO - Setting next_dagrun for example_xcom to 2021-01-01 00:00:00+00:00, run_after=2021-01-01 00:00:00+00:00
[2025-09-14T09:29:35.116+0545] {processor.py:208} INFO - Processing /home/ashok/miniconda3/envs/mysecondenvironment/lib/python3.8/site-packages/airflow/example_dags/example_xcom.py took 0.053 seconds
[2025-09-14T09:33:24.222+0545] {processor.py:186} INFO - Started process (PID=29303) to work on /home/ashok/miniconda3/envs/mysecondenvironment/lib/python3.8/site-packages/airflow/example_dags/example_xcom.py
[2025-09-14T09:33:24.224+0545] {processor.py:914} INFO - Processing file /home/ashok/miniconda3/envs/mysecondenvironment/lib/python3.8/site-packages/airflow/example_dags/example_xcom.py for tasks to queue
[2025-09-14T09:33:24.225+0545] {logging_mixin.py:190} INFO - [2025-09-14T09:33:24.225+0545] {dagbag.py:588} INFO - Filling up the DagBag from /home/ashok/miniconda3/envs/mysecondenvironment/lib/python3.8/site-packages/airflow/example_dags/example_xcom.py
[2025-09-14T09:33:24.230+0545] {processor.py:925} INFO - DAG(s) 'example_xcom' retrieved from /home/ashok/miniconda3/envs/mysecondenvironment/lib/python3.8/site-packages/airflow/example_dags/example_xcom.py
[2025-09-14T09:33:24.244+0545] {logging_mixin.py:190} INFO - [2025-09-14T09:33:24.244+0545] {dag.py:3239} INFO - Sync 1 DAGs
[2025-09-14T09:33:24.252+0545] {logging_mixin.py:190} INFO - [2025-09-14T09:33:24.252+0545] {dag.py:4180} INFO - Setting next_dagrun for example_xcom to 2021-01-01 00:00:00+00:00, run_after=2021-01-01 00:00:00+00:00
[2025-09-14T09:33:24.268+0545] {processor.py:208} INFO - Processing /home/ashok/miniconda3/envs/mysecondenvironment/lib/python3.8/site-packages/airflow/example_dags/example_xcom.py took 0.052 seconds
[2025-09-14T09:34:19.589+0545] {processor.py:186} INFO - Started process (PID=29712) to work on /home/ashok/miniconda3/envs/mysecondenvironment/lib/python3.8/site-packages/airflow/example_dags/example_xcom.py
[2025-09-14T09:34:19.591+0545] {processor.py:914} INFO - Processing file /home/ashok/miniconda3/envs/mysecondenvironment/lib/python3.8/site-packages/airflow/example_dags/example_xcom.py for tasks to queue
[2025-09-14T09:34:19.592+0545] {logging_mixin.py:190} INFO - [2025-09-14T09:34:19.592+0545] {dagbag.py:588} INFO - Filling up the DagBag from /home/ashok/miniconda3/envs/mysecondenvironment/lib/python3.8/site-packages/airflow/example_dags/example_xcom.py
[2025-09-14T09:34:19.596+0545] {processor.py:925} INFO - DAG(s) 'example_xcom' retrieved from /home/ashok/miniconda3/envs/mysecondenvironment/lib/python3.8/site-packages/airflow/example_dags/example_xcom.py
[2025-09-14T09:34:19.604+0545] {logging_mixin.py:190} INFO - [2025-09-14T09:34:19.604+0545] {dag.py:3239} INFO - Sync 1 DAGs
[2025-09-14T09:34:19.611+0545] {logging_mixin.py:190} INFO - [2025-09-14T09:34:19.611+0545] {dag.py:4180} INFO - Setting next_dagrun for example_xcom to 2021-01-01 00:00:00+00:00, run_after=2021-01-01 00:00:00+00:00
[2025-09-14T09:34:19.629+0545] {processor.py:208} INFO - Processing /home/ashok/miniconda3/envs/mysecondenvironment/lib/python3.8/site-packages/airflow/example_dags/example_xcom.py took 0.043 seconds
[2025-09-14T09:35:13.417+0545] {processor.py:186} INFO - Started process (PID=30103) to work on /home/ashok/miniconda3/envs/mysecondenvironment/lib/python3.8/site-packages/airflow/example_dags/example_xcom.py
[2025-09-14T09:35:13.419+0545] {processor.py:914} INFO - Processing file /home/ashok/miniconda3/envs/mysecondenvironment/lib/python3.8/site-packages/airflow/example_dags/example_xcom.py for tasks to queue
[2025-09-14T09:35:13.420+0545] {logging_mixin.py:190} INFO - [2025-09-14T09:35:13.420+0545] {dagbag.py:588} INFO - Filling up the DagBag from /home/ashok/miniconda3/envs/mysecondenvironment/lib/python3.8/site-packages/airflow/example_dags/example_xcom.py
[2025-09-14T09:35:13.424+0545] {processor.py:925} INFO - DAG(s) 'example_xcom' retrieved from /home/ashok/miniconda3/envs/mysecondenvironment/lib/python3.8/site-packages/airflow/example_dags/example_xcom.py
[2025-09-14T09:35:13.432+0545] {logging_mixin.py:190} INFO - [2025-09-14T09:35:13.432+0545] {dag.py:3239} INFO - Sync 1 DAGs
[2025-09-14T09:35:13.439+0545] {logging_mixin.py:190} INFO - [2025-09-14T09:35:13.439+0545] {dag.py:4180} INFO - Setting next_dagrun for example_xcom to 2021-01-01 00:00:00+00:00, run_after=2021-01-01 00:00:00+00:00
[2025-09-14T09:35:13.457+0545] {processor.py:208} INFO - Processing /home/ashok/miniconda3/envs/mysecondenvironment/lib/python3.8/site-packages/airflow/example_dags/example_xcom.py took 0.043 seconds
[2025-09-14T09:36:10.146+0545] {processor.py:186} INFO - Started process (PID=30578) to work on /home/ashok/miniconda3/envs/mysecondenvironment/lib/python3.8/site-packages/airflow/example_dags/example_xcom.py
[2025-09-14T09:36:10.148+0545] {processor.py:914} INFO - Processing file /home/ashok/miniconda3/envs/mysecondenvironment/lib/python3.8/site-packages/airflow/example_dags/example_xcom.py for tasks to queue
[2025-09-14T09:36:10.148+0545] {logging_mixin.py:190} INFO - [2025-09-14T09:36:10.148+0545] {dagbag.py:588} INFO - Filling up the DagBag from /home/ashok/miniconda3/envs/mysecondenvironment/lib/python3.8/site-packages/airflow/example_dags/example_xcom.py
[2025-09-14T09:36:10.153+0545] {processor.py:925} INFO - DAG(s) 'example_xcom' retrieved from /home/ashok/miniconda3/envs/mysecondenvironment/lib/python3.8/site-packages/airflow/example_dags/example_xcom.py
[2025-09-14T09:36:10.162+0545] {logging_mixin.py:190} INFO - [2025-09-14T09:36:10.162+0545] {dag.py:3239} INFO - Sync 1 DAGs
[2025-09-14T09:36:10.170+0545] {logging_mixin.py:190} INFO - [2025-09-14T09:36:10.170+0545] {dag.py:4180} INFO - Setting next_dagrun for example_xcom to 2021-01-01 00:00:00+00:00, run_after=2021-01-01 00:00:00+00:00
[2025-09-14T09:36:10.186+0545] {processor.py:208} INFO - Processing /home/ashok/miniconda3/envs/mysecondenvironment/lib/python3.8/site-packages/airflow/example_dags/example_xcom.py took 0.043 seconds
[2025-09-14T09:37:01.232+0545] {processor.py:186} INFO - Started process (PID=31160) to work on /home/ashok/miniconda3/envs/mysecondenvironment/lib/python3.8/site-packages/airflow/example_dags/example_xcom.py
[2025-09-14T09:37:01.233+0545] {processor.py:914} INFO - Processing file /home/ashok/miniconda3/envs/mysecondenvironment/lib/python3.8/site-packages/airflow/example_dags/example_xcom.py for tasks to queue
[2025-09-14T09:37:01.233+0545] {logging_mixin.py:190} INFO - [2025-09-14T09:37:01.233+0545] {dagbag.py:588} INFO - Filling up the DagBag from /home/ashok/miniconda3/envs/mysecondenvironment/lib/python3.8/site-packages/airflow/example_dags/example_xcom.py
[2025-09-14T09:37:01.237+0545] {processor.py:925} INFO - DAG(s) 'example_xcom' retrieved from /home/ashok/miniconda3/envs/mysecondenvironment/lib/python3.8/site-packages/airflow/example_dags/example_xcom.py
[2025-09-14T09:37:01.246+0545] {logging_mixin.py:190} INFO - [2025-09-14T09:37:01.246+0545] {dag.py:3239} INFO - Sync 1 DAGs
[2025-09-14T09:37:01.256+0545] {logging_mixin.py:190} INFO - [2025-09-14T09:37:01.256+0545] {dag.py:4180} INFO - Setting next_dagrun for example_xcom to 2021-01-01 00:00:00+00:00, run_after=2021-01-01 00:00:00+00:00
[2025-09-14T09:37:01.271+0545] {processor.py:208} INFO - Processing /home/ashok/miniconda3/envs/mysecondenvironment/lib/python3.8/site-packages/airflow/example_dags/example_xcom.py took 0.044 seconds
[2025-09-14T09:37:54.021+0545] {processor.py:186} INFO - Started process (PID=31576) to work on /home/ashok/miniconda3/envs/mysecondenvironment/lib/python3.8/site-packages/airflow/example_dags/example_xcom.py
[2025-09-14T09:37:54.023+0545] {processor.py:914} INFO - Processing file /home/ashok/miniconda3/envs/mysecondenvironment/lib/python3.8/site-packages/airflow/example_dags/example_xcom.py for tasks to queue
[2025-09-14T09:37:54.024+0545] {logging_mixin.py:190} INFO - [2025-09-14T09:37:54.024+0545] {dagbag.py:588} INFO - Filling up the DagBag from /home/ashok/miniconda3/envs/mysecondenvironment/lib/python3.8/site-packages/airflow/example_dags/example_xcom.py
[2025-09-14T09:37:54.028+0545] {processor.py:925} INFO - DAG(s) 'example_xcom' retrieved from /home/ashok/miniconda3/envs/mysecondenvironment/lib/python3.8/site-packages/airflow/example_dags/example_xcom.py
[2025-09-14T09:37:54.036+0545] {logging_mixin.py:190} INFO - [2025-09-14T09:37:54.035+0545] {dag.py:3239} INFO - Sync 1 DAGs
[2025-09-14T09:37:54.043+0545] {logging_mixin.py:190} INFO - [2025-09-14T09:37:54.043+0545] {dag.py:4180} INFO - Setting next_dagrun for example_xcom to 2021-01-01 00:00:00+00:00, run_after=2021-01-01 00:00:00+00:00
[2025-09-14T09:37:54.062+0545] {processor.py:208} INFO - Processing /home/ashok/miniconda3/envs/mysecondenvironment/lib/python3.8/site-packages/airflow/example_dags/example_xcom.py took 0.045 seconds
[2025-09-14T09:38:49.514+0545] {processor.py:186} INFO - Started process (PID=32184) to work on /home/ashok/miniconda3/envs/mysecondenvironment/lib/python3.8/site-packages/airflow/example_dags/example_xcom.py
[2025-09-14T09:38:49.515+0545] {processor.py:914} INFO - Processing file /home/ashok/miniconda3/envs/mysecondenvironment/lib/python3.8/site-packages/airflow/example_dags/example_xcom.py for tasks to queue
[2025-09-14T09:38:49.516+0545] {logging_mixin.py:190} INFO - [2025-09-14T09:38:49.516+0545] {dagbag.py:588} INFO - Filling up the DagBag from /home/ashok/miniconda3/envs/mysecondenvironment/lib/python3.8/site-packages/airflow/example_dags/example_xcom.py
[2025-09-14T09:38:49.520+0545] {processor.py:925} INFO - DAG(s) 'example_xcom' retrieved from /home/ashok/miniconda3/envs/mysecondenvironment/lib/python3.8/site-packages/airflow/example_dags/example_xcom.py
[2025-09-14T09:38:49.528+0545] {logging_mixin.py:190} INFO - [2025-09-14T09:38:49.528+0545] {dag.py:3239} INFO - Sync 1 DAGs
[2025-09-14T09:38:49.536+0545] {logging_mixin.py:190} INFO - [2025-09-14T09:38:49.536+0545] {dag.py:4180} INFO - Setting next_dagrun for example_xcom to 2021-01-01 00:00:00+00:00, run_after=2021-01-01 00:00:00+00:00
[2025-09-14T09:38:49.553+0545] {processor.py:208} INFO - Processing /home/ashok/miniconda3/envs/mysecondenvironment/lib/python3.8/site-packages/airflow/example_dags/example_xcom.py took 0.042 seconds
[2025-09-14T09:39:46.988+0545] {processor.py:186} INFO - Started process (PID=32620) to work on /home/ashok/miniconda3/envs/mysecondenvironment/lib/python3.8/site-packages/airflow/example_dags/example_xcom.py
[2025-09-14T09:39:46.990+0545] {processor.py:914} INFO - Processing file /home/ashok/miniconda3/envs/mysecondenvironment/lib/python3.8/site-packages/airflow/example_dags/example_xcom.py for tasks to queue
[2025-09-14T09:39:46.991+0545] {logging_mixin.py:190} INFO - [2025-09-14T09:39:46.991+0545] {dagbag.py:588} INFO - Filling up the DagBag from /home/ashok/miniconda3/envs/mysecondenvironment/lib/python3.8/site-packages/airflow/example_dags/example_xcom.py
[2025-09-14T09:39:46.996+0545] {processor.py:925} INFO - DAG(s) 'example_xcom' retrieved from /home/ashok/miniconda3/envs/mysecondenvironment/lib/python3.8/site-packages/airflow/example_dags/example_xcom.py
[2025-09-14T09:39:47.004+0545] {logging_mixin.py:190} INFO - [2025-09-14T09:39:47.004+0545] {dag.py:3239} INFO - Sync 1 DAGs
[2025-09-14T09:39:47.012+0545] {logging_mixin.py:190} INFO - [2025-09-14T09:39:47.012+0545] {dag.py:4180} INFO - Setting next_dagrun for example_xcom to 2021-01-01 00:00:00+00:00, run_after=2021-01-01 00:00:00+00:00
[2025-09-14T09:39:47.030+0545] {processor.py:208} INFO - Processing /home/ashok/miniconda3/envs/mysecondenvironment/lib/python3.8/site-packages/airflow/example_dags/example_xcom.py took 0.046 seconds
[2025-09-14T09:40:41.547+0545] {processor.py:186} INFO - Started process (PID=33028) to work on /home/ashok/miniconda3/envs/mysecondenvironment/lib/python3.8/site-packages/airflow/example_dags/example_xcom.py
[2025-09-14T09:40:41.549+0545] {processor.py:914} INFO - Processing file /home/ashok/miniconda3/envs/mysecondenvironment/lib/python3.8/site-packages/airflow/example_dags/example_xcom.py for tasks to queue
[2025-09-14T09:40:41.550+0545] {logging_mixin.py:190} INFO - [2025-09-14T09:40:41.550+0545] {dagbag.py:588} INFO - Filling up the DagBag from /home/ashok/miniconda3/envs/mysecondenvironment/lib/python3.8/site-packages/airflow/example_dags/example_xcom.py
[2025-09-14T09:40:41.554+0545] {processor.py:925} INFO - DAG(s) 'example_xcom' retrieved from /home/ashok/miniconda3/envs/mysecondenvironment/lib/python3.8/site-packages/airflow/example_dags/example_xcom.py
[2025-09-14T09:40:41.562+0545] {logging_mixin.py:190} INFO - [2025-09-14T09:40:41.562+0545] {dag.py:3239} INFO - Sync 1 DAGs
[2025-09-14T09:40:41.570+0545] {logging_mixin.py:190} INFO - [2025-09-14T09:40:41.569+0545] {dag.py:4180} INFO - Setting next_dagrun for example_xcom to 2021-01-01 00:00:00+00:00, run_after=2021-01-01 00:00:00+00:00
[2025-09-14T09:40:41.587+0545] {processor.py:208} INFO - Processing /home/ashok/miniconda3/envs/mysecondenvironment/lib/python3.8/site-packages/airflow/example_dags/example_xcom.py took 0.043 seconds
[2025-09-14T09:41:39.505+0545] {processor.py:186} INFO - Started process (PID=33461) to work on /home/ashok/miniconda3/envs/mysecondenvironment/lib/python3.8/site-packages/airflow/example_dags/example_xcom.py
[2025-09-14T09:41:39.507+0545] {processor.py:914} INFO - Processing file /home/ashok/miniconda3/envs/mysecondenvironment/lib/python3.8/site-packages/airflow/example_dags/example_xcom.py for tasks to queue
[2025-09-14T09:41:39.508+0545] {logging_mixin.py:190} INFO - [2025-09-14T09:41:39.508+0545] {dagbag.py:588} INFO - Filling up the DagBag from /home/ashok/miniconda3/envs/mysecondenvironment/lib/python3.8/site-packages/airflow/example_dags/example_xcom.py
[2025-09-14T09:41:39.511+0545] {processor.py:925} INFO - DAG(s) 'example_xcom' retrieved from /home/ashok/miniconda3/envs/mysecondenvironment/lib/python3.8/site-packages/airflow/example_dags/example_xcom.py
[2025-09-14T09:41:39.520+0545] {logging_mixin.py:190} INFO - [2025-09-14T09:41:39.519+0545] {dag.py:3239} INFO - Sync 1 DAGs
[2025-09-14T09:41:39.527+0545] {logging_mixin.py:190} INFO - [2025-09-14T09:41:39.527+0545] {dag.py:4180} INFO - Setting next_dagrun for example_xcom to 2021-01-01 00:00:00+00:00, run_after=2021-01-01 00:00:00+00:00
[2025-09-14T09:41:39.543+0545] {processor.py:208} INFO - Processing /home/ashok/miniconda3/envs/mysecondenvironment/lib/python3.8/site-packages/airflow/example_dags/example_xcom.py took 0.042 seconds
[2025-09-14T09:42:33.356+0545] {processor.py:186} INFO - Started process (PID=33926) to work on /home/ashok/miniconda3/envs/mysecondenvironment/lib/python3.8/site-packages/airflow/example_dags/example_xcom.py
[2025-09-14T09:42:33.358+0545] {processor.py:914} INFO - Processing file /home/ashok/miniconda3/envs/mysecondenvironment/lib/python3.8/site-packages/airflow/example_dags/example_xcom.py for tasks to queue
[2025-09-14T09:42:33.358+0545] {logging_mixin.py:190} INFO - [2025-09-14T09:42:33.358+0545] {dagbag.py:588} INFO - Filling up the DagBag from /home/ashok/miniconda3/envs/mysecondenvironment/lib/python3.8/site-packages/airflow/example_dags/example_xcom.py
[2025-09-14T09:42:33.362+0545] {processor.py:925} INFO - DAG(s) 'example_xcom' retrieved from /home/ashok/miniconda3/envs/mysecondenvironment/lib/python3.8/site-packages/airflow/example_dags/example_xcom.py
[2025-09-14T09:42:33.370+0545] {logging_mixin.py:190} INFO - [2025-09-14T09:42:33.370+0545] {dag.py:3239} INFO - Sync 1 DAGs
[2025-09-14T09:42:33.379+0545] {logging_mixin.py:190} INFO - [2025-09-14T09:42:33.379+0545] {dag.py:4180} INFO - Setting next_dagrun for example_xcom to 2021-01-01 00:00:00+00:00, run_after=2021-01-01 00:00:00+00:00
[2025-09-14T09:42:33.393+0545] {processor.py:208} INFO - Processing /home/ashok/miniconda3/envs/mysecondenvironment/lib/python3.8/site-packages/airflow/example_dags/example_xcom.py took 0.040 seconds
[2025-09-14T09:43:29.796+0545] {processor.py:186} INFO - Started process (PID=34314) to work on /home/ashok/miniconda3/envs/mysecondenvironment/lib/python3.8/site-packages/airflow/example_dags/example_xcom.py
[2025-09-14T09:43:29.798+0545] {processor.py:914} INFO - Processing file /home/ashok/miniconda3/envs/mysecondenvironment/lib/python3.8/site-packages/airflow/example_dags/example_xcom.py for tasks to queue
[2025-09-14T09:43:29.800+0545] {logging_mixin.py:190} INFO - [2025-09-14T09:43:29.800+0545] {dagbag.py:588} INFO - Filling up the DagBag from /home/ashok/miniconda3/envs/mysecondenvironment/lib/python3.8/site-packages/airflow/example_dags/example_xcom.py
[2025-09-14T09:43:29.804+0545] {processor.py:925} INFO - DAG(s) 'example_xcom' retrieved from /home/ashok/miniconda3/envs/mysecondenvironment/lib/python3.8/site-packages/airflow/example_dags/example_xcom.py
[2025-09-14T09:43:29.812+0545] {logging_mixin.py:190} INFO - [2025-09-14T09:43:29.812+0545] {dag.py:3239} INFO - Sync 1 DAGs
[2025-09-14T09:43:29.820+0545] {logging_mixin.py:190} INFO - [2025-09-14T09:43:29.820+0545] {dag.py:4180} INFO - Setting next_dagrun for example_xcom to 2021-01-01 00:00:00+00:00, run_after=2021-01-01 00:00:00+00:00
[2025-09-14T09:43:29.836+0545] {processor.py:208} INFO - Processing /home/ashok/miniconda3/envs/mysecondenvironment/lib/python3.8/site-packages/airflow/example_dags/example_xcom.py took 0.043 seconds
[2025-09-14T09:44:27.605+0545] {processor.py:186} INFO - Started process (PID=34730) to work on /home/ashok/miniconda3/envs/mysecondenvironment/lib/python3.8/site-packages/airflow/example_dags/example_xcom.py
[2025-09-14T09:44:27.606+0545] {processor.py:914} INFO - Processing file /home/ashok/miniconda3/envs/mysecondenvironment/lib/python3.8/site-packages/airflow/example_dags/example_xcom.py for tasks to queue
[2025-09-14T09:44:27.607+0545] {logging_mixin.py:190} INFO - [2025-09-14T09:44:27.607+0545] {dagbag.py:588} INFO - Filling up the DagBag from /home/ashok/miniconda3/envs/mysecondenvironment/lib/python3.8/site-packages/airflow/example_dags/example_xcom.py
[2025-09-14T09:44:27.611+0545] {processor.py:925} INFO - DAG(s) 'example_xcom' retrieved from /home/ashok/miniconda3/envs/mysecondenvironment/lib/python3.8/site-packages/airflow/example_dags/example_xcom.py
[2025-09-14T09:44:27.619+0545] {logging_mixin.py:190} INFO - [2025-09-14T09:44:27.619+0545] {dag.py:3239} INFO - Sync 1 DAGs
[2025-09-14T09:44:27.626+0545] {logging_mixin.py:190} INFO - [2025-09-14T09:44:27.626+0545] {dag.py:4180} INFO - Setting next_dagrun for example_xcom to 2021-01-01 00:00:00+00:00, run_after=2021-01-01 00:00:00+00:00
[2025-09-14T09:44:27.645+0545] {processor.py:208} INFO - Processing /home/ashok/miniconda3/envs/mysecondenvironment/lib/python3.8/site-packages/airflow/example_dags/example_xcom.py took 0.045 seconds
[2025-09-14T09:45:24.588+0545] {processor.py:186} INFO - Started process (PID=35115) to work on /home/ashok/miniconda3/envs/mysecondenvironment/lib/python3.8/site-packages/airflow/example_dags/example_xcom.py
[2025-09-14T09:45:24.590+0545] {processor.py:914} INFO - Processing file /home/ashok/miniconda3/envs/mysecondenvironment/lib/python3.8/site-packages/airflow/example_dags/example_xcom.py for tasks to queue
[2025-09-14T09:45:24.590+0545] {logging_mixin.py:190} INFO - [2025-09-14T09:45:24.590+0545] {dagbag.py:588} INFO - Filling up the DagBag from /home/ashok/miniconda3/envs/mysecondenvironment/lib/python3.8/site-packages/airflow/example_dags/example_xcom.py
[2025-09-14T09:45:24.596+0545] {processor.py:925} INFO - DAG(s) 'example_xcom' retrieved from /home/ashok/miniconda3/envs/mysecondenvironment/lib/python3.8/site-packages/airflow/example_dags/example_xcom.py
[2025-09-14T09:45:24.606+0545] {logging_mixin.py:190} INFO - [2025-09-14T09:45:24.606+0545] {dag.py:3239} INFO - Sync 1 DAGs
[2025-09-14T09:45:24.614+0545] {logging_mixin.py:190} INFO - [2025-09-14T09:45:24.614+0545] {dag.py:4180} INFO - Setting next_dagrun for example_xcom to 2021-01-01 00:00:00+00:00, run_after=2021-01-01 00:00:00+00:00
[2025-09-14T09:45:24.630+0545] {processor.py:208} INFO - Processing /home/ashok/miniconda3/envs/mysecondenvironment/lib/python3.8/site-packages/airflow/example_dags/example_xcom.py took 0.047 seconds
[2025-09-14T09:46:16.220+0545] {processor.py:186} INFO - Started process (PID=35485) to work on /home/ashok/miniconda3/envs/mysecondenvironment/lib/python3.8/site-packages/airflow/example_dags/example_xcom.py
[2025-09-14T09:46:16.222+0545] {processor.py:914} INFO - Processing file /home/ashok/miniconda3/envs/mysecondenvironment/lib/python3.8/site-packages/airflow/example_dags/example_xcom.py for tasks to queue
[2025-09-14T09:46:16.223+0545] {logging_mixin.py:190} INFO - [2025-09-14T09:46:16.223+0545] {dagbag.py:588} INFO - Filling up the DagBag from /home/ashok/miniconda3/envs/mysecondenvironment/lib/python3.8/site-packages/airflow/example_dags/example_xcom.py
[2025-09-14T09:46:16.230+0545] {processor.py:925} INFO - DAG(s) 'example_xcom' retrieved from /home/ashok/miniconda3/envs/mysecondenvironment/lib/python3.8/site-packages/airflow/example_dags/example_xcom.py
[2025-09-14T09:46:16.244+0545] {logging_mixin.py:190} INFO - [2025-09-14T09:46:16.244+0545] {dag.py:3239} INFO - Sync 1 DAGs
[2025-09-14T09:46:16.258+0545] {logging_mixin.py:190} INFO - [2025-09-14T09:46:16.258+0545] {dag.py:4180} INFO - Setting next_dagrun for example_xcom to 2021-01-01 00:00:00+00:00, run_after=2021-01-01 00:00:00+00:00
[2025-09-14T09:46:16.277+0545] {processor.py:208} INFO - Processing /home/ashok/miniconda3/envs/mysecondenvironment/lib/python3.8/site-packages/airflow/example_dags/example_xcom.py took 0.062 seconds
[2025-09-14T09:47:10.087+0545] {processor.py:186} INFO - Started process (PID=35885) to work on /home/ashok/miniconda3/envs/mysecondenvironment/lib/python3.8/site-packages/airflow/example_dags/example_xcom.py
[2025-09-14T09:47:10.089+0545] {processor.py:914} INFO - Processing file /home/ashok/miniconda3/envs/mysecondenvironment/lib/python3.8/site-packages/airflow/example_dags/example_xcom.py for tasks to queue
[2025-09-14T09:47:10.090+0545] {logging_mixin.py:190} INFO - [2025-09-14T09:47:10.090+0545] {dagbag.py:588} INFO - Filling up the DagBag from /home/ashok/miniconda3/envs/mysecondenvironment/lib/python3.8/site-packages/airflow/example_dags/example_xcom.py
[2025-09-14T09:47:10.096+0545] {processor.py:925} INFO - DAG(s) 'example_xcom' retrieved from /home/ashok/miniconda3/envs/mysecondenvironment/lib/python3.8/site-packages/airflow/example_dags/example_xcom.py
[2025-09-14T09:47:10.104+0545] {logging_mixin.py:190} INFO - [2025-09-14T09:47:10.104+0545] {dag.py:3239} INFO - Sync 1 DAGs
[2025-09-14T09:47:10.112+0545] {logging_mixin.py:190} INFO - [2025-09-14T09:47:10.112+0545] {dag.py:4180} INFO - Setting next_dagrun for example_xcom to 2021-01-01 00:00:00+00:00, run_after=2021-01-01 00:00:00+00:00
[2025-09-14T09:47:10.127+0545] {processor.py:208} INFO - Processing /home/ashok/miniconda3/envs/mysecondenvironment/lib/python3.8/site-packages/airflow/example_dags/example_xcom.py took 0.043 seconds
[2025-09-14T09:48:03.297+0545] {processor.py:186} INFO - Started process (PID=36232) to work on /home/ashok/miniconda3/envs/mysecondenvironment/lib/python3.8/site-packages/airflow/example_dags/example_xcom.py
[2025-09-14T09:48:03.299+0545] {processor.py:914} INFO - Processing file /home/ashok/miniconda3/envs/mysecondenvironment/lib/python3.8/site-packages/airflow/example_dags/example_xcom.py for tasks to queue
[2025-09-14T09:48:03.299+0545] {logging_mixin.py:190} INFO - [2025-09-14T09:48:03.299+0545] {dagbag.py:588} INFO - Filling up the DagBag from /home/ashok/miniconda3/envs/mysecondenvironment/lib/python3.8/site-packages/airflow/example_dags/example_xcom.py
[2025-09-14T09:48:03.304+0545] {processor.py:925} INFO - DAG(s) 'example_xcom' retrieved from /home/ashok/miniconda3/envs/mysecondenvironment/lib/python3.8/site-packages/airflow/example_dags/example_xcom.py
[2025-09-14T09:48:03.312+0545] {logging_mixin.py:190} INFO - [2025-09-14T09:48:03.312+0545] {dag.py:3239} INFO - Sync 1 DAGs
[2025-09-14T09:48:03.319+0545] {logging_mixin.py:190} INFO - [2025-09-14T09:48:03.319+0545] {dag.py:4180} INFO - Setting next_dagrun for example_xcom to 2021-01-01 00:00:00+00:00, run_after=2021-01-01 00:00:00+00:00
[2025-09-14T09:48:03.334+0545] {processor.py:208} INFO - Processing /home/ashok/miniconda3/envs/mysecondenvironment/lib/python3.8/site-packages/airflow/example_dags/example_xcom.py took 0.041 seconds
[2025-09-14T09:48:58.712+0545] {processor.py:186} INFO - Started process (PID=36644) to work on /home/ashok/miniconda3/envs/mysecondenvironment/lib/python3.8/site-packages/airflow/example_dags/example_xcom.py
[2025-09-14T09:48:58.714+0545] {processor.py:914} INFO - Processing file /home/ashok/miniconda3/envs/mysecondenvironment/lib/python3.8/site-packages/airflow/example_dags/example_xcom.py for tasks to queue
[2025-09-14T09:48:58.715+0545] {logging_mixin.py:190} INFO - [2025-09-14T09:48:58.715+0545] {dagbag.py:588} INFO - Filling up the DagBag from /home/ashok/miniconda3/envs/mysecondenvironment/lib/python3.8/site-packages/airflow/example_dags/example_xcom.py
[2025-09-14T09:48:58.721+0545] {processor.py:925} INFO - DAG(s) 'example_xcom' retrieved from /home/ashok/miniconda3/envs/mysecondenvironment/lib/python3.8/site-packages/airflow/example_dags/example_xcom.py
[2025-09-14T09:48:58.734+0545] {logging_mixin.py:190} INFO - [2025-09-14T09:48:58.733+0545] {dag.py:3239} INFO - Sync 1 DAGs
[2025-09-14T09:48:58.744+0545] {logging_mixin.py:190} INFO - [2025-09-14T09:48:58.744+0545] {dag.py:4180} INFO - Setting next_dagrun for example_xcom to 2021-01-01 00:00:00+00:00, run_after=2021-01-01 00:00:00+00:00
[2025-09-14T09:48:58.761+0545] {processor.py:208} INFO - Processing /home/ashok/miniconda3/envs/mysecondenvironment/lib/python3.8/site-packages/airflow/example_dags/example_xcom.py took 0.053 seconds
[2025-09-14T09:49:51.669+0545] {processor.py:186} INFO - Started process (PID=37002) to work on /home/ashok/miniconda3/envs/mysecondenvironment/lib/python3.8/site-packages/airflow/example_dags/example_xcom.py
[2025-09-14T09:49:51.671+0545] {processor.py:914} INFO - Processing file /home/ashok/miniconda3/envs/mysecondenvironment/lib/python3.8/site-packages/airflow/example_dags/example_xcom.py for tasks to queue
[2025-09-14T09:49:51.672+0545] {logging_mixin.py:190} INFO - [2025-09-14T09:49:51.672+0545] {dagbag.py:588} INFO - Filling up the DagBag from /home/ashok/miniconda3/envs/mysecondenvironment/lib/python3.8/site-packages/airflow/example_dags/example_xcom.py
[2025-09-14T09:49:51.676+0545] {processor.py:925} INFO - DAG(s) 'example_xcom' retrieved from /home/ashok/miniconda3/envs/mysecondenvironment/lib/python3.8/site-packages/airflow/example_dags/example_xcom.py
[2025-09-14T09:49:51.684+0545] {logging_mixin.py:190} INFO - [2025-09-14T09:49:51.684+0545] {dag.py:3239} INFO - Sync 1 DAGs
[2025-09-14T09:49:51.691+0545] {logging_mixin.py:190} INFO - [2025-09-14T09:49:51.691+0545] {dag.py:4180} INFO - Setting next_dagrun for example_xcom to 2021-01-01 00:00:00+00:00, run_after=2021-01-01 00:00:00+00:00
[2025-09-14T09:49:51.708+0545] {processor.py:208} INFO - Processing /home/ashok/miniconda3/envs/mysecondenvironment/lib/python3.8/site-packages/airflow/example_dags/example_xcom.py took 0.043 seconds
[2025-09-14T09:50:49.147+0545] {processor.py:186} INFO - Started process (PID=37477) to work on /home/ashok/miniconda3/envs/mysecondenvironment/lib/python3.8/site-packages/airflow/example_dags/example_xcom.py
[2025-09-14T09:50:49.149+0545] {processor.py:914} INFO - Processing file /home/ashok/miniconda3/envs/mysecondenvironment/lib/python3.8/site-packages/airflow/example_dags/example_xcom.py for tasks to queue
[2025-09-14T09:50:49.150+0545] {logging_mixin.py:190} INFO - [2025-09-14T09:50:49.150+0545] {dagbag.py:588} INFO - Filling up the DagBag from /home/ashok/miniconda3/envs/mysecondenvironment/lib/python3.8/site-packages/airflow/example_dags/example_xcom.py
[2025-09-14T09:50:49.154+0545] {processor.py:925} INFO - DAG(s) 'example_xcom' retrieved from /home/ashok/miniconda3/envs/mysecondenvironment/lib/python3.8/site-packages/airflow/example_dags/example_xcom.py
[2025-09-14T09:50:49.164+0545] {logging_mixin.py:190} INFO - [2025-09-14T09:50:49.164+0545] {dag.py:3239} INFO - Sync 1 DAGs
[2025-09-14T09:50:49.172+0545] {logging_mixin.py:190} INFO - [2025-09-14T09:50:49.171+0545] {dag.py:4180} INFO - Setting next_dagrun for example_xcom to 2021-01-01 00:00:00+00:00, run_after=2021-01-01 00:00:00+00:00
[2025-09-14T09:50:49.186+0545] {processor.py:208} INFO - Processing /home/ashok/miniconda3/envs/mysecondenvironment/lib/python3.8/site-packages/airflow/example_dags/example_xcom.py took 0.043 seconds
[2025-09-14T09:51:44.679+0545] {processor.py:186} INFO - Started process (PID=37879) to work on /home/ashok/miniconda3/envs/mysecondenvironment/lib/python3.8/site-packages/airflow/example_dags/example_xcom.py
[2025-09-14T09:51:44.681+0545] {processor.py:914} INFO - Processing file /home/ashok/miniconda3/envs/mysecondenvironment/lib/python3.8/site-packages/airflow/example_dags/example_xcom.py for tasks to queue
[2025-09-14T09:51:44.682+0545] {logging_mixin.py:190} INFO - [2025-09-14T09:51:44.681+0545] {dagbag.py:588} INFO - Filling up the DagBag from /home/ashok/miniconda3/envs/mysecondenvironment/lib/python3.8/site-packages/airflow/example_dags/example_xcom.py
[2025-09-14T09:51:44.686+0545] {processor.py:925} INFO - DAG(s) 'example_xcom' retrieved from /home/ashok/miniconda3/envs/mysecondenvironment/lib/python3.8/site-packages/airflow/example_dags/example_xcom.py
[2025-09-14T09:51:44.694+0545] {logging_mixin.py:190} INFO - [2025-09-14T09:51:44.694+0545] {dag.py:3239} INFO - Sync 1 DAGs
[2025-09-14T09:51:44.701+0545] {logging_mixin.py:190} INFO - [2025-09-14T09:51:44.701+0545] {dag.py:4180} INFO - Setting next_dagrun for example_xcom to 2021-01-01 00:00:00+00:00, run_after=2021-01-01 00:00:00+00:00
[2025-09-14T09:51:44.808+0545] {processor.py:208} INFO - Processing /home/ashok/miniconda3/envs/mysecondenvironment/lib/python3.8/site-packages/airflow/example_dags/example_xcom.py took 0.133 seconds
[2025-09-14T09:52:44.705+0545] {processor.py:186} INFO - Started process (PID=38386) to work on /home/ashok/miniconda3/envs/mysecondenvironment/lib/python3.8/site-packages/airflow/example_dags/example_xcom.py
[2025-09-14T09:52:44.707+0545] {processor.py:914} INFO - Processing file /home/ashok/miniconda3/envs/mysecondenvironment/lib/python3.8/site-packages/airflow/example_dags/example_xcom.py for tasks to queue
[2025-09-14T09:52:44.708+0545] {logging_mixin.py:190} INFO - [2025-09-14T09:52:44.708+0545] {dagbag.py:588} INFO - Filling up the DagBag from /home/ashok/miniconda3/envs/mysecondenvironment/lib/python3.8/site-packages/airflow/example_dags/example_xcom.py
[2025-09-14T09:52:44.712+0545] {processor.py:925} INFO - DAG(s) 'example_xcom' retrieved from /home/ashok/miniconda3/envs/mysecondenvironment/lib/python3.8/site-packages/airflow/example_dags/example_xcom.py
[2025-09-14T09:52:44.723+0545] {logging_mixin.py:190} INFO - [2025-09-14T09:52:44.723+0545] {dag.py:3239} INFO - Sync 1 DAGs
[2025-09-14T09:52:44.732+0545] {logging_mixin.py:190} INFO - [2025-09-14T09:52:44.732+0545] {dag.py:4180} INFO - Setting next_dagrun for example_xcom to 2021-01-01 00:00:00+00:00, run_after=2021-01-01 00:00:00+00:00
[2025-09-14T09:52:44.748+0545] {processor.py:208} INFO - Processing /home/ashok/miniconda3/envs/mysecondenvironment/lib/python3.8/site-packages/airflow/example_dags/example_xcom.py took 0.046 seconds
[2025-09-14T09:53:41.946+0545] {processor.py:186} INFO - Started process (PID=39091) to work on /home/ashok/miniconda3/envs/mysecondenvironment/lib/python3.8/site-packages/airflow/example_dags/example_xcom.py
[2025-09-14T09:53:41.947+0545] {processor.py:914} INFO - Processing file /home/ashok/miniconda3/envs/mysecondenvironment/lib/python3.8/site-packages/airflow/example_dags/example_xcom.py for tasks to queue
[2025-09-14T09:53:41.948+0545] {logging_mixin.py:190} INFO - [2025-09-14T09:53:41.947+0545] {dagbag.py:588} INFO - Filling up the DagBag from /home/ashok/miniconda3/envs/mysecondenvironment/lib/python3.8/site-packages/airflow/example_dags/example_xcom.py
[2025-09-14T09:53:41.952+0545] {processor.py:925} INFO - DAG(s) 'example_xcom' retrieved from /home/ashok/miniconda3/envs/mysecondenvironment/lib/python3.8/site-packages/airflow/example_dags/example_xcom.py
[2025-09-14T09:53:41.960+0545] {logging_mixin.py:190} INFO - [2025-09-14T09:53:41.960+0545] {dag.py:3239} INFO - Sync 1 DAGs
[2025-09-14T09:53:41.968+0545] {logging_mixin.py:190} INFO - [2025-09-14T09:53:41.968+0545] {dag.py:4180} INFO - Setting next_dagrun for example_xcom to 2021-01-01 00:00:00+00:00, run_after=2021-01-01 00:00:00+00:00
[2025-09-14T09:53:41.985+0545] {processor.py:208} INFO - Processing /home/ashok/miniconda3/envs/mysecondenvironment/lib/python3.8/site-packages/airflow/example_dags/example_xcom.py took 0.043 seconds
[2025-09-14T09:54:38.837+0545] {processor.py:186} INFO - Started process (PID=39520) to work on /home/ashok/miniconda3/envs/mysecondenvironment/lib/python3.8/site-packages/airflow/example_dags/example_xcom.py
[2025-09-14T09:54:38.839+0545] {processor.py:914} INFO - Processing file /home/ashok/miniconda3/envs/mysecondenvironment/lib/python3.8/site-packages/airflow/example_dags/example_xcom.py for tasks to queue
[2025-09-14T09:54:38.840+0545] {logging_mixin.py:190} INFO - [2025-09-14T09:54:38.840+0545] {dagbag.py:588} INFO - Filling up the DagBag from /home/ashok/miniconda3/envs/mysecondenvironment/lib/python3.8/site-packages/airflow/example_dags/example_xcom.py
[2025-09-14T09:54:38.844+0545] {processor.py:925} INFO - DAG(s) 'example_xcom' retrieved from /home/ashok/miniconda3/envs/mysecondenvironment/lib/python3.8/site-packages/airflow/example_dags/example_xcom.py
[2025-09-14T09:54:38.852+0545] {logging_mixin.py:190} INFO - [2025-09-14T09:54:38.851+0545] {dag.py:3239} INFO - Sync 1 DAGs
[2025-09-14T09:54:38.863+0545] {logging_mixin.py:190} INFO - [2025-09-14T09:54:38.863+0545] {dag.py:4180} INFO - Setting next_dagrun for example_xcom to 2021-01-01 00:00:00+00:00, run_after=2021-01-01 00:00:00+00:00
[2025-09-14T09:54:38.880+0545] {processor.py:208} INFO - Processing /home/ashok/miniconda3/envs/mysecondenvironment/lib/python3.8/site-packages/airflow/example_dags/example_xcom.py took 0.047 seconds
[2025-09-14T09:55:30.440+0545] {processor.py:186} INFO - Started process (PID=39946) to work on /home/ashok/miniconda3/envs/mysecondenvironment/lib/python3.8/site-packages/airflow/example_dags/example_xcom.py
[2025-09-14T09:55:30.442+0545] {processor.py:914} INFO - Processing file /home/ashok/miniconda3/envs/mysecondenvironment/lib/python3.8/site-packages/airflow/example_dags/example_xcom.py for tasks to queue
[2025-09-14T09:55:30.443+0545] {logging_mixin.py:190} INFO - [2025-09-14T09:55:30.443+0545] {dagbag.py:588} INFO - Filling up the DagBag from /home/ashok/miniconda3/envs/mysecondenvironment/lib/python3.8/site-packages/airflow/example_dags/example_xcom.py
[2025-09-14T09:55:30.447+0545] {processor.py:925} INFO - DAG(s) 'example_xcom' retrieved from /home/ashok/miniconda3/envs/mysecondenvironment/lib/python3.8/site-packages/airflow/example_dags/example_xcom.py
[2025-09-14T09:55:30.456+0545] {logging_mixin.py:190} INFO - [2025-09-14T09:55:30.456+0545] {dag.py:3239} INFO - Sync 1 DAGs
[2025-09-14T09:55:30.464+0545] {logging_mixin.py:190} INFO - [2025-09-14T09:55:30.464+0545] {dag.py:4180} INFO - Setting next_dagrun for example_xcom to 2021-01-01 00:00:00+00:00, run_after=2021-01-01 00:00:00+00:00
[2025-09-14T09:55:30.483+0545] {processor.py:208} INFO - Processing /home/ashok/miniconda3/envs/mysecondenvironment/lib/python3.8/site-packages/airflow/example_dags/example_xcom.py took 0.046 seconds
[2025-09-14T09:56:24.689+0545] {processor.py:186} INFO - Started process (PID=40375) to work on /home/ashok/miniconda3/envs/mysecondenvironment/lib/python3.8/site-packages/airflow/example_dags/example_xcom.py
[2025-09-14T09:56:24.691+0545] {processor.py:914} INFO - Processing file /home/ashok/miniconda3/envs/mysecondenvironment/lib/python3.8/site-packages/airflow/example_dags/example_xcom.py for tasks to queue
[2025-09-14T09:56:24.692+0545] {logging_mixin.py:190} INFO - [2025-09-14T09:56:24.691+0545] {dagbag.py:588} INFO - Filling up the DagBag from /home/ashok/miniconda3/envs/mysecondenvironment/lib/python3.8/site-packages/airflow/example_dags/example_xcom.py
[2025-09-14T09:56:24.698+0545] {processor.py:925} INFO - DAG(s) 'example_xcom' retrieved from /home/ashok/miniconda3/envs/mysecondenvironment/lib/python3.8/site-packages/airflow/example_dags/example_xcom.py
[2025-09-14T09:56:24.707+0545] {logging_mixin.py:190} INFO - [2025-09-14T09:56:24.707+0545] {dag.py:3239} INFO - Sync 1 DAGs
[2025-09-14T09:56:24.714+0545] {logging_mixin.py:190} INFO - [2025-09-14T09:56:24.714+0545] {dag.py:4180} INFO - Setting next_dagrun for example_xcom to 2021-01-01 00:00:00+00:00, run_after=2021-01-01 00:00:00+00:00
[2025-09-14T09:56:24.732+0545] {processor.py:208} INFO - Processing /home/ashok/miniconda3/envs/mysecondenvironment/lib/python3.8/site-packages/airflow/example_dags/example_xcom.py took 0.048 seconds
[2025-09-14T09:57:20.593+0545] {processor.py:186} INFO - Started process (PID=40836) to work on /home/ashok/miniconda3/envs/mysecondenvironment/lib/python3.8/site-packages/airflow/example_dags/example_xcom.py
[2025-09-14T09:57:20.595+0545] {processor.py:914} INFO - Processing file /home/ashok/miniconda3/envs/mysecondenvironment/lib/python3.8/site-packages/airflow/example_dags/example_xcom.py for tasks to queue
[2025-09-14T09:57:20.596+0545] {logging_mixin.py:190} INFO - [2025-09-14T09:57:20.595+0545] {dagbag.py:588} INFO - Filling up the DagBag from /home/ashok/miniconda3/envs/mysecondenvironment/lib/python3.8/site-packages/airflow/example_dags/example_xcom.py
[2025-09-14T09:57:20.600+0545] {processor.py:925} INFO - DAG(s) 'example_xcom' retrieved from /home/ashok/miniconda3/envs/mysecondenvironment/lib/python3.8/site-packages/airflow/example_dags/example_xcom.py
[2025-09-14T09:57:20.612+0545] {logging_mixin.py:190} INFO - [2025-09-14T09:57:20.612+0545] {dag.py:3239} INFO - Sync 1 DAGs
[2025-09-14T09:57:20.621+0545] {logging_mixin.py:190} INFO - [2025-09-14T09:57:20.621+0545] {dag.py:4180} INFO - Setting next_dagrun for example_xcom to 2021-01-01 00:00:00+00:00, run_after=2021-01-01 00:00:00+00:00
[2025-09-14T09:57:20.637+0545] {processor.py:208} INFO - Processing /home/ashok/miniconda3/envs/mysecondenvironment/lib/python3.8/site-packages/airflow/example_dags/example_xcom.py took 0.048 seconds
[2025-09-14T09:58:12.672+0545] {processor.py:186} INFO - Started process (PID=41433) to work on /home/ashok/miniconda3/envs/mysecondenvironment/lib/python3.8/site-packages/airflow/example_dags/example_xcom.py
[2025-09-14T09:58:12.674+0545] {processor.py:914} INFO - Processing file /home/ashok/miniconda3/envs/mysecondenvironment/lib/python3.8/site-packages/airflow/example_dags/example_xcom.py for tasks to queue
[2025-09-14T09:58:12.675+0545] {logging_mixin.py:190} INFO - [2025-09-14T09:58:12.675+0545] {dagbag.py:588} INFO - Filling up the DagBag from /home/ashok/miniconda3/envs/mysecondenvironment/lib/python3.8/site-packages/airflow/example_dags/example_xcom.py
[2025-09-14T09:58:12.679+0545] {processor.py:925} INFO - DAG(s) 'example_xcom' retrieved from /home/ashok/miniconda3/envs/mysecondenvironment/lib/python3.8/site-packages/airflow/example_dags/example_xcom.py
[2025-09-14T09:58:12.687+0545] {logging_mixin.py:190} INFO - [2025-09-14T09:58:12.686+0545] {dag.py:3239} INFO - Sync 1 DAGs
[2025-09-14T09:58:12.694+0545] {logging_mixin.py:190} INFO - [2025-09-14T09:58:12.694+0545] {dag.py:4180} INFO - Setting next_dagrun for example_xcom to 2021-01-01 00:00:00+00:00, run_after=2021-01-01 00:00:00+00:00
[2025-09-14T09:58:12.710+0545] {processor.py:208} INFO - Processing /home/ashok/miniconda3/envs/mysecondenvironment/lib/python3.8/site-packages/airflow/example_dags/example_xcom.py took 0.042 seconds
[2025-09-14T09:59:07.843+0545] {processor.py:186} INFO - Started process (PID=41891) to work on /home/ashok/miniconda3/envs/mysecondenvironment/lib/python3.8/site-packages/airflow/example_dags/example_xcom.py
[2025-09-14T09:59:07.845+0545] {processor.py:914} INFO - Processing file /home/ashok/miniconda3/envs/mysecondenvironment/lib/python3.8/site-packages/airflow/example_dags/example_xcom.py for tasks to queue
[2025-09-14T09:59:07.846+0545] {logging_mixin.py:190} INFO - [2025-09-14T09:59:07.846+0545] {dagbag.py:588} INFO - Filling up the DagBag from /home/ashok/miniconda3/envs/mysecondenvironment/lib/python3.8/site-packages/airflow/example_dags/example_xcom.py
[2025-09-14T09:59:07.850+0545] {processor.py:925} INFO - DAG(s) 'example_xcom' retrieved from /home/ashok/miniconda3/envs/mysecondenvironment/lib/python3.8/site-packages/airflow/example_dags/example_xcom.py
[2025-09-14T09:59:07.858+0545] {logging_mixin.py:190} INFO - [2025-09-14T09:59:07.858+0545] {dag.py:3239} INFO - Sync 1 DAGs
[2025-09-14T09:59:07.866+0545] {logging_mixin.py:190} INFO - [2025-09-14T09:59:07.866+0545] {dag.py:4180} INFO - Setting next_dagrun for example_xcom to 2021-01-01 00:00:00+00:00, run_after=2021-01-01 00:00:00+00:00
[2025-09-14T09:59:07.882+0545] {processor.py:208} INFO - Processing /home/ashok/miniconda3/envs/mysecondenvironment/lib/python3.8/site-packages/airflow/example_dags/example_xcom.py took 0.042 seconds
[2025-09-14T10:00:01.453+0545] {processor.py:186} INFO - Started process (PID=42349) to work on /home/ashok/miniconda3/envs/mysecondenvironment/lib/python3.8/site-packages/airflow/example_dags/example_xcom.py
[2025-09-14T10:00:01.454+0545] {processor.py:914} INFO - Processing file /home/ashok/miniconda3/envs/mysecondenvironment/lib/python3.8/site-packages/airflow/example_dags/example_xcom.py for tasks to queue
[2025-09-14T10:00:01.454+0545] {logging_mixin.py:190} INFO - [2025-09-14T10:00:01.454+0545] {dagbag.py:588} INFO - Filling up the DagBag from /home/ashok/miniconda3/envs/mysecondenvironment/lib/python3.8/site-packages/airflow/example_dags/example_xcom.py
[2025-09-14T10:00:01.459+0545] {processor.py:925} INFO - DAG(s) 'example_xcom' retrieved from /home/ashok/miniconda3/envs/mysecondenvironment/lib/python3.8/site-packages/airflow/example_dags/example_xcom.py
[2025-09-14T10:00:01.468+0545] {logging_mixin.py:190} INFO - [2025-09-14T10:00:01.468+0545] {dag.py:3239} INFO - Sync 1 DAGs
[2025-09-14T10:00:01.479+0545] {logging_mixin.py:190} INFO - [2025-09-14T10:00:01.478+0545] {dag.py:4180} INFO - Setting next_dagrun for example_xcom to 2021-01-01 00:00:00+00:00, run_after=2021-01-01 00:00:00+00:00
[2025-09-14T10:00:01.496+0545] {processor.py:208} INFO - Processing /home/ashok/miniconda3/envs/mysecondenvironment/lib/python3.8/site-packages/airflow/example_dags/example_xcom.py took 0.047 seconds
[2025-09-14T10:00:56.901+0545] {processor.py:186} INFO - Started process (PID=42951) to work on /home/ashok/miniconda3/envs/mysecondenvironment/lib/python3.8/site-packages/airflow/example_dags/example_xcom.py
[2025-09-14T10:00:56.904+0545] {processor.py:914} INFO - Processing file /home/ashok/miniconda3/envs/mysecondenvironment/lib/python3.8/site-packages/airflow/example_dags/example_xcom.py for tasks to queue
[2025-09-14T10:00:56.906+0545] {logging_mixin.py:190} INFO - [2025-09-14T10:00:56.905+0545] {dagbag.py:588} INFO - Filling up the DagBag from /home/ashok/miniconda3/envs/mysecondenvironment/lib/python3.8/site-packages/airflow/example_dags/example_xcom.py
[2025-09-14T10:00:56.910+0545] {processor.py:925} INFO - DAG(s) 'example_xcom' retrieved from /home/ashok/miniconda3/envs/mysecondenvironment/lib/python3.8/site-packages/airflow/example_dags/example_xcom.py
[2025-09-14T10:00:56.918+0545] {logging_mixin.py:190} INFO - [2025-09-14T10:00:56.918+0545] {dag.py:3239} INFO - Sync 1 DAGs
[2025-09-14T10:00:56.926+0545] {logging_mixin.py:190} INFO - [2025-09-14T10:00:56.926+0545] {dag.py:4180} INFO - Setting next_dagrun for example_xcom to 2021-01-01 00:00:00+00:00, run_after=2021-01-01 00:00:00+00:00
[2025-09-14T10:00:56.946+0545] {processor.py:208} INFO - Processing /home/ashok/miniconda3/envs/mysecondenvironment/lib/python3.8/site-packages/airflow/example_dags/example_xcom.py took 0.048 seconds
[2025-09-14T10:01:50.031+0545] {processor.py:186} INFO - Started process (PID=43404) to work on /home/ashok/miniconda3/envs/mysecondenvironment/lib/python3.8/site-packages/airflow/example_dags/example_xcom.py
[2025-09-14T10:01:50.033+0545] {processor.py:914} INFO - Processing file /home/ashok/miniconda3/envs/mysecondenvironment/lib/python3.8/site-packages/airflow/example_dags/example_xcom.py for tasks to queue
[2025-09-14T10:01:50.034+0545] {logging_mixin.py:190} INFO - [2025-09-14T10:01:50.034+0545] {dagbag.py:588} INFO - Filling up the DagBag from /home/ashok/miniconda3/envs/mysecondenvironment/lib/python3.8/site-packages/airflow/example_dags/example_xcom.py
[2025-09-14T10:01:50.038+0545] {processor.py:925} INFO - DAG(s) 'example_xcom' retrieved from /home/ashok/miniconda3/envs/mysecondenvironment/lib/python3.8/site-packages/airflow/example_dags/example_xcom.py
[2025-09-14T10:01:50.046+0545] {logging_mixin.py:190} INFO - [2025-09-14T10:01:50.046+0545] {dag.py:3239} INFO - Sync 1 DAGs
[2025-09-14T10:01:50.053+0545] {logging_mixin.py:190} INFO - [2025-09-14T10:01:50.053+0545] {dag.py:4180} INFO - Setting next_dagrun for example_xcom to 2021-01-01 00:00:00+00:00, run_after=2021-01-01 00:00:00+00:00
[2025-09-14T10:01:50.072+0545] {processor.py:208} INFO - Processing /home/ashok/miniconda3/envs/mysecondenvironment/lib/python3.8/site-packages/airflow/example_dags/example_xcom.py took 0.044 seconds
[2025-09-14T10:02:46.563+0545] {processor.py:186} INFO - Started process (PID=43764) to work on /home/ashok/miniconda3/envs/mysecondenvironment/lib/python3.8/site-packages/airflow/example_dags/example_xcom.py
[2025-09-14T10:02:46.565+0545] {processor.py:914} INFO - Processing file /home/ashok/miniconda3/envs/mysecondenvironment/lib/python3.8/site-packages/airflow/example_dags/example_xcom.py for tasks to queue
[2025-09-14T10:02:46.566+0545] {logging_mixin.py:190} INFO - [2025-09-14T10:02:46.566+0545] {dagbag.py:588} INFO - Filling up the DagBag from /home/ashok/miniconda3/envs/mysecondenvironment/lib/python3.8/site-packages/airflow/example_dags/example_xcom.py
[2025-09-14T10:02:46.570+0545] {processor.py:925} INFO - DAG(s) 'example_xcom' retrieved from /home/ashok/miniconda3/envs/mysecondenvironment/lib/python3.8/site-packages/airflow/example_dags/example_xcom.py
[2025-09-14T10:02:46.578+0545] {logging_mixin.py:190} INFO - [2025-09-14T10:02:46.578+0545] {dag.py:3239} INFO - Sync 1 DAGs
[2025-09-14T10:02:46.586+0545] {logging_mixin.py:190} INFO - [2025-09-14T10:02:46.586+0545] {dag.py:4180} INFO - Setting next_dagrun for example_xcom to 2021-01-01 00:00:00+00:00, run_after=2021-01-01 00:00:00+00:00
[2025-09-14T10:02:46.603+0545] {processor.py:208} INFO - Processing /home/ashok/miniconda3/envs/mysecondenvironment/lib/python3.8/site-packages/airflow/example_dags/example_xcom.py took 0.043 seconds
[2025-09-14T10:03:42.930+0545] {processor.py:186} INFO - Started process (PID=44132) to work on /home/ashok/miniconda3/envs/mysecondenvironment/lib/python3.8/site-packages/airflow/example_dags/example_xcom.py
[2025-09-14T10:03:42.932+0545] {processor.py:914} INFO - Processing file /home/ashok/miniconda3/envs/mysecondenvironment/lib/python3.8/site-packages/airflow/example_dags/example_xcom.py for tasks to queue
[2025-09-14T10:03:42.933+0545] {logging_mixin.py:190} INFO - [2025-09-14T10:03:42.932+0545] {dagbag.py:588} INFO - Filling up the DagBag from /home/ashok/miniconda3/envs/mysecondenvironment/lib/python3.8/site-packages/airflow/example_dags/example_xcom.py
[2025-09-14T10:03:42.937+0545] {processor.py:925} INFO - DAG(s) 'example_xcom' retrieved from /home/ashok/miniconda3/envs/mysecondenvironment/lib/python3.8/site-packages/airflow/example_dags/example_xcom.py
[2025-09-14T10:03:42.945+0545] {logging_mixin.py:190} INFO - [2025-09-14T10:03:42.945+0545] {dag.py:3239} INFO - Sync 1 DAGs
[2025-09-14T10:03:42.952+0545] {logging_mixin.py:190} INFO - [2025-09-14T10:03:42.952+0545] {dag.py:4180} INFO - Setting next_dagrun for example_xcom to 2021-01-01 00:00:00+00:00, run_after=2021-01-01 00:00:00+00:00
[2025-09-14T10:03:42.970+0545] {processor.py:208} INFO - Processing /home/ashok/miniconda3/envs/mysecondenvironment/lib/python3.8/site-packages/airflow/example_dags/example_xcom.py took 0.044 seconds
[2025-09-14T16:50:08.456+0545] {processor.py:186} INFO - Started process (PID=7741) to work on /home/ashok/miniconda3/envs/mysecondenvironment/lib/python3.8/site-packages/airflow/example_dags/example_xcom.py
[2025-09-14T16:50:08.459+0545] {processor.py:914} INFO - Processing file /home/ashok/miniconda3/envs/mysecondenvironment/lib/python3.8/site-packages/airflow/example_dags/example_xcom.py for tasks to queue
[2025-09-14T16:50:08.461+0545] {logging_mixin.py:190} INFO - [2025-09-14T16:50:08.460+0545] {dagbag.py:588} INFO - Filling up the DagBag from /home/ashok/miniconda3/envs/mysecondenvironment/lib/python3.8/site-packages/airflow/example_dags/example_xcom.py
[2025-09-14T16:50:08.467+0545] {processor.py:925} INFO - DAG(s) 'example_xcom' retrieved from /home/ashok/miniconda3/envs/mysecondenvironment/lib/python3.8/site-packages/airflow/example_dags/example_xcom.py
[2025-09-14T16:50:08.480+0545] {logging_mixin.py:190} INFO - [2025-09-14T16:50:08.480+0545] {dag.py:3239} INFO - Sync 1 DAGs
[2025-09-14T16:50:08.489+0545] {logging_mixin.py:190} INFO - [2025-09-14T16:50:08.489+0545] {dag.py:4180} INFO - Setting next_dagrun for example_xcom to 2021-01-01 00:00:00+00:00, run_after=2021-01-01 00:00:00+00:00
[2025-09-14T16:50:08.505+0545] {processor.py:208} INFO - Processing /home/ashok/miniconda3/envs/mysecondenvironment/lib/python3.8/site-packages/airflow/example_dags/example_xcom.py took 0.052 seconds
[2025-09-14T16:52:18.963+0545] {processor.py:186} INFO - Started process (PID=10485) to work on /home/ashok/miniconda3/envs/mysecondenvironment/lib/python3.8/site-packages/airflow/example_dags/example_xcom.py
[2025-09-14T16:52:18.966+0545] {processor.py:914} INFO - Processing file /home/ashok/miniconda3/envs/mysecondenvironment/lib/python3.8/site-packages/airflow/example_dags/example_xcom.py for tasks to queue
[2025-09-14T16:52:18.967+0545] {logging_mixin.py:190} INFO - [2025-09-14T16:52:18.967+0545] {dagbag.py:588} INFO - Filling up the DagBag from /home/ashok/miniconda3/envs/mysecondenvironment/lib/python3.8/site-packages/airflow/example_dags/example_xcom.py
[2025-09-14T16:52:18.972+0545] {processor.py:925} INFO - DAG(s) 'example_xcom' retrieved from /home/ashok/miniconda3/envs/mysecondenvironment/lib/python3.8/site-packages/airflow/example_dags/example_xcom.py
[2025-09-14T16:52:18.980+0545] {logging_mixin.py:190} INFO - [2025-09-14T16:52:18.980+0545] {dag.py:3239} INFO - Sync 1 DAGs
[2025-09-14T16:52:18.988+0545] {logging_mixin.py:190} INFO - [2025-09-14T16:52:18.988+0545] {dag.py:4180} INFO - Setting next_dagrun for example_xcom to 2021-01-01 00:00:00+00:00, run_after=2021-01-01 00:00:00+00:00
[2025-09-14T16:52:19.007+0545] {processor.py:208} INFO - Processing /home/ashok/miniconda3/envs/mysecondenvironment/lib/python3.8/site-packages/airflow/example_dags/example_xcom.py took 0.047 seconds
