[2025-09-14T09:23:41.427+0545] {processor.py:186} INFO - Started process (PID=23227) to work on /home/ashok/miniconda3/envs/mysecondenvironment/lib/python3.8/site-packages/airflow/example_dags/example_params_ui_tutorial.py
[2025-09-14T09:23:41.428+0545] {processor.py:914} INFO - Processing file /home/ashok/miniconda3/envs/mysecondenvironment/lib/python3.8/site-packages/airflow/example_dags/example_params_ui_tutorial.py for tasks to queue
[2025-09-14T09:23:41.430+0545] {logging_mixin.py:190} INFO - [2025-09-14T09:23:41.429+0545] {dagbag.py:588} INFO - Filling up the DagBag from /home/ashok/miniconda3/envs/mysecondenvironment/lib/python3.8/site-packages/airflow/example_dags/example_params_ui_tutorial.py
[2025-09-14T09:23:41.436+0545] {processor.py:925} INFO - DAG(s) 'example_params_ui_tutorial' retrieved from /home/ashok/miniconda3/envs/mysecondenvironment/lib/python3.8/site-packages/airflow/example_dags/example_params_ui_tutorial.py
[2025-09-14T09:23:41.504+0545] {logging_mixin.py:190} INFO - [2025-09-14T09:23:41.504+0545] {dag.py:3239} INFO - Sync 1 DAGs
[2025-09-14T09:23:41.511+0545] {logging_mixin.py:190} INFO - [2025-09-14T09:23:41.511+0545] {dag.py:4180} INFO - Setting next_dagrun for example_params_ui_tutorial to None, run_after=None
[2025-09-14T09:23:41.529+0545] {processor.py:208} INFO - Processing /home/ashok/miniconda3/envs/mysecondenvironment/lib/python3.8/site-packages/airflow/example_dags/example_params_ui_tutorial.py took 0.107 seconds
[2025-09-14T09:24:40.660+0545] {processor.py:186} INFO - Started process (PID=23855) to work on /home/ashok/miniconda3/envs/mysecondenvironment/lib/python3.8/site-packages/airflow/example_dags/example_params_ui_tutorial.py
[2025-09-14T09:24:40.661+0545] {processor.py:914} INFO - Processing file /home/ashok/miniconda3/envs/mysecondenvironment/lib/python3.8/site-packages/airflow/example_dags/example_params_ui_tutorial.py for tasks to queue
[2025-09-14T09:24:40.662+0545] {logging_mixin.py:190} INFO - [2025-09-14T09:24:40.662+0545] {dagbag.py:588} INFO - Filling up the DagBag from /home/ashok/miniconda3/envs/mysecondenvironment/lib/python3.8/site-packages/airflow/example_dags/example_params_ui_tutorial.py
[2025-09-14T09:24:40.668+0545] {processor.py:925} INFO - DAG(s) 'example_params_ui_tutorial' retrieved from /home/ashok/miniconda3/envs/mysecondenvironment/lib/python3.8/site-packages/airflow/example_dags/example_params_ui_tutorial.py
[2025-09-14T09:24:40.691+0545] {logging_mixin.py:190} INFO - [2025-09-14T09:24:40.691+0545] {dag.py:3239} INFO - Sync 1 DAGs
[2025-09-14T09:24:40.699+0545] {logging_mixin.py:190} INFO - [2025-09-14T09:24:40.699+0545] {dag.py:4180} INFO - Setting next_dagrun for example_params_ui_tutorial to None, run_after=None
[2025-09-14T09:24:40.717+0545] {processor.py:208} INFO - Processing /home/ashok/miniconda3/envs/mysecondenvironment/lib/python3.8/site-packages/airflow/example_dags/example_params_ui_tutorial.py took 0.061 seconds
[2025-09-14T09:26:14.893+0545] {processor.py:186} INFO - Started process (PID=24958) to work on /home/ashok/miniconda3/envs/mysecondenvironment/lib/python3.8/site-packages/airflow/example_dags/example_params_ui_tutorial.py
[2025-09-14T09:26:14.895+0545] {processor.py:914} INFO - Processing file /home/ashok/miniconda3/envs/mysecondenvironment/lib/python3.8/site-packages/airflow/example_dags/example_params_ui_tutorial.py for tasks to queue
[2025-09-14T09:26:14.896+0545] {logging_mixin.py:190} INFO - [2025-09-14T09:26:14.895+0545] {dagbag.py:588} INFO - Filling up the DagBag from /home/ashok/miniconda3/envs/mysecondenvironment/lib/python3.8/site-packages/airflow/example_dags/example_params_ui_tutorial.py
[2025-09-14T09:26:14.902+0545] {processor.py:925} INFO - DAG(s) 'example_params_ui_tutorial' retrieved from /home/ashok/miniconda3/envs/mysecondenvironment/lib/python3.8/site-packages/airflow/example_dags/example_params_ui_tutorial.py
[2025-09-14T09:26:14.923+0545] {logging_mixin.py:190} INFO - [2025-09-14T09:26:14.923+0545] {dag.py:3239} INFO - Sync 1 DAGs
[2025-09-14T09:26:14.930+0545] {logging_mixin.py:190} INFO - [2025-09-14T09:26:14.930+0545] {dag.py:4180} INFO - Setting next_dagrun for example_params_ui_tutorial to None, run_after=None
[2025-09-14T09:26:14.948+0545] {processor.py:208} INFO - Processing /home/ashok/miniconda3/envs/mysecondenvironment/lib/python3.8/site-packages/airflow/example_dags/example_params_ui_tutorial.py took 0.059 seconds
[2025-09-14T09:33:40.143+0545] {processor.py:186} INFO - Started process (PID=29407) to work on /home/ashok/miniconda3/envs/mysecondenvironment/lib/python3.8/site-packages/airflow/example_dags/example_params_ui_tutorial.py
[2025-09-14T09:33:40.145+0545] {processor.py:914} INFO - Processing file /home/ashok/miniconda3/envs/mysecondenvironment/lib/python3.8/site-packages/airflow/example_dags/example_params_ui_tutorial.py for tasks to queue
[2025-09-14T09:33:40.146+0545] {logging_mixin.py:190} INFO - [2025-09-14T09:33:40.145+0545] {dagbag.py:588} INFO - Filling up the DagBag from /home/ashok/miniconda3/envs/mysecondenvironment/lib/python3.8/site-packages/airflow/example_dags/example_params_ui_tutorial.py
[2025-09-14T09:33:40.150+0545] {processor.py:925} INFO - DAG(s) 'example_params_ui_tutorial' retrieved from /home/ashok/miniconda3/envs/mysecondenvironment/lib/python3.8/site-packages/airflow/example_dags/example_params_ui_tutorial.py
[2025-09-14T09:33:40.169+0545] {logging_mixin.py:190} INFO - [2025-09-14T09:33:40.169+0545] {dag.py:3239} INFO - Sync 1 DAGs
[2025-09-14T09:33:40.175+0545] {logging_mixin.py:190} INFO - [2025-09-14T09:33:40.175+0545] {dag.py:4180} INFO - Setting next_dagrun for example_params_ui_tutorial to None, run_after=None
[2025-09-14T09:33:40.193+0545] {processor.py:208} INFO - Processing /home/ashok/miniconda3/envs/mysecondenvironment/lib/python3.8/site-packages/airflow/example_dags/example_params_ui_tutorial.py took 0.055 seconds
[2025-09-14T09:34:36.171+0545] {processor.py:186} INFO - Started process (PID=29852) to work on /home/ashok/miniconda3/envs/mysecondenvironment/lib/python3.8/site-packages/airflow/example_dags/example_params_ui_tutorial.py
[2025-09-14T09:34:36.173+0545] {processor.py:914} INFO - Processing file /home/ashok/miniconda3/envs/mysecondenvironment/lib/python3.8/site-packages/airflow/example_dags/example_params_ui_tutorial.py for tasks to queue
[2025-09-14T09:34:36.174+0545] {logging_mixin.py:190} INFO - [2025-09-14T09:34:36.173+0545] {dagbag.py:588} INFO - Filling up the DagBag from /home/ashok/miniconda3/envs/mysecondenvironment/lib/python3.8/site-packages/airflow/example_dags/example_params_ui_tutorial.py
[2025-09-14T09:34:36.178+0545] {processor.py:925} INFO - DAG(s) 'example_params_ui_tutorial' retrieved from /home/ashok/miniconda3/envs/mysecondenvironment/lib/python3.8/site-packages/airflow/example_dags/example_params_ui_tutorial.py
[2025-09-14T09:34:36.197+0545] {logging_mixin.py:190} INFO - [2025-09-14T09:34:36.197+0545] {dag.py:3239} INFO - Sync 1 DAGs
[2025-09-14T09:34:36.202+0545] {logging_mixin.py:190} INFO - [2025-09-14T09:34:36.202+0545] {dag.py:4180} INFO - Setting next_dagrun for example_params_ui_tutorial to None, run_after=None
[2025-09-14T09:34:36.219+0545] {processor.py:208} INFO - Processing /home/ashok/miniconda3/envs/mysecondenvironment/lib/python3.8/site-packages/airflow/example_dags/example_params_ui_tutorial.py took 0.051 seconds
[2025-09-14T09:35:33.649+0545] {processor.py:186} INFO - Started process (PID=30300) to work on /home/ashok/miniconda3/envs/mysecondenvironment/lib/python3.8/site-packages/airflow/example_dags/example_params_ui_tutorial.py
[2025-09-14T09:35:33.651+0545] {processor.py:914} INFO - Processing file /home/ashok/miniconda3/envs/mysecondenvironment/lib/python3.8/site-packages/airflow/example_dags/example_params_ui_tutorial.py for tasks to queue
[2025-09-14T09:35:33.651+0545] {logging_mixin.py:190} INFO - [2025-09-14T09:35:33.651+0545] {dagbag.py:588} INFO - Filling up the DagBag from /home/ashok/miniconda3/envs/mysecondenvironment/lib/python3.8/site-packages/airflow/example_dags/example_params_ui_tutorial.py
[2025-09-14T09:35:33.656+0545] {processor.py:925} INFO - DAG(s) 'example_params_ui_tutorial' retrieved from /home/ashok/miniconda3/envs/mysecondenvironment/lib/python3.8/site-packages/airflow/example_dags/example_params_ui_tutorial.py
[2025-09-14T09:35:33.676+0545] {logging_mixin.py:190} INFO - [2025-09-14T09:35:33.676+0545] {dag.py:3239} INFO - Sync 1 DAGs
[2025-09-14T09:35:33.681+0545] {logging_mixin.py:190} INFO - [2025-09-14T09:35:33.681+0545] {dag.py:4180} INFO - Setting next_dagrun for example_params_ui_tutorial to None, run_after=None
[2025-09-14T09:35:33.699+0545] {processor.py:208} INFO - Processing /home/ashok/miniconda3/envs/mysecondenvironment/lib/python3.8/site-packages/airflow/example_dags/example_params_ui_tutorial.py took 0.054 seconds
[2025-09-14T09:36:27.734+0545] {processor.py:186} INFO - Started process (PID=30700) to work on /home/ashok/miniconda3/envs/mysecondenvironment/lib/python3.8/site-packages/airflow/example_dags/example_params_ui_tutorial.py
[2025-09-14T09:36:27.736+0545] {processor.py:914} INFO - Processing file /home/ashok/miniconda3/envs/mysecondenvironment/lib/python3.8/site-packages/airflow/example_dags/example_params_ui_tutorial.py for tasks to queue
[2025-09-14T09:36:27.738+0545] {logging_mixin.py:190} INFO - [2025-09-14T09:36:27.737+0545] {dagbag.py:588} INFO - Filling up the DagBag from /home/ashok/miniconda3/envs/mysecondenvironment/lib/python3.8/site-packages/airflow/example_dags/example_params_ui_tutorial.py
[2025-09-14T09:36:27.743+0545] {processor.py:925} INFO - DAG(s) 'example_params_ui_tutorial' retrieved from /home/ashok/miniconda3/envs/mysecondenvironment/lib/python3.8/site-packages/airflow/example_dags/example_params_ui_tutorial.py
[2025-09-14T09:36:27.765+0545] {logging_mixin.py:190} INFO - [2025-09-14T09:36:27.765+0545] {dag.py:3239} INFO - Sync 1 DAGs
[2025-09-14T09:36:27.771+0545] {logging_mixin.py:190} INFO - [2025-09-14T09:36:27.771+0545] {dag.py:4180} INFO - Setting next_dagrun for example_params_ui_tutorial to None, run_after=None
[2025-09-14T09:36:27.787+0545] {processor.py:208} INFO - Processing /home/ashok/miniconda3/envs/mysecondenvironment/lib/python3.8/site-packages/airflow/example_dags/example_params_ui_tutorial.py took 0.059 seconds
[2025-09-14T09:37:19.524+0545] {processor.py:186} INFO - Started process (PID=31276) to work on /home/ashok/miniconda3/envs/mysecondenvironment/lib/python3.8/site-packages/airflow/example_dags/example_params_ui_tutorial.py
[2025-09-14T09:37:19.527+0545] {processor.py:914} INFO - Processing file /home/ashok/miniconda3/envs/mysecondenvironment/lib/python3.8/site-packages/airflow/example_dags/example_params_ui_tutorial.py for tasks to queue
[2025-09-14T09:37:19.527+0545] {logging_mixin.py:190} INFO - [2025-09-14T09:37:19.527+0545] {dagbag.py:588} INFO - Filling up the DagBag from /home/ashok/miniconda3/envs/mysecondenvironment/lib/python3.8/site-packages/airflow/example_dags/example_params_ui_tutorial.py
[2025-09-14T09:37:19.531+0545] {processor.py:925} INFO - DAG(s) 'example_params_ui_tutorial' retrieved from /home/ashok/miniconda3/envs/mysecondenvironment/lib/python3.8/site-packages/airflow/example_dags/example_params_ui_tutorial.py
[2025-09-14T09:37:19.550+0545] {logging_mixin.py:190} INFO - [2025-09-14T09:37:19.549+0545] {dag.py:3239} INFO - Sync 1 DAGs
[2025-09-14T09:37:19.555+0545] {logging_mixin.py:190} INFO - [2025-09-14T09:37:19.554+0545] {dag.py:4180} INFO - Setting next_dagrun for example_params_ui_tutorial to None, run_after=None
[2025-09-14T09:37:19.572+0545] {processor.py:208} INFO - Processing /home/ashok/miniconda3/envs/mysecondenvironment/lib/python3.8/site-packages/airflow/example_dags/example_params_ui_tutorial.py took 0.051 seconds
[2025-09-14T09:38:14.999+0545] {processor.py:186} INFO - Started process (PID=31719) to work on /home/ashok/miniconda3/envs/mysecondenvironment/lib/python3.8/site-packages/airflow/example_dags/example_params_ui_tutorial.py
[2025-09-14T09:38:15.001+0545] {processor.py:914} INFO - Processing file /home/ashok/miniconda3/envs/mysecondenvironment/lib/python3.8/site-packages/airflow/example_dags/example_params_ui_tutorial.py for tasks to queue
[2025-09-14T09:38:15.002+0545] {logging_mixin.py:190} INFO - [2025-09-14T09:38:15.001+0545] {dagbag.py:588} INFO - Filling up the DagBag from /home/ashok/miniconda3/envs/mysecondenvironment/lib/python3.8/site-packages/airflow/example_dags/example_params_ui_tutorial.py
[2025-09-14T09:38:15.006+0545] {processor.py:925} INFO - DAG(s) 'example_params_ui_tutorial' retrieved from /home/ashok/miniconda3/envs/mysecondenvironment/lib/python3.8/site-packages/airflow/example_dags/example_params_ui_tutorial.py
[2025-09-14T09:38:15.024+0545] {logging_mixin.py:190} INFO - [2025-09-14T09:38:15.024+0545] {dag.py:3239} INFO - Sync 1 DAGs
[2025-09-14T09:38:15.029+0545] {logging_mixin.py:190} INFO - [2025-09-14T09:38:15.029+0545] {dag.py:4180} INFO - Setting next_dagrun for example_params_ui_tutorial to None, run_after=None
[2025-09-14T09:38:15.048+0545] {processor.py:208} INFO - Processing /home/ashok/miniconda3/envs/mysecondenvironment/lib/python3.8/site-packages/airflow/example_dags/example_params_ui_tutorial.py took 0.052 seconds
[2025-09-14T09:39:12.849+0545] {processor.py:186} INFO - Started process (PID=32378) to work on /home/ashok/miniconda3/envs/mysecondenvironment/lib/python3.8/site-packages/airflow/example_dags/example_params_ui_tutorial.py
[2025-09-14T09:39:12.851+0545] {processor.py:914} INFO - Processing file /home/ashok/miniconda3/envs/mysecondenvironment/lib/python3.8/site-packages/airflow/example_dags/example_params_ui_tutorial.py for tasks to queue
[2025-09-14T09:39:12.851+0545] {logging_mixin.py:190} INFO - [2025-09-14T09:39:12.851+0545] {dagbag.py:588} INFO - Filling up the DagBag from /home/ashok/miniconda3/envs/mysecondenvironment/lib/python3.8/site-packages/airflow/example_dags/example_params_ui_tutorial.py
[2025-09-14T09:39:12.855+0545] {processor.py:925} INFO - DAG(s) 'example_params_ui_tutorial' retrieved from /home/ashok/miniconda3/envs/mysecondenvironment/lib/python3.8/site-packages/airflow/example_dags/example_params_ui_tutorial.py
[2025-09-14T09:39:12.875+0545] {logging_mixin.py:190} INFO - [2025-09-14T09:39:12.874+0545] {dag.py:3239} INFO - Sync 1 DAGs
[2025-09-14T09:39:12.880+0545] {logging_mixin.py:190} INFO - [2025-09-14T09:39:12.880+0545] {dag.py:4180} INFO - Setting next_dagrun for example_params_ui_tutorial to None, run_after=None
[2025-09-14T09:39:12.897+0545] {processor.py:208} INFO - Processing /home/ashok/miniconda3/envs/mysecondenvironment/lib/python3.8/site-packages/airflow/example_dags/example_params_ui_tutorial.py took 0.053 seconds
[2025-09-14T09:40:08.393+0545] {processor.py:186} INFO - Started process (PID=32756) to work on /home/ashok/miniconda3/envs/mysecondenvironment/lib/python3.8/site-packages/airflow/example_dags/example_params_ui_tutorial.py
[2025-09-14T09:40:08.396+0545] {processor.py:914} INFO - Processing file /home/ashok/miniconda3/envs/mysecondenvironment/lib/python3.8/site-packages/airflow/example_dags/example_params_ui_tutorial.py for tasks to queue
[2025-09-14T09:40:08.397+0545] {logging_mixin.py:190} INFO - [2025-09-14T09:40:08.396+0545] {dagbag.py:588} INFO - Filling up the DagBag from /home/ashok/miniconda3/envs/mysecondenvironment/lib/python3.8/site-packages/airflow/example_dags/example_params_ui_tutorial.py
[2025-09-14T09:40:08.400+0545] {processor.py:925} INFO - DAG(s) 'example_params_ui_tutorial' retrieved from /home/ashok/miniconda3/envs/mysecondenvironment/lib/python3.8/site-packages/airflow/example_dags/example_params_ui_tutorial.py
[2025-09-14T09:40:08.419+0545] {logging_mixin.py:190} INFO - [2025-09-14T09:40:08.419+0545] {dag.py:3239} INFO - Sync 1 DAGs
[2025-09-14T09:40:08.424+0545] {logging_mixin.py:190} INFO - [2025-09-14T09:40:08.424+0545] {dag.py:4180} INFO - Setting next_dagrun for example_params_ui_tutorial to None, run_after=None
[2025-09-14T09:40:08.441+0545] {processor.py:208} INFO - Processing /home/ashok/miniconda3/envs/mysecondenvironment/lib/python3.8/site-packages/airflow/example_dags/example_params_ui_tutorial.py took 0.050 seconds
[2025-09-14T09:41:04.428+0545] {processor.py:186} INFO - Started process (PID=33173) to work on /home/ashok/miniconda3/envs/mysecondenvironment/lib/python3.8/site-packages/airflow/example_dags/example_params_ui_tutorial.py
[2025-09-14T09:41:04.429+0545] {processor.py:914} INFO - Processing file /home/ashok/miniconda3/envs/mysecondenvironment/lib/python3.8/site-packages/airflow/example_dags/example_params_ui_tutorial.py for tasks to queue
[2025-09-14T09:41:04.430+0545] {logging_mixin.py:190} INFO - [2025-09-14T09:41:04.430+0545] {dagbag.py:588} INFO - Filling up the DagBag from /home/ashok/miniconda3/envs/mysecondenvironment/lib/python3.8/site-packages/airflow/example_dags/example_params_ui_tutorial.py
[2025-09-14T09:41:04.435+0545] {processor.py:925} INFO - DAG(s) 'example_params_ui_tutorial' retrieved from /home/ashok/miniconda3/envs/mysecondenvironment/lib/python3.8/site-packages/airflow/example_dags/example_params_ui_tutorial.py
[2025-09-14T09:41:04.456+0545] {logging_mixin.py:190} INFO - [2025-09-14T09:41:04.456+0545] {dag.py:3239} INFO - Sync 1 DAGs
[2025-09-14T09:41:04.464+0545] {logging_mixin.py:190} INFO - [2025-09-14T09:41:04.464+0545] {dag.py:4180} INFO - Setting next_dagrun for example_params_ui_tutorial to None, run_after=None
[2025-09-14T09:41:04.480+0545] {processor.py:208} INFO - Processing /home/ashok/miniconda3/envs/mysecondenvironment/lib/python3.8/site-packages/airflow/example_dags/example_params_ui_tutorial.py took 0.057 seconds
[2025-09-14T09:42:00.836+0545] {processor.py:186} INFO - Started process (PID=33597) to work on /home/ashok/miniconda3/envs/mysecondenvironment/lib/python3.8/site-packages/airflow/example_dags/example_params_ui_tutorial.py
[2025-09-14T09:42:00.838+0545] {processor.py:914} INFO - Processing file /home/ashok/miniconda3/envs/mysecondenvironment/lib/python3.8/site-packages/airflow/example_dags/example_params_ui_tutorial.py for tasks to queue
[2025-09-14T09:42:00.839+0545] {logging_mixin.py:190} INFO - [2025-09-14T09:42:00.839+0545] {dagbag.py:588} INFO - Filling up the DagBag from /home/ashok/miniconda3/envs/mysecondenvironment/lib/python3.8/site-packages/airflow/example_dags/example_params_ui_tutorial.py
[2025-09-14T09:42:00.843+0545] {processor.py:925} INFO - DAG(s) 'example_params_ui_tutorial' retrieved from /home/ashok/miniconda3/envs/mysecondenvironment/lib/python3.8/site-packages/airflow/example_dags/example_params_ui_tutorial.py
[2025-09-14T09:42:00.861+0545] {logging_mixin.py:190} INFO - [2025-09-14T09:42:00.861+0545] {dag.py:3239} INFO - Sync 1 DAGs
[2025-09-14T09:42:00.866+0545] {logging_mixin.py:190} INFO - [2025-09-14T09:42:00.866+0545] {dag.py:4180} INFO - Setting next_dagrun for example_params_ui_tutorial to None, run_after=None
[2025-09-14T09:42:00.884+0545] {processor.py:208} INFO - Processing /home/ashok/miniconda3/envs/mysecondenvironment/lib/python3.8/site-packages/airflow/example_dags/example_params_ui_tutorial.py took 0.051 seconds
[2025-09-14T09:42:55.883+0545] {processor.py:186} INFO - Started process (PID=34083) to work on /home/ashok/miniconda3/envs/mysecondenvironment/lib/python3.8/site-packages/airflow/example_dags/example_params_ui_tutorial.py
[2025-09-14T09:42:55.884+0545] {processor.py:914} INFO - Processing file /home/ashok/miniconda3/envs/mysecondenvironment/lib/python3.8/site-packages/airflow/example_dags/example_params_ui_tutorial.py for tasks to queue
[2025-09-14T09:42:55.885+0545] {logging_mixin.py:190} INFO - [2025-09-14T09:42:55.885+0545] {dagbag.py:588} INFO - Filling up the DagBag from /home/ashok/miniconda3/envs/mysecondenvironment/lib/python3.8/site-packages/airflow/example_dags/example_params_ui_tutorial.py
[2025-09-14T09:42:55.889+0545] {processor.py:925} INFO - DAG(s) 'example_params_ui_tutorial' retrieved from /home/ashok/miniconda3/envs/mysecondenvironment/lib/python3.8/site-packages/airflow/example_dags/example_params_ui_tutorial.py
[2025-09-14T09:42:55.909+0545] {logging_mixin.py:190} INFO - [2025-09-14T09:42:55.909+0545] {dag.py:3239} INFO - Sync 1 DAGs
[2025-09-14T09:42:55.915+0545] {logging_mixin.py:190} INFO - [2025-09-14T09:42:55.915+0545] {dag.py:4180} INFO - Setting next_dagrun for example_params_ui_tutorial to None, run_after=None
[2025-09-14T09:42:55.929+0545] {processor.py:208} INFO - Processing /home/ashok/miniconda3/envs/mysecondenvironment/lib/python3.8/site-packages/airflow/example_dags/example_params_ui_tutorial.py took 0.050 seconds
[2025-09-14T09:43:52.327+0545] {processor.py:186} INFO - Started process (PID=34475) to work on /home/ashok/miniconda3/envs/mysecondenvironment/lib/python3.8/site-packages/airflow/example_dags/example_params_ui_tutorial.py
[2025-09-14T09:43:52.328+0545] {processor.py:914} INFO - Processing file /home/ashok/miniconda3/envs/mysecondenvironment/lib/python3.8/site-packages/airflow/example_dags/example_params_ui_tutorial.py for tasks to queue
[2025-09-14T09:43:52.328+0545] {logging_mixin.py:190} INFO - [2025-09-14T09:43:52.328+0545] {dagbag.py:588} INFO - Filling up the DagBag from /home/ashok/miniconda3/envs/mysecondenvironment/lib/python3.8/site-packages/airflow/example_dags/example_params_ui_tutorial.py
[2025-09-14T09:43:52.332+0545] {processor.py:925} INFO - DAG(s) 'example_params_ui_tutorial' retrieved from /home/ashok/miniconda3/envs/mysecondenvironment/lib/python3.8/site-packages/airflow/example_dags/example_params_ui_tutorial.py
[2025-09-14T09:43:52.351+0545] {logging_mixin.py:190} INFO - [2025-09-14T09:43:52.351+0545] {dag.py:3239} INFO - Sync 1 DAGs
[2025-09-14T09:43:52.356+0545] {logging_mixin.py:190} INFO - [2025-09-14T09:43:52.356+0545] {dag.py:4180} INFO - Setting next_dagrun for example_params_ui_tutorial to None, run_after=None
[2025-09-14T09:43:52.375+0545] {processor.py:208} INFO - Processing /home/ashok/miniconda3/envs/mysecondenvironment/lib/python3.8/site-packages/airflow/example_dags/example_params_ui_tutorial.py took 0.052 seconds
[2025-09-14T09:44:50.880+0545] {processor.py:186} INFO - Started process (PID=34874) to work on /home/ashok/miniconda3/envs/mysecondenvironment/lib/python3.8/site-packages/airflow/example_dags/example_params_ui_tutorial.py
[2025-09-14T09:44:50.881+0545] {processor.py:914} INFO - Processing file /home/ashok/miniconda3/envs/mysecondenvironment/lib/python3.8/site-packages/airflow/example_dags/example_params_ui_tutorial.py for tasks to queue
[2025-09-14T09:44:50.882+0545] {logging_mixin.py:190} INFO - [2025-09-14T09:44:50.881+0545] {dagbag.py:588} INFO - Filling up the DagBag from /home/ashok/miniconda3/envs/mysecondenvironment/lib/python3.8/site-packages/airflow/example_dags/example_params_ui_tutorial.py
[2025-09-14T09:44:50.885+0545] {processor.py:925} INFO - DAG(s) 'example_params_ui_tutorial' retrieved from /home/ashok/miniconda3/envs/mysecondenvironment/lib/python3.8/site-packages/airflow/example_dags/example_params_ui_tutorial.py
[2025-09-14T09:44:50.903+0545] {logging_mixin.py:190} INFO - [2025-09-14T09:44:50.903+0545] {dag.py:3239} INFO - Sync 1 DAGs
[2025-09-14T09:44:50.908+0545] {logging_mixin.py:190} INFO - [2025-09-14T09:44:50.908+0545] {dag.py:4180} INFO - Setting next_dagrun for example_params_ui_tutorial to None, run_after=None
[2025-09-14T09:44:50.926+0545] {processor.py:208} INFO - Processing /home/ashok/miniconda3/envs/mysecondenvironment/lib/python3.8/site-packages/airflow/example_dags/example_params_ui_tutorial.py took 0.050 seconds
[2025-09-14T09:45:42.888+0545] {processor.py:186} INFO - Started process (PID=35260) to work on /home/ashok/miniconda3/envs/mysecondenvironment/lib/python3.8/site-packages/airflow/example_dags/example_params_ui_tutorial.py
[2025-09-14T09:45:42.889+0545] {processor.py:914} INFO - Processing file /home/ashok/miniconda3/envs/mysecondenvironment/lib/python3.8/site-packages/airflow/example_dags/example_params_ui_tutorial.py for tasks to queue
[2025-09-14T09:45:42.890+0545] {logging_mixin.py:190} INFO - [2025-09-14T09:45:42.890+0545] {dagbag.py:588} INFO - Filling up the DagBag from /home/ashok/miniconda3/envs/mysecondenvironment/lib/python3.8/site-packages/airflow/example_dags/example_params_ui_tutorial.py
[2025-09-14T09:45:42.894+0545] {processor.py:925} INFO - DAG(s) 'example_params_ui_tutorial' retrieved from /home/ashok/miniconda3/envs/mysecondenvironment/lib/python3.8/site-packages/airflow/example_dags/example_params_ui_tutorial.py
[2025-09-14T09:45:42.914+0545] {logging_mixin.py:190} INFO - [2025-09-14T09:45:42.914+0545] {dag.py:3239} INFO - Sync 1 DAGs
[2025-09-14T09:45:42.920+0545] {logging_mixin.py:190} INFO - [2025-09-14T09:45:42.919+0545] {dag.py:4180} INFO - Setting next_dagrun for example_params_ui_tutorial to None, run_after=None
[2025-09-14T09:45:42.935+0545] {processor.py:208} INFO - Processing /home/ashok/miniconda3/envs/mysecondenvironment/lib/python3.8/site-packages/airflow/example_dags/example_params_ui_tutorial.py took 0.051 seconds
[2025-09-14T09:46:36.833+0545] {processor.py:186} INFO - Started process (PID=35660) to work on /home/ashok/miniconda3/envs/mysecondenvironment/lib/python3.8/site-packages/airflow/example_dags/example_params_ui_tutorial.py
[2025-09-14T09:46:36.834+0545] {processor.py:914} INFO - Processing file /home/ashok/miniconda3/envs/mysecondenvironment/lib/python3.8/site-packages/airflow/example_dags/example_params_ui_tutorial.py for tasks to queue
[2025-09-14T09:46:36.835+0545] {logging_mixin.py:190} INFO - [2025-09-14T09:46:36.835+0545] {dagbag.py:588} INFO - Filling up the DagBag from /home/ashok/miniconda3/envs/mysecondenvironment/lib/python3.8/site-packages/airflow/example_dags/example_params_ui_tutorial.py
[2025-09-14T09:46:36.839+0545] {processor.py:925} INFO - DAG(s) 'example_params_ui_tutorial' retrieved from /home/ashok/miniconda3/envs/mysecondenvironment/lib/python3.8/site-packages/airflow/example_dags/example_params_ui_tutorial.py
[2025-09-14T09:46:36.859+0545] {logging_mixin.py:190} INFO - [2025-09-14T09:46:36.859+0545] {dag.py:3239} INFO - Sync 1 DAGs
[2025-09-14T09:46:36.864+0545] {logging_mixin.py:190} INFO - [2025-09-14T09:46:36.864+0545] {dag.py:4180} INFO - Setting next_dagrun for example_params_ui_tutorial to None, run_after=None
[2025-09-14T09:46:36.880+0545] {processor.py:208} INFO - Processing /home/ashok/miniconda3/envs/mysecondenvironment/lib/python3.8/site-packages/airflow/example_dags/example_params_ui_tutorial.py took 0.051 seconds
[2025-09-14T09:47:30.683+0545] {processor.py:186} INFO - Started process (PID=36012) to work on /home/ashok/miniconda3/envs/mysecondenvironment/lib/python3.8/site-packages/airflow/example_dags/example_params_ui_tutorial.py
[2025-09-14T09:47:30.685+0545] {processor.py:914} INFO - Processing file /home/ashok/miniconda3/envs/mysecondenvironment/lib/python3.8/site-packages/airflow/example_dags/example_params_ui_tutorial.py for tasks to queue
[2025-09-14T09:47:30.686+0545] {logging_mixin.py:190} INFO - [2025-09-14T09:47:30.686+0545] {dagbag.py:588} INFO - Filling up the DagBag from /home/ashok/miniconda3/envs/mysecondenvironment/lib/python3.8/site-packages/airflow/example_dags/example_params_ui_tutorial.py
[2025-09-14T09:47:30.690+0545] {processor.py:925} INFO - DAG(s) 'example_params_ui_tutorial' retrieved from /home/ashok/miniconda3/envs/mysecondenvironment/lib/python3.8/site-packages/airflow/example_dags/example_params_ui_tutorial.py
[2025-09-14T09:47:30.711+0545] {logging_mixin.py:190} INFO - [2025-09-14T09:47:30.711+0545] {dag.py:3239} INFO - Sync 1 DAGs
[2025-09-14T09:47:30.717+0545] {logging_mixin.py:190} INFO - [2025-09-14T09:47:30.717+0545] {dag.py:4180} INFO - Setting next_dagrun for example_params_ui_tutorial to None, run_after=None
[2025-09-14T09:47:30.733+0545] {processor.py:208} INFO - Processing /home/ashok/miniconda3/envs/mysecondenvironment/lib/python3.8/site-packages/airflow/example_dags/example_params_ui_tutorial.py took 0.054 seconds
[2025-09-14T09:48:24.890+0545] {processor.py:186} INFO - Started process (PID=36374) to work on /home/ashok/miniconda3/envs/mysecondenvironment/lib/python3.8/site-packages/airflow/example_dags/example_params_ui_tutorial.py
[2025-09-14T09:48:24.891+0545] {processor.py:914} INFO - Processing file /home/ashok/miniconda3/envs/mysecondenvironment/lib/python3.8/site-packages/airflow/example_dags/example_params_ui_tutorial.py for tasks to queue
[2025-09-14T09:48:24.892+0545] {logging_mixin.py:190} INFO - [2025-09-14T09:48:24.892+0545] {dagbag.py:588} INFO - Filling up the DagBag from /home/ashok/miniconda3/envs/mysecondenvironment/lib/python3.8/site-packages/airflow/example_dags/example_params_ui_tutorial.py
[2025-09-14T09:48:24.898+0545] {processor.py:925} INFO - DAG(s) 'example_params_ui_tutorial' retrieved from /home/ashok/miniconda3/envs/mysecondenvironment/lib/python3.8/site-packages/airflow/example_dags/example_params_ui_tutorial.py
[2025-09-14T09:48:24.918+0545] {logging_mixin.py:190} INFO - [2025-09-14T09:48:24.918+0545] {dag.py:3239} INFO - Sync 1 DAGs
[2025-09-14T09:48:24.924+0545] {logging_mixin.py:190} INFO - [2025-09-14T09:48:24.923+0545] {dag.py:4180} INFO - Setting next_dagrun for example_params_ui_tutorial to None, run_after=None
[2025-09-14T09:48:24.940+0545] {processor.py:208} INFO - Processing /home/ashok/miniconda3/envs/mysecondenvironment/lib/python3.8/site-packages/airflow/example_dags/example_params_ui_tutorial.py took 0.054 seconds
[2025-09-14T09:49:18.144+0545] {processor.py:186} INFO - Started process (PID=36763) to work on /home/ashok/miniconda3/envs/mysecondenvironment/lib/python3.8/site-packages/airflow/example_dags/example_params_ui_tutorial.py
[2025-09-14T09:49:18.146+0545] {processor.py:914} INFO - Processing file /home/ashok/miniconda3/envs/mysecondenvironment/lib/python3.8/site-packages/airflow/example_dags/example_params_ui_tutorial.py for tasks to queue
[2025-09-14T09:49:18.147+0545] {logging_mixin.py:190} INFO - [2025-09-14T09:49:18.147+0545] {dagbag.py:588} INFO - Filling up the DagBag from /home/ashok/miniconda3/envs/mysecondenvironment/lib/python3.8/site-packages/airflow/example_dags/example_params_ui_tutorial.py
[2025-09-14T09:49:18.151+0545] {processor.py:925} INFO - DAG(s) 'example_params_ui_tutorial' retrieved from /home/ashok/miniconda3/envs/mysecondenvironment/lib/python3.8/site-packages/airflow/example_dags/example_params_ui_tutorial.py
[2025-09-14T09:49:18.170+0545] {logging_mixin.py:190} INFO - [2025-09-14T09:49:18.170+0545] {dag.py:3239} INFO - Sync 1 DAGs
[2025-09-14T09:49:18.175+0545] {logging_mixin.py:190} INFO - [2025-09-14T09:49:18.175+0545] {dag.py:4180} INFO - Setting next_dagrun for example_params_ui_tutorial to None, run_after=None
[2025-09-14T09:49:18.193+0545] {processor.py:208} INFO - Processing /home/ashok/miniconda3/envs/mysecondenvironment/lib/python3.8/site-packages/airflow/example_dags/example_params_ui_tutorial.py took 0.053 seconds
[2025-09-14T09:50:14.835+0545] {processor.py:186} INFO - Started process (PID=37155) to work on /home/ashok/miniconda3/envs/mysecondenvironment/lib/python3.8/site-packages/airflow/example_dags/example_params_ui_tutorial.py
[2025-09-14T09:50:14.837+0545] {processor.py:914} INFO - Processing file /home/ashok/miniconda3/envs/mysecondenvironment/lib/python3.8/site-packages/airflow/example_dags/example_params_ui_tutorial.py for tasks to queue
[2025-09-14T09:50:14.839+0545] {logging_mixin.py:190} INFO - [2025-09-14T09:50:14.838+0545] {dagbag.py:588} INFO - Filling up the DagBag from /home/ashok/miniconda3/envs/mysecondenvironment/lib/python3.8/site-packages/airflow/example_dags/example_params_ui_tutorial.py
[2025-09-14T09:50:14.842+0545] {processor.py:925} INFO - DAG(s) 'example_params_ui_tutorial' retrieved from /home/ashok/miniconda3/envs/mysecondenvironment/lib/python3.8/site-packages/airflow/example_dags/example_params_ui_tutorial.py
[2025-09-14T09:50:14.864+0545] {logging_mixin.py:190} INFO - [2025-09-14T09:50:14.864+0545] {dag.py:3239} INFO - Sync 1 DAGs
[2025-09-14T09:50:14.870+0545] {logging_mixin.py:190} INFO - [2025-09-14T09:50:14.870+0545] {dag.py:4180} INFO - Setting next_dagrun for example_params_ui_tutorial to None, run_after=None
[2025-09-14T09:50:14.885+0545] {processor.py:208} INFO - Processing /home/ashok/miniconda3/envs/mysecondenvironment/lib/python3.8/site-packages/airflow/example_dags/example_params_ui_tutorial.py took 0.053 seconds
[2025-09-14T09:51:10.850+0545] {processor.py:186} INFO - Started process (PID=37627) to work on /home/ashok/miniconda3/envs/mysecondenvironment/lib/python3.8/site-packages/airflow/example_dags/example_params_ui_tutorial.py
[2025-09-14T09:51:10.851+0545] {processor.py:914} INFO - Processing file /home/ashok/miniconda3/envs/mysecondenvironment/lib/python3.8/site-packages/airflow/example_dags/example_params_ui_tutorial.py for tasks to queue
[2025-09-14T09:51:10.853+0545] {logging_mixin.py:190} INFO - [2025-09-14T09:51:10.852+0545] {dagbag.py:588} INFO - Filling up the DagBag from /home/ashok/miniconda3/envs/mysecondenvironment/lib/python3.8/site-packages/airflow/example_dags/example_params_ui_tutorial.py
[2025-09-14T09:51:10.857+0545] {processor.py:925} INFO - DAG(s) 'example_params_ui_tutorial' retrieved from /home/ashok/miniconda3/envs/mysecondenvironment/lib/python3.8/site-packages/airflow/example_dags/example_params_ui_tutorial.py
[2025-09-14T09:51:10.875+0545] {logging_mixin.py:190} INFO - [2025-09-14T09:51:10.875+0545] {dag.py:3239} INFO - Sync 1 DAGs
[2025-09-14T09:51:10.880+0545] {logging_mixin.py:190} INFO - [2025-09-14T09:51:10.880+0545] {dag.py:4180} INFO - Setting next_dagrun for example_params_ui_tutorial to None, run_after=None
[2025-09-14T09:51:10.898+0545] {processor.py:208} INFO - Processing /home/ashok/miniconda3/envs/mysecondenvironment/lib/python3.8/site-packages/airflow/example_dags/example_params_ui_tutorial.py took 0.052 seconds
[2025-09-14T09:52:06.912+0545] {processor.py:186} INFO - Started process (PID=38096) to work on /home/ashok/miniconda3/envs/mysecondenvironment/lib/python3.8/site-packages/airflow/example_dags/example_params_ui_tutorial.py
[2025-09-14T09:52:06.914+0545] {processor.py:914} INFO - Processing file /home/ashok/miniconda3/envs/mysecondenvironment/lib/python3.8/site-packages/airflow/example_dags/example_params_ui_tutorial.py for tasks to queue
[2025-09-14T09:52:06.915+0545] {logging_mixin.py:190} INFO - [2025-09-14T09:52:06.915+0545] {dagbag.py:588} INFO - Filling up the DagBag from /home/ashok/miniconda3/envs/mysecondenvironment/lib/python3.8/site-packages/airflow/example_dags/example_params_ui_tutorial.py
[2025-09-14T09:52:06.919+0545] {processor.py:925} INFO - DAG(s) 'example_params_ui_tutorial' retrieved from /home/ashok/miniconda3/envs/mysecondenvironment/lib/python3.8/site-packages/airflow/example_dags/example_params_ui_tutorial.py
[2025-09-14T09:52:06.937+0545] {logging_mixin.py:190} INFO - [2025-09-14T09:52:06.937+0545] {dag.py:3239} INFO - Sync 1 DAGs
[2025-09-14T09:52:06.942+0545] {logging_mixin.py:190} INFO - [2025-09-14T09:52:06.942+0545] {dag.py:4180} INFO - Setting next_dagrun for example_params_ui_tutorial to None, run_after=None
[2025-09-14T09:52:06.959+0545] {processor.py:208} INFO - Processing /home/ashok/miniconda3/envs/mysecondenvironment/lib/python3.8/site-packages/airflow/example_dags/example_params_ui_tutorial.py took 0.050 seconds
[2025-09-14T09:53:05.283+0545] {processor.py:186} INFO - Started process (PID=38536) to work on /home/ashok/miniconda3/envs/mysecondenvironment/lib/python3.8/site-packages/airflow/example_dags/example_params_ui_tutorial.py
[2025-09-14T09:53:05.285+0545] {processor.py:914} INFO - Processing file /home/ashok/miniconda3/envs/mysecondenvironment/lib/python3.8/site-packages/airflow/example_dags/example_params_ui_tutorial.py for tasks to queue
[2025-09-14T09:53:05.285+0545] {logging_mixin.py:190} INFO - [2025-09-14T09:53:05.285+0545] {dagbag.py:588} INFO - Filling up the DagBag from /home/ashok/miniconda3/envs/mysecondenvironment/lib/python3.8/site-packages/airflow/example_dags/example_params_ui_tutorial.py
[2025-09-14T09:53:05.289+0545] {processor.py:925} INFO - DAG(s) 'example_params_ui_tutorial' retrieved from /home/ashok/miniconda3/envs/mysecondenvironment/lib/python3.8/site-packages/airflow/example_dags/example_params_ui_tutorial.py
[2025-09-14T09:53:05.312+0545] {logging_mixin.py:190} INFO - [2025-09-14T09:53:05.312+0545] {dag.py:3239} INFO - Sync 1 DAGs
[2025-09-14T09:53:05.317+0545] {logging_mixin.py:190} INFO - [2025-09-14T09:53:05.317+0545] {dag.py:4180} INFO - Setting next_dagrun for example_params_ui_tutorial to None, run_after=None
[2025-09-14T09:53:05.333+0545] {processor.py:208} INFO - Processing /home/ashok/miniconda3/envs/mysecondenvironment/lib/python3.8/site-packages/airflow/example_dags/example_params_ui_tutorial.py took 0.053 seconds
[2025-09-14T09:54:01.768+0545] {processor.py:186} INFO - Started process (PID=39221) to work on /home/ashok/miniconda3/envs/mysecondenvironment/lib/python3.8/site-packages/airflow/example_dags/example_params_ui_tutorial.py
[2025-09-14T09:54:01.770+0545] {processor.py:914} INFO - Processing file /home/ashok/miniconda3/envs/mysecondenvironment/lib/python3.8/site-packages/airflow/example_dags/example_params_ui_tutorial.py for tasks to queue
[2025-09-14T09:54:01.770+0545] {logging_mixin.py:190} INFO - [2025-09-14T09:54:01.770+0545] {dagbag.py:588} INFO - Filling up the DagBag from /home/ashok/miniconda3/envs/mysecondenvironment/lib/python3.8/site-packages/airflow/example_dags/example_params_ui_tutorial.py
[2025-09-14T09:54:01.775+0545] {processor.py:925} INFO - DAG(s) 'example_params_ui_tutorial' retrieved from /home/ashok/miniconda3/envs/mysecondenvironment/lib/python3.8/site-packages/airflow/example_dags/example_params_ui_tutorial.py
[2025-09-14T09:54:01.796+0545] {logging_mixin.py:190} INFO - [2025-09-14T09:54:01.796+0545] {dag.py:3239} INFO - Sync 1 DAGs
[2025-09-14T09:54:01.802+0545] {logging_mixin.py:190} INFO - [2025-09-14T09:54:01.802+0545] {dag.py:4180} INFO - Setting next_dagrun for example_params_ui_tutorial to None, run_after=None
[2025-09-14T09:54:01.816+0545] {processor.py:208} INFO - Processing /home/ashok/miniconda3/envs/mysecondenvironment/lib/python3.8/site-packages/airflow/example_dags/example_params_ui_tutorial.py took 0.052 seconds
[2025-09-14T09:54:57.018+0545] {processor.py:186} INFO - Started process (PID=39662) to work on /home/ashok/miniconda3/envs/mysecondenvironment/lib/python3.8/site-packages/airflow/example_dags/example_params_ui_tutorial.py
[2025-09-14T09:54:57.020+0545] {processor.py:914} INFO - Processing file /home/ashok/miniconda3/envs/mysecondenvironment/lib/python3.8/site-packages/airflow/example_dags/example_params_ui_tutorial.py for tasks to queue
[2025-09-14T09:54:57.021+0545] {logging_mixin.py:190} INFO - [2025-09-14T09:54:57.021+0545] {dagbag.py:588} INFO - Filling up the DagBag from /home/ashok/miniconda3/envs/mysecondenvironment/lib/python3.8/site-packages/airflow/example_dags/example_params_ui_tutorial.py
[2025-09-14T09:54:57.025+0545] {processor.py:925} INFO - DAG(s) 'example_params_ui_tutorial' retrieved from /home/ashok/miniconda3/envs/mysecondenvironment/lib/python3.8/site-packages/airflow/example_dags/example_params_ui_tutorial.py
[2025-09-14T09:54:57.044+0545] {logging_mixin.py:190} INFO - [2025-09-14T09:54:57.044+0545] {dag.py:3239} INFO - Sync 1 DAGs
[2025-09-14T09:54:57.049+0545] {logging_mixin.py:190} INFO - [2025-09-14T09:54:57.049+0545] {dag.py:4180} INFO - Setting next_dagrun for example_params_ui_tutorial to None, run_after=None
[2025-09-14T09:54:57.067+0545] {processor.py:208} INFO - Processing /home/ashok/miniconda3/envs/mysecondenvironment/lib/python3.8/site-packages/airflow/example_dags/example_params_ui_tutorial.py took 0.053 seconds
[2025-09-14T09:55:49.815+0545] {processor.py:186} INFO - Started process (PID=40104) to work on /home/ashok/miniconda3/envs/mysecondenvironment/lib/python3.8/site-packages/airflow/example_dags/example_params_ui_tutorial.py
[2025-09-14T09:55:49.817+0545] {processor.py:914} INFO - Processing file /home/ashok/miniconda3/envs/mysecondenvironment/lib/python3.8/site-packages/airflow/example_dags/example_params_ui_tutorial.py for tasks to queue
[2025-09-14T09:55:49.817+0545] {logging_mixin.py:190} INFO - [2025-09-14T09:55:49.817+0545] {dagbag.py:588} INFO - Filling up the DagBag from /home/ashok/miniconda3/envs/mysecondenvironment/lib/python3.8/site-packages/airflow/example_dags/example_params_ui_tutorial.py
[2025-09-14T09:55:49.822+0545] {processor.py:925} INFO - DAG(s) 'example_params_ui_tutorial' retrieved from /home/ashok/miniconda3/envs/mysecondenvironment/lib/python3.8/site-packages/airflow/example_dags/example_params_ui_tutorial.py
[2025-09-14T09:55:49.843+0545] {logging_mixin.py:190} INFO - [2025-09-14T09:55:49.843+0545] {dag.py:3239} INFO - Sync 1 DAGs
[2025-09-14T09:55:49.849+0545] {logging_mixin.py:190} INFO - [2025-09-14T09:55:49.849+0545] {dag.py:4180} INFO - Setting next_dagrun for example_params_ui_tutorial to None, run_after=None
[2025-09-14T09:55:49.868+0545] {processor.py:208} INFO - Processing /home/ashok/miniconda3/envs/mysecondenvironment/lib/python3.8/site-packages/airflow/example_dags/example_params_ui_tutorial.py took 0.056 seconds
[2025-09-14T09:56:44.341+0545] {processor.py:186} INFO - Started process (PID=40563) to work on /home/ashok/miniconda3/envs/mysecondenvironment/lib/python3.8/site-packages/airflow/example_dags/example_params_ui_tutorial.py
[2025-09-14T09:56:44.342+0545] {processor.py:914} INFO - Processing file /home/ashok/miniconda3/envs/mysecondenvironment/lib/python3.8/site-packages/airflow/example_dags/example_params_ui_tutorial.py for tasks to queue
[2025-09-14T09:56:44.343+0545] {logging_mixin.py:190} INFO - [2025-09-14T09:56:44.343+0545] {dagbag.py:588} INFO - Filling up the DagBag from /home/ashok/miniconda3/envs/mysecondenvironment/lib/python3.8/site-packages/airflow/example_dags/example_params_ui_tutorial.py
[2025-09-14T09:56:44.347+0545] {processor.py:925} INFO - DAG(s) 'example_params_ui_tutorial' retrieved from /home/ashok/miniconda3/envs/mysecondenvironment/lib/python3.8/site-packages/airflow/example_dags/example_params_ui_tutorial.py
[2025-09-14T09:56:44.366+0545] {logging_mixin.py:190} INFO - [2025-09-14T09:56:44.366+0545] {dag.py:3239} INFO - Sync 1 DAGs
[2025-09-14T09:56:44.371+0545] {logging_mixin.py:190} INFO - [2025-09-14T09:56:44.371+0545] {dag.py:4180} INFO - Setting next_dagrun for example_params_ui_tutorial to None, run_after=None
[2025-09-14T09:56:44.387+0545] {processor.py:208} INFO - Processing /home/ashok/miniconda3/envs/mysecondenvironment/lib/python3.8/site-packages/airflow/example_dags/example_params_ui_tutorial.py took 0.050 seconds
[2025-09-14T09:57:40.054+0545] {processor.py:186} INFO - Started process (PID=41212) to work on /home/ashok/miniconda3/envs/mysecondenvironment/lib/python3.8/site-packages/airflow/example_dags/example_params_ui_tutorial.py
[2025-09-14T09:57:40.056+0545] {processor.py:914} INFO - Processing file /home/ashok/miniconda3/envs/mysecondenvironment/lib/python3.8/site-packages/airflow/example_dags/example_params_ui_tutorial.py for tasks to queue
[2025-09-14T09:57:40.056+0545] {logging_mixin.py:190} INFO - [2025-09-14T09:57:40.056+0545] {dagbag.py:588} INFO - Filling up the DagBag from /home/ashok/miniconda3/envs/mysecondenvironment/lib/python3.8/site-packages/airflow/example_dags/example_params_ui_tutorial.py
[2025-09-14T09:57:40.060+0545] {processor.py:925} INFO - DAG(s) 'example_params_ui_tutorial' retrieved from /home/ashok/miniconda3/envs/mysecondenvironment/lib/python3.8/site-packages/airflow/example_dags/example_params_ui_tutorial.py
[2025-09-14T09:57:40.080+0545] {logging_mixin.py:190} INFO - [2025-09-14T09:57:40.080+0545] {dag.py:3239} INFO - Sync 1 DAGs
[2025-09-14T09:57:40.087+0545] {logging_mixin.py:190} INFO - [2025-09-14T09:57:40.086+0545] {dag.py:4180} INFO - Setting next_dagrun for example_params_ui_tutorial to None, run_after=None
[2025-09-14T09:57:40.102+0545] {processor.py:208} INFO - Processing /home/ashok/miniconda3/envs/mysecondenvironment/lib/python3.8/site-packages/airflow/example_dags/example_params_ui_tutorial.py took 0.052 seconds
[2025-09-14T09:58:32.890+0545] {processor.py:186} INFO - Started process (PID=41563) to work on /home/ashok/miniconda3/envs/mysecondenvironment/lib/python3.8/site-packages/airflow/example_dags/example_params_ui_tutorial.py
[2025-09-14T09:58:32.893+0545] {processor.py:914} INFO - Processing file /home/ashok/miniconda3/envs/mysecondenvironment/lib/python3.8/site-packages/airflow/example_dags/example_params_ui_tutorial.py for tasks to queue
[2025-09-14T09:58:32.893+0545] {logging_mixin.py:190} INFO - [2025-09-14T09:58:32.893+0545] {dagbag.py:588} INFO - Filling up the DagBag from /home/ashok/miniconda3/envs/mysecondenvironment/lib/python3.8/site-packages/airflow/example_dags/example_params_ui_tutorial.py
[2025-09-14T09:58:32.897+0545] {processor.py:925} INFO - DAG(s) 'example_params_ui_tutorial' retrieved from /home/ashok/miniconda3/envs/mysecondenvironment/lib/python3.8/site-packages/airflow/example_dags/example_params_ui_tutorial.py
[2025-09-14T09:58:32.917+0545] {logging_mixin.py:190} INFO - [2025-09-14T09:58:32.917+0545] {dag.py:3239} INFO - Sync 1 DAGs
[2025-09-14T09:58:32.922+0545] {logging_mixin.py:190} INFO - [2025-09-14T09:58:32.922+0545] {dag.py:4180} INFO - Setting next_dagrun for example_params_ui_tutorial to None, run_after=None
[2025-09-14T09:58:32.938+0545] {processor.py:208} INFO - Processing /home/ashok/miniconda3/envs/mysecondenvironment/lib/python3.8/site-packages/airflow/example_dags/example_params_ui_tutorial.py took 0.052 seconds
[2025-09-14T09:59:28.118+0545] {processor.py:186} INFO - Started process (PID=42043) to work on /home/ashok/miniconda3/envs/mysecondenvironment/lib/python3.8/site-packages/airflow/example_dags/example_params_ui_tutorial.py
[2025-09-14T09:59:28.119+0545] {processor.py:914} INFO - Processing file /home/ashok/miniconda3/envs/mysecondenvironment/lib/python3.8/site-packages/airflow/example_dags/example_params_ui_tutorial.py for tasks to queue
[2025-09-14T09:59:28.120+0545] {logging_mixin.py:190} INFO - [2025-09-14T09:59:28.120+0545] {dagbag.py:588} INFO - Filling up the DagBag from /home/ashok/miniconda3/envs/mysecondenvironment/lib/python3.8/site-packages/airflow/example_dags/example_params_ui_tutorial.py
[2025-09-14T09:59:28.128+0545] {processor.py:925} INFO - DAG(s) 'example_params_ui_tutorial' retrieved from /home/ashok/miniconda3/envs/mysecondenvironment/lib/python3.8/site-packages/airflow/example_dags/example_params_ui_tutorial.py
[2025-09-14T09:59:28.151+0545] {logging_mixin.py:190} INFO - [2025-09-14T09:59:28.150+0545] {dag.py:3239} INFO - Sync 1 DAGs
[2025-09-14T09:59:28.158+0545] {logging_mixin.py:190} INFO - [2025-09-14T09:59:28.158+0545] {dag.py:4180} INFO - Setting next_dagrun for example_params_ui_tutorial to None, run_after=None
[2025-09-14T09:59:28.174+0545] {processor.py:208} INFO - Processing /home/ashok/miniconda3/envs/mysecondenvironment/lib/python3.8/site-packages/airflow/example_dags/example_params_ui_tutorial.py took 0.063 seconds
[2025-09-14T10:00:22.045+0545] {processor.py:186} INFO - Started process (PID=42522) to work on /home/ashok/miniconda3/envs/mysecondenvironment/lib/python3.8/site-packages/airflow/example_dags/example_params_ui_tutorial.py
[2025-09-14T10:00:22.047+0545] {processor.py:914} INFO - Processing file /home/ashok/miniconda3/envs/mysecondenvironment/lib/python3.8/site-packages/airflow/example_dags/example_params_ui_tutorial.py for tasks to queue
[2025-09-14T10:00:22.047+0545] {logging_mixin.py:190} INFO - [2025-09-14T10:00:22.047+0545] {dagbag.py:588} INFO - Filling up the DagBag from /home/ashok/miniconda3/envs/mysecondenvironment/lib/python3.8/site-packages/airflow/example_dags/example_params_ui_tutorial.py
[2025-09-14T10:00:22.051+0545] {processor.py:925} INFO - DAG(s) 'example_params_ui_tutorial' retrieved from /home/ashok/miniconda3/envs/mysecondenvironment/lib/python3.8/site-packages/airflow/example_dags/example_params_ui_tutorial.py
[2025-09-14T10:00:22.072+0545] {logging_mixin.py:190} INFO - [2025-09-14T10:00:22.072+0545] {dag.py:3239} INFO - Sync 1 DAGs
[2025-09-14T10:00:22.080+0545] {logging_mixin.py:190} INFO - [2025-09-14T10:00:22.080+0545] {dag.py:4180} INFO - Setting next_dagrun for example_params_ui_tutorial to None, run_after=None
[2025-09-14T10:00:22.097+0545] {processor.py:208} INFO - Processing /home/ashok/miniconda3/envs/mysecondenvironment/lib/python3.8/site-packages/airflow/example_dags/example_params_ui_tutorial.py took 0.056 seconds
[2025-09-14T10:01:16.051+0545] {processor.py:186} INFO - Started process (PID=43088) to work on /home/ashok/miniconda3/envs/mysecondenvironment/lib/python3.8/site-packages/airflow/example_dags/example_params_ui_tutorial.py
[2025-09-14T10:01:16.053+0545] {processor.py:914} INFO - Processing file /home/ashok/miniconda3/envs/mysecondenvironment/lib/python3.8/site-packages/airflow/example_dags/example_params_ui_tutorial.py for tasks to queue
[2025-09-14T10:01:16.054+0545] {logging_mixin.py:190} INFO - [2025-09-14T10:01:16.054+0545] {dagbag.py:588} INFO - Filling up the DagBag from /home/ashok/miniconda3/envs/mysecondenvironment/lib/python3.8/site-packages/airflow/example_dags/example_params_ui_tutorial.py
[2025-09-14T10:01:16.060+0545] {processor.py:925} INFO - DAG(s) 'example_params_ui_tutorial' retrieved from /home/ashok/miniconda3/envs/mysecondenvironment/lib/python3.8/site-packages/airflow/example_dags/example_params_ui_tutorial.py
[2025-09-14T10:01:16.081+0545] {logging_mixin.py:190} INFO - [2025-09-14T10:01:16.081+0545] {dag.py:3239} INFO - Sync 1 DAGs
[2025-09-14T10:01:16.088+0545] {logging_mixin.py:190} INFO - [2025-09-14T10:01:16.088+0545] {dag.py:4180} INFO - Setting next_dagrun for example_params_ui_tutorial to None, run_after=None
[2025-09-14T10:01:16.106+0545] {processor.py:208} INFO - Processing /home/ashok/miniconda3/envs/mysecondenvironment/lib/python3.8/site-packages/airflow/example_dags/example_params_ui_tutorial.py took 0.060 seconds
[2025-09-14T10:02:11.730+0545] {processor.py:186} INFO - Started process (PID=43539) to work on /home/ashok/miniconda3/envs/mysecondenvironment/lib/python3.8/site-packages/airflow/example_dags/example_params_ui_tutorial.py
[2025-09-14T10:02:11.732+0545] {processor.py:914} INFO - Processing file /home/ashok/miniconda3/envs/mysecondenvironment/lib/python3.8/site-packages/airflow/example_dags/example_params_ui_tutorial.py for tasks to queue
[2025-09-14T10:02:11.733+0545] {logging_mixin.py:190} INFO - [2025-09-14T10:02:11.733+0545] {dagbag.py:588} INFO - Filling up the DagBag from /home/ashok/miniconda3/envs/mysecondenvironment/lib/python3.8/site-packages/airflow/example_dags/example_params_ui_tutorial.py
[2025-09-14T10:02:11.737+0545] {processor.py:925} INFO - DAG(s) 'example_params_ui_tutorial' retrieved from /home/ashok/miniconda3/envs/mysecondenvironment/lib/python3.8/site-packages/airflow/example_dags/example_params_ui_tutorial.py
[2025-09-14T10:02:11.756+0545] {logging_mixin.py:190} INFO - [2025-09-14T10:02:11.755+0545] {dag.py:3239} INFO - Sync 1 DAGs
[2025-09-14T10:02:11.761+0545] {logging_mixin.py:190} INFO - [2025-09-14T10:02:11.760+0545] {dag.py:4180} INFO - Setting next_dagrun for example_params_ui_tutorial to None, run_after=None
[2025-09-14T10:02:11.778+0545] {processor.py:208} INFO - Processing /home/ashok/miniconda3/envs/mysecondenvironment/lib/python3.8/site-packages/airflow/example_dags/example_params_ui_tutorial.py took 0.053 seconds
[2025-09-14T10:03:07.149+0545] {processor.py:186} INFO - Started process (PID=43889) to work on /home/ashok/miniconda3/envs/mysecondenvironment/lib/python3.8/site-packages/airflow/example_dags/example_params_ui_tutorial.py
[2025-09-14T10:03:07.150+0545] {processor.py:914} INFO - Processing file /home/ashok/miniconda3/envs/mysecondenvironment/lib/python3.8/site-packages/airflow/example_dags/example_params_ui_tutorial.py for tasks to queue
[2025-09-14T10:03:07.151+0545] {logging_mixin.py:190} INFO - [2025-09-14T10:03:07.151+0545] {dagbag.py:588} INFO - Filling up the DagBag from /home/ashok/miniconda3/envs/mysecondenvironment/lib/python3.8/site-packages/airflow/example_dags/example_params_ui_tutorial.py
[2025-09-14T10:03:07.156+0545] {processor.py:925} INFO - DAG(s) 'example_params_ui_tutorial' retrieved from /home/ashok/miniconda3/envs/mysecondenvironment/lib/python3.8/site-packages/airflow/example_dags/example_params_ui_tutorial.py
[2025-09-14T10:03:07.174+0545] {logging_mixin.py:190} INFO - [2025-09-14T10:03:07.174+0545] {dag.py:3239} INFO - Sync 1 DAGs
[2025-09-14T10:03:07.179+0545] {logging_mixin.py:190} INFO - [2025-09-14T10:03:07.179+0545] {dag.py:4180} INFO - Setting next_dagrun for example_params_ui_tutorial to None, run_after=None
[2025-09-14T10:03:07.197+0545] {processor.py:208} INFO - Processing /home/ashok/miniconda3/envs/mysecondenvironment/lib/python3.8/site-packages/airflow/example_dags/example_params_ui_tutorial.py took 0.052 seconds
[2025-09-14T10:04:03.697+0545] {processor.py:186} INFO - Started process (PID=44843) to work on /home/ashok/miniconda3/envs/mysecondenvironment/lib/python3.8/site-packages/airflow/example_dags/example_params_ui_tutorial.py
[2025-09-14T10:04:03.698+0545] {processor.py:914} INFO - Processing file /home/ashok/miniconda3/envs/mysecondenvironment/lib/python3.8/site-packages/airflow/example_dags/example_params_ui_tutorial.py for tasks to queue
[2025-09-14T10:04:03.699+0545] {logging_mixin.py:190} INFO - [2025-09-14T10:04:03.699+0545] {dagbag.py:588} INFO - Filling up the DagBag from /home/ashok/miniconda3/envs/mysecondenvironment/lib/python3.8/site-packages/airflow/example_dags/example_params_ui_tutorial.py
[2025-09-14T10:04:03.704+0545] {processor.py:925} INFO - DAG(s) 'example_params_ui_tutorial' retrieved from /home/ashok/miniconda3/envs/mysecondenvironment/lib/python3.8/site-packages/airflow/example_dags/example_params_ui_tutorial.py
[2025-09-14T10:04:03.727+0545] {logging_mixin.py:190} INFO - [2025-09-14T10:04:03.727+0545] {dag.py:3239} INFO - Sync 1 DAGs
[2025-09-14T10:04:03.733+0545] {logging_mixin.py:190} INFO - [2025-09-14T10:04:03.733+0545] {dag.py:4180} INFO - Setting next_dagrun for example_params_ui_tutorial to None, run_after=None
[2025-09-14T10:04:03.748+0545] {processor.py:208} INFO - Processing /home/ashok/miniconda3/envs/mysecondenvironment/lib/python3.8/site-packages/airflow/example_dags/example_params_ui_tutorial.py took 0.057 seconds
[2025-09-14T16:50:34.455+0545] {processor.py:186} INFO - Started process (PID=9139) to work on /home/ashok/miniconda3/envs/mysecondenvironment/lib/python3.8/site-packages/airflow/example_dags/example_params_ui_tutorial.py
[2025-09-14T16:50:34.456+0545] {processor.py:914} INFO - Processing file /home/ashok/miniconda3/envs/mysecondenvironment/lib/python3.8/site-packages/airflow/example_dags/example_params_ui_tutorial.py for tasks to queue
[2025-09-14T16:50:34.457+0545] {logging_mixin.py:190} INFO - [2025-09-14T16:50:34.457+0545] {dagbag.py:588} INFO - Filling up the DagBag from /home/ashok/miniconda3/envs/mysecondenvironment/lib/python3.8/site-packages/airflow/example_dags/example_params_ui_tutorial.py
[2025-09-14T16:50:34.462+0545] {processor.py:925} INFO - DAG(s) 'example_params_ui_tutorial' retrieved from /home/ashok/miniconda3/envs/mysecondenvironment/lib/python3.8/site-packages/airflow/example_dags/example_params_ui_tutorial.py
[2025-09-14T16:50:34.486+0545] {logging_mixin.py:190} INFO - [2025-09-14T16:50:34.486+0545] {dag.py:3239} INFO - Sync 1 DAGs
[2025-09-14T16:50:34.494+0545] {logging_mixin.py:190} INFO - [2025-09-14T16:50:34.494+0545] {dag.py:4180} INFO - Setting next_dagrun for example_params_ui_tutorial to None, run_after=None
[2025-09-14T16:50:34.509+0545] {processor.py:208} INFO - Processing /home/ashok/miniconda3/envs/mysecondenvironment/lib/python3.8/site-packages/airflow/example_dags/example_params_ui_tutorial.py took 0.059 seconds
[2025-09-14T16:52:34.708+0545] {processor.py:186} INFO - Started process (PID=10576) to work on /home/ashok/miniconda3/envs/mysecondenvironment/lib/python3.8/site-packages/airflow/example_dags/example_params_ui_tutorial.py
[2025-09-14T16:52:34.711+0545] {processor.py:914} INFO - Processing file /home/ashok/miniconda3/envs/mysecondenvironment/lib/python3.8/site-packages/airflow/example_dags/example_params_ui_tutorial.py for tasks to queue
[2025-09-14T16:52:34.712+0545] {logging_mixin.py:190} INFO - [2025-09-14T16:52:34.712+0545] {dagbag.py:588} INFO - Filling up the DagBag from /home/ashok/miniconda3/envs/mysecondenvironment/lib/python3.8/site-packages/airflow/example_dags/example_params_ui_tutorial.py
[2025-09-14T16:52:34.716+0545] {processor.py:925} INFO - DAG(s) 'example_params_ui_tutorial' retrieved from /home/ashok/miniconda3/envs/mysecondenvironment/lib/python3.8/site-packages/airflow/example_dags/example_params_ui_tutorial.py
[2025-09-14T16:52:34.735+0545] {logging_mixin.py:190} INFO - [2025-09-14T16:52:34.735+0545] {dag.py:3239} INFO - Sync 1 DAGs
[2025-09-14T16:52:34.740+0545] {logging_mixin.py:190} INFO - [2025-09-14T16:52:34.740+0545] {dag.py:4180} INFO - Setting next_dagrun for example_params_ui_tutorial to None, run_after=None
[2025-09-14T16:52:34.759+0545] {processor.py:208} INFO - Processing /home/ashok/miniconda3/envs/mysecondenvironment/lib/python3.8/site-packages/airflow/example_dags/example_params_ui_tutorial.py took 0.054 seconds
