[2025-09-14T09:23:33.569+0545] {processor.py:186} INFO - Started process (PID=23132) to work on /home/ashok/miniconda3/envs/mysecondenvironment/lib/python3.8/site-packages/airflow/example_dags/example_time_delta_sensor_async.py
[2025-09-14T09:23:33.570+0545] {processor.py:914} INFO - Processing file /home/ashok/miniconda3/envs/mysecondenvironment/lib/python3.8/site-packages/airflow/example_dags/example_time_delta_sensor_async.py for tasks to queue
[2025-09-14T09:23:33.572+0545] {logging_mixin.py:190} INFO - [2025-09-14T09:23:33.571+0545] {dagbag.py:588} INFO - Filling up the DagBag from /home/ashok/miniconda3/envs/mysecondenvironment/lib/python3.8/site-packages/airflow/example_dags/example_time_delta_sensor_async.py
[2025-09-14T09:23:33.577+0545] {processor.py:925} INFO - DAG(s) 'example_time_delta_sensor_async' retrieved from /home/ashok/miniconda3/envs/mysecondenvironment/lib/python3.8/site-packages/airflow/example_dags/example_time_delta_sensor_async.py
[2025-09-14T09:23:33.590+0545] {logging_mixin.py:190} INFO - [2025-09-14T09:23:33.589+0545] {dag.py:3239} INFO - Sync 1 DAGs
[2025-09-14T09:23:33.598+0545] {logging_mixin.py:190} INFO - [2025-09-14T09:23:33.598+0545] {dag.py:4180} INFO - Setting next_dagrun for example_time_delta_sensor_async to None, run_after=None
[2025-09-14T09:23:33.617+0545] {processor.py:208} INFO - Processing /home/ashok/miniconda3/envs/mysecondenvironment/lib/python3.8/site-packages/airflow/example_dags/example_time_delta_sensor_async.py took 0.053 seconds
[2025-09-14T09:24:30.875+0545] {processor.py:186} INFO - Started process (PID=23754) to work on /home/ashok/miniconda3/envs/mysecondenvironment/lib/python3.8/site-packages/airflow/example_dags/example_time_delta_sensor_async.py
[2025-09-14T09:24:30.876+0545] {processor.py:914} INFO - Processing file /home/ashok/miniconda3/envs/mysecondenvironment/lib/python3.8/site-packages/airflow/example_dags/example_time_delta_sensor_async.py for tasks to queue
[2025-09-14T09:24:30.879+0545] {logging_mixin.py:190} INFO - [2025-09-14T09:24:30.878+0545] {dagbag.py:588} INFO - Filling up the DagBag from /home/ashok/miniconda3/envs/mysecondenvironment/lib/python3.8/site-packages/airflow/example_dags/example_time_delta_sensor_async.py
[2025-09-14T09:24:30.883+0545] {processor.py:925} INFO - DAG(s) 'example_time_delta_sensor_async' retrieved from /home/ashok/miniconda3/envs/mysecondenvironment/lib/python3.8/site-packages/airflow/example_dags/example_time_delta_sensor_async.py
[2025-09-14T09:24:30.894+0545] {logging_mixin.py:190} INFO - [2025-09-14T09:24:30.894+0545] {dag.py:3239} INFO - Sync 1 DAGs
[2025-09-14T09:24:30.901+0545] {logging_mixin.py:190} INFO - [2025-09-14T09:24:30.901+0545] {dag.py:4180} INFO - Setting next_dagrun for example_time_delta_sensor_async to None, run_after=None
[2025-09-14T09:24:30.919+0545] {processor.py:208} INFO - Processing /home/ashok/miniconda3/envs/mysecondenvironment/lib/python3.8/site-packages/airflow/example_dags/example_time_delta_sensor_async.py took 0.050 seconds
[2025-09-14T09:26:05.505+0545] {processor.py:186} INFO - Started process (PID=24862) to work on /home/ashok/miniconda3/envs/mysecondenvironment/lib/python3.8/site-packages/airflow/example_dags/example_time_delta_sensor_async.py
[2025-09-14T09:26:05.507+0545] {processor.py:914} INFO - Processing file /home/ashok/miniconda3/envs/mysecondenvironment/lib/python3.8/site-packages/airflow/example_dags/example_time_delta_sensor_async.py for tasks to queue
[2025-09-14T09:26:05.508+0545] {logging_mixin.py:190} INFO - [2025-09-14T09:26:05.508+0545] {dagbag.py:588} INFO - Filling up the DagBag from /home/ashok/miniconda3/envs/mysecondenvironment/lib/python3.8/site-packages/airflow/example_dags/example_time_delta_sensor_async.py
[2025-09-14T09:26:05.515+0545] {processor.py:925} INFO - DAG(s) 'example_time_delta_sensor_async' retrieved from /home/ashok/miniconda3/envs/mysecondenvironment/lib/python3.8/site-packages/airflow/example_dags/example_time_delta_sensor_async.py
[2025-09-14T09:26:05.523+0545] {logging_mixin.py:190} INFO - [2025-09-14T09:26:05.523+0545] {dag.py:3239} INFO - Sync 1 DAGs
[2025-09-14T09:26:05.530+0545] {logging_mixin.py:190} INFO - [2025-09-14T09:26:05.530+0545] {dag.py:4180} INFO - Setting next_dagrun for example_time_delta_sensor_async to None, run_after=None
[2025-09-14T09:26:05.547+0545] {processor.py:208} INFO - Processing /home/ashok/miniconda3/envs/mysecondenvironment/lib/python3.8/site-packages/airflow/example_dags/example_time_delta_sensor_async.py took 0.048 seconds
[2025-09-14T09:30:19.482+0545] {processor.py:186} INFO - Started process (PID=27913) to work on /home/ashok/miniconda3/envs/mysecondenvironment/lib/python3.8/site-packages/airflow/example_dags/example_time_delta_sensor_async.py
[2025-09-14T09:30:19.483+0545] {processor.py:914} INFO - Processing file /home/ashok/miniconda3/envs/mysecondenvironment/lib/python3.8/site-packages/airflow/example_dags/example_time_delta_sensor_async.py for tasks to queue
[2025-09-14T09:30:19.484+0545] {logging_mixin.py:190} INFO - [2025-09-14T09:30:19.484+0545] {dagbag.py:588} INFO - Filling up the DagBag from /home/ashok/miniconda3/envs/mysecondenvironment/lib/python3.8/site-packages/airflow/example_dags/example_time_delta_sensor_async.py
[2025-09-14T09:30:19.488+0545] {processor.py:925} INFO - DAG(s) 'example_time_delta_sensor_async' retrieved from /home/ashok/miniconda3/envs/mysecondenvironment/lib/python3.8/site-packages/airflow/example_dags/example_time_delta_sensor_async.py
[2025-09-14T09:30:19.497+0545] {logging_mixin.py:190} INFO - [2025-09-14T09:30:19.497+0545] {dag.py:3239} INFO - Sync 1 DAGs
[2025-09-14T09:30:19.503+0545] {logging_mixin.py:190} INFO - [2025-09-14T09:30:19.503+0545] {dag.py:4180} INFO - Setting next_dagrun for example_time_delta_sensor_async to None, run_after=None
[2025-09-14T09:30:19.520+0545] {processor.py:208} INFO - Processing /home/ashok/miniconda3/envs/mysecondenvironment/lib/python3.8/site-packages/airflow/example_dags/example_time_delta_sensor_async.py took 0.042 seconds
[2025-09-14T09:33:32.228+0545] {processor.py:186} INFO - Started process (PID=29355) to work on /home/ashok/miniconda3/envs/mysecondenvironment/lib/python3.8/site-packages/airflow/example_dags/example_time_delta_sensor_async.py
[2025-09-14T09:33:32.230+0545] {processor.py:914} INFO - Processing file /home/ashok/miniconda3/envs/mysecondenvironment/lib/python3.8/site-packages/airflow/example_dags/example_time_delta_sensor_async.py for tasks to queue
[2025-09-14T09:33:32.231+0545] {logging_mixin.py:190} INFO - [2025-09-14T09:33:32.231+0545] {dagbag.py:588} INFO - Filling up the DagBag from /home/ashok/miniconda3/envs/mysecondenvironment/lib/python3.8/site-packages/airflow/example_dags/example_time_delta_sensor_async.py
[2025-09-14T09:33:32.234+0545] {processor.py:925} INFO - DAG(s) 'example_time_delta_sensor_async' retrieved from /home/ashok/miniconda3/envs/mysecondenvironment/lib/python3.8/site-packages/airflow/example_dags/example_time_delta_sensor_async.py
[2025-09-14T09:33:32.243+0545] {logging_mixin.py:190} INFO - [2025-09-14T09:33:32.243+0545] {dag.py:3239} INFO - Sync 1 DAGs
[2025-09-14T09:33:32.248+0545] {logging_mixin.py:190} INFO - [2025-09-14T09:33:32.248+0545] {dag.py:4180} INFO - Setting next_dagrun for example_time_delta_sensor_async to None, run_after=None
[2025-09-14T09:33:32.266+0545] {processor.py:208} INFO - Processing /home/ashok/miniconda3/envs/mysecondenvironment/lib/python3.8/site-packages/airflow/example_dags/example_time_delta_sensor_async.py took 0.043 seconds
[2025-09-14T09:34:26.822+0545] {processor.py:186} INFO - Started process (PID=29761) to work on /home/ashok/miniconda3/envs/mysecondenvironment/lib/python3.8/site-packages/airflow/example_dags/example_time_delta_sensor_async.py
[2025-09-14T09:34:26.825+0545] {processor.py:914} INFO - Processing file /home/ashok/miniconda3/envs/mysecondenvironment/lib/python3.8/site-packages/airflow/example_dags/example_time_delta_sensor_async.py for tasks to queue
[2025-09-14T09:34:26.826+0545] {logging_mixin.py:190} INFO - [2025-09-14T09:34:26.826+0545] {dagbag.py:588} INFO - Filling up the DagBag from /home/ashok/miniconda3/envs/mysecondenvironment/lib/python3.8/site-packages/airflow/example_dags/example_time_delta_sensor_async.py
[2025-09-14T09:34:26.830+0545] {processor.py:925} INFO - DAG(s) 'example_time_delta_sensor_async' retrieved from /home/ashok/miniconda3/envs/mysecondenvironment/lib/python3.8/site-packages/airflow/example_dags/example_time_delta_sensor_async.py
[2025-09-14T09:34:26.838+0545] {logging_mixin.py:190} INFO - [2025-09-14T09:34:26.838+0545] {dag.py:3239} INFO - Sync 1 DAGs
[2025-09-14T09:34:26.843+0545] {logging_mixin.py:190} INFO - [2025-09-14T09:34:26.843+0545] {dag.py:4180} INFO - Setting next_dagrun for example_time_delta_sensor_async to None, run_after=None
[2025-09-14T09:34:26.859+0545] {processor.py:208} INFO - Processing /home/ashok/miniconda3/envs/mysecondenvironment/lib/python3.8/site-packages/airflow/example_dags/example_time_delta_sensor_async.py took 0.041 seconds
[2025-09-14T09:35:21.082+0545] {processor.py:186} INFO - Started process (PID=30194) to work on /home/ashok/miniconda3/envs/mysecondenvironment/lib/python3.8/site-packages/airflow/example_dags/example_time_delta_sensor_async.py
[2025-09-14T09:35:21.084+0545] {processor.py:914} INFO - Processing file /home/ashok/miniconda3/envs/mysecondenvironment/lib/python3.8/site-packages/airflow/example_dags/example_time_delta_sensor_async.py for tasks to queue
[2025-09-14T09:35:21.085+0545] {logging_mixin.py:190} INFO - [2025-09-14T09:35:21.084+0545] {dagbag.py:588} INFO - Filling up the DagBag from /home/ashok/miniconda3/envs/mysecondenvironment/lib/python3.8/site-packages/airflow/example_dags/example_time_delta_sensor_async.py
[2025-09-14T09:35:21.088+0545] {processor.py:925} INFO - DAG(s) 'example_time_delta_sensor_async' retrieved from /home/ashok/miniconda3/envs/mysecondenvironment/lib/python3.8/site-packages/airflow/example_dags/example_time_delta_sensor_async.py
[2025-09-14T09:35:21.097+0545] {logging_mixin.py:190} INFO - [2025-09-14T09:35:21.097+0545] {dag.py:3239} INFO - Sync 1 DAGs
[2025-09-14T09:35:21.103+0545] {logging_mixin.py:190} INFO - [2025-09-14T09:35:21.103+0545] {dag.py:4180} INFO - Setting next_dagrun for example_time_delta_sensor_async to None, run_after=None
[2025-09-14T09:35:21.119+0545] {processor.py:208} INFO - Processing /home/ashok/miniconda3/envs/mysecondenvironment/lib/python3.8/site-packages/airflow/example_dags/example_time_delta_sensor_async.py took 0.040 seconds
[2025-09-14T09:36:16.470+0545] {processor.py:186} INFO - Started process (PID=30615) to work on /home/ashok/miniconda3/envs/mysecondenvironment/lib/python3.8/site-packages/airflow/example_dags/example_time_delta_sensor_async.py
[2025-09-14T09:36:16.472+0545] {processor.py:914} INFO - Processing file /home/ashok/miniconda3/envs/mysecondenvironment/lib/python3.8/site-packages/airflow/example_dags/example_time_delta_sensor_async.py for tasks to queue
[2025-09-14T09:36:16.473+0545] {logging_mixin.py:190} INFO - [2025-09-14T09:36:16.473+0545] {dagbag.py:588} INFO - Filling up the DagBag from /home/ashok/miniconda3/envs/mysecondenvironment/lib/python3.8/site-packages/airflow/example_dags/example_time_delta_sensor_async.py
[2025-09-14T09:36:16.476+0545] {processor.py:925} INFO - DAG(s) 'example_time_delta_sensor_async' retrieved from /home/ashok/miniconda3/envs/mysecondenvironment/lib/python3.8/site-packages/airflow/example_dags/example_time_delta_sensor_async.py
[2025-09-14T09:36:16.483+0545] {logging_mixin.py:190} INFO - [2025-09-14T09:36:16.483+0545] {dag.py:3239} INFO - Sync 1 DAGs
[2025-09-14T09:36:16.488+0545] {logging_mixin.py:190} INFO - [2025-09-14T09:36:16.488+0545] {dag.py:4180} INFO - Setting next_dagrun for example_time_delta_sensor_async to None, run_after=None
[2025-09-14T09:36:16.506+0545] {processor.py:208} INFO - Processing /home/ashok/miniconda3/envs/mysecondenvironment/lib/python3.8/site-packages/airflow/example_dags/example_time_delta_sensor_async.py took 0.040 seconds
[2025-09-14T09:37:09.235+0545] {processor.py:186} INFO - Started process (PID=31210) to work on /home/ashok/miniconda3/envs/mysecondenvironment/lib/python3.8/site-packages/airflow/example_dags/example_time_delta_sensor_async.py
[2025-09-14T09:37:09.237+0545] {processor.py:914} INFO - Processing file /home/ashok/miniconda3/envs/mysecondenvironment/lib/python3.8/site-packages/airflow/example_dags/example_time_delta_sensor_async.py for tasks to queue
[2025-09-14T09:37:09.238+0545] {logging_mixin.py:190} INFO - [2025-09-14T09:37:09.237+0545] {dagbag.py:588} INFO - Filling up the DagBag from /home/ashok/miniconda3/envs/mysecondenvironment/lib/python3.8/site-packages/airflow/example_dags/example_time_delta_sensor_async.py
[2025-09-14T09:37:09.241+0545] {processor.py:925} INFO - DAG(s) 'example_time_delta_sensor_async' retrieved from /home/ashok/miniconda3/envs/mysecondenvironment/lib/python3.8/site-packages/airflow/example_dags/example_time_delta_sensor_async.py
[2025-09-14T09:37:09.251+0545] {logging_mixin.py:190} INFO - [2025-09-14T09:37:09.250+0545] {dag.py:3239} INFO - Sync 1 DAGs
[2025-09-14T09:37:09.256+0545] {logging_mixin.py:190} INFO - [2025-09-14T09:37:09.256+0545] {dag.py:4180} INFO - Setting next_dagrun for example_time_delta_sensor_async to None, run_after=None
[2025-09-14T09:37:09.271+0545] {processor.py:208} INFO - Processing /home/ashok/miniconda3/envs/mysecondenvironment/lib/python3.8/site-packages/airflow/example_dags/example_time_delta_sensor_async.py took 0.040 seconds
[2025-09-14T09:38:00.892+0545] {processor.py:186} INFO - Started process (PID=31626) to work on /home/ashok/miniconda3/envs/mysecondenvironment/lib/python3.8/site-packages/airflow/example_dags/example_time_delta_sensor_async.py
[2025-09-14T09:38:00.895+0545] {processor.py:914} INFO - Processing file /home/ashok/miniconda3/envs/mysecondenvironment/lib/python3.8/site-packages/airflow/example_dags/example_time_delta_sensor_async.py for tasks to queue
[2025-09-14T09:38:00.896+0545] {logging_mixin.py:190} INFO - [2025-09-14T09:38:00.895+0545] {dagbag.py:588} INFO - Filling up the DagBag from /home/ashok/miniconda3/envs/mysecondenvironment/lib/python3.8/site-packages/airflow/example_dags/example_time_delta_sensor_async.py
[2025-09-14T09:38:00.898+0545] {processor.py:925} INFO - DAG(s) 'example_time_delta_sensor_async' retrieved from /home/ashok/miniconda3/envs/mysecondenvironment/lib/python3.8/site-packages/airflow/example_dags/example_time_delta_sensor_async.py
[2025-09-14T09:38:00.906+0545] {logging_mixin.py:190} INFO - [2025-09-14T09:38:00.906+0545] {dag.py:3239} INFO - Sync 1 DAGs
[2025-09-14T09:38:00.911+0545] {logging_mixin.py:190} INFO - [2025-09-14T09:38:00.911+0545] {dag.py:4180} INFO - Setting next_dagrun for example_time_delta_sensor_async to None, run_after=None
[2025-09-14T09:38:00.928+0545] {processor.py:208} INFO - Processing /home/ashok/miniconda3/envs/mysecondenvironment/lib/python3.8/site-packages/airflow/example_dags/example_time_delta_sensor_async.py took 0.039 seconds
[2025-09-14T09:38:57.524+0545] {processor.py:186} INFO - Started process (PID=32231) to work on /home/ashok/miniconda3/envs/mysecondenvironment/lib/python3.8/site-packages/airflow/example_dags/example_time_delta_sensor_async.py
[2025-09-14T09:38:57.526+0545] {processor.py:914} INFO - Processing file /home/ashok/miniconda3/envs/mysecondenvironment/lib/python3.8/site-packages/airflow/example_dags/example_time_delta_sensor_async.py for tasks to queue
[2025-09-14T09:38:57.527+0545] {logging_mixin.py:190} INFO - [2025-09-14T09:38:57.526+0545] {dagbag.py:588} INFO - Filling up the DagBag from /home/ashok/miniconda3/envs/mysecondenvironment/lib/python3.8/site-packages/airflow/example_dags/example_time_delta_sensor_async.py
[2025-09-14T09:38:57.530+0545] {processor.py:925} INFO - DAG(s) 'example_time_delta_sensor_async' retrieved from /home/ashok/miniconda3/envs/mysecondenvironment/lib/python3.8/site-packages/airflow/example_dags/example_time_delta_sensor_async.py
[2025-09-14T09:38:57.539+0545] {logging_mixin.py:190} INFO - [2025-09-14T09:38:57.539+0545] {dag.py:3239} INFO - Sync 1 DAGs
[2025-09-14T09:38:57.545+0545] {logging_mixin.py:190} INFO - [2025-09-14T09:38:57.545+0545] {dag.py:4180} INFO - Setting next_dagrun for example_time_delta_sensor_async to None, run_after=None
[2025-09-14T09:38:57.561+0545] {processor.py:208} INFO - Processing /home/ashok/miniconda3/envs/mysecondenvironment/lib/python3.8/site-packages/airflow/example_dags/example_time_delta_sensor_async.py took 0.040 seconds
[2025-09-14T09:39:55.335+0545] {processor.py:186} INFO - Started process (PID=32670) to work on /home/ashok/miniconda3/envs/mysecondenvironment/lib/python3.8/site-packages/airflow/example_dags/example_time_delta_sensor_async.py
[2025-09-14T09:39:55.337+0545] {processor.py:914} INFO - Processing file /home/ashok/miniconda3/envs/mysecondenvironment/lib/python3.8/site-packages/airflow/example_dags/example_time_delta_sensor_async.py for tasks to queue
[2025-09-14T09:39:55.339+0545] {logging_mixin.py:190} INFO - [2025-09-14T09:39:55.338+0545] {dagbag.py:588} INFO - Filling up the DagBag from /home/ashok/miniconda3/envs/mysecondenvironment/lib/python3.8/site-packages/airflow/example_dags/example_time_delta_sensor_async.py
[2025-09-14T09:39:55.341+0545] {processor.py:925} INFO - DAG(s) 'example_time_delta_sensor_async' retrieved from /home/ashok/miniconda3/envs/mysecondenvironment/lib/python3.8/site-packages/airflow/example_dags/example_time_delta_sensor_async.py
[2025-09-14T09:39:55.350+0545] {logging_mixin.py:190} INFO - [2025-09-14T09:39:55.350+0545] {dag.py:3239} INFO - Sync 1 DAGs
[2025-09-14T09:39:55.355+0545] {logging_mixin.py:190} INFO - [2025-09-14T09:39:55.355+0545] {dag.py:4180} INFO - Setting next_dagrun for example_time_delta_sensor_async to None, run_after=None
[2025-09-14T09:39:55.373+0545] {processor.py:208} INFO - Processing /home/ashok/miniconda3/envs/mysecondenvironment/lib/python3.8/site-packages/airflow/example_dags/example_time_delta_sensor_async.py took 0.041 seconds
[2025-09-14T09:40:49.960+0545] {processor.py:186} INFO - Started process (PID=33079) to work on /home/ashok/miniconda3/envs/mysecondenvironment/lib/python3.8/site-packages/airflow/example_dags/example_time_delta_sensor_async.py
[2025-09-14T09:40:49.963+0545] {processor.py:914} INFO - Processing file /home/ashok/miniconda3/envs/mysecondenvironment/lib/python3.8/site-packages/airflow/example_dags/example_time_delta_sensor_async.py for tasks to queue
[2025-09-14T09:40:49.964+0545] {logging_mixin.py:190} INFO - [2025-09-14T09:40:49.963+0545] {dagbag.py:588} INFO - Filling up the DagBag from /home/ashok/miniconda3/envs/mysecondenvironment/lib/python3.8/site-packages/airflow/example_dags/example_time_delta_sensor_async.py
[2025-09-14T09:40:49.967+0545] {processor.py:925} INFO - DAG(s) 'example_time_delta_sensor_async' retrieved from /home/ashok/miniconda3/envs/mysecondenvironment/lib/python3.8/site-packages/airflow/example_dags/example_time_delta_sensor_async.py
[2025-09-14T09:40:49.974+0545] {logging_mixin.py:190} INFO - [2025-09-14T09:40:49.974+0545] {dag.py:3239} INFO - Sync 1 DAGs
[2025-09-14T09:40:49.979+0545] {logging_mixin.py:190} INFO - [2025-09-14T09:40:49.979+0545] {dag.py:4180} INFO - Setting next_dagrun for example_time_delta_sensor_async to None, run_after=None
[2025-09-14T09:40:49.996+0545] {processor.py:208} INFO - Processing /home/ashok/miniconda3/envs/mysecondenvironment/lib/python3.8/site-packages/airflow/example_dags/example_time_delta_sensor_async.py took 0.039 seconds
[2025-09-14T09:41:46.816+0545] {processor.py:186} INFO - Started process (PID=33508) to work on /home/ashok/miniconda3/envs/mysecondenvironment/lib/python3.8/site-packages/airflow/example_dags/example_time_delta_sensor_async.py
[2025-09-14T09:41:46.819+0545] {processor.py:914} INFO - Processing file /home/ashok/miniconda3/envs/mysecondenvironment/lib/python3.8/site-packages/airflow/example_dags/example_time_delta_sensor_async.py for tasks to queue
[2025-09-14T09:41:46.820+0545] {logging_mixin.py:190} INFO - [2025-09-14T09:41:46.820+0545] {dagbag.py:588} INFO - Filling up the DagBag from /home/ashok/miniconda3/envs/mysecondenvironment/lib/python3.8/site-packages/airflow/example_dags/example_time_delta_sensor_async.py
[2025-09-14T09:41:46.824+0545] {processor.py:925} INFO - DAG(s) 'example_time_delta_sensor_async' retrieved from /home/ashok/miniconda3/envs/mysecondenvironment/lib/python3.8/site-packages/airflow/example_dags/example_time_delta_sensor_async.py
[2025-09-14T09:41:46.831+0545] {logging_mixin.py:190} INFO - [2025-09-14T09:41:46.831+0545] {dag.py:3239} INFO - Sync 1 DAGs
[2025-09-14T09:41:46.836+0545] {logging_mixin.py:190} INFO - [2025-09-14T09:41:46.836+0545] {dag.py:4180} INFO - Setting next_dagrun for example_time_delta_sensor_async to None, run_after=None
[2025-09-14T09:41:46.853+0545] {processor.py:208} INFO - Processing /home/ashok/miniconda3/envs/mysecondenvironment/lib/python3.8/site-packages/airflow/example_dags/example_time_delta_sensor_async.py took 0.042 seconds
[2025-09-14T09:42:41.041+0545] {processor.py:186} INFO - Started process (PID=33988) to work on /home/ashok/miniconda3/envs/mysecondenvironment/lib/python3.8/site-packages/airflow/example_dags/example_time_delta_sensor_async.py
[2025-09-14T09:42:41.043+0545] {processor.py:914} INFO - Processing file /home/ashok/miniconda3/envs/mysecondenvironment/lib/python3.8/site-packages/airflow/example_dags/example_time_delta_sensor_async.py for tasks to queue
[2025-09-14T09:42:41.044+0545] {logging_mixin.py:190} INFO - [2025-09-14T09:42:41.044+0545] {dagbag.py:588} INFO - Filling up the DagBag from /home/ashok/miniconda3/envs/mysecondenvironment/lib/python3.8/site-packages/airflow/example_dags/example_time_delta_sensor_async.py
[2025-09-14T09:42:41.047+0545] {processor.py:925} INFO - DAG(s) 'example_time_delta_sensor_async' retrieved from /home/ashok/miniconda3/envs/mysecondenvironment/lib/python3.8/site-packages/airflow/example_dags/example_time_delta_sensor_async.py
[2025-09-14T09:42:41.054+0545] {logging_mixin.py:190} INFO - [2025-09-14T09:42:41.054+0545] {dag.py:3239} INFO - Sync 1 DAGs
[2025-09-14T09:42:41.060+0545] {logging_mixin.py:190} INFO - [2025-09-14T09:42:41.059+0545] {dag.py:4180} INFO - Setting next_dagrun for example_time_delta_sensor_async to None, run_after=None
[2025-09-14T09:42:41.078+0545] {processor.py:208} INFO - Processing /home/ashok/miniconda3/envs/mysecondenvironment/lib/python3.8/site-packages/airflow/example_dags/example_time_delta_sensor_async.py took 0.040 seconds
[2025-09-14T09:43:37.285+0545] {processor.py:186} INFO - Started process (PID=34367) to work on /home/ashok/miniconda3/envs/mysecondenvironment/lib/python3.8/site-packages/airflow/example_dags/example_time_delta_sensor_async.py
[2025-09-14T09:43:37.286+0545] {processor.py:914} INFO - Processing file /home/ashok/miniconda3/envs/mysecondenvironment/lib/python3.8/site-packages/airflow/example_dags/example_time_delta_sensor_async.py for tasks to queue
[2025-09-14T09:43:37.287+0545] {logging_mixin.py:190} INFO - [2025-09-14T09:43:37.287+0545] {dagbag.py:588} INFO - Filling up the DagBag from /home/ashok/miniconda3/envs/mysecondenvironment/lib/python3.8/site-packages/airflow/example_dags/example_time_delta_sensor_async.py
[2025-09-14T09:43:37.289+0545] {processor.py:925} INFO - DAG(s) 'example_time_delta_sensor_async' retrieved from /home/ashok/miniconda3/envs/mysecondenvironment/lib/python3.8/site-packages/airflow/example_dags/example_time_delta_sensor_async.py
[2025-09-14T09:43:37.297+0545] {logging_mixin.py:190} INFO - [2025-09-14T09:43:37.297+0545] {dag.py:3239} INFO - Sync 1 DAGs
[2025-09-14T09:43:37.303+0545] {logging_mixin.py:190} INFO - [2025-09-14T09:43:37.303+0545] {dag.py:4180} INFO - Setting next_dagrun for example_time_delta_sensor_async to None, run_after=None
[2025-09-14T09:43:37.319+0545] {processor.py:208} INFO - Processing /home/ashok/miniconda3/envs/mysecondenvironment/lib/python3.8/site-packages/airflow/example_dags/example_time_delta_sensor_async.py took 0.037 seconds
[2025-09-14T09:44:34.909+0545] {processor.py:186} INFO - Started process (PID=34772) to work on /home/ashok/miniconda3/envs/mysecondenvironment/lib/python3.8/site-packages/airflow/example_dags/example_time_delta_sensor_async.py
[2025-09-14T09:44:34.910+0545] {processor.py:914} INFO - Processing file /home/ashok/miniconda3/envs/mysecondenvironment/lib/python3.8/site-packages/airflow/example_dags/example_time_delta_sensor_async.py for tasks to queue
[2025-09-14T09:44:34.911+0545] {logging_mixin.py:190} INFO - [2025-09-14T09:44:34.911+0545] {dagbag.py:588} INFO - Filling up the DagBag from /home/ashok/miniconda3/envs/mysecondenvironment/lib/python3.8/site-packages/airflow/example_dags/example_time_delta_sensor_async.py
[2025-09-14T09:44:34.914+0545] {processor.py:925} INFO - DAG(s) 'example_time_delta_sensor_async' retrieved from /home/ashok/miniconda3/envs/mysecondenvironment/lib/python3.8/site-packages/airflow/example_dags/example_time_delta_sensor_async.py
[2025-09-14T09:44:34.922+0545] {logging_mixin.py:190} INFO - [2025-09-14T09:44:34.922+0545] {dag.py:3239} INFO - Sync 1 DAGs
[2025-09-14T09:44:34.927+0545] {logging_mixin.py:190} INFO - [2025-09-14T09:44:34.927+0545] {dag.py:4180} INFO - Setting next_dagrun for example_time_delta_sensor_async to None, run_after=None
[2025-09-14T09:44:34.943+0545] {processor.py:208} INFO - Processing /home/ashok/miniconda3/envs/mysecondenvironment/lib/python3.8/site-packages/airflow/example_dags/example_time_delta_sensor_async.py took 0.038 seconds
[2025-09-14T09:45:31.446+0545] {processor.py:186} INFO - Started process (PID=35163) to work on /home/ashok/miniconda3/envs/mysecondenvironment/lib/python3.8/site-packages/airflow/example_dags/example_time_delta_sensor_async.py
[2025-09-14T09:45:31.448+0545] {processor.py:914} INFO - Processing file /home/ashok/miniconda3/envs/mysecondenvironment/lib/python3.8/site-packages/airflow/example_dags/example_time_delta_sensor_async.py for tasks to queue
[2025-09-14T09:45:31.449+0545] {logging_mixin.py:190} INFO - [2025-09-14T09:45:31.449+0545] {dagbag.py:588} INFO - Filling up the DagBag from /home/ashok/miniconda3/envs/mysecondenvironment/lib/python3.8/site-packages/airflow/example_dags/example_time_delta_sensor_async.py
[2025-09-14T09:45:31.452+0545] {processor.py:925} INFO - DAG(s) 'example_time_delta_sensor_async' retrieved from /home/ashok/miniconda3/envs/mysecondenvironment/lib/python3.8/site-packages/airflow/example_dags/example_time_delta_sensor_async.py
[2025-09-14T09:45:31.459+0545] {logging_mixin.py:190} INFO - [2025-09-14T09:45:31.459+0545] {dag.py:3239} INFO - Sync 1 DAGs
[2025-09-14T09:45:31.464+0545] {logging_mixin.py:190} INFO - [2025-09-14T09:45:31.464+0545] {dag.py:4180} INFO - Setting next_dagrun for example_time_delta_sensor_async to None, run_after=None
[2025-09-14T09:45:31.480+0545] {processor.py:208} INFO - Processing /home/ashok/miniconda3/envs/mysecondenvironment/lib/python3.8/site-packages/airflow/example_dags/example_time_delta_sensor_async.py took 0.038 seconds
[2025-09-14T09:46:23.115+0545] {processor.py:186} INFO - Started process (PID=35538) to work on /home/ashok/miniconda3/envs/mysecondenvironment/lib/python3.8/site-packages/airflow/example_dags/example_time_delta_sensor_async.py
[2025-09-14T09:46:23.117+0545] {processor.py:914} INFO - Processing file /home/ashok/miniconda3/envs/mysecondenvironment/lib/python3.8/site-packages/airflow/example_dags/example_time_delta_sensor_async.py for tasks to queue
[2025-09-14T09:46:23.118+0545] {logging_mixin.py:190} INFO - [2025-09-14T09:46:23.118+0545] {dagbag.py:588} INFO - Filling up the DagBag from /home/ashok/miniconda3/envs/mysecondenvironment/lib/python3.8/site-packages/airflow/example_dags/example_time_delta_sensor_async.py
[2025-09-14T09:46:23.121+0545] {processor.py:925} INFO - DAG(s) 'example_time_delta_sensor_async' retrieved from /home/ashok/miniconda3/envs/mysecondenvironment/lib/python3.8/site-packages/airflow/example_dags/example_time_delta_sensor_async.py
[2025-09-14T09:46:23.128+0545] {logging_mixin.py:190} INFO - [2025-09-14T09:46:23.128+0545] {dag.py:3239} INFO - Sync 1 DAGs
[2025-09-14T09:46:23.133+0545] {logging_mixin.py:190} INFO - [2025-09-14T09:46:23.133+0545] {dag.py:4180} INFO - Setting next_dagrun for example_time_delta_sensor_async to None, run_after=None
[2025-09-14T09:46:23.147+0545] {processor.py:208} INFO - Processing /home/ashok/miniconda3/envs/mysecondenvironment/lib/python3.8/site-packages/airflow/example_dags/example_time_delta_sensor_async.py took 0.035 seconds
[2025-09-14T09:47:16.971+0545] {processor.py:186} INFO - Started process (PID=35923) to work on /home/ashok/miniconda3/envs/mysecondenvironment/lib/python3.8/site-packages/airflow/example_dags/example_time_delta_sensor_async.py
[2025-09-14T09:47:16.972+0545] {processor.py:914} INFO - Processing file /home/ashok/miniconda3/envs/mysecondenvironment/lib/python3.8/site-packages/airflow/example_dags/example_time_delta_sensor_async.py for tasks to queue
[2025-09-14T09:47:16.972+0545] {logging_mixin.py:190} INFO - [2025-09-14T09:47:16.972+0545] {dagbag.py:588} INFO - Filling up the DagBag from /home/ashok/miniconda3/envs/mysecondenvironment/lib/python3.8/site-packages/airflow/example_dags/example_time_delta_sensor_async.py
[2025-09-14T09:47:16.975+0545] {processor.py:925} INFO - DAG(s) 'example_time_delta_sensor_async' retrieved from /home/ashok/miniconda3/envs/mysecondenvironment/lib/python3.8/site-packages/airflow/example_dags/example_time_delta_sensor_async.py
[2025-09-14T09:47:16.985+0545] {logging_mixin.py:190} INFO - [2025-09-14T09:47:16.985+0545] {dag.py:3239} INFO - Sync 1 DAGs
[2025-09-14T09:47:16.990+0545] {logging_mixin.py:190} INFO - [2025-09-14T09:47:16.990+0545] {dag.py:4180} INFO - Setting next_dagrun for example_time_delta_sensor_async to None, run_after=None
[2025-09-14T09:47:17.005+0545] {processor.py:208} INFO - Processing /home/ashok/miniconda3/envs/mysecondenvironment/lib/python3.8/site-packages/airflow/example_dags/example_time_delta_sensor_async.py took 0.039 seconds
[2025-09-14T09:48:11.789+0545] {processor.py:186} INFO - Started process (PID=36292) to work on /home/ashok/miniconda3/envs/mysecondenvironment/lib/python3.8/site-packages/airflow/example_dags/example_time_delta_sensor_async.py
[2025-09-14T09:48:11.790+0545] {processor.py:914} INFO - Processing file /home/ashok/miniconda3/envs/mysecondenvironment/lib/python3.8/site-packages/airflow/example_dags/example_time_delta_sensor_async.py for tasks to queue
[2025-09-14T09:48:11.791+0545] {logging_mixin.py:190} INFO - [2025-09-14T09:48:11.791+0545] {dagbag.py:588} INFO - Filling up the DagBag from /home/ashok/miniconda3/envs/mysecondenvironment/lib/python3.8/site-packages/airflow/example_dags/example_time_delta_sensor_async.py
[2025-09-14T09:48:11.794+0545] {processor.py:925} INFO - DAG(s) 'example_time_delta_sensor_async' retrieved from /home/ashok/miniconda3/envs/mysecondenvironment/lib/python3.8/site-packages/airflow/example_dags/example_time_delta_sensor_async.py
[2025-09-14T09:48:11.803+0545] {logging_mixin.py:190} INFO - [2025-09-14T09:48:11.803+0545] {dag.py:3239} INFO - Sync 1 DAGs
[2025-09-14T09:48:11.809+0545] {logging_mixin.py:190} INFO - [2025-09-14T09:48:11.809+0545] {dag.py:4180} INFO - Setting next_dagrun for example_time_delta_sensor_async to None, run_after=None
[2025-09-14T09:48:11.825+0545] {processor.py:208} INFO - Processing /home/ashok/miniconda3/envs/mysecondenvironment/lib/python3.8/site-packages/airflow/example_dags/example_time_delta_sensor_async.py took 0.041 seconds
[2025-09-14T09:49:06.267+0545] {processor.py:186} INFO - Started process (PID=36686) to work on /home/ashok/miniconda3/envs/mysecondenvironment/lib/python3.8/site-packages/airflow/example_dags/example_time_delta_sensor_async.py
[2025-09-14T09:49:06.269+0545] {processor.py:914} INFO - Processing file /home/ashok/miniconda3/envs/mysecondenvironment/lib/python3.8/site-packages/airflow/example_dags/example_time_delta_sensor_async.py for tasks to queue
[2025-09-14T09:49:06.270+0545] {logging_mixin.py:190} INFO - [2025-09-14T09:49:06.269+0545] {dagbag.py:588} INFO - Filling up the DagBag from /home/ashok/miniconda3/envs/mysecondenvironment/lib/python3.8/site-packages/airflow/example_dags/example_time_delta_sensor_async.py
[2025-09-14T09:49:06.272+0545] {processor.py:925} INFO - DAG(s) 'example_time_delta_sensor_async' retrieved from /home/ashok/miniconda3/envs/mysecondenvironment/lib/python3.8/site-packages/airflow/example_dags/example_time_delta_sensor_async.py
[2025-09-14T09:49:06.280+0545] {logging_mixin.py:190} INFO - [2025-09-14T09:49:06.280+0545] {dag.py:3239} INFO - Sync 1 DAGs
[2025-09-14T09:49:06.287+0545] {logging_mixin.py:190} INFO - [2025-09-14T09:49:06.287+0545] {dag.py:4180} INFO - Setting next_dagrun for example_time_delta_sensor_async to None, run_after=None
[2025-09-14T09:49:06.302+0545] {processor.py:208} INFO - Processing /home/ashok/miniconda3/envs/mysecondenvironment/lib/python3.8/site-packages/airflow/example_dags/example_time_delta_sensor_async.py took 0.038 seconds
[2025-09-14T09:49:59.684+0545] {processor.py:186} INFO - Started process (PID=37051) to work on /home/ashok/miniconda3/envs/mysecondenvironment/lib/python3.8/site-packages/airflow/example_dags/example_time_delta_sensor_async.py
[2025-09-14T09:49:59.686+0545] {processor.py:914} INFO - Processing file /home/ashok/miniconda3/envs/mysecondenvironment/lib/python3.8/site-packages/airflow/example_dags/example_time_delta_sensor_async.py for tasks to queue
[2025-09-14T09:49:59.687+0545] {logging_mixin.py:190} INFO - [2025-09-14T09:49:59.687+0545] {dagbag.py:588} INFO - Filling up the DagBag from /home/ashok/miniconda3/envs/mysecondenvironment/lib/python3.8/site-packages/airflow/example_dags/example_time_delta_sensor_async.py
[2025-09-14T09:49:59.689+0545] {processor.py:925} INFO - DAG(s) 'example_time_delta_sensor_async' retrieved from /home/ashok/miniconda3/envs/mysecondenvironment/lib/python3.8/site-packages/airflow/example_dags/example_time_delta_sensor_async.py
[2025-09-14T09:49:59.697+0545] {logging_mixin.py:190} INFO - [2025-09-14T09:49:59.697+0545] {dag.py:3239} INFO - Sync 1 DAGs
[2025-09-14T09:49:59.703+0545] {logging_mixin.py:190} INFO - [2025-09-14T09:49:59.703+0545] {dag.py:4180} INFO - Setting next_dagrun for example_time_delta_sensor_async to None, run_after=None
[2025-09-14T09:49:59.721+0545] {processor.py:208} INFO - Processing /home/ashok/miniconda3/envs/mysecondenvironment/lib/python3.8/site-packages/airflow/example_dags/example_time_delta_sensor_async.py took 0.041 seconds
[2025-09-14T09:50:56.579+0545] {processor.py:186} INFO - Started process (PID=37537) to work on /home/ashok/miniconda3/envs/mysecondenvironment/lib/python3.8/site-packages/airflow/example_dags/example_time_delta_sensor_async.py
[2025-09-14T09:50:56.580+0545] {processor.py:914} INFO - Processing file /home/ashok/miniconda3/envs/mysecondenvironment/lib/python3.8/site-packages/airflow/example_dags/example_time_delta_sensor_async.py for tasks to queue
[2025-09-14T09:50:56.581+0545] {logging_mixin.py:190} INFO - [2025-09-14T09:50:56.581+0545] {dagbag.py:588} INFO - Filling up the DagBag from /home/ashok/miniconda3/envs/mysecondenvironment/lib/python3.8/site-packages/airflow/example_dags/example_time_delta_sensor_async.py
[2025-09-14T09:50:56.584+0545] {processor.py:925} INFO - DAG(s) 'example_time_delta_sensor_async' retrieved from /home/ashok/miniconda3/envs/mysecondenvironment/lib/python3.8/site-packages/airflow/example_dags/example_time_delta_sensor_async.py
[2025-09-14T09:50:56.595+0545] {logging_mixin.py:190} INFO - [2025-09-14T09:50:56.595+0545] {dag.py:3239} INFO - Sync 1 DAGs
[2025-09-14T09:50:56.600+0545] {logging_mixin.py:190} INFO - [2025-09-14T09:50:56.600+0545] {dag.py:4180} INFO - Setting next_dagrun for example_time_delta_sensor_async to None, run_after=None
[2025-09-14T09:50:56.615+0545] {processor.py:208} INFO - Processing /home/ashok/miniconda3/envs/mysecondenvironment/lib/python3.8/site-packages/airflow/example_dags/example_time_delta_sensor_async.py took 0.040 seconds
[2025-09-14T09:51:53.528+0545] {processor.py:186} INFO - Started process (PID=37982) to work on /home/ashok/miniconda3/envs/mysecondenvironment/lib/python3.8/site-packages/airflow/example_dags/example_time_delta_sensor_async.py
[2025-09-14T09:51:53.530+0545] {processor.py:914} INFO - Processing file /home/ashok/miniconda3/envs/mysecondenvironment/lib/python3.8/site-packages/airflow/example_dags/example_time_delta_sensor_async.py for tasks to queue
[2025-09-14T09:51:53.531+0545] {logging_mixin.py:190} INFO - [2025-09-14T09:51:53.531+0545] {dagbag.py:588} INFO - Filling up the DagBag from /home/ashok/miniconda3/envs/mysecondenvironment/lib/python3.8/site-packages/airflow/example_dags/example_time_delta_sensor_async.py
[2025-09-14T09:51:53.534+0545] {processor.py:925} INFO - DAG(s) 'example_time_delta_sensor_async' retrieved from /home/ashok/miniconda3/envs/mysecondenvironment/lib/python3.8/site-packages/airflow/example_dags/example_time_delta_sensor_async.py
[2025-09-14T09:51:53.541+0545] {logging_mixin.py:190} INFO - [2025-09-14T09:51:53.541+0545] {dag.py:3239} INFO - Sync 1 DAGs
[2025-09-14T09:51:53.546+0545] {logging_mixin.py:190} INFO - [2025-09-14T09:51:53.546+0545] {dag.py:4180} INFO - Setting next_dagrun for example_time_delta_sensor_async to None, run_after=None
[2025-09-14T09:51:53.669+0545] {processor.py:208} INFO - Processing /home/ashok/miniconda3/envs/mysecondenvironment/lib/python3.8/site-packages/airflow/example_dags/example_time_delta_sensor_async.py took 0.144 seconds
[2025-09-14T09:52:52.720+0545] {processor.py:186} INFO - Started process (PID=38448) to work on /home/ashok/miniconda3/envs/mysecondenvironment/lib/python3.8/site-packages/airflow/example_dags/example_time_delta_sensor_async.py
[2025-09-14T09:52:52.722+0545] {processor.py:914} INFO - Processing file /home/ashok/miniconda3/envs/mysecondenvironment/lib/python3.8/site-packages/airflow/example_dags/example_time_delta_sensor_async.py for tasks to queue
[2025-09-14T09:52:52.723+0545] {logging_mixin.py:190} INFO - [2025-09-14T09:52:52.723+0545] {dagbag.py:588} INFO - Filling up the DagBag from /home/ashok/miniconda3/envs/mysecondenvironment/lib/python3.8/site-packages/airflow/example_dags/example_time_delta_sensor_async.py
[2025-09-14T09:52:52.726+0545] {processor.py:925} INFO - DAG(s) 'example_time_delta_sensor_async' retrieved from /home/ashok/miniconda3/envs/mysecondenvironment/lib/python3.8/site-packages/airflow/example_dags/example_time_delta_sensor_async.py
[2025-09-14T09:52:52.734+0545] {logging_mixin.py:190} INFO - [2025-09-14T09:52:52.734+0545] {dag.py:3239} INFO - Sync 1 DAGs
[2025-09-14T09:52:52.739+0545] {logging_mixin.py:190} INFO - [2025-09-14T09:52:52.739+0545] {dag.py:4180} INFO - Setting next_dagrun for example_time_delta_sensor_async to None, run_after=None
[2025-09-14T09:52:52.757+0545] {processor.py:208} INFO - Processing /home/ashok/miniconda3/envs/mysecondenvironment/lib/python3.8/site-packages/airflow/example_dags/example_time_delta_sensor_async.py took 0.040 seconds
[2025-09-14T09:53:49.196+0545] {processor.py:186} INFO - Started process (PID=39131) to work on /home/ashok/miniconda3/envs/mysecondenvironment/lib/python3.8/site-packages/airflow/example_dags/example_time_delta_sensor_async.py
[2025-09-14T09:53:49.198+0545] {processor.py:914} INFO - Processing file /home/ashok/miniconda3/envs/mysecondenvironment/lib/python3.8/site-packages/airflow/example_dags/example_time_delta_sensor_async.py for tasks to queue
[2025-09-14T09:53:49.199+0545] {logging_mixin.py:190} INFO - [2025-09-14T09:53:49.198+0545] {dagbag.py:588} INFO - Filling up the DagBag from /home/ashok/miniconda3/envs/mysecondenvironment/lib/python3.8/site-packages/airflow/example_dags/example_time_delta_sensor_async.py
[2025-09-14T09:53:49.201+0545] {processor.py:925} INFO - DAG(s) 'example_time_delta_sensor_async' retrieved from /home/ashok/miniconda3/envs/mysecondenvironment/lib/python3.8/site-packages/airflow/example_dags/example_time_delta_sensor_async.py
[2025-09-14T09:53:49.210+0545] {logging_mixin.py:190} INFO - [2025-09-14T09:53:49.209+0545] {dag.py:3239} INFO - Sync 1 DAGs
[2025-09-14T09:53:49.215+0545] {logging_mixin.py:190} INFO - [2025-09-14T09:53:49.215+0545] {dag.py:4180} INFO - Setting next_dagrun for example_time_delta_sensor_async to None, run_after=None
[2025-09-14T09:53:49.232+0545] {processor.py:208} INFO - Processing /home/ashok/miniconda3/envs/mysecondenvironment/lib/python3.8/site-packages/airflow/example_dags/example_time_delta_sensor_async.py took 0.040 seconds
[2025-09-14T09:54:45.575+0545] {processor.py:186} INFO - Started process (PID=39573) to work on /home/ashok/miniconda3/envs/mysecondenvironment/lib/python3.8/site-packages/airflow/example_dags/example_time_delta_sensor_async.py
[2025-09-14T09:54:45.576+0545] {processor.py:914} INFO - Processing file /home/ashok/miniconda3/envs/mysecondenvironment/lib/python3.8/site-packages/airflow/example_dags/example_time_delta_sensor_async.py for tasks to queue
[2025-09-14T09:54:45.577+0545] {logging_mixin.py:190} INFO - [2025-09-14T09:54:45.577+0545] {dagbag.py:588} INFO - Filling up the DagBag from /home/ashok/miniconda3/envs/mysecondenvironment/lib/python3.8/site-packages/airflow/example_dags/example_time_delta_sensor_async.py
[2025-09-14T09:54:45.581+0545] {processor.py:925} INFO - DAG(s) 'example_time_delta_sensor_async' retrieved from /home/ashok/miniconda3/envs/mysecondenvironment/lib/python3.8/site-packages/airflow/example_dags/example_time_delta_sensor_async.py
[2025-09-14T09:54:45.592+0545] {logging_mixin.py:190} INFO - [2025-09-14T09:54:45.592+0545] {dag.py:3239} INFO - Sync 1 DAGs
[2025-09-14T09:54:45.601+0545] {logging_mixin.py:190} INFO - [2025-09-14T09:54:45.600+0545] {dag.py:4180} INFO - Setting next_dagrun for example_time_delta_sensor_async to None, run_after=None
[2025-09-14T09:54:45.623+0545] {processor.py:208} INFO - Processing /home/ashok/miniconda3/envs/mysecondenvironment/lib/python3.8/site-packages/airflow/example_dags/example_time_delta_sensor_async.py took 0.052 seconds
[2025-09-14T09:55:38.451+0545] {processor.py:186} INFO - Started process (PID=40010) to work on /home/ashok/miniconda3/envs/mysecondenvironment/lib/python3.8/site-packages/airflow/example_dags/example_time_delta_sensor_async.py
[2025-09-14T09:55:38.453+0545] {processor.py:914} INFO - Processing file /home/ashok/miniconda3/envs/mysecondenvironment/lib/python3.8/site-packages/airflow/example_dags/example_time_delta_sensor_async.py for tasks to queue
[2025-09-14T09:55:38.454+0545] {logging_mixin.py:190} INFO - [2025-09-14T09:55:38.454+0545] {dagbag.py:588} INFO - Filling up the DagBag from /home/ashok/miniconda3/envs/mysecondenvironment/lib/python3.8/site-packages/airflow/example_dags/example_time_delta_sensor_async.py
[2025-09-14T09:55:38.459+0545] {processor.py:925} INFO - DAG(s) 'example_time_delta_sensor_async' retrieved from /home/ashok/miniconda3/envs/mysecondenvironment/lib/python3.8/site-packages/airflow/example_dags/example_time_delta_sensor_async.py
[2025-09-14T09:55:38.469+0545] {logging_mixin.py:190} INFO - [2025-09-14T09:55:38.469+0545] {dag.py:3239} INFO - Sync 1 DAGs
[2025-09-14T09:55:38.476+0545] {logging_mixin.py:190} INFO - [2025-09-14T09:55:38.476+0545] {dag.py:4180} INFO - Setting next_dagrun for example_time_delta_sensor_async to None, run_after=None
[2025-09-14T09:55:38.491+0545] {processor.py:208} INFO - Processing /home/ashok/miniconda3/envs/mysecondenvironment/lib/python3.8/site-packages/airflow/example_dags/example_time_delta_sensor_async.py took 0.045 seconds
[2025-09-14T09:56:31.929+0545] {processor.py:186} INFO - Started process (PID=40448) to work on /home/ashok/miniconda3/envs/mysecondenvironment/lib/python3.8/site-packages/airflow/example_dags/example_time_delta_sensor_async.py
[2025-09-14T09:56:31.930+0545] {processor.py:914} INFO - Processing file /home/ashok/miniconda3/envs/mysecondenvironment/lib/python3.8/site-packages/airflow/example_dags/example_time_delta_sensor_async.py for tasks to queue
[2025-09-14T09:56:31.931+0545] {logging_mixin.py:190} INFO - [2025-09-14T09:56:31.931+0545] {dagbag.py:588} INFO - Filling up the DagBag from /home/ashok/miniconda3/envs/mysecondenvironment/lib/python3.8/site-packages/airflow/example_dags/example_time_delta_sensor_async.py
[2025-09-14T09:56:31.935+0545] {processor.py:925} INFO - DAG(s) 'example_time_delta_sensor_async' retrieved from /home/ashok/miniconda3/envs/mysecondenvironment/lib/python3.8/site-packages/airflow/example_dags/example_time_delta_sensor_async.py
[2025-09-14T09:56:31.945+0545] {logging_mixin.py:190} INFO - [2025-09-14T09:56:31.945+0545] {dag.py:3239} INFO - Sync 1 DAGs
[2025-09-14T09:56:31.951+0545] {logging_mixin.py:190} INFO - [2025-09-14T09:56:31.951+0545] {dag.py:4180} INFO - Setting next_dagrun for example_time_delta_sensor_async to None, run_after=None
[2025-09-14T09:56:31.966+0545] {processor.py:208} INFO - Processing /home/ashok/miniconda3/envs/mysecondenvironment/lib/python3.8/site-packages/airflow/example_dags/example_time_delta_sensor_async.py took 0.041 seconds
[2025-09-14T09:57:27.493+0545] {processor.py:186} INFO - Started process (PID=41127) to work on /home/ashok/miniconda3/envs/mysecondenvironment/lib/python3.8/site-packages/airflow/example_dags/example_time_delta_sensor_async.py
[2025-09-14T09:57:27.495+0545] {processor.py:914} INFO - Processing file /home/ashok/miniconda3/envs/mysecondenvironment/lib/python3.8/site-packages/airflow/example_dags/example_time_delta_sensor_async.py for tasks to queue
[2025-09-14T09:57:27.495+0545] {logging_mixin.py:190} INFO - [2025-09-14T09:57:27.495+0545] {dagbag.py:588} INFO - Filling up the DagBag from /home/ashok/miniconda3/envs/mysecondenvironment/lib/python3.8/site-packages/airflow/example_dags/example_time_delta_sensor_async.py
[2025-09-14T09:57:27.499+0545] {processor.py:925} INFO - DAG(s) 'example_time_delta_sensor_async' retrieved from /home/ashok/miniconda3/envs/mysecondenvironment/lib/python3.8/site-packages/airflow/example_dags/example_time_delta_sensor_async.py
[2025-09-14T09:57:27.508+0545] {logging_mixin.py:190} INFO - [2025-09-14T09:57:27.508+0545] {dag.py:3239} INFO - Sync 1 DAGs
[2025-09-14T09:57:27.515+0545] {logging_mixin.py:190} INFO - [2025-09-14T09:57:27.515+0545] {dag.py:4180} INFO - Setting next_dagrun for example_time_delta_sensor_async to None, run_after=None
[2025-09-14T09:57:27.532+0545] {processor.py:208} INFO - Processing /home/ashok/miniconda3/envs/mysecondenvironment/lib/python3.8/site-packages/airflow/example_dags/example_time_delta_sensor_async.py took 0.043 seconds
[2025-09-14T09:58:18.962+0545] {processor.py:186} INFO - Started process (PID=41482) to work on /home/ashok/miniconda3/envs/mysecondenvironment/lib/python3.8/site-packages/airflow/example_dags/example_time_delta_sensor_async.py
[2025-09-14T09:58:18.964+0545] {processor.py:914} INFO - Processing file /home/ashok/miniconda3/envs/mysecondenvironment/lib/python3.8/site-packages/airflow/example_dags/example_time_delta_sensor_async.py for tasks to queue
[2025-09-14T09:58:18.965+0545] {logging_mixin.py:190} INFO - [2025-09-14T09:58:18.965+0545] {dagbag.py:588} INFO - Filling up the DagBag from /home/ashok/miniconda3/envs/mysecondenvironment/lib/python3.8/site-packages/airflow/example_dags/example_time_delta_sensor_async.py
[2025-09-14T09:58:18.968+0545] {processor.py:925} INFO - DAG(s) 'example_time_delta_sensor_async' retrieved from /home/ashok/miniconda3/envs/mysecondenvironment/lib/python3.8/site-packages/airflow/example_dags/example_time_delta_sensor_async.py
[2025-09-14T09:58:18.975+0545] {logging_mixin.py:190} INFO - [2025-09-14T09:58:18.975+0545] {dag.py:3239} INFO - Sync 1 DAGs
[2025-09-14T09:58:18.981+0545] {logging_mixin.py:190} INFO - [2025-09-14T09:58:18.981+0545] {dag.py:4180} INFO - Setting next_dagrun for example_time_delta_sensor_async to None, run_after=None
[2025-09-14T09:58:18.997+0545] {processor.py:208} INFO - Processing /home/ashok/miniconda3/envs/mysecondenvironment/lib/python3.8/site-packages/airflow/example_dags/example_time_delta_sensor_async.py took 0.038 seconds
[2025-09-14T09:59:15.077+0545] {processor.py:186} INFO - Started process (PID=41928) to work on /home/ashok/miniconda3/envs/mysecondenvironment/lib/python3.8/site-packages/airflow/example_dags/example_time_delta_sensor_async.py
[2025-09-14T09:59:15.079+0545] {processor.py:914} INFO - Processing file /home/ashok/miniconda3/envs/mysecondenvironment/lib/python3.8/site-packages/airflow/example_dags/example_time_delta_sensor_async.py for tasks to queue
[2025-09-14T09:59:15.080+0545] {logging_mixin.py:190} INFO - [2025-09-14T09:59:15.080+0545] {dagbag.py:588} INFO - Filling up the DagBag from /home/ashok/miniconda3/envs/mysecondenvironment/lib/python3.8/site-packages/airflow/example_dags/example_time_delta_sensor_async.py
[2025-09-14T09:59:15.082+0545] {processor.py:925} INFO - DAG(s) 'example_time_delta_sensor_async' retrieved from /home/ashok/miniconda3/envs/mysecondenvironment/lib/python3.8/site-packages/airflow/example_dags/example_time_delta_sensor_async.py
[2025-09-14T09:59:15.091+0545] {logging_mixin.py:190} INFO - [2025-09-14T09:59:15.091+0545] {dag.py:3239} INFO - Sync 1 DAGs
[2025-09-14T09:59:15.096+0545] {logging_mixin.py:190} INFO - [2025-09-14T09:59:15.096+0545] {dag.py:4180} INFO - Setting next_dagrun for example_time_delta_sensor_async to None, run_after=None
[2025-09-14T09:59:15.112+0545] {processor.py:208} INFO - Processing /home/ashok/miniconda3/envs/mysecondenvironment/lib/python3.8/site-packages/airflow/example_dags/example_time_delta_sensor_async.py took 0.039 seconds
[2025-09-14T10:00:08.877+0545] {processor.py:186} INFO - Started process (PID=42435) to work on /home/ashok/miniconda3/envs/mysecondenvironment/lib/python3.8/site-packages/airflow/example_dags/example_time_delta_sensor_async.py
[2025-09-14T10:00:08.879+0545] {processor.py:914} INFO - Processing file /home/ashok/miniconda3/envs/mysecondenvironment/lib/python3.8/site-packages/airflow/example_dags/example_time_delta_sensor_async.py for tasks to queue
[2025-09-14T10:00:08.880+0545] {logging_mixin.py:190} INFO - [2025-09-14T10:00:08.880+0545] {dagbag.py:588} INFO - Filling up the DagBag from /home/ashok/miniconda3/envs/mysecondenvironment/lib/python3.8/site-packages/airflow/example_dags/example_time_delta_sensor_async.py
[2025-09-14T10:00:08.884+0545] {processor.py:925} INFO - DAG(s) 'example_time_delta_sensor_async' retrieved from /home/ashok/miniconda3/envs/mysecondenvironment/lib/python3.8/site-packages/airflow/example_dags/example_time_delta_sensor_async.py
[2025-09-14T10:00:08.893+0545] {logging_mixin.py:190} INFO - [2025-09-14T10:00:08.892+0545] {dag.py:3239} INFO - Sync 1 DAGs
[2025-09-14T10:00:08.898+0545] {logging_mixin.py:190} INFO - [2025-09-14T10:00:08.898+0545] {dag.py:4180} INFO - Setting next_dagrun for example_time_delta_sensor_async to None, run_after=None
[2025-09-14T10:00:08.914+0545] {processor.py:208} INFO - Processing /home/ashok/miniconda3/envs/mysecondenvironment/lib/python3.8/site-packages/airflow/example_dags/example_time_delta_sensor_async.py took 0.040 seconds
[2025-09-14T10:01:03.775+0545] {processor.py:186} INFO - Started process (PID=42995) to work on /home/ashok/miniconda3/envs/mysecondenvironment/lib/python3.8/site-packages/airflow/example_dags/example_time_delta_sensor_async.py
[2025-09-14T10:01:03.777+0545] {processor.py:914} INFO - Processing file /home/ashok/miniconda3/envs/mysecondenvironment/lib/python3.8/site-packages/airflow/example_dags/example_time_delta_sensor_async.py for tasks to queue
[2025-09-14T10:01:03.778+0545] {logging_mixin.py:190} INFO - [2025-09-14T10:01:03.778+0545] {dagbag.py:588} INFO - Filling up the DagBag from /home/ashok/miniconda3/envs/mysecondenvironment/lib/python3.8/site-packages/airflow/example_dags/example_time_delta_sensor_async.py
[2025-09-14T10:01:03.781+0545] {processor.py:925} INFO - DAG(s) 'example_time_delta_sensor_async' retrieved from /home/ashok/miniconda3/envs/mysecondenvironment/lib/python3.8/site-packages/airflow/example_dags/example_time_delta_sensor_async.py
[2025-09-14T10:01:03.789+0545] {logging_mixin.py:190} INFO - [2025-09-14T10:01:03.789+0545] {dag.py:3239} INFO - Sync 1 DAGs
[2025-09-14T10:01:03.794+0545] {logging_mixin.py:190} INFO - [2025-09-14T10:01:03.794+0545] {dag.py:4180} INFO - Setting next_dagrun for example_time_delta_sensor_async to None, run_after=None
[2025-09-14T10:01:03.813+0545] {processor.py:208} INFO - Processing /home/ashok/miniconda3/envs/mysecondenvironment/lib/python3.8/site-packages/airflow/example_dags/example_time_delta_sensor_async.py took 0.043 seconds
[2025-09-14T10:01:58.598+0545] {processor.py:186} INFO - Started process (PID=43453) to work on /home/ashok/miniconda3/envs/mysecondenvironment/lib/python3.8/site-packages/airflow/example_dags/example_time_delta_sensor_async.py
[2025-09-14T10:01:58.599+0545] {processor.py:914} INFO - Processing file /home/ashok/miniconda3/envs/mysecondenvironment/lib/python3.8/site-packages/airflow/example_dags/example_time_delta_sensor_async.py for tasks to queue
[2025-09-14T10:01:58.601+0545] {logging_mixin.py:190} INFO - [2025-09-14T10:01:58.601+0545] {dagbag.py:588} INFO - Filling up the DagBag from /home/ashok/miniconda3/envs/mysecondenvironment/lib/python3.8/site-packages/airflow/example_dags/example_time_delta_sensor_async.py
[2025-09-14T10:01:58.604+0545] {processor.py:925} INFO - DAG(s) 'example_time_delta_sensor_async' retrieved from /home/ashok/miniconda3/envs/mysecondenvironment/lib/python3.8/site-packages/airflow/example_dags/example_time_delta_sensor_async.py
[2025-09-14T10:01:58.611+0545] {logging_mixin.py:190} INFO - [2025-09-14T10:01:58.611+0545] {dag.py:3239} INFO - Sync 1 DAGs
[2025-09-14T10:01:58.617+0545] {logging_mixin.py:190} INFO - [2025-09-14T10:01:58.617+0545] {dag.py:4180} INFO - Setting next_dagrun for example_time_delta_sensor_async to None, run_after=None
[2025-09-14T10:01:58.635+0545] {processor.py:208} INFO - Processing /home/ashok/miniconda3/envs/mysecondenvironment/lib/python3.8/site-packages/airflow/example_dags/example_time_delta_sensor_async.py took 0.042 seconds
[2025-09-14T10:02:53.991+0545] {processor.py:186} INFO - Started process (PID=43804) to work on /home/ashok/miniconda3/envs/mysecondenvironment/lib/python3.8/site-packages/airflow/example_dags/example_time_delta_sensor_async.py
[2025-09-14T10:02:53.993+0545] {processor.py:914} INFO - Processing file /home/ashok/miniconda3/envs/mysecondenvironment/lib/python3.8/site-packages/airflow/example_dags/example_time_delta_sensor_async.py for tasks to queue
[2025-09-14T10:02:53.994+0545] {logging_mixin.py:190} INFO - [2025-09-14T10:02:53.994+0545] {dagbag.py:588} INFO - Filling up the DagBag from /home/ashok/miniconda3/envs/mysecondenvironment/lib/python3.8/site-packages/airflow/example_dags/example_time_delta_sensor_async.py
[2025-09-14T10:02:53.997+0545] {processor.py:925} INFO - DAG(s) 'example_time_delta_sensor_async' retrieved from /home/ashok/miniconda3/envs/mysecondenvironment/lib/python3.8/site-packages/airflow/example_dags/example_time_delta_sensor_async.py
[2025-09-14T10:02:54.004+0545] {logging_mixin.py:190} INFO - [2025-09-14T10:02:54.004+0545] {dag.py:3239} INFO - Sync 1 DAGs
[2025-09-14T10:02:54.009+0545] {logging_mixin.py:190} INFO - [2025-09-14T10:02:54.009+0545] {dag.py:4180} INFO - Setting next_dagrun for example_time_delta_sensor_async to None, run_after=None
[2025-09-14T10:02:54.027+0545] {processor.py:208} INFO - Processing /home/ashok/miniconda3/envs/mysecondenvironment/lib/python3.8/site-packages/airflow/example_dags/example_time_delta_sensor_async.py took 0.039 seconds
[2025-09-14T10:03:50.706+0545] {processor.py:186} INFO - Started process (PID=44181) to work on /home/ashok/miniconda3/envs/mysecondenvironment/lib/python3.8/site-packages/airflow/example_dags/example_time_delta_sensor_async.py
[2025-09-14T10:03:50.707+0545] {processor.py:914} INFO - Processing file /home/ashok/miniconda3/envs/mysecondenvironment/lib/python3.8/site-packages/airflow/example_dags/example_time_delta_sensor_async.py for tasks to queue
[2025-09-14T10:03:50.708+0545] {logging_mixin.py:190} INFO - [2025-09-14T10:03:50.708+0545] {dagbag.py:588} INFO - Filling up the DagBag from /home/ashok/miniconda3/envs/mysecondenvironment/lib/python3.8/site-packages/airflow/example_dags/example_time_delta_sensor_async.py
[2025-09-14T10:03:50.711+0545] {processor.py:925} INFO - DAG(s) 'example_time_delta_sensor_async' retrieved from /home/ashok/miniconda3/envs/mysecondenvironment/lib/python3.8/site-packages/airflow/example_dags/example_time_delta_sensor_async.py
[2025-09-14T10:03:50.718+0545] {logging_mixin.py:190} INFO - [2025-09-14T10:03:50.718+0545] {dag.py:3239} INFO - Sync 1 DAGs
[2025-09-14T10:03:50.724+0545] {logging_mixin.py:190} INFO - [2025-09-14T10:03:50.723+0545] {dag.py:4180} INFO - Setting next_dagrun for example_time_delta_sensor_async to None, run_after=None
[2025-09-14T10:03:50.741+0545] {processor.py:208} INFO - Processing /home/ashok/miniconda3/envs/mysecondenvironment/lib/python3.8/site-packages/airflow/example_dags/example_time_delta_sensor_async.py took 0.040 seconds
[2025-09-14T16:50:15.881+0545] {processor.py:186} INFO - Started process (PID=7809) to work on /home/ashok/miniconda3/envs/mysecondenvironment/lib/python3.8/site-packages/airflow/example_dags/example_time_delta_sensor_async.py
[2025-09-14T16:50:15.884+0545] {processor.py:914} INFO - Processing file /home/ashok/miniconda3/envs/mysecondenvironment/lib/python3.8/site-packages/airflow/example_dags/example_time_delta_sensor_async.py for tasks to queue
[2025-09-14T16:50:15.886+0545] {logging_mixin.py:190} INFO - [2025-09-14T16:50:15.886+0545] {dagbag.py:588} INFO - Filling up the DagBag from /home/ashok/miniconda3/envs/mysecondenvironment/lib/python3.8/site-packages/airflow/example_dags/example_time_delta_sensor_async.py
[2025-09-14T16:50:15.891+0545] {processor.py:925} INFO - DAG(s) 'example_time_delta_sensor_async' retrieved from /home/ashok/miniconda3/envs/mysecondenvironment/lib/python3.8/site-packages/airflow/example_dags/example_time_delta_sensor_async.py
[2025-09-14T16:50:15.900+0545] {logging_mixin.py:190} INFO - [2025-09-14T16:50:15.900+0545] {dag.py:3239} INFO - Sync 1 DAGs
[2025-09-14T16:50:15.905+0545] {logging_mixin.py:190} INFO - [2025-09-14T16:50:15.905+0545] {dag.py:4180} INFO - Setting next_dagrun for example_time_delta_sensor_async to None, run_after=None
[2025-09-14T16:50:15.922+0545] {processor.py:208} INFO - Processing /home/ashok/miniconda3/envs/mysecondenvironment/lib/python3.8/site-packages/airflow/example_dags/example_time_delta_sensor_async.py took 0.046 seconds
[2025-09-14T16:52:26.857+0545] {processor.py:186} INFO - Started process (PID=10533) to work on /home/ashok/miniconda3/envs/mysecondenvironment/lib/python3.8/site-packages/airflow/example_dags/example_time_delta_sensor_async.py
[2025-09-14T16:52:26.859+0545] {processor.py:914} INFO - Processing file /home/ashok/miniconda3/envs/mysecondenvironment/lib/python3.8/site-packages/airflow/example_dags/example_time_delta_sensor_async.py for tasks to queue
[2025-09-14T16:52:26.860+0545] {logging_mixin.py:190} INFO - [2025-09-14T16:52:26.860+0545] {dagbag.py:588} INFO - Filling up the DagBag from /home/ashok/miniconda3/envs/mysecondenvironment/lib/python3.8/site-packages/airflow/example_dags/example_time_delta_sensor_async.py
[2025-09-14T16:52:26.864+0545] {processor.py:925} INFO - DAG(s) 'example_time_delta_sensor_async' retrieved from /home/ashok/miniconda3/envs/mysecondenvironment/lib/python3.8/site-packages/airflow/example_dags/example_time_delta_sensor_async.py
[2025-09-14T16:52:26.872+0545] {logging_mixin.py:190} INFO - [2025-09-14T16:52:26.872+0545] {dag.py:3239} INFO - Sync 1 DAGs
[2025-09-14T16:52:26.877+0545] {logging_mixin.py:190} INFO - [2025-09-14T16:52:26.877+0545] {dag.py:4180} INFO - Setting next_dagrun for example_time_delta_sensor_async to None, run_after=None
[2025-09-14T16:52:26.897+0545] {processor.py:208} INFO - Processing /home/ashok/miniconda3/envs/mysecondenvironment/lib/python3.8/site-packages/airflow/example_dags/example_time_delta_sensor_async.py took 0.043 seconds
