[2025-09-14T09:23:50.595+0545] {processor.py:186} INFO - Started process (PID=23328) to work on /home/ashok/miniconda3/envs/mysecondenvironment/lib/python3.8/site-packages/airflow/example_dags/example_nested_branch_dag.py
[2025-09-14T09:23:50.596+0545] {processor.py:914} INFO - Processing file /home/ashok/miniconda3/envs/mysecondenvironment/lib/python3.8/site-packages/airflow/example_dags/example_nested_branch_dag.py for tasks to queue
[2025-09-14T09:23:50.597+0545] {logging_mixin.py:190} INFO - [2025-09-14T09:23:50.597+0545] {dagbag.py:588} INFO - Filling up the DagBag from /home/ashok/miniconda3/envs/mysecondenvironment/lib/python3.8/site-packages/airflow/example_dags/example_nested_branch_dag.py
[2025-09-14T09:23:50.605+0545] {processor.py:925} INFO - DAG(s) 'example_nested_branch_dag' retrieved from /home/ashok/miniconda3/envs/mysecondenvironment/lib/python3.8/site-packages/airflow/example_dags/example_nested_branch_dag.py
[2025-09-14T09:23:50.620+0545] {logging_mixin.py:190} INFO - [2025-09-14T09:23:50.620+0545] {dag.py:3239} INFO - Sync 1 DAGs
[2025-09-14T09:23:50.634+0545] {logging_mixin.py:190} INFO - [2025-09-14T09:23:50.633+0545] {dag.py:4180} INFO - Setting next_dagrun for example_nested_branch_dag to 2025-09-13 00:00:00+00:00, run_after=2025-09-14 00:00:00+00:00
[2025-09-14T09:23:50.653+0545] {processor.py:208} INFO - Processing /home/ashok/miniconda3/envs/mysecondenvironment/lib/python3.8/site-packages/airflow/example_dags/example_nested_branch_dag.py took 0.063 seconds
[2025-09-14T09:24:49.831+0545] {processor.py:186} INFO - Started process (PID=23923) to work on /home/ashok/miniconda3/envs/mysecondenvironment/lib/python3.8/site-packages/airflow/example_dags/example_nested_branch_dag.py
[2025-09-14T09:24:49.833+0545] {processor.py:914} INFO - Processing file /home/ashok/miniconda3/envs/mysecondenvironment/lib/python3.8/site-packages/airflow/example_dags/example_nested_branch_dag.py for tasks to queue
[2025-09-14T09:24:49.835+0545] {logging_mixin.py:190} INFO - [2025-09-14T09:24:49.834+0545] {dagbag.py:588} INFO - Filling up the DagBag from /home/ashok/miniconda3/envs/mysecondenvironment/lib/python3.8/site-packages/airflow/example_dags/example_nested_branch_dag.py
[2025-09-14T09:24:49.842+0545] {processor.py:925} INFO - DAG(s) 'example_nested_branch_dag' retrieved from /home/ashok/miniconda3/envs/mysecondenvironment/lib/python3.8/site-packages/airflow/example_dags/example_nested_branch_dag.py
[2025-09-14T09:24:49.852+0545] {logging_mixin.py:190} INFO - [2025-09-14T09:24:49.852+0545] {dag.py:3239} INFO - Sync 1 DAGs
[2025-09-14T09:24:49.862+0545] {logging_mixin.py:190} INFO - [2025-09-14T09:24:49.862+0545] {dag.py:4180} INFO - Setting next_dagrun for example_nested_branch_dag to 2025-09-13 00:00:00+00:00, run_after=2025-09-14 00:00:00+00:00
[2025-09-14T09:24:49.881+0545] {processor.py:208} INFO - Processing /home/ashok/miniconda3/envs/mysecondenvironment/lib/python3.8/site-packages/airflow/example_dags/example_nested_branch_dag.py took 0.053 seconds
[2025-09-14T09:26:25.030+0545] {processor.py:186} INFO - Started process (PID=25061) to work on /home/ashok/miniconda3/envs/mysecondenvironment/lib/python3.8/site-packages/airflow/example_dags/example_nested_branch_dag.py
[2025-09-14T09:26:25.032+0545] {processor.py:914} INFO - Processing file /home/ashok/miniconda3/envs/mysecondenvironment/lib/python3.8/site-packages/airflow/example_dags/example_nested_branch_dag.py for tasks to queue
[2025-09-14T09:26:25.033+0545] {logging_mixin.py:190} INFO - [2025-09-14T09:26:25.033+0545] {dagbag.py:588} INFO - Filling up the DagBag from /home/ashok/miniconda3/envs/mysecondenvironment/lib/python3.8/site-packages/airflow/example_dags/example_nested_branch_dag.py
[2025-09-14T09:26:25.040+0545] {processor.py:925} INFO - DAG(s) 'example_nested_branch_dag' retrieved from /home/ashok/miniconda3/envs/mysecondenvironment/lib/python3.8/site-packages/airflow/example_dags/example_nested_branch_dag.py
[2025-09-14T09:26:25.050+0545] {logging_mixin.py:190} INFO - [2025-09-14T09:26:25.049+0545] {dag.py:3239} INFO - Sync 1 DAGs
[2025-09-14T09:26:25.060+0545] {logging_mixin.py:190} INFO - [2025-09-14T09:26:25.060+0545] {dag.py:4180} INFO - Setting next_dagrun for example_nested_branch_dag to 2025-09-13 00:00:00+00:00, run_after=2025-09-14 00:00:00+00:00
[2025-09-14T09:26:25.079+0545] {processor.py:208} INFO - Processing /home/ashok/miniconda3/envs/mysecondenvironment/lib/python3.8/site-packages/airflow/example_dags/example_nested_branch_dag.py took 0.054 seconds
[2025-09-14T09:33:50.279+0545] {processor.py:186} INFO - Started process (PID=29478) to work on /home/ashok/miniconda3/envs/mysecondenvironment/lib/python3.8/site-packages/airflow/example_dags/example_nested_branch_dag.py
[2025-09-14T09:33:50.281+0545] {processor.py:914} INFO - Processing file /home/ashok/miniconda3/envs/mysecondenvironment/lib/python3.8/site-packages/airflow/example_dags/example_nested_branch_dag.py for tasks to queue
[2025-09-14T09:33:50.282+0545] {logging_mixin.py:190} INFO - [2025-09-14T09:33:50.282+0545] {dagbag.py:588} INFO - Filling up the DagBag from /home/ashok/miniconda3/envs/mysecondenvironment/lib/python3.8/site-packages/airflow/example_dags/example_nested_branch_dag.py
[2025-09-14T09:33:50.287+0545] {processor.py:925} INFO - DAG(s) 'example_nested_branch_dag' retrieved from /home/ashok/miniconda3/envs/mysecondenvironment/lib/python3.8/site-packages/airflow/example_dags/example_nested_branch_dag.py
[2025-09-14T09:33:50.297+0545] {logging_mixin.py:190} INFO - [2025-09-14T09:33:50.297+0545] {dag.py:3239} INFO - Sync 1 DAGs
[2025-09-14T09:33:50.305+0545] {logging_mixin.py:190} INFO - [2025-09-14T09:33:50.305+0545] {dag.py:4180} INFO - Setting next_dagrun for example_nested_branch_dag to 2025-09-13 00:00:00+00:00, run_after=2025-09-14 00:00:00+00:00
[2025-09-14T09:33:50.324+0545] {processor.py:208} INFO - Processing /home/ashok/miniconda3/envs/mysecondenvironment/lib/python3.8/site-packages/airflow/example_dags/example_nested_branch_dag.py took 0.048 seconds
[2025-09-14T09:34:46.464+0545] {processor.py:186} INFO - Started process (PID=29923) to work on /home/ashok/miniconda3/envs/mysecondenvironment/lib/python3.8/site-packages/airflow/example_dags/example_nested_branch_dag.py
[2025-09-14T09:34:46.466+0545] {processor.py:914} INFO - Processing file /home/ashok/miniconda3/envs/mysecondenvironment/lib/python3.8/site-packages/airflow/example_dags/example_nested_branch_dag.py for tasks to queue
[2025-09-14T09:34:46.467+0545] {logging_mixin.py:190} INFO - [2025-09-14T09:34:46.467+0545] {dagbag.py:588} INFO - Filling up the DagBag from /home/ashok/miniconda3/envs/mysecondenvironment/lib/python3.8/site-packages/airflow/example_dags/example_nested_branch_dag.py
[2025-09-14T09:34:46.472+0545] {processor.py:925} INFO - DAG(s) 'example_nested_branch_dag' retrieved from /home/ashok/miniconda3/envs/mysecondenvironment/lib/python3.8/site-packages/airflow/example_dags/example_nested_branch_dag.py
[2025-09-14T09:34:46.480+0545] {logging_mixin.py:190} INFO - [2025-09-14T09:34:46.480+0545] {dag.py:3239} INFO - Sync 1 DAGs
[2025-09-14T09:34:46.488+0545] {logging_mixin.py:190} INFO - [2025-09-14T09:34:46.488+0545] {dag.py:4180} INFO - Setting next_dagrun for example_nested_branch_dag to 2025-09-13 00:00:00+00:00, run_after=2025-09-14 00:00:00+00:00
[2025-09-14T09:34:46.506+0545] {processor.py:208} INFO - Processing /home/ashok/miniconda3/envs/mysecondenvironment/lib/python3.8/site-packages/airflow/example_dags/example_nested_branch_dag.py took 0.045 seconds
[2025-09-14T09:35:42.651+0545] {processor.py:186} INFO - Started process (PID=30389) to work on /home/ashok/miniconda3/envs/mysecondenvironment/lib/python3.8/site-packages/airflow/example_dags/example_nested_branch_dag.py
[2025-09-14T09:35:42.653+0545] {processor.py:914} INFO - Processing file /home/ashok/miniconda3/envs/mysecondenvironment/lib/python3.8/site-packages/airflow/example_dags/example_nested_branch_dag.py for tasks to queue
[2025-09-14T09:35:42.654+0545] {logging_mixin.py:190} INFO - [2025-09-14T09:35:42.653+0545] {dagbag.py:588} INFO - Filling up the DagBag from /home/ashok/miniconda3/envs/mysecondenvironment/lib/python3.8/site-packages/airflow/example_dags/example_nested_branch_dag.py
[2025-09-14T09:35:42.658+0545] {processor.py:925} INFO - DAG(s) 'example_nested_branch_dag' retrieved from /home/ashok/miniconda3/envs/mysecondenvironment/lib/python3.8/site-packages/airflow/example_dags/example_nested_branch_dag.py
[2025-09-14T09:35:42.666+0545] {logging_mixin.py:190} INFO - [2025-09-14T09:35:42.666+0545] {dag.py:3239} INFO - Sync 1 DAGs
[2025-09-14T09:35:42.675+0545] {logging_mixin.py:190} INFO - [2025-09-14T09:35:42.674+0545] {dag.py:4180} INFO - Setting next_dagrun for example_nested_branch_dag to 2025-09-13 00:00:00+00:00, run_after=2025-09-14 00:00:00+00:00
[2025-09-14T09:35:42.692+0545] {processor.py:208} INFO - Processing /home/ashok/miniconda3/envs/mysecondenvironment/lib/python3.8/site-packages/airflow/example_dags/example_nested_branch_dag.py took 0.044 seconds
[2025-09-14T09:36:36.625+0545] {processor.py:186} INFO - Started process (PID=30752) to work on /home/ashok/miniconda3/envs/mysecondenvironment/lib/python3.8/site-packages/airflow/example_dags/example_nested_branch_dag.py
[2025-09-14T09:36:36.627+0545] {processor.py:914} INFO - Processing file /home/ashok/miniconda3/envs/mysecondenvironment/lib/python3.8/site-packages/airflow/example_dags/example_nested_branch_dag.py for tasks to queue
[2025-09-14T09:36:36.628+0545] {logging_mixin.py:190} INFO - [2025-09-14T09:36:36.628+0545] {dagbag.py:588} INFO - Filling up the DagBag from /home/ashok/miniconda3/envs/mysecondenvironment/lib/python3.8/site-packages/airflow/example_dags/example_nested_branch_dag.py
[2025-09-14T09:36:36.632+0545] {processor.py:925} INFO - DAG(s) 'example_nested_branch_dag' retrieved from /home/ashok/miniconda3/envs/mysecondenvironment/lib/python3.8/site-packages/airflow/example_dags/example_nested_branch_dag.py
[2025-09-14T09:36:36.641+0545] {logging_mixin.py:190} INFO - [2025-09-14T09:36:36.640+0545] {dag.py:3239} INFO - Sync 1 DAGs
[2025-09-14T09:36:36.648+0545] {logging_mixin.py:190} INFO - [2025-09-14T09:36:36.648+0545] {dag.py:4180} INFO - Setting next_dagrun for example_nested_branch_dag to 2025-09-13 00:00:00+00:00, run_after=2025-09-14 00:00:00+00:00
[2025-09-14T09:36:36.667+0545] {processor.py:208} INFO - Processing /home/ashok/miniconda3/envs/mysecondenvironment/lib/python3.8/site-packages/airflow/example_dags/example_nested_branch_dag.py took 0.045 seconds
[2025-09-14T09:37:29.589+0545] {processor.py:186} INFO - Started process (PID=31378) to work on /home/ashok/miniconda3/envs/mysecondenvironment/lib/python3.8/site-packages/airflow/example_dags/example_nested_branch_dag.py
[2025-09-14T09:37:29.591+0545] {processor.py:914} INFO - Processing file /home/ashok/miniconda3/envs/mysecondenvironment/lib/python3.8/site-packages/airflow/example_dags/example_nested_branch_dag.py for tasks to queue
[2025-09-14T09:37:29.591+0545] {logging_mixin.py:190} INFO - [2025-09-14T09:37:29.591+0545] {dagbag.py:588} INFO - Filling up the DagBag from /home/ashok/miniconda3/envs/mysecondenvironment/lib/python3.8/site-packages/airflow/example_dags/example_nested_branch_dag.py
[2025-09-14T09:37:29.597+0545] {processor.py:925} INFO - DAG(s) 'example_nested_branch_dag' retrieved from /home/ashok/miniconda3/envs/mysecondenvironment/lib/python3.8/site-packages/airflow/example_dags/example_nested_branch_dag.py
[2025-09-14T09:37:29.606+0545] {logging_mixin.py:190} INFO - [2025-09-14T09:37:29.606+0545] {dag.py:3239} INFO - Sync 1 DAGs
[2025-09-14T09:37:29.615+0545] {logging_mixin.py:190} INFO - [2025-09-14T09:37:29.615+0545] {dag.py:4180} INFO - Setting next_dagrun for example_nested_branch_dag to 2025-09-13 00:00:00+00:00, run_after=2025-09-14 00:00:00+00:00
[2025-09-14T09:37:29.632+0545] {processor.py:208} INFO - Processing /home/ashok/miniconda3/envs/mysecondenvironment/lib/python3.8/site-packages/airflow/example_dags/example_nested_branch_dag.py took 0.047 seconds
[2025-09-14T09:38:24.908+0545] {processor.py:186} INFO - Started process (PID=31951) to work on /home/ashok/miniconda3/envs/mysecondenvironment/lib/python3.8/site-packages/airflow/example_dags/example_nested_branch_dag.py
[2025-09-14T09:38:24.909+0545] {processor.py:914} INFO - Processing file /home/ashok/miniconda3/envs/mysecondenvironment/lib/python3.8/site-packages/airflow/example_dags/example_nested_branch_dag.py for tasks to queue
[2025-09-14T09:38:24.911+0545] {logging_mixin.py:190} INFO - [2025-09-14T09:38:24.910+0545] {dagbag.py:588} INFO - Filling up the DagBag from /home/ashok/miniconda3/envs/mysecondenvironment/lib/python3.8/site-packages/airflow/example_dags/example_nested_branch_dag.py
[2025-09-14T09:38:24.917+0545] {processor.py:925} INFO - DAG(s) 'example_nested_branch_dag' retrieved from /home/ashok/miniconda3/envs/mysecondenvironment/lib/python3.8/site-packages/airflow/example_dags/example_nested_branch_dag.py
[2025-09-14T09:38:24.927+0545] {logging_mixin.py:190} INFO - [2025-09-14T09:38:24.927+0545] {dag.py:3239} INFO - Sync 1 DAGs
[2025-09-14T09:38:24.936+0545] {logging_mixin.py:190} INFO - [2025-09-14T09:38:24.936+0545] {dag.py:4180} INFO - Setting next_dagrun for example_nested_branch_dag to 2025-09-13 00:00:00+00:00, run_after=2025-09-14 00:00:00+00:00
[2025-09-14T09:38:24.951+0545] {processor.py:208} INFO - Processing /home/ashok/miniconda3/envs/mysecondenvironment/lib/python3.8/site-packages/airflow/example_dags/example_nested_branch_dag.py took 0.047 seconds
[2025-09-14T09:39:22.558+0545] {processor.py:186} INFO - Started process (PID=32452) to work on /home/ashok/miniconda3/envs/mysecondenvironment/lib/python3.8/site-packages/airflow/example_dags/example_nested_branch_dag.py
[2025-09-14T09:39:22.559+0545] {processor.py:914} INFO - Processing file /home/ashok/miniconda3/envs/mysecondenvironment/lib/python3.8/site-packages/airflow/example_dags/example_nested_branch_dag.py for tasks to queue
[2025-09-14T09:39:22.560+0545] {logging_mixin.py:190} INFO - [2025-09-14T09:39:22.560+0545] {dagbag.py:588} INFO - Filling up the DagBag from /home/ashok/miniconda3/envs/mysecondenvironment/lib/python3.8/site-packages/airflow/example_dags/example_nested_branch_dag.py
[2025-09-14T09:39:22.567+0545] {processor.py:925} INFO - DAG(s) 'example_nested_branch_dag' retrieved from /home/ashok/miniconda3/envs/mysecondenvironment/lib/python3.8/site-packages/airflow/example_dags/example_nested_branch_dag.py
[2025-09-14T09:39:22.575+0545] {logging_mixin.py:190} INFO - [2025-09-14T09:39:22.575+0545] {dag.py:3239} INFO - Sync 1 DAGs
[2025-09-14T09:39:22.585+0545] {logging_mixin.py:190} INFO - [2025-09-14T09:39:22.585+0545] {dag.py:4180} INFO - Setting next_dagrun for example_nested_branch_dag to 2025-09-13 00:00:00+00:00, run_after=2025-09-14 00:00:00+00:00
[2025-09-14T09:39:22.600+0545] {processor.py:208} INFO - Processing /home/ashok/miniconda3/envs/mysecondenvironment/lib/python3.8/site-packages/airflow/example_dags/example_nested_branch_dag.py took 0.047 seconds
[2025-09-14T09:40:18.532+0545] {processor.py:186} INFO - Started process (PID=32822) to work on /home/ashok/miniconda3/envs/mysecondenvironment/lib/python3.8/site-packages/airflow/example_dags/example_nested_branch_dag.py
[2025-09-14T09:40:18.534+0545] {processor.py:914} INFO - Processing file /home/ashok/miniconda3/envs/mysecondenvironment/lib/python3.8/site-packages/airflow/example_dags/example_nested_branch_dag.py for tasks to queue
[2025-09-14T09:40:18.535+0545] {logging_mixin.py:190} INFO - [2025-09-14T09:40:18.535+0545] {dagbag.py:588} INFO - Filling up the DagBag from /home/ashok/miniconda3/envs/mysecondenvironment/lib/python3.8/site-packages/airflow/example_dags/example_nested_branch_dag.py
[2025-09-14T09:40:18.540+0545] {processor.py:925} INFO - DAG(s) 'example_nested_branch_dag' retrieved from /home/ashok/miniconda3/envs/mysecondenvironment/lib/python3.8/site-packages/airflow/example_dags/example_nested_branch_dag.py
[2025-09-14T09:40:18.548+0545] {logging_mixin.py:190} INFO - [2025-09-14T09:40:18.548+0545] {dag.py:3239} INFO - Sync 1 DAGs
[2025-09-14T09:40:18.556+0545] {logging_mixin.py:190} INFO - [2025-09-14T09:40:18.556+0545] {dag.py:4180} INFO - Setting next_dagrun for example_nested_branch_dag to 2025-09-13 00:00:00+00:00, run_after=2025-09-14 00:00:00+00:00
[2025-09-14T09:40:18.573+0545] {processor.py:208} INFO - Processing /home/ashok/miniconda3/envs/mysecondenvironment/lib/python3.8/site-packages/airflow/example_dags/example_nested_branch_dag.py took 0.045 seconds
[2025-09-14T09:41:13.585+0545] {processor.py:186} INFO - Started process (PID=33234) to work on /home/ashok/miniconda3/envs/mysecondenvironment/lib/python3.8/site-packages/airflow/example_dags/example_nested_branch_dag.py
[2025-09-14T09:41:13.587+0545] {processor.py:914} INFO - Processing file /home/ashok/miniconda3/envs/mysecondenvironment/lib/python3.8/site-packages/airflow/example_dags/example_nested_branch_dag.py for tasks to queue
[2025-09-14T09:41:13.587+0545] {logging_mixin.py:190} INFO - [2025-09-14T09:41:13.587+0545] {dagbag.py:588} INFO - Filling up the DagBag from /home/ashok/miniconda3/envs/mysecondenvironment/lib/python3.8/site-packages/airflow/example_dags/example_nested_branch_dag.py
[2025-09-14T09:41:13.594+0545] {processor.py:925} INFO - DAG(s) 'example_nested_branch_dag' retrieved from /home/ashok/miniconda3/envs/mysecondenvironment/lib/python3.8/site-packages/airflow/example_dags/example_nested_branch_dag.py
[2025-09-14T09:41:13.603+0545] {logging_mixin.py:190} INFO - [2025-09-14T09:41:13.603+0545] {dag.py:3239} INFO - Sync 1 DAGs
[2025-09-14T09:41:13.612+0545] {logging_mixin.py:190} INFO - [2025-09-14T09:41:13.612+0545] {dag.py:4180} INFO - Setting next_dagrun for example_nested_branch_dag to 2025-09-13 00:00:00+00:00, run_after=2025-09-14 00:00:00+00:00
[2025-09-14T09:41:13.628+0545] {processor.py:208} INFO - Processing /home/ashok/miniconda3/envs/mysecondenvironment/lib/python3.8/site-packages/airflow/example_dags/example_nested_branch_dag.py took 0.047 seconds
[2025-09-14T09:42:09.995+0545] {processor.py:186} INFO - Started process (PID=33658) to work on /home/ashok/miniconda3/envs/mysecondenvironment/lib/python3.8/site-packages/airflow/example_dags/example_nested_branch_dag.py
[2025-09-14T09:42:09.997+0545] {processor.py:914} INFO - Processing file /home/ashok/miniconda3/envs/mysecondenvironment/lib/python3.8/site-packages/airflow/example_dags/example_nested_branch_dag.py for tasks to queue
[2025-09-14T09:42:09.998+0545] {logging_mixin.py:190} INFO - [2025-09-14T09:42:09.998+0545] {dagbag.py:588} INFO - Filling up the DagBag from /home/ashok/miniconda3/envs/mysecondenvironment/lib/python3.8/site-packages/airflow/example_dags/example_nested_branch_dag.py
[2025-09-14T09:42:10.002+0545] {processor.py:925} INFO - DAG(s) 'example_nested_branch_dag' retrieved from /home/ashok/miniconda3/envs/mysecondenvironment/lib/python3.8/site-packages/airflow/example_dags/example_nested_branch_dag.py
[2025-09-14T09:42:10.011+0545] {logging_mixin.py:190} INFO - [2025-09-14T09:42:10.010+0545] {dag.py:3239} INFO - Sync 1 DAGs
[2025-09-14T09:42:10.018+0545] {logging_mixin.py:190} INFO - [2025-09-14T09:42:10.018+0545] {dag.py:4180} INFO - Setting next_dagrun for example_nested_branch_dag to 2025-09-13 00:00:00+00:00, run_after=2025-09-14 00:00:00+00:00
[2025-09-14T09:42:10.039+0545] {processor.py:208} INFO - Processing /home/ashok/miniconda3/envs/mysecondenvironment/lib/python3.8/site-packages/airflow/example_dags/example_nested_branch_dag.py took 0.048 seconds
[2025-09-14T09:43:05.879+0545] {processor.py:186} INFO - Started process (PID=34147) to work on /home/ashok/miniconda3/envs/mysecondenvironment/lib/python3.8/site-packages/airflow/example_dags/example_nested_branch_dag.py
[2025-09-14T09:43:05.880+0545] {processor.py:914} INFO - Processing file /home/ashok/miniconda3/envs/mysecondenvironment/lib/python3.8/site-packages/airflow/example_dags/example_nested_branch_dag.py for tasks to queue
[2025-09-14T09:43:05.881+0545] {logging_mixin.py:190} INFO - [2025-09-14T09:43:05.881+0545] {dagbag.py:588} INFO - Filling up the DagBag from /home/ashok/miniconda3/envs/mysecondenvironment/lib/python3.8/site-packages/airflow/example_dags/example_nested_branch_dag.py
[2025-09-14T09:43:05.887+0545] {processor.py:925} INFO - DAG(s) 'example_nested_branch_dag' retrieved from /home/ashok/miniconda3/envs/mysecondenvironment/lib/python3.8/site-packages/airflow/example_dags/example_nested_branch_dag.py
[2025-09-14T09:43:05.895+0545] {logging_mixin.py:190} INFO - [2025-09-14T09:43:05.895+0545] {dag.py:3239} INFO - Sync 1 DAGs
[2025-09-14T09:43:05.904+0545] {logging_mixin.py:190} INFO - [2025-09-14T09:43:05.903+0545] {dag.py:4180} INFO - Setting next_dagrun for example_nested_branch_dag to 2025-09-13 00:00:00+00:00, run_after=2025-09-14 00:00:00+00:00
[2025-09-14T09:43:05.922+0545] {processor.py:208} INFO - Processing /home/ashok/miniconda3/envs/mysecondenvironment/lib/python3.8/site-packages/airflow/example_dags/example_nested_branch_dag.py took 0.048 seconds
[2025-09-14T09:44:02.474+0545] {processor.py:186} INFO - Started process (PID=34540) to work on /home/ashok/miniconda3/envs/mysecondenvironment/lib/python3.8/site-packages/airflow/example_dags/example_nested_branch_dag.py
[2025-09-14T09:44:02.475+0545] {processor.py:914} INFO - Processing file /home/ashok/miniconda3/envs/mysecondenvironment/lib/python3.8/site-packages/airflow/example_dags/example_nested_branch_dag.py for tasks to queue
[2025-09-14T09:44:02.476+0545] {logging_mixin.py:190} INFO - [2025-09-14T09:44:02.475+0545] {dagbag.py:588} INFO - Filling up the DagBag from /home/ashok/miniconda3/envs/mysecondenvironment/lib/python3.8/site-packages/airflow/example_dags/example_nested_branch_dag.py
[2025-09-14T09:44:02.483+0545] {processor.py:925} INFO - DAG(s) 'example_nested_branch_dag' retrieved from /home/ashok/miniconda3/envs/mysecondenvironment/lib/python3.8/site-packages/airflow/example_dags/example_nested_branch_dag.py
[2025-09-14T09:44:02.494+0545] {logging_mixin.py:190} INFO - [2025-09-14T09:44:02.494+0545] {dag.py:3239} INFO - Sync 1 DAGs
[2025-09-14T09:44:02.504+0545] {logging_mixin.py:190} INFO - [2025-09-14T09:44:02.504+0545] {dag.py:4180} INFO - Setting next_dagrun for example_nested_branch_dag to 2025-09-13 00:00:00+00:00, run_after=2025-09-14 00:00:00+00:00
[2025-09-14T09:44:02.518+0545] {processor.py:208} INFO - Processing /home/ashok/miniconda3/envs/mysecondenvironment/lib/python3.8/site-packages/airflow/example_dags/example_nested_branch_dag.py took 0.050 seconds
[2025-09-14T09:45:01.018+0545] {processor.py:186} INFO - Started process (PID=34936) to work on /home/ashok/miniconda3/envs/mysecondenvironment/lib/python3.8/site-packages/airflow/example_dags/example_nested_branch_dag.py
[2025-09-14T09:45:01.020+0545] {processor.py:914} INFO - Processing file /home/ashok/miniconda3/envs/mysecondenvironment/lib/python3.8/site-packages/airflow/example_dags/example_nested_branch_dag.py for tasks to queue
[2025-09-14T09:45:01.021+0545] {logging_mixin.py:190} INFO - [2025-09-14T09:45:01.021+0545] {dagbag.py:588} INFO - Filling up the DagBag from /home/ashok/miniconda3/envs/mysecondenvironment/lib/python3.8/site-packages/airflow/example_dags/example_nested_branch_dag.py
[2025-09-14T09:45:01.025+0545] {processor.py:925} INFO - DAG(s) 'example_nested_branch_dag' retrieved from /home/ashok/miniconda3/envs/mysecondenvironment/lib/python3.8/site-packages/airflow/example_dags/example_nested_branch_dag.py
[2025-09-14T09:45:01.034+0545] {logging_mixin.py:190} INFO - [2025-09-14T09:45:01.033+0545] {dag.py:3239} INFO - Sync 1 DAGs
[2025-09-14T09:45:01.041+0545] {logging_mixin.py:190} INFO - [2025-09-14T09:45:01.041+0545] {dag.py:4180} INFO - Setting next_dagrun for example_nested_branch_dag to 2025-09-13 00:00:00+00:00, run_after=2025-09-14 00:00:00+00:00
[2025-09-14T09:45:01.060+0545] {processor.py:208} INFO - Processing /home/ashok/miniconda3/envs/mysecondenvironment/lib/python3.8/site-packages/airflow/example_dags/example_nested_branch_dag.py took 0.046 seconds
[2025-09-14T09:45:52.033+0545] {processor.py:186} INFO - Started process (PID=35320) to work on /home/ashok/miniconda3/envs/mysecondenvironment/lib/python3.8/site-packages/airflow/example_dags/example_nested_branch_dag.py
[2025-09-14T09:45:52.034+0545] {processor.py:914} INFO - Processing file /home/ashok/miniconda3/envs/mysecondenvironment/lib/python3.8/site-packages/airflow/example_dags/example_nested_branch_dag.py for tasks to queue
[2025-09-14T09:45:52.035+0545] {logging_mixin.py:190} INFO - [2025-09-14T09:45:52.034+0545] {dagbag.py:588} INFO - Filling up the DagBag from /home/ashok/miniconda3/envs/mysecondenvironment/lib/python3.8/site-packages/airflow/example_dags/example_nested_branch_dag.py
[2025-09-14T09:45:52.039+0545] {processor.py:925} INFO - DAG(s) 'example_nested_branch_dag' retrieved from /home/ashok/miniconda3/envs/mysecondenvironment/lib/python3.8/site-packages/airflow/example_dags/example_nested_branch_dag.py
[2025-09-14T09:45:52.047+0545] {logging_mixin.py:190} INFO - [2025-09-14T09:45:52.047+0545] {dag.py:3239} INFO - Sync 1 DAGs
[2025-09-14T09:45:52.056+0545] {logging_mixin.py:190} INFO - [2025-09-14T09:45:52.055+0545] {dag.py:4180} INFO - Setting next_dagrun for example_nested_branch_dag to 2025-09-13 00:00:00+00:00, run_after=2025-09-14 00:00:00+00:00
[2025-09-14T09:45:52.070+0545] {processor.py:208} INFO - Processing /home/ashok/miniconda3/envs/mysecondenvironment/lib/python3.8/site-packages/airflow/example_dags/example_nested_branch_dag.py took 0.040 seconds
[2025-09-14T09:46:45.833+0545] {processor.py:186} INFO - Started process (PID=35721) to work on /home/ashok/miniconda3/envs/mysecondenvironment/lib/python3.8/site-packages/airflow/example_dags/example_nested_branch_dag.py
[2025-09-14T09:46:45.835+0545] {processor.py:914} INFO - Processing file /home/ashok/miniconda3/envs/mysecondenvironment/lib/python3.8/site-packages/airflow/example_dags/example_nested_branch_dag.py for tasks to queue
[2025-09-14T09:46:45.836+0545] {logging_mixin.py:190} INFO - [2025-09-14T09:46:45.836+0545] {dagbag.py:588} INFO - Filling up the DagBag from /home/ashok/miniconda3/envs/mysecondenvironment/lib/python3.8/site-packages/airflow/example_dags/example_nested_branch_dag.py
[2025-09-14T09:46:45.841+0545] {processor.py:925} INFO - DAG(s) 'example_nested_branch_dag' retrieved from /home/ashok/miniconda3/envs/mysecondenvironment/lib/python3.8/site-packages/airflow/example_dags/example_nested_branch_dag.py
[2025-09-14T09:46:45.850+0545] {logging_mixin.py:190} INFO - [2025-09-14T09:46:45.850+0545] {dag.py:3239} INFO - Sync 1 DAGs
[2025-09-14T09:46:45.858+0545] {logging_mixin.py:190} INFO - [2025-09-14T09:46:45.858+0545] {dag.py:4180} INFO - Setting next_dagrun for example_nested_branch_dag to 2025-09-13 00:00:00+00:00, run_after=2025-09-14 00:00:00+00:00
[2025-09-14T09:46:45.876+0545] {processor.py:208} INFO - Processing /home/ashok/miniconda3/envs/mysecondenvironment/lib/python3.8/site-packages/airflow/example_dags/example_nested_branch_dag.py took 0.047 seconds
[2025-09-14T09:47:39.837+0545] {processor.py:186} INFO - Started process (PID=36073) to work on /home/ashok/miniconda3/envs/mysecondenvironment/lib/python3.8/site-packages/airflow/example_dags/example_nested_branch_dag.py
[2025-09-14T09:47:39.839+0545] {processor.py:914} INFO - Processing file /home/ashok/miniconda3/envs/mysecondenvironment/lib/python3.8/site-packages/airflow/example_dags/example_nested_branch_dag.py for tasks to queue
[2025-09-14T09:47:39.839+0545] {logging_mixin.py:190} INFO - [2025-09-14T09:47:39.839+0545] {dagbag.py:588} INFO - Filling up the DagBag from /home/ashok/miniconda3/envs/mysecondenvironment/lib/python3.8/site-packages/airflow/example_dags/example_nested_branch_dag.py
[2025-09-14T09:47:39.845+0545] {processor.py:925} INFO - DAG(s) 'example_nested_branch_dag' retrieved from /home/ashok/miniconda3/envs/mysecondenvironment/lib/python3.8/site-packages/airflow/example_dags/example_nested_branch_dag.py
[2025-09-14T09:47:39.854+0545] {logging_mixin.py:190} INFO - [2025-09-14T09:47:39.853+0545] {dag.py:3239} INFO - Sync 1 DAGs
[2025-09-14T09:47:39.862+0545] {logging_mixin.py:190} INFO - [2025-09-14T09:47:39.862+0545] {dag.py:4180} INFO - Setting next_dagrun for example_nested_branch_dag to 2025-09-13 00:00:00+00:00, run_after=2025-09-14 00:00:00+00:00
[2025-09-14T09:47:39.877+0545] {processor.py:208} INFO - Processing /home/ashok/miniconda3/envs/mysecondenvironment/lib/python3.8/site-packages/airflow/example_dags/example_nested_branch_dag.py took 0.043 seconds
[2025-09-14T09:48:34.032+0545] {processor.py:186} INFO - Started process (PID=36476) to work on /home/ashok/miniconda3/envs/mysecondenvironment/lib/python3.8/site-packages/airflow/example_dags/example_nested_branch_dag.py
[2025-09-14T09:48:34.033+0545] {processor.py:914} INFO - Processing file /home/ashok/miniconda3/envs/mysecondenvironment/lib/python3.8/site-packages/airflow/example_dags/example_nested_branch_dag.py for tasks to queue
[2025-09-14T09:48:34.034+0545] {logging_mixin.py:190} INFO - [2025-09-14T09:48:34.034+0545] {dagbag.py:588} INFO - Filling up the DagBag from /home/ashok/miniconda3/envs/mysecondenvironment/lib/python3.8/site-packages/airflow/example_dags/example_nested_branch_dag.py
[2025-09-14T09:48:34.040+0545] {processor.py:925} INFO - DAG(s) 'example_nested_branch_dag' retrieved from /home/ashok/miniconda3/envs/mysecondenvironment/lib/python3.8/site-packages/airflow/example_dags/example_nested_branch_dag.py
[2025-09-14T09:48:34.049+0545] {logging_mixin.py:190} INFO - [2025-09-14T09:48:34.049+0545] {dag.py:3239} INFO - Sync 1 DAGs
[2025-09-14T09:48:34.058+0545] {logging_mixin.py:190} INFO - [2025-09-14T09:48:34.058+0545] {dag.py:4180} INFO - Setting next_dagrun for example_nested_branch_dag to 2025-09-13 00:00:00+00:00, run_after=2025-09-14 00:00:00+00:00
[2025-09-14T09:48:34.072+0545] {processor.py:208} INFO - Processing /home/ashok/miniconda3/envs/mysecondenvironment/lib/python3.8/site-packages/airflow/example_dags/example_nested_branch_dag.py took 0.044 seconds
[2025-09-14T09:49:28.441+0545] {processor.py:186} INFO - Started process (PID=36831) to work on /home/ashok/miniconda3/envs/mysecondenvironment/lib/python3.8/site-packages/airflow/example_dags/example_nested_branch_dag.py
[2025-09-14T09:49:28.444+0545] {processor.py:914} INFO - Processing file /home/ashok/miniconda3/envs/mysecondenvironment/lib/python3.8/site-packages/airflow/example_dags/example_nested_branch_dag.py for tasks to queue
[2025-09-14T09:49:28.445+0545] {logging_mixin.py:190} INFO - [2025-09-14T09:49:28.444+0545] {dagbag.py:588} INFO - Filling up the DagBag from /home/ashok/miniconda3/envs/mysecondenvironment/lib/python3.8/site-packages/airflow/example_dags/example_nested_branch_dag.py
[2025-09-14T09:49:28.449+0545] {processor.py:925} INFO - DAG(s) 'example_nested_branch_dag' retrieved from /home/ashok/miniconda3/envs/mysecondenvironment/lib/python3.8/site-packages/airflow/example_dags/example_nested_branch_dag.py
[2025-09-14T09:49:28.457+0545] {logging_mixin.py:190} INFO - [2025-09-14T09:49:28.457+0545] {dag.py:3239} INFO - Sync 1 DAGs
[2025-09-14T09:49:28.466+0545] {logging_mixin.py:190} INFO - [2025-09-14T09:49:28.466+0545] {dag.py:4180} INFO - Setting next_dagrun for example_nested_branch_dag to 2025-09-13 00:00:00+00:00, run_after=2025-09-14 00:00:00+00:00
[2025-09-14T09:49:28.484+0545] {processor.py:208} INFO - Processing /home/ashok/miniconda3/envs/mysecondenvironment/lib/python3.8/site-packages/airflow/example_dags/example_nested_branch_dag.py took 0.046 seconds
[2025-09-14T09:50:23.837+0545] {processor.py:186} INFO - Started process (PID=37226) to work on /home/ashok/miniconda3/envs/mysecondenvironment/lib/python3.8/site-packages/airflow/example_dags/example_nested_branch_dag.py
[2025-09-14T09:50:23.839+0545] {processor.py:914} INFO - Processing file /home/ashok/miniconda3/envs/mysecondenvironment/lib/python3.8/site-packages/airflow/example_dags/example_nested_branch_dag.py for tasks to queue
[2025-09-14T09:50:23.840+0545] {logging_mixin.py:190} INFO - [2025-09-14T09:50:23.840+0545] {dagbag.py:588} INFO - Filling up the DagBag from /home/ashok/miniconda3/envs/mysecondenvironment/lib/python3.8/site-packages/airflow/example_dags/example_nested_branch_dag.py
[2025-09-14T09:50:23.845+0545] {processor.py:925} INFO - DAG(s) 'example_nested_branch_dag' retrieved from /home/ashok/miniconda3/envs/mysecondenvironment/lib/python3.8/site-packages/airflow/example_dags/example_nested_branch_dag.py
[2025-09-14T09:50:23.853+0545] {logging_mixin.py:190} INFO - [2025-09-14T09:50:23.853+0545] {dag.py:3239} INFO - Sync 1 DAGs
[2025-09-14T09:50:23.861+0545] {logging_mixin.py:190} INFO - [2025-09-14T09:50:23.861+0545] {dag.py:4180} INFO - Setting next_dagrun for example_nested_branch_dag to 2025-09-13 00:00:00+00:00, run_after=2025-09-14 00:00:00+00:00
[2025-09-14T09:50:23.880+0545] {processor.py:208} INFO - Processing /home/ashok/miniconda3/envs/mysecondenvironment/lib/python3.8/site-packages/airflow/example_dags/example_nested_branch_dag.py took 0.046 seconds
[2025-09-14T09:51:20.135+0545] {processor.py:186} INFO - Started process (PID=37690) to work on /home/ashok/miniconda3/envs/mysecondenvironment/lib/python3.8/site-packages/airflow/example_dags/example_nested_branch_dag.py
[2025-09-14T09:51:20.136+0545] {processor.py:914} INFO - Processing file /home/ashok/miniconda3/envs/mysecondenvironment/lib/python3.8/site-packages/airflow/example_dags/example_nested_branch_dag.py for tasks to queue
[2025-09-14T09:51:20.137+0545] {logging_mixin.py:190} INFO - [2025-09-14T09:51:20.137+0545] {dagbag.py:588} INFO - Filling up the DagBag from /home/ashok/miniconda3/envs/mysecondenvironment/lib/python3.8/site-packages/airflow/example_dags/example_nested_branch_dag.py
[2025-09-14T09:51:20.143+0545] {processor.py:925} INFO - DAG(s) 'example_nested_branch_dag' retrieved from /home/ashok/miniconda3/envs/mysecondenvironment/lib/python3.8/site-packages/airflow/example_dags/example_nested_branch_dag.py
[2025-09-14T09:51:20.152+0545] {logging_mixin.py:190} INFO - [2025-09-14T09:51:20.152+0545] {dag.py:3239} INFO - Sync 1 DAGs
[2025-09-14T09:51:20.160+0545] {logging_mixin.py:190} INFO - [2025-09-14T09:51:20.160+0545] {dag.py:4180} INFO - Setting next_dagrun for example_nested_branch_dag to 2025-09-13 00:00:00+00:00, run_after=2025-09-14 00:00:00+00:00
[2025-09-14T09:51:20.288+0545] {processor.py:208} INFO - Processing /home/ashok/miniconda3/envs/mysecondenvironment/lib/python3.8/site-packages/airflow/example_dags/example_nested_branch_dag.py took 0.157 seconds
[2025-09-14T09:52:15.978+0545] {processor.py:186} INFO - Started process (PID=38160) to work on /home/ashok/miniconda3/envs/mysecondenvironment/lib/python3.8/site-packages/airflow/example_dags/example_nested_branch_dag.py
[2025-09-14T09:52:15.980+0545] {processor.py:914} INFO - Processing file /home/ashok/miniconda3/envs/mysecondenvironment/lib/python3.8/site-packages/airflow/example_dags/example_nested_branch_dag.py for tasks to queue
[2025-09-14T09:52:15.981+0545] {logging_mixin.py:190} INFO - [2025-09-14T09:52:15.981+0545] {dagbag.py:588} INFO - Filling up the DagBag from /home/ashok/miniconda3/envs/mysecondenvironment/lib/python3.8/site-packages/airflow/example_dags/example_nested_branch_dag.py
[2025-09-14T09:52:15.987+0545] {processor.py:925} INFO - DAG(s) 'example_nested_branch_dag' retrieved from /home/ashok/miniconda3/envs/mysecondenvironment/lib/python3.8/site-packages/airflow/example_dags/example_nested_branch_dag.py
[2025-09-14T09:52:15.995+0545] {logging_mixin.py:190} INFO - [2025-09-14T09:52:15.995+0545] {dag.py:3239} INFO - Sync 1 DAGs
[2025-09-14T09:52:16.003+0545] {logging_mixin.py:190} INFO - [2025-09-14T09:52:16.003+0545] {dag.py:4180} INFO - Setting next_dagrun for example_nested_branch_dag to 2025-09-13 00:00:00+00:00, run_after=2025-09-14 00:00:00+00:00
[2025-09-14T09:52:16.021+0545] {processor.py:208} INFO - Processing /home/ashok/miniconda3/envs/mysecondenvironment/lib/python3.8/site-packages/airflow/example_dags/example_nested_branch_dag.py took 0.046 seconds
[2025-09-14T09:53:13.545+0545] {processor.py:186} INFO - Started process (PID=38617) to work on /home/ashok/miniconda3/envs/mysecondenvironment/lib/python3.8/site-packages/airflow/example_dags/example_nested_branch_dag.py
[2025-09-14T09:53:13.546+0545] {processor.py:914} INFO - Processing file /home/ashok/miniconda3/envs/mysecondenvironment/lib/python3.8/site-packages/airflow/example_dags/example_nested_branch_dag.py for tasks to queue
[2025-09-14T09:53:13.547+0545] {logging_mixin.py:190} INFO - [2025-09-14T09:53:13.547+0545] {dagbag.py:588} INFO - Filling up the DagBag from /home/ashok/miniconda3/envs/mysecondenvironment/lib/python3.8/site-packages/airflow/example_dags/example_nested_branch_dag.py
[2025-09-14T09:53:13.552+0545] {processor.py:925} INFO - DAG(s) 'example_nested_branch_dag' retrieved from /home/ashok/miniconda3/envs/mysecondenvironment/lib/python3.8/site-packages/airflow/example_dags/example_nested_branch_dag.py
[2025-09-14T09:53:13.561+0545] {logging_mixin.py:190} INFO - [2025-09-14T09:53:13.561+0545] {dag.py:3239} INFO - Sync 1 DAGs
[2025-09-14T09:53:13.570+0545] {logging_mixin.py:190} INFO - [2025-09-14T09:53:13.570+0545] {dag.py:4180} INFO - Setting next_dagrun for example_nested_branch_dag to 2025-09-13 00:00:00+00:00, run_after=2025-09-14 00:00:00+00:00
[2025-09-14T09:53:13.586+0545] {processor.py:208} INFO - Processing /home/ashok/miniconda3/envs/mysecondenvironment/lib/python3.8/site-packages/airflow/example_dags/example_nested_branch_dag.py took 0.046 seconds
[2025-09-14T09:54:11.081+0545] {processor.py:186} INFO - Started process (PID=39297) to work on /home/ashok/miniconda3/envs/mysecondenvironment/lib/python3.8/site-packages/airflow/example_dags/example_nested_branch_dag.py
[2025-09-14T09:54:11.083+0545] {processor.py:914} INFO - Processing file /home/ashok/miniconda3/envs/mysecondenvironment/lib/python3.8/site-packages/airflow/example_dags/example_nested_branch_dag.py for tasks to queue
[2025-09-14T09:54:11.084+0545] {logging_mixin.py:190} INFO - [2025-09-14T09:54:11.084+0545] {dagbag.py:588} INFO - Filling up the DagBag from /home/ashok/miniconda3/envs/mysecondenvironment/lib/python3.8/site-packages/airflow/example_dags/example_nested_branch_dag.py
[2025-09-14T09:54:11.089+0545] {processor.py:925} INFO - DAG(s) 'example_nested_branch_dag' retrieved from /home/ashok/miniconda3/envs/mysecondenvironment/lib/python3.8/site-packages/airflow/example_dags/example_nested_branch_dag.py
[2025-09-14T09:54:11.097+0545] {logging_mixin.py:190} INFO - [2025-09-14T09:54:11.097+0545] {dag.py:3239} INFO - Sync 1 DAGs
[2025-09-14T09:54:11.105+0545] {logging_mixin.py:190} INFO - [2025-09-14T09:54:11.105+0545] {dag.py:4180} INFO - Setting next_dagrun for example_nested_branch_dag to 2025-09-13 00:00:00+00:00, run_after=2025-09-14 00:00:00+00:00
[2025-09-14T09:54:11.122+0545] {processor.py:208} INFO - Processing /home/ashok/miniconda3/envs/mysecondenvironment/lib/python3.8/site-packages/airflow/example_dags/example_nested_branch_dag.py took 0.045 seconds
[2025-09-14T09:55:06.166+0545] {processor.py:186} INFO - Started process (PID=39737) to work on /home/ashok/miniconda3/envs/mysecondenvironment/lib/python3.8/site-packages/airflow/example_dags/example_nested_branch_dag.py
[2025-09-14T09:55:06.167+0545] {processor.py:914} INFO - Processing file /home/ashok/miniconda3/envs/mysecondenvironment/lib/python3.8/site-packages/airflow/example_dags/example_nested_branch_dag.py for tasks to queue
[2025-09-14T09:55:06.168+0545] {logging_mixin.py:190} INFO - [2025-09-14T09:55:06.168+0545] {dagbag.py:588} INFO - Filling up the DagBag from /home/ashok/miniconda3/envs/mysecondenvironment/lib/python3.8/site-packages/airflow/example_dags/example_nested_branch_dag.py
[2025-09-14T09:55:06.173+0545] {processor.py:925} INFO - DAG(s) 'example_nested_branch_dag' retrieved from /home/ashok/miniconda3/envs/mysecondenvironment/lib/python3.8/site-packages/airflow/example_dags/example_nested_branch_dag.py
[2025-09-14T09:55:06.181+0545] {logging_mixin.py:190} INFO - [2025-09-14T09:55:06.181+0545] {dag.py:3239} INFO - Sync 1 DAGs
[2025-09-14T09:55:06.193+0545] {logging_mixin.py:190} INFO - [2025-09-14T09:55:06.192+0545] {dag.py:4180} INFO - Setting next_dagrun for example_nested_branch_dag to 2025-09-13 00:00:00+00:00, run_after=2025-09-14 00:00:00+00:00
[2025-09-14T09:55:06.212+0545] {processor.py:208} INFO - Processing /home/ashok/miniconda3/envs/mysecondenvironment/lib/python3.8/site-packages/airflow/example_dags/example_nested_branch_dag.py took 0.050 seconds
[2025-09-14T09:55:58.955+0545] {processor.py:186} INFO - Started process (PID=40163) to work on /home/ashok/miniconda3/envs/mysecondenvironment/lib/python3.8/site-packages/airflow/example_dags/example_nested_branch_dag.py
[2025-09-14T09:55:58.957+0545] {processor.py:914} INFO - Processing file /home/ashok/miniconda3/envs/mysecondenvironment/lib/python3.8/site-packages/airflow/example_dags/example_nested_branch_dag.py for tasks to queue
[2025-09-14T09:55:58.958+0545] {logging_mixin.py:190} INFO - [2025-09-14T09:55:58.958+0545] {dagbag.py:588} INFO - Filling up the DagBag from /home/ashok/miniconda3/envs/mysecondenvironment/lib/python3.8/site-packages/airflow/example_dags/example_nested_branch_dag.py
[2025-09-14T09:55:58.964+0545] {processor.py:925} INFO - DAG(s) 'example_nested_branch_dag' retrieved from /home/ashok/miniconda3/envs/mysecondenvironment/lib/python3.8/site-packages/airflow/example_dags/example_nested_branch_dag.py
[2025-09-14T09:55:58.974+0545] {logging_mixin.py:190} INFO - [2025-09-14T09:55:58.974+0545] {dag.py:3239} INFO - Sync 1 DAGs
[2025-09-14T09:55:58.983+0545] {logging_mixin.py:190} INFO - [2025-09-14T09:55:58.982+0545] {dag.py:4180} INFO - Setting next_dagrun for example_nested_branch_dag to 2025-09-13 00:00:00+00:00, run_after=2025-09-14 00:00:00+00:00
[2025-09-14T09:55:59.000+0545] {processor.py:208} INFO - Processing /home/ashok/miniconda3/envs/mysecondenvironment/lib/python3.8/site-packages/airflow/example_dags/example_nested_branch_dag.py took 0.049 seconds
[2025-09-14T09:56:54.477+0545] {processor.py:186} INFO - Started process (PID=40628) to work on /home/ashok/miniconda3/envs/mysecondenvironment/lib/python3.8/site-packages/airflow/example_dags/example_nested_branch_dag.py
[2025-09-14T09:56:54.478+0545] {processor.py:914} INFO - Processing file /home/ashok/miniconda3/envs/mysecondenvironment/lib/python3.8/site-packages/airflow/example_dags/example_nested_branch_dag.py for tasks to queue
[2025-09-14T09:56:54.479+0545] {logging_mixin.py:190} INFO - [2025-09-14T09:56:54.479+0545] {dagbag.py:588} INFO - Filling up the DagBag from /home/ashok/miniconda3/envs/mysecondenvironment/lib/python3.8/site-packages/airflow/example_dags/example_nested_branch_dag.py
[2025-09-14T09:56:54.484+0545] {processor.py:925} INFO - DAG(s) 'example_nested_branch_dag' retrieved from /home/ashok/miniconda3/envs/mysecondenvironment/lib/python3.8/site-packages/airflow/example_dags/example_nested_branch_dag.py
[2025-09-14T09:56:54.494+0545] {logging_mixin.py:190} INFO - [2025-09-14T09:56:54.494+0545] {dag.py:3239} INFO - Sync 1 DAGs
[2025-09-14T09:56:54.505+0545] {logging_mixin.py:190} INFO - [2025-09-14T09:56:54.505+0545] {dag.py:4180} INFO - Setting next_dagrun for example_nested_branch_dag to 2025-09-13 00:00:00+00:00, run_after=2025-09-14 00:00:00+00:00
[2025-09-14T09:56:54.521+0545] {processor.py:208} INFO - Processing /home/ashok/miniconda3/envs/mysecondenvironment/lib/python3.8/site-packages/airflow/example_dags/example_nested_branch_dag.py took 0.048 seconds
[2025-09-14T09:57:49.205+0545] {processor.py:186} INFO - Started process (PID=41276) to work on /home/ashok/miniconda3/envs/mysecondenvironment/lib/python3.8/site-packages/airflow/example_dags/example_nested_branch_dag.py
[2025-09-14T09:57:49.207+0545] {processor.py:914} INFO - Processing file /home/ashok/miniconda3/envs/mysecondenvironment/lib/python3.8/site-packages/airflow/example_dags/example_nested_branch_dag.py for tasks to queue
[2025-09-14T09:57:49.208+0545] {logging_mixin.py:190} INFO - [2025-09-14T09:57:49.208+0545] {dagbag.py:588} INFO - Filling up the DagBag from /home/ashok/miniconda3/envs/mysecondenvironment/lib/python3.8/site-packages/airflow/example_dags/example_nested_branch_dag.py
[2025-09-14T09:57:49.215+0545] {processor.py:925} INFO - DAG(s) 'example_nested_branch_dag' retrieved from /home/ashok/miniconda3/envs/mysecondenvironment/lib/python3.8/site-packages/airflow/example_dags/example_nested_branch_dag.py
[2025-09-14T09:57:49.224+0545] {logging_mixin.py:190} INFO - [2025-09-14T09:57:49.224+0545] {dag.py:3239} INFO - Sync 1 DAGs
[2025-09-14T09:57:49.232+0545] {logging_mixin.py:190} INFO - [2025-09-14T09:57:49.232+0545] {dag.py:4180} INFO - Setting next_dagrun for example_nested_branch_dag to 2025-09-13 00:00:00+00:00, run_after=2025-09-14 00:00:00+00:00
[2025-09-14T09:57:49.248+0545] {processor.py:208} INFO - Processing /home/ashok/miniconda3/envs/mysecondenvironment/lib/python3.8/site-packages/airflow/example_dags/example_nested_branch_dag.py took 0.047 seconds
[2025-09-14T09:58:42.950+0545] {processor.py:186} INFO - Started process (PID=41658) to work on /home/ashok/miniconda3/envs/mysecondenvironment/lib/python3.8/site-packages/airflow/example_dags/example_nested_branch_dag.py
[2025-09-14T09:58:42.952+0545] {processor.py:914} INFO - Processing file /home/ashok/miniconda3/envs/mysecondenvironment/lib/python3.8/site-packages/airflow/example_dags/example_nested_branch_dag.py for tasks to queue
[2025-09-14T09:58:42.953+0545] {logging_mixin.py:190} INFO - [2025-09-14T09:58:42.953+0545] {dagbag.py:588} INFO - Filling up the DagBag from /home/ashok/miniconda3/envs/mysecondenvironment/lib/python3.8/site-packages/airflow/example_dags/example_nested_branch_dag.py
[2025-09-14T09:58:42.958+0545] {processor.py:925} INFO - DAG(s) 'example_nested_branch_dag' retrieved from /home/ashok/miniconda3/envs/mysecondenvironment/lib/python3.8/site-packages/airflow/example_dags/example_nested_branch_dag.py
[2025-09-14T09:58:42.966+0545] {logging_mixin.py:190} INFO - [2025-09-14T09:58:42.966+0545] {dag.py:3239} INFO - Sync 1 DAGs
[2025-09-14T09:58:42.974+0545] {logging_mixin.py:190} INFO - [2025-09-14T09:58:42.974+0545] {dag.py:4180} INFO - Setting next_dagrun for example_nested_branch_dag to 2025-09-13 00:00:00+00:00, run_after=2025-09-14 00:00:00+00:00
[2025-09-14T09:58:42.993+0545] {processor.py:208} INFO - Processing /home/ashok/miniconda3/envs/mysecondenvironment/lib/python3.8/site-packages/airflow/example_dags/example_nested_branch_dag.py took 0.046 seconds
[2025-09-14T09:59:38.136+0545] {processor.py:186} INFO - Started process (PID=42134) to work on /home/ashok/miniconda3/envs/mysecondenvironment/lib/python3.8/site-packages/airflow/example_dags/example_nested_branch_dag.py
[2025-09-14T09:59:38.138+0545] {processor.py:914} INFO - Processing file /home/ashok/miniconda3/envs/mysecondenvironment/lib/python3.8/site-packages/airflow/example_dags/example_nested_branch_dag.py for tasks to queue
[2025-09-14T09:59:38.139+0545] {logging_mixin.py:190} INFO - [2025-09-14T09:59:38.138+0545] {dagbag.py:588} INFO - Filling up the DagBag from /home/ashok/miniconda3/envs/mysecondenvironment/lib/python3.8/site-packages/airflow/example_dags/example_nested_branch_dag.py
[2025-09-14T09:59:38.143+0545] {processor.py:925} INFO - DAG(s) 'example_nested_branch_dag' retrieved from /home/ashok/miniconda3/envs/mysecondenvironment/lib/python3.8/site-packages/airflow/example_dags/example_nested_branch_dag.py
[2025-09-14T09:59:38.151+0545] {logging_mixin.py:190} INFO - [2025-09-14T09:59:38.151+0545] {dag.py:3239} INFO - Sync 1 DAGs
[2025-09-14T09:59:38.159+0545] {logging_mixin.py:190} INFO - [2025-09-14T09:59:38.159+0545] {dag.py:4180} INFO - Setting next_dagrun for example_nested_branch_dag to 2025-09-13 00:00:00+00:00, run_after=2025-09-14 00:00:00+00:00
[2025-09-14T09:59:38.178+0545] {processor.py:208} INFO - Processing /home/ashok/miniconda3/envs/mysecondenvironment/lib/python3.8/site-packages/airflow/example_dags/example_nested_branch_dag.py took 0.046 seconds
[2025-09-14T10:00:31.897+0545] {processor.py:186} INFO - Started process (PID=42614) to work on /home/ashok/miniconda3/envs/mysecondenvironment/lib/python3.8/site-packages/airflow/example_dags/example_nested_branch_dag.py
[2025-09-14T10:00:31.899+0545] {processor.py:914} INFO - Processing file /home/ashok/miniconda3/envs/mysecondenvironment/lib/python3.8/site-packages/airflow/example_dags/example_nested_branch_dag.py for tasks to queue
[2025-09-14T10:00:31.899+0545] {logging_mixin.py:190} INFO - [2025-09-14T10:00:31.899+0545] {dagbag.py:588} INFO - Filling up the DagBag from /home/ashok/miniconda3/envs/mysecondenvironment/lib/python3.8/site-packages/airflow/example_dags/example_nested_branch_dag.py
[2025-09-14T10:00:31.906+0545] {processor.py:925} INFO - DAG(s) 'example_nested_branch_dag' retrieved from /home/ashok/miniconda3/envs/mysecondenvironment/lib/python3.8/site-packages/airflow/example_dags/example_nested_branch_dag.py
[2025-09-14T10:00:31.916+0545] {logging_mixin.py:190} INFO - [2025-09-14T10:00:31.916+0545] {dag.py:3239} INFO - Sync 1 DAGs
[2025-09-14T10:00:31.924+0545] {logging_mixin.py:190} INFO - [2025-09-14T10:00:31.924+0545] {dag.py:4180} INFO - Setting next_dagrun for example_nested_branch_dag to 2025-09-13 00:00:00+00:00, run_after=2025-09-14 00:00:00+00:00
[2025-09-14T10:00:31.940+0545] {processor.py:208} INFO - Processing /home/ashok/miniconda3/envs/mysecondenvironment/lib/python3.8/site-packages/airflow/example_dags/example_nested_branch_dag.py took 0.047 seconds
[2025-09-14T10:01:25.514+0545] {processor.py:186} INFO - Started process (PID=43193) to work on /home/ashok/miniconda3/envs/mysecondenvironment/lib/python3.8/site-packages/airflow/example_dags/example_nested_branch_dag.py
[2025-09-14T10:01:25.516+0545] {processor.py:914} INFO - Processing file /home/ashok/miniconda3/envs/mysecondenvironment/lib/python3.8/site-packages/airflow/example_dags/example_nested_branch_dag.py for tasks to queue
[2025-09-14T10:01:25.517+0545] {logging_mixin.py:190} INFO - [2025-09-14T10:01:25.516+0545] {dagbag.py:588} INFO - Filling up the DagBag from /home/ashok/miniconda3/envs/mysecondenvironment/lib/python3.8/site-packages/airflow/example_dags/example_nested_branch_dag.py
[2025-09-14T10:01:25.522+0545] {processor.py:925} INFO - DAG(s) 'example_nested_branch_dag' retrieved from /home/ashok/miniconda3/envs/mysecondenvironment/lib/python3.8/site-packages/airflow/example_dags/example_nested_branch_dag.py
[2025-09-14T10:01:25.533+0545] {logging_mixin.py:190} INFO - [2025-09-14T10:01:25.533+0545] {dag.py:3239} INFO - Sync 1 DAGs
[2025-09-14T10:01:25.541+0545] {logging_mixin.py:190} INFO - [2025-09-14T10:01:25.541+0545] {dag.py:4180} INFO - Setting next_dagrun for example_nested_branch_dag to 2025-09-13 00:00:00+00:00, run_after=2025-09-14 00:00:00+00:00
[2025-09-14T10:01:25.557+0545] {processor.py:208} INFO - Processing /home/ashok/miniconda3/envs/mysecondenvironment/lib/python3.8/site-packages/airflow/example_dags/example_nested_branch_dag.py took 0.048 seconds
[2025-09-14T10:02:20.874+0545] {processor.py:186} INFO - Started process (PID=43590) to work on /home/ashok/miniconda3/envs/mysecondenvironment/lib/python3.8/site-packages/airflow/example_dags/example_nested_branch_dag.py
[2025-09-14T10:02:20.877+0545] {processor.py:914} INFO - Processing file /home/ashok/miniconda3/envs/mysecondenvironment/lib/python3.8/site-packages/airflow/example_dags/example_nested_branch_dag.py for tasks to queue
[2025-09-14T10:02:20.878+0545] {logging_mixin.py:190} INFO - [2025-09-14T10:02:20.878+0545] {dagbag.py:588} INFO - Filling up the DagBag from /home/ashok/miniconda3/envs/mysecondenvironment/lib/python3.8/site-packages/airflow/example_dags/example_nested_branch_dag.py
[2025-09-14T10:02:20.883+0545] {processor.py:925} INFO - DAG(s) 'example_nested_branch_dag' retrieved from /home/ashok/miniconda3/envs/mysecondenvironment/lib/python3.8/site-packages/airflow/example_dags/example_nested_branch_dag.py
[2025-09-14T10:02:20.891+0545] {logging_mixin.py:190} INFO - [2025-09-14T10:02:20.891+0545] {dag.py:3239} INFO - Sync 1 DAGs
[2025-09-14T10:02:20.899+0545] {logging_mixin.py:190} INFO - [2025-09-14T10:02:20.899+0545] {dag.py:4180} INFO - Setting next_dagrun for example_nested_branch_dag to 2025-09-13 00:00:00+00:00, run_after=2025-09-14 00:00:00+00:00
[2025-09-14T10:02:20.917+0545] {processor.py:208} INFO - Processing /home/ashok/miniconda3/envs/mysecondenvironment/lib/python3.8/site-packages/airflow/example_dags/example_nested_branch_dag.py took 0.046 seconds
[2025-09-14T10:03:17.148+0545] {processor.py:186} INFO - Started process (PID=43952) to work on /home/ashok/miniconda3/envs/mysecondenvironment/lib/python3.8/site-packages/airflow/example_dags/example_nested_branch_dag.py
[2025-09-14T10:03:17.151+0545] {processor.py:914} INFO - Processing file /home/ashok/miniconda3/envs/mysecondenvironment/lib/python3.8/site-packages/airflow/example_dags/example_nested_branch_dag.py for tasks to queue
[2025-09-14T10:03:17.152+0545] {logging_mixin.py:190} INFO - [2025-09-14T10:03:17.152+0545] {dagbag.py:588} INFO - Filling up the DagBag from /home/ashok/miniconda3/envs/mysecondenvironment/lib/python3.8/site-packages/airflow/example_dags/example_nested_branch_dag.py
[2025-09-14T10:03:17.157+0545] {processor.py:925} INFO - DAG(s) 'example_nested_branch_dag' retrieved from /home/ashok/miniconda3/envs/mysecondenvironment/lib/python3.8/site-packages/airflow/example_dags/example_nested_branch_dag.py
[2025-09-14T10:03:17.166+0545] {logging_mixin.py:190} INFO - [2025-09-14T10:03:17.166+0545] {dag.py:3239} INFO - Sync 1 DAGs
[2025-09-14T10:03:17.175+0545] {logging_mixin.py:190} INFO - [2025-09-14T10:03:17.175+0545] {dag.py:4180} INFO - Setting next_dagrun for example_nested_branch_dag to 2025-09-13 00:00:00+00:00, run_after=2025-09-14 00:00:00+00:00
[2025-09-14T10:03:17.194+0545] {processor.py:208} INFO - Processing /home/ashok/miniconda3/envs/mysecondenvironment/lib/python3.8/site-packages/airflow/example_dags/example_nested_branch_dag.py took 0.049 seconds
[2025-09-14T16:51:43.166+0545] {processor.py:186} INFO - Started process (PID=10227) to work on /home/ashok/miniconda3/envs/mysecondenvironment/lib/python3.8/site-packages/airflow/example_dags/example_nested_branch_dag.py
[2025-09-14T16:51:43.168+0545] {processor.py:914} INFO - Processing file /home/ashok/miniconda3/envs/mysecondenvironment/lib/python3.8/site-packages/airflow/example_dags/example_nested_branch_dag.py for tasks to queue
[2025-09-14T16:51:43.169+0545] {logging_mixin.py:190} INFO - [2025-09-14T16:51:43.169+0545] {dagbag.py:588} INFO - Filling up the DagBag from /home/ashok/miniconda3/envs/mysecondenvironment/lib/python3.8/site-packages/airflow/example_dags/example_nested_branch_dag.py
[2025-09-14T16:51:43.178+0545] {processor.py:925} INFO - DAG(s) 'example_nested_branch_dag' retrieved from /home/ashok/miniconda3/envs/mysecondenvironment/lib/python3.8/site-packages/airflow/example_dags/example_nested_branch_dag.py
[2025-09-14T16:51:43.189+0545] {logging_mixin.py:190} INFO - [2025-09-14T16:51:43.189+0545] {dag.py:3239} INFO - Sync 1 DAGs
[2025-09-14T16:51:43.202+0545] {logging_mixin.py:190} INFO - [2025-09-14T16:51:43.201+0545] {dag.py:4180} INFO - Setting next_dagrun for example_nested_branch_dag to 2025-09-13 00:00:00+00:00, run_after=2025-09-14 00:00:00+00:00
[2025-09-14T16:51:43.219+0545] {processor.py:208} INFO - Processing /home/ashok/miniconda3/envs/mysecondenvironment/lib/python3.8/site-packages/airflow/example_dags/example_nested_branch_dag.py took 0.058 seconds
[2025-09-14T16:52:48.584+0545] {processor.py:186} INFO - Started process (PID=10675) to work on /home/ashok/miniconda3/envs/mysecondenvironment/lib/python3.8/site-packages/airflow/example_dags/example_nested_branch_dag.py
[2025-09-14T16:52:48.586+0545] {processor.py:914} INFO - Processing file /home/ashok/miniconda3/envs/mysecondenvironment/lib/python3.8/site-packages/airflow/example_dags/example_nested_branch_dag.py for tasks to queue
[2025-09-14T16:52:48.587+0545] {logging_mixin.py:190} INFO - [2025-09-14T16:52:48.587+0545] {dagbag.py:588} INFO - Filling up the DagBag from /home/ashok/miniconda3/envs/mysecondenvironment/lib/python3.8/site-packages/airflow/example_dags/example_nested_branch_dag.py
[2025-09-14T16:52:48.593+0545] {processor.py:925} INFO - DAG(s) 'example_nested_branch_dag' retrieved from /home/ashok/miniconda3/envs/mysecondenvironment/lib/python3.8/site-packages/airflow/example_dags/example_nested_branch_dag.py
[2025-09-14T16:52:48.601+0545] {logging_mixin.py:190} INFO - [2025-09-14T16:52:48.601+0545] {dag.py:3239} INFO - Sync 1 DAGs
[2025-09-14T16:52:48.610+0545] {logging_mixin.py:190} INFO - [2025-09-14T16:52:48.610+0545] {dag.py:4180} INFO - Setting next_dagrun for example_nested_branch_dag to 2025-09-13 00:00:00+00:00, run_after=2025-09-14 00:00:00+00:00
[2025-09-14T16:52:48.629+0545] {processor.py:208} INFO - Processing /home/ashok/miniconda3/envs/mysecondenvironment/lib/python3.8/site-packages/airflow/example_dags/example_nested_branch_dag.py took 0.048 seconds
