[2025-09-14T09:22:41.427+0545] {processor.py:186} INFO - Started process (PID=22203) to work on /home/ashok/miniconda3/envs/mysecondenvironment/lib/python3.8/site-packages/airflow/example_dags/tutorial_taskflow_templates.py
[2025-09-14T09:22:41.427+0545] {processor.py:914} INFO - Processing file /home/ashok/miniconda3/envs/mysecondenvironment/lib/python3.8/site-packages/airflow/example_dags/tutorial_taskflow_templates.py for tasks to queue
[2025-09-14T09:22:41.428+0545] {logging_mixin.py:190} INFO - [2025-09-14T09:22:41.428+0545] {dagbag.py:588} INFO - Filling up the DagBag from /home/ashok/miniconda3/envs/mysecondenvironment/lib/python3.8/site-packages/airflow/example_dags/tutorial_taskflow_templates.py
[2025-09-14T09:22:41.439+0545] {processor.py:925} INFO - DAG(s) 'tutorial_taskflow_templates' retrieved from /home/ashok/miniconda3/envs/mysecondenvironment/lib/python3.8/site-packages/airflow/example_dags/tutorial_taskflow_templates.py
[2025-09-14T09:22:41.454+0545] {logging_mixin.py:190} INFO - [2025-09-14T09:22:41.453+0545] {dag.py:3239} INFO - Sync 1 DAGs
[2025-09-14T09:22:41.465+0545] {logging_mixin.py:190} INFO - [2025-09-14T09:22:41.465+0545] {dag.py:4180} INFO - Setting next_dagrun for tutorial_taskflow_templates to 2025-09-13 00:00:00+00:00, run_after=2025-09-14 00:00:00+00:00
[2025-09-14T09:22:41.483+0545] {processor.py:208} INFO - Processing /home/ashok/miniconda3/envs/mysecondenvironment/lib/python3.8/site-packages/airflow/example_dags/tutorial_taskflow_templates.py took 0.061 seconds
[2025-09-14T09:24:26.409+0545] {processor.py:186} INFO - Started process (PID=23696) to work on /home/ashok/miniconda3/envs/mysecondenvironment/lib/python3.8/site-packages/airflow/example_dags/tutorial_taskflow_templates.py
[2025-09-14T09:24:26.411+0545] {processor.py:914} INFO - Processing file /home/ashok/miniconda3/envs/mysecondenvironment/lib/python3.8/site-packages/airflow/example_dags/tutorial_taskflow_templates.py for tasks to queue
[2025-09-14T09:24:26.412+0545] {logging_mixin.py:190} INFO - [2025-09-14T09:24:26.412+0545] {dagbag.py:588} INFO - Filling up the DagBag from /home/ashok/miniconda3/envs/mysecondenvironment/lib/python3.8/site-packages/airflow/example_dags/tutorial_taskflow_templates.py
[2025-09-14T09:24:26.420+0545] {processor.py:925} INFO - DAG(s) 'tutorial_taskflow_templates' retrieved from /home/ashok/miniconda3/envs/mysecondenvironment/lib/python3.8/site-packages/airflow/example_dags/tutorial_taskflow_templates.py
[2025-09-14T09:24:26.430+0545] {logging_mixin.py:190} INFO - [2025-09-14T09:24:26.430+0545] {dag.py:3239} INFO - Sync 1 DAGs
[2025-09-14T09:24:26.444+0545] {logging_mixin.py:190} INFO - [2025-09-14T09:24:26.443+0545] {dag.py:4180} INFO - Setting next_dagrun for tutorial_taskflow_templates to 2025-09-13 00:00:00+00:00, run_after=2025-09-14 00:00:00+00:00
[2025-09-14T09:24:26.460+0545] {processor.py:208} INFO - Processing /home/ashok/miniconda3/envs/mysecondenvironment/lib/python3.8/site-packages/airflow/example_dags/tutorial_taskflow_templates.py took 0.055 seconds
[2025-09-14T09:26:00.358+0545] {processor.py:186} INFO - Started process (PID=24818) to work on /home/ashok/miniconda3/envs/mysecondenvironment/lib/python3.8/site-packages/airflow/example_dags/tutorial_taskflow_templates.py
[2025-09-14T09:26:00.360+0545] {processor.py:914} INFO - Processing file /home/ashok/miniconda3/envs/mysecondenvironment/lib/python3.8/site-packages/airflow/example_dags/tutorial_taskflow_templates.py for tasks to queue
[2025-09-14T09:26:00.363+0545] {logging_mixin.py:190} INFO - [2025-09-14T09:26:00.362+0545] {dagbag.py:588} INFO - Filling up the DagBag from /home/ashok/miniconda3/envs/mysecondenvironment/lib/python3.8/site-packages/airflow/example_dags/tutorial_taskflow_templates.py
[2025-09-14T09:26:00.374+0545] {processor.py:925} INFO - DAG(s) 'tutorial_taskflow_templates' retrieved from /home/ashok/miniconda3/envs/mysecondenvironment/lib/python3.8/site-packages/airflow/example_dags/tutorial_taskflow_templates.py
[2025-09-14T09:26:00.384+0545] {logging_mixin.py:190} INFO - [2025-09-14T09:26:00.384+0545] {dag.py:3239} INFO - Sync 1 DAGs
[2025-09-14T09:26:00.396+0545] {logging_mixin.py:190} INFO - [2025-09-14T09:26:00.396+0545] {dag.py:4180} INFO - Setting next_dagrun for tutorial_taskflow_templates to 2025-09-13 00:00:00+00:00, run_after=2025-09-14 00:00:00+00:00
[2025-09-14T09:26:00.416+0545] {processor.py:208} INFO - Processing /home/ashok/miniconda3/envs/mysecondenvironment/lib/python3.8/site-packages/airflow/example_dags/tutorial_taskflow_templates.py took 0.062 seconds
[2025-09-14T09:26:44.960+0545] {processor.py:186} INFO - Started process (PID=25273) to work on /home/ashok/miniconda3/envs/mysecondenvironment/lib/python3.8/site-packages/airflow/example_dags/tutorial_taskflow_templates.py
[2025-09-14T09:26:44.962+0545] {processor.py:914} INFO - Processing file /home/ashok/miniconda3/envs/mysecondenvironment/lib/python3.8/site-packages/airflow/example_dags/tutorial_taskflow_templates.py for tasks to queue
[2025-09-14T09:26:44.963+0545] {logging_mixin.py:190} INFO - [2025-09-14T09:26:44.963+0545] {dagbag.py:588} INFO - Filling up the DagBag from /home/ashok/miniconda3/envs/mysecondenvironment/lib/python3.8/site-packages/airflow/example_dags/tutorial_taskflow_templates.py
[2025-09-14T09:26:44.971+0545] {processor.py:925} INFO - DAG(s) 'tutorial_taskflow_templates' retrieved from /home/ashok/miniconda3/envs/mysecondenvironment/lib/python3.8/site-packages/airflow/example_dags/tutorial_taskflow_templates.py
[2025-09-14T09:26:44.980+0545] {logging_mixin.py:190} INFO - [2025-09-14T09:26:44.980+0545] {dag.py:3239} INFO - Sync 1 DAGs
[2025-09-14T09:26:44.990+0545] {logging_mixin.py:190} INFO - [2025-09-14T09:26:44.990+0545] {dag.py:4180} INFO - Setting next_dagrun for tutorial_taskflow_templates to 2025-09-13 00:00:00+00:00, run_after=2025-09-14 00:00:00+00:00
[2025-09-14T09:26:45.008+0545] {processor.py:208} INFO - Processing /home/ashok/miniconda3/envs/mysecondenvironment/lib/python3.8/site-packages/airflow/example_dags/tutorial_taskflow_templates.py took 0.052 seconds
[2025-09-14T09:29:43.272+0545] {processor.py:186} INFO - Started process (PID=26927) to work on /home/ashok/miniconda3/envs/mysecondenvironment/lib/python3.8/site-packages/airflow/example_dags/tutorial_taskflow_templates.py
[2025-09-14T09:29:43.273+0545] {processor.py:914} INFO - Processing file /home/ashok/miniconda3/envs/mysecondenvironment/lib/python3.8/site-packages/airflow/example_dags/tutorial_taskflow_templates.py for tasks to queue
[2025-09-14T09:29:43.275+0545] {logging_mixin.py:190} INFO - [2025-09-14T09:29:43.275+0545] {dagbag.py:588} INFO - Filling up the DagBag from /home/ashok/miniconda3/envs/mysecondenvironment/lib/python3.8/site-packages/airflow/example_dags/tutorial_taskflow_templates.py
[2025-09-14T09:29:43.285+0545] {processor.py:925} INFO - DAG(s) 'tutorial_taskflow_templates' retrieved from /home/ashok/miniconda3/envs/mysecondenvironment/lib/python3.8/site-packages/airflow/example_dags/tutorial_taskflow_templates.py
[2025-09-14T09:29:43.301+0545] {logging_mixin.py:190} INFO - [2025-09-14T09:29:43.301+0545] {dag.py:3239} INFO - Sync 1 DAGs
[2025-09-14T09:29:43.312+0545] {logging_mixin.py:190} INFO - [2025-09-14T09:29:43.312+0545] {dag.py:4180} INFO - Setting next_dagrun for tutorial_taskflow_templates to 2025-09-13 00:00:00+00:00, run_after=2025-09-14 00:00:00+00:00
[2025-09-14T09:29:43.330+0545] {processor.py:208} INFO - Processing /home/ashok/miniconda3/envs/mysecondenvironment/lib/python3.8/site-packages/airflow/example_dags/tutorial_taskflow_templates.py took 0.064 seconds
[2025-09-14T09:33:26.008+0545] {processor.py:186} INFO - Started process (PID=29315) to work on /home/ashok/miniconda3/envs/mysecondenvironment/lib/python3.8/site-packages/airflow/example_dags/tutorial_taskflow_templates.py
[2025-09-14T09:33:26.010+0545] {processor.py:914} INFO - Processing file /home/ashok/miniconda3/envs/mysecondenvironment/lib/python3.8/site-packages/airflow/example_dags/tutorial_taskflow_templates.py for tasks to queue
[2025-09-14T09:33:26.010+0545] {logging_mixin.py:190} INFO - [2025-09-14T09:33:26.010+0545] {dagbag.py:588} INFO - Filling up the DagBag from /home/ashok/miniconda3/envs/mysecondenvironment/lib/python3.8/site-packages/airflow/example_dags/tutorial_taskflow_templates.py
[2025-09-14T09:33:26.017+0545] {processor.py:925} INFO - DAG(s) 'tutorial_taskflow_templates' retrieved from /home/ashok/miniconda3/envs/mysecondenvironment/lib/python3.8/site-packages/airflow/example_dags/tutorial_taskflow_templates.py
[2025-09-14T09:33:26.029+0545] {logging_mixin.py:190} INFO - [2025-09-14T09:33:26.029+0545] {dag.py:3239} INFO - Sync 1 DAGs
[2025-09-14T09:33:26.038+0545] {logging_mixin.py:190} INFO - [2025-09-14T09:33:26.038+0545] {dag.py:4180} INFO - Setting next_dagrun for tutorial_taskflow_templates to 2025-09-13 00:00:00+00:00, run_after=2025-09-14 00:00:00+00:00
[2025-09-14T09:33:26.056+0545] {processor.py:208} INFO - Processing /home/ashok/miniconda3/envs/mysecondenvironment/lib/python3.8/site-packages/airflow/example_dags/tutorial_taskflow_templates.py took 0.053 seconds
[2025-09-14T09:34:21.825+0545] {processor.py:186} INFO - Started process (PID=29724) to work on /home/ashok/miniconda3/envs/mysecondenvironment/lib/python3.8/site-packages/airflow/example_dags/tutorial_taskflow_templates.py
[2025-09-14T09:34:21.827+0545] {processor.py:914} INFO - Processing file /home/ashok/miniconda3/envs/mysecondenvironment/lib/python3.8/site-packages/airflow/example_dags/tutorial_taskflow_templates.py for tasks to queue
[2025-09-14T09:34:21.828+0545] {logging_mixin.py:190} INFO - [2025-09-14T09:34:21.828+0545] {dagbag.py:588} INFO - Filling up the DagBag from /home/ashok/miniconda3/envs/mysecondenvironment/lib/python3.8/site-packages/airflow/example_dags/tutorial_taskflow_templates.py
[2025-09-14T09:34:21.834+0545] {processor.py:925} INFO - DAG(s) 'tutorial_taskflow_templates' retrieved from /home/ashok/miniconda3/envs/mysecondenvironment/lib/python3.8/site-packages/airflow/example_dags/tutorial_taskflow_templates.py
[2025-09-14T09:34:21.842+0545] {logging_mixin.py:190} INFO - [2025-09-14T09:34:21.842+0545] {dag.py:3239} INFO - Sync 1 DAGs
[2025-09-14T09:34:21.850+0545] {logging_mixin.py:190} INFO - [2025-09-14T09:34:21.850+0545] {dag.py:4180} INFO - Setting next_dagrun for tutorial_taskflow_templates to 2025-09-13 00:00:00+00:00, run_after=2025-09-14 00:00:00+00:00
[2025-09-14T09:34:21.868+0545] {processor.py:208} INFO - Processing /home/ashok/miniconda3/envs/mysecondenvironment/lib/python3.8/site-packages/airflow/example_dags/tutorial_taskflow_templates.py took 0.047 seconds
[2025-09-14T09:35:14.801+0545] {processor.py:186} INFO - Started process (PID=30115) to work on /home/ashok/miniconda3/envs/mysecondenvironment/lib/python3.8/site-packages/airflow/example_dags/tutorial_taskflow_templates.py
[2025-09-14T09:35:14.802+0545] {processor.py:914} INFO - Processing file /home/ashok/miniconda3/envs/mysecondenvironment/lib/python3.8/site-packages/airflow/example_dags/tutorial_taskflow_templates.py for tasks to queue
[2025-09-14T09:35:14.803+0545] {logging_mixin.py:190} INFO - [2025-09-14T09:35:14.803+0545] {dagbag.py:588} INFO - Filling up the DagBag from /home/ashok/miniconda3/envs/mysecondenvironment/lib/python3.8/site-packages/airflow/example_dags/tutorial_taskflow_templates.py
[2025-09-14T09:35:14.809+0545] {processor.py:925} INFO - DAG(s) 'tutorial_taskflow_templates' retrieved from /home/ashok/miniconda3/envs/mysecondenvironment/lib/python3.8/site-packages/airflow/example_dags/tutorial_taskflow_templates.py
[2025-09-14T09:35:14.817+0545] {logging_mixin.py:190} INFO - [2025-09-14T09:35:14.817+0545] {dag.py:3239} INFO - Sync 1 DAGs
[2025-09-14T09:35:14.826+0545] {logging_mixin.py:190} INFO - [2025-09-14T09:35:14.826+0545] {dag.py:4180} INFO - Setting next_dagrun for tutorial_taskflow_templates to 2025-09-13 00:00:00+00:00, run_after=2025-09-14 00:00:00+00:00
[2025-09-14T09:35:14.843+0545] {processor.py:208} INFO - Processing /home/ashok/miniconda3/envs/mysecondenvironment/lib/python3.8/site-packages/airflow/example_dags/tutorial_taskflow_templates.py took 0.046 seconds
[2025-09-14T09:36:12.420+0545] {processor.py:186} INFO - Started process (PID=30590) to work on /home/ashok/miniconda3/envs/mysecondenvironment/lib/python3.8/site-packages/airflow/example_dags/tutorial_taskflow_templates.py
[2025-09-14T09:36:12.422+0545] {processor.py:914} INFO - Processing file /home/ashok/miniconda3/envs/mysecondenvironment/lib/python3.8/site-packages/airflow/example_dags/tutorial_taskflow_templates.py for tasks to queue
[2025-09-14T09:36:12.423+0545] {logging_mixin.py:190} INFO - [2025-09-14T09:36:12.422+0545] {dagbag.py:588} INFO - Filling up the DagBag from /home/ashok/miniconda3/envs/mysecondenvironment/lib/python3.8/site-packages/airflow/example_dags/tutorial_taskflow_templates.py
[2025-09-14T09:36:12.428+0545] {processor.py:925} INFO - DAG(s) 'tutorial_taskflow_templates' retrieved from /home/ashok/miniconda3/envs/mysecondenvironment/lib/python3.8/site-packages/airflow/example_dags/tutorial_taskflow_templates.py
[2025-09-14T09:36:12.436+0545] {logging_mixin.py:190} INFO - [2025-09-14T09:36:12.436+0545] {dag.py:3239} INFO - Sync 1 DAGs
[2025-09-14T09:36:12.444+0545] {logging_mixin.py:190} INFO - [2025-09-14T09:36:12.444+0545] {dag.py:4180} INFO - Setting next_dagrun for tutorial_taskflow_templates to 2025-09-13 00:00:00+00:00, run_after=2025-09-14 00:00:00+00:00
[2025-09-14T09:36:12.461+0545] {processor.py:208} INFO - Processing /home/ashok/miniconda3/envs/mysecondenvironment/lib/python3.8/site-packages/airflow/example_dags/tutorial_taskflow_templates.py took 0.045 seconds
[2025-09-14T09:37:03.500+0545] {processor.py:186} INFO - Started process (PID=31173) to work on /home/ashok/miniconda3/envs/mysecondenvironment/lib/python3.8/site-packages/airflow/example_dags/tutorial_taskflow_templates.py
[2025-09-14T09:37:03.502+0545] {processor.py:914} INFO - Processing file /home/ashok/miniconda3/envs/mysecondenvironment/lib/python3.8/site-packages/airflow/example_dags/tutorial_taskflow_templates.py for tasks to queue
[2025-09-14T09:37:03.503+0545] {logging_mixin.py:190} INFO - [2025-09-14T09:37:03.503+0545] {dagbag.py:588} INFO - Filling up the DagBag from /home/ashok/miniconda3/envs/mysecondenvironment/lib/python3.8/site-packages/airflow/example_dags/tutorial_taskflow_templates.py
[2025-09-14T09:37:03.509+0545] {processor.py:925} INFO - DAG(s) 'tutorial_taskflow_templates' retrieved from /home/ashok/miniconda3/envs/mysecondenvironment/lib/python3.8/site-packages/airflow/example_dags/tutorial_taskflow_templates.py
[2025-09-14T09:37:03.516+0545] {logging_mixin.py:190} INFO - [2025-09-14T09:37:03.516+0545] {dag.py:3239} INFO - Sync 1 DAGs
[2025-09-14T09:37:03.524+0545] {logging_mixin.py:190} INFO - [2025-09-14T09:37:03.524+0545] {dag.py:4180} INFO - Setting next_dagrun for tutorial_taskflow_templates to 2025-09-13 00:00:00+00:00, run_after=2025-09-14 00:00:00+00:00
[2025-09-14T09:37:03.541+0545] {processor.py:208} INFO - Processing /home/ashok/miniconda3/envs/mysecondenvironment/lib/python3.8/site-packages/airflow/example_dags/tutorial_taskflow_templates.py took 0.045 seconds
[2025-09-14T09:37:55.604+0545] {processor.py:186} INFO - Started process (PID=31588) to work on /home/ashok/miniconda3/envs/mysecondenvironment/lib/python3.8/site-packages/airflow/example_dags/tutorial_taskflow_templates.py
[2025-09-14T09:37:55.605+0545] {processor.py:914} INFO - Processing file /home/ashok/miniconda3/envs/mysecondenvironment/lib/python3.8/site-packages/airflow/example_dags/tutorial_taskflow_templates.py for tasks to queue
[2025-09-14T09:37:55.606+0545] {logging_mixin.py:190} INFO - [2025-09-14T09:37:55.606+0545] {dagbag.py:588} INFO - Filling up the DagBag from /home/ashok/miniconda3/envs/mysecondenvironment/lib/python3.8/site-packages/airflow/example_dags/tutorial_taskflow_templates.py
[2025-09-14T09:37:55.613+0545] {processor.py:925} INFO - DAG(s) 'tutorial_taskflow_templates' retrieved from /home/ashok/miniconda3/envs/mysecondenvironment/lib/python3.8/site-packages/airflow/example_dags/tutorial_taskflow_templates.py
[2025-09-14T09:37:55.622+0545] {logging_mixin.py:190} INFO - [2025-09-14T09:37:55.622+0545] {dag.py:3239} INFO - Sync 1 DAGs
[2025-09-14T09:37:55.631+0545] {logging_mixin.py:190} INFO - [2025-09-14T09:37:55.631+0545] {dag.py:4180} INFO - Setting next_dagrun for tutorial_taskflow_templates to 2025-09-13 00:00:00+00:00, run_after=2025-09-14 00:00:00+00:00
[2025-09-14T09:37:55.647+0545] {processor.py:208} INFO - Processing /home/ashok/miniconda3/envs/mysecondenvironment/lib/python3.8/site-packages/airflow/example_dags/tutorial_taskflow_templates.py took 0.048 seconds
[2025-09-14T09:38:51.782+0545] {processor.py:186} INFO - Started process (PID=32196) to work on /home/ashok/miniconda3/envs/mysecondenvironment/lib/python3.8/site-packages/airflow/example_dags/tutorial_taskflow_templates.py
[2025-09-14T09:38:51.785+0545] {processor.py:914} INFO - Processing file /home/ashok/miniconda3/envs/mysecondenvironment/lib/python3.8/site-packages/airflow/example_dags/tutorial_taskflow_templates.py for tasks to queue
[2025-09-14T09:38:51.786+0545] {logging_mixin.py:190} INFO - [2025-09-14T09:38:51.785+0545] {dagbag.py:588} INFO - Filling up the DagBag from /home/ashok/miniconda3/envs/mysecondenvironment/lib/python3.8/site-packages/airflow/example_dags/tutorial_taskflow_templates.py
[2025-09-14T09:38:51.791+0545] {processor.py:925} INFO - DAG(s) 'tutorial_taskflow_templates' retrieved from /home/ashok/miniconda3/envs/mysecondenvironment/lib/python3.8/site-packages/airflow/example_dags/tutorial_taskflow_templates.py
[2025-09-14T09:38:51.799+0545] {logging_mixin.py:190} INFO - [2025-09-14T09:38:51.799+0545] {dag.py:3239} INFO - Sync 1 DAGs
[2025-09-14T09:38:51.808+0545] {logging_mixin.py:190} INFO - [2025-09-14T09:38:51.808+0545] {dag.py:4180} INFO - Setting next_dagrun for tutorial_taskflow_templates to 2025-09-13 00:00:00+00:00, run_after=2025-09-14 00:00:00+00:00
[2025-09-14T09:38:51.825+0545] {processor.py:208} INFO - Processing /home/ashok/miniconda3/envs/mysecondenvironment/lib/python3.8/site-packages/airflow/example_dags/tutorial_taskflow_templates.py took 0.047 seconds
[2025-09-14T09:39:49.259+0545] {processor.py:186} INFO - Started process (PID=32633) to work on /home/ashok/miniconda3/envs/mysecondenvironment/lib/python3.8/site-packages/airflow/example_dags/tutorial_taskflow_templates.py
[2025-09-14T09:39:49.261+0545] {processor.py:914} INFO - Processing file /home/ashok/miniconda3/envs/mysecondenvironment/lib/python3.8/site-packages/airflow/example_dags/tutorial_taskflow_templates.py for tasks to queue
[2025-09-14T09:39:49.262+0545] {logging_mixin.py:190} INFO - [2025-09-14T09:39:49.262+0545] {dagbag.py:588} INFO - Filling up the DagBag from /home/ashok/miniconda3/envs/mysecondenvironment/lib/python3.8/site-packages/airflow/example_dags/tutorial_taskflow_templates.py
[2025-09-14T09:39:49.268+0545] {processor.py:925} INFO - DAG(s) 'tutorial_taskflow_templates' retrieved from /home/ashok/miniconda3/envs/mysecondenvironment/lib/python3.8/site-packages/airflow/example_dags/tutorial_taskflow_templates.py
[2025-09-14T09:39:49.275+0545] {logging_mixin.py:190} INFO - [2025-09-14T09:39:49.275+0545] {dag.py:3239} INFO - Sync 1 DAGs
[2025-09-14T09:39:49.283+0545] {logging_mixin.py:190} INFO - [2025-09-14T09:39:49.283+0545] {dag.py:4180} INFO - Setting next_dagrun for tutorial_taskflow_templates to 2025-09-13 00:00:00+00:00, run_after=2025-09-14 00:00:00+00:00
[2025-09-14T09:39:49.299+0545] {processor.py:208} INFO - Processing /home/ashok/miniconda3/envs/mysecondenvironment/lib/python3.8/site-packages/airflow/example_dags/tutorial_taskflow_templates.py took 0.044 seconds
[2025-09-14T09:40:43.833+0545] {processor.py:186} INFO - Started process (PID=33041) to work on /home/ashok/miniconda3/envs/mysecondenvironment/lib/python3.8/site-packages/airflow/example_dags/tutorial_taskflow_templates.py
[2025-09-14T09:40:43.835+0545] {processor.py:914} INFO - Processing file /home/ashok/miniconda3/envs/mysecondenvironment/lib/python3.8/site-packages/airflow/example_dags/tutorial_taskflow_templates.py for tasks to queue
[2025-09-14T09:40:43.835+0545] {logging_mixin.py:190} INFO - [2025-09-14T09:40:43.835+0545] {dagbag.py:588} INFO - Filling up the DagBag from /home/ashok/miniconda3/envs/mysecondenvironment/lib/python3.8/site-packages/airflow/example_dags/tutorial_taskflow_templates.py
[2025-09-14T09:40:43.842+0545] {processor.py:925} INFO - DAG(s) 'tutorial_taskflow_templates' retrieved from /home/ashok/miniconda3/envs/mysecondenvironment/lib/python3.8/site-packages/airflow/example_dags/tutorial_taskflow_templates.py
[2025-09-14T09:40:43.850+0545] {logging_mixin.py:190} INFO - [2025-09-14T09:40:43.850+0545] {dag.py:3239} INFO - Sync 1 DAGs
[2025-09-14T09:40:43.860+0545] {logging_mixin.py:190} INFO - [2025-09-14T09:40:43.860+0545] {dag.py:4180} INFO - Setting next_dagrun for tutorial_taskflow_templates to 2025-09-13 00:00:00+00:00, run_after=2025-09-14 00:00:00+00:00
[2025-09-14T09:40:43.876+0545] {processor.py:208} INFO - Processing /home/ashok/miniconda3/envs/mysecondenvironment/lib/python3.8/site-packages/airflow/example_dags/tutorial_taskflow_templates.py took 0.047 seconds
[2025-09-14T09:41:41.773+0545] {processor.py:186} INFO - Started process (PID=33473) to work on /home/ashok/miniconda3/envs/mysecondenvironment/lib/python3.8/site-packages/airflow/example_dags/tutorial_taskflow_templates.py
[2025-09-14T09:41:41.776+0545] {processor.py:914} INFO - Processing file /home/ashok/miniconda3/envs/mysecondenvironment/lib/python3.8/site-packages/airflow/example_dags/tutorial_taskflow_templates.py for tasks to queue
[2025-09-14T09:41:41.777+0545] {logging_mixin.py:190} INFO - [2025-09-14T09:41:41.776+0545] {dagbag.py:588} INFO - Filling up the DagBag from /home/ashok/miniconda3/envs/mysecondenvironment/lib/python3.8/site-packages/airflow/example_dags/tutorial_taskflow_templates.py
[2025-09-14T09:41:41.782+0545] {processor.py:925} INFO - DAG(s) 'tutorial_taskflow_templates' retrieved from /home/ashok/miniconda3/envs/mysecondenvironment/lib/python3.8/site-packages/airflow/example_dags/tutorial_taskflow_templates.py
[2025-09-14T09:41:41.790+0545] {logging_mixin.py:190} INFO - [2025-09-14T09:41:41.789+0545] {dag.py:3239} INFO - Sync 1 DAGs
[2025-09-14T09:41:41.798+0545] {logging_mixin.py:190} INFO - [2025-09-14T09:41:41.797+0545] {dag.py:4180} INFO - Setting next_dagrun for tutorial_taskflow_templates to 2025-09-13 00:00:00+00:00, run_after=2025-09-14 00:00:00+00:00
[2025-09-14T09:41:41.816+0545] {processor.py:208} INFO - Processing /home/ashok/miniconda3/envs/mysecondenvironment/lib/python3.8/site-packages/airflow/example_dags/tutorial_taskflow_templates.py took 0.046 seconds
[2025-09-14T09:42:35.627+0545] {processor.py:186} INFO - Started process (PID=33946) to work on /home/ashok/miniconda3/envs/mysecondenvironment/lib/python3.8/site-packages/airflow/example_dags/tutorial_taskflow_templates.py
[2025-09-14T09:42:35.629+0545] {processor.py:914} INFO - Processing file /home/ashok/miniconda3/envs/mysecondenvironment/lib/python3.8/site-packages/airflow/example_dags/tutorial_taskflow_templates.py for tasks to queue
[2025-09-14T09:42:35.630+0545] {logging_mixin.py:190} INFO - [2025-09-14T09:42:35.630+0545] {dagbag.py:588} INFO - Filling up the DagBag from /home/ashok/miniconda3/envs/mysecondenvironment/lib/python3.8/site-packages/airflow/example_dags/tutorial_taskflow_templates.py
[2025-09-14T09:42:35.635+0545] {processor.py:925} INFO - DAG(s) 'tutorial_taskflow_templates' retrieved from /home/ashok/miniconda3/envs/mysecondenvironment/lib/python3.8/site-packages/airflow/example_dags/tutorial_taskflow_templates.py
[2025-09-14T09:42:35.643+0545] {logging_mixin.py:190} INFO - [2025-09-14T09:42:35.643+0545] {dag.py:3239} INFO - Sync 1 DAGs
[2025-09-14T09:42:35.651+0545] {logging_mixin.py:190} INFO - [2025-09-14T09:42:35.650+0545] {dag.py:4180} INFO - Setting next_dagrun for tutorial_taskflow_templates to 2025-09-13 00:00:00+00:00, run_after=2025-09-14 00:00:00+00:00
[2025-09-14T09:42:35.669+0545] {processor.py:208} INFO - Processing /home/ashok/miniconda3/envs/mysecondenvironment/lib/python3.8/site-packages/airflow/example_dags/tutorial_taskflow_templates.py took 0.045 seconds
[2025-09-14T09:43:32.068+0545] {processor.py:186} INFO - Started process (PID=34327) to work on /home/ashok/miniconda3/envs/mysecondenvironment/lib/python3.8/site-packages/airflow/example_dags/tutorial_taskflow_templates.py
[2025-09-14T09:43:32.070+0545] {processor.py:914} INFO - Processing file /home/ashok/miniconda3/envs/mysecondenvironment/lib/python3.8/site-packages/airflow/example_dags/tutorial_taskflow_templates.py for tasks to queue
[2025-09-14T09:43:32.071+0545] {logging_mixin.py:190} INFO - [2025-09-14T09:43:32.071+0545] {dagbag.py:588} INFO - Filling up the DagBag from /home/ashok/miniconda3/envs/mysecondenvironment/lib/python3.8/site-packages/airflow/example_dags/tutorial_taskflow_templates.py
[2025-09-14T09:43:32.078+0545] {processor.py:925} INFO - DAG(s) 'tutorial_taskflow_templates' retrieved from /home/ashok/miniconda3/envs/mysecondenvironment/lib/python3.8/site-packages/airflow/example_dags/tutorial_taskflow_templates.py
[2025-09-14T09:43:32.086+0545] {logging_mixin.py:190} INFO - [2025-09-14T09:43:32.086+0545] {dag.py:3239} INFO - Sync 1 DAGs
[2025-09-14T09:43:32.094+0545] {logging_mixin.py:190} INFO - [2025-09-14T09:43:32.094+0545] {dag.py:4180} INFO - Setting next_dagrun for tutorial_taskflow_templates to 2025-09-13 00:00:00+00:00, run_after=2025-09-14 00:00:00+00:00
[2025-09-14T09:43:32.109+0545] {processor.py:208} INFO - Processing /home/ashok/miniconda3/envs/mysecondenvironment/lib/python3.8/site-packages/airflow/example_dags/tutorial_taskflow_templates.py took 0.044 seconds
[2025-09-14T09:44:29.763+0545] {processor.py:186} INFO - Started process (PID=34742) to work on /home/ashok/miniconda3/envs/mysecondenvironment/lib/python3.8/site-packages/airflow/example_dags/tutorial_taskflow_templates.py
[2025-09-14T09:44:29.765+0545] {processor.py:914} INFO - Processing file /home/ashok/miniconda3/envs/mysecondenvironment/lib/python3.8/site-packages/airflow/example_dags/tutorial_taskflow_templates.py for tasks to queue
[2025-09-14T09:44:29.766+0545] {logging_mixin.py:190} INFO - [2025-09-14T09:44:29.766+0545] {dagbag.py:588} INFO - Filling up the DagBag from /home/ashok/miniconda3/envs/mysecondenvironment/lib/python3.8/site-packages/airflow/example_dags/tutorial_taskflow_templates.py
[2025-09-14T09:44:29.772+0545] {processor.py:925} INFO - DAG(s) 'tutorial_taskflow_templates' retrieved from /home/ashok/miniconda3/envs/mysecondenvironment/lib/python3.8/site-packages/airflow/example_dags/tutorial_taskflow_templates.py
[2025-09-14T09:44:29.779+0545] {logging_mixin.py:190} INFO - [2025-09-14T09:44:29.779+0545] {dag.py:3239} INFO - Sync 1 DAGs
[2025-09-14T09:44:29.788+0545] {logging_mixin.py:190} INFO - [2025-09-14T09:44:29.788+0545] {dag.py:4180} INFO - Setting next_dagrun for tutorial_taskflow_templates to 2025-09-13 00:00:00+00:00, run_after=2025-09-14 00:00:00+00:00
[2025-09-14T09:44:29.806+0545] {processor.py:208} INFO - Processing /home/ashok/miniconda3/envs/mysecondenvironment/lib/python3.8/site-packages/airflow/example_dags/tutorial_taskflow_templates.py took 0.046 seconds
[2025-09-14T09:45:26.300+0545] {processor.py:186} INFO - Started process (PID=35136) to work on /home/ashok/miniconda3/envs/mysecondenvironment/lib/python3.8/site-packages/airflow/example_dags/tutorial_taskflow_templates.py
[2025-09-14T09:45:26.303+0545] {processor.py:914} INFO - Processing file /home/ashok/miniconda3/envs/mysecondenvironment/lib/python3.8/site-packages/airflow/example_dags/tutorial_taskflow_templates.py for tasks to queue
[2025-09-14T09:45:26.303+0545] {logging_mixin.py:190} INFO - [2025-09-14T09:45:26.303+0545] {dagbag.py:588} INFO - Filling up the DagBag from /home/ashok/miniconda3/envs/mysecondenvironment/lib/python3.8/site-packages/airflow/example_dags/tutorial_taskflow_templates.py
[2025-09-14T09:45:26.309+0545] {processor.py:925} INFO - DAG(s) 'tutorial_taskflow_templates' retrieved from /home/ashok/miniconda3/envs/mysecondenvironment/lib/python3.8/site-packages/airflow/example_dags/tutorial_taskflow_templates.py
[2025-09-14T09:45:26.317+0545] {logging_mixin.py:190} INFO - [2025-09-14T09:45:26.317+0545] {dag.py:3239} INFO - Sync 1 DAGs
[2025-09-14T09:45:26.326+0545] {logging_mixin.py:190} INFO - [2025-09-14T09:45:26.326+0545] {dag.py:4180} INFO - Setting next_dagrun for tutorial_taskflow_templates to 2025-09-13 00:00:00+00:00, run_after=2025-09-14 00:00:00+00:00
[2025-09-14T09:45:26.341+0545] {processor.py:208} INFO - Processing /home/ashok/miniconda3/envs/mysecondenvironment/lib/python3.8/site-packages/airflow/example_dags/tutorial_taskflow_templates.py took 0.045 seconds
[2025-09-14T09:46:18.488+0545] {processor.py:186} INFO - Started process (PID=35508) to work on /home/ashok/miniconda3/envs/mysecondenvironment/lib/python3.8/site-packages/airflow/example_dags/tutorial_taskflow_templates.py
[2025-09-14T09:46:18.489+0545] {processor.py:914} INFO - Processing file /home/ashok/miniconda3/envs/mysecondenvironment/lib/python3.8/site-packages/airflow/example_dags/tutorial_taskflow_templates.py for tasks to queue
[2025-09-14T09:46:18.490+0545] {logging_mixin.py:190} INFO - [2025-09-14T09:46:18.490+0545] {dagbag.py:588} INFO - Filling up the DagBag from /home/ashok/miniconda3/envs/mysecondenvironment/lib/python3.8/site-packages/airflow/example_dags/tutorial_taskflow_templates.py
[2025-09-14T09:46:18.496+0545] {processor.py:925} INFO - DAG(s) 'tutorial_taskflow_templates' retrieved from /home/ashok/miniconda3/envs/mysecondenvironment/lib/python3.8/site-packages/airflow/example_dags/tutorial_taskflow_templates.py
[2025-09-14T09:46:18.505+0545] {logging_mixin.py:190} INFO - [2025-09-14T09:46:18.505+0545] {dag.py:3239} INFO - Sync 1 DAGs
[2025-09-14T09:46:18.514+0545] {logging_mixin.py:190} INFO - [2025-09-14T09:46:18.514+0545] {dag.py:4180} INFO - Setting next_dagrun for tutorial_taskflow_templates to 2025-09-13 00:00:00+00:00, run_after=2025-09-14 00:00:00+00:00
[2025-09-14T09:46:18.529+0545] {processor.py:208} INFO - Processing /home/ashok/miniconda3/envs/mysecondenvironment/lib/python3.8/site-packages/airflow/example_dags/tutorial_taskflow_templates.py took 0.045 seconds
[2025-09-14T09:47:11.637+0545] {processor.py:186} INFO - Started process (PID=35897) to work on /home/ashok/miniconda3/envs/mysecondenvironment/lib/python3.8/site-packages/airflow/example_dags/tutorial_taskflow_templates.py
[2025-09-14T09:47:11.639+0545] {processor.py:914} INFO - Processing file /home/ashok/miniconda3/envs/mysecondenvironment/lib/python3.8/site-packages/airflow/example_dags/tutorial_taskflow_templates.py for tasks to queue
[2025-09-14T09:47:11.640+0545] {logging_mixin.py:190} INFO - [2025-09-14T09:47:11.640+0545] {dagbag.py:588} INFO - Filling up the DagBag from /home/ashok/miniconda3/envs/mysecondenvironment/lib/python3.8/site-packages/airflow/example_dags/tutorial_taskflow_templates.py
[2025-09-14T09:47:11.646+0545] {processor.py:925} INFO - DAG(s) 'tutorial_taskflow_templates' retrieved from /home/ashok/miniconda3/envs/mysecondenvironment/lib/python3.8/site-packages/airflow/example_dags/tutorial_taskflow_templates.py
[2025-09-14T09:47:11.655+0545] {logging_mixin.py:190} INFO - [2025-09-14T09:47:11.655+0545] {dag.py:3239} INFO - Sync 1 DAGs
[2025-09-14T09:47:11.665+0545] {logging_mixin.py:190} INFO - [2025-09-14T09:47:11.664+0545] {dag.py:4180} INFO - Setting next_dagrun for tutorial_taskflow_templates to 2025-09-13 00:00:00+00:00, run_after=2025-09-14 00:00:00+00:00
[2025-09-14T09:47:11.681+0545] {processor.py:208} INFO - Processing /home/ashok/miniconda3/envs/mysecondenvironment/lib/python3.8/site-packages/airflow/example_dags/tutorial_taskflow_templates.py took 0.047 seconds
[2025-09-14T09:48:05.586+0545] {processor.py:186} INFO - Started process (PID=36244) to work on /home/ashok/miniconda3/envs/mysecondenvironment/lib/python3.8/site-packages/airflow/example_dags/tutorial_taskflow_templates.py
[2025-09-14T09:48:05.586+0545] {processor.py:914} INFO - Processing file /home/ashok/miniconda3/envs/mysecondenvironment/lib/python3.8/site-packages/airflow/example_dags/tutorial_taskflow_templates.py for tasks to queue
[2025-09-14T09:48:05.587+0545] {logging_mixin.py:190} INFO - [2025-09-14T09:48:05.587+0545] {dagbag.py:588} INFO - Filling up the DagBag from /home/ashok/miniconda3/envs/mysecondenvironment/lib/python3.8/site-packages/airflow/example_dags/tutorial_taskflow_templates.py
[2025-09-14T09:48:05.594+0545] {processor.py:925} INFO - DAG(s) 'tutorial_taskflow_templates' retrieved from /home/ashok/miniconda3/envs/mysecondenvironment/lib/python3.8/site-packages/airflow/example_dags/tutorial_taskflow_templates.py
[2025-09-14T09:48:05.603+0545] {logging_mixin.py:190} INFO - [2025-09-14T09:48:05.603+0545] {dag.py:3239} INFO - Sync 1 DAGs
[2025-09-14T09:48:05.612+0545] {logging_mixin.py:190} INFO - [2025-09-14T09:48:05.612+0545] {dag.py:4180} INFO - Setting next_dagrun for tutorial_taskflow_templates to 2025-09-13 00:00:00+00:00, run_after=2025-09-14 00:00:00+00:00
[2025-09-14T09:48:05.629+0545] {processor.py:208} INFO - Processing /home/ashok/miniconda3/envs/mysecondenvironment/lib/python3.8/site-packages/airflow/example_dags/tutorial_taskflow_templates.py took 0.048 seconds
[2025-09-14T09:49:00.982+0545] {processor.py:186} INFO - Started process (PID=36657) to work on /home/ashok/miniconda3/envs/mysecondenvironment/lib/python3.8/site-packages/airflow/example_dags/tutorial_taskflow_templates.py
[2025-09-14T09:49:00.984+0545] {processor.py:914} INFO - Processing file /home/ashok/miniconda3/envs/mysecondenvironment/lib/python3.8/site-packages/airflow/example_dags/tutorial_taskflow_templates.py for tasks to queue
[2025-09-14T09:49:00.985+0545] {logging_mixin.py:190} INFO - [2025-09-14T09:49:00.985+0545] {dagbag.py:588} INFO - Filling up the DagBag from /home/ashok/miniconda3/envs/mysecondenvironment/lib/python3.8/site-packages/airflow/example_dags/tutorial_taskflow_templates.py
[2025-09-14T09:49:00.991+0545] {processor.py:925} INFO - DAG(s) 'tutorial_taskflow_templates' retrieved from /home/ashok/miniconda3/envs/mysecondenvironment/lib/python3.8/site-packages/airflow/example_dags/tutorial_taskflow_templates.py
[2025-09-14T09:49:00.999+0545] {logging_mixin.py:190} INFO - [2025-09-14T09:49:00.999+0545] {dag.py:3239} INFO - Sync 1 DAGs
[2025-09-14T09:49:01.007+0545] {logging_mixin.py:190} INFO - [2025-09-14T09:49:01.007+0545] {dag.py:4180} INFO - Setting next_dagrun for tutorial_taskflow_templates to 2025-09-13 00:00:00+00:00, run_after=2025-09-14 00:00:00+00:00
[2025-09-14T09:49:01.025+0545] {processor.py:208} INFO - Processing /home/ashok/miniconda3/envs/mysecondenvironment/lib/python3.8/site-packages/airflow/example_dags/tutorial_taskflow_templates.py took 0.047 seconds
[2025-09-14T09:49:53.564+0545] {processor.py:186} INFO - Started process (PID=37015) to work on /home/ashok/miniconda3/envs/mysecondenvironment/lib/python3.8/site-packages/airflow/example_dags/tutorial_taskflow_templates.py
[2025-09-14T09:49:53.567+0545] {processor.py:914} INFO - Processing file /home/ashok/miniconda3/envs/mysecondenvironment/lib/python3.8/site-packages/airflow/example_dags/tutorial_taskflow_templates.py for tasks to queue
[2025-09-14T09:49:53.568+0545] {logging_mixin.py:190} INFO - [2025-09-14T09:49:53.567+0545] {dagbag.py:588} INFO - Filling up the DagBag from /home/ashok/miniconda3/envs/mysecondenvironment/lib/python3.8/site-packages/airflow/example_dags/tutorial_taskflow_templates.py
[2025-09-14T09:49:53.573+0545] {processor.py:925} INFO - DAG(s) 'tutorial_taskflow_templates' retrieved from /home/ashok/miniconda3/envs/mysecondenvironment/lib/python3.8/site-packages/airflow/example_dags/tutorial_taskflow_templates.py
[2025-09-14T09:49:53.581+0545] {logging_mixin.py:190} INFO - [2025-09-14T09:49:53.580+0545] {dag.py:3239} INFO - Sync 1 DAGs
[2025-09-14T09:49:53.589+0545] {logging_mixin.py:190} INFO - [2025-09-14T09:49:53.589+0545] {dag.py:4180} INFO - Setting next_dagrun for tutorial_taskflow_templates to 2025-09-13 00:00:00+00:00, run_after=2025-09-14 00:00:00+00:00
[2025-09-14T09:49:53.606+0545] {processor.py:208} INFO - Processing /home/ashok/miniconda3/envs/mysecondenvironment/lib/python3.8/site-packages/airflow/example_dags/tutorial_taskflow_templates.py took 0.046 seconds
[2025-09-14T09:50:51.415+0545] {processor.py:186} INFO - Started process (PID=37488) to work on /home/ashok/miniconda3/envs/mysecondenvironment/lib/python3.8/site-packages/airflow/example_dags/tutorial_taskflow_templates.py
[2025-09-14T09:50:51.418+0545] {processor.py:914} INFO - Processing file /home/ashok/miniconda3/envs/mysecondenvironment/lib/python3.8/site-packages/airflow/example_dags/tutorial_taskflow_templates.py for tasks to queue
[2025-09-14T09:50:51.419+0545] {logging_mixin.py:190} INFO - [2025-09-14T09:50:51.418+0545] {dagbag.py:588} INFO - Filling up the DagBag from /home/ashok/miniconda3/envs/mysecondenvironment/lib/python3.8/site-packages/airflow/example_dags/tutorial_taskflow_templates.py
[2025-09-14T09:50:51.424+0545] {processor.py:925} INFO - DAG(s) 'tutorial_taskflow_templates' retrieved from /home/ashok/miniconda3/envs/mysecondenvironment/lib/python3.8/site-packages/airflow/example_dags/tutorial_taskflow_templates.py
[2025-09-14T09:50:51.432+0545] {logging_mixin.py:190} INFO - [2025-09-14T09:50:51.431+0545] {dag.py:3239} INFO - Sync 1 DAGs
[2025-09-14T09:50:51.440+0545] {logging_mixin.py:190} INFO - [2025-09-14T09:50:51.440+0545] {dag.py:4180} INFO - Setting next_dagrun for tutorial_taskflow_templates to 2025-09-13 00:00:00+00:00, run_after=2025-09-14 00:00:00+00:00
[2025-09-14T09:50:51.460+0545] {processor.py:208} INFO - Processing /home/ashok/miniconda3/envs/mysecondenvironment/lib/python3.8/site-packages/airflow/example_dags/tutorial_taskflow_templates.py took 0.048 seconds
[2025-09-14T09:51:47.151+0545] {processor.py:186} INFO - Started process (PID=37896) to work on /home/ashok/miniconda3/envs/mysecondenvironment/lib/python3.8/site-packages/airflow/example_dags/tutorial_taskflow_templates.py
[2025-09-14T09:51:47.153+0545] {processor.py:914} INFO - Processing file /home/ashok/miniconda3/envs/mysecondenvironment/lib/python3.8/site-packages/airflow/example_dags/tutorial_taskflow_templates.py for tasks to queue
[2025-09-14T09:51:47.154+0545] {logging_mixin.py:190} INFO - [2025-09-14T09:51:47.154+0545] {dagbag.py:588} INFO - Filling up the DagBag from /home/ashok/miniconda3/envs/mysecondenvironment/lib/python3.8/site-packages/airflow/example_dags/tutorial_taskflow_templates.py
[2025-09-14T09:51:47.162+0545] {processor.py:925} INFO - DAG(s) 'tutorial_taskflow_templates' retrieved from /home/ashok/miniconda3/envs/mysecondenvironment/lib/python3.8/site-packages/airflow/example_dags/tutorial_taskflow_templates.py
[2025-09-14T09:51:47.173+0545] {logging_mixin.py:190} INFO - [2025-09-14T09:51:47.173+0545] {dag.py:3239} INFO - Sync 1 DAGs
[2025-09-14T09:51:47.183+0545] {logging_mixin.py:190} INFO - [2025-09-14T09:51:47.183+0545] {dag.py:4180} INFO - Setting next_dagrun for tutorial_taskflow_templates to 2025-09-13 00:00:00+00:00, run_after=2025-09-14 00:00:00+00:00
[2025-09-14T09:51:47.290+0545] {processor.py:208} INFO - Processing /home/ashok/miniconda3/envs/mysecondenvironment/lib/python3.8/site-packages/airflow/example_dags/tutorial_taskflow_templates.py took 0.144 seconds
[2025-09-14T09:52:46.440+0545] {processor.py:186} INFO - Started process (PID=38405) to work on /home/ashok/miniconda3/envs/mysecondenvironment/lib/python3.8/site-packages/airflow/example_dags/tutorial_taskflow_templates.py
[2025-09-14T09:52:46.442+0545] {processor.py:914} INFO - Processing file /home/ashok/miniconda3/envs/mysecondenvironment/lib/python3.8/site-packages/airflow/example_dags/tutorial_taskflow_templates.py for tasks to queue
[2025-09-14T09:52:46.443+0545] {logging_mixin.py:190} INFO - [2025-09-14T09:52:46.443+0545] {dagbag.py:588} INFO - Filling up the DagBag from /home/ashok/miniconda3/envs/mysecondenvironment/lib/python3.8/site-packages/airflow/example_dags/tutorial_taskflow_templates.py
[2025-09-14T09:52:46.449+0545] {processor.py:925} INFO - DAG(s) 'tutorial_taskflow_templates' retrieved from /home/ashok/miniconda3/envs/mysecondenvironment/lib/python3.8/site-packages/airflow/example_dags/tutorial_taskflow_templates.py
[2025-09-14T09:52:46.457+0545] {logging_mixin.py:190} INFO - [2025-09-14T09:52:46.456+0545] {dag.py:3239} INFO - Sync 1 DAGs
[2025-09-14T09:52:46.466+0545] {logging_mixin.py:190} INFO - [2025-09-14T09:52:46.466+0545] {dag.py:4180} INFO - Setting next_dagrun for tutorial_taskflow_templates to 2025-09-13 00:00:00+00:00, run_after=2025-09-14 00:00:00+00:00
[2025-09-14T09:52:46.481+0545] {processor.py:208} INFO - Processing /home/ashok/miniconda3/envs/mysecondenvironment/lib/python3.8/site-packages/airflow/example_dags/tutorial_taskflow_templates.py took 0.045 seconds
[2025-09-14T09:53:44.051+0545] {processor.py:186} INFO - Started process (PID=39104) to work on /home/ashok/miniconda3/envs/mysecondenvironment/lib/python3.8/site-packages/airflow/example_dags/tutorial_taskflow_templates.py
[2025-09-14T09:53:44.053+0545] {processor.py:914} INFO - Processing file /home/ashok/miniconda3/envs/mysecondenvironment/lib/python3.8/site-packages/airflow/example_dags/tutorial_taskflow_templates.py for tasks to queue
[2025-09-14T09:53:44.054+0545] {logging_mixin.py:190} INFO - [2025-09-14T09:53:44.054+0545] {dagbag.py:588} INFO - Filling up the DagBag from /home/ashok/miniconda3/envs/mysecondenvironment/lib/python3.8/site-packages/airflow/example_dags/tutorial_taskflow_templates.py
[2025-09-14T09:53:44.060+0545] {processor.py:925} INFO - DAG(s) 'tutorial_taskflow_templates' retrieved from /home/ashok/miniconda3/envs/mysecondenvironment/lib/python3.8/site-packages/airflow/example_dags/tutorial_taskflow_templates.py
[2025-09-14T09:53:44.069+0545] {logging_mixin.py:190} INFO - [2025-09-14T09:53:44.069+0545] {dag.py:3239} INFO - Sync 1 DAGs
[2025-09-14T09:53:44.079+0545] {logging_mixin.py:190} INFO - [2025-09-14T09:53:44.078+0545] {dag.py:4180} INFO - Setting next_dagrun for tutorial_taskflow_templates to 2025-09-13 00:00:00+00:00, run_after=2025-09-14 00:00:00+00:00
[2025-09-14T09:53:44.095+0545] {processor.py:208} INFO - Processing /home/ashok/miniconda3/envs/mysecondenvironment/lib/python3.8/site-packages/airflow/example_dags/tutorial_taskflow_templates.py took 0.048 seconds
[2025-09-14T09:54:40.235+0545] {processor.py:186} INFO - Started process (PID=39522) to work on /home/ashok/miniconda3/envs/mysecondenvironment/lib/python3.8/site-packages/airflow/example_dags/tutorial_taskflow_templates.py
[2025-09-14T09:54:40.237+0545] {processor.py:914} INFO - Processing file /home/ashok/miniconda3/envs/mysecondenvironment/lib/python3.8/site-packages/airflow/example_dags/tutorial_taskflow_templates.py for tasks to queue
[2025-09-14T09:54:40.238+0545] {logging_mixin.py:190} INFO - [2025-09-14T09:54:40.238+0545] {dagbag.py:588} INFO - Filling up the DagBag from /home/ashok/miniconda3/envs/mysecondenvironment/lib/python3.8/site-packages/airflow/example_dags/tutorial_taskflow_templates.py
[2025-09-14T09:54:40.245+0545] {processor.py:925} INFO - DAG(s) 'tutorial_taskflow_templates' retrieved from /home/ashok/miniconda3/envs/mysecondenvironment/lib/python3.8/site-packages/airflow/example_dags/tutorial_taskflow_templates.py
[2025-09-14T09:54:40.253+0545] {logging_mixin.py:190} INFO - [2025-09-14T09:54:40.253+0545] {dag.py:3239} INFO - Sync 1 DAGs
[2025-09-14T09:54:40.261+0545] {logging_mixin.py:190} INFO - [2025-09-14T09:54:40.261+0545] {dag.py:4180} INFO - Setting next_dagrun for tutorial_taskflow_templates to 2025-09-13 00:00:00+00:00, run_after=2025-09-14 00:00:00+00:00
[2025-09-14T09:54:40.279+0545] {processor.py:208} INFO - Processing /home/ashok/miniconda3/envs/mysecondenvironment/lib/python3.8/site-packages/airflow/example_dags/tutorial_taskflow_templates.py took 0.047 seconds
[2025-09-14T09:55:32.248+0545] {processor.py:186} INFO - Started process (PID=39958) to work on /home/ashok/miniconda3/envs/mysecondenvironment/lib/python3.8/site-packages/airflow/example_dags/tutorial_taskflow_templates.py
[2025-09-14T09:55:32.250+0545] {processor.py:914} INFO - Processing file /home/ashok/miniconda3/envs/mysecondenvironment/lib/python3.8/site-packages/airflow/example_dags/tutorial_taskflow_templates.py for tasks to queue
[2025-09-14T09:55:32.251+0545] {logging_mixin.py:190} INFO - [2025-09-14T09:55:32.251+0545] {dagbag.py:588} INFO - Filling up the DagBag from /home/ashok/miniconda3/envs/mysecondenvironment/lib/python3.8/site-packages/airflow/example_dags/tutorial_taskflow_templates.py
[2025-09-14T09:55:32.259+0545] {processor.py:925} INFO - DAG(s) 'tutorial_taskflow_templates' retrieved from /home/ashok/miniconda3/envs/mysecondenvironment/lib/python3.8/site-packages/airflow/example_dags/tutorial_taskflow_templates.py
[2025-09-14T09:55:32.266+0545] {logging_mixin.py:190} INFO - [2025-09-14T09:55:32.266+0545] {dag.py:3239} INFO - Sync 1 DAGs
[2025-09-14T09:55:32.274+0545] {logging_mixin.py:190} INFO - [2025-09-14T09:55:32.274+0545] {dag.py:4180} INFO - Setting next_dagrun for tutorial_taskflow_templates to 2025-09-13 00:00:00+00:00, run_after=2025-09-14 00:00:00+00:00
[2025-09-14T09:55:32.293+0545] {processor.py:208} INFO - Processing /home/ashok/miniconda3/envs/mysecondenvironment/lib/python3.8/site-packages/airflow/example_dags/tutorial_taskflow_templates.py took 0.048 seconds
[2025-09-14T09:56:26.098+0545] {processor.py:186} INFO - Started process (PID=40387) to work on /home/ashok/miniconda3/envs/mysecondenvironment/lib/python3.8/site-packages/airflow/example_dags/tutorial_taskflow_templates.py
[2025-09-14T09:56:26.100+0545] {processor.py:914} INFO - Processing file /home/ashok/miniconda3/envs/mysecondenvironment/lib/python3.8/site-packages/airflow/example_dags/tutorial_taskflow_templates.py for tasks to queue
[2025-09-14T09:56:26.101+0545] {logging_mixin.py:190} INFO - [2025-09-14T09:56:26.101+0545] {dagbag.py:588} INFO - Filling up the DagBag from /home/ashok/miniconda3/envs/mysecondenvironment/lib/python3.8/site-packages/airflow/example_dags/tutorial_taskflow_templates.py
[2025-09-14T09:56:26.107+0545] {processor.py:925} INFO - DAG(s) 'tutorial_taskflow_templates' retrieved from /home/ashok/miniconda3/envs/mysecondenvironment/lib/python3.8/site-packages/airflow/example_dags/tutorial_taskflow_templates.py
[2025-09-14T09:56:26.114+0545] {logging_mixin.py:190} INFO - [2025-09-14T09:56:26.114+0545] {dag.py:3239} INFO - Sync 1 DAGs
[2025-09-14T09:56:26.123+0545] {logging_mixin.py:190} INFO - [2025-09-14T09:56:26.123+0545] {dag.py:4180} INFO - Setting next_dagrun for tutorial_taskflow_templates to 2025-09-13 00:00:00+00:00, run_after=2025-09-14 00:00:00+00:00
[2025-09-14T09:56:26.142+0545] {processor.py:208} INFO - Processing /home/ashok/miniconda3/envs/mysecondenvironment/lib/python3.8/site-packages/airflow/example_dags/tutorial_taskflow_templates.py took 0.047 seconds
[2025-09-14T09:57:22.354+0545] {processor.py:186} INFO - Started process (PID=41095) to work on /home/ashok/miniconda3/envs/mysecondenvironment/lib/python3.8/site-packages/airflow/example_dags/tutorial_taskflow_templates.py
[2025-09-14T09:57:22.356+0545] {processor.py:914} INFO - Processing file /home/ashok/miniconda3/envs/mysecondenvironment/lib/python3.8/site-packages/airflow/example_dags/tutorial_taskflow_templates.py for tasks to queue
[2025-09-14T09:57:22.357+0545] {logging_mixin.py:190} INFO - [2025-09-14T09:57:22.357+0545] {dagbag.py:588} INFO - Filling up the DagBag from /home/ashok/miniconda3/envs/mysecondenvironment/lib/python3.8/site-packages/airflow/example_dags/tutorial_taskflow_templates.py
[2025-09-14T09:57:22.364+0545] {processor.py:925} INFO - DAG(s) 'tutorial_taskflow_templates' retrieved from /home/ashok/miniconda3/envs/mysecondenvironment/lib/python3.8/site-packages/airflow/example_dags/tutorial_taskflow_templates.py
[2025-09-14T09:57:22.373+0545] {logging_mixin.py:190} INFO - [2025-09-14T09:57:22.372+0545] {dag.py:3239} INFO - Sync 1 DAGs
[2025-09-14T09:57:22.382+0545] {logging_mixin.py:190} INFO - [2025-09-14T09:57:22.382+0545] {dag.py:4180} INFO - Setting next_dagrun for tutorial_taskflow_templates to 2025-09-13 00:00:00+00:00, run_after=2025-09-14 00:00:00+00:00
[2025-09-14T09:57:22.397+0545] {processor.py:208} INFO - Processing /home/ashok/miniconda3/envs/mysecondenvironment/lib/python3.8/site-packages/airflow/example_dags/tutorial_taskflow_templates.py took 0.047 seconds
[2025-09-14T09:58:13.204+0545] {processor.py:186} INFO - Started process (PID=41445) to work on /home/ashok/miniconda3/envs/mysecondenvironment/lib/python3.8/site-packages/airflow/example_dags/tutorial_taskflow_templates.py
[2025-09-14T09:58:13.206+0545] {processor.py:914} INFO - Processing file /home/ashok/miniconda3/envs/mysecondenvironment/lib/python3.8/site-packages/airflow/example_dags/tutorial_taskflow_templates.py for tasks to queue
[2025-09-14T09:58:13.206+0545] {logging_mixin.py:190} INFO - [2025-09-14T09:58:13.206+0545] {dagbag.py:588} INFO - Filling up the DagBag from /home/ashok/miniconda3/envs/mysecondenvironment/lib/python3.8/site-packages/airflow/example_dags/tutorial_taskflow_templates.py
[2025-09-14T09:58:13.212+0545] {processor.py:925} INFO - DAG(s) 'tutorial_taskflow_templates' retrieved from /home/ashok/miniconda3/envs/mysecondenvironment/lib/python3.8/site-packages/airflow/example_dags/tutorial_taskflow_templates.py
[2025-09-14T09:58:13.220+0545] {logging_mixin.py:190} INFO - [2025-09-14T09:58:13.220+0545] {dag.py:3239} INFO - Sync 1 DAGs
[2025-09-14T09:58:13.228+0545] {logging_mixin.py:190} INFO - [2025-09-14T09:58:13.228+0545] {dag.py:4180} INFO - Setting next_dagrun for tutorial_taskflow_templates to 2025-09-13 00:00:00+00:00, run_after=2025-09-14 00:00:00+00:00
[2025-09-14T09:58:13.246+0545] {processor.py:208} INFO - Processing /home/ashok/miniconda3/envs/mysecondenvironment/lib/python3.8/site-packages/airflow/example_dags/tutorial_taskflow_templates.py took 0.046 seconds
[2025-09-14T09:59:10.111+0545] {processor.py:186} INFO - Started process (PID=41902) to work on /home/ashok/miniconda3/envs/mysecondenvironment/lib/python3.8/site-packages/airflow/example_dags/tutorial_taskflow_templates.py
[2025-09-14T09:59:10.113+0545] {processor.py:914} INFO - Processing file /home/ashok/miniconda3/envs/mysecondenvironment/lib/python3.8/site-packages/airflow/example_dags/tutorial_taskflow_templates.py for tasks to queue
[2025-09-14T09:59:10.113+0545] {logging_mixin.py:190} INFO - [2025-09-14T09:59:10.113+0545] {dagbag.py:588} INFO - Filling up the DagBag from /home/ashok/miniconda3/envs/mysecondenvironment/lib/python3.8/site-packages/airflow/example_dags/tutorial_taskflow_templates.py
[2025-09-14T09:59:10.119+0545] {processor.py:925} INFO - DAG(s) 'tutorial_taskflow_templates' retrieved from /home/ashok/miniconda3/envs/mysecondenvironment/lib/python3.8/site-packages/airflow/example_dags/tutorial_taskflow_templates.py
[2025-09-14T09:59:10.128+0545] {logging_mixin.py:190} INFO - [2025-09-14T09:59:10.128+0545] {dag.py:3239} INFO - Sync 1 DAGs
[2025-09-14T09:59:10.139+0545] {logging_mixin.py:190} INFO - [2025-09-14T09:59:10.138+0545] {dag.py:4180} INFO - Setting next_dagrun for tutorial_taskflow_templates to 2025-09-13 00:00:00+00:00, run_after=2025-09-14 00:00:00+00:00
[2025-09-14T09:59:10.154+0545] {processor.py:208} INFO - Processing /home/ashok/miniconda3/envs/mysecondenvironment/lib/python3.8/site-packages/airflow/example_dags/tutorial_taskflow_templates.py took 0.046 seconds
[2025-09-14T10:00:03.739+0545] {processor.py:186} INFO - Started process (PID=42366) to work on /home/ashok/miniconda3/envs/mysecondenvironment/lib/python3.8/site-packages/airflow/example_dags/tutorial_taskflow_templates.py
[2025-09-14T10:00:03.741+0545] {processor.py:914} INFO - Processing file /home/ashok/miniconda3/envs/mysecondenvironment/lib/python3.8/site-packages/airflow/example_dags/tutorial_taskflow_templates.py for tasks to queue
[2025-09-14T10:00:03.742+0545] {logging_mixin.py:190} INFO - [2025-09-14T10:00:03.742+0545] {dagbag.py:588} INFO - Filling up the DagBag from /home/ashok/miniconda3/envs/mysecondenvironment/lib/python3.8/site-packages/airflow/example_dags/tutorial_taskflow_templates.py
[2025-09-14T10:00:03.747+0545] {processor.py:925} INFO - DAG(s) 'tutorial_taskflow_templates' retrieved from /home/ashok/miniconda3/envs/mysecondenvironment/lib/python3.8/site-packages/airflow/example_dags/tutorial_taskflow_templates.py
[2025-09-14T10:00:03.755+0545] {logging_mixin.py:190} INFO - [2025-09-14T10:00:03.755+0545] {dag.py:3239} INFO - Sync 1 DAGs
[2025-09-14T10:00:03.769+0545] {logging_mixin.py:190} INFO - [2025-09-14T10:00:03.768+0545] {dag.py:4180} INFO - Setting next_dagrun for tutorial_taskflow_templates to 2025-09-13 00:00:00+00:00, run_after=2025-09-14 00:00:00+00:00
[2025-09-14T10:00:03.789+0545] {processor.py:208} INFO - Processing /home/ashok/miniconda3/envs/mysecondenvironment/lib/python3.8/site-packages/airflow/example_dags/tutorial_taskflow_templates.py took 0.053 seconds
[2025-09-14T10:00:58.485+0545] {processor.py:186} INFO - Started process (PID=42954) to work on /home/ashok/miniconda3/envs/mysecondenvironment/lib/python3.8/site-packages/airflow/example_dags/tutorial_taskflow_templates.py
[2025-09-14T10:00:58.487+0545] {processor.py:914} INFO - Processing file /home/ashok/miniconda3/envs/mysecondenvironment/lib/python3.8/site-packages/airflow/example_dags/tutorial_taskflow_templates.py for tasks to queue
[2025-09-14T10:00:58.488+0545] {logging_mixin.py:190} INFO - [2025-09-14T10:00:58.487+0545] {dagbag.py:588} INFO - Filling up the DagBag from /home/ashok/miniconda3/envs/mysecondenvironment/lib/python3.8/site-packages/airflow/example_dags/tutorial_taskflow_templates.py
[2025-09-14T10:00:58.495+0545] {processor.py:925} INFO - DAG(s) 'tutorial_taskflow_templates' retrieved from /home/ashok/miniconda3/envs/mysecondenvironment/lib/python3.8/site-packages/airflow/example_dags/tutorial_taskflow_templates.py
[2025-09-14T10:00:58.504+0545] {logging_mixin.py:190} INFO - [2025-09-14T10:00:58.503+0545] {dag.py:3239} INFO - Sync 1 DAGs
[2025-09-14T10:00:58.512+0545] {logging_mixin.py:190} INFO - [2025-09-14T10:00:58.512+0545] {dag.py:4180} INFO - Setting next_dagrun for tutorial_taskflow_templates to 2025-09-13 00:00:00+00:00, run_after=2025-09-14 00:00:00+00:00
[2025-09-14T10:00:58.529+0545] {processor.py:208} INFO - Processing /home/ashok/miniconda3/envs/mysecondenvironment/lib/python3.8/site-packages/airflow/example_dags/tutorial_taskflow_templates.py took 0.049 seconds
[2025-09-14T10:01:52.318+0545] {processor.py:186} INFO - Started process (PID=43415) to work on /home/ashok/miniconda3/envs/mysecondenvironment/lib/python3.8/site-packages/airflow/example_dags/tutorial_taskflow_templates.py
[2025-09-14T10:01:52.320+0545] {processor.py:914} INFO - Processing file /home/ashok/miniconda3/envs/mysecondenvironment/lib/python3.8/site-packages/airflow/example_dags/tutorial_taskflow_templates.py for tasks to queue
[2025-09-14T10:01:52.321+0545] {logging_mixin.py:190} INFO - [2025-09-14T10:01:52.321+0545] {dagbag.py:588} INFO - Filling up the DagBag from /home/ashok/miniconda3/envs/mysecondenvironment/lib/python3.8/site-packages/airflow/example_dags/tutorial_taskflow_templates.py
[2025-09-14T10:01:52.327+0545] {processor.py:925} INFO - DAG(s) 'tutorial_taskflow_templates' retrieved from /home/ashok/miniconda3/envs/mysecondenvironment/lib/python3.8/site-packages/airflow/example_dags/tutorial_taskflow_templates.py
[2025-09-14T10:01:52.334+0545] {logging_mixin.py:190} INFO - [2025-09-14T10:01:52.334+0545] {dag.py:3239} INFO - Sync 1 DAGs
[2025-09-14T10:01:52.342+0545] {logging_mixin.py:190} INFO - [2025-09-14T10:01:52.342+0545] {dag.py:4180} INFO - Setting next_dagrun for tutorial_taskflow_templates to 2025-09-13 00:00:00+00:00, run_after=2025-09-14 00:00:00+00:00
[2025-09-14T10:01:52.359+0545] {processor.py:208} INFO - Processing /home/ashok/miniconda3/envs/mysecondenvironment/lib/python3.8/site-packages/airflow/example_dags/tutorial_taskflow_templates.py took 0.045 seconds
[2025-09-14T10:02:47.999+0545] {processor.py:186} INFO - Started process (PID=43767) to work on /home/ashok/miniconda3/envs/mysecondenvironment/lib/python3.8/site-packages/airflow/example_dags/tutorial_taskflow_templates.py
[2025-09-14T10:02:48.001+0545] {processor.py:914} INFO - Processing file /home/ashok/miniconda3/envs/mysecondenvironment/lib/python3.8/site-packages/airflow/example_dags/tutorial_taskflow_templates.py for tasks to queue
[2025-09-14T10:02:48.002+0545] {logging_mixin.py:190} INFO - [2025-09-14T10:02:48.001+0545] {dagbag.py:588} INFO - Filling up the DagBag from /home/ashok/miniconda3/envs/mysecondenvironment/lib/python3.8/site-packages/airflow/example_dags/tutorial_taskflow_templates.py
[2025-09-14T10:02:48.008+0545] {processor.py:925} INFO - DAG(s) 'tutorial_taskflow_templates' retrieved from /home/ashok/miniconda3/envs/mysecondenvironment/lib/python3.8/site-packages/airflow/example_dags/tutorial_taskflow_templates.py
[2025-09-14T10:02:48.017+0545] {logging_mixin.py:190} INFO - [2025-09-14T10:02:48.017+0545] {dag.py:3239} INFO - Sync 1 DAGs
[2025-09-14T10:02:48.025+0545] {logging_mixin.py:190} INFO - [2025-09-14T10:02:48.025+0545] {dag.py:4180} INFO - Setting next_dagrun for tutorial_taskflow_templates to 2025-09-13 00:00:00+00:00, run_after=2025-09-14 00:00:00+00:00
[2025-09-14T10:02:48.040+0545] {processor.py:208} INFO - Processing /home/ashok/miniconda3/envs/mysecondenvironment/lib/python3.8/site-packages/airflow/example_dags/tutorial_taskflow_templates.py took 0.044 seconds
[2025-09-14T10:03:44.425+0545] {processor.py:186} INFO - Started process (PID=44134) to work on /home/ashok/miniconda3/envs/mysecondenvironment/lib/python3.8/site-packages/airflow/example_dags/tutorial_taskflow_templates.py
[2025-09-14T10:03:44.427+0545] {processor.py:914} INFO - Processing file /home/ashok/miniconda3/envs/mysecondenvironment/lib/python3.8/site-packages/airflow/example_dags/tutorial_taskflow_templates.py for tasks to queue
[2025-09-14T10:03:44.428+0545] {logging_mixin.py:190} INFO - [2025-09-14T10:03:44.428+0545] {dagbag.py:588} INFO - Filling up the DagBag from /home/ashok/miniconda3/envs/mysecondenvironment/lib/python3.8/site-packages/airflow/example_dags/tutorial_taskflow_templates.py
[2025-09-14T10:03:44.433+0545] {processor.py:925} INFO - DAG(s) 'tutorial_taskflow_templates' retrieved from /home/ashok/miniconda3/envs/mysecondenvironment/lib/python3.8/site-packages/airflow/example_dags/tutorial_taskflow_templates.py
[2025-09-14T10:03:44.441+0545] {logging_mixin.py:190} INFO - [2025-09-14T10:03:44.441+0545] {dag.py:3239} INFO - Sync 1 DAGs
[2025-09-14T10:03:44.449+0545] {logging_mixin.py:190} INFO - [2025-09-14T10:03:44.449+0545] {dag.py:4180} INFO - Setting next_dagrun for tutorial_taskflow_templates to 2025-09-13 00:00:00+00:00, run_after=2025-09-14 00:00:00+00:00
[2025-09-14T10:03:44.467+0545] {processor.py:208} INFO - Processing /home/ashok/miniconda3/envs/mysecondenvironment/lib/python3.8/site-packages/airflow/example_dags/tutorial_taskflow_templates.py took 0.046 seconds
[2025-09-14T16:50:10.744+0545] {processor.py:186} INFO - Started process (PID=7753) to work on /home/ashok/miniconda3/envs/mysecondenvironment/lib/python3.8/site-packages/airflow/example_dags/tutorial_taskflow_templates.py
[2025-09-14T16:50:10.746+0545] {processor.py:914} INFO - Processing file /home/ashok/miniconda3/envs/mysecondenvironment/lib/python3.8/site-packages/airflow/example_dags/tutorial_taskflow_templates.py for tasks to queue
[2025-09-14T16:50:10.747+0545] {logging_mixin.py:190} INFO - [2025-09-14T16:50:10.747+0545] {dagbag.py:588} INFO - Filling up the DagBag from /home/ashok/miniconda3/envs/mysecondenvironment/lib/python3.8/site-packages/airflow/example_dags/tutorial_taskflow_templates.py
[2025-09-14T16:50:10.754+0545] {processor.py:925} INFO - DAG(s) 'tutorial_taskflow_templates' retrieved from /home/ashok/miniconda3/envs/mysecondenvironment/lib/python3.8/site-packages/airflow/example_dags/tutorial_taskflow_templates.py
[2025-09-14T16:50:10.765+0545] {logging_mixin.py:190} INFO - [2025-09-14T16:50:10.765+0545] {dag.py:3239} INFO - Sync 1 DAGs
[2025-09-14T16:50:10.774+0545] {logging_mixin.py:190} INFO - [2025-09-14T16:50:10.774+0545] {dag.py:4180} INFO - Setting next_dagrun for tutorial_taskflow_templates to 2025-09-13 00:00:00+00:00, run_after=2025-09-14 00:00:00+00:00
[2025-09-14T16:50:10.790+0545] {processor.py:208} INFO - Processing /home/ashok/miniconda3/envs/mysecondenvironment/lib/python3.8/site-packages/airflow/example_dags/tutorial_taskflow_templates.py took 0.050 seconds
[2025-09-14T16:52:20.692+0545] {processor.py:186} INFO - Started process (PID=10488) to work on /home/ashok/miniconda3/envs/mysecondenvironment/lib/python3.8/site-packages/airflow/example_dags/tutorial_taskflow_templates.py
[2025-09-14T16:52:20.694+0545] {processor.py:914} INFO - Processing file /home/ashok/miniconda3/envs/mysecondenvironment/lib/python3.8/site-packages/airflow/example_dags/tutorial_taskflow_templates.py for tasks to queue
[2025-09-14T16:52:20.696+0545] {logging_mixin.py:190} INFO - [2025-09-14T16:52:20.695+0545] {dagbag.py:588} INFO - Filling up the DagBag from /home/ashok/miniconda3/envs/mysecondenvironment/lib/python3.8/site-packages/airflow/example_dags/tutorial_taskflow_templates.py
[2025-09-14T16:52:20.703+0545] {processor.py:925} INFO - DAG(s) 'tutorial_taskflow_templates' retrieved from /home/ashok/miniconda3/envs/mysecondenvironment/lib/python3.8/site-packages/airflow/example_dags/tutorial_taskflow_templates.py
[2025-09-14T16:52:20.710+0545] {logging_mixin.py:190} INFO - [2025-09-14T16:52:20.710+0545] {dag.py:3239} INFO - Sync 1 DAGs
[2025-09-14T16:52:20.719+0545] {logging_mixin.py:190} INFO - [2025-09-14T16:52:20.719+0545] {dag.py:4180} INFO - Setting next_dagrun for tutorial_taskflow_templates to 2025-09-13 00:00:00+00:00, run_after=2025-09-14 00:00:00+00:00
[2025-09-14T16:52:20.736+0545] {processor.py:208} INFO - Processing /home/ashok/miniconda3/envs/mysecondenvironment/lib/python3.8/site-packages/airflow/example_dags/tutorial_taskflow_templates.py took 0.048 seconds
