[2025-09-10T11:40:31.000+0545] {local_task_job_runner.py:123} INFO - ::group::Pre task execution logs
[2025-09-10T11:40:31.006+0545] {taskinstance.py:2614} INFO - Dependencies all met for dep_context=non-requeueable deps ti=<TaskInstance: mlops_diabetes_pipeline.hypertune_model manual__2025-09-10T05:47:54.321048+00:00 [queued]>
[2025-09-10T11:40:31.009+0545] {taskinstance.py:2614} INFO - Dependencies all met for dep_context=requeueable deps ti=<TaskInstance: mlops_diabetes_pipeline.hypertune_model manual__2025-09-10T05:47:54.321048+00:00 [queued]>
[2025-09-10T11:40:31.009+0545] {taskinstance.py:2867} INFO - Starting attempt 1 of 2
[2025-09-10T11:40:31.022+0545] {taskinstance.py:2890} INFO - Executing <Task(PythonOperator): hypertune_model> on 2025-09-10 05:47:54.321048+00:00
[2025-09-10T11:40:31.032+0545] {standard_task_runner.py:72} INFO - Started process 71252 to run task
[2025-09-10T11:40:31.035+0545] {standard_task_runner.py:104} INFO - Running: ['airflow', 'tasks', 'run', 'mlops_diabetes_pipeline', 'hypertune_model', 'manual__2025-09-10T05:47:54.321048+00:00', '--job-id', '549', '--raw', '--subdir', 'DAGS_FOLDER/mlops_diabetes_pipeline.py', '--cfg-path', '/tmp/tmpgrrzayma']
[2025-09-10T11:40:31.035+0545] {standard_task_runner.py:105} INFO - Job 549: Subtask hypertune_model
[2025-09-10T11:40:31.063+0545] {task_command.py:467} INFO - Running <TaskInstance: mlops_diabetes_pipeline.hypertune_model manual__2025-09-10T05:47:54.321048+00:00 [running]> on host ashok-Nitro-ANV16-41
[2025-09-10T11:40:31.104+0545] {taskinstance.py:3134} INFO - Exporting env vars: AIRFLOW_CTX_DAG_EMAIL='koiralaashok02@gmail.com' AIRFLOW_CTX_DAG_OWNER='airflow' AIRFLOW_CTX_DAG_ID='mlops_diabetes_pipeline' AIRFLOW_CTX_TASK_ID='hypertune_model' AIRFLOW_CTX_EXECUTION_DATE='2025-09-10T05:47:54.321048+00:00' AIRFLOW_CTX_TRY_NUMBER='1' AIRFLOW_CTX_DAG_RUN_ID='manual__2025-09-10T05:47:54.321048+00:00'
[2025-09-10T11:40:31.105+0545] {logging_mixin.py:190} INFO - Task instance is in running state
[2025-09-10T11:40:31.105+0545] {logging_mixin.py:190} INFO -  Previous state of the Task instance: queued
[2025-09-10T11:40:31.105+0545] {logging_mixin.py:190} INFO - Current task name:hypertune_model state:running start_date:2025-09-10 05:55:31.006435+00:00
[2025-09-10T11:40:31.105+0545] {logging_mixin.py:190} INFO - Dag name:mlops_diabetes_pipeline and current dag run status:running
[2025-09-10T11:40:31.105+0545] {taskinstance.py:732} INFO - ::endgroup::
[2025-09-10T11:40:35.140+0545] {logging_mixin.py:190} INFO - Hypertuned model. Acc=0.747, F1=0.746
[2025-09-10T11:40:35.172+0545] {python.py:240} INFO - Done. Returned value was: Hypertuning complete and saved to Redis
[2025-09-10T11:40:35.186+0545] {taskinstance.py:341} INFO - ::group::Post task execution logs
[2025-09-10T11:40:35.187+0545] {taskinstance.py:353} INFO - Marking task as SUCCESS. dag_id=mlops_diabetes_pipeline, task_id=hypertune_model, run_id=manual__2025-09-10T05:47:54.321048+00:00, execution_date=20250910T054754, start_date=20250910T055531, end_date=20250910T055535
[2025-09-10T11:40:35.208+0545] {logging_mixin.py:190} INFO - Task instance in success state
[2025-09-10T11:40:35.208+0545] {logging_mixin.py:190} INFO -  Previous state of the Task instance: running
[2025-09-10T11:40:35.208+0545] {logging_mixin.py:190} INFO - Dag name:mlops_diabetes_pipeline queued_at:2025-09-10 05:47:54.334701+00:00
[2025-09-10T11:40:35.208+0545] {logging_mixin.py:190} INFO - Task hostname:ashok-Nitro-ANV16-41 operator:PythonOperator
[2025-09-10T11:40:35.301+0545] {local_task_job_runner.py:266} INFO - Task exited with return code 0
[2025-09-10T11:40:35.317+0545] {taskinstance.py:3901} INFO - 1 downstream tasks scheduled from follow-on schedule check
[2025-09-10T11:40:35.325+0545] {local_task_job_runner.py:245} INFO - ::endgroup::
