[2025-09-10T11:40:55.980+0545] {local_task_job_runner.py:123} INFO - ::group::Pre task execution logs
[2025-09-10T11:40:55.986+0545] {taskinstance.py:2614} INFO - Dependencies all met for dep_context=non-requeueable deps ti=<TaskInstance: mlops_diabetes_pipeline.start_mlflow manual__2025-09-10T05:55:10.555900+00:00 [queued]>
[2025-09-10T11:40:55.989+0545] {taskinstance.py:2614} INFO - Dependencies all met for dep_context=requeueable deps ti=<TaskInstance: mlops_diabetes_pipeline.start_mlflow manual__2025-09-10T05:55:10.555900+00:00 [queued]>
[2025-09-10T11:40:55.989+0545] {taskinstance.py:2867} INFO - Starting attempt 1 of 2
[2025-09-10T11:40:56.001+0545] {taskinstance.py:2890} INFO - Executing <Task(BashOperator): start_mlflow> on 2025-09-10 05:55:10.555900+00:00
[2025-09-10T11:40:56.010+0545] {standard_task_runner.py:72} INFO - Started process 71683 to run task
[2025-09-10T11:40:56.013+0545] {standard_task_runner.py:104} INFO - Running: ['airflow', 'tasks', 'run', 'mlops_diabetes_pipeline', 'start_mlflow', 'manual__2025-09-10T05:55:10.555900+00:00', '--job-id', '554', '--raw', '--subdir', 'DAGS_FOLDER/mlops_diabetes_pipeline.py', '--cfg-path', '/tmp/tmpaspjq97t']
[2025-09-10T11:40:56.013+0545] {standard_task_runner.py:105} INFO - Job 554: Subtask start_mlflow
[2025-09-10T11:40:56.039+0545] {task_command.py:467} INFO - Running <TaskInstance: mlops_diabetes_pipeline.start_mlflow manual__2025-09-10T05:55:10.555900+00:00 [running]> on host ashok-Nitro-ANV16-41
[2025-09-10T11:40:56.078+0545] {taskinstance.py:3134} INFO - Exporting env vars: AIRFLOW_CTX_DAG_EMAIL='koiralaashok02@gmail.com' AIRFLOW_CTX_DAG_OWNER='airflow' AIRFLOW_CTX_DAG_ID='mlops_diabetes_pipeline' AIRFLOW_CTX_TASK_ID='start_mlflow' AIRFLOW_CTX_EXECUTION_DATE='2025-09-10T05:55:10.555900+00:00' AIRFLOW_CTX_TRY_NUMBER='1' AIRFLOW_CTX_DAG_RUN_ID='manual__2025-09-10T05:55:10.555900+00:00'
[2025-09-10T11:40:56.079+0545] {logging_mixin.py:190} INFO - Task instance is in running state
[2025-09-10T11:40:56.079+0545] {logging_mixin.py:190} INFO -  Previous state of the Task instance: queued
[2025-09-10T11:40:56.079+0545] {logging_mixin.py:190} INFO - Current task name:start_mlflow state:running start_date:2025-09-10 05:55:55.986648+00:00
[2025-09-10T11:40:56.080+0545] {logging_mixin.py:190} INFO - Dag name:mlops_diabetes_pipeline and current dag run status:running
[2025-09-10T11:40:56.080+0545] {taskinstance.py:732} INFO - ::endgroup::
[2025-09-10T11:40:56.080+0545] {subprocess.py:78} INFO - Tmp dir root location: /tmp
[2025-09-10T11:40:56.081+0545] {subprocess.py:88} INFO - Running command: ['/usr/bin/bash', '-c', '\n    cd /home/ashok/mlops_project\n    nohup conda run -n mysecondenvironment mlflow ui --backend-store-uri ./mlruns --host 0.0.0.0 --port 5000 > /tmp/mlflow.log 2>&1 < /dev/null &\n    sleep 5\n    if curl -s http://127.0.0.1:5000 | grep -q MLflow; then\n        echo "MLflow started successfully"\n    else\n        echo "MLflow failed to start"\n        cat /tmp/mlflow.log\n        exit 1\n    fi\n    ']
[2025-09-10T11:40:56.105+0545] {subprocess.py:99} INFO - Output:
[2025-09-10T11:41:01.116+0545] {subprocess.py:106} INFO - MLflow started successfully
[2025-09-10T11:41:01.117+0545] {subprocess.py:110} INFO - Command exited with return code 0
[2025-09-10T11:41:01.135+0545] {taskinstance.py:341} INFO - ::group::Post task execution logs
[2025-09-10T11:41:01.135+0545] {taskinstance.py:353} INFO - Marking task as SUCCESS. dag_id=mlops_diabetes_pipeline, task_id=start_mlflow, run_id=manual__2025-09-10T05:55:10.555900+00:00, execution_date=20250910T055510, start_date=20250910T055555, end_date=20250910T055601
[2025-09-10T11:41:01.154+0545] {logging_mixin.py:190} INFO - Task instance in success state
[2025-09-10T11:41:01.154+0545] {logging_mixin.py:190} INFO -  Previous state of the Task instance: running
[2025-09-10T11:41:01.154+0545] {logging_mixin.py:190} INFO - Dag name:mlops_diabetes_pipeline queued_at:2025-09-10 05:55:10.572541+00:00
[2025-09-10T11:41:01.155+0545] {logging_mixin.py:190} INFO - Task hostname:ashok-Nitro-ANV16-41 operator:BashOperator
[2025-09-10T11:41:01.187+0545] {local_task_job_runner.py:266} INFO - Task exited with return code 0
[2025-09-10T11:41:01.201+0545] {taskinstance.py:3901} INFO - 1 downstream tasks scheduled from follow-on schedule check
[2025-09-10T11:41:01.207+0545] {local_task_job_runner.py:245} INFO - ::endgroup::
