[2025-09-10T12:45:24.254+0545] {local_task_job_runner.py:123} INFO - ::group::Pre task execution logs
[2025-09-10T12:45:24.260+0545] {taskinstance.py:2614} INFO - Dependencies all met for dep_context=non-requeueable deps ti=<TaskInstance: mlops_diabetes_pipeline.hypertune_model manual__2025-09-10T06:59:32.726147+00:00 [queued]>
[2025-09-10T12:45:24.263+0545] {taskinstance.py:2614} INFO - Dependencies all met for dep_context=requeueable deps ti=<TaskInstance: mlops_diabetes_pipeline.hypertune_model manual__2025-09-10T06:59:32.726147+00:00 [queued]>
[2025-09-10T12:45:24.263+0545] {taskinstance.py:2867} INFO - Starting attempt 1 of 2
[2025-09-10T12:45:24.275+0545] {taskinstance.py:2890} INFO - Executing <Task(PythonOperator): hypertune_model> on 2025-09-10 06:59:32.726147+00:00
[2025-09-10T12:45:24.285+0545] {standard_task_runner.py:72} INFO - Started process 103369 to run task
[2025-09-10T12:45:24.289+0545] {standard_task_runner.py:104} INFO - Running: ['airflow', 'tasks', 'run', 'mlops_diabetes_pipeline', 'hypertune_model', 'manual__2025-09-10T06:59:32.726147+00:00', '--job-id', '606', '--raw', '--subdir', 'DAGS_FOLDER/mlops_diabetes_pipeline.py', '--cfg-path', '/tmp/tmp6zsesop_']
[2025-09-10T12:45:24.289+0545] {standard_task_runner.py:105} INFO - Job 606: Subtask hypertune_model
[2025-09-10T12:45:24.315+0545] {task_command.py:467} INFO - Running <TaskInstance: mlops_diabetes_pipeline.hypertune_model manual__2025-09-10T06:59:32.726147+00:00 [running]> on host ashok-Nitro-ANV16-41
[2025-09-10T12:45:24.355+0545] {taskinstance.py:3134} INFO - Exporting env vars: AIRFLOW_CTX_DAG_EMAIL='koiralaashok02@gmail.com' AIRFLOW_CTX_DAG_OWNER='airflow' AIRFLOW_CTX_DAG_ID='mlops_diabetes_pipeline' AIRFLOW_CTX_TASK_ID='hypertune_model' AIRFLOW_CTX_EXECUTION_DATE='2025-09-10T06:59:32.726147+00:00' AIRFLOW_CTX_TRY_NUMBER='1' AIRFLOW_CTX_DAG_RUN_ID='manual__2025-09-10T06:59:32.726147+00:00'
[2025-09-10T12:45:24.356+0545] {logging_mixin.py:190} INFO - Task instance is in running state
[2025-09-10T12:45:24.356+0545] {logging_mixin.py:190} INFO -  Previous state of the Task instance: queued
[2025-09-10T12:45:24.357+0545] {logging_mixin.py:190} INFO - Current task name:hypertune_model state:running start_date:2025-09-10 07:00:24.260203+00:00
[2025-09-10T12:45:24.357+0545] {logging_mixin.py:190} INFO - Dag name:mlops_diabetes_pipeline and current dag run status:running
[2025-09-10T12:45:24.357+0545] {taskinstance.py:732} INFO - ::endgroup::
[2025-09-10T12:45:29.248+0545] {logging_mixin.py:190} INFO - Hypertuned model. Acc=0.747, F1=0.746
[2025-09-10T12:45:29.282+0545] {python.py:240} INFO - Done. Returned value was: Hypertuning complete and saved to Redis
[2025-09-10T12:45:29.298+0545] {taskinstance.py:341} INFO - ::group::Post task execution logs
[2025-09-10T12:45:29.298+0545] {taskinstance.py:353} INFO - Marking task as SUCCESS. dag_id=mlops_diabetes_pipeline, task_id=hypertune_model, run_id=manual__2025-09-10T06:59:32.726147+00:00, execution_date=20250910T065932, start_date=20250910T070024, end_date=20250910T070029
[2025-09-10T12:45:29.321+0545] {logging_mixin.py:190} INFO - Task instance in success state
[2025-09-10T12:45:29.321+0545] {logging_mixin.py:190} INFO -  Previous state of the Task instance: running
[2025-09-10T12:45:29.321+0545] {logging_mixin.py:190} INFO - Dag name:mlops_diabetes_pipeline queued_at:2025-09-10 06:59:32.733609+00:00
[2025-09-10T12:45:29.321+0545] {logging_mixin.py:190} INFO - Task hostname:ashok-Nitro-ANV16-41 operator:PythonOperator
[2025-09-10T12:45:29.429+0545] {local_task_job_runner.py:266} INFO - Task exited with return code 0
[2025-09-10T12:45:29.443+0545] {taskinstance.py:3901} INFO - 1 downstream tasks scheduled from follow-on schedule check
[2025-09-10T12:45:29.450+0545] {local_task_job_runner.py:245} INFO - ::endgroup::
