[2025-09-13T11:43:15.048+0545] {local_task_job_runner.py:123} INFO - ::group::Pre task execution logs
[2025-09-13T11:43:15.054+0545] {taskinstance.py:2614} INFO - Dependencies all met for dep_context=non-requeueable deps ti=<TaskInstance: mlops_diabetes_pipeline.docker_exec manual__2025-09-13T05:57:59.076998+00:00 [queued]>
[2025-09-13T11:43:15.058+0545] {taskinstance.py:2614} INFO - Dependencies all met for dep_context=requeueable deps ti=<TaskInstance: mlops_diabetes_pipeline.docker_exec manual__2025-09-13T05:57:59.076998+00:00 [queued]>
[2025-09-13T11:43:15.058+0545] {taskinstance.py:2867} INFO - Starting attempt 1 of 2
[2025-09-13T11:43:15.071+0545] {taskinstance.py:2890} INFO - Executing <Task(BashOperator): docker_exec> on 2025-09-13 05:57:59.076998+00:00
[2025-09-13T11:43:15.081+0545] {standard_task_runner.py:72} INFO - Started process 122206 to run task
[2025-09-13T11:43:15.083+0545] {standard_task_runner.py:104} INFO - Running: ['airflow', 'tasks', 'run', 'mlops_diabetes_pipeline', 'docker_exec', 'manual__2025-09-13T05:57:59.076998+00:00', '--job-id', '618', '--raw', '--subdir', 'DAGS_FOLDER/mlops_diabetes_pipeline.py', '--cfg-path', '/tmp/tmpv3fhvmw7']
[2025-09-13T11:43:15.084+0545] {standard_task_runner.py:105} INFO - Job 618: Subtask docker_exec
[2025-09-13T11:43:15.110+0545] {task_command.py:467} INFO - Running <TaskInstance: mlops_diabetes_pipeline.docker_exec manual__2025-09-13T05:57:59.076998+00:00 [running]> on host ashok-Nitro-ANV16-41
[2025-09-13T11:43:15.150+0545] {taskinstance.py:3134} INFO - Exporting env vars: AIRFLOW_CTX_DAG_EMAIL='koiralaashok02@gmail.com' AIRFLOW_CTX_DAG_OWNER='airflow' AIRFLOW_CTX_DAG_ID='mlops_diabetes_pipeline' AIRFLOW_CTX_TASK_ID='docker_exec' AIRFLOW_CTX_EXECUTION_DATE='2025-09-13T05:57:59.076998+00:00' AIRFLOW_CTX_TRY_NUMBER='1' AIRFLOW_CTX_DAG_RUN_ID='manual__2025-09-13T05:57:59.076998+00:00'
[2025-09-13T11:43:15.151+0545] {logging_mixin.py:190} INFO - Task instance is in running state
[2025-09-13T11:43:15.151+0545] {logging_mixin.py:190} INFO -  Previous state of the Task instance: queued
[2025-09-13T11:43:15.152+0545] {logging_mixin.py:190} INFO - Current task name:docker_exec state:running start_date:2025-09-13 05:58:15.055119+00:00
[2025-09-13T11:43:15.152+0545] {logging_mixin.py:190} INFO - Dag name:mlops_diabetes_pipeline and current dag run status:running
[2025-09-13T11:43:15.152+0545] {taskinstance.py:732} INFO - ::endgroup::
[2025-09-13T11:43:15.152+0545] {subprocess.py:78} INFO - Tmp dir root location: /tmp
[2025-09-13T11:43:15.153+0545] {subprocess.py:88} INFO - Running command: ['/usr/bin/bash', '-c', 'docker exec -i mcs_container mariadb -u ashok -p"Docker@12345!" -h 127.0.0.1 -P 3306 diabetes_ml -e "SELECT 1;"']
[2025-09-13T11:43:15.177+0545] {subprocess.py:99} INFO - Output:
[2025-09-13T11:43:15.249+0545] {subprocess.py:106} INFO - 1
[2025-09-13T11:43:15.249+0545] {subprocess.py:106} INFO - 1
[2025-09-13T11:43:15.252+0545] {subprocess.py:110} INFO - Command exited with return code 0
[2025-09-13T11:43:15.266+0545] {taskinstance.py:341} INFO - ::group::Post task execution logs
[2025-09-13T11:43:15.266+0545] {taskinstance.py:353} INFO - Marking task as SUCCESS. dag_id=mlops_diabetes_pipeline, task_id=docker_exec, run_id=manual__2025-09-13T05:57:59.076998+00:00, execution_date=20250913T055759, start_date=20250913T055815, end_date=20250913T055815
[2025-09-13T11:43:15.283+0545] {logging_mixin.py:190} INFO - Task instance in success state
[2025-09-13T11:43:15.284+0545] {logging_mixin.py:190} INFO -  Previous state of the Task instance: running
[2025-09-13T11:43:15.284+0545] {logging_mixin.py:190} INFO - Dag name:mlops_diabetes_pipeline queued_at:2025-09-13 05:57:59.091200+00:00
[2025-09-13T11:43:15.284+0545] {logging_mixin.py:190} INFO - Task hostname:ashok-Nitro-ANV16-41 operator:BashOperator
[2025-09-13T11:43:15.335+0545] {local_task_job_runner.py:266} INFO - Task exited with return code 0
[2025-09-13T11:43:15.351+0545] {taskinstance.py:3901} INFO - 1 downstream tasks scheduled from follow-on schedule check
[2025-09-13T11:43:15.357+0545] {local_task_job_runner.py:245} INFO - ::endgroup::
