[2025-09-21T08:35:46.303+0545] {processor.py:186} INFO - Started process (PID=21838) to work on /home/ashok/miniconda3/envs/mysecondenvironment/lib/python3.8/site-packages/airflow/example_dags/example_short_circuit_decorator.py
[2025-09-21T08:35:46.303+0545] {processor.py:914} INFO - Processing file /home/ashok/miniconda3/envs/mysecondenvironment/lib/python3.8/site-packages/airflow/example_dags/example_short_circuit_decorator.py for tasks to queue
[2025-09-21T08:35:46.305+0545] {logging_mixin.py:190} INFO - [2025-09-21T08:35:46.305+0545] {dagbag.py:588} INFO - Filling up the DagBag from /home/ashok/miniconda3/envs/mysecondenvironment/lib/python3.8/site-packages/airflow/example_dags/example_short_circuit_decorator.py
[2025-09-21T08:35:46.310+0545] {processor.py:925} INFO - DAG(s) 'example_short_circuit_decorator' retrieved from /home/ashok/miniconda3/envs/mysecondenvironment/lib/python3.8/site-packages/airflow/example_dags/example_short_circuit_decorator.py
[2025-09-21T08:35:46.321+0545] {logging_mixin.py:190} INFO - [2025-09-21T08:35:46.321+0545] {dag.py:3239} INFO - Sync 1 DAGs
[2025-09-21T08:35:46.326+0545] {logging_mixin.py:190} INFO - [2025-09-21T08:35:46.326+0545] {dag.py:4180} INFO - Setting next_dagrun for example_short_circuit_decorator to None, run_after=None
[2025-09-21T08:35:46.345+0545] {processor.py:208} INFO - Processing /home/ashok/miniconda3/envs/mysecondenvironment/lib/python3.8/site-packages/airflow/example_dags/example_short_circuit_decorator.py took 0.045 seconds
[2025-09-21T08:39:12.676+0545] {processor.py:186} INFO - Started process (PID=25537) to work on /home/ashok/miniconda3/envs/mysecondenvironment/lib/python3.8/site-packages/airflow/example_dags/example_short_circuit_decorator.py
[2025-09-21T08:39:12.678+0545] {processor.py:914} INFO - Processing file /home/ashok/miniconda3/envs/mysecondenvironment/lib/python3.8/site-packages/airflow/example_dags/example_short_circuit_decorator.py for tasks to queue
[2025-09-21T08:39:12.679+0545] {logging_mixin.py:190} INFO - [2025-09-21T08:39:12.679+0545] {dagbag.py:588} INFO - Filling up the DagBag from /home/ashok/miniconda3/envs/mysecondenvironment/lib/python3.8/site-packages/airflow/example_dags/example_short_circuit_decorator.py
[2025-09-21T08:39:12.685+0545] {processor.py:925} INFO - DAG(s) 'example_short_circuit_decorator' retrieved from /home/ashok/miniconda3/envs/mysecondenvironment/lib/python3.8/site-packages/airflow/example_dags/example_short_circuit_decorator.py
[2025-09-21T08:39:12.696+0545] {logging_mixin.py:190} INFO - [2025-09-21T08:39:12.696+0545] {dag.py:3239} INFO - Sync 1 DAGs
[2025-09-21T08:39:12.703+0545] {logging_mixin.py:190} INFO - [2025-09-21T08:39:12.703+0545] {dag.py:4180} INFO - Setting next_dagrun for example_short_circuit_decorator to None, run_after=None
[2025-09-21T08:39:12.718+0545] {processor.py:208} INFO - Processing /home/ashok/miniconda3/envs/mysecondenvironment/lib/python3.8/site-packages/airflow/example_dags/example_short_circuit_decorator.py took 0.046 seconds
[2025-09-21T08:41:04.276+0545] {processor.py:186} INFO - Started process (PID=26704) to work on /home/ashok/miniconda3/envs/mysecondenvironment/lib/python3.8/site-packages/airflow/example_dags/example_short_circuit_decorator.py
[2025-09-21T08:41:04.278+0545] {processor.py:914} INFO - Processing file /home/ashok/miniconda3/envs/mysecondenvironment/lib/python3.8/site-packages/airflow/example_dags/example_short_circuit_decorator.py for tasks to queue
[2025-09-21T08:41:04.280+0545] {logging_mixin.py:190} INFO - [2025-09-21T08:41:04.280+0545] {dagbag.py:588} INFO - Filling up the DagBag from /home/ashok/miniconda3/envs/mysecondenvironment/lib/python3.8/site-packages/airflow/example_dags/example_short_circuit_decorator.py
[2025-09-21T08:41:04.285+0545] {processor.py:925} INFO - DAG(s) 'example_short_circuit_decorator' retrieved from /home/ashok/miniconda3/envs/mysecondenvironment/lib/python3.8/site-packages/airflow/example_dags/example_short_circuit_decorator.py
[2025-09-21T08:41:04.293+0545] {logging_mixin.py:190} INFO - [2025-09-21T08:41:04.293+0545] {dag.py:3239} INFO - Sync 1 DAGs
[2025-09-21T08:41:04.299+0545] {logging_mixin.py:190} INFO - [2025-09-21T08:41:04.299+0545] {dag.py:4180} INFO - Setting next_dagrun for example_short_circuit_decorator to None, run_after=None
[2025-09-21T08:41:04.318+0545] {processor.py:208} INFO - Processing /home/ashok/miniconda3/envs/mysecondenvironment/lib/python3.8/site-packages/airflow/example_dags/example_short_circuit_decorator.py took 0.045 seconds
[2025-09-21T08:42:01.535+0545] {processor.py:186} INFO - Started process (PID=27159) to work on /home/ashok/miniconda3/envs/mysecondenvironment/lib/python3.8/site-packages/airflow/example_dags/example_short_circuit_decorator.py
[2025-09-21T08:42:01.536+0545] {processor.py:914} INFO - Processing file /home/ashok/miniconda3/envs/mysecondenvironment/lib/python3.8/site-packages/airflow/example_dags/example_short_circuit_decorator.py for tasks to queue
[2025-09-21T08:42:01.538+0545] {logging_mixin.py:190} INFO - [2025-09-21T08:42:01.538+0545] {dagbag.py:588} INFO - Filling up the DagBag from /home/ashok/miniconda3/envs/mysecondenvironment/lib/python3.8/site-packages/airflow/example_dags/example_short_circuit_decorator.py
[2025-09-21T08:42:01.543+0545] {processor.py:925} INFO - DAG(s) 'example_short_circuit_decorator' retrieved from /home/ashok/miniconda3/envs/mysecondenvironment/lib/python3.8/site-packages/airflow/example_dags/example_short_circuit_decorator.py
[2025-09-21T08:42:01.552+0545] {logging_mixin.py:190} INFO - [2025-09-21T08:42:01.552+0545] {dag.py:3239} INFO - Sync 1 DAGs
[2025-09-21T08:42:01.559+0545] {logging_mixin.py:190} INFO - [2025-09-21T08:42:01.558+0545] {dag.py:4180} INFO - Setting next_dagrun for example_short_circuit_decorator to None, run_after=None
[2025-09-21T08:42:01.575+0545] {processor.py:208} INFO - Processing /home/ashok/miniconda3/envs/mysecondenvironment/lib/python3.8/site-packages/airflow/example_dags/example_short_circuit_decorator.py took 0.044 seconds
[2025-09-21T08:42:57.740+0545] {processor.py:186} INFO - Started process (PID=27587) to work on /home/ashok/miniconda3/envs/mysecondenvironment/lib/python3.8/site-packages/airflow/example_dags/example_short_circuit_decorator.py
[2025-09-21T08:42:57.741+0545] {processor.py:914} INFO - Processing file /home/ashok/miniconda3/envs/mysecondenvironment/lib/python3.8/site-packages/airflow/example_dags/example_short_circuit_decorator.py for tasks to queue
[2025-09-21T08:42:57.743+0545] {logging_mixin.py:190} INFO - [2025-09-21T08:42:57.743+0545] {dagbag.py:588} INFO - Filling up the DagBag from /home/ashok/miniconda3/envs/mysecondenvironment/lib/python3.8/site-packages/airflow/example_dags/example_short_circuit_decorator.py
[2025-09-21T08:42:57.748+0545] {processor.py:925} INFO - DAG(s) 'example_short_circuit_decorator' retrieved from /home/ashok/miniconda3/envs/mysecondenvironment/lib/python3.8/site-packages/airflow/example_dags/example_short_circuit_decorator.py
[2025-09-21T08:42:57.757+0545] {logging_mixin.py:190} INFO - [2025-09-21T08:42:57.757+0545] {dag.py:3239} INFO - Sync 1 DAGs
[2025-09-21T08:42:57.763+0545] {logging_mixin.py:190} INFO - [2025-09-21T08:42:57.762+0545] {dag.py:4180} INFO - Setting next_dagrun for example_short_circuit_decorator to None, run_after=None
[2025-09-21T08:42:57.779+0545] {processor.py:208} INFO - Processing /home/ashok/miniconda3/envs/mysecondenvironment/lib/python3.8/site-packages/airflow/example_dags/example_short_circuit_decorator.py took 0.042 seconds
[2025-09-21T08:43:50.712+0545] {processor.py:186} INFO - Started process (PID=27934) to work on /home/ashok/miniconda3/envs/mysecondenvironment/lib/python3.8/site-packages/airflow/example_dags/example_short_circuit_decorator.py
[2025-09-21T08:43:50.713+0545] {processor.py:914} INFO - Processing file /home/ashok/miniconda3/envs/mysecondenvironment/lib/python3.8/site-packages/airflow/example_dags/example_short_circuit_decorator.py for tasks to queue
[2025-09-21T08:43:50.715+0545] {logging_mixin.py:190} INFO - [2025-09-21T08:43:50.715+0545] {dagbag.py:588} INFO - Filling up the DagBag from /home/ashok/miniconda3/envs/mysecondenvironment/lib/python3.8/site-packages/airflow/example_dags/example_short_circuit_decorator.py
[2025-09-21T08:43:50.721+0545] {processor.py:925} INFO - DAG(s) 'example_short_circuit_decorator' retrieved from /home/ashok/miniconda3/envs/mysecondenvironment/lib/python3.8/site-packages/airflow/example_dags/example_short_circuit_decorator.py
[2025-09-21T08:43:50.732+0545] {logging_mixin.py:190} INFO - [2025-09-21T08:43:50.732+0545] {dag.py:3239} INFO - Sync 1 DAGs
[2025-09-21T08:43:50.739+0545] {logging_mixin.py:190} INFO - [2025-09-21T08:43:50.738+0545] {dag.py:4180} INFO - Setting next_dagrun for example_short_circuit_decorator to None, run_after=None
[2025-09-21T08:43:50.755+0545] {processor.py:208} INFO - Processing /home/ashok/miniconda3/envs/mysecondenvironment/lib/python3.8/site-packages/airflow/example_dags/example_short_circuit_decorator.py took 0.048 seconds
[2025-09-21T08:44:48.045+0545] {processor.py:186} INFO - Started process (PID=28299) to work on /home/ashok/miniconda3/envs/mysecondenvironment/lib/python3.8/site-packages/airflow/example_dags/example_short_circuit_decorator.py
[2025-09-21T08:44:48.047+0545] {processor.py:914} INFO - Processing file /home/ashok/miniconda3/envs/mysecondenvironment/lib/python3.8/site-packages/airflow/example_dags/example_short_circuit_decorator.py for tasks to queue
[2025-09-21T08:44:48.048+0545] {logging_mixin.py:190} INFO - [2025-09-21T08:44:48.048+0545] {dagbag.py:588} INFO - Filling up the DagBag from /home/ashok/miniconda3/envs/mysecondenvironment/lib/python3.8/site-packages/airflow/example_dags/example_short_circuit_decorator.py
[2025-09-21T08:44:48.053+0545] {processor.py:925} INFO - DAG(s) 'example_short_circuit_decorator' retrieved from /home/ashok/miniconda3/envs/mysecondenvironment/lib/python3.8/site-packages/airflow/example_dags/example_short_circuit_decorator.py
[2025-09-21T08:44:48.064+0545] {logging_mixin.py:190} INFO - [2025-09-21T08:44:48.063+0545] {dag.py:3239} INFO - Sync 1 DAGs
[2025-09-21T08:44:48.071+0545] {logging_mixin.py:190} INFO - [2025-09-21T08:44:48.071+0545] {dag.py:4180} INFO - Setting next_dagrun for example_short_circuit_decorator to None, run_after=None
[2025-09-21T08:44:48.088+0545] {processor.py:208} INFO - Processing /home/ashok/miniconda3/envs/mysecondenvironment/lib/python3.8/site-packages/airflow/example_dags/example_short_circuit_decorator.py took 0.047 seconds
[2025-09-21T08:45:49.604+0545] {processor.py:186} INFO - Started process (PID=28739) to work on /home/ashok/miniconda3/envs/mysecondenvironment/lib/python3.8/site-packages/airflow/example_dags/example_short_circuit_decorator.py
[2025-09-21T08:45:49.607+0545] {processor.py:914} INFO - Processing file /home/ashok/miniconda3/envs/mysecondenvironment/lib/python3.8/site-packages/airflow/example_dags/example_short_circuit_decorator.py for tasks to queue
[2025-09-21T08:45:49.608+0545] {logging_mixin.py:190} INFO - [2025-09-21T08:45:49.608+0545] {dagbag.py:588} INFO - Filling up the DagBag from /home/ashok/miniconda3/envs/mysecondenvironment/lib/python3.8/site-packages/airflow/example_dags/example_short_circuit_decorator.py
[2025-09-21T08:45:49.613+0545] {processor.py:925} INFO - DAG(s) 'example_short_circuit_decorator' retrieved from /home/ashok/miniconda3/envs/mysecondenvironment/lib/python3.8/site-packages/airflow/example_dags/example_short_circuit_decorator.py
[2025-09-21T08:45:49.622+0545] {logging_mixin.py:190} INFO - [2025-09-21T08:45:49.622+0545] {dag.py:3239} INFO - Sync 1 DAGs
[2025-09-21T08:45:49.627+0545] {logging_mixin.py:190} INFO - [2025-09-21T08:45:49.627+0545] {dag.py:4180} INFO - Setting next_dagrun for example_short_circuit_decorator to None, run_after=None
[2025-09-21T08:45:49.646+0545] {processor.py:208} INFO - Processing /home/ashok/miniconda3/envs/mysecondenvironment/lib/python3.8/site-packages/airflow/example_dags/example_short_circuit_decorator.py took 0.045 seconds
[2025-09-21T08:46:46.147+0545] {processor.py:186} INFO - Started process (PID=29148) to work on /home/ashok/miniconda3/envs/mysecondenvironment/lib/python3.8/site-packages/airflow/example_dags/example_short_circuit_decorator.py
[2025-09-21T08:46:46.148+0545] {processor.py:914} INFO - Processing file /home/ashok/miniconda3/envs/mysecondenvironment/lib/python3.8/site-packages/airflow/example_dags/example_short_circuit_decorator.py for tasks to queue
[2025-09-21T08:46:46.150+0545] {logging_mixin.py:190} INFO - [2025-09-21T08:46:46.150+0545] {dagbag.py:588} INFO - Filling up the DagBag from /home/ashok/miniconda3/envs/mysecondenvironment/lib/python3.8/site-packages/airflow/example_dags/example_short_circuit_decorator.py
[2025-09-21T08:46:46.156+0545] {processor.py:925} INFO - DAG(s) 'example_short_circuit_decorator' retrieved from /home/ashok/miniconda3/envs/mysecondenvironment/lib/python3.8/site-packages/airflow/example_dags/example_short_circuit_decorator.py
[2025-09-21T08:46:46.165+0545] {logging_mixin.py:190} INFO - [2025-09-21T08:46:46.165+0545] {dag.py:3239} INFO - Sync 1 DAGs
[2025-09-21T08:46:46.171+0545] {logging_mixin.py:190} INFO - [2025-09-21T08:46:46.171+0545] {dag.py:4180} INFO - Setting next_dagrun for example_short_circuit_decorator to None, run_after=None
[2025-09-21T08:46:46.187+0545] {processor.py:208} INFO - Processing /home/ashok/miniconda3/envs/mysecondenvironment/lib/python3.8/site-packages/airflow/example_dags/example_short_circuit_decorator.py took 0.045 seconds
[2025-09-21T08:47:41.625+0545] {processor.py:186} INFO - Started process (PID=29514) to work on /home/ashok/miniconda3/envs/mysecondenvironment/lib/python3.8/site-packages/airflow/example_dags/example_short_circuit_decorator.py
[2025-09-21T08:47:41.627+0545] {processor.py:914} INFO - Processing file /home/ashok/miniconda3/envs/mysecondenvironment/lib/python3.8/site-packages/airflow/example_dags/example_short_circuit_decorator.py for tasks to queue
[2025-09-21T08:47:41.629+0545] {logging_mixin.py:190} INFO - [2025-09-21T08:47:41.629+0545] {dagbag.py:588} INFO - Filling up the DagBag from /home/ashok/miniconda3/envs/mysecondenvironment/lib/python3.8/site-packages/airflow/example_dags/example_short_circuit_decorator.py
[2025-09-21T08:47:41.634+0545] {processor.py:925} INFO - DAG(s) 'example_short_circuit_decorator' retrieved from /home/ashok/miniconda3/envs/mysecondenvironment/lib/python3.8/site-packages/airflow/example_dags/example_short_circuit_decorator.py
[2025-09-21T08:47:41.645+0545] {logging_mixin.py:190} INFO - [2025-09-21T08:47:41.645+0545] {dag.py:3239} INFO - Sync 1 DAGs
[2025-09-21T08:47:41.652+0545] {logging_mixin.py:190} INFO - [2025-09-21T08:47:41.651+0545] {dag.py:4180} INFO - Setting next_dagrun for example_short_circuit_decorator to None, run_after=None
[2025-09-21T08:47:41.667+0545] {processor.py:208} INFO - Processing /home/ashok/miniconda3/envs/mysecondenvironment/lib/python3.8/site-packages/airflow/example_dags/example_short_circuit_decorator.py took 0.045 seconds
[2025-09-21T09:43:43.368+0545] {processor.py:186} INFO - Started process (PID=49579) to work on /home/ashok/miniconda3/envs/mysecondenvironment/lib/python3.8/site-packages/airflow/example_dags/example_short_circuit_decorator.py
[2025-09-21T09:43:43.370+0545] {processor.py:914} INFO - Processing file /home/ashok/miniconda3/envs/mysecondenvironment/lib/python3.8/site-packages/airflow/example_dags/example_short_circuit_decorator.py for tasks to queue
[2025-09-21T09:43:43.371+0545] {logging_mixin.py:190} INFO - [2025-09-21T09:43:43.371+0545] {dagbag.py:588} INFO - Filling up the DagBag from /home/ashok/miniconda3/envs/mysecondenvironment/lib/python3.8/site-packages/airflow/example_dags/example_short_circuit_decorator.py
[2025-09-21T09:43:43.376+0545] {processor.py:925} INFO - DAG(s) 'example_short_circuit_decorator' retrieved from /home/ashok/miniconda3/envs/mysecondenvironment/lib/python3.8/site-packages/airflow/example_dags/example_short_circuit_decorator.py
[2025-09-21T09:43:43.386+0545] {logging_mixin.py:190} INFO - [2025-09-21T09:43:43.386+0545] {dag.py:3239} INFO - Sync 1 DAGs
[2025-09-21T09:43:43.392+0545] {logging_mixin.py:190} INFO - [2025-09-21T09:43:43.392+0545] {dag.py:4180} INFO - Setting next_dagrun for example_short_circuit_decorator to None, run_after=None
[2025-09-21T09:43:43.407+0545] {processor.py:208} INFO - Processing /home/ashok/miniconda3/envs/mysecondenvironment/lib/python3.8/site-packages/airflow/example_dags/example_short_circuit_decorator.py took 0.043 seconds
[2025-09-21T09:46:56.694+0545] {processor.py:186} INFO - Started process (PID=52099) to work on /home/ashok/miniconda3/envs/mysecondenvironment/lib/python3.8/site-packages/airflow/example_dags/example_short_circuit_decorator.py
[2025-09-21T09:46:56.695+0545] {processor.py:914} INFO - Processing file /home/ashok/miniconda3/envs/mysecondenvironment/lib/python3.8/site-packages/airflow/example_dags/example_short_circuit_decorator.py for tasks to queue
[2025-09-21T09:46:56.697+0545] {logging_mixin.py:190} INFO - [2025-09-21T09:46:56.696+0545] {dagbag.py:588} INFO - Filling up the DagBag from /home/ashok/miniconda3/envs/mysecondenvironment/lib/python3.8/site-packages/airflow/example_dags/example_short_circuit_decorator.py
[2025-09-21T09:46:56.702+0545] {processor.py:925} INFO - DAG(s) 'example_short_circuit_decorator' retrieved from /home/ashok/miniconda3/envs/mysecondenvironment/lib/python3.8/site-packages/airflow/example_dags/example_short_circuit_decorator.py
[2025-09-21T09:46:56.713+0545] {logging_mixin.py:190} INFO - [2025-09-21T09:46:56.713+0545] {dag.py:3239} INFO - Sync 1 DAGs
[2025-09-21T09:46:56.719+0545] {logging_mixin.py:190} INFO - [2025-09-21T09:46:56.719+0545] {dag.py:4180} INFO - Setting next_dagrun for example_short_circuit_decorator to None, run_after=None
[2025-09-21T09:46:56.734+0545] {processor.py:208} INFO - Processing /home/ashok/miniconda3/envs/mysecondenvironment/lib/python3.8/site-packages/airflow/example_dags/example_short_circuit_decorator.py took 0.044 seconds
[2025-09-21T09:47:54.440+0545] {processor.py:186} INFO - Started process (PID=52541) to work on /home/ashok/miniconda3/envs/mysecondenvironment/lib/python3.8/site-packages/airflow/example_dags/example_short_circuit_decorator.py
[2025-09-21T09:47:54.441+0545] {processor.py:914} INFO - Processing file /home/ashok/miniconda3/envs/mysecondenvironment/lib/python3.8/site-packages/airflow/example_dags/example_short_circuit_decorator.py for tasks to queue
[2025-09-21T09:47:54.443+0545] {logging_mixin.py:190} INFO - [2025-09-21T09:47:54.442+0545] {dagbag.py:588} INFO - Filling up the DagBag from /home/ashok/miniconda3/envs/mysecondenvironment/lib/python3.8/site-packages/airflow/example_dags/example_short_circuit_decorator.py
[2025-09-21T09:47:54.448+0545] {processor.py:925} INFO - DAG(s) 'example_short_circuit_decorator' retrieved from /home/ashok/miniconda3/envs/mysecondenvironment/lib/python3.8/site-packages/airflow/example_dags/example_short_circuit_decorator.py
[2025-09-21T09:47:54.459+0545] {logging_mixin.py:190} INFO - [2025-09-21T09:47:54.459+0545] {dag.py:3239} INFO - Sync 1 DAGs
[2025-09-21T09:47:54.466+0545] {logging_mixin.py:190} INFO - [2025-09-21T09:47:54.466+0545] {dag.py:4180} INFO - Setting next_dagrun for example_short_circuit_decorator to None, run_after=None
[2025-09-21T09:47:54.483+0545] {processor.py:208} INFO - Processing /home/ashok/miniconda3/envs/mysecondenvironment/lib/python3.8/site-packages/airflow/example_dags/example_short_circuit_decorator.py took 0.047 seconds
[2025-09-21T09:48:49.208+0545] {processor.py:186} INFO - Started process (PID=52933) to work on /home/ashok/miniconda3/envs/mysecondenvironment/lib/python3.8/site-packages/airflow/example_dags/example_short_circuit_decorator.py
[2025-09-21T09:48:49.210+0545] {processor.py:914} INFO - Processing file /home/ashok/miniconda3/envs/mysecondenvironment/lib/python3.8/site-packages/airflow/example_dags/example_short_circuit_decorator.py for tasks to queue
[2025-09-21T09:48:49.212+0545] {logging_mixin.py:190} INFO - [2025-09-21T09:48:49.212+0545] {dagbag.py:588} INFO - Filling up the DagBag from /home/ashok/miniconda3/envs/mysecondenvironment/lib/python3.8/site-packages/airflow/example_dags/example_short_circuit_decorator.py
[2025-09-21T09:48:49.219+0545] {processor.py:925} INFO - DAG(s) 'example_short_circuit_decorator' retrieved from /home/ashok/miniconda3/envs/mysecondenvironment/lib/python3.8/site-packages/airflow/example_dags/example_short_circuit_decorator.py
[2025-09-21T09:48:49.228+0545] {logging_mixin.py:190} INFO - [2025-09-21T09:48:49.228+0545] {dag.py:3239} INFO - Sync 1 DAGs
[2025-09-21T09:48:49.234+0545] {logging_mixin.py:190} INFO - [2025-09-21T09:48:49.234+0545] {dag.py:4180} INFO - Setting next_dagrun for example_short_circuit_decorator to None, run_after=None
[2025-09-21T09:48:49.249+0545] {processor.py:208} INFO - Processing /home/ashok/miniconda3/envs/mysecondenvironment/lib/python3.8/site-packages/airflow/example_dags/example_short_circuit_decorator.py took 0.045 seconds
[2025-09-21T09:49:50.043+0545] {processor.py:186} INFO - Started process (PID=53421) to work on /home/ashok/miniconda3/envs/mysecondenvironment/lib/python3.8/site-packages/airflow/example_dags/example_short_circuit_decorator.py
[2025-09-21T09:49:50.045+0545] {processor.py:914} INFO - Processing file /home/ashok/miniconda3/envs/mysecondenvironment/lib/python3.8/site-packages/airflow/example_dags/example_short_circuit_decorator.py for tasks to queue
[2025-09-21T09:49:50.046+0545] {logging_mixin.py:190} INFO - [2025-09-21T09:49:50.046+0545] {dagbag.py:588} INFO - Filling up the DagBag from /home/ashok/miniconda3/envs/mysecondenvironment/lib/python3.8/site-packages/airflow/example_dags/example_short_circuit_decorator.py
[2025-09-21T09:49:50.051+0545] {processor.py:925} INFO - DAG(s) 'example_short_circuit_decorator' retrieved from /home/ashok/miniconda3/envs/mysecondenvironment/lib/python3.8/site-packages/airflow/example_dags/example_short_circuit_decorator.py
[2025-09-21T09:49:50.060+0545] {logging_mixin.py:190} INFO - [2025-09-21T09:49:50.060+0545] {dag.py:3239} INFO - Sync 1 DAGs
[2025-09-21T09:49:50.066+0545] {logging_mixin.py:190} INFO - [2025-09-21T09:49:50.066+0545] {dag.py:4180} INFO - Setting next_dagrun for example_short_circuit_decorator to None, run_after=None
[2025-09-21T09:49:50.086+0545] {processor.py:208} INFO - Processing /home/ashok/miniconda3/envs/mysecondenvironment/lib/python3.8/site-packages/airflow/example_dags/example_short_circuit_decorator.py took 0.046 seconds
[2025-09-21T09:50:47.465+0545] {processor.py:186} INFO - Started process (PID=53838) to work on /home/ashok/miniconda3/envs/mysecondenvironment/lib/python3.8/site-packages/airflow/example_dags/example_short_circuit_decorator.py
[2025-09-21T09:50:47.467+0545] {processor.py:914} INFO - Processing file /home/ashok/miniconda3/envs/mysecondenvironment/lib/python3.8/site-packages/airflow/example_dags/example_short_circuit_decorator.py for tasks to queue
[2025-09-21T09:50:47.469+0545] {logging_mixin.py:190} INFO - [2025-09-21T09:50:47.469+0545] {dagbag.py:588} INFO - Filling up the DagBag from /home/ashok/miniconda3/envs/mysecondenvironment/lib/python3.8/site-packages/airflow/example_dags/example_short_circuit_decorator.py
[2025-09-21T09:50:47.474+0545] {processor.py:925} INFO - DAG(s) 'example_short_circuit_decorator' retrieved from /home/ashok/miniconda3/envs/mysecondenvironment/lib/python3.8/site-packages/airflow/example_dags/example_short_circuit_decorator.py
[2025-09-21T09:50:47.485+0545] {logging_mixin.py:190} INFO - [2025-09-21T09:50:47.485+0545] {dag.py:3239} INFO - Sync 1 DAGs
[2025-09-21T09:50:47.491+0545] {logging_mixin.py:190} INFO - [2025-09-21T09:50:47.491+0545] {dag.py:4180} INFO - Setting next_dagrun for example_short_circuit_decorator to None, run_after=None
[2025-09-21T09:50:47.507+0545] {processor.py:208} INFO - Processing /home/ashok/miniconda3/envs/mysecondenvironment/lib/python3.8/site-packages/airflow/example_dags/example_short_circuit_decorator.py took 0.046 seconds
[2025-09-21T09:53:27.456+0545] {processor.py:186} INFO - Started process (PID=55633) to work on /home/ashok/miniconda3/envs/mysecondenvironment/lib/python3.8/site-packages/airflow/example_dags/example_short_circuit_decorator.py
[2025-09-21T09:53:27.457+0545] {processor.py:914} INFO - Processing file /home/ashok/miniconda3/envs/mysecondenvironment/lib/python3.8/site-packages/airflow/example_dags/example_short_circuit_decorator.py for tasks to queue
[2025-09-21T09:53:27.458+0545] {logging_mixin.py:190} INFO - [2025-09-21T09:53:27.458+0545] {dagbag.py:588} INFO - Filling up the DagBag from /home/ashok/miniconda3/envs/mysecondenvironment/lib/python3.8/site-packages/airflow/example_dags/example_short_circuit_decorator.py
[2025-09-21T09:53:27.464+0545] {processor.py:925} INFO - DAG(s) 'example_short_circuit_decorator' retrieved from /home/ashok/miniconda3/envs/mysecondenvironment/lib/python3.8/site-packages/airflow/example_dags/example_short_circuit_decorator.py
[2025-09-21T09:53:27.473+0545] {logging_mixin.py:190} INFO - [2025-09-21T09:53:27.473+0545] {dag.py:3239} INFO - Sync 1 DAGs
[2025-09-21T09:53:27.479+0545] {logging_mixin.py:190} INFO - [2025-09-21T09:53:27.479+0545] {dag.py:4180} INFO - Setting next_dagrun for example_short_circuit_decorator to None, run_after=None
[2025-09-21T09:53:27.494+0545] {processor.py:208} INFO - Processing /home/ashok/miniconda3/envs/mysecondenvironment/lib/python3.8/site-packages/airflow/example_dags/example_short_circuit_decorator.py took 0.042 seconds
[2025-09-21T09:54:42.027+0545] {processor.py:186} INFO - Started process (PID=56463) to work on /home/ashok/miniconda3/envs/mysecondenvironment/lib/python3.8/site-packages/airflow/example_dags/example_short_circuit_decorator.py
[2025-09-21T09:54:42.029+0545] {processor.py:914} INFO - Processing file /home/ashok/miniconda3/envs/mysecondenvironment/lib/python3.8/site-packages/airflow/example_dags/example_short_circuit_decorator.py for tasks to queue
[2025-09-21T09:54:42.030+0545] {logging_mixin.py:190} INFO - [2025-09-21T09:54:42.030+0545] {dagbag.py:588} INFO - Filling up the DagBag from /home/ashok/miniconda3/envs/mysecondenvironment/lib/python3.8/site-packages/airflow/example_dags/example_short_circuit_decorator.py
[2025-09-21T09:54:42.036+0545] {processor.py:925} INFO - DAG(s) 'example_short_circuit_decorator' retrieved from /home/ashok/miniconda3/envs/mysecondenvironment/lib/python3.8/site-packages/airflow/example_dags/example_short_circuit_decorator.py
[2025-09-21T09:54:42.046+0545] {logging_mixin.py:190} INFO - [2025-09-21T09:54:42.046+0545] {dag.py:3239} INFO - Sync 1 DAGs
[2025-09-21T09:54:42.052+0545] {logging_mixin.py:190} INFO - [2025-09-21T09:54:42.052+0545] {dag.py:4180} INFO - Setting next_dagrun for example_short_circuit_decorator to None, run_after=None
[2025-09-21T09:54:42.068+0545] {processor.py:208} INFO - Processing /home/ashok/miniconda3/envs/mysecondenvironment/lib/python3.8/site-packages/airflow/example_dags/example_short_circuit_decorator.py took 0.044 seconds
[2025-09-21T09:55:38.336+0545] {processor.py:186} INFO - Started process (PID=56954) to work on /home/ashok/miniconda3/envs/mysecondenvironment/lib/python3.8/site-packages/airflow/example_dags/example_short_circuit_decorator.py
[2025-09-21T09:55:38.337+0545] {processor.py:914} INFO - Processing file /home/ashok/miniconda3/envs/mysecondenvironment/lib/python3.8/site-packages/airflow/example_dags/example_short_circuit_decorator.py for tasks to queue
[2025-09-21T09:55:38.339+0545] {logging_mixin.py:190} INFO - [2025-09-21T09:55:38.339+0545] {dagbag.py:588} INFO - Filling up the DagBag from /home/ashok/miniconda3/envs/mysecondenvironment/lib/python3.8/site-packages/airflow/example_dags/example_short_circuit_decorator.py
[2025-09-21T09:55:38.345+0545] {processor.py:925} INFO - DAG(s) 'example_short_circuit_decorator' retrieved from /home/ashok/miniconda3/envs/mysecondenvironment/lib/python3.8/site-packages/airflow/example_dags/example_short_circuit_decorator.py
[2025-09-21T09:55:38.356+0545] {logging_mixin.py:190} INFO - [2025-09-21T09:55:38.355+0545] {dag.py:3239} INFO - Sync 1 DAGs
[2025-09-21T09:55:38.362+0545] {logging_mixin.py:190} INFO - [2025-09-21T09:55:38.362+0545] {dag.py:4180} INFO - Setting next_dagrun for example_short_circuit_decorator to None, run_after=None
[2025-09-21T09:55:38.380+0545] {processor.py:208} INFO - Processing /home/ashok/miniconda3/envs/mysecondenvironment/lib/python3.8/site-packages/airflow/example_dags/example_short_circuit_decorator.py took 0.048 seconds
[2025-09-21T09:56:34.578+0545] {processor.py:186} INFO - Started process (PID=57311) to work on /home/ashok/miniconda3/envs/mysecondenvironment/lib/python3.8/site-packages/airflow/example_dags/example_short_circuit_decorator.py
[2025-09-21T09:56:34.580+0545] {processor.py:914} INFO - Processing file /home/ashok/miniconda3/envs/mysecondenvironment/lib/python3.8/site-packages/airflow/example_dags/example_short_circuit_decorator.py for tasks to queue
[2025-09-21T09:56:34.581+0545] {logging_mixin.py:190} INFO - [2025-09-21T09:56:34.581+0545] {dagbag.py:588} INFO - Filling up the DagBag from /home/ashok/miniconda3/envs/mysecondenvironment/lib/python3.8/site-packages/airflow/example_dags/example_short_circuit_decorator.py
[2025-09-21T09:56:34.589+0545] {processor.py:925} INFO - DAG(s) 'example_short_circuit_decorator' retrieved from /home/ashok/miniconda3/envs/mysecondenvironment/lib/python3.8/site-packages/airflow/example_dags/example_short_circuit_decorator.py
[2025-09-21T09:56:34.598+0545] {logging_mixin.py:190} INFO - [2025-09-21T09:56:34.598+0545] {dag.py:3239} INFO - Sync 1 DAGs
[2025-09-21T09:56:34.607+0545] {logging_mixin.py:190} INFO - [2025-09-21T09:56:34.607+0545] {dag.py:4180} INFO - Setting next_dagrun for example_short_circuit_decorator to None, run_after=None
[2025-09-21T09:56:34.624+0545] {processor.py:208} INFO - Processing /home/ashok/miniconda3/envs/mysecondenvironment/lib/python3.8/site-packages/airflow/example_dags/example_short_circuit_decorator.py took 0.049 seconds
[2025-09-21T09:57:28.972+0545] {processor.py:186} INFO - Started process (PID=57667) to work on /home/ashok/miniconda3/envs/mysecondenvironment/lib/python3.8/site-packages/airflow/example_dags/example_short_circuit_decorator.py
[2025-09-21T09:57:28.973+0545] {processor.py:914} INFO - Processing file /home/ashok/miniconda3/envs/mysecondenvironment/lib/python3.8/site-packages/airflow/example_dags/example_short_circuit_decorator.py for tasks to queue
[2025-09-21T09:57:28.975+0545] {logging_mixin.py:190} INFO - [2025-09-21T09:57:28.975+0545] {dagbag.py:588} INFO - Filling up the DagBag from /home/ashok/miniconda3/envs/mysecondenvironment/lib/python3.8/site-packages/airflow/example_dags/example_short_circuit_decorator.py
[2025-09-21T09:57:28.980+0545] {processor.py:925} INFO - DAG(s) 'example_short_circuit_decorator' retrieved from /home/ashok/miniconda3/envs/mysecondenvironment/lib/python3.8/site-packages/airflow/example_dags/example_short_circuit_decorator.py
[2025-09-21T09:57:28.991+0545] {logging_mixin.py:190} INFO - [2025-09-21T09:57:28.991+0545] {dag.py:3239} INFO - Sync 1 DAGs
[2025-09-21T09:57:28.997+0545] {logging_mixin.py:190} INFO - [2025-09-21T09:57:28.997+0545] {dag.py:4180} INFO - Setting next_dagrun for example_short_circuit_decorator to None, run_after=None
[2025-09-21T09:57:29.013+0545] {processor.py:208} INFO - Processing /home/ashok/miniconda3/envs/mysecondenvironment/lib/python3.8/site-packages/airflow/example_dags/example_short_circuit_decorator.py took 0.046 seconds
[2025-09-21T09:58:22.439+0545] {processor.py:186} INFO - Started process (PID=58050) to work on /home/ashok/miniconda3/envs/mysecondenvironment/lib/python3.8/site-packages/airflow/example_dags/example_short_circuit_decorator.py
[2025-09-21T09:58:22.441+0545] {processor.py:914} INFO - Processing file /home/ashok/miniconda3/envs/mysecondenvironment/lib/python3.8/site-packages/airflow/example_dags/example_short_circuit_decorator.py for tasks to queue
[2025-09-21T09:58:22.442+0545] {logging_mixin.py:190} INFO - [2025-09-21T09:58:22.442+0545] {dagbag.py:588} INFO - Filling up the DagBag from /home/ashok/miniconda3/envs/mysecondenvironment/lib/python3.8/site-packages/airflow/example_dags/example_short_circuit_decorator.py
[2025-09-21T09:58:22.447+0545] {processor.py:925} INFO - DAG(s) 'example_short_circuit_decorator' retrieved from /home/ashok/miniconda3/envs/mysecondenvironment/lib/python3.8/site-packages/airflow/example_dags/example_short_circuit_decorator.py
[2025-09-21T09:58:22.456+0545] {logging_mixin.py:190} INFO - [2025-09-21T09:58:22.456+0545] {dag.py:3239} INFO - Sync 1 DAGs
[2025-09-21T09:58:22.462+0545] {logging_mixin.py:190} INFO - [2025-09-21T09:58:22.462+0545] {dag.py:4180} INFO - Setting next_dagrun for example_short_circuit_decorator to None, run_after=None
[2025-09-21T09:58:22.478+0545] {processor.py:208} INFO - Processing /home/ashok/miniconda3/envs/mysecondenvironment/lib/python3.8/site-packages/airflow/example_dags/example_short_circuit_decorator.py took 0.042 seconds
[2025-09-21T09:59:18.670+0545] {processor.py:186} INFO - Started process (PID=58442) to work on /home/ashok/miniconda3/envs/mysecondenvironment/lib/python3.8/site-packages/airflow/example_dags/example_short_circuit_decorator.py
[2025-09-21T09:59:18.672+0545] {processor.py:914} INFO - Processing file /home/ashok/miniconda3/envs/mysecondenvironment/lib/python3.8/site-packages/airflow/example_dags/example_short_circuit_decorator.py for tasks to queue
[2025-09-21T09:59:18.673+0545] {logging_mixin.py:190} INFO - [2025-09-21T09:59:18.673+0545] {dagbag.py:588} INFO - Filling up the DagBag from /home/ashok/miniconda3/envs/mysecondenvironment/lib/python3.8/site-packages/airflow/example_dags/example_short_circuit_decorator.py
[2025-09-21T09:59:18.679+0545] {processor.py:925} INFO - DAG(s) 'example_short_circuit_decorator' retrieved from /home/ashok/miniconda3/envs/mysecondenvironment/lib/python3.8/site-packages/airflow/example_dags/example_short_circuit_decorator.py
[2025-09-21T09:59:18.689+0545] {logging_mixin.py:190} INFO - [2025-09-21T09:59:18.689+0545] {dag.py:3239} INFO - Sync 1 DAGs
[2025-09-21T09:59:18.694+0545] {logging_mixin.py:190} INFO - [2025-09-21T09:59:18.694+0545] {dag.py:4180} INFO - Setting next_dagrun for example_short_circuit_decorator to None, run_after=None
[2025-09-21T09:59:18.710+0545] {processor.py:208} INFO - Processing /home/ashok/miniconda3/envs/mysecondenvironment/lib/python3.8/site-packages/airflow/example_dags/example_short_circuit_decorator.py took 0.043 seconds
[2025-09-21T10:00:13.201+0545] {processor.py:186} INFO - Started process (PID=58809) to work on /home/ashok/miniconda3/envs/mysecondenvironment/lib/python3.8/site-packages/airflow/example_dags/example_short_circuit_decorator.py
[2025-09-21T10:00:13.202+0545] {processor.py:914} INFO - Processing file /home/ashok/miniconda3/envs/mysecondenvironment/lib/python3.8/site-packages/airflow/example_dags/example_short_circuit_decorator.py for tasks to queue
[2025-09-21T10:00:13.204+0545] {logging_mixin.py:190} INFO - [2025-09-21T10:00:13.203+0545] {dagbag.py:588} INFO - Filling up the DagBag from /home/ashok/miniconda3/envs/mysecondenvironment/lib/python3.8/site-packages/airflow/example_dags/example_short_circuit_decorator.py
[2025-09-21T10:00:13.209+0545] {processor.py:925} INFO - DAG(s) 'example_short_circuit_decorator' retrieved from /home/ashok/miniconda3/envs/mysecondenvironment/lib/python3.8/site-packages/airflow/example_dags/example_short_circuit_decorator.py
[2025-09-21T10:00:13.218+0545] {logging_mixin.py:190} INFO - [2025-09-21T10:00:13.218+0545] {dag.py:3239} INFO - Sync 1 DAGs
[2025-09-21T10:00:13.224+0545] {logging_mixin.py:190} INFO - [2025-09-21T10:00:13.224+0545] {dag.py:4180} INFO - Setting next_dagrun for example_short_circuit_decorator to None, run_after=None
[2025-09-21T10:00:13.242+0545] {processor.py:208} INFO - Processing /home/ashok/miniconda3/envs/mysecondenvironment/lib/python3.8/site-packages/airflow/example_dags/example_short_circuit_decorator.py took 0.044 seconds
[2025-09-21T10:03:23.990+0545] {processor.py:186} INFO - Started process (PID=60887) to work on /home/ashok/miniconda3/envs/mysecondenvironment/lib/python3.8/site-packages/airflow/example_dags/example_short_circuit_decorator.py
[2025-09-21T10:03:23.992+0545] {processor.py:914} INFO - Processing file /home/ashok/miniconda3/envs/mysecondenvironment/lib/python3.8/site-packages/airflow/example_dags/example_short_circuit_decorator.py for tasks to queue
[2025-09-21T10:03:23.993+0545] {logging_mixin.py:190} INFO - [2025-09-21T10:03:23.993+0545] {dagbag.py:588} INFO - Filling up the DagBag from /home/ashok/miniconda3/envs/mysecondenvironment/lib/python3.8/site-packages/airflow/example_dags/example_short_circuit_decorator.py
[2025-09-21T10:03:23.999+0545] {processor.py:925} INFO - DAG(s) 'example_short_circuit_decorator' retrieved from /home/ashok/miniconda3/envs/mysecondenvironment/lib/python3.8/site-packages/airflow/example_dags/example_short_circuit_decorator.py
[2025-09-21T10:03:24.008+0545] {logging_mixin.py:190} INFO - [2025-09-21T10:03:24.007+0545] {dag.py:3239} INFO - Sync 1 DAGs
[2025-09-21T10:03:24.013+0545] {logging_mixin.py:190} INFO - [2025-09-21T10:03:24.013+0545] {dag.py:4180} INFO - Setting next_dagrun for example_short_circuit_decorator to None, run_after=None
[2025-09-21T10:03:24.030+0545] {processor.py:208} INFO - Processing /home/ashok/miniconda3/envs/mysecondenvironment/lib/python3.8/site-packages/airflow/example_dags/example_short_circuit_decorator.py took 0.044 seconds
[2025-09-21T10:04:20.871+0545] {processor.py:186} INFO - Started process (PID=61268) to work on /home/ashok/miniconda3/envs/mysecondenvironment/lib/python3.8/site-packages/airflow/example_dags/example_short_circuit_decorator.py
[2025-09-21T10:04:20.873+0545] {processor.py:914} INFO - Processing file /home/ashok/miniconda3/envs/mysecondenvironment/lib/python3.8/site-packages/airflow/example_dags/example_short_circuit_decorator.py for tasks to queue
[2025-09-21T10:04:20.874+0545] {logging_mixin.py:190} INFO - [2025-09-21T10:04:20.874+0545] {dagbag.py:588} INFO - Filling up the DagBag from /home/ashok/miniconda3/envs/mysecondenvironment/lib/python3.8/site-packages/airflow/example_dags/example_short_circuit_decorator.py
[2025-09-21T10:04:20.880+0545] {processor.py:925} INFO - DAG(s) 'example_short_circuit_decorator' retrieved from /home/ashok/miniconda3/envs/mysecondenvironment/lib/python3.8/site-packages/airflow/example_dags/example_short_circuit_decorator.py
[2025-09-21T10:04:20.892+0545] {logging_mixin.py:190} INFO - [2025-09-21T10:04:20.892+0545] {dag.py:3239} INFO - Sync 1 DAGs
[2025-09-21T10:04:20.899+0545] {logging_mixin.py:190} INFO - [2025-09-21T10:04:20.899+0545] {dag.py:4180} INFO - Setting next_dagrun for example_short_circuit_decorator to None, run_after=None
[2025-09-21T10:04:20.914+0545] {processor.py:208} INFO - Processing /home/ashok/miniconda3/envs/mysecondenvironment/lib/python3.8/site-packages/airflow/example_dags/example_short_circuit_decorator.py took 0.046 seconds
[2025-09-21T10:05:17.837+0545] {processor.py:186} INFO - Started process (PID=61742) to work on /home/ashok/miniconda3/envs/mysecondenvironment/lib/python3.8/site-packages/airflow/example_dags/example_short_circuit_decorator.py
[2025-09-21T10:05:17.838+0545] {processor.py:914} INFO - Processing file /home/ashok/miniconda3/envs/mysecondenvironment/lib/python3.8/site-packages/airflow/example_dags/example_short_circuit_decorator.py for tasks to queue
[2025-09-21T10:05:17.839+0545] {logging_mixin.py:190} INFO - [2025-09-21T10:05:17.839+0545] {dagbag.py:588} INFO - Filling up the DagBag from /home/ashok/miniconda3/envs/mysecondenvironment/lib/python3.8/site-packages/airflow/example_dags/example_short_circuit_decorator.py
[2025-09-21T10:05:17.846+0545] {processor.py:925} INFO - DAG(s) 'example_short_circuit_decorator' retrieved from /home/ashok/miniconda3/envs/mysecondenvironment/lib/python3.8/site-packages/airflow/example_dags/example_short_circuit_decorator.py
[2025-09-21T10:05:17.855+0545] {logging_mixin.py:190} INFO - [2025-09-21T10:05:17.855+0545] {dag.py:3239} INFO - Sync 1 DAGs
[2025-09-21T10:05:17.861+0545] {logging_mixin.py:190} INFO - [2025-09-21T10:05:17.861+0545] {dag.py:4180} INFO - Setting next_dagrun for example_short_circuit_decorator to None, run_after=None
[2025-09-21T10:05:17.877+0545] {processor.py:208} INFO - Processing /home/ashok/miniconda3/envs/mysecondenvironment/lib/python3.8/site-packages/airflow/example_dags/example_short_circuit_decorator.py took 0.044 seconds
[2025-09-21T10:06:12.597+0545] {processor.py:186} INFO - Started process (PID=62151) to work on /home/ashok/miniconda3/envs/mysecondenvironment/lib/python3.8/site-packages/airflow/example_dags/example_short_circuit_decorator.py
[2025-09-21T10:06:12.598+0545] {processor.py:914} INFO - Processing file /home/ashok/miniconda3/envs/mysecondenvironment/lib/python3.8/site-packages/airflow/example_dags/example_short_circuit_decorator.py for tasks to queue
[2025-09-21T10:06:12.600+0545] {logging_mixin.py:190} INFO - [2025-09-21T10:06:12.599+0545] {dagbag.py:588} INFO - Filling up the DagBag from /home/ashok/miniconda3/envs/mysecondenvironment/lib/python3.8/site-packages/airflow/example_dags/example_short_circuit_decorator.py
[2025-09-21T10:06:12.606+0545] {processor.py:925} INFO - DAG(s) 'example_short_circuit_decorator' retrieved from /home/ashok/miniconda3/envs/mysecondenvironment/lib/python3.8/site-packages/airflow/example_dags/example_short_circuit_decorator.py
[2025-09-21T10:06:12.617+0545] {logging_mixin.py:190} INFO - [2025-09-21T10:06:12.617+0545] {dag.py:3239} INFO - Sync 1 DAGs
[2025-09-21T10:06:12.624+0545] {logging_mixin.py:190} INFO - [2025-09-21T10:06:12.624+0545] {dag.py:4180} INFO - Setting next_dagrun for example_short_circuit_decorator to None, run_after=None
[2025-09-21T10:06:12.642+0545] {processor.py:208} INFO - Processing /home/ashok/miniconda3/envs/mysecondenvironment/lib/python3.8/site-packages/airflow/example_dags/example_short_circuit_decorator.py took 0.050 seconds
[2025-09-21T10:07:07.644+0545] {processor.py:186} INFO - Started process (PID=62651) to work on /home/ashok/miniconda3/envs/mysecondenvironment/lib/python3.8/site-packages/airflow/example_dags/example_short_circuit_decorator.py
[2025-09-21T10:07:07.645+0545] {processor.py:914} INFO - Processing file /home/ashok/miniconda3/envs/mysecondenvironment/lib/python3.8/site-packages/airflow/example_dags/example_short_circuit_decorator.py for tasks to queue
[2025-09-21T10:07:07.646+0545] {logging_mixin.py:190} INFO - [2025-09-21T10:07:07.646+0545] {dagbag.py:588} INFO - Filling up the DagBag from /home/ashok/miniconda3/envs/mysecondenvironment/lib/python3.8/site-packages/airflow/example_dags/example_short_circuit_decorator.py
[2025-09-21T10:07:07.652+0545] {processor.py:925} INFO - DAG(s) 'example_short_circuit_decorator' retrieved from /home/ashok/miniconda3/envs/mysecondenvironment/lib/python3.8/site-packages/airflow/example_dags/example_short_circuit_decorator.py
[2025-09-21T10:07:07.662+0545] {logging_mixin.py:190} INFO - [2025-09-21T10:07:07.662+0545] {dag.py:3239} INFO - Sync 1 DAGs
[2025-09-21T10:07:07.670+0545] {logging_mixin.py:190} INFO - [2025-09-21T10:07:07.669+0545] {dag.py:4180} INFO - Setting next_dagrun for example_short_circuit_decorator to None, run_after=None
[2025-09-21T10:07:07.689+0545] {processor.py:208} INFO - Processing /home/ashok/miniconda3/envs/mysecondenvironment/lib/python3.8/site-packages/airflow/example_dags/example_short_circuit_decorator.py took 0.049 seconds
[2025-09-21T10:08:06.396+0545] {processor.py:186} INFO - Started process (PID=63132) to work on /home/ashok/miniconda3/envs/mysecondenvironment/lib/python3.8/site-packages/airflow/example_dags/example_short_circuit_decorator.py
[2025-09-21T10:08:06.398+0545] {processor.py:914} INFO - Processing file /home/ashok/miniconda3/envs/mysecondenvironment/lib/python3.8/site-packages/airflow/example_dags/example_short_circuit_decorator.py for tasks to queue
[2025-09-21T10:08:06.399+0545] {logging_mixin.py:190} INFO - [2025-09-21T10:08:06.399+0545] {dagbag.py:588} INFO - Filling up the DagBag from /home/ashok/miniconda3/envs/mysecondenvironment/lib/python3.8/site-packages/airflow/example_dags/example_short_circuit_decorator.py
[2025-09-21T10:08:06.404+0545] {processor.py:925} INFO - DAG(s) 'example_short_circuit_decorator' retrieved from /home/ashok/miniconda3/envs/mysecondenvironment/lib/python3.8/site-packages/airflow/example_dags/example_short_circuit_decorator.py
[2025-09-21T10:08:06.414+0545] {logging_mixin.py:190} INFO - [2025-09-21T10:08:06.414+0545] {dag.py:3239} INFO - Sync 1 DAGs
[2025-09-21T10:08:06.420+0545] {logging_mixin.py:190} INFO - [2025-09-21T10:08:06.420+0545] {dag.py:4180} INFO - Setting next_dagrun for example_short_circuit_decorator to None, run_after=None
[2025-09-21T10:08:06.437+0545] {processor.py:208} INFO - Processing /home/ashok/miniconda3/envs/mysecondenvironment/lib/python3.8/site-packages/airflow/example_dags/example_short_circuit_decorator.py took 0.044 seconds
[2025-09-21T10:09:04.975+0545] {processor.py:186} INFO - Started process (PID=63768) to work on /home/ashok/miniconda3/envs/mysecondenvironment/lib/python3.8/site-packages/airflow/example_dags/example_short_circuit_decorator.py
[2025-09-21T10:09:04.977+0545] {processor.py:914} INFO - Processing file /home/ashok/miniconda3/envs/mysecondenvironment/lib/python3.8/site-packages/airflow/example_dags/example_short_circuit_decorator.py for tasks to queue
[2025-09-21T10:09:04.978+0545] {logging_mixin.py:190} INFO - [2025-09-21T10:09:04.978+0545] {dagbag.py:588} INFO - Filling up the DagBag from /home/ashok/miniconda3/envs/mysecondenvironment/lib/python3.8/site-packages/airflow/example_dags/example_short_circuit_decorator.py
[2025-09-21T10:09:04.983+0545] {processor.py:925} INFO - DAG(s) 'example_short_circuit_decorator' retrieved from /home/ashok/miniconda3/envs/mysecondenvironment/lib/python3.8/site-packages/airflow/example_dags/example_short_circuit_decorator.py
[2025-09-21T10:09:04.992+0545] {logging_mixin.py:190} INFO - [2025-09-21T10:09:04.992+0545] {dag.py:3239} INFO - Sync 1 DAGs
[2025-09-21T10:09:04.998+0545] {logging_mixin.py:190} INFO - [2025-09-21T10:09:04.998+0545] {dag.py:4180} INFO - Setting next_dagrun for example_short_circuit_decorator to None, run_after=None
[2025-09-21T10:09:05.014+0545] {processor.py:208} INFO - Processing /home/ashok/miniconda3/envs/mysecondenvironment/lib/python3.8/site-packages/airflow/example_dags/example_short_circuit_decorator.py took 0.042 seconds
[2025-09-21T10:09:56.470+0545] {processor.py:186} INFO - Started process (PID=64240) to work on /home/ashok/miniconda3/envs/mysecondenvironment/lib/python3.8/site-packages/airflow/example_dags/example_short_circuit_decorator.py
[2025-09-21T10:09:56.472+0545] {processor.py:914} INFO - Processing file /home/ashok/miniconda3/envs/mysecondenvironment/lib/python3.8/site-packages/airflow/example_dags/example_short_circuit_decorator.py for tasks to queue
[2025-09-21T10:09:56.474+0545] {logging_mixin.py:190} INFO - [2025-09-21T10:09:56.473+0545] {dagbag.py:588} INFO - Filling up the DagBag from /home/ashok/miniconda3/envs/mysecondenvironment/lib/python3.8/site-packages/airflow/example_dags/example_short_circuit_decorator.py
[2025-09-21T10:09:56.481+0545] {processor.py:925} INFO - DAG(s) 'example_short_circuit_decorator' retrieved from /home/ashok/miniconda3/envs/mysecondenvironment/lib/python3.8/site-packages/airflow/example_dags/example_short_circuit_decorator.py
[2025-09-21T10:09:56.492+0545] {logging_mixin.py:190} INFO - [2025-09-21T10:09:56.492+0545] {dag.py:3239} INFO - Sync 1 DAGs
[2025-09-21T10:09:56.500+0545] {logging_mixin.py:190} INFO - [2025-09-21T10:09:56.500+0545] {dag.py:4180} INFO - Setting next_dagrun for example_short_circuit_decorator to None, run_after=None
[2025-09-21T10:09:56.517+0545] {processor.py:208} INFO - Processing /home/ashok/miniconda3/envs/mysecondenvironment/lib/python3.8/site-packages/airflow/example_dags/example_short_circuit_decorator.py took 0.052 seconds
[2025-09-21T10:10:53.396+0545] {processor.py:186} INFO - Started process (PID=64714) to work on /home/ashok/miniconda3/envs/mysecondenvironment/lib/python3.8/site-packages/airflow/example_dags/example_short_circuit_decorator.py
[2025-09-21T10:10:53.397+0545] {processor.py:914} INFO - Processing file /home/ashok/miniconda3/envs/mysecondenvironment/lib/python3.8/site-packages/airflow/example_dags/example_short_circuit_decorator.py for tasks to queue
[2025-09-21T10:10:53.399+0545] {logging_mixin.py:190} INFO - [2025-09-21T10:10:53.398+0545] {dagbag.py:588} INFO - Filling up the DagBag from /home/ashok/miniconda3/envs/mysecondenvironment/lib/python3.8/site-packages/airflow/example_dags/example_short_circuit_decorator.py
[2025-09-21T10:10:53.406+0545] {processor.py:925} INFO - DAG(s) 'example_short_circuit_decorator' retrieved from /home/ashok/miniconda3/envs/mysecondenvironment/lib/python3.8/site-packages/airflow/example_dags/example_short_circuit_decorator.py
[2025-09-21T10:10:53.416+0545] {logging_mixin.py:190} INFO - [2025-09-21T10:10:53.416+0545] {dag.py:3239} INFO - Sync 1 DAGs
[2025-09-21T10:10:53.423+0545] {logging_mixin.py:190} INFO - [2025-09-21T10:10:53.423+0545] {dag.py:4180} INFO - Setting next_dagrun for example_short_circuit_decorator to None, run_after=None
[2025-09-21T10:10:53.439+0545] {processor.py:208} INFO - Processing /home/ashok/miniconda3/envs/mysecondenvironment/lib/python3.8/site-packages/airflow/example_dags/example_short_circuit_decorator.py took 0.047 seconds
[2025-09-21T10:11:47.900+0545] {processor.py:186} INFO - Started process (PID=65214) to work on /home/ashok/miniconda3/envs/mysecondenvironment/lib/python3.8/site-packages/airflow/example_dags/example_short_circuit_decorator.py
[2025-09-21T10:11:47.902+0545] {processor.py:914} INFO - Processing file /home/ashok/miniconda3/envs/mysecondenvironment/lib/python3.8/site-packages/airflow/example_dags/example_short_circuit_decorator.py for tasks to queue
[2025-09-21T10:11:47.904+0545] {logging_mixin.py:190} INFO - [2025-09-21T10:11:47.904+0545] {dagbag.py:588} INFO - Filling up the DagBag from /home/ashok/miniconda3/envs/mysecondenvironment/lib/python3.8/site-packages/airflow/example_dags/example_short_circuit_decorator.py
[2025-09-21T10:11:47.909+0545] {processor.py:925} INFO - DAG(s) 'example_short_circuit_decorator' retrieved from /home/ashok/miniconda3/envs/mysecondenvironment/lib/python3.8/site-packages/airflow/example_dags/example_short_circuit_decorator.py
[2025-09-21T10:11:47.917+0545] {logging_mixin.py:190} INFO - [2025-09-21T10:11:47.917+0545] {dag.py:3239} INFO - Sync 1 DAGs
[2025-09-21T10:11:47.923+0545] {logging_mixin.py:190} INFO - [2025-09-21T10:11:47.923+0545] {dag.py:4180} INFO - Setting next_dagrun for example_short_circuit_decorator to None, run_after=None
[2025-09-21T10:11:47.943+0545] {processor.py:208} INFO - Processing /home/ashok/miniconda3/envs/mysecondenvironment/lib/python3.8/site-packages/airflow/example_dags/example_short_circuit_decorator.py took 0.046 seconds
[2025-09-21T10:12:42.210+0545] {processor.py:186} INFO - Started process (PID=65593) to work on /home/ashok/miniconda3/envs/mysecondenvironment/lib/python3.8/site-packages/airflow/example_dags/example_short_circuit_decorator.py
[2025-09-21T10:12:42.211+0545] {processor.py:914} INFO - Processing file /home/ashok/miniconda3/envs/mysecondenvironment/lib/python3.8/site-packages/airflow/example_dags/example_short_circuit_decorator.py for tasks to queue
[2025-09-21T10:12:42.212+0545] {logging_mixin.py:190} INFO - [2025-09-21T10:12:42.212+0545] {dagbag.py:588} INFO - Filling up the DagBag from /home/ashok/miniconda3/envs/mysecondenvironment/lib/python3.8/site-packages/airflow/example_dags/example_short_circuit_decorator.py
[2025-09-21T10:12:42.218+0545] {processor.py:925} INFO - DAG(s) 'example_short_circuit_decorator' retrieved from /home/ashok/miniconda3/envs/mysecondenvironment/lib/python3.8/site-packages/airflow/example_dags/example_short_circuit_decorator.py
[2025-09-21T10:12:42.226+0545] {logging_mixin.py:190} INFO - [2025-09-21T10:12:42.226+0545] {dag.py:3239} INFO - Sync 1 DAGs
[2025-09-21T10:12:42.232+0545] {logging_mixin.py:190} INFO - [2025-09-21T10:12:42.232+0545] {dag.py:4180} INFO - Setting next_dagrun for example_short_circuit_decorator to None, run_after=None
[2025-09-21T10:12:42.249+0545] {processor.py:208} INFO - Processing /home/ashok/miniconda3/envs/mysecondenvironment/lib/python3.8/site-packages/airflow/example_dags/example_short_circuit_decorator.py took 0.042 seconds
[2025-09-21T10:13:39.140+0545] {processor.py:186} INFO - Started process (PID=66097) to work on /home/ashok/miniconda3/envs/mysecondenvironment/lib/python3.8/site-packages/airflow/example_dags/example_short_circuit_decorator.py
[2025-09-21T10:13:39.142+0545] {processor.py:914} INFO - Processing file /home/ashok/miniconda3/envs/mysecondenvironment/lib/python3.8/site-packages/airflow/example_dags/example_short_circuit_decorator.py for tasks to queue
[2025-09-21T10:13:39.144+0545] {logging_mixin.py:190} INFO - [2025-09-21T10:13:39.143+0545] {dagbag.py:588} INFO - Filling up the DagBag from /home/ashok/miniconda3/envs/mysecondenvironment/lib/python3.8/site-packages/airflow/example_dags/example_short_circuit_decorator.py
[2025-09-21T10:13:39.150+0545] {processor.py:925} INFO - DAG(s) 'example_short_circuit_decorator' retrieved from /home/ashok/miniconda3/envs/mysecondenvironment/lib/python3.8/site-packages/airflow/example_dags/example_short_circuit_decorator.py
[2025-09-21T10:13:39.159+0545] {logging_mixin.py:190} INFO - [2025-09-21T10:13:39.159+0545] {dag.py:3239} INFO - Sync 1 DAGs
[2025-09-21T10:13:39.165+0545] {logging_mixin.py:190} INFO - [2025-09-21T10:13:39.165+0545] {dag.py:4180} INFO - Setting next_dagrun for example_short_circuit_decorator to None, run_after=None
[2025-09-21T10:13:39.182+0545] {processor.py:208} INFO - Processing /home/ashok/miniconda3/envs/mysecondenvironment/lib/python3.8/site-packages/airflow/example_dags/example_short_circuit_decorator.py took 0.046 seconds
