[2025-09-21T08:35:58.666+0545] {processor.py:186} INFO - Started process (PID=22117) to work on /home/ashok/miniconda3/envs/mysecondenvironment/lib/python3.8/site-packages/airflow/example_dags/example_skip_dag.py
[2025-09-21T08:35:58.667+0545] {processor.py:914} INFO - Processing file /home/ashok/miniconda3/envs/mysecondenvironment/lib/python3.8/site-packages/airflow/example_dags/example_skip_dag.py for tasks to queue
[2025-09-21T08:35:58.668+0545] {logging_mixin.py:190} INFO - [2025-09-21T08:35:58.668+0545] {dagbag.py:588} INFO - Filling up the DagBag from /home/ashok/miniconda3/envs/mysecondenvironment/lib/python3.8/site-packages/airflow/example_dags/example_skip_dag.py
[2025-09-21T08:35:58.673+0545] {processor.py:925} INFO - DAG(s) 'example_skip_dag' retrieved from /home/ashok/miniconda3/envs/mysecondenvironment/lib/python3.8/site-packages/airflow/example_dags/example_skip_dag.py
[2025-09-21T08:35:58.684+0545] {logging_mixin.py:190} INFO - [2025-09-21T08:35:58.684+0545] {dag.py:3239} INFO - Sync 1 DAGs
[2025-09-21T08:35:58.697+0545] {logging_mixin.py:190} INFO - [2025-09-21T08:35:58.697+0545] {dag.py:4180} INFO - Setting next_dagrun for example_skip_dag to 2025-09-20 00:00:00+00:00, run_after=2025-09-21 00:00:00+00:00
[2025-09-21T08:35:58.715+0545] {processor.py:208} INFO - Processing /home/ashok/miniconda3/envs/mysecondenvironment/lib/python3.8/site-packages/airflow/example_dags/example_skip_dag.py took 0.053 seconds
[2025-09-21T08:39:51.536+0545] {processor.py:186} INFO - Started process (PID=26071) to work on /home/ashok/miniconda3/envs/mysecondenvironment/lib/python3.8/site-packages/airflow/example_dags/example_skip_dag.py
[2025-09-21T08:39:51.537+0545] {processor.py:914} INFO - Processing file /home/ashok/miniconda3/envs/mysecondenvironment/lib/python3.8/site-packages/airflow/example_dags/example_skip_dag.py for tasks to queue
[2025-09-21T08:39:51.539+0545] {logging_mixin.py:190} INFO - [2025-09-21T08:39:51.539+0545] {dagbag.py:588} INFO - Filling up the DagBag from /home/ashok/miniconda3/envs/mysecondenvironment/lib/python3.8/site-packages/airflow/example_dags/example_skip_dag.py
[2025-09-21T08:39:51.544+0545] {processor.py:925} INFO - DAG(s) 'example_skip_dag' retrieved from /home/ashok/miniconda3/envs/mysecondenvironment/lib/python3.8/site-packages/airflow/example_dags/example_skip_dag.py
[2025-09-21T08:39:51.557+0545] {logging_mixin.py:190} INFO - [2025-09-21T08:39:51.557+0545] {dag.py:3239} INFO - Sync 1 DAGs
[2025-09-21T08:39:51.567+0545] {logging_mixin.py:190} INFO - [2025-09-21T08:39:51.567+0545] {dag.py:4180} INFO - Setting next_dagrun for example_skip_dag to 2025-09-20 00:00:00+00:00, run_after=2025-09-21 00:00:00+00:00
[2025-09-21T08:39:51.586+0545] {processor.py:208} INFO - Processing /home/ashok/miniconda3/envs/mysecondenvironment/lib/python3.8/site-packages/airflow/example_dags/example_skip_dag.py took 0.054 seconds
[2025-09-21T08:41:10.562+0545] {processor.py:186} INFO - Started process (PID=26739) to work on /home/ashok/miniconda3/envs/mysecondenvironment/lib/python3.8/site-packages/airflow/example_dags/example_skip_dag.py
[2025-09-21T08:41:10.564+0545] {processor.py:914} INFO - Processing file /home/ashok/miniconda3/envs/mysecondenvironment/lib/python3.8/site-packages/airflow/example_dags/example_skip_dag.py for tasks to queue
[2025-09-21T08:41:10.565+0545] {logging_mixin.py:190} INFO - [2025-09-21T08:41:10.565+0545] {dagbag.py:588} INFO - Filling up the DagBag from /home/ashok/miniconda3/envs/mysecondenvironment/lib/python3.8/site-packages/airflow/example_dags/example_skip_dag.py
[2025-09-21T08:41:10.570+0545] {processor.py:925} INFO - DAG(s) 'example_skip_dag' retrieved from /home/ashok/miniconda3/envs/mysecondenvironment/lib/python3.8/site-packages/airflow/example_dags/example_skip_dag.py
[2025-09-21T08:41:10.578+0545] {logging_mixin.py:190} INFO - [2025-09-21T08:41:10.578+0545] {dag.py:3239} INFO - Sync 1 DAGs
[2025-09-21T08:41:10.587+0545] {logging_mixin.py:190} INFO - [2025-09-21T08:41:10.587+0545] {dag.py:4180} INFO - Setting next_dagrun for example_skip_dag to 2025-09-20 00:00:00+00:00, run_after=2025-09-21 00:00:00+00:00
[2025-09-21T08:41:10.607+0545] {processor.py:208} INFO - Processing /home/ashok/miniconda3/envs/mysecondenvironment/lib/python3.8/site-packages/airflow/example_dags/example_skip_dag.py took 0.048 seconds
[2025-09-21T08:42:08.196+0545] {processor.py:186} INFO - Started process (PID=27229) to work on /home/ashok/miniconda3/envs/mysecondenvironment/lib/python3.8/site-packages/airflow/example_dags/example_skip_dag.py
[2025-09-21T08:42:08.198+0545] {processor.py:914} INFO - Processing file /home/ashok/miniconda3/envs/mysecondenvironment/lib/python3.8/site-packages/airflow/example_dags/example_skip_dag.py for tasks to queue
[2025-09-21T08:42:08.199+0545] {logging_mixin.py:190} INFO - [2025-09-21T08:42:08.199+0545] {dagbag.py:588} INFO - Filling up the DagBag from /home/ashok/miniconda3/envs/mysecondenvironment/lib/python3.8/site-packages/airflow/example_dags/example_skip_dag.py
[2025-09-21T08:42:08.204+0545] {processor.py:925} INFO - DAG(s) 'example_skip_dag' retrieved from /home/ashok/miniconda3/envs/mysecondenvironment/lib/python3.8/site-packages/airflow/example_dags/example_skip_dag.py
[2025-09-21T08:42:08.213+0545] {logging_mixin.py:190} INFO - [2025-09-21T08:42:08.213+0545] {dag.py:3239} INFO - Sync 1 DAGs
[2025-09-21T08:42:08.225+0545] {logging_mixin.py:190} INFO - [2025-09-21T08:42:08.224+0545] {dag.py:4180} INFO - Setting next_dagrun for example_skip_dag to 2025-09-20 00:00:00+00:00, run_after=2025-09-21 00:00:00+00:00
[2025-09-21T08:42:08.241+0545] {processor.py:208} INFO - Processing /home/ashok/miniconda3/envs/mysecondenvironment/lib/python3.8/site-packages/airflow/example_dags/example_skip_dag.py took 0.048 seconds
[2025-09-21T08:43:07.602+0545] {processor.py:186} INFO - Started process (PID=27663) to work on /home/ashok/miniconda3/envs/mysecondenvironment/lib/python3.8/site-packages/airflow/example_dags/example_skip_dag.py
[2025-09-21T08:43:07.604+0545] {processor.py:914} INFO - Processing file /home/ashok/miniconda3/envs/mysecondenvironment/lib/python3.8/site-packages/airflow/example_dags/example_skip_dag.py for tasks to queue
[2025-09-21T08:43:07.606+0545] {logging_mixin.py:190} INFO - [2025-09-21T08:43:07.605+0545] {dagbag.py:588} INFO - Filling up the DagBag from /home/ashok/miniconda3/envs/mysecondenvironment/lib/python3.8/site-packages/airflow/example_dags/example_skip_dag.py
[2025-09-21T08:43:07.610+0545] {processor.py:925} INFO - DAG(s) 'example_skip_dag' retrieved from /home/ashok/miniconda3/envs/mysecondenvironment/lib/python3.8/site-packages/airflow/example_dags/example_skip_dag.py
[2025-09-21T08:43:07.619+0545] {logging_mixin.py:190} INFO - [2025-09-21T08:43:07.619+0545] {dag.py:3239} INFO - Sync 1 DAGs
[2025-09-21T08:43:07.628+0545] {logging_mixin.py:190} INFO - [2025-09-21T08:43:07.628+0545] {dag.py:4180} INFO - Setting next_dagrun for example_skip_dag to 2025-09-20 00:00:00+00:00, run_after=2025-09-21 00:00:00+00:00
[2025-09-21T08:43:07.643+0545] {processor.py:208} INFO - Processing /home/ashok/miniconda3/envs/mysecondenvironment/lib/python3.8/site-packages/airflow/example_dags/example_skip_dag.py took 0.044 seconds
[2025-09-21T08:44:02.944+0545] {processor.py:186} INFO - Started process (PID=28024) to work on /home/ashok/miniconda3/envs/mysecondenvironment/lib/python3.8/site-packages/airflow/example_dags/example_skip_dag.py
[2025-09-21T08:44:02.946+0545] {processor.py:914} INFO - Processing file /home/ashok/miniconda3/envs/mysecondenvironment/lib/python3.8/site-packages/airflow/example_dags/example_skip_dag.py for tasks to queue
[2025-09-21T08:44:02.947+0545] {logging_mixin.py:190} INFO - [2025-09-21T08:44:02.947+0545] {dagbag.py:588} INFO - Filling up the DagBag from /home/ashok/miniconda3/envs/mysecondenvironment/lib/python3.8/site-packages/airflow/example_dags/example_skip_dag.py
[2025-09-21T08:44:02.953+0545] {processor.py:925} INFO - DAG(s) 'example_skip_dag' retrieved from /home/ashok/miniconda3/envs/mysecondenvironment/lib/python3.8/site-packages/airflow/example_dags/example_skip_dag.py
[2025-09-21T08:44:02.962+0545] {logging_mixin.py:190} INFO - [2025-09-21T08:44:02.962+0545] {dag.py:3239} INFO - Sync 1 DAGs
[2025-09-21T08:44:02.972+0545] {logging_mixin.py:190} INFO - [2025-09-21T08:44:02.971+0545] {dag.py:4180} INFO - Setting next_dagrun for example_skip_dag to 2025-09-20 00:00:00+00:00, run_after=2025-09-21 00:00:00+00:00
[2025-09-21T08:44:02.987+0545] {processor.py:208} INFO - Processing /home/ashok/miniconda3/envs/mysecondenvironment/lib/python3.8/site-packages/airflow/example_dags/example_skip_dag.py took 0.047 seconds
[2025-09-21T08:45:05.348+0545] {processor.py:186} INFO - Started process (PID=28425) to work on /home/ashok/miniconda3/envs/mysecondenvironment/lib/python3.8/site-packages/airflow/example_dags/example_skip_dag.py
[2025-09-21T08:45:05.350+0545] {processor.py:914} INFO - Processing file /home/ashok/miniconda3/envs/mysecondenvironment/lib/python3.8/site-packages/airflow/example_dags/example_skip_dag.py for tasks to queue
[2025-09-21T08:45:05.351+0545] {logging_mixin.py:190} INFO - [2025-09-21T08:45:05.351+0545] {dagbag.py:588} INFO - Filling up the DagBag from /home/ashok/miniconda3/envs/mysecondenvironment/lib/python3.8/site-packages/airflow/example_dags/example_skip_dag.py
[2025-09-21T08:45:05.356+0545] {processor.py:925} INFO - DAG(s) 'example_skip_dag' retrieved from /home/ashok/miniconda3/envs/mysecondenvironment/lib/python3.8/site-packages/airflow/example_dags/example_skip_dag.py
[2025-09-21T08:45:05.365+0545] {logging_mixin.py:190} INFO - [2025-09-21T08:45:05.365+0545] {dag.py:3239} INFO - Sync 1 DAGs
[2025-09-21T08:45:05.373+0545] {logging_mixin.py:190} INFO - [2025-09-21T08:45:05.373+0545] {dag.py:4180} INFO - Setting next_dagrun for example_skip_dag to 2025-09-20 00:00:00+00:00, run_after=2025-09-21 00:00:00+00:00
[2025-09-21T08:45:05.391+0545] {processor.py:208} INFO - Processing /home/ashok/miniconda3/envs/mysecondenvironment/lib/python3.8/site-packages/airflow/example_dags/example_skip_dag.py took 0.048 seconds
[2025-09-21T08:46:02.472+0545] {processor.py:186} INFO - Started process (PID=28815) to work on /home/ashok/miniconda3/envs/mysecondenvironment/lib/python3.8/site-packages/airflow/example_dags/example_skip_dag.py
[2025-09-21T08:46:02.474+0545] {processor.py:914} INFO - Processing file /home/ashok/miniconda3/envs/mysecondenvironment/lib/python3.8/site-packages/airflow/example_dags/example_skip_dag.py for tasks to queue
[2025-09-21T08:46:02.475+0545] {logging_mixin.py:190} INFO - [2025-09-21T08:46:02.475+0545] {dagbag.py:588} INFO - Filling up the DagBag from /home/ashok/miniconda3/envs/mysecondenvironment/lib/python3.8/site-packages/airflow/example_dags/example_skip_dag.py
[2025-09-21T08:46:02.479+0545] {processor.py:925} INFO - DAG(s) 'example_skip_dag' retrieved from /home/ashok/miniconda3/envs/mysecondenvironment/lib/python3.8/site-packages/airflow/example_dags/example_skip_dag.py
[2025-09-21T08:46:02.487+0545] {logging_mixin.py:190} INFO - [2025-09-21T08:46:02.487+0545] {dag.py:3239} INFO - Sync 1 DAGs
[2025-09-21T08:46:02.496+0545] {logging_mixin.py:190} INFO - [2025-09-21T08:46:02.496+0545] {dag.py:4180} INFO - Setting next_dagrun for example_skip_dag to 2025-09-20 00:00:00+00:00, run_after=2025-09-21 00:00:00+00:00
[2025-09-21T08:46:02.512+0545] {processor.py:208} INFO - Processing /home/ashok/miniconda3/envs/mysecondenvironment/lib/python3.8/site-packages/airflow/example_dags/example_skip_dag.py took 0.043 seconds
[2025-09-21T08:46:58.172+0545] {processor.py:186} INFO - Started process (PID=29226) to work on /home/ashok/miniconda3/envs/mysecondenvironment/lib/python3.8/site-packages/airflow/example_dags/example_skip_dag.py
[2025-09-21T08:46:58.174+0545] {processor.py:914} INFO - Processing file /home/ashok/miniconda3/envs/mysecondenvironment/lib/python3.8/site-packages/airflow/example_dags/example_skip_dag.py for tasks to queue
[2025-09-21T08:46:58.175+0545] {logging_mixin.py:190} INFO - [2025-09-21T08:46:58.175+0545] {dagbag.py:588} INFO - Filling up the DagBag from /home/ashok/miniconda3/envs/mysecondenvironment/lib/python3.8/site-packages/airflow/example_dags/example_skip_dag.py
[2025-09-21T08:46:58.179+0545] {processor.py:925} INFO - DAG(s) 'example_skip_dag' retrieved from /home/ashok/miniconda3/envs/mysecondenvironment/lib/python3.8/site-packages/airflow/example_dags/example_skip_dag.py
[2025-09-21T08:46:58.188+0545] {logging_mixin.py:190} INFO - [2025-09-21T08:46:58.188+0545] {dag.py:3239} INFO - Sync 1 DAGs
[2025-09-21T08:46:58.198+0545] {logging_mixin.py:190} INFO - [2025-09-21T08:46:58.198+0545] {dag.py:4180} INFO - Setting next_dagrun for example_skip_dag to 2025-09-20 00:00:00+00:00, run_after=2025-09-21 00:00:00+00:00
[2025-09-21T08:46:58.214+0545] {processor.py:208} INFO - Processing /home/ashok/miniconda3/envs/mysecondenvironment/lib/python3.8/site-packages/airflow/example_dags/example_skip_dag.py took 0.045 seconds
[2025-09-21T09:43:48.827+0545] {processor.py:186} INFO - Started process (PID=49616) to work on /home/ashok/miniconda3/envs/mysecondenvironment/lib/python3.8/site-packages/airflow/example_dags/example_skip_dag.py
[2025-09-21T09:43:48.829+0545] {processor.py:914} INFO - Processing file /home/ashok/miniconda3/envs/mysecondenvironment/lib/python3.8/site-packages/airflow/example_dags/example_skip_dag.py for tasks to queue
[2025-09-21T09:43:48.831+0545] {logging_mixin.py:190} INFO - [2025-09-21T09:43:48.830+0545] {dagbag.py:588} INFO - Filling up the DagBag from /home/ashok/miniconda3/envs/mysecondenvironment/lib/python3.8/site-packages/airflow/example_dags/example_skip_dag.py
[2025-09-21T09:43:48.835+0545] {processor.py:925} INFO - DAG(s) 'example_skip_dag' retrieved from /home/ashok/miniconda3/envs/mysecondenvironment/lib/python3.8/site-packages/airflow/example_dags/example_skip_dag.py
[2025-09-21T09:43:48.844+0545] {logging_mixin.py:190} INFO - [2025-09-21T09:43:48.844+0545] {dag.py:3239} INFO - Sync 1 DAGs
[2025-09-21T09:43:48.853+0545] {logging_mixin.py:190} INFO - [2025-09-21T09:43:48.853+0545] {dag.py:4180} INFO - Setting next_dagrun for example_skip_dag to 2025-09-20 00:00:00+00:00, run_after=2025-09-21 00:00:00+00:00
[2025-09-21T09:43:48.868+0545] {processor.py:208} INFO - Processing /home/ashok/miniconda3/envs/mysecondenvironment/lib/python3.8/site-packages/airflow/example_dags/example_skip_dag.py took 0.044 seconds
[2025-09-21T09:47:02.858+0545] {processor.py:186} INFO - Started process (PID=52136) to work on /home/ashok/miniconda3/envs/mysecondenvironment/lib/python3.8/site-packages/airflow/example_dags/example_skip_dag.py
[2025-09-21T09:47:02.860+0545] {processor.py:914} INFO - Processing file /home/ashok/miniconda3/envs/mysecondenvironment/lib/python3.8/site-packages/airflow/example_dags/example_skip_dag.py for tasks to queue
[2025-09-21T09:47:02.862+0545] {logging_mixin.py:190} INFO - [2025-09-21T09:47:02.862+0545] {dagbag.py:588} INFO - Filling up the DagBag from /home/ashok/miniconda3/envs/mysecondenvironment/lib/python3.8/site-packages/airflow/example_dags/example_skip_dag.py
[2025-09-21T09:47:02.867+0545] {processor.py:925} INFO - DAG(s) 'example_skip_dag' retrieved from /home/ashok/miniconda3/envs/mysecondenvironment/lib/python3.8/site-packages/airflow/example_dags/example_skip_dag.py
[2025-09-21T09:47:02.877+0545] {logging_mixin.py:190} INFO - [2025-09-21T09:47:02.877+0545] {dag.py:3239} INFO - Sync 1 DAGs
[2025-09-21T09:47:02.887+0545] {logging_mixin.py:190} INFO - [2025-09-21T09:47:02.887+0545] {dag.py:4180} INFO - Setting next_dagrun for example_skip_dag to 2025-09-20 00:00:00+00:00, run_after=2025-09-21 00:00:00+00:00
[2025-09-21T09:47:02.903+0545] {processor.py:208} INFO - Processing /home/ashok/miniconda3/envs/mysecondenvironment/lib/python3.8/site-packages/airflow/example_dags/example_skip_dag.py took 0.048 seconds
[2025-09-21T09:47:59.595+0545] {processor.py:186} INFO - Started process (PID=52580) to work on /home/ashok/miniconda3/envs/mysecondenvironment/lib/python3.8/site-packages/airflow/example_dags/example_skip_dag.py
[2025-09-21T09:47:59.596+0545] {processor.py:914} INFO - Processing file /home/ashok/miniconda3/envs/mysecondenvironment/lib/python3.8/site-packages/airflow/example_dags/example_skip_dag.py for tasks to queue
[2025-09-21T09:47:59.597+0545] {logging_mixin.py:190} INFO - [2025-09-21T09:47:59.597+0545] {dagbag.py:588} INFO - Filling up the DagBag from /home/ashok/miniconda3/envs/mysecondenvironment/lib/python3.8/site-packages/airflow/example_dags/example_skip_dag.py
[2025-09-21T09:47:59.602+0545] {processor.py:925} INFO - DAG(s) 'example_skip_dag' retrieved from /home/ashok/miniconda3/envs/mysecondenvironment/lib/python3.8/site-packages/airflow/example_dags/example_skip_dag.py
[2025-09-21T09:47:59.611+0545] {logging_mixin.py:190} INFO - [2025-09-21T09:47:59.610+0545] {dag.py:3239} INFO - Sync 1 DAGs
[2025-09-21T09:47:59.620+0545] {logging_mixin.py:190} INFO - [2025-09-21T09:47:59.619+0545] {dag.py:4180} INFO - Setting next_dagrun for example_skip_dag to 2025-09-20 00:00:00+00:00, run_after=2025-09-21 00:00:00+00:00
[2025-09-21T09:47:59.635+0545] {processor.py:208} INFO - Processing /home/ashok/miniconda3/envs/mysecondenvironment/lib/python3.8/site-packages/airflow/example_dags/example_skip_dag.py took 0.044 seconds
[2025-09-21T09:49:06.946+0545] {processor.py:186} INFO - Started process (PID=53098) to work on /home/ashok/miniconda3/envs/mysecondenvironment/lib/python3.8/site-packages/airflow/example_dags/example_skip_dag.py
[2025-09-21T09:49:06.948+0545] {processor.py:914} INFO - Processing file /home/ashok/miniconda3/envs/mysecondenvironment/lib/python3.8/site-packages/airflow/example_dags/example_skip_dag.py for tasks to queue
[2025-09-21T09:49:06.949+0545] {logging_mixin.py:190} INFO - [2025-09-21T09:49:06.949+0545] {dagbag.py:588} INFO - Filling up the DagBag from /home/ashok/miniconda3/envs/mysecondenvironment/lib/python3.8/site-packages/airflow/example_dags/example_skip_dag.py
[2025-09-21T09:49:06.955+0545] {processor.py:925} INFO - DAG(s) 'example_skip_dag' retrieved from /home/ashok/miniconda3/envs/mysecondenvironment/lib/python3.8/site-packages/airflow/example_dags/example_skip_dag.py
[2025-09-21T09:49:06.965+0545] {logging_mixin.py:190} INFO - [2025-09-21T09:49:06.965+0545] {dag.py:3239} INFO - Sync 1 DAGs
[2025-09-21T09:49:06.976+0545] {logging_mixin.py:190} INFO - [2025-09-21T09:49:06.975+0545] {dag.py:4180} INFO - Setting next_dagrun for example_skip_dag to 2025-09-20 00:00:00+00:00, run_after=2025-09-21 00:00:00+00:00
[2025-09-21T09:49:06.991+0545] {processor.py:208} INFO - Processing /home/ashok/miniconda3/envs/mysecondenvironment/lib/python3.8/site-packages/airflow/example_dags/example_skip_dag.py took 0.048 seconds
[2025-09-21T09:50:02.309+0545] {processor.py:186} INFO - Started process (PID=53500) to work on /home/ashok/miniconda3/envs/mysecondenvironment/lib/python3.8/site-packages/airflow/example_dags/example_skip_dag.py
[2025-09-21T09:50:02.311+0545] {processor.py:914} INFO - Processing file /home/ashok/miniconda3/envs/mysecondenvironment/lib/python3.8/site-packages/airflow/example_dags/example_skip_dag.py for tasks to queue
[2025-09-21T09:50:02.313+0545] {logging_mixin.py:190} INFO - [2025-09-21T09:50:02.313+0545] {dagbag.py:588} INFO - Filling up the DagBag from /home/ashok/miniconda3/envs/mysecondenvironment/lib/python3.8/site-packages/airflow/example_dags/example_skip_dag.py
[2025-09-21T09:50:02.319+0545] {processor.py:925} INFO - DAG(s) 'example_skip_dag' retrieved from /home/ashok/miniconda3/envs/mysecondenvironment/lib/python3.8/site-packages/airflow/example_dags/example_skip_dag.py
[2025-09-21T09:50:02.329+0545] {logging_mixin.py:190} INFO - [2025-09-21T09:50:02.328+0545] {dag.py:3239} INFO - Sync 1 DAGs
[2025-09-21T09:50:02.338+0545] {logging_mixin.py:190} INFO - [2025-09-21T09:50:02.338+0545] {dag.py:4180} INFO - Setting next_dagrun for example_skip_dag to 2025-09-20 00:00:00+00:00, run_after=2025-09-21 00:00:00+00:00
[2025-09-21T09:50:02.357+0545] {processor.py:208} INFO - Processing /home/ashok/miniconda3/envs/mysecondenvironment/lib/python3.8/site-packages/airflow/example_dags/example_skip_dag.py took 0.052 seconds
[2025-09-21T09:50:56.610+0545] {processor.py:186} INFO - Started process (PID=53892) to work on /home/ashok/miniconda3/envs/mysecondenvironment/lib/python3.8/site-packages/airflow/example_dags/example_skip_dag.py
[2025-09-21T09:50:56.613+0545] {processor.py:914} INFO - Processing file /home/ashok/miniconda3/envs/mysecondenvironment/lib/python3.8/site-packages/airflow/example_dags/example_skip_dag.py for tasks to queue
[2025-09-21T09:50:56.615+0545] {logging_mixin.py:190} INFO - [2025-09-21T09:50:56.614+0545] {dagbag.py:588} INFO - Filling up the DagBag from /home/ashok/miniconda3/envs/mysecondenvironment/lib/python3.8/site-packages/airflow/example_dags/example_skip_dag.py
[2025-09-21T09:50:56.619+0545] {processor.py:925} INFO - DAG(s) 'example_skip_dag' retrieved from /home/ashok/miniconda3/envs/mysecondenvironment/lib/python3.8/site-packages/airflow/example_dags/example_skip_dag.py
[2025-09-21T09:50:56.628+0545] {logging_mixin.py:190} INFO - [2025-09-21T09:50:56.628+0545] {dag.py:3239} INFO - Sync 1 DAGs
[2025-09-21T09:50:56.636+0545] {logging_mixin.py:190} INFO - [2025-09-21T09:50:56.636+0545] {dag.py:4180} INFO - Setting next_dagrun for example_skip_dag to 2025-09-20 00:00:00+00:00, run_after=2025-09-21 00:00:00+00:00
[2025-09-21T09:50:56.652+0545] {processor.py:208} INFO - Processing /home/ashok/miniconda3/envs/mysecondenvironment/lib/python3.8/site-packages/airflow/example_dags/example_skip_dag.py took 0.045 seconds
[2025-09-21T09:53:49.750+0545] {processor.py:186} INFO - Started process (PID=56087) to work on /home/ashok/miniconda3/envs/mysecondenvironment/lib/python3.8/site-packages/airflow/example_dags/example_skip_dag.py
[2025-09-21T09:53:49.752+0545] {processor.py:914} INFO - Processing file /home/ashok/miniconda3/envs/mysecondenvironment/lib/python3.8/site-packages/airflow/example_dags/example_skip_dag.py for tasks to queue
[2025-09-21T09:53:49.753+0545] {logging_mixin.py:190} INFO - [2025-09-21T09:53:49.753+0545] {dagbag.py:588} INFO - Filling up the DagBag from /home/ashok/miniconda3/envs/mysecondenvironment/lib/python3.8/site-packages/airflow/example_dags/example_skip_dag.py
[2025-09-21T09:53:49.758+0545] {processor.py:925} INFO - DAG(s) 'example_skip_dag' retrieved from /home/ashok/miniconda3/envs/mysecondenvironment/lib/python3.8/site-packages/airflow/example_dags/example_skip_dag.py
[2025-09-21T09:53:49.769+0545] {logging_mixin.py:190} INFO - [2025-09-21T09:53:49.768+0545] {dag.py:3239} INFO - Sync 1 DAGs
[2025-09-21T09:53:49.781+0545] {logging_mixin.py:190} INFO - [2025-09-21T09:53:49.781+0545] {dag.py:4180} INFO - Setting next_dagrun for example_skip_dag to 2025-09-20 00:00:00+00:00, run_after=2025-09-21 00:00:00+00:00
[2025-09-21T09:53:49.797+0545] {processor.py:208} INFO - Processing /home/ashok/miniconda3/envs/mysecondenvironment/lib/python3.8/site-packages/airflow/example_dags/example_skip_dag.py took 0.050 seconds
[2025-09-21T09:54:48.182+0545] {processor.py:186} INFO - Started process (PID=56504) to work on /home/ashok/miniconda3/envs/mysecondenvironment/lib/python3.8/site-packages/airflow/example_dags/example_skip_dag.py
[2025-09-21T09:54:48.183+0545] {processor.py:914} INFO - Processing file /home/ashok/miniconda3/envs/mysecondenvironment/lib/python3.8/site-packages/airflow/example_dags/example_skip_dag.py for tasks to queue
[2025-09-21T09:54:48.185+0545] {logging_mixin.py:190} INFO - [2025-09-21T09:54:48.184+0545] {dagbag.py:588} INFO - Filling up the DagBag from /home/ashok/miniconda3/envs/mysecondenvironment/lib/python3.8/site-packages/airflow/example_dags/example_skip_dag.py
[2025-09-21T09:54:48.189+0545] {processor.py:925} INFO - DAG(s) 'example_skip_dag' retrieved from /home/ashok/miniconda3/envs/mysecondenvironment/lib/python3.8/site-packages/airflow/example_dags/example_skip_dag.py
[2025-09-21T09:54:48.200+0545] {logging_mixin.py:190} INFO - [2025-09-21T09:54:48.200+0545] {dag.py:3239} INFO - Sync 1 DAGs
[2025-09-21T09:54:48.211+0545] {logging_mixin.py:190} INFO - [2025-09-21T09:54:48.211+0545] {dag.py:4180} INFO - Setting next_dagrun for example_skip_dag to 2025-09-20 00:00:00+00:00, run_after=2025-09-21 00:00:00+00:00
[2025-09-21T09:54:48.228+0545] {processor.py:208} INFO - Processing /home/ashok/miniconda3/envs/mysecondenvironment/lib/python3.8/site-packages/airflow/example_dags/example_skip_dag.py took 0.050 seconds
[2025-09-21T09:55:44.634+0545] {processor.py:186} INFO - Started process (PID=56990) to work on /home/ashok/miniconda3/envs/mysecondenvironment/lib/python3.8/site-packages/airflow/example_dags/example_skip_dag.py
[2025-09-21T09:55:44.637+0545] {processor.py:914} INFO - Processing file /home/ashok/miniconda3/envs/mysecondenvironment/lib/python3.8/site-packages/airflow/example_dags/example_skip_dag.py for tasks to queue
[2025-09-21T09:55:44.638+0545] {logging_mixin.py:190} INFO - [2025-09-21T09:55:44.638+0545] {dagbag.py:588} INFO - Filling up the DagBag from /home/ashok/miniconda3/envs/mysecondenvironment/lib/python3.8/site-packages/airflow/example_dags/example_skip_dag.py
[2025-09-21T09:55:44.643+0545] {processor.py:925} INFO - DAG(s) 'example_skip_dag' retrieved from /home/ashok/miniconda3/envs/mysecondenvironment/lib/python3.8/site-packages/airflow/example_dags/example_skip_dag.py
[2025-09-21T09:55:44.651+0545] {logging_mixin.py:190} INFO - [2025-09-21T09:55:44.651+0545] {dag.py:3239} INFO - Sync 1 DAGs
[2025-09-21T09:55:44.660+0545] {logging_mixin.py:190} INFO - [2025-09-21T09:55:44.660+0545] {dag.py:4180} INFO - Setting next_dagrun for example_skip_dag to 2025-09-20 00:00:00+00:00, run_after=2025-09-21 00:00:00+00:00
[2025-09-21T09:55:44.678+0545] {processor.py:208} INFO - Processing /home/ashok/miniconda3/envs/mysecondenvironment/lib/python3.8/site-packages/airflow/example_dags/example_skip_dag.py took 0.048 seconds
[2025-09-21T09:56:41.160+0545] {processor.py:186} INFO - Started process (PID=57351) to work on /home/ashok/miniconda3/envs/mysecondenvironment/lib/python3.8/site-packages/airflow/example_dags/example_skip_dag.py
[2025-09-21T09:56:41.161+0545] {processor.py:914} INFO - Processing file /home/ashok/miniconda3/envs/mysecondenvironment/lib/python3.8/site-packages/airflow/example_dags/example_skip_dag.py for tasks to queue
[2025-09-21T09:56:41.163+0545] {logging_mixin.py:190} INFO - [2025-09-21T09:56:41.162+0545] {dagbag.py:588} INFO - Filling up the DagBag from /home/ashok/miniconda3/envs/mysecondenvironment/lib/python3.8/site-packages/airflow/example_dags/example_skip_dag.py
[2025-09-21T09:56:41.167+0545] {processor.py:925} INFO - DAG(s) 'example_skip_dag' retrieved from /home/ashok/miniconda3/envs/mysecondenvironment/lib/python3.8/site-packages/airflow/example_dags/example_skip_dag.py
[2025-09-21T09:56:41.176+0545] {logging_mixin.py:190} INFO - [2025-09-21T09:56:41.176+0545] {dag.py:3239} INFO - Sync 1 DAGs
[2025-09-21T09:56:41.185+0545] {logging_mixin.py:190} INFO - [2025-09-21T09:56:41.185+0545] {dag.py:4180} INFO - Setting next_dagrun for example_skip_dag to 2025-09-20 00:00:00+00:00, run_after=2025-09-21 00:00:00+00:00
[2025-09-21T09:56:41.201+0545] {processor.py:208} INFO - Processing /home/ashok/miniconda3/envs/mysecondenvironment/lib/python3.8/site-packages/airflow/example_dags/example_skip_dag.py took 0.045 seconds
[2025-09-21T09:57:36.255+0545] {processor.py:186} INFO - Started process (PID=57719) to work on /home/ashok/miniconda3/envs/mysecondenvironment/lib/python3.8/site-packages/airflow/example_dags/example_skip_dag.py
[2025-09-21T09:57:36.257+0545] {processor.py:914} INFO - Processing file /home/ashok/miniconda3/envs/mysecondenvironment/lib/python3.8/site-packages/airflow/example_dags/example_skip_dag.py for tasks to queue
[2025-09-21T09:57:36.258+0545] {logging_mixin.py:190} INFO - [2025-09-21T09:57:36.258+0545] {dagbag.py:588} INFO - Filling up the DagBag from /home/ashok/miniconda3/envs/mysecondenvironment/lib/python3.8/site-packages/airflow/example_dags/example_skip_dag.py
[2025-09-21T09:57:36.263+0545] {processor.py:925} INFO - DAG(s) 'example_skip_dag' retrieved from /home/ashok/miniconda3/envs/mysecondenvironment/lib/python3.8/site-packages/airflow/example_dags/example_skip_dag.py
[2025-09-21T09:57:36.273+0545] {logging_mixin.py:190} INFO - [2025-09-21T09:57:36.273+0545] {dag.py:3239} INFO - Sync 1 DAGs
[2025-09-21T09:57:36.282+0545] {logging_mixin.py:190} INFO - [2025-09-21T09:57:36.282+0545] {dag.py:4180} INFO - Setting next_dagrun for example_skip_dag to 2025-09-20 00:00:00+00:00, run_after=2025-09-21 00:00:00+00:00
[2025-09-21T09:57:36.299+0545] {processor.py:208} INFO - Processing /home/ashok/miniconda3/envs/mysecondenvironment/lib/python3.8/site-packages/airflow/example_dags/example_skip_dag.py took 0.047 seconds
[2025-09-21T09:58:28.417+0545] {processor.py:186} INFO - Started process (PID=58085) to work on /home/ashok/miniconda3/envs/mysecondenvironment/lib/python3.8/site-packages/airflow/example_dags/example_skip_dag.py
[2025-09-21T09:58:28.418+0545] {processor.py:914} INFO - Processing file /home/ashok/miniconda3/envs/mysecondenvironment/lib/python3.8/site-packages/airflow/example_dags/example_skip_dag.py for tasks to queue
[2025-09-21T09:58:28.420+0545] {logging_mixin.py:190} INFO - [2025-09-21T09:58:28.419+0545] {dagbag.py:588} INFO - Filling up the DagBag from /home/ashok/miniconda3/envs/mysecondenvironment/lib/python3.8/site-packages/airflow/example_dags/example_skip_dag.py
[2025-09-21T09:58:28.425+0545] {processor.py:925} INFO - DAG(s) 'example_skip_dag' retrieved from /home/ashok/miniconda3/envs/mysecondenvironment/lib/python3.8/site-packages/airflow/example_dags/example_skip_dag.py
[2025-09-21T09:58:28.435+0545] {logging_mixin.py:190} INFO - [2025-09-21T09:58:28.434+0545] {dag.py:3239} INFO - Sync 1 DAGs
[2025-09-21T09:58:28.446+0545] {logging_mixin.py:190} INFO - [2025-09-21T09:58:28.446+0545] {dag.py:4180} INFO - Setting next_dagrun for example_skip_dag to 2025-09-20 00:00:00+00:00, run_after=2025-09-21 00:00:00+00:00
[2025-09-21T09:58:28.463+0545] {processor.py:208} INFO - Processing /home/ashok/miniconda3/envs/mysecondenvironment/lib/python3.8/site-packages/airflow/example_dags/example_skip_dag.py took 0.050 seconds
[2025-09-21T09:59:23.723+0545] {processor.py:186} INFO - Started process (PID=58487) to work on /home/ashok/miniconda3/envs/mysecondenvironment/lib/python3.8/site-packages/airflow/example_dags/example_skip_dag.py
[2025-09-21T09:59:23.724+0545] {processor.py:914} INFO - Processing file /home/ashok/miniconda3/envs/mysecondenvironment/lib/python3.8/site-packages/airflow/example_dags/example_skip_dag.py for tasks to queue
[2025-09-21T09:59:23.726+0545] {logging_mixin.py:190} INFO - [2025-09-21T09:59:23.726+0545] {dagbag.py:588} INFO - Filling up the DagBag from /home/ashok/miniconda3/envs/mysecondenvironment/lib/python3.8/site-packages/airflow/example_dags/example_skip_dag.py
[2025-09-21T09:59:23.730+0545] {processor.py:925} INFO - DAG(s) 'example_skip_dag' retrieved from /home/ashok/miniconda3/envs/mysecondenvironment/lib/python3.8/site-packages/airflow/example_dags/example_skip_dag.py
[2025-09-21T09:59:23.742+0545] {logging_mixin.py:190} INFO - [2025-09-21T09:59:23.742+0545] {dag.py:3239} INFO - Sync 1 DAGs
[2025-09-21T09:59:23.753+0545] {logging_mixin.py:190} INFO - [2025-09-21T09:59:23.753+0545] {dag.py:4180} INFO - Setting next_dagrun for example_skip_dag to 2025-09-20 00:00:00+00:00, run_after=2025-09-21 00:00:00+00:00
[2025-09-21T09:59:23.771+0545] {processor.py:208} INFO - Processing /home/ashok/miniconda3/envs/mysecondenvironment/lib/python3.8/site-packages/airflow/example_dags/example_skip_dag.py took 0.051 seconds
[2025-09-21T10:00:19.837+0545] {processor.py:186} INFO - Started process (PID=58849) to work on /home/ashok/miniconda3/envs/mysecondenvironment/lib/python3.8/site-packages/airflow/example_dags/example_skip_dag.py
[2025-09-21T10:00:19.839+0545] {processor.py:914} INFO - Processing file /home/ashok/miniconda3/envs/mysecondenvironment/lib/python3.8/site-packages/airflow/example_dags/example_skip_dag.py for tasks to queue
[2025-09-21T10:00:19.840+0545] {logging_mixin.py:190} INFO - [2025-09-21T10:00:19.840+0545] {dagbag.py:588} INFO - Filling up the DagBag from /home/ashok/miniconda3/envs/mysecondenvironment/lib/python3.8/site-packages/airflow/example_dags/example_skip_dag.py
[2025-09-21T10:00:19.845+0545] {processor.py:925} INFO - DAG(s) 'example_skip_dag' retrieved from /home/ashok/miniconda3/envs/mysecondenvironment/lib/python3.8/site-packages/airflow/example_dags/example_skip_dag.py
[2025-09-21T10:00:19.855+0545] {logging_mixin.py:190} INFO - [2025-09-21T10:00:19.855+0545] {dag.py:3239} INFO - Sync 1 DAGs
[2025-09-21T10:00:19.864+0545] {logging_mixin.py:190} INFO - [2025-09-21T10:00:19.864+0545] {dag.py:4180} INFO - Setting next_dagrun for example_skip_dag to 2025-09-20 00:00:00+00:00, run_after=2025-09-21 00:00:00+00:00
[2025-09-21T10:00:19.880+0545] {processor.py:208} INFO - Processing /home/ashok/miniconda3/envs/mysecondenvironment/lib/python3.8/site-packages/airflow/example_dags/example_skip_dag.py took 0.046 seconds
[2025-09-21T10:03:29.885+0545] {processor.py:186} INFO - Started process (PID=60934) to work on /home/ashok/miniconda3/envs/mysecondenvironment/lib/python3.8/site-packages/airflow/example_dags/example_skip_dag.py
[2025-09-21T10:03:29.888+0545] {processor.py:914} INFO - Processing file /home/ashok/miniconda3/envs/mysecondenvironment/lib/python3.8/site-packages/airflow/example_dags/example_skip_dag.py for tasks to queue
[2025-09-21T10:03:29.889+0545] {logging_mixin.py:190} INFO - [2025-09-21T10:03:29.889+0545] {dagbag.py:588} INFO - Filling up the DagBag from /home/ashok/miniconda3/envs/mysecondenvironment/lib/python3.8/site-packages/airflow/example_dags/example_skip_dag.py
[2025-09-21T10:03:29.893+0545] {processor.py:925} INFO - DAG(s) 'example_skip_dag' retrieved from /home/ashok/miniconda3/envs/mysecondenvironment/lib/python3.8/site-packages/airflow/example_dags/example_skip_dag.py
[2025-09-21T10:03:29.901+0545] {logging_mixin.py:190} INFO - [2025-09-21T10:03:29.901+0545] {dag.py:3239} INFO - Sync 1 DAGs
[2025-09-21T10:03:29.909+0545] {logging_mixin.py:190} INFO - [2025-09-21T10:03:29.909+0545] {dag.py:4180} INFO - Setting next_dagrun for example_skip_dag to 2025-09-20 00:00:00+00:00, run_after=2025-09-21 00:00:00+00:00
[2025-09-21T10:03:29.928+0545] {processor.py:208} INFO - Processing /home/ashok/miniconda3/envs/mysecondenvironment/lib/python3.8/site-packages/airflow/example_dags/example_skip_dag.py took 0.047 seconds
[2025-09-21T10:04:26.603+0545] {processor.py:186} INFO - Started process (PID=61304) to work on /home/ashok/miniconda3/envs/mysecondenvironment/lib/python3.8/site-packages/airflow/example_dags/example_skip_dag.py
[2025-09-21T10:04:26.605+0545] {processor.py:914} INFO - Processing file /home/ashok/miniconda3/envs/mysecondenvironment/lib/python3.8/site-packages/airflow/example_dags/example_skip_dag.py for tasks to queue
[2025-09-21T10:04:26.606+0545] {logging_mixin.py:190} INFO - [2025-09-21T10:04:26.606+0545] {dagbag.py:588} INFO - Filling up the DagBag from /home/ashok/miniconda3/envs/mysecondenvironment/lib/python3.8/site-packages/airflow/example_dags/example_skip_dag.py
[2025-09-21T10:04:26.611+0545] {processor.py:925} INFO - DAG(s) 'example_skip_dag' retrieved from /home/ashok/miniconda3/envs/mysecondenvironment/lib/python3.8/site-packages/airflow/example_dags/example_skip_dag.py
[2025-09-21T10:04:26.619+0545] {logging_mixin.py:190} INFO - [2025-09-21T10:04:26.619+0545] {dag.py:3239} INFO - Sync 1 DAGs
[2025-09-21T10:04:26.628+0545] {logging_mixin.py:190} INFO - [2025-09-21T10:04:26.628+0545] {dag.py:4180} INFO - Setting next_dagrun for example_skip_dag to 2025-09-20 00:00:00+00:00, run_after=2025-09-21 00:00:00+00:00
[2025-09-21T10:04:26.644+0545] {processor.py:208} INFO - Processing /home/ashok/miniconda3/envs/mysecondenvironment/lib/python3.8/site-packages/airflow/example_dags/example_skip_dag.py took 0.044 seconds
[2025-09-21T10:05:23.278+0545] {processor.py:186} INFO - Started process (PID=61769) to work on /home/ashok/miniconda3/envs/mysecondenvironment/lib/python3.8/site-packages/airflow/example_dags/example_skip_dag.py
[2025-09-21T10:05:23.280+0545] {processor.py:914} INFO - Processing file /home/ashok/miniconda3/envs/mysecondenvironment/lib/python3.8/site-packages/airflow/example_dags/example_skip_dag.py for tasks to queue
[2025-09-21T10:05:23.281+0545] {logging_mixin.py:190} INFO - [2025-09-21T10:05:23.281+0545] {dagbag.py:588} INFO - Filling up the DagBag from /home/ashok/miniconda3/envs/mysecondenvironment/lib/python3.8/site-packages/airflow/example_dags/example_skip_dag.py
[2025-09-21T10:05:23.285+0545] {processor.py:925} INFO - DAG(s) 'example_skip_dag' retrieved from /home/ashok/miniconda3/envs/mysecondenvironment/lib/python3.8/site-packages/airflow/example_dags/example_skip_dag.py
[2025-09-21T10:05:23.293+0545] {logging_mixin.py:190} INFO - [2025-09-21T10:05:23.293+0545] {dag.py:3239} INFO - Sync 1 DAGs
[2025-09-21T10:05:23.301+0545] {logging_mixin.py:190} INFO - [2025-09-21T10:05:23.301+0545] {dag.py:4180} INFO - Setting next_dagrun for example_skip_dag to 2025-09-20 00:00:00+00:00, run_after=2025-09-21 00:00:00+00:00
[2025-09-21T10:05:23.320+0545] {processor.py:208} INFO - Processing /home/ashok/miniconda3/envs/mysecondenvironment/lib/python3.8/site-packages/airflow/example_dags/example_skip_dag.py took 0.045 seconds
[2025-09-21T10:06:18.538+0545] {processor.py:186} INFO - Started process (PID=62228) to work on /home/ashok/miniconda3/envs/mysecondenvironment/lib/python3.8/site-packages/airflow/example_dags/example_skip_dag.py
[2025-09-21T10:06:18.540+0545] {processor.py:914} INFO - Processing file /home/ashok/miniconda3/envs/mysecondenvironment/lib/python3.8/site-packages/airflow/example_dags/example_skip_dag.py for tasks to queue
[2025-09-21T10:06:18.542+0545] {logging_mixin.py:190} INFO - [2025-09-21T10:06:18.541+0545] {dagbag.py:588} INFO - Filling up the DagBag from /home/ashok/miniconda3/envs/mysecondenvironment/lib/python3.8/site-packages/airflow/example_dags/example_skip_dag.py
[2025-09-21T10:06:18.546+0545] {processor.py:925} INFO - DAG(s) 'example_skip_dag' retrieved from /home/ashok/miniconda3/envs/mysecondenvironment/lib/python3.8/site-packages/airflow/example_dags/example_skip_dag.py
[2025-09-21T10:06:18.556+0545] {logging_mixin.py:190} INFO - [2025-09-21T10:06:18.556+0545] {dag.py:3239} INFO - Sync 1 DAGs
[2025-09-21T10:06:18.566+0545] {logging_mixin.py:190} INFO - [2025-09-21T10:06:18.566+0545] {dag.py:4180} INFO - Setting next_dagrun for example_skip_dag to 2025-09-20 00:00:00+00:00, run_after=2025-09-21 00:00:00+00:00
[2025-09-21T10:06:18.581+0545] {processor.py:208} INFO - Processing /home/ashok/miniconda3/envs/mysecondenvironment/lib/python3.8/site-packages/airflow/example_dags/example_skip_dag.py took 0.047 seconds
[2025-09-21T10:07:13.930+0545] {processor.py:186} INFO - Started process (PID=62692) to work on /home/ashok/miniconda3/envs/mysecondenvironment/lib/python3.8/site-packages/airflow/example_dags/example_skip_dag.py
[2025-09-21T10:07:13.931+0545] {processor.py:914} INFO - Processing file /home/ashok/miniconda3/envs/mysecondenvironment/lib/python3.8/site-packages/airflow/example_dags/example_skip_dag.py for tasks to queue
[2025-09-21T10:07:13.933+0545] {logging_mixin.py:190} INFO - [2025-09-21T10:07:13.933+0545] {dagbag.py:588} INFO - Filling up the DagBag from /home/ashok/miniconda3/envs/mysecondenvironment/lib/python3.8/site-packages/airflow/example_dags/example_skip_dag.py
[2025-09-21T10:07:13.938+0545] {processor.py:925} INFO - DAG(s) 'example_skip_dag' retrieved from /home/ashok/miniconda3/envs/mysecondenvironment/lib/python3.8/site-packages/airflow/example_dags/example_skip_dag.py
[2025-09-21T10:07:13.946+0545] {logging_mixin.py:190} INFO - [2025-09-21T10:07:13.946+0545] {dag.py:3239} INFO - Sync 1 DAGs
[2025-09-21T10:07:13.954+0545] {logging_mixin.py:190} INFO - [2025-09-21T10:07:13.954+0545] {dag.py:4180} INFO - Setting next_dagrun for example_skip_dag to 2025-09-20 00:00:00+00:00, run_after=2025-09-21 00:00:00+00:00
[2025-09-21T10:07:13.971+0545] {processor.py:208} INFO - Processing /home/ashok/miniconda3/envs/mysecondenvironment/lib/python3.8/site-packages/airflow/example_dags/example_skip_dag.py took 0.045 seconds
[2025-09-21T10:08:12.834+0545] {processor.py:186} INFO - Started process (PID=63169) to work on /home/ashok/miniconda3/envs/mysecondenvironment/lib/python3.8/site-packages/airflow/example_dags/example_skip_dag.py
[2025-09-21T10:08:12.835+0545] {processor.py:914} INFO - Processing file /home/ashok/miniconda3/envs/mysecondenvironment/lib/python3.8/site-packages/airflow/example_dags/example_skip_dag.py for tasks to queue
[2025-09-21T10:08:12.837+0545] {logging_mixin.py:190} INFO - [2025-09-21T10:08:12.836+0545] {dagbag.py:588} INFO - Filling up the DagBag from /home/ashok/miniconda3/envs/mysecondenvironment/lib/python3.8/site-packages/airflow/example_dags/example_skip_dag.py
[2025-09-21T10:08:12.843+0545] {processor.py:925} INFO - DAG(s) 'example_skip_dag' retrieved from /home/ashok/miniconda3/envs/mysecondenvironment/lib/python3.8/site-packages/airflow/example_dags/example_skip_dag.py
[2025-09-21T10:08:12.853+0545] {logging_mixin.py:190} INFO - [2025-09-21T10:08:12.853+0545] {dag.py:3239} INFO - Sync 1 DAGs
[2025-09-21T10:08:12.862+0545] {logging_mixin.py:190} INFO - [2025-09-21T10:08:12.862+0545] {dag.py:4180} INFO - Setting next_dagrun for example_skip_dag to 2025-09-20 00:00:00+00:00, run_after=2025-09-21 00:00:00+00:00
[2025-09-21T10:08:12.877+0545] {processor.py:208} INFO - Processing /home/ashok/miniconda3/envs/mysecondenvironment/lib/python3.8/site-packages/airflow/example_dags/example_skip_dag.py took 0.047 seconds
[2025-09-21T10:09:10.713+0545] {processor.py:186} INFO - Started process (PID=63807) to work on /home/ashok/miniconda3/envs/mysecondenvironment/lib/python3.8/site-packages/airflow/example_dags/example_skip_dag.py
[2025-09-21T10:09:10.715+0545] {processor.py:914} INFO - Processing file /home/ashok/miniconda3/envs/mysecondenvironment/lib/python3.8/site-packages/airflow/example_dags/example_skip_dag.py for tasks to queue
[2025-09-21T10:09:10.716+0545] {logging_mixin.py:190} INFO - [2025-09-21T10:09:10.716+0545] {dagbag.py:588} INFO - Filling up the DagBag from /home/ashok/miniconda3/envs/mysecondenvironment/lib/python3.8/site-packages/airflow/example_dags/example_skip_dag.py
[2025-09-21T10:09:10.721+0545] {processor.py:925} INFO - DAG(s) 'example_skip_dag' retrieved from /home/ashok/miniconda3/envs/mysecondenvironment/lib/python3.8/site-packages/airflow/example_dags/example_skip_dag.py
[2025-09-21T10:09:10.729+0545] {logging_mixin.py:190} INFO - [2025-09-21T10:09:10.728+0545] {dag.py:3239} INFO - Sync 1 DAGs
[2025-09-21T10:09:10.737+0545] {logging_mixin.py:190} INFO - [2025-09-21T10:09:10.737+0545] {dag.py:4180} INFO - Setting next_dagrun for example_skip_dag to 2025-09-20 00:00:00+00:00, run_after=2025-09-21 00:00:00+00:00
[2025-09-21T10:09:10.755+0545] {processor.py:208} INFO - Processing /home/ashok/miniconda3/envs/mysecondenvironment/lib/python3.8/site-packages/airflow/example_dags/example_skip_dag.py took 0.046 seconds
[2025-09-21T10:10:02.749+0545] {processor.py:186} INFO - Started process (PID=64278) to work on /home/ashok/miniconda3/envs/mysecondenvironment/lib/python3.8/site-packages/airflow/example_dags/example_skip_dag.py
[2025-09-21T10:10:02.750+0545] {processor.py:914} INFO - Processing file /home/ashok/miniconda3/envs/mysecondenvironment/lib/python3.8/site-packages/airflow/example_dags/example_skip_dag.py for tasks to queue
[2025-09-21T10:10:02.751+0545] {logging_mixin.py:190} INFO - [2025-09-21T10:10:02.751+0545] {dagbag.py:588} INFO - Filling up the DagBag from /home/ashok/miniconda3/envs/mysecondenvironment/lib/python3.8/site-packages/airflow/example_dags/example_skip_dag.py
[2025-09-21T10:10:02.756+0545] {processor.py:925} INFO - DAG(s) 'example_skip_dag' retrieved from /home/ashok/miniconda3/envs/mysecondenvironment/lib/python3.8/site-packages/airflow/example_dags/example_skip_dag.py
[2025-09-21T10:10:02.766+0545] {logging_mixin.py:190} INFO - [2025-09-21T10:10:02.766+0545] {dag.py:3239} INFO - Sync 1 DAGs
[2025-09-21T10:10:02.776+0545] {logging_mixin.py:190} INFO - [2025-09-21T10:10:02.776+0545] {dag.py:4180} INFO - Setting next_dagrun for example_skip_dag to 2025-09-20 00:00:00+00:00, run_after=2025-09-21 00:00:00+00:00
[2025-09-21T10:10:02.791+0545] {processor.py:208} INFO - Processing /home/ashok/miniconda3/envs/mysecondenvironment/lib/python3.8/site-packages/airflow/example_dags/example_skip_dag.py took 0.046 seconds
[2025-09-21T10:10:58.435+0545] {processor.py:186} INFO - Started process (PID=64828) to work on /home/ashok/miniconda3/envs/mysecondenvironment/lib/python3.8/site-packages/airflow/example_dags/example_skip_dag.py
[2025-09-21T10:10:58.437+0545] {processor.py:914} INFO - Processing file /home/ashok/miniconda3/envs/mysecondenvironment/lib/python3.8/site-packages/airflow/example_dags/example_skip_dag.py for tasks to queue
[2025-09-21T10:10:58.439+0545] {logging_mixin.py:190} INFO - [2025-09-21T10:10:58.439+0545] {dagbag.py:588} INFO - Filling up the DagBag from /home/ashok/miniconda3/envs/mysecondenvironment/lib/python3.8/site-packages/airflow/example_dags/example_skip_dag.py
[2025-09-21T10:10:58.444+0545] {processor.py:925} INFO - DAG(s) 'example_skip_dag' retrieved from /home/ashok/miniconda3/envs/mysecondenvironment/lib/python3.8/site-packages/airflow/example_dags/example_skip_dag.py
[2025-09-21T10:10:58.455+0545] {logging_mixin.py:190} INFO - [2025-09-21T10:10:58.455+0545] {dag.py:3239} INFO - Sync 1 DAGs
[2025-09-21T10:10:58.466+0545] {logging_mixin.py:190} INFO - [2025-09-21T10:10:58.465+0545] {dag.py:4180} INFO - Setting next_dagrun for example_skip_dag to 2025-09-20 00:00:00+00:00, run_after=2025-09-21 00:00:00+00:00
[2025-09-21T10:10:58.484+0545] {processor.py:208} INFO - Processing /home/ashok/miniconda3/envs/mysecondenvironment/lib/python3.8/site-packages/airflow/example_dags/example_skip_dag.py took 0.054 seconds
[2025-09-21T10:11:53.751+0545] {processor.py:186} INFO - Started process (PID=65259) to work on /home/ashok/miniconda3/envs/mysecondenvironment/lib/python3.8/site-packages/airflow/example_dags/example_skip_dag.py
[2025-09-21T10:11:53.753+0545] {processor.py:914} INFO - Processing file /home/ashok/miniconda3/envs/mysecondenvironment/lib/python3.8/site-packages/airflow/example_dags/example_skip_dag.py for tasks to queue
[2025-09-21T10:11:53.754+0545] {logging_mixin.py:190} INFO - [2025-09-21T10:11:53.754+0545] {dagbag.py:588} INFO - Filling up the DagBag from /home/ashok/miniconda3/envs/mysecondenvironment/lib/python3.8/site-packages/airflow/example_dags/example_skip_dag.py
[2025-09-21T10:11:53.759+0545] {processor.py:925} INFO - DAG(s) 'example_skip_dag' retrieved from /home/ashok/miniconda3/envs/mysecondenvironment/lib/python3.8/site-packages/airflow/example_dags/example_skip_dag.py
[2025-09-21T10:11:53.768+0545] {logging_mixin.py:190} INFO - [2025-09-21T10:11:53.768+0545] {dag.py:3239} INFO - Sync 1 DAGs
[2025-09-21T10:11:53.779+0545] {logging_mixin.py:190} INFO - [2025-09-21T10:11:53.779+0545] {dag.py:4180} INFO - Setting next_dagrun for example_skip_dag to 2025-09-20 00:00:00+00:00, run_after=2025-09-21 00:00:00+00:00
[2025-09-21T10:11:53.795+0545] {processor.py:208} INFO - Processing /home/ashok/miniconda3/envs/mysecondenvironment/lib/python3.8/site-packages/airflow/example_dags/example_skip_dag.py took 0.049 seconds
[2025-09-21T10:12:48.479+0545] {processor.py:186} INFO - Started process (PID=65632) to work on /home/ashok/miniconda3/envs/mysecondenvironment/lib/python3.8/site-packages/airflow/example_dags/example_skip_dag.py
[2025-09-21T10:12:48.481+0545] {processor.py:914} INFO - Processing file /home/ashok/miniconda3/envs/mysecondenvironment/lib/python3.8/site-packages/airflow/example_dags/example_skip_dag.py for tasks to queue
[2025-09-21T10:12:48.482+0545] {logging_mixin.py:190} INFO - [2025-09-21T10:12:48.482+0545] {dagbag.py:588} INFO - Filling up the DagBag from /home/ashok/miniconda3/envs/mysecondenvironment/lib/python3.8/site-packages/airflow/example_dags/example_skip_dag.py
[2025-09-21T10:12:48.486+0545] {processor.py:925} INFO - DAG(s) 'example_skip_dag' retrieved from /home/ashok/miniconda3/envs/mysecondenvironment/lib/python3.8/site-packages/airflow/example_dags/example_skip_dag.py
[2025-09-21T10:12:48.495+0545] {logging_mixin.py:190} INFO - [2025-09-21T10:12:48.495+0545] {dag.py:3239} INFO - Sync 1 DAGs
[2025-09-21T10:12:48.504+0545] {logging_mixin.py:190} INFO - [2025-09-21T10:12:48.504+0545] {dag.py:4180} INFO - Setting next_dagrun for example_skip_dag to 2025-09-20 00:00:00+00:00, run_after=2025-09-21 00:00:00+00:00
[2025-09-21T10:12:48.523+0545] {processor.py:208} INFO - Processing /home/ashok/miniconda3/envs/mysecondenvironment/lib/python3.8/site-packages/airflow/example_dags/example_skip_dag.py took 0.047 seconds
[2025-09-21T10:13:45.769+0545] {processor.py:186} INFO - Started process (PID=66146) to work on /home/ashok/miniconda3/envs/mysecondenvironment/lib/python3.8/site-packages/airflow/example_dags/example_skip_dag.py
[2025-09-21T10:13:45.771+0545] {processor.py:914} INFO - Processing file /home/ashok/miniconda3/envs/mysecondenvironment/lib/python3.8/site-packages/airflow/example_dags/example_skip_dag.py for tasks to queue
[2025-09-21T10:13:45.772+0545] {logging_mixin.py:190} INFO - [2025-09-21T10:13:45.772+0545] {dagbag.py:588} INFO - Filling up the DagBag from /home/ashok/miniconda3/envs/mysecondenvironment/lib/python3.8/site-packages/airflow/example_dags/example_skip_dag.py
[2025-09-21T10:13:45.777+0545] {processor.py:925} INFO - DAG(s) 'example_skip_dag' retrieved from /home/ashok/miniconda3/envs/mysecondenvironment/lib/python3.8/site-packages/airflow/example_dags/example_skip_dag.py
[2025-09-21T10:13:45.785+0545] {logging_mixin.py:190} INFO - [2025-09-21T10:13:45.785+0545] {dag.py:3239} INFO - Sync 1 DAGs
[2025-09-21T10:13:45.795+0545] {logging_mixin.py:190} INFO - [2025-09-21T10:13:45.795+0545] {dag.py:4180} INFO - Setting next_dagrun for example_skip_dag to 2025-09-20 00:00:00+00:00, run_after=2025-09-21 00:00:00+00:00
[2025-09-21T10:13:45.814+0545] {processor.py:208} INFO - Processing /home/ashok/miniconda3/envs/mysecondenvironment/lib/python3.8/site-packages/airflow/example_dags/example_skip_dag.py took 0.050 seconds
