[2025-09-21T08:37:33.816+0545] {processor.py:186} INFO - Started process (PID=24102) to work on /home/ashok/miniconda3/envs/mysecondenvironment/lib/python3.8/site-packages/airflow/example_dags/example_latest_only.py
[2025-09-21T08:37:33.817+0545] {processor.py:914} INFO - Processing file /home/ashok/miniconda3/envs/mysecondenvironment/lib/python3.8/site-packages/airflow/example_dags/example_latest_only.py for tasks to queue
[2025-09-21T08:37:33.818+0545] {logging_mixin.py:190} INFO - [2025-09-21T08:37:33.818+0545] {dagbag.py:588} INFO - Filling up the DagBag from /home/ashok/miniconda3/envs/mysecondenvironment/lib/python3.8/site-packages/airflow/example_dags/example_latest_only.py
[2025-09-21T08:37:33.822+0545] {processor.py:925} INFO - DAG(s) 'latest_only' retrieved from /home/ashok/miniconda3/envs/mysecondenvironment/lib/python3.8/site-packages/airflow/example_dags/example_latest_only.py
[2025-09-21T08:37:33.831+0545] {logging_mixin.py:190} INFO - [2025-09-21T08:37:33.831+0545] {dag.py:3239} INFO - Sync 1 DAGs
[2025-09-21T08:37:33.840+0545] {logging_mixin.py:190} INFO - [2025-09-21T08:37:33.840+0545] {dag.py:4180} INFO - Setting next_dagrun for latest_only to 2025-09-20 20:00:00+00:00, run_after=2025-09-21 00:00:00+00:00
[2025-09-21T08:37:33.858+0545] {processor.py:208} INFO - Processing /home/ashok/miniconda3/envs/mysecondenvironment/lib/python3.8/site-packages/airflow/example_dags/example_latest_only.py took 0.045 seconds
[2025-09-21T08:40:29.623+0545] {processor.py:186} INFO - Started process (PID=26474) to work on /home/ashok/miniconda3/envs/mysecondenvironment/lib/python3.8/site-packages/airflow/example_dags/example_latest_only.py
[2025-09-21T08:40:29.624+0545] {processor.py:914} INFO - Processing file /home/ashok/miniconda3/envs/mysecondenvironment/lib/python3.8/site-packages/airflow/example_dags/example_latest_only.py for tasks to queue
[2025-09-21T08:40:29.627+0545] {logging_mixin.py:190} INFO - [2025-09-21T08:40:29.626+0545] {dagbag.py:588} INFO - Filling up the DagBag from /home/ashok/miniconda3/envs/mysecondenvironment/lib/python3.8/site-packages/airflow/example_dags/example_latest_only.py
[2025-09-21T08:40:29.631+0545] {processor.py:925} INFO - DAG(s) 'latest_only' retrieved from /home/ashok/miniconda3/envs/mysecondenvironment/lib/python3.8/site-packages/airflow/example_dags/example_latest_only.py
[2025-09-21T08:40:29.640+0545] {logging_mixin.py:190} INFO - [2025-09-21T08:40:29.640+0545] {dag.py:3239} INFO - Sync 1 DAGs
[2025-09-21T08:40:29.653+0545] {logging_mixin.py:190} INFO - [2025-09-21T08:40:29.653+0545] {dag.py:4180} INFO - Setting next_dagrun for latest_only to 2025-09-20 20:00:00+00:00, run_after=2025-09-21 00:00:00+00:00
[2025-09-21T08:40:29.670+0545] {processor.py:208} INFO - Processing /home/ashok/miniconda3/envs/mysecondenvironment/lib/python3.8/site-packages/airflow/example_dags/example_latest_only.py took 0.051 seconds
[2025-09-21T08:41:31.264+0545] {processor.py:186} INFO - Started process (PID=26881) to work on /home/ashok/miniconda3/envs/mysecondenvironment/lib/python3.8/site-packages/airflow/example_dags/example_latest_only.py
[2025-09-21T08:41:31.266+0545] {processor.py:914} INFO - Processing file /home/ashok/miniconda3/envs/mysecondenvironment/lib/python3.8/site-packages/airflow/example_dags/example_latest_only.py for tasks to queue
[2025-09-21T08:41:31.267+0545] {logging_mixin.py:190} INFO - [2025-09-21T08:41:31.267+0545] {dagbag.py:588} INFO - Filling up the DagBag from /home/ashok/miniconda3/envs/mysecondenvironment/lib/python3.8/site-packages/airflow/example_dags/example_latest_only.py
[2025-09-21T08:41:31.273+0545] {processor.py:925} INFO - DAG(s) 'latest_only' retrieved from /home/ashok/miniconda3/envs/mysecondenvironment/lib/python3.8/site-packages/airflow/example_dags/example_latest_only.py
[2025-09-21T08:41:31.283+0545] {logging_mixin.py:190} INFO - [2025-09-21T08:41:31.283+0545] {dag.py:3239} INFO - Sync 1 DAGs
[2025-09-21T08:41:31.296+0545] {logging_mixin.py:190} INFO - [2025-09-21T08:41:31.295+0545] {dag.py:4180} INFO - Setting next_dagrun for latest_only to 2025-09-20 20:00:00+00:00, run_after=2025-09-21 00:00:00+00:00
[2025-09-21T08:41:31.311+0545] {processor.py:208} INFO - Processing /home/ashok/miniconda3/envs/mysecondenvironment/lib/python3.8/site-packages/airflow/example_dags/example_latest_only.py took 0.050 seconds
[2025-09-21T08:42:27.335+0545] {processor.py:186} INFO - Started process (PID=27384) to work on /home/ashok/miniconda3/envs/mysecondenvironment/lib/python3.8/site-packages/airflow/example_dags/example_latest_only.py
[2025-09-21T08:42:27.337+0545] {processor.py:914} INFO - Processing file /home/ashok/miniconda3/envs/mysecondenvironment/lib/python3.8/site-packages/airflow/example_dags/example_latest_only.py for tasks to queue
[2025-09-21T08:42:27.338+0545] {logging_mixin.py:190} INFO - [2025-09-21T08:42:27.338+0545] {dagbag.py:588} INFO - Filling up the DagBag from /home/ashok/miniconda3/envs/mysecondenvironment/lib/python3.8/site-packages/airflow/example_dags/example_latest_only.py
[2025-09-21T08:42:27.342+0545] {processor.py:925} INFO - DAG(s) 'latest_only' retrieved from /home/ashok/miniconda3/envs/mysecondenvironment/lib/python3.8/site-packages/airflow/example_dags/example_latest_only.py
[2025-09-21T08:42:27.350+0545] {logging_mixin.py:190} INFO - [2025-09-21T08:42:27.350+0545] {dag.py:3239} INFO - Sync 1 DAGs
[2025-09-21T08:42:27.360+0545] {logging_mixin.py:190} INFO - [2025-09-21T08:42:27.360+0545] {dag.py:4180} INFO - Setting next_dagrun for latest_only to 2025-09-20 20:00:00+00:00, run_after=2025-09-21 00:00:00+00:00
[2025-09-21T08:42:27.376+0545] {processor.py:208} INFO - Processing /home/ashok/miniconda3/envs/mysecondenvironment/lib/python3.8/site-packages/airflow/example_dags/example_latest_only.py took 0.044 seconds
[2025-09-21T08:43:23.140+0545] {processor.py:186} INFO - Started process (PID=27761) to work on /home/ashok/miniconda3/envs/mysecondenvironment/lib/python3.8/site-packages/airflow/example_dags/example_latest_only.py
[2025-09-21T08:43:23.142+0545] {processor.py:914} INFO - Processing file /home/ashok/miniconda3/envs/mysecondenvironment/lib/python3.8/site-packages/airflow/example_dags/example_latest_only.py for tasks to queue
[2025-09-21T08:43:23.143+0545] {logging_mixin.py:190} INFO - [2025-09-21T08:43:23.143+0545] {dagbag.py:588} INFO - Filling up the DagBag from /home/ashok/miniconda3/envs/mysecondenvironment/lib/python3.8/site-packages/airflow/example_dags/example_latest_only.py
[2025-09-21T08:43:23.147+0545] {processor.py:925} INFO - DAG(s) 'latest_only' retrieved from /home/ashok/miniconda3/envs/mysecondenvironment/lib/python3.8/site-packages/airflow/example_dags/example_latest_only.py
[2025-09-21T08:43:23.155+0545] {logging_mixin.py:190} INFO - [2025-09-21T08:43:23.155+0545] {dag.py:3239} INFO - Sync 1 DAGs
[2025-09-21T08:43:23.164+0545] {logging_mixin.py:190} INFO - [2025-09-21T08:43:23.164+0545] {dag.py:4180} INFO - Setting next_dagrun for latest_only to 2025-09-20 20:00:00+00:00, run_after=2025-09-21 00:00:00+00:00
[2025-09-21T08:43:23.180+0545] {processor.py:208} INFO - Processing /home/ashok/miniconda3/envs/mysecondenvironment/lib/python3.8/site-packages/airflow/example_dags/example_latest_only.py took 0.044 seconds
[2025-09-21T08:44:20.603+0545] {processor.py:186} INFO - Started process (PID=28135) to work on /home/ashok/miniconda3/envs/mysecondenvironment/lib/python3.8/site-packages/airflow/example_dags/example_latest_only.py
[2025-09-21T08:44:20.605+0545] {processor.py:914} INFO - Processing file /home/ashok/miniconda3/envs/mysecondenvironment/lib/python3.8/site-packages/airflow/example_dags/example_latest_only.py for tasks to queue
[2025-09-21T08:44:20.606+0545] {logging_mixin.py:190} INFO - [2025-09-21T08:44:20.606+0545] {dagbag.py:588} INFO - Filling up the DagBag from /home/ashok/miniconda3/envs/mysecondenvironment/lib/python3.8/site-packages/airflow/example_dags/example_latest_only.py
[2025-09-21T08:44:20.610+0545] {processor.py:925} INFO - DAG(s) 'latest_only' retrieved from /home/ashok/miniconda3/envs/mysecondenvironment/lib/python3.8/site-packages/airflow/example_dags/example_latest_only.py
[2025-09-21T08:44:20.618+0545] {logging_mixin.py:190} INFO - [2025-09-21T08:44:20.617+0545] {dag.py:3239} INFO - Sync 1 DAGs
[2025-09-21T08:44:20.628+0545] {logging_mixin.py:190} INFO - [2025-09-21T08:44:20.628+0545] {dag.py:4180} INFO - Setting next_dagrun for latest_only to 2025-09-20 20:00:00+00:00, run_after=2025-09-21 00:00:00+00:00
[2025-09-21T08:44:20.644+0545] {processor.py:208} INFO - Processing /home/ashok/miniconda3/envs/mysecondenvironment/lib/python3.8/site-packages/airflow/example_dags/example_latest_only.py took 0.045 seconds
[2025-09-21T08:45:22.667+0545] {processor.py:186} INFO - Started process (PID=28549) to work on /home/ashok/miniconda3/envs/mysecondenvironment/lib/python3.8/site-packages/airflow/example_dags/example_latest_only.py
[2025-09-21T08:45:22.669+0545] {processor.py:914} INFO - Processing file /home/ashok/miniconda3/envs/mysecondenvironment/lib/python3.8/site-packages/airflow/example_dags/example_latest_only.py for tasks to queue
[2025-09-21T08:45:22.670+0545] {logging_mixin.py:190} INFO - [2025-09-21T08:45:22.670+0545] {dagbag.py:588} INFO - Filling up the DagBag from /home/ashok/miniconda3/envs/mysecondenvironment/lib/python3.8/site-packages/airflow/example_dags/example_latest_only.py
[2025-09-21T08:45:22.674+0545] {processor.py:925} INFO - DAG(s) 'latest_only' retrieved from /home/ashok/miniconda3/envs/mysecondenvironment/lib/python3.8/site-packages/airflow/example_dags/example_latest_only.py
[2025-09-21T08:45:22.682+0545] {logging_mixin.py:190} INFO - [2025-09-21T08:45:22.681+0545] {dag.py:3239} INFO - Sync 1 DAGs
[2025-09-21T08:45:22.690+0545] {logging_mixin.py:190} INFO - [2025-09-21T08:45:22.690+0545] {dag.py:4180} INFO - Setting next_dagrun for latest_only to 2025-09-20 20:00:00+00:00, run_after=2025-09-21 00:00:00+00:00
[2025-09-21T08:45:22.704+0545] {processor.py:208} INFO - Processing /home/ashok/miniconda3/envs/mysecondenvironment/lib/python3.8/site-packages/airflow/example_dags/example_latest_only.py took 0.041 seconds
[2025-09-21T08:46:20.241+0545] {processor.py:186} INFO - Started process (PID=28963) to work on /home/ashok/miniconda3/envs/mysecondenvironment/lib/python3.8/site-packages/airflow/example_dags/example_latest_only.py
[2025-09-21T08:46:20.243+0545] {processor.py:914} INFO - Processing file /home/ashok/miniconda3/envs/mysecondenvironment/lib/python3.8/site-packages/airflow/example_dags/example_latest_only.py for tasks to queue
[2025-09-21T08:46:20.245+0545] {logging_mixin.py:190} INFO - [2025-09-21T08:46:20.244+0545] {dagbag.py:588} INFO - Filling up the DagBag from /home/ashok/miniconda3/envs/mysecondenvironment/lib/python3.8/site-packages/airflow/example_dags/example_latest_only.py
[2025-09-21T08:46:20.249+0545] {processor.py:925} INFO - DAG(s) 'latest_only' retrieved from /home/ashok/miniconda3/envs/mysecondenvironment/lib/python3.8/site-packages/airflow/example_dags/example_latest_only.py
[2025-09-21T08:46:20.257+0545] {logging_mixin.py:190} INFO - [2025-09-21T08:46:20.257+0545] {dag.py:3239} INFO - Sync 1 DAGs
[2025-09-21T08:46:20.268+0545] {logging_mixin.py:190} INFO - [2025-09-21T08:46:20.268+0545] {dag.py:4180} INFO - Setting next_dagrun for latest_only to 2025-09-20 20:00:00+00:00, run_after=2025-09-21 00:00:00+00:00
[2025-09-21T08:46:20.287+0545] {processor.py:208} INFO - Processing /home/ashok/miniconda3/envs/mysecondenvironment/lib/python3.8/site-packages/airflow/example_dags/example_latest_only.py took 0.049 seconds
[2025-09-21T08:47:15.888+0545] {processor.py:186} INFO - Started process (PID=29333) to work on /home/ashok/miniconda3/envs/mysecondenvironment/lib/python3.8/site-packages/airflow/example_dags/example_latest_only.py
[2025-09-21T08:47:15.889+0545] {processor.py:914} INFO - Processing file /home/ashok/miniconda3/envs/mysecondenvironment/lib/python3.8/site-packages/airflow/example_dags/example_latest_only.py for tasks to queue
[2025-09-21T08:47:15.891+0545] {logging_mixin.py:190} INFO - [2025-09-21T08:47:15.890+0545] {dagbag.py:588} INFO - Filling up the DagBag from /home/ashok/miniconda3/envs/mysecondenvironment/lib/python3.8/site-packages/airflow/example_dags/example_latest_only.py
[2025-09-21T08:47:15.895+0545] {processor.py:925} INFO - DAG(s) 'latest_only' retrieved from /home/ashok/miniconda3/envs/mysecondenvironment/lib/python3.8/site-packages/airflow/example_dags/example_latest_only.py
[2025-09-21T08:47:15.903+0545] {logging_mixin.py:190} INFO - [2025-09-21T08:47:15.903+0545] {dag.py:3239} INFO - Sync 1 DAGs
[2025-09-21T08:47:15.912+0545] {logging_mixin.py:190} INFO - [2025-09-21T08:47:15.912+0545] {dag.py:4180} INFO - Setting next_dagrun for latest_only to 2025-09-20 20:00:00+00:00, run_after=2025-09-21 00:00:00+00:00
[2025-09-21T08:47:15.929+0545] {processor.py:208} INFO - Processing /home/ashok/miniconda3/envs/mysecondenvironment/lib/python3.8/site-packages/airflow/example_dags/example_latest_only.py took 0.047 seconds
[2025-09-21T09:44:04.555+0545] {processor.py:186} INFO - Started process (PID=49715) to work on /home/ashok/miniconda3/envs/mysecondenvironment/lib/python3.8/site-packages/airflow/example_dags/example_latest_only.py
[2025-09-21T09:44:04.556+0545] {processor.py:914} INFO - Processing file /home/ashok/miniconda3/envs/mysecondenvironment/lib/python3.8/site-packages/airflow/example_dags/example_latest_only.py for tasks to queue
[2025-09-21T09:44:04.557+0545] {logging_mixin.py:190} INFO - [2025-09-21T09:44:04.557+0545] {dagbag.py:588} INFO - Filling up the DagBag from /home/ashok/miniconda3/envs/mysecondenvironment/lib/python3.8/site-packages/airflow/example_dags/example_latest_only.py
[2025-09-21T09:44:04.562+0545] {processor.py:925} INFO - DAG(s) 'latest_only' retrieved from /home/ashok/miniconda3/envs/mysecondenvironment/lib/python3.8/site-packages/airflow/example_dags/example_latest_only.py
[2025-09-21T09:44:04.571+0545] {logging_mixin.py:190} INFO - [2025-09-21T09:44:04.571+0545] {dag.py:3239} INFO - Sync 1 DAGs
[2025-09-21T09:44:04.582+0545] {logging_mixin.py:190} INFO - [2025-09-21T09:44:04.582+0545] {dag.py:4180} INFO - Setting next_dagrun for latest_only to 2025-09-20 20:00:00+00:00, run_after=2025-09-21 00:00:00+00:00
[2025-09-21T09:44:04.599+0545] {processor.py:208} INFO - Processing /home/ashok/miniconda3/envs/mysecondenvironment/lib/python3.8/site-packages/airflow/example_dags/example_latest_only.py took 0.048 seconds
[2025-09-21T09:47:18.444+0545] {processor.py:186} INFO - Started process (PID=52267) to work on /home/ashok/miniconda3/envs/mysecondenvironment/lib/python3.8/site-packages/airflow/example_dags/example_latest_only.py
[2025-09-21T09:47:18.445+0545] {processor.py:914} INFO - Processing file /home/ashok/miniconda3/envs/mysecondenvironment/lib/python3.8/site-packages/airflow/example_dags/example_latest_only.py for tasks to queue
[2025-09-21T09:47:18.447+0545] {logging_mixin.py:190} INFO - [2025-09-21T09:47:18.446+0545] {dagbag.py:588} INFO - Filling up the DagBag from /home/ashok/miniconda3/envs/mysecondenvironment/lib/python3.8/site-packages/airflow/example_dags/example_latest_only.py
[2025-09-21T09:47:18.453+0545] {processor.py:925} INFO - DAG(s) 'latest_only' retrieved from /home/ashok/miniconda3/envs/mysecondenvironment/lib/python3.8/site-packages/airflow/example_dags/example_latest_only.py
[2025-09-21T09:47:18.464+0545] {logging_mixin.py:190} INFO - [2025-09-21T09:47:18.464+0545] {dag.py:3239} INFO - Sync 1 DAGs
[2025-09-21T09:47:18.477+0545] {logging_mixin.py:190} INFO - [2025-09-21T09:47:18.476+0545] {dag.py:4180} INFO - Setting next_dagrun for latest_only to 2025-09-21 00:00:00+00:00, run_after=2025-09-21 04:00:00+00:00
[2025-09-21T09:47:18.494+0545] {processor.py:208} INFO - Processing /home/ashok/miniconda3/envs/mysecondenvironment/lib/python3.8/site-packages/airflow/example_dags/example_latest_only.py took 0.055 seconds
[2025-09-21T09:48:17.336+0545] {processor.py:186} INFO - Started process (PID=52686) to work on /home/ashok/miniconda3/envs/mysecondenvironment/lib/python3.8/site-packages/airflow/example_dags/example_latest_only.py
[2025-09-21T09:48:17.337+0545] {processor.py:914} INFO - Processing file /home/ashok/miniconda3/envs/mysecondenvironment/lib/python3.8/site-packages/airflow/example_dags/example_latest_only.py for tasks to queue
[2025-09-21T09:48:17.338+0545] {logging_mixin.py:190} INFO - [2025-09-21T09:48:17.338+0545] {dagbag.py:588} INFO - Filling up the DagBag from /home/ashok/miniconda3/envs/mysecondenvironment/lib/python3.8/site-packages/airflow/example_dags/example_latest_only.py
[2025-09-21T09:48:17.342+0545] {processor.py:925} INFO - DAG(s) 'latest_only' retrieved from /home/ashok/miniconda3/envs/mysecondenvironment/lib/python3.8/site-packages/airflow/example_dags/example_latest_only.py
[2025-09-21T09:48:17.350+0545] {logging_mixin.py:190} INFO - [2025-09-21T09:48:17.350+0545] {dag.py:3239} INFO - Sync 1 DAGs
[2025-09-21T09:48:17.360+0545] {logging_mixin.py:190} INFO - [2025-09-21T09:48:17.360+0545] {dag.py:4180} INFO - Setting next_dagrun for latest_only to 2025-09-21 00:00:00+00:00, run_after=2025-09-21 04:00:00+00:00
[2025-09-21T09:48:17.374+0545] {processor.py:208} INFO - Processing /home/ashok/miniconda3/envs/mysecondenvironment/lib/python3.8/site-packages/airflow/example_dags/example_latest_only.py took 0.042 seconds
[2025-09-21T09:49:22.398+0545] {processor.py:186} INFO - Started process (PID=53238) to work on /home/ashok/miniconda3/envs/mysecondenvironment/lib/python3.8/site-packages/airflow/example_dags/example_latest_only.py
[2025-09-21T09:49:22.399+0545] {processor.py:914} INFO - Processing file /home/ashok/miniconda3/envs/mysecondenvironment/lib/python3.8/site-packages/airflow/example_dags/example_latest_only.py for tasks to queue
[2025-09-21T09:49:22.401+0545] {logging_mixin.py:190} INFO - [2025-09-21T09:49:22.400+0545] {dagbag.py:588} INFO - Filling up the DagBag from /home/ashok/miniconda3/envs/mysecondenvironment/lib/python3.8/site-packages/airflow/example_dags/example_latest_only.py
[2025-09-21T09:49:22.405+0545] {processor.py:925} INFO - DAG(s) 'latest_only' retrieved from /home/ashok/miniconda3/envs/mysecondenvironment/lib/python3.8/site-packages/airflow/example_dags/example_latest_only.py
[2025-09-21T09:49:22.413+0545] {logging_mixin.py:190} INFO - [2025-09-21T09:49:22.413+0545] {dag.py:3239} INFO - Sync 1 DAGs
[2025-09-21T09:49:22.422+0545] {logging_mixin.py:190} INFO - [2025-09-21T09:49:22.421+0545] {dag.py:4180} INFO - Setting next_dagrun for latest_only to 2025-09-21 00:00:00+00:00, run_after=2025-09-21 04:00:00+00:00
[2025-09-21T09:49:22.438+0545] {processor.py:208} INFO - Processing /home/ashok/miniconda3/envs/mysecondenvironment/lib/python3.8/site-packages/airflow/example_dags/example_latest_only.py took 0.046 seconds
[2025-09-21T09:50:19.768+0545] {processor.py:186} INFO - Started process (PID=53609) to work on /home/ashok/miniconda3/envs/mysecondenvironment/lib/python3.8/site-packages/airflow/example_dags/example_latest_only.py
[2025-09-21T09:50:19.770+0545] {processor.py:914} INFO - Processing file /home/ashok/miniconda3/envs/mysecondenvironment/lib/python3.8/site-packages/airflow/example_dags/example_latest_only.py for tasks to queue
[2025-09-21T09:50:19.771+0545] {logging_mixin.py:190} INFO - [2025-09-21T09:50:19.771+0545] {dagbag.py:588} INFO - Filling up the DagBag from /home/ashok/miniconda3/envs/mysecondenvironment/lib/python3.8/site-packages/airflow/example_dags/example_latest_only.py
[2025-09-21T09:50:19.776+0545] {processor.py:925} INFO - DAG(s) 'latest_only' retrieved from /home/ashok/miniconda3/envs/mysecondenvironment/lib/python3.8/site-packages/airflow/example_dags/example_latest_only.py
[2025-09-21T09:50:19.784+0545] {logging_mixin.py:190} INFO - [2025-09-21T09:50:19.784+0545] {dag.py:3239} INFO - Sync 1 DAGs
[2025-09-21T09:50:19.795+0545] {logging_mixin.py:190} INFO - [2025-09-21T09:50:19.795+0545] {dag.py:4180} INFO - Setting next_dagrun for latest_only to 2025-09-21 00:00:00+00:00, run_after=2025-09-21 04:00:00+00:00
[2025-09-21T09:50:19.810+0545] {processor.py:208} INFO - Processing /home/ashok/miniconda3/envs/mysecondenvironment/lib/python3.8/site-packages/airflow/example_dags/example_latest_only.py took 0.045 seconds
[2025-09-21T09:51:14.913+0545] {processor.py:186} INFO - Started process (PID=54004) to work on /home/ashok/miniconda3/envs/mysecondenvironment/lib/python3.8/site-packages/airflow/example_dags/example_latest_only.py
[2025-09-21T09:51:14.915+0545] {processor.py:914} INFO - Processing file /home/ashok/miniconda3/envs/mysecondenvironment/lib/python3.8/site-packages/airflow/example_dags/example_latest_only.py for tasks to queue
[2025-09-21T09:51:14.916+0545] {logging_mixin.py:190} INFO - [2025-09-21T09:51:14.916+0545] {dagbag.py:588} INFO - Filling up the DagBag from /home/ashok/miniconda3/envs/mysecondenvironment/lib/python3.8/site-packages/airflow/example_dags/example_latest_only.py
[2025-09-21T09:51:14.920+0545] {processor.py:925} INFO - DAG(s) 'latest_only' retrieved from /home/ashok/miniconda3/envs/mysecondenvironment/lib/python3.8/site-packages/airflow/example_dags/example_latest_only.py
[2025-09-21T09:51:14.928+0545] {logging_mixin.py:190} INFO - [2025-09-21T09:51:14.928+0545] {dag.py:3239} INFO - Sync 1 DAGs
[2025-09-21T09:51:14.938+0545] {logging_mixin.py:190} INFO - [2025-09-21T09:51:14.938+0545] {dag.py:4180} INFO - Setting next_dagrun for latest_only to 2025-09-21 00:00:00+00:00, run_after=2025-09-21 04:00:00+00:00
[2025-09-21T09:51:14.956+0545] {processor.py:208} INFO - Processing /home/ashok/miniconda3/envs/mysecondenvironment/lib/python3.8/site-packages/airflow/example_dags/example_latest_only.py took 0.047 seconds
[2025-09-21T09:54:06.608+0545] {processor.py:186} INFO - Started process (PID=56189) to work on /home/ashok/miniconda3/envs/mysecondenvironment/lib/python3.8/site-packages/airflow/example_dags/example_latest_only.py
[2025-09-21T09:54:06.610+0545] {processor.py:914} INFO - Processing file /home/ashok/miniconda3/envs/mysecondenvironment/lib/python3.8/site-packages/airflow/example_dags/example_latest_only.py for tasks to queue
[2025-09-21T09:54:06.613+0545] {logging_mixin.py:190} INFO - [2025-09-21T09:54:06.613+0545] {dagbag.py:588} INFO - Filling up the DagBag from /home/ashok/miniconda3/envs/mysecondenvironment/lib/python3.8/site-packages/airflow/example_dags/example_latest_only.py
[2025-09-21T09:54:06.620+0545] {processor.py:925} INFO - DAG(s) 'latest_only' retrieved from /home/ashok/miniconda3/envs/mysecondenvironment/lib/python3.8/site-packages/airflow/example_dags/example_latest_only.py
[2025-09-21T09:54:06.630+0545] {logging_mixin.py:190} INFO - [2025-09-21T09:54:06.630+0545] {dag.py:3239} INFO - Sync 1 DAGs
[2025-09-21T09:54:06.640+0545] {logging_mixin.py:190} INFO - [2025-09-21T09:54:06.640+0545] {dag.py:4180} INFO - Setting next_dagrun for latest_only to 2025-09-21 00:00:00+00:00, run_after=2025-09-21 04:00:00+00:00
[2025-09-21T09:54:06.656+0545] {processor.py:208} INFO - Processing /home/ashok/miniconda3/envs/mysecondenvironment/lib/python3.8/site-packages/airflow/example_dags/example_latest_only.py took 0.052 seconds
[2025-09-21T09:55:05.853+0545] {processor.py:186} INFO - Started process (PID=56623) to work on /home/ashok/miniconda3/envs/mysecondenvironment/lib/python3.8/site-packages/airflow/example_dags/example_latest_only.py
[2025-09-21T09:55:05.855+0545] {processor.py:914} INFO - Processing file /home/ashok/miniconda3/envs/mysecondenvironment/lib/python3.8/site-packages/airflow/example_dags/example_latest_only.py for tasks to queue
[2025-09-21T09:55:05.857+0545] {logging_mixin.py:190} INFO - [2025-09-21T09:55:05.857+0545] {dagbag.py:588} INFO - Filling up the DagBag from /home/ashok/miniconda3/envs/mysecondenvironment/lib/python3.8/site-packages/airflow/example_dags/example_latest_only.py
[2025-09-21T09:55:05.861+0545] {processor.py:925} INFO - DAG(s) 'latest_only' retrieved from /home/ashok/miniconda3/envs/mysecondenvironment/lib/python3.8/site-packages/airflow/example_dags/example_latest_only.py
[2025-09-21T09:55:05.868+0545] {logging_mixin.py:190} INFO - [2025-09-21T09:55:05.868+0545] {dag.py:3239} INFO - Sync 1 DAGs
[2025-09-21T09:55:05.877+0545] {logging_mixin.py:190} INFO - [2025-09-21T09:55:05.877+0545] {dag.py:4180} INFO - Setting next_dagrun for latest_only to 2025-09-21 00:00:00+00:00, run_after=2025-09-21 04:00:00+00:00
[2025-09-21T09:55:05.896+0545] {processor.py:208} INFO - Processing /home/ashok/miniconda3/envs/mysecondenvironment/lib/python3.8/site-packages/airflow/example_dags/example_latest_only.py took 0.047 seconds
[2025-09-21T09:56:03.170+0545] {processor.py:186} INFO - Started process (PID=57110) to work on /home/ashok/miniconda3/envs/mysecondenvironment/lib/python3.8/site-packages/airflow/example_dags/example_latest_only.py
[2025-09-21T09:56:03.172+0545] {processor.py:914} INFO - Processing file /home/ashok/miniconda3/envs/mysecondenvironment/lib/python3.8/site-packages/airflow/example_dags/example_latest_only.py for tasks to queue
[2025-09-21T09:56:03.173+0545] {logging_mixin.py:190} INFO - [2025-09-21T09:56:03.173+0545] {dagbag.py:588} INFO - Filling up the DagBag from /home/ashok/miniconda3/envs/mysecondenvironment/lib/python3.8/site-packages/airflow/example_dags/example_latest_only.py
[2025-09-21T09:56:03.177+0545] {processor.py:925} INFO - DAG(s) 'latest_only' retrieved from /home/ashok/miniconda3/envs/mysecondenvironment/lib/python3.8/site-packages/airflow/example_dags/example_latest_only.py
[2025-09-21T09:56:03.185+0545] {logging_mixin.py:190} INFO - [2025-09-21T09:56:03.185+0545] {dag.py:3239} INFO - Sync 1 DAGs
[2025-09-21T09:56:03.194+0545] {logging_mixin.py:190} INFO - [2025-09-21T09:56:03.194+0545] {dag.py:4180} INFO - Setting next_dagrun for latest_only to 2025-09-21 00:00:00+00:00, run_after=2025-09-21 04:00:00+00:00
[2025-09-21T09:56:03.210+0545] {processor.py:208} INFO - Processing /home/ashok/miniconda3/envs/mysecondenvironment/lib/python3.8/site-packages/airflow/example_dags/example_latest_only.py took 0.043 seconds
[2025-09-21T09:56:58.966+0545] {processor.py:186} INFO - Started process (PID=57465) to work on /home/ashok/miniconda3/envs/mysecondenvironment/lib/python3.8/site-packages/airflow/example_dags/example_latest_only.py
[2025-09-21T09:56:58.968+0545] {processor.py:914} INFO - Processing file /home/ashok/miniconda3/envs/mysecondenvironment/lib/python3.8/site-packages/airflow/example_dags/example_latest_only.py for tasks to queue
[2025-09-21T09:56:58.969+0545] {logging_mixin.py:190} INFO - [2025-09-21T09:56:58.969+0545] {dagbag.py:588} INFO - Filling up the DagBag from /home/ashok/miniconda3/envs/mysecondenvironment/lib/python3.8/site-packages/airflow/example_dags/example_latest_only.py
[2025-09-21T09:56:58.973+0545] {processor.py:925} INFO - DAG(s) 'latest_only' retrieved from /home/ashok/miniconda3/envs/mysecondenvironment/lib/python3.8/site-packages/airflow/example_dags/example_latest_only.py
[2025-09-21T09:56:58.982+0545] {logging_mixin.py:190} INFO - [2025-09-21T09:56:58.982+0545] {dag.py:3239} INFO - Sync 1 DAGs
[2025-09-21T09:56:58.993+0545] {logging_mixin.py:190} INFO - [2025-09-21T09:56:58.993+0545] {dag.py:4180} INFO - Setting next_dagrun for latest_only to 2025-09-21 00:00:00+00:00, run_after=2025-09-21 04:00:00+00:00
[2025-09-21T09:56:59.008+0545] {processor.py:208} INFO - Processing /home/ashok/miniconda3/envs/mysecondenvironment/lib/python3.8/site-packages/airflow/example_dags/example_latest_only.py took 0.046 seconds
[2025-09-21T09:57:53.152+0545] {processor.py:186} INFO - Started process (PID=57856) to work on /home/ashok/miniconda3/envs/mysecondenvironment/lib/python3.8/site-packages/airflow/example_dags/example_latest_only.py
[2025-09-21T09:57:53.154+0545] {processor.py:914} INFO - Processing file /home/ashok/miniconda3/envs/mysecondenvironment/lib/python3.8/site-packages/airflow/example_dags/example_latest_only.py for tasks to queue
[2025-09-21T09:57:53.156+0545] {logging_mixin.py:190} INFO - [2025-09-21T09:57:53.156+0545] {dagbag.py:588} INFO - Filling up the DagBag from /home/ashok/miniconda3/envs/mysecondenvironment/lib/python3.8/site-packages/airflow/example_dags/example_latest_only.py
[2025-09-21T09:57:53.160+0545] {processor.py:925} INFO - DAG(s) 'latest_only' retrieved from /home/ashok/miniconda3/envs/mysecondenvironment/lib/python3.8/site-packages/airflow/example_dags/example_latest_only.py
[2025-09-21T09:57:53.169+0545] {logging_mixin.py:190} INFO - [2025-09-21T09:57:53.169+0545] {dag.py:3239} INFO - Sync 1 DAGs
[2025-09-21T09:57:53.178+0545] {logging_mixin.py:190} INFO - [2025-09-21T09:57:53.178+0545] {dag.py:4180} INFO - Setting next_dagrun for latest_only to 2025-09-21 00:00:00+00:00, run_after=2025-09-21 04:00:00+00:00
[2025-09-21T09:57:53.194+0545] {processor.py:208} INFO - Processing /home/ashok/miniconda3/envs/mysecondenvironment/lib/python3.8/site-packages/airflow/example_dags/example_latest_only.py took 0.045 seconds
[2025-09-21T09:59:09.557+0545] {processor.py:186} INFO - Started process (PID=58359) to work on /home/ashok/miniconda3/envs/mysecondenvironment/lib/python3.8/site-packages/airflow/example_dags/example_latest_only.py
[2025-09-21T09:59:09.559+0545] {processor.py:914} INFO - Processing file /home/ashok/miniconda3/envs/mysecondenvironment/lib/python3.8/site-packages/airflow/example_dags/example_latest_only.py for tasks to queue
[2025-09-21T09:59:09.560+0545] {logging_mixin.py:190} INFO - [2025-09-21T09:59:09.560+0545] {dagbag.py:588} INFO - Filling up the DagBag from /home/ashok/miniconda3/envs/mysecondenvironment/lib/python3.8/site-packages/airflow/example_dags/example_latest_only.py
[2025-09-21T09:59:09.565+0545] {processor.py:925} INFO - DAG(s) 'latest_only' retrieved from /home/ashok/miniconda3/envs/mysecondenvironment/lib/python3.8/site-packages/airflow/example_dags/example_latest_only.py
[2025-09-21T09:59:09.574+0545] {logging_mixin.py:190} INFO - [2025-09-21T09:59:09.574+0545] {dag.py:3239} INFO - Sync 1 DAGs
[2025-09-21T09:59:09.584+0545] {logging_mixin.py:190} INFO - [2025-09-21T09:59:09.584+0545] {dag.py:4180} INFO - Setting next_dagrun for latest_only to 2025-09-21 00:00:00+00:00, run_after=2025-09-21 04:00:00+00:00
[2025-09-21T09:59:09.599+0545] {processor.py:208} INFO - Processing /home/ashok/miniconda3/envs/mysecondenvironment/lib/python3.8/site-packages/airflow/example_dags/example_latest_only.py took 0.046 seconds
[2025-09-21T10:00:04.989+0545] {processor.py:186} INFO - Started process (PID=58757) to work on /home/ashok/miniconda3/envs/mysecondenvironment/lib/python3.8/site-packages/airflow/example_dags/example_latest_only.py
[2025-09-21T10:00:04.991+0545] {processor.py:914} INFO - Processing file /home/ashok/miniconda3/envs/mysecondenvironment/lib/python3.8/site-packages/airflow/example_dags/example_latest_only.py for tasks to queue
[2025-09-21T10:00:04.992+0545] {logging_mixin.py:190} INFO - [2025-09-21T10:00:04.992+0545] {dagbag.py:588} INFO - Filling up the DagBag from /home/ashok/miniconda3/envs/mysecondenvironment/lib/python3.8/site-packages/airflow/example_dags/example_latest_only.py
[2025-09-21T10:00:04.996+0545] {processor.py:925} INFO - DAG(s) 'latest_only' retrieved from /home/ashok/miniconda3/envs/mysecondenvironment/lib/python3.8/site-packages/airflow/example_dags/example_latest_only.py
[2025-09-21T10:00:05.004+0545] {logging_mixin.py:190} INFO - [2025-09-21T10:00:05.004+0545] {dag.py:3239} INFO - Sync 1 DAGs
[2025-09-21T10:00:05.015+0545] {logging_mixin.py:190} INFO - [2025-09-21T10:00:05.015+0545] {dag.py:4180} INFO - Setting next_dagrun for latest_only to 2025-09-21 00:00:00+00:00, run_after=2025-09-21 04:00:00+00:00
[2025-09-21T10:00:05.030+0545] {processor.py:208} INFO - Processing /home/ashok/miniconda3/envs/mysecondenvironment/lib/python3.8/site-packages/airflow/example_dags/example_latest_only.py took 0.045 seconds
[2025-09-21T10:02:11.733+0545] {processor.py:186} INFO - Started process (PID=60123) to work on /home/ashok/miniconda3/envs/mysecondenvironment/lib/python3.8/site-packages/airflow/example_dags/example_latest_only.py
[2025-09-21T10:02:11.734+0545] {processor.py:914} INFO - Processing file /home/ashok/miniconda3/envs/mysecondenvironment/lib/python3.8/site-packages/airflow/example_dags/example_latest_only.py for tasks to queue
[2025-09-21T10:02:11.736+0545] {logging_mixin.py:190} INFO - [2025-09-21T10:02:11.736+0545] {dagbag.py:588} INFO - Filling up the DagBag from /home/ashok/miniconda3/envs/mysecondenvironment/lib/python3.8/site-packages/airflow/example_dags/example_latest_only.py
[2025-09-21T10:02:11.740+0545] {processor.py:925} INFO - DAG(s) 'latest_only' retrieved from /home/ashok/miniconda3/envs/mysecondenvironment/lib/python3.8/site-packages/airflow/example_dags/example_latest_only.py
[2025-09-21T10:02:11.750+0545] {logging_mixin.py:190} INFO - [2025-09-21T10:02:11.750+0545] {dag.py:3239} INFO - Sync 1 DAGs
[2025-09-21T10:02:11.761+0545] {logging_mixin.py:190} INFO - [2025-09-21T10:02:11.761+0545] {dag.py:4180} INFO - Setting next_dagrun for latest_only to 2025-09-21 00:00:00+00:00, run_after=2025-09-21 04:00:00+00:00
[2025-09-21T10:02:11.777+0545] {processor.py:208} INFO - Processing /home/ashok/miniconda3/envs/mysecondenvironment/lib/python3.8/site-packages/airflow/example_dags/example_latest_only.py took 0.049 seconds
[2025-09-21T10:03:46.575+0545] {processor.py:186} INFO - Started process (PID=61036) to work on /home/ashok/miniconda3/envs/mysecondenvironment/lib/python3.8/site-packages/airflow/example_dags/example_latest_only.py
[2025-09-21T10:03:46.577+0545] {processor.py:914} INFO - Processing file /home/ashok/miniconda3/envs/mysecondenvironment/lib/python3.8/site-packages/airflow/example_dags/example_latest_only.py for tasks to queue
[2025-09-21T10:03:46.578+0545] {logging_mixin.py:190} INFO - [2025-09-21T10:03:46.578+0545] {dagbag.py:588} INFO - Filling up the DagBag from /home/ashok/miniconda3/envs/mysecondenvironment/lib/python3.8/site-packages/airflow/example_dags/example_latest_only.py
[2025-09-21T10:03:46.582+0545] {processor.py:925} INFO - DAG(s) 'latest_only' retrieved from /home/ashok/miniconda3/envs/mysecondenvironment/lib/python3.8/site-packages/airflow/example_dags/example_latest_only.py
[2025-09-21T10:03:46.589+0545] {logging_mixin.py:190} INFO - [2025-09-21T10:03:46.589+0545] {dag.py:3239} INFO - Sync 1 DAGs
[2025-09-21T10:03:46.598+0545] {logging_mixin.py:190} INFO - [2025-09-21T10:03:46.598+0545] {dag.py:4180} INFO - Setting next_dagrun for latest_only to 2025-09-21 00:00:00+00:00, run_after=2025-09-21 04:00:00+00:00
[2025-09-21T10:03:46.617+0545] {processor.py:208} INFO - Processing /home/ashok/miniconda3/envs/mysecondenvironment/lib/python3.8/site-packages/airflow/example_dags/example_latest_only.py took 0.047 seconds
[2025-09-21T10:04:43.868+0545] {processor.py:186} INFO - Started process (PID=61454) to work on /home/ashok/miniconda3/envs/mysecondenvironment/lib/python3.8/site-packages/airflow/example_dags/example_latest_only.py
[2025-09-21T10:04:43.870+0545] {processor.py:914} INFO - Processing file /home/ashok/miniconda3/envs/mysecondenvironment/lib/python3.8/site-packages/airflow/example_dags/example_latest_only.py for tasks to queue
[2025-09-21T10:04:43.872+0545] {logging_mixin.py:190} INFO - [2025-09-21T10:04:43.872+0545] {dagbag.py:588} INFO - Filling up the DagBag from /home/ashok/miniconda3/envs/mysecondenvironment/lib/python3.8/site-packages/airflow/example_dags/example_latest_only.py
[2025-09-21T10:04:43.876+0545] {processor.py:925} INFO - DAG(s) 'latest_only' retrieved from /home/ashok/miniconda3/envs/mysecondenvironment/lib/python3.8/site-packages/airflow/example_dags/example_latest_only.py
[2025-09-21T10:04:43.885+0545] {logging_mixin.py:190} INFO - [2025-09-21T10:04:43.884+0545] {dag.py:3239} INFO - Sync 1 DAGs
[2025-09-21T10:04:43.895+0545] {logging_mixin.py:190} INFO - [2025-09-21T10:04:43.895+0545] {dag.py:4180} INFO - Setting next_dagrun for latest_only to 2025-09-21 00:00:00+00:00, run_after=2025-09-21 04:00:00+00:00
[2025-09-21T10:04:43.912+0545] {processor.py:208} INFO - Processing /home/ashok/miniconda3/envs/mysecondenvironment/lib/python3.8/site-packages/airflow/example_dags/example_latest_only.py took 0.048 seconds
[2025-09-21T10:05:40.811+0545] {processor.py:186} INFO - Started process (PID=61889) to work on /home/ashok/miniconda3/envs/mysecondenvironment/lib/python3.8/site-packages/airflow/example_dags/example_latest_only.py
[2025-09-21T10:05:40.814+0545] {processor.py:914} INFO - Processing file /home/ashok/miniconda3/envs/mysecondenvironment/lib/python3.8/site-packages/airflow/example_dags/example_latest_only.py for tasks to queue
[2025-09-21T10:05:40.815+0545] {logging_mixin.py:190} INFO - [2025-09-21T10:05:40.815+0545] {dagbag.py:588} INFO - Filling up the DagBag from /home/ashok/miniconda3/envs/mysecondenvironment/lib/python3.8/site-packages/airflow/example_dags/example_latest_only.py
[2025-09-21T10:05:40.819+0545] {processor.py:925} INFO - DAG(s) 'latest_only' retrieved from /home/ashok/miniconda3/envs/mysecondenvironment/lib/python3.8/site-packages/airflow/example_dags/example_latest_only.py
[2025-09-21T10:05:40.826+0545] {logging_mixin.py:190} INFO - [2025-09-21T10:05:40.826+0545] {dag.py:3239} INFO - Sync 1 DAGs
[2025-09-21T10:05:40.835+0545] {logging_mixin.py:190} INFO - [2025-09-21T10:05:40.835+0545] {dag.py:4180} INFO - Setting next_dagrun for latest_only to 2025-09-21 00:00:00+00:00, run_after=2025-09-21 04:00:00+00:00
[2025-09-21T10:05:40.855+0545] {processor.py:208} INFO - Processing /home/ashok/miniconda3/envs/mysecondenvironment/lib/python3.8/site-packages/airflow/example_dags/example_latest_only.py took 0.047 seconds
[2025-09-21T10:06:34.918+0545] {processor.py:186} INFO - Started process (PID=62328) to work on /home/ashok/miniconda3/envs/mysecondenvironment/lib/python3.8/site-packages/airflow/example_dags/example_latest_only.py
[2025-09-21T10:06:34.920+0545] {processor.py:914} INFO - Processing file /home/ashok/miniconda3/envs/mysecondenvironment/lib/python3.8/site-packages/airflow/example_dags/example_latest_only.py for tasks to queue
[2025-09-21T10:06:34.921+0545] {logging_mixin.py:190} INFO - [2025-09-21T10:06:34.921+0545] {dagbag.py:588} INFO - Filling up the DagBag from /home/ashok/miniconda3/envs/mysecondenvironment/lib/python3.8/site-packages/airflow/example_dags/example_latest_only.py
[2025-09-21T10:06:34.925+0545] {processor.py:925} INFO - DAG(s) 'latest_only' retrieved from /home/ashok/miniconda3/envs/mysecondenvironment/lib/python3.8/site-packages/airflow/example_dags/example_latest_only.py
[2025-09-21T10:06:34.932+0545] {logging_mixin.py:190} INFO - [2025-09-21T10:06:34.932+0545] {dag.py:3239} INFO - Sync 1 DAGs
[2025-09-21T10:06:34.941+0545] {logging_mixin.py:190} INFO - [2025-09-21T10:06:34.941+0545] {dag.py:4180} INFO - Setting next_dagrun for latest_only to 2025-09-21 00:00:00+00:00, run_after=2025-09-21 04:00:00+00:00
[2025-09-21T10:06:34.956+0545] {processor.py:208} INFO - Processing /home/ashok/miniconda3/envs/mysecondenvironment/lib/python3.8/site-packages/airflow/example_dags/example_latest_only.py took 0.042 seconds
[2025-09-21T10:07:31.932+0545] {processor.py:186} INFO - Started process (PID=62900) to work on /home/ashok/miniconda3/envs/mysecondenvironment/lib/python3.8/site-packages/airflow/example_dags/example_latest_only.py
[2025-09-21T10:07:31.934+0545] {processor.py:914} INFO - Processing file /home/ashok/miniconda3/envs/mysecondenvironment/lib/python3.8/site-packages/airflow/example_dags/example_latest_only.py for tasks to queue
[2025-09-21T10:07:31.935+0545] {logging_mixin.py:190} INFO - [2025-09-21T10:07:31.935+0545] {dagbag.py:588} INFO - Filling up the DagBag from /home/ashok/miniconda3/envs/mysecondenvironment/lib/python3.8/site-packages/airflow/example_dags/example_latest_only.py
[2025-09-21T10:07:31.939+0545] {processor.py:925} INFO - DAG(s) 'latest_only' retrieved from /home/ashok/miniconda3/envs/mysecondenvironment/lib/python3.8/site-packages/airflow/example_dags/example_latest_only.py
[2025-09-21T10:07:31.947+0545] {logging_mixin.py:190} INFO - [2025-09-21T10:07:31.947+0545] {dag.py:3239} INFO - Sync 1 DAGs
[2025-09-21T10:07:31.956+0545] {logging_mixin.py:190} INFO - [2025-09-21T10:07:31.956+0545] {dag.py:4180} INFO - Setting next_dagrun for latest_only to 2025-09-21 00:00:00+00:00, run_after=2025-09-21 04:00:00+00:00
[2025-09-21T10:07:31.972+0545] {processor.py:208} INFO - Processing /home/ashok/miniconda3/envs/mysecondenvironment/lib/python3.8/site-packages/airflow/example_dags/example_latest_only.py took 0.044 seconds
[2025-09-21T10:08:31.288+0545] {processor.py:186} INFO - Started process (PID=63518) to work on /home/ashok/miniconda3/envs/mysecondenvironment/lib/python3.8/site-packages/airflow/example_dags/example_latest_only.py
[2025-09-21T10:08:31.290+0545] {processor.py:914} INFO - Processing file /home/ashok/miniconda3/envs/mysecondenvironment/lib/python3.8/site-packages/airflow/example_dags/example_latest_only.py for tasks to queue
[2025-09-21T10:08:31.295+0545] {logging_mixin.py:190} INFO - [2025-09-21T10:08:31.295+0545] {dagbag.py:588} INFO - Filling up the DagBag from /home/ashok/miniconda3/envs/mysecondenvironment/lib/python3.8/site-packages/airflow/example_dags/example_latest_only.py
[2025-09-21T10:08:31.307+0545] {processor.py:925} INFO - DAG(s) 'latest_only' retrieved from /home/ashok/miniconda3/envs/mysecondenvironment/lib/python3.8/site-packages/airflow/example_dags/example_latest_only.py
[2025-09-21T10:08:31.319+0545] {logging_mixin.py:190} INFO - [2025-09-21T10:08:31.319+0545] {dag.py:3239} INFO - Sync 1 DAGs
[2025-09-21T10:08:31.330+0545] {logging_mixin.py:190} INFO - [2025-09-21T10:08:31.330+0545] {dag.py:4180} INFO - Setting next_dagrun for latest_only to 2025-09-21 00:00:00+00:00, run_after=2025-09-21 04:00:00+00:00
[2025-09-21T10:08:31.346+0545] {processor.py:208} INFO - Processing /home/ashok/miniconda3/envs/mysecondenvironment/lib/python3.8/site-packages/airflow/example_dags/example_latest_only.py took 0.067 seconds
[2025-09-21T10:09:26.752+0545] {processor.py:186} INFO - Started process (PID=63909) to work on /home/ashok/miniconda3/envs/mysecondenvironment/lib/python3.8/site-packages/airflow/example_dags/example_latest_only.py
[2025-09-21T10:09:26.754+0545] {processor.py:914} INFO - Processing file /home/ashok/miniconda3/envs/mysecondenvironment/lib/python3.8/site-packages/airflow/example_dags/example_latest_only.py for tasks to queue
[2025-09-21T10:09:26.755+0545] {logging_mixin.py:190} INFO - [2025-09-21T10:09:26.755+0545] {dagbag.py:588} INFO - Filling up the DagBag from /home/ashok/miniconda3/envs/mysecondenvironment/lib/python3.8/site-packages/airflow/example_dags/example_latest_only.py
[2025-09-21T10:09:26.759+0545] {processor.py:925} INFO - DAG(s) 'latest_only' retrieved from /home/ashok/miniconda3/envs/mysecondenvironment/lib/python3.8/site-packages/airflow/example_dags/example_latest_only.py
[2025-09-21T10:09:26.766+0545] {logging_mixin.py:190} INFO - [2025-09-21T10:09:26.766+0545] {dag.py:3239} INFO - Sync 1 DAGs
[2025-09-21T10:09:26.775+0545] {logging_mixin.py:190} INFO - [2025-09-21T10:09:26.775+0545] {dag.py:4180} INFO - Setting next_dagrun for latest_only to 2025-09-21 00:00:00+00:00, run_after=2025-09-21 04:00:00+00:00
[2025-09-21T10:09:26.793+0545] {processor.py:208} INFO - Processing /home/ashok/miniconda3/envs/mysecondenvironment/lib/python3.8/site-packages/airflow/example_dags/example_latest_only.py took 0.044 seconds
[2025-09-21T10:10:48.300+0545] {processor.py:186} INFO - Started process (PID=64685) to work on /home/ashok/miniconda3/envs/mysecondenvironment/lib/python3.8/site-packages/airflow/example_dags/example_latest_only.py
[2025-09-21T10:10:48.302+0545] {processor.py:914} INFO - Processing file /home/ashok/miniconda3/envs/mysecondenvironment/lib/python3.8/site-packages/airflow/example_dags/example_latest_only.py for tasks to queue
[2025-09-21T10:10:48.304+0545] {logging_mixin.py:190} INFO - [2025-09-21T10:10:48.304+0545] {dagbag.py:588} INFO - Filling up the DagBag from /home/ashok/miniconda3/envs/mysecondenvironment/lib/python3.8/site-packages/airflow/example_dags/example_latest_only.py
[2025-09-21T10:10:48.308+0545] {processor.py:925} INFO - DAG(s) 'latest_only' retrieved from /home/ashok/miniconda3/envs/mysecondenvironment/lib/python3.8/site-packages/airflow/example_dags/example_latest_only.py
[2025-09-21T10:10:48.319+0545] {logging_mixin.py:190} INFO - [2025-09-21T10:10:48.318+0545] {dag.py:3239} INFO - Sync 1 DAGs
[2025-09-21T10:10:48.328+0545] {logging_mixin.py:190} INFO - [2025-09-21T10:10:48.328+0545] {dag.py:4180} INFO - Setting next_dagrun for latest_only to 2025-09-21 00:00:00+00:00, run_after=2025-09-21 04:00:00+00:00
[2025-09-21T10:10:48.343+0545] {processor.py:208} INFO - Processing /home/ashok/miniconda3/envs/mysecondenvironment/lib/python3.8/site-packages/airflow/example_dags/example_latest_only.py took 0.048 seconds
[2025-09-21T10:11:43.459+0545] {processor.py:186} INFO - Started process (PID=65158) to work on /home/ashok/miniconda3/envs/mysecondenvironment/lib/python3.8/site-packages/airflow/example_dags/example_latest_only.py
[2025-09-21T10:11:43.461+0545] {processor.py:914} INFO - Processing file /home/ashok/miniconda3/envs/mysecondenvironment/lib/python3.8/site-packages/airflow/example_dags/example_latest_only.py for tasks to queue
[2025-09-21T10:11:43.463+0545] {logging_mixin.py:190} INFO - [2025-09-21T10:11:43.462+0545] {dagbag.py:588} INFO - Filling up the DagBag from /home/ashok/miniconda3/envs/mysecondenvironment/lib/python3.8/site-packages/airflow/example_dags/example_latest_only.py
[2025-09-21T10:11:43.469+0545] {processor.py:925} INFO - DAG(s) 'latest_only' retrieved from /home/ashok/miniconda3/envs/mysecondenvironment/lib/python3.8/site-packages/airflow/example_dags/example_latest_only.py
[2025-09-21T10:11:43.481+0545] {logging_mixin.py:190} INFO - [2025-09-21T10:11:43.480+0545] {dag.py:3239} INFO - Sync 1 DAGs
[2025-09-21T10:11:43.492+0545] {logging_mixin.py:190} INFO - [2025-09-21T10:11:43.492+0545] {dag.py:4180} INFO - Setting next_dagrun for latest_only to 2025-09-21 00:00:00+00:00, run_after=2025-09-21 04:00:00+00:00
[2025-09-21T10:11:43.509+0545] {processor.py:208} INFO - Processing /home/ashok/miniconda3/envs/mysecondenvironment/lib/python3.8/site-packages/airflow/example_dags/example_latest_only.py took 0.054 seconds
[2025-09-21T10:12:38.482+0545] {processor.py:186} INFO - Started process (PID=65567) to work on /home/ashok/miniconda3/envs/mysecondenvironment/lib/python3.8/site-packages/airflow/example_dags/example_latest_only.py
[2025-09-21T10:12:38.484+0545] {processor.py:914} INFO - Processing file /home/ashok/miniconda3/envs/mysecondenvironment/lib/python3.8/site-packages/airflow/example_dags/example_latest_only.py for tasks to queue
[2025-09-21T10:12:38.485+0545] {logging_mixin.py:190} INFO - [2025-09-21T10:12:38.485+0545] {dagbag.py:588} INFO - Filling up the DagBag from /home/ashok/miniconda3/envs/mysecondenvironment/lib/python3.8/site-packages/airflow/example_dags/example_latest_only.py
[2025-09-21T10:12:38.490+0545] {processor.py:925} INFO - DAG(s) 'latest_only' retrieved from /home/ashok/miniconda3/envs/mysecondenvironment/lib/python3.8/site-packages/airflow/example_dags/example_latest_only.py
[2025-09-21T10:12:38.497+0545] {logging_mixin.py:190} INFO - [2025-09-21T10:12:38.497+0545] {dag.py:3239} INFO - Sync 1 DAGs
[2025-09-21T10:12:38.506+0545] {logging_mixin.py:190} INFO - [2025-09-21T10:12:38.505+0545] {dag.py:4180} INFO - Setting next_dagrun for latest_only to 2025-09-21 00:00:00+00:00, run_after=2025-09-21 04:00:00+00:00
[2025-09-21T10:12:38.520+0545] {processor.py:208} INFO - Processing /home/ashok/miniconda3/envs/mysecondenvironment/lib/python3.8/site-packages/airflow/example_dags/example_latest_only.py took 0.042 seconds
[2025-09-21T10:13:34.343+0545] {processor.py:186} INFO - Started process (PID=66026) to work on /home/ashok/miniconda3/envs/mysecondenvironment/lib/python3.8/site-packages/airflow/example_dags/example_latest_only.py
[2025-09-21T10:13:34.345+0545] {processor.py:914} INFO - Processing file /home/ashok/miniconda3/envs/mysecondenvironment/lib/python3.8/site-packages/airflow/example_dags/example_latest_only.py for tasks to queue
[2025-09-21T10:13:34.347+0545] {logging_mixin.py:190} INFO - [2025-09-21T10:13:34.347+0545] {dagbag.py:588} INFO - Filling up the DagBag from /home/ashok/miniconda3/envs/mysecondenvironment/lib/python3.8/site-packages/airflow/example_dags/example_latest_only.py
[2025-09-21T10:13:34.354+0545] {processor.py:925} INFO - DAG(s) 'latest_only' retrieved from /home/ashok/miniconda3/envs/mysecondenvironment/lib/python3.8/site-packages/airflow/example_dags/example_latest_only.py
[2025-09-21T10:13:34.363+0545] {logging_mixin.py:190} INFO - [2025-09-21T10:13:34.363+0545] {dag.py:3239} INFO - Sync 1 DAGs
[2025-09-21T10:13:34.373+0545] {logging_mixin.py:190} INFO - [2025-09-21T10:13:34.373+0545] {dag.py:4180} INFO - Setting next_dagrun for latest_only to 2025-09-21 00:00:00+00:00, run_after=2025-09-21 04:00:00+00:00
[2025-09-21T10:13:34.389+0545] {processor.py:208} INFO - Processing /home/ashok/miniconda3/envs/mysecondenvironment/lib/python3.8/site-packages/airflow/example_dags/example_latest_only.py took 0.050 seconds
