[2025-09-21T08:35:44.023+0545] {processor.py:186} INFO - Started process (PID=21814) to work on /home/ashok/miniconda3/envs/mysecondenvironment/lib/python3.8/site-packages/airflow/example_dags/example_setup_teardown_taskflow.py
[2025-09-21T08:35:44.024+0545] {processor.py:914} INFO - Processing file /home/ashok/miniconda3/envs/mysecondenvironment/lib/python3.8/site-packages/airflow/example_dags/example_setup_teardown_taskflow.py for tasks to queue
[2025-09-21T08:35:44.025+0545] {logging_mixin.py:190} INFO - [2025-09-21T08:35:44.025+0545] {dagbag.py:588} INFO - Filling up the DagBag from /home/ashok/miniconda3/envs/mysecondenvironment/lib/python3.8/site-packages/airflow/example_dags/example_setup_teardown_taskflow.py
[2025-09-21T08:35:44.030+0545] {processor.py:925} INFO - DAG(s) 'example_setup_teardown_taskflow' retrieved from /home/ashok/miniconda3/envs/mysecondenvironment/lib/python3.8/site-packages/airflow/example_dags/example_setup_teardown_taskflow.py
[2025-09-21T08:35:44.040+0545] {logging_mixin.py:190} INFO - [2025-09-21T08:35:44.039+0545] {dag.py:3239} INFO - Sync 1 DAGs
[2025-09-21T08:35:44.045+0545] {logging_mixin.py:190} INFO - [2025-09-21T08:35:44.045+0545] {dag.py:4180} INFO - Setting next_dagrun for example_setup_teardown_taskflow to None, run_after=None
[2025-09-21T08:35:44.065+0545] {processor.py:208} INFO - Processing /home/ashok/miniconda3/envs/mysecondenvironment/lib/python3.8/site-packages/airflow/example_dags/example_setup_teardown_taskflow.py took 0.044 seconds
[2025-09-21T08:38:05.852+0545] {processor.py:186} INFO - Started process (PID=24671) to work on /home/ashok/miniconda3/envs/mysecondenvironment/lib/python3.8/site-packages/airflow/example_dags/example_setup_teardown_taskflow.py
[2025-09-21T08:38:05.854+0545] {processor.py:914} INFO - Processing file /home/ashok/miniconda3/envs/mysecondenvironment/lib/python3.8/site-packages/airflow/example_dags/example_setup_teardown_taskflow.py for tasks to queue
[2025-09-21T08:38:05.856+0545] {logging_mixin.py:190} INFO - [2025-09-21T08:38:05.855+0545] {dagbag.py:588} INFO - Filling up the DagBag from /home/ashok/miniconda3/envs/mysecondenvironment/lib/python3.8/site-packages/airflow/example_dags/example_setup_teardown_taskflow.py
[2025-09-21T08:38:05.862+0545] {processor.py:925} INFO - DAG(s) 'example_setup_teardown_taskflow' retrieved from /home/ashok/miniconda3/envs/mysecondenvironment/lib/python3.8/site-packages/airflow/example_dags/example_setup_teardown_taskflow.py
[2025-09-21T08:38:05.874+0545] {logging_mixin.py:190} INFO - [2025-09-21T08:38:05.874+0545] {dag.py:3239} INFO - Sync 1 DAGs
[2025-09-21T08:38:05.881+0545] {logging_mixin.py:190} INFO - [2025-09-21T08:38:05.881+0545] {dag.py:4180} INFO - Setting next_dagrun for example_setup_teardown_taskflow to None, run_after=None
[2025-09-21T08:38:05.900+0545] {processor.py:208} INFO - Processing /home/ashok/miniconda3/envs/mysecondenvironment/lib/python3.8/site-packages/airflow/example_dags/example_setup_teardown_taskflow.py took 0.052 seconds
[2025-09-21T08:38:59.616+0545] {processor.py:186} INFO - Started process (PID=25398) to work on /home/ashok/miniconda3/envs/mysecondenvironment/lib/python3.8/site-packages/airflow/example_dags/example_setup_teardown_taskflow.py
[2025-09-21T08:38:59.617+0545] {processor.py:914} INFO - Processing file /home/ashok/miniconda3/envs/mysecondenvironment/lib/python3.8/site-packages/airflow/example_dags/example_setup_teardown_taskflow.py for tasks to queue
[2025-09-21T08:38:59.618+0545] {logging_mixin.py:190} INFO - [2025-09-21T08:38:59.618+0545] {dagbag.py:588} INFO - Filling up the DagBag from /home/ashok/miniconda3/envs/mysecondenvironment/lib/python3.8/site-packages/airflow/example_dags/example_setup_teardown_taskflow.py
[2025-09-21T08:38:59.624+0545] {processor.py:925} INFO - DAG(s) 'example_setup_teardown_taskflow' retrieved from /home/ashok/miniconda3/envs/mysecondenvironment/lib/python3.8/site-packages/airflow/example_dags/example_setup_teardown_taskflow.py
[2025-09-21T08:38:59.635+0545] {logging_mixin.py:190} INFO - [2025-09-21T08:38:59.635+0545] {dag.py:3239} INFO - Sync 1 DAGs
[2025-09-21T08:38:59.641+0545] {logging_mixin.py:190} INFO - [2025-09-21T08:38:59.641+0545] {dag.py:4180} INFO - Setting next_dagrun for example_setup_teardown_taskflow to None, run_after=None
[2025-09-21T08:38:59.658+0545] {processor.py:208} INFO - Processing /home/ashok/miniconda3/envs/mysecondenvironment/lib/python3.8/site-packages/airflow/example_dags/example_setup_teardown_taskflow.py took 0.047 seconds
[2025-09-21T08:41:01.999+0545] {processor.py:186} INFO - Started process (PID=26691) to work on /home/ashok/miniconda3/envs/mysecondenvironment/lib/python3.8/site-packages/airflow/example_dags/example_setup_teardown_taskflow.py
[2025-09-21T08:41:02.001+0545] {processor.py:914} INFO - Processing file /home/ashok/miniconda3/envs/mysecondenvironment/lib/python3.8/site-packages/airflow/example_dags/example_setup_teardown_taskflow.py for tasks to queue
[2025-09-21T08:41:02.002+0545] {logging_mixin.py:190} INFO - [2025-09-21T08:41:02.002+0545] {dagbag.py:588} INFO - Filling up the DagBag from /home/ashok/miniconda3/envs/mysecondenvironment/lib/python3.8/site-packages/airflow/example_dags/example_setup_teardown_taskflow.py
[2025-09-21T08:41:02.008+0545] {processor.py:925} INFO - DAG(s) 'example_setup_teardown_taskflow' retrieved from /home/ashok/miniconda3/envs/mysecondenvironment/lib/python3.8/site-packages/airflow/example_dags/example_setup_teardown_taskflow.py
[2025-09-21T08:41:02.016+0545] {logging_mixin.py:190} INFO - [2025-09-21T08:41:02.016+0545] {dag.py:3239} INFO - Sync 1 DAGs
[2025-09-21T08:41:02.021+0545] {logging_mixin.py:190} INFO - [2025-09-21T08:41:02.021+0545] {dag.py:4180} INFO - Setting next_dagrun for example_setup_teardown_taskflow to None, run_after=None
[2025-09-21T08:41:02.039+0545] {processor.py:208} INFO - Processing /home/ashok/miniconda3/envs/mysecondenvironment/lib/python3.8/site-packages/airflow/example_dags/example_setup_teardown_taskflow.py took 0.044 seconds
[2025-09-21T08:41:59.640+0545] {processor.py:186} INFO - Started process (PID=27120) to work on /home/ashok/miniconda3/envs/mysecondenvironment/lib/python3.8/site-packages/airflow/example_dags/example_setup_teardown_taskflow.py
[2025-09-21T08:41:59.642+0545] {processor.py:914} INFO - Processing file /home/ashok/miniconda3/envs/mysecondenvironment/lib/python3.8/site-packages/airflow/example_dags/example_setup_teardown_taskflow.py for tasks to queue
[2025-09-21T08:41:59.644+0545] {logging_mixin.py:190} INFO - [2025-09-21T08:41:59.644+0545] {dagbag.py:588} INFO - Filling up the DagBag from /home/ashok/miniconda3/envs/mysecondenvironment/lib/python3.8/site-packages/airflow/example_dags/example_setup_teardown_taskflow.py
[2025-09-21T08:41:59.649+0545] {processor.py:925} INFO - DAG(s) 'example_setup_teardown_taskflow' retrieved from /home/ashok/miniconda3/envs/mysecondenvironment/lib/python3.8/site-packages/airflow/example_dags/example_setup_teardown_taskflow.py
[2025-09-21T08:41:59.658+0545] {logging_mixin.py:190} INFO - [2025-09-21T08:41:59.657+0545] {dag.py:3239} INFO - Sync 1 DAGs
[2025-09-21T08:41:59.663+0545] {logging_mixin.py:190} INFO - [2025-09-21T08:41:59.663+0545] {dag.py:4180} INFO - Setting next_dagrun for example_setup_teardown_taskflow to None, run_after=None
[2025-09-21T08:41:59.682+0545] {processor.py:208} INFO - Processing /home/ashok/miniconda3/envs/mysecondenvironment/lib/python3.8/site-packages/airflow/example_dags/example_setup_teardown_taskflow.py took 0.044 seconds
[2025-09-21T08:42:56.173+0545] {processor.py:186} INFO - Started process (PID=27573) to work on /home/ashok/miniconda3/envs/mysecondenvironment/lib/python3.8/site-packages/airflow/example_dags/example_setup_teardown_taskflow.py
[2025-09-21T08:42:56.175+0545] {processor.py:914} INFO - Processing file /home/ashok/miniconda3/envs/mysecondenvironment/lib/python3.8/site-packages/airflow/example_dags/example_setup_teardown_taskflow.py for tasks to queue
[2025-09-21T08:42:56.176+0545] {logging_mixin.py:190} INFO - [2025-09-21T08:42:56.176+0545] {dagbag.py:588} INFO - Filling up the DagBag from /home/ashok/miniconda3/envs/mysecondenvironment/lib/python3.8/site-packages/airflow/example_dags/example_setup_teardown_taskflow.py
[2025-09-21T08:42:56.182+0545] {processor.py:925} INFO - DAG(s) 'example_setup_teardown_taskflow' retrieved from /home/ashok/miniconda3/envs/mysecondenvironment/lib/python3.8/site-packages/airflow/example_dags/example_setup_teardown_taskflow.py
[2025-09-21T08:42:56.191+0545] {logging_mixin.py:190} INFO - [2025-09-21T08:42:56.191+0545] {dag.py:3239} INFO - Sync 1 DAGs
[2025-09-21T08:42:56.197+0545] {logging_mixin.py:190} INFO - [2025-09-21T08:42:56.197+0545] {dag.py:4180} INFO - Setting next_dagrun for example_setup_teardown_taskflow to None, run_after=None
[2025-09-21T08:42:56.214+0545] {processor.py:208} INFO - Processing /home/ashok/miniconda3/envs/mysecondenvironment/lib/python3.8/site-packages/airflow/example_dags/example_setup_teardown_taskflow.py took 0.045 seconds
[2025-09-21T08:43:48.440+0545] {processor.py:186} INFO - Started process (PID=27921) to work on /home/ashok/miniconda3/envs/mysecondenvironment/lib/python3.8/site-packages/airflow/example_dags/example_setup_teardown_taskflow.py
[2025-09-21T08:43:48.442+0545] {processor.py:914} INFO - Processing file /home/ashok/miniconda3/envs/mysecondenvironment/lib/python3.8/site-packages/airflow/example_dags/example_setup_teardown_taskflow.py for tasks to queue
[2025-09-21T08:43:48.443+0545] {logging_mixin.py:190} INFO - [2025-09-21T08:43:48.443+0545] {dagbag.py:588} INFO - Filling up the DagBag from /home/ashok/miniconda3/envs/mysecondenvironment/lib/python3.8/site-packages/airflow/example_dags/example_setup_teardown_taskflow.py
[2025-09-21T08:43:48.449+0545] {processor.py:925} INFO - DAG(s) 'example_setup_teardown_taskflow' retrieved from /home/ashok/miniconda3/envs/mysecondenvironment/lib/python3.8/site-packages/airflow/example_dags/example_setup_teardown_taskflow.py
[2025-09-21T08:43:48.460+0545] {logging_mixin.py:190} INFO - [2025-09-21T08:43:48.460+0545] {dag.py:3239} INFO - Sync 1 DAGs
[2025-09-21T08:43:48.468+0545] {logging_mixin.py:190} INFO - [2025-09-21T08:43:48.468+0545] {dag.py:4180} INFO - Setting next_dagrun for example_setup_teardown_taskflow to None, run_after=None
[2025-09-21T08:43:48.486+0545] {processor.py:208} INFO - Processing /home/ashok/miniconda3/envs/mysecondenvironment/lib/python3.8/site-packages/airflow/example_dags/example_setup_teardown_taskflow.py took 0.049 seconds
[2025-09-21T08:44:46.416+0545] {processor.py:186} INFO - Started process (PID=28296) to work on /home/ashok/miniconda3/envs/mysecondenvironment/lib/python3.8/site-packages/airflow/example_dags/example_setup_teardown_taskflow.py
[2025-09-21T08:44:46.417+0545] {processor.py:914} INFO - Processing file /home/ashok/miniconda3/envs/mysecondenvironment/lib/python3.8/site-packages/airflow/example_dags/example_setup_teardown_taskflow.py for tasks to queue
[2025-09-21T08:44:46.419+0545] {logging_mixin.py:190} INFO - [2025-09-21T08:44:46.419+0545] {dagbag.py:588} INFO - Filling up the DagBag from /home/ashok/miniconda3/envs/mysecondenvironment/lib/python3.8/site-packages/airflow/example_dags/example_setup_teardown_taskflow.py
[2025-09-21T08:44:46.425+0545] {processor.py:925} INFO - DAG(s) 'example_setup_teardown_taskflow' retrieved from /home/ashok/miniconda3/envs/mysecondenvironment/lib/python3.8/site-packages/airflow/example_dags/example_setup_teardown_taskflow.py
[2025-09-21T08:44:46.434+0545] {logging_mixin.py:190} INFO - [2025-09-21T08:44:46.433+0545] {dag.py:3239} INFO - Sync 1 DAGs
[2025-09-21T08:44:46.440+0545] {logging_mixin.py:190} INFO - [2025-09-21T08:44:46.440+0545] {dag.py:4180} INFO - Setting next_dagrun for example_setup_teardown_taskflow to None, run_after=None
[2025-09-21T08:44:46.456+0545] {processor.py:208} INFO - Processing /home/ashok/miniconda3/envs/mysecondenvironment/lib/python3.8/site-packages/airflow/example_dags/example_setup_teardown_taskflow.py took 0.043 seconds
[2025-09-21T08:45:47.336+0545] {processor.py:186} INFO - Started process (PID=28726) to work on /home/ashok/miniconda3/envs/mysecondenvironment/lib/python3.8/site-packages/airflow/example_dags/example_setup_teardown_taskflow.py
[2025-09-21T08:45:47.338+0545] {processor.py:914} INFO - Processing file /home/ashok/miniconda3/envs/mysecondenvironment/lib/python3.8/site-packages/airflow/example_dags/example_setup_teardown_taskflow.py for tasks to queue
[2025-09-21T08:45:47.340+0545] {logging_mixin.py:190} INFO - [2025-09-21T08:45:47.340+0545] {dagbag.py:588} INFO - Filling up the DagBag from /home/ashok/miniconda3/envs/mysecondenvironment/lib/python3.8/site-packages/airflow/example_dags/example_setup_teardown_taskflow.py
[2025-09-21T08:45:47.348+0545] {processor.py:925} INFO - DAG(s) 'example_setup_teardown_taskflow' retrieved from /home/ashok/miniconda3/envs/mysecondenvironment/lib/python3.8/site-packages/airflow/example_dags/example_setup_teardown_taskflow.py
[2025-09-21T08:45:47.360+0545] {logging_mixin.py:190} INFO - [2025-09-21T08:45:47.360+0545] {dag.py:3239} INFO - Sync 1 DAGs
[2025-09-21T08:45:47.366+0545] {logging_mixin.py:190} INFO - [2025-09-21T08:45:47.366+0545] {dag.py:4180} INFO - Setting next_dagrun for example_setup_teardown_taskflow to None, run_after=None
[2025-09-21T08:45:47.383+0545] {processor.py:208} INFO - Processing /home/ashok/miniconda3/envs/mysecondenvironment/lib/python3.8/site-packages/airflow/example_dags/example_setup_teardown_taskflow.py took 0.051 seconds
[2025-09-21T08:46:43.880+0545] {processor.py:186} INFO - Started process (PID=29137) to work on /home/ashok/miniconda3/envs/mysecondenvironment/lib/python3.8/site-packages/airflow/example_dags/example_setup_teardown_taskflow.py
[2025-09-21T08:46:43.881+0545] {processor.py:914} INFO - Processing file /home/ashok/miniconda3/envs/mysecondenvironment/lib/python3.8/site-packages/airflow/example_dags/example_setup_teardown_taskflow.py for tasks to queue
[2025-09-21T08:46:43.883+0545] {logging_mixin.py:190} INFO - [2025-09-21T08:46:43.883+0545] {dagbag.py:588} INFO - Filling up the DagBag from /home/ashok/miniconda3/envs/mysecondenvironment/lib/python3.8/site-packages/airflow/example_dags/example_setup_teardown_taskflow.py
[2025-09-21T08:46:43.889+0545] {processor.py:925} INFO - DAG(s) 'example_setup_teardown_taskflow' retrieved from /home/ashok/miniconda3/envs/mysecondenvironment/lib/python3.8/site-packages/airflow/example_dags/example_setup_teardown_taskflow.py
[2025-09-21T08:46:43.899+0545] {logging_mixin.py:190} INFO - [2025-09-21T08:46:43.898+0545] {dag.py:3239} INFO - Sync 1 DAGs
[2025-09-21T08:46:43.905+0545] {logging_mixin.py:190} INFO - [2025-09-21T08:46:43.905+0545] {dag.py:4180} INFO - Setting next_dagrun for example_setup_teardown_taskflow to None, run_after=None
[2025-09-21T08:46:43.921+0545] {processor.py:208} INFO - Processing /home/ashok/miniconda3/envs/mysecondenvironment/lib/python3.8/site-packages/airflow/example_dags/example_setup_teardown_taskflow.py took 0.046 seconds
[2025-09-21T08:47:39.339+0545] {processor.py:186} INFO - Started process (PID=29502) to work on /home/ashok/miniconda3/envs/mysecondenvironment/lib/python3.8/site-packages/airflow/example_dags/example_setup_teardown_taskflow.py
[2025-09-21T08:47:39.341+0545] {processor.py:914} INFO - Processing file /home/ashok/miniconda3/envs/mysecondenvironment/lib/python3.8/site-packages/airflow/example_dags/example_setup_teardown_taskflow.py for tasks to queue
[2025-09-21T08:47:39.342+0545] {logging_mixin.py:190} INFO - [2025-09-21T08:47:39.342+0545] {dagbag.py:588} INFO - Filling up the DagBag from /home/ashok/miniconda3/envs/mysecondenvironment/lib/python3.8/site-packages/airflow/example_dags/example_setup_teardown_taskflow.py
[2025-09-21T08:47:39.348+0545] {processor.py:925} INFO - DAG(s) 'example_setup_teardown_taskflow' retrieved from /home/ashok/miniconda3/envs/mysecondenvironment/lib/python3.8/site-packages/airflow/example_dags/example_setup_teardown_taskflow.py
[2025-09-21T08:47:39.357+0545] {logging_mixin.py:190} INFO - [2025-09-21T08:47:39.357+0545] {dag.py:3239} INFO - Sync 1 DAGs
[2025-09-21T08:47:39.363+0545] {logging_mixin.py:190} INFO - [2025-09-21T08:47:39.363+0545] {dag.py:4180} INFO - Setting next_dagrun for example_setup_teardown_taskflow to None, run_after=None
[2025-09-21T08:47:39.381+0545] {processor.py:208} INFO - Processing /home/ashok/miniconda3/envs/mysecondenvironment/lib/python3.8/site-packages/airflow/example_dags/example_setup_teardown_taskflow.py took 0.045 seconds
[2025-09-21T09:43:41.104+0545] {processor.py:186} INFO - Started process (PID=49565) to work on /home/ashok/miniconda3/envs/mysecondenvironment/lib/python3.8/site-packages/airflow/example_dags/example_setup_teardown_taskflow.py
[2025-09-21T09:43:41.106+0545] {processor.py:914} INFO - Processing file /home/ashok/miniconda3/envs/mysecondenvironment/lib/python3.8/site-packages/airflow/example_dags/example_setup_teardown_taskflow.py for tasks to queue
[2025-09-21T09:43:41.107+0545] {logging_mixin.py:190} INFO - [2025-09-21T09:43:41.107+0545] {dagbag.py:588} INFO - Filling up the DagBag from /home/ashok/miniconda3/envs/mysecondenvironment/lib/python3.8/site-packages/airflow/example_dags/example_setup_teardown_taskflow.py
[2025-09-21T09:43:41.113+0545] {processor.py:925} INFO - DAG(s) 'example_setup_teardown_taskflow' retrieved from /home/ashok/miniconda3/envs/mysecondenvironment/lib/python3.8/site-packages/airflow/example_dags/example_setup_teardown_taskflow.py
[2025-09-21T09:43:41.124+0545] {logging_mixin.py:190} INFO - [2025-09-21T09:43:41.124+0545] {dag.py:3239} INFO - Sync 1 DAGs
[2025-09-21T09:43:41.133+0545] {logging_mixin.py:190} INFO - [2025-09-21T09:43:41.132+0545] {dag.py:4180} INFO - Setting next_dagrun for example_setup_teardown_taskflow to None, run_after=None
[2025-09-21T09:43:41.151+0545] {processor.py:208} INFO - Processing /home/ashok/miniconda3/envs/mysecondenvironment/lib/python3.8/site-packages/airflow/example_dags/example_setup_teardown_taskflow.py took 0.051 seconds
[2025-09-21T09:46:33.444+0545] {processor.py:186} INFO - Started process (PID=51854) to work on /home/ashok/miniconda3/envs/mysecondenvironment/lib/python3.8/site-packages/airflow/example_dags/example_setup_teardown_taskflow.py
[2025-09-21T09:46:33.446+0545] {processor.py:914} INFO - Processing file /home/ashok/miniconda3/envs/mysecondenvironment/lib/python3.8/site-packages/airflow/example_dags/example_setup_teardown_taskflow.py for tasks to queue
[2025-09-21T09:46:33.449+0545] {logging_mixin.py:190} INFO - [2025-09-21T09:46:33.448+0545] {dagbag.py:588} INFO - Filling up the DagBag from /home/ashok/miniconda3/envs/mysecondenvironment/lib/python3.8/site-packages/airflow/example_dags/example_setup_teardown_taskflow.py
[2025-09-21T09:46:33.454+0545] {processor.py:925} INFO - DAG(s) 'example_setup_teardown_taskflow' retrieved from /home/ashok/miniconda3/envs/mysecondenvironment/lib/python3.8/site-packages/airflow/example_dags/example_setup_teardown_taskflow.py
[2025-09-21T09:46:33.467+0545] {logging_mixin.py:190} INFO - [2025-09-21T09:46:33.467+0545] {dag.py:3239} INFO - Sync 1 DAGs
[2025-09-21T09:46:33.474+0545] {logging_mixin.py:190} INFO - [2025-09-21T09:46:33.474+0545] {dag.py:4180} INFO - Setting next_dagrun for example_setup_teardown_taskflow to None, run_after=None
[2025-09-21T09:46:33.492+0545] {processor.py:208} INFO - Processing /home/ashok/miniconda3/envs/mysecondenvironment/lib/python3.8/site-packages/airflow/example_dags/example_setup_teardown_taskflow.py took 0.051 seconds
[2025-09-21T09:47:52.727+0545] {processor.py:186} INFO - Started process (PID=52529) to work on /home/ashok/miniconda3/envs/mysecondenvironment/lib/python3.8/site-packages/airflow/example_dags/example_setup_teardown_taskflow.py
[2025-09-21T09:47:52.728+0545] {processor.py:914} INFO - Processing file /home/ashok/miniconda3/envs/mysecondenvironment/lib/python3.8/site-packages/airflow/example_dags/example_setup_teardown_taskflow.py for tasks to queue
[2025-09-21T09:47:52.729+0545] {logging_mixin.py:190} INFO - [2025-09-21T09:47:52.729+0545] {dagbag.py:588} INFO - Filling up the DagBag from /home/ashok/miniconda3/envs/mysecondenvironment/lib/python3.8/site-packages/airflow/example_dags/example_setup_teardown_taskflow.py
[2025-09-21T09:47:52.736+0545] {processor.py:925} INFO - DAG(s) 'example_setup_teardown_taskflow' retrieved from /home/ashok/miniconda3/envs/mysecondenvironment/lib/python3.8/site-packages/airflow/example_dags/example_setup_teardown_taskflow.py
[2025-09-21T09:47:52.745+0545] {logging_mixin.py:190} INFO - [2025-09-21T09:47:52.745+0545] {dag.py:3239} INFO - Sync 1 DAGs
[2025-09-21T09:47:52.752+0545] {logging_mixin.py:190} INFO - [2025-09-21T09:47:52.752+0545] {dag.py:4180} INFO - Setting next_dagrun for example_setup_teardown_taskflow to None, run_after=None
[2025-09-21T09:47:52.768+0545] {processor.py:208} INFO - Processing /home/ashok/miniconda3/envs/mysecondenvironment/lib/python3.8/site-packages/airflow/example_dags/example_setup_teardown_taskflow.py took 0.045 seconds
[2025-09-21T09:48:44.905+0545] {processor.py:186} INFO - Started process (PID=52886) to work on /home/ashok/miniconda3/envs/mysecondenvironment/lib/python3.8/site-packages/airflow/example_dags/example_setup_teardown_taskflow.py
[2025-09-21T09:48:44.907+0545] {processor.py:914} INFO - Processing file /home/ashok/miniconda3/envs/mysecondenvironment/lib/python3.8/site-packages/airflow/example_dags/example_setup_teardown_taskflow.py for tasks to queue
[2025-09-21T09:48:44.908+0545] {logging_mixin.py:190} INFO - [2025-09-21T09:48:44.908+0545] {dagbag.py:588} INFO - Filling up the DagBag from /home/ashok/miniconda3/envs/mysecondenvironment/lib/python3.8/site-packages/airflow/example_dags/example_setup_teardown_taskflow.py
[2025-09-21T09:48:44.915+0545] {processor.py:925} INFO - DAG(s) 'example_setup_teardown_taskflow' retrieved from /home/ashok/miniconda3/envs/mysecondenvironment/lib/python3.8/site-packages/airflow/example_dags/example_setup_teardown_taskflow.py
[2025-09-21T09:48:44.927+0545] {logging_mixin.py:190} INFO - [2025-09-21T09:48:44.927+0545] {dag.py:3239} INFO - Sync 1 DAGs
[2025-09-21T09:48:44.934+0545] {logging_mixin.py:190} INFO - [2025-09-21T09:48:44.934+0545] {dag.py:4180} INFO - Setting next_dagrun for example_setup_teardown_taskflow to None, run_after=None
[2025-09-21T09:48:44.952+0545] {processor.py:208} INFO - Processing /home/ashok/miniconda3/envs/mysecondenvironment/lib/python3.8/site-packages/airflow/example_dags/example_setup_teardown_taskflow.py took 0.050 seconds
[2025-09-21T09:49:48.310+0545] {processor.py:186} INFO - Started process (PID=53408) to work on /home/ashok/miniconda3/envs/mysecondenvironment/lib/python3.8/site-packages/airflow/example_dags/example_setup_teardown_taskflow.py
[2025-09-21T09:49:48.311+0545] {processor.py:914} INFO - Processing file /home/ashok/miniconda3/envs/mysecondenvironment/lib/python3.8/site-packages/airflow/example_dags/example_setup_teardown_taskflow.py for tasks to queue
[2025-09-21T09:49:48.312+0545] {logging_mixin.py:190} INFO - [2025-09-21T09:49:48.312+0545] {dagbag.py:588} INFO - Filling up the DagBag from /home/ashok/miniconda3/envs/mysecondenvironment/lib/python3.8/site-packages/airflow/example_dags/example_setup_teardown_taskflow.py
[2025-09-21T09:49:48.318+0545] {processor.py:925} INFO - DAG(s) 'example_setup_teardown_taskflow' retrieved from /home/ashok/miniconda3/envs/mysecondenvironment/lib/python3.8/site-packages/airflow/example_dags/example_setup_teardown_taskflow.py
[2025-09-21T09:49:48.329+0545] {logging_mixin.py:190} INFO - [2025-09-21T09:49:48.328+0545] {dag.py:3239} INFO - Sync 1 DAGs
[2025-09-21T09:49:48.335+0545] {logging_mixin.py:190} INFO - [2025-09-21T09:49:48.335+0545] {dag.py:4180} INFO - Setting next_dagrun for example_setup_teardown_taskflow to None, run_after=None
[2025-09-21T09:49:48.350+0545] {processor.py:208} INFO - Processing /home/ashok/miniconda3/envs/mysecondenvironment/lib/python3.8/site-packages/airflow/example_dags/example_setup_teardown_taskflow.py took 0.045 seconds
[2025-09-21T09:50:45.540+0545] {processor.py:186} INFO - Started process (PID=53825) to work on /home/ashok/miniconda3/envs/mysecondenvironment/lib/python3.8/site-packages/airflow/example_dags/example_setup_teardown_taskflow.py
[2025-09-21T09:50:45.541+0545] {processor.py:914} INFO - Processing file /home/ashok/miniconda3/envs/mysecondenvironment/lib/python3.8/site-packages/airflow/example_dags/example_setup_teardown_taskflow.py for tasks to queue
[2025-09-21T09:50:45.542+0545] {logging_mixin.py:190} INFO - [2025-09-21T09:50:45.542+0545] {dagbag.py:588} INFO - Filling up the DagBag from /home/ashok/miniconda3/envs/mysecondenvironment/lib/python3.8/site-packages/airflow/example_dags/example_setup_teardown_taskflow.py
[2025-09-21T09:50:45.548+0545] {processor.py:925} INFO - DAG(s) 'example_setup_teardown_taskflow' retrieved from /home/ashok/miniconda3/envs/mysecondenvironment/lib/python3.8/site-packages/airflow/example_dags/example_setup_teardown_taskflow.py
[2025-09-21T09:50:45.559+0545] {logging_mixin.py:190} INFO - [2025-09-21T09:50:45.559+0545] {dag.py:3239} INFO - Sync 1 DAGs
[2025-09-21T09:50:45.565+0545] {logging_mixin.py:190} INFO - [2025-09-21T09:50:45.565+0545] {dag.py:4180} INFO - Setting next_dagrun for example_setup_teardown_taskflow to None, run_after=None
[2025-09-21T09:50:45.580+0545] {processor.py:208} INFO - Processing /home/ashok/miniconda3/envs/mysecondenvironment/lib/python3.8/site-packages/airflow/example_dags/example_setup_teardown_taskflow.py took 0.044 seconds
[2025-09-21T09:53:10.160+0545] {processor.py:186} INFO - Started process (PID=55479) to work on /home/ashok/miniconda3/envs/mysecondenvironment/lib/python3.8/site-packages/airflow/example_dags/example_setup_teardown_taskflow.py
[2025-09-21T09:53:10.162+0545] {processor.py:914} INFO - Processing file /home/ashok/miniconda3/envs/mysecondenvironment/lib/python3.8/site-packages/airflow/example_dags/example_setup_teardown_taskflow.py for tasks to queue
[2025-09-21T09:53:10.163+0545] {logging_mixin.py:190} INFO - [2025-09-21T09:53:10.163+0545] {dagbag.py:588} INFO - Filling up the DagBag from /home/ashok/miniconda3/envs/mysecondenvironment/lib/python3.8/site-packages/airflow/example_dags/example_setup_teardown_taskflow.py
[2025-09-21T09:53:10.170+0545] {processor.py:925} INFO - DAG(s) 'example_setup_teardown_taskflow' retrieved from /home/ashok/miniconda3/envs/mysecondenvironment/lib/python3.8/site-packages/airflow/example_dags/example_setup_teardown_taskflow.py
[2025-09-21T09:53:10.181+0545] {logging_mixin.py:190} INFO - [2025-09-21T09:53:10.180+0545] {dag.py:3239} INFO - Sync 1 DAGs
[2025-09-21T09:53:10.186+0545] {logging_mixin.py:190} INFO - [2025-09-21T09:53:10.186+0545] {dag.py:4180} INFO - Setting next_dagrun for example_setup_teardown_taskflow to None, run_after=None
[2025-09-21T09:53:10.203+0545] {processor.py:208} INFO - Processing /home/ashok/miniconda3/envs/mysecondenvironment/lib/python3.8/site-packages/airflow/example_dags/example_setup_teardown_taskflow.py took 0.047 seconds
[2025-09-21T09:54:40.306+0545] {processor.py:186} INFO - Started process (PID=56461) to work on /home/ashok/miniconda3/envs/mysecondenvironment/lib/python3.8/site-packages/airflow/example_dags/example_setup_teardown_taskflow.py
[2025-09-21T09:54:40.308+0545] {processor.py:914} INFO - Processing file /home/ashok/miniconda3/envs/mysecondenvironment/lib/python3.8/site-packages/airflow/example_dags/example_setup_teardown_taskflow.py for tasks to queue
[2025-09-21T09:54:40.309+0545] {logging_mixin.py:190} INFO - [2025-09-21T09:54:40.309+0545] {dagbag.py:588} INFO - Filling up the DagBag from /home/ashok/miniconda3/envs/mysecondenvironment/lib/python3.8/site-packages/airflow/example_dags/example_setup_teardown_taskflow.py
[2025-09-21T09:54:40.314+0545] {processor.py:925} INFO - DAG(s) 'example_setup_teardown_taskflow' retrieved from /home/ashok/miniconda3/envs/mysecondenvironment/lib/python3.8/site-packages/airflow/example_dags/example_setup_teardown_taskflow.py
[2025-09-21T09:54:40.325+0545] {logging_mixin.py:190} INFO - [2025-09-21T09:54:40.325+0545] {dag.py:3239} INFO - Sync 1 DAGs
[2025-09-21T09:54:40.331+0545] {logging_mixin.py:190} INFO - [2025-09-21T09:54:40.331+0545] {dag.py:4180} INFO - Setting next_dagrun for example_setup_teardown_taskflow to None, run_after=None
[2025-09-21T09:54:40.347+0545] {processor.py:208} INFO - Processing /home/ashok/miniconda3/envs/mysecondenvironment/lib/python3.8/site-packages/airflow/example_dags/example_setup_teardown_taskflow.py took 0.045 seconds
[2025-09-21T09:55:37.750+0545] {processor.py:186} INFO - Started process (PID=56951) to work on /home/ashok/miniconda3/envs/mysecondenvironment/lib/python3.8/site-packages/airflow/example_dags/example_setup_teardown_taskflow.py
[2025-09-21T09:55:37.751+0545] {processor.py:914} INFO - Processing file /home/ashok/miniconda3/envs/mysecondenvironment/lib/python3.8/site-packages/airflow/example_dags/example_setup_teardown_taskflow.py for tasks to queue
[2025-09-21T09:55:37.753+0545] {logging_mixin.py:190} INFO - [2025-09-21T09:55:37.752+0545] {dagbag.py:588} INFO - Filling up the DagBag from /home/ashok/miniconda3/envs/mysecondenvironment/lib/python3.8/site-packages/airflow/example_dags/example_setup_teardown_taskflow.py
[2025-09-21T09:55:37.760+0545] {processor.py:925} INFO - DAG(s) 'example_setup_teardown_taskflow' retrieved from /home/ashok/miniconda3/envs/mysecondenvironment/lib/python3.8/site-packages/airflow/example_dags/example_setup_teardown_taskflow.py
[2025-09-21T09:55:37.770+0545] {logging_mixin.py:190} INFO - [2025-09-21T09:55:37.770+0545] {dag.py:3239} INFO - Sync 1 DAGs
[2025-09-21T09:55:37.777+0545] {logging_mixin.py:190} INFO - [2025-09-21T09:55:37.777+0545] {dag.py:4180} INFO - Setting next_dagrun for example_setup_teardown_taskflow to None, run_after=None
[2025-09-21T09:55:37.792+0545] {processor.py:208} INFO - Processing /home/ashok/miniconda3/envs/mysecondenvironment/lib/python3.8/site-packages/airflow/example_dags/example_setup_teardown_taskflow.py took 0.046 seconds
[2025-09-21T09:56:33.142+0545] {processor.py:186} INFO - Started process (PID=57299) to work on /home/ashok/miniconda3/envs/mysecondenvironment/lib/python3.8/site-packages/airflow/example_dags/example_setup_teardown_taskflow.py
[2025-09-21T09:56:33.144+0545] {processor.py:914} INFO - Processing file /home/ashok/miniconda3/envs/mysecondenvironment/lib/python3.8/site-packages/airflow/example_dags/example_setup_teardown_taskflow.py for tasks to queue
[2025-09-21T09:56:33.145+0545] {logging_mixin.py:190} INFO - [2025-09-21T09:56:33.145+0545] {dagbag.py:588} INFO - Filling up the DagBag from /home/ashok/miniconda3/envs/mysecondenvironment/lib/python3.8/site-packages/airflow/example_dags/example_setup_teardown_taskflow.py
[2025-09-21T09:56:33.153+0545] {processor.py:925} INFO - DAG(s) 'example_setup_teardown_taskflow' retrieved from /home/ashok/miniconda3/envs/mysecondenvironment/lib/python3.8/site-packages/airflow/example_dags/example_setup_teardown_taskflow.py
[2025-09-21T09:56:33.162+0545] {logging_mixin.py:190} INFO - [2025-09-21T09:56:33.162+0545] {dag.py:3239} INFO - Sync 1 DAGs
[2025-09-21T09:56:33.170+0545] {logging_mixin.py:190} INFO - [2025-09-21T09:56:33.170+0545] {dag.py:4180} INFO - Setting next_dagrun for example_setup_teardown_taskflow to None, run_after=None
[2025-09-21T09:56:33.187+0545] {processor.py:208} INFO - Processing /home/ashok/miniconda3/envs/mysecondenvironment/lib/python3.8/site-packages/airflow/example_dags/example_setup_teardown_taskflow.py took 0.049 seconds
[2025-09-21T09:57:27.229+0545] {processor.py:186} INFO - Started process (PID=57652) to work on /home/ashok/miniconda3/envs/mysecondenvironment/lib/python3.8/site-packages/airflow/example_dags/example_setup_teardown_taskflow.py
[2025-09-21T09:57:27.231+0545] {processor.py:914} INFO - Processing file /home/ashok/miniconda3/envs/mysecondenvironment/lib/python3.8/site-packages/airflow/example_dags/example_setup_teardown_taskflow.py for tasks to queue
[2025-09-21T09:57:27.232+0545] {logging_mixin.py:190} INFO - [2025-09-21T09:57:27.232+0545] {dagbag.py:588} INFO - Filling up the DagBag from /home/ashok/miniconda3/envs/mysecondenvironment/lib/python3.8/site-packages/airflow/example_dags/example_setup_teardown_taskflow.py
[2025-09-21T09:57:27.237+0545] {processor.py:925} INFO - DAG(s) 'example_setup_teardown_taskflow' retrieved from /home/ashok/miniconda3/envs/mysecondenvironment/lib/python3.8/site-packages/airflow/example_dags/example_setup_teardown_taskflow.py
[2025-09-21T09:57:27.246+0545] {logging_mixin.py:190} INFO - [2025-09-21T09:57:27.246+0545] {dag.py:3239} INFO - Sync 1 DAGs
[2025-09-21T09:57:27.253+0545] {logging_mixin.py:190} INFO - [2025-09-21T09:57:27.253+0545] {dag.py:4180} INFO - Setting next_dagrun for example_setup_teardown_taskflow to None, run_after=None
[2025-09-21T09:57:27.270+0545] {processor.py:208} INFO - Processing /home/ashok/miniconda3/envs/mysecondenvironment/lib/python3.8/site-packages/airflow/example_dags/example_setup_teardown_taskflow.py took 0.045 seconds
[2025-09-21T09:58:19.392+0545] {processor.py:186} INFO - Started process (PID=58034) to work on /home/ashok/miniconda3/envs/mysecondenvironment/lib/python3.8/site-packages/airflow/example_dags/example_setup_teardown_taskflow.py
[2025-09-21T09:58:19.394+0545] {processor.py:914} INFO - Processing file /home/ashok/miniconda3/envs/mysecondenvironment/lib/python3.8/site-packages/airflow/example_dags/example_setup_teardown_taskflow.py for tasks to queue
[2025-09-21T09:58:19.395+0545] {logging_mixin.py:190} INFO - [2025-09-21T09:58:19.395+0545] {dagbag.py:588} INFO - Filling up the DagBag from /home/ashok/miniconda3/envs/mysecondenvironment/lib/python3.8/site-packages/airflow/example_dags/example_setup_teardown_taskflow.py
[2025-09-21T09:58:19.401+0545] {processor.py:925} INFO - DAG(s) 'example_setup_teardown_taskflow' retrieved from /home/ashok/miniconda3/envs/mysecondenvironment/lib/python3.8/site-packages/airflow/example_dags/example_setup_teardown_taskflow.py
[2025-09-21T09:58:19.410+0545] {logging_mixin.py:190} INFO - [2025-09-21T09:58:19.410+0545] {dag.py:3239} INFO - Sync 1 DAGs
[2025-09-21T09:58:19.416+0545] {logging_mixin.py:190} INFO - [2025-09-21T09:58:19.416+0545] {dag.py:4180} INFO - Setting next_dagrun for example_setup_teardown_taskflow to None, run_after=None
[2025-09-21T09:58:19.432+0545] {processor.py:208} INFO - Processing /home/ashok/miniconda3/envs/mysecondenvironment/lib/python3.8/site-packages/airflow/example_dags/example_setup_teardown_taskflow.py took 0.043 seconds
[2025-09-21T09:59:16.927+0545] {processor.py:186} INFO - Started process (PID=58430) to work on /home/ashok/miniconda3/envs/mysecondenvironment/lib/python3.8/site-packages/airflow/example_dags/example_setup_teardown_taskflow.py
[2025-09-21T09:59:16.928+0545] {processor.py:914} INFO - Processing file /home/ashok/miniconda3/envs/mysecondenvironment/lib/python3.8/site-packages/airflow/example_dags/example_setup_teardown_taskflow.py for tasks to queue
[2025-09-21T09:59:16.930+0545] {logging_mixin.py:190} INFO - [2025-09-21T09:59:16.929+0545] {dagbag.py:588} INFO - Filling up the DagBag from /home/ashok/miniconda3/envs/mysecondenvironment/lib/python3.8/site-packages/airflow/example_dags/example_setup_teardown_taskflow.py
[2025-09-21T09:59:16.936+0545] {processor.py:925} INFO - DAG(s) 'example_setup_teardown_taskflow' retrieved from /home/ashok/miniconda3/envs/mysecondenvironment/lib/python3.8/site-packages/airflow/example_dags/example_setup_teardown_taskflow.py
[2025-09-21T09:59:16.945+0545] {logging_mixin.py:190} INFO - [2025-09-21T09:59:16.945+0545] {dag.py:3239} INFO - Sync 1 DAGs
[2025-09-21T09:59:16.951+0545] {logging_mixin.py:190} INFO - [2025-09-21T09:59:16.951+0545] {dag.py:4180} INFO - Setting next_dagrun for example_setup_teardown_taskflow to None, run_after=None
[2025-09-21T09:59:16.966+0545] {processor.py:208} INFO - Processing /home/ashok/miniconda3/envs/mysecondenvironment/lib/python3.8/site-packages/airflow/example_dags/example_setup_teardown_taskflow.py took 0.042 seconds
[2025-09-21T10:00:11.286+0545] {processor.py:186} INFO - Started process (PID=58797) to work on /home/ashok/miniconda3/envs/mysecondenvironment/lib/python3.8/site-packages/airflow/example_dags/example_setup_teardown_taskflow.py
[2025-09-21T10:00:11.288+0545] {processor.py:914} INFO - Processing file /home/ashok/miniconda3/envs/mysecondenvironment/lib/python3.8/site-packages/airflow/example_dags/example_setup_teardown_taskflow.py for tasks to queue
[2025-09-21T10:00:11.290+0545] {logging_mixin.py:190} INFO - [2025-09-21T10:00:11.290+0545] {dagbag.py:588} INFO - Filling up the DagBag from /home/ashok/miniconda3/envs/mysecondenvironment/lib/python3.8/site-packages/airflow/example_dags/example_setup_teardown_taskflow.py
[2025-09-21T10:00:11.295+0545] {processor.py:925} INFO - DAG(s) 'example_setup_teardown_taskflow' retrieved from /home/ashok/miniconda3/envs/mysecondenvironment/lib/python3.8/site-packages/airflow/example_dags/example_setup_teardown_taskflow.py
[2025-09-21T10:00:11.304+0545] {logging_mixin.py:190} INFO - [2025-09-21T10:00:11.304+0545] {dag.py:3239} INFO - Sync 1 DAGs
[2025-09-21T10:00:11.311+0545] {logging_mixin.py:190} INFO - [2025-09-21T10:00:11.311+0545] {dag.py:4180} INFO - Setting next_dagrun for example_setup_teardown_taskflow to None, run_after=None
[2025-09-21T10:00:11.328+0545] {processor.py:208} INFO - Processing /home/ashok/miniconda3/envs/mysecondenvironment/lib/python3.8/site-packages/airflow/example_dags/example_setup_teardown_taskflow.py took 0.046 seconds
[2025-09-21T10:03:21.715+0545] {processor.py:186} INFO - Started process (PID=60875) to work on /home/ashok/miniconda3/envs/mysecondenvironment/lib/python3.8/site-packages/airflow/example_dags/example_setup_teardown_taskflow.py
[2025-09-21T10:03:21.717+0545] {processor.py:914} INFO - Processing file /home/ashok/miniconda3/envs/mysecondenvironment/lib/python3.8/site-packages/airflow/example_dags/example_setup_teardown_taskflow.py for tasks to queue
[2025-09-21T10:03:21.718+0545] {logging_mixin.py:190} INFO - [2025-09-21T10:03:21.718+0545] {dagbag.py:588} INFO - Filling up the DagBag from /home/ashok/miniconda3/envs/mysecondenvironment/lib/python3.8/site-packages/airflow/example_dags/example_setup_teardown_taskflow.py
[2025-09-21T10:03:21.724+0545] {processor.py:925} INFO - DAG(s) 'example_setup_teardown_taskflow' retrieved from /home/ashok/miniconda3/envs/mysecondenvironment/lib/python3.8/site-packages/airflow/example_dags/example_setup_teardown_taskflow.py
[2025-09-21T10:03:21.732+0545] {logging_mixin.py:190} INFO - [2025-09-21T10:03:21.732+0545] {dag.py:3239} INFO - Sync 1 DAGs
[2025-09-21T10:03:21.738+0545] {logging_mixin.py:190} INFO - [2025-09-21T10:03:21.738+0545] {dag.py:4180} INFO - Setting next_dagrun for example_setup_teardown_taskflow to None, run_after=None
[2025-09-21T10:03:21.756+0545] {processor.py:208} INFO - Processing /home/ashok/miniconda3/envs/mysecondenvironment/lib/python3.8/site-packages/airflow/example_dags/example_setup_teardown_taskflow.py took 0.045 seconds
[2025-09-21T10:04:14.594+0545] {processor.py:186} INFO - Started process (PID=61227) to work on /home/ashok/miniconda3/envs/mysecondenvironment/lib/python3.8/site-packages/airflow/example_dags/example_setup_teardown_taskflow.py
[2025-09-21T10:04:14.595+0545] {processor.py:914} INFO - Processing file /home/ashok/miniconda3/envs/mysecondenvironment/lib/python3.8/site-packages/airflow/example_dags/example_setup_teardown_taskflow.py for tasks to queue
[2025-09-21T10:04:14.596+0545] {logging_mixin.py:190} INFO - [2025-09-21T10:04:14.596+0545] {dagbag.py:588} INFO - Filling up the DagBag from /home/ashok/miniconda3/envs/mysecondenvironment/lib/python3.8/site-packages/airflow/example_dags/example_setup_teardown_taskflow.py
[2025-09-21T10:04:14.602+0545] {processor.py:925} INFO - DAG(s) 'example_setup_teardown_taskflow' retrieved from /home/ashok/miniconda3/envs/mysecondenvironment/lib/python3.8/site-packages/airflow/example_dags/example_setup_teardown_taskflow.py
[2025-09-21T10:04:14.611+0545] {logging_mixin.py:190} INFO - [2025-09-21T10:04:14.611+0545] {dag.py:3239} INFO - Sync 1 DAGs
[2025-09-21T10:04:14.617+0545] {logging_mixin.py:190} INFO - [2025-09-21T10:04:14.617+0545] {dag.py:4180} INFO - Setting next_dagrun for example_setup_teardown_taskflow to None, run_after=None
[2025-09-21T10:04:14.635+0545] {processor.py:208} INFO - Processing /home/ashok/miniconda3/envs/mysecondenvironment/lib/python3.8/site-packages/airflow/example_dags/example_setup_teardown_taskflow.py took 0.044 seconds
[2025-09-21T10:05:12.098+0545] {processor.py:186} INFO - Started process (PID=61704) to work on /home/ashok/miniconda3/envs/mysecondenvironment/lib/python3.8/site-packages/airflow/example_dags/example_setup_teardown_taskflow.py
[2025-09-21T10:05:12.099+0545] {processor.py:914} INFO - Processing file /home/ashok/miniconda3/envs/mysecondenvironment/lib/python3.8/site-packages/airflow/example_dags/example_setup_teardown_taskflow.py for tasks to queue
[2025-09-21T10:05:12.101+0545] {logging_mixin.py:190} INFO - [2025-09-21T10:05:12.100+0545] {dagbag.py:588} INFO - Filling up the DagBag from /home/ashok/miniconda3/envs/mysecondenvironment/lib/python3.8/site-packages/airflow/example_dags/example_setup_teardown_taskflow.py
[2025-09-21T10:05:12.107+0545] {processor.py:925} INFO - DAG(s) 'example_setup_teardown_taskflow' retrieved from /home/ashok/miniconda3/envs/mysecondenvironment/lib/python3.8/site-packages/airflow/example_dags/example_setup_teardown_taskflow.py
[2025-09-21T10:05:12.118+0545] {logging_mixin.py:190} INFO - [2025-09-21T10:05:12.117+0545] {dag.py:3239} INFO - Sync 1 DAGs
[2025-09-21T10:05:12.124+0545] {logging_mixin.py:190} INFO - [2025-09-21T10:05:12.123+0545] {dag.py:4180} INFO - Setting next_dagrun for example_setup_teardown_taskflow to None, run_after=None
[2025-09-21T10:05:12.140+0545] {processor.py:208} INFO - Processing /home/ashok/miniconda3/envs/mysecondenvironment/lib/python3.8/site-packages/airflow/example_dags/example_setup_teardown_taskflow.py took 0.045 seconds
[2025-09-21T10:06:06.313+0545] {processor.py:186} INFO - Started process (PID=62091) to work on /home/ashok/miniconda3/envs/mysecondenvironment/lib/python3.8/site-packages/airflow/example_dags/example_setup_teardown_taskflow.py
[2025-09-21T10:06:06.315+0545] {processor.py:914} INFO - Processing file /home/ashok/miniconda3/envs/mysecondenvironment/lib/python3.8/site-packages/airflow/example_dags/example_setup_teardown_taskflow.py for tasks to queue
[2025-09-21T10:06:06.317+0545] {logging_mixin.py:190} INFO - [2025-09-21T10:06:06.316+0545] {dagbag.py:588} INFO - Filling up the DagBag from /home/ashok/miniconda3/envs/mysecondenvironment/lib/python3.8/site-packages/airflow/example_dags/example_setup_teardown_taskflow.py
[2025-09-21T10:06:06.323+0545] {processor.py:925} INFO - DAG(s) 'example_setup_teardown_taskflow' retrieved from /home/ashok/miniconda3/envs/mysecondenvironment/lib/python3.8/site-packages/airflow/example_dags/example_setup_teardown_taskflow.py
[2025-09-21T10:06:06.332+0545] {logging_mixin.py:190} INFO - [2025-09-21T10:06:06.332+0545] {dag.py:3239} INFO - Sync 1 DAGs
[2025-09-21T10:06:06.338+0545] {logging_mixin.py:190} INFO - [2025-09-21T10:06:06.338+0545] {dag.py:4180} INFO - Setting next_dagrun for example_setup_teardown_taskflow to None, run_after=None
[2025-09-21T10:06:06.353+0545] {processor.py:208} INFO - Processing /home/ashok/miniconda3/envs/mysecondenvironment/lib/python3.8/site-packages/airflow/example_dags/example_setup_teardown_taskflow.py took 0.044 seconds
[2025-09-21T10:07:02.489+0545] {processor.py:186} INFO - Started process (PID=62612) to work on /home/ashok/miniconda3/envs/mysecondenvironment/lib/python3.8/site-packages/airflow/example_dags/example_setup_teardown_taskflow.py
[2025-09-21T10:07:02.491+0545] {processor.py:914} INFO - Processing file /home/ashok/miniconda3/envs/mysecondenvironment/lib/python3.8/site-packages/airflow/example_dags/example_setup_teardown_taskflow.py for tasks to queue
[2025-09-21T10:07:02.492+0545] {logging_mixin.py:190} INFO - [2025-09-21T10:07:02.492+0545] {dagbag.py:588} INFO - Filling up the DagBag from /home/ashok/miniconda3/envs/mysecondenvironment/lib/python3.8/site-packages/airflow/example_dags/example_setup_teardown_taskflow.py
[2025-09-21T10:07:02.499+0545] {processor.py:925} INFO - DAG(s) 'example_setup_teardown_taskflow' retrieved from /home/ashok/miniconda3/envs/mysecondenvironment/lib/python3.8/site-packages/airflow/example_dags/example_setup_teardown_taskflow.py
[2025-09-21T10:07:02.509+0545] {logging_mixin.py:190} INFO - [2025-09-21T10:07:02.509+0545] {dag.py:3239} INFO - Sync 1 DAGs
[2025-09-21T10:07:02.516+0545] {logging_mixin.py:190} INFO - [2025-09-21T10:07:02.516+0545] {dag.py:4180} INFO - Setting next_dagrun for example_setup_teardown_taskflow to None, run_after=None
[2025-09-21T10:07:02.534+0545] {processor.py:208} INFO - Processing /home/ashok/miniconda3/envs/mysecondenvironment/lib/python3.8/site-packages/airflow/example_dags/example_setup_teardown_taskflow.py took 0.048 seconds
[2025-09-21T10:07:59.121+0545] {processor.py:186} INFO - Started process (PID=63083) to work on /home/ashok/miniconda3/envs/mysecondenvironment/lib/python3.8/site-packages/airflow/example_dags/example_setup_teardown_taskflow.py
[2025-09-21T10:07:59.123+0545] {processor.py:914} INFO - Processing file /home/ashok/miniconda3/envs/mysecondenvironment/lib/python3.8/site-packages/airflow/example_dags/example_setup_teardown_taskflow.py for tasks to queue
[2025-09-21T10:07:59.124+0545] {logging_mixin.py:190} INFO - [2025-09-21T10:07:59.124+0545] {dagbag.py:588} INFO - Filling up the DagBag from /home/ashok/miniconda3/envs/mysecondenvironment/lib/python3.8/site-packages/airflow/example_dags/example_setup_teardown_taskflow.py
[2025-09-21T10:07:59.130+0545] {processor.py:925} INFO - DAG(s) 'example_setup_teardown_taskflow' retrieved from /home/ashok/miniconda3/envs/mysecondenvironment/lib/python3.8/site-packages/airflow/example_dags/example_setup_teardown_taskflow.py
[2025-09-21T10:07:59.139+0545] {logging_mixin.py:190} INFO - [2025-09-21T10:07:59.139+0545] {dag.py:3239} INFO - Sync 1 DAGs
[2025-09-21T10:07:59.145+0545] {logging_mixin.py:190} INFO - [2025-09-21T10:07:59.145+0545] {dag.py:4180} INFO - Setting next_dagrun for example_setup_teardown_taskflow to None, run_after=None
[2025-09-21T10:07:59.163+0545] {processor.py:208} INFO - Processing /home/ashok/miniconda3/envs/mysecondenvironment/lib/python3.8/site-packages/airflow/example_dags/example_setup_teardown_taskflow.py took 0.048 seconds
[2025-09-21T10:08:58.154+0545] {processor.py:186} INFO - Started process (PID=63719) to work on /home/ashok/miniconda3/envs/mysecondenvironment/lib/python3.8/site-packages/airflow/example_dags/example_setup_teardown_taskflow.py
[2025-09-21T10:08:58.156+0545] {processor.py:914} INFO - Processing file /home/ashok/miniconda3/envs/mysecondenvironment/lib/python3.8/site-packages/airflow/example_dags/example_setup_teardown_taskflow.py for tasks to queue
[2025-09-21T10:08:58.158+0545] {logging_mixin.py:190} INFO - [2025-09-21T10:08:58.157+0545] {dagbag.py:588} INFO - Filling up the DagBag from /home/ashok/miniconda3/envs/mysecondenvironment/lib/python3.8/site-packages/airflow/example_dags/example_setup_teardown_taskflow.py
[2025-09-21T10:08:58.165+0545] {processor.py:925} INFO - DAG(s) 'example_setup_teardown_taskflow' retrieved from /home/ashok/miniconda3/envs/mysecondenvironment/lib/python3.8/site-packages/airflow/example_dags/example_setup_teardown_taskflow.py
[2025-09-21T10:08:58.173+0545] {logging_mixin.py:190} INFO - [2025-09-21T10:08:58.173+0545] {dag.py:3239} INFO - Sync 1 DAGs
[2025-09-21T10:08:58.179+0545] {logging_mixin.py:190} INFO - [2025-09-21T10:08:58.179+0545] {dag.py:4180} INFO - Setting next_dagrun for example_setup_teardown_taskflow to None, run_after=None
[2025-09-21T10:08:58.195+0545] {processor.py:208} INFO - Processing /home/ashok/miniconda3/envs/mysecondenvironment/lib/python3.8/site-packages/airflow/example_dags/example_setup_teardown_taskflow.py took 0.046 seconds
[2025-09-21T10:09:51.521+0545] {processor.py:186} INFO - Started process (PID=64213) to work on /home/ashok/miniconda3/envs/mysecondenvironment/lib/python3.8/site-packages/airflow/example_dags/example_setup_teardown_taskflow.py
[2025-09-21T10:09:51.523+0545] {processor.py:914} INFO - Processing file /home/ashok/miniconda3/envs/mysecondenvironment/lib/python3.8/site-packages/airflow/example_dags/example_setup_teardown_taskflow.py for tasks to queue
[2025-09-21T10:09:51.524+0545] {logging_mixin.py:190} INFO - [2025-09-21T10:09:51.524+0545] {dagbag.py:588} INFO - Filling up the DagBag from /home/ashok/miniconda3/envs/mysecondenvironment/lib/python3.8/site-packages/airflow/example_dags/example_setup_teardown_taskflow.py
[2025-09-21T10:09:51.531+0545] {processor.py:925} INFO - DAG(s) 'example_setup_teardown_taskflow' retrieved from /home/ashok/miniconda3/envs/mysecondenvironment/lib/python3.8/site-packages/airflow/example_dags/example_setup_teardown_taskflow.py
[2025-09-21T10:09:51.541+0545] {logging_mixin.py:190} INFO - [2025-09-21T10:09:51.540+0545] {dag.py:3239} INFO - Sync 1 DAGs
[2025-09-21T10:09:51.547+0545] {logging_mixin.py:190} INFO - [2025-09-21T10:09:51.547+0545] {dag.py:4180} INFO - Setting next_dagrun for example_setup_teardown_taskflow to None, run_after=None
[2025-09-21T10:09:51.563+0545] {processor.py:208} INFO - Processing /home/ashok/miniconda3/envs/mysecondenvironment/lib/python3.8/site-packages/airflow/example_dags/example_setup_teardown_taskflow.py took 0.045 seconds
[2025-09-21T10:10:46.781+0545] {processor.py:186} INFO - Started process (PID=64673) to work on /home/ashok/miniconda3/envs/mysecondenvironment/lib/python3.8/site-packages/airflow/example_dags/example_setup_teardown_taskflow.py
[2025-09-21T10:10:46.783+0545] {processor.py:914} INFO - Processing file /home/ashok/miniconda3/envs/mysecondenvironment/lib/python3.8/site-packages/airflow/example_dags/example_setup_teardown_taskflow.py for tasks to queue
[2025-09-21T10:10:46.784+0545] {logging_mixin.py:190} INFO - [2025-09-21T10:10:46.784+0545] {dagbag.py:588} INFO - Filling up the DagBag from /home/ashok/miniconda3/envs/mysecondenvironment/lib/python3.8/site-packages/airflow/example_dags/example_setup_teardown_taskflow.py
[2025-09-21T10:10:46.793+0545] {processor.py:925} INFO - DAG(s) 'example_setup_teardown_taskflow' retrieved from /home/ashok/miniconda3/envs/mysecondenvironment/lib/python3.8/site-packages/airflow/example_dags/example_setup_teardown_taskflow.py
[2025-09-21T10:10:46.805+0545] {logging_mixin.py:190} INFO - [2025-09-21T10:10:46.804+0545] {dag.py:3239} INFO - Sync 1 DAGs
[2025-09-21T10:10:46.810+0545] {logging_mixin.py:190} INFO - [2025-09-21T10:10:46.810+0545] {dag.py:4180} INFO - Setting next_dagrun for example_setup_teardown_taskflow to None, run_after=None
[2025-09-21T10:10:46.828+0545] {processor.py:208} INFO - Processing /home/ashok/miniconda3/envs/mysecondenvironment/lib/python3.8/site-packages/airflow/example_dags/example_setup_teardown_taskflow.py took 0.051 seconds
[2025-09-21T10:11:41.180+0545] {processor.py:186} INFO - Started process (PID=65146) to work on /home/ashok/miniconda3/envs/mysecondenvironment/lib/python3.8/site-packages/airflow/example_dags/example_setup_teardown_taskflow.py
[2025-09-21T10:11:41.182+0545] {processor.py:914} INFO - Processing file /home/ashok/miniconda3/envs/mysecondenvironment/lib/python3.8/site-packages/airflow/example_dags/example_setup_teardown_taskflow.py for tasks to queue
[2025-09-21T10:11:41.184+0545] {logging_mixin.py:190} INFO - [2025-09-21T10:11:41.183+0545] {dagbag.py:588} INFO - Filling up the DagBag from /home/ashok/miniconda3/envs/mysecondenvironment/lib/python3.8/site-packages/airflow/example_dags/example_setup_teardown_taskflow.py
[2025-09-21T10:11:41.192+0545] {processor.py:925} INFO - DAG(s) 'example_setup_teardown_taskflow' retrieved from /home/ashok/miniconda3/envs/mysecondenvironment/lib/python3.8/site-packages/airflow/example_dags/example_setup_teardown_taskflow.py
[2025-09-21T10:11:41.202+0545] {logging_mixin.py:190} INFO - [2025-09-21T10:11:41.202+0545] {dag.py:3239} INFO - Sync 1 DAGs
[2025-09-21T10:11:41.209+0545] {logging_mixin.py:190} INFO - [2025-09-21T10:11:41.208+0545] {dag.py:4180} INFO - Setting next_dagrun for example_setup_teardown_taskflow to None, run_after=None
[2025-09-21T10:11:41.224+0545] {processor.py:208} INFO - Processing /home/ashok/miniconda3/envs/mysecondenvironment/lib/python3.8/site-packages/airflow/example_dags/example_setup_teardown_taskflow.py took 0.049 seconds
[2025-09-21T10:12:37.422+0545] {processor.py:186} INFO - Started process (PID=65565) to work on /home/ashok/miniconda3/envs/mysecondenvironment/lib/python3.8/site-packages/airflow/example_dags/example_setup_teardown_taskflow.py
[2025-09-21T10:12:37.423+0545] {processor.py:914} INFO - Processing file /home/ashok/miniconda3/envs/mysecondenvironment/lib/python3.8/site-packages/airflow/example_dags/example_setup_teardown_taskflow.py for tasks to queue
[2025-09-21T10:12:37.425+0545] {logging_mixin.py:190} INFO - [2025-09-21T10:12:37.425+0545] {dagbag.py:588} INFO - Filling up the DagBag from /home/ashok/miniconda3/envs/mysecondenvironment/lib/python3.8/site-packages/airflow/example_dags/example_setup_teardown_taskflow.py
[2025-09-21T10:12:37.432+0545] {processor.py:925} INFO - DAG(s) 'example_setup_teardown_taskflow' retrieved from /home/ashok/miniconda3/envs/mysecondenvironment/lib/python3.8/site-packages/airflow/example_dags/example_setup_teardown_taskflow.py
[2025-09-21T10:12:37.444+0545] {logging_mixin.py:190} INFO - [2025-09-21T10:12:37.443+0545] {dag.py:3239} INFO - Sync 1 DAGs
[2025-09-21T10:12:37.449+0545] {logging_mixin.py:190} INFO - [2025-09-21T10:12:37.449+0545] {dag.py:4180} INFO - Setting next_dagrun for example_setup_teardown_taskflow to None, run_after=None
[2025-09-21T10:12:37.465+0545] {processor.py:208} INFO - Processing /home/ashok/miniconda3/envs/mysecondenvironment/lib/python3.8/site-packages/airflow/example_dags/example_setup_teardown_taskflow.py took 0.049 seconds
[2025-09-21T10:13:32.059+0545] {processor.py:186} INFO - Started process (PID=66014) to work on /home/ashok/miniconda3/envs/mysecondenvironment/lib/python3.8/site-packages/airflow/example_dags/example_setup_teardown_taskflow.py
[2025-09-21T10:13:32.061+0545] {processor.py:914} INFO - Processing file /home/ashok/miniconda3/envs/mysecondenvironment/lib/python3.8/site-packages/airflow/example_dags/example_setup_teardown_taskflow.py for tasks to queue
[2025-09-21T10:13:32.063+0545] {logging_mixin.py:190} INFO - [2025-09-21T10:13:32.063+0545] {dagbag.py:588} INFO - Filling up the DagBag from /home/ashok/miniconda3/envs/mysecondenvironment/lib/python3.8/site-packages/airflow/example_dags/example_setup_teardown_taskflow.py
[2025-09-21T10:13:32.071+0545] {processor.py:925} INFO - DAG(s) 'example_setup_teardown_taskflow' retrieved from /home/ashok/miniconda3/envs/mysecondenvironment/lib/python3.8/site-packages/airflow/example_dags/example_setup_teardown_taskflow.py
[2025-09-21T10:13:32.082+0545] {logging_mixin.py:190} INFO - [2025-09-21T10:13:32.082+0545] {dag.py:3239} INFO - Sync 1 DAGs
[2025-09-21T10:13:32.089+0545] {logging_mixin.py:190} INFO - [2025-09-21T10:13:32.089+0545] {dag.py:4180} INFO - Setting next_dagrun for example_setup_teardown_taskflow to None, run_after=None
[2025-09-21T10:13:32.104+0545] {processor.py:208} INFO - Processing /home/ashok/miniconda3/envs/mysecondenvironment/lib/python3.8/site-packages/airflow/example_dags/example_setup_teardown_taskflow.py took 0.049 seconds
