[2025-09-21T08:36:56.483+0545] {processor.py:186} INFO - Started process (PID=23640) to work on /home/ashok/miniconda3/envs/mysecondenvironment/lib/python3.8/site-packages/airflow/example_dags/example_latest_only_with_trigger.py
[2025-09-21T08:36:56.483+0545] {processor.py:914} INFO - Processing file /home/ashok/miniconda3/envs/mysecondenvironment/lib/python3.8/site-packages/airflow/example_dags/example_latest_only_with_trigger.py for tasks to queue
[2025-09-21T08:36:56.485+0545] {logging_mixin.py:190} INFO - [2025-09-21T08:36:56.485+0545] {dagbag.py:588} INFO - Filling up the DagBag from /home/ashok/miniconda3/envs/mysecondenvironment/lib/python3.8/site-packages/airflow/example_dags/example_latest_only_with_trigger.py
[2025-09-21T08:36:56.489+0545] {processor.py:925} INFO - DAG(s) 'latest_only_with_trigger' retrieved from /home/ashok/miniconda3/envs/mysecondenvironment/lib/python3.8/site-packages/airflow/example_dags/example_latest_only_with_trigger.py
[2025-09-21T08:36:56.497+0545] {logging_mixin.py:190} INFO - [2025-09-21T08:36:56.497+0545] {dag.py:3239} INFO - Sync 1 DAGs
[2025-09-21T08:36:56.506+0545] {logging_mixin.py:190} INFO - [2025-09-21T08:36:56.506+0545] {dag.py:4180} INFO - Setting next_dagrun for latest_only_with_trigger to 2025-09-20 20:00:00+00:00, run_after=2025-09-21 00:00:00+00:00
[2025-09-21T08:36:56.525+0545] {processor.py:208} INFO - Processing /home/ashok/miniconda3/envs/mysecondenvironment/lib/python3.8/site-packages/airflow/example_dags/example_latest_only_with_trigger.py took 0.045 seconds
[2025-09-21T08:40:20.665+0545] {processor.py:186} INFO - Started process (PID=26388) to work on /home/ashok/miniconda3/envs/mysecondenvironment/lib/python3.8/site-packages/airflow/example_dags/example_latest_only_with_trigger.py
[2025-09-21T08:40:20.668+0545] {processor.py:914} INFO - Processing file /home/ashok/miniconda3/envs/mysecondenvironment/lib/python3.8/site-packages/airflow/example_dags/example_latest_only_with_trigger.py for tasks to queue
[2025-09-21T08:40:20.670+0545] {logging_mixin.py:190} INFO - [2025-09-21T08:40:20.670+0545] {dagbag.py:588} INFO - Filling up the DagBag from /home/ashok/miniconda3/envs/mysecondenvironment/lib/python3.8/site-packages/airflow/example_dags/example_latest_only_with_trigger.py
[2025-09-21T08:40:20.674+0545] {processor.py:925} INFO - DAG(s) 'latest_only_with_trigger' retrieved from /home/ashok/miniconda3/envs/mysecondenvironment/lib/python3.8/site-packages/airflow/example_dags/example_latest_only_with_trigger.py
[2025-09-21T08:40:20.682+0545] {logging_mixin.py:190} INFO - [2025-09-21T08:40:20.682+0545] {dag.py:3239} INFO - Sync 1 DAGs
[2025-09-21T08:40:20.691+0545] {logging_mixin.py:190} INFO - [2025-09-21T08:40:20.691+0545] {dag.py:4180} INFO - Setting next_dagrun for latest_only_with_trigger to 2025-09-20 20:00:00+00:00, run_after=2025-09-21 00:00:00+00:00
[2025-09-21T08:40:20.710+0545] {processor.py:208} INFO - Processing /home/ashok/miniconda3/envs/mysecondenvironment/lib/python3.8/site-packages/airflow/example_dags/example_latest_only_with_trigger.py took 0.048 seconds
[2025-09-21T08:41:21.928+0545] {processor.py:186} INFO - Started process (PID=26830) to work on /home/ashok/miniconda3/envs/mysecondenvironment/lib/python3.8/site-packages/airflow/example_dags/example_latest_only_with_trigger.py
[2025-09-21T08:41:21.930+0545] {processor.py:914} INFO - Processing file /home/ashok/miniconda3/envs/mysecondenvironment/lib/python3.8/site-packages/airflow/example_dags/example_latest_only_with_trigger.py for tasks to queue
[2025-09-21T08:41:21.931+0545] {logging_mixin.py:190} INFO - [2025-09-21T08:41:21.931+0545] {dagbag.py:588} INFO - Filling up the DagBag from /home/ashok/miniconda3/envs/mysecondenvironment/lib/python3.8/site-packages/airflow/example_dags/example_latest_only_with_trigger.py
[2025-09-21T08:41:21.936+0545] {processor.py:925} INFO - DAG(s) 'latest_only_with_trigger' retrieved from /home/ashok/miniconda3/envs/mysecondenvironment/lib/python3.8/site-packages/airflow/example_dags/example_latest_only_with_trigger.py
[2025-09-21T08:41:21.944+0545] {logging_mixin.py:190} INFO - [2025-09-21T08:41:21.944+0545] {dag.py:3239} INFO - Sync 1 DAGs
[2025-09-21T08:41:21.955+0545] {logging_mixin.py:190} INFO - [2025-09-21T08:41:21.955+0545] {dag.py:4180} INFO - Setting next_dagrun for latest_only_with_trigger to 2025-09-20 20:00:00+00:00, run_after=2025-09-21 00:00:00+00:00
[2025-09-21T08:41:21.970+0545] {processor.py:208} INFO - Processing /home/ashok/miniconda3/envs/mysecondenvironment/lib/python3.8/site-packages/airflow/example_dags/example_latest_only_with_trigger.py took 0.045 seconds
[2025-09-21T08:42:18.658+0545] {processor.py:186} INFO - Started process (PID=27318) to work on /home/ashok/miniconda3/envs/mysecondenvironment/lib/python3.8/site-packages/airflow/example_dags/example_latest_only_with_trigger.py
[2025-09-21T08:42:18.660+0545] {processor.py:914} INFO - Processing file /home/ashok/miniconda3/envs/mysecondenvironment/lib/python3.8/site-packages/airflow/example_dags/example_latest_only_with_trigger.py for tasks to queue
[2025-09-21T08:42:18.661+0545] {logging_mixin.py:190} INFO - [2025-09-21T08:42:18.661+0545] {dagbag.py:588} INFO - Filling up the DagBag from /home/ashok/miniconda3/envs/mysecondenvironment/lib/python3.8/site-packages/airflow/example_dags/example_latest_only_with_trigger.py
[2025-09-21T08:42:18.665+0545] {processor.py:925} INFO - DAG(s) 'latest_only_with_trigger' retrieved from /home/ashok/miniconda3/envs/mysecondenvironment/lib/python3.8/site-packages/airflow/example_dags/example_latest_only_with_trigger.py
[2025-09-21T08:42:18.673+0545] {logging_mixin.py:190} INFO - [2025-09-21T08:42:18.673+0545] {dag.py:3239} INFO - Sync 1 DAGs
[2025-09-21T08:42:18.682+0545] {logging_mixin.py:190} INFO - [2025-09-21T08:42:18.681+0545] {dag.py:4180} INFO - Setting next_dagrun for latest_only_with_trigger to 2025-09-20 20:00:00+00:00, run_after=2025-09-21 00:00:00+00:00
[2025-09-21T08:42:18.698+0545] {processor.py:208} INFO - Processing /home/ashok/miniconda3/envs/mysecondenvironment/lib/python3.8/site-packages/airflow/example_dags/example_latest_only_with_trigger.py took 0.044 seconds
[2025-09-21T08:43:15.614+0545] {processor.py:186} INFO - Started process (PID=27718) to work on /home/ashok/miniconda3/envs/mysecondenvironment/lib/python3.8/site-packages/airflow/example_dags/example_latest_only_with_trigger.py
[2025-09-21T08:43:15.615+0545] {processor.py:914} INFO - Processing file /home/ashok/miniconda3/envs/mysecondenvironment/lib/python3.8/site-packages/airflow/example_dags/example_latest_only_with_trigger.py for tasks to queue
[2025-09-21T08:43:15.618+0545] {logging_mixin.py:190} INFO - [2025-09-21T08:43:15.617+0545] {dagbag.py:588} INFO - Filling up the DagBag from /home/ashok/miniconda3/envs/mysecondenvironment/lib/python3.8/site-packages/airflow/example_dags/example_latest_only_with_trigger.py
[2025-09-21T08:43:15.621+0545] {processor.py:925} INFO - DAG(s) 'latest_only_with_trigger' retrieved from /home/ashok/miniconda3/envs/mysecondenvironment/lib/python3.8/site-packages/airflow/example_dags/example_latest_only_with_trigger.py
[2025-09-21T08:43:15.630+0545] {logging_mixin.py:190} INFO - [2025-09-21T08:43:15.630+0545] {dag.py:3239} INFO - Sync 1 DAGs
[2025-09-21T08:43:15.639+0545] {logging_mixin.py:190} INFO - [2025-09-21T08:43:15.638+0545] {dag.py:4180} INFO - Setting next_dagrun for latest_only_with_trigger to 2025-09-20 20:00:00+00:00, run_after=2025-09-21 00:00:00+00:00
[2025-09-21T08:43:15.655+0545] {processor.py:208} INFO - Processing /home/ashok/miniconda3/envs/mysecondenvironment/lib/python3.8/site-packages/airflow/example_dags/example_latest_only_with_trigger.py took 0.045 seconds
[2025-09-21T08:44:12.093+0545] {processor.py:186} INFO - Started process (PID=28084) to work on /home/ashok/miniconda3/envs/mysecondenvironment/lib/python3.8/site-packages/airflow/example_dags/example_latest_only_with_trigger.py
[2025-09-21T08:44:12.094+0545] {processor.py:914} INFO - Processing file /home/ashok/miniconda3/envs/mysecondenvironment/lib/python3.8/site-packages/airflow/example_dags/example_latest_only_with_trigger.py for tasks to queue
[2025-09-21T08:44:12.096+0545] {logging_mixin.py:190} INFO - [2025-09-21T08:44:12.096+0545] {dagbag.py:588} INFO - Filling up the DagBag from /home/ashok/miniconda3/envs/mysecondenvironment/lib/python3.8/site-packages/airflow/example_dags/example_latest_only_with_trigger.py
[2025-09-21T08:44:12.100+0545] {processor.py:925} INFO - DAG(s) 'latest_only_with_trigger' retrieved from /home/ashok/miniconda3/envs/mysecondenvironment/lib/python3.8/site-packages/airflow/example_dags/example_latest_only_with_trigger.py
[2025-09-21T08:44:12.110+0545] {logging_mixin.py:190} INFO - [2025-09-21T08:44:12.110+0545] {dag.py:3239} INFO - Sync 1 DAGs
[2025-09-21T08:44:12.121+0545] {logging_mixin.py:190} INFO - [2025-09-21T08:44:12.121+0545] {dag.py:4180} INFO - Setting next_dagrun for latest_only_with_trigger to 2025-09-20 20:00:00+00:00, run_after=2025-09-21 00:00:00+00:00
[2025-09-21T08:44:12.136+0545] {processor.py:208} INFO - Processing /home/ashok/miniconda3/envs/mysecondenvironment/lib/python3.8/site-packages/airflow/example_dags/example_latest_only_with_trigger.py took 0.048 seconds
[2025-09-21T08:45:14.495+0545] {processor.py:186} INFO - Started process (PID=28477) to work on /home/ashok/miniconda3/envs/mysecondenvironment/lib/python3.8/site-packages/airflow/example_dags/example_latest_only_with_trigger.py
[2025-09-21T08:45:14.496+0545] {processor.py:914} INFO - Processing file /home/ashok/miniconda3/envs/mysecondenvironment/lib/python3.8/site-packages/airflow/example_dags/example_latest_only_with_trigger.py for tasks to queue
[2025-09-21T08:45:14.498+0545] {logging_mixin.py:190} INFO - [2025-09-21T08:45:14.497+0545] {dagbag.py:588} INFO - Filling up the DagBag from /home/ashok/miniconda3/envs/mysecondenvironment/lib/python3.8/site-packages/airflow/example_dags/example_latest_only_with_trigger.py
[2025-09-21T08:45:14.502+0545] {processor.py:925} INFO - DAG(s) 'latest_only_with_trigger' retrieved from /home/ashok/miniconda3/envs/mysecondenvironment/lib/python3.8/site-packages/airflow/example_dags/example_latest_only_with_trigger.py
[2025-09-21T08:45:14.512+0545] {logging_mixin.py:190} INFO - [2025-09-21T08:45:14.512+0545] {dag.py:3239} INFO - Sync 1 DAGs
[2025-09-21T08:45:14.523+0545] {logging_mixin.py:190} INFO - [2025-09-21T08:45:14.523+0545] {dag.py:4180} INFO - Setting next_dagrun for latest_only_with_trigger to 2025-09-20 20:00:00+00:00, run_after=2025-09-21 00:00:00+00:00
[2025-09-21T08:45:14.539+0545] {processor.py:208} INFO - Processing /home/ashok/miniconda3/envs/mysecondenvironment/lib/python3.8/site-packages/airflow/example_dags/example_latest_only_with_trigger.py took 0.048 seconds
[2025-09-21T08:46:11.931+0545] {processor.py:186} INFO - Started process (PID=28910) to work on /home/ashok/miniconda3/envs/mysecondenvironment/lib/python3.8/site-packages/airflow/example_dags/example_latest_only_with_trigger.py
[2025-09-21T08:46:11.933+0545] {processor.py:914} INFO - Processing file /home/ashok/miniconda3/envs/mysecondenvironment/lib/python3.8/site-packages/airflow/example_dags/example_latest_only_with_trigger.py for tasks to queue
[2025-09-21T08:46:11.934+0545] {logging_mixin.py:190} INFO - [2025-09-21T08:46:11.934+0545] {dagbag.py:588} INFO - Filling up the DagBag from /home/ashok/miniconda3/envs/mysecondenvironment/lib/python3.8/site-packages/airflow/example_dags/example_latest_only_with_trigger.py
[2025-09-21T08:46:11.938+0545] {processor.py:925} INFO - DAG(s) 'latest_only_with_trigger' retrieved from /home/ashok/miniconda3/envs/mysecondenvironment/lib/python3.8/site-packages/airflow/example_dags/example_latest_only_with_trigger.py
[2025-09-21T08:46:11.946+0545] {logging_mixin.py:190} INFO - [2025-09-21T08:46:11.946+0545] {dag.py:3239} INFO - Sync 1 DAGs
[2025-09-21T08:46:11.955+0545] {logging_mixin.py:190} INFO - [2025-09-21T08:46:11.955+0545] {dag.py:4180} INFO - Setting next_dagrun for latest_only_with_trigger to 2025-09-20 20:00:00+00:00, run_after=2025-09-21 00:00:00+00:00
[2025-09-21T08:46:11.969+0545] {processor.py:208} INFO - Processing /home/ashok/miniconda3/envs/mysecondenvironment/lib/python3.8/site-packages/airflow/example_dags/example_latest_only_with_trigger.py took 0.041 seconds
[2025-09-21T08:47:06.733+0545] {processor.py:186} INFO - Started process (PID=29281) to work on /home/ashok/miniconda3/envs/mysecondenvironment/lib/python3.8/site-packages/airflow/example_dags/example_latest_only_with_trigger.py
[2025-09-21T08:47:06.735+0545] {processor.py:914} INFO - Processing file /home/ashok/miniconda3/envs/mysecondenvironment/lib/python3.8/site-packages/airflow/example_dags/example_latest_only_with_trigger.py for tasks to queue
[2025-09-21T08:47:06.737+0545] {logging_mixin.py:190} INFO - [2025-09-21T08:47:06.737+0545] {dagbag.py:588} INFO - Filling up the DagBag from /home/ashok/miniconda3/envs/mysecondenvironment/lib/python3.8/site-packages/airflow/example_dags/example_latest_only_with_trigger.py
[2025-09-21T08:47:06.742+0545] {processor.py:925} INFO - DAG(s) 'latest_only_with_trigger' retrieved from /home/ashok/miniconda3/envs/mysecondenvironment/lib/python3.8/site-packages/airflow/example_dags/example_latest_only_with_trigger.py
[2025-09-21T08:47:06.752+0545] {logging_mixin.py:190} INFO - [2025-09-21T08:47:06.751+0545] {dag.py:3239} INFO - Sync 1 DAGs
[2025-09-21T08:47:06.761+0545] {logging_mixin.py:190} INFO - [2025-09-21T08:47:06.761+0545] {dag.py:4180} INFO - Setting next_dagrun for latest_only_with_trigger to 2025-09-20 20:00:00+00:00, run_after=2025-09-21 00:00:00+00:00
[2025-09-21T08:47:06.778+0545] {processor.py:208} INFO - Processing /home/ashok/miniconda3/envs/mysecondenvironment/lib/python3.8/site-packages/airflow/example_dags/example_latest_only_with_trigger.py took 0.049 seconds
[2025-09-21T09:43:56.533+0545] {processor.py:186} INFO - Started process (PID=49669) to work on /home/ashok/miniconda3/envs/mysecondenvironment/lib/python3.8/site-packages/airflow/example_dags/example_latest_only_with_trigger.py
[2025-09-21T09:43:56.534+0545] {processor.py:914} INFO - Processing file /home/ashok/miniconda3/envs/mysecondenvironment/lib/python3.8/site-packages/airflow/example_dags/example_latest_only_with_trigger.py for tasks to queue
[2025-09-21T09:43:56.536+0545] {logging_mixin.py:190} INFO - [2025-09-21T09:43:56.535+0545] {dagbag.py:588} INFO - Filling up the DagBag from /home/ashok/miniconda3/envs/mysecondenvironment/lib/python3.8/site-packages/airflow/example_dags/example_latest_only_with_trigger.py
[2025-09-21T09:43:56.540+0545] {processor.py:925} INFO - DAG(s) 'latest_only_with_trigger' retrieved from /home/ashok/miniconda3/envs/mysecondenvironment/lib/python3.8/site-packages/airflow/example_dags/example_latest_only_with_trigger.py
[2025-09-21T09:43:56.549+0545] {logging_mixin.py:190} INFO - [2025-09-21T09:43:56.549+0545] {dag.py:3239} INFO - Sync 1 DAGs
[2025-09-21T09:43:56.559+0545] {logging_mixin.py:190} INFO - [2025-09-21T09:43:56.559+0545] {dag.py:4180} INFO - Setting next_dagrun for latest_only_with_trigger to 2025-09-20 20:00:00+00:00, run_after=2025-09-21 00:00:00+00:00
[2025-09-21T09:43:56.573+0545] {processor.py:208} INFO - Processing /home/ashok/miniconda3/envs/mysecondenvironment/lib/python3.8/site-packages/airflow/example_dags/example_latest_only_with_trigger.py took 0.044 seconds
[2025-09-21T09:47:11.477+0545] {processor.py:186} INFO - Started process (PID=52187) to work on /home/ashok/miniconda3/envs/mysecondenvironment/lib/python3.8/site-packages/airflow/example_dags/example_latest_only_with_trigger.py
[2025-09-21T09:47:11.479+0545] {processor.py:914} INFO - Processing file /home/ashok/miniconda3/envs/mysecondenvironment/lib/python3.8/site-packages/airflow/example_dags/example_latest_only_with_trigger.py for tasks to queue
[2025-09-21T09:47:11.481+0545] {logging_mixin.py:190} INFO - [2025-09-21T09:47:11.480+0545] {dagbag.py:588} INFO - Filling up the DagBag from /home/ashok/miniconda3/envs/mysecondenvironment/lib/python3.8/site-packages/airflow/example_dags/example_latest_only_with_trigger.py
[2025-09-21T09:47:11.485+0545] {processor.py:925} INFO - DAG(s) 'latest_only_with_trigger' retrieved from /home/ashok/miniconda3/envs/mysecondenvironment/lib/python3.8/site-packages/airflow/example_dags/example_latest_only_with_trigger.py
[2025-09-21T09:47:11.494+0545] {logging_mixin.py:190} INFO - [2025-09-21T09:47:11.494+0545] {dag.py:3239} INFO - Sync 1 DAGs
[2025-09-21T09:47:11.504+0545] {logging_mixin.py:190} INFO - [2025-09-21T09:47:11.504+0545] {dag.py:4180} INFO - Setting next_dagrun for latest_only_with_trigger to 2025-09-21 00:00:00+00:00, run_after=2025-09-21 04:00:00+00:00
[2025-09-21T09:47:11.520+0545] {processor.py:208} INFO - Processing /home/ashok/miniconda3/envs/mysecondenvironment/lib/python3.8/site-packages/airflow/example_dags/example_latest_only_with_trigger.py took 0.048 seconds
[2025-09-21T09:48:08.614+0545] {processor.py:186} INFO - Started process (PID=52632) to work on /home/ashok/miniconda3/envs/mysecondenvironment/lib/python3.8/site-packages/airflow/example_dags/example_latest_only_with_trigger.py
[2025-09-21T09:48:08.615+0545] {processor.py:914} INFO - Processing file /home/ashok/miniconda3/envs/mysecondenvironment/lib/python3.8/site-packages/airflow/example_dags/example_latest_only_with_trigger.py for tasks to queue
[2025-09-21T09:48:08.617+0545] {logging_mixin.py:190} INFO - [2025-09-21T09:48:08.616+0545] {dagbag.py:588} INFO - Filling up the DagBag from /home/ashok/miniconda3/envs/mysecondenvironment/lib/python3.8/site-packages/airflow/example_dags/example_latest_only_with_trigger.py
[2025-09-21T09:48:08.621+0545] {processor.py:925} INFO - DAG(s) 'latest_only_with_trigger' retrieved from /home/ashok/miniconda3/envs/mysecondenvironment/lib/python3.8/site-packages/airflow/example_dags/example_latest_only_with_trigger.py
[2025-09-21T09:48:08.629+0545] {logging_mixin.py:190} INFO - [2025-09-21T09:48:08.629+0545] {dag.py:3239} INFO - Sync 1 DAGs
[2025-09-21T09:48:08.638+0545] {logging_mixin.py:190} INFO - [2025-09-21T09:48:08.638+0545] {dag.py:4180} INFO - Setting next_dagrun for latest_only_with_trigger to 2025-09-21 00:00:00+00:00, run_after=2025-09-21 04:00:00+00:00
[2025-09-21T09:48:08.654+0545] {processor.py:208} INFO - Processing /home/ashok/miniconda3/envs/mysecondenvironment/lib/python3.8/site-packages/airflow/example_dags/example_latest_only_with_trigger.py took 0.044 seconds
[2025-09-21T09:49:15.520+0545] {processor.py:186} INFO - Started process (PID=53156) to work on /home/ashok/miniconda3/envs/mysecondenvironment/lib/python3.8/site-packages/airflow/example_dags/example_latest_only_with_trigger.py
[2025-09-21T09:49:15.521+0545] {processor.py:914} INFO - Processing file /home/ashok/miniconda3/envs/mysecondenvironment/lib/python3.8/site-packages/airflow/example_dags/example_latest_only_with_trigger.py for tasks to queue
[2025-09-21T09:49:15.523+0545] {logging_mixin.py:190} INFO - [2025-09-21T09:49:15.523+0545] {dagbag.py:588} INFO - Filling up the DagBag from /home/ashok/miniconda3/envs/mysecondenvironment/lib/python3.8/site-packages/airflow/example_dags/example_latest_only_with_trigger.py
[2025-09-21T09:49:15.528+0545] {processor.py:925} INFO - DAG(s) 'latest_only_with_trigger' retrieved from /home/ashok/miniconda3/envs/mysecondenvironment/lib/python3.8/site-packages/airflow/example_dags/example_latest_only_with_trigger.py
[2025-09-21T09:49:15.537+0545] {logging_mixin.py:190} INFO - [2025-09-21T09:49:15.537+0545] {dag.py:3239} INFO - Sync 1 DAGs
[2025-09-21T09:49:15.547+0545] {logging_mixin.py:190} INFO - [2025-09-21T09:49:15.546+0545] {dag.py:4180} INFO - Setting next_dagrun for latest_only_with_trigger to 2025-09-21 00:00:00+00:00, run_after=2025-09-21 04:00:00+00:00
[2025-09-21T09:49:15.562+0545] {processor.py:208} INFO - Processing /home/ashok/miniconda3/envs/mysecondenvironment/lib/python3.8/site-packages/airflow/example_dags/example_latest_only_with_trigger.py took 0.046 seconds
[2025-09-21T09:50:10.618+0545] {processor.py:186} INFO - Started process (PID=53552) to work on /home/ashok/miniconda3/envs/mysecondenvironment/lib/python3.8/site-packages/airflow/example_dags/example_latest_only_with_trigger.py
[2025-09-21T09:50:10.619+0545] {processor.py:914} INFO - Processing file /home/ashok/miniconda3/envs/mysecondenvironment/lib/python3.8/site-packages/airflow/example_dags/example_latest_only_with_trigger.py for tasks to queue
[2025-09-21T09:50:10.621+0545] {logging_mixin.py:190} INFO - [2025-09-21T09:50:10.620+0545] {dagbag.py:588} INFO - Filling up the DagBag from /home/ashok/miniconda3/envs/mysecondenvironment/lib/python3.8/site-packages/airflow/example_dags/example_latest_only_with_trigger.py
[2025-09-21T09:50:10.625+0545] {processor.py:925} INFO - DAG(s) 'latest_only_with_trigger' retrieved from /home/ashok/miniconda3/envs/mysecondenvironment/lib/python3.8/site-packages/airflow/example_dags/example_latest_only_with_trigger.py
[2025-09-21T09:50:10.634+0545] {logging_mixin.py:190} INFO - [2025-09-21T09:50:10.634+0545] {dag.py:3239} INFO - Sync 1 DAGs
[2025-09-21T09:50:10.645+0545] {logging_mixin.py:190} INFO - [2025-09-21T09:50:10.645+0545] {dag.py:4180} INFO - Setting next_dagrun for latest_only_with_trigger to 2025-09-21 00:00:00+00:00, run_after=2025-09-21 04:00:00+00:00
[2025-09-21T09:50:10.662+0545] {processor.py:208} INFO - Processing /home/ashok/miniconda3/envs/mysecondenvironment/lib/python3.8/site-packages/airflow/example_dags/example_latest_only_with_trigger.py took 0.048 seconds
[2025-09-21T09:51:05.817+0545] {processor.py:186} INFO - Started process (PID=53955) to work on /home/ashok/miniconda3/envs/mysecondenvironment/lib/python3.8/site-packages/airflow/example_dags/example_latest_only_with_trigger.py
[2025-09-21T09:51:05.818+0545] {processor.py:914} INFO - Processing file /home/ashok/miniconda3/envs/mysecondenvironment/lib/python3.8/site-packages/airflow/example_dags/example_latest_only_with_trigger.py for tasks to queue
[2025-09-21T09:51:05.820+0545] {logging_mixin.py:190} INFO - [2025-09-21T09:51:05.820+0545] {dagbag.py:588} INFO - Filling up the DagBag from /home/ashok/miniconda3/envs/mysecondenvironment/lib/python3.8/site-packages/airflow/example_dags/example_latest_only_with_trigger.py
[2025-09-21T09:51:05.825+0545] {processor.py:925} INFO - DAG(s) 'latest_only_with_trigger' retrieved from /home/ashok/miniconda3/envs/mysecondenvironment/lib/python3.8/site-packages/airflow/example_dags/example_latest_only_with_trigger.py
[2025-09-21T09:51:05.835+0545] {logging_mixin.py:190} INFO - [2025-09-21T09:51:05.835+0545] {dag.py:3239} INFO - Sync 1 DAGs
[2025-09-21T09:51:05.846+0545] {logging_mixin.py:190} INFO - [2025-09-21T09:51:05.846+0545] {dag.py:4180} INFO - Setting next_dagrun for latest_only_with_trigger to 2025-09-21 00:00:00+00:00, run_after=2025-09-21 04:00:00+00:00
[2025-09-21T09:51:05.861+0545] {processor.py:208} INFO - Processing /home/ashok/miniconda3/envs/mysecondenvironment/lib/python3.8/site-packages/airflow/example_dags/example_latest_only_with_trigger.py took 0.049 seconds
[2025-09-21T09:53:58.742+0545] {processor.py:186} INFO - Started process (PID=56140) to work on /home/ashok/miniconda3/envs/mysecondenvironment/lib/python3.8/site-packages/airflow/example_dags/example_latest_only_with_trigger.py
[2025-09-21T09:53:58.745+0545] {processor.py:914} INFO - Processing file /home/ashok/miniconda3/envs/mysecondenvironment/lib/python3.8/site-packages/airflow/example_dags/example_latest_only_with_trigger.py for tasks to queue
[2025-09-21T09:53:58.747+0545] {logging_mixin.py:190} INFO - [2025-09-21T09:53:58.747+0545] {dagbag.py:588} INFO - Filling up the DagBag from /home/ashok/miniconda3/envs/mysecondenvironment/lib/python3.8/site-packages/airflow/example_dags/example_latest_only_with_trigger.py
[2025-09-21T09:53:58.752+0545] {processor.py:925} INFO - DAG(s) 'latest_only_with_trigger' retrieved from /home/ashok/miniconda3/envs/mysecondenvironment/lib/python3.8/site-packages/airflow/example_dags/example_latest_only_with_trigger.py
[2025-09-21T09:53:58.761+0545] {logging_mixin.py:190} INFO - [2025-09-21T09:53:58.761+0545] {dag.py:3239} INFO - Sync 1 DAGs
[2025-09-21T09:53:58.770+0545] {logging_mixin.py:190} INFO - [2025-09-21T09:53:58.770+0545] {dag.py:4180} INFO - Setting next_dagrun for latest_only_with_trigger to 2025-09-21 00:00:00+00:00, run_after=2025-09-21 04:00:00+00:00
[2025-09-21T09:53:58.787+0545] {processor.py:208} INFO - Processing /home/ashok/miniconda3/envs/mysecondenvironment/lib/python3.8/site-packages/airflow/example_dags/example_latest_only_with_trigger.py took 0.048 seconds
[2025-09-21T09:54:57.180+0545] {processor.py:186} INFO - Started process (PID=56565) to work on /home/ashok/miniconda3/envs/mysecondenvironment/lib/python3.8/site-packages/airflow/example_dags/example_latest_only_with_trigger.py
[2025-09-21T09:54:57.182+0545] {processor.py:914} INFO - Processing file /home/ashok/miniconda3/envs/mysecondenvironment/lib/python3.8/site-packages/airflow/example_dags/example_latest_only_with_trigger.py for tasks to queue
[2025-09-21T09:54:57.183+0545] {logging_mixin.py:190} INFO - [2025-09-21T09:54:57.183+0545] {dagbag.py:588} INFO - Filling up the DagBag from /home/ashok/miniconda3/envs/mysecondenvironment/lib/python3.8/site-packages/airflow/example_dags/example_latest_only_with_trigger.py
[2025-09-21T09:54:57.187+0545] {processor.py:925} INFO - DAG(s) 'latest_only_with_trigger' retrieved from /home/ashok/miniconda3/envs/mysecondenvironment/lib/python3.8/site-packages/airflow/example_dags/example_latest_only_with_trigger.py
[2025-09-21T09:54:57.196+0545] {logging_mixin.py:190} INFO - [2025-09-21T09:54:57.196+0545] {dag.py:3239} INFO - Sync 1 DAGs
[2025-09-21T09:54:57.206+0545] {logging_mixin.py:190} INFO - [2025-09-21T09:54:57.206+0545] {dag.py:4180} INFO - Setting next_dagrun for latest_only_with_trigger to 2025-09-21 00:00:00+00:00, run_after=2025-09-21 04:00:00+00:00
[2025-09-21T09:54:57.223+0545] {processor.py:208} INFO - Processing /home/ashok/miniconda3/envs/mysecondenvironment/lib/python3.8/site-packages/airflow/example_dags/example_latest_only_with_trigger.py took 0.047 seconds
[2025-09-21T09:55:53.781+0545] {processor.py:186} INFO - Started process (PID=57050) to work on /home/ashok/miniconda3/envs/mysecondenvironment/lib/python3.8/site-packages/airflow/example_dags/example_latest_only_with_trigger.py
[2025-09-21T09:55:53.782+0545] {processor.py:914} INFO - Processing file /home/ashok/miniconda3/envs/mysecondenvironment/lib/python3.8/site-packages/airflow/example_dags/example_latest_only_with_trigger.py for tasks to queue
[2025-09-21T09:55:53.785+0545] {logging_mixin.py:190} INFO - [2025-09-21T09:55:53.784+0545] {dagbag.py:588} INFO - Filling up the DagBag from /home/ashok/miniconda3/envs/mysecondenvironment/lib/python3.8/site-packages/airflow/example_dags/example_latest_only_with_trigger.py
[2025-09-21T09:55:53.789+0545] {processor.py:925} INFO - DAG(s) 'latest_only_with_trigger' retrieved from /home/ashok/miniconda3/envs/mysecondenvironment/lib/python3.8/site-packages/airflow/example_dags/example_latest_only_with_trigger.py
[2025-09-21T09:55:53.798+0545] {logging_mixin.py:190} INFO - [2025-09-21T09:55:53.798+0545] {dag.py:3239} INFO - Sync 1 DAGs
[2025-09-21T09:55:53.808+0545] {logging_mixin.py:190} INFO - [2025-09-21T09:55:53.808+0545] {dag.py:4180} INFO - Setting next_dagrun for latest_only_with_trigger to 2025-09-21 00:00:00+00:00, run_after=2025-09-21 04:00:00+00:00
[2025-09-21T09:55:53.824+0545] {processor.py:208} INFO - Processing /home/ashok/miniconda3/envs/mysecondenvironment/lib/python3.8/site-packages/airflow/example_dags/example_latest_only_with_trigger.py took 0.047 seconds
[2025-09-21T09:56:49.995+0545] {processor.py:186} INFO - Started process (PID=57413) to work on /home/ashok/miniconda3/envs/mysecondenvironment/lib/python3.8/site-packages/airflow/example_dags/example_latest_only_with_trigger.py
[2025-09-21T09:56:49.996+0545] {processor.py:914} INFO - Processing file /home/ashok/miniconda3/envs/mysecondenvironment/lib/python3.8/site-packages/airflow/example_dags/example_latest_only_with_trigger.py for tasks to queue
[2025-09-21T09:56:49.998+0545] {logging_mixin.py:190} INFO - [2025-09-21T09:56:49.998+0545] {dagbag.py:588} INFO - Filling up the DagBag from /home/ashok/miniconda3/envs/mysecondenvironment/lib/python3.8/site-packages/airflow/example_dags/example_latest_only_with_trigger.py
[2025-09-21T09:56:50.002+0545] {processor.py:925} INFO - DAG(s) 'latest_only_with_trigger' retrieved from /home/ashok/miniconda3/envs/mysecondenvironment/lib/python3.8/site-packages/airflow/example_dags/example_latest_only_with_trigger.py
[2025-09-21T09:56:50.010+0545] {logging_mixin.py:190} INFO - [2025-09-21T09:56:50.010+0545] {dag.py:3239} INFO - Sync 1 DAGs
[2025-09-21T09:56:50.019+0545] {logging_mixin.py:190} INFO - [2025-09-21T09:56:50.019+0545] {dag.py:4180} INFO - Setting next_dagrun for latest_only_with_trigger to 2025-09-21 00:00:00+00:00, run_after=2025-09-21 04:00:00+00:00
[2025-09-21T09:56:50.035+0545] {processor.py:208} INFO - Processing /home/ashok/miniconda3/envs/mysecondenvironment/lib/python3.8/site-packages/airflow/example_dags/example_latest_only_with_trigger.py took 0.044 seconds
[2025-09-21T09:57:44.404+0545] {processor.py:186} INFO - Started process (PID=57805) to work on /home/ashok/miniconda3/envs/mysecondenvironment/lib/python3.8/site-packages/airflow/example_dags/example_latest_only_with_trigger.py
[2025-09-21T09:57:44.405+0545] {processor.py:914} INFO - Processing file /home/ashok/miniconda3/envs/mysecondenvironment/lib/python3.8/site-packages/airflow/example_dags/example_latest_only_with_trigger.py for tasks to queue
[2025-09-21T09:57:44.407+0545] {logging_mixin.py:190} INFO - [2025-09-21T09:57:44.407+0545] {dagbag.py:588} INFO - Filling up the DagBag from /home/ashok/miniconda3/envs/mysecondenvironment/lib/python3.8/site-packages/airflow/example_dags/example_latest_only_with_trigger.py
[2025-09-21T09:57:44.412+0545] {processor.py:925} INFO - DAG(s) 'latest_only_with_trigger' retrieved from /home/ashok/miniconda3/envs/mysecondenvironment/lib/python3.8/site-packages/airflow/example_dags/example_latest_only_with_trigger.py
[2025-09-21T09:57:44.421+0545] {logging_mixin.py:190} INFO - [2025-09-21T09:57:44.421+0545] {dag.py:3239} INFO - Sync 1 DAGs
[2025-09-21T09:57:44.430+0545] {logging_mixin.py:190} INFO - [2025-09-21T09:57:44.430+0545] {dag.py:4180} INFO - Setting next_dagrun for latest_only_with_trigger to 2025-09-21 00:00:00+00:00, run_after=2025-09-21 04:00:00+00:00
[2025-09-21T09:57:44.445+0545] {processor.py:208} INFO - Processing /home/ashok/miniconda3/envs/mysecondenvironment/lib/python3.8/site-packages/airflow/example_dags/example_latest_only_with_trigger.py took 0.045 seconds
[2025-09-21T09:58:37.575+0545] {processor.py:186} INFO - Started process (PID=58147) to work on /home/ashok/miniconda3/envs/mysecondenvironment/lib/python3.8/site-packages/airflow/example_dags/example_latest_only_with_trigger.py
[2025-09-21T09:58:37.577+0545] {processor.py:914} INFO - Processing file /home/ashok/miniconda3/envs/mysecondenvironment/lib/python3.8/site-packages/airflow/example_dags/example_latest_only_with_trigger.py for tasks to queue
[2025-09-21T09:58:37.579+0545] {logging_mixin.py:190} INFO - [2025-09-21T09:58:37.579+0545] {dagbag.py:588} INFO - Filling up the DagBag from /home/ashok/miniconda3/envs/mysecondenvironment/lib/python3.8/site-packages/airflow/example_dags/example_latest_only_with_trigger.py
[2025-09-21T09:58:37.583+0545] {processor.py:925} INFO - DAG(s) 'latest_only_with_trigger' retrieved from /home/ashok/miniconda3/envs/mysecondenvironment/lib/python3.8/site-packages/airflow/example_dags/example_latest_only_with_trigger.py
[2025-09-21T09:58:37.593+0545] {logging_mixin.py:190} INFO - [2025-09-21T09:58:37.592+0545] {dag.py:3239} INFO - Sync 1 DAGs
[2025-09-21T09:58:37.603+0545] {logging_mixin.py:190} INFO - [2025-09-21T09:58:37.603+0545] {dag.py:4180} INFO - Setting next_dagrun for latest_only_with_trigger to 2025-09-21 00:00:00+00:00, run_after=2025-09-21 04:00:00+00:00
[2025-09-21T09:58:37.619+0545] {processor.py:208} INFO - Processing /home/ashok/miniconda3/envs/mysecondenvironment/lib/python3.8/site-packages/airflow/example_dags/example_latest_only_with_trigger.py took 0.048 seconds
[2025-09-21T09:59:32.648+0545] {processor.py:186} INFO - Started process (PID=58543) to work on /home/ashok/miniconda3/envs/mysecondenvironment/lib/python3.8/site-packages/airflow/example_dags/example_latest_only_with_trigger.py
[2025-09-21T09:59:32.649+0545] {processor.py:914} INFO - Processing file /home/ashok/miniconda3/envs/mysecondenvironment/lib/python3.8/site-packages/airflow/example_dags/example_latest_only_with_trigger.py for tasks to queue
[2025-09-21T09:59:32.651+0545] {logging_mixin.py:190} INFO - [2025-09-21T09:59:32.650+0545] {dagbag.py:588} INFO - Filling up the DagBag from /home/ashok/miniconda3/envs/mysecondenvironment/lib/python3.8/site-packages/airflow/example_dags/example_latest_only_with_trigger.py
[2025-09-21T09:59:32.655+0545] {processor.py:925} INFO - DAG(s) 'latest_only_with_trigger' retrieved from /home/ashok/miniconda3/envs/mysecondenvironment/lib/python3.8/site-packages/airflow/example_dags/example_latest_only_with_trigger.py
[2025-09-21T09:59:32.663+0545] {logging_mixin.py:190} INFO - [2025-09-21T09:59:32.663+0545] {dag.py:3239} INFO - Sync 1 DAGs
[2025-09-21T09:59:32.673+0545] {logging_mixin.py:190} INFO - [2025-09-21T09:59:32.673+0545] {dag.py:4180} INFO - Setting next_dagrun for latest_only_with_trigger to 2025-09-21 00:00:00+00:00, run_after=2025-09-21 04:00:00+00:00
[2025-09-21T09:59:32.689+0545] {processor.py:208} INFO - Processing /home/ashok/miniconda3/envs/mysecondenvironment/lib/python3.8/site-packages/airflow/example_dags/example_latest_only_with_trigger.py took 0.045 seconds
[2025-09-21T10:00:27.865+0545] {processor.py:186} INFO - Started process (PID=58895) to work on /home/ashok/miniconda3/envs/mysecondenvironment/lib/python3.8/site-packages/airflow/example_dags/example_latest_only_with_trigger.py
[2025-09-21T10:00:27.867+0545] {processor.py:914} INFO - Processing file /home/ashok/miniconda3/envs/mysecondenvironment/lib/python3.8/site-packages/airflow/example_dags/example_latest_only_with_trigger.py for tasks to queue
[2025-09-21T10:00:27.869+0545] {logging_mixin.py:190} INFO - [2025-09-21T10:00:27.869+0545] {dagbag.py:588} INFO - Filling up the DagBag from /home/ashok/miniconda3/envs/mysecondenvironment/lib/python3.8/site-packages/airflow/example_dags/example_latest_only_with_trigger.py
[2025-09-21T10:00:27.873+0545] {processor.py:925} INFO - DAG(s) 'latest_only_with_trigger' retrieved from /home/ashok/miniconda3/envs/mysecondenvironment/lib/python3.8/site-packages/airflow/example_dags/example_latest_only_with_trigger.py
[2025-09-21T10:00:27.881+0545] {logging_mixin.py:190} INFO - [2025-09-21T10:00:27.881+0545] {dag.py:3239} INFO - Sync 1 DAGs
[2025-09-21T10:00:27.891+0545] {logging_mixin.py:190} INFO - [2025-09-21T10:00:27.890+0545] {dag.py:4180} INFO - Setting next_dagrun for latest_only_with_trigger to 2025-09-21 00:00:00+00:00, run_after=2025-09-21 04:00:00+00:00
[2025-09-21T10:00:27.906+0545] {processor.py:208} INFO - Processing /home/ashok/miniconda3/envs/mysecondenvironment/lib/python3.8/site-packages/airflow/example_dags/example_latest_only_with_trigger.py took 0.045 seconds
[2025-09-21T10:03:38.636+0545] {processor.py:186} INFO - Started process (PID=60995) to work on /home/ashok/miniconda3/envs/mysecondenvironment/lib/python3.8/site-packages/airflow/example_dags/example_latest_only_with_trigger.py
[2025-09-21T10:03:38.638+0545] {processor.py:914} INFO - Processing file /home/ashok/miniconda3/envs/mysecondenvironment/lib/python3.8/site-packages/airflow/example_dags/example_latest_only_with_trigger.py for tasks to queue
[2025-09-21T10:03:38.640+0545] {logging_mixin.py:190} INFO - [2025-09-21T10:03:38.640+0545] {dagbag.py:588} INFO - Filling up the DagBag from /home/ashok/miniconda3/envs/mysecondenvironment/lib/python3.8/site-packages/airflow/example_dags/example_latest_only_with_trigger.py
[2025-09-21T10:03:38.644+0545] {processor.py:925} INFO - DAG(s) 'latest_only_with_trigger' retrieved from /home/ashok/miniconda3/envs/mysecondenvironment/lib/python3.8/site-packages/airflow/example_dags/example_latest_only_with_trigger.py
[2025-09-21T10:03:38.652+0545] {logging_mixin.py:190} INFO - [2025-09-21T10:03:38.652+0545] {dag.py:3239} INFO - Sync 1 DAGs
[2025-09-21T10:03:38.661+0545] {logging_mixin.py:190} INFO - [2025-09-21T10:03:38.661+0545] {dag.py:4180} INFO - Setting next_dagrun for latest_only_with_trigger to 2025-09-21 00:00:00+00:00, run_after=2025-09-21 04:00:00+00:00
[2025-09-21T10:03:38.678+0545] {processor.py:208} INFO - Processing /home/ashok/miniconda3/envs/mysecondenvironment/lib/python3.8/site-packages/airflow/example_dags/example_latest_only_with_trigger.py took 0.046 seconds
[2025-09-21T10:04:35.361+0545] {processor.py:186} INFO - Started process (PID=61403) to work on /home/ashok/miniconda3/envs/mysecondenvironment/lib/python3.8/site-packages/airflow/example_dags/example_latest_only_with_trigger.py
[2025-09-21T10:04:35.363+0545] {processor.py:914} INFO - Processing file /home/ashok/miniconda3/envs/mysecondenvironment/lib/python3.8/site-packages/airflow/example_dags/example_latest_only_with_trigger.py for tasks to queue
[2025-09-21T10:04:35.365+0545] {logging_mixin.py:190} INFO - [2025-09-21T10:04:35.365+0545] {dagbag.py:588} INFO - Filling up the DagBag from /home/ashok/miniconda3/envs/mysecondenvironment/lib/python3.8/site-packages/airflow/example_dags/example_latest_only_with_trigger.py
[2025-09-21T10:04:35.370+0545] {processor.py:925} INFO - DAG(s) 'latest_only_with_trigger' retrieved from /home/ashok/miniconda3/envs/mysecondenvironment/lib/python3.8/site-packages/airflow/example_dags/example_latest_only_with_trigger.py
[2025-09-21T10:04:35.380+0545] {logging_mixin.py:190} INFO - [2025-09-21T10:04:35.380+0545] {dag.py:3239} INFO - Sync 1 DAGs
[2025-09-21T10:04:35.389+0545] {logging_mixin.py:190} INFO - [2025-09-21T10:04:35.389+0545] {dag.py:4180} INFO - Setting next_dagrun for latest_only_with_trigger to 2025-09-21 00:00:00+00:00, run_after=2025-09-21 04:00:00+00:00
[2025-09-21T10:04:35.405+0545] {processor.py:208} INFO - Processing /home/ashok/miniconda3/envs/mysecondenvironment/lib/python3.8/site-packages/airflow/example_dags/example_latest_only_with_trigger.py took 0.048 seconds
[2025-09-21T10:05:31.418+0545] {processor.py:186} INFO - Started process (PID=61823) to work on /home/ashok/miniconda3/envs/mysecondenvironment/lib/python3.8/site-packages/airflow/example_dags/example_latest_only_with_trigger.py
[2025-09-21T10:05:31.420+0545] {processor.py:914} INFO - Processing file /home/ashok/miniconda3/envs/mysecondenvironment/lib/python3.8/site-packages/airflow/example_dags/example_latest_only_with_trigger.py for tasks to queue
[2025-09-21T10:05:31.422+0545] {logging_mixin.py:190} INFO - [2025-09-21T10:05:31.422+0545] {dagbag.py:588} INFO - Filling up the DagBag from /home/ashok/miniconda3/envs/mysecondenvironment/lib/python3.8/site-packages/airflow/example_dags/example_latest_only_with_trigger.py
[2025-09-21T10:05:31.426+0545] {processor.py:925} INFO - DAG(s) 'latest_only_with_trigger' retrieved from /home/ashok/miniconda3/envs/mysecondenvironment/lib/python3.8/site-packages/airflow/example_dags/example_latest_only_with_trigger.py
[2025-09-21T10:05:31.434+0545] {logging_mixin.py:190} INFO - [2025-09-21T10:05:31.433+0545] {dag.py:3239} INFO - Sync 1 DAGs
[2025-09-21T10:05:31.442+0545] {logging_mixin.py:190} INFO - [2025-09-21T10:05:31.442+0545] {dag.py:4180} INFO - Setting next_dagrun for latest_only_with_trigger to 2025-09-21 00:00:00+00:00, run_after=2025-09-21 04:00:00+00:00
[2025-09-21T10:05:31.461+0545] {processor.py:208} INFO - Processing /home/ashok/miniconda3/envs/mysecondenvironment/lib/python3.8/site-packages/airflow/example_dags/example_latest_only_with_trigger.py took 0.046 seconds
[2025-09-21T10:06:28.048+0545] {processor.py:186} INFO - Started process (PID=62278) to work on /home/ashok/miniconda3/envs/mysecondenvironment/lib/python3.8/site-packages/airflow/example_dags/example_latest_only_with_trigger.py
[2025-09-21T10:06:28.050+0545] {processor.py:914} INFO - Processing file /home/ashok/miniconda3/envs/mysecondenvironment/lib/python3.8/site-packages/airflow/example_dags/example_latest_only_with_trigger.py for tasks to queue
[2025-09-21T10:06:28.051+0545] {logging_mixin.py:190} INFO - [2025-09-21T10:06:28.051+0545] {dagbag.py:588} INFO - Filling up the DagBag from /home/ashok/miniconda3/envs/mysecondenvironment/lib/python3.8/site-packages/airflow/example_dags/example_latest_only_with_trigger.py
[2025-09-21T10:06:28.055+0545] {processor.py:925} INFO - DAG(s) 'latest_only_with_trigger' retrieved from /home/ashok/miniconda3/envs/mysecondenvironment/lib/python3.8/site-packages/airflow/example_dags/example_latest_only_with_trigger.py
[2025-09-21T10:06:28.063+0545] {logging_mixin.py:190} INFO - [2025-09-21T10:06:28.062+0545] {dag.py:3239} INFO - Sync 1 DAGs
[2025-09-21T10:06:28.071+0545] {logging_mixin.py:190} INFO - [2025-09-21T10:06:28.071+0545] {dag.py:4180} INFO - Setting next_dagrun for latest_only_with_trigger to 2025-09-21 00:00:00+00:00, run_after=2025-09-21 04:00:00+00:00
[2025-09-21T10:06:28.090+0545] {processor.py:208} INFO - Processing /home/ashok/miniconda3/envs/mysecondenvironment/lib/python3.8/site-packages/airflow/example_dags/example_latest_only_with_trigger.py took 0.045 seconds
[2025-09-21T10:07:23.087+0545] {processor.py:186} INFO - Started process (PID=62751) to work on /home/ashok/miniconda3/envs/mysecondenvironment/lib/python3.8/site-packages/airflow/example_dags/example_latest_only_with_trigger.py
[2025-09-21T10:07:23.090+0545] {processor.py:914} INFO - Processing file /home/ashok/miniconda3/envs/mysecondenvironment/lib/python3.8/site-packages/airflow/example_dags/example_latest_only_with_trigger.py for tasks to queue
[2025-09-21T10:07:23.091+0545] {logging_mixin.py:190} INFO - [2025-09-21T10:07:23.091+0545] {dagbag.py:588} INFO - Filling up the DagBag from /home/ashok/miniconda3/envs/mysecondenvironment/lib/python3.8/site-packages/airflow/example_dags/example_latest_only_with_trigger.py
[2025-09-21T10:07:23.095+0545] {processor.py:925} INFO - DAG(s) 'latest_only_with_trigger' retrieved from /home/ashok/miniconda3/envs/mysecondenvironment/lib/python3.8/site-packages/airflow/example_dags/example_latest_only_with_trigger.py
[2025-09-21T10:07:23.105+0545] {logging_mixin.py:190} INFO - [2025-09-21T10:07:23.105+0545] {dag.py:3239} INFO - Sync 1 DAGs
[2025-09-21T10:07:23.114+0545] {logging_mixin.py:190} INFO - [2025-09-21T10:07:23.114+0545] {dag.py:4180} INFO - Setting next_dagrun for latest_only_with_trigger to 2025-09-21 00:00:00+00:00, run_after=2025-09-21 04:00:00+00:00
[2025-09-21T10:07:23.132+0545] {processor.py:208} INFO - Processing /home/ashok/miniconda3/envs/mysecondenvironment/lib/python3.8/site-packages/airflow/example_dags/example_latest_only_with_trigger.py took 0.048 seconds
[2025-09-21T10:08:21.906+0545] {processor.py:186} INFO - Started process (PID=63275) to work on /home/ashok/miniconda3/envs/mysecondenvironment/lib/python3.8/site-packages/airflow/example_dags/example_latest_only_with_trigger.py
[2025-09-21T10:08:21.909+0545] {processor.py:914} INFO - Processing file /home/ashok/miniconda3/envs/mysecondenvironment/lib/python3.8/site-packages/airflow/example_dags/example_latest_only_with_trigger.py for tasks to queue
[2025-09-21T10:08:21.910+0545] {logging_mixin.py:190} INFO - [2025-09-21T10:08:21.910+0545] {dagbag.py:588} INFO - Filling up the DagBag from /home/ashok/miniconda3/envs/mysecondenvironment/lib/python3.8/site-packages/airflow/example_dags/example_latest_only_with_trigger.py
[2025-09-21T10:08:21.914+0545] {processor.py:925} INFO - DAG(s) 'latest_only_with_trigger' retrieved from /home/ashok/miniconda3/envs/mysecondenvironment/lib/python3.8/site-packages/airflow/example_dags/example_latest_only_with_trigger.py
[2025-09-21T10:08:21.923+0545] {logging_mixin.py:190} INFO - [2025-09-21T10:08:21.923+0545] {dag.py:3239} INFO - Sync 1 DAGs
[2025-09-21T10:08:21.933+0545] {logging_mixin.py:190} INFO - [2025-09-21T10:08:21.933+0545] {dag.py:4180} INFO - Setting next_dagrun for latest_only_with_trigger to 2025-09-21 00:00:00+00:00, run_after=2025-09-21 04:00:00+00:00
[2025-09-21T10:08:21.948+0545] {processor.py:208} INFO - Processing /home/ashok/miniconda3/envs/mysecondenvironment/lib/python3.8/site-packages/airflow/example_dags/example_latest_only_with_trigger.py took 0.045 seconds
[2025-09-21T10:09:18.737+0545] {processor.py:186} INFO - Started process (PID=63859) to work on /home/ashok/miniconda3/envs/mysecondenvironment/lib/python3.8/site-packages/airflow/example_dags/example_latest_only_with_trigger.py
[2025-09-21T10:09:18.739+0545] {processor.py:914} INFO - Processing file /home/ashok/miniconda3/envs/mysecondenvironment/lib/python3.8/site-packages/airflow/example_dags/example_latest_only_with_trigger.py for tasks to queue
[2025-09-21T10:09:18.740+0545] {logging_mixin.py:190} INFO - [2025-09-21T10:09:18.740+0545] {dagbag.py:588} INFO - Filling up the DagBag from /home/ashok/miniconda3/envs/mysecondenvironment/lib/python3.8/site-packages/airflow/example_dags/example_latest_only_with_trigger.py
[2025-09-21T10:09:18.745+0545] {processor.py:925} INFO - DAG(s) 'latest_only_with_trigger' retrieved from /home/ashok/miniconda3/envs/mysecondenvironment/lib/python3.8/site-packages/airflow/example_dags/example_latest_only_with_trigger.py
[2025-09-21T10:09:18.754+0545] {logging_mixin.py:190} INFO - [2025-09-21T10:09:18.754+0545] {dag.py:3239} INFO - Sync 1 DAGs
[2025-09-21T10:09:18.763+0545] {logging_mixin.py:190} INFO - [2025-09-21T10:09:18.763+0545] {dag.py:4180} INFO - Setting next_dagrun for latest_only_with_trigger to 2025-09-21 00:00:00+00:00, run_after=2025-09-21 04:00:00+00:00
[2025-09-21T10:09:18.782+0545] {processor.py:208} INFO - Processing /home/ashok/miniconda3/envs/mysecondenvironment/lib/python3.8/site-packages/airflow/example_dags/example_latest_only_with_trigger.py took 0.049 seconds
[2025-09-21T10:10:11.896+0545] {processor.py:186} INFO - Started process (PID=64341) to work on /home/ashok/miniconda3/envs/mysecondenvironment/lib/python3.8/site-packages/airflow/example_dags/example_latest_only_with_trigger.py
[2025-09-21T10:10:11.898+0545] {processor.py:914} INFO - Processing file /home/ashok/miniconda3/envs/mysecondenvironment/lib/python3.8/site-packages/airflow/example_dags/example_latest_only_with_trigger.py for tasks to queue
[2025-09-21T10:10:11.900+0545] {logging_mixin.py:190} INFO - [2025-09-21T10:10:11.899+0545] {dagbag.py:588} INFO - Filling up the DagBag from /home/ashok/miniconda3/envs/mysecondenvironment/lib/python3.8/site-packages/airflow/example_dags/example_latest_only_with_trigger.py
[2025-09-21T10:10:11.904+0545] {processor.py:925} INFO - DAG(s) 'latest_only_with_trigger' retrieved from /home/ashok/miniconda3/envs/mysecondenvironment/lib/python3.8/site-packages/airflow/example_dags/example_latest_only_with_trigger.py
[2025-09-21T10:10:11.913+0545] {logging_mixin.py:190} INFO - [2025-09-21T10:10:11.913+0545] {dag.py:3239} INFO - Sync 1 DAGs
[2025-09-21T10:10:11.923+0545] {logging_mixin.py:190} INFO - [2025-09-21T10:10:11.923+0545] {dag.py:4180} INFO - Setting next_dagrun for latest_only_with_trigger to 2025-09-21 00:00:00+00:00, run_after=2025-09-21 04:00:00+00:00
[2025-09-21T10:10:11.939+0545] {processor.py:208} INFO - Processing /home/ashok/miniconda3/envs/mysecondenvironment/lib/python3.8/site-packages/airflow/example_dags/example_latest_only_with_trigger.py took 0.047 seconds
[2025-09-21T10:11:07.350+0545] {processor.py:186} INFO - Started process (PID=64917) to work on /home/ashok/miniconda3/envs/mysecondenvironment/lib/python3.8/site-packages/airflow/example_dags/example_latest_only_with_trigger.py
[2025-09-21T10:11:07.351+0545] {processor.py:914} INFO - Processing file /home/ashok/miniconda3/envs/mysecondenvironment/lib/python3.8/site-packages/airflow/example_dags/example_latest_only_with_trigger.py for tasks to queue
[2025-09-21T10:11:07.353+0545] {logging_mixin.py:190} INFO - [2025-09-21T10:11:07.353+0545] {dagbag.py:588} INFO - Filling up the DagBag from /home/ashok/miniconda3/envs/mysecondenvironment/lib/python3.8/site-packages/airflow/example_dags/example_latest_only_with_trigger.py
[2025-09-21T10:11:07.358+0545] {processor.py:925} INFO - DAG(s) 'latest_only_with_trigger' retrieved from /home/ashok/miniconda3/envs/mysecondenvironment/lib/python3.8/site-packages/airflow/example_dags/example_latest_only_with_trigger.py
[2025-09-21T10:11:07.367+0545] {logging_mixin.py:190} INFO - [2025-09-21T10:11:07.367+0545] {dag.py:3239} INFO - Sync 1 DAGs
[2025-09-21T10:11:07.378+0545] {logging_mixin.py:190} INFO - [2025-09-21T10:11:07.378+0545] {dag.py:4180} INFO - Setting next_dagrun for latest_only_with_trigger to 2025-09-21 00:00:00+00:00, run_after=2025-09-21 04:00:00+00:00
[2025-09-21T10:11:07.394+0545] {processor.py:208} INFO - Processing /home/ashok/miniconda3/envs/mysecondenvironment/lib/python3.8/site-packages/airflow/example_dags/example_latest_only_with_trigger.py took 0.049 seconds
[2025-09-21T10:12:02.583+0545] {processor.py:186} INFO - Started process (PID=65322) to work on /home/ashok/miniconda3/envs/mysecondenvironment/lib/python3.8/site-packages/airflow/example_dags/example_latest_only_with_trigger.py
[2025-09-21T10:12:02.585+0545] {processor.py:914} INFO - Processing file /home/ashok/miniconda3/envs/mysecondenvironment/lib/python3.8/site-packages/airflow/example_dags/example_latest_only_with_trigger.py for tasks to queue
[2025-09-21T10:12:02.588+0545] {logging_mixin.py:190} INFO - [2025-09-21T10:12:02.587+0545] {dagbag.py:588} INFO - Filling up the DagBag from /home/ashok/miniconda3/envs/mysecondenvironment/lib/python3.8/site-packages/airflow/example_dags/example_latest_only_with_trigger.py
[2025-09-21T10:12:02.592+0545] {processor.py:925} INFO - DAG(s) 'latest_only_with_trigger' retrieved from /home/ashok/miniconda3/envs/mysecondenvironment/lib/python3.8/site-packages/airflow/example_dags/example_latest_only_with_trigger.py
[2025-09-21T10:12:02.600+0545] {logging_mixin.py:190} INFO - [2025-09-21T10:12:02.600+0545] {dag.py:3239} INFO - Sync 1 DAGs
[2025-09-21T10:12:02.610+0545] {logging_mixin.py:190} INFO - [2025-09-21T10:12:02.610+0545] {dag.py:4180} INFO - Setting next_dagrun for latest_only_with_trigger to 2025-09-21 00:00:00+00:00, run_after=2025-09-21 04:00:00+00:00
[2025-09-21T10:12:02.626+0545] {processor.py:208} INFO - Processing /home/ashok/miniconda3/envs/mysecondenvironment/lib/python3.8/site-packages/airflow/example_dags/example_latest_only_with_trigger.py took 0.046 seconds
[2025-09-21T10:12:56.504+0545] {processor.py:186} INFO - Started process (PID=65683) to work on /home/ashok/miniconda3/envs/mysecondenvironment/lib/python3.8/site-packages/airflow/example_dags/example_latest_only_with_trigger.py
[2025-09-21T10:12:56.506+0545] {processor.py:914} INFO - Processing file /home/ashok/miniconda3/envs/mysecondenvironment/lib/python3.8/site-packages/airflow/example_dags/example_latest_only_with_trigger.py for tasks to queue
[2025-09-21T10:12:56.508+0545] {logging_mixin.py:190} INFO - [2025-09-21T10:12:56.508+0545] {dagbag.py:588} INFO - Filling up the DagBag from /home/ashok/miniconda3/envs/mysecondenvironment/lib/python3.8/site-packages/airflow/example_dags/example_latest_only_with_trigger.py
[2025-09-21T10:12:56.513+0545] {processor.py:925} INFO - DAG(s) 'latest_only_with_trigger' retrieved from /home/ashok/miniconda3/envs/mysecondenvironment/lib/python3.8/site-packages/airflow/example_dags/example_latest_only_with_trigger.py
[2025-09-21T10:12:56.521+0545] {logging_mixin.py:190} INFO - [2025-09-21T10:12:56.520+0545] {dag.py:3239} INFO - Sync 1 DAGs
[2025-09-21T10:12:56.529+0545] {logging_mixin.py:190} INFO - [2025-09-21T10:12:56.529+0545] {dag.py:4180} INFO - Setting next_dagrun for latest_only_with_trigger to 2025-09-21 00:00:00+00:00, run_after=2025-09-21 04:00:00+00:00
[2025-09-21T10:12:56.549+0545] {processor.py:208} INFO - Processing /home/ashok/miniconda3/envs/mysecondenvironment/lib/python3.8/site-packages/airflow/example_dags/example_latest_only_with_trigger.py took 0.048 seconds
[2025-09-21T10:13:54.274+0545] {processor.py:186} INFO - Started process (PID=66224) to work on /home/ashok/miniconda3/envs/mysecondenvironment/lib/python3.8/site-packages/airflow/example_dags/example_latest_only_with_trigger.py
[2025-09-21T10:13:54.275+0545] {processor.py:914} INFO - Processing file /home/ashok/miniconda3/envs/mysecondenvironment/lib/python3.8/site-packages/airflow/example_dags/example_latest_only_with_trigger.py for tasks to queue
[2025-09-21T10:13:54.277+0545] {logging_mixin.py:190} INFO - [2025-09-21T10:13:54.277+0545] {dagbag.py:588} INFO - Filling up the DagBag from /home/ashok/miniconda3/envs/mysecondenvironment/lib/python3.8/site-packages/airflow/example_dags/example_latest_only_with_trigger.py
[2025-09-21T10:13:54.283+0545] {processor.py:925} INFO - DAG(s) 'latest_only_with_trigger' retrieved from /home/ashok/miniconda3/envs/mysecondenvironment/lib/python3.8/site-packages/airflow/example_dags/example_latest_only_with_trigger.py
[2025-09-21T10:13:54.294+0545] {logging_mixin.py:190} INFO - [2025-09-21T10:13:54.293+0545] {dag.py:3239} INFO - Sync 1 DAGs
[2025-09-21T10:13:54.304+0545] {logging_mixin.py:190} INFO - [2025-09-21T10:13:54.304+0545] {dag.py:4180} INFO - Setting next_dagrun for latest_only_with_trigger to 2025-09-21 00:00:00+00:00, run_after=2025-09-21 04:00:00+00:00
[2025-09-21T10:13:54.320+0545] {processor.py:208} INFO - Processing /home/ashok/miniconda3/envs/mysecondenvironment/lib/python3.8/site-packages/airflow/example_dags/example_latest_only_with_trigger.py took 0.049 seconds
