[2025-09-21T08:36:02.735+0545] {processor.py:186} INFO - Started process (PID=22534) to work on /home/ashok/miniconda3/envs/mysecondenvironment/lib/python3.8/site-packages/airflow/example_dags/example_params_trigger_ui.py
[2025-09-21T08:36:02.736+0545] {processor.py:914} INFO - Processing file /home/ashok/miniconda3/envs/mysecondenvironment/lib/python3.8/site-packages/airflow/example_dags/example_params_trigger_ui.py for tasks to queue
[2025-09-21T08:36:02.737+0545] {logging_mixin.py:190} INFO - [2025-09-21T08:36:02.737+0545] {dagbag.py:588} INFO - Filling up the DagBag from /home/ashok/miniconda3/envs/mysecondenvironment/lib/python3.8/site-packages/airflow/example_dags/example_params_trigger_ui.py
[2025-09-21T08:36:02.742+0545] {processor.py:925} INFO - DAG(s) 'example_params_trigger_ui' retrieved from /home/ashok/miniconda3/envs/mysecondenvironment/lib/python3.8/site-packages/airflow/example_dags/example_params_trigger_ui.py
[2025-09-21T08:36:02.762+0545] {logging_mixin.py:190} INFO - [2025-09-21T08:36:02.762+0545] {dag.py:3239} INFO - Sync 1 DAGs
[2025-09-21T08:36:02.768+0545] {logging_mixin.py:190} INFO - [2025-09-21T08:36:02.767+0545] {dag.py:4180} INFO - Setting next_dagrun for example_params_trigger_ui to None, run_after=None
[2025-09-21T08:36:02.783+0545] {processor.py:208} INFO - Processing /home/ashok/miniconda3/envs/mysecondenvironment/lib/python3.8/site-packages/airflow/example_dags/example_params_trigger_ui.py took 0.053 seconds
[2025-09-21T08:39:56.931+0545] {processor.py:186} INFO - Started process (PID=26132) to work on /home/ashok/miniconda3/envs/mysecondenvironment/lib/python3.8/site-packages/airflow/example_dags/example_params_trigger_ui.py
[2025-09-21T08:39:56.932+0545] {processor.py:914} INFO - Processing file /home/ashok/miniconda3/envs/mysecondenvironment/lib/python3.8/site-packages/airflow/example_dags/example_params_trigger_ui.py for tasks to queue
[2025-09-21T08:39:56.933+0545] {logging_mixin.py:190} INFO - [2025-09-21T08:39:56.933+0545] {dagbag.py:588} INFO - Filling up the DagBag from /home/ashok/miniconda3/envs/mysecondenvironment/lib/python3.8/site-packages/airflow/example_dags/example_params_trigger_ui.py
[2025-09-21T08:39:56.939+0545] {processor.py:925} INFO - DAG(s) 'example_params_trigger_ui' retrieved from /home/ashok/miniconda3/envs/mysecondenvironment/lib/python3.8/site-packages/airflow/example_dags/example_params_trigger_ui.py
[2025-09-21T08:39:56.960+0545] {logging_mixin.py:190} INFO - [2025-09-21T08:39:56.960+0545] {dag.py:3239} INFO - Sync 1 DAGs
[2025-09-21T08:39:56.967+0545] {logging_mixin.py:190} INFO - [2025-09-21T08:39:56.967+0545] {dag.py:4180} INFO - Setting next_dagrun for example_params_trigger_ui to None, run_after=None
[2025-09-21T08:39:56.986+0545] {processor.py:208} INFO - Processing /home/ashok/miniconda3/envs/mysecondenvironment/lib/python3.8/site-packages/airflow/example_dags/example_params_trigger_ui.py took 0.058 seconds
[2025-09-21T08:41:11.697+0545] {processor.py:186} INFO - Started process (PID=26741) to work on /home/ashok/miniconda3/envs/mysecondenvironment/lib/python3.8/site-packages/airflow/example_dags/example_params_trigger_ui.py
[2025-09-21T08:41:11.699+0545] {processor.py:914} INFO - Processing file /home/ashok/miniconda3/envs/mysecondenvironment/lib/python3.8/site-packages/airflow/example_dags/example_params_trigger_ui.py for tasks to queue
[2025-09-21T08:41:11.701+0545] {logging_mixin.py:190} INFO - [2025-09-21T08:41:11.701+0545] {dagbag.py:588} INFO - Filling up the DagBag from /home/ashok/miniconda3/envs/mysecondenvironment/lib/python3.8/site-packages/airflow/example_dags/example_params_trigger_ui.py
[2025-09-21T08:41:11.706+0545] {processor.py:925} INFO - DAG(s) 'example_params_trigger_ui' retrieved from /home/ashok/miniconda3/envs/mysecondenvironment/lib/python3.8/site-packages/airflow/example_dags/example_params_trigger_ui.py
[2025-09-21T08:41:11.723+0545] {logging_mixin.py:190} INFO - [2025-09-21T08:41:11.723+0545] {dag.py:3239} INFO - Sync 1 DAGs
[2025-09-21T08:41:11.729+0545] {logging_mixin.py:190} INFO - [2025-09-21T08:41:11.729+0545] {dag.py:4180} INFO - Setting next_dagrun for example_params_trigger_ui to None, run_after=None
[2025-09-21T08:41:11.747+0545] {processor.py:208} INFO - Processing /home/ashok/miniconda3/envs/mysecondenvironment/lib/python3.8/site-packages/airflow/example_dags/example_params_trigger_ui.py took 0.053 seconds
[2025-09-21T08:42:08.789+0545] {processor.py:186} INFO - Started process (PID=27241) to work on /home/ashok/miniconda3/envs/mysecondenvironment/lib/python3.8/site-packages/airflow/example_dags/example_params_trigger_ui.py
[2025-09-21T08:42:08.792+0545] {processor.py:914} INFO - Processing file /home/ashok/miniconda3/envs/mysecondenvironment/lib/python3.8/site-packages/airflow/example_dags/example_params_trigger_ui.py for tasks to queue
[2025-09-21T08:42:08.793+0545] {logging_mixin.py:190} INFO - [2025-09-21T08:42:08.793+0545] {dagbag.py:588} INFO - Filling up the DagBag from /home/ashok/miniconda3/envs/mysecondenvironment/lib/python3.8/site-packages/airflow/example_dags/example_params_trigger_ui.py
[2025-09-21T08:42:08.799+0545] {processor.py:925} INFO - DAG(s) 'example_params_trigger_ui' retrieved from /home/ashok/miniconda3/envs/mysecondenvironment/lib/python3.8/site-packages/airflow/example_dags/example_params_trigger_ui.py
[2025-09-21T08:42:08.817+0545] {logging_mixin.py:190} INFO - [2025-09-21T08:42:08.816+0545] {dag.py:3239} INFO - Sync 1 DAGs
[2025-09-21T08:42:08.822+0545] {logging_mixin.py:190} INFO - [2025-09-21T08:42:08.822+0545] {dag.py:4180} INFO - Setting next_dagrun for example_params_trigger_ui to None, run_after=None
[2025-09-21T08:42:08.841+0545] {processor.py:208} INFO - Processing /home/ashok/miniconda3/envs/mysecondenvironment/lib/python3.8/site-packages/airflow/example_dags/example_params_trigger_ui.py took 0.056 seconds
[2025-09-21T08:43:07.878+0545] {processor.py:186} INFO - Started process (PID=27665) to work on /home/ashok/miniconda3/envs/mysecondenvironment/lib/python3.8/site-packages/airflow/example_dags/example_params_trigger_ui.py
[2025-09-21T08:43:07.879+0545] {processor.py:914} INFO - Processing file /home/ashok/miniconda3/envs/mysecondenvironment/lib/python3.8/site-packages/airflow/example_dags/example_params_trigger_ui.py for tasks to queue
[2025-09-21T08:43:07.880+0545] {logging_mixin.py:190} INFO - [2025-09-21T08:43:07.880+0545] {dagbag.py:588} INFO - Filling up the DagBag from /home/ashok/miniconda3/envs/mysecondenvironment/lib/python3.8/site-packages/airflow/example_dags/example_params_trigger_ui.py
[2025-09-21T08:43:07.886+0545] {processor.py:925} INFO - DAG(s) 'example_params_trigger_ui' retrieved from /home/ashok/miniconda3/envs/mysecondenvironment/lib/python3.8/site-packages/airflow/example_dags/example_params_trigger_ui.py
[2025-09-21T08:43:07.905+0545] {logging_mixin.py:190} INFO - [2025-09-21T08:43:07.905+0545] {dag.py:3239} INFO - Sync 1 DAGs
[2025-09-21T08:43:07.910+0545] {logging_mixin.py:190} INFO - [2025-09-21T08:43:07.910+0545] {dag.py:4180} INFO - Setting next_dagrun for example_params_trigger_ui to None, run_after=None
[2025-09-21T08:43:07.926+0545] {processor.py:208} INFO - Processing /home/ashok/miniconda3/envs/mysecondenvironment/lib/python3.8/site-packages/airflow/example_dags/example_params_trigger_ui.py took 0.052 seconds
[2025-09-21T08:44:04.081+0545] {processor.py:186} INFO - Started process (PID=28035) to work on /home/ashok/miniconda3/envs/mysecondenvironment/lib/python3.8/site-packages/airflow/example_dags/example_params_trigger_ui.py
[2025-09-21T08:44:04.082+0545] {processor.py:914} INFO - Processing file /home/ashok/miniconda3/envs/mysecondenvironment/lib/python3.8/site-packages/airflow/example_dags/example_params_trigger_ui.py for tasks to queue
[2025-09-21T08:44:04.084+0545] {logging_mixin.py:190} INFO - [2025-09-21T08:44:04.084+0545] {dagbag.py:588} INFO - Filling up the DagBag from /home/ashok/miniconda3/envs/mysecondenvironment/lib/python3.8/site-packages/airflow/example_dags/example_params_trigger_ui.py
[2025-09-21T08:44:04.090+0545] {processor.py:925} INFO - DAG(s) 'example_params_trigger_ui' retrieved from /home/ashok/miniconda3/envs/mysecondenvironment/lib/python3.8/site-packages/airflow/example_dags/example_params_trigger_ui.py
[2025-09-21T08:44:04.108+0545] {logging_mixin.py:190} INFO - [2025-09-21T08:44:04.108+0545] {dag.py:3239} INFO - Sync 1 DAGs
[2025-09-21T08:44:04.114+0545] {logging_mixin.py:190} INFO - [2025-09-21T08:44:04.114+0545] {dag.py:4180} INFO - Setting next_dagrun for example_params_trigger_ui to None, run_after=None
[2025-09-21T08:44:04.130+0545] {processor.py:208} INFO - Processing /home/ashok/miniconda3/envs/mysecondenvironment/lib/python3.8/site-packages/airflow/example_dags/example_params_trigger_ui.py took 0.053 seconds
[2025-09-21T08:45:06.481+0545] {processor.py:186} INFO - Started process (PID=28435) to work on /home/ashok/miniconda3/envs/mysecondenvironment/lib/python3.8/site-packages/airflow/example_dags/example_params_trigger_ui.py
[2025-09-21T08:45:06.482+0545] {processor.py:914} INFO - Processing file /home/ashok/miniconda3/envs/mysecondenvironment/lib/python3.8/site-packages/airflow/example_dags/example_params_trigger_ui.py for tasks to queue
[2025-09-21T08:45:06.484+0545] {logging_mixin.py:190} INFO - [2025-09-21T08:45:06.483+0545] {dagbag.py:588} INFO - Filling up the DagBag from /home/ashok/miniconda3/envs/mysecondenvironment/lib/python3.8/site-packages/airflow/example_dags/example_params_trigger_ui.py
[2025-09-21T08:45:06.489+0545] {processor.py:925} INFO - DAG(s) 'example_params_trigger_ui' retrieved from /home/ashok/miniconda3/envs/mysecondenvironment/lib/python3.8/site-packages/airflow/example_dags/example_params_trigger_ui.py
[2025-09-21T08:45:06.507+0545] {logging_mixin.py:190} INFO - [2025-09-21T08:45:06.506+0545] {dag.py:3239} INFO - Sync 1 DAGs
[2025-09-21T08:45:06.512+0545] {logging_mixin.py:190} INFO - [2025-09-21T08:45:06.512+0545] {dag.py:4180} INFO - Setting next_dagrun for example_params_trigger_ui to None, run_after=None
[2025-09-21T08:45:06.531+0545] {processor.py:208} INFO - Processing /home/ashok/miniconda3/envs/mysecondenvironment/lib/python3.8/site-packages/airflow/example_dags/example_params_trigger_ui.py took 0.053 seconds
[2025-09-21T08:46:03.618+0545] {processor.py:186} INFO - Started process (PID=28828) to work on /home/ashok/miniconda3/envs/mysecondenvironment/lib/python3.8/site-packages/airflow/example_dags/example_params_trigger_ui.py
[2025-09-21T08:46:03.620+0545] {processor.py:914} INFO - Processing file /home/ashok/miniconda3/envs/mysecondenvironment/lib/python3.8/site-packages/airflow/example_dags/example_params_trigger_ui.py for tasks to queue
[2025-09-21T08:46:03.622+0545] {logging_mixin.py:190} INFO - [2025-09-21T08:46:03.621+0545] {dagbag.py:588} INFO - Filling up the DagBag from /home/ashok/miniconda3/envs/mysecondenvironment/lib/python3.8/site-packages/airflow/example_dags/example_params_trigger_ui.py
[2025-09-21T08:46:03.629+0545] {processor.py:925} INFO - DAG(s) 'example_params_trigger_ui' retrieved from /home/ashok/miniconda3/envs/mysecondenvironment/lib/python3.8/site-packages/airflow/example_dags/example_params_trigger_ui.py
[2025-09-21T08:46:03.647+0545] {logging_mixin.py:190} INFO - [2025-09-21T08:46:03.647+0545] {dag.py:3239} INFO - Sync 1 DAGs
[2025-09-21T08:46:03.654+0545] {logging_mixin.py:190} INFO - [2025-09-21T08:46:03.653+0545] {dag.py:4180} INFO - Setting next_dagrun for example_params_trigger_ui to None, run_after=None
[2025-09-21T08:46:03.670+0545] {processor.py:208} INFO - Processing /home/ashok/miniconda3/envs/mysecondenvironment/lib/python3.8/site-packages/airflow/example_dags/example_params_trigger_ui.py took 0.056 seconds
[2025-09-21T08:46:59.319+0545] {processor.py:186} INFO - Started process (PID=29228) to work on /home/ashok/miniconda3/envs/mysecondenvironment/lib/python3.8/site-packages/airflow/example_dags/example_params_trigger_ui.py
[2025-09-21T08:46:59.321+0545] {processor.py:914} INFO - Processing file /home/ashok/miniconda3/envs/mysecondenvironment/lib/python3.8/site-packages/airflow/example_dags/example_params_trigger_ui.py for tasks to queue
[2025-09-21T08:46:59.322+0545] {logging_mixin.py:190} INFO - [2025-09-21T08:46:59.322+0545] {dagbag.py:588} INFO - Filling up the DagBag from /home/ashok/miniconda3/envs/mysecondenvironment/lib/python3.8/site-packages/airflow/example_dags/example_params_trigger_ui.py
[2025-09-21T08:46:59.328+0545] {processor.py:925} INFO - DAG(s) 'example_params_trigger_ui' retrieved from /home/ashok/miniconda3/envs/mysecondenvironment/lib/python3.8/site-packages/airflow/example_dags/example_params_trigger_ui.py
[2025-09-21T08:46:59.347+0545] {logging_mixin.py:190} INFO - [2025-09-21T08:46:59.347+0545] {dag.py:3239} INFO - Sync 1 DAGs
[2025-09-21T08:46:59.353+0545] {logging_mixin.py:190} INFO - [2025-09-21T08:46:59.353+0545] {dag.py:4180} INFO - Setting next_dagrun for example_params_trigger_ui to None, run_after=None
[2025-09-21T08:46:59.369+0545] {processor.py:208} INFO - Processing /home/ashok/miniconda3/envs/mysecondenvironment/lib/python3.8/site-packages/airflow/example_dags/example_params_trigger_ui.py took 0.053 seconds
[2025-09-21T09:43:48.972+0545] {processor.py:186} INFO - Started process (PID=49617) to work on /home/ashok/miniconda3/envs/mysecondenvironment/lib/python3.8/site-packages/airflow/example_dags/example_params_trigger_ui.py
[2025-09-21T09:43:48.974+0545] {processor.py:914} INFO - Processing file /home/ashok/miniconda3/envs/mysecondenvironment/lib/python3.8/site-packages/airflow/example_dags/example_params_trigger_ui.py for tasks to queue
[2025-09-21T09:43:48.975+0545] {logging_mixin.py:190} INFO - [2025-09-21T09:43:48.975+0545] {dagbag.py:588} INFO - Filling up the DagBag from /home/ashok/miniconda3/envs/mysecondenvironment/lib/python3.8/site-packages/airflow/example_dags/example_params_trigger_ui.py
[2025-09-21T09:43:48.984+0545] {processor.py:925} INFO - DAG(s) 'example_params_trigger_ui' retrieved from /home/ashok/miniconda3/envs/mysecondenvironment/lib/python3.8/site-packages/airflow/example_dags/example_params_trigger_ui.py
[2025-09-21T09:43:49.006+0545] {logging_mixin.py:190} INFO - [2025-09-21T09:43:49.006+0545] {dag.py:3239} INFO - Sync 1 DAGs
[2025-09-21T09:43:49.013+0545] {logging_mixin.py:190} INFO - [2025-09-21T09:43:49.013+0545] {dag.py:4180} INFO - Setting next_dagrun for example_params_trigger_ui to None, run_after=None
[2025-09-21T09:43:49.030+0545] {processor.py:208} INFO - Processing /home/ashok/miniconda3/envs/mysecondenvironment/lib/python3.8/site-packages/airflow/example_dags/example_params_trigger_ui.py took 0.062 seconds
[2025-09-21T09:47:04.009+0545] {processor.py:186} INFO - Started process (PID=52137) to work on /home/ashok/miniconda3/envs/mysecondenvironment/lib/python3.8/site-packages/airflow/example_dags/example_params_trigger_ui.py
[2025-09-21T09:47:04.011+0545] {processor.py:914} INFO - Processing file /home/ashok/miniconda3/envs/mysecondenvironment/lib/python3.8/site-packages/airflow/example_dags/example_params_trigger_ui.py for tasks to queue
[2025-09-21T09:47:04.012+0545] {logging_mixin.py:190} INFO - [2025-09-21T09:47:04.012+0545] {dagbag.py:588} INFO - Filling up the DagBag from /home/ashok/miniconda3/envs/mysecondenvironment/lib/python3.8/site-packages/airflow/example_dags/example_params_trigger_ui.py
[2025-09-21T09:47:04.018+0545] {processor.py:925} INFO - DAG(s) 'example_params_trigger_ui' retrieved from /home/ashok/miniconda3/envs/mysecondenvironment/lib/python3.8/site-packages/airflow/example_dags/example_params_trigger_ui.py
[2025-09-21T09:47:04.040+0545] {logging_mixin.py:190} INFO - [2025-09-21T09:47:04.040+0545] {dag.py:3239} INFO - Sync 1 DAGs
[2025-09-21T09:47:04.047+0545] {logging_mixin.py:190} INFO - [2025-09-21T09:47:04.047+0545] {dag.py:4180} INFO - Setting next_dagrun for example_params_trigger_ui to None, run_after=None
[2025-09-21T09:47:04.062+0545] {processor.py:208} INFO - Processing /home/ashok/miniconda3/envs/mysecondenvironment/lib/python3.8/site-packages/airflow/example_dags/example_params_trigger_ui.py took 0.057 seconds
[2025-09-21T09:48:00.743+0545] {processor.py:186} INFO - Started process (PID=52582) to work on /home/ashok/miniconda3/envs/mysecondenvironment/lib/python3.8/site-packages/airflow/example_dags/example_params_trigger_ui.py
[2025-09-21T09:48:00.744+0545] {processor.py:914} INFO - Processing file /home/ashok/miniconda3/envs/mysecondenvironment/lib/python3.8/site-packages/airflow/example_dags/example_params_trigger_ui.py for tasks to queue
[2025-09-21T09:48:00.745+0545] {logging_mixin.py:190} INFO - [2025-09-21T09:48:00.745+0545] {dagbag.py:588} INFO - Filling up the DagBag from /home/ashok/miniconda3/envs/mysecondenvironment/lib/python3.8/site-packages/airflow/example_dags/example_params_trigger_ui.py
[2025-09-21T09:48:00.751+0545] {processor.py:925} INFO - DAG(s) 'example_params_trigger_ui' retrieved from /home/ashok/miniconda3/envs/mysecondenvironment/lib/python3.8/site-packages/airflow/example_dags/example_params_trigger_ui.py
[2025-09-21T09:48:00.772+0545] {logging_mixin.py:190} INFO - [2025-09-21T09:48:00.772+0545] {dag.py:3239} INFO - Sync 1 DAGs
[2025-09-21T09:48:00.778+0545] {logging_mixin.py:190} INFO - [2025-09-21T09:48:00.778+0545] {dag.py:4180} INFO - Setting next_dagrun for example_params_trigger_ui to None, run_after=None
[2025-09-21T09:48:00.793+0545] {processor.py:208} INFO - Processing /home/ashok/miniconda3/envs/mysecondenvironment/lib/python3.8/site-packages/airflow/example_dags/example_params_trigger_ui.py took 0.054 seconds
[2025-09-21T09:49:08.102+0545] {processor.py:186} INFO - Started process (PID=53099) to work on /home/ashok/miniconda3/envs/mysecondenvironment/lib/python3.8/site-packages/airflow/example_dags/example_params_trigger_ui.py
[2025-09-21T09:49:08.104+0545] {processor.py:914} INFO - Processing file /home/ashok/miniconda3/envs/mysecondenvironment/lib/python3.8/site-packages/airflow/example_dags/example_params_trigger_ui.py for tasks to queue
[2025-09-21T09:49:08.106+0545] {logging_mixin.py:190} INFO - [2025-09-21T09:49:08.106+0545] {dagbag.py:588} INFO - Filling up the DagBag from /home/ashok/miniconda3/envs/mysecondenvironment/lib/python3.8/site-packages/airflow/example_dags/example_params_trigger_ui.py
[2025-09-21T09:49:08.112+0545] {processor.py:925} INFO - DAG(s) 'example_params_trigger_ui' retrieved from /home/ashok/miniconda3/envs/mysecondenvironment/lib/python3.8/site-packages/airflow/example_dags/example_params_trigger_ui.py
[2025-09-21T09:49:08.131+0545] {logging_mixin.py:190} INFO - [2025-09-21T09:49:08.131+0545] {dag.py:3239} INFO - Sync 1 DAGs
[2025-09-21T09:49:08.137+0545] {logging_mixin.py:190} INFO - [2025-09-21T09:49:08.137+0545] {dag.py:4180} INFO - Setting next_dagrun for example_params_trigger_ui to None, run_after=None
[2025-09-21T09:49:08.153+0545] {processor.py:208} INFO - Processing /home/ashok/miniconda3/envs/mysecondenvironment/lib/python3.8/site-packages/airflow/example_dags/example_params_trigger_ui.py took 0.054 seconds
[2025-09-21T09:50:02.723+0545] {processor.py:186} INFO - Started process (PID=53501) to work on /home/ashok/miniconda3/envs/mysecondenvironment/lib/python3.8/site-packages/airflow/example_dags/example_params_trigger_ui.py
[2025-09-21T09:50:02.724+0545] {processor.py:914} INFO - Processing file /home/ashok/miniconda3/envs/mysecondenvironment/lib/python3.8/site-packages/airflow/example_dags/example_params_trigger_ui.py for tasks to queue
[2025-09-21T09:50:02.726+0545] {logging_mixin.py:190} INFO - [2025-09-21T09:50:02.725+0545] {dagbag.py:588} INFO - Filling up the DagBag from /home/ashok/miniconda3/envs/mysecondenvironment/lib/python3.8/site-packages/airflow/example_dags/example_params_trigger_ui.py
[2025-09-21T09:50:02.731+0545] {processor.py:925} INFO - DAG(s) 'example_params_trigger_ui' retrieved from /home/ashok/miniconda3/envs/mysecondenvironment/lib/python3.8/site-packages/airflow/example_dags/example_params_trigger_ui.py
[2025-09-21T09:50:02.750+0545] {logging_mixin.py:190} INFO - [2025-09-21T09:50:02.750+0545] {dag.py:3239} INFO - Sync 1 DAGs
[2025-09-21T09:50:02.756+0545] {logging_mixin.py:190} INFO - [2025-09-21T09:50:02.756+0545] {dag.py:4180} INFO - Setting next_dagrun for example_params_trigger_ui to None, run_after=None
[2025-09-21T09:50:02.776+0545] {processor.py:208} INFO - Processing /home/ashok/miniconda3/envs/mysecondenvironment/lib/python3.8/site-packages/airflow/example_dags/example_params_trigger_ui.py took 0.056 seconds
[2025-09-21T09:50:57.754+0545] {processor.py:186} INFO - Started process (PID=53903) to work on /home/ashok/miniconda3/envs/mysecondenvironment/lib/python3.8/site-packages/airflow/example_dags/example_params_trigger_ui.py
[2025-09-21T09:50:57.756+0545] {processor.py:914} INFO - Processing file /home/ashok/miniconda3/envs/mysecondenvironment/lib/python3.8/site-packages/airflow/example_dags/example_params_trigger_ui.py for tasks to queue
[2025-09-21T09:50:57.758+0545] {logging_mixin.py:190} INFO - [2025-09-21T09:50:57.757+0545] {dagbag.py:588} INFO - Filling up the DagBag from /home/ashok/miniconda3/envs/mysecondenvironment/lib/python3.8/site-packages/airflow/example_dags/example_params_trigger_ui.py
[2025-09-21T09:50:57.765+0545] {processor.py:925} INFO - DAG(s) 'example_params_trigger_ui' retrieved from /home/ashok/miniconda3/envs/mysecondenvironment/lib/python3.8/site-packages/airflow/example_dags/example_params_trigger_ui.py
[2025-09-21T09:50:57.786+0545] {logging_mixin.py:190} INFO - [2025-09-21T09:50:57.785+0545] {dag.py:3239} INFO - Sync 1 DAGs
[2025-09-21T09:50:57.791+0545] {logging_mixin.py:190} INFO - [2025-09-21T09:50:57.791+0545] {dag.py:4180} INFO - Setting next_dagrun for example_params_trigger_ui to None, run_after=None
[2025-09-21T09:50:57.812+0545] {processor.py:208} INFO - Processing /home/ashok/miniconda3/envs/mysecondenvironment/lib/python3.8/site-packages/airflow/example_dags/example_params_trigger_ui.py took 0.062 seconds
[2025-09-21T09:53:50.487+0545] {processor.py:186} INFO - Started process (PID=56089) to work on /home/ashok/miniconda3/envs/mysecondenvironment/lib/python3.8/site-packages/airflow/example_dags/example_params_trigger_ui.py
[2025-09-21T09:53:50.489+0545] {processor.py:914} INFO - Processing file /home/ashok/miniconda3/envs/mysecondenvironment/lib/python3.8/site-packages/airflow/example_dags/example_params_trigger_ui.py for tasks to queue
[2025-09-21T09:53:50.490+0545] {logging_mixin.py:190} INFO - [2025-09-21T09:53:50.490+0545] {dagbag.py:588} INFO - Filling up the DagBag from /home/ashok/miniconda3/envs/mysecondenvironment/lib/python3.8/site-packages/airflow/example_dags/example_params_trigger_ui.py
[2025-09-21T09:53:50.496+0545] {processor.py:925} INFO - DAG(s) 'example_params_trigger_ui' retrieved from /home/ashok/miniconda3/envs/mysecondenvironment/lib/python3.8/site-packages/airflow/example_dags/example_params_trigger_ui.py
[2025-09-21T09:53:50.517+0545] {logging_mixin.py:190} INFO - [2025-09-21T09:53:50.517+0545] {dag.py:3239} INFO - Sync 1 DAGs
[2025-09-21T09:53:50.524+0545] {logging_mixin.py:190} INFO - [2025-09-21T09:53:50.524+0545] {dag.py:4180} INFO - Setting next_dagrun for example_params_trigger_ui to None, run_after=None
[2025-09-21T09:53:50.541+0545] {processor.py:208} INFO - Processing /home/ashok/miniconda3/envs/mysecondenvironment/lib/python3.8/site-packages/airflow/example_dags/example_params_trigger_ui.py took 0.058 seconds
[2025-09-21T09:54:49.316+0545] {processor.py:186} INFO - Started process (PID=56516) to work on /home/ashok/miniconda3/envs/mysecondenvironment/lib/python3.8/site-packages/airflow/example_dags/example_params_trigger_ui.py
[2025-09-21T09:54:49.318+0545] {processor.py:914} INFO - Processing file /home/ashok/miniconda3/envs/mysecondenvironment/lib/python3.8/site-packages/airflow/example_dags/example_params_trigger_ui.py for tasks to queue
[2025-09-21T09:54:49.319+0545] {logging_mixin.py:190} INFO - [2025-09-21T09:54:49.319+0545] {dagbag.py:588} INFO - Filling up the DagBag from /home/ashok/miniconda3/envs/mysecondenvironment/lib/python3.8/site-packages/airflow/example_dags/example_params_trigger_ui.py
[2025-09-21T09:54:49.326+0545] {processor.py:925} INFO - DAG(s) 'example_params_trigger_ui' retrieved from /home/ashok/miniconda3/envs/mysecondenvironment/lib/python3.8/site-packages/airflow/example_dags/example_params_trigger_ui.py
[2025-09-21T09:54:49.344+0545] {logging_mixin.py:190} INFO - [2025-09-21T09:54:49.344+0545] {dag.py:3239} INFO - Sync 1 DAGs
[2025-09-21T09:54:49.350+0545] {logging_mixin.py:190} INFO - [2025-09-21T09:54:49.350+0545] {dag.py:4180} INFO - Setting next_dagrun for example_params_trigger_ui to None, run_after=None
[2025-09-21T09:54:49.366+0545] {processor.py:208} INFO - Processing /home/ashok/miniconda3/envs/mysecondenvironment/lib/python3.8/site-packages/airflow/example_dags/example_params_trigger_ui.py took 0.054 seconds
[2025-09-21T09:55:45.770+0545] {processor.py:186} INFO - Started process (PID=57002) to work on /home/ashok/miniconda3/envs/mysecondenvironment/lib/python3.8/site-packages/airflow/example_dags/example_params_trigger_ui.py
[2025-09-21T09:55:45.772+0545] {processor.py:914} INFO - Processing file /home/ashok/miniconda3/envs/mysecondenvironment/lib/python3.8/site-packages/airflow/example_dags/example_params_trigger_ui.py for tasks to queue
[2025-09-21T09:55:45.774+0545] {logging_mixin.py:190} INFO - [2025-09-21T09:55:45.773+0545] {dagbag.py:588} INFO - Filling up the DagBag from /home/ashok/miniconda3/envs/mysecondenvironment/lib/python3.8/site-packages/airflow/example_dags/example_params_trigger_ui.py
[2025-09-21T09:55:45.780+0545] {processor.py:925} INFO - DAG(s) 'example_params_trigger_ui' retrieved from /home/ashok/miniconda3/envs/mysecondenvironment/lib/python3.8/site-packages/airflow/example_dags/example_params_trigger_ui.py
[2025-09-21T09:55:45.798+0545] {logging_mixin.py:190} INFO - [2025-09-21T09:55:45.798+0545] {dag.py:3239} INFO - Sync 1 DAGs
[2025-09-21T09:55:45.804+0545] {logging_mixin.py:190} INFO - [2025-09-21T09:55:45.804+0545] {dag.py:4180} INFO - Setting next_dagrun for example_params_trigger_ui to None, run_after=None
[2025-09-21T09:55:45.819+0545] {processor.py:208} INFO - Processing /home/ashok/miniconda3/envs/mysecondenvironment/lib/python3.8/site-packages/airflow/example_dags/example_params_trigger_ui.py took 0.052 seconds
[2025-09-21T09:56:42.296+0545] {processor.py:186} INFO - Started process (PID=57362) to work on /home/ashok/miniconda3/envs/mysecondenvironment/lib/python3.8/site-packages/airflow/example_dags/example_params_trigger_ui.py
[2025-09-21T09:56:42.298+0545] {processor.py:914} INFO - Processing file /home/ashok/miniconda3/envs/mysecondenvironment/lib/python3.8/site-packages/airflow/example_dags/example_params_trigger_ui.py for tasks to queue
[2025-09-21T09:56:42.300+0545] {logging_mixin.py:190} INFO - [2025-09-21T09:56:42.299+0545] {dagbag.py:588} INFO - Filling up the DagBag from /home/ashok/miniconda3/envs/mysecondenvironment/lib/python3.8/site-packages/airflow/example_dags/example_params_trigger_ui.py
[2025-09-21T09:56:42.305+0545] {processor.py:925} INFO - DAG(s) 'example_params_trigger_ui' retrieved from /home/ashok/miniconda3/envs/mysecondenvironment/lib/python3.8/site-packages/airflow/example_dags/example_params_trigger_ui.py
[2025-09-21T09:56:42.324+0545] {logging_mixin.py:190} INFO - [2025-09-21T09:56:42.324+0545] {dag.py:3239} INFO - Sync 1 DAGs
[2025-09-21T09:56:42.330+0545] {logging_mixin.py:190} INFO - [2025-09-21T09:56:42.330+0545] {dag.py:4180} INFO - Setting next_dagrun for example_params_trigger_ui to None, run_after=None
[2025-09-21T09:56:42.346+0545] {processor.py:208} INFO - Processing /home/ashok/miniconda3/envs/mysecondenvironment/lib/python3.8/site-packages/airflow/example_dags/example_params_trigger_ui.py took 0.053 seconds
[2025-09-21T09:57:37.390+0545] {processor.py:186} INFO - Started process (PID=57726) to work on /home/ashok/miniconda3/envs/mysecondenvironment/lib/python3.8/site-packages/airflow/example_dags/example_params_trigger_ui.py
[2025-09-21T09:57:37.392+0545] {processor.py:914} INFO - Processing file /home/ashok/miniconda3/envs/mysecondenvironment/lib/python3.8/site-packages/airflow/example_dags/example_params_trigger_ui.py for tasks to queue
[2025-09-21T09:57:37.393+0545] {logging_mixin.py:190} INFO - [2025-09-21T09:57:37.393+0545] {dagbag.py:588} INFO - Filling up the DagBag from /home/ashok/miniconda3/envs/mysecondenvironment/lib/python3.8/site-packages/airflow/example_dags/example_params_trigger_ui.py
[2025-09-21T09:57:37.400+0545] {processor.py:925} INFO - DAG(s) 'example_params_trigger_ui' retrieved from /home/ashok/miniconda3/envs/mysecondenvironment/lib/python3.8/site-packages/airflow/example_dags/example_params_trigger_ui.py
[2025-09-21T09:57:37.421+0545] {logging_mixin.py:190} INFO - [2025-09-21T09:57:37.421+0545] {dag.py:3239} INFO - Sync 1 DAGs
[2025-09-21T09:57:37.428+0545] {logging_mixin.py:190} INFO - [2025-09-21T09:57:37.428+0545] {dag.py:4180} INFO - Setting next_dagrun for example_params_trigger_ui to None, run_after=None
[2025-09-21T09:57:37.443+0545] {processor.py:208} INFO - Processing /home/ashok/miniconda3/envs/mysecondenvironment/lib/python3.8/site-packages/airflow/example_dags/example_params_trigger_ui.py took 0.057 seconds
[2025-09-21T09:58:29.549+0545] {processor.py:186} INFO - Started process (PID=58096) to work on /home/ashok/miniconda3/envs/mysecondenvironment/lib/python3.8/site-packages/airflow/example_dags/example_params_trigger_ui.py
[2025-09-21T09:58:29.551+0545] {processor.py:914} INFO - Processing file /home/ashok/miniconda3/envs/mysecondenvironment/lib/python3.8/site-packages/airflow/example_dags/example_params_trigger_ui.py for tasks to queue
[2025-09-21T09:58:29.553+0545] {logging_mixin.py:190} INFO - [2025-09-21T09:58:29.553+0545] {dagbag.py:588} INFO - Filling up the DagBag from /home/ashok/miniconda3/envs/mysecondenvironment/lib/python3.8/site-packages/airflow/example_dags/example_params_trigger_ui.py
[2025-09-21T09:58:29.562+0545] {processor.py:925} INFO - DAG(s) 'example_params_trigger_ui' retrieved from /home/ashok/miniconda3/envs/mysecondenvironment/lib/python3.8/site-packages/airflow/example_dags/example_params_trigger_ui.py
[2025-09-21T09:58:29.580+0545] {logging_mixin.py:190} INFO - [2025-09-21T09:58:29.580+0545] {dag.py:3239} INFO - Sync 1 DAGs
[2025-09-21T09:58:29.587+0545] {logging_mixin.py:190} INFO - [2025-09-21T09:58:29.587+0545] {dag.py:4180} INFO - Setting next_dagrun for example_params_trigger_ui to None, run_after=None
[2025-09-21T09:58:29.602+0545] {processor.py:208} INFO - Processing /home/ashok/miniconda3/envs/mysecondenvironment/lib/python3.8/site-packages/airflow/example_dags/example_params_trigger_ui.py took 0.056 seconds
[2025-09-21T09:59:24.860+0545] {processor.py:186} INFO - Started process (PID=58488) to work on /home/ashok/miniconda3/envs/mysecondenvironment/lib/python3.8/site-packages/airflow/example_dags/example_params_trigger_ui.py
[2025-09-21T09:59:24.862+0545] {processor.py:914} INFO - Processing file /home/ashok/miniconda3/envs/mysecondenvironment/lib/python3.8/site-packages/airflow/example_dags/example_params_trigger_ui.py for tasks to queue
[2025-09-21T09:59:24.863+0545] {logging_mixin.py:190} INFO - [2025-09-21T09:59:24.863+0545] {dagbag.py:588} INFO - Filling up the DagBag from /home/ashok/miniconda3/envs/mysecondenvironment/lib/python3.8/site-packages/airflow/example_dags/example_params_trigger_ui.py
[2025-09-21T09:59:24.869+0545] {processor.py:925} INFO - DAG(s) 'example_params_trigger_ui' retrieved from /home/ashok/miniconda3/envs/mysecondenvironment/lib/python3.8/site-packages/airflow/example_dags/example_params_trigger_ui.py
[2025-09-21T09:59:24.889+0545] {logging_mixin.py:190} INFO - [2025-09-21T09:59:24.888+0545] {dag.py:3239} INFO - Sync 1 DAGs
[2025-09-21T09:59:24.895+0545] {logging_mixin.py:190} INFO - [2025-09-21T09:59:24.895+0545] {dag.py:4180} INFO - Setting next_dagrun for example_params_trigger_ui to None, run_after=None
[2025-09-21T09:59:24.911+0545] {processor.py:208} INFO - Processing /home/ashok/miniconda3/envs/mysecondenvironment/lib/python3.8/site-packages/airflow/example_dags/example_params_trigger_ui.py took 0.055 seconds
[2025-09-21T10:00:20.435+0545] {processor.py:186} INFO - Started process (PID=58861) to work on /home/ashok/miniconda3/envs/mysecondenvironment/lib/python3.8/site-packages/airflow/example_dags/example_params_trigger_ui.py
[2025-09-21T10:00:20.437+0545] {processor.py:914} INFO - Processing file /home/ashok/miniconda3/envs/mysecondenvironment/lib/python3.8/site-packages/airflow/example_dags/example_params_trigger_ui.py for tasks to queue
[2025-09-21T10:00:20.438+0545] {logging_mixin.py:190} INFO - [2025-09-21T10:00:20.438+0545] {dagbag.py:588} INFO - Filling up the DagBag from /home/ashok/miniconda3/envs/mysecondenvironment/lib/python3.8/site-packages/airflow/example_dags/example_params_trigger_ui.py
[2025-09-21T10:00:20.444+0545] {processor.py:925} INFO - DAG(s) 'example_params_trigger_ui' retrieved from /home/ashok/miniconda3/envs/mysecondenvironment/lib/python3.8/site-packages/airflow/example_dags/example_params_trigger_ui.py
[2025-09-21T10:00:20.462+0545] {logging_mixin.py:190} INFO - [2025-09-21T10:00:20.462+0545] {dag.py:3239} INFO - Sync 1 DAGs
[2025-09-21T10:00:20.468+0545] {logging_mixin.py:190} INFO - [2025-09-21T10:00:20.468+0545] {dag.py:4180} INFO - Setting next_dagrun for example_params_trigger_ui to None, run_after=None
[2025-09-21T10:00:20.486+0545] {processor.py:208} INFO - Processing /home/ashok/miniconda3/envs/mysecondenvironment/lib/python3.8/site-packages/airflow/example_dags/example_params_trigger_ui.py took 0.055 seconds
[2025-09-21T10:03:31.034+0545] {processor.py:186} INFO - Started process (PID=60947) to work on /home/ashok/miniconda3/envs/mysecondenvironment/lib/python3.8/site-packages/airflow/example_dags/example_params_trigger_ui.py
[2025-09-21T10:03:31.036+0545] {processor.py:914} INFO - Processing file /home/ashok/miniconda3/envs/mysecondenvironment/lib/python3.8/site-packages/airflow/example_dags/example_params_trigger_ui.py for tasks to queue
[2025-09-21T10:03:31.037+0545] {logging_mixin.py:190} INFO - [2025-09-21T10:03:31.037+0545] {dagbag.py:588} INFO - Filling up the DagBag from /home/ashok/miniconda3/envs/mysecondenvironment/lib/python3.8/site-packages/airflow/example_dags/example_params_trigger_ui.py
[2025-09-21T10:03:31.042+0545] {processor.py:925} INFO - DAG(s) 'example_params_trigger_ui' retrieved from /home/ashok/miniconda3/envs/mysecondenvironment/lib/python3.8/site-packages/airflow/example_dags/example_params_trigger_ui.py
[2025-09-21T10:03:31.059+0545] {logging_mixin.py:190} INFO - [2025-09-21T10:03:31.059+0545] {dag.py:3239} INFO - Sync 1 DAGs
[2025-09-21T10:03:31.065+0545] {logging_mixin.py:190} INFO - [2025-09-21T10:03:31.065+0545] {dag.py:4180} INFO - Setting next_dagrun for example_params_trigger_ui to None, run_after=None
[2025-09-21T10:03:31.086+0545] {processor.py:208} INFO - Processing /home/ashok/miniconda3/envs/mysecondenvironment/lib/python3.8/site-packages/airflow/example_dags/example_params_trigger_ui.py took 0.055 seconds
[2025-09-21T10:04:27.753+0545] {processor.py:186} INFO - Started process (PID=61321) to work on /home/ashok/miniconda3/envs/mysecondenvironment/lib/python3.8/site-packages/airflow/example_dags/example_params_trigger_ui.py
[2025-09-21T10:04:27.755+0545] {processor.py:914} INFO - Processing file /home/ashok/miniconda3/envs/mysecondenvironment/lib/python3.8/site-packages/airflow/example_dags/example_params_trigger_ui.py for tasks to queue
[2025-09-21T10:04:27.756+0545] {logging_mixin.py:190} INFO - [2025-09-21T10:04:27.756+0545] {dagbag.py:588} INFO - Filling up the DagBag from /home/ashok/miniconda3/envs/mysecondenvironment/lib/python3.8/site-packages/airflow/example_dags/example_params_trigger_ui.py
[2025-09-21T10:04:27.762+0545] {processor.py:925} INFO - DAG(s) 'example_params_trigger_ui' retrieved from /home/ashok/miniconda3/envs/mysecondenvironment/lib/python3.8/site-packages/airflow/example_dags/example_params_trigger_ui.py
[2025-09-21T10:04:27.780+0545] {logging_mixin.py:190} INFO - [2025-09-21T10:04:27.780+0545] {dag.py:3239} INFO - Sync 1 DAGs
[2025-09-21T10:04:27.786+0545] {logging_mixin.py:190} INFO - [2025-09-21T10:04:27.786+0545] {dag.py:4180} INFO - Setting next_dagrun for example_params_trigger_ui to None, run_after=None
[2025-09-21T10:04:27.802+0545] {processor.py:208} INFO - Processing /home/ashok/miniconda3/envs/mysecondenvironment/lib/python3.8/site-packages/airflow/example_dags/example_params_trigger_ui.py took 0.052 seconds
[2025-09-21T10:05:24.416+0545] {processor.py:186} INFO - Started process (PID=61780) to work on /home/ashok/miniconda3/envs/mysecondenvironment/lib/python3.8/site-packages/airflow/example_dags/example_params_trigger_ui.py
[2025-09-21T10:05:24.418+0545] {processor.py:914} INFO - Processing file /home/ashok/miniconda3/envs/mysecondenvironment/lib/python3.8/site-packages/airflow/example_dags/example_params_trigger_ui.py for tasks to queue
[2025-09-21T10:05:24.419+0545] {logging_mixin.py:190} INFO - [2025-09-21T10:05:24.419+0545] {dagbag.py:588} INFO - Filling up the DagBag from /home/ashok/miniconda3/envs/mysecondenvironment/lib/python3.8/site-packages/airflow/example_dags/example_params_trigger_ui.py
[2025-09-21T10:05:24.425+0545] {processor.py:925} INFO - DAG(s) 'example_params_trigger_ui' retrieved from /home/ashok/miniconda3/envs/mysecondenvironment/lib/python3.8/site-packages/airflow/example_dags/example_params_trigger_ui.py
[2025-09-21T10:05:24.442+0545] {logging_mixin.py:190} INFO - [2025-09-21T10:05:24.441+0545] {dag.py:3239} INFO - Sync 1 DAGs
[2025-09-21T10:05:24.447+0545] {logging_mixin.py:190} INFO - [2025-09-21T10:05:24.447+0545] {dag.py:4180} INFO - Setting next_dagrun for example_params_trigger_ui to None, run_after=None
[2025-09-21T10:05:24.465+0545] {processor.py:208} INFO - Processing /home/ashok/miniconda3/envs/mysecondenvironment/lib/python3.8/site-packages/airflow/example_dags/example_params_trigger_ui.py took 0.052 seconds
[2025-09-21T10:06:19.474+0545] {processor.py:186} INFO - Started process (PID=62229) to work on /home/ashok/miniconda3/envs/mysecondenvironment/lib/python3.8/site-packages/airflow/example_dags/example_params_trigger_ui.py
[2025-09-21T10:06:19.476+0545] {processor.py:914} INFO - Processing file /home/ashok/miniconda3/envs/mysecondenvironment/lib/python3.8/site-packages/airflow/example_dags/example_params_trigger_ui.py for tasks to queue
[2025-09-21T10:06:19.478+0545] {logging_mixin.py:190} INFO - [2025-09-21T10:06:19.478+0545] {dagbag.py:588} INFO - Filling up the DagBag from /home/ashok/miniconda3/envs/mysecondenvironment/lib/python3.8/site-packages/airflow/example_dags/example_params_trigger_ui.py
[2025-09-21T10:06:19.483+0545] {processor.py:925} INFO - DAG(s) 'example_params_trigger_ui' retrieved from /home/ashok/miniconda3/envs/mysecondenvironment/lib/python3.8/site-packages/airflow/example_dags/example_params_trigger_ui.py
[2025-09-21T10:06:19.501+0545] {logging_mixin.py:190} INFO - [2025-09-21T10:06:19.501+0545] {dag.py:3239} INFO - Sync 1 DAGs
[2025-09-21T10:06:19.506+0545] {logging_mixin.py:190} INFO - [2025-09-21T10:06:19.506+0545] {dag.py:4180} INFO - Setting next_dagrun for example_params_trigger_ui to None, run_after=None
[2025-09-21T10:06:19.524+0545] {processor.py:208} INFO - Processing /home/ashok/miniconda3/envs/mysecondenvironment/lib/python3.8/site-packages/airflow/example_dags/example_params_trigger_ui.py took 0.053 seconds
[2025-09-21T10:07:14.595+0545] {processor.py:186} INFO - Started process (PID=62693) to work on /home/ashok/miniconda3/envs/mysecondenvironment/lib/python3.8/site-packages/airflow/example_dags/example_params_trigger_ui.py
[2025-09-21T10:07:14.597+0545] {processor.py:914} INFO - Processing file /home/ashok/miniconda3/envs/mysecondenvironment/lib/python3.8/site-packages/airflow/example_dags/example_params_trigger_ui.py for tasks to queue
[2025-09-21T10:07:14.599+0545] {logging_mixin.py:190} INFO - [2025-09-21T10:07:14.598+0545] {dagbag.py:588} INFO - Filling up the DagBag from /home/ashok/miniconda3/envs/mysecondenvironment/lib/python3.8/site-packages/airflow/example_dags/example_params_trigger_ui.py
[2025-09-21T10:07:14.606+0545] {processor.py:925} INFO - DAG(s) 'example_params_trigger_ui' retrieved from /home/ashok/miniconda3/envs/mysecondenvironment/lib/python3.8/site-packages/airflow/example_dags/example_params_trigger_ui.py
[2025-09-21T10:07:14.629+0545] {logging_mixin.py:190} INFO - [2025-09-21T10:07:14.628+0545] {dag.py:3239} INFO - Sync 1 DAGs
[2025-09-21T10:07:14.636+0545] {logging_mixin.py:190} INFO - [2025-09-21T10:07:14.635+0545] {dag.py:4180} INFO - Setting next_dagrun for example_params_trigger_ui to None, run_after=None
[2025-09-21T10:07:14.652+0545] {processor.py:208} INFO - Processing /home/ashok/miniconda3/envs/mysecondenvironment/lib/python3.8/site-packages/airflow/example_dags/example_params_trigger_ui.py took 0.061 seconds
[2025-09-21T10:08:13.971+0545] {processor.py:186} INFO - Started process (PID=63180) to work on /home/ashok/miniconda3/envs/mysecondenvironment/lib/python3.8/site-packages/airflow/example_dags/example_params_trigger_ui.py
[2025-09-21T10:08:13.973+0545] {processor.py:914} INFO - Processing file /home/ashok/miniconda3/envs/mysecondenvironment/lib/python3.8/site-packages/airflow/example_dags/example_params_trigger_ui.py for tasks to queue
[2025-09-21T10:08:13.974+0545] {logging_mixin.py:190} INFO - [2025-09-21T10:08:13.974+0545] {dagbag.py:588} INFO - Filling up the DagBag from /home/ashok/miniconda3/envs/mysecondenvironment/lib/python3.8/site-packages/airflow/example_dags/example_params_trigger_ui.py
[2025-09-21T10:08:13.980+0545] {processor.py:925} INFO - DAG(s) 'example_params_trigger_ui' retrieved from /home/ashok/miniconda3/envs/mysecondenvironment/lib/python3.8/site-packages/airflow/example_dags/example_params_trigger_ui.py
[2025-09-21T10:08:13.997+0545] {logging_mixin.py:190} INFO - [2025-09-21T10:08:13.997+0545] {dag.py:3239} INFO - Sync 1 DAGs
[2025-09-21T10:08:14.003+0545] {logging_mixin.py:190} INFO - [2025-09-21T10:08:14.003+0545] {dag.py:4180} INFO - Setting next_dagrun for example_params_trigger_ui to None, run_after=None
[2025-09-21T10:08:14.018+0545] {processor.py:208} INFO - Processing /home/ashok/miniconda3/envs/mysecondenvironment/lib/python3.8/site-packages/airflow/example_dags/example_params_trigger_ui.py took 0.050 seconds
[2025-09-21T10:09:11.315+0545] {processor.py:186} INFO - Started process (PID=63808) to work on /home/ashok/miniconda3/envs/mysecondenvironment/lib/python3.8/site-packages/airflow/example_dags/example_params_trigger_ui.py
[2025-09-21T10:09:11.318+0545] {processor.py:914} INFO - Processing file /home/ashok/miniconda3/envs/mysecondenvironment/lib/python3.8/site-packages/airflow/example_dags/example_params_trigger_ui.py for tasks to queue
[2025-09-21T10:09:11.319+0545] {logging_mixin.py:190} INFO - [2025-09-21T10:09:11.319+0545] {dagbag.py:588} INFO - Filling up the DagBag from /home/ashok/miniconda3/envs/mysecondenvironment/lib/python3.8/site-packages/airflow/example_dags/example_params_trigger_ui.py
[2025-09-21T10:09:11.326+0545] {processor.py:925} INFO - DAG(s) 'example_params_trigger_ui' retrieved from /home/ashok/miniconda3/envs/mysecondenvironment/lib/python3.8/site-packages/airflow/example_dags/example_params_trigger_ui.py
[2025-09-21T10:09:11.344+0545] {logging_mixin.py:190} INFO - [2025-09-21T10:09:11.344+0545] {dag.py:3239} INFO - Sync 1 DAGs
[2025-09-21T10:09:11.350+0545] {logging_mixin.py:190} INFO - [2025-09-21T10:09:11.349+0545] {dag.py:4180} INFO - Setting next_dagrun for example_params_trigger_ui to None, run_after=None
[2025-09-21T10:09:11.371+0545] {processor.py:208} INFO - Processing /home/ashok/miniconda3/envs/mysecondenvironment/lib/python3.8/site-packages/airflow/example_dags/example_params_trigger_ui.py took 0.059 seconds
[2025-09-21T10:10:03.336+0545] {processor.py:186} INFO - Started process (PID=64289) to work on /home/ashok/miniconda3/envs/mysecondenvironment/lib/python3.8/site-packages/airflow/example_dags/example_params_trigger_ui.py
[2025-09-21T10:10:03.338+0545] {processor.py:914} INFO - Processing file /home/ashok/miniconda3/envs/mysecondenvironment/lib/python3.8/site-packages/airflow/example_dags/example_params_trigger_ui.py for tasks to queue
[2025-09-21T10:10:03.339+0545] {logging_mixin.py:190} INFO - [2025-09-21T10:10:03.339+0545] {dagbag.py:588} INFO - Filling up the DagBag from /home/ashok/miniconda3/envs/mysecondenvironment/lib/python3.8/site-packages/airflow/example_dags/example_params_trigger_ui.py
[2025-09-21T10:10:03.345+0545] {processor.py:925} INFO - DAG(s) 'example_params_trigger_ui' retrieved from /home/ashok/miniconda3/envs/mysecondenvironment/lib/python3.8/site-packages/airflow/example_dags/example_params_trigger_ui.py
[2025-09-21T10:10:03.367+0545] {logging_mixin.py:190} INFO - [2025-09-21T10:10:03.367+0545] {dag.py:3239} INFO - Sync 1 DAGs
[2025-09-21T10:10:03.373+0545] {logging_mixin.py:190} INFO - [2025-09-21T10:10:03.373+0545] {dag.py:4180} INFO - Setting next_dagrun for example_params_trigger_ui to None, run_after=None
[2025-09-21T10:10:03.389+0545] {processor.py:208} INFO - Processing /home/ashok/miniconda3/envs/mysecondenvironment/lib/python3.8/site-packages/airflow/example_dags/example_params_trigger_ui.py took 0.058 seconds
[2025-09-21T10:10:59.570+0545] {processor.py:186} INFO - Started process (PID=64852) to work on /home/ashok/miniconda3/envs/mysecondenvironment/lib/python3.8/site-packages/airflow/example_dags/example_params_trigger_ui.py
[2025-09-21T10:10:59.571+0545] {processor.py:914} INFO - Processing file /home/ashok/miniconda3/envs/mysecondenvironment/lib/python3.8/site-packages/airflow/example_dags/example_params_trigger_ui.py for tasks to queue
[2025-09-21T10:10:59.573+0545] {logging_mixin.py:190} INFO - [2025-09-21T10:10:59.572+0545] {dagbag.py:588} INFO - Filling up the DagBag from /home/ashok/miniconda3/envs/mysecondenvironment/lib/python3.8/site-packages/airflow/example_dags/example_params_trigger_ui.py
[2025-09-21T10:10:59.581+0545] {processor.py:925} INFO - DAG(s) 'example_params_trigger_ui' retrieved from /home/ashok/miniconda3/envs/mysecondenvironment/lib/python3.8/site-packages/airflow/example_dags/example_params_trigger_ui.py
[2025-09-21T10:10:59.613+0545] {logging_mixin.py:190} INFO - [2025-09-21T10:10:59.612+0545] {dag.py:3239} INFO - Sync 1 DAGs
[2025-09-21T10:10:59.623+0545] {logging_mixin.py:190} INFO - [2025-09-21T10:10:59.623+0545] {dag.py:4180} INFO - Setting next_dagrun for example_params_trigger_ui to None, run_after=None
[2025-09-21T10:10:59.646+0545] {processor.py:208} INFO - Processing /home/ashok/miniconda3/envs/mysecondenvironment/lib/python3.8/site-packages/airflow/example_dags/example_params_trigger_ui.py took 0.082 seconds
[2025-09-21T10:11:54.887+0545] {processor.py:186} INFO - Started process (PID=65270) to work on /home/ashok/miniconda3/envs/mysecondenvironment/lib/python3.8/site-packages/airflow/example_dags/example_params_trigger_ui.py
[2025-09-21T10:11:54.889+0545] {processor.py:914} INFO - Processing file /home/ashok/miniconda3/envs/mysecondenvironment/lib/python3.8/site-packages/airflow/example_dags/example_params_trigger_ui.py for tasks to queue
[2025-09-21T10:11:54.890+0545] {logging_mixin.py:190} INFO - [2025-09-21T10:11:54.890+0545] {dagbag.py:588} INFO - Filling up the DagBag from /home/ashok/miniconda3/envs/mysecondenvironment/lib/python3.8/site-packages/airflow/example_dags/example_params_trigger_ui.py
[2025-09-21T10:11:54.896+0545] {processor.py:925} INFO - DAG(s) 'example_params_trigger_ui' retrieved from /home/ashok/miniconda3/envs/mysecondenvironment/lib/python3.8/site-packages/airflow/example_dags/example_params_trigger_ui.py
[2025-09-21T10:11:54.913+0545] {logging_mixin.py:190} INFO - [2025-09-21T10:11:54.913+0545] {dag.py:3239} INFO - Sync 1 DAGs
[2025-09-21T10:11:54.919+0545] {logging_mixin.py:190} INFO - [2025-09-21T10:11:54.919+0545] {dag.py:4180} INFO - Setting next_dagrun for example_params_trigger_ui to None, run_after=None
[2025-09-21T10:11:54.938+0545] {processor.py:208} INFO - Processing /home/ashok/miniconda3/envs/mysecondenvironment/lib/python3.8/site-packages/airflow/example_dags/example_params_trigger_ui.py took 0.054 seconds
[2025-09-21T10:12:48.620+0545] {processor.py:186} INFO - Started process (PID=65633) to work on /home/ashok/miniconda3/envs/mysecondenvironment/lib/python3.8/site-packages/airflow/example_dags/example_params_trigger_ui.py
[2025-09-21T10:12:48.621+0545] {processor.py:914} INFO - Processing file /home/ashok/miniconda3/envs/mysecondenvironment/lib/python3.8/site-packages/airflow/example_dags/example_params_trigger_ui.py for tasks to queue
[2025-09-21T10:12:48.622+0545] {logging_mixin.py:190} INFO - [2025-09-21T10:12:48.622+0545] {dagbag.py:588} INFO - Filling up the DagBag from /home/ashok/miniconda3/envs/mysecondenvironment/lib/python3.8/site-packages/airflow/example_dags/example_params_trigger_ui.py
[2025-09-21T10:12:48.629+0545] {processor.py:925} INFO - DAG(s) 'example_params_trigger_ui' retrieved from /home/ashok/miniconda3/envs/mysecondenvironment/lib/python3.8/site-packages/airflow/example_dags/example_params_trigger_ui.py
[2025-09-21T10:12:48.646+0545] {logging_mixin.py:190} INFO - [2025-09-21T10:12:48.646+0545] {dag.py:3239} INFO - Sync 1 DAGs
[2025-09-21T10:12:48.651+0545] {logging_mixin.py:190} INFO - [2025-09-21T10:12:48.651+0545] {dag.py:4180} INFO - Setting next_dagrun for example_params_trigger_ui to None, run_after=None
[2025-09-21T10:12:48.667+0545] {processor.py:208} INFO - Processing /home/ashok/miniconda3/envs/mysecondenvironment/lib/python3.8/site-packages/airflow/example_dags/example_params_trigger_ui.py took 0.050 seconds
[2025-09-21T10:13:46.907+0545] {processor.py:186} INFO - Started process (PID=66147) to work on /home/ashok/miniconda3/envs/mysecondenvironment/lib/python3.8/site-packages/airflow/example_dags/example_params_trigger_ui.py
[2025-09-21T10:13:46.909+0545] {processor.py:914} INFO - Processing file /home/ashok/miniconda3/envs/mysecondenvironment/lib/python3.8/site-packages/airflow/example_dags/example_params_trigger_ui.py for tasks to queue
[2025-09-21T10:13:46.910+0545] {logging_mixin.py:190} INFO - [2025-09-21T10:13:46.910+0545] {dagbag.py:588} INFO - Filling up the DagBag from /home/ashok/miniconda3/envs/mysecondenvironment/lib/python3.8/site-packages/airflow/example_dags/example_params_trigger_ui.py
[2025-09-21T10:13:46.916+0545] {processor.py:925} INFO - DAG(s) 'example_params_trigger_ui' retrieved from /home/ashok/miniconda3/envs/mysecondenvironment/lib/python3.8/site-packages/airflow/example_dags/example_params_trigger_ui.py
[2025-09-21T10:13:46.933+0545] {logging_mixin.py:190} INFO - [2025-09-21T10:13:46.933+0545] {dag.py:3239} INFO - Sync 1 DAGs
[2025-09-21T10:13:46.938+0545] {logging_mixin.py:190} INFO - [2025-09-21T10:13:46.938+0545] {dag.py:4180} INFO - Setting next_dagrun for example_params_trigger_ui to None, run_after=None
[2025-09-21T10:13:46.958+0545] {processor.py:208} INFO - Processing /home/ashok/miniconda3/envs/mysecondenvironment/lib/python3.8/site-packages/airflow/example_dags/example_params_trigger_ui.py took 0.055 seconds
