[2025-09-21T08:37:10.412+0545] {processor.py:186} INFO - Started process (PID=23871) to work on /home/ashok/miniconda3/envs/mysecondenvironment/lib/python3.8/site-packages/airflow/example_dags/example_dataset_alias_with_no_taskflow.py
[2025-09-21T08:37:10.413+0545] {processor.py:914} INFO - Processing file /home/ashok/miniconda3/envs/mysecondenvironment/lib/python3.8/site-packages/airflow/example_dags/example_dataset_alias_with_no_taskflow.py for tasks to queue
[2025-09-21T08:37:10.415+0545] {logging_mixin.py:190} INFO - [2025-09-21T08:37:10.414+0545] {dagbag.py:588} INFO - Filling up the DagBag from /home/ashok/miniconda3/envs/mysecondenvironment/lib/python3.8/site-packages/airflow/example_dags/example_dataset_alias_with_no_taskflow.py
[2025-09-21T08:37:10.429+0545] {processor.py:925} INFO - DAG(s) 'dataset_alias_example_alias_producer_with_no_taskflow', 'dataset_s3_bucket_consumer_with_no_taskflow', 'dataset_s3_bucket_producer_with_no_taskflow', 'dataset_alias_example_alias_consumer_with_no_taskflow' retrieved from /home/ashok/miniconda3/envs/mysecondenvironment/lib/python3.8/site-packages/airflow/example_dags/example_dataset_alias_with_no_taskflow.py
[2025-09-21T08:37:10.438+0545] {logging_mixin.py:190} INFO - [2025-09-21T08:37:10.438+0545] {dag.py:3239} INFO - Sync 4 DAGs
[2025-09-21T08:37:10.447+0545] {logging_mixin.py:190} INFO - [2025-09-21T08:37:10.447+0545] {dag.py:4180} INFO - Setting next_dagrun for dataset_alias_example_alias_consumer_with_no_taskflow to None, run_after=None
[2025-09-21T08:37:10.449+0545] {logging_mixin.py:190} INFO - [2025-09-21T08:37:10.448+0545] {dag.py:4180} INFO - Setting next_dagrun for dataset_alias_example_alias_producer_with_no_taskflow to None, run_after=None
[2025-09-21T08:37:10.449+0545] {logging_mixin.py:190} INFO - [2025-09-21T08:37:10.449+0545] {dag.py:4180} INFO - Setting next_dagrun for dataset_s3_bucket_consumer_with_no_taskflow to None, run_after=None
[2025-09-21T08:37:10.449+0545] {logging_mixin.py:190} INFO - [2025-09-21T08:37:10.449+0545] {dag.py:4180} INFO - Setting next_dagrun for dataset_s3_bucket_producer_with_no_taskflow to None, run_after=None
[2025-09-21T08:37:10.467+0545] {processor.py:208} INFO - Processing /home/ashok/miniconda3/envs/mysecondenvironment/lib/python3.8/site-packages/airflow/example_dags/example_dataset_alias_with_no_taskflow.py took 0.060 seconds
[2025-09-21T08:40:22.936+0545] {processor.py:186} INFO - Started process (PID=26403) to work on /home/ashok/miniconda3/envs/mysecondenvironment/lib/python3.8/site-packages/airflow/example_dags/example_dataset_alias_with_no_taskflow.py
[2025-09-21T08:40:22.937+0545] {processor.py:914} INFO - Processing file /home/ashok/miniconda3/envs/mysecondenvironment/lib/python3.8/site-packages/airflow/example_dags/example_dataset_alias_with_no_taskflow.py for tasks to queue
[2025-09-21T08:40:22.939+0545] {logging_mixin.py:190} INFO - [2025-09-21T08:40:22.938+0545] {dagbag.py:588} INFO - Filling up the DagBag from /home/ashok/miniconda3/envs/mysecondenvironment/lib/python3.8/site-packages/airflow/example_dags/example_dataset_alias_with_no_taskflow.py
[2025-09-21T08:40:22.950+0545] {processor.py:925} INFO - DAG(s) 'dataset_alias_example_alias_producer_with_no_taskflow', 'dataset_alias_example_alias_consumer_with_no_taskflow', 'dataset_s3_bucket_consumer_with_no_taskflow', 'dataset_s3_bucket_producer_with_no_taskflow' retrieved from /home/ashok/miniconda3/envs/mysecondenvironment/lib/python3.8/site-packages/airflow/example_dags/example_dataset_alias_with_no_taskflow.py
[2025-09-21T08:40:22.958+0545] {logging_mixin.py:190} INFO - [2025-09-21T08:40:22.958+0545] {dag.py:3239} INFO - Sync 4 DAGs
[2025-09-21T08:40:22.967+0545] {logging_mixin.py:190} INFO - [2025-09-21T08:40:22.967+0545] {dag.py:4180} INFO - Setting next_dagrun for dataset_alias_example_alias_consumer_with_no_taskflow to None, run_after=None
[2025-09-21T08:40:22.968+0545] {logging_mixin.py:190} INFO - [2025-09-21T08:40:22.968+0545] {dag.py:4180} INFO - Setting next_dagrun for dataset_alias_example_alias_producer_with_no_taskflow to None, run_after=None
[2025-09-21T08:40:22.968+0545] {logging_mixin.py:190} INFO - [2025-09-21T08:40:22.968+0545] {dag.py:4180} INFO - Setting next_dagrun for dataset_s3_bucket_consumer_with_no_taskflow to None, run_after=None
[2025-09-21T08:40:22.968+0545] {logging_mixin.py:190} INFO - [2025-09-21T08:40:22.968+0545] {dag.py:4180} INFO - Setting next_dagrun for dataset_s3_bucket_producer_with_no_taskflow to None, run_after=None
[2025-09-21T08:40:22.984+0545] {processor.py:208} INFO - Processing /home/ashok/miniconda3/envs/mysecondenvironment/lib/python3.8/site-packages/airflow/example_dags/example_dataset_alias_with_no_taskflow.py took 0.052 seconds
[2025-09-21T08:41:23.738+0545] {processor.py:186} INFO - Started process (PID=26833) to work on /home/ashok/miniconda3/envs/mysecondenvironment/lib/python3.8/site-packages/airflow/example_dags/example_dataset_alias_with_no_taskflow.py
[2025-09-21T08:41:23.740+0545] {processor.py:914} INFO - Processing file /home/ashok/miniconda3/envs/mysecondenvironment/lib/python3.8/site-packages/airflow/example_dags/example_dataset_alias_with_no_taskflow.py for tasks to queue
[2025-09-21T08:41:23.742+0545] {logging_mixin.py:190} INFO - [2025-09-21T08:41:23.742+0545] {dagbag.py:588} INFO - Filling up the DagBag from /home/ashok/miniconda3/envs/mysecondenvironment/lib/python3.8/site-packages/airflow/example_dags/example_dataset_alias_with_no_taskflow.py
[2025-09-21T08:41:23.753+0545] {processor.py:925} INFO - DAG(s) 'dataset_alias_example_alias_consumer_with_no_taskflow', 'dataset_s3_bucket_consumer_with_no_taskflow', 'dataset_s3_bucket_producer_with_no_taskflow', 'dataset_alias_example_alias_producer_with_no_taskflow' retrieved from /home/ashok/miniconda3/envs/mysecondenvironment/lib/python3.8/site-packages/airflow/example_dags/example_dataset_alias_with_no_taskflow.py
[2025-09-21T08:41:23.763+0545] {logging_mixin.py:190} INFO - [2025-09-21T08:41:23.763+0545] {dag.py:3239} INFO - Sync 4 DAGs
[2025-09-21T08:41:23.772+0545] {logging_mixin.py:190} INFO - [2025-09-21T08:41:23.771+0545] {dag.py:4180} INFO - Setting next_dagrun for dataset_alias_example_alias_consumer_with_no_taskflow to None, run_after=None
[2025-09-21T08:41:23.773+0545] {logging_mixin.py:190} INFO - [2025-09-21T08:41:23.773+0545] {dag.py:4180} INFO - Setting next_dagrun for dataset_alias_example_alias_producer_with_no_taskflow to None, run_after=None
[2025-09-21T08:41:23.773+0545] {logging_mixin.py:190} INFO - [2025-09-21T08:41:23.773+0545] {dag.py:4180} INFO - Setting next_dagrun for dataset_s3_bucket_consumer_with_no_taskflow to None, run_after=None
[2025-09-21T08:41:23.773+0545] {logging_mixin.py:190} INFO - [2025-09-21T08:41:23.773+0545] {dag.py:4180} INFO - Setting next_dagrun for dataset_s3_bucket_producer_with_no_taskflow to None, run_after=None
[2025-09-21T08:41:23.790+0545] {processor.py:208} INFO - Processing /home/ashok/miniconda3/envs/mysecondenvironment/lib/python3.8/site-packages/airflow/example_dags/example_dataset_alias_with_no_taskflow.py took 0.056 seconds
[2025-09-21T08:42:20.220+0545] {processor.py:186} INFO - Started process (PID=27320) to work on /home/ashok/miniconda3/envs/mysecondenvironment/lib/python3.8/site-packages/airflow/example_dags/example_dataset_alias_with_no_taskflow.py
[2025-09-21T08:42:20.223+0545] {processor.py:914} INFO - Processing file /home/ashok/miniconda3/envs/mysecondenvironment/lib/python3.8/site-packages/airflow/example_dags/example_dataset_alias_with_no_taskflow.py for tasks to queue
[2025-09-21T08:42:20.224+0545] {logging_mixin.py:190} INFO - [2025-09-21T08:42:20.224+0545] {dagbag.py:588} INFO - Filling up the DagBag from /home/ashok/miniconda3/envs/mysecondenvironment/lib/python3.8/site-packages/airflow/example_dags/example_dataset_alias_with_no_taskflow.py
[2025-09-21T08:42:20.234+0545] {processor.py:925} INFO - DAG(s) 'dataset_alias_example_alias_producer_with_no_taskflow', 'dataset_alias_example_alias_consumer_with_no_taskflow', 'dataset_s3_bucket_consumer_with_no_taskflow', 'dataset_s3_bucket_producer_with_no_taskflow' retrieved from /home/ashok/miniconda3/envs/mysecondenvironment/lib/python3.8/site-packages/airflow/example_dags/example_dataset_alias_with_no_taskflow.py
[2025-09-21T08:42:20.243+0545] {logging_mixin.py:190} INFO - [2025-09-21T08:42:20.243+0545] {dag.py:3239} INFO - Sync 4 DAGs
[2025-09-21T08:42:20.252+0545] {logging_mixin.py:190} INFO - [2025-09-21T08:42:20.252+0545] {dag.py:4180} INFO - Setting next_dagrun for dataset_alias_example_alias_consumer_with_no_taskflow to None, run_after=None
[2025-09-21T08:42:20.254+0545] {logging_mixin.py:190} INFO - [2025-09-21T08:42:20.254+0545] {dag.py:4180} INFO - Setting next_dagrun for dataset_alias_example_alias_producer_with_no_taskflow to None, run_after=None
[2025-09-21T08:42:20.255+0545] {logging_mixin.py:190} INFO - [2025-09-21T08:42:20.255+0545] {dag.py:4180} INFO - Setting next_dagrun for dataset_s3_bucket_consumer_with_no_taskflow to None, run_after=None
[2025-09-21T08:42:20.255+0545] {logging_mixin.py:190} INFO - [2025-09-21T08:42:20.255+0545] {dag.py:4180} INFO - Setting next_dagrun for dataset_s3_bucket_producer_with_no_taskflow to None, run_after=None
[2025-09-21T08:42:20.277+0545] {processor.py:208} INFO - Processing /home/ashok/miniconda3/envs/mysecondenvironment/lib/python3.8/site-packages/airflow/example_dags/example_dataset_alias_with_no_taskflow.py took 0.060 seconds
[2025-09-21T08:43:17.224+0545] {processor.py:186} INFO - Started process (PID=27731) to work on /home/ashok/miniconda3/envs/mysecondenvironment/lib/python3.8/site-packages/airflow/example_dags/example_dataset_alias_with_no_taskflow.py
[2025-09-21T08:43:17.225+0545] {processor.py:914} INFO - Processing file /home/ashok/miniconda3/envs/mysecondenvironment/lib/python3.8/site-packages/airflow/example_dags/example_dataset_alias_with_no_taskflow.py for tasks to queue
[2025-09-21T08:43:17.226+0545] {logging_mixin.py:190} INFO - [2025-09-21T08:43:17.226+0545] {dagbag.py:588} INFO - Filling up the DagBag from /home/ashok/miniconda3/envs/mysecondenvironment/lib/python3.8/site-packages/airflow/example_dags/example_dataset_alias_with_no_taskflow.py
[2025-09-21T08:43:17.238+0545] {processor.py:925} INFO - DAG(s) 'dataset_s3_bucket_producer_with_no_taskflow', 'dataset_alias_example_alias_consumer_with_no_taskflow', 'dataset_s3_bucket_consumer_with_no_taskflow', 'dataset_alias_example_alias_producer_with_no_taskflow' retrieved from /home/ashok/miniconda3/envs/mysecondenvironment/lib/python3.8/site-packages/airflow/example_dags/example_dataset_alias_with_no_taskflow.py
[2025-09-21T08:43:17.247+0545] {logging_mixin.py:190} INFO - [2025-09-21T08:43:17.247+0545] {dag.py:3239} INFO - Sync 4 DAGs
[2025-09-21T08:43:17.257+0545] {logging_mixin.py:190} INFO - [2025-09-21T08:43:17.257+0545] {dag.py:4180} INFO - Setting next_dagrun for dataset_alias_example_alias_consumer_with_no_taskflow to None, run_after=None
[2025-09-21T08:43:17.258+0545] {logging_mixin.py:190} INFO - [2025-09-21T08:43:17.258+0545] {dag.py:4180} INFO - Setting next_dagrun for dataset_alias_example_alias_producer_with_no_taskflow to None, run_after=None
[2025-09-21T08:43:17.259+0545] {logging_mixin.py:190} INFO - [2025-09-21T08:43:17.258+0545] {dag.py:4180} INFO - Setting next_dagrun for dataset_s3_bucket_consumer_with_no_taskflow to None, run_after=None
[2025-09-21T08:43:17.259+0545] {logging_mixin.py:190} INFO - [2025-09-21T08:43:17.259+0545] {dag.py:4180} INFO - Setting next_dagrun for dataset_s3_bucket_producer_with_no_taskflow to None, run_after=None
[2025-09-21T08:43:17.276+0545] {processor.py:208} INFO - Processing /home/ashok/miniconda3/envs/mysecondenvironment/lib/python3.8/site-packages/airflow/example_dags/example_dataset_alias_with_no_taskflow.py took 0.056 seconds
[2025-09-21T08:44:14.375+0545] {processor.py:186} INFO - Started process (PID=28098) to work on /home/ashok/miniconda3/envs/mysecondenvironment/lib/python3.8/site-packages/airflow/example_dags/example_dataset_alias_with_no_taskflow.py
[2025-09-21T08:44:14.377+0545] {processor.py:914} INFO - Processing file /home/ashok/miniconda3/envs/mysecondenvironment/lib/python3.8/site-packages/airflow/example_dags/example_dataset_alias_with_no_taskflow.py for tasks to queue
[2025-09-21T08:44:14.378+0545] {logging_mixin.py:190} INFO - [2025-09-21T08:44:14.378+0545] {dagbag.py:588} INFO - Filling up the DagBag from /home/ashok/miniconda3/envs/mysecondenvironment/lib/python3.8/site-packages/airflow/example_dags/example_dataset_alias_with_no_taskflow.py
[2025-09-21T08:44:14.391+0545] {processor.py:925} INFO - DAG(s) 'dataset_s3_bucket_consumer_with_no_taskflow', 'dataset_s3_bucket_producer_with_no_taskflow', 'dataset_alias_example_alias_consumer_with_no_taskflow', 'dataset_alias_example_alias_producer_with_no_taskflow' retrieved from /home/ashok/miniconda3/envs/mysecondenvironment/lib/python3.8/site-packages/airflow/example_dags/example_dataset_alias_with_no_taskflow.py
[2025-09-21T08:44:14.400+0545] {logging_mixin.py:190} INFO - [2025-09-21T08:44:14.400+0545] {dag.py:3239} INFO - Sync 4 DAGs
[2025-09-21T08:44:14.410+0545] {logging_mixin.py:190} INFO - [2025-09-21T08:44:14.410+0545] {dag.py:4180} INFO - Setting next_dagrun for dataset_alias_example_alias_consumer_with_no_taskflow to None, run_after=None
[2025-09-21T08:44:14.411+0545] {logging_mixin.py:190} INFO - [2025-09-21T08:44:14.411+0545] {dag.py:4180} INFO - Setting next_dagrun for dataset_alias_example_alias_producer_with_no_taskflow to None, run_after=None
[2025-09-21T08:44:14.411+0545] {logging_mixin.py:190} INFO - [2025-09-21T08:44:14.411+0545] {dag.py:4180} INFO - Setting next_dagrun for dataset_s3_bucket_consumer_with_no_taskflow to None, run_after=None
[2025-09-21T08:44:14.412+0545] {logging_mixin.py:190} INFO - [2025-09-21T08:44:14.412+0545] {dag.py:4180} INFO - Setting next_dagrun for dataset_s3_bucket_producer_with_no_taskflow to None, run_after=None
[2025-09-21T08:44:14.429+0545] {processor.py:208} INFO - Processing /home/ashok/miniconda3/envs/mysecondenvironment/lib/python3.8/site-packages/airflow/example_dags/example_dataset_alias_with_no_taskflow.py took 0.057 seconds
[2025-09-21T08:45:16.779+0545] {processor.py:186} INFO - Started process (PID=28499) to work on /home/ashok/miniconda3/envs/mysecondenvironment/lib/python3.8/site-packages/airflow/example_dags/example_dataset_alias_with_no_taskflow.py
[2025-09-21T08:45:16.781+0545] {processor.py:914} INFO - Processing file /home/ashok/miniconda3/envs/mysecondenvironment/lib/python3.8/site-packages/airflow/example_dags/example_dataset_alias_with_no_taskflow.py for tasks to queue
[2025-09-21T08:45:16.782+0545] {logging_mixin.py:190} INFO - [2025-09-21T08:45:16.782+0545] {dagbag.py:588} INFO - Filling up the DagBag from /home/ashok/miniconda3/envs/mysecondenvironment/lib/python3.8/site-packages/airflow/example_dags/example_dataset_alias_with_no_taskflow.py
[2025-09-21T08:45:16.794+0545] {processor.py:925} INFO - DAG(s) 'dataset_alias_example_alias_producer_with_no_taskflow', 'dataset_alias_example_alias_consumer_with_no_taskflow', 'dataset_s3_bucket_consumer_with_no_taskflow', 'dataset_s3_bucket_producer_with_no_taskflow' retrieved from /home/ashok/miniconda3/envs/mysecondenvironment/lib/python3.8/site-packages/airflow/example_dags/example_dataset_alias_with_no_taskflow.py
[2025-09-21T08:45:16.804+0545] {logging_mixin.py:190} INFO - [2025-09-21T08:45:16.804+0545] {dag.py:3239} INFO - Sync 4 DAGs
[2025-09-21T08:45:16.813+0545] {logging_mixin.py:190} INFO - [2025-09-21T08:45:16.813+0545] {dag.py:4180} INFO - Setting next_dagrun for dataset_alias_example_alias_consumer_with_no_taskflow to None, run_after=None
[2025-09-21T08:45:16.814+0545] {logging_mixin.py:190} INFO - [2025-09-21T08:45:16.814+0545] {dag.py:4180} INFO - Setting next_dagrun for dataset_alias_example_alias_producer_with_no_taskflow to None, run_after=None
[2025-09-21T08:45:16.815+0545] {logging_mixin.py:190} INFO - [2025-09-21T08:45:16.815+0545] {dag.py:4180} INFO - Setting next_dagrun for dataset_s3_bucket_consumer_with_no_taskflow to None, run_after=None
[2025-09-21T08:45:16.815+0545] {logging_mixin.py:190} INFO - [2025-09-21T08:45:16.815+0545] {dag.py:4180} INFO - Setting next_dagrun for dataset_s3_bucket_producer_with_no_taskflow to None, run_after=None
[2025-09-21T08:45:16.832+0545] {processor.py:208} INFO - Processing /home/ashok/miniconda3/envs/mysecondenvironment/lib/python3.8/site-packages/airflow/example_dags/example_dataset_alias_with_no_taskflow.py took 0.057 seconds
[2025-09-21T08:46:14.211+0545] {processor.py:186} INFO - Started process (PID=28923) to work on /home/ashok/miniconda3/envs/mysecondenvironment/lib/python3.8/site-packages/airflow/example_dags/example_dataset_alias_with_no_taskflow.py
[2025-09-21T08:46:14.213+0545] {processor.py:914} INFO - Processing file /home/ashok/miniconda3/envs/mysecondenvironment/lib/python3.8/site-packages/airflow/example_dags/example_dataset_alias_with_no_taskflow.py for tasks to queue
[2025-09-21T08:46:14.215+0545] {logging_mixin.py:190} INFO - [2025-09-21T08:46:14.215+0545] {dagbag.py:588} INFO - Filling up the DagBag from /home/ashok/miniconda3/envs/mysecondenvironment/lib/python3.8/site-packages/airflow/example_dags/example_dataset_alias_with_no_taskflow.py
[2025-09-21T08:46:14.225+0545] {processor.py:925} INFO - DAG(s) 'dataset_alias_example_alias_consumer_with_no_taskflow', 'dataset_s3_bucket_consumer_with_no_taskflow', 'dataset_s3_bucket_producer_with_no_taskflow', 'dataset_alias_example_alias_producer_with_no_taskflow' retrieved from /home/ashok/miniconda3/envs/mysecondenvironment/lib/python3.8/site-packages/airflow/example_dags/example_dataset_alias_with_no_taskflow.py
[2025-09-21T08:46:14.235+0545] {logging_mixin.py:190} INFO - [2025-09-21T08:46:14.235+0545] {dag.py:3239} INFO - Sync 4 DAGs
[2025-09-21T08:46:14.243+0545] {logging_mixin.py:190} INFO - [2025-09-21T08:46:14.243+0545] {dag.py:4180} INFO - Setting next_dagrun for dataset_alias_example_alias_consumer_with_no_taskflow to None, run_after=None
[2025-09-21T08:46:14.244+0545] {logging_mixin.py:190} INFO - [2025-09-21T08:46:14.244+0545] {dag.py:4180} INFO - Setting next_dagrun for dataset_alias_example_alias_producer_with_no_taskflow to None, run_after=None
[2025-09-21T08:46:14.245+0545] {logging_mixin.py:190} INFO - [2025-09-21T08:46:14.245+0545] {dag.py:4180} INFO - Setting next_dagrun for dataset_s3_bucket_consumer_with_no_taskflow to None, run_after=None
[2025-09-21T08:46:14.245+0545] {logging_mixin.py:190} INFO - [2025-09-21T08:46:14.245+0545] {dag.py:4180} INFO - Setting next_dagrun for dataset_s3_bucket_producer_with_no_taskflow to None, run_after=None
[2025-09-21T08:46:14.264+0545] {processor.py:208} INFO - Processing /home/ashok/miniconda3/envs/mysecondenvironment/lib/python3.8/site-packages/airflow/example_dags/example_dataset_alias_with_no_taskflow.py took 0.057 seconds
[2025-09-21T08:47:08.465+0545] {processor.py:186} INFO - Started process (PID=29295) to work on /home/ashok/miniconda3/envs/mysecondenvironment/lib/python3.8/site-packages/airflow/example_dags/example_dataset_alias_with_no_taskflow.py
[2025-09-21T08:47:08.466+0545] {processor.py:914} INFO - Processing file /home/ashok/miniconda3/envs/mysecondenvironment/lib/python3.8/site-packages/airflow/example_dags/example_dataset_alias_with_no_taskflow.py for tasks to queue
[2025-09-21T08:47:08.467+0545] {logging_mixin.py:190} INFO - [2025-09-21T08:47:08.467+0545] {dagbag.py:588} INFO - Filling up the DagBag from /home/ashok/miniconda3/envs/mysecondenvironment/lib/python3.8/site-packages/airflow/example_dags/example_dataset_alias_with_no_taskflow.py
[2025-09-21T08:47:08.479+0545] {processor.py:925} INFO - DAG(s) 'dataset_alias_example_alias_producer_with_no_taskflow', 'dataset_s3_bucket_producer_with_no_taskflow', 'dataset_alias_example_alias_consumer_with_no_taskflow', 'dataset_s3_bucket_consumer_with_no_taskflow' retrieved from /home/ashok/miniconda3/envs/mysecondenvironment/lib/python3.8/site-packages/airflow/example_dags/example_dataset_alias_with_no_taskflow.py
[2025-09-21T08:47:08.489+0545] {logging_mixin.py:190} INFO - [2025-09-21T08:47:08.489+0545] {dag.py:3239} INFO - Sync 4 DAGs
[2025-09-21T08:47:08.498+0545] {logging_mixin.py:190} INFO - [2025-09-21T08:47:08.498+0545] {dag.py:4180} INFO - Setting next_dagrun for dataset_alias_example_alias_consumer_with_no_taskflow to None, run_after=None
[2025-09-21T08:47:08.499+0545] {logging_mixin.py:190} INFO - [2025-09-21T08:47:08.499+0545] {dag.py:4180} INFO - Setting next_dagrun for dataset_alias_example_alias_producer_with_no_taskflow to None, run_after=None
[2025-09-21T08:47:08.499+0545] {logging_mixin.py:190} INFO - [2025-09-21T08:47:08.499+0545] {dag.py:4180} INFO - Setting next_dagrun for dataset_s3_bucket_consumer_with_no_taskflow to None, run_after=None
[2025-09-21T08:47:08.500+0545] {logging_mixin.py:190} INFO - [2025-09-21T08:47:08.500+0545] {dag.py:4180} INFO - Setting next_dagrun for dataset_s3_bucket_producer_with_no_taskflow to None, run_after=None
[2025-09-21T08:47:08.517+0545] {processor.py:208} INFO - Processing /home/ashok/miniconda3/envs/mysecondenvironment/lib/python3.8/site-packages/airflow/example_dags/example_dataset_alias_with_no_taskflow.py took 0.056 seconds
[2025-09-21T09:43:58.799+0545] {processor.py:186} INFO - Started process (PID=49681) to work on /home/ashok/miniconda3/envs/mysecondenvironment/lib/python3.8/site-packages/airflow/example_dags/example_dataset_alias_with_no_taskflow.py
[2025-09-21T09:43:58.801+0545] {processor.py:914} INFO - Processing file /home/ashok/miniconda3/envs/mysecondenvironment/lib/python3.8/site-packages/airflow/example_dags/example_dataset_alias_with_no_taskflow.py for tasks to queue
[2025-09-21T09:43:58.802+0545] {logging_mixin.py:190} INFO - [2025-09-21T09:43:58.802+0545] {dagbag.py:588} INFO - Filling up the DagBag from /home/ashok/miniconda3/envs/mysecondenvironment/lib/python3.8/site-packages/airflow/example_dags/example_dataset_alias_with_no_taskflow.py
[2025-09-21T09:43:58.813+0545] {processor.py:925} INFO - DAG(s) 'dataset_s3_bucket_consumer_with_no_taskflow', 'dataset_alias_example_alias_producer_with_no_taskflow', 'dataset_alias_example_alias_consumer_with_no_taskflow', 'dataset_s3_bucket_producer_with_no_taskflow' retrieved from /home/ashok/miniconda3/envs/mysecondenvironment/lib/python3.8/site-packages/airflow/example_dags/example_dataset_alias_with_no_taskflow.py
[2025-09-21T09:43:58.824+0545] {logging_mixin.py:190} INFO - [2025-09-21T09:43:58.824+0545] {dag.py:3239} INFO - Sync 4 DAGs
[2025-09-21T09:43:58.832+0545] {logging_mixin.py:190} INFO - [2025-09-21T09:43:58.832+0545] {dag.py:4180} INFO - Setting next_dagrun for dataset_alias_example_alias_consumer_with_no_taskflow to None, run_after=None
[2025-09-21T09:43:58.834+0545] {logging_mixin.py:190} INFO - [2025-09-21T09:43:58.833+0545] {dag.py:4180} INFO - Setting next_dagrun for dataset_alias_example_alias_producer_with_no_taskflow to None, run_after=None
[2025-09-21T09:43:58.834+0545] {logging_mixin.py:190} INFO - [2025-09-21T09:43:58.834+0545] {dag.py:4180} INFO - Setting next_dagrun for dataset_s3_bucket_consumer_with_no_taskflow to None, run_after=None
[2025-09-21T09:43:58.835+0545] {logging_mixin.py:190} INFO - [2025-09-21T09:43:58.834+0545] {dag.py:4180} INFO - Setting next_dagrun for dataset_s3_bucket_producer_with_no_taskflow to None, run_after=None
[2025-09-21T09:43:58.854+0545] {processor.py:208} INFO - Processing /home/ashok/miniconda3/envs/mysecondenvironment/lib/python3.8/site-packages/airflow/example_dags/example_dataset_alias_with_no_taskflow.py took 0.057 seconds
[2025-09-21T09:47:12.018+0545] {processor.py:186} INFO - Started process (PID=52189) to work on /home/ashok/miniconda3/envs/mysecondenvironment/lib/python3.8/site-packages/airflow/example_dags/example_dataset_alias_with_no_taskflow.py
[2025-09-21T09:47:12.020+0545] {processor.py:914} INFO - Processing file /home/ashok/miniconda3/envs/mysecondenvironment/lib/python3.8/site-packages/airflow/example_dags/example_dataset_alias_with_no_taskflow.py for tasks to queue
[2025-09-21T09:47:12.022+0545] {logging_mixin.py:190} INFO - [2025-09-21T09:47:12.022+0545] {dagbag.py:588} INFO - Filling up the DagBag from /home/ashok/miniconda3/envs/mysecondenvironment/lib/python3.8/site-packages/airflow/example_dags/example_dataset_alias_with_no_taskflow.py
[2025-09-21T09:47:12.035+0545] {processor.py:925} INFO - DAG(s) 'dataset_s3_bucket_producer_with_no_taskflow', 'dataset_s3_bucket_consumer_with_no_taskflow', 'dataset_alias_example_alias_producer_with_no_taskflow', 'dataset_alias_example_alias_consumer_with_no_taskflow' retrieved from /home/ashok/miniconda3/envs/mysecondenvironment/lib/python3.8/site-packages/airflow/example_dags/example_dataset_alias_with_no_taskflow.py
[2025-09-21T09:47:12.046+0545] {logging_mixin.py:190} INFO - [2025-09-21T09:47:12.045+0545] {dag.py:3239} INFO - Sync 4 DAGs
[2025-09-21T09:47:12.057+0545] {logging_mixin.py:190} INFO - [2025-09-21T09:47:12.057+0545] {dag.py:4180} INFO - Setting next_dagrun for dataset_alias_example_alias_consumer_with_no_taskflow to None, run_after=None
[2025-09-21T09:47:12.058+0545] {logging_mixin.py:190} INFO - [2025-09-21T09:47:12.058+0545] {dag.py:4180} INFO - Setting next_dagrun for dataset_alias_example_alias_producer_with_no_taskflow to None, run_after=None
[2025-09-21T09:47:12.058+0545] {logging_mixin.py:190} INFO - [2025-09-21T09:47:12.058+0545] {dag.py:4180} INFO - Setting next_dagrun for dataset_s3_bucket_consumer_with_no_taskflow to None, run_after=None
[2025-09-21T09:47:12.059+0545] {logging_mixin.py:190} INFO - [2025-09-21T09:47:12.059+0545] {dag.py:4180} INFO - Setting next_dagrun for dataset_s3_bucket_producer_with_no_taskflow to None, run_after=None
[2025-09-21T09:47:12.076+0545] {processor.py:208} INFO - Processing /home/ashok/miniconda3/envs/mysecondenvironment/lib/python3.8/site-packages/airflow/example_dags/example_dataset_alias_with_no_taskflow.py took 0.062 seconds
[2025-09-21T09:48:10.922+0545] {processor.py:186} INFO - Started process (PID=52645) to work on /home/ashok/miniconda3/envs/mysecondenvironment/lib/python3.8/site-packages/airflow/example_dags/example_dataset_alias_with_no_taskflow.py
[2025-09-21T09:48:10.923+0545] {processor.py:914} INFO - Processing file /home/ashok/miniconda3/envs/mysecondenvironment/lib/python3.8/site-packages/airflow/example_dags/example_dataset_alias_with_no_taskflow.py for tasks to queue
[2025-09-21T09:48:10.924+0545] {logging_mixin.py:190} INFO - [2025-09-21T09:48:10.924+0545] {dagbag.py:588} INFO - Filling up the DagBag from /home/ashok/miniconda3/envs/mysecondenvironment/lib/python3.8/site-packages/airflow/example_dags/example_dataset_alias_with_no_taskflow.py
[2025-09-21T09:48:10.936+0545] {processor.py:925} INFO - DAG(s) 'dataset_s3_bucket_consumer_with_no_taskflow', 'dataset_s3_bucket_producer_with_no_taskflow', 'dataset_alias_example_alias_consumer_with_no_taskflow', 'dataset_alias_example_alias_producer_with_no_taskflow' retrieved from /home/ashok/miniconda3/envs/mysecondenvironment/lib/python3.8/site-packages/airflow/example_dags/example_dataset_alias_with_no_taskflow.py
[2025-09-21T09:48:10.945+0545] {logging_mixin.py:190} INFO - [2025-09-21T09:48:10.945+0545] {dag.py:3239} INFO - Sync 4 DAGs
[2025-09-21T09:48:10.955+0545] {logging_mixin.py:190} INFO - [2025-09-21T09:48:10.955+0545] {dag.py:4180} INFO - Setting next_dagrun for dataset_alias_example_alias_consumer_with_no_taskflow to None, run_after=None
[2025-09-21T09:48:10.956+0545] {logging_mixin.py:190} INFO - [2025-09-21T09:48:10.956+0545] {dag.py:4180} INFO - Setting next_dagrun for dataset_alias_example_alias_producer_with_no_taskflow to None, run_after=None
[2025-09-21T09:48:10.957+0545] {logging_mixin.py:190} INFO - [2025-09-21T09:48:10.957+0545] {dag.py:4180} INFO - Setting next_dagrun for dataset_s3_bucket_consumer_with_no_taskflow to None, run_after=None
[2025-09-21T09:48:10.957+0545] {logging_mixin.py:190} INFO - [2025-09-21T09:48:10.957+0545] {dag.py:4180} INFO - Setting next_dagrun for dataset_s3_bucket_producer_with_no_taskflow to None, run_after=None
[2025-09-21T09:48:10.973+0545] {processor.py:208} INFO - Processing /home/ashok/miniconda3/envs/mysecondenvironment/lib/python3.8/site-packages/airflow/example_dags/example_dataset_alias_with_no_taskflow.py took 0.054 seconds
[2025-09-21T09:49:16.947+0545] {processor.py:186} INFO - Started process (PID=53191) to work on /home/ashok/miniconda3/envs/mysecondenvironment/lib/python3.8/site-packages/airflow/example_dags/example_dataset_alias_with_no_taskflow.py
[2025-09-21T09:49:16.949+0545] {processor.py:914} INFO - Processing file /home/ashok/miniconda3/envs/mysecondenvironment/lib/python3.8/site-packages/airflow/example_dags/example_dataset_alias_with_no_taskflow.py for tasks to queue
[2025-09-21T09:49:16.950+0545] {logging_mixin.py:190} INFO - [2025-09-21T09:49:16.950+0545] {dagbag.py:588} INFO - Filling up the DagBag from /home/ashok/miniconda3/envs/mysecondenvironment/lib/python3.8/site-packages/airflow/example_dags/example_dataset_alias_with_no_taskflow.py
[2025-09-21T09:49:16.961+0545] {processor.py:925} INFO - DAG(s) 'dataset_s3_bucket_consumer_with_no_taskflow', 'dataset_alias_example_alias_producer_with_no_taskflow', 'dataset_s3_bucket_producer_with_no_taskflow', 'dataset_alias_example_alias_consumer_with_no_taskflow' retrieved from /home/ashok/miniconda3/envs/mysecondenvironment/lib/python3.8/site-packages/airflow/example_dags/example_dataset_alias_with_no_taskflow.py
[2025-09-21T09:49:16.971+0545] {logging_mixin.py:190} INFO - [2025-09-21T09:49:16.971+0545] {dag.py:3239} INFO - Sync 4 DAGs
[2025-09-21T09:49:16.980+0545] {logging_mixin.py:190} INFO - [2025-09-21T09:49:16.980+0545] {dag.py:4180} INFO - Setting next_dagrun for dataset_alias_example_alias_consumer_with_no_taskflow to None, run_after=None
[2025-09-21T09:49:16.981+0545] {logging_mixin.py:190} INFO - [2025-09-21T09:49:16.981+0545] {dag.py:4180} INFO - Setting next_dagrun for dataset_alias_example_alias_producer_with_no_taskflow to None, run_after=None
[2025-09-21T09:49:16.981+0545] {logging_mixin.py:190} INFO - [2025-09-21T09:49:16.981+0545] {dag.py:4180} INFO - Setting next_dagrun for dataset_s3_bucket_consumer_with_no_taskflow to None, run_after=None
[2025-09-21T09:49:16.982+0545] {logging_mixin.py:190} INFO - [2025-09-21T09:49:16.982+0545] {dag.py:4180} INFO - Setting next_dagrun for dataset_s3_bucket_producer_with_no_taskflow to None, run_after=None
[2025-09-21T09:49:16.998+0545] {processor.py:208} INFO - Processing /home/ashok/miniconda3/envs/mysecondenvironment/lib/python3.8/site-packages/airflow/example_dags/example_dataset_alias_with_no_taskflow.py took 0.055 seconds
[2025-09-21T09:50:12.859+0545] {processor.py:186} INFO - Started process (PID=53564) to work on /home/ashok/miniconda3/envs/mysecondenvironment/lib/python3.8/site-packages/airflow/example_dags/example_dataset_alias_with_no_taskflow.py
[2025-09-21T09:50:12.861+0545] {processor.py:914} INFO - Processing file /home/ashok/miniconda3/envs/mysecondenvironment/lib/python3.8/site-packages/airflow/example_dags/example_dataset_alias_with_no_taskflow.py for tasks to queue
[2025-09-21T09:50:12.863+0545] {logging_mixin.py:190} INFO - [2025-09-21T09:50:12.862+0545] {dagbag.py:588} INFO - Filling up the DagBag from /home/ashok/miniconda3/envs/mysecondenvironment/lib/python3.8/site-packages/airflow/example_dags/example_dataset_alias_with_no_taskflow.py
[2025-09-21T09:50:12.877+0545] {processor.py:925} INFO - DAG(s) 'dataset_s3_bucket_producer_with_no_taskflow', 'dataset_alias_example_alias_consumer_with_no_taskflow', 'dataset_s3_bucket_consumer_with_no_taskflow', 'dataset_alias_example_alias_producer_with_no_taskflow' retrieved from /home/ashok/miniconda3/envs/mysecondenvironment/lib/python3.8/site-packages/airflow/example_dags/example_dataset_alias_with_no_taskflow.py
[2025-09-21T09:50:12.888+0545] {logging_mixin.py:190} INFO - [2025-09-21T09:50:12.888+0545] {dag.py:3239} INFO - Sync 4 DAGs
[2025-09-21T09:50:12.897+0545] {logging_mixin.py:190} INFO - [2025-09-21T09:50:12.897+0545] {dag.py:4180} INFO - Setting next_dagrun for dataset_alias_example_alias_consumer_with_no_taskflow to None, run_after=None
[2025-09-21T09:50:12.898+0545] {logging_mixin.py:190} INFO - [2025-09-21T09:50:12.898+0545] {dag.py:4180} INFO - Setting next_dagrun for dataset_alias_example_alias_producer_with_no_taskflow to None, run_after=None
[2025-09-21T09:50:12.898+0545] {logging_mixin.py:190} INFO - [2025-09-21T09:50:12.898+0545] {dag.py:4180} INFO - Setting next_dagrun for dataset_s3_bucket_consumer_with_no_taskflow to None, run_after=None
[2025-09-21T09:50:12.899+0545] {logging_mixin.py:190} INFO - [2025-09-21T09:50:12.899+0545] {dag.py:4180} INFO - Setting next_dagrun for dataset_s3_bucket_producer_with_no_taskflow to None, run_after=None
[2025-09-21T09:50:12.917+0545] {processor.py:208} INFO - Processing /home/ashok/miniconda3/envs/mysecondenvironment/lib/python3.8/site-packages/airflow/example_dags/example_dataset_alias_with_no_taskflow.py took 0.061 seconds
[2025-09-21T09:51:08.052+0545] {processor.py:186} INFO - Started process (PID=53967) to work on /home/ashok/miniconda3/envs/mysecondenvironment/lib/python3.8/site-packages/airflow/example_dags/example_dataset_alias_with_no_taskflow.py
[2025-09-21T09:51:08.054+0545] {processor.py:914} INFO - Processing file /home/ashok/miniconda3/envs/mysecondenvironment/lib/python3.8/site-packages/airflow/example_dags/example_dataset_alias_with_no_taskflow.py for tasks to queue
[2025-09-21T09:51:08.055+0545] {logging_mixin.py:190} INFO - [2025-09-21T09:51:08.054+0545] {dagbag.py:588} INFO - Filling up the DagBag from /home/ashok/miniconda3/envs/mysecondenvironment/lib/python3.8/site-packages/airflow/example_dags/example_dataset_alias_with_no_taskflow.py
[2025-09-21T09:51:08.069+0545] {processor.py:925} INFO - DAG(s) 'dataset_s3_bucket_consumer_with_no_taskflow', 'dataset_alias_example_alias_consumer_with_no_taskflow', 'dataset_s3_bucket_producer_with_no_taskflow', 'dataset_alias_example_alias_producer_with_no_taskflow' retrieved from /home/ashok/miniconda3/envs/mysecondenvironment/lib/python3.8/site-packages/airflow/example_dags/example_dataset_alias_with_no_taskflow.py
[2025-09-21T09:51:08.081+0545] {logging_mixin.py:190} INFO - [2025-09-21T09:51:08.081+0545] {dag.py:3239} INFO - Sync 4 DAGs
[2025-09-21T09:51:08.091+0545] {logging_mixin.py:190} INFO - [2025-09-21T09:51:08.091+0545] {dag.py:4180} INFO - Setting next_dagrun for dataset_alias_example_alias_consumer_with_no_taskflow to None, run_after=None
[2025-09-21T09:51:08.092+0545] {logging_mixin.py:190} INFO - [2025-09-21T09:51:08.092+0545] {dag.py:4180} INFO - Setting next_dagrun for dataset_alias_example_alias_producer_with_no_taskflow to None, run_after=None
[2025-09-21T09:51:08.092+0545] {logging_mixin.py:190} INFO - [2025-09-21T09:51:08.092+0545] {dag.py:4180} INFO - Setting next_dagrun for dataset_s3_bucket_consumer_with_no_taskflow to None, run_after=None
[2025-09-21T09:51:08.092+0545] {logging_mixin.py:190} INFO - [2025-09-21T09:51:08.092+0545] {dag.py:4180} INFO - Setting next_dagrun for dataset_s3_bucket_producer_with_no_taskflow to None, run_after=None
[2025-09-21T09:51:08.114+0545] {processor.py:208} INFO - Processing /home/ashok/miniconda3/envs/mysecondenvironment/lib/python3.8/site-packages/airflow/example_dags/example_dataset_alias_with_no_taskflow.py took 0.065 seconds
[2025-09-21T09:54:00.484+0545] {processor.py:186} INFO - Started process (PID=56153) to work on /home/ashok/miniconda3/envs/mysecondenvironment/lib/python3.8/site-packages/airflow/example_dags/example_dataset_alias_with_no_taskflow.py
[2025-09-21T09:54:00.486+0545] {processor.py:914} INFO - Processing file /home/ashok/miniconda3/envs/mysecondenvironment/lib/python3.8/site-packages/airflow/example_dags/example_dataset_alias_with_no_taskflow.py for tasks to queue
[2025-09-21T09:54:00.487+0545] {logging_mixin.py:190} INFO - [2025-09-21T09:54:00.487+0545] {dagbag.py:588} INFO - Filling up the DagBag from /home/ashok/miniconda3/envs/mysecondenvironment/lib/python3.8/site-packages/airflow/example_dags/example_dataset_alias_with_no_taskflow.py
[2025-09-21T09:54:00.498+0545] {processor.py:925} INFO - DAG(s) 'dataset_s3_bucket_producer_with_no_taskflow', 'dataset_s3_bucket_consumer_with_no_taskflow', 'dataset_alias_example_alias_producer_with_no_taskflow', 'dataset_alias_example_alias_consumer_with_no_taskflow' retrieved from /home/ashok/miniconda3/envs/mysecondenvironment/lib/python3.8/site-packages/airflow/example_dags/example_dataset_alias_with_no_taskflow.py
[2025-09-21T09:54:00.507+0545] {logging_mixin.py:190} INFO - [2025-09-21T09:54:00.506+0545] {dag.py:3239} INFO - Sync 4 DAGs
[2025-09-21T09:54:00.515+0545] {logging_mixin.py:190} INFO - [2025-09-21T09:54:00.515+0545] {dag.py:4180} INFO - Setting next_dagrun for dataset_alias_example_alias_consumer_with_no_taskflow to None, run_after=None
[2025-09-21T09:54:00.516+0545] {logging_mixin.py:190} INFO - [2025-09-21T09:54:00.516+0545] {dag.py:4180} INFO - Setting next_dagrun for dataset_alias_example_alias_producer_with_no_taskflow to None, run_after=None
[2025-09-21T09:54:00.516+0545] {logging_mixin.py:190} INFO - [2025-09-21T09:54:00.516+0545] {dag.py:4180} INFO - Setting next_dagrun for dataset_s3_bucket_consumer_with_no_taskflow to None, run_after=None
[2025-09-21T09:54:00.516+0545] {logging_mixin.py:190} INFO - [2025-09-21T09:54:00.516+0545] {dag.py:4180} INFO - Setting next_dagrun for dataset_s3_bucket_producer_with_no_taskflow to None, run_after=None
[2025-09-21T09:54:00.536+0545] {processor.py:208} INFO - Processing /home/ashok/miniconda3/envs/mysecondenvironment/lib/python3.8/site-packages/airflow/example_dags/example_dataset_alias_with_no_taskflow.py took 0.056 seconds
[2025-09-21T09:54:59.463+0545] {processor.py:186} INFO - Started process (PID=56579) to work on /home/ashok/miniconda3/envs/mysecondenvironment/lib/python3.8/site-packages/airflow/example_dags/example_dataset_alias_with_no_taskflow.py
[2025-09-21T09:54:59.465+0545] {processor.py:914} INFO - Processing file /home/ashok/miniconda3/envs/mysecondenvironment/lib/python3.8/site-packages/airflow/example_dags/example_dataset_alias_with_no_taskflow.py for tasks to queue
[2025-09-21T09:54:59.466+0545] {logging_mixin.py:190} INFO - [2025-09-21T09:54:59.466+0545] {dagbag.py:588} INFO - Filling up the DagBag from /home/ashok/miniconda3/envs/mysecondenvironment/lib/python3.8/site-packages/airflow/example_dags/example_dataset_alias_with_no_taskflow.py
[2025-09-21T09:54:59.478+0545] {processor.py:925} INFO - DAG(s) 'dataset_s3_bucket_producer_with_no_taskflow', 'dataset_alias_example_alias_producer_with_no_taskflow', 'dataset_s3_bucket_consumer_with_no_taskflow', 'dataset_alias_example_alias_consumer_with_no_taskflow' retrieved from /home/ashok/miniconda3/envs/mysecondenvironment/lib/python3.8/site-packages/airflow/example_dags/example_dataset_alias_with_no_taskflow.py
[2025-09-21T09:54:59.491+0545] {logging_mixin.py:190} INFO - [2025-09-21T09:54:59.491+0545] {dag.py:3239} INFO - Sync 4 DAGs
[2025-09-21T09:54:59.501+0545] {logging_mixin.py:190} INFO - [2025-09-21T09:54:59.500+0545] {dag.py:4180} INFO - Setting next_dagrun for dataset_alias_example_alias_consumer_with_no_taskflow to None, run_after=None
[2025-09-21T09:54:59.502+0545] {logging_mixin.py:190} INFO - [2025-09-21T09:54:59.501+0545] {dag.py:4180} INFO - Setting next_dagrun for dataset_alias_example_alias_producer_with_no_taskflow to None, run_after=None
[2025-09-21T09:54:59.502+0545] {logging_mixin.py:190} INFO - [2025-09-21T09:54:59.502+0545] {dag.py:4180} INFO - Setting next_dagrun for dataset_s3_bucket_consumer_with_no_taskflow to None, run_after=None
[2025-09-21T09:54:59.502+0545] {logging_mixin.py:190} INFO - [2025-09-21T09:54:59.502+0545] {dag.py:4180} INFO - Setting next_dagrun for dataset_s3_bucket_producer_with_no_taskflow to None, run_after=None
[2025-09-21T09:54:59.519+0545] {processor.py:208} INFO - Processing /home/ashok/miniconda3/envs/mysecondenvironment/lib/python3.8/site-packages/airflow/example_dags/example_dataset_alias_with_no_taskflow.py took 0.059 seconds
[2025-09-21T09:55:56.057+0545] {processor.py:186} INFO - Started process (PID=57061) to work on /home/ashok/miniconda3/envs/mysecondenvironment/lib/python3.8/site-packages/airflow/example_dags/example_dataset_alias_with_no_taskflow.py
[2025-09-21T09:55:56.059+0545] {processor.py:914} INFO - Processing file /home/ashok/miniconda3/envs/mysecondenvironment/lib/python3.8/site-packages/airflow/example_dags/example_dataset_alias_with_no_taskflow.py for tasks to queue
[2025-09-21T09:55:56.060+0545] {logging_mixin.py:190} INFO - [2025-09-21T09:55:56.060+0545] {dagbag.py:588} INFO - Filling up the DagBag from /home/ashok/miniconda3/envs/mysecondenvironment/lib/python3.8/site-packages/airflow/example_dags/example_dataset_alias_with_no_taskflow.py
[2025-09-21T09:55:56.073+0545] {processor.py:925} INFO - DAG(s) 'dataset_alias_example_alias_producer_with_no_taskflow', 'dataset_s3_bucket_consumer_with_no_taskflow', 'dataset_alias_example_alias_consumer_with_no_taskflow', 'dataset_s3_bucket_producer_with_no_taskflow' retrieved from /home/ashok/miniconda3/envs/mysecondenvironment/lib/python3.8/site-packages/airflow/example_dags/example_dataset_alias_with_no_taskflow.py
[2025-09-21T09:55:56.083+0545] {logging_mixin.py:190} INFO - [2025-09-21T09:55:56.083+0545] {dag.py:3239} INFO - Sync 4 DAGs
[2025-09-21T09:55:56.092+0545] {logging_mixin.py:190} INFO - [2025-09-21T09:55:56.092+0545] {dag.py:4180} INFO - Setting next_dagrun for dataset_alias_example_alias_consumer_with_no_taskflow to None, run_after=None
[2025-09-21T09:55:56.093+0545] {logging_mixin.py:190} INFO - [2025-09-21T09:55:56.093+0545] {dag.py:4180} INFO - Setting next_dagrun for dataset_alias_example_alias_producer_with_no_taskflow to None, run_after=None
[2025-09-21T09:55:56.094+0545] {logging_mixin.py:190} INFO - [2025-09-21T09:55:56.094+0545] {dag.py:4180} INFO - Setting next_dagrun for dataset_s3_bucket_consumer_with_no_taskflow to None, run_after=None
[2025-09-21T09:55:56.094+0545] {logging_mixin.py:190} INFO - [2025-09-21T09:55:56.094+0545] {dag.py:4180} INFO - Setting next_dagrun for dataset_s3_bucket_producer_with_no_taskflow to None, run_after=None
[2025-09-21T09:55:56.110+0545] {processor.py:208} INFO - Processing /home/ashok/miniconda3/envs/mysecondenvironment/lib/python3.8/site-packages/airflow/example_dags/example_dataset_alias_with_no_taskflow.py took 0.057 seconds
[2025-09-21T09:56:51.447+0545] {processor.py:186} INFO - Started process (PID=57415) to work on /home/ashok/miniconda3/envs/mysecondenvironment/lib/python3.8/site-packages/airflow/example_dags/example_dataset_alias_with_no_taskflow.py
[2025-09-21T09:56:51.449+0545] {processor.py:914} INFO - Processing file /home/ashok/miniconda3/envs/mysecondenvironment/lib/python3.8/site-packages/airflow/example_dags/example_dataset_alias_with_no_taskflow.py for tasks to queue
[2025-09-21T09:56:51.450+0545] {logging_mixin.py:190} INFO - [2025-09-21T09:56:51.450+0545] {dagbag.py:588} INFO - Filling up the DagBag from /home/ashok/miniconda3/envs/mysecondenvironment/lib/python3.8/site-packages/airflow/example_dags/example_dataset_alias_with_no_taskflow.py
[2025-09-21T09:56:51.462+0545] {processor.py:925} INFO - DAG(s) 'dataset_s3_bucket_consumer_with_no_taskflow', 'dataset_s3_bucket_producer_with_no_taskflow', 'dataset_alias_example_alias_producer_with_no_taskflow', 'dataset_alias_example_alias_consumer_with_no_taskflow' retrieved from /home/ashok/miniconda3/envs/mysecondenvironment/lib/python3.8/site-packages/airflow/example_dags/example_dataset_alias_with_no_taskflow.py
[2025-09-21T09:56:51.471+0545] {logging_mixin.py:190} INFO - [2025-09-21T09:56:51.471+0545] {dag.py:3239} INFO - Sync 4 DAGs
[2025-09-21T09:56:51.482+0545] {logging_mixin.py:190} INFO - [2025-09-21T09:56:51.482+0545] {dag.py:4180} INFO - Setting next_dagrun for dataset_alias_example_alias_consumer_with_no_taskflow to None, run_after=None
[2025-09-21T09:56:51.483+0545] {logging_mixin.py:190} INFO - [2025-09-21T09:56:51.483+0545] {dag.py:4180} INFO - Setting next_dagrun for dataset_alias_example_alias_producer_with_no_taskflow to None, run_after=None
[2025-09-21T09:56:51.483+0545] {logging_mixin.py:190} INFO - [2025-09-21T09:56:51.483+0545] {dag.py:4180} INFO - Setting next_dagrun for dataset_s3_bucket_consumer_with_no_taskflow to None, run_after=None
[2025-09-21T09:56:51.484+0545] {logging_mixin.py:190} INFO - [2025-09-21T09:56:51.484+0545] {dag.py:4180} INFO - Setting next_dagrun for dataset_s3_bucket_producer_with_no_taskflow to None, run_after=None
[2025-09-21T09:56:51.500+0545] {processor.py:208} INFO - Processing /home/ashok/miniconda3/envs/mysecondenvironment/lib/python3.8/site-packages/airflow/example_dags/example_dataset_alias_with_no_taskflow.py took 0.057 seconds
[2025-09-21T09:57:46.679+0545] {processor.py:186} INFO - Started process (PID=57818) to work on /home/ashok/miniconda3/envs/mysecondenvironment/lib/python3.8/site-packages/airflow/example_dags/example_dataset_alias_with_no_taskflow.py
[2025-09-21T09:57:46.680+0545] {processor.py:914} INFO - Processing file /home/ashok/miniconda3/envs/mysecondenvironment/lib/python3.8/site-packages/airflow/example_dags/example_dataset_alias_with_no_taskflow.py for tasks to queue
[2025-09-21T09:57:46.682+0545] {logging_mixin.py:190} INFO - [2025-09-21T09:57:46.681+0545] {dagbag.py:588} INFO - Filling up the DagBag from /home/ashok/miniconda3/envs/mysecondenvironment/lib/python3.8/site-packages/airflow/example_dags/example_dataset_alias_with_no_taskflow.py
[2025-09-21T09:57:46.695+0545] {processor.py:925} INFO - DAG(s) 'dataset_s3_bucket_producer_with_no_taskflow', 'dataset_alias_example_alias_consumer_with_no_taskflow', 'dataset_alias_example_alias_producer_with_no_taskflow', 'dataset_s3_bucket_consumer_with_no_taskflow' retrieved from /home/ashok/miniconda3/envs/mysecondenvironment/lib/python3.8/site-packages/airflow/example_dags/example_dataset_alias_with_no_taskflow.py
[2025-09-21T09:57:46.705+0545] {logging_mixin.py:190} INFO - [2025-09-21T09:57:46.705+0545] {dag.py:3239} INFO - Sync 4 DAGs
[2025-09-21T09:57:46.714+0545] {logging_mixin.py:190} INFO - [2025-09-21T09:57:46.714+0545] {dag.py:4180} INFO - Setting next_dagrun for dataset_alias_example_alias_consumer_with_no_taskflow to None, run_after=None
[2025-09-21T09:57:46.715+0545] {logging_mixin.py:190} INFO - [2025-09-21T09:57:46.715+0545] {dag.py:4180} INFO - Setting next_dagrun for dataset_alias_example_alias_producer_with_no_taskflow to None, run_after=None
[2025-09-21T09:57:46.715+0545] {logging_mixin.py:190} INFO - [2025-09-21T09:57:46.715+0545] {dag.py:4180} INFO - Setting next_dagrun for dataset_s3_bucket_consumer_with_no_taskflow to None, run_after=None
[2025-09-21T09:57:46.716+0545] {logging_mixin.py:190} INFO - [2025-09-21T09:57:46.716+0545] {dag.py:4180} INFO - Setting next_dagrun for dataset_s3_bucket_producer_with_no_taskflow to None, run_after=None
[2025-09-21T09:57:46.733+0545] {processor.py:208} INFO - Processing /home/ashok/miniconda3/envs/mysecondenvironment/lib/python3.8/site-packages/airflow/example_dags/example_dataset_alias_with_no_taskflow.py took 0.059 seconds
[2025-09-21T09:58:39.849+0545] {processor.py:186} INFO - Started process (PID=58160) to work on /home/ashok/miniconda3/envs/mysecondenvironment/lib/python3.8/site-packages/airflow/example_dags/example_dataset_alias_with_no_taskflow.py
[2025-09-21T09:58:39.851+0545] {processor.py:914} INFO - Processing file /home/ashok/miniconda3/envs/mysecondenvironment/lib/python3.8/site-packages/airflow/example_dags/example_dataset_alias_with_no_taskflow.py for tasks to queue
[2025-09-21T09:58:39.853+0545] {logging_mixin.py:190} INFO - [2025-09-21T09:58:39.852+0545] {dagbag.py:588} INFO - Filling up the DagBag from /home/ashok/miniconda3/envs/mysecondenvironment/lib/python3.8/site-packages/airflow/example_dags/example_dataset_alias_with_no_taskflow.py
[2025-09-21T09:58:39.865+0545] {processor.py:925} INFO - DAG(s) 'dataset_s3_bucket_consumer_with_no_taskflow', 'dataset_alias_example_alias_consumer_with_no_taskflow', 'dataset_s3_bucket_producer_with_no_taskflow', 'dataset_alias_example_alias_producer_with_no_taskflow' retrieved from /home/ashok/miniconda3/envs/mysecondenvironment/lib/python3.8/site-packages/airflow/example_dags/example_dataset_alias_with_no_taskflow.py
[2025-09-21T09:58:39.875+0545] {logging_mixin.py:190} INFO - [2025-09-21T09:58:39.875+0545] {dag.py:3239} INFO - Sync 4 DAGs
[2025-09-21T09:58:39.884+0545] {logging_mixin.py:190} INFO - [2025-09-21T09:58:39.884+0545] {dag.py:4180} INFO - Setting next_dagrun for dataset_alias_example_alias_consumer_with_no_taskflow to None, run_after=None
[2025-09-21T09:58:39.885+0545] {logging_mixin.py:190} INFO - [2025-09-21T09:58:39.885+0545] {dag.py:4180} INFO - Setting next_dagrun for dataset_alias_example_alias_producer_with_no_taskflow to None, run_after=None
[2025-09-21T09:58:39.886+0545] {logging_mixin.py:190} INFO - [2025-09-21T09:58:39.886+0545] {dag.py:4180} INFO - Setting next_dagrun for dataset_s3_bucket_consumer_with_no_taskflow to None, run_after=None
[2025-09-21T09:58:39.886+0545] {logging_mixin.py:190} INFO - [2025-09-21T09:58:39.886+0545] {dag.py:4180} INFO - Setting next_dagrun for dataset_s3_bucket_producer_with_no_taskflow to None, run_after=None
[2025-09-21T09:58:39.902+0545] {processor.py:208} INFO - Processing /home/ashok/miniconda3/envs/mysecondenvironment/lib/python3.8/site-packages/airflow/example_dags/example_dataset_alias_with_no_taskflow.py took 0.057 seconds
[2025-09-21T09:59:34.016+0545] {processor.py:186} INFO - Started process (PID=58555) to work on /home/ashok/miniconda3/envs/mysecondenvironment/lib/python3.8/site-packages/airflow/example_dags/example_dataset_alias_with_no_taskflow.py
[2025-09-21T09:59:34.018+0545] {processor.py:914} INFO - Processing file /home/ashok/miniconda3/envs/mysecondenvironment/lib/python3.8/site-packages/airflow/example_dags/example_dataset_alias_with_no_taskflow.py for tasks to queue
[2025-09-21T09:59:34.019+0545] {logging_mixin.py:190} INFO - [2025-09-21T09:59:34.019+0545] {dagbag.py:588} INFO - Filling up the DagBag from /home/ashok/miniconda3/envs/mysecondenvironment/lib/python3.8/site-packages/airflow/example_dags/example_dataset_alias_with_no_taskflow.py
[2025-09-21T09:59:34.030+0545] {processor.py:925} INFO - DAG(s) 'dataset_alias_example_alias_producer_with_no_taskflow', 'dataset_alias_example_alias_consumer_with_no_taskflow', 'dataset_s3_bucket_consumer_with_no_taskflow', 'dataset_s3_bucket_producer_with_no_taskflow' retrieved from /home/ashok/miniconda3/envs/mysecondenvironment/lib/python3.8/site-packages/airflow/example_dags/example_dataset_alias_with_no_taskflow.py
[2025-09-21T09:59:34.040+0545] {logging_mixin.py:190} INFO - [2025-09-21T09:59:34.040+0545] {dag.py:3239} INFO - Sync 4 DAGs
[2025-09-21T09:59:34.050+0545] {logging_mixin.py:190} INFO - [2025-09-21T09:59:34.050+0545] {dag.py:4180} INFO - Setting next_dagrun for dataset_alias_example_alias_consumer_with_no_taskflow to None, run_after=None
[2025-09-21T09:59:34.051+0545] {logging_mixin.py:190} INFO - [2025-09-21T09:59:34.051+0545] {dag.py:4180} INFO - Setting next_dagrun for dataset_alias_example_alias_producer_with_no_taskflow to None, run_after=None
[2025-09-21T09:59:34.052+0545] {logging_mixin.py:190} INFO - [2025-09-21T09:59:34.052+0545] {dag.py:4180} INFO - Setting next_dagrun for dataset_s3_bucket_consumer_with_no_taskflow to None, run_after=None
[2025-09-21T09:59:34.052+0545] {logging_mixin.py:190} INFO - [2025-09-21T09:59:34.052+0545] {dag.py:4180} INFO - Setting next_dagrun for dataset_s3_bucket_producer_with_no_taskflow to None, run_after=None
[2025-09-21T09:59:34.069+0545] {processor.py:208} INFO - Processing /home/ashok/miniconda3/envs/mysecondenvironment/lib/python3.8/site-packages/airflow/example_dags/example_dataset_alias_with_no_taskflow.py took 0.057 seconds
[2025-09-21T10:00:30.137+0545] {processor.py:186} INFO - Started process (PID=58910) to work on /home/ashok/miniconda3/envs/mysecondenvironment/lib/python3.8/site-packages/airflow/example_dags/example_dataset_alias_with_no_taskflow.py
[2025-09-21T10:00:30.139+0545] {processor.py:914} INFO - Processing file /home/ashok/miniconda3/envs/mysecondenvironment/lib/python3.8/site-packages/airflow/example_dags/example_dataset_alias_with_no_taskflow.py for tasks to queue
[2025-09-21T10:00:30.140+0545] {logging_mixin.py:190} INFO - [2025-09-21T10:00:30.140+0545] {dagbag.py:588} INFO - Filling up the DagBag from /home/ashok/miniconda3/envs/mysecondenvironment/lib/python3.8/site-packages/airflow/example_dags/example_dataset_alias_with_no_taskflow.py
[2025-09-21T10:00:30.151+0545] {processor.py:925} INFO - DAG(s) 'dataset_s3_bucket_producer_with_no_taskflow', 'dataset_alias_example_alias_consumer_with_no_taskflow', 'dataset_alias_example_alias_producer_with_no_taskflow', 'dataset_s3_bucket_consumer_with_no_taskflow' retrieved from /home/ashok/miniconda3/envs/mysecondenvironment/lib/python3.8/site-packages/airflow/example_dags/example_dataset_alias_with_no_taskflow.py
[2025-09-21T10:00:30.162+0545] {logging_mixin.py:190} INFO - [2025-09-21T10:00:30.161+0545] {dag.py:3239} INFO - Sync 4 DAGs
[2025-09-21T10:00:30.170+0545] {logging_mixin.py:190} INFO - [2025-09-21T10:00:30.170+0545] {dag.py:4180} INFO - Setting next_dagrun for dataset_alias_example_alias_consumer_with_no_taskflow to None, run_after=None
[2025-09-21T10:00:30.171+0545] {logging_mixin.py:190} INFO - [2025-09-21T10:00:30.171+0545] {dag.py:4180} INFO - Setting next_dagrun for dataset_alias_example_alias_producer_with_no_taskflow to None, run_after=None
[2025-09-21T10:00:30.172+0545] {logging_mixin.py:190} INFO - [2025-09-21T10:00:30.172+0545] {dag.py:4180} INFO - Setting next_dagrun for dataset_s3_bucket_consumer_with_no_taskflow to None, run_after=None
[2025-09-21T10:00:30.172+0545] {logging_mixin.py:190} INFO - [2025-09-21T10:00:30.172+0545] {dag.py:4180} INFO - Setting next_dagrun for dataset_s3_bucket_producer_with_no_taskflow to None, run_after=None
[2025-09-21T10:00:30.189+0545] {processor.py:208} INFO - Processing /home/ashok/miniconda3/envs/mysecondenvironment/lib/python3.8/site-packages/airflow/example_dags/example_dataset_alias_with_no_taskflow.py took 0.055 seconds
[2025-09-21T10:03:40.178+0545] {processor.py:186} INFO - Started process (PID=60998) to work on /home/ashok/miniconda3/envs/mysecondenvironment/lib/python3.8/site-packages/airflow/example_dags/example_dataset_alias_with_no_taskflow.py
[2025-09-21T10:03:40.180+0545] {processor.py:914} INFO - Processing file /home/ashok/miniconda3/envs/mysecondenvironment/lib/python3.8/site-packages/airflow/example_dags/example_dataset_alias_with_no_taskflow.py for tasks to queue
[2025-09-21T10:03:40.182+0545] {logging_mixin.py:190} INFO - [2025-09-21T10:03:40.182+0545] {dagbag.py:588} INFO - Filling up the DagBag from /home/ashok/miniconda3/envs/mysecondenvironment/lib/python3.8/site-packages/airflow/example_dags/example_dataset_alias_with_no_taskflow.py
[2025-09-21T10:03:40.192+0545] {processor.py:925} INFO - DAG(s) 'dataset_alias_example_alias_consumer_with_no_taskflow', 'dataset_s3_bucket_producer_with_no_taskflow', 'dataset_s3_bucket_consumer_with_no_taskflow', 'dataset_alias_example_alias_producer_with_no_taskflow' retrieved from /home/ashok/miniconda3/envs/mysecondenvironment/lib/python3.8/site-packages/airflow/example_dags/example_dataset_alias_with_no_taskflow.py
[2025-09-21T10:03:40.201+0545] {logging_mixin.py:190} INFO - [2025-09-21T10:03:40.201+0545] {dag.py:3239} INFO - Sync 4 DAGs
[2025-09-21T10:03:40.210+0545] {logging_mixin.py:190} INFO - [2025-09-21T10:03:40.209+0545] {dag.py:4180} INFO - Setting next_dagrun for dataset_alias_example_alias_consumer_with_no_taskflow to None, run_after=None
[2025-09-21T10:03:40.211+0545] {logging_mixin.py:190} INFO - [2025-09-21T10:03:40.210+0545] {dag.py:4180} INFO - Setting next_dagrun for dataset_alias_example_alias_producer_with_no_taskflow to None, run_after=None
[2025-09-21T10:03:40.212+0545] {logging_mixin.py:190} INFO - [2025-09-21T10:03:40.211+0545] {dag.py:4180} INFO - Setting next_dagrun for dataset_s3_bucket_consumer_with_no_taskflow to None, run_after=None
[2025-09-21T10:03:40.212+0545] {logging_mixin.py:190} INFO - [2025-09-21T10:03:40.212+0545] {dag.py:4180} INFO - Setting next_dagrun for dataset_s3_bucket_producer_with_no_taskflow to None, run_after=None
[2025-09-21T10:03:40.229+0545] {processor.py:208} INFO - Processing /home/ashok/miniconda3/envs/mysecondenvironment/lib/python3.8/site-packages/airflow/example_dags/example_dataset_alias_with_no_taskflow.py took 0.054 seconds
[2025-09-21T10:04:36.898+0545] {processor.py:186} INFO - Started process (PID=61405) to work on /home/ashok/miniconda3/envs/mysecondenvironment/lib/python3.8/site-packages/airflow/example_dags/example_dataset_alias_with_no_taskflow.py
[2025-09-21T10:04:36.900+0545] {processor.py:914} INFO - Processing file /home/ashok/miniconda3/envs/mysecondenvironment/lib/python3.8/site-packages/airflow/example_dags/example_dataset_alias_with_no_taskflow.py for tasks to queue
[2025-09-21T10:04:36.902+0545] {logging_mixin.py:190} INFO - [2025-09-21T10:04:36.901+0545] {dagbag.py:588} INFO - Filling up the DagBag from /home/ashok/miniconda3/envs/mysecondenvironment/lib/python3.8/site-packages/airflow/example_dags/example_dataset_alias_with_no_taskflow.py
[2025-09-21T10:04:36.913+0545] {processor.py:925} INFO - DAG(s) 'dataset_alias_example_alias_producer_with_no_taskflow', 'dataset_alias_example_alias_consumer_with_no_taskflow', 'dataset_s3_bucket_producer_with_no_taskflow', 'dataset_s3_bucket_consumer_with_no_taskflow' retrieved from /home/ashok/miniconda3/envs/mysecondenvironment/lib/python3.8/site-packages/airflow/example_dags/example_dataset_alias_with_no_taskflow.py
[2025-09-21T10:04:36.925+0545] {logging_mixin.py:190} INFO - [2025-09-21T10:04:36.925+0545] {dag.py:3239} INFO - Sync 4 DAGs
[2025-09-21T10:04:36.935+0545] {logging_mixin.py:190} INFO - [2025-09-21T10:04:36.935+0545] {dag.py:4180} INFO - Setting next_dagrun for dataset_alias_example_alias_consumer_with_no_taskflow to None, run_after=None
[2025-09-21T10:04:36.936+0545] {logging_mixin.py:190} INFO - [2025-09-21T10:04:36.936+0545] {dag.py:4180} INFO - Setting next_dagrun for dataset_alias_example_alias_producer_with_no_taskflow to None, run_after=None
[2025-09-21T10:04:36.936+0545] {logging_mixin.py:190} INFO - [2025-09-21T10:04:36.936+0545] {dag.py:4180} INFO - Setting next_dagrun for dataset_s3_bucket_consumer_with_no_taskflow to None, run_after=None
[2025-09-21T10:04:36.936+0545] {logging_mixin.py:190} INFO - [2025-09-21T10:04:36.936+0545] {dag.py:4180} INFO - Setting next_dagrun for dataset_s3_bucket_producer_with_no_taskflow to None, run_after=None
[2025-09-21T10:04:36.952+0545] {processor.py:208} INFO - Processing /home/ashok/miniconda3/envs/mysecondenvironment/lib/python3.8/site-packages/airflow/example_dags/example_dataset_alias_with_no_taskflow.py took 0.058 seconds
[2025-09-21T10:05:33.281+0545] {processor.py:186} INFO - Started process (PID=61835) to work on /home/ashok/miniconda3/envs/mysecondenvironment/lib/python3.8/site-packages/airflow/example_dags/example_dataset_alias_with_no_taskflow.py
[2025-09-21T10:05:33.283+0545] {processor.py:914} INFO - Processing file /home/ashok/miniconda3/envs/mysecondenvironment/lib/python3.8/site-packages/airflow/example_dags/example_dataset_alias_with_no_taskflow.py for tasks to queue
[2025-09-21T10:05:33.285+0545] {logging_mixin.py:190} INFO - [2025-09-21T10:05:33.284+0545] {dagbag.py:588} INFO - Filling up the DagBag from /home/ashok/miniconda3/envs/mysecondenvironment/lib/python3.8/site-packages/airflow/example_dags/example_dataset_alias_with_no_taskflow.py
[2025-09-21T10:05:33.296+0545] {processor.py:925} INFO - DAG(s) 'dataset_s3_bucket_producer_with_no_taskflow', 'dataset_alias_example_alias_producer_with_no_taskflow', 'dataset_alias_example_alias_consumer_with_no_taskflow', 'dataset_s3_bucket_consumer_with_no_taskflow' retrieved from /home/ashok/miniconda3/envs/mysecondenvironment/lib/python3.8/site-packages/airflow/example_dags/example_dataset_alias_with_no_taskflow.py
[2025-09-21T10:05:33.304+0545] {logging_mixin.py:190} INFO - [2025-09-21T10:05:33.304+0545] {dag.py:3239} INFO - Sync 4 DAGs
[2025-09-21T10:05:33.313+0545] {logging_mixin.py:190} INFO - [2025-09-21T10:05:33.313+0545] {dag.py:4180} INFO - Setting next_dagrun for dataset_alias_example_alias_consumer_with_no_taskflow to None, run_after=None
[2025-09-21T10:05:33.314+0545] {logging_mixin.py:190} INFO - [2025-09-21T10:05:33.314+0545] {dag.py:4180} INFO - Setting next_dagrun for dataset_alias_example_alias_producer_with_no_taskflow to None, run_after=None
[2025-09-21T10:05:33.314+0545] {logging_mixin.py:190} INFO - [2025-09-21T10:05:33.314+0545] {dag.py:4180} INFO - Setting next_dagrun for dataset_s3_bucket_consumer_with_no_taskflow to None, run_after=None
[2025-09-21T10:05:33.315+0545] {logging_mixin.py:190} INFO - [2025-09-21T10:05:33.315+0545] {dag.py:4180} INFO - Setting next_dagrun for dataset_s3_bucket_producer_with_no_taskflow to None, run_after=None
[2025-09-21T10:05:33.334+0545] {processor.py:208} INFO - Processing /home/ashok/miniconda3/envs/mysecondenvironment/lib/python3.8/site-packages/airflow/example_dags/example_dataset_alias_with_no_taskflow.py took 0.056 seconds
[2025-09-21T10:06:29.408+0545] {processor.py:186} INFO - Started process (PID=62292) to work on /home/ashok/miniconda3/envs/mysecondenvironment/lib/python3.8/site-packages/airflow/example_dags/example_dataset_alias_with_no_taskflow.py
[2025-09-21T10:06:29.410+0545] {processor.py:914} INFO - Processing file /home/ashok/miniconda3/envs/mysecondenvironment/lib/python3.8/site-packages/airflow/example_dags/example_dataset_alias_with_no_taskflow.py for tasks to queue
[2025-09-21T10:06:29.412+0545] {logging_mixin.py:190} INFO - [2025-09-21T10:06:29.411+0545] {dagbag.py:588} INFO - Filling up the DagBag from /home/ashok/miniconda3/envs/mysecondenvironment/lib/python3.8/site-packages/airflow/example_dags/example_dataset_alias_with_no_taskflow.py
[2025-09-21T10:06:29.422+0545] {processor.py:925} INFO - DAG(s) 'dataset_s3_bucket_producer_with_no_taskflow', 'dataset_s3_bucket_consumer_with_no_taskflow', 'dataset_alias_example_alias_producer_with_no_taskflow', 'dataset_alias_example_alias_consumer_with_no_taskflow' retrieved from /home/ashok/miniconda3/envs/mysecondenvironment/lib/python3.8/site-packages/airflow/example_dags/example_dataset_alias_with_no_taskflow.py
[2025-09-21T10:06:29.431+0545] {logging_mixin.py:190} INFO - [2025-09-21T10:06:29.431+0545] {dag.py:3239} INFO - Sync 4 DAGs
[2025-09-21T10:06:29.439+0545] {logging_mixin.py:190} INFO - [2025-09-21T10:06:29.439+0545] {dag.py:4180} INFO - Setting next_dagrun for dataset_alias_example_alias_consumer_with_no_taskflow to None, run_after=None
[2025-09-21T10:06:29.440+0545] {logging_mixin.py:190} INFO - [2025-09-21T10:06:29.440+0545] {dag.py:4180} INFO - Setting next_dagrun for dataset_alias_example_alias_producer_with_no_taskflow to None, run_after=None
[2025-09-21T10:06:29.441+0545] {logging_mixin.py:190} INFO - [2025-09-21T10:06:29.441+0545] {dag.py:4180} INFO - Setting next_dagrun for dataset_s3_bucket_consumer_with_no_taskflow to None, run_after=None
[2025-09-21T10:06:29.441+0545] {logging_mixin.py:190} INFO - [2025-09-21T10:06:29.441+0545] {dag.py:4180} INFO - Setting next_dagrun for dataset_s3_bucket_producer_with_no_taskflow to None, run_after=None
[2025-09-21T10:06:29.459+0545] {processor.py:208} INFO - Processing /home/ashok/miniconda3/envs/mysecondenvironment/lib/python3.8/site-packages/airflow/example_dags/example_dataset_alias_with_no_taskflow.py took 0.055 seconds
[2025-09-21T10:07:24.730+0545] {processor.py:186} INFO - Started process (PID=62787) to work on /home/ashok/miniconda3/envs/mysecondenvironment/lib/python3.8/site-packages/airflow/example_dags/example_dataset_alias_with_no_taskflow.py
[2025-09-21T10:07:24.732+0545] {processor.py:914} INFO - Processing file /home/ashok/miniconda3/envs/mysecondenvironment/lib/python3.8/site-packages/airflow/example_dags/example_dataset_alias_with_no_taskflow.py for tasks to queue
[2025-09-21T10:07:24.733+0545] {logging_mixin.py:190} INFO - [2025-09-21T10:07:24.733+0545] {dagbag.py:588} INFO - Filling up the DagBag from /home/ashok/miniconda3/envs/mysecondenvironment/lib/python3.8/site-packages/airflow/example_dags/example_dataset_alias_with_no_taskflow.py
[2025-09-21T10:07:24.744+0545] {processor.py:925} INFO - DAG(s) 'dataset_alias_example_alias_consumer_with_no_taskflow', 'dataset_s3_bucket_producer_with_no_taskflow', 'dataset_s3_bucket_consumer_with_no_taskflow', 'dataset_alias_example_alias_producer_with_no_taskflow' retrieved from /home/ashok/miniconda3/envs/mysecondenvironment/lib/python3.8/site-packages/airflow/example_dags/example_dataset_alias_with_no_taskflow.py
[2025-09-21T10:07:24.753+0545] {logging_mixin.py:190} INFO - [2025-09-21T10:07:24.752+0545] {dag.py:3239} INFO - Sync 4 DAGs
[2025-09-21T10:07:24.761+0545] {logging_mixin.py:190} INFO - [2025-09-21T10:07:24.761+0545] {dag.py:4180} INFO - Setting next_dagrun for dataset_alias_example_alias_consumer_with_no_taskflow to None, run_after=None
[2025-09-21T10:07:24.762+0545] {logging_mixin.py:190} INFO - [2025-09-21T10:07:24.762+0545] {dag.py:4180} INFO - Setting next_dagrun for dataset_alias_example_alias_producer_with_no_taskflow to None, run_after=None
[2025-09-21T10:07:24.763+0545] {logging_mixin.py:190} INFO - [2025-09-21T10:07:24.763+0545] {dag.py:4180} INFO - Setting next_dagrun for dataset_s3_bucket_consumer_with_no_taskflow to None, run_after=None
[2025-09-21T10:07:24.763+0545] {logging_mixin.py:190} INFO - [2025-09-21T10:07:24.763+0545] {dag.py:4180} INFO - Setting next_dagrun for dataset_s3_bucket_producer_with_no_taskflow to None, run_after=None
[2025-09-21T10:07:24.781+0545] {processor.py:208} INFO - Processing /home/ashok/miniconda3/envs/mysecondenvironment/lib/python3.8/site-packages/airflow/example_dags/example_dataset_alias_with_no_taskflow.py took 0.055 seconds
[2025-09-21T10:08:24.178+0545] {processor.py:186} INFO - Started process (PID=63309) to work on /home/ashok/miniconda3/envs/mysecondenvironment/lib/python3.8/site-packages/airflow/example_dags/example_dataset_alias_with_no_taskflow.py
[2025-09-21T10:08:24.180+0545] {processor.py:914} INFO - Processing file /home/ashok/miniconda3/envs/mysecondenvironment/lib/python3.8/site-packages/airflow/example_dags/example_dataset_alias_with_no_taskflow.py for tasks to queue
[2025-09-21T10:08:24.182+0545] {logging_mixin.py:190} INFO - [2025-09-21T10:08:24.181+0545] {dagbag.py:588} INFO - Filling up the DagBag from /home/ashok/miniconda3/envs/mysecondenvironment/lib/python3.8/site-packages/airflow/example_dags/example_dataset_alias_with_no_taskflow.py
[2025-09-21T10:08:24.194+0545] {processor.py:925} INFO - DAG(s) 'dataset_s3_bucket_consumer_with_no_taskflow', 'dataset_alias_example_alias_producer_with_no_taskflow', 'dataset_alias_example_alias_consumer_with_no_taskflow', 'dataset_s3_bucket_producer_with_no_taskflow' retrieved from /home/ashok/miniconda3/envs/mysecondenvironment/lib/python3.8/site-packages/airflow/example_dags/example_dataset_alias_with_no_taskflow.py
[2025-09-21T10:08:24.204+0545] {logging_mixin.py:190} INFO - [2025-09-21T10:08:24.204+0545] {dag.py:3239} INFO - Sync 4 DAGs
[2025-09-21T10:08:24.213+0545] {logging_mixin.py:190} INFO - [2025-09-21T10:08:24.213+0545] {dag.py:4180} INFO - Setting next_dagrun for dataset_alias_example_alias_consumer_with_no_taskflow to None, run_after=None
[2025-09-21T10:08:24.214+0545] {logging_mixin.py:190} INFO - [2025-09-21T10:08:24.214+0545] {dag.py:4180} INFO - Setting next_dagrun for dataset_alias_example_alias_producer_with_no_taskflow to None, run_after=None
[2025-09-21T10:08:24.214+0545] {logging_mixin.py:190} INFO - [2025-09-21T10:08:24.214+0545] {dag.py:4180} INFO - Setting next_dagrun for dataset_s3_bucket_consumer_with_no_taskflow to None, run_after=None
[2025-09-21T10:08:24.215+0545] {logging_mixin.py:190} INFO - [2025-09-21T10:08:24.215+0545] {dag.py:4180} INFO - Setting next_dagrun for dataset_s3_bucket_producer_with_no_taskflow to None, run_after=None
[2025-09-21T10:08:24.232+0545] {processor.py:208} INFO - Processing /home/ashok/miniconda3/envs/mysecondenvironment/lib/python3.8/site-packages/airflow/example_dags/example_dataset_alias_with_no_taskflow.py took 0.057 seconds
[2025-09-21T10:09:20.109+0545] {processor.py:186} INFO - Started process (PID=63862) to work on /home/ashok/miniconda3/envs/mysecondenvironment/lib/python3.8/site-packages/airflow/example_dags/example_dataset_alias_with_no_taskflow.py
[2025-09-21T10:09:20.112+0545] {processor.py:914} INFO - Processing file /home/ashok/miniconda3/envs/mysecondenvironment/lib/python3.8/site-packages/airflow/example_dags/example_dataset_alias_with_no_taskflow.py for tasks to queue
[2025-09-21T10:09:20.113+0545] {logging_mixin.py:190} INFO - [2025-09-21T10:09:20.113+0545] {dagbag.py:588} INFO - Filling up the DagBag from /home/ashok/miniconda3/envs/mysecondenvironment/lib/python3.8/site-packages/airflow/example_dags/example_dataset_alias_with_no_taskflow.py
[2025-09-21T10:09:20.126+0545] {processor.py:925} INFO - DAG(s) 'dataset_alias_example_alias_consumer_with_no_taskflow', 'dataset_s3_bucket_consumer_with_no_taskflow', 'dataset_alias_example_alias_producer_with_no_taskflow', 'dataset_s3_bucket_producer_with_no_taskflow' retrieved from /home/ashok/miniconda3/envs/mysecondenvironment/lib/python3.8/site-packages/airflow/example_dags/example_dataset_alias_with_no_taskflow.py
[2025-09-21T10:09:20.134+0545] {logging_mixin.py:190} INFO - [2025-09-21T10:09:20.134+0545] {dag.py:3239} INFO - Sync 4 DAGs
[2025-09-21T10:09:20.143+0545] {logging_mixin.py:190} INFO - [2025-09-21T10:09:20.143+0545] {dag.py:4180} INFO - Setting next_dagrun for dataset_alias_example_alias_consumer_with_no_taskflow to None, run_after=None
[2025-09-21T10:09:20.144+0545] {logging_mixin.py:190} INFO - [2025-09-21T10:09:20.144+0545] {dag.py:4180} INFO - Setting next_dagrun for dataset_alias_example_alias_producer_with_no_taskflow to None, run_after=None
[2025-09-21T10:09:20.145+0545] {logging_mixin.py:190} INFO - [2025-09-21T10:09:20.145+0545] {dag.py:4180} INFO - Setting next_dagrun for dataset_s3_bucket_consumer_with_no_taskflow to None, run_after=None
[2025-09-21T10:09:20.145+0545] {logging_mixin.py:190} INFO - [2025-09-21T10:09:20.145+0545] {dag.py:4180} INFO - Setting next_dagrun for dataset_s3_bucket_producer_with_no_taskflow to None, run_after=None
[2025-09-21T10:09:20.161+0545] {processor.py:208} INFO - Processing /home/ashok/miniconda3/envs/mysecondenvironment/lib/python3.8/site-packages/airflow/example_dags/example_dataset_alias_with_no_taskflow.py took 0.056 seconds
[2025-09-21T10:10:13.626+0545] {processor.py:186} INFO - Started process (PID=64353) to work on /home/ashok/miniconda3/envs/mysecondenvironment/lib/python3.8/site-packages/airflow/example_dags/example_dataset_alias_with_no_taskflow.py
[2025-09-21T10:10:13.628+0545] {processor.py:914} INFO - Processing file /home/ashok/miniconda3/envs/mysecondenvironment/lib/python3.8/site-packages/airflow/example_dags/example_dataset_alias_with_no_taskflow.py for tasks to queue
[2025-09-21T10:10:13.629+0545] {logging_mixin.py:190} INFO - [2025-09-21T10:10:13.629+0545] {dagbag.py:588} INFO - Filling up the DagBag from /home/ashok/miniconda3/envs/mysecondenvironment/lib/python3.8/site-packages/airflow/example_dags/example_dataset_alias_with_no_taskflow.py
[2025-09-21T10:10:13.642+0545] {processor.py:925} INFO - DAG(s) 'dataset_alias_example_alias_consumer_with_no_taskflow', 'dataset_s3_bucket_consumer_with_no_taskflow', 'dataset_s3_bucket_producer_with_no_taskflow', 'dataset_alias_example_alias_producer_with_no_taskflow' retrieved from /home/ashok/miniconda3/envs/mysecondenvironment/lib/python3.8/site-packages/airflow/example_dags/example_dataset_alias_with_no_taskflow.py
[2025-09-21T10:10:13.653+0545] {logging_mixin.py:190} INFO - [2025-09-21T10:10:13.652+0545] {dag.py:3239} INFO - Sync 4 DAGs
[2025-09-21T10:10:13.663+0545] {logging_mixin.py:190} INFO - [2025-09-21T10:10:13.663+0545] {dag.py:4180} INFO - Setting next_dagrun for dataset_alias_example_alias_consumer_with_no_taskflow to None, run_after=None
[2025-09-21T10:10:13.664+0545] {logging_mixin.py:190} INFO - [2025-09-21T10:10:13.664+0545] {dag.py:4180} INFO - Setting next_dagrun for dataset_alias_example_alias_producer_with_no_taskflow to None, run_after=None
[2025-09-21T10:10:13.664+0545] {logging_mixin.py:190} INFO - [2025-09-21T10:10:13.664+0545] {dag.py:4180} INFO - Setting next_dagrun for dataset_s3_bucket_consumer_with_no_taskflow to None, run_after=None
[2025-09-21T10:10:13.665+0545] {logging_mixin.py:190} INFO - [2025-09-21T10:10:13.665+0545] {dag.py:4180} INFO - Setting next_dagrun for dataset_s3_bucket_producer_with_no_taskflow to None, run_after=None
[2025-09-21T10:10:13.683+0545] {processor.py:208} INFO - Processing /home/ashok/miniconda3/envs/mysecondenvironment/lib/python3.8/site-packages/airflow/example_dags/example_dataset_alias_with_no_taskflow.py took 0.060 seconds
[2025-09-21T10:11:09.615+0545] {processor.py:186} INFO - Started process (PID=64930) to work on /home/ashok/miniconda3/envs/mysecondenvironment/lib/python3.8/site-packages/airflow/example_dags/example_dataset_alias_with_no_taskflow.py
[2025-09-21T10:11:09.616+0545] {processor.py:914} INFO - Processing file /home/ashok/miniconda3/envs/mysecondenvironment/lib/python3.8/site-packages/airflow/example_dags/example_dataset_alias_with_no_taskflow.py for tasks to queue
[2025-09-21T10:11:09.619+0545] {logging_mixin.py:190} INFO - [2025-09-21T10:11:09.618+0545] {dagbag.py:588} INFO - Filling up the DagBag from /home/ashok/miniconda3/envs/mysecondenvironment/lib/python3.8/site-packages/airflow/example_dags/example_dataset_alias_with_no_taskflow.py
[2025-09-21T10:11:09.632+0545] {processor.py:925} INFO - DAG(s) 'dataset_alias_example_alias_consumer_with_no_taskflow', 'dataset_s3_bucket_consumer_with_no_taskflow', 'dataset_alias_example_alias_producer_with_no_taskflow', 'dataset_s3_bucket_producer_with_no_taskflow' retrieved from /home/ashok/miniconda3/envs/mysecondenvironment/lib/python3.8/site-packages/airflow/example_dags/example_dataset_alias_with_no_taskflow.py
[2025-09-21T10:11:09.647+0545] {logging_mixin.py:190} INFO - [2025-09-21T10:11:09.646+0545] {dag.py:3239} INFO - Sync 4 DAGs
[2025-09-21T10:11:09.657+0545] {logging_mixin.py:190} INFO - [2025-09-21T10:11:09.657+0545] {dag.py:4180} INFO - Setting next_dagrun for dataset_alias_example_alias_consumer_with_no_taskflow to None, run_after=None
[2025-09-21T10:11:09.659+0545] {logging_mixin.py:190} INFO - [2025-09-21T10:11:09.658+0545] {dag.py:4180} INFO - Setting next_dagrun for dataset_alias_example_alias_producer_with_no_taskflow to None, run_after=None
[2025-09-21T10:11:09.659+0545] {logging_mixin.py:190} INFO - [2025-09-21T10:11:09.659+0545] {dag.py:4180} INFO - Setting next_dagrun for dataset_s3_bucket_consumer_with_no_taskflow to None, run_after=None
[2025-09-21T10:11:09.659+0545] {logging_mixin.py:190} INFO - [2025-09-21T10:11:09.659+0545] {dag.py:4180} INFO - Setting next_dagrun for dataset_s3_bucket_producer_with_no_taskflow to None, run_after=None
[2025-09-21T10:11:09.677+0545] {processor.py:208} INFO - Processing /home/ashok/miniconda3/envs/mysecondenvironment/lib/python3.8/site-packages/airflow/example_dags/example_dataset_alias_with_no_taskflow.py took 0.066 seconds
[2025-09-21T10:12:04.047+0545] {processor.py:186} INFO - Started process (PID=65324) to work on /home/ashok/miniconda3/envs/mysecondenvironment/lib/python3.8/site-packages/airflow/example_dags/example_dataset_alias_with_no_taskflow.py
[2025-09-21T10:12:04.050+0545] {processor.py:914} INFO - Processing file /home/ashok/miniconda3/envs/mysecondenvironment/lib/python3.8/site-packages/airflow/example_dags/example_dataset_alias_with_no_taskflow.py for tasks to queue
[2025-09-21T10:12:04.051+0545] {logging_mixin.py:190} INFO - [2025-09-21T10:12:04.051+0545] {dagbag.py:588} INFO - Filling up the DagBag from /home/ashok/miniconda3/envs/mysecondenvironment/lib/python3.8/site-packages/airflow/example_dags/example_dataset_alias_with_no_taskflow.py
[2025-09-21T10:12:04.062+0545] {processor.py:925} INFO - DAG(s) 'dataset_s3_bucket_producer_with_no_taskflow', 'dataset_alias_example_alias_consumer_with_no_taskflow', 'dataset_s3_bucket_consumer_with_no_taskflow', 'dataset_alias_example_alias_producer_with_no_taskflow' retrieved from /home/ashok/miniconda3/envs/mysecondenvironment/lib/python3.8/site-packages/airflow/example_dags/example_dataset_alias_with_no_taskflow.py
[2025-09-21T10:12:04.072+0545] {logging_mixin.py:190} INFO - [2025-09-21T10:12:04.071+0545] {dag.py:3239} INFO - Sync 4 DAGs
[2025-09-21T10:12:04.080+0545] {logging_mixin.py:190} INFO - [2025-09-21T10:12:04.080+0545] {dag.py:4180} INFO - Setting next_dagrun for dataset_alias_example_alias_consumer_with_no_taskflow to None, run_after=None
[2025-09-21T10:12:04.081+0545] {logging_mixin.py:190} INFO - [2025-09-21T10:12:04.081+0545] {dag.py:4180} INFO - Setting next_dagrun for dataset_alias_example_alias_producer_with_no_taskflow to None, run_after=None
[2025-09-21T10:12:04.081+0545] {logging_mixin.py:190} INFO - [2025-09-21T10:12:04.081+0545] {dag.py:4180} INFO - Setting next_dagrun for dataset_s3_bucket_consumer_with_no_taskflow to None, run_after=None
[2025-09-21T10:12:04.082+0545] {logging_mixin.py:190} INFO - [2025-09-21T10:12:04.081+0545] {dag.py:4180} INFO - Setting next_dagrun for dataset_s3_bucket_producer_with_no_taskflow to None, run_after=None
[2025-09-21T10:12:04.104+0545] {processor.py:208} INFO - Processing /home/ashok/miniconda3/envs/mysecondenvironment/lib/python3.8/site-packages/airflow/example_dags/example_dataset_alias_with_no_taskflow.py took 0.060 seconds
[2025-09-21T10:12:58.756+0545] {processor.py:186} INFO - Started process (PID=65696) to work on /home/ashok/miniconda3/envs/mysecondenvironment/lib/python3.8/site-packages/airflow/example_dags/example_dataset_alias_with_no_taskflow.py
[2025-09-21T10:12:58.757+0545] {processor.py:914} INFO - Processing file /home/ashok/miniconda3/envs/mysecondenvironment/lib/python3.8/site-packages/airflow/example_dags/example_dataset_alias_with_no_taskflow.py for tasks to queue
[2025-09-21T10:12:58.759+0545] {logging_mixin.py:190} INFO - [2025-09-21T10:12:58.759+0545] {dagbag.py:588} INFO - Filling up the DagBag from /home/ashok/miniconda3/envs/mysecondenvironment/lib/python3.8/site-packages/airflow/example_dags/example_dataset_alias_with_no_taskflow.py
[2025-09-21T10:12:58.770+0545] {processor.py:925} INFO - DAG(s) 'dataset_s3_bucket_producer_with_no_taskflow', 'dataset_alias_example_alias_consumer_with_no_taskflow', 'dataset_s3_bucket_consumer_with_no_taskflow', 'dataset_alias_example_alias_producer_with_no_taskflow' retrieved from /home/ashok/miniconda3/envs/mysecondenvironment/lib/python3.8/site-packages/airflow/example_dags/example_dataset_alias_with_no_taskflow.py
[2025-09-21T10:12:58.778+0545] {logging_mixin.py:190} INFO - [2025-09-21T10:12:58.778+0545] {dag.py:3239} INFO - Sync 4 DAGs
[2025-09-21T10:12:58.788+0545] {logging_mixin.py:190} INFO - [2025-09-21T10:12:58.788+0545] {dag.py:4180} INFO - Setting next_dagrun for dataset_alias_example_alias_consumer_with_no_taskflow to None, run_after=None
[2025-09-21T10:12:58.789+0545] {logging_mixin.py:190} INFO - [2025-09-21T10:12:58.789+0545] {dag.py:4180} INFO - Setting next_dagrun for dataset_alias_example_alias_producer_with_no_taskflow to None, run_after=None
[2025-09-21T10:12:58.789+0545] {logging_mixin.py:190} INFO - [2025-09-21T10:12:58.789+0545] {dag.py:4180} INFO - Setting next_dagrun for dataset_s3_bucket_consumer_with_no_taskflow to None, run_after=None
[2025-09-21T10:12:58.790+0545] {logging_mixin.py:190} INFO - [2025-09-21T10:12:58.790+0545] {dag.py:4180} INFO - Setting next_dagrun for dataset_s3_bucket_producer_with_no_taskflow to None, run_after=None
[2025-09-21T10:12:58.809+0545] {processor.py:208} INFO - Processing /home/ashok/miniconda3/envs/mysecondenvironment/lib/python3.8/site-packages/airflow/example_dags/example_dataset_alias_with_no_taskflow.py took 0.056 seconds
[2025-09-21T10:13:56.547+0545] {processor.py:186} INFO - Started process (PID=66237) to work on /home/ashok/miniconda3/envs/mysecondenvironment/lib/python3.8/site-packages/airflow/example_dags/example_dataset_alias_with_no_taskflow.py
[2025-09-21T10:13:56.549+0545] {processor.py:914} INFO - Processing file /home/ashok/miniconda3/envs/mysecondenvironment/lib/python3.8/site-packages/airflow/example_dags/example_dataset_alias_with_no_taskflow.py for tasks to queue
[2025-09-21T10:13:56.551+0545] {logging_mixin.py:190} INFO - [2025-09-21T10:13:56.550+0545] {dagbag.py:588} INFO - Filling up the DagBag from /home/ashok/miniconda3/envs/mysecondenvironment/lib/python3.8/site-packages/airflow/example_dags/example_dataset_alias_with_no_taskflow.py
[2025-09-21T10:13:56.564+0545] {processor.py:925} INFO - DAG(s) 'dataset_s3_bucket_producer_with_no_taskflow', 'dataset_alias_example_alias_producer_with_no_taskflow', 'dataset_alias_example_alias_consumer_with_no_taskflow', 'dataset_s3_bucket_consumer_with_no_taskflow' retrieved from /home/ashok/miniconda3/envs/mysecondenvironment/lib/python3.8/site-packages/airflow/example_dags/example_dataset_alias_with_no_taskflow.py
[2025-09-21T10:13:56.574+0545] {logging_mixin.py:190} INFO - [2025-09-21T10:13:56.574+0545] {dag.py:3239} INFO - Sync 4 DAGs
[2025-09-21T10:13:56.585+0545] {logging_mixin.py:190} INFO - [2025-09-21T10:13:56.585+0545] {dag.py:4180} INFO - Setting next_dagrun for dataset_alias_example_alias_consumer_with_no_taskflow to None, run_after=None
[2025-09-21T10:13:56.586+0545] {logging_mixin.py:190} INFO - [2025-09-21T10:13:56.586+0545] {dag.py:4180} INFO - Setting next_dagrun for dataset_alias_example_alias_producer_with_no_taskflow to None, run_after=None
[2025-09-21T10:13:56.586+0545] {logging_mixin.py:190} INFO - [2025-09-21T10:13:56.586+0545] {dag.py:4180} INFO - Setting next_dagrun for dataset_s3_bucket_consumer_with_no_taskflow to None, run_after=None
[2025-09-21T10:13:56.587+0545] {logging_mixin.py:190} INFO - [2025-09-21T10:13:56.587+0545] {dag.py:4180} INFO - Setting next_dagrun for dataset_s3_bucket_producer_with_no_taskflow to None, run_after=None
[2025-09-21T10:13:56.604+0545] {processor.py:208} INFO - Processing /home/ashok/miniconda3/envs/mysecondenvironment/lib/python3.8/site-packages/airflow/example_dags/example_dataset_alias_with_no_taskflow.py took 0.061 seconds
