[2025-09-21T08:37:39.150+0545] {processor.py:186} INFO - Started process (PID=24130) to work on /home/ashok/miniconda3/envs/mysecondenvironment/lib/python3.8/site-packages/airflow/example_dags/example_branch_python_dop_operator_3.py
[2025-09-21T08:37:39.151+0545] {processor.py:914} INFO - Processing file /home/ashok/miniconda3/envs/mysecondenvironment/lib/python3.8/site-packages/airflow/example_dags/example_branch_python_dop_operator_3.py for tasks to queue
[2025-09-21T08:37:39.152+0545] {logging_mixin.py:190} INFO - [2025-09-21T08:37:39.152+0545] {dagbag.py:588} INFO - Filling up the DagBag from /home/ashok/miniconda3/envs/mysecondenvironment/lib/python3.8/site-packages/airflow/example_dags/example_branch_python_dop_operator_3.py
[2025-09-21T08:37:39.158+0545] {processor.py:925} INFO - DAG(s) 'example_branch_dop_operator_v3' retrieved from /home/ashok/miniconda3/envs/mysecondenvironment/lib/python3.8/site-packages/airflow/example_dags/example_branch_python_dop_operator_3.py
[2025-09-21T08:37:39.166+0545] {logging_mixin.py:190} INFO - [2025-09-21T08:37:39.166+0545] {dag.py:3239} INFO - Sync 1 DAGs
[2025-09-21T08:37:39.176+0545] {logging_mixin.py:190} INFO - [2025-09-21T08:37:39.176+0545] {dag.py:4180} INFO - Setting next_dagrun for example_branch_dop_operator_v3 to 2025-09-21 02:51:00+00:00, run_after=2025-09-21 02:52:00+00:00
[2025-09-21T08:37:39.195+0545] {processor.py:208} INFO - Processing /home/ashok/miniconda3/envs/mysecondenvironment/lib/python3.8/site-packages/airflow/example_dags/example_branch_python_dop_operator_3.py took 0.048 seconds
[2025-09-21T08:40:34.960+0545] {processor.py:186} INFO - Started process (PID=26506) to work on /home/ashok/miniconda3/envs/mysecondenvironment/lib/python3.8/site-packages/airflow/example_dags/example_branch_python_dop_operator_3.py
[2025-09-21T08:40:34.962+0545] {processor.py:914} INFO - Processing file /home/ashok/miniconda3/envs/mysecondenvironment/lib/python3.8/site-packages/airflow/example_dags/example_branch_python_dop_operator_3.py for tasks to queue
[2025-09-21T08:40:34.963+0545] {logging_mixin.py:190} INFO - [2025-09-21T08:40:34.963+0545] {dagbag.py:588} INFO - Filling up the DagBag from /home/ashok/miniconda3/envs/mysecondenvironment/lib/python3.8/site-packages/airflow/example_dags/example_branch_python_dop_operator_3.py
[2025-09-21T08:40:34.969+0545] {processor.py:925} INFO - DAG(s) 'example_branch_dop_operator_v3' retrieved from /home/ashok/miniconda3/envs/mysecondenvironment/lib/python3.8/site-packages/airflow/example_dags/example_branch_python_dop_operator_3.py
[2025-09-21T08:40:34.977+0545] {logging_mixin.py:190} INFO - [2025-09-21T08:40:34.977+0545] {dag.py:3239} INFO - Sync 1 DAGs
[2025-09-21T08:40:34.988+0545] {logging_mixin.py:190} INFO - [2025-09-21T08:40:34.988+0545] {dag.py:4180} INFO - Setting next_dagrun for example_branch_dop_operator_v3 to 2025-09-21 02:54:00+00:00, run_after=2025-09-21 02:55:00+00:00
[2025-09-21T08:40:35.003+0545] {processor.py:208} INFO - Processing /home/ashok/miniconda3/envs/mysecondenvironment/lib/python3.8/site-packages/airflow/example_dags/example_branch_python_dop_operator_3.py took 0.048 seconds
[2025-09-21T08:41:36.773+0545] {processor.py:186} INFO - Started process (PID=26938) to work on /home/ashok/miniconda3/envs/mysecondenvironment/lib/python3.8/site-packages/airflow/example_dags/example_branch_python_dop_operator_3.py
[2025-09-21T08:41:36.774+0545] {processor.py:914} INFO - Processing file /home/ashok/miniconda3/envs/mysecondenvironment/lib/python3.8/site-packages/airflow/example_dags/example_branch_python_dop_operator_3.py for tasks to queue
[2025-09-21T08:41:36.775+0545] {logging_mixin.py:190} INFO - [2025-09-21T08:41:36.775+0545] {dagbag.py:588} INFO - Filling up the DagBag from /home/ashok/miniconda3/envs/mysecondenvironment/lib/python3.8/site-packages/airflow/example_dags/example_branch_python_dop_operator_3.py
[2025-09-21T08:41:36.782+0545] {processor.py:925} INFO - DAG(s) 'example_branch_dop_operator_v3' retrieved from /home/ashok/miniconda3/envs/mysecondenvironment/lib/python3.8/site-packages/airflow/example_dags/example_branch_python_dop_operator_3.py
[2025-09-21T08:41:36.791+0545] {logging_mixin.py:190} INFO - [2025-09-21T08:41:36.791+0545] {dag.py:3239} INFO - Sync 1 DAGs
[2025-09-21T08:41:36.803+0545] {logging_mixin.py:190} INFO - [2025-09-21T08:41:36.803+0545] {dag.py:4180} INFO - Setting next_dagrun for example_branch_dop_operator_v3 to 2025-09-21 02:55:00+00:00, run_after=2025-09-21 02:56:00+00:00
[2025-09-21T08:41:36.820+0545] {processor.py:208} INFO - Processing /home/ashok/miniconda3/envs/mysecondenvironment/lib/python3.8/site-packages/airflow/example_dags/example_branch_python_dop_operator_3.py took 0.051 seconds
[2025-09-21T08:42:32.944+0545] {processor.py:186} INFO - Started process (PID=27424) to work on /home/ashok/miniconda3/envs/mysecondenvironment/lib/python3.8/site-packages/airflow/example_dags/example_branch_python_dop_operator_3.py
[2025-09-21T08:42:32.947+0545] {processor.py:914} INFO - Processing file /home/ashok/miniconda3/envs/mysecondenvironment/lib/python3.8/site-packages/airflow/example_dags/example_branch_python_dop_operator_3.py for tasks to queue
[2025-09-21T08:42:32.948+0545] {logging_mixin.py:190} INFO - [2025-09-21T08:42:32.948+0545] {dagbag.py:588} INFO - Filling up the DagBag from /home/ashok/miniconda3/envs/mysecondenvironment/lib/python3.8/site-packages/airflow/example_dags/example_branch_python_dop_operator_3.py
[2025-09-21T08:42:32.953+0545] {processor.py:925} INFO - DAG(s) 'example_branch_dop_operator_v3' retrieved from /home/ashok/miniconda3/envs/mysecondenvironment/lib/python3.8/site-packages/airflow/example_dags/example_branch_python_dop_operator_3.py
[2025-09-21T08:42:32.961+0545] {logging_mixin.py:190} INFO - [2025-09-21T08:42:32.960+0545] {dag.py:3239} INFO - Sync 1 DAGs
[2025-09-21T08:42:32.971+0545] {logging_mixin.py:190} INFO - [2025-09-21T08:42:32.971+0545] {dag.py:4180} INFO - Setting next_dagrun for example_branch_dop_operator_v3 to 2025-09-21 02:56:00+00:00, run_after=2025-09-21 02:57:00+00:00
[2025-09-21T08:42:32.991+0545] {processor.py:208} INFO - Processing /home/ashok/miniconda3/envs/mysecondenvironment/lib/python3.8/site-packages/airflow/example_dags/example_branch_python_dop_operator_3.py took 0.050 seconds
[2025-09-21T08:43:29.303+0545] {processor.py:186} INFO - Started process (PID=27800) to work on /home/ashok/miniconda3/envs/mysecondenvironment/lib/python3.8/site-packages/airflow/example_dags/example_branch_python_dop_operator_3.py
[2025-09-21T08:43:29.304+0545] {processor.py:914} INFO - Processing file /home/ashok/miniconda3/envs/mysecondenvironment/lib/python3.8/site-packages/airflow/example_dags/example_branch_python_dop_operator_3.py for tasks to queue
[2025-09-21T08:43:29.305+0545] {logging_mixin.py:190} INFO - [2025-09-21T08:43:29.305+0545] {dagbag.py:588} INFO - Filling up the DagBag from /home/ashok/miniconda3/envs/mysecondenvironment/lib/python3.8/site-packages/airflow/example_dags/example_branch_python_dop_operator_3.py
[2025-09-21T08:43:29.311+0545] {processor.py:925} INFO - DAG(s) 'example_branch_dop_operator_v3' retrieved from /home/ashok/miniconda3/envs/mysecondenvironment/lib/python3.8/site-packages/airflow/example_dags/example_branch_python_dop_operator_3.py
[2025-09-21T08:43:29.319+0545] {logging_mixin.py:190} INFO - [2025-09-21T08:43:29.319+0545] {dag.py:3239} INFO - Sync 1 DAGs
[2025-09-21T08:43:29.331+0545] {logging_mixin.py:190} INFO - [2025-09-21T08:43:29.330+0545] {dag.py:4180} INFO - Setting next_dagrun for example_branch_dop_operator_v3 to 2025-09-21 02:57:00+00:00, run_after=2025-09-21 02:58:00+00:00
[2025-09-21T08:43:29.347+0545] {processor.py:208} INFO - Processing /home/ashok/miniconda3/envs/mysecondenvironment/lib/python3.8/site-packages/airflow/example_dags/example_branch_python_dop_operator_3.py took 0.048 seconds
[2025-09-21T08:44:53.194+0545] {processor.py:186} INFO - Started process (PID=28335) to work on /home/ashok/miniconda3/envs/mysecondenvironment/lib/python3.8/site-packages/airflow/example_dags/example_branch_python_dop_operator_3.py
[2025-09-21T08:44:53.196+0545] {processor.py:914} INFO - Processing file /home/ashok/miniconda3/envs/mysecondenvironment/lib/python3.8/site-packages/airflow/example_dags/example_branch_python_dop_operator_3.py for tasks to queue
[2025-09-21T08:44:53.197+0545] {logging_mixin.py:190} INFO - [2025-09-21T08:44:53.196+0545] {dagbag.py:588} INFO - Filling up the DagBag from /home/ashok/miniconda3/envs/mysecondenvironment/lib/python3.8/site-packages/airflow/example_dags/example_branch_python_dop_operator_3.py
[2025-09-21T08:44:53.202+0545] {processor.py:925} INFO - DAG(s) 'example_branch_dop_operator_v3' retrieved from /home/ashok/miniconda3/envs/mysecondenvironment/lib/python3.8/site-packages/airflow/example_dags/example_branch_python_dop_operator_3.py
[2025-09-21T08:44:53.210+0545] {logging_mixin.py:190} INFO - [2025-09-21T08:44:53.210+0545] {dag.py:3239} INFO - Sync 1 DAGs
[2025-09-21T08:44:53.220+0545] {logging_mixin.py:190} INFO - [2025-09-21T08:44:53.220+0545] {dag.py:4180} INFO - Setting next_dagrun for example_branch_dop_operator_v3 to 2025-09-21 02:58:00+00:00, run_after=2025-09-21 02:59:00+00:00
[2025-09-21T08:44:53.237+0545] {processor.py:208} INFO - Processing /home/ashok/miniconda3/envs/mysecondenvironment/lib/python3.8/site-packages/airflow/example_dags/example_branch_python_dop_operator_3.py took 0.047 seconds
[2025-09-21T08:45:53.628+0545] {processor.py:186} INFO - Started process (PID=28764) to work on /home/ashok/miniconda3/envs/mysecondenvironment/lib/python3.8/site-packages/airflow/example_dags/example_branch_python_dop_operator_3.py
[2025-09-21T08:45:53.630+0545] {processor.py:914} INFO - Processing file /home/ashok/miniconda3/envs/mysecondenvironment/lib/python3.8/site-packages/airflow/example_dags/example_branch_python_dop_operator_3.py for tasks to queue
[2025-09-21T08:45:53.631+0545] {logging_mixin.py:190} INFO - [2025-09-21T08:45:53.631+0545] {dagbag.py:588} INFO - Filling up the DagBag from /home/ashok/miniconda3/envs/mysecondenvironment/lib/python3.8/site-packages/airflow/example_dags/example_branch_python_dop_operator_3.py
[2025-09-21T08:45:53.637+0545] {processor.py:925} INFO - DAG(s) 'example_branch_dop_operator_v3' retrieved from /home/ashok/miniconda3/envs/mysecondenvironment/lib/python3.8/site-packages/airflow/example_dags/example_branch_python_dop_operator_3.py
[2025-09-21T08:45:53.647+0545] {logging_mixin.py:190} INFO - [2025-09-21T08:45:53.647+0545] {dag.py:3239} INFO - Sync 1 DAGs
[2025-09-21T08:45:53.658+0545] {logging_mixin.py:190} INFO - [2025-09-21T08:45:53.658+0545] {dag.py:4180} INFO - Setting next_dagrun for example_branch_dop_operator_v3 to 2025-09-21 02:59:00+00:00, run_after=2025-09-21 03:00:00+00:00
[2025-09-21T08:45:53.673+0545] {processor.py:208} INFO - Processing /home/ashok/miniconda3/envs/mysecondenvironment/lib/python3.8/site-packages/airflow/example_dags/example_branch_python_dop_operator_3.py took 0.049 seconds
[2025-09-21T08:46:51.298+0545] {processor.py:186} INFO - Started process (PID=29173) to work on /home/ashok/miniconda3/envs/mysecondenvironment/lib/python3.8/site-packages/airflow/example_dags/example_branch_python_dop_operator_3.py
[2025-09-21T08:46:51.299+0545] {processor.py:914} INFO - Processing file /home/ashok/miniconda3/envs/mysecondenvironment/lib/python3.8/site-packages/airflow/example_dags/example_branch_python_dop_operator_3.py for tasks to queue
[2025-09-21T08:46:51.300+0545] {logging_mixin.py:190} INFO - [2025-09-21T08:46:51.300+0545] {dagbag.py:588} INFO - Filling up the DagBag from /home/ashok/miniconda3/envs/mysecondenvironment/lib/python3.8/site-packages/airflow/example_dags/example_branch_python_dop_operator_3.py
[2025-09-21T08:46:51.306+0545] {processor.py:925} INFO - DAG(s) 'example_branch_dop_operator_v3' retrieved from /home/ashok/miniconda3/envs/mysecondenvironment/lib/python3.8/site-packages/airflow/example_dags/example_branch_python_dop_operator_3.py
[2025-09-21T08:46:51.315+0545] {logging_mixin.py:190} INFO - [2025-09-21T08:46:51.315+0545] {dag.py:3239} INFO - Sync 1 DAGs
[2025-09-21T08:46:51.326+0545] {logging_mixin.py:190} INFO - [2025-09-21T08:46:51.326+0545] {dag.py:4180} INFO - Setting next_dagrun for example_branch_dop_operator_v3 to 2025-09-21 03:00:00+00:00, run_after=2025-09-21 03:01:00+00:00
[2025-09-21T08:46:51.340+0545] {processor.py:208} INFO - Processing /home/ashok/miniconda3/envs/mysecondenvironment/lib/python3.8/site-packages/airflow/example_dags/example_branch_python_dop_operator_3.py took 0.046 seconds
[2025-09-21T09:44:09.699+0545] {processor.py:186} INFO - Started process (PID=49751) to work on /home/ashok/miniconda3/envs/mysecondenvironment/lib/python3.8/site-packages/airflow/example_dags/example_branch_python_dop_operator_3.py
[2025-09-21T09:44:09.701+0545] {processor.py:914} INFO - Processing file /home/ashok/miniconda3/envs/mysecondenvironment/lib/python3.8/site-packages/airflow/example_dags/example_branch_python_dop_operator_3.py for tasks to queue
[2025-09-21T09:44:09.702+0545] {logging_mixin.py:190} INFO - [2025-09-21T09:44:09.702+0545] {dagbag.py:588} INFO - Filling up the DagBag from /home/ashok/miniconda3/envs/mysecondenvironment/lib/python3.8/site-packages/airflow/example_dags/example_branch_python_dop_operator_3.py
[2025-09-21T09:44:09.711+0545] {processor.py:925} INFO - DAG(s) 'example_branch_dop_operator_v3' retrieved from /home/ashok/miniconda3/envs/mysecondenvironment/lib/python3.8/site-packages/airflow/example_dags/example_branch_python_dop_operator_3.py
[2025-09-21T09:44:09.720+0545] {logging_mixin.py:190} INFO - [2025-09-21T09:44:09.719+0545] {dag.py:3239} INFO - Sync 1 DAGs
[2025-09-21T09:44:09.731+0545] {logging_mixin.py:190} INFO - [2025-09-21T09:44:09.731+0545] {dag.py:4180} INFO - Setting next_dagrun for example_branch_dop_operator_v3 to 2025-09-21 03:58:00+00:00, run_after=2025-09-21 03:59:00+00:00
[2025-09-21T09:44:09.747+0545] {processor.py:208} INFO - Processing /home/ashok/miniconda3/envs/mysecondenvironment/lib/python3.8/site-packages/airflow/example_dags/example_branch_python_dop_operator_3.py took 0.052 seconds
[2025-09-21T09:47:24.753+0545] {processor.py:186} INFO - Started process (PID=52331) to work on /home/ashok/miniconda3/envs/mysecondenvironment/lib/python3.8/site-packages/airflow/example_dags/example_branch_python_dop_operator_3.py
[2025-09-21T09:47:24.754+0545] {processor.py:914} INFO - Processing file /home/ashok/miniconda3/envs/mysecondenvironment/lib/python3.8/site-packages/airflow/example_dags/example_branch_python_dop_operator_3.py for tasks to queue
[2025-09-21T09:47:24.756+0545] {logging_mixin.py:190} INFO - [2025-09-21T09:47:24.756+0545] {dagbag.py:588} INFO - Filling up the DagBag from /home/ashok/miniconda3/envs/mysecondenvironment/lib/python3.8/site-packages/airflow/example_dags/example_branch_python_dop_operator_3.py
[2025-09-21T09:47:24.764+0545] {processor.py:925} INFO - DAG(s) 'example_branch_dop_operator_v3' retrieved from /home/ashok/miniconda3/envs/mysecondenvironment/lib/python3.8/site-packages/airflow/example_dags/example_branch_python_dop_operator_3.py
[2025-09-21T09:47:24.774+0545] {logging_mixin.py:190} INFO - [2025-09-21T09:47:24.774+0545] {dag.py:3239} INFO - Sync 1 DAGs
[2025-09-21T09:47:24.785+0545] {logging_mixin.py:190} INFO - [2025-09-21T09:47:24.785+0545] {dag.py:4180} INFO - Setting next_dagrun for example_branch_dop_operator_v3 to 2025-09-21 04:01:00+00:00, run_after=2025-09-21 04:02:00+00:00
[2025-09-21T09:47:24.801+0545] {processor.py:208} INFO - Processing /home/ashok/miniconda3/envs/mysecondenvironment/lib/python3.8/site-packages/airflow/example_dags/example_branch_python_dop_operator_3.py took 0.053 seconds
[2025-09-21T09:48:22.401+0545] {processor.py:186} INFO - Started process (PID=52724) to work on /home/ashok/miniconda3/envs/mysecondenvironment/lib/python3.8/site-packages/airflow/example_dags/example_branch_python_dop_operator_3.py
[2025-09-21T09:48:22.403+0545] {processor.py:914} INFO - Processing file /home/ashok/miniconda3/envs/mysecondenvironment/lib/python3.8/site-packages/airflow/example_dags/example_branch_python_dop_operator_3.py for tasks to queue
[2025-09-21T09:48:22.404+0545] {logging_mixin.py:190} INFO - [2025-09-21T09:48:22.404+0545] {dagbag.py:588} INFO - Filling up the DagBag from /home/ashok/miniconda3/envs/mysecondenvironment/lib/python3.8/site-packages/airflow/example_dags/example_branch_python_dop_operator_3.py
[2025-09-21T09:48:22.411+0545] {processor.py:925} INFO - DAG(s) 'example_branch_dop_operator_v3' retrieved from /home/ashok/miniconda3/envs/mysecondenvironment/lib/python3.8/site-packages/airflow/example_dags/example_branch_python_dop_operator_3.py
[2025-09-21T09:48:22.419+0545] {logging_mixin.py:190} INFO - [2025-09-21T09:48:22.419+0545] {dag.py:3239} INFO - Sync 1 DAGs
[2025-09-21T09:48:22.431+0545] {logging_mixin.py:190} INFO - [2025-09-21T09:48:22.431+0545] {dag.py:4180} INFO - Setting next_dagrun for example_branch_dop_operator_v3 to 2025-09-21 04:02:00+00:00, run_after=2025-09-21 04:03:00+00:00
[2025-09-21T09:48:22.448+0545] {processor.py:208} INFO - Processing /home/ashok/miniconda3/envs/mysecondenvironment/lib/python3.8/site-packages/airflow/example_dags/example_branch_python_dop_operator_3.py took 0.050 seconds
[2025-09-21T09:49:52.590+0545] {processor.py:186} INFO - Started process (PID=53434) to work on /home/ashok/miniconda3/envs/mysecondenvironment/lib/python3.8/site-packages/airflow/example_dags/example_branch_python_dop_operator_3.py
[2025-09-21T09:49:52.592+0545] {processor.py:914} INFO - Processing file /home/ashok/miniconda3/envs/mysecondenvironment/lib/python3.8/site-packages/airflow/example_dags/example_branch_python_dop_operator_3.py for tasks to queue
[2025-09-21T09:49:52.594+0545] {logging_mixin.py:190} INFO - [2025-09-21T09:49:52.594+0545] {dagbag.py:588} INFO - Filling up the DagBag from /home/ashok/miniconda3/envs/mysecondenvironment/lib/python3.8/site-packages/airflow/example_dags/example_branch_python_dop_operator_3.py
[2025-09-21T09:49:52.599+0545] {processor.py:925} INFO - DAG(s) 'example_branch_dop_operator_v3' retrieved from /home/ashok/miniconda3/envs/mysecondenvironment/lib/python3.8/site-packages/airflow/example_dags/example_branch_python_dop_operator_3.py
[2025-09-21T09:49:52.607+0545] {logging_mixin.py:190} INFO - [2025-09-21T09:49:52.607+0545] {dag.py:3239} INFO - Sync 1 DAGs
[2025-09-21T09:49:52.617+0545] {logging_mixin.py:190} INFO - [2025-09-21T09:49:52.617+0545] {dag.py:4180} INFO - Setting next_dagrun for example_branch_dop_operator_v3 to 2025-09-21 04:03:00+00:00, run_after=2025-09-21 04:04:00+00:00
[2025-09-21T09:49:52.637+0545] {processor.py:208} INFO - Processing /home/ashok/miniconda3/envs/mysecondenvironment/lib/python3.8/site-packages/airflow/example_dags/example_branch_python_dop_operator_3.py took 0.051 seconds
[2025-09-21T09:50:49.991+0545] {processor.py:186} INFO - Started process (PID=53852) to work on /home/ashok/miniconda3/envs/mysecondenvironment/lib/python3.8/site-packages/airflow/example_dags/example_branch_python_dop_operator_3.py
[2025-09-21T09:50:49.992+0545] {processor.py:914} INFO - Processing file /home/ashok/miniconda3/envs/mysecondenvironment/lib/python3.8/site-packages/airflow/example_dags/example_branch_python_dop_operator_3.py for tasks to queue
[2025-09-21T09:50:49.994+0545] {logging_mixin.py:190} INFO - [2025-09-21T09:50:49.993+0545] {dagbag.py:588} INFO - Filling up the DagBag from /home/ashok/miniconda3/envs/mysecondenvironment/lib/python3.8/site-packages/airflow/example_dags/example_branch_python_dop_operator_3.py
[2025-09-21T09:50:50.000+0545] {processor.py:925} INFO - DAG(s) 'example_branch_dop_operator_v3' retrieved from /home/ashok/miniconda3/envs/mysecondenvironment/lib/python3.8/site-packages/airflow/example_dags/example_branch_python_dop_operator_3.py
[2025-09-21T09:50:50.008+0545] {logging_mixin.py:190} INFO - [2025-09-21T09:50:50.008+0545] {dag.py:3239} INFO - Sync 1 DAGs
[2025-09-21T09:50:50.018+0545] {logging_mixin.py:190} INFO - [2025-09-21T09:50:50.018+0545] {dag.py:4180} INFO - Setting next_dagrun for example_branch_dop_operator_v3 to 2025-09-21 04:04:00+00:00, run_after=2025-09-21 04:05:00+00:00
[2025-09-21T09:50:50.034+0545] {processor.py:208} INFO - Processing /home/ashok/miniconda3/envs/mysecondenvironment/lib/python3.8/site-packages/airflow/example_dags/example_branch_python_dop_operator_3.py took 0.047 seconds
[2025-09-21T09:54:13.430+0545] {processor.py:186} INFO - Started process (PID=56226) to work on /home/ashok/miniconda3/envs/mysecondenvironment/lib/python3.8/site-packages/airflow/example_dags/example_branch_python_dop_operator_3.py
[2025-09-21T09:54:13.431+0545] {processor.py:914} INFO - Processing file /home/ashok/miniconda3/envs/mysecondenvironment/lib/python3.8/site-packages/airflow/example_dags/example_branch_python_dop_operator_3.py for tasks to queue
[2025-09-21T09:54:13.432+0545] {logging_mixin.py:190} INFO - [2025-09-21T09:54:13.432+0545] {dagbag.py:588} INFO - Filling up the DagBag from /home/ashok/miniconda3/envs/mysecondenvironment/lib/python3.8/site-packages/airflow/example_dags/example_branch_python_dop_operator_3.py
[2025-09-21T09:54:13.439+0545] {processor.py:925} INFO - DAG(s) 'example_branch_dop_operator_v3' retrieved from /home/ashok/miniconda3/envs/mysecondenvironment/lib/python3.8/site-packages/airflow/example_dags/example_branch_python_dop_operator_3.py
[2025-09-21T09:54:13.448+0545] {logging_mixin.py:190} INFO - [2025-09-21T09:54:13.448+0545] {dag.py:3239} INFO - Sync 1 DAGs
[2025-09-21T09:54:13.459+0545] {logging_mixin.py:190} INFO - [2025-09-21T09:54:13.459+0545] {dag.py:4180} INFO - Setting next_dagrun for example_branch_dop_operator_v3 to 2025-09-21 04:08:00+00:00, run_after=2025-09-21 04:09:00+00:00
[2025-09-21T09:54:13.475+0545] {processor.py:208} INFO - Processing /home/ashok/miniconda3/envs/mysecondenvironment/lib/python3.8/site-packages/airflow/example_dags/example_branch_python_dop_operator_3.py took 0.049 seconds
[2025-09-21T09:55:10.892+0545] {processor.py:186} INFO - Started process (PID=56662) to work on /home/ashok/miniconda3/envs/mysecondenvironment/lib/python3.8/site-packages/airflow/example_dags/example_branch_python_dop_operator_3.py
[2025-09-21T09:55:10.894+0545] {processor.py:914} INFO - Processing file /home/ashok/miniconda3/envs/mysecondenvironment/lib/python3.8/site-packages/airflow/example_dags/example_branch_python_dop_operator_3.py for tasks to queue
[2025-09-21T09:55:10.895+0545] {logging_mixin.py:190} INFO - [2025-09-21T09:55:10.895+0545] {dagbag.py:588} INFO - Filling up the DagBag from /home/ashok/miniconda3/envs/mysecondenvironment/lib/python3.8/site-packages/airflow/example_dags/example_branch_python_dop_operator_3.py
[2025-09-21T09:55:10.901+0545] {processor.py:925} INFO - DAG(s) 'example_branch_dop_operator_v3' retrieved from /home/ashok/miniconda3/envs/mysecondenvironment/lib/python3.8/site-packages/airflow/example_dags/example_branch_python_dop_operator_3.py
[2025-09-21T09:55:10.910+0545] {logging_mixin.py:190} INFO - [2025-09-21T09:55:10.909+0545] {dag.py:3239} INFO - Sync 1 DAGs
[2025-09-21T09:55:10.923+0545] {logging_mixin.py:190} INFO - [2025-09-21T09:55:10.922+0545] {dag.py:4180} INFO - Setting next_dagrun for example_branch_dop_operator_v3 to 2025-09-21 04:09:00+00:00, run_after=2025-09-21 04:10:00+00:00
[2025-09-21T09:55:10.938+0545] {processor.py:208} INFO - Processing /home/ashok/miniconda3/envs/mysecondenvironment/lib/python3.8/site-packages/airflow/example_dags/example_branch_python_dop_operator_3.py took 0.050 seconds
[2025-09-21T09:56:09.219+0545] {processor.py:186} INFO - Started process (PID=57143) to work on /home/ashok/miniconda3/envs/mysecondenvironment/lib/python3.8/site-packages/airflow/example_dags/example_branch_python_dop_operator_3.py
[2025-09-21T09:56:09.220+0545] {processor.py:914} INFO - Processing file /home/ashok/miniconda3/envs/mysecondenvironment/lib/python3.8/site-packages/airflow/example_dags/example_branch_python_dop_operator_3.py for tasks to queue
[2025-09-21T09:56:09.221+0545] {logging_mixin.py:190} INFO - [2025-09-21T09:56:09.221+0545] {dagbag.py:588} INFO - Filling up the DagBag from /home/ashok/miniconda3/envs/mysecondenvironment/lib/python3.8/site-packages/airflow/example_dags/example_branch_python_dop_operator_3.py
[2025-09-21T09:56:09.227+0545] {processor.py:925} INFO - DAG(s) 'example_branch_dop_operator_v3' retrieved from /home/ashok/miniconda3/envs/mysecondenvironment/lib/python3.8/site-packages/airflow/example_dags/example_branch_python_dop_operator_3.py
[2025-09-21T09:56:09.236+0545] {logging_mixin.py:190} INFO - [2025-09-21T09:56:09.236+0545] {dag.py:3239} INFO - Sync 1 DAGs
[2025-09-21T09:56:09.246+0545] {logging_mixin.py:190} INFO - [2025-09-21T09:56:09.246+0545] {dag.py:4180} INFO - Setting next_dagrun for example_branch_dop_operator_v3 to 2025-09-21 04:10:00+00:00, run_after=2025-09-21 04:11:00+00:00
[2025-09-21T09:56:09.263+0545] {processor.py:208} INFO - Processing /home/ashok/miniconda3/envs/mysecondenvironment/lib/python3.8/site-packages/airflow/example_dags/example_branch_python_dop_operator_3.py took 0.048 seconds
[2025-09-21T09:57:04.849+0545] {processor.py:186} INFO - Started process (PID=57501) to work on /home/ashok/miniconda3/envs/mysecondenvironment/lib/python3.8/site-packages/airflow/example_dags/example_branch_python_dop_operator_3.py
[2025-09-21T09:57:04.850+0545] {processor.py:914} INFO - Processing file /home/ashok/miniconda3/envs/mysecondenvironment/lib/python3.8/site-packages/airflow/example_dags/example_branch_python_dop_operator_3.py for tasks to queue
[2025-09-21T09:57:04.852+0545] {logging_mixin.py:190} INFO - [2025-09-21T09:57:04.852+0545] {dagbag.py:588} INFO - Filling up the DagBag from /home/ashok/miniconda3/envs/mysecondenvironment/lib/python3.8/site-packages/airflow/example_dags/example_branch_python_dop_operator_3.py
[2025-09-21T09:57:04.858+0545] {processor.py:925} INFO - DAG(s) 'example_branch_dop_operator_v3' retrieved from /home/ashok/miniconda3/envs/mysecondenvironment/lib/python3.8/site-packages/airflow/example_dags/example_branch_python_dop_operator_3.py
[2025-09-21T09:57:04.866+0545] {logging_mixin.py:190} INFO - [2025-09-21T09:57:04.866+0545] {dag.py:3239} INFO - Sync 1 DAGs
[2025-09-21T09:57:04.878+0545] {logging_mixin.py:190} INFO - [2025-09-21T09:57:04.877+0545] {dag.py:4180} INFO - Setting next_dagrun for example_branch_dop_operator_v3 to 2025-09-21 04:11:00+00:00, run_after=2025-09-21 04:12:00+00:00
[2025-09-21T09:57:04.893+0545] {processor.py:208} INFO - Processing /home/ashok/miniconda3/envs/mysecondenvironment/lib/python3.8/site-packages/airflow/example_dags/example_branch_python_dop_operator_3.py took 0.047 seconds
[2025-09-21T09:58:22.134+0545] {processor.py:186} INFO - Started process (PID=58049) to work on /home/ashok/miniconda3/envs/mysecondenvironment/lib/python3.8/site-packages/airflow/example_dags/example_branch_python_dop_operator_3.py
[2025-09-21T09:58:22.135+0545] {processor.py:914} INFO - Processing file /home/ashok/miniconda3/envs/mysecondenvironment/lib/python3.8/site-packages/airflow/example_dags/example_branch_python_dop_operator_3.py for tasks to queue
[2025-09-21T09:58:22.136+0545] {logging_mixin.py:190} INFO - [2025-09-21T09:58:22.136+0545] {dagbag.py:588} INFO - Filling up the DagBag from /home/ashok/miniconda3/envs/mysecondenvironment/lib/python3.8/site-packages/airflow/example_dags/example_branch_python_dop_operator_3.py
[2025-09-21T09:58:22.142+0545] {processor.py:925} INFO - DAG(s) 'example_branch_dop_operator_v3' retrieved from /home/ashok/miniconda3/envs/mysecondenvironment/lib/python3.8/site-packages/airflow/example_dags/example_branch_python_dop_operator_3.py
[2025-09-21T09:58:22.150+0545] {logging_mixin.py:190} INFO - [2025-09-21T09:58:22.150+0545] {dag.py:3239} INFO - Sync 1 DAGs
[2025-09-21T09:58:22.161+0545] {logging_mixin.py:190} INFO - [2025-09-21T09:58:22.161+0545] {dag.py:4180} INFO - Setting next_dagrun for example_branch_dop_operator_v3 to 2025-09-21 04:12:00+00:00, run_after=2025-09-21 04:13:00+00:00
[2025-09-21T09:58:22.176+0545] {processor.py:208} INFO - Processing /home/ashok/miniconda3/envs/mysecondenvironment/lib/python3.8/site-packages/airflow/example_dags/example_branch_python_dop_operator_3.py took 0.046 seconds
[2025-09-21T09:59:41.647+0545] {processor.py:186} INFO - Started process (PID=58591) to work on /home/ashok/miniconda3/envs/mysecondenvironment/lib/python3.8/site-packages/airflow/example_dags/example_branch_python_dop_operator_3.py
[2025-09-21T09:59:41.649+0545] {processor.py:914} INFO - Processing file /home/ashok/miniconda3/envs/mysecondenvironment/lib/python3.8/site-packages/airflow/example_dags/example_branch_python_dop_operator_3.py for tasks to queue
[2025-09-21T09:59:41.651+0545] {logging_mixin.py:190} INFO - [2025-09-21T09:59:41.650+0545] {dagbag.py:588} INFO - Filling up the DagBag from /home/ashok/miniconda3/envs/mysecondenvironment/lib/python3.8/site-packages/airflow/example_dags/example_branch_python_dop_operator_3.py
[2025-09-21T09:59:41.656+0545] {processor.py:925} INFO - DAG(s) 'example_branch_dop_operator_v3' retrieved from /home/ashok/miniconda3/envs/mysecondenvironment/lib/python3.8/site-packages/airflow/example_dags/example_branch_python_dop_operator_3.py
[2025-09-21T09:59:41.665+0545] {logging_mixin.py:190} INFO - [2025-09-21T09:59:41.665+0545] {dag.py:3239} INFO - Sync 1 DAGs
[2025-09-21T09:59:41.677+0545] {logging_mixin.py:190} INFO - [2025-09-21T09:59:41.677+0545] {dag.py:4180} INFO - Setting next_dagrun for example_branch_dop_operator_v3 to 2025-09-21 04:13:00+00:00, run_after=2025-09-21 04:14:00+00:00
[2025-09-21T09:59:41.694+0545] {processor.py:208} INFO - Processing /home/ashok/miniconda3/envs/mysecondenvironment/lib/python3.8/site-packages/airflow/example_dags/example_branch_python_dop_operator_3.py took 0.050 seconds
[2025-09-21T10:02:59.150+0545] {processor.py:186} INFO - Started process (PID=60693) to work on /home/ashok/miniconda3/envs/mysecondenvironment/lib/python3.8/site-packages/airflow/example_dags/example_branch_python_dop_operator_3.py
[2025-09-21T10:02:59.151+0545] {processor.py:914} INFO - Processing file /home/ashok/miniconda3/envs/mysecondenvironment/lib/python3.8/site-packages/airflow/example_dags/example_branch_python_dop_operator_3.py for tasks to queue
[2025-09-21T10:02:59.152+0545] {logging_mixin.py:190} INFO - [2025-09-21T10:02:59.152+0545] {dagbag.py:588} INFO - Filling up the DagBag from /home/ashok/miniconda3/envs/mysecondenvironment/lib/python3.8/site-packages/airflow/example_dags/example_branch_python_dop_operator_3.py
[2025-09-21T10:02:59.158+0545] {processor.py:925} INFO - DAG(s) 'example_branch_dop_operator_v3' retrieved from /home/ashok/miniconda3/envs/mysecondenvironment/lib/python3.8/site-packages/airflow/example_dags/example_branch_python_dop_operator_3.py
[2025-09-21T10:02:59.166+0545] {logging_mixin.py:190} INFO - [2025-09-21T10:02:59.166+0545] {dag.py:3239} INFO - Sync 1 DAGs
[2025-09-21T10:02:59.178+0545] {logging_mixin.py:190} INFO - [2025-09-21T10:02:59.178+0545] {dag.py:4180} INFO - Setting next_dagrun for example_branch_dop_operator_v3 to 2025-09-21 04:16:00+00:00, run_after=2025-09-21 04:17:00+00:00
[2025-09-21T10:02:59.193+0545] {processor.py:208} INFO - Processing /home/ashok/miniconda3/envs/mysecondenvironment/lib/python3.8/site-packages/airflow/example_dags/example_branch_python_dop_operator_3.py took 0.047 seconds
[2025-09-21T10:04:19.735+0545] {processor.py:186} INFO - Started process (PID=61264) to work on /home/ashok/miniconda3/envs/mysecondenvironment/lib/python3.8/site-packages/airflow/example_dags/example_branch_python_dop_operator_3.py
[2025-09-21T10:04:19.737+0545] {processor.py:914} INFO - Processing file /home/ashok/miniconda3/envs/mysecondenvironment/lib/python3.8/site-packages/airflow/example_dags/example_branch_python_dop_operator_3.py for tasks to queue
[2025-09-21T10:04:19.738+0545] {logging_mixin.py:190} INFO - [2025-09-21T10:04:19.738+0545] {dagbag.py:588} INFO - Filling up the DagBag from /home/ashok/miniconda3/envs/mysecondenvironment/lib/python3.8/site-packages/airflow/example_dags/example_branch_python_dop_operator_3.py
[2025-09-21T10:04:19.745+0545] {processor.py:925} INFO - DAG(s) 'example_branch_dop_operator_v3' retrieved from /home/ashok/miniconda3/envs/mysecondenvironment/lib/python3.8/site-packages/airflow/example_dags/example_branch_python_dop_operator_3.py
[2025-09-21T10:04:19.754+0545] {logging_mixin.py:190} INFO - [2025-09-21T10:04:19.753+0545] {dag.py:3239} INFO - Sync 1 DAGs
[2025-09-21T10:04:19.765+0545] {logging_mixin.py:190} INFO - [2025-09-21T10:04:19.765+0545] {dag.py:4180} INFO - Setting next_dagrun for example_branch_dop_operator_v3 to 2025-09-21 04:18:00+00:00, run_after=2025-09-21 04:19:00+00:00
[2025-09-21T10:04:19.782+0545] {processor.py:208} INFO - Processing /home/ashok/miniconda3/envs/mysecondenvironment/lib/python3.8/site-packages/airflow/example_dags/example_branch_python_dop_operator_3.py took 0.050 seconds
[2025-09-21T10:05:43.433+0545] {processor.py:186} INFO - Started process (PID=61925) to work on /home/ashok/miniconda3/envs/mysecondenvironment/lib/python3.8/site-packages/airflow/example_dags/example_branch_python_dop_operator_3.py
[2025-09-21T10:05:43.435+0545] {processor.py:914} INFO - Processing file /home/ashok/miniconda3/envs/mysecondenvironment/lib/python3.8/site-packages/airflow/example_dags/example_branch_python_dop_operator_3.py for tasks to queue
[2025-09-21T10:05:43.437+0545] {logging_mixin.py:190} INFO - [2025-09-21T10:05:43.436+0545] {dagbag.py:588} INFO - Filling up the DagBag from /home/ashok/miniconda3/envs/mysecondenvironment/lib/python3.8/site-packages/airflow/example_dags/example_branch_python_dop_operator_3.py
[2025-09-21T10:05:43.445+0545] {processor.py:925} INFO - DAG(s) 'example_branch_dop_operator_v3' retrieved from /home/ashok/miniconda3/envs/mysecondenvironment/lib/python3.8/site-packages/airflow/example_dags/example_branch_python_dop_operator_3.py
[2025-09-21T10:05:43.455+0545] {logging_mixin.py:190} INFO - [2025-09-21T10:05:43.455+0545] {dag.py:3239} INFO - Sync 1 DAGs
[2025-09-21T10:05:43.466+0545] {logging_mixin.py:190} INFO - [2025-09-21T10:05:43.466+0545] {dag.py:4180} INFO - Setting next_dagrun for example_branch_dop_operator_v3 to 2025-09-21 04:19:00+00:00, run_after=2025-09-21 04:20:00+00:00
[2025-09-21T10:05:43.482+0545] {processor.py:208} INFO - Processing /home/ashok/miniconda3/envs/mysecondenvironment/lib/python3.8/site-packages/airflow/example_dags/example_branch_python_dop_operator_3.py took 0.054 seconds
[2025-09-21T10:07:05.592+0545] {processor.py:186} INFO - Started process (PID=62640) to work on /home/ashok/miniconda3/envs/mysecondenvironment/lib/python3.8/site-packages/airflow/example_dags/example_branch_python_dop_operator_3.py
[2025-09-21T10:07:05.594+0545] {processor.py:914} INFO - Processing file /home/ashok/miniconda3/envs/mysecondenvironment/lib/python3.8/site-packages/airflow/example_dags/example_branch_python_dop_operator_3.py for tasks to queue
[2025-09-21T10:07:05.596+0545] {logging_mixin.py:190} INFO - [2025-09-21T10:07:05.596+0545] {dagbag.py:588} INFO - Filling up the DagBag from /home/ashok/miniconda3/envs/mysecondenvironment/lib/python3.8/site-packages/airflow/example_dags/example_branch_python_dop_operator_3.py
[2025-09-21T10:07:05.601+0545] {processor.py:925} INFO - DAG(s) 'example_branch_dop_operator_v3' retrieved from /home/ashok/miniconda3/envs/mysecondenvironment/lib/python3.8/site-packages/airflow/example_dags/example_branch_python_dop_operator_3.py
[2025-09-21T10:07:05.609+0545] {logging_mixin.py:190} INFO - [2025-09-21T10:07:05.609+0545] {dag.py:3239} INFO - Sync 1 DAGs
[2025-09-21T10:07:05.620+0545] {logging_mixin.py:190} INFO - [2025-09-21T10:07:05.620+0545] {dag.py:4180} INFO - Setting next_dagrun for example_branch_dop_operator_v3 to 2025-09-21 04:21:00+00:00, run_after=2025-09-21 04:22:00+00:00
[2025-09-21T10:07:05.638+0545] {processor.py:208} INFO - Processing /home/ashok/miniconda3/envs/mysecondenvironment/lib/python3.8/site-packages/airflow/example_dags/example_branch_python_dop_operator_3.py took 0.050 seconds
[2025-09-21T10:08:03.362+0545] {processor.py:186} INFO - Started process (PID=63108) to work on /home/ashok/miniconda3/envs/mysecondenvironment/lib/python3.8/site-packages/airflow/example_dags/example_branch_python_dop_operator_3.py
[2025-09-21T10:08:03.364+0545] {processor.py:914} INFO - Processing file /home/ashok/miniconda3/envs/mysecondenvironment/lib/python3.8/site-packages/airflow/example_dags/example_branch_python_dop_operator_3.py for tasks to queue
[2025-09-21T10:08:03.365+0545] {logging_mixin.py:190} INFO - [2025-09-21T10:08:03.365+0545] {dagbag.py:588} INFO - Filling up the DagBag from /home/ashok/miniconda3/envs/mysecondenvironment/lib/python3.8/site-packages/airflow/example_dags/example_branch_python_dop_operator_3.py
[2025-09-21T10:08:03.372+0545] {processor.py:925} INFO - DAG(s) 'example_branch_dop_operator_v3' retrieved from /home/ashok/miniconda3/envs/mysecondenvironment/lib/python3.8/site-packages/airflow/example_dags/example_branch_python_dop_operator_3.py
[2025-09-21T10:08:03.380+0545] {logging_mixin.py:190} INFO - [2025-09-21T10:08:03.380+0545] {dag.py:3239} INFO - Sync 1 DAGs
[2025-09-21T10:08:03.391+0545] {logging_mixin.py:190} INFO - [2025-09-21T10:08:03.391+0545] {dag.py:4180} INFO - Setting next_dagrun for example_branch_dop_operator_v3 to 2025-09-21 04:22:00+00:00, run_after=2025-09-21 04:23:00+00:00
[2025-09-21T10:08:03.407+0545] {processor.py:208} INFO - Processing /home/ashok/miniconda3/envs/mysecondenvironment/lib/python3.8/site-packages/airflow/example_dags/example_branch_python_dop_operator_3.py took 0.050 seconds
[2025-09-21T10:09:02.168+0545] {processor.py:186} INFO - Started process (PID=63745) to work on /home/ashok/miniconda3/envs/mysecondenvironment/lib/python3.8/site-packages/airflow/example_dags/example_branch_python_dop_operator_3.py
[2025-09-21T10:09:02.170+0545] {processor.py:914} INFO - Processing file /home/ashok/miniconda3/envs/mysecondenvironment/lib/python3.8/site-packages/airflow/example_dags/example_branch_python_dop_operator_3.py for tasks to queue
[2025-09-21T10:09:02.171+0545] {logging_mixin.py:190} INFO - [2025-09-21T10:09:02.171+0545] {dagbag.py:588} INFO - Filling up the DagBag from /home/ashok/miniconda3/envs/mysecondenvironment/lib/python3.8/site-packages/airflow/example_dags/example_branch_python_dop_operator_3.py
[2025-09-21T10:09:02.177+0545] {processor.py:925} INFO - DAG(s) 'example_branch_dop_operator_v3' retrieved from /home/ashok/miniconda3/envs/mysecondenvironment/lib/python3.8/site-packages/airflow/example_dags/example_branch_python_dop_operator_3.py
[2025-09-21T10:09:02.185+0545] {logging_mixin.py:190} INFO - [2025-09-21T10:09:02.185+0545] {dag.py:3239} INFO - Sync 1 DAGs
[2025-09-21T10:09:02.196+0545] {logging_mixin.py:190} INFO - [2025-09-21T10:09:02.196+0545] {dag.py:4180} INFO - Setting next_dagrun for example_branch_dop_operator_v3 to 2025-09-21 04:23:00+00:00, run_after=2025-09-21 04:24:00+00:00
[2025-09-21T10:09:02.211+0545] {processor.py:208} INFO - Processing /home/ashok/miniconda3/envs/mysecondenvironment/lib/python3.8/site-packages/airflow/example_dags/example_branch_python_dop_operator_3.py took 0.046 seconds
[2025-09-21T10:10:21.996+0545] {processor.py:186} INFO - Started process (PID=64404) to work on /home/ashok/miniconda3/envs/mysecondenvironment/lib/python3.8/site-packages/airflow/example_dags/example_branch_python_dop_operator_3.py
[2025-09-21T10:10:21.998+0545] {processor.py:914} INFO - Processing file /home/ashok/miniconda3/envs/mysecondenvironment/lib/python3.8/site-packages/airflow/example_dags/example_branch_python_dop_operator_3.py for tasks to queue
[2025-09-21T10:10:22.000+0545] {logging_mixin.py:190} INFO - [2025-09-21T10:10:21.999+0545] {dagbag.py:588} INFO - Filling up the DagBag from /home/ashok/miniconda3/envs/mysecondenvironment/lib/python3.8/site-packages/airflow/example_dags/example_branch_python_dop_operator_3.py
[2025-09-21T10:10:22.007+0545] {processor.py:925} INFO - DAG(s) 'example_branch_dop_operator_v3' retrieved from /home/ashok/miniconda3/envs/mysecondenvironment/lib/python3.8/site-packages/airflow/example_dags/example_branch_python_dop_operator_3.py
[2025-09-21T10:10:22.019+0545] {logging_mixin.py:190} INFO - [2025-09-21T10:10:22.019+0545] {dag.py:3239} INFO - Sync 1 DAGs
[2025-09-21T10:10:22.031+0545] {logging_mixin.py:190} INFO - [2025-09-21T10:10:22.031+0545] {dag.py:4180} INFO - Setting next_dagrun for example_branch_dop_operator_v3 to 2025-09-21 04:24:00+00:00, run_after=2025-09-21 04:25:00+00:00
[2025-09-21T10:10:22.047+0545] {processor.py:208} INFO - Processing /home/ashok/miniconda3/envs/mysecondenvironment/lib/python3.8/site-packages/airflow/example_dags/example_branch_python_dop_operator_3.py took 0.055 seconds
[2025-09-21T10:11:17.486+0545] {processor.py:186} INFO - Started process (PID=64980) to work on /home/ashok/miniconda3/envs/mysecondenvironment/lib/python3.8/site-packages/airflow/example_dags/example_branch_python_dop_operator_3.py
[2025-09-21T10:11:17.489+0545] {processor.py:914} INFO - Processing file /home/ashok/miniconda3/envs/mysecondenvironment/lib/python3.8/site-packages/airflow/example_dags/example_branch_python_dop_operator_3.py for tasks to queue
[2025-09-21T10:11:17.490+0545] {logging_mixin.py:190} INFO - [2025-09-21T10:11:17.490+0545] {dagbag.py:588} INFO - Filling up the DagBag from /home/ashok/miniconda3/envs/mysecondenvironment/lib/python3.8/site-packages/airflow/example_dags/example_branch_python_dop_operator_3.py
[2025-09-21T10:11:17.496+0545] {processor.py:925} INFO - DAG(s) 'example_branch_dop_operator_v3' retrieved from /home/ashok/miniconda3/envs/mysecondenvironment/lib/python3.8/site-packages/airflow/example_dags/example_branch_python_dop_operator_3.py
[2025-09-21T10:11:17.504+0545] {logging_mixin.py:190} INFO - [2025-09-21T10:11:17.503+0545] {dag.py:3239} INFO - Sync 1 DAGs
[2025-09-21T10:11:17.515+0545] {logging_mixin.py:190} INFO - [2025-09-21T10:11:17.514+0545] {dag.py:4180} INFO - Setting next_dagrun for example_branch_dop_operator_v3 to 2025-09-21 04:25:00+00:00, run_after=2025-09-21 04:26:00+00:00
[2025-09-21T10:11:17.532+0545] {processor.py:208} INFO - Processing /home/ashok/miniconda3/envs/mysecondenvironment/lib/python3.8/site-packages/airflow/example_dags/example_branch_python_dop_operator_3.py took 0.050 seconds
[2025-09-21T10:12:13.190+0545] {processor.py:186} INFO - Started process (PID=65381) to work on /home/ashok/miniconda3/envs/mysecondenvironment/lib/python3.8/site-packages/airflow/example_dags/example_branch_python_dop_operator_3.py
[2025-09-21T10:12:13.192+0545] {processor.py:914} INFO - Processing file /home/ashok/miniconda3/envs/mysecondenvironment/lib/python3.8/site-packages/airflow/example_dags/example_branch_python_dop_operator_3.py for tasks to queue
[2025-09-21T10:12:13.193+0545] {logging_mixin.py:190} INFO - [2025-09-21T10:12:13.193+0545] {dagbag.py:588} INFO - Filling up the DagBag from /home/ashok/miniconda3/envs/mysecondenvironment/lib/python3.8/site-packages/airflow/example_dags/example_branch_python_dop_operator_3.py
[2025-09-21T10:12:13.199+0545] {processor.py:925} INFO - DAG(s) 'example_branch_dop_operator_v3' retrieved from /home/ashok/miniconda3/envs/mysecondenvironment/lib/python3.8/site-packages/airflow/example_dags/example_branch_python_dop_operator_3.py
[2025-09-21T10:12:13.207+0545] {logging_mixin.py:190} INFO - [2025-09-21T10:12:13.207+0545] {dag.py:3239} INFO - Sync 1 DAGs
[2025-09-21T10:12:13.218+0545] {logging_mixin.py:190} INFO - [2025-09-21T10:12:13.217+0545] {dag.py:4180} INFO - Setting next_dagrun for example_branch_dop_operator_v3 to 2025-09-21 04:26:00+00:00, run_after=2025-09-21 04:27:00+00:00
[2025-09-21T10:12:13.236+0545] {processor.py:208} INFO - Processing /home/ashok/miniconda3/envs/mysecondenvironment/lib/python3.8/site-packages/airflow/example_dags/example_branch_python_dop_operator_3.py took 0.048 seconds
[2025-09-21T10:13:37.205+0545] {processor.py:186} INFO - Started process (PID=66085) to work on /home/ashok/miniconda3/envs/mysecondenvironment/lib/python3.8/site-packages/airflow/example_dags/example_branch_python_dop_operator_3.py
[2025-09-21T10:13:37.206+0545] {processor.py:914} INFO - Processing file /home/ashok/miniconda3/envs/mysecondenvironment/lib/python3.8/site-packages/airflow/example_dags/example_branch_python_dop_operator_3.py for tasks to queue
[2025-09-21T10:13:37.208+0545] {logging_mixin.py:190} INFO - [2025-09-21T10:13:37.208+0545] {dagbag.py:588} INFO - Filling up the DagBag from /home/ashok/miniconda3/envs/mysecondenvironment/lib/python3.8/site-packages/airflow/example_dags/example_branch_python_dop_operator_3.py
[2025-09-21T10:13:37.216+0545] {processor.py:925} INFO - DAG(s) 'example_branch_dop_operator_v3' retrieved from /home/ashok/miniconda3/envs/mysecondenvironment/lib/python3.8/site-packages/airflow/example_dags/example_branch_python_dop_operator_3.py
[2025-09-21T10:13:37.225+0545] {logging_mixin.py:190} INFO - [2025-09-21T10:13:37.224+0545] {dag.py:3239} INFO - Sync 1 DAGs
[2025-09-21T10:13:37.236+0545] {logging_mixin.py:190} INFO - [2025-09-21T10:13:37.236+0545] {dag.py:4180} INFO - Setting next_dagrun for example_branch_dop_operator_v3 to 2025-09-21 04:27:00+00:00, run_after=2025-09-21 04:28:00+00:00
[2025-09-21T10:13:37.252+0545] {processor.py:208} INFO - Processing /home/ashok/miniconda3/envs/mysecondenvironment/lib/python3.8/site-packages/airflow/example_dags/example_branch_python_dop_operator_3.py took 0.052 seconds
