[2025-09-21T08:35:36.110+0545] {processor.py:186} INFO - Started process (PID=21574) to work on /home/ashok/miniconda3/envs/mysecondenvironment/lib/python3.8/site-packages/airflow/example_dags/example_task_group.py
[2025-09-21T08:35:36.111+0545] {processor.py:914} INFO - Processing file /home/ashok/miniconda3/envs/mysecondenvironment/lib/python3.8/site-packages/airflow/example_dags/example_task_group.py for tasks to queue
[2025-09-21T08:35:36.112+0545] {logging_mixin.py:190} INFO - [2025-09-21T08:35:36.112+0545] {dagbag.py:588} INFO - Filling up the DagBag from /home/ashok/miniconda3/envs/mysecondenvironment/lib/python3.8/site-packages/airflow/example_dags/example_task_group.py
[2025-09-21T08:35:36.117+0545] {processor.py:925} INFO - DAG(s) 'example_task_group' retrieved from /home/ashok/miniconda3/envs/mysecondenvironment/lib/python3.8/site-packages/airflow/example_dags/example_task_group.py
[2025-09-21T08:35:36.129+0545] {logging_mixin.py:190} INFO - [2025-09-21T08:35:36.129+0545] {dag.py:3239} INFO - Sync 1 DAGs
[2025-09-21T08:35:36.135+0545] {logging_mixin.py:190} INFO - [2025-09-21T08:35:36.135+0545] {dag.py:4180} INFO - Setting next_dagrun for example_task_group to None, run_after=None
[2025-09-21T08:35:36.156+0545] {processor.py:208} INFO - Processing /home/ashok/miniconda3/envs/mysecondenvironment/lib/python3.8/site-packages/airflow/example_dags/example_task_group.py took 0.050 seconds
[2025-09-21T08:37:56.708+0545] {processor.py:186} INFO - Started process (PID=24508) to work on /home/ashok/miniconda3/envs/mysecondenvironment/lib/python3.8/site-packages/airflow/example_dags/example_task_group.py
[2025-09-21T08:37:56.710+0545] {processor.py:914} INFO - Processing file /home/ashok/miniconda3/envs/mysecondenvironment/lib/python3.8/site-packages/airflow/example_dags/example_task_group.py for tasks to queue
[2025-09-21T08:37:56.712+0545] {logging_mixin.py:190} INFO - [2025-09-21T08:37:56.711+0545] {dagbag.py:588} INFO - Filling up the DagBag from /home/ashok/miniconda3/envs/mysecondenvironment/lib/python3.8/site-packages/airflow/example_dags/example_task_group.py
[2025-09-21T08:37:56.716+0545] {processor.py:925} INFO - DAG(s) 'example_task_group' retrieved from /home/ashok/miniconda3/envs/mysecondenvironment/lib/python3.8/site-packages/airflow/example_dags/example_task_group.py
[2025-09-21T08:37:56.724+0545] {logging_mixin.py:190} INFO - [2025-09-21T08:37:56.724+0545] {dag.py:3239} INFO - Sync 1 DAGs
[2025-09-21T08:37:56.729+0545] {logging_mixin.py:190} INFO - [2025-09-21T08:37:56.729+0545] {dag.py:4180} INFO - Setting next_dagrun for example_task_group to None, run_after=None
[2025-09-21T08:37:56.748+0545] {processor.py:208} INFO - Processing /home/ashok/miniconda3/envs/mysecondenvironment/lib/python3.8/site-packages/airflow/example_dags/example_task_group.py took 0.043 seconds
[2025-09-21T08:38:30.871+0545] {processor.py:186} INFO - Started process (PID=24971) to work on /home/ashok/miniconda3/envs/mysecondenvironment/lib/python3.8/site-packages/airflow/example_dags/example_task_group.py
[2025-09-21T08:38:30.873+0545] {processor.py:914} INFO - Processing file /home/ashok/miniconda3/envs/mysecondenvironment/lib/python3.8/site-packages/airflow/example_dags/example_task_group.py for tasks to queue
[2025-09-21T08:38:30.876+0545] {logging_mixin.py:190} INFO - [2025-09-21T08:38:30.875+0545] {dagbag.py:588} INFO - Filling up the DagBag from /home/ashok/miniconda3/envs/mysecondenvironment/lib/python3.8/site-packages/airflow/example_dags/example_task_group.py
[2025-09-21T08:38:30.883+0545] {processor.py:925} INFO - DAG(s) 'example_task_group' retrieved from /home/ashok/miniconda3/envs/mysecondenvironment/lib/python3.8/site-packages/airflow/example_dags/example_task_group.py
[2025-09-21T08:38:30.894+0545] {logging_mixin.py:190} INFO - [2025-09-21T08:38:30.893+0545] {dag.py:3239} INFO - Sync 1 DAGs
[2025-09-21T08:38:30.899+0545] {logging_mixin.py:190} INFO - [2025-09-21T08:38:30.899+0545] {dag.py:4180} INFO - Setting next_dagrun for example_task_group to None, run_after=None
[2025-09-21T08:38:30.914+0545] {processor.py:208} INFO - Processing /home/ashok/miniconda3/envs/mysecondenvironment/lib/python3.8/site-packages/airflow/example_dags/example_task_group.py took 0.048 seconds
[2025-09-21T08:40:51.706+0545] {processor.py:186} INFO - Started process (PID=26629) to work on /home/ashok/miniconda3/envs/mysecondenvironment/lib/python3.8/site-packages/airflow/example_dags/example_task_group.py
[2025-09-21T08:40:51.709+0545] {processor.py:914} INFO - Processing file /home/ashok/miniconda3/envs/mysecondenvironment/lib/python3.8/site-packages/airflow/example_dags/example_task_group.py for tasks to queue
[2025-09-21T08:40:51.710+0545] {logging_mixin.py:190} INFO - [2025-09-21T08:40:51.710+0545] {dagbag.py:588} INFO - Filling up the DagBag from /home/ashok/miniconda3/envs/mysecondenvironment/lib/python3.8/site-packages/airflow/example_dags/example_task_group.py
[2025-09-21T08:40:51.714+0545] {processor.py:925} INFO - DAG(s) 'example_task_group' retrieved from /home/ashok/miniconda3/envs/mysecondenvironment/lib/python3.8/site-packages/airflow/example_dags/example_task_group.py
[2025-09-21T08:40:51.723+0545] {logging_mixin.py:190} INFO - [2025-09-21T08:40:51.722+0545] {dag.py:3239} INFO - Sync 1 DAGs
[2025-09-21T08:40:51.728+0545] {logging_mixin.py:190} INFO - [2025-09-21T08:40:51.728+0545] {dag.py:4180} INFO - Setting next_dagrun for example_task_group to None, run_after=None
[2025-09-21T08:40:51.746+0545] {processor.py:208} INFO - Processing /home/ashok/miniconda3/envs/mysecondenvironment/lib/python3.8/site-packages/airflow/example_dags/example_task_group.py took 0.043 seconds
[2025-09-21T08:41:50.487+0545] {processor.py:186} INFO - Started process (PID=27060) to work on /home/ashok/miniconda3/envs/mysecondenvironment/lib/python3.8/site-packages/airflow/example_dags/example_task_group.py
[2025-09-21T08:41:50.489+0545] {processor.py:914} INFO - Processing file /home/ashok/miniconda3/envs/mysecondenvironment/lib/python3.8/site-packages/airflow/example_dags/example_task_group.py for tasks to queue
[2025-09-21T08:41:50.491+0545] {logging_mixin.py:190} INFO - [2025-09-21T08:41:50.490+0545] {dagbag.py:588} INFO - Filling up the DagBag from /home/ashok/miniconda3/envs/mysecondenvironment/lib/python3.8/site-packages/airflow/example_dags/example_task_group.py
[2025-09-21T08:41:50.496+0545] {processor.py:925} INFO - DAG(s) 'example_task_group' retrieved from /home/ashok/miniconda3/envs/mysecondenvironment/lib/python3.8/site-packages/airflow/example_dags/example_task_group.py
[2025-09-21T08:41:50.509+0545] {logging_mixin.py:190} INFO - [2025-09-21T08:41:50.509+0545] {dag.py:3239} INFO - Sync 1 DAGs
[2025-09-21T08:41:50.520+0545] {logging_mixin.py:190} INFO - [2025-09-21T08:41:50.520+0545] {dag.py:4180} INFO - Setting next_dagrun for example_task_group to None, run_after=None
[2025-09-21T08:41:50.544+0545] {processor.py:208} INFO - Processing /home/ashok/miniconda3/envs/mysecondenvironment/lib/python3.8/site-packages/airflow/example_dags/example_task_group.py took 0.061 seconds
[2025-09-21T08:42:45.810+0545] {processor.py:186} INFO - Started process (PID=27501) to work on /home/ashok/miniconda3/envs/mysecondenvironment/lib/python3.8/site-packages/airflow/example_dags/example_task_group.py
[2025-09-21T08:42:45.813+0545] {processor.py:914} INFO - Processing file /home/ashok/miniconda3/envs/mysecondenvironment/lib/python3.8/site-packages/airflow/example_dags/example_task_group.py for tasks to queue
[2025-09-21T08:42:45.814+0545] {logging_mixin.py:190} INFO - [2025-09-21T08:42:45.814+0545] {dagbag.py:588} INFO - Filling up the DagBag from /home/ashok/miniconda3/envs/mysecondenvironment/lib/python3.8/site-packages/airflow/example_dags/example_task_group.py
[2025-09-21T08:42:45.819+0545] {processor.py:925} INFO - DAG(s) 'example_task_group' retrieved from /home/ashok/miniconda3/envs/mysecondenvironment/lib/python3.8/site-packages/airflow/example_dags/example_task_group.py
[2025-09-21T08:42:45.827+0545] {logging_mixin.py:190} INFO - [2025-09-21T08:42:45.826+0545] {dag.py:3239} INFO - Sync 1 DAGs
[2025-09-21T08:42:45.832+0545] {logging_mixin.py:190} INFO - [2025-09-21T08:42:45.832+0545] {dag.py:4180} INFO - Setting next_dagrun for example_task_group to None, run_after=None
[2025-09-21T08:42:45.850+0545] {processor.py:208} INFO - Processing /home/ashok/miniconda3/envs/mysecondenvironment/lib/python3.8/site-packages/airflow/example_dags/example_task_group.py took 0.043 seconds
[2025-09-21T08:43:38.302+0545] {processor.py:186} INFO - Started process (PID=27862) to work on /home/ashok/miniconda3/envs/mysecondenvironment/lib/python3.8/site-packages/airflow/example_dags/example_task_group.py
[2025-09-21T08:43:38.303+0545] {processor.py:914} INFO - Processing file /home/ashok/miniconda3/envs/mysecondenvironment/lib/python3.8/site-packages/airflow/example_dags/example_task_group.py for tasks to queue
[2025-09-21T08:43:38.305+0545] {logging_mixin.py:190} INFO - [2025-09-21T08:43:38.304+0545] {dagbag.py:588} INFO - Filling up the DagBag from /home/ashok/miniconda3/envs/mysecondenvironment/lib/python3.8/site-packages/airflow/example_dags/example_task_group.py
[2025-09-21T08:43:38.309+0545] {processor.py:925} INFO - DAG(s) 'example_task_group' retrieved from /home/ashok/miniconda3/envs/mysecondenvironment/lib/python3.8/site-packages/airflow/example_dags/example_task_group.py
[2025-09-21T08:43:38.317+0545] {logging_mixin.py:190} INFO - [2025-09-21T08:43:38.317+0545] {dag.py:3239} INFO - Sync 1 DAGs
[2025-09-21T08:43:38.324+0545] {logging_mixin.py:190} INFO - [2025-09-21T08:43:38.324+0545] {dag.py:4180} INFO - Setting next_dagrun for example_task_group to None, run_after=None
[2025-09-21T08:43:38.339+0545] {processor.py:208} INFO - Processing /home/ashok/miniconda3/envs/mysecondenvironment/lib/python3.8/site-packages/airflow/example_dags/example_task_group.py took 0.041 seconds
[2025-09-21T08:44:36.107+0545] {processor.py:186} INFO - Started process (PID=28226) to work on /home/ashok/miniconda3/envs/mysecondenvironment/lib/python3.8/site-packages/airflow/example_dags/example_task_group.py
[2025-09-21T08:44:36.108+0545] {processor.py:914} INFO - Processing file /home/ashok/miniconda3/envs/mysecondenvironment/lib/python3.8/site-packages/airflow/example_dags/example_task_group.py for tasks to queue
[2025-09-21T08:44:36.111+0545] {logging_mixin.py:190} INFO - [2025-09-21T08:44:36.110+0545] {dagbag.py:588} INFO - Filling up the DagBag from /home/ashok/miniconda3/envs/mysecondenvironment/lib/python3.8/site-packages/airflow/example_dags/example_task_group.py
[2025-09-21T08:44:36.117+0545] {processor.py:925} INFO - DAG(s) 'example_task_group' retrieved from /home/ashok/miniconda3/envs/mysecondenvironment/lib/python3.8/site-packages/airflow/example_dags/example_task_group.py
[2025-09-21T08:44:36.127+0545] {logging_mixin.py:190} INFO - [2025-09-21T08:44:36.127+0545] {dag.py:3239} INFO - Sync 1 DAGs
[2025-09-21T08:44:36.133+0545] {logging_mixin.py:190} INFO - [2025-09-21T08:44:36.132+0545] {dag.py:4180} INFO - Setting next_dagrun for example_task_group to None, run_after=None
[2025-09-21T08:44:36.147+0545] {processor.py:208} INFO - Processing /home/ashok/miniconda3/envs/mysecondenvironment/lib/python3.8/site-packages/airflow/example_dags/example_task_group.py took 0.044 seconds
[2025-09-21T08:45:38.177+0545] {processor.py:186} INFO - Started process (PID=28665) to work on /home/ashok/miniconda3/envs/mysecondenvironment/lib/python3.8/site-packages/airflow/example_dags/example_task_group.py
[2025-09-21T08:45:38.180+0545] {processor.py:914} INFO - Processing file /home/ashok/miniconda3/envs/mysecondenvironment/lib/python3.8/site-packages/airflow/example_dags/example_task_group.py for tasks to queue
[2025-09-21T08:45:38.183+0545] {logging_mixin.py:190} INFO - [2025-09-21T08:45:38.182+0545] {dagbag.py:588} INFO - Filling up the DagBag from /home/ashok/miniconda3/envs/mysecondenvironment/lib/python3.8/site-packages/airflow/example_dags/example_task_group.py
[2025-09-21T08:45:38.188+0545] {processor.py:925} INFO - DAG(s) 'example_task_group' retrieved from /home/ashok/miniconda3/envs/mysecondenvironment/lib/python3.8/site-packages/airflow/example_dags/example_task_group.py
[2025-09-21T08:45:38.196+0545] {logging_mixin.py:190} INFO - [2025-09-21T08:45:38.196+0545] {dag.py:3239} INFO - Sync 1 DAGs
[2025-09-21T08:45:38.202+0545] {logging_mixin.py:190} INFO - [2025-09-21T08:45:38.202+0545] {dag.py:4180} INFO - Setting next_dagrun for example_task_group to None, run_after=None
[2025-09-21T08:45:38.221+0545] {processor.py:208} INFO - Processing /home/ashok/miniconda3/envs/mysecondenvironment/lib/python3.8/site-packages/airflow/example_dags/example_task_group.py took 0.047 seconds
[2025-09-21T08:46:33.894+0545] {processor.py:186} INFO - Started process (PID=29077) to work on /home/ashok/miniconda3/envs/mysecondenvironment/lib/python3.8/site-packages/airflow/example_dags/example_task_group.py
[2025-09-21T08:46:33.896+0545] {processor.py:914} INFO - Processing file /home/ashok/miniconda3/envs/mysecondenvironment/lib/python3.8/site-packages/airflow/example_dags/example_task_group.py for tasks to queue
[2025-09-21T08:46:33.897+0545] {logging_mixin.py:190} INFO - [2025-09-21T08:46:33.897+0545] {dagbag.py:588} INFO - Filling up the DagBag from /home/ashok/miniconda3/envs/mysecondenvironment/lib/python3.8/site-packages/airflow/example_dags/example_task_group.py
[2025-09-21T08:46:33.902+0545] {processor.py:925} INFO - DAG(s) 'example_task_group' retrieved from /home/ashok/miniconda3/envs/mysecondenvironment/lib/python3.8/site-packages/airflow/example_dags/example_task_group.py
[2025-09-21T08:46:33.913+0545] {logging_mixin.py:190} INFO - [2025-09-21T08:46:33.913+0545] {dag.py:3239} INFO - Sync 1 DAGs
[2025-09-21T08:46:33.921+0545] {logging_mixin.py:190} INFO - [2025-09-21T08:46:33.921+0545] {dag.py:4180} INFO - Setting next_dagrun for example_task_group to None, run_after=None
[2025-09-21T08:46:33.937+0545] {processor.py:208} INFO - Processing /home/ashok/miniconda3/envs/mysecondenvironment/lib/python3.8/site-packages/airflow/example_dags/example_task_group.py took 0.049 seconds
[2025-09-21T08:47:29.049+0545] {processor.py:186} INFO - Started process (PID=29439) to work on /home/ashok/miniconda3/envs/mysecondenvironment/lib/python3.8/site-packages/airflow/example_dags/example_task_group.py
[2025-09-21T08:47:29.050+0545] {processor.py:914} INFO - Processing file /home/ashok/miniconda3/envs/mysecondenvironment/lib/python3.8/site-packages/airflow/example_dags/example_task_group.py for tasks to queue
[2025-09-21T08:47:29.052+0545] {logging_mixin.py:190} INFO - [2025-09-21T08:47:29.051+0545] {dagbag.py:588} INFO - Filling up the DagBag from /home/ashok/miniconda3/envs/mysecondenvironment/lib/python3.8/site-packages/airflow/example_dags/example_task_group.py
[2025-09-21T08:47:29.056+0545] {processor.py:925} INFO - DAG(s) 'example_task_group' retrieved from /home/ashok/miniconda3/envs/mysecondenvironment/lib/python3.8/site-packages/airflow/example_dags/example_task_group.py
[2025-09-21T08:47:29.065+0545] {logging_mixin.py:190} INFO - [2025-09-21T08:47:29.065+0545] {dag.py:3239} INFO - Sync 1 DAGs
[2025-09-21T08:47:29.070+0545] {logging_mixin.py:190} INFO - [2025-09-21T08:47:29.070+0545] {dag.py:4180} INFO - Setting next_dagrun for example_task_group to None, run_after=None
[2025-09-21T08:47:29.087+0545] {processor.py:208} INFO - Processing /home/ashok/miniconda3/envs/mysecondenvironment/lib/python3.8/site-packages/airflow/example_dags/example_task_group.py took 0.043 seconds
[2025-09-21T09:43:30.957+0545] {processor.py:186} INFO - Started process (PID=49365) to work on /home/ashok/miniconda3/envs/mysecondenvironment/lib/python3.8/site-packages/airflow/example_dags/example_task_group.py
[2025-09-21T09:43:30.959+0545] {processor.py:914} INFO - Processing file /home/ashok/miniconda3/envs/mysecondenvironment/lib/python3.8/site-packages/airflow/example_dags/example_task_group.py for tasks to queue
[2025-09-21T09:43:30.960+0545] {logging_mixin.py:190} INFO - [2025-09-21T09:43:30.960+0545] {dagbag.py:588} INFO - Filling up the DagBag from /home/ashok/miniconda3/envs/mysecondenvironment/lib/python3.8/site-packages/airflow/example_dags/example_task_group.py
[2025-09-21T09:43:30.964+0545] {processor.py:925} INFO - DAG(s) 'example_task_group' retrieved from /home/ashok/miniconda3/envs/mysecondenvironment/lib/python3.8/site-packages/airflow/example_dags/example_task_group.py
[2025-09-21T09:43:30.976+0545] {logging_mixin.py:190} INFO - [2025-09-21T09:43:30.975+0545] {dag.py:3239} INFO - Sync 1 DAGs
[2025-09-21T09:43:30.981+0545] {logging_mixin.py:190} INFO - [2025-09-21T09:43:30.981+0545] {dag.py:4180} INFO - Setting next_dagrun for example_task_group to None, run_after=None
[2025-09-21T09:43:31.000+0545] {processor.py:208} INFO - Processing /home/ashok/miniconda3/envs/mysecondenvironment/lib/python3.8/site-packages/airflow/example_dags/example_task_group.py took 0.047 seconds
[2025-09-21T09:45:40.793+0545] {processor.py:186} INFO - Started process (PID=50546) to work on /home/ashok/miniconda3/envs/mysecondenvironment/lib/python3.8/site-packages/airflow/example_dags/example_task_group.py
[2025-09-21T09:45:40.793+0545] {processor.py:914} INFO - Processing file /home/ashok/miniconda3/envs/mysecondenvironment/lib/python3.8/site-packages/airflow/example_dags/example_task_group.py for tasks to queue
[2025-09-21T09:45:40.795+0545] {logging_mixin.py:190} INFO - [2025-09-21T09:45:40.794+0545] {dagbag.py:588} INFO - Filling up the DagBag from /home/ashok/miniconda3/envs/mysecondenvironment/lib/python3.8/site-packages/airflow/example_dags/example_task_group.py
[2025-09-21T09:45:40.800+0545] {processor.py:925} INFO - DAG(s) 'example_task_group' retrieved from /home/ashok/miniconda3/envs/mysecondenvironment/lib/python3.8/site-packages/airflow/example_dags/example_task_group.py
[2025-09-21T09:45:40.814+0545] {logging_mixin.py:190} INFO - [2025-09-21T09:45:40.814+0545] {dag.py:3239} INFO - Sync 1 DAGs
[2025-09-21T09:45:40.821+0545] {logging_mixin.py:190} INFO - [2025-09-21T09:45:40.820+0545] {dag.py:4180} INFO - Setting next_dagrun for example_task_group to None, run_after=None
[2025-09-21T09:45:40.838+0545] {processor.py:208} INFO - Processing /home/ashok/miniconda3/envs/mysecondenvironment/lib/python3.8/site-packages/airflow/example_dags/example_task_group.py took 0.049 seconds
[2025-09-21T09:47:42.006+0545] {processor.py:186} INFO - Started process (PID=52464) to work on /home/ashok/miniconda3/envs/mysecondenvironment/lib/python3.8/site-packages/airflow/example_dags/example_task_group.py
[2025-09-21T09:47:42.008+0545] {processor.py:914} INFO - Processing file /home/ashok/miniconda3/envs/mysecondenvironment/lib/python3.8/site-packages/airflow/example_dags/example_task_group.py for tasks to queue
[2025-09-21T09:47:42.010+0545] {logging_mixin.py:190} INFO - [2025-09-21T09:47:42.009+0545] {dagbag.py:588} INFO - Filling up the DagBag from /home/ashok/miniconda3/envs/mysecondenvironment/lib/python3.8/site-packages/airflow/example_dags/example_task_group.py
[2025-09-21T09:47:42.014+0545] {processor.py:925} INFO - DAG(s) 'example_task_group' retrieved from /home/ashok/miniconda3/envs/mysecondenvironment/lib/python3.8/site-packages/airflow/example_dags/example_task_group.py
[2025-09-21T09:47:42.023+0545] {logging_mixin.py:190} INFO - [2025-09-21T09:47:42.022+0545] {dag.py:3239} INFO - Sync 1 DAGs
[2025-09-21T09:47:42.029+0545] {logging_mixin.py:190} INFO - [2025-09-21T09:47:42.028+0545] {dag.py:4180} INFO - Setting next_dagrun for example_task_group to None, run_after=None
[2025-09-21T09:47:42.044+0545] {processor.py:208} INFO - Processing /home/ashok/miniconda3/envs/mysecondenvironment/lib/python3.8/site-packages/airflow/example_dags/example_task_group.py took 0.042 seconds
[2025-09-21T09:48:35.367+0545] {processor.py:186} INFO - Started process (PID=52820) to work on /home/ashok/miniconda3/envs/mysecondenvironment/lib/python3.8/site-packages/airflow/example_dags/example_task_group.py
[2025-09-21T09:48:35.368+0545] {processor.py:914} INFO - Processing file /home/ashok/miniconda3/envs/mysecondenvironment/lib/python3.8/site-packages/airflow/example_dags/example_task_group.py for tasks to queue
[2025-09-21T09:48:35.370+0545] {logging_mixin.py:190} INFO - [2025-09-21T09:48:35.369+0545] {dagbag.py:588} INFO - Filling up the DagBag from /home/ashok/miniconda3/envs/mysecondenvironment/lib/python3.8/site-packages/airflow/example_dags/example_task_group.py
[2025-09-21T09:48:35.375+0545] {processor.py:925} INFO - DAG(s) 'example_task_group' retrieved from /home/ashok/miniconda3/envs/mysecondenvironment/lib/python3.8/site-packages/airflow/example_dags/example_task_group.py
[2025-09-21T09:48:35.384+0545] {logging_mixin.py:190} INFO - [2025-09-21T09:48:35.384+0545] {dag.py:3239} INFO - Sync 1 DAGs
[2025-09-21T09:48:35.390+0545] {logging_mixin.py:190} INFO - [2025-09-21T09:48:35.390+0545] {dag.py:4180} INFO - Setting next_dagrun for example_task_group to None, run_after=None
[2025-09-21T09:48:35.407+0545] {processor.py:208} INFO - Processing /home/ashok/miniconda3/envs/mysecondenvironment/lib/python3.8/site-packages/airflow/example_dags/example_task_group.py took 0.044 seconds
[2025-09-21T09:49:38.607+0545] {processor.py:186} INFO - Started process (PID=53355) to work on /home/ashok/miniconda3/envs/mysecondenvironment/lib/python3.8/site-packages/airflow/example_dags/example_task_group.py
[2025-09-21T09:49:38.609+0545] {processor.py:914} INFO - Processing file /home/ashok/miniconda3/envs/mysecondenvironment/lib/python3.8/site-packages/airflow/example_dags/example_task_group.py for tasks to queue
[2025-09-21T09:49:38.610+0545] {logging_mixin.py:190} INFO - [2025-09-21T09:49:38.610+0545] {dagbag.py:588} INFO - Filling up the DagBag from /home/ashok/miniconda3/envs/mysecondenvironment/lib/python3.8/site-packages/airflow/example_dags/example_task_group.py
[2025-09-21T09:49:38.615+0545] {processor.py:925} INFO - DAG(s) 'example_task_group' retrieved from /home/ashok/miniconda3/envs/mysecondenvironment/lib/python3.8/site-packages/airflow/example_dags/example_task_group.py
[2025-09-21T09:49:38.623+0545] {logging_mixin.py:190} INFO - [2025-09-21T09:49:38.623+0545] {dag.py:3239} INFO - Sync 1 DAGs
[2025-09-21T09:49:38.629+0545] {logging_mixin.py:190} INFO - [2025-09-21T09:49:38.629+0545] {dag.py:4180} INFO - Setting next_dagrun for example_task_group to None, run_after=None
[2025-09-21T09:49:38.644+0545] {processor.py:208} INFO - Processing /home/ashok/miniconda3/envs/mysecondenvironment/lib/python3.8/site-packages/airflow/example_dags/example_task_group.py took 0.040 seconds
[2025-09-21T09:50:35.411+0545] {processor.py:186} INFO - Started process (PID=53762) to work on /home/ashok/miniconda3/envs/mysecondenvironment/lib/python3.8/site-packages/airflow/example_dags/example_task_group.py
[2025-09-21T09:50:35.412+0545] {processor.py:914} INFO - Processing file /home/ashok/miniconda3/envs/mysecondenvironment/lib/python3.8/site-packages/airflow/example_dags/example_task_group.py for tasks to queue
[2025-09-21T09:50:35.414+0545] {logging_mixin.py:190} INFO - [2025-09-21T09:50:35.413+0545] {dagbag.py:588} INFO - Filling up the DagBag from /home/ashok/miniconda3/envs/mysecondenvironment/lib/python3.8/site-packages/airflow/example_dags/example_task_group.py
[2025-09-21T09:50:35.419+0545] {processor.py:925} INFO - DAG(s) 'example_task_group' retrieved from /home/ashok/miniconda3/envs/mysecondenvironment/lib/python3.8/site-packages/airflow/example_dags/example_task_group.py
[2025-09-21T09:50:35.429+0545] {logging_mixin.py:190} INFO - [2025-09-21T09:50:35.429+0545] {dag.py:3239} INFO - Sync 1 DAGs
[2025-09-21T09:50:35.435+0545] {logging_mixin.py:190} INFO - [2025-09-21T09:50:35.435+0545] {dag.py:4180} INFO - Setting next_dagrun for example_task_group to None, run_after=None
[2025-09-21T09:50:35.451+0545] {processor.py:208} INFO - Processing /home/ashok/miniconda3/envs/mysecondenvironment/lib/python3.8/site-packages/airflow/example_dags/example_task_group.py took 0.044 seconds
[2025-09-21T09:51:43.943+0545] {processor.py:186} INFO - Started process (PID=54452) to work on /home/ashok/miniconda3/envs/mysecondenvironment/lib/python3.8/site-packages/airflow/example_dags/example_task_group.py
[2025-09-21T09:51:43.944+0545] {processor.py:914} INFO - Processing file /home/ashok/miniconda3/envs/mysecondenvironment/lib/python3.8/site-packages/airflow/example_dags/example_task_group.py for tasks to queue
[2025-09-21T09:51:43.945+0545] {logging_mixin.py:190} INFO - [2025-09-21T09:51:43.945+0545] {dagbag.py:588} INFO - Filling up the DagBag from /home/ashok/miniconda3/envs/mysecondenvironment/lib/python3.8/site-packages/airflow/example_dags/example_task_group.py
[2025-09-21T09:51:43.950+0545] {processor.py:925} INFO - DAG(s) 'example_task_group' retrieved from /home/ashok/miniconda3/envs/mysecondenvironment/lib/python3.8/site-packages/airflow/example_dags/example_task_group.py
[2025-09-21T09:51:43.962+0545] {logging_mixin.py:190} INFO - [2025-09-21T09:51:43.962+0545] {dag.py:3239} INFO - Sync 1 DAGs
[2025-09-21T09:51:43.968+0545] {logging_mixin.py:190} INFO - [2025-09-21T09:51:43.968+0545] {dag.py:4180} INFO - Setting next_dagrun for example_task_group to None, run_after=None
[2025-09-21T09:51:43.984+0545] {processor.py:208} INFO - Processing /home/ashok/miniconda3/envs/mysecondenvironment/lib/python3.8/site-packages/airflow/example_dags/example_task_group.py took 0.045 seconds
[2025-09-21T09:54:30.290+0545] {processor.py:186} INFO - Started process (PID=56387) to work on /home/ashok/miniconda3/envs/mysecondenvironment/lib/python3.8/site-packages/airflow/example_dags/example_task_group.py
[2025-09-21T09:54:30.291+0545] {processor.py:914} INFO - Processing file /home/ashok/miniconda3/envs/mysecondenvironment/lib/python3.8/site-packages/airflow/example_dags/example_task_group.py for tasks to queue
[2025-09-21T09:54:30.293+0545] {logging_mixin.py:190} INFO - [2025-09-21T09:54:30.292+0545] {dagbag.py:588} INFO - Filling up the DagBag from /home/ashok/miniconda3/envs/mysecondenvironment/lib/python3.8/site-packages/airflow/example_dags/example_task_group.py
[2025-09-21T09:54:30.297+0545] {processor.py:925} INFO - DAG(s) 'example_task_group' retrieved from /home/ashok/miniconda3/envs/mysecondenvironment/lib/python3.8/site-packages/airflow/example_dags/example_task_group.py
[2025-09-21T09:54:30.305+0545] {logging_mixin.py:190} INFO - [2025-09-21T09:54:30.305+0545] {dag.py:3239} INFO - Sync 1 DAGs
[2025-09-21T09:54:30.311+0545] {logging_mixin.py:190} INFO - [2025-09-21T09:54:30.311+0545] {dag.py:4180} INFO - Setting next_dagrun for example_task_group to None, run_after=None
[2025-09-21T09:54:30.328+0545] {processor.py:208} INFO - Processing /home/ashok/miniconda3/envs/mysecondenvironment/lib/python3.8/site-packages/airflow/example_dags/example_task_group.py took 0.041 seconds
[2025-09-21T09:55:28.047+0545] {processor.py:186} INFO - Started process (PID=56833) to work on /home/ashok/miniconda3/envs/mysecondenvironment/lib/python3.8/site-packages/airflow/example_dags/example_task_group.py
[2025-09-21T09:55:28.049+0545] {processor.py:914} INFO - Processing file /home/ashok/miniconda3/envs/mysecondenvironment/lib/python3.8/site-packages/airflow/example_dags/example_task_group.py for tasks to queue
[2025-09-21T09:55:28.050+0545] {logging_mixin.py:190} INFO - [2025-09-21T09:55:28.050+0545] {dagbag.py:588} INFO - Filling up the DagBag from /home/ashok/miniconda3/envs/mysecondenvironment/lib/python3.8/site-packages/airflow/example_dags/example_task_group.py
[2025-09-21T09:55:28.055+0545] {processor.py:925} INFO - DAG(s) 'example_task_group' retrieved from /home/ashok/miniconda3/envs/mysecondenvironment/lib/python3.8/site-packages/airflow/example_dags/example_task_group.py
[2025-09-21T09:55:28.063+0545] {logging_mixin.py:190} INFO - [2025-09-21T09:55:28.063+0545] {dag.py:3239} INFO - Sync 1 DAGs
[2025-09-21T09:55:28.069+0545] {logging_mixin.py:190} INFO - [2025-09-21T09:55:28.069+0545] {dag.py:4180} INFO - Setting next_dagrun for example_task_group to None, run_after=None
[2025-09-21T09:55:28.087+0545] {processor.py:208} INFO - Processing /home/ashok/miniconda3/envs/mysecondenvironment/lib/python3.8/site-packages/airflow/example_dags/example_task_group.py took 0.043 seconds
[2025-09-21T09:56:22.301+0545] {processor.py:186} INFO - Started process (PID=57234) to work on /home/ashok/miniconda3/envs/mysecondenvironment/lib/python3.8/site-packages/airflow/example_dags/example_task_group.py
[2025-09-21T09:56:22.303+0545] {processor.py:914} INFO - Processing file /home/ashok/miniconda3/envs/mysecondenvironment/lib/python3.8/site-packages/airflow/example_dags/example_task_group.py for tasks to queue
[2025-09-21T09:56:22.305+0545] {logging_mixin.py:190} INFO - [2025-09-21T09:56:22.305+0545] {dagbag.py:588} INFO - Filling up the DagBag from /home/ashok/miniconda3/envs/mysecondenvironment/lib/python3.8/site-packages/airflow/example_dags/example_task_group.py
[2025-09-21T09:56:22.310+0545] {processor.py:925} INFO - DAG(s) 'example_task_group' retrieved from /home/ashok/miniconda3/envs/mysecondenvironment/lib/python3.8/site-packages/airflow/example_dags/example_task_group.py
[2025-09-21T09:56:22.319+0545] {logging_mixin.py:190} INFO - [2025-09-21T09:56:22.319+0545] {dag.py:3239} INFO - Sync 1 DAGs
[2025-09-21T09:56:22.326+0545] {logging_mixin.py:190} INFO - [2025-09-21T09:56:22.326+0545] {dag.py:4180} INFO - Setting next_dagrun for example_task_group to None, run_after=None
[2025-09-21T09:56:22.342+0545] {processor.py:208} INFO - Processing /home/ashok/miniconda3/envs/mysecondenvironment/lib/python3.8/site-packages/airflow/example_dags/example_task_group.py took 0.045 seconds
[2025-09-21T09:57:18.678+0545] {processor.py:186} INFO - Started process (PID=57599) to work on /home/ashok/miniconda3/envs/mysecondenvironment/lib/python3.8/site-packages/airflow/example_dags/example_task_group.py
[2025-09-21T09:57:18.680+0545] {processor.py:914} INFO - Processing file /home/ashok/miniconda3/envs/mysecondenvironment/lib/python3.8/site-packages/airflow/example_dags/example_task_group.py for tasks to queue
[2025-09-21T09:57:18.681+0545] {logging_mixin.py:190} INFO - [2025-09-21T09:57:18.681+0545] {dagbag.py:588} INFO - Filling up the DagBag from /home/ashok/miniconda3/envs/mysecondenvironment/lib/python3.8/site-packages/airflow/example_dags/example_task_group.py
[2025-09-21T09:57:18.687+0545] {processor.py:925} INFO - DAG(s) 'example_task_group' retrieved from /home/ashok/miniconda3/envs/mysecondenvironment/lib/python3.8/site-packages/airflow/example_dags/example_task_group.py
[2025-09-21T09:57:18.697+0545] {logging_mixin.py:190} INFO - [2025-09-21T09:57:18.697+0545] {dag.py:3239} INFO - Sync 1 DAGs
[2025-09-21T09:57:18.704+0545] {logging_mixin.py:190} INFO - [2025-09-21T09:57:18.704+0545] {dag.py:4180} INFO - Setting next_dagrun for example_task_group to None, run_after=None
[2025-09-21T09:57:18.721+0545] {processor.py:208} INFO - Processing /home/ashok/miniconda3/envs/mysecondenvironment/lib/python3.8/site-packages/airflow/example_dags/example_task_group.py took 0.047 seconds
[2025-09-21T09:58:10.544+0545] {processor.py:186} INFO - Started process (PID=57971) to work on /home/ashok/miniconda3/envs/mysecondenvironment/lib/python3.8/site-packages/airflow/example_dags/example_task_group.py
[2025-09-21T09:58:10.546+0545] {processor.py:914} INFO - Processing file /home/ashok/miniconda3/envs/mysecondenvironment/lib/python3.8/site-packages/airflow/example_dags/example_task_group.py for tasks to queue
[2025-09-21T09:58:10.547+0545] {logging_mixin.py:190} INFO - [2025-09-21T09:58:10.547+0545] {dagbag.py:588} INFO - Filling up the DagBag from /home/ashok/miniconda3/envs/mysecondenvironment/lib/python3.8/site-packages/airflow/example_dags/example_task_group.py
[2025-09-21T09:58:10.552+0545] {processor.py:925} INFO - DAG(s) 'example_task_group' retrieved from /home/ashok/miniconda3/envs/mysecondenvironment/lib/python3.8/site-packages/airflow/example_dags/example_task_group.py
[2025-09-21T09:58:10.563+0545] {logging_mixin.py:190} INFO - [2025-09-21T09:58:10.562+0545] {dag.py:3239} INFO - Sync 1 DAGs
[2025-09-21T09:58:10.568+0545] {logging_mixin.py:190} INFO - [2025-09-21T09:58:10.568+0545] {dag.py:4180} INFO - Setting next_dagrun for example_task_group to None, run_after=None
[2025-09-21T09:58:10.583+0545] {processor.py:208} INFO - Processing /home/ashok/miniconda3/envs/mysecondenvironment/lib/python3.8/site-packages/airflow/example_dags/example_task_group.py took 0.042 seconds
[2025-09-21T09:59:01.105+0545] {processor.py:186} INFO - Started process (PID=58300) to work on /home/ashok/miniconda3/envs/mysecondenvironment/lib/python3.8/site-packages/airflow/example_dags/example_task_group.py
[2025-09-21T09:59:01.106+0545] {processor.py:914} INFO - Processing file /home/ashok/miniconda3/envs/mysecondenvironment/lib/python3.8/site-packages/airflow/example_dags/example_task_group.py for tasks to queue
[2025-09-21T09:59:01.108+0545] {logging_mixin.py:190} INFO - [2025-09-21T09:59:01.107+0545] {dagbag.py:588} INFO - Filling up the DagBag from /home/ashok/miniconda3/envs/mysecondenvironment/lib/python3.8/site-packages/airflow/example_dags/example_task_group.py
[2025-09-21T09:59:01.112+0545] {processor.py:925} INFO - DAG(s) 'example_task_group' retrieved from /home/ashok/miniconda3/envs/mysecondenvironment/lib/python3.8/site-packages/airflow/example_dags/example_task_group.py
[2025-09-21T09:59:01.122+0545] {logging_mixin.py:190} INFO - [2025-09-21T09:59:01.122+0545] {dag.py:3239} INFO - Sync 1 DAGs
[2025-09-21T09:59:01.129+0545] {logging_mixin.py:190} INFO - [2025-09-21T09:59:01.129+0545] {dag.py:4180} INFO - Setting next_dagrun for example_task_group to None, run_after=None
[2025-09-21T09:59:01.145+0545] {processor.py:208} INFO - Processing /home/ashok/miniconda3/envs/mysecondenvironment/lib/python3.8/site-packages/airflow/example_dags/example_task_group.py took 0.045 seconds
[2025-09-21T09:59:54.696+0545] {processor.py:186} INFO - Started process (PID=58691) to work on /home/ashok/miniconda3/envs/mysecondenvironment/lib/python3.8/site-packages/airflow/example_dags/example_task_group.py
[2025-09-21T09:59:54.698+0545] {processor.py:914} INFO - Processing file /home/ashok/miniconda3/envs/mysecondenvironment/lib/python3.8/site-packages/airflow/example_dags/example_task_group.py for tasks to queue
[2025-09-21T09:59:54.700+0545] {logging_mixin.py:190} INFO - [2025-09-21T09:59:54.700+0545] {dagbag.py:588} INFO - Filling up the DagBag from /home/ashok/miniconda3/envs/mysecondenvironment/lib/python3.8/site-packages/airflow/example_dags/example_task_group.py
[2025-09-21T09:59:54.706+0545] {processor.py:925} INFO - DAG(s) 'example_task_group' retrieved from /home/ashok/miniconda3/envs/mysecondenvironment/lib/python3.8/site-packages/airflow/example_dags/example_task_group.py
[2025-09-21T09:59:54.715+0545] {logging_mixin.py:190} INFO - [2025-09-21T09:59:54.715+0545] {dag.py:3239} INFO - Sync 1 DAGs
[2025-09-21T09:59:54.721+0545] {logging_mixin.py:190} INFO - [2025-09-21T09:59:54.721+0545] {dag.py:4180} INFO - Setting next_dagrun for example_task_group to None, run_after=None
[2025-09-21T09:59:54.737+0545] {processor.py:208} INFO - Processing /home/ashok/miniconda3/envs/mysecondenvironment/lib/python3.8/site-packages/airflow/example_dags/example_task_group.py took 0.045 seconds
[2025-09-21T10:00:52.868+0545] {processor.py:186} INFO - Started process (PID=59116) to work on /home/ashok/miniconda3/envs/mysecondenvironment/lib/python3.8/site-packages/airflow/example_dags/example_task_group.py
[2025-09-21T10:00:52.869+0545] {processor.py:914} INFO - Processing file /home/ashok/miniconda3/envs/mysecondenvironment/lib/python3.8/site-packages/airflow/example_dags/example_task_group.py for tasks to queue
[2025-09-21T10:00:52.870+0545] {logging_mixin.py:190} INFO - [2025-09-21T10:00:52.870+0545] {dagbag.py:588} INFO - Filling up the DagBag from /home/ashok/miniconda3/envs/mysecondenvironment/lib/python3.8/site-packages/airflow/example_dags/example_task_group.py
[2025-09-21T10:00:52.875+0545] {processor.py:925} INFO - DAG(s) 'example_task_group' retrieved from /home/ashok/miniconda3/envs/mysecondenvironment/lib/python3.8/site-packages/airflow/example_dags/example_task_group.py
[2025-09-21T10:00:52.887+0545] {logging_mixin.py:190} INFO - [2025-09-21T10:00:52.886+0545] {dag.py:3239} INFO - Sync 1 DAGs
[2025-09-21T10:00:52.893+0545] {logging_mixin.py:190} INFO - [2025-09-21T10:00:52.893+0545] {dag.py:4180} INFO - Setting next_dagrun for example_task_group to None, run_after=None
[2025-09-21T10:00:52.912+0545] {processor.py:208} INFO - Processing /home/ashok/miniconda3/envs/mysecondenvironment/lib/python3.8/site-packages/airflow/example_dags/example_task_group.py took 0.049 seconds
[2025-09-21T10:03:12.716+0545] {processor.py:186} INFO - Started process (PID=60793) to work on /home/ashok/miniconda3/envs/mysecondenvironment/lib/python3.8/site-packages/airflow/example_dags/example_task_group.py
[2025-09-21T10:03:12.717+0545] {processor.py:914} INFO - Processing file /home/ashok/miniconda3/envs/mysecondenvironment/lib/python3.8/site-packages/airflow/example_dags/example_task_group.py for tasks to queue
[2025-09-21T10:03:12.719+0545] {logging_mixin.py:190} INFO - [2025-09-21T10:03:12.719+0545] {dagbag.py:588} INFO - Filling up the DagBag from /home/ashok/miniconda3/envs/mysecondenvironment/lib/python3.8/site-packages/airflow/example_dags/example_task_group.py
[2025-09-21T10:03:12.724+0545] {processor.py:925} INFO - DAG(s) 'example_task_group' retrieved from /home/ashok/miniconda3/envs/mysecondenvironment/lib/python3.8/site-packages/airflow/example_dags/example_task_group.py
[2025-09-21T10:03:12.733+0545] {logging_mixin.py:190} INFO - [2025-09-21T10:03:12.733+0545] {dag.py:3239} INFO - Sync 1 DAGs
[2025-09-21T10:03:12.739+0545] {logging_mixin.py:190} INFO - [2025-09-21T10:03:12.739+0545] {dag.py:4180} INFO - Setting next_dagrun for example_task_group to None, run_after=None
[2025-09-21T10:03:12.755+0545] {processor.py:208} INFO - Processing /home/ashok/miniconda3/envs/mysecondenvironment/lib/python3.8/site-packages/airflow/example_dags/example_task_group.py took 0.044 seconds
[2025-09-21T10:04:04.542+0545] {processor.py:186} INFO - Started process (PID=61165) to work on /home/ashok/miniconda3/envs/mysecondenvironment/lib/python3.8/site-packages/airflow/example_dags/example_task_group.py
[2025-09-21T10:04:04.545+0545] {processor.py:914} INFO - Processing file /home/ashok/miniconda3/envs/mysecondenvironment/lib/python3.8/site-packages/airflow/example_dags/example_task_group.py for tasks to queue
[2025-09-21T10:04:04.546+0545] {logging_mixin.py:190} INFO - [2025-09-21T10:04:04.546+0545] {dagbag.py:588} INFO - Filling up the DagBag from /home/ashok/miniconda3/envs/mysecondenvironment/lib/python3.8/site-packages/airflow/example_dags/example_task_group.py
[2025-09-21T10:04:04.550+0545] {processor.py:925} INFO - DAG(s) 'example_task_group' retrieved from /home/ashok/miniconda3/envs/mysecondenvironment/lib/python3.8/site-packages/airflow/example_dags/example_task_group.py
[2025-09-21T10:04:04.559+0545] {logging_mixin.py:190} INFO - [2025-09-21T10:04:04.559+0545] {dag.py:3239} INFO - Sync 1 DAGs
[2025-09-21T10:04:04.565+0545] {logging_mixin.py:190} INFO - [2025-09-21T10:04:04.564+0545] {dag.py:4180} INFO - Setting next_dagrun for example_task_group to None, run_after=None
[2025-09-21T10:04:04.583+0545] {processor.py:208} INFO - Processing /home/ashok/miniconda3/envs/mysecondenvironment/lib/python3.8/site-packages/airflow/example_dags/example_task_group.py took 0.044 seconds
[2025-09-21T10:05:02.282+0545] {processor.py:186} INFO - Started process (PID=61585) to work on /home/ashok/miniconda3/envs/mysecondenvironment/lib/python3.8/site-packages/airflow/example_dags/example_task_group.py
[2025-09-21T10:05:02.284+0545] {processor.py:914} INFO - Processing file /home/ashok/miniconda3/envs/mysecondenvironment/lib/python3.8/site-packages/airflow/example_dags/example_task_group.py for tasks to queue
[2025-09-21T10:05:02.285+0545] {logging_mixin.py:190} INFO - [2025-09-21T10:05:02.285+0545] {dagbag.py:588} INFO - Filling up the DagBag from /home/ashok/miniconda3/envs/mysecondenvironment/lib/python3.8/site-packages/airflow/example_dags/example_task_group.py
[2025-09-21T10:05:02.291+0545] {processor.py:925} INFO - DAG(s) 'example_task_group' retrieved from /home/ashok/miniconda3/envs/mysecondenvironment/lib/python3.8/site-packages/airflow/example_dags/example_task_group.py
[2025-09-21T10:05:02.301+0545] {logging_mixin.py:190} INFO - [2025-09-21T10:05:02.301+0545] {dag.py:3239} INFO - Sync 1 DAGs
[2025-09-21T10:05:02.307+0545] {logging_mixin.py:190} INFO - [2025-09-21T10:05:02.307+0545] {dag.py:4180} INFO - Setting next_dagrun for example_task_group to None, run_after=None
[2025-09-21T10:05:02.323+0545] {processor.py:208} INFO - Processing /home/ashok/miniconda3/envs/mysecondenvironment/lib/python3.8/site-packages/airflow/example_dags/example_task_group.py took 0.046 seconds
[2025-09-21T10:05:57.158+0545] {processor.py:186} INFO - Started process (PID=62037) to work on /home/ashok/miniconda3/envs/mysecondenvironment/lib/python3.8/site-packages/airflow/example_dags/example_task_group.py
[2025-09-21T10:05:57.159+0545] {processor.py:914} INFO - Processing file /home/ashok/miniconda3/envs/mysecondenvironment/lib/python3.8/site-packages/airflow/example_dags/example_task_group.py for tasks to queue
[2025-09-21T10:05:57.161+0545] {logging_mixin.py:190} INFO - [2025-09-21T10:05:57.161+0545] {dagbag.py:588} INFO - Filling up the DagBag from /home/ashok/miniconda3/envs/mysecondenvironment/lib/python3.8/site-packages/airflow/example_dags/example_task_group.py
[2025-09-21T10:05:57.167+0545] {processor.py:925} INFO - DAG(s) 'example_task_group' retrieved from /home/ashok/miniconda3/envs/mysecondenvironment/lib/python3.8/site-packages/airflow/example_dags/example_task_group.py
[2025-09-21T10:05:57.176+0545] {logging_mixin.py:190} INFO - [2025-09-21T10:05:57.176+0545] {dag.py:3239} INFO - Sync 1 DAGs
[2025-09-21T10:05:57.182+0545] {logging_mixin.py:190} INFO - [2025-09-21T10:05:57.182+0545] {dag.py:4180} INFO - Setting next_dagrun for example_task_group to None, run_after=None
[2025-09-21T10:05:57.199+0545] {processor.py:208} INFO - Processing /home/ashok/miniconda3/envs/mysecondenvironment/lib/python3.8/site-packages/airflow/example_dags/example_task_group.py took 0.044 seconds
[2025-09-21T10:06:52.192+0545] {processor.py:186} INFO - Started process (PID=62550) to work on /home/ashok/miniconda3/envs/mysecondenvironment/lib/python3.8/site-packages/airflow/example_dags/example_task_group.py
[2025-09-21T10:06:52.194+0545] {processor.py:914} INFO - Processing file /home/ashok/miniconda3/envs/mysecondenvironment/lib/python3.8/site-packages/airflow/example_dags/example_task_group.py for tasks to queue
[2025-09-21T10:06:52.196+0545] {logging_mixin.py:190} INFO - [2025-09-21T10:06:52.195+0545] {dagbag.py:588} INFO - Filling up the DagBag from /home/ashok/miniconda3/envs/mysecondenvironment/lib/python3.8/site-packages/airflow/example_dags/example_task_group.py
[2025-09-21T10:06:52.200+0545] {processor.py:925} INFO - DAG(s) 'example_task_group' retrieved from /home/ashok/miniconda3/envs/mysecondenvironment/lib/python3.8/site-packages/airflow/example_dags/example_task_group.py
[2025-09-21T10:06:52.208+0545] {logging_mixin.py:190} INFO - [2025-09-21T10:06:52.208+0545] {dag.py:3239} INFO - Sync 1 DAGs
[2025-09-21T10:06:52.214+0545] {logging_mixin.py:190} INFO - [2025-09-21T10:06:52.214+0545] {dag.py:4180} INFO - Setting next_dagrun for example_task_group to None, run_after=None
[2025-09-21T10:06:52.232+0545] {processor.py:208} INFO - Processing /home/ashok/miniconda3/envs/mysecondenvironment/lib/python3.8/site-packages/airflow/example_dags/example_task_group.py took 0.043 seconds
[2025-09-21T10:07:48.826+0545] {processor.py:186} INFO - Started process (PID=63019) to work on /home/ashok/miniconda3/envs/mysecondenvironment/lib/python3.8/site-packages/airflow/example_dags/example_task_group.py
[2025-09-21T10:07:48.828+0545] {processor.py:914} INFO - Processing file /home/ashok/miniconda3/envs/mysecondenvironment/lib/python3.8/site-packages/airflow/example_dags/example_task_group.py for tasks to queue
[2025-09-21T10:07:48.830+0545] {logging_mixin.py:190} INFO - [2025-09-21T10:07:48.830+0545] {dagbag.py:588} INFO - Filling up the DagBag from /home/ashok/miniconda3/envs/mysecondenvironment/lib/python3.8/site-packages/airflow/example_dags/example_task_group.py
[2025-09-21T10:07:48.835+0545] {processor.py:925} INFO - DAG(s) 'example_task_group' retrieved from /home/ashok/miniconda3/envs/mysecondenvironment/lib/python3.8/site-packages/airflow/example_dags/example_task_group.py
[2025-09-21T10:07:48.846+0545] {logging_mixin.py:190} INFO - [2025-09-21T10:07:48.845+0545] {dag.py:3239} INFO - Sync 1 DAGs
[2025-09-21T10:07:48.851+0545] {logging_mixin.py:190} INFO - [2025-09-21T10:07:48.851+0545] {dag.py:4180} INFO - Setting next_dagrun for example_task_group to None, run_after=None
[2025-09-21T10:07:48.868+0545] {processor.py:208} INFO - Processing /home/ashok/miniconda3/envs/mysecondenvironment/lib/python3.8/site-packages/airflow/example_dags/example_task_group.py took 0.045 seconds
[2025-09-21T10:08:48.084+0545] {processor.py:186} INFO - Started process (PID=63660) to work on /home/ashok/miniconda3/envs/mysecondenvironment/lib/python3.8/site-packages/airflow/example_dags/example_task_group.py
[2025-09-21T10:08:48.086+0545] {processor.py:914} INFO - Processing file /home/ashok/miniconda3/envs/mysecondenvironment/lib/python3.8/site-packages/airflow/example_dags/example_task_group.py for tasks to queue
[2025-09-21T10:08:48.088+0545] {logging_mixin.py:190} INFO - [2025-09-21T10:08:48.087+0545] {dagbag.py:588} INFO - Filling up the DagBag from /home/ashok/miniconda3/envs/mysecondenvironment/lib/python3.8/site-packages/airflow/example_dags/example_task_group.py
[2025-09-21T10:08:48.092+0545] {processor.py:925} INFO - DAG(s) 'example_task_group' retrieved from /home/ashok/miniconda3/envs/mysecondenvironment/lib/python3.8/site-packages/airflow/example_dags/example_task_group.py
[2025-09-21T10:08:48.100+0545] {logging_mixin.py:190} INFO - [2025-09-21T10:08:48.100+0545] {dag.py:3239} INFO - Sync 1 DAGs
[2025-09-21T10:08:48.106+0545] {logging_mixin.py:190} INFO - [2025-09-21T10:08:48.106+0545] {dag.py:4180} INFO - Setting next_dagrun for example_task_group to None, run_after=None
[2025-09-21T10:08:48.124+0545] {processor.py:208} INFO - Processing /home/ashok/miniconda3/envs/mysecondenvironment/lib/python3.8/site-packages/airflow/example_dags/example_task_group.py took 0.043 seconds
[2025-09-21T10:09:42.745+0545] {processor.py:186} INFO - Started process (PID=64151) to work on /home/ashok/miniconda3/envs/mysecondenvironment/lib/python3.8/site-packages/airflow/example_dags/example_task_group.py
[2025-09-21T10:09:42.747+0545] {processor.py:914} INFO - Processing file /home/ashok/miniconda3/envs/mysecondenvironment/lib/python3.8/site-packages/airflow/example_dags/example_task_group.py for tasks to queue
[2025-09-21T10:09:42.749+0545] {logging_mixin.py:190} INFO - [2025-09-21T10:09:42.748+0545] {dagbag.py:588} INFO - Filling up the DagBag from /home/ashok/miniconda3/envs/mysecondenvironment/lib/python3.8/site-packages/airflow/example_dags/example_task_group.py
[2025-09-21T10:09:42.753+0545] {processor.py:925} INFO - DAG(s) 'example_task_group' retrieved from /home/ashok/miniconda3/envs/mysecondenvironment/lib/python3.8/site-packages/airflow/example_dags/example_task_group.py
[2025-09-21T10:09:42.762+0545] {logging_mixin.py:190} INFO - [2025-09-21T10:09:42.761+0545] {dag.py:3239} INFO - Sync 1 DAGs
[2025-09-21T10:09:42.767+0545] {logging_mixin.py:190} INFO - [2025-09-21T10:09:42.767+0545] {dag.py:4180} INFO - Setting next_dagrun for example_task_group to None, run_after=None
[2025-09-21T10:09:42.783+0545] {processor.py:208} INFO - Processing /home/ashok/miniconda3/envs/mysecondenvironment/lib/python3.8/site-packages/airflow/example_dags/example_task_group.py took 0.040 seconds
[2025-09-21T10:10:37.026+0545] {processor.py:186} INFO - Started process (PID=64611) to work on /home/ashok/miniconda3/envs/mysecondenvironment/lib/python3.8/site-packages/airflow/example_dags/example_task_group.py
[2025-09-21T10:10:37.028+0545] {processor.py:914} INFO - Processing file /home/ashok/miniconda3/envs/mysecondenvironment/lib/python3.8/site-packages/airflow/example_dags/example_task_group.py for tasks to queue
[2025-09-21T10:10:37.029+0545] {logging_mixin.py:190} INFO - [2025-09-21T10:10:37.029+0545] {dagbag.py:588} INFO - Filling up the DagBag from /home/ashok/miniconda3/envs/mysecondenvironment/lib/python3.8/site-packages/airflow/example_dags/example_task_group.py
[2025-09-21T10:10:37.034+0545] {processor.py:925} INFO - DAG(s) 'example_task_group' retrieved from /home/ashok/miniconda3/envs/mysecondenvironment/lib/python3.8/site-packages/airflow/example_dags/example_task_group.py
[2025-09-21T10:10:37.044+0545] {logging_mixin.py:190} INFO - [2025-09-21T10:10:37.044+0545] {dag.py:3239} INFO - Sync 1 DAGs
[2025-09-21T10:10:37.050+0545] {logging_mixin.py:190} INFO - [2025-09-21T10:10:37.050+0545] {dag.py:4180} INFO - Setting next_dagrun for example_task_group to None, run_after=None
[2025-09-21T10:10:37.067+0545] {processor.py:208} INFO - Processing /home/ashok/miniconda3/envs/mysecondenvironment/lib/python3.8/site-packages/airflow/example_dags/example_task_group.py took 0.046 seconds
[2025-09-21T10:11:32.020+0545] {processor.py:186} INFO - Started process (PID=65082) to work on /home/ashok/miniconda3/envs/mysecondenvironment/lib/python3.8/site-packages/airflow/example_dags/example_task_group.py
[2025-09-21T10:11:32.022+0545] {processor.py:914} INFO - Processing file /home/ashok/miniconda3/envs/mysecondenvironment/lib/python3.8/site-packages/airflow/example_dags/example_task_group.py for tasks to queue
[2025-09-21T10:11:32.023+0545] {logging_mixin.py:190} INFO - [2025-09-21T10:11:32.023+0545] {dagbag.py:588} INFO - Filling up the DagBag from /home/ashok/miniconda3/envs/mysecondenvironment/lib/python3.8/site-packages/airflow/example_dags/example_task_group.py
[2025-09-21T10:11:32.028+0545] {processor.py:925} INFO - DAG(s) 'example_task_group' retrieved from /home/ashok/miniconda3/envs/mysecondenvironment/lib/python3.8/site-packages/airflow/example_dags/example_task_group.py
[2025-09-21T10:11:32.037+0545] {logging_mixin.py:190} INFO - [2025-09-21T10:11:32.037+0545] {dag.py:3239} INFO - Sync 1 DAGs
[2025-09-21T10:11:32.043+0545] {logging_mixin.py:190} INFO - [2025-09-21T10:11:32.043+0545] {dag.py:4180} INFO - Setting next_dagrun for example_task_group to None, run_after=None
[2025-09-21T10:11:32.059+0545] {processor.py:208} INFO - Processing /home/ashok/miniconda3/envs/mysecondenvironment/lib/python3.8/site-packages/airflow/example_dags/example_task_group.py took 0.042 seconds
[2025-09-21T10:12:28.345+0545] {processor.py:186} INFO - Started process (PID=65502) to work on /home/ashok/miniconda3/envs/mysecondenvironment/lib/python3.8/site-packages/airflow/example_dags/example_task_group.py
[2025-09-21T10:12:28.346+0545] {processor.py:914} INFO - Processing file /home/ashok/miniconda3/envs/mysecondenvironment/lib/python3.8/site-packages/airflow/example_dags/example_task_group.py for tasks to queue
[2025-09-21T10:12:28.347+0545] {logging_mixin.py:190} INFO - [2025-09-21T10:12:28.347+0545] {dagbag.py:588} INFO - Filling up the DagBag from /home/ashok/miniconda3/envs/mysecondenvironment/lib/python3.8/site-packages/airflow/example_dags/example_task_group.py
[2025-09-21T10:12:28.352+0545] {processor.py:925} INFO - DAG(s) 'example_task_group' retrieved from /home/ashok/miniconda3/envs/mysecondenvironment/lib/python3.8/site-packages/airflow/example_dags/example_task_group.py
[2025-09-21T10:12:28.367+0545] {logging_mixin.py:190} INFO - [2025-09-21T10:12:28.367+0545] {dag.py:3239} INFO - Sync 1 DAGs
[2025-09-21T10:12:28.375+0545] {logging_mixin.py:190} INFO - [2025-09-21T10:12:28.375+0545] {dag.py:4180} INFO - Setting next_dagrun for example_task_group to None, run_after=None
[2025-09-21T10:12:28.390+0545] {processor.py:208} INFO - Processing /home/ashok/miniconda3/envs/mysecondenvironment/lib/python3.8/site-packages/airflow/example_dags/example_task_group.py took 0.049 seconds
[2025-09-21T10:13:22.766+0545] {processor.py:186} INFO - Started process (PID=65920) to work on /home/ashok/miniconda3/envs/mysecondenvironment/lib/python3.8/site-packages/airflow/example_dags/example_task_group.py
[2025-09-21T10:13:22.768+0545] {processor.py:914} INFO - Processing file /home/ashok/miniconda3/envs/mysecondenvironment/lib/python3.8/site-packages/airflow/example_dags/example_task_group.py for tasks to queue
[2025-09-21T10:13:22.770+0545] {logging_mixin.py:190} INFO - [2025-09-21T10:13:22.770+0545] {dagbag.py:588} INFO - Filling up the DagBag from /home/ashok/miniconda3/envs/mysecondenvironment/lib/python3.8/site-packages/airflow/example_dags/example_task_group.py
[2025-09-21T10:13:22.777+0545] {processor.py:925} INFO - DAG(s) 'example_task_group' retrieved from /home/ashok/miniconda3/envs/mysecondenvironment/lib/python3.8/site-packages/airflow/example_dags/example_task_group.py
[2025-09-21T10:13:22.786+0545] {logging_mixin.py:190} INFO - [2025-09-21T10:13:22.785+0545] {dag.py:3239} INFO - Sync 1 DAGs
[2025-09-21T10:13:22.792+0545] {logging_mixin.py:190} INFO - [2025-09-21T10:13:22.792+0545] {dag.py:4180} INFO - Setting next_dagrun for example_task_group to None, run_after=None
[2025-09-21T10:13:22.897+0545] {processor.py:208} INFO - Processing /home/ashok/miniconda3/envs/mysecondenvironment/lib/python3.8/site-packages/airflow/example_dags/example_task_group.py took 0.134 seconds
