[2025-09-21T08:37:40.450+0545] {processor.py:186} INFO - Started process (PID=24175) to work on /home/ashok/miniconda3/envs/mysecondenvironment/lib/python3.8/site-packages/airflow/example_dags/example_branch_day_of_week_operator.py
[2025-09-21T08:37:40.450+0545] {processor.py:914} INFO - Processing file /home/ashok/miniconda3/envs/mysecondenvironment/lib/python3.8/site-packages/airflow/example_dags/example_branch_day_of_week_operator.py for tasks to queue
[2025-09-21T08:37:40.451+0545] {logging_mixin.py:190} INFO - [2025-09-21T08:37:40.451+0545] {dagbag.py:588} INFO - Filling up the DagBag from /home/ashok/miniconda3/envs/mysecondenvironment/lib/python3.8/site-packages/airflow/example_dags/example_branch_day_of_week_operator.py
[2025-09-21T08:37:40.457+0545] {processor.py:925} INFO - DAG(s) 'example_weekday_branch_operator' retrieved from /home/ashok/miniconda3/envs/mysecondenvironment/lib/python3.8/site-packages/airflow/example_dags/example_branch_day_of_week_operator.py
[2025-09-21T08:37:40.465+0545] {logging_mixin.py:190} INFO - [2025-09-21T08:37:40.464+0545] {dag.py:3239} INFO - Sync 1 DAGs
[2025-09-21T08:37:40.473+0545] {logging_mixin.py:190} INFO - [2025-09-21T08:37:40.473+0545] {dag.py:4180} INFO - Setting next_dagrun for example_weekday_branch_operator to 2025-09-20 00:00:00+00:00, run_after=2025-09-21 00:00:00+00:00
[2025-09-21T08:37:40.490+0545] {processor.py:208} INFO - Processing /home/ashok/miniconda3/envs/mysecondenvironment/lib/python3.8/site-packages/airflow/example_dags/example_branch_day_of_week_operator.py took 0.044 seconds
[2025-09-21T08:40:37.093+0545] {processor.py:186} INFO - Started process (PID=26518) to work on /home/ashok/miniconda3/envs/mysecondenvironment/lib/python3.8/site-packages/airflow/example_dags/example_branch_day_of_week_operator.py
[2025-09-21T08:40:37.094+0545] {processor.py:914} INFO - Processing file /home/ashok/miniconda3/envs/mysecondenvironment/lib/python3.8/site-packages/airflow/example_dags/example_branch_day_of_week_operator.py for tasks to queue
[2025-09-21T08:40:37.095+0545] {logging_mixin.py:190} INFO - [2025-09-21T08:40:37.095+0545] {dagbag.py:588} INFO - Filling up the DagBag from /home/ashok/miniconda3/envs/mysecondenvironment/lib/python3.8/site-packages/airflow/example_dags/example_branch_day_of_week_operator.py
[2025-09-21T08:40:37.101+0545] {processor.py:925} INFO - DAG(s) 'example_weekday_branch_operator' retrieved from /home/ashok/miniconda3/envs/mysecondenvironment/lib/python3.8/site-packages/airflow/example_dags/example_branch_day_of_week_operator.py
[2025-09-21T08:40:37.109+0545] {logging_mixin.py:190} INFO - [2025-09-21T08:40:37.108+0545] {dag.py:3239} INFO - Sync 1 DAGs
[2025-09-21T08:40:37.118+0545] {logging_mixin.py:190} INFO - [2025-09-21T08:40:37.117+0545] {dag.py:4180} INFO - Setting next_dagrun for example_weekday_branch_operator to 2025-09-20 00:00:00+00:00, run_after=2025-09-21 00:00:00+00:00
[2025-09-21T08:40:37.134+0545] {processor.py:208} INFO - Processing /home/ashok/miniconda3/envs/mysecondenvironment/lib/python3.8/site-packages/airflow/example_dags/example_branch_day_of_week_operator.py took 0.045 seconds
[2025-09-21T08:41:39.061+0545] {processor.py:186} INFO - Started process (PID=26950) to work on /home/ashok/miniconda3/envs/mysecondenvironment/lib/python3.8/site-packages/airflow/example_dags/example_branch_day_of_week_operator.py
[2025-09-21T08:41:39.063+0545] {processor.py:914} INFO - Processing file /home/ashok/miniconda3/envs/mysecondenvironment/lib/python3.8/site-packages/airflow/example_dags/example_branch_day_of_week_operator.py for tasks to queue
[2025-09-21T08:41:39.065+0545] {logging_mixin.py:190} INFO - [2025-09-21T08:41:39.065+0545] {dagbag.py:588} INFO - Filling up the DagBag from /home/ashok/miniconda3/envs/mysecondenvironment/lib/python3.8/site-packages/airflow/example_dags/example_branch_day_of_week_operator.py
[2025-09-21T08:41:39.071+0545] {processor.py:925} INFO - DAG(s) 'example_weekday_branch_operator' retrieved from /home/ashok/miniconda3/envs/mysecondenvironment/lib/python3.8/site-packages/airflow/example_dags/example_branch_day_of_week_operator.py
[2025-09-21T08:41:39.080+0545] {logging_mixin.py:190} INFO - [2025-09-21T08:41:39.080+0545] {dag.py:3239} INFO - Sync 1 DAGs
[2025-09-21T08:41:39.089+0545] {logging_mixin.py:190} INFO - [2025-09-21T08:41:39.089+0545] {dag.py:4180} INFO - Setting next_dagrun for example_weekday_branch_operator to 2025-09-20 00:00:00+00:00, run_after=2025-09-21 00:00:00+00:00
[2025-09-21T08:41:39.105+0545] {processor.py:208} INFO - Processing /home/ashok/miniconda3/envs/mysecondenvironment/lib/python3.8/site-packages/airflow/example_dags/example_branch_day_of_week_operator.py took 0.048 seconds
[2025-09-21T08:42:34.528+0545] {processor.py:186} INFO - Started process (PID=27426) to work on /home/ashok/miniconda3/envs/mysecondenvironment/lib/python3.8/site-packages/airflow/example_dags/example_branch_day_of_week_operator.py
[2025-09-21T08:42:34.529+0545] {processor.py:914} INFO - Processing file /home/ashok/miniconda3/envs/mysecondenvironment/lib/python3.8/site-packages/airflow/example_dags/example_branch_day_of_week_operator.py for tasks to queue
[2025-09-21T08:42:34.530+0545] {logging_mixin.py:190} INFO - [2025-09-21T08:42:34.530+0545] {dagbag.py:588} INFO - Filling up the DagBag from /home/ashok/miniconda3/envs/mysecondenvironment/lib/python3.8/site-packages/airflow/example_dags/example_branch_day_of_week_operator.py
[2025-09-21T08:42:34.536+0545] {processor.py:925} INFO - DAG(s) 'example_weekday_branch_operator' retrieved from /home/ashok/miniconda3/envs/mysecondenvironment/lib/python3.8/site-packages/airflow/example_dags/example_branch_day_of_week_operator.py
[2025-09-21T08:42:34.544+0545] {logging_mixin.py:190} INFO - [2025-09-21T08:42:34.544+0545] {dag.py:3239} INFO - Sync 1 DAGs
[2025-09-21T08:42:34.554+0545] {logging_mixin.py:190} INFO - [2025-09-21T08:42:34.553+0545] {dag.py:4180} INFO - Setting next_dagrun for example_weekday_branch_operator to 2025-09-20 00:00:00+00:00, run_after=2025-09-21 00:00:00+00:00
[2025-09-21T08:42:34.571+0545] {processor.py:208} INFO - Processing /home/ashok/miniconda3/envs/mysecondenvironment/lib/python3.8/site-packages/airflow/example_dags/example_branch_day_of_week_operator.py took 0.048 seconds
[2025-09-21T08:43:56.058+0545] {processor.py:186} INFO - Started process (PID=27971) to work on /home/ashok/miniconda3/envs/mysecondenvironment/lib/python3.8/site-packages/airflow/example_dags/example_branch_day_of_week_operator.py
[2025-09-21T08:43:56.060+0545] {processor.py:914} INFO - Processing file /home/ashok/miniconda3/envs/mysecondenvironment/lib/python3.8/site-packages/airflow/example_dags/example_branch_day_of_week_operator.py for tasks to queue
[2025-09-21T08:43:56.061+0545] {logging_mixin.py:190} INFO - [2025-09-21T08:43:56.061+0545] {dagbag.py:588} INFO - Filling up the DagBag from /home/ashok/miniconda3/envs/mysecondenvironment/lib/python3.8/site-packages/airflow/example_dags/example_branch_day_of_week_operator.py
[2025-09-21T08:43:56.067+0545] {processor.py:925} INFO - DAG(s) 'example_weekday_branch_operator' retrieved from /home/ashok/miniconda3/envs/mysecondenvironment/lib/python3.8/site-packages/airflow/example_dags/example_branch_day_of_week_operator.py
[2025-09-21T08:43:56.076+0545] {logging_mixin.py:190} INFO - [2025-09-21T08:43:56.076+0545] {dag.py:3239} INFO - Sync 1 DAGs
[2025-09-21T08:43:56.087+0545] {logging_mixin.py:190} INFO - [2025-09-21T08:43:56.086+0545] {dag.py:4180} INFO - Setting next_dagrun for example_weekday_branch_operator to 2025-09-20 00:00:00+00:00, run_after=2025-09-21 00:00:00+00:00
[2025-09-21T08:43:56.104+0545] {processor.py:208} INFO - Processing /home/ashok/miniconda3/envs/mysecondenvironment/lib/python3.8/site-packages/airflow/example_dags/example_branch_day_of_week_operator.py took 0.049 seconds
[2025-09-21T08:44:55.476+0545] {processor.py:186} INFO - Started process (PID=28347) to work on /home/ashok/miniconda3/envs/mysecondenvironment/lib/python3.8/site-packages/airflow/example_dags/example_branch_day_of_week_operator.py
[2025-09-21T08:44:55.478+0545] {processor.py:914} INFO - Processing file /home/ashok/miniconda3/envs/mysecondenvironment/lib/python3.8/site-packages/airflow/example_dags/example_branch_day_of_week_operator.py for tasks to queue
[2025-09-21T08:44:55.479+0545] {logging_mixin.py:190} INFO - [2025-09-21T08:44:55.479+0545] {dagbag.py:588} INFO - Filling up the DagBag from /home/ashok/miniconda3/envs/mysecondenvironment/lib/python3.8/site-packages/airflow/example_dags/example_branch_day_of_week_operator.py
[2025-09-21T08:44:55.485+0545] {processor.py:925} INFO - DAG(s) 'example_weekday_branch_operator' retrieved from /home/ashok/miniconda3/envs/mysecondenvironment/lib/python3.8/site-packages/airflow/example_dags/example_branch_day_of_week_operator.py
[2025-09-21T08:44:55.494+0545] {logging_mixin.py:190} INFO - [2025-09-21T08:44:55.494+0545] {dag.py:3239} INFO - Sync 1 DAGs
[2025-09-21T08:44:55.504+0545] {logging_mixin.py:190} INFO - [2025-09-21T08:44:55.504+0545] {dag.py:4180} INFO - Setting next_dagrun for example_weekday_branch_operator to 2025-09-20 00:00:00+00:00, run_after=2025-09-21 00:00:00+00:00
[2025-09-21T08:44:55.520+0545] {processor.py:208} INFO - Processing /home/ashok/miniconda3/envs/mysecondenvironment/lib/python3.8/site-packages/airflow/example_dags/example_branch_day_of_week_operator.py took 0.048 seconds
[2025-09-21T08:45:55.899+0545] {processor.py:186} INFO - Started process (PID=28776) to work on /home/ashok/miniconda3/envs/mysecondenvironment/lib/python3.8/site-packages/airflow/example_dags/example_branch_day_of_week_operator.py
[2025-09-21T08:45:55.900+0545] {processor.py:914} INFO - Processing file /home/ashok/miniconda3/envs/mysecondenvironment/lib/python3.8/site-packages/airflow/example_dags/example_branch_day_of_week_operator.py for tasks to queue
[2025-09-21T08:45:55.902+0545] {logging_mixin.py:190} INFO - [2025-09-21T08:45:55.902+0545] {dagbag.py:588} INFO - Filling up the DagBag from /home/ashok/miniconda3/envs/mysecondenvironment/lib/python3.8/site-packages/airflow/example_dags/example_branch_day_of_week_operator.py
[2025-09-21T08:45:55.908+0545] {processor.py:925} INFO - DAG(s) 'example_weekday_branch_operator' retrieved from /home/ashok/miniconda3/envs/mysecondenvironment/lib/python3.8/site-packages/airflow/example_dags/example_branch_day_of_week_operator.py
[2025-09-21T08:45:55.920+0545] {logging_mixin.py:190} INFO - [2025-09-21T08:45:55.919+0545] {dag.py:3239} INFO - Sync 1 DAGs
[2025-09-21T08:45:55.930+0545] {logging_mixin.py:190} INFO - [2025-09-21T08:45:55.930+0545] {dag.py:4180} INFO - Setting next_dagrun for example_weekday_branch_operator to 2025-09-20 00:00:00+00:00, run_after=2025-09-21 00:00:00+00:00
[2025-09-21T08:45:55.948+0545] {processor.py:208} INFO - Processing /home/ashok/miniconda3/envs/mysecondenvironment/lib/python3.8/site-packages/airflow/example_dags/example_branch_day_of_week_operator.py took 0.052 seconds
[2025-09-21T08:47:18.754+0545] {processor.py:186} INFO - Started process (PID=29359) to work on /home/ashok/miniconda3/envs/mysecondenvironment/lib/python3.8/site-packages/airflow/example_dags/example_branch_day_of_week_operator.py
[2025-09-21T08:47:18.755+0545] {processor.py:914} INFO - Processing file /home/ashok/miniconda3/envs/mysecondenvironment/lib/python3.8/site-packages/airflow/example_dags/example_branch_day_of_week_operator.py for tasks to queue
[2025-09-21T08:47:18.757+0545] {logging_mixin.py:190} INFO - [2025-09-21T08:47:18.757+0545] {dagbag.py:588} INFO - Filling up the DagBag from /home/ashok/miniconda3/envs/mysecondenvironment/lib/python3.8/site-packages/airflow/example_dags/example_branch_day_of_week_operator.py
[2025-09-21T08:47:18.764+0545] {processor.py:925} INFO - DAG(s) 'example_weekday_branch_operator' retrieved from /home/ashok/miniconda3/envs/mysecondenvironment/lib/python3.8/site-packages/airflow/example_dags/example_branch_day_of_week_operator.py
[2025-09-21T08:47:18.772+0545] {logging_mixin.py:190} INFO - [2025-09-21T08:47:18.772+0545] {dag.py:3239} INFO - Sync 1 DAGs
[2025-09-21T08:47:18.782+0545] {logging_mixin.py:190} INFO - [2025-09-21T08:47:18.782+0545] {dag.py:4180} INFO - Setting next_dagrun for example_weekday_branch_operator to 2025-09-20 00:00:00+00:00, run_after=2025-09-21 00:00:00+00:00
[2025-09-21T08:47:18.798+0545] {processor.py:208} INFO - Processing /home/ashok/miniconda3/envs/mysecondenvironment/lib/python3.8/site-packages/airflow/example_dags/example_branch_day_of_week_operator.py took 0.048 seconds
[2025-09-21T09:44:11.984+0545] {processor.py:186} INFO - Started process (PID=49764) to work on /home/ashok/miniconda3/envs/mysecondenvironment/lib/python3.8/site-packages/airflow/example_dags/example_branch_day_of_week_operator.py
[2025-09-21T09:44:11.986+0545] {processor.py:914} INFO - Processing file /home/ashok/miniconda3/envs/mysecondenvironment/lib/python3.8/site-packages/airflow/example_dags/example_branch_day_of_week_operator.py for tasks to queue
[2025-09-21T09:44:11.988+0545] {logging_mixin.py:190} INFO - [2025-09-21T09:44:11.988+0545] {dagbag.py:588} INFO - Filling up the DagBag from /home/ashok/miniconda3/envs/mysecondenvironment/lib/python3.8/site-packages/airflow/example_dags/example_branch_day_of_week_operator.py
[2025-09-21T09:44:11.993+0545] {processor.py:925} INFO - DAG(s) 'example_weekday_branch_operator' retrieved from /home/ashok/miniconda3/envs/mysecondenvironment/lib/python3.8/site-packages/airflow/example_dags/example_branch_day_of_week_operator.py
[2025-09-21T09:44:12.002+0545] {logging_mixin.py:190} INFO - [2025-09-21T09:44:12.002+0545] {dag.py:3239} INFO - Sync 1 DAGs
[2025-09-21T09:44:12.011+0545] {logging_mixin.py:190} INFO - [2025-09-21T09:44:12.011+0545] {dag.py:4180} INFO - Setting next_dagrun for example_weekday_branch_operator to 2025-09-20 00:00:00+00:00, run_after=2025-09-21 00:00:00+00:00
[2025-09-21T09:44:12.029+0545] {processor.py:208} INFO - Processing /home/ashok/miniconda3/envs/mysecondenvironment/lib/python3.8/site-packages/airflow/example_dags/example_branch_day_of_week_operator.py took 0.048 seconds
[2025-09-21T09:47:26.853+0545] {processor.py:186} INFO - Started process (PID=52344) to work on /home/ashok/miniconda3/envs/mysecondenvironment/lib/python3.8/site-packages/airflow/example_dags/example_branch_day_of_week_operator.py
[2025-09-21T09:47:26.855+0545] {processor.py:914} INFO - Processing file /home/ashok/miniconda3/envs/mysecondenvironment/lib/python3.8/site-packages/airflow/example_dags/example_branch_day_of_week_operator.py for tasks to queue
[2025-09-21T09:47:26.857+0545] {logging_mixin.py:190} INFO - [2025-09-21T09:47:26.857+0545] {dagbag.py:588} INFO - Filling up the DagBag from /home/ashok/miniconda3/envs/mysecondenvironment/lib/python3.8/site-packages/airflow/example_dags/example_branch_day_of_week_operator.py
[2025-09-21T09:47:26.865+0545] {processor.py:925} INFO - DAG(s) 'example_weekday_branch_operator' retrieved from /home/ashok/miniconda3/envs/mysecondenvironment/lib/python3.8/site-packages/airflow/example_dags/example_branch_day_of_week_operator.py
[2025-09-21T09:47:26.874+0545] {logging_mixin.py:190} INFO - [2025-09-21T09:47:26.874+0545] {dag.py:3239} INFO - Sync 1 DAGs
[2025-09-21T09:47:26.885+0545] {logging_mixin.py:190} INFO - [2025-09-21T09:47:26.885+0545] {dag.py:4180} INFO - Setting next_dagrun for example_weekday_branch_operator to 2025-09-20 00:00:00+00:00, run_after=2025-09-21 00:00:00+00:00
[2025-09-21T09:47:26.902+0545] {processor.py:208} INFO - Processing /home/ashok/miniconda3/envs/mysecondenvironment/lib/python3.8/site-packages/airflow/example_dags/example_branch_day_of_week_operator.py took 0.053 seconds
[2025-09-21T09:48:46.236+0545] {processor.py:186} INFO - Started process (PID=52921) to work on /home/ashok/miniconda3/envs/mysecondenvironment/lib/python3.8/site-packages/airflow/example_dags/example_branch_day_of_week_operator.py
[2025-09-21T09:48:46.237+0545] {processor.py:914} INFO - Processing file /home/ashok/miniconda3/envs/mysecondenvironment/lib/python3.8/site-packages/airflow/example_dags/example_branch_day_of_week_operator.py for tasks to queue
[2025-09-21T09:48:46.238+0545] {logging_mixin.py:190} INFO - [2025-09-21T09:48:46.238+0545] {dagbag.py:588} INFO - Filling up the DagBag from /home/ashok/miniconda3/envs/mysecondenvironment/lib/python3.8/site-packages/airflow/example_dags/example_branch_day_of_week_operator.py
[2025-09-21T09:48:46.243+0545] {processor.py:925} INFO - DAG(s) 'example_weekday_branch_operator' retrieved from /home/ashok/miniconda3/envs/mysecondenvironment/lib/python3.8/site-packages/airflow/example_dags/example_branch_day_of_week_operator.py
[2025-09-21T09:48:46.252+0545] {logging_mixin.py:190} INFO - [2025-09-21T09:48:46.251+0545] {dag.py:3239} INFO - Sync 1 DAGs
[2025-09-21T09:48:46.261+0545] {logging_mixin.py:190} INFO - [2025-09-21T09:48:46.261+0545] {dag.py:4180} INFO - Setting next_dagrun for example_weekday_branch_operator to 2025-09-20 00:00:00+00:00, run_after=2025-09-21 00:00:00+00:00
[2025-09-21T09:48:46.277+0545] {processor.py:208} INFO - Processing /home/ashok/miniconda3/envs/mysecondenvironment/lib/python3.8/site-packages/airflow/example_dags/example_branch_day_of_week_operator.py took 0.045 seconds
[2025-09-21T09:49:54.041+0545] {processor.py:186} INFO - Started process (PID=53446) to work on /home/ashok/miniconda3/envs/mysecondenvironment/lib/python3.8/site-packages/airflow/example_dags/example_branch_day_of_week_operator.py
[2025-09-21T09:49:54.043+0545] {processor.py:914} INFO - Processing file /home/ashok/miniconda3/envs/mysecondenvironment/lib/python3.8/site-packages/airflow/example_dags/example_branch_day_of_week_operator.py for tasks to queue
[2025-09-21T09:49:54.044+0545] {logging_mixin.py:190} INFO - [2025-09-21T09:49:54.044+0545] {dagbag.py:588} INFO - Filling up the DagBag from /home/ashok/miniconda3/envs/mysecondenvironment/lib/python3.8/site-packages/airflow/example_dags/example_branch_day_of_week_operator.py
[2025-09-21T09:49:54.050+0545] {processor.py:925} INFO - DAG(s) 'example_weekday_branch_operator' retrieved from /home/ashok/miniconda3/envs/mysecondenvironment/lib/python3.8/site-packages/airflow/example_dags/example_branch_day_of_week_operator.py
[2025-09-21T09:49:54.060+0545] {logging_mixin.py:190} INFO - [2025-09-21T09:49:54.060+0545] {dag.py:3239} INFO - Sync 1 DAGs
[2025-09-21T09:49:54.071+0545] {logging_mixin.py:190} INFO - [2025-09-21T09:49:54.071+0545] {dag.py:4180} INFO - Setting next_dagrun for example_weekday_branch_operator to 2025-09-20 00:00:00+00:00, run_after=2025-09-21 00:00:00+00:00
[2025-09-21T09:49:54.087+0545] {processor.py:208} INFO - Processing /home/ashok/miniconda3/envs/mysecondenvironment/lib/python3.8/site-packages/airflow/example_dags/example_branch_day_of_week_operator.py took 0.050 seconds
[2025-09-21T09:51:17.183+0545] {processor.py:186} INFO - Started process (PID=54017) to work on /home/ashok/miniconda3/envs/mysecondenvironment/lib/python3.8/site-packages/airflow/example_dags/example_branch_day_of_week_operator.py
[2025-09-21T09:51:17.185+0545] {processor.py:914} INFO - Processing file /home/ashok/miniconda3/envs/mysecondenvironment/lib/python3.8/site-packages/airflow/example_dags/example_branch_day_of_week_operator.py for tasks to queue
[2025-09-21T09:51:17.186+0545] {logging_mixin.py:190} INFO - [2025-09-21T09:51:17.186+0545] {dagbag.py:588} INFO - Filling up the DagBag from /home/ashok/miniconda3/envs/mysecondenvironment/lib/python3.8/site-packages/airflow/example_dags/example_branch_day_of_week_operator.py
[2025-09-21T09:51:17.194+0545] {processor.py:925} INFO - DAG(s) 'example_weekday_branch_operator' retrieved from /home/ashok/miniconda3/envs/mysecondenvironment/lib/python3.8/site-packages/airflow/example_dags/example_branch_day_of_week_operator.py
[2025-09-21T09:51:17.202+0545] {logging_mixin.py:190} INFO - [2025-09-21T09:51:17.202+0545] {dag.py:3239} INFO - Sync 1 DAGs
[2025-09-21T09:51:17.212+0545] {logging_mixin.py:190} INFO - [2025-09-21T09:51:17.212+0545] {dag.py:4180} INFO - Setting next_dagrun for example_weekday_branch_operator to 2025-09-20 00:00:00+00:00, run_after=2025-09-21 00:00:00+00:00
[2025-09-21T09:51:17.230+0545] {processor.py:208} INFO - Processing /home/ashok/miniconda3/envs/mysecondenvironment/lib/python3.8/site-packages/airflow/example_dags/example_branch_day_of_week_operator.py took 0.051 seconds
[2025-09-21T09:54:15.622+0545] {processor.py:186} INFO - Started process (PID=56239) to work on /home/ashok/miniconda3/envs/mysecondenvironment/lib/python3.8/site-packages/airflow/example_dags/example_branch_day_of_week_operator.py
[2025-09-21T09:54:15.623+0545] {processor.py:914} INFO - Processing file /home/ashok/miniconda3/envs/mysecondenvironment/lib/python3.8/site-packages/airflow/example_dags/example_branch_day_of_week_operator.py for tasks to queue
[2025-09-21T09:54:15.624+0545] {logging_mixin.py:190} INFO - [2025-09-21T09:54:15.624+0545] {dagbag.py:588} INFO - Filling up the DagBag from /home/ashok/miniconda3/envs/mysecondenvironment/lib/python3.8/site-packages/airflow/example_dags/example_branch_day_of_week_operator.py
[2025-09-21T09:54:15.630+0545] {processor.py:925} INFO - DAG(s) 'example_weekday_branch_operator' retrieved from /home/ashok/miniconda3/envs/mysecondenvironment/lib/python3.8/site-packages/airflow/example_dags/example_branch_day_of_week_operator.py
[2025-09-21T09:54:15.639+0545] {logging_mixin.py:190} INFO - [2025-09-21T09:54:15.639+0545] {dag.py:3239} INFO - Sync 1 DAGs
[2025-09-21T09:54:15.649+0545] {logging_mixin.py:190} INFO - [2025-09-21T09:54:15.649+0545] {dag.py:4180} INFO - Setting next_dagrun for example_weekday_branch_operator to 2025-09-20 00:00:00+00:00, run_after=2025-09-21 00:00:00+00:00
[2025-09-21T09:54:15.665+0545] {processor.py:208} INFO - Processing /home/ashok/miniconda3/envs/mysecondenvironment/lib/python3.8/site-packages/airflow/example_dags/example_branch_day_of_week_operator.py took 0.047 seconds
[2025-09-21T09:55:12.623+0545] {processor.py:186} INFO - Started process (PID=56674) to work on /home/ashok/miniconda3/envs/mysecondenvironment/lib/python3.8/site-packages/airflow/example_dags/example_branch_day_of_week_operator.py
[2025-09-21T09:55:12.625+0545] {processor.py:914} INFO - Processing file /home/ashok/miniconda3/envs/mysecondenvironment/lib/python3.8/site-packages/airflow/example_dags/example_branch_day_of_week_operator.py for tasks to queue
[2025-09-21T09:55:12.626+0545] {logging_mixin.py:190} INFO - [2025-09-21T09:55:12.626+0545] {dagbag.py:588} INFO - Filling up the DagBag from /home/ashok/miniconda3/envs/mysecondenvironment/lib/python3.8/site-packages/airflow/example_dags/example_branch_day_of_week_operator.py
[2025-09-21T09:55:12.631+0545] {processor.py:925} INFO - DAG(s) 'example_weekday_branch_operator' retrieved from /home/ashok/miniconda3/envs/mysecondenvironment/lib/python3.8/site-packages/airflow/example_dags/example_branch_day_of_week_operator.py
[2025-09-21T09:55:12.639+0545] {logging_mixin.py:190} INFO - [2025-09-21T09:55:12.639+0545] {dag.py:3239} INFO - Sync 1 DAGs
[2025-09-21T09:55:12.648+0545] {logging_mixin.py:190} INFO - [2025-09-21T09:55:12.648+0545] {dag.py:4180} INFO - Setting next_dagrun for example_weekday_branch_operator to 2025-09-20 00:00:00+00:00, run_after=2025-09-21 00:00:00+00:00
[2025-09-21T09:55:12.668+0545] {processor.py:208} INFO - Processing /home/ashok/miniconda3/envs/mysecondenvironment/lib/python3.8/site-packages/airflow/example_dags/example_branch_day_of_week_operator.py took 0.048 seconds
[2025-09-21T09:56:11.501+0545] {processor.py:186} INFO - Started process (PID=57156) to work on /home/ashok/miniconda3/envs/mysecondenvironment/lib/python3.8/site-packages/airflow/example_dags/example_branch_day_of_week_operator.py
[2025-09-21T09:56:11.503+0545] {processor.py:914} INFO - Processing file /home/ashok/miniconda3/envs/mysecondenvironment/lib/python3.8/site-packages/airflow/example_dags/example_branch_day_of_week_operator.py for tasks to queue
[2025-09-21T09:56:11.505+0545] {logging_mixin.py:190} INFO - [2025-09-21T09:56:11.505+0545] {dagbag.py:588} INFO - Filling up the DagBag from /home/ashok/miniconda3/envs/mysecondenvironment/lib/python3.8/site-packages/airflow/example_dags/example_branch_day_of_week_operator.py
[2025-09-21T09:56:11.510+0545] {processor.py:925} INFO - DAG(s) 'example_weekday_branch_operator' retrieved from /home/ashok/miniconda3/envs/mysecondenvironment/lib/python3.8/site-packages/airflow/example_dags/example_branch_day_of_week_operator.py
[2025-09-21T09:56:11.519+0545] {logging_mixin.py:190} INFO - [2025-09-21T09:56:11.519+0545] {dag.py:3239} INFO - Sync 1 DAGs
[2025-09-21T09:56:11.528+0545] {logging_mixin.py:190} INFO - [2025-09-21T09:56:11.528+0545] {dag.py:4180} INFO - Setting next_dagrun for example_weekday_branch_operator to 2025-09-20 00:00:00+00:00, run_after=2025-09-21 00:00:00+00:00
[2025-09-21T09:56:11.543+0545] {processor.py:208} INFO - Processing /home/ashok/miniconda3/envs/mysecondenvironment/lib/python3.8/site-packages/airflow/example_dags/example_branch_day_of_week_operator.py took 0.047 seconds
[2025-09-21T09:57:31.651+0545] {processor.py:186} INFO - Started process (PID=57681) to work on /home/ashok/miniconda3/envs/mysecondenvironment/lib/python3.8/site-packages/airflow/example_dags/example_branch_day_of_week_operator.py
[2025-09-21T09:57:31.653+0545] {processor.py:914} INFO - Processing file /home/ashok/miniconda3/envs/mysecondenvironment/lib/python3.8/site-packages/airflow/example_dags/example_branch_day_of_week_operator.py for tasks to queue
[2025-09-21T09:57:31.654+0545] {logging_mixin.py:190} INFO - [2025-09-21T09:57:31.654+0545] {dagbag.py:588} INFO - Filling up the DagBag from /home/ashok/miniconda3/envs/mysecondenvironment/lib/python3.8/site-packages/airflow/example_dags/example_branch_day_of_week_operator.py
[2025-09-21T09:57:31.661+0545] {processor.py:925} INFO - DAG(s) 'example_weekday_branch_operator' retrieved from /home/ashok/miniconda3/envs/mysecondenvironment/lib/python3.8/site-packages/airflow/example_dags/example_branch_day_of_week_operator.py
[2025-09-21T09:57:31.671+0545] {logging_mixin.py:190} INFO - [2025-09-21T09:57:31.671+0545] {dag.py:3239} INFO - Sync 1 DAGs
[2025-09-21T09:57:31.681+0545] {logging_mixin.py:190} INFO - [2025-09-21T09:57:31.681+0545] {dag.py:4180} INFO - Setting next_dagrun for example_weekday_branch_operator to 2025-09-20 00:00:00+00:00, run_after=2025-09-21 00:00:00+00:00
[2025-09-21T09:57:31.701+0545] {processor.py:208} INFO - Processing /home/ashok/miniconda3/envs/mysecondenvironment/lib/python3.8/site-packages/airflow/example_dags/example_branch_day_of_week_operator.py took 0.053 seconds
[2025-09-21T09:58:47.857+0545] {processor.py:186} INFO - Started process (PID=58211) to work on /home/ashok/miniconda3/envs/mysecondenvironment/lib/python3.8/site-packages/airflow/example_dags/example_branch_day_of_week_operator.py
[2025-09-21T09:58:47.857+0545] {processor.py:914} INFO - Processing file /home/ashok/miniconda3/envs/mysecondenvironment/lib/python3.8/site-packages/airflow/example_dags/example_branch_day_of_week_operator.py for tasks to queue
[2025-09-21T09:58:47.858+0545] {logging_mixin.py:190} INFO - [2025-09-21T09:58:47.858+0545] {dagbag.py:588} INFO - Filling up the DagBag from /home/ashok/miniconda3/envs/mysecondenvironment/lib/python3.8/site-packages/airflow/example_dags/example_branch_day_of_week_operator.py
[2025-09-21T09:58:47.864+0545] {processor.py:925} INFO - DAG(s) 'example_weekday_branch_operator' retrieved from /home/ashok/miniconda3/envs/mysecondenvironment/lib/python3.8/site-packages/airflow/example_dags/example_branch_day_of_week_operator.py
[2025-09-21T09:58:47.872+0545] {logging_mixin.py:190} INFO - [2025-09-21T09:58:47.872+0545] {dag.py:3239} INFO - Sync 1 DAGs
[2025-09-21T09:58:47.882+0545] {logging_mixin.py:190} INFO - [2025-09-21T09:58:47.882+0545] {dag.py:4180} INFO - Setting next_dagrun for example_weekday_branch_operator to 2025-09-20 00:00:00+00:00, run_after=2025-09-21 00:00:00+00:00
[2025-09-21T09:58:47.895+0545] {processor.py:208} INFO - Processing /home/ashok/miniconda3/envs/mysecondenvironment/lib/python3.8/site-packages/airflow/example_dags/example_branch_day_of_week_operator.py took 0.042 seconds
[2025-09-21T10:00:09.703+0545] {processor.py:186} INFO - Started process (PID=58783) to work on /home/ashok/miniconda3/envs/mysecondenvironment/lib/python3.8/site-packages/airflow/example_dags/example_branch_day_of_week_operator.py
[2025-09-21T10:00:09.704+0545] {processor.py:914} INFO - Processing file /home/ashok/miniconda3/envs/mysecondenvironment/lib/python3.8/site-packages/airflow/example_dags/example_branch_day_of_week_operator.py for tasks to queue
[2025-09-21T10:00:09.706+0545] {logging_mixin.py:190} INFO - [2025-09-21T10:00:09.706+0545] {dagbag.py:588} INFO - Filling up the DagBag from /home/ashok/miniconda3/envs/mysecondenvironment/lib/python3.8/site-packages/airflow/example_dags/example_branch_day_of_week_operator.py
[2025-09-21T10:00:09.711+0545] {processor.py:925} INFO - DAG(s) 'example_weekday_branch_operator' retrieved from /home/ashok/miniconda3/envs/mysecondenvironment/lib/python3.8/site-packages/airflow/example_dags/example_branch_day_of_week_operator.py
[2025-09-21T10:00:09.720+0545] {logging_mixin.py:190} INFO - [2025-09-21T10:00:09.720+0545] {dag.py:3239} INFO - Sync 1 DAGs
[2025-09-21T10:00:09.730+0545] {logging_mixin.py:190} INFO - [2025-09-21T10:00:09.730+0545] {dag.py:4180} INFO - Setting next_dagrun for example_weekday_branch_operator to 2025-09-20 00:00:00+00:00, run_after=2025-09-21 00:00:00+00:00
[2025-09-21T10:00:09.746+0545] {processor.py:208} INFO - Processing /home/ashok/miniconda3/envs/mysecondenvironment/lib/python3.8/site-packages/airflow/example_dags/example_branch_day_of_week_operator.py took 0.047 seconds
[2025-09-21T10:03:50.575+0545] {processor.py:186} INFO - Started process (PID=61061) to work on /home/ashok/miniconda3/envs/mysecondenvironment/lib/python3.8/site-packages/airflow/example_dags/example_branch_day_of_week_operator.py
[2025-09-21T10:03:50.577+0545] {processor.py:914} INFO - Processing file /home/ashok/miniconda3/envs/mysecondenvironment/lib/python3.8/site-packages/airflow/example_dags/example_branch_day_of_week_operator.py for tasks to queue
[2025-09-21T10:03:50.578+0545] {logging_mixin.py:190} INFO - [2025-09-21T10:03:50.578+0545] {dagbag.py:588} INFO - Filling up the DagBag from /home/ashok/miniconda3/envs/mysecondenvironment/lib/python3.8/site-packages/airflow/example_dags/example_branch_day_of_week_operator.py
[2025-09-21T10:03:50.584+0545] {processor.py:925} INFO - DAG(s) 'example_weekday_branch_operator' retrieved from /home/ashok/miniconda3/envs/mysecondenvironment/lib/python3.8/site-packages/airflow/example_dags/example_branch_day_of_week_operator.py
[2025-09-21T10:03:50.593+0545] {logging_mixin.py:190} INFO - [2025-09-21T10:03:50.593+0545] {dag.py:3239} INFO - Sync 1 DAGs
[2025-09-21T10:03:50.604+0545] {logging_mixin.py:190} INFO - [2025-09-21T10:03:50.604+0545] {dag.py:4180} INFO - Setting next_dagrun for example_weekday_branch_operator to 2025-09-20 00:00:00+00:00, run_after=2025-09-21 00:00:00+00:00
[2025-09-21T10:03:50.621+0545] {processor.py:208} INFO - Processing /home/ashok/miniconda3/envs/mysecondenvironment/lib/python3.8/site-packages/airflow/example_dags/example_branch_day_of_week_operator.py took 0.049 seconds
[2025-09-21T10:04:48.293+0545] {processor.py:186} INFO - Started process (PID=61480) to work on /home/ashok/miniconda3/envs/mysecondenvironment/lib/python3.8/site-packages/airflow/example_dags/example_branch_day_of_week_operator.py
[2025-09-21T10:04:48.295+0545] {processor.py:914} INFO - Processing file /home/ashok/miniconda3/envs/mysecondenvironment/lib/python3.8/site-packages/airflow/example_dags/example_branch_day_of_week_operator.py for tasks to queue
[2025-09-21T10:04:48.297+0545] {logging_mixin.py:190} INFO - [2025-09-21T10:04:48.296+0545] {dagbag.py:588} INFO - Filling up the DagBag from /home/ashok/miniconda3/envs/mysecondenvironment/lib/python3.8/site-packages/airflow/example_dags/example_branch_day_of_week_operator.py
[2025-09-21T10:04:48.304+0545] {processor.py:925} INFO - DAG(s) 'example_weekday_branch_operator' retrieved from /home/ashok/miniconda3/envs/mysecondenvironment/lib/python3.8/site-packages/airflow/example_dags/example_branch_day_of_week_operator.py
[2025-09-21T10:04:48.314+0545] {logging_mixin.py:190} INFO - [2025-09-21T10:04:48.314+0545] {dag.py:3239} INFO - Sync 1 DAGs
[2025-09-21T10:04:48.324+0545] {logging_mixin.py:190} INFO - [2025-09-21T10:04:48.324+0545] {dag.py:4180} INFO - Setting next_dagrun for example_weekday_branch_operator to 2025-09-20 00:00:00+00:00, run_after=2025-09-21 00:00:00+00:00
[2025-09-21T10:04:48.341+0545] {processor.py:208} INFO - Processing /home/ashok/miniconda3/envs/mysecondenvironment/lib/python3.8/site-packages/airflow/example_dags/example_branch_day_of_week_operator.py took 0.053 seconds
[2025-09-21T10:06:11.464+0545] {processor.py:186} INFO - Started process (PID=62127) to work on /home/ashok/miniconda3/envs/mysecondenvironment/lib/python3.8/site-packages/airflow/example_dags/example_branch_day_of_week_operator.py
[2025-09-21T10:06:11.466+0545] {processor.py:914} INFO - Processing file /home/ashok/miniconda3/envs/mysecondenvironment/lib/python3.8/site-packages/airflow/example_dags/example_branch_day_of_week_operator.py for tasks to queue
[2025-09-21T10:06:11.467+0545] {logging_mixin.py:190} INFO - [2025-09-21T10:06:11.467+0545] {dagbag.py:588} INFO - Filling up the DagBag from /home/ashok/miniconda3/envs/mysecondenvironment/lib/python3.8/site-packages/airflow/example_dags/example_branch_day_of_week_operator.py
[2025-09-21T10:06:11.473+0545] {processor.py:925} INFO - DAG(s) 'example_weekday_branch_operator' retrieved from /home/ashok/miniconda3/envs/mysecondenvironment/lib/python3.8/site-packages/airflow/example_dags/example_branch_day_of_week_operator.py
[2025-09-21T10:06:11.481+0545] {logging_mixin.py:190} INFO - [2025-09-21T10:06:11.480+0545] {dag.py:3239} INFO - Sync 1 DAGs
[2025-09-21T10:06:11.491+0545] {logging_mixin.py:190} INFO - [2025-09-21T10:06:11.491+0545] {dag.py:4180} INFO - Setting next_dagrun for example_weekday_branch_operator to 2025-09-20 00:00:00+00:00, run_after=2025-09-21 00:00:00+00:00
[2025-09-21T10:06:11.509+0545] {processor.py:208} INFO - Processing /home/ashok/miniconda3/envs/mysecondenvironment/lib/python3.8/site-packages/airflow/example_dags/example_branch_day_of_week_operator.py took 0.049 seconds
[2025-09-21T10:07:34.874+0545] {processor.py:186} INFO - Started process (PID=62916) to work on /home/ashok/miniconda3/envs/mysecondenvironment/lib/python3.8/site-packages/airflow/example_dags/example_branch_day_of_week_operator.py
[2025-09-21T10:07:34.875+0545] {processor.py:914} INFO - Processing file /home/ashok/miniconda3/envs/mysecondenvironment/lib/python3.8/site-packages/airflow/example_dags/example_branch_day_of_week_operator.py for tasks to queue
[2025-09-21T10:07:34.878+0545] {logging_mixin.py:190} INFO - [2025-09-21T10:07:34.877+0545] {dagbag.py:588} INFO - Filling up the DagBag from /home/ashok/miniconda3/envs/mysecondenvironment/lib/python3.8/site-packages/airflow/example_dags/example_branch_day_of_week_operator.py
[2025-09-21T10:07:34.884+0545] {processor.py:925} INFO - DAG(s) 'example_weekday_branch_operator' retrieved from /home/ashok/miniconda3/envs/mysecondenvironment/lib/python3.8/site-packages/airflow/example_dags/example_branch_day_of_week_operator.py
[2025-09-21T10:07:34.893+0545] {logging_mixin.py:190} INFO - [2025-09-21T10:07:34.893+0545] {dag.py:3239} INFO - Sync 1 DAGs
[2025-09-21T10:07:34.903+0545] {logging_mixin.py:190} INFO - [2025-09-21T10:07:34.903+0545] {dag.py:4180} INFO - Setting next_dagrun for example_weekday_branch_operator to 2025-09-20 00:00:00+00:00, run_after=2025-09-21 00:00:00+00:00
[2025-09-21T10:07:34.918+0545] {processor.py:208} INFO - Processing /home/ashok/miniconda3/envs/mysecondenvironment/lib/python3.8/site-packages/airflow/example_dags/example_branch_day_of_week_operator.py took 0.048 seconds
[2025-09-21T10:08:35.274+0545] {processor.py:186} INFO - Started process (PID=63571) to work on /home/ashok/miniconda3/envs/mysecondenvironment/lib/python3.8/site-packages/airflow/example_dags/example_branch_day_of_week_operator.py
[2025-09-21T10:08:35.275+0545] {processor.py:914} INFO - Processing file /home/ashok/miniconda3/envs/mysecondenvironment/lib/python3.8/site-packages/airflow/example_dags/example_branch_day_of_week_operator.py for tasks to queue
[2025-09-21T10:08:35.277+0545] {logging_mixin.py:190} INFO - [2025-09-21T10:08:35.276+0545] {dagbag.py:588} INFO - Filling up the DagBag from /home/ashok/miniconda3/envs/mysecondenvironment/lib/python3.8/site-packages/airflow/example_dags/example_branch_day_of_week_operator.py
[2025-09-21T10:08:35.284+0545] {processor.py:925} INFO - DAG(s) 'example_weekday_branch_operator' retrieved from /home/ashok/miniconda3/envs/mysecondenvironment/lib/python3.8/site-packages/airflow/example_dags/example_branch_day_of_week_operator.py
[2025-09-21T10:08:35.294+0545] {logging_mixin.py:190} INFO - [2025-09-21T10:08:35.294+0545] {dag.py:3239} INFO - Sync 1 DAGs
[2025-09-21T10:08:35.305+0545] {logging_mixin.py:190} INFO - [2025-09-21T10:08:35.305+0545] {dag.py:4180} INFO - Setting next_dagrun for example_weekday_branch_operator to 2025-09-20 00:00:00+00:00, run_after=2025-09-21 00:00:00+00:00
[2025-09-21T10:08:35.322+0545] {processor.py:208} INFO - Processing /home/ashok/miniconda3/envs/mysecondenvironment/lib/python3.8/site-packages/airflow/example_dags/example_branch_day_of_week_operator.py took 0.052 seconds
[2025-09-21T10:09:54.188+0545] {processor.py:186} INFO - Started process (PID=64226) to work on /home/ashok/miniconda3/envs/mysecondenvironment/lib/python3.8/site-packages/airflow/example_dags/example_branch_day_of_week_operator.py
[2025-09-21T10:09:54.189+0545] {processor.py:914} INFO - Processing file /home/ashok/miniconda3/envs/mysecondenvironment/lib/python3.8/site-packages/airflow/example_dags/example_branch_day_of_week_operator.py for tasks to queue
[2025-09-21T10:09:54.191+0545] {logging_mixin.py:190} INFO - [2025-09-21T10:09:54.190+0545] {dagbag.py:588} INFO - Filling up the DagBag from /home/ashok/miniconda3/envs/mysecondenvironment/lib/python3.8/site-packages/airflow/example_dags/example_branch_day_of_week_operator.py
[2025-09-21T10:09:54.198+0545] {processor.py:925} INFO - DAG(s) 'example_weekday_branch_operator' retrieved from /home/ashok/miniconda3/envs/mysecondenvironment/lib/python3.8/site-packages/airflow/example_dags/example_branch_day_of_week_operator.py
[2025-09-21T10:09:54.206+0545] {logging_mixin.py:190} INFO - [2025-09-21T10:09:54.206+0545] {dag.py:3239} INFO - Sync 1 DAGs
[2025-09-21T10:09:54.216+0545] {logging_mixin.py:190} INFO - [2025-09-21T10:09:54.216+0545] {dag.py:4180} INFO - Setting next_dagrun for example_weekday_branch_operator to 2025-09-20 00:00:00+00:00, run_after=2025-09-21 00:00:00+00:00
[2025-09-21T10:09:54.234+0545] {processor.py:208} INFO - Processing /home/ashok/miniconda3/envs/mysecondenvironment/lib/python3.8/site-packages/airflow/example_dags/example_branch_day_of_week_operator.py took 0.050 seconds
[2025-09-21T10:10:52.261+0545] {processor.py:186} INFO - Started process (PID=64713) to work on /home/ashok/miniconda3/envs/mysecondenvironment/lib/python3.8/site-packages/airflow/example_dags/example_branch_day_of_week_operator.py
[2025-09-21T10:10:52.263+0545] {processor.py:914} INFO - Processing file /home/ashok/miniconda3/envs/mysecondenvironment/lib/python3.8/site-packages/airflow/example_dags/example_branch_day_of_week_operator.py for tasks to queue
[2025-09-21T10:10:52.264+0545] {logging_mixin.py:190} INFO - [2025-09-21T10:10:52.264+0545] {dagbag.py:588} INFO - Filling up the DagBag from /home/ashok/miniconda3/envs/mysecondenvironment/lib/python3.8/site-packages/airflow/example_dags/example_branch_day_of_week_operator.py
[2025-09-21T10:10:52.270+0545] {processor.py:925} INFO - DAG(s) 'example_weekday_branch_operator' retrieved from /home/ashok/miniconda3/envs/mysecondenvironment/lib/python3.8/site-packages/airflow/example_dags/example_branch_day_of_week_operator.py
[2025-09-21T10:10:52.278+0545] {logging_mixin.py:190} INFO - [2025-09-21T10:10:52.278+0545] {dag.py:3239} INFO - Sync 1 DAGs
[2025-09-21T10:10:52.288+0545] {logging_mixin.py:190} INFO - [2025-09-21T10:10:52.288+0545] {dag.py:4180} INFO - Setting next_dagrun for example_weekday_branch_operator to 2025-09-20 00:00:00+00:00, run_after=2025-09-21 00:00:00+00:00
[2025-09-21T10:10:52.303+0545] {processor.py:208} INFO - Processing /home/ashok/miniconda3/envs/mysecondenvironment/lib/python3.8/site-packages/airflow/example_dags/example_branch_day_of_week_operator.py took 0.047 seconds
[2025-09-21T10:12:14.338+0545] {processor.py:186} INFO - Started process (PID=65382) to work on /home/ashok/miniconda3/envs/mysecondenvironment/lib/python3.8/site-packages/airflow/example_dags/example_branch_day_of_week_operator.py
[2025-09-21T10:12:14.339+0545] {processor.py:914} INFO - Processing file /home/ashok/miniconda3/envs/mysecondenvironment/lib/python3.8/site-packages/airflow/example_dags/example_branch_day_of_week_operator.py for tasks to queue
[2025-09-21T10:12:14.341+0545] {logging_mixin.py:190} INFO - [2025-09-21T10:12:14.341+0545] {dagbag.py:588} INFO - Filling up the DagBag from /home/ashok/miniconda3/envs/mysecondenvironment/lib/python3.8/site-packages/airflow/example_dags/example_branch_day_of_week_operator.py
[2025-09-21T10:12:14.350+0545] {processor.py:925} INFO - DAG(s) 'example_weekday_branch_operator' retrieved from /home/ashok/miniconda3/envs/mysecondenvironment/lib/python3.8/site-packages/airflow/example_dags/example_branch_day_of_week_operator.py
[2025-09-21T10:12:14.361+0545] {logging_mixin.py:190} INFO - [2025-09-21T10:12:14.361+0545] {dag.py:3239} INFO - Sync 1 DAGs
[2025-09-21T10:12:14.372+0545] {logging_mixin.py:190} INFO - [2025-09-21T10:12:14.372+0545] {dag.py:4180} INFO - Setting next_dagrun for example_weekday_branch_operator to 2025-09-20 00:00:00+00:00, run_after=2025-09-21 00:00:00+00:00
[2025-09-21T10:12:14.390+0545] {processor.py:208} INFO - Processing /home/ashok/miniconda3/envs/mysecondenvironment/lib/python3.8/site-packages/airflow/example_dags/example_branch_day_of_week_operator.py took 0.055 seconds
[2025-09-21T10:13:38.003+0545] {processor.py:186} INFO - Started process (PID=66096) to work on /home/ashok/miniconda3/envs/mysecondenvironment/lib/python3.8/site-packages/airflow/example_dags/example_branch_day_of_week_operator.py
[2025-09-21T10:13:38.005+0545] {processor.py:914} INFO - Processing file /home/ashok/miniconda3/envs/mysecondenvironment/lib/python3.8/site-packages/airflow/example_dags/example_branch_day_of_week_operator.py for tasks to queue
[2025-09-21T10:13:38.006+0545] {logging_mixin.py:190} INFO - [2025-09-21T10:13:38.006+0545] {dagbag.py:588} INFO - Filling up the DagBag from /home/ashok/miniconda3/envs/mysecondenvironment/lib/python3.8/site-packages/airflow/example_dags/example_branch_day_of_week_operator.py
[2025-09-21T10:13:38.013+0545] {processor.py:925} INFO - DAG(s) 'example_weekday_branch_operator' retrieved from /home/ashok/miniconda3/envs/mysecondenvironment/lib/python3.8/site-packages/airflow/example_dags/example_branch_day_of_week_operator.py
[2025-09-21T10:13:38.024+0545] {logging_mixin.py:190} INFO - [2025-09-21T10:13:38.024+0545] {dag.py:3239} INFO - Sync 1 DAGs
[2025-09-21T10:13:38.036+0545] {logging_mixin.py:190} INFO - [2025-09-21T10:13:38.036+0545] {dag.py:4180} INFO - Setting next_dagrun for example_weekday_branch_operator to 2025-09-20 00:00:00+00:00, run_after=2025-09-21 00:00:00+00:00
[2025-09-21T10:13:38.053+0545] {processor.py:208} INFO - Processing /home/ashok/miniconda3/envs/mysecondenvironment/lib/python3.8/site-packages/airflow/example_dags/example_branch_day_of_week_operator.py took 0.054 seconds
