[2025-09-21T08:35:43.717+0545] {processor.py:186} INFO - Started process (PID=21803) to work on /home/ashok/miniconda3/envs/mysecondenvironment/lib/python3.8/site-packages/airflow/example_dags/example_task_group_decorator.py
[2025-09-21T08:35:43.718+0545] {processor.py:914} INFO - Processing file /home/ashok/miniconda3/envs/mysecondenvironment/lib/python3.8/site-packages/airflow/example_dags/example_task_group_decorator.py for tasks to queue
[2025-09-21T08:35:43.719+0545] {logging_mixin.py:190} INFO - [2025-09-21T08:35:43.718+0545] {dagbag.py:588} INFO - Filling up the DagBag from /home/ashok/miniconda3/envs/mysecondenvironment/lib/python3.8/site-packages/airflow/example_dags/example_task_group_decorator.py
[2025-09-21T08:35:43.727+0545] {processor.py:925} INFO - DAG(s) 'example_task_group_decorator' retrieved from /home/ashok/miniconda3/envs/mysecondenvironment/lib/python3.8/site-packages/airflow/example_dags/example_task_group_decorator.py
[2025-09-21T08:35:43.739+0545] {logging_mixin.py:190} INFO - [2025-09-21T08:35:43.739+0545] {dag.py:3239} INFO - Sync 1 DAGs
[2025-09-21T08:35:43.746+0545] {logging_mixin.py:190} INFO - [2025-09-21T08:35:43.746+0545] {dag.py:4180} INFO - Setting next_dagrun for example_task_group_decorator to None, run_after=None
[2025-09-21T08:35:43.761+0545] {processor.py:208} INFO - Processing /home/ashok/miniconda3/envs/mysecondenvironment/lib/python3.8/site-packages/airflow/example_dags/example_task_group_decorator.py took 0.048 seconds
[2025-09-21T08:38:05.260+0545] {processor.py:186} INFO - Started process (PID=24643) to work on /home/ashok/miniconda3/envs/mysecondenvironment/lib/python3.8/site-packages/airflow/example_dags/example_task_group_decorator.py
[2025-09-21T08:38:05.262+0545] {processor.py:914} INFO - Processing file /home/ashok/miniconda3/envs/mysecondenvironment/lib/python3.8/site-packages/airflow/example_dags/example_task_group_decorator.py for tasks to queue
[2025-09-21T08:38:05.264+0545] {logging_mixin.py:190} INFO - [2025-09-21T08:38:05.263+0545] {dagbag.py:588} INFO - Filling up the DagBag from /home/ashok/miniconda3/envs/mysecondenvironment/lib/python3.8/site-packages/airflow/example_dags/example_task_group_decorator.py
[2025-09-21T08:38:05.272+0545] {processor.py:925} INFO - DAG(s) 'example_task_group_decorator' retrieved from /home/ashok/miniconda3/envs/mysecondenvironment/lib/python3.8/site-packages/airflow/example_dags/example_task_group_decorator.py
[2025-09-21T08:38:05.284+0545] {logging_mixin.py:190} INFO - [2025-09-21T08:38:05.284+0545] {dag.py:3239} INFO - Sync 1 DAGs
[2025-09-21T08:38:05.290+0545] {logging_mixin.py:190} INFO - [2025-09-21T08:38:05.290+0545] {dag.py:4180} INFO - Setting next_dagrun for example_task_group_decorator to None, run_after=None
[2025-09-21T08:38:05.306+0545] {processor.py:208} INFO - Processing /home/ashok/miniconda3/envs/mysecondenvironment/lib/python3.8/site-packages/airflow/example_dags/example_task_group_decorator.py took 0.050 seconds
[2025-09-21T08:38:50.687+0545] {processor.py:186} INFO - Started process (PID=25274) to work on /home/ashok/miniconda3/envs/mysecondenvironment/lib/python3.8/site-packages/airflow/example_dags/example_task_group_decorator.py
[2025-09-21T08:38:50.689+0545] {processor.py:914} INFO - Processing file /home/ashok/miniconda3/envs/mysecondenvironment/lib/python3.8/site-packages/airflow/example_dags/example_task_group_decorator.py for tasks to queue
[2025-09-21T08:38:50.690+0545] {logging_mixin.py:190} INFO - [2025-09-21T08:38:50.690+0545] {dagbag.py:588} INFO - Filling up the DagBag from /home/ashok/miniconda3/envs/mysecondenvironment/lib/python3.8/site-packages/airflow/example_dags/example_task_group_decorator.py
[2025-09-21T08:38:50.698+0545] {processor.py:925} INFO - DAG(s) 'example_task_group_decorator' retrieved from /home/ashok/miniconda3/envs/mysecondenvironment/lib/python3.8/site-packages/airflow/example_dags/example_task_group_decorator.py
[2025-09-21T08:38:50.710+0545] {logging_mixin.py:190} INFO - [2025-09-21T08:38:50.710+0545] {dag.py:3239} INFO - Sync 1 DAGs
[2025-09-21T08:38:50.717+0545] {logging_mixin.py:190} INFO - [2025-09-21T08:38:50.716+0545] {dag.py:4180} INFO - Setting next_dagrun for example_task_group_decorator to None, run_after=None
[2025-09-21T08:38:50.734+0545] {processor.py:208} INFO - Processing /home/ashok/miniconda3/envs/mysecondenvironment/lib/python3.8/site-packages/airflow/example_dags/example_task_group_decorator.py took 0.050 seconds
[2025-09-21T08:41:01.030+0545] {processor.py:186} INFO - Started process (PID=26680) to work on /home/ashok/miniconda3/envs/mysecondenvironment/lib/python3.8/site-packages/airflow/example_dags/example_task_group_decorator.py
[2025-09-21T08:41:01.031+0545] {processor.py:914} INFO - Processing file /home/ashok/miniconda3/envs/mysecondenvironment/lib/python3.8/site-packages/airflow/example_dags/example_task_group_decorator.py for tasks to queue
[2025-09-21T08:41:01.033+0545] {logging_mixin.py:190} INFO - [2025-09-21T08:41:01.033+0545] {dagbag.py:588} INFO - Filling up the DagBag from /home/ashok/miniconda3/envs/mysecondenvironment/lib/python3.8/site-packages/airflow/example_dags/example_task_group_decorator.py
[2025-09-21T08:41:01.040+0545] {processor.py:925} INFO - DAG(s) 'example_task_group_decorator' retrieved from /home/ashok/miniconda3/envs/mysecondenvironment/lib/python3.8/site-packages/airflow/example_dags/example_task_group_decorator.py
[2025-09-21T08:41:01.051+0545] {logging_mixin.py:190} INFO - [2025-09-21T08:41:01.051+0545] {dag.py:3239} INFO - Sync 1 DAGs
[2025-09-21T08:41:01.057+0545] {logging_mixin.py:190} INFO - [2025-09-21T08:41:01.057+0545] {dag.py:4180} INFO - Setting next_dagrun for example_task_group_decorator to None, run_after=None
[2025-09-21T08:41:01.074+0545] {processor.py:208} INFO - Processing /home/ashok/miniconda3/envs/mysecondenvironment/lib/python3.8/site-packages/airflow/example_dags/example_task_group_decorator.py took 0.047 seconds
[2025-09-21T08:41:58.490+0545] {processor.py:186} INFO - Started process (PID=27119) to work on /home/ashok/miniconda3/envs/mysecondenvironment/lib/python3.8/site-packages/airflow/example_dags/example_task_group_decorator.py
[2025-09-21T08:41:58.492+0545] {processor.py:914} INFO - Processing file /home/ashok/miniconda3/envs/mysecondenvironment/lib/python3.8/site-packages/airflow/example_dags/example_task_group_decorator.py for tasks to queue
[2025-09-21T08:41:58.493+0545] {logging_mixin.py:190} INFO - [2025-09-21T08:41:58.493+0545] {dagbag.py:588} INFO - Filling up the DagBag from /home/ashok/miniconda3/envs/mysecondenvironment/lib/python3.8/site-packages/airflow/example_dags/example_task_group_decorator.py
[2025-09-21T08:41:58.500+0545] {processor.py:925} INFO - DAG(s) 'example_task_group_decorator' retrieved from /home/ashok/miniconda3/envs/mysecondenvironment/lib/python3.8/site-packages/airflow/example_dags/example_task_group_decorator.py
[2025-09-21T08:41:58.510+0545] {logging_mixin.py:190} INFO - [2025-09-21T08:41:58.510+0545] {dag.py:3239} INFO - Sync 1 DAGs
[2025-09-21T08:41:58.519+0545] {logging_mixin.py:190} INFO - [2025-09-21T08:41:58.519+0545] {dag.py:4180} INFO - Setting next_dagrun for example_task_group_decorator to None, run_after=None
[2025-09-21T08:41:58.537+0545] {processor.py:208} INFO - Processing /home/ashok/miniconda3/envs/mysecondenvironment/lib/python3.8/site-packages/airflow/example_dags/example_task_group_decorator.py took 0.051 seconds
[2025-09-21T08:42:55.028+0545] {processor.py:186} INFO - Started process (PID=27568) to work on /home/ashok/miniconda3/envs/mysecondenvironment/lib/python3.8/site-packages/airflow/example_dags/example_task_group_decorator.py
[2025-09-21T08:42:55.030+0545] {processor.py:914} INFO - Processing file /home/ashok/miniconda3/envs/mysecondenvironment/lib/python3.8/site-packages/airflow/example_dags/example_task_group_decorator.py for tasks to queue
[2025-09-21T08:42:55.031+0545] {logging_mixin.py:190} INFO - [2025-09-21T08:42:55.031+0545] {dagbag.py:588} INFO - Filling up the DagBag from /home/ashok/miniconda3/envs/mysecondenvironment/lib/python3.8/site-packages/airflow/example_dags/example_task_group_decorator.py
[2025-09-21T08:42:55.039+0545] {processor.py:925} INFO - DAG(s) 'example_task_group_decorator' retrieved from /home/ashok/miniconda3/envs/mysecondenvironment/lib/python3.8/site-packages/airflow/example_dags/example_task_group_decorator.py
[2025-09-21T08:42:55.050+0545] {logging_mixin.py:190} INFO - [2025-09-21T08:42:55.050+0545] {dag.py:3239} INFO - Sync 1 DAGs
[2025-09-21T08:42:55.056+0545] {logging_mixin.py:190} INFO - [2025-09-21T08:42:55.056+0545] {dag.py:4180} INFO - Setting next_dagrun for example_task_group_decorator to None, run_after=None
[2025-09-21T08:42:55.074+0545] {processor.py:208} INFO - Processing /home/ashok/miniconda3/envs/mysecondenvironment/lib/python3.8/site-packages/airflow/example_dags/example_task_group_decorator.py took 0.049 seconds
[2025-09-21T08:43:47.509+0545] {processor.py:186} INFO - Started process (PID=27909) to work on /home/ashok/miniconda3/envs/mysecondenvironment/lib/python3.8/site-packages/airflow/example_dags/example_task_group_decorator.py
[2025-09-21T08:43:47.511+0545] {processor.py:914} INFO - Processing file /home/ashok/miniconda3/envs/mysecondenvironment/lib/python3.8/site-packages/airflow/example_dags/example_task_group_decorator.py for tasks to queue
[2025-09-21T08:43:47.513+0545] {logging_mixin.py:190} INFO - [2025-09-21T08:43:47.512+0545] {dagbag.py:588} INFO - Filling up the DagBag from /home/ashok/miniconda3/envs/mysecondenvironment/lib/python3.8/site-packages/airflow/example_dags/example_task_group_decorator.py
[2025-09-21T08:43:47.520+0545] {processor.py:925} INFO - DAG(s) 'example_task_group_decorator' retrieved from /home/ashok/miniconda3/envs/mysecondenvironment/lib/python3.8/site-packages/airflow/example_dags/example_task_group_decorator.py
[2025-09-21T08:43:47.531+0545] {logging_mixin.py:190} INFO - [2025-09-21T08:43:47.531+0545] {dag.py:3239} INFO - Sync 1 DAGs
[2025-09-21T08:43:47.538+0545] {logging_mixin.py:190} INFO - [2025-09-21T08:43:47.538+0545] {dag.py:4180} INFO - Setting next_dagrun for example_task_group_decorator to None, run_after=None
[2025-09-21T08:43:47.553+0545] {processor.py:208} INFO - Processing /home/ashok/miniconda3/envs/mysecondenvironment/lib/python3.8/site-packages/airflow/example_dags/example_task_group_decorator.py took 0.047 seconds
[2025-09-21T08:44:45.274+0545] {processor.py:186} INFO - Started process (PID=28285) to work on /home/ashok/miniconda3/envs/mysecondenvironment/lib/python3.8/site-packages/airflow/example_dags/example_task_group_decorator.py
[2025-09-21T08:44:45.275+0545] {processor.py:914} INFO - Processing file /home/ashok/miniconda3/envs/mysecondenvironment/lib/python3.8/site-packages/airflow/example_dags/example_task_group_decorator.py for tasks to queue
[2025-09-21T08:44:45.277+0545] {logging_mixin.py:190} INFO - [2025-09-21T08:44:45.277+0545] {dagbag.py:588} INFO - Filling up the DagBag from /home/ashok/miniconda3/envs/mysecondenvironment/lib/python3.8/site-packages/airflow/example_dags/example_task_group_decorator.py
[2025-09-21T08:44:45.286+0545] {processor.py:925} INFO - DAG(s) 'example_task_group_decorator' retrieved from /home/ashok/miniconda3/envs/mysecondenvironment/lib/python3.8/site-packages/airflow/example_dags/example_task_group_decorator.py
[2025-09-21T08:44:45.296+0545] {logging_mixin.py:190} INFO - [2025-09-21T08:44:45.296+0545] {dag.py:3239} INFO - Sync 1 DAGs
[2025-09-21T08:44:45.302+0545] {logging_mixin.py:190} INFO - [2025-09-21T08:44:45.302+0545] {dag.py:4180} INFO - Setting next_dagrun for example_task_group_decorator to None, run_after=None
[2025-09-21T08:44:45.318+0545] {processor.py:208} INFO - Processing /home/ashok/miniconda3/envs/mysecondenvironment/lib/python3.8/site-packages/airflow/example_dags/example_task_group_decorator.py took 0.048 seconds
[2025-09-21T08:45:46.188+0545] {processor.py:186} INFO - Started process (PID=28715) to work on /home/ashok/miniconda3/envs/mysecondenvironment/lib/python3.8/site-packages/airflow/example_dags/example_task_group_decorator.py
[2025-09-21T08:45:46.190+0545] {processor.py:914} INFO - Processing file /home/ashok/miniconda3/envs/mysecondenvironment/lib/python3.8/site-packages/airflow/example_dags/example_task_group_decorator.py for tasks to queue
[2025-09-21T08:45:46.191+0545] {logging_mixin.py:190} INFO - [2025-09-21T08:45:46.191+0545] {dagbag.py:588} INFO - Filling up the DagBag from /home/ashok/miniconda3/envs/mysecondenvironment/lib/python3.8/site-packages/airflow/example_dags/example_task_group_decorator.py
[2025-09-21T08:45:46.201+0545] {processor.py:925} INFO - DAG(s) 'example_task_group_decorator' retrieved from /home/ashok/miniconda3/envs/mysecondenvironment/lib/python3.8/site-packages/airflow/example_dags/example_task_group_decorator.py
[2025-09-21T08:45:46.211+0545] {logging_mixin.py:190} INFO - [2025-09-21T08:45:46.211+0545] {dag.py:3239} INFO - Sync 1 DAGs
[2025-09-21T08:45:46.217+0545] {logging_mixin.py:190} INFO - [2025-09-21T08:45:46.216+0545] {dag.py:4180} INFO - Setting next_dagrun for example_task_group_decorator to None, run_after=None
[2025-09-21T08:45:46.231+0545] {processor.py:208} INFO - Processing /home/ashok/miniconda3/envs/mysecondenvironment/lib/python3.8/site-packages/airflow/example_dags/example_task_group_decorator.py took 0.047 seconds
[2025-09-21T08:46:42.733+0545] {processor.py:186} INFO - Started process (PID=29126) to work on /home/ashok/miniconda3/envs/mysecondenvironment/lib/python3.8/site-packages/airflow/example_dags/example_task_group_decorator.py
[2025-09-21T08:46:42.735+0545] {processor.py:914} INFO - Processing file /home/ashok/miniconda3/envs/mysecondenvironment/lib/python3.8/site-packages/airflow/example_dags/example_task_group_decorator.py for tasks to queue
[2025-09-21T08:46:42.737+0545] {logging_mixin.py:190} INFO - [2025-09-21T08:46:42.736+0545] {dagbag.py:588} INFO - Filling up the DagBag from /home/ashok/miniconda3/envs/mysecondenvironment/lib/python3.8/site-packages/airflow/example_dags/example_task_group_decorator.py
[2025-09-21T08:46:42.745+0545] {processor.py:925} INFO - DAG(s) 'example_task_group_decorator' retrieved from /home/ashok/miniconda3/envs/mysecondenvironment/lib/python3.8/site-packages/airflow/example_dags/example_task_group_decorator.py
[2025-09-21T08:46:42.757+0545] {logging_mixin.py:190} INFO - [2025-09-21T08:46:42.757+0545] {dag.py:3239} INFO - Sync 1 DAGs
[2025-09-21T08:46:42.763+0545] {logging_mixin.py:190} INFO - [2025-09-21T08:46:42.763+0545] {dag.py:4180} INFO - Setting next_dagrun for example_task_group_decorator to None, run_after=None
[2025-09-21T08:46:42.778+0545] {processor.py:208} INFO - Processing /home/ashok/miniconda3/envs/mysecondenvironment/lib/python3.8/site-packages/airflow/example_dags/example_task_group_decorator.py took 0.049 seconds
[2025-09-21T08:47:38.751+0545] {processor.py:186} INFO - Started process (PID=29501) to work on /home/ashok/miniconda3/envs/mysecondenvironment/lib/python3.8/site-packages/airflow/example_dags/example_task_group_decorator.py
[2025-09-21T08:47:38.752+0545] {processor.py:914} INFO - Processing file /home/ashok/miniconda3/envs/mysecondenvironment/lib/python3.8/site-packages/airflow/example_dags/example_task_group_decorator.py for tasks to queue
[2025-09-21T08:47:38.754+0545] {logging_mixin.py:190} INFO - [2025-09-21T08:47:38.754+0545] {dagbag.py:588} INFO - Filling up the DagBag from /home/ashok/miniconda3/envs/mysecondenvironment/lib/python3.8/site-packages/airflow/example_dags/example_task_group_decorator.py
[2025-09-21T08:47:38.764+0545] {processor.py:925} INFO - DAG(s) 'example_task_group_decorator' retrieved from /home/ashok/miniconda3/envs/mysecondenvironment/lib/python3.8/site-packages/airflow/example_dags/example_task_group_decorator.py
[2025-09-21T08:47:38.775+0545] {logging_mixin.py:190} INFO - [2025-09-21T08:47:38.775+0545] {dag.py:3239} INFO - Sync 1 DAGs
[2025-09-21T08:47:38.781+0545] {logging_mixin.py:190} INFO - [2025-09-21T08:47:38.781+0545] {dag.py:4180} INFO - Setting next_dagrun for example_task_group_decorator to None, run_after=None
[2025-09-21T08:47:38.796+0545] {processor.py:208} INFO - Processing /home/ashok/miniconda3/envs/mysecondenvironment/lib/python3.8/site-packages/airflow/example_dags/example_task_group_decorator.py took 0.049 seconds
[2025-09-21T09:43:39.973+0545] {processor.py:186} INFO - Started process (PID=49555) to work on /home/ashok/miniconda3/envs/mysecondenvironment/lib/python3.8/site-packages/airflow/example_dags/example_task_group_decorator.py
[2025-09-21T09:43:39.975+0545] {processor.py:914} INFO - Processing file /home/ashok/miniconda3/envs/mysecondenvironment/lib/python3.8/site-packages/airflow/example_dags/example_task_group_decorator.py for tasks to queue
[2025-09-21T09:43:39.978+0545] {logging_mixin.py:190} INFO - [2025-09-21T09:43:39.977+0545] {dagbag.py:588} INFO - Filling up the DagBag from /home/ashok/miniconda3/envs/mysecondenvironment/lib/python3.8/site-packages/airflow/example_dags/example_task_group_decorator.py
[2025-09-21T09:43:39.988+0545] {processor.py:925} INFO - DAG(s) 'example_task_group_decorator' retrieved from /home/ashok/miniconda3/envs/mysecondenvironment/lib/python3.8/site-packages/airflow/example_dags/example_task_group_decorator.py
[2025-09-21T09:43:40.002+0545] {logging_mixin.py:190} INFO - [2025-09-21T09:43:40.002+0545] {dag.py:3239} INFO - Sync 1 DAGs
[2025-09-21T09:43:40.008+0545] {logging_mixin.py:190} INFO - [2025-09-21T09:43:40.008+0545] {dag.py:4180} INFO - Setting next_dagrun for example_task_group_decorator to None, run_after=None
[2025-09-21T09:43:40.026+0545] {processor.py:208} INFO - Processing /home/ashok/miniconda3/envs/mysecondenvironment/lib/python3.8/site-packages/airflow/example_dags/example_task_group_decorator.py took 0.057 seconds
[2025-09-21T09:46:28.644+0545] {processor.py:186} INFO - Started process (PID=51764) to work on /home/ashok/miniconda3/envs/mysecondenvironment/lib/python3.8/site-packages/airflow/example_dags/example_task_group_decorator.py
[2025-09-21T09:46:28.645+0545] {processor.py:914} INFO - Processing file /home/ashok/miniconda3/envs/mysecondenvironment/lib/python3.8/site-packages/airflow/example_dags/example_task_group_decorator.py for tasks to queue
[2025-09-21T09:46:28.647+0545] {logging_mixin.py:190} INFO - [2025-09-21T09:46:28.647+0545] {dagbag.py:588} INFO - Filling up the DagBag from /home/ashok/miniconda3/envs/mysecondenvironment/lib/python3.8/site-packages/airflow/example_dags/example_task_group_decorator.py
[2025-09-21T09:46:28.655+0545] {processor.py:925} INFO - DAG(s) 'example_task_group_decorator' retrieved from /home/ashok/miniconda3/envs/mysecondenvironment/lib/python3.8/site-packages/airflow/example_dags/example_task_group_decorator.py
[2025-09-21T09:46:28.667+0545] {logging_mixin.py:190} INFO - [2025-09-21T09:46:28.667+0545] {dag.py:3239} INFO - Sync 1 DAGs
[2025-09-21T09:46:28.674+0545] {logging_mixin.py:190} INFO - [2025-09-21T09:46:28.674+0545] {dag.py:4180} INFO - Setting next_dagrun for example_task_group_decorator to None, run_after=None
[2025-09-21T09:46:28.691+0545] {processor.py:208} INFO - Processing /home/ashok/miniconda3/envs/mysecondenvironment/lib/python3.8/site-packages/airflow/example_dags/example_task_group_decorator.py took 0.052 seconds
[2025-09-21T09:47:51.578+0545] {processor.py:186} INFO - Started process (PID=52528) to work on /home/ashok/miniconda3/envs/mysecondenvironment/lib/python3.8/site-packages/airflow/example_dags/example_task_group_decorator.py
[2025-09-21T09:47:51.579+0545] {processor.py:914} INFO - Processing file /home/ashok/miniconda3/envs/mysecondenvironment/lib/python3.8/site-packages/airflow/example_dags/example_task_group_decorator.py for tasks to queue
[2025-09-21T09:47:51.581+0545] {logging_mixin.py:190} INFO - [2025-09-21T09:47:51.581+0545] {dagbag.py:588} INFO - Filling up the DagBag from /home/ashok/miniconda3/envs/mysecondenvironment/lib/python3.8/site-packages/airflow/example_dags/example_task_group_decorator.py
[2025-09-21T09:47:51.588+0545] {processor.py:925} INFO - DAG(s) 'example_task_group_decorator' retrieved from /home/ashok/miniconda3/envs/mysecondenvironment/lib/python3.8/site-packages/airflow/example_dags/example_task_group_decorator.py
[2025-09-21T09:47:51.600+0545] {logging_mixin.py:190} INFO - [2025-09-21T09:47:51.599+0545] {dag.py:3239} INFO - Sync 1 DAGs
[2025-09-21T09:47:51.606+0545] {logging_mixin.py:190} INFO - [2025-09-21T09:47:51.606+0545] {dag.py:4180} INFO - Setting next_dagrun for example_task_group_decorator to None, run_after=None
[2025-09-21T09:47:51.621+0545] {processor.py:208} INFO - Processing /home/ashok/miniconda3/envs/mysecondenvironment/lib/python3.8/site-packages/airflow/example_dags/example_task_group_decorator.py took 0.048 seconds
[2025-09-21T09:48:43.760+0545] {processor.py:186} INFO - Started process (PID=52870) to work on /home/ashok/miniconda3/envs/mysecondenvironment/lib/python3.8/site-packages/airflow/example_dags/example_task_group_decorator.py
[2025-09-21T09:48:43.762+0545] {processor.py:914} INFO - Processing file /home/ashok/miniconda3/envs/mysecondenvironment/lib/python3.8/site-packages/airflow/example_dags/example_task_group_decorator.py for tasks to queue
[2025-09-21T09:48:43.763+0545] {logging_mixin.py:190} INFO - [2025-09-21T09:48:43.763+0545] {dagbag.py:588} INFO - Filling up the DagBag from /home/ashok/miniconda3/envs/mysecondenvironment/lib/python3.8/site-packages/airflow/example_dags/example_task_group_decorator.py
[2025-09-21T09:48:43.771+0545] {processor.py:925} INFO - DAG(s) 'example_task_group_decorator' retrieved from /home/ashok/miniconda3/envs/mysecondenvironment/lib/python3.8/site-packages/airflow/example_dags/example_task_group_decorator.py
[2025-09-21T09:48:43.781+0545] {logging_mixin.py:190} INFO - [2025-09-21T09:48:43.781+0545] {dag.py:3239} INFO - Sync 1 DAGs
[2025-09-21T09:48:43.787+0545] {logging_mixin.py:190} INFO - [2025-09-21T09:48:43.787+0545] {dag.py:4180} INFO - Setting next_dagrun for example_task_group_decorator to None, run_after=None
[2025-09-21T09:48:43.803+0545] {processor.py:208} INFO - Processing /home/ashok/miniconda3/envs/mysecondenvironment/lib/python3.8/site-packages/airflow/example_dags/example_task_group_decorator.py took 0.046 seconds
[2025-09-21T09:49:47.170+0545] {processor.py:186} INFO - Started process (PID=53405) to work on /home/ashok/miniconda3/envs/mysecondenvironment/lib/python3.8/site-packages/airflow/example_dags/example_task_group_decorator.py
[2025-09-21T09:49:47.172+0545] {processor.py:914} INFO - Processing file /home/ashok/miniconda3/envs/mysecondenvironment/lib/python3.8/site-packages/airflow/example_dags/example_task_group_decorator.py for tasks to queue
[2025-09-21T09:49:47.173+0545] {logging_mixin.py:190} INFO - [2025-09-21T09:49:47.173+0545] {dagbag.py:588} INFO - Filling up the DagBag from /home/ashok/miniconda3/envs/mysecondenvironment/lib/python3.8/site-packages/airflow/example_dags/example_task_group_decorator.py
[2025-09-21T09:49:47.182+0545] {processor.py:925} INFO - DAG(s) 'example_task_group_decorator' retrieved from /home/ashok/miniconda3/envs/mysecondenvironment/lib/python3.8/site-packages/airflow/example_dags/example_task_group_decorator.py
[2025-09-21T09:49:47.195+0545] {logging_mixin.py:190} INFO - [2025-09-21T09:49:47.194+0545] {dag.py:3239} INFO - Sync 1 DAGs
[2025-09-21T09:49:47.201+0545] {logging_mixin.py:190} INFO - [2025-09-21T09:49:47.201+0545] {dag.py:4180} INFO - Setting next_dagrun for example_task_group_decorator to None, run_after=None
[2025-09-21T09:49:47.219+0545] {processor.py:208} INFO - Processing /home/ashok/miniconda3/envs/mysecondenvironment/lib/python3.8/site-packages/airflow/example_dags/example_task_group_decorator.py took 0.053 seconds
[2025-09-21T09:50:44.406+0545] {processor.py:186} INFO - Started process (PID=53814) to work on /home/ashok/miniconda3/envs/mysecondenvironment/lib/python3.8/site-packages/airflow/example_dags/example_task_group_decorator.py
[2025-09-21T09:50:44.408+0545] {processor.py:914} INFO - Processing file /home/ashok/miniconda3/envs/mysecondenvironment/lib/python3.8/site-packages/airflow/example_dags/example_task_group_decorator.py for tasks to queue
[2025-09-21T09:50:44.410+0545] {logging_mixin.py:190} INFO - [2025-09-21T09:50:44.410+0545] {dagbag.py:588} INFO - Filling up the DagBag from /home/ashok/miniconda3/envs/mysecondenvironment/lib/python3.8/site-packages/airflow/example_dags/example_task_group_decorator.py
[2025-09-21T09:50:44.418+0545] {processor.py:925} INFO - DAG(s) 'example_task_group_decorator' retrieved from /home/ashok/miniconda3/envs/mysecondenvironment/lib/python3.8/site-packages/airflow/example_dags/example_task_group_decorator.py
[2025-09-21T09:50:44.428+0545] {logging_mixin.py:190} INFO - [2025-09-21T09:50:44.428+0545] {dag.py:3239} INFO - Sync 1 DAGs
[2025-09-21T09:50:44.434+0545] {logging_mixin.py:190} INFO - [2025-09-21T09:50:44.434+0545] {dag.py:4180} INFO - Setting next_dagrun for example_task_group_decorator to None, run_after=None
[2025-09-21T09:50:44.449+0545] {processor.py:208} INFO - Processing /home/ashok/miniconda3/envs/mysecondenvironment/lib/python3.8/site-packages/airflow/example_dags/example_task_group_decorator.py took 0.047 seconds
[2025-09-21T09:53:06.143+0545] {processor.py:186} INFO - Started process (PID=55429) to work on /home/ashok/miniconda3/envs/mysecondenvironment/lib/python3.8/site-packages/airflow/example_dags/example_task_group_decorator.py
[2025-09-21T09:53:06.144+0545] {processor.py:914} INFO - Processing file /home/ashok/miniconda3/envs/mysecondenvironment/lib/python3.8/site-packages/airflow/example_dags/example_task_group_decorator.py for tasks to queue
[2025-09-21T09:53:06.145+0545] {logging_mixin.py:190} INFO - [2025-09-21T09:53:06.145+0545] {dagbag.py:588} INFO - Filling up the DagBag from /home/ashok/miniconda3/envs/mysecondenvironment/lib/python3.8/site-packages/airflow/example_dags/example_task_group_decorator.py
[2025-09-21T09:53:06.153+0545] {processor.py:925} INFO - DAG(s) 'example_task_group_decorator' retrieved from /home/ashok/miniconda3/envs/mysecondenvironment/lib/python3.8/site-packages/airflow/example_dags/example_task_group_decorator.py
[2025-09-21T09:53:06.164+0545] {logging_mixin.py:190} INFO - [2025-09-21T09:53:06.164+0545] {dag.py:3239} INFO - Sync 1 DAGs
[2025-09-21T09:53:06.170+0545] {logging_mixin.py:190} INFO - [2025-09-21T09:53:06.170+0545] {dag.py:4180} INFO - Setting next_dagrun for example_task_group_decorator to None, run_after=None
[2025-09-21T09:53:06.186+0545] {processor.py:208} INFO - Processing /home/ashok/miniconda3/envs/mysecondenvironment/lib/python3.8/site-packages/airflow/example_dags/example_task_group_decorator.py took 0.047 seconds
[2025-09-21T09:54:39.171+0545] {processor.py:186} INFO - Started process (PID=56449) to work on /home/ashok/miniconda3/envs/mysecondenvironment/lib/python3.8/site-packages/airflow/example_dags/example_task_group_decorator.py
[2025-09-21T09:54:39.172+0545] {processor.py:914} INFO - Processing file /home/ashok/miniconda3/envs/mysecondenvironment/lib/python3.8/site-packages/airflow/example_dags/example_task_group_decorator.py for tasks to queue
[2025-09-21T09:54:39.174+0545] {logging_mixin.py:190} INFO - [2025-09-21T09:54:39.174+0545] {dagbag.py:588} INFO - Filling up the DagBag from /home/ashok/miniconda3/envs/mysecondenvironment/lib/python3.8/site-packages/airflow/example_dags/example_task_group_decorator.py
[2025-09-21T09:54:39.182+0545] {processor.py:925} INFO - DAG(s) 'example_task_group_decorator' retrieved from /home/ashok/miniconda3/envs/mysecondenvironment/lib/python3.8/site-packages/airflow/example_dags/example_task_group_decorator.py
[2025-09-21T09:54:39.191+0545] {logging_mixin.py:190} INFO - [2025-09-21T09:54:39.191+0545] {dag.py:3239} INFO - Sync 1 DAGs
[2025-09-21T09:54:39.198+0545] {logging_mixin.py:190} INFO - [2025-09-21T09:54:39.197+0545] {dag.py:4180} INFO - Setting next_dagrun for example_task_group_decorator to None, run_after=None
[2025-09-21T09:54:39.213+0545] {processor.py:208} INFO - Processing /home/ashok/miniconda3/envs/mysecondenvironment/lib/python3.8/site-packages/airflow/example_dags/example_task_group_decorator.py took 0.047 seconds
[2025-09-21T09:55:36.610+0545] {processor.py:186} INFO - Started process (PID=56940) to work on /home/ashok/miniconda3/envs/mysecondenvironment/lib/python3.8/site-packages/airflow/example_dags/example_task_group_decorator.py
[2025-09-21T09:55:36.611+0545] {processor.py:914} INFO - Processing file /home/ashok/miniconda3/envs/mysecondenvironment/lib/python3.8/site-packages/airflow/example_dags/example_task_group_decorator.py for tasks to queue
[2025-09-21T09:55:36.612+0545] {logging_mixin.py:190} INFO - [2025-09-21T09:55:36.612+0545] {dagbag.py:588} INFO - Filling up the DagBag from /home/ashok/miniconda3/envs/mysecondenvironment/lib/python3.8/site-packages/airflow/example_dags/example_task_group_decorator.py
[2025-09-21T09:55:36.620+0545] {processor.py:925} INFO - DAG(s) 'example_task_group_decorator' retrieved from /home/ashok/miniconda3/envs/mysecondenvironment/lib/python3.8/site-packages/airflow/example_dags/example_task_group_decorator.py
[2025-09-21T09:55:36.630+0545] {logging_mixin.py:190} INFO - [2025-09-21T09:55:36.630+0545] {dag.py:3239} INFO - Sync 1 DAGs
[2025-09-21T09:55:36.636+0545] {logging_mixin.py:190} INFO - [2025-09-21T09:55:36.636+0545] {dag.py:4180} INFO - Setting next_dagrun for example_task_group_decorator to None, run_after=None
[2025-09-21T09:55:36.654+0545] {processor.py:208} INFO - Processing /home/ashok/miniconda3/envs/mysecondenvironment/lib/python3.8/site-packages/airflow/example_dags/example_task_group_decorator.py took 0.048 seconds
[2025-09-21T09:56:32.003+0545] {processor.py:186} INFO - Started process (PID=57298) to work on /home/ashok/miniconda3/envs/mysecondenvironment/lib/python3.8/site-packages/airflow/example_dags/example_task_group_decorator.py
[2025-09-21T09:56:32.005+0545] {processor.py:914} INFO - Processing file /home/ashok/miniconda3/envs/mysecondenvironment/lib/python3.8/site-packages/airflow/example_dags/example_task_group_decorator.py for tasks to queue
[2025-09-21T09:56:32.007+0545] {logging_mixin.py:190} INFO - [2025-09-21T09:56:32.006+0545] {dagbag.py:588} INFO - Filling up the DagBag from /home/ashok/miniconda3/envs/mysecondenvironment/lib/python3.8/site-packages/airflow/example_dags/example_task_group_decorator.py
[2025-09-21T09:56:32.014+0545] {processor.py:925} INFO - DAG(s) 'example_task_group_decorator' retrieved from /home/ashok/miniconda3/envs/mysecondenvironment/lib/python3.8/site-packages/airflow/example_dags/example_task_group_decorator.py
[2025-09-21T09:56:32.026+0545] {logging_mixin.py:190} INFO - [2025-09-21T09:56:32.025+0545] {dag.py:3239} INFO - Sync 1 DAGs
[2025-09-21T09:56:32.032+0545] {logging_mixin.py:190} INFO - [2025-09-21T09:56:32.032+0545] {dag.py:4180} INFO - Setting next_dagrun for example_task_group_decorator to None, run_after=None
[2025-09-21T09:56:32.048+0545] {processor.py:208} INFO - Processing /home/ashok/miniconda3/envs/mysecondenvironment/lib/python3.8/site-packages/airflow/example_dags/example_task_group_decorator.py took 0.048 seconds
[2025-09-21T09:57:26.092+0545] {processor.py:186} INFO - Started process (PID=57642) to work on /home/ashok/miniconda3/envs/mysecondenvironment/lib/python3.8/site-packages/airflow/example_dags/example_task_group_decorator.py
[2025-09-21T09:57:26.094+0545] {processor.py:914} INFO - Processing file /home/ashok/miniconda3/envs/mysecondenvironment/lib/python3.8/site-packages/airflow/example_dags/example_task_group_decorator.py for tasks to queue
[2025-09-21T09:57:26.096+0545] {logging_mixin.py:190} INFO - [2025-09-21T09:57:26.096+0545] {dagbag.py:588} INFO - Filling up the DagBag from /home/ashok/miniconda3/envs/mysecondenvironment/lib/python3.8/site-packages/airflow/example_dags/example_task_group_decorator.py
[2025-09-21T09:57:26.103+0545] {processor.py:925} INFO - DAG(s) 'example_task_group_decorator' retrieved from /home/ashok/miniconda3/envs/mysecondenvironment/lib/python3.8/site-packages/airflow/example_dags/example_task_group_decorator.py
[2025-09-21T09:57:26.114+0545] {logging_mixin.py:190} INFO - [2025-09-21T09:57:26.114+0545] {dag.py:3239} INFO - Sync 1 DAGs
[2025-09-21T09:57:26.120+0545] {logging_mixin.py:190} INFO - [2025-09-21T09:57:26.120+0545] {dag.py:4180} INFO - Setting next_dagrun for example_task_group_decorator to None, run_after=None
[2025-09-21T09:57:26.137+0545] {processor.py:208} INFO - Processing /home/ashok/miniconda3/envs/mysecondenvironment/lib/python3.8/site-packages/airflow/example_dags/example_task_group_decorator.py took 0.049 seconds
[2025-09-21T09:58:19.257+0545] {processor.py:186} INFO - Started process (PID=58033) to work on /home/ashok/miniconda3/envs/mysecondenvironment/lib/python3.8/site-packages/airflow/example_dags/example_task_group_decorator.py
[2025-09-21T09:58:19.258+0545] {processor.py:914} INFO - Processing file /home/ashok/miniconda3/envs/mysecondenvironment/lib/python3.8/site-packages/airflow/example_dags/example_task_group_decorator.py for tasks to queue
[2025-09-21T09:58:19.260+0545] {logging_mixin.py:190} INFO - [2025-09-21T09:58:19.260+0545] {dagbag.py:588} INFO - Filling up the DagBag from /home/ashok/miniconda3/envs/mysecondenvironment/lib/python3.8/site-packages/airflow/example_dags/example_task_group_decorator.py
[2025-09-21T09:58:19.269+0545] {processor.py:925} INFO - DAG(s) 'example_task_group_decorator' retrieved from /home/ashok/miniconda3/envs/mysecondenvironment/lib/python3.8/site-packages/airflow/example_dags/example_task_group_decorator.py
[2025-09-21T09:58:19.279+0545] {logging_mixin.py:190} INFO - [2025-09-21T09:58:19.279+0545] {dag.py:3239} INFO - Sync 1 DAGs
[2025-09-21T09:58:19.285+0545] {logging_mixin.py:190} INFO - [2025-09-21T09:58:19.285+0545] {dag.py:4180} INFO - Setting next_dagrun for example_task_group_decorator to None, run_after=None
[2025-09-21T09:58:19.301+0545] {processor.py:208} INFO - Processing /home/ashok/miniconda3/envs/mysecondenvironment/lib/python3.8/site-packages/airflow/example_dags/example_task_group_decorator.py took 0.048 seconds
[2025-09-21T09:59:15.792+0545] {processor.py:186} INFO - Started process (PID=58406) to work on /home/ashok/miniconda3/envs/mysecondenvironment/lib/python3.8/site-packages/airflow/example_dags/example_task_group_decorator.py
[2025-09-21T09:59:15.794+0545] {processor.py:914} INFO - Processing file /home/ashok/miniconda3/envs/mysecondenvironment/lib/python3.8/site-packages/airflow/example_dags/example_task_group_decorator.py for tasks to queue
[2025-09-21T09:59:15.795+0545] {logging_mixin.py:190} INFO - [2025-09-21T09:59:15.795+0545] {dagbag.py:588} INFO - Filling up the DagBag from /home/ashok/miniconda3/envs/mysecondenvironment/lib/python3.8/site-packages/airflow/example_dags/example_task_group_decorator.py
[2025-09-21T09:59:15.805+0545] {processor.py:925} INFO - DAG(s) 'example_task_group_decorator' retrieved from /home/ashok/miniconda3/envs/mysecondenvironment/lib/python3.8/site-packages/airflow/example_dags/example_task_group_decorator.py
[2025-09-21T09:59:15.815+0545] {logging_mixin.py:190} INFO - [2025-09-21T09:59:15.815+0545] {dag.py:3239} INFO - Sync 1 DAGs
[2025-09-21T09:59:15.821+0545] {logging_mixin.py:190} INFO - [2025-09-21T09:59:15.821+0545] {dag.py:4180} INFO - Setting next_dagrun for example_task_group_decorator to None, run_after=None
[2025-09-21T09:59:15.838+0545] {processor.py:208} INFO - Processing /home/ashok/miniconda3/envs/mysecondenvironment/lib/python3.8/site-packages/airflow/example_dags/example_task_group_decorator.py took 0.049 seconds
[2025-09-21T10:00:10.135+0545] {processor.py:186} INFO - Started process (PID=58796) to work on /home/ashok/miniconda3/envs/mysecondenvironment/lib/python3.8/site-packages/airflow/example_dags/example_task_group_decorator.py
[2025-09-21T10:00:10.137+0545] {processor.py:914} INFO - Processing file /home/ashok/miniconda3/envs/mysecondenvironment/lib/python3.8/site-packages/airflow/example_dags/example_task_group_decorator.py for tasks to queue
[2025-09-21T10:00:10.138+0545] {logging_mixin.py:190} INFO - [2025-09-21T10:00:10.138+0545] {dagbag.py:588} INFO - Filling up the DagBag from /home/ashok/miniconda3/envs/mysecondenvironment/lib/python3.8/site-packages/airflow/example_dags/example_task_group_decorator.py
[2025-09-21T10:00:10.146+0545] {processor.py:925} INFO - DAG(s) 'example_task_group_decorator' retrieved from /home/ashok/miniconda3/envs/mysecondenvironment/lib/python3.8/site-packages/airflow/example_dags/example_task_group_decorator.py
[2025-09-21T10:00:10.156+0545] {logging_mixin.py:190} INFO - [2025-09-21T10:00:10.156+0545] {dag.py:3239} INFO - Sync 1 DAGs
[2025-09-21T10:00:10.165+0545] {logging_mixin.py:190} INFO - [2025-09-21T10:00:10.165+0545] {dag.py:4180} INFO - Setting next_dagrun for example_task_group_decorator to None, run_after=None
[2025-09-21T10:00:10.182+0545] {processor.py:208} INFO - Processing /home/ashok/miniconda3/envs/mysecondenvironment/lib/python3.8/site-packages/airflow/example_dags/example_task_group_decorator.py took 0.050 seconds
[2025-09-21T10:03:20.736+0545] {processor.py:186} INFO - Started process (PID=60874) to work on /home/ashok/miniconda3/envs/mysecondenvironment/lib/python3.8/site-packages/airflow/example_dags/example_task_group_decorator.py
[2025-09-21T10:03:20.738+0545] {processor.py:914} INFO - Processing file /home/ashok/miniconda3/envs/mysecondenvironment/lib/python3.8/site-packages/airflow/example_dags/example_task_group_decorator.py for tasks to queue
[2025-09-21T10:03:20.740+0545] {logging_mixin.py:190} INFO - [2025-09-21T10:03:20.739+0545] {dagbag.py:588} INFO - Filling up the DagBag from /home/ashok/miniconda3/envs/mysecondenvironment/lib/python3.8/site-packages/airflow/example_dags/example_task_group_decorator.py
[2025-09-21T10:03:20.747+0545] {processor.py:925} INFO - DAG(s) 'example_task_group_decorator' retrieved from /home/ashok/miniconda3/envs/mysecondenvironment/lib/python3.8/site-packages/airflow/example_dags/example_task_group_decorator.py
[2025-09-21T10:03:20.757+0545] {logging_mixin.py:190} INFO - [2025-09-21T10:03:20.756+0545] {dag.py:3239} INFO - Sync 1 DAGs
[2025-09-21T10:03:20.762+0545] {logging_mixin.py:190} INFO - [2025-09-21T10:03:20.762+0545] {dag.py:4180} INFO - Setting next_dagrun for example_task_group_decorator to None, run_after=None
[2025-09-21T10:03:20.781+0545] {processor.py:208} INFO - Processing /home/ashok/miniconda3/envs/mysecondenvironment/lib/python3.8/site-packages/airflow/example_dags/example_task_group_decorator.py took 0.048 seconds
[2025-09-21T10:04:13.455+0545] {processor.py:186} INFO - Started process (PID=61226) to work on /home/ashok/miniconda3/envs/mysecondenvironment/lib/python3.8/site-packages/airflow/example_dags/example_task_group_decorator.py
[2025-09-21T10:04:13.457+0545] {processor.py:914} INFO - Processing file /home/ashok/miniconda3/envs/mysecondenvironment/lib/python3.8/site-packages/airflow/example_dags/example_task_group_decorator.py for tasks to queue
[2025-09-21T10:04:13.459+0545] {logging_mixin.py:190} INFO - [2025-09-21T10:04:13.459+0545] {dagbag.py:588} INFO - Filling up the DagBag from /home/ashok/miniconda3/envs/mysecondenvironment/lib/python3.8/site-packages/airflow/example_dags/example_task_group_decorator.py
[2025-09-21T10:04:13.466+0545] {processor.py:925} INFO - DAG(s) 'example_task_group_decorator' retrieved from /home/ashok/miniconda3/envs/mysecondenvironment/lib/python3.8/site-packages/airflow/example_dags/example_task_group_decorator.py
[2025-09-21T10:04:13.475+0545] {logging_mixin.py:190} INFO - [2025-09-21T10:04:13.475+0545] {dag.py:3239} INFO - Sync 1 DAGs
[2025-09-21T10:04:13.481+0545] {logging_mixin.py:190} INFO - [2025-09-21T10:04:13.480+0545] {dag.py:4180} INFO - Setting next_dagrun for example_task_group_decorator to None, run_after=None
[2025-09-21T10:04:13.499+0545] {processor.py:208} INFO - Processing /home/ashok/miniconda3/envs/mysecondenvironment/lib/python3.8/site-packages/airflow/example_dags/example_task_group_decorator.py took 0.047 seconds
[2025-09-21T10:05:10.958+0545] {processor.py:186} INFO - Started process (PID=61692) to work on /home/ashok/miniconda3/envs/mysecondenvironment/lib/python3.8/site-packages/airflow/example_dags/example_task_group_decorator.py
[2025-09-21T10:05:10.960+0545] {processor.py:914} INFO - Processing file /home/ashok/miniconda3/envs/mysecondenvironment/lib/python3.8/site-packages/airflow/example_dags/example_task_group_decorator.py for tasks to queue
[2025-09-21T10:05:10.962+0545] {logging_mixin.py:190} INFO - [2025-09-21T10:05:10.962+0545] {dagbag.py:588} INFO - Filling up the DagBag from /home/ashok/miniconda3/envs/mysecondenvironment/lib/python3.8/site-packages/airflow/example_dags/example_task_group_decorator.py
[2025-09-21T10:05:10.969+0545] {processor.py:925} INFO - DAG(s) 'example_task_group_decorator' retrieved from /home/ashok/miniconda3/envs/mysecondenvironment/lib/python3.8/site-packages/airflow/example_dags/example_task_group_decorator.py
[2025-09-21T10:05:10.979+0545] {logging_mixin.py:190} INFO - [2025-09-21T10:05:10.979+0545] {dag.py:3239} INFO - Sync 1 DAGs
[2025-09-21T10:05:10.985+0545] {logging_mixin.py:190} INFO - [2025-09-21T10:05:10.985+0545] {dag.py:4180} INFO - Setting next_dagrun for example_task_group_decorator to None, run_after=None
[2025-09-21T10:05:11.000+0545] {processor.py:208} INFO - Processing /home/ashok/miniconda3/envs/mysecondenvironment/lib/python3.8/site-packages/airflow/example_dags/example_task_group_decorator.py took 0.046 seconds
[2025-09-21T10:06:05.179+0545] {processor.py:186} INFO - Started process (PID=62090) to work on /home/ashok/miniconda3/envs/mysecondenvironment/lib/python3.8/site-packages/airflow/example_dags/example_task_group_decorator.py
[2025-09-21T10:06:05.181+0545] {processor.py:914} INFO - Processing file /home/ashok/miniconda3/envs/mysecondenvironment/lib/python3.8/site-packages/airflow/example_dags/example_task_group_decorator.py for tasks to queue
[2025-09-21T10:06:05.182+0545] {logging_mixin.py:190} INFO - [2025-09-21T10:06:05.182+0545] {dagbag.py:588} INFO - Filling up the DagBag from /home/ashok/miniconda3/envs/mysecondenvironment/lib/python3.8/site-packages/airflow/example_dags/example_task_group_decorator.py
[2025-09-21T10:06:05.189+0545] {processor.py:925} INFO - DAG(s) 'example_task_group_decorator' retrieved from /home/ashok/miniconda3/envs/mysecondenvironment/lib/python3.8/site-packages/airflow/example_dags/example_task_group_decorator.py
[2025-09-21T10:06:05.199+0545] {logging_mixin.py:190} INFO - [2025-09-21T10:06:05.198+0545] {dag.py:3239} INFO - Sync 1 DAGs
[2025-09-21T10:06:05.204+0545] {logging_mixin.py:190} INFO - [2025-09-21T10:06:05.204+0545] {dag.py:4180} INFO - Setting next_dagrun for example_task_group_decorator to None, run_after=None
[2025-09-21T10:06:05.223+0545] {processor.py:208} INFO - Processing /home/ashok/miniconda3/envs/mysecondenvironment/lib/python3.8/site-packages/airflow/example_dags/example_task_group_decorator.py took 0.048 seconds
[2025-09-21T10:07:01.344+0545] {processor.py:186} INFO - Started process (PID=62611) to work on /home/ashok/miniconda3/envs/mysecondenvironment/lib/python3.8/site-packages/airflow/example_dags/example_task_group_decorator.py
[2025-09-21T10:07:01.345+0545] {processor.py:914} INFO - Processing file /home/ashok/miniconda3/envs/mysecondenvironment/lib/python3.8/site-packages/airflow/example_dags/example_task_group_decorator.py for tasks to queue
[2025-09-21T10:07:01.348+0545] {logging_mixin.py:190} INFO - [2025-09-21T10:07:01.347+0545] {dagbag.py:588} INFO - Filling up the DagBag from /home/ashok/miniconda3/envs/mysecondenvironment/lib/python3.8/site-packages/airflow/example_dags/example_task_group_decorator.py
[2025-09-21T10:07:01.357+0545] {processor.py:925} INFO - DAG(s) 'example_task_group_decorator' retrieved from /home/ashok/miniconda3/envs/mysecondenvironment/lib/python3.8/site-packages/airflow/example_dags/example_task_group_decorator.py
[2025-09-21T10:07:01.370+0545] {logging_mixin.py:190} INFO - [2025-09-21T10:07:01.370+0545] {dag.py:3239} INFO - Sync 1 DAGs
[2025-09-21T10:07:01.379+0545] {logging_mixin.py:190} INFO - [2025-09-21T10:07:01.378+0545] {dag.py:4180} INFO - Setting next_dagrun for example_task_group_decorator to None, run_after=None
[2025-09-21T10:07:01.397+0545] {processor.py:208} INFO - Processing /home/ashok/miniconda3/envs/mysecondenvironment/lib/python3.8/site-packages/airflow/example_dags/example_task_group_decorator.py took 0.059 seconds
[2025-09-21T10:07:58.524+0545] {processor.py:186} INFO - Started process (PID=63082) to work on /home/ashok/miniconda3/envs/mysecondenvironment/lib/python3.8/site-packages/airflow/example_dags/example_task_group_decorator.py
[2025-09-21T10:07:58.525+0545] {processor.py:914} INFO - Processing file /home/ashok/miniconda3/envs/mysecondenvironment/lib/python3.8/site-packages/airflow/example_dags/example_task_group_decorator.py for tasks to queue
[2025-09-21T10:07:58.526+0545] {logging_mixin.py:190} INFO - [2025-09-21T10:07:58.526+0545] {dagbag.py:588} INFO - Filling up the DagBag from /home/ashok/miniconda3/envs/mysecondenvironment/lib/python3.8/site-packages/airflow/example_dags/example_task_group_decorator.py
[2025-09-21T10:07:58.534+0545] {processor.py:925} INFO - DAG(s) 'example_task_group_decorator' retrieved from /home/ashok/miniconda3/envs/mysecondenvironment/lib/python3.8/site-packages/airflow/example_dags/example_task_group_decorator.py
[2025-09-21T10:07:58.545+0545] {logging_mixin.py:190} INFO - [2025-09-21T10:07:58.545+0545] {dag.py:3239} INFO - Sync 1 DAGs
[2025-09-21T10:07:58.551+0545] {logging_mixin.py:190} INFO - [2025-09-21T10:07:58.551+0545] {dag.py:4180} INFO - Setting next_dagrun for example_task_group_decorator to None, run_after=None
[2025-09-21T10:07:58.566+0545] {processor.py:208} INFO - Processing /home/ashok/miniconda3/envs/mysecondenvironment/lib/python3.8/site-packages/airflow/example_dags/example_task_group_decorator.py took 0.046 seconds
[2025-09-21T10:08:57.017+0545] {processor.py:186} INFO - Started process (PID=63717) to work on /home/ashok/miniconda3/envs/mysecondenvironment/lib/python3.8/site-packages/airflow/example_dags/example_task_group_decorator.py
[2025-09-21T10:08:57.019+0545] {processor.py:914} INFO - Processing file /home/ashok/miniconda3/envs/mysecondenvironment/lib/python3.8/site-packages/airflow/example_dags/example_task_group_decorator.py for tasks to queue
[2025-09-21T10:08:57.020+0545] {logging_mixin.py:190} INFO - [2025-09-21T10:08:57.020+0545] {dagbag.py:588} INFO - Filling up the DagBag from /home/ashok/miniconda3/envs/mysecondenvironment/lib/python3.8/site-packages/airflow/example_dags/example_task_group_decorator.py
[2025-09-21T10:08:57.027+0545] {processor.py:925} INFO - DAG(s) 'example_task_group_decorator' retrieved from /home/ashok/miniconda3/envs/mysecondenvironment/lib/python3.8/site-packages/airflow/example_dags/example_task_group_decorator.py
[2025-09-21T10:08:57.037+0545] {logging_mixin.py:190} INFO - [2025-09-21T10:08:57.037+0545] {dag.py:3239} INFO - Sync 1 DAGs
[2025-09-21T10:08:57.042+0545] {logging_mixin.py:190} INFO - [2025-09-21T10:08:57.042+0545] {dag.py:4180} INFO - Setting next_dagrun for example_task_group_decorator to None, run_after=None
[2025-09-21T10:08:57.061+0545] {processor.py:208} INFO - Processing /home/ashok/miniconda3/envs/mysecondenvironment/lib/python3.8/site-packages/airflow/example_dags/example_task_group_decorator.py took 0.048 seconds
[2025-09-21T10:09:50.382+0545] {processor.py:186} INFO - Started process (PID=64202) to work on /home/ashok/miniconda3/envs/mysecondenvironment/lib/python3.8/site-packages/airflow/example_dags/example_task_group_decorator.py
[2025-09-21T10:09:50.384+0545] {processor.py:914} INFO - Processing file /home/ashok/miniconda3/envs/mysecondenvironment/lib/python3.8/site-packages/airflow/example_dags/example_task_group_decorator.py for tasks to queue
[2025-09-21T10:09:50.385+0545] {logging_mixin.py:190} INFO - [2025-09-21T10:09:50.385+0545] {dagbag.py:588} INFO - Filling up the DagBag from /home/ashok/miniconda3/envs/mysecondenvironment/lib/python3.8/site-packages/airflow/example_dags/example_task_group_decorator.py
[2025-09-21T10:09:50.394+0545] {processor.py:925} INFO - DAG(s) 'example_task_group_decorator' retrieved from /home/ashok/miniconda3/envs/mysecondenvironment/lib/python3.8/site-packages/airflow/example_dags/example_task_group_decorator.py
[2025-09-21T10:09:50.406+0545] {logging_mixin.py:190} INFO - [2025-09-21T10:09:50.406+0545] {dag.py:3239} INFO - Sync 1 DAGs
[2025-09-21T10:09:50.414+0545] {logging_mixin.py:190} INFO - [2025-09-21T10:09:50.414+0545] {dag.py:4180} INFO - Setting next_dagrun for example_task_group_decorator to None, run_after=None
[2025-09-21T10:09:50.432+0545] {processor.py:208} INFO - Processing /home/ashok/miniconda3/envs/mysecondenvironment/lib/python3.8/site-packages/airflow/example_dags/example_task_group_decorator.py took 0.055 seconds
[2025-09-21T10:10:45.643+0545] {processor.py:186} INFO - Started process (PID=64672) to work on /home/ashok/miniconda3/envs/mysecondenvironment/lib/python3.8/site-packages/airflow/example_dags/example_task_group_decorator.py
[2025-09-21T10:10:45.645+0545] {processor.py:914} INFO - Processing file /home/ashok/miniconda3/envs/mysecondenvironment/lib/python3.8/site-packages/airflow/example_dags/example_task_group_decorator.py for tasks to queue
[2025-09-21T10:10:45.646+0545] {logging_mixin.py:190} INFO - [2025-09-21T10:10:45.646+0545] {dagbag.py:588} INFO - Filling up the DagBag from /home/ashok/miniconda3/envs/mysecondenvironment/lib/python3.8/site-packages/airflow/example_dags/example_task_group_decorator.py
[2025-09-21T10:10:45.654+0545] {processor.py:925} INFO - DAG(s) 'example_task_group_decorator' retrieved from /home/ashok/miniconda3/envs/mysecondenvironment/lib/python3.8/site-packages/airflow/example_dags/example_task_group_decorator.py
[2025-09-21T10:10:45.665+0545] {logging_mixin.py:190} INFO - [2025-09-21T10:10:45.664+0545] {dag.py:3239} INFO - Sync 1 DAGs
[2025-09-21T10:10:45.672+0545] {logging_mixin.py:190} INFO - [2025-09-21T10:10:45.672+0545] {dag.py:4180} INFO - Setting next_dagrun for example_task_group_decorator to None, run_after=None
[2025-09-21T10:10:45.687+0545] {processor.py:208} INFO - Processing /home/ashok/miniconda3/envs/mysecondenvironment/lib/python3.8/site-packages/airflow/example_dags/example_task_group_decorator.py took 0.048 seconds
[2025-09-21T10:11:40.041+0545] {processor.py:186} INFO - Started process (PID=65134) to work on /home/ashok/miniconda3/envs/mysecondenvironment/lib/python3.8/site-packages/airflow/example_dags/example_task_group_decorator.py
[2025-09-21T10:11:40.042+0545] {processor.py:914} INFO - Processing file /home/ashok/miniconda3/envs/mysecondenvironment/lib/python3.8/site-packages/airflow/example_dags/example_task_group_decorator.py for tasks to queue
[2025-09-21T10:11:40.043+0545] {logging_mixin.py:190} INFO - [2025-09-21T10:11:40.042+0545] {dagbag.py:588} INFO - Filling up the DagBag from /home/ashok/miniconda3/envs/mysecondenvironment/lib/python3.8/site-packages/airflow/example_dags/example_task_group_decorator.py
[2025-09-21T10:11:40.050+0545] {processor.py:925} INFO - DAG(s) 'example_task_group_decorator' retrieved from /home/ashok/miniconda3/envs/mysecondenvironment/lib/python3.8/site-packages/airflow/example_dags/example_task_group_decorator.py
[2025-09-21T10:11:40.061+0545] {logging_mixin.py:190} INFO - [2025-09-21T10:11:40.061+0545] {dag.py:3239} INFO - Sync 1 DAGs
[2025-09-21T10:11:40.067+0545] {logging_mixin.py:190} INFO - [2025-09-21T10:11:40.067+0545] {dag.py:4180} INFO - Setting next_dagrun for example_task_group_decorator to None, run_after=None
[2025-09-21T10:11:40.081+0545] {processor.py:208} INFO - Processing /home/ashok/miniconda3/envs/mysecondenvironment/lib/python3.8/site-packages/airflow/example_dags/example_task_group_decorator.py took 0.044 seconds
[2025-09-21T10:12:37.061+0545] {processor.py:186} INFO - Started process (PID=65564) to work on /home/ashok/miniconda3/envs/mysecondenvironment/lib/python3.8/site-packages/airflow/example_dags/example_task_group_decorator.py
[2025-09-21T10:12:37.063+0545] {processor.py:914} INFO - Processing file /home/ashok/miniconda3/envs/mysecondenvironment/lib/python3.8/site-packages/airflow/example_dags/example_task_group_decorator.py for tasks to queue
[2025-09-21T10:12:37.065+0545] {logging_mixin.py:190} INFO - [2025-09-21T10:12:37.065+0545] {dagbag.py:588} INFO - Filling up the DagBag from /home/ashok/miniconda3/envs/mysecondenvironment/lib/python3.8/site-packages/airflow/example_dags/example_task_group_decorator.py
[2025-09-21T10:12:37.073+0545] {processor.py:925} INFO - DAG(s) 'example_task_group_decorator' retrieved from /home/ashok/miniconda3/envs/mysecondenvironment/lib/python3.8/site-packages/airflow/example_dags/example_task_group_decorator.py
[2025-09-21T10:12:37.085+0545] {logging_mixin.py:190} INFO - [2025-09-21T10:12:37.085+0545] {dag.py:3239} INFO - Sync 1 DAGs
[2025-09-21T10:12:37.091+0545] {logging_mixin.py:190} INFO - [2025-09-21T10:12:37.091+0545] {dag.py:4180} INFO - Setting next_dagrun for example_task_group_decorator to None, run_after=None
[2025-09-21T10:12:37.112+0545] {processor.py:208} INFO - Processing /home/ashok/miniconda3/envs/mysecondenvironment/lib/python3.8/site-packages/airflow/example_dags/example_task_group_decorator.py took 0.054 seconds
[2025-09-21T10:13:31.318+0545] {processor.py:186} INFO - Started process (PID=66003) to work on /home/ashok/miniconda3/envs/mysecondenvironment/lib/python3.8/site-packages/airflow/example_dags/example_task_group_decorator.py
[2025-09-21T10:13:31.320+0545] {processor.py:914} INFO - Processing file /home/ashok/miniconda3/envs/mysecondenvironment/lib/python3.8/site-packages/airflow/example_dags/example_task_group_decorator.py for tasks to queue
[2025-09-21T10:13:31.322+0545] {logging_mixin.py:190} INFO - [2025-09-21T10:13:31.321+0545] {dagbag.py:588} INFO - Filling up the DagBag from /home/ashok/miniconda3/envs/mysecondenvironment/lib/python3.8/site-packages/airflow/example_dags/example_task_group_decorator.py
[2025-09-21T10:13:31.330+0545] {processor.py:925} INFO - DAG(s) 'example_task_group_decorator' retrieved from /home/ashok/miniconda3/envs/mysecondenvironment/lib/python3.8/site-packages/airflow/example_dags/example_task_group_decorator.py
[2025-09-21T10:13:31.344+0545] {logging_mixin.py:190} INFO - [2025-09-21T10:13:31.344+0545] {dag.py:3239} INFO - Sync 1 DAGs
[2025-09-21T10:13:31.350+0545] {logging_mixin.py:190} INFO - [2025-09-21T10:13:31.350+0545] {dag.py:4180} INFO - Setting next_dagrun for example_task_group_decorator to None, run_after=None
[2025-09-21T10:13:31.367+0545] {processor.py:208} INFO - Processing /home/ashok/miniconda3/envs/mysecondenvironment/lib/python3.8/site-packages/airflow/example_dags/example_task_group_decorator.py took 0.054 seconds
