[2025-09-21T08:35:50.327+0545] {processor.py:186} INFO - Started process (PID=21861) to work on /home/ashok/miniconda3/envs/mysecondenvironment/lib/python3.8/site-packages/airflow/example_dags/example_setup_teardown.py
[2025-09-21T08:35:50.328+0545] {processor.py:914} INFO - Processing file /home/ashok/miniconda3/envs/mysecondenvironment/lib/python3.8/site-packages/airflow/example_dags/example_setup_teardown.py for tasks to queue
[2025-09-21T08:35:50.329+0545] {logging_mixin.py:190} INFO - [2025-09-21T08:35:50.329+0545] {dagbag.py:588} INFO - Filling up the DagBag from /home/ashok/miniconda3/envs/mysecondenvironment/lib/python3.8/site-packages/airflow/example_dags/example_setup_teardown.py
[2025-09-21T08:35:50.334+0545] {processor.py:925} INFO - DAG(s) 'example_setup_teardown' retrieved from /home/ashok/miniconda3/envs/mysecondenvironment/lib/python3.8/site-packages/airflow/example_dags/example_setup_teardown.py
[2025-09-21T08:35:50.343+0545] {logging_mixin.py:190} INFO - [2025-09-21T08:35:50.343+0545] {dag.py:3239} INFO - Sync 1 DAGs
[2025-09-21T08:35:50.350+0545] {logging_mixin.py:190} INFO - [2025-09-21T08:35:50.350+0545] {dag.py:4180} INFO - Setting next_dagrun for example_setup_teardown to None, run_after=None
[2025-09-21T08:35:50.369+0545] {processor.py:208} INFO - Processing /home/ashok/miniconda3/envs/mysecondenvironment/lib/python3.8/site-packages/airflow/example_dags/example_setup_teardown.py took 0.046 seconds
[2025-09-21T08:39:37.631+0545] {processor.py:186} INFO - Started process (PID=25936) to work on /home/ashok/miniconda3/envs/mysecondenvironment/lib/python3.8/site-packages/airflow/example_dags/example_setup_teardown.py
[2025-09-21T08:39:37.633+0545] {processor.py:914} INFO - Processing file /home/ashok/miniconda3/envs/mysecondenvironment/lib/python3.8/site-packages/airflow/example_dags/example_setup_teardown.py for tasks to queue
[2025-09-21T08:39:37.634+0545] {logging_mixin.py:190} INFO - [2025-09-21T08:39:37.634+0545] {dagbag.py:588} INFO - Filling up the DagBag from /home/ashok/miniconda3/envs/mysecondenvironment/lib/python3.8/site-packages/airflow/example_dags/example_setup_teardown.py
[2025-09-21T08:39:37.639+0545] {processor.py:925} INFO - DAG(s) 'example_setup_teardown' retrieved from /home/ashok/miniconda3/envs/mysecondenvironment/lib/python3.8/site-packages/airflow/example_dags/example_setup_teardown.py
[2025-09-21T08:39:37.648+0545] {logging_mixin.py:190} INFO - [2025-09-21T08:39:37.648+0545] {dag.py:3239} INFO - Sync 1 DAGs
[2025-09-21T08:39:37.653+0545] {logging_mixin.py:190} INFO - [2025-09-21T08:39:37.653+0545] {dag.py:4180} INFO - Setting next_dagrun for example_setup_teardown to None, run_after=None
[2025-09-21T08:39:37.670+0545] {processor.py:208} INFO - Processing /home/ashok/miniconda3/envs/mysecondenvironment/lib/python3.8/site-packages/airflow/example_dags/example_setup_teardown.py took 0.042 seconds
[2025-09-21T08:41:08.290+0545] {processor.py:186} INFO - Started process (PID=26729) to work on /home/ashok/miniconda3/envs/mysecondenvironment/lib/python3.8/site-packages/airflow/example_dags/example_setup_teardown.py
[2025-09-21T08:41:08.292+0545] {processor.py:914} INFO - Processing file /home/ashok/miniconda3/envs/mysecondenvironment/lib/python3.8/site-packages/airflow/example_dags/example_setup_teardown.py for tasks to queue
[2025-09-21T08:41:08.293+0545] {logging_mixin.py:190} INFO - [2025-09-21T08:41:08.293+0545] {dagbag.py:588} INFO - Filling up the DagBag from /home/ashok/miniconda3/envs/mysecondenvironment/lib/python3.8/site-packages/airflow/example_dags/example_setup_teardown.py
[2025-09-21T08:41:08.298+0545] {processor.py:925} INFO - DAG(s) 'example_setup_teardown' retrieved from /home/ashok/miniconda3/envs/mysecondenvironment/lib/python3.8/site-packages/airflow/example_dags/example_setup_teardown.py
[2025-09-21T08:41:08.306+0545] {logging_mixin.py:190} INFO - [2025-09-21T08:41:08.306+0545] {dag.py:3239} INFO - Sync 1 DAGs
[2025-09-21T08:41:08.311+0545] {logging_mixin.py:190} INFO - [2025-09-21T08:41:08.311+0545] {dag.py:4180} INFO - Setting next_dagrun for example_setup_teardown to None, run_after=None
[2025-09-21T08:41:08.329+0545] {processor.py:208} INFO - Processing /home/ashok/miniconda3/envs/mysecondenvironment/lib/python3.8/site-packages/airflow/example_dags/example_setup_teardown.py took 0.042 seconds
[2025-09-21T08:42:05.924+0545] {processor.py:186} INFO - Started process (PID=27184) to work on /home/ashok/miniconda3/envs/mysecondenvironment/lib/python3.8/site-packages/airflow/example_dags/example_setup_teardown.py
[2025-09-21T08:42:05.926+0545] {processor.py:914} INFO - Processing file /home/ashok/miniconda3/envs/mysecondenvironment/lib/python3.8/site-packages/airflow/example_dags/example_setup_teardown.py for tasks to queue
[2025-09-21T08:42:05.927+0545] {logging_mixin.py:190} INFO - [2025-09-21T08:42:05.927+0545] {dagbag.py:588} INFO - Filling up the DagBag from /home/ashok/miniconda3/envs/mysecondenvironment/lib/python3.8/site-packages/airflow/example_dags/example_setup_teardown.py
[2025-09-21T08:42:05.933+0545] {processor.py:925} INFO - DAG(s) 'example_setup_teardown' retrieved from /home/ashok/miniconda3/envs/mysecondenvironment/lib/python3.8/site-packages/airflow/example_dags/example_setup_teardown.py
[2025-09-21T08:42:05.942+0545] {logging_mixin.py:190} INFO - [2025-09-21T08:42:05.942+0545] {dag.py:3239} INFO - Sync 1 DAGs
[2025-09-21T08:42:05.948+0545] {logging_mixin.py:190} INFO - [2025-09-21T08:42:05.948+0545] {dag.py:4180} INFO - Setting next_dagrun for example_setup_teardown to None, run_after=None
[2025-09-21T08:42:05.966+0545] {processor.py:208} INFO - Processing /home/ashok/miniconda3/envs/mysecondenvironment/lib/python3.8/site-packages/airflow/example_dags/example_setup_teardown.py took 0.046 seconds
[2025-09-21T08:43:00.947+0545] {processor.py:186} INFO - Started process (PID=27602) to work on /home/ashok/miniconda3/envs/mysecondenvironment/lib/python3.8/site-packages/airflow/example_dags/example_setup_teardown.py
[2025-09-21T08:43:00.948+0545] {processor.py:914} INFO - Processing file /home/ashok/miniconda3/envs/mysecondenvironment/lib/python3.8/site-packages/airflow/example_dags/example_setup_teardown.py for tasks to queue
[2025-09-21T08:43:00.950+0545] {logging_mixin.py:190} INFO - [2025-09-21T08:43:00.949+0545] {dagbag.py:588} INFO - Filling up the DagBag from /home/ashok/miniconda3/envs/mysecondenvironment/lib/python3.8/site-packages/airflow/example_dags/example_setup_teardown.py
[2025-09-21T08:43:00.955+0545] {processor.py:925} INFO - DAG(s) 'example_setup_teardown' retrieved from /home/ashok/miniconda3/envs/mysecondenvironment/lib/python3.8/site-packages/airflow/example_dags/example_setup_teardown.py
[2025-09-21T08:43:00.963+0545] {logging_mixin.py:190} INFO - [2025-09-21T08:43:00.963+0545] {dag.py:3239} INFO - Sync 1 DAGs
[2025-09-21T08:43:00.969+0545] {logging_mixin.py:190} INFO - [2025-09-21T08:43:00.969+0545] {dag.py:4180} INFO - Setting next_dagrun for example_setup_teardown to None, run_after=None
[2025-09-21T08:43:00.985+0545] {processor.py:208} INFO - Processing /home/ashok/miniconda3/envs/mysecondenvironment/lib/python3.8/site-packages/airflow/example_dags/example_setup_teardown.py took 0.042 seconds
[2025-09-21T08:44:01.484+0545] {processor.py:186} INFO - Started process (PID=28010) to work on /home/ashok/miniconda3/envs/mysecondenvironment/lib/python3.8/site-packages/airflow/example_dags/example_setup_teardown.py
[2025-09-21T08:44:01.486+0545] {processor.py:914} INFO - Processing file /home/ashok/miniconda3/envs/mysecondenvironment/lib/python3.8/site-packages/airflow/example_dags/example_setup_teardown.py for tasks to queue
[2025-09-21T08:44:01.488+0545] {logging_mixin.py:190} INFO - [2025-09-21T08:44:01.487+0545] {dagbag.py:588} INFO - Filling up the DagBag from /home/ashok/miniconda3/envs/mysecondenvironment/lib/python3.8/site-packages/airflow/example_dags/example_setup_teardown.py
[2025-09-21T08:44:01.493+0545] {processor.py:925} INFO - DAG(s) 'example_setup_teardown' retrieved from /home/ashok/miniconda3/envs/mysecondenvironment/lib/python3.8/site-packages/airflow/example_dags/example_setup_teardown.py
[2025-09-21T08:44:01.502+0545] {logging_mixin.py:190} INFO - [2025-09-21T08:44:01.502+0545] {dag.py:3239} INFO - Sync 1 DAGs
[2025-09-21T08:44:01.508+0545] {logging_mixin.py:190} INFO - [2025-09-21T08:44:01.508+0545] {dag.py:4180} INFO - Setting next_dagrun for example_setup_teardown to None, run_after=None
[2025-09-21T08:44:01.524+0545] {processor.py:208} INFO - Processing /home/ashok/miniconda3/envs/mysecondenvironment/lib/python3.8/site-packages/airflow/example_dags/example_setup_teardown.py took 0.045 seconds
[2025-09-21T08:45:03.183+0545] {processor.py:186} INFO - Started process (PID=28413) to work on /home/ashok/miniconda3/envs/mysecondenvironment/lib/python3.8/site-packages/airflow/example_dags/example_setup_teardown.py
[2025-09-21T08:45:03.184+0545] {processor.py:914} INFO - Processing file /home/ashok/miniconda3/envs/mysecondenvironment/lib/python3.8/site-packages/airflow/example_dags/example_setup_teardown.py for tasks to queue
[2025-09-21T08:45:03.186+0545] {logging_mixin.py:190} INFO - [2025-09-21T08:45:03.186+0545] {dagbag.py:588} INFO - Filling up the DagBag from /home/ashok/miniconda3/envs/mysecondenvironment/lib/python3.8/site-packages/airflow/example_dags/example_setup_teardown.py
[2025-09-21T08:45:03.190+0545] {processor.py:925} INFO - DAG(s) 'example_setup_teardown' retrieved from /home/ashok/miniconda3/envs/mysecondenvironment/lib/python3.8/site-packages/airflow/example_dags/example_setup_teardown.py
[2025-09-21T08:45:03.199+0545] {logging_mixin.py:190} INFO - [2025-09-21T08:45:03.198+0545] {dag.py:3239} INFO - Sync 1 DAGs
[2025-09-21T08:45:03.204+0545] {logging_mixin.py:190} INFO - [2025-09-21T08:45:03.204+0545] {dag.py:4180} INFO - Setting next_dagrun for example_setup_teardown to None, run_after=None
[2025-09-21T08:45:03.222+0545] {processor.py:208} INFO - Processing /home/ashok/miniconda3/envs/mysecondenvironment/lib/python3.8/site-packages/airflow/example_dags/example_setup_teardown.py took 0.042 seconds
[2025-09-21T08:46:01.044+0545] {processor.py:186} INFO - Started process (PID=28803) to work on /home/ashok/miniconda3/envs/mysecondenvironment/lib/python3.8/site-packages/airflow/example_dags/example_setup_teardown.py
[2025-09-21T08:46:01.046+0545] {processor.py:914} INFO - Processing file /home/ashok/miniconda3/envs/mysecondenvironment/lib/python3.8/site-packages/airflow/example_dags/example_setup_teardown.py for tasks to queue
[2025-09-21T08:46:01.047+0545] {logging_mixin.py:190} INFO - [2025-09-21T08:46:01.047+0545] {dagbag.py:588} INFO - Filling up the DagBag from /home/ashok/miniconda3/envs/mysecondenvironment/lib/python3.8/site-packages/airflow/example_dags/example_setup_teardown.py
[2025-09-21T08:46:01.052+0545] {processor.py:925} INFO - DAG(s) 'example_setup_teardown' retrieved from /home/ashok/miniconda3/envs/mysecondenvironment/lib/python3.8/site-packages/airflow/example_dags/example_setup_teardown.py
[2025-09-21T08:46:01.060+0545] {logging_mixin.py:190} INFO - [2025-09-21T08:46:01.060+0545] {dag.py:3239} INFO - Sync 1 DAGs
[2025-09-21T08:46:01.067+0545] {logging_mixin.py:190} INFO - [2025-09-21T08:46:01.067+0545] {dag.py:4180} INFO - Setting next_dagrun for example_setup_teardown to None, run_after=None
[2025-09-21T08:46:01.084+0545] {processor.py:208} INFO - Processing /home/ashok/miniconda3/envs/mysecondenvironment/lib/python3.8/site-packages/airflow/example_dags/example_setup_teardown.py took 0.044 seconds
[2025-09-21T08:46:56.444+0545] {processor.py:186} INFO - Started process (PID=29212) to work on /home/ashok/miniconda3/envs/mysecondenvironment/lib/python3.8/site-packages/airflow/example_dags/example_setup_teardown.py
[2025-09-21T08:46:56.446+0545] {processor.py:914} INFO - Processing file /home/ashok/miniconda3/envs/mysecondenvironment/lib/python3.8/site-packages/airflow/example_dags/example_setup_teardown.py for tasks to queue
[2025-09-21T08:46:56.447+0545] {logging_mixin.py:190} INFO - [2025-09-21T08:46:56.447+0545] {dagbag.py:588} INFO - Filling up the DagBag from /home/ashok/miniconda3/envs/mysecondenvironment/lib/python3.8/site-packages/airflow/example_dags/example_setup_teardown.py
[2025-09-21T08:46:56.452+0545] {processor.py:925} INFO - DAG(s) 'example_setup_teardown' retrieved from /home/ashok/miniconda3/envs/mysecondenvironment/lib/python3.8/site-packages/airflow/example_dags/example_setup_teardown.py
[2025-09-21T08:46:56.461+0545] {logging_mixin.py:190} INFO - [2025-09-21T08:46:56.461+0545] {dag.py:3239} INFO - Sync 1 DAGs
[2025-09-21T08:46:56.467+0545] {logging_mixin.py:190} INFO - [2025-09-21T08:46:56.467+0545] {dag.py:4180} INFO - Setting next_dagrun for example_setup_teardown to None, run_after=None
[2025-09-21T08:46:56.484+0545] {processor.py:208} INFO - Processing /home/ashok/miniconda3/envs/mysecondenvironment/lib/python3.8/site-packages/airflow/example_dags/example_setup_teardown.py took 0.045 seconds
[2025-09-21T09:43:47.390+0545] {processor.py:186} INFO - Started process (PID=49603) to work on /home/ashok/miniconda3/envs/mysecondenvironment/lib/python3.8/site-packages/airflow/example_dags/example_setup_teardown.py
[2025-09-21T09:43:47.392+0545] {processor.py:914} INFO - Processing file /home/ashok/miniconda3/envs/mysecondenvironment/lib/python3.8/site-packages/airflow/example_dags/example_setup_teardown.py for tasks to queue
[2025-09-21T09:43:47.393+0545] {logging_mixin.py:190} INFO - [2025-09-21T09:43:47.393+0545] {dagbag.py:588} INFO - Filling up the DagBag from /home/ashok/miniconda3/envs/mysecondenvironment/lib/python3.8/site-packages/airflow/example_dags/example_setup_teardown.py
[2025-09-21T09:43:47.398+0545] {processor.py:925} INFO - DAG(s) 'example_setup_teardown' retrieved from /home/ashok/miniconda3/envs/mysecondenvironment/lib/python3.8/site-packages/airflow/example_dags/example_setup_teardown.py
[2025-09-21T09:43:47.406+0545] {logging_mixin.py:190} INFO - [2025-09-21T09:43:47.406+0545] {dag.py:3239} INFO - Sync 1 DAGs
[2025-09-21T09:43:47.412+0545] {logging_mixin.py:190} INFO - [2025-09-21T09:43:47.412+0545] {dag.py:4180} INFO - Setting next_dagrun for example_setup_teardown to None, run_after=None
[2025-09-21T09:43:47.430+0545] {processor.py:208} INFO - Processing /home/ashok/miniconda3/envs/mysecondenvironment/lib/python3.8/site-packages/airflow/example_dags/example_setup_teardown.py took 0.043 seconds
[2025-09-21T09:47:01.305+0545] {processor.py:186} INFO - Started process (PID=52124) to work on /home/ashok/miniconda3/envs/mysecondenvironment/lib/python3.8/site-packages/airflow/example_dags/example_setup_teardown.py
[2025-09-21T09:47:01.307+0545] {processor.py:914} INFO - Processing file /home/ashok/miniconda3/envs/mysecondenvironment/lib/python3.8/site-packages/airflow/example_dags/example_setup_teardown.py for tasks to queue
[2025-09-21T09:47:01.309+0545] {logging_mixin.py:190} INFO - [2025-09-21T09:47:01.308+0545] {dagbag.py:588} INFO - Filling up the DagBag from /home/ashok/miniconda3/envs/mysecondenvironment/lib/python3.8/site-packages/airflow/example_dags/example_setup_teardown.py
[2025-09-21T09:47:01.313+0545] {processor.py:925} INFO - DAG(s) 'example_setup_teardown' retrieved from /home/ashok/miniconda3/envs/mysecondenvironment/lib/python3.8/site-packages/airflow/example_dags/example_setup_teardown.py
[2025-09-21T09:47:01.323+0545] {logging_mixin.py:190} INFO - [2025-09-21T09:47:01.323+0545] {dag.py:3239} INFO - Sync 1 DAGs
[2025-09-21T09:47:01.329+0545] {logging_mixin.py:190} INFO - [2025-09-21T09:47:01.329+0545] {dag.py:4180} INFO - Setting next_dagrun for example_setup_teardown to None, run_after=None
[2025-09-21T09:47:01.347+0545] {processor.py:208} INFO - Processing /home/ashok/miniconda3/envs/mysecondenvironment/lib/python3.8/site-packages/airflow/example_dags/example_setup_teardown.py took 0.046 seconds
[2025-09-21T09:47:57.319+0545] {processor.py:186} INFO - Started process (PID=52557) to work on /home/ashok/miniconda3/envs/mysecondenvironment/lib/python3.8/site-packages/airflow/example_dags/example_setup_teardown.py
[2025-09-21T09:47:57.320+0545] {processor.py:914} INFO - Processing file /home/ashok/miniconda3/envs/mysecondenvironment/lib/python3.8/site-packages/airflow/example_dags/example_setup_teardown.py for tasks to queue
[2025-09-21T09:47:57.321+0545] {logging_mixin.py:190} INFO - [2025-09-21T09:47:57.321+0545] {dagbag.py:588} INFO - Filling up the DagBag from /home/ashok/miniconda3/envs/mysecondenvironment/lib/python3.8/site-packages/airflow/example_dags/example_setup_teardown.py
[2025-09-21T09:47:57.326+0545] {processor.py:925} INFO - DAG(s) 'example_setup_teardown' retrieved from /home/ashok/miniconda3/envs/mysecondenvironment/lib/python3.8/site-packages/airflow/example_dags/example_setup_teardown.py
[2025-09-21T09:47:57.336+0545] {logging_mixin.py:190} INFO - [2025-09-21T09:47:57.336+0545] {dag.py:3239} INFO - Sync 1 DAGs
[2025-09-21T09:47:57.343+0545] {logging_mixin.py:190} INFO - [2025-09-21T09:47:57.343+0545] {dag.py:4180} INFO - Setting next_dagrun for example_setup_teardown to None, run_after=None
[2025-09-21T09:47:57.358+0545] {processor.py:208} INFO - Processing /home/ashok/miniconda3/envs/mysecondenvironment/lib/python3.8/site-packages/airflow/example_dags/example_setup_teardown.py took 0.043 seconds
[2025-09-21T09:49:05.392+0545] {processor.py:186} INFO - Started process (PID=53085) to work on /home/ashok/miniconda3/envs/mysecondenvironment/lib/python3.8/site-packages/airflow/example_dags/example_setup_teardown.py
[2025-09-21T09:49:05.394+0545] {processor.py:914} INFO - Processing file /home/ashok/miniconda3/envs/mysecondenvironment/lib/python3.8/site-packages/airflow/example_dags/example_setup_teardown.py for tasks to queue
[2025-09-21T09:49:05.395+0545] {logging_mixin.py:190} INFO - [2025-09-21T09:49:05.395+0545] {dagbag.py:588} INFO - Filling up the DagBag from /home/ashok/miniconda3/envs/mysecondenvironment/lib/python3.8/site-packages/airflow/example_dags/example_setup_teardown.py
[2025-09-21T09:49:05.400+0545] {processor.py:925} INFO - DAG(s) 'example_setup_teardown' retrieved from /home/ashok/miniconda3/envs/mysecondenvironment/lib/python3.8/site-packages/airflow/example_dags/example_setup_teardown.py
[2025-09-21T09:49:05.409+0545] {logging_mixin.py:190} INFO - [2025-09-21T09:49:05.409+0545] {dag.py:3239} INFO - Sync 1 DAGs
[2025-09-21T09:49:05.415+0545] {logging_mixin.py:190} INFO - [2025-09-21T09:49:05.415+0545] {dag.py:4180} INFO - Setting next_dagrun for example_setup_teardown to None, run_after=None
[2025-09-21T09:49:05.431+0545] {processor.py:208} INFO - Processing /home/ashok/miniconda3/envs/mysecondenvironment/lib/python3.8/site-packages/airflow/example_dags/example_setup_teardown.py took 0.043 seconds
[2025-09-21T09:50:00.329+0545] {processor.py:186} INFO - Started process (PID=53488) to work on /home/ashok/miniconda3/envs/mysecondenvironment/lib/python3.8/site-packages/airflow/example_dags/example_setup_teardown.py
[2025-09-21T09:50:00.330+0545] {processor.py:914} INFO - Processing file /home/ashok/miniconda3/envs/mysecondenvironment/lib/python3.8/site-packages/airflow/example_dags/example_setup_teardown.py for tasks to queue
[2025-09-21T09:50:00.331+0545] {logging_mixin.py:190} INFO - [2025-09-21T09:50:00.331+0545] {dagbag.py:588} INFO - Filling up the DagBag from /home/ashok/miniconda3/envs/mysecondenvironment/lib/python3.8/site-packages/airflow/example_dags/example_setup_teardown.py
[2025-09-21T09:50:00.336+0545] {processor.py:925} INFO - DAG(s) 'example_setup_teardown' retrieved from /home/ashok/miniconda3/envs/mysecondenvironment/lib/python3.8/site-packages/airflow/example_dags/example_setup_teardown.py
[2025-09-21T09:50:00.344+0545] {logging_mixin.py:190} INFO - [2025-09-21T09:50:00.343+0545] {dag.py:3239} INFO - Sync 1 DAGs
[2025-09-21T09:50:00.349+0545] {logging_mixin.py:190} INFO - [2025-09-21T09:50:00.349+0545] {dag.py:4180} INFO - Setting next_dagrun for example_setup_teardown to None, run_after=None
[2025-09-21T09:50:00.366+0545] {processor.py:208} INFO - Processing /home/ashok/miniconda3/envs/mysecondenvironment/lib/python3.8/site-packages/airflow/example_dags/example_setup_teardown.py took 0.041 seconds
[2025-09-21T09:50:54.542+0545] {processor.py:186} INFO - Started process (PID=53876) to work on /home/ashok/miniconda3/envs/mysecondenvironment/lib/python3.8/site-packages/airflow/example_dags/example_setup_teardown.py
[2025-09-21T09:50:54.543+0545] {processor.py:914} INFO - Processing file /home/ashok/miniconda3/envs/mysecondenvironment/lib/python3.8/site-packages/airflow/example_dags/example_setup_teardown.py for tasks to queue
[2025-09-21T09:50:54.545+0545] {logging_mixin.py:190} INFO - [2025-09-21T09:50:54.544+0545] {dagbag.py:588} INFO - Filling up the DagBag from /home/ashok/miniconda3/envs/mysecondenvironment/lib/python3.8/site-packages/airflow/example_dags/example_setup_teardown.py
[2025-09-21T09:50:54.551+0545] {processor.py:925} INFO - DAG(s) 'example_setup_teardown' retrieved from /home/ashok/miniconda3/envs/mysecondenvironment/lib/python3.8/site-packages/airflow/example_dags/example_setup_teardown.py
[2025-09-21T09:50:54.562+0545] {logging_mixin.py:190} INFO - [2025-09-21T09:50:54.562+0545] {dag.py:3239} INFO - Sync 1 DAGs
[2025-09-21T09:50:54.572+0545] {logging_mixin.py:190} INFO - [2025-09-21T09:50:54.571+0545] {dag.py:4180} INFO - Setting next_dagrun for example_setup_teardown to None, run_after=None
[2025-09-21T09:50:54.592+0545] {processor.py:208} INFO - Processing /home/ashok/miniconda3/envs/mysecondenvironment/lib/python3.8/site-packages/airflow/example_dags/example_setup_teardown.py took 0.055 seconds
[2025-09-21T09:53:47.474+0545] {processor.py:186} INFO - Started process (PID=56064) to work on /home/ashok/miniconda3/envs/mysecondenvironment/lib/python3.8/site-packages/airflow/example_dags/example_setup_teardown.py
[2025-09-21T09:53:47.476+0545] {processor.py:914} INFO - Processing file /home/ashok/miniconda3/envs/mysecondenvironment/lib/python3.8/site-packages/airflow/example_dags/example_setup_teardown.py for tasks to queue
[2025-09-21T09:53:47.477+0545] {logging_mixin.py:190} INFO - [2025-09-21T09:53:47.477+0545] {dagbag.py:588} INFO - Filling up the DagBag from /home/ashok/miniconda3/envs/mysecondenvironment/lib/python3.8/site-packages/airflow/example_dags/example_setup_teardown.py
[2025-09-21T09:53:47.482+0545] {processor.py:925} INFO - DAG(s) 'example_setup_teardown' retrieved from /home/ashok/miniconda3/envs/mysecondenvironment/lib/python3.8/site-packages/airflow/example_dags/example_setup_teardown.py
[2025-09-21T09:53:47.492+0545] {logging_mixin.py:190} INFO - [2025-09-21T09:53:47.492+0545] {dag.py:3239} INFO - Sync 1 DAGs
[2025-09-21T09:53:47.499+0545] {logging_mixin.py:190} INFO - [2025-09-21T09:53:47.499+0545] {dag.py:4180} INFO - Setting next_dagrun for example_setup_teardown to None, run_after=None
[2025-09-21T09:53:47.517+0545] {processor.py:208} INFO - Processing /home/ashok/miniconda3/envs/mysecondenvironment/lib/python3.8/site-packages/airflow/example_dags/example_setup_teardown.py took 0.047 seconds
[2025-09-21T09:54:45.895+0545] {processor.py:186} INFO - Started process (PID=56490) to work on /home/ashok/miniconda3/envs/mysecondenvironment/lib/python3.8/site-packages/airflow/example_dags/example_setup_teardown.py
[2025-09-21T09:54:45.897+0545] {processor.py:914} INFO - Processing file /home/ashok/miniconda3/envs/mysecondenvironment/lib/python3.8/site-packages/airflow/example_dags/example_setup_teardown.py for tasks to queue
[2025-09-21T09:54:45.899+0545] {logging_mixin.py:190} INFO - [2025-09-21T09:54:45.899+0545] {dagbag.py:588} INFO - Filling up the DagBag from /home/ashok/miniconda3/envs/mysecondenvironment/lib/python3.8/site-packages/airflow/example_dags/example_setup_teardown.py
[2025-09-21T09:54:45.904+0545] {processor.py:925} INFO - DAG(s) 'example_setup_teardown' retrieved from /home/ashok/miniconda3/envs/mysecondenvironment/lib/python3.8/site-packages/airflow/example_dags/example_setup_teardown.py
[2025-09-21T09:54:45.913+0545] {logging_mixin.py:190} INFO - [2025-09-21T09:54:45.912+0545] {dag.py:3239} INFO - Sync 1 DAGs
[2025-09-21T09:54:45.919+0545] {logging_mixin.py:190} INFO - [2025-09-21T09:54:45.919+0545] {dag.py:4180} INFO - Setting next_dagrun for example_setup_teardown to None, run_after=None
[2025-09-21T09:54:45.934+0545] {processor.py:208} INFO - Processing /home/ashok/miniconda3/envs/mysecondenvironment/lib/python3.8/site-packages/airflow/example_dags/example_setup_teardown.py took 0.043 seconds
[2025-09-21T09:55:42.894+0545] {processor.py:186} INFO - Started process (PID=56988) to work on /home/ashok/miniconda3/envs/mysecondenvironment/lib/python3.8/site-packages/airflow/example_dags/example_setup_teardown.py
[2025-09-21T09:55:42.896+0545] {processor.py:914} INFO - Processing file /home/ashok/miniconda3/envs/mysecondenvironment/lib/python3.8/site-packages/airflow/example_dags/example_setup_teardown.py for tasks to queue
[2025-09-21T09:55:42.898+0545] {logging_mixin.py:190} INFO - [2025-09-21T09:55:42.897+0545] {dagbag.py:588} INFO - Filling up the DagBag from /home/ashok/miniconda3/envs/mysecondenvironment/lib/python3.8/site-packages/airflow/example_dags/example_setup_teardown.py
[2025-09-21T09:55:42.903+0545] {processor.py:925} INFO - DAG(s) 'example_setup_teardown' retrieved from /home/ashok/miniconda3/envs/mysecondenvironment/lib/python3.8/site-packages/airflow/example_dags/example_setup_teardown.py
[2025-09-21T09:55:42.912+0545] {logging_mixin.py:190} INFO - [2025-09-21T09:55:42.912+0545] {dag.py:3239} INFO - Sync 1 DAGs
[2025-09-21T09:55:42.918+0545] {logging_mixin.py:190} INFO - [2025-09-21T09:55:42.918+0545] {dag.py:4180} INFO - Setting next_dagrun for example_setup_teardown to None, run_after=None
[2025-09-21T09:55:42.934+0545] {processor.py:208} INFO - Processing /home/ashok/miniconda3/envs/mysecondenvironment/lib/python3.8/site-packages/airflow/example_dags/example_setup_teardown.py took 0.043 seconds
[2025-09-21T09:56:39.861+0545] {processor.py:186} INFO - Started process (PID=57348) to work on /home/ashok/miniconda3/envs/mysecondenvironment/lib/python3.8/site-packages/airflow/example_dags/example_setup_teardown.py
[2025-09-21T09:56:39.862+0545] {processor.py:914} INFO - Processing file /home/ashok/miniconda3/envs/mysecondenvironment/lib/python3.8/site-packages/airflow/example_dags/example_setup_teardown.py for tasks to queue
[2025-09-21T09:56:39.864+0545] {logging_mixin.py:190} INFO - [2025-09-21T09:56:39.863+0545] {dagbag.py:588} INFO - Filling up the DagBag from /home/ashok/miniconda3/envs/mysecondenvironment/lib/python3.8/site-packages/airflow/example_dags/example_setup_teardown.py
[2025-09-21T09:56:39.868+0545] {processor.py:925} INFO - DAG(s) 'example_setup_teardown' retrieved from /home/ashok/miniconda3/envs/mysecondenvironment/lib/python3.8/site-packages/airflow/example_dags/example_setup_teardown.py
[2025-09-21T09:56:39.878+0545] {logging_mixin.py:190} INFO - [2025-09-21T09:56:39.878+0545] {dag.py:3239} INFO - Sync 1 DAGs
[2025-09-21T09:56:39.886+0545] {logging_mixin.py:190} INFO - [2025-09-21T09:56:39.886+0545] {dag.py:4180} INFO - Setting next_dagrun for example_setup_teardown to None, run_after=None
[2025-09-21T09:56:39.902+0545] {processor.py:208} INFO - Processing /home/ashok/miniconda3/envs/mysecondenvironment/lib/python3.8/site-packages/airflow/example_dags/example_setup_teardown.py took 0.045 seconds
[2025-09-21T09:57:33.984+0545] {processor.py:186} INFO - Started process (PID=57694) to work on /home/ashok/miniconda3/envs/mysecondenvironment/lib/python3.8/site-packages/airflow/example_dags/example_setup_teardown.py
[2025-09-21T09:57:33.986+0545] {processor.py:914} INFO - Processing file /home/ashok/miniconda3/envs/mysecondenvironment/lib/python3.8/site-packages/airflow/example_dags/example_setup_teardown.py for tasks to queue
[2025-09-21T09:57:33.987+0545] {logging_mixin.py:190} INFO - [2025-09-21T09:57:33.987+0545] {dagbag.py:588} INFO - Filling up the DagBag from /home/ashok/miniconda3/envs/mysecondenvironment/lib/python3.8/site-packages/airflow/example_dags/example_setup_teardown.py
[2025-09-21T09:57:33.993+0545] {processor.py:925} INFO - DAG(s) 'example_setup_teardown' retrieved from /home/ashok/miniconda3/envs/mysecondenvironment/lib/python3.8/site-packages/airflow/example_dags/example_setup_teardown.py
[2025-09-21T09:57:34.003+0545] {logging_mixin.py:190} INFO - [2025-09-21T09:57:34.003+0545] {dag.py:3239} INFO - Sync 1 DAGs
[2025-09-21T09:57:34.010+0545] {logging_mixin.py:190} INFO - [2025-09-21T09:57:34.010+0545] {dag.py:4180} INFO - Setting next_dagrun for example_setup_teardown to None, run_after=None
[2025-09-21T09:57:34.025+0545] {processor.py:208} INFO - Processing /home/ashok/miniconda3/envs/mysecondenvironment/lib/python3.8/site-packages/airflow/example_dags/example_setup_teardown.py took 0.045 seconds
[2025-09-21T09:58:26.134+0545] {processor.py:186} INFO - Started process (PID=58074) to work on /home/ashok/miniconda3/envs/mysecondenvironment/lib/python3.8/site-packages/airflow/example_dags/example_setup_teardown.py
[2025-09-21T09:58:26.135+0545] {processor.py:914} INFO - Processing file /home/ashok/miniconda3/envs/mysecondenvironment/lib/python3.8/site-packages/airflow/example_dags/example_setup_teardown.py for tasks to queue
[2025-09-21T09:58:26.136+0545] {logging_mixin.py:190} INFO - [2025-09-21T09:58:26.136+0545] {dagbag.py:588} INFO - Filling up the DagBag from /home/ashok/miniconda3/envs/mysecondenvironment/lib/python3.8/site-packages/airflow/example_dags/example_setup_teardown.py
[2025-09-21T09:58:26.143+0545] {processor.py:925} INFO - DAG(s) 'example_setup_teardown' retrieved from /home/ashok/miniconda3/envs/mysecondenvironment/lib/python3.8/site-packages/airflow/example_dags/example_setup_teardown.py
[2025-09-21T09:58:26.153+0545] {logging_mixin.py:190} INFO - [2025-09-21T09:58:26.152+0545] {dag.py:3239} INFO - Sync 1 DAGs
[2025-09-21T09:58:26.159+0545] {logging_mixin.py:190} INFO - [2025-09-21T09:58:26.159+0545] {dag.py:4180} INFO - Setting next_dagrun for example_setup_teardown to None, run_after=None
[2025-09-21T09:58:26.175+0545] {processor.py:208} INFO - Processing /home/ashok/miniconda3/envs/mysecondenvironment/lib/python3.8/site-packages/airflow/example_dags/example_setup_teardown.py took 0.044 seconds
[2025-09-21T09:59:22.439+0545] {processor.py:186} INFO - Started process (PID=58475) to work on /home/ashok/miniconda3/envs/mysecondenvironment/lib/python3.8/site-packages/airflow/example_dags/example_setup_teardown.py
[2025-09-21T09:59:22.441+0545] {processor.py:914} INFO - Processing file /home/ashok/miniconda3/envs/mysecondenvironment/lib/python3.8/site-packages/airflow/example_dags/example_setup_teardown.py for tasks to queue
[2025-09-21T09:59:22.442+0545] {logging_mixin.py:190} INFO - [2025-09-21T09:59:22.442+0545] {dagbag.py:588} INFO - Filling up the DagBag from /home/ashok/miniconda3/envs/mysecondenvironment/lib/python3.8/site-packages/airflow/example_dags/example_setup_teardown.py
[2025-09-21T09:59:22.447+0545] {processor.py:925} INFO - DAG(s) 'example_setup_teardown' retrieved from /home/ashok/miniconda3/envs/mysecondenvironment/lib/python3.8/site-packages/airflow/example_dags/example_setup_teardown.py
[2025-09-21T09:59:22.456+0545] {logging_mixin.py:190} INFO - [2025-09-21T09:59:22.455+0545] {dag.py:3239} INFO - Sync 1 DAGs
[2025-09-21T09:59:22.461+0545] {logging_mixin.py:190} INFO - [2025-09-21T09:59:22.461+0545] {dag.py:4180} INFO - Setting next_dagrun for example_setup_teardown to None, run_after=None
[2025-09-21T09:59:22.478+0545] {processor.py:208} INFO - Processing /home/ashok/miniconda3/envs/mysecondenvironment/lib/python3.8/site-packages/airflow/example_dags/example_setup_teardown.py took 0.042 seconds
[2025-09-21T10:00:17.567+0545] {processor.py:186} INFO - Started process (PID=58835) to work on /home/ashok/miniconda3/envs/mysecondenvironment/lib/python3.8/site-packages/airflow/example_dags/example_setup_teardown.py
[2025-09-21T10:00:17.569+0545] {processor.py:914} INFO - Processing file /home/ashok/miniconda3/envs/mysecondenvironment/lib/python3.8/site-packages/airflow/example_dags/example_setup_teardown.py for tasks to queue
[2025-09-21T10:00:17.570+0545] {logging_mixin.py:190} INFO - [2025-09-21T10:00:17.570+0545] {dagbag.py:588} INFO - Filling up the DagBag from /home/ashok/miniconda3/envs/mysecondenvironment/lib/python3.8/site-packages/airflow/example_dags/example_setup_teardown.py
[2025-09-21T10:00:17.575+0545] {processor.py:925} INFO - DAG(s) 'example_setup_teardown' retrieved from /home/ashok/miniconda3/envs/mysecondenvironment/lib/python3.8/site-packages/airflow/example_dags/example_setup_teardown.py
[2025-09-21T10:00:17.583+0545] {logging_mixin.py:190} INFO - [2025-09-21T10:00:17.583+0545] {dag.py:3239} INFO - Sync 1 DAGs
[2025-09-21T10:00:17.590+0545] {logging_mixin.py:190} INFO - [2025-09-21T10:00:17.589+0545] {dag.py:4180} INFO - Setting next_dagrun for example_setup_teardown to None, run_after=None
[2025-09-21T10:00:17.606+0545] {processor.py:208} INFO - Processing /home/ashok/miniconda3/envs/mysecondenvironment/lib/python3.8/site-packages/airflow/example_dags/example_setup_teardown.py took 0.043 seconds
[2025-09-21T10:03:28.155+0545] {processor.py:186} INFO - Started process (PID=60921) to work on /home/ashok/miniconda3/envs/mysecondenvironment/lib/python3.8/site-packages/airflow/example_dags/example_setup_teardown.py
[2025-09-21T10:03:28.158+0545] {processor.py:914} INFO - Processing file /home/ashok/miniconda3/envs/mysecondenvironment/lib/python3.8/site-packages/airflow/example_dags/example_setup_teardown.py for tasks to queue
[2025-09-21T10:03:28.159+0545] {logging_mixin.py:190} INFO - [2025-09-21T10:03:28.159+0545] {dagbag.py:588} INFO - Filling up the DagBag from /home/ashok/miniconda3/envs/mysecondenvironment/lib/python3.8/site-packages/airflow/example_dags/example_setup_teardown.py
[2025-09-21T10:03:28.164+0545] {processor.py:925} INFO - DAG(s) 'example_setup_teardown' retrieved from /home/ashok/miniconda3/envs/mysecondenvironment/lib/python3.8/site-packages/airflow/example_dags/example_setup_teardown.py
[2025-09-21T10:03:28.172+0545] {logging_mixin.py:190} INFO - [2025-09-21T10:03:28.172+0545] {dag.py:3239} INFO - Sync 1 DAGs
[2025-09-21T10:03:28.177+0545] {logging_mixin.py:190} INFO - [2025-09-21T10:03:28.177+0545] {dag.py:4180} INFO - Setting next_dagrun for example_setup_teardown to None, run_after=None
[2025-09-21T10:03:28.193+0545] {processor.py:208} INFO - Processing /home/ashok/miniconda3/envs/mysecondenvironment/lib/python3.8/site-packages/airflow/example_dags/example_setup_teardown.py took 0.040 seconds
[2025-09-21T10:04:24.731+0545] {processor.py:186} INFO - Started process (PID=61293) to work on /home/ashok/miniconda3/envs/mysecondenvironment/lib/python3.8/site-packages/airflow/example_dags/example_setup_teardown.py
[2025-09-21T10:04:24.733+0545] {processor.py:914} INFO - Processing file /home/ashok/miniconda3/envs/mysecondenvironment/lib/python3.8/site-packages/airflow/example_dags/example_setup_teardown.py for tasks to queue
[2025-09-21T10:04:24.734+0545] {logging_mixin.py:190} INFO - [2025-09-21T10:04:24.734+0545] {dagbag.py:588} INFO - Filling up the DagBag from /home/ashok/miniconda3/envs/mysecondenvironment/lib/python3.8/site-packages/airflow/example_dags/example_setup_teardown.py
[2025-09-21T10:04:24.740+0545] {processor.py:925} INFO - DAG(s) 'example_setup_teardown' retrieved from /home/ashok/miniconda3/envs/mysecondenvironment/lib/python3.8/site-packages/airflow/example_dags/example_setup_teardown.py
[2025-09-21T10:04:24.749+0545] {logging_mixin.py:190} INFO - [2025-09-21T10:04:24.748+0545] {dag.py:3239} INFO - Sync 1 DAGs
[2025-09-21T10:04:24.755+0545] {logging_mixin.py:190} INFO - [2025-09-21T10:04:24.755+0545] {dag.py:4180} INFO - Setting next_dagrun for example_setup_teardown to None, run_after=None
[2025-09-21T10:04:24.771+0545] {processor.py:208} INFO - Processing /home/ashok/miniconda3/envs/mysecondenvironment/lib/python3.8/site-packages/airflow/example_dags/example_setup_teardown.py took 0.043 seconds
[2025-09-21T10:05:22.402+0545] {processor.py:186} INFO - Started process (PID=61766) to work on /home/ashok/miniconda3/envs/mysecondenvironment/lib/python3.8/site-packages/airflow/example_dags/example_setup_teardown.py
[2025-09-21T10:05:22.405+0545] {processor.py:914} INFO - Processing file /home/ashok/miniconda3/envs/mysecondenvironment/lib/python3.8/site-packages/airflow/example_dags/example_setup_teardown.py for tasks to queue
[2025-09-21T10:05:22.406+0545] {logging_mixin.py:190} INFO - [2025-09-21T10:05:22.406+0545] {dagbag.py:588} INFO - Filling up the DagBag from /home/ashok/miniconda3/envs/mysecondenvironment/lib/python3.8/site-packages/airflow/example_dags/example_setup_teardown.py
[2025-09-21T10:05:22.410+0545] {processor.py:925} INFO - DAG(s) 'example_setup_teardown' retrieved from /home/ashok/miniconda3/envs/mysecondenvironment/lib/python3.8/site-packages/airflow/example_dags/example_setup_teardown.py
[2025-09-21T10:05:22.419+0545] {logging_mixin.py:190} INFO - [2025-09-21T10:05:22.419+0545] {dag.py:3239} INFO - Sync 1 DAGs
[2025-09-21T10:05:22.424+0545] {logging_mixin.py:190} INFO - [2025-09-21T10:05:22.424+0545] {dag.py:4180} INFO - Setting next_dagrun for example_setup_teardown to None, run_after=None
[2025-09-21T10:05:22.440+0545] {processor.py:208} INFO - Processing /home/ashok/miniconda3/envs/mysecondenvironment/lib/python3.8/site-packages/airflow/example_dags/example_setup_teardown.py took 0.041 seconds
[2025-09-21T10:06:16.615+0545] {processor.py:186} INFO - Started process (PID=62216) to work on /home/ashok/miniconda3/envs/mysecondenvironment/lib/python3.8/site-packages/airflow/example_dags/example_setup_teardown.py
[2025-09-21T10:06:16.617+0545] {processor.py:914} INFO - Processing file /home/ashok/miniconda3/envs/mysecondenvironment/lib/python3.8/site-packages/airflow/example_dags/example_setup_teardown.py for tasks to queue
[2025-09-21T10:06:16.619+0545] {logging_mixin.py:190} INFO - [2025-09-21T10:06:16.619+0545] {dagbag.py:588} INFO - Filling up the DagBag from /home/ashok/miniconda3/envs/mysecondenvironment/lib/python3.8/site-packages/airflow/example_dags/example_setup_teardown.py
[2025-09-21T10:06:16.624+0545] {processor.py:925} INFO - DAG(s) 'example_setup_teardown' retrieved from /home/ashok/miniconda3/envs/mysecondenvironment/lib/python3.8/site-packages/airflow/example_dags/example_setup_teardown.py
[2025-09-21T10:06:16.633+0545] {logging_mixin.py:190} INFO - [2025-09-21T10:06:16.632+0545] {dag.py:3239} INFO - Sync 1 DAGs
[2025-09-21T10:06:16.639+0545] {logging_mixin.py:190} INFO - [2025-09-21T10:06:16.639+0545] {dag.py:4180} INFO - Setting next_dagrun for example_setup_teardown to None, run_after=None
[2025-09-21T10:06:16.655+0545] {processor.py:208} INFO - Processing /home/ashok/miniconda3/envs/mysecondenvironment/lib/python3.8/site-packages/airflow/example_dags/example_setup_teardown.py took 0.043 seconds
[2025-09-21T10:07:11.644+0545] {processor.py:186} INFO - Started process (PID=62680) to work on /home/ashok/miniconda3/envs/mysecondenvironment/lib/python3.8/site-packages/airflow/example_dags/example_setup_teardown.py
[2025-09-21T10:07:11.646+0545] {processor.py:914} INFO - Processing file /home/ashok/miniconda3/envs/mysecondenvironment/lib/python3.8/site-packages/airflow/example_dags/example_setup_teardown.py for tasks to queue
[2025-09-21T10:07:11.648+0545] {logging_mixin.py:190} INFO - [2025-09-21T10:07:11.647+0545] {dagbag.py:588} INFO - Filling up the DagBag from /home/ashok/miniconda3/envs/mysecondenvironment/lib/python3.8/site-packages/airflow/example_dags/example_setup_teardown.py
[2025-09-21T10:07:11.652+0545] {processor.py:925} INFO - DAG(s) 'example_setup_teardown' retrieved from /home/ashok/miniconda3/envs/mysecondenvironment/lib/python3.8/site-packages/airflow/example_dags/example_setup_teardown.py
[2025-09-21T10:07:11.659+0545] {logging_mixin.py:190} INFO - [2025-09-21T10:07:11.659+0545] {dag.py:3239} INFO - Sync 1 DAGs
[2025-09-21T10:07:11.665+0545] {logging_mixin.py:190} INFO - [2025-09-21T10:07:11.665+0545] {dag.py:4180} INFO - Setting next_dagrun for example_setup_teardown to None, run_after=None
[2025-09-21T10:07:11.682+0545] {processor.py:208} INFO - Processing /home/ashok/miniconda3/envs/mysecondenvironment/lib/python3.8/site-packages/airflow/example_dags/example_setup_teardown.py took 0.042 seconds
[2025-09-21T10:08:10.564+0545] {processor.py:186} INFO - Started process (PID=63156) to work on /home/ashok/miniconda3/envs/mysecondenvironment/lib/python3.8/site-packages/airflow/example_dags/example_setup_teardown.py
[2025-09-21T10:08:10.566+0545] {processor.py:914} INFO - Processing file /home/ashok/miniconda3/envs/mysecondenvironment/lib/python3.8/site-packages/airflow/example_dags/example_setup_teardown.py for tasks to queue
[2025-09-21T10:08:10.567+0545] {logging_mixin.py:190} INFO - [2025-09-21T10:08:10.567+0545] {dagbag.py:588} INFO - Filling up the DagBag from /home/ashok/miniconda3/envs/mysecondenvironment/lib/python3.8/site-packages/airflow/example_dags/example_setup_teardown.py
[2025-09-21T10:08:10.572+0545] {processor.py:925} INFO - DAG(s) 'example_setup_teardown' retrieved from /home/ashok/miniconda3/envs/mysecondenvironment/lib/python3.8/site-packages/airflow/example_dags/example_setup_teardown.py
[2025-09-21T10:08:10.581+0545] {logging_mixin.py:190} INFO - [2025-09-21T10:08:10.581+0545] {dag.py:3239} INFO - Sync 1 DAGs
[2025-09-21T10:08:10.588+0545] {logging_mixin.py:190} INFO - [2025-09-21T10:08:10.587+0545] {dag.py:4180} INFO - Setting next_dagrun for example_setup_teardown to None, run_after=None
[2025-09-21T10:08:10.603+0545] {processor.py:208} INFO - Processing /home/ashok/miniconda3/envs/mysecondenvironment/lib/python3.8/site-packages/airflow/example_dags/example_setup_teardown.py took 0.043 seconds
[2025-09-21T10:09:08.447+0545] {processor.py:186} INFO - Started process (PID=63783) to work on /home/ashok/miniconda3/envs/mysecondenvironment/lib/python3.8/site-packages/airflow/example_dags/example_setup_teardown.py
[2025-09-21T10:09:08.448+0545] {processor.py:914} INFO - Processing file /home/ashok/miniconda3/envs/mysecondenvironment/lib/python3.8/site-packages/airflow/example_dags/example_setup_teardown.py for tasks to queue
[2025-09-21T10:09:08.450+0545] {logging_mixin.py:190} INFO - [2025-09-21T10:09:08.450+0545] {dagbag.py:588} INFO - Filling up the DagBag from /home/ashok/miniconda3/envs/mysecondenvironment/lib/python3.8/site-packages/airflow/example_dags/example_setup_teardown.py
[2025-09-21T10:09:08.455+0545] {processor.py:925} INFO - DAG(s) 'example_setup_teardown' retrieved from /home/ashok/miniconda3/envs/mysecondenvironment/lib/python3.8/site-packages/airflow/example_dags/example_setup_teardown.py
[2025-09-21T10:09:08.463+0545] {logging_mixin.py:190} INFO - [2025-09-21T10:09:08.463+0545] {dag.py:3239} INFO - Sync 1 DAGs
[2025-09-21T10:09:08.470+0545] {logging_mixin.py:190} INFO - [2025-09-21T10:09:08.470+0545] {dag.py:4180} INFO - Setting next_dagrun for example_setup_teardown to None, run_after=None
[2025-09-21T10:09:08.484+0545] {processor.py:208} INFO - Processing /home/ashok/miniconda3/envs/mysecondenvironment/lib/python3.8/site-packages/airflow/example_dags/example_setup_teardown.py took 0.041 seconds
[2025-09-21T10:10:00.472+0545] {processor.py:186} INFO - Started process (PID=64266) to work on /home/ashok/miniconda3/envs/mysecondenvironment/lib/python3.8/site-packages/airflow/example_dags/example_setup_teardown.py
[2025-09-21T10:10:00.475+0545] {processor.py:914} INFO - Processing file /home/ashok/miniconda3/envs/mysecondenvironment/lib/python3.8/site-packages/airflow/example_dags/example_setup_teardown.py for tasks to queue
[2025-09-21T10:10:00.476+0545] {logging_mixin.py:190} INFO - [2025-09-21T10:10:00.476+0545] {dagbag.py:588} INFO - Filling up the DagBag from /home/ashok/miniconda3/envs/mysecondenvironment/lib/python3.8/site-packages/airflow/example_dags/example_setup_teardown.py
[2025-09-21T10:10:00.481+0545] {processor.py:925} INFO - DAG(s) 'example_setup_teardown' retrieved from /home/ashok/miniconda3/envs/mysecondenvironment/lib/python3.8/site-packages/airflow/example_dags/example_setup_teardown.py
[2025-09-21T10:10:00.489+0545] {logging_mixin.py:190} INFO - [2025-09-21T10:10:00.488+0545] {dag.py:3239} INFO - Sync 1 DAGs
[2025-09-21T10:10:00.494+0545] {logging_mixin.py:190} INFO - [2025-09-21T10:10:00.494+0545] {dag.py:4180} INFO - Setting next_dagrun for example_setup_teardown to None, run_after=None
[2025-09-21T10:10:00.512+0545] {processor.py:208} INFO - Processing /home/ashok/miniconda3/envs/mysecondenvironment/lib/python3.8/site-packages/airflow/example_dags/example_setup_teardown.py took 0.043 seconds
[2025-09-21T10:10:57.061+0545] {processor.py:186} INFO - Started process (PID=64803) to work on /home/ashok/miniconda3/envs/mysecondenvironment/lib/python3.8/site-packages/airflow/example_dags/example_setup_teardown.py
[2025-09-21T10:10:57.062+0545] {processor.py:914} INFO - Processing file /home/ashok/miniconda3/envs/mysecondenvironment/lib/python3.8/site-packages/airflow/example_dags/example_setup_teardown.py for tasks to queue
[2025-09-21T10:10:57.064+0545] {logging_mixin.py:190} INFO - [2025-09-21T10:10:57.064+0545] {dagbag.py:588} INFO - Filling up the DagBag from /home/ashok/miniconda3/envs/mysecondenvironment/lib/python3.8/site-packages/airflow/example_dags/example_setup_teardown.py
[2025-09-21T10:10:57.069+0545] {processor.py:925} INFO - DAG(s) 'example_setup_teardown' retrieved from /home/ashok/miniconda3/envs/mysecondenvironment/lib/python3.8/site-packages/airflow/example_dags/example_setup_teardown.py
[2025-09-21T10:10:57.079+0545] {logging_mixin.py:190} INFO - [2025-09-21T10:10:57.078+0545] {dag.py:3239} INFO - Sync 1 DAGs
[2025-09-21T10:10:57.084+0545] {logging_mixin.py:190} INFO - [2025-09-21T10:10:57.084+0545] {dag.py:4180} INFO - Setting next_dagrun for example_setup_teardown to None, run_after=None
[2025-09-21T10:10:57.100+0545] {processor.py:208} INFO - Processing /home/ashok/miniconda3/envs/mysecondenvironment/lib/python3.8/site-packages/airflow/example_dags/example_setup_teardown.py took 0.042 seconds
[2025-09-21T10:11:52.006+0545] {processor.py:186} INFO - Started process (PID=65247) to work on /home/ashok/miniconda3/envs/mysecondenvironment/lib/python3.8/site-packages/airflow/example_dags/example_setup_teardown.py
[2025-09-21T10:11:52.008+0545] {processor.py:914} INFO - Processing file /home/ashok/miniconda3/envs/mysecondenvironment/lib/python3.8/site-packages/airflow/example_dags/example_setup_teardown.py for tasks to queue
[2025-09-21T10:11:52.009+0545] {logging_mixin.py:190} INFO - [2025-09-21T10:11:52.009+0545] {dagbag.py:588} INFO - Filling up the DagBag from /home/ashok/miniconda3/envs/mysecondenvironment/lib/python3.8/site-packages/airflow/example_dags/example_setup_teardown.py
[2025-09-21T10:11:52.014+0545] {processor.py:925} INFO - DAG(s) 'example_setup_teardown' retrieved from /home/ashok/miniconda3/envs/mysecondenvironment/lib/python3.8/site-packages/airflow/example_dags/example_setup_teardown.py
[2025-09-21T10:11:52.022+0545] {logging_mixin.py:190} INFO - [2025-09-21T10:11:52.022+0545] {dag.py:3239} INFO - Sync 1 DAGs
[2025-09-21T10:11:52.027+0545] {logging_mixin.py:190} INFO - [2025-09-21T10:11:52.027+0545] {dag.py:4180} INFO - Setting next_dagrun for example_setup_teardown to None, run_after=None
[2025-09-21T10:11:52.043+0545] {processor.py:208} INFO - Processing /home/ashok/miniconda3/envs/mysecondenvironment/lib/python3.8/site-packages/airflow/example_dags/example_setup_teardown.py took 0.040 seconds
[2025-09-21T10:12:46.209+0545] {processor.py:186} INFO - Started process (PID=65619) to work on /home/ashok/miniconda3/envs/mysecondenvironment/lib/python3.8/site-packages/airflow/example_dags/example_setup_teardown.py
[2025-09-21T10:12:46.212+0545] {processor.py:914} INFO - Processing file /home/ashok/miniconda3/envs/mysecondenvironment/lib/python3.8/site-packages/airflow/example_dags/example_setup_teardown.py for tasks to queue
[2025-09-21T10:12:46.213+0545] {logging_mixin.py:190} INFO - [2025-09-21T10:12:46.213+0545] {dagbag.py:588} INFO - Filling up the DagBag from /home/ashok/miniconda3/envs/mysecondenvironment/lib/python3.8/site-packages/airflow/example_dags/example_setup_teardown.py
[2025-09-21T10:12:46.218+0545] {processor.py:925} INFO - DAG(s) 'example_setup_teardown' retrieved from /home/ashok/miniconda3/envs/mysecondenvironment/lib/python3.8/site-packages/airflow/example_dags/example_setup_teardown.py
[2025-09-21T10:12:46.226+0545] {logging_mixin.py:190} INFO - [2025-09-21T10:12:46.226+0545] {dag.py:3239} INFO - Sync 1 DAGs
[2025-09-21T10:12:46.232+0545] {logging_mixin.py:190} INFO - [2025-09-21T10:12:46.232+0545] {dag.py:4180} INFO - Setting next_dagrun for example_setup_teardown to None, run_after=None
[2025-09-21T10:12:46.249+0545] {processor.py:208} INFO - Processing /home/ashok/miniconda3/envs/mysecondenvironment/lib/python3.8/site-packages/airflow/example_dags/example_setup_teardown.py took 0.044 seconds
[2025-09-21T10:13:43.502+0545] {processor.py:186} INFO - Started process (PID=66122) to work on /home/ashok/miniconda3/envs/mysecondenvironment/lib/python3.8/site-packages/airflow/example_dags/example_setup_teardown.py
[2025-09-21T10:13:43.504+0545] {processor.py:914} INFO - Processing file /home/ashok/miniconda3/envs/mysecondenvironment/lib/python3.8/site-packages/airflow/example_dags/example_setup_teardown.py for tasks to queue
[2025-09-21T10:13:43.506+0545] {logging_mixin.py:190} INFO - [2025-09-21T10:13:43.506+0545] {dagbag.py:588} INFO - Filling up the DagBag from /home/ashok/miniconda3/envs/mysecondenvironment/lib/python3.8/site-packages/airflow/example_dags/example_setup_teardown.py
[2025-09-21T10:13:43.511+0545] {processor.py:925} INFO - DAG(s) 'example_setup_teardown' retrieved from /home/ashok/miniconda3/envs/mysecondenvironment/lib/python3.8/site-packages/airflow/example_dags/example_setup_teardown.py
[2025-09-21T10:13:43.522+0545] {logging_mixin.py:190} INFO - [2025-09-21T10:13:43.521+0545] {dag.py:3239} INFO - Sync 1 DAGs
[2025-09-21T10:13:43.528+0545] {logging_mixin.py:190} INFO - [2025-09-21T10:13:43.528+0545] {dag.py:4180} INFO - Setting next_dagrun for example_setup_teardown to None, run_after=None
[2025-09-21T10:13:43.545+0545] {processor.py:208} INFO - Processing /home/ashok/miniconda3/envs/mysecondenvironment/lib/python3.8/site-packages/airflow/example_dags/example_setup_teardown.py took 0.048 seconds
