[2025-09-21T08:37:39.303+0545] {processor.py:186} INFO - Started process (PID=24140) to work on /home/ashok/miniconda3/envs/mysecondenvironment/lib/python3.8/site-packages/airflow/example_dags/example_bash_operator.py
[2025-09-21T08:37:39.304+0545] {processor.py:914} INFO - Processing file /home/ashok/miniconda3/envs/mysecondenvironment/lib/python3.8/site-packages/airflow/example_dags/example_bash_operator.py for tasks to queue
[2025-09-21T08:37:39.305+0545] {logging_mixin.py:190} INFO - [2025-09-21T08:37:39.305+0545] {dagbag.py:588} INFO - Filling up the DagBag from /home/ashok/miniconda3/envs/mysecondenvironment/lib/python3.8/site-packages/airflow/example_dags/example_bash_operator.py
[2025-09-21T08:37:39.312+0545] {processor.py:925} INFO - DAG(s) 'example_bash_operator' retrieved from /home/ashok/miniconda3/envs/mysecondenvironment/lib/python3.8/site-packages/airflow/example_dags/example_bash_operator.py
[2025-09-21T08:37:39.323+0545] {logging_mixin.py:190} INFO - [2025-09-21T08:37:39.323+0545] {dag.py:3239} INFO - Sync 1 DAGs
[2025-09-21T08:37:39.332+0545] {logging_mixin.py:190} INFO - [2025-09-21T08:37:39.332+0545] {dag.py:4180} INFO - Setting next_dagrun for example_bash_operator to 2025-09-20 00:00:00+00:00, run_after=2025-09-21 00:00:00+00:00
[2025-09-21T08:37:39.352+0545] {processor.py:208} INFO - Processing /home/ashok/miniconda3/envs/mysecondenvironment/lib/python3.8/site-packages/airflow/example_dags/example_bash_operator.py took 0.052 seconds
[2025-09-21T08:40:35.955+0545] {processor.py:186} INFO - Started process (PID=26517) to work on /home/ashok/miniconda3/envs/mysecondenvironment/lib/python3.8/site-packages/airflow/example_dags/example_bash_operator.py
[2025-09-21T08:40:35.957+0545] {processor.py:914} INFO - Processing file /home/ashok/miniconda3/envs/mysecondenvironment/lib/python3.8/site-packages/airflow/example_dags/example_bash_operator.py for tasks to queue
[2025-09-21T08:40:35.958+0545] {logging_mixin.py:190} INFO - [2025-09-21T08:40:35.958+0545] {dagbag.py:588} INFO - Filling up the DagBag from /home/ashok/miniconda3/envs/mysecondenvironment/lib/python3.8/site-packages/airflow/example_dags/example_bash_operator.py
[2025-09-21T08:40:35.968+0545] {processor.py:925} INFO - DAG(s) 'example_bash_operator' retrieved from /home/ashok/miniconda3/envs/mysecondenvironment/lib/python3.8/site-packages/airflow/example_dags/example_bash_operator.py
[2025-09-21T08:40:35.978+0545] {logging_mixin.py:190} INFO - [2025-09-21T08:40:35.978+0545] {dag.py:3239} INFO - Sync 1 DAGs
[2025-09-21T08:40:35.987+0545] {logging_mixin.py:190} INFO - [2025-09-21T08:40:35.987+0545] {dag.py:4180} INFO - Setting next_dagrun for example_bash_operator to 2025-09-20 00:00:00+00:00, run_after=2025-09-21 00:00:00+00:00
[2025-09-21T08:40:36.004+0545] {processor.py:208} INFO - Processing /home/ashok/miniconda3/envs/mysecondenvironment/lib/python3.8/site-packages/airflow/example_dags/example_bash_operator.py took 0.054 seconds
[2025-09-21T08:41:37.910+0545] {processor.py:186} INFO - Started process (PID=26940) to work on /home/ashok/miniconda3/envs/mysecondenvironment/lib/python3.8/site-packages/airflow/example_dags/example_bash_operator.py
[2025-09-21T08:41:37.912+0545] {processor.py:914} INFO - Processing file /home/ashok/miniconda3/envs/mysecondenvironment/lib/python3.8/site-packages/airflow/example_dags/example_bash_operator.py for tasks to queue
[2025-09-21T08:41:37.914+0545] {logging_mixin.py:190} INFO - [2025-09-21T08:41:37.914+0545] {dagbag.py:588} INFO - Filling up the DagBag from /home/ashok/miniconda3/envs/mysecondenvironment/lib/python3.8/site-packages/airflow/example_dags/example_bash_operator.py
[2025-09-21T08:41:37.921+0545] {processor.py:925} INFO - DAG(s) 'example_bash_operator' retrieved from /home/ashok/miniconda3/envs/mysecondenvironment/lib/python3.8/site-packages/airflow/example_dags/example_bash_operator.py
[2025-09-21T08:41:37.931+0545] {logging_mixin.py:190} INFO - [2025-09-21T08:41:37.931+0545] {dag.py:3239} INFO - Sync 1 DAGs
[2025-09-21T08:41:37.940+0545] {logging_mixin.py:190} INFO - [2025-09-21T08:41:37.940+0545] {dag.py:4180} INFO - Setting next_dagrun for example_bash_operator to 2025-09-20 00:00:00+00:00, run_after=2025-09-21 00:00:00+00:00
[2025-09-21T08:41:37.959+0545] {processor.py:208} INFO - Processing /home/ashok/miniconda3/envs/mysecondenvironment/lib/python3.8/site-packages/airflow/example_dags/example_bash_operator.py took 0.053 seconds
[2025-09-21T08:42:34.083+0545] {processor.py:186} INFO - Started process (PID=27425) to work on /home/ashok/miniconda3/envs/mysecondenvironment/lib/python3.8/site-packages/airflow/example_dags/example_bash_operator.py
[2025-09-21T08:42:34.085+0545] {processor.py:914} INFO - Processing file /home/ashok/miniconda3/envs/mysecondenvironment/lib/python3.8/site-packages/airflow/example_dags/example_bash_operator.py for tasks to queue
[2025-09-21T08:42:34.086+0545] {logging_mixin.py:190} INFO - [2025-09-21T08:42:34.086+0545] {dagbag.py:588} INFO - Filling up the DagBag from /home/ashok/miniconda3/envs/mysecondenvironment/lib/python3.8/site-packages/airflow/example_dags/example_bash_operator.py
[2025-09-21T08:42:34.095+0545] {processor.py:925} INFO - DAG(s) 'example_bash_operator' retrieved from /home/ashok/miniconda3/envs/mysecondenvironment/lib/python3.8/site-packages/airflow/example_dags/example_bash_operator.py
[2025-09-21T08:42:34.106+0545] {logging_mixin.py:190} INFO - [2025-09-21T08:42:34.106+0545] {dag.py:3239} INFO - Sync 1 DAGs
[2025-09-21T08:42:34.115+0545] {logging_mixin.py:190} INFO - [2025-09-21T08:42:34.115+0545] {dag.py:4180} INFO - Setting next_dagrun for example_bash_operator to 2025-09-20 00:00:00+00:00, run_after=2025-09-21 00:00:00+00:00
[2025-09-21T08:42:34.130+0545] {processor.py:208} INFO - Processing /home/ashok/miniconda3/envs/mysecondenvironment/lib/python3.8/site-packages/airflow/example_dags/example_bash_operator.py took 0.051 seconds
[2025-09-21T08:43:54.922+0545] {processor.py:186} INFO - Started process (PID=27960) to work on /home/ashok/miniconda3/envs/mysecondenvironment/lib/python3.8/site-packages/airflow/example_dags/example_bash_operator.py
[2025-09-21T08:43:54.924+0545] {processor.py:914} INFO - Processing file /home/ashok/miniconda3/envs/mysecondenvironment/lib/python3.8/site-packages/airflow/example_dags/example_bash_operator.py for tasks to queue
[2025-09-21T08:43:54.927+0545] {logging_mixin.py:190} INFO - [2025-09-21T08:43:54.926+0545] {dagbag.py:588} INFO - Filling up the DagBag from /home/ashok/miniconda3/envs/mysecondenvironment/lib/python3.8/site-packages/airflow/example_dags/example_bash_operator.py
[2025-09-21T08:43:54.935+0545] {processor.py:925} INFO - DAG(s) 'example_bash_operator' retrieved from /home/ashok/miniconda3/envs/mysecondenvironment/lib/python3.8/site-packages/airflow/example_dags/example_bash_operator.py
[2025-09-21T08:43:54.946+0545] {logging_mixin.py:190} INFO - [2025-09-21T08:43:54.946+0545] {dag.py:3239} INFO - Sync 1 DAGs
[2025-09-21T08:43:54.955+0545] {logging_mixin.py:190} INFO - [2025-09-21T08:43:54.955+0545] {dag.py:4180} INFO - Setting next_dagrun for example_bash_operator to 2025-09-20 00:00:00+00:00, run_after=2025-09-21 00:00:00+00:00
[2025-09-21T08:43:54.970+0545] {processor.py:208} INFO - Processing /home/ashok/miniconda3/envs/mysecondenvironment/lib/python3.8/site-packages/airflow/example_dags/example_bash_operator.py took 0.052 seconds
[2025-09-21T08:44:54.342+0545] {processor.py:186} INFO - Started process (PID=28342) to work on /home/ashok/miniconda3/envs/mysecondenvironment/lib/python3.8/site-packages/airflow/example_dags/example_bash_operator.py
[2025-09-21T08:44:54.344+0545] {processor.py:914} INFO - Processing file /home/ashok/miniconda3/envs/mysecondenvironment/lib/python3.8/site-packages/airflow/example_dags/example_bash_operator.py for tasks to queue
[2025-09-21T08:44:54.345+0545] {logging_mixin.py:190} INFO - [2025-09-21T08:44:54.345+0545] {dagbag.py:588} INFO - Filling up the DagBag from /home/ashok/miniconda3/envs/mysecondenvironment/lib/python3.8/site-packages/airflow/example_dags/example_bash_operator.py
[2025-09-21T08:44:54.352+0545] {processor.py:925} INFO - DAG(s) 'example_bash_operator' retrieved from /home/ashok/miniconda3/envs/mysecondenvironment/lib/python3.8/site-packages/airflow/example_dags/example_bash_operator.py
[2025-09-21T08:44:54.363+0545] {logging_mixin.py:190} INFO - [2025-09-21T08:44:54.363+0545] {dag.py:3239} INFO - Sync 1 DAGs
[2025-09-21T08:44:54.372+0545] {logging_mixin.py:190} INFO - [2025-09-21T08:44:54.372+0545] {dag.py:4180} INFO - Setting next_dagrun for example_bash_operator to 2025-09-20 00:00:00+00:00, run_after=2025-09-21 00:00:00+00:00
[2025-09-21T08:44:54.388+0545] {processor.py:208} INFO - Processing /home/ashok/miniconda3/envs/mysecondenvironment/lib/python3.8/site-packages/airflow/example_dags/example_bash_operator.py took 0.050 seconds
[2025-09-21T08:45:54.764+0545] {processor.py:186} INFO - Started process (PID=28765) to work on /home/ashok/miniconda3/envs/mysecondenvironment/lib/python3.8/site-packages/airflow/example_dags/example_bash_operator.py
[2025-09-21T08:45:54.766+0545] {processor.py:914} INFO - Processing file /home/ashok/miniconda3/envs/mysecondenvironment/lib/python3.8/site-packages/airflow/example_dags/example_bash_operator.py for tasks to queue
[2025-09-21T08:45:54.767+0545] {logging_mixin.py:190} INFO - [2025-09-21T08:45:54.767+0545] {dagbag.py:588} INFO - Filling up the DagBag from /home/ashok/miniconda3/envs/mysecondenvironment/lib/python3.8/site-packages/airflow/example_dags/example_bash_operator.py
[2025-09-21T08:45:54.775+0545] {processor.py:925} INFO - DAG(s) 'example_bash_operator' retrieved from /home/ashok/miniconda3/envs/mysecondenvironment/lib/python3.8/site-packages/airflow/example_dags/example_bash_operator.py
[2025-09-21T08:45:54.785+0545] {logging_mixin.py:190} INFO - [2025-09-21T08:45:54.785+0545] {dag.py:3239} INFO - Sync 1 DAGs
[2025-09-21T08:45:54.794+0545] {logging_mixin.py:190} INFO - [2025-09-21T08:45:54.794+0545] {dag.py:4180} INFO - Setting next_dagrun for example_bash_operator to 2025-09-20 00:00:00+00:00, run_after=2025-09-21 00:00:00+00:00
[2025-09-21T08:45:54.811+0545] {processor.py:208} INFO - Processing /home/ashok/miniconda3/envs/mysecondenvironment/lib/python3.8/site-packages/airflow/example_dags/example_bash_operator.py took 0.051 seconds
[2025-09-21T08:46:51.731+0545] {processor.py:186} INFO - Started process (PID=29184) to work on /home/ashok/miniconda3/envs/mysecondenvironment/lib/python3.8/site-packages/airflow/example_dags/example_bash_operator.py
[2025-09-21T08:46:51.732+0545] {processor.py:914} INFO - Processing file /home/ashok/miniconda3/envs/mysecondenvironment/lib/python3.8/site-packages/airflow/example_dags/example_bash_operator.py for tasks to queue
[2025-09-21T08:46:51.734+0545] {logging_mixin.py:190} INFO - [2025-09-21T08:46:51.733+0545] {dagbag.py:588} INFO - Filling up the DagBag from /home/ashok/miniconda3/envs/mysecondenvironment/lib/python3.8/site-packages/airflow/example_dags/example_bash_operator.py
[2025-09-21T08:46:51.743+0545] {processor.py:925} INFO - DAG(s) 'example_bash_operator' retrieved from /home/ashok/miniconda3/envs/mysecondenvironment/lib/python3.8/site-packages/airflow/example_dags/example_bash_operator.py
[2025-09-21T08:46:51.754+0545] {logging_mixin.py:190} INFO - [2025-09-21T08:46:51.754+0545] {dag.py:3239} INFO - Sync 1 DAGs
[2025-09-21T08:46:51.764+0545] {logging_mixin.py:190} INFO - [2025-09-21T08:46:51.764+0545] {dag.py:4180} INFO - Setting next_dagrun for example_bash_operator to 2025-09-20 00:00:00+00:00, run_after=2025-09-21 00:00:00+00:00
[2025-09-21T08:46:51.780+0545] {processor.py:208} INFO - Processing /home/ashok/miniconda3/envs/mysecondenvironment/lib/python3.8/site-packages/airflow/example_dags/example_bash_operator.py took 0.052 seconds
[2025-09-21T09:44:10.848+0545] {processor.py:186} INFO - Started process (PID=49762) to work on /home/ashok/miniconda3/envs/mysecondenvironment/lib/python3.8/site-packages/airflow/example_dags/example_bash_operator.py
[2025-09-21T09:44:10.849+0545] {processor.py:914} INFO - Processing file /home/ashok/miniconda3/envs/mysecondenvironment/lib/python3.8/site-packages/airflow/example_dags/example_bash_operator.py for tasks to queue
[2025-09-21T09:44:10.851+0545] {logging_mixin.py:190} INFO - [2025-09-21T09:44:10.850+0545] {dagbag.py:588} INFO - Filling up the DagBag from /home/ashok/miniconda3/envs/mysecondenvironment/lib/python3.8/site-packages/airflow/example_dags/example_bash_operator.py
[2025-09-21T09:44:10.860+0545] {processor.py:925} INFO - DAG(s) 'example_bash_operator' retrieved from /home/ashok/miniconda3/envs/mysecondenvironment/lib/python3.8/site-packages/airflow/example_dags/example_bash_operator.py
[2025-09-21T09:44:10.873+0545] {logging_mixin.py:190} INFO - [2025-09-21T09:44:10.873+0545] {dag.py:3239} INFO - Sync 1 DAGs
[2025-09-21T09:44:10.884+0545] {logging_mixin.py:190} INFO - [2025-09-21T09:44:10.884+0545] {dag.py:4180} INFO - Setting next_dagrun for example_bash_operator to 2025-09-20 00:00:00+00:00, run_after=2025-09-21 00:00:00+00:00
[2025-09-21T09:44:10.901+0545] {processor.py:208} INFO - Processing /home/ashok/miniconda3/envs/mysecondenvironment/lib/python3.8/site-packages/airflow/example_dags/example_bash_operator.py took 0.057 seconds
[2025-09-21T09:47:25.903+0545] {processor.py:186} INFO - Started process (PID=52343) to work on /home/ashok/miniconda3/envs/mysecondenvironment/lib/python3.8/site-packages/airflow/example_dags/example_bash_operator.py
[2025-09-21T09:47:25.905+0545] {processor.py:914} INFO - Processing file /home/ashok/miniconda3/envs/mysecondenvironment/lib/python3.8/site-packages/airflow/example_dags/example_bash_operator.py for tasks to queue
[2025-09-21T09:47:25.907+0545] {logging_mixin.py:190} INFO - [2025-09-21T09:47:25.906+0545] {dagbag.py:588} INFO - Filling up the DagBag from /home/ashok/miniconda3/envs/mysecondenvironment/lib/python3.8/site-packages/airflow/example_dags/example_bash_operator.py
[2025-09-21T09:47:25.914+0545] {processor.py:925} INFO - DAG(s) 'example_bash_operator' retrieved from /home/ashok/miniconda3/envs/mysecondenvironment/lib/python3.8/site-packages/airflow/example_dags/example_bash_operator.py
[2025-09-21T09:47:25.926+0545] {logging_mixin.py:190} INFO - [2025-09-21T09:47:25.926+0545] {dag.py:3239} INFO - Sync 1 DAGs
[2025-09-21T09:47:25.936+0545] {logging_mixin.py:190} INFO - [2025-09-21T09:47:25.936+0545] {dag.py:4180} INFO - Setting next_dagrun for example_bash_operator to 2025-09-20 00:00:00+00:00, run_after=2025-09-21 00:00:00+00:00
[2025-09-21T09:47:25.954+0545] {processor.py:208} INFO - Processing /home/ashok/miniconda3/envs/mysecondenvironment/lib/python3.8/site-packages/airflow/example_dags/example_bash_operator.py took 0.055 seconds
[2025-09-21T09:48:23.549+0545] {processor.py:186} INFO - Started process (PID=52725) to work on /home/ashok/miniconda3/envs/mysecondenvironment/lib/python3.8/site-packages/airflow/example_dags/example_bash_operator.py
[2025-09-21T09:48:23.550+0545] {processor.py:914} INFO - Processing file /home/ashok/miniconda3/envs/mysecondenvironment/lib/python3.8/site-packages/airflow/example_dags/example_bash_operator.py for tasks to queue
[2025-09-21T09:48:23.551+0545] {logging_mixin.py:190} INFO - [2025-09-21T09:48:23.551+0545] {dagbag.py:588} INFO - Filling up the DagBag from /home/ashok/miniconda3/envs/mysecondenvironment/lib/python3.8/site-packages/airflow/example_dags/example_bash_operator.py
[2025-09-21T09:48:23.559+0545] {processor.py:925} INFO - DAG(s) 'example_bash_operator' retrieved from /home/ashok/miniconda3/envs/mysecondenvironment/lib/python3.8/site-packages/airflow/example_dags/example_bash_operator.py
[2025-09-21T09:48:23.571+0545] {logging_mixin.py:190} INFO - [2025-09-21T09:48:23.570+0545] {dag.py:3239} INFO - Sync 1 DAGs
[2025-09-21T09:48:23.582+0545] {logging_mixin.py:190} INFO - [2025-09-21T09:48:23.581+0545] {dag.py:4180} INFO - Setting next_dagrun for example_bash_operator to 2025-09-20 00:00:00+00:00, run_after=2025-09-21 00:00:00+00:00
[2025-09-21T09:48:23.598+0545] {processor.py:208} INFO - Processing /home/ashok/miniconda3/envs/mysecondenvironment/lib/python3.8/site-packages/airflow/example_dags/example_bash_operator.py took 0.053 seconds
[2025-09-21T09:49:53.732+0545] {processor.py:186} INFO - Started process (PID=53445) to work on /home/ashok/miniconda3/envs/mysecondenvironment/lib/python3.8/site-packages/airflow/example_dags/example_bash_operator.py
[2025-09-21T09:49:53.734+0545] {processor.py:914} INFO - Processing file /home/ashok/miniconda3/envs/mysecondenvironment/lib/python3.8/site-packages/airflow/example_dags/example_bash_operator.py for tasks to queue
[2025-09-21T09:49:53.737+0545] {logging_mixin.py:190} INFO - [2025-09-21T09:49:53.737+0545] {dagbag.py:588} INFO - Filling up the DagBag from /home/ashok/miniconda3/envs/mysecondenvironment/lib/python3.8/site-packages/airflow/example_dags/example_bash_operator.py
[2025-09-21T09:49:53.747+0545] {processor.py:925} INFO - DAG(s) 'example_bash_operator' retrieved from /home/ashok/miniconda3/envs/mysecondenvironment/lib/python3.8/site-packages/airflow/example_dags/example_bash_operator.py
[2025-09-21T09:49:53.763+0545] {logging_mixin.py:190} INFO - [2025-09-21T09:49:53.763+0545] {dag.py:3239} INFO - Sync 1 DAGs
[2025-09-21T09:49:53.775+0545] {logging_mixin.py:190} INFO - [2025-09-21T09:49:53.775+0545] {dag.py:4180} INFO - Setting next_dagrun for example_bash_operator to 2025-09-20 00:00:00+00:00, run_after=2025-09-21 00:00:00+00:00
[2025-09-21T09:49:53.794+0545] {processor.py:208} INFO - Processing /home/ashok/miniconda3/envs/mysecondenvironment/lib/python3.8/site-packages/airflow/example_dags/example_bash_operator.py took 0.068 seconds
[2025-09-21T09:50:51.125+0545] {processor.py:186} INFO - Started process (PID=53853) to work on /home/ashok/miniconda3/envs/mysecondenvironment/lib/python3.8/site-packages/airflow/example_dags/example_bash_operator.py
[2025-09-21T09:50:51.127+0545] {processor.py:914} INFO - Processing file /home/ashok/miniconda3/envs/mysecondenvironment/lib/python3.8/site-packages/airflow/example_dags/example_bash_operator.py for tasks to queue
[2025-09-21T09:50:51.129+0545] {logging_mixin.py:190} INFO - [2025-09-21T09:50:51.128+0545] {dagbag.py:588} INFO - Filling up the DagBag from /home/ashok/miniconda3/envs/mysecondenvironment/lib/python3.8/site-packages/airflow/example_dags/example_bash_operator.py
[2025-09-21T09:50:51.136+0545] {processor.py:925} INFO - DAG(s) 'example_bash_operator' retrieved from /home/ashok/miniconda3/envs/mysecondenvironment/lib/python3.8/site-packages/airflow/example_dags/example_bash_operator.py
[2025-09-21T09:50:51.150+0545] {logging_mixin.py:190} INFO - [2025-09-21T09:50:51.150+0545] {dag.py:3239} INFO - Sync 1 DAGs
[2025-09-21T09:50:51.160+0545] {logging_mixin.py:190} INFO - [2025-09-21T09:50:51.160+0545] {dag.py:4180} INFO - Setting next_dagrun for example_bash_operator to 2025-09-20 00:00:00+00:00, run_after=2025-09-21 00:00:00+00:00
[2025-09-21T09:50:51.177+0545] {processor.py:208} INFO - Processing /home/ashok/miniconda3/envs/mysecondenvironment/lib/python3.8/site-packages/airflow/example_dags/example_bash_operator.py took 0.056 seconds
[2025-09-21T09:54:14.566+0545] {processor.py:186} INFO - Started process (PID=56237) to work on /home/ashok/miniconda3/envs/mysecondenvironment/lib/python3.8/site-packages/airflow/example_dags/example_bash_operator.py
[2025-09-21T09:54:14.568+0545] {processor.py:914} INFO - Processing file /home/ashok/miniconda3/envs/mysecondenvironment/lib/python3.8/site-packages/airflow/example_dags/example_bash_operator.py for tasks to queue
[2025-09-21T09:54:14.569+0545] {logging_mixin.py:190} INFO - [2025-09-21T09:54:14.569+0545] {dagbag.py:588} INFO - Filling up the DagBag from /home/ashok/miniconda3/envs/mysecondenvironment/lib/python3.8/site-packages/airflow/example_dags/example_bash_operator.py
[2025-09-21T09:54:14.576+0545] {processor.py:925} INFO - DAG(s) 'example_bash_operator' retrieved from /home/ashok/miniconda3/envs/mysecondenvironment/lib/python3.8/site-packages/airflow/example_dags/example_bash_operator.py
[2025-09-21T09:54:14.586+0545] {logging_mixin.py:190} INFO - [2025-09-21T09:54:14.586+0545] {dag.py:3239} INFO - Sync 1 DAGs
[2025-09-21T09:54:14.594+0545] {logging_mixin.py:190} INFO - [2025-09-21T09:54:14.594+0545] {dag.py:4180} INFO - Setting next_dagrun for example_bash_operator to 2025-09-20 00:00:00+00:00, run_after=2025-09-21 00:00:00+00:00
[2025-09-21T09:54:14.611+0545] {processor.py:208} INFO - Processing /home/ashok/miniconda3/envs/mysecondenvironment/lib/python3.8/site-packages/airflow/example_dags/example_bash_operator.py took 0.049 seconds
[2025-09-21T09:55:12.026+0545] {processor.py:186} INFO - Started process (PID=56663) to work on /home/ashok/miniconda3/envs/mysecondenvironment/lib/python3.8/site-packages/airflow/example_dags/example_bash_operator.py
[2025-09-21T09:55:12.027+0545] {processor.py:914} INFO - Processing file /home/ashok/miniconda3/envs/mysecondenvironment/lib/python3.8/site-packages/airflow/example_dags/example_bash_operator.py for tasks to queue
[2025-09-21T09:55:12.029+0545] {logging_mixin.py:190} INFO - [2025-09-21T09:55:12.029+0545] {dagbag.py:588} INFO - Filling up the DagBag from /home/ashok/miniconda3/envs/mysecondenvironment/lib/python3.8/site-packages/airflow/example_dags/example_bash_operator.py
[2025-09-21T09:55:12.037+0545] {processor.py:925} INFO - DAG(s) 'example_bash_operator' retrieved from /home/ashok/miniconda3/envs/mysecondenvironment/lib/python3.8/site-packages/airflow/example_dags/example_bash_operator.py
[2025-09-21T09:55:12.049+0545] {logging_mixin.py:190} INFO - [2025-09-21T09:55:12.049+0545] {dag.py:3239} INFO - Sync 1 DAGs
[2025-09-21T09:55:12.061+0545] {logging_mixin.py:190} INFO - [2025-09-21T09:55:12.061+0545] {dag.py:4180} INFO - Setting next_dagrun for example_bash_operator to 2025-09-20 00:00:00+00:00, run_after=2025-09-21 00:00:00+00:00
[2025-09-21T09:55:12.077+0545] {processor.py:208} INFO - Processing /home/ashok/miniconda3/envs/mysecondenvironment/lib/python3.8/site-packages/airflow/example_dags/example_bash_operator.py took 0.054 seconds
[2025-09-21T09:56:10.364+0545] {processor.py:186} INFO - Started process (PID=57145) to work on /home/ashok/miniconda3/envs/mysecondenvironment/lib/python3.8/site-packages/airflow/example_dags/example_bash_operator.py
[2025-09-21T09:56:10.366+0545] {processor.py:914} INFO - Processing file /home/ashok/miniconda3/envs/mysecondenvironment/lib/python3.8/site-packages/airflow/example_dags/example_bash_operator.py for tasks to queue
[2025-09-21T09:56:10.367+0545] {logging_mixin.py:190} INFO - [2025-09-21T09:56:10.367+0545] {dagbag.py:588} INFO - Filling up the DagBag from /home/ashok/miniconda3/envs/mysecondenvironment/lib/python3.8/site-packages/airflow/example_dags/example_bash_operator.py
[2025-09-21T09:56:10.374+0545] {processor.py:925} INFO - DAG(s) 'example_bash_operator' retrieved from /home/ashok/miniconda3/envs/mysecondenvironment/lib/python3.8/site-packages/airflow/example_dags/example_bash_operator.py
[2025-09-21T09:56:10.385+0545] {logging_mixin.py:190} INFO - [2025-09-21T09:56:10.385+0545] {dag.py:3239} INFO - Sync 1 DAGs
[2025-09-21T09:56:10.394+0545] {logging_mixin.py:190} INFO - [2025-09-21T09:56:10.394+0545] {dag.py:4180} INFO - Setting next_dagrun for example_bash_operator to 2025-09-20 00:00:00+00:00, run_after=2025-09-21 00:00:00+00:00
[2025-09-21T09:56:10.411+0545] {processor.py:208} INFO - Processing /home/ashok/miniconda3/envs/mysecondenvironment/lib/python3.8/site-packages/airflow/example_dags/example_bash_operator.py took 0.050 seconds
[2025-09-21T09:57:30.516+0545] {processor.py:186} INFO - Started process (PID=57680) to work on /home/ashok/miniconda3/envs/mysecondenvironment/lib/python3.8/site-packages/airflow/example_dags/example_bash_operator.py
[2025-09-21T09:57:30.517+0545] {processor.py:914} INFO - Processing file /home/ashok/miniconda3/envs/mysecondenvironment/lib/python3.8/site-packages/airflow/example_dags/example_bash_operator.py for tasks to queue
[2025-09-21T09:57:30.520+0545] {logging_mixin.py:190} INFO - [2025-09-21T09:57:30.519+0545] {dagbag.py:588} INFO - Filling up the DagBag from /home/ashok/miniconda3/envs/mysecondenvironment/lib/python3.8/site-packages/airflow/example_dags/example_bash_operator.py
[2025-09-21T09:57:30.528+0545] {processor.py:925} INFO - DAG(s) 'example_bash_operator' retrieved from /home/ashok/miniconda3/envs/mysecondenvironment/lib/python3.8/site-packages/airflow/example_dags/example_bash_operator.py
[2025-09-21T09:57:30.541+0545] {logging_mixin.py:190} INFO - [2025-09-21T09:57:30.541+0545] {dag.py:3239} INFO - Sync 1 DAGs
[2025-09-21T09:57:30.552+0545] {logging_mixin.py:190} INFO - [2025-09-21T09:57:30.552+0545] {dag.py:4180} INFO - Setting next_dagrun for example_bash_operator to 2025-09-20 00:00:00+00:00, run_after=2025-09-21 00:00:00+00:00
[2025-09-21T09:57:30.567+0545] {processor.py:208} INFO - Processing /home/ashok/miniconda3/envs/mysecondenvironment/lib/python3.8/site-packages/airflow/example_dags/example_bash_operator.py took 0.055 seconds
[2025-09-21T09:58:46.713+0545] {processor.py:186} INFO - Started process (PID=58199) to work on /home/ashok/miniconda3/envs/mysecondenvironment/lib/python3.8/site-packages/airflow/example_dags/example_bash_operator.py
[2025-09-21T09:58:46.715+0545] {processor.py:914} INFO - Processing file /home/ashok/miniconda3/envs/mysecondenvironment/lib/python3.8/site-packages/airflow/example_dags/example_bash_operator.py for tasks to queue
[2025-09-21T09:58:46.716+0545] {logging_mixin.py:190} INFO - [2025-09-21T09:58:46.716+0545] {dagbag.py:588} INFO - Filling up the DagBag from /home/ashok/miniconda3/envs/mysecondenvironment/lib/python3.8/site-packages/airflow/example_dags/example_bash_operator.py
[2025-09-21T09:58:46.724+0545] {processor.py:925} INFO - DAG(s) 'example_bash_operator' retrieved from /home/ashok/miniconda3/envs/mysecondenvironment/lib/python3.8/site-packages/airflow/example_dags/example_bash_operator.py
[2025-09-21T09:58:46.735+0545] {logging_mixin.py:190} INFO - [2025-09-21T09:58:46.735+0545] {dag.py:3239} INFO - Sync 1 DAGs
[2025-09-21T09:58:46.745+0545] {logging_mixin.py:190} INFO - [2025-09-21T09:58:46.744+0545] {dag.py:4180} INFO - Setting next_dagrun for example_bash_operator to 2025-09-20 00:00:00+00:00, run_after=2025-09-21 00:00:00+00:00
[2025-09-21T09:58:46.761+0545] {processor.py:208} INFO - Processing /home/ashok/miniconda3/envs/mysecondenvironment/lib/python3.8/site-packages/airflow/example_dags/example_bash_operator.py took 0.052 seconds
[2025-09-21T10:00:08.569+0545] {processor.py:186} INFO - Started process (PID=58782) to work on /home/ashok/miniconda3/envs/mysecondenvironment/lib/python3.8/site-packages/airflow/example_dags/example_bash_operator.py
[2025-09-21T10:00:08.570+0545] {processor.py:914} INFO - Processing file /home/ashok/miniconda3/envs/mysecondenvironment/lib/python3.8/site-packages/airflow/example_dags/example_bash_operator.py for tasks to queue
[2025-09-21T10:00:08.572+0545] {logging_mixin.py:190} INFO - [2025-09-21T10:00:08.571+0545] {dagbag.py:588} INFO - Filling up the DagBag from /home/ashok/miniconda3/envs/mysecondenvironment/lib/python3.8/site-packages/airflow/example_dags/example_bash_operator.py
[2025-09-21T10:00:08.580+0545] {processor.py:925} INFO - DAG(s) 'example_bash_operator' retrieved from /home/ashok/miniconda3/envs/mysecondenvironment/lib/python3.8/site-packages/airflow/example_dags/example_bash_operator.py
[2025-09-21T10:00:08.592+0545] {logging_mixin.py:190} INFO - [2025-09-21T10:00:08.591+0545] {dag.py:3239} INFO - Sync 1 DAGs
[2025-09-21T10:00:08.602+0545] {logging_mixin.py:190} INFO - [2025-09-21T10:00:08.602+0545] {dag.py:4180} INFO - Setting next_dagrun for example_bash_operator to 2025-09-20 00:00:00+00:00, run_after=2025-09-21 00:00:00+00:00
[2025-09-21T10:00:08.618+0545] {processor.py:208} INFO - Processing /home/ashok/miniconda3/envs/mysecondenvironment/lib/python3.8/site-packages/airflow/example_dags/example_bash_operator.py took 0.053 seconds
[2025-09-21T10:03:49.978+0545] {processor.py:186} INFO - Started process (PID=61059) to work on /home/ashok/miniconda3/envs/mysecondenvironment/lib/python3.8/site-packages/airflow/example_dags/example_bash_operator.py
[2025-09-21T10:03:49.981+0545] {processor.py:914} INFO - Processing file /home/ashok/miniconda3/envs/mysecondenvironment/lib/python3.8/site-packages/airflow/example_dags/example_bash_operator.py for tasks to queue
[2025-09-21T10:03:49.982+0545] {logging_mixin.py:190} INFO - [2025-09-21T10:03:49.982+0545] {dagbag.py:588} INFO - Filling up the DagBag from /home/ashok/miniconda3/envs/mysecondenvironment/lib/python3.8/site-packages/airflow/example_dags/example_bash_operator.py
[2025-09-21T10:03:49.989+0545] {processor.py:925} INFO - DAG(s) 'example_bash_operator' retrieved from /home/ashok/miniconda3/envs/mysecondenvironment/lib/python3.8/site-packages/airflow/example_dags/example_bash_operator.py
[2025-09-21T10:03:49.999+0545] {logging_mixin.py:190} INFO - [2025-09-21T10:03:49.999+0545] {dag.py:3239} INFO - Sync 1 DAGs
[2025-09-21T10:03:50.008+0545] {logging_mixin.py:190} INFO - [2025-09-21T10:03:50.008+0545] {dag.py:4180} INFO - Setting next_dagrun for example_bash_operator to 2025-09-20 00:00:00+00:00, run_after=2025-09-21 00:00:00+00:00
[2025-09-21T10:03:50.027+0545] {processor.py:208} INFO - Processing /home/ashok/miniconda3/envs/mysecondenvironment/lib/python3.8/site-packages/airflow/example_dags/example_bash_operator.py took 0.052 seconds
[2025-09-21T10:04:47.143+0545] {processor.py:186} INFO - Started process (PID=61469) to work on /home/ashok/miniconda3/envs/mysecondenvironment/lib/python3.8/site-packages/airflow/example_dags/example_bash_operator.py
[2025-09-21T10:04:47.145+0545] {processor.py:914} INFO - Processing file /home/ashok/miniconda3/envs/mysecondenvironment/lib/python3.8/site-packages/airflow/example_dags/example_bash_operator.py for tasks to queue
[2025-09-21T10:04:47.146+0545] {logging_mixin.py:190} INFO - [2025-09-21T10:04:47.146+0545] {dagbag.py:588} INFO - Filling up the DagBag from /home/ashok/miniconda3/envs/mysecondenvironment/lib/python3.8/site-packages/airflow/example_dags/example_bash_operator.py
[2025-09-21T10:04:47.155+0545] {processor.py:925} INFO - DAG(s) 'example_bash_operator' retrieved from /home/ashok/miniconda3/envs/mysecondenvironment/lib/python3.8/site-packages/airflow/example_dags/example_bash_operator.py
[2025-09-21T10:04:47.166+0545] {logging_mixin.py:190} INFO - [2025-09-21T10:04:47.166+0545] {dag.py:3239} INFO - Sync 1 DAGs
[2025-09-21T10:04:47.176+0545] {logging_mixin.py:190} INFO - [2025-09-21T10:04:47.176+0545] {dag.py:4180} INFO - Setting next_dagrun for example_bash_operator to 2025-09-20 00:00:00+00:00, run_after=2025-09-21 00:00:00+00:00
[2025-09-21T10:04:47.192+0545] {processor.py:208} INFO - Processing /home/ashok/miniconda3/envs/mysecondenvironment/lib/python3.8/site-packages/airflow/example_dags/example_bash_operator.py took 0.052 seconds
[2025-09-21T10:05:44.580+0545] {processor.py:186} INFO - Started process (PID=61937) to work on /home/ashok/miniconda3/envs/mysecondenvironment/lib/python3.8/site-packages/airflow/example_dags/example_bash_operator.py
[2025-09-21T10:05:44.582+0545] {processor.py:914} INFO - Processing file /home/ashok/miniconda3/envs/mysecondenvironment/lib/python3.8/site-packages/airflow/example_dags/example_bash_operator.py for tasks to queue
[2025-09-21T10:05:44.583+0545] {logging_mixin.py:190} INFO - [2025-09-21T10:05:44.583+0545] {dagbag.py:588} INFO - Filling up the DagBag from /home/ashok/miniconda3/envs/mysecondenvironment/lib/python3.8/site-packages/airflow/example_dags/example_bash_operator.py
[2025-09-21T10:05:44.591+0545] {processor.py:925} INFO - DAG(s) 'example_bash_operator' retrieved from /home/ashok/miniconda3/envs/mysecondenvironment/lib/python3.8/site-packages/airflow/example_dags/example_bash_operator.py
[2025-09-21T10:05:44.602+0545] {logging_mixin.py:190} INFO - [2025-09-21T10:05:44.602+0545] {dag.py:3239} INFO - Sync 1 DAGs
[2025-09-21T10:05:44.612+0545] {logging_mixin.py:190} INFO - [2025-09-21T10:05:44.612+0545] {dag.py:4180} INFO - Setting next_dagrun for example_bash_operator to 2025-09-20 00:00:00+00:00, run_after=2025-09-21 00:00:00+00:00
[2025-09-21T10:05:44.635+0545] {processor.py:208} INFO - Processing /home/ashok/miniconda3/envs/mysecondenvironment/lib/python3.8/site-packages/airflow/example_dags/example_bash_operator.py took 0.058 seconds
[2025-09-21T10:07:06.497+0545] {processor.py:186} INFO - Started process (PID=62641) to work on /home/ashok/miniconda3/envs/mysecondenvironment/lib/python3.8/site-packages/airflow/example_dags/example_bash_operator.py
[2025-09-21T10:07:06.499+0545] {processor.py:914} INFO - Processing file /home/ashok/miniconda3/envs/mysecondenvironment/lib/python3.8/site-packages/airflow/example_dags/example_bash_operator.py for tasks to queue
[2025-09-21T10:07:06.500+0545] {logging_mixin.py:190} INFO - [2025-09-21T10:07:06.500+0545] {dagbag.py:588} INFO - Filling up the DagBag from /home/ashok/miniconda3/envs/mysecondenvironment/lib/python3.8/site-packages/airflow/example_dags/example_bash_operator.py
[2025-09-21T10:07:06.509+0545] {processor.py:925} INFO - DAG(s) 'example_bash_operator' retrieved from /home/ashok/miniconda3/envs/mysecondenvironment/lib/python3.8/site-packages/airflow/example_dags/example_bash_operator.py
[2025-09-21T10:07:06.522+0545] {logging_mixin.py:190} INFO - [2025-09-21T10:07:06.522+0545] {dag.py:3239} INFO - Sync 1 DAGs
[2025-09-21T10:07:06.533+0545] {logging_mixin.py:190} INFO - [2025-09-21T10:07:06.533+0545] {dag.py:4180} INFO - Setting next_dagrun for example_bash_operator to 2025-09-20 00:00:00+00:00, run_after=2025-09-21 00:00:00+00:00
[2025-09-21T10:07:06.549+0545] {processor.py:208} INFO - Processing /home/ashok/miniconda3/envs/mysecondenvironment/lib/python3.8/site-packages/airflow/example_dags/example_bash_operator.py took 0.056 seconds
[2025-09-21T10:08:04.270+0545] {processor.py:186} INFO - Started process (PID=63118) to work on /home/ashok/miniconda3/envs/mysecondenvironment/lib/python3.8/site-packages/airflow/example_dags/example_bash_operator.py
[2025-09-21T10:08:04.271+0545] {processor.py:914} INFO - Processing file /home/ashok/miniconda3/envs/mysecondenvironment/lib/python3.8/site-packages/airflow/example_dags/example_bash_operator.py for tasks to queue
[2025-09-21T10:08:04.273+0545] {logging_mixin.py:190} INFO - [2025-09-21T10:08:04.273+0545] {dagbag.py:588} INFO - Filling up the DagBag from /home/ashok/miniconda3/envs/mysecondenvironment/lib/python3.8/site-packages/airflow/example_dags/example_bash_operator.py
[2025-09-21T10:08:04.282+0545] {processor.py:925} INFO - DAG(s) 'example_bash_operator' retrieved from /home/ashok/miniconda3/envs/mysecondenvironment/lib/python3.8/site-packages/airflow/example_dags/example_bash_operator.py
[2025-09-21T10:08:04.295+0545] {logging_mixin.py:190} INFO - [2025-09-21T10:08:04.295+0545] {dag.py:3239} INFO - Sync 1 DAGs
[2025-09-21T10:08:04.305+0545] {logging_mixin.py:190} INFO - [2025-09-21T10:08:04.305+0545] {dag.py:4180} INFO - Setting next_dagrun for example_bash_operator to 2025-09-20 00:00:00+00:00, run_after=2025-09-21 00:00:00+00:00
[2025-09-21T10:08:04.322+0545] {processor.py:208} INFO - Processing /home/ashok/miniconda3/envs/mysecondenvironment/lib/python3.8/site-packages/airflow/example_dags/example_bash_operator.py took 0.056 seconds
[2025-09-21T10:09:03.305+0545] {processor.py:186} INFO - Started process (PID=63756) to work on /home/ashok/miniconda3/envs/mysecondenvironment/lib/python3.8/site-packages/airflow/example_dags/example_bash_operator.py
[2025-09-21T10:09:03.307+0545] {processor.py:914} INFO - Processing file /home/ashok/miniconda3/envs/mysecondenvironment/lib/python3.8/site-packages/airflow/example_dags/example_bash_operator.py for tasks to queue
[2025-09-21T10:09:03.308+0545] {logging_mixin.py:190} INFO - [2025-09-21T10:09:03.308+0545] {dagbag.py:588} INFO - Filling up the DagBag from /home/ashok/miniconda3/envs/mysecondenvironment/lib/python3.8/site-packages/airflow/example_dags/example_bash_operator.py
[2025-09-21T10:09:03.317+0545] {processor.py:925} INFO - DAG(s) 'example_bash_operator' retrieved from /home/ashok/miniconda3/envs/mysecondenvironment/lib/python3.8/site-packages/airflow/example_dags/example_bash_operator.py
[2025-09-21T10:09:03.330+0545] {logging_mixin.py:190} INFO - [2025-09-21T10:09:03.330+0545] {dag.py:3239} INFO - Sync 1 DAGs
[2025-09-21T10:09:03.341+0545] {logging_mixin.py:190} INFO - [2025-09-21T10:09:03.341+0545] {dag.py:4180} INFO - Setting next_dagrun for example_bash_operator to 2025-09-20 00:00:00+00:00, run_after=2025-09-21 00:00:00+00:00
[2025-09-21T10:09:03.357+0545] {processor.py:208} INFO - Processing /home/ashok/miniconda3/envs/mysecondenvironment/lib/python3.8/site-packages/airflow/example_dags/example_bash_operator.py took 0.056 seconds
[2025-09-21T10:10:23.131+0545] {processor.py:186} INFO - Started process (PID=64405) to work on /home/ashok/miniconda3/envs/mysecondenvironment/lib/python3.8/site-packages/airflow/example_dags/example_bash_operator.py
[2025-09-21T10:10:23.132+0545] {processor.py:914} INFO - Processing file /home/ashok/miniconda3/envs/mysecondenvironment/lib/python3.8/site-packages/airflow/example_dags/example_bash_operator.py for tasks to queue
[2025-09-21T10:10:23.133+0545] {logging_mixin.py:190} INFO - [2025-09-21T10:10:23.133+0545] {dagbag.py:588} INFO - Filling up the DagBag from /home/ashok/miniconda3/envs/mysecondenvironment/lib/python3.8/site-packages/airflow/example_dags/example_bash_operator.py
[2025-09-21T10:10:23.142+0545] {processor.py:925} INFO - DAG(s) 'example_bash_operator' retrieved from /home/ashok/miniconda3/envs/mysecondenvironment/lib/python3.8/site-packages/airflow/example_dags/example_bash_operator.py
[2025-09-21T10:10:23.153+0545] {logging_mixin.py:190} INFO - [2025-09-21T10:10:23.153+0545] {dag.py:3239} INFO - Sync 1 DAGs
[2025-09-21T10:10:23.163+0545] {logging_mixin.py:190} INFO - [2025-09-21T10:10:23.163+0545] {dag.py:4180} INFO - Setting next_dagrun for example_bash_operator to 2025-09-20 00:00:00+00:00, run_after=2025-09-21 00:00:00+00:00
[2025-09-21T10:10:23.179+0545] {processor.py:208} INFO - Processing /home/ashok/miniconda3/envs/mysecondenvironment/lib/python3.8/site-packages/airflow/example_dags/example_bash_operator.py took 0.052 seconds
[2025-09-21T10:11:18.620+0545] {processor.py:186} INFO - Started process (PID=64991) to work on /home/ashok/miniconda3/envs/mysecondenvironment/lib/python3.8/site-packages/airflow/example_dags/example_bash_operator.py
[2025-09-21T10:11:18.623+0545] {processor.py:914} INFO - Processing file /home/ashok/miniconda3/envs/mysecondenvironment/lib/python3.8/site-packages/airflow/example_dags/example_bash_operator.py for tasks to queue
[2025-09-21T10:11:18.624+0545] {logging_mixin.py:190} INFO - [2025-09-21T10:11:18.624+0545] {dagbag.py:588} INFO - Filling up the DagBag from /home/ashok/miniconda3/envs/mysecondenvironment/lib/python3.8/site-packages/airflow/example_dags/example_bash_operator.py
[2025-09-21T10:11:18.631+0545] {processor.py:925} INFO - DAG(s) 'example_bash_operator' retrieved from /home/ashok/miniconda3/envs/mysecondenvironment/lib/python3.8/site-packages/airflow/example_dags/example_bash_operator.py
[2025-09-21T10:11:18.643+0545] {logging_mixin.py:190} INFO - [2025-09-21T10:11:18.643+0545] {dag.py:3239} INFO - Sync 1 DAGs
[2025-09-21T10:11:18.652+0545] {logging_mixin.py:190} INFO - [2025-09-21T10:11:18.652+0545] {dag.py:4180} INFO - Setting next_dagrun for example_bash_operator to 2025-09-20 00:00:00+00:00, run_after=2025-09-21 00:00:00+00:00
[2025-09-21T10:11:18.670+0545] {processor.py:208} INFO - Processing /home/ashok/miniconda3/envs/mysecondenvironment/lib/python3.8/site-packages/airflow/example_dags/example_bash_operator.py took 0.054 seconds
[2025-09-21T10:12:39.940+0545] {processor.py:186} INFO - Started process (PID=65580) to work on /home/ashok/miniconda3/envs/mysecondenvironment/lib/python3.8/site-packages/airflow/example_dags/example_bash_operator.py
[2025-09-21T10:12:39.941+0545] {processor.py:914} INFO - Processing file /home/ashok/miniconda3/envs/mysecondenvironment/lib/python3.8/site-packages/airflow/example_dags/example_bash_operator.py for tasks to queue
[2025-09-21T10:12:39.943+0545] {logging_mixin.py:190} INFO - [2025-09-21T10:12:39.943+0545] {dagbag.py:588} INFO - Filling up the DagBag from /home/ashok/miniconda3/envs/mysecondenvironment/lib/python3.8/site-packages/airflow/example_dags/example_bash_operator.py
[2025-09-21T10:12:39.953+0545] {processor.py:925} INFO - DAG(s) 'example_bash_operator' retrieved from /home/ashok/miniconda3/envs/mysecondenvironment/lib/python3.8/site-packages/airflow/example_dags/example_bash_operator.py
[2025-09-21T10:12:39.968+0545] {logging_mixin.py:190} INFO - [2025-09-21T10:12:39.967+0545] {dag.py:3239} INFO - Sync 1 DAGs
[2025-09-21T10:12:39.977+0545] {logging_mixin.py:190} INFO - [2025-09-21T10:12:39.977+0545] {dag.py:4180} INFO - Setting next_dagrun for example_bash_operator to 2025-09-20 00:00:00+00:00, run_after=2025-09-21 00:00:00+00:00
[2025-09-21T10:12:39.994+0545] {processor.py:208} INFO - Processing /home/ashok/miniconda3/envs/mysecondenvironment/lib/python3.8/site-packages/airflow/example_dags/example_bash_operator.py took 0.058 seconds
