[2025-09-21T08:35:33.583+0545] {processor.py:186} INFO - Started process (PID=21264) to work on /home/ashok/miniconda3/envs/mysecondenvironment/lib/python3.8/site-packages/airflow/example_dags/example_xcom.py
[2025-09-21T08:35:33.583+0545] {processor.py:914} INFO - Processing file /home/ashok/miniconda3/envs/mysecondenvironment/lib/python3.8/site-packages/airflow/example_dags/example_xcom.py for tasks to queue
[2025-09-21T08:35:33.585+0545] {logging_mixin.py:190} INFO - [2025-09-21T08:35:33.585+0545] {dagbag.py:588} INFO - Filling up the DagBag from /home/ashok/miniconda3/envs/mysecondenvironment/lib/python3.8/site-packages/airflow/example_dags/example_xcom.py
[2025-09-21T08:35:33.590+0545] {processor.py:925} INFO - DAG(s) 'example_xcom' retrieved from /home/ashok/miniconda3/envs/mysecondenvironment/lib/python3.8/site-packages/airflow/example_dags/example_xcom.py
[2025-09-21T08:35:33.601+0545] {logging_mixin.py:190} INFO - [2025-09-21T08:35:33.601+0545] {dag.py:3239} INFO - Sync 1 DAGs
[2025-09-21T08:35:33.610+0545] {logging_mixin.py:190} INFO - [2025-09-21T08:35:33.610+0545] {dag.py:4180} INFO - Setting next_dagrun for example_xcom to 2021-01-01 00:00:00+00:00, run_after=2021-01-01 00:00:00+00:00
[2025-09-21T08:35:33.623+0545] {processor.py:208} INFO - Processing /home/ashok/miniconda3/envs/mysecondenvironment/lib/python3.8/site-packages/airflow/example_dags/example_xcom.py took 0.043 seconds
[2025-09-21T08:37:53.824+0545] {processor.py:186} INFO - Started process (PID=24496) to work on /home/ashok/miniconda3/envs/mysecondenvironment/lib/python3.8/site-packages/airflow/example_dags/example_xcom.py
[2025-09-21T08:37:53.826+0545] {processor.py:914} INFO - Processing file /home/ashok/miniconda3/envs/mysecondenvironment/lib/python3.8/site-packages/airflow/example_dags/example_xcom.py for tasks to queue
[2025-09-21T08:37:53.827+0545] {logging_mixin.py:190} INFO - [2025-09-21T08:37:53.827+0545] {dagbag.py:588} INFO - Filling up the DagBag from /home/ashok/miniconda3/envs/mysecondenvironment/lib/python3.8/site-packages/airflow/example_dags/example_xcom.py
[2025-09-21T08:37:53.832+0545] {processor.py:925} INFO - DAG(s) 'example_xcom' retrieved from /home/ashok/miniconda3/envs/mysecondenvironment/lib/python3.8/site-packages/airflow/example_dags/example_xcom.py
[2025-09-21T08:37:53.840+0545] {logging_mixin.py:190} INFO - [2025-09-21T08:37:53.840+0545] {dag.py:3239} INFO - Sync 1 DAGs
[2025-09-21T08:37:53.848+0545] {logging_mixin.py:190} INFO - [2025-09-21T08:37:53.848+0545] {dag.py:4180} INFO - Setting next_dagrun for example_xcom to 2021-01-01 00:00:00+00:00, run_after=2021-01-01 00:00:00+00:00
[2025-09-21T08:37:53.866+0545] {processor.py:208} INFO - Processing /home/ashok/miniconda3/envs/mysecondenvironment/lib/python3.8/site-packages/airflow/example_dags/example_xcom.py took 0.046 seconds
[2025-09-21T08:38:27.457+0545] {processor.py:186} INFO - Started process (PID=24946) to work on /home/ashok/miniconda3/envs/mysecondenvironment/lib/python3.8/site-packages/airflow/example_dags/example_xcom.py
[2025-09-21T08:38:27.459+0545] {processor.py:914} INFO - Processing file /home/ashok/miniconda3/envs/mysecondenvironment/lib/python3.8/site-packages/airflow/example_dags/example_xcom.py for tasks to queue
[2025-09-21T08:38:27.461+0545] {logging_mixin.py:190} INFO - [2025-09-21T08:38:27.460+0545] {dagbag.py:588} INFO - Filling up the DagBag from /home/ashok/miniconda3/envs/mysecondenvironment/lib/python3.8/site-packages/airflow/example_dags/example_xcom.py
[2025-09-21T08:38:27.466+0545] {processor.py:925} INFO - DAG(s) 'example_xcom' retrieved from /home/ashok/miniconda3/envs/mysecondenvironment/lib/python3.8/site-packages/airflow/example_dags/example_xcom.py
[2025-09-21T08:38:27.476+0545] {logging_mixin.py:190} INFO - [2025-09-21T08:38:27.476+0545] {dag.py:3239} INFO - Sync 1 DAGs
[2025-09-21T08:38:27.484+0545] {logging_mixin.py:190} INFO - [2025-09-21T08:38:27.484+0545] {dag.py:4180} INFO - Setting next_dagrun for example_xcom to 2021-01-01 00:00:00+00:00, run_after=2021-01-01 00:00:00+00:00
[2025-09-21T08:38:27.503+0545] {processor.py:208} INFO - Processing /home/ashok/miniconda3/envs/mysecondenvironment/lib/python3.8/site-packages/airflow/example_dags/example_xcom.py took 0.049 seconds
[2025-09-21T08:40:48.835+0545] {processor.py:186} INFO - Started process (PID=26607) to work on /home/ashok/miniconda3/envs/mysecondenvironment/lib/python3.8/site-packages/airflow/example_dags/example_xcom.py
[2025-09-21T08:40:48.837+0545] {processor.py:914} INFO - Processing file /home/ashok/miniconda3/envs/mysecondenvironment/lib/python3.8/site-packages/airflow/example_dags/example_xcom.py for tasks to queue
[2025-09-21T08:40:48.838+0545] {logging_mixin.py:190} INFO - [2025-09-21T08:40:48.838+0545] {dagbag.py:588} INFO - Filling up the DagBag from /home/ashok/miniconda3/envs/mysecondenvironment/lib/python3.8/site-packages/airflow/example_dags/example_xcom.py
[2025-09-21T08:40:48.843+0545] {processor.py:925} INFO - DAG(s) 'example_xcom' retrieved from /home/ashok/miniconda3/envs/mysecondenvironment/lib/python3.8/site-packages/airflow/example_dags/example_xcom.py
[2025-09-21T08:40:48.851+0545] {logging_mixin.py:190} INFO - [2025-09-21T08:40:48.851+0545] {dag.py:3239} INFO - Sync 1 DAGs
[2025-09-21T08:40:48.860+0545] {logging_mixin.py:190} INFO - [2025-09-21T08:40:48.860+0545] {dag.py:4180} INFO - Setting next_dagrun for example_xcom to 2021-01-01 00:00:00+00:00, run_after=2021-01-01 00:00:00+00:00
[2025-09-21T08:40:48.876+0545] {processor.py:208} INFO - Processing /home/ashok/miniconda3/envs/mysecondenvironment/lib/python3.8/site-packages/airflow/example_dags/example_xcom.py took 0.044 seconds
[2025-09-21T08:41:48.054+0545] {processor.py:186} INFO - Started process (PID=27006) to work on /home/ashok/miniconda3/envs/mysecondenvironment/lib/python3.8/site-packages/airflow/example_dags/example_xcom.py
[2025-09-21T08:41:48.056+0545] {processor.py:914} INFO - Processing file /home/ashok/miniconda3/envs/mysecondenvironment/lib/python3.8/site-packages/airflow/example_dags/example_xcom.py for tasks to queue
[2025-09-21T08:41:48.057+0545] {logging_mixin.py:190} INFO - [2025-09-21T08:41:48.057+0545] {dagbag.py:588} INFO - Filling up the DagBag from /home/ashok/miniconda3/envs/mysecondenvironment/lib/python3.8/site-packages/airflow/example_dags/example_xcom.py
[2025-09-21T08:41:48.064+0545] {processor.py:925} INFO - DAG(s) 'example_xcom' retrieved from /home/ashok/miniconda3/envs/mysecondenvironment/lib/python3.8/site-packages/airflow/example_dags/example_xcom.py
[2025-09-21T08:41:48.074+0545] {logging_mixin.py:190} INFO - [2025-09-21T08:41:48.074+0545] {dag.py:3239} INFO - Sync 1 DAGs
[2025-09-21T08:41:48.084+0545] {logging_mixin.py:190} INFO - [2025-09-21T08:41:48.083+0545] {dag.py:4180} INFO - Setting next_dagrun for example_xcom to 2021-01-01 00:00:00+00:00, run_after=2021-01-01 00:00:00+00:00
[2025-09-21T08:41:48.100+0545] {processor.py:208} INFO - Processing /home/ashok/miniconda3/envs/mysecondenvironment/lib/python3.8/site-packages/airflow/example_dags/example_xcom.py took 0.050 seconds
[2025-09-21T08:42:43.102+0545] {processor.py:186} INFO - Started process (PID=27488) to work on /home/ashok/miniconda3/envs/mysecondenvironment/lib/python3.8/site-packages/airflow/example_dags/example_xcom.py
[2025-09-21T08:42:43.104+0545] {processor.py:914} INFO - Processing file /home/ashok/miniconda3/envs/mysecondenvironment/lib/python3.8/site-packages/airflow/example_dags/example_xcom.py for tasks to queue
[2025-09-21T08:42:43.105+0545] {logging_mixin.py:190} INFO - [2025-09-21T08:42:43.105+0545] {dagbag.py:588} INFO - Filling up the DagBag from /home/ashok/miniconda3/envs/mysecondenvironment/lib/python3.8/site-packages/airflow/example_dags/example_xcom.py
[2025-09-21T08:42:43.110+0545] {processor.py:925} INFO - DAG(s) 'example_xcom' retrieved from /home/ashok/miniconda3/envs/mysecondenvironment/lib/python3.8/site-packages/airflow/example_dags/example_xcom.py
[2025-09-21T08:42:43.119+0545] {logging_mixin.py:190} INFO - [2025-09-21T08:42:43.119+0545] {dag.py:3239} INFO - Sync 1 DAGs
[2025-09-21T08:42:43.127+0545] {logging_mixin.py:190} INFO - [2025-09-21T08:42:43.127+0545] {dag.py:4180} INFO - Setting next_dagrun for example_xcom to 2021-01-01 00:00:00+00:00, run_after=2021-01-01 00:00:00+00:00
[2025-09-21T08:42:43.144+0545] {processor.py:208} INFO - Processing /home/ashok/miniconda3/envs/mysecondenvironment/lib/python3.8/site-packages/airflow/example_dags/example_xcom.py took 0.045 seconds
[2025-09-21T08:43:35.767+0545] {processor.py:186} INFO - Started process (PID=27848) to work on /home/ashok/miniconda3/envs/mysecondenvironment/lib/python3.8/site-packages/airflow/example_dags/example_xcom.py
[2025-09-21T08:43:35.769+0545] {processor.py:914} INFO - Processing file /home/ashok/miniconda3/envs/mysecondenvironment/lib/python3.8/site-packages/airflow/example_dags/example_xcom.py for tasks to queue
[2025-09-21T08:43:35.770+0545] {logging_mixin.py:190} INFO - [2025-09-21T08:43:35.770+0545] {dagbag.py:588} INFO - Filling up the DagBag from /home/ashok/miniconda3/envs/mysecondenvironment/lib/python3.8/site-packages/airflow/example_dags/example_xcom.py
[2025-09-21T08:43:35.777+0545] {processor.py:925} INFO - DAG(s) 'example_xcom' retrieved from /home/ashok/miniconda3/envs/mysecondenvironment/lib/python3.8/site-packages/airflow/example_dags/example_xcom.py
[2025-09-21T08:43:35.785+0545] {logging_mixin.py:190} INFO - [2025-09-21T08:43:35.785+0545] {dag.py:3239} INFO - Sync 1 DAGs
[2025-09-21T08:43:35.794+0545] {logging_mixin.py:190} INFO - [2025-09-21T08:43:35.794+0545] {dag.py:4180} INFO - Setting next_dagrun for example_xcom to 2021-01-01 00:00:00+00:00, run_after=2021-01-01 00:00:00+00:00
[2025-09-21T08:43:35.810+0545] {processor.py:208} INFO - Processing /home/ashok/miniconda3/envs/mysecondenvironment/lib/python3.8/site-packages/airflow/example_dags/example_xcom.py took 0.046 seconds
[2025-09-21T08:44:32.686+0545] {processor.py:186} INFO - Started process (PID=28214) to work on /home/ashok/miniconda3/envs/mysecondenvironment/lib/python3.8/site-packages/airflow/example_dags/example_xcom.py
[2025-09-21T08:44:32.688+0545] {processor.py:914} INFO - Processing file /home/ashok/miniconda3/envs/mysecondenvironment/lib/python3.8/site-packages/airflow/example_dags/example_xcom.py for tasks to queue
[2025-09-21T08:44:32.689+0545] {logging_mixin.py:190} INFO - [2025-09-21T08:44:32.689+0545] {dagbag.py:588} INFO - Filling up the DagBag from /home/ashok/miniconda3/envs/mysecondenvironment/lib/python3.8/site-packages/airflow/example_dags/example_xcom.py
[2025-09-21T08:44:32.694+0545] {processor.py:925} INFO - DAG(s) 'example_xcom' retrieved from /home/ashok/miniconda3/envs/mysecondenvironment/lib/python3.8/site-packages/airflow/example_dags/example_xcom.py
[2025-09-21T08:44:32.704+0545] {logging_mixin.py:190} INFO - [2025-09-21T08:44:32.703+0545] {dag.py:3239} INFO - Sync 1 DAGs
[2025-09-21T08:44:32.713+0545] {logging_mixin.py:190} INFO - [2025-09-21T08:44:32.713+0545] {dag.py:4180} INFO - Setting next_dagrun for example_xcom to 2021-01-01 00:00:00+00:00, run_after=2021-01-01 00:00:00+00:00
[2025-09-21T08:44:32.730+0545] {processor.py:208} INFO - Processing /home/ashok/miniconda3/envs/mysecondenvironment/lib/python3.8/site-packages/airflow/example_dags/example_xcom.py took 0.048 seconds
[2025-09-21T08:45:35.724+0545] {processor.py:186} INFO - Started process (PID=28651) to work on /home/ashok/miniconda3/envs/mysecondenvironment/lib/python3.8/site-packages/airflow/example_dags/example_xcom.py
[2025-09-21T08:45:35.726+0545] {processor.py:914} INFO - Processing file /home/ashok/miniconda3/envs/mysecondenvironment/lib/python3.8/site-packages/airflow/example_dags/example_xcom.py for tasks to queue
[2025-09-21T08:45:35.728+0545] {logging_mixin.py:190} INFO - [2025-09-21T08:45:35.727+0545] {dagbag.py:588} INFO - Filling up the DagBag from /home/ashok/miniconda3/envs/mysecondenvironment/lib/python3.8/site-packages/airflow/example_dags/example_xcom.py
[2025-09-21T08:45:35.732+0545] {processor.py:925} INFO - DAG(s) 'example_xcom' retrieved from /home/ashok/miniconda3/envs/mysecondenvironment/lib/python3.8/site-packages/airflow/example_dags/example_xcom.py
[2025-09-21T08:45:35.740+0545] {logging_mixin.py:190} INFO - [2025-09-21T08:45:35.740+0545] {dag.py:3239} INFO - Sync 1 DAGs
[2025-09-21T08:45:35.748+0545] {logging_mixin.py:190} INFO - [2025-09-21T08:45:35.748+0545] {dag.py:4180} INFO - Setting next_dagrun for example_xcom to 2021-01-01 00:00:00+00:00, run_after=2021-01-01 00:00:00+00:00
[2025-09-21T08:45:35.768+0545] {processor.py:208} INFO - Processing /home/ashok/miniconda3/envs/mysecondenvironment/lib/python3.8/site-packages/airflow/example_dags/example_xcom.py took 0.047 seconds
[2025-09-21T08:46:31.462+0545] {processor.py:186} INFO - Started process (PID=29054) to work on /home/ashok/miniconda3/envs/mysecondenvironment/lib/python3.8/site-packages/airflow/example_dags/example_xcom.py
[2025-09-21T08:46:31.463+0545] {processor.py:914} INFO - Processing file /home/ashok/miniconda3/envs/mysecondenvironment/lib/python3.8/site-packages/airflow/example_dags/example_xcom.py for tasks to queue
[2025-09-21T08:46:31.465+0545] {logging_mixin.py:190} INFO - [2025-09-21T08:46:31.464+0545] {dagbag.py:588} INFO - Filling up the DagBag from /home/ashok/miniconda3/envs/mysecondenvironment/lib/python3.8/site-packages/airflow/example_dags/example_xcom.py
[2025-09-21T08:46:31.470+0545] {processor.py:925} INFO - DAG(s) 'example_xcom' retrieved from /home/ashok/miniconda3/envs/mysecondenvironment/lib/python3.8/site-packages/airflow/example_dags/example_xcom.py
[2025-09-21T08:46:31.477+0545] {logging_mixin.py:190} INFO - [2025-09-21T08:46:31.477+0545] {dag.py:3239} INFO - Sync 1 DAGs
[2025-09-21T08:46:31.486+0545] {logging_mixin.py:190} INFO - [2025-09-21T08:46:31.486+0545] {dag.py:4180} INFO - Setting next_dagrun for example_xcom to 2021-01-01 00:00:00+00:00, run_after=2021-01-01 00:00:00+00:00
[2025-09-21T08:46:31.501+0545] {processor.py:208} INFO - Processing /home/ashok/miniconda3/envs/mysecondenvironment/lib/python3.8/site-packages/airflow/example_dags/example_xcom.py took 0.044 seconds
[2025-09-21T08:47:26.183+0545] {processor.py:186} INFO - Started process (PID=29423) to work on /home/ashok/miniconda3/envs/mysecondenvironment/lib/python3.8/site-packages/airflow/example_dags/example_xcom.py
[2025-09-21T08:47:26.185+0545] {processor.py:914} INFO - Processing file /home/ashok/miniconda3/envs/mysecondenvironment/lib/python3.8/site-packages/airflow/example_dags/example_xcom.py for tasks to queue
[2025-09-21T08:47:26.186+0545] {logging_mixin.py:190} INFO - [2025-09-21T08:47:26.186+0545] {dagbag.py:588} INFO - Filling up the DagBag from /home/ashok/miniconda3/envs/mysecondenvironment/lib/python3.8/site-packages/airflow/example_dags/example_xcom.py
[2025-09-21T08:47:26.191+0545] {processor.py:925} INFO - DAG(s) 'example_xcom' retrieved from /home/ashok/miniconda3/envs/mysecondenvironment/lib/python3.8/site-packages/airflow/example_dags/example_xcom.py
[2025-09-21T08:47:26.200+0545] {logging_mixin.py:190} INFO - [2025-09-21T08:47:26.200+0545] {dag.py:3239} INFO - Sync 1 DAGs
[2025-09-21T08:47:26.209+0545] {logging_mixin.py:190} INFO - [2025-09-21T08:47:26.209+0545] {dag.py:4180} INFO - Setting next_dagrun for example_xcom to 2021-01-01 00:00:00+00:00, run_after=2021-01-01 00:00:00+00:00
[2025-09-21T08:47:26.224+0545] {processor.py:208} INFO - Processing /home/ashok/miniconda3/envs/mysecondenvironment/lib/python3.8/site-packages/airflow/example_dags/example_xcom.py took 0.044 seconds
[2025-09-21T09:43:28.223+0545] {processor.py:186} INFO - Started process (PID=49334) to work on /home/ashok/miniconda3/envs/mysecondenvironment/lib/python3.8/site-packages/airflow/example_dags/example_xcom.py
[2025-09-21T09:43:28.224+0545] {processor.py:914} INFO - Processing file /home/ashok/miniconda3/envs/mysecondenvironment/lib/python3.8/site-packages/airflow/example_dags/example_xcom.py for tasks to queue
[2025-09-21T09:43:28.226+0545] {logging_mixin.py:190} INFO - [2025-09-21T09:43:28.226+0545] {dagbag.py:588} INFO - Filling up the DagBag from /home/ashok/miniconda3/envs/mysecondenvironment/lib/python3.8/site-packages/airflow/example_dags/example_xcom.py
[2025-09-21T09:43:28.233+0545] {processor.py:925} INFO - DAG(s) 'example_xcom' retrieved from /home/ashok/miniconda3/envs/mysecondenvironment/lib/python3.8/site-packages/airflow/example_dags/example_xcom.py
[2025-09-21T09:43:28.244+0545] {logging_mixin.py:190} INFO - [2025-09-21T09:43:28.244+0545] {dag.py:3239} INFO - Sync 1 DAGs
[2025-09-21T09:43:28.254+0545] {logging_mixin.py:190} INFO - [2025-09-21T09:43:28.254+0545] {dag.py:4180} INFO - Setting next_dagrun for example_xcom to 2021-01-01 00:00:00+00:00, run_after=2021-01-01 00:00:00+00:00
[2025-09-21T09:43:28.270+0545] {processor.py:208} INFO - Processing /home/ashok/miniconda3/envs/mysecondenvironment/lib/python3.8/site-packages/airflow/example_dags/example_xcom.py took 0.050 seconds
[2025-09-21T09:44:22.345+0545] {processor.py:186} INFO - Started process (PID=49838) to work on /home/ashok/miniconda3/envs/mysecondenvironment/lib/python3.8/site-packages/airflow/example_dags/example_xcom.py
[2025-09-21T09:44:22.347+0545] {processor.py:914} INFO - Processing file /home/ashok/miniconda3/envs/mysecondenvironment/lib/python3.8/site-packages/airflow/example_dags/example_xcom.py for tasks to queue
[2025-09-21T09:44:22.348+0545] {logging_mixin.py:190} INFO - [2025-09-21T09:44:22.347+0545] {dagbag.py:588} INFO - Filling up the DagBag from /home/ashok/miniconda3/envs/mysecondenvironment/lib/python3.8/site-packages/airflow/example_dags/example_xcom.py
[2025-09-21T09:44:22.353+0545] {processor.py:925} INFO - DAG(s) 'example_xcom' retrieved from /home/ashok/miniconda3/envs/mysecondenvironment/lib/python3.8/site-packages/airflow/example_dags/example_xcom.py
[2025-09-21T09:44:22.361+0545] {logging_mixin.py:190} INFO - [2025-09-21T09:44:22.361+0545] {dag.py:3239} INFO - Sync 1 DAGs
[2025-09-21T09:44:22.370+0545] {logging_mixin.py:190} INFO - [2025-09-21T09:44:22.370+0545] {dag.py:4180} INFO - Setting next_dagrun for example_xcom to 2021-01-01 00:00:00+00:00, run_after=2021-01-01 00:00:00+00:00
[2025-09-21T09:44:22.386+0545] {processor.py:208} INFO - Processing /home/ashok/miniconda3/envs/mysecondenvironment/lib/python3.8/site-packages/airflow/example_dags/example_xcom.py took 0.047 seconds
[2025-09-21T09:45:38.371+0545] {processor.py:186} INFO - Started process (PID=50525) to work on /home/ashok/miniconda3/envs/mysecondenvironment/lib/python3.8/site-packages/airflow/example_dags/example_xcom.py
[2025-09-21T09:45:38.372+0545] {processor.py:914} INFO - Processing file /home/ashok/miniconda3/envs/mysecondenvironment/lib/python3.8/site-packages/airflow/example_dags/example_xcom.py for tasks to queue
[2025-09-21T09:45:38.374+0545] {logging_mixin.py:190} INFO - [2025-09-21T09:45:38.374+0545] {dagbag.py:588} INFO - Filling up the DagBag from /home/ashok/miniconda3/envs/mysecondenvironment/lib/python3.8/site-packages/airflow/example_dags/example_xcom.py
[2025-09-21T09:45:38.380+0545] {processor.py:925} INFO - DAG(s) 'example_xcom' retrieved from /home/ashok/miniconda3/envs/mysecondenvironment/lib/python3.8/site-packages/airflow/example_dags/example_xcom.py
[2025-09-21T09:45:38.393+0545] {logging_mixin.py:190} INFO - [2025-09-21T09:45:38.393+0545] {dag.py:3239} INFO - Sync 1 DAGs
[2025-09-21T09:45:38.402+0545] {logging_mixin.py:190} INFO - [2025-09-21T09:45:38.401+0545] {dag.py:4180} INFO - Setting next_dagrun for example_xcom to 2021-01-01 00:00:00+00:00, run_after=2021-01-01 00:00:00+00:00
[2025-09-21T09:45:38.417+0545] {processor.py:208} INFO - Processing /home/ashok/miniconda3/envs/mysecondenvironment/lib/python3.8/site-packages/airflow/example_dags/example_xcom.py took 0.051 seconds
[2025-09-21T09:47:38.964+0545] {processor.py:186} INFO - Started process (PID=52440) to work on /home/ashok/miniconda3/envs/mysecondenvironment/lib/python3.8/site-packages/airflow/example_dags/example_xcom.py
[2025-09-21T09:47:38.966+0545] {processor.py:914} INFO - Processing file /home/ashok/miniconda3/envs/mysecondenvironment/lib/python3.8/site-packages/airflow/example_dags/example_xcom.py for tasks to queue
[2025-09-21T09:47:38.967+0545] {logging_mixin.py:190} INFO - [2025-09-21T09:47:38.967+0545] {dagbag.py:588} INFO - Filling up the DagBag from /home/ashok/miniconda3/envs/mysecondenvironment/lib/python3.8/site-packages/airflow/example_dags/example_xcom.py
[2025-09-21T09:47:38.973+0545] {processor.py:925} INFO - DAG(s) 'example_xcom' retrieved from /home/ashok/miniconda3/envs/mysecondenvironment/lib/python3.8/site-packages/airflow/example_dags/example_xcom.py
[2025-09-21T09:47:38.981+0545] {logging_mixin.py:190} INFO - [2025-09-21T09:47:38.981+0545] {dag.py:3239} INFO - Sync 1 DAGs
[2025-09-21T09:47:38.990+0545] {logging_mixin.py:190} INFO - [2025-09-21T09:47:38.990+0545] {dag.py:4180} INFO - Setting next_dagrun for example_xcom to 2021-01-01 00:00:00+00:00, run_after=2021-01-01 00:00:00+00:00
[2025-09-21T09:47:39.007+0545] {processor.py:208} INFO - Processing /home/ashok/miniconda3/envs/mysecondenvironment/lib/python3.8/site-packages/airflow/example_dags/example_xcom.py took 0.047 seconds
[2025-09-21T09:48:31.924+0545] {processor.py:186} INFO - Started process (PID=52803) to work on /home/ashok/miniconda3/envs/mysecondenvironment/lib/python3.8/site-packages/airflow/example_dags/example_xcom.py
[2025-09-21T09:48:31.925+0545] {processor.py:914} INFO - Processing file /home/ashok/miniconda3/envs/mysecondenvironment/lib/python3.8/site-packages/airflow/example_dags/example_xcom.py for tasks to queue
[2025-09-21T09:48:31.926+0545] {logging_mixin.py:190} INFO - [2025-09-21T09:48:31.925+0545] {dagbag.py:588} INFO - Filling up the DagBag from /home/ashok/miniconda3/envs/mysecondenvironment/lib/python3.8/site-packages/airflow/example_dags/example_xcom.py
[2025-09-21T09:48:31.931+0545] {processor.py:925} INFO - DAG(s) 'example_xcom' retrieved from /home/ashok/miniconda3/envs/mysecondenvironment/lib/python3.8/site-packages/airflow/example_dags/example_xcom.py
[2025-09-21T09:48:31.939+0545] {logging_mixin.py:190} INFO - [2025-09-21T09:48:31.939+0545] {dag.py:3239} INFO - Sync 1 DAGs
[2025-09-21T09:48:31.949+0545] {logging_mixin.py:190} INFO - [2025-09-21T09:48:31.948+0545] {dag.py:4180} INFO - Setting next_dagrun for example_xcom to 2021-01-01 00:00:00+00:00, run_after=2021-01-01 00:00:00+00:00
[2025-09-21T09:48:31.964+0545] {processor.py:208} INFO - Processing /home/ashok/miniconda3/envs/mysecondenvironment/lib/python3.8/site-packages/airflow/example_dags/example_xcom.py took 0.046 seconds
[2025-09-21T09:49:35.744+0545] {processor.py:186} INFO - Started process (PID=53332) to work on /home/ashok/miniconda3/envs/mysecondenvironment/lib/python3.8/site-packages/airflow/example_dags/example_xcom.py
[2025-09-21T09:49:35.746+0545] {processor.py:914} INFO - Processing file /home/ashok/miniconda3/envs/mysecondenvironment/lib/python3.8/site-packages/airflow/example_dags/example_xcom.py for tasks to queue
[2025-09-21T09:49:35.748+0545] {logging_mixin.py:190} INFO - [2025-09-21T09:49:35.748+0545] {dagbag.py:588} INFO - Filling up the DagBag from /home/ashok/miniconda3/envs/mysecondenvironment/lib/python3.8/site-packages/airflow/example_dags/example_xcom.py
[2025-09-21T09:49:35.754+0545] {processor.py:925} INFO - DAG(s) 'example_xcom' retrieved from /home/ashok/miniconda3/envs/mysecondenvironment/lib/python3.8/site-packages/airflow/example_dags/example_xcom.py
[2025-09-21T09:49:35.763+0545] {logging_mixin.py:190} INFO - [2025-09-21T09:49:35.763+0545] {dag.py:3239} INFO - Sync 1 DAGs
[2025-09-21T09:49:35.773+0545] {logging_mixin.py:190} INFO - [2025-09-21T09:49:35.773+0545] {dag.py:4180} INFO - Setting next_dagrun for example_xcom to 2021-01-01 00:00:00+00:00, run_after=2021-01-01 00:00:00+00:00
[2025-09-21T09:49:35.789+0545] {processor.py:208} INFO - Processing /home/ashok/miniconda3/envs/mysecondenvironment/lib/python3.8/site-packages/airflow/example_dags/example_xcom.py took 0.047 seconds
[2025-09-21T09:50:32.585+0545] {processor.py:186} INFO - Started process (PID=53730) to work on /home/ashok/miniconda3/envs/mysecondenvironment/lib/python3.8/site-packages/airflow/example_dags/example_xcom.py
[2025-09-21T09:50:32.587+0545] {processor.py:914} INFO - Processing file /home/ashok/miniconda3/envs/mysecondenvironment/lib/python3.8/site-packages/airflow/example_dags/example_xcom.py for tasks to queue
[2025-09-21T09:50:32.589+0545] {logging_mixin.py:190} INFO - [2025-09-21T09:50:32.589+0545] {dagbag.py:588} INFO - Filling up the DagBag from /home/ashok/miniconda3/envs/mysecondenvironment/lib/python3.8/site-packages/airflow/example_dags/example_xcom.py
[2025-09-21T09:50:32.595+0545] {processor.py:925} INFO - DAG(s) 'example_xcom' retrieved from /home/ashok/miniconda3/envs/mysecondenvironment/lib/python3.8/site-packages/airflow/example_dags/example_xcom.py
[2025-09-21T09:50:32.606+0545] {logging_mixin.py:190} INFO - [2025-09-21T09:50:32.606+0545] {dag.py:3239} INFO - Sync 1 DAGs
[2025-09-21T09:50:32.616+0545] {logging_mixin.py:190} INFO - [2025-09-21T09:50:32.616+0545] {dag.py:4180} INFO - Setting next_dagrun for example_xcom to 2021-01-01 00:00:00+00:00, run_after=2021-01-01 00:00:00+00:00
[2025-09-21T09:50:32.632+0545] {processor.py:208} INFO - Processing /home/ashok/miniconda3/envs/mysecondenvironment/lib/python3.8/site-packages/airflow/example_dags/example_xcom.py took 0.051 seconds
[2025-09-21T09:51:30.990+0545] {processor.py:186} INFO - Started process (PID=54262) to work on /home/ashok/miniconda3/envs/mysecondenvironment/lib/python3.8/site-packages/airflow/example_dags/example_xcom.py
[2025-09-21T09:51:30.991+0545] {processor.py:914} INFO - Processing file /home/ashok/miniconda3/envs/mysecondenvironment/lib/python3.8/site-packages/airflow/example_dags/example_xcom.py for tasks to queue
[2025-09-21T09:51:30.993+0545] {logging_mixin.py:190} INFO - [2025-09-21T09:51:30.992+0545] {dagbag.py:588} INFO - Filling up the DagBag from /home/ashok/miniconda3/envs/mysecondenvironment/lib/python3.8/site-packages/airflow/example_dags/example_xcom.py
[2025-09-21T09:51:30.999+0545] {processor.py:925} INFO - DAG(s) 'example_xcom' retrieved from /home/ashok/miniconda3/envs/mysecondenvironment/lib/python3.8/site-packages/airflow/example_dags/example_xcom.py
[2025-09-21T09:51:31.012+0545] {logging_mixin.py:190} INFO - [2025-09-21T09:51:31.012+0545] {dag.py:3239} INFO - Sync 1 DAGs
[2025-09-21T09:51:31.022+0545] {logging_mixin.py:190} INFO - [2025-09-21T09:51:31.022+0545] {dag.py:4180} INFO - Setting next_dagrun for example_xcom to 2021-01-01 00:00:00+00:00, run_after=2021-01-01 00:00:00+00:00
[2025-09-21T09:51:31.036+0545] {processor.py:208} INFO - Processing /home/ashok/miniconda3/envs/mysecondenvironment/lib/python3.8/site-packages/airflow/example_dags/example_xcom.py took 0.050 seconds
[2025-09-21T09:54:26.885+0545] {processor.py:186} INFO - Started process (PID=56337) to work on /home/ashok/miniconda3/envs/mysecondenvironment/lib/python3.8/site-packages/airflow/example_dags/example_xcom.py
[2025-09-21T09:54:26.886+0545] {processor.py:914} INFO - Processing file /home/ashok/miniconda3/envs/mysecondenvironment/lib/python3.8/site-packages/airflow/example_dags/example_xcom.py for tasks to queue
[2025-09-21T09:54:26.888+0545] {logging_mixin.py:190} INFO - [2025-09-21T09:54:26.888+0545] {dagbag.py:588} INFO - Filling up the DagBag from /home/ashok/miniconda3/envs/mysecondenvironment/lib/python3.8/site-packages/airflow/example_dags/example_xcom.py
[2025-09-21T09:54:26.894+0545] {processor.py:925} INFO - DAG(s) 'example_xcom' retrieved from /home/ashok/miniconda3/envs/mysecondenvironment/lib/python3.8/site-packages/airflow/example_dags/example_xcom.py
[2025-09-21T09:54:26.903+0545] {logging_mixin.py:190} INFO - [2025-09-21T09:54:26.903+0545] {dag.py:3239} INFO - Sync 1 DAGs
[2025-09-21T09:54:26.912+0545] {logging_mixin.py:190} INFO - [2025-09-21T09:54:26.912+0545] {dag.py:4180} INFO - Setting next_dagrun for example_xcom to 2021-01-01 00:00:00+00:00, run_after=2021-01-01 00:00:00+00:00
[2025-09-21T09:54:26.928+0545] {processor.py:208} INFO - Processing /home/ashok/miniconda3/envs/mysecondenvironment/lib/python3.8/site-packages/airflow/example_dags/example_xcom.py took 0.048 seconds
[2025-09-21T09:55:26.327+0545] {processor.py:186} INFO - Started process (PID=56819) to work on /home/ashok/miniconda3/envs/mysecondenvironment/lib/python3.8/site-packages/airflow/example_dags/example_xcom.py
[2025-09-21T09:55:26.329+0545] {processor.py:914} INFO - Processing file /home/ashok/miniconda3/envs/mysecondenvironment/lib/python3.8/site-packages/airflow/example_dags/example_xcom.py for tasks to queue
[2025-09-21T09:55:26.330+0545] {logging_mixin.py:190} INFO - [2025-09-21T09:55:26.330+0545] {dagbag.py:588} INFO - Filling up the DagBag from /home/ashok/miniconda3/envs/mysecondenvironment/lib/python3.8/site-packages/airflow/example_dags/example_xcom.py
[2025-09-21T09:55:26.335+0545] {processor.py:925} INFO - DAG(s) 'example_xcom' retrieved from /home/ashok/miniconda3/envs/mysecondenvironment/lib/python3.8/site-packages/airflow/example_dags/example_xcom.py
[2025-09-21T09:55:26.343+0545] {logging_mixin.py:190} INFO - [2025-09-21T09:55:26.343+0545] {dag.py:3239} INFO - Sync 1 DAGs
[2025-09-21T09:55:26.352+0545] {logging_mixin.py:190} INFO - [2025-09-21T09:55:26.351+0545] {dag.py:4180} INFO - Setting next_dagrun for example_xcom to 2021-01-01 00:00:00+00:00, run_after=2021-01-01 00:00:00+00:00
[2025-09-21T09:55:26.368+0545] {processor.py:208} INFO - Processing /home/ashok/miniconda3/envs/mysecondenvironment/lib/python3.8/site-packages/airflow/example_dags/example_xcom.py took 0.045 seconds
[2025-09-21T09:56:20.656+0545] {processor.py:186} INFO - Started process (PID=57221) to work on /home/ashok/miniconda3/envs/mysecondenvironment/lib/python3.8/site-packages/airflow/example_dags/example_xcom.py
[2025-09-21T09:56:20.658+0545] {processor.py:914} INFO - Processing file /home/ashok/miniconda3/envs/mysecondenvironment/lib/python3.8/site-packages/airflow/example_dags/example_xcom.py for tasks to queue
[2025-09-21T09:56:20.660+0545] {logging_mixin.py:190} INFO - [2025-09-21T09:56:20.659+0545] {dagbag.py:588} INFO - Filling up the DagBag from /home/ashok/miniconda3/envs/mysecondenvironment/lib/python3.8/site-packages/airflow/example_dags/example_xcom.py
[2025-09-21T09:56:20.665+0545] {processor.py:925} INFO - DAG(s) 'example_xcom' retrieved from /home/ashok/miniconda3/envs/mysecondenvironment/lib/python3.8/site-packages/airflow/example_dags/example_xcom.py
[2025-09-21T09:56:20.673+0545] {logging_mixin.py:190} INFO - [2025-09-21T09:56:20.673+0545] {dag.py:3239} INFO - Sync 1 DAGs
[2025-09-21T09:56:20.683+0545] {logging_mixin.py:190} INFO - [2025-09-21T09:56:20.683+0545] {dag.py:4180} INFO - Setting next_dagrun for example_xcom to 2021-01-01 00:00:00+00:00, run_after=2021-01-01 00:00:00+00:00
[2025-09-21T09:56:20.698+0545] {processor.py:208} INFO - Processing /home/ashok/miniconda3/envs/mysecondenvironment/lib/python3.8/site-packages/airflow/example_dags/example_xcom.py took 0.046 seconds
[2025-09-21T09:57:15.802+0545] {processor.py:186} INFO - Started process (PID=57576) to work on /home/ashok/miniconda3/envs/mysecondenvironment/lib/python3.8/site-packages/airflow/example_dags/example_xcom.py
[2025-09-21T09:57:15.804+0545] {processor.py:914} INFO - Processing file /home/ashok/miniconda3/envs/mysecondenvironment/lib/python3.8/site-packages/airflow/example_dags/example_xcom.py for tasks to queue
[2025-09-21T09:57:15.805+0545] {logging_mixin.py:190} INFO - [2025-09-21T09:57:15.805+0545] {dagbag.py:588} INFO - Filling up the DagBag from /home/ashok/miniconda3/envs/mysecondenvironment/lib/python3.8/site-packages/airflow/example_dags/example_xcom.py
[2025-09-21T09:57:15.810+0545] {processor.py:925} INFO - DAG(s) 'example_xcom' retrieved from /home/ashok/miniconda3/envs/mysecondenvironment/lib/python3.8/site-packages/airflow/example_dags/example_xcom.py
[2025-09-21T09:57:15.818+0545] {logging_mixin.py:190} INFO - [2025-09-21T09:57:15.818+0545] {dag.py:3239} INFO - Sync 1 DAGs
[2025-09-21T09:57:15.827+0545] {logging_mixin.py:190} INFO - [2025-09-21T09:57:15.827+0545] {dag.py:4180} INFO - Setting next_dagrun for example_xcom to 2021-01-01 00:00:00+00:00, run_after=2021-01-01 00:00:00+00:00
[2025-09-21T09:57:15.845+0545] {processor.py:208} INFO - Processing /home/ashok/miniconda3/envs/mysecondenvironment/lib/python3.8/site-packages/airflow/example_dags/example_xcom.py took 0.046 seconds
[2025-09-21T09:58:07.829+0545] {processor.py:186} INFO - Started process (PID=57957) to work on /home/ashok/miniconda3/envs/mysecondenvironment/lib/python3.8/site-packages/airflow/example_dags/example_xcom.py
[2025-09-21T09:58:07.831+0545] {processor.py:914} INFO - Processing file /home/ashok/miniconda3/envs/mysecondenvironment/lib/python3.8/site-packages/airflow/example_dags/example_xcom.py for tasks to queue
[2025-09-21T09:58:07.833+0545] {logging_mixin.py:190} INFO - [2025-09-21T09:58:07.832+0545] {dagbag.py:588} INFO - Filling up the DagBag from /home/ashok/miniconda3/envs/mysecondenvironment/lib/python3.8/site-packages/airflow/example_dags/example_xcom.py
[2025-09-21T09:58:07.838+0545] {processor.py:925} INFO - DAG(s) 'example_xcom' retrieved from /home/ashok/miniconda3/envs/mysecondenvironment/lib/python3.8/site-packages/airflow/example_dags/example_xcom.py
[2025-09-21T09:58:07.846+0545] {logging_mixin.py:190} INFO - [2025-09-21T09:58:07.846+0545] {dag.py:3239} INFO - Sync 1 DAGs
[2025-09-21T09:58:07.855+0545] {logging_mixin.py:190} INFO - [2025-09-21T09:58:07.855+0545] {dag.py:4180} INFO - Setting next_dagrun for example_xcom to 2021-01-01 00:00:00+00:00, run_after=2021-01-01 00:00:00+00:00
[2025-09-21T09:58:07.869+0545] {processor.py:208} INFO - Processing /home/ashok/miniconda3/envs/mysecondenvironment/lib/python3.8/site-packages/airflow/example_dags/example_xcom.py took 0.044 seconds
[2025-09-21T09:58:58.142+0545] {processor.py:186} INFO - Started process (PID=58286) to work on /home/ashok/miniconda3/envs/mysecondenvironment/lib/python3.8/site-packages/airflow/example_dags/example_xcom.py
[2025-09-21T09:58:58.143+0545] {processor.py:914} INFO - Processing file /home/ashok/miniconda3/envs/mysecondenvironment/lib/python3.8/site-packages/airflow/example_dags/example_xcom.py for tasks to queue
[2025-09-21T09:58:58.144+0545] {logging_mixin.py:190} INFO - [2025-09-21T09:58:58.144+0545] {dagbag.py:588} INFO - Filling up the DagBag from /home/ashok/miniconda3/envs/mysecondenvironment/lib/python3.8/site-packages/airflow/example_dags/example_xcom.py
[2025-09-21T09:58:58.150+0545] {processor.py:925} INFO - DAG(s) 'example_xcom' retrieved from /home/ashok/miniconda3/envs/mysecondenvironment/lib/python3.8/site-packages/airflow/example_dags/example_xcom.py
[2025-09-21T09:58:58.159+0545] {logging_mixin.py:190} INFO - [2025-09-21T09:58:58.159+0545] {dag.py:3239} INFO - Sync 1 DAGs
[2025-09-21T09:58:58.169+0545] {logging_mixin.py:190} INFO - [2025-09-21T09:58:58.168+0545] {dag.py:4180} INFO - Setting next_dagrun for example_xcom to 2021-01-01 00:00:00+00:00, run_after=2021-01-01 00:00:00+00:00
[2025-09-21T09:58:58.185+0545] {processor.py:208} INFO - Processing /home/ashok/miniconda3/envs/mysecondenvironment/lib/python3.8/site-packages/airflow/example_dags/example_xcom.py took 0.047 seconds
[2025-09-21T09:59:51.785+0545] {processor.py:186} INFO - Started process (PID=58668) to work on /home/ashok/miniconda3/envs/mysecondenvironment/lib/python3.8/site-packages/airflow/example_dags/example_xcom.py
[2025-09-21T09:59:51.786+0545] {processor.py:914} INFO - Processing file /home/ashok/miniconda3/envs/mysecondenvironment/lib/python3.8/site-packages/airflow/example_dags/example_xcom.py for tasks to queue
[2025-09-21T09:59:51.788+0545] {logging_mixin.py:190} INFO - [2025-09-21T09:59:51.788+0545] {dagbag.py:588} INFO - Filling up the DagBag from /home/ashok/miniconda3/envs/mysecondenvironment/lib/python3.8/site-packages/airflow/example_dags/example_xcom.py
[2025-09-21T09:59:51.793+0545] {processor.py:925} INFO - DAG(s) 'example_xcom' retrieved from /home/ashok/miniconda3/envs/mysecondenvironment/lib/python3.8/site-packages/airflow/example_dags/example_xcom.py
[2025-09-21T09:59:51.802+0545] {logging_mixin.py:190} INFO - [2025-09-21T09:59:51.802+0545] {dag.py:3239} INFO - Sync 1 DAGs
[2025-09-21T09:59:51.811+0545] {logging_mixin.py:190} INFO - [2025-09-21T09:59:51.811+0545] {dag.py:4180} INFO - Setting next_dagrun for example_xcom to 2021-01-01 00:00:00+00:00, run_after=2021-01-01 00:00:00+00:00
[2025-09-21T09:59:51.826+0545] {processor.py:208} INFO - Processing /home/ashok/miniconda3/envs/mysecondenvironment/lib/python3.8/site-packages/airflow/example_dags/example_xcom.py took 0.045 seconds
[2025-09-21T10:00:46.043+0545] {processor.py:186} INFO - Started process (PID=59025) to work on /home/ashok/miniconda3/envs/mysecondenvironment/lib/python3.8/site-packages/airflow/example_dags/example_xcom.py
[2025-09-21T10:00:46.045+0545] {processor.py:914} INFO - Processing file /home/ashok/miniconda3/envs/mysecondenvironment/lib/python3.8/site-packages/airflow/example_dags/example_xcom.py for tasks to queue
[2025-09-21T10:00:46.047+0545] {logging_mixin.py:190} INFO - [2025-09-21T10:00:46.047+0545] {dagbag.py:588} INFO - Filling up the DagBag from /home/ashok/miniconda3/envs/mysecondenvironment/lib/python3.8/site-packages/airflow/example_dags/example_xcom.py
[2025-09-21T10:00:46.053+0545] {processor.py:925} INFO - DAG(s) 'example_xcom' retrieved from /home/ashok/miniconda3/envs/mysecondenvironment/lib/python3.8/site-packages/airflow/example_dags/example_xcom.py
[2025-09-21T10:00:46.066+0545] {logging_mixin.py:190} INFO - [2025-09-21T10:00:46.065+0545] {dag.py:3239} INFO - Sync 1 DAGs
[2025-09-21T10:00:46.074+0545] {logging_mixin.py:190} INFO - [2025-09-21T10:00:46.074+0545] {dag.py:4180} INFO - Setting next_dagrun for example_xcom to 2021-01-01 00:00:00+00:00, run_after=2021-01-01 00:00:00+00:00
[2025-09-21T10:00:46.089+0545] {processor.py:208} INFO - Processing /home/ashok/miniconda3/envs/mysecondenvironment/lib/python3.8/site-packages/airflow/example_dags/example_xcom.py took 0.050 seconds
[2025-09-21T10:03:09.296+0545] {processor.py:186} INFO - Started process (PID=60769) to work on /home/ashok/miniconda3/envs/mysecondenvironment/lib/python3.8/site-packages/airflow/example_dags/example_xcom.py
[2025-09-21T10:03:09.297+0545] {processor.py:914} INFO - Processing file /home/ashok/miniconda3/envs/mysecondenvironment/lib/python3.8/site-packages/airflow/example_dags/example_xcom.py for tasks to queue
[2025-09-21T10:03:09.298+0545] {logging_mixin.py:190} INFO - [2025-09-21T10:03:09.298+0545] {dagbag.py:588} INFO - Filling up the DagBag from /home/ashok/miniconda3/envs/mysecondenvironment/lib/python3.8/site-packages/airflow/example_dags/example_xcom.py
[2025-09-21T10:03:09.303+0545] {processor.py:925} INFO - DAG(s) 'example_xcom' retrieved from /home/ashok/miniconda3/envs/mysecondenvironment/lib/python3.8/site-packages/airflow/example_dags/example_xcom.py
[2025-09-21T10:03:09.311+0545] {logging_mixin.py:190} INFO - [2025-09-21T10:03:09.311+0545] {dag.py:3239} INFO - Sync 1 DAGs
[2025-09-21T10:03:09.320+0545] {logging_mixin.py:190} INFO - [2025-09-21T10:03:09.320+0545] {dag.py:4180} INFO - Setting next_dagrun for example_xcom to 2021-01-01 00:00:00+00:00, run_after=2021-01-01 00:00:00+00:00
[2025-09-21T10:03:09.336+0545] {processor.py:208} INFO - Processing /home/ashok/miniconda3/envs/mysecondenvironment/lib/python3.8/site-packages/airflow/example_dags/example_xcom.py took 0.044 seconds
[2025-09-21T10:04:02.019+0545] {processor.py:186} INFO - Started process (PID=61152) to work on /home/ashok/miniconda3/envs/mysecondenvironment/lib/python3.8/site-packages/airflow/example_dags/example_xcom.py
[2025-09-21T10:04:02.020+0545] {processor.py:914} INFO - Processing file /home/ashok/miniconda3/envs/mysecondenvironment/lib/python3.8/site-packages/airflow/example_dags/example_xcom.py for tasks to queue
[2025-09-21T10:04:02.022+0545] {logging_mixin.py:190} INFO - [2025-09-21T10:04:02.021+0545] {dagbag.py:588} INFO - Filling up the DagBag from /home/ashok/miniconda3/envs/mysecondenvironment/lib/python3.8/site-packages/airflow/example_dags/example_xcom.py
[2025-09-21T10:04:02.027+0545] {processor.py:925} INFO - DAG(s) 'example_xcom' retrieved from /home/ashok/miniconda3/envs/mysecondenvironment/lib/python3.8/site-packages/airflow/example_dags/example_xcom.py
[2025-09-21T10:04:02.035+0545] {logging_mixin.py:190} INFO - [2025-09-21T10:04:02.035+0545] {dag.py:3239} INFO - Sync 1 DAGs
[2025-09-21T10:04:02.044+0545] {logging_mixin.py:190} INFO - [2025-09-21T10:04:02.044+0545] {dag.py:4180} INFO - Setting next_dagrun for example_xcom to 2021-01-01 00:00:00+00:00, run_after=2021-01-01 00:00:00+00:00
[2025-09-21T10:04:02.061+0545] {processor.py:208} INFO - Processing /home/ashok/miniconda3/envs/mysecondenvironment/lib/python3.8/site-packages/airflow/example_dags/example_xcom.py took 0.046 seconds
[2025-09-21T10:04:59.601+0545] {processor.py:186} INFO - Started process (PID=61568) to work on /home/ashok/miniconda3/envs/mysecondenvironment/lib/python3.8/site-packages/airflow/example_dags/example_xcom.py
[2025-09-21T10:04:59.603+0545] {processor.py:914} INFO - Processing file /home/ashok/miniconda3/envs/mysecondenvironment/lib/python3.8/site-packages/airflow/example_dags/example_xcom.py for tasks to queue
[2025-09-21T10:04:59.604+0545] {logging_mixin.py:190} INFO - [2025-09-21T10:04:59.604+0545] {dagbag.py:588} INFO - Filling up the DagBag from /home/ashok/miniconda3/envs/mysecondenvironment/lib/python3.8/site-packages/airflow/example_dags/example_xcom.py
[2025-09-21T10:04:59.611+0545] {processor.py:925} INFO - DAG(s) 'example_xcom' retrieved from /home/ashok/miniconda3/envs/mysecondenvironment/lib/python3.8/site-packages/airflow/example_dags/example_xcom.py
[2025-09-21T10:04:59.621+0545] {logging_mixin.py:190} INFO - [2025-09-21T10:04:59.621+0545] {dag.py:3239} INFO - Sync 1 DAGs
[2025-09-21T10:04:59.632+0545] {logging_mixin.py:190} INFO - [2025-09-21T10:04:59.632+0545] {dag.py:4180} INFO - Setting next_dagrun for example_xcom to 2021-01-01 00:00:00+00:00, run_after=2021-01-01 00:00:00+00:00
[2025-09-21T10:04:59.649+0545] {processor.py:208} INFO - Processing /home/ashok/miniconda3/envs/mysecondenvironment/lib/python3.8/site-packages/airflow/example_dags/example_xcom.py took 0.054 seconds
[2025-09-21T10:05:53.735+0545] {processor.py:186} INFO - Started process (PID=62013) to work on /home/ashok/miniconda3/envs/mysecondenvironment/lib/python3.8/site-packages/airflow/example_dags/example_xcom.py
[2025-09-21T10:05:53.737+0545] {processor.py:914} INFO - Processing file /home/ashok/miniconda3/envs/mysecondenvironment/lib/python3.8/site-packages/airflow/example_dags/example_xcom.py for tasks to queue
[2025-09-21T10:05:53.739+0545] {logging_mixin.py:190} INFO - [2025-09-21T10:05:53.739+0545] {dagbag.py:588} INFO - Filling up the DagBag from /home/ashok/miniconda3/envs/mysecondenvironment/lib/python3.8/site-packages/airflow/example_dags/example_xcom.py
[2025-09-21T10:05:53.746+0545] {processor.py:925} INFO - DAG(s) 'example_xcom' retrieved from /home/ashok/miniconda3/envs/mysecondenvironment/lib/python3.8/site-packages/airflow/example_dags/example_xcom.py
[2025-09-21T10:05:53.756+0545] {logging_mixin.py:190} INFO - [2025-09-21T10:05:53.756+0545] {dag.py:3239} INFO - Sync 1 DAGs
[2025-09-21T10:05:53.766+0545] {logging_mixin.py:190} INFO - [2025-09-21T10:05:53.766+0545] {dag.py:4180} INFO - Setting next_dagrun for example_xcom to 2021-01-01 00:00:00+00:00, run_after=2021-01-01 00:00:00+00:00
[2025-09-21T10:05:53.785+0545] {processor.py:208} INFO - Processing /home/ashok/miniconda3/envs/mysecondenvironment/lib/python3.8/site-packages/airflow/example_dags/example_xcom.py took 0.055 seconds
[2025-09-21T10:06:48.809+0545] {processor.py:186} INFO - Started process (PID=62509) to work on /home/ashok/miniconda3/envs/mysecondenvironment/lib/python3.8/site-packages/airflow/example_dags/example_xcom.py
[2025-09-21T10:06:48.810+0545] {processor.py:914} INFO - Processing file /home/ashok/miniconda3/envs/mysecondenvironment/lib/python3.8/site-packages/airflow/example_dags/example_xcom.py for tasks to queue
[2025-09-21T10:06:48.811+0545] {logging_mixin.py:190} INFO - [2025-09-21T10:06:48.811+0545] {dagbag.py:588} INFO - Filling up the DagBag from /home/ashok/miniconda3/envs/mysecondenvironment/lib/python3.8/site-packages/airflow/example_dags/example_xcom.py
[2025-09-21T10:06:48.816+0545] {processor.py:925} INFO - DAG(s) 'example_xcom' retrieved from /home/ashok/miniconda3/envs/mysecondenvironment/lib/python3.8/site-packages/airflow/example_dags/example_xcom.py
[2025-09-21T10:06:48.824+0545] {logging_mixin.py:190} INFO - [2025-09-21T10:06:48.824+0545] {dag.py:3239} INFO - Sync 1 DAGs
[2025-09-21T10:06:48.833+0545] {logging_mixin.py:190} INFO - [2025-09-21T10:06:48.833+0545] {dag.py:4180} INFO - Setting next_dagrun for example_xcom to 2021-01-01 00:00:00+00:00, run_after=2021-01-01 00:00:00+00:00
[2025-09-21T10:06:48.847+0545] {processor.py:208} INFO - Processing /home/ashok/miniconda3/envs/mysecondenvironment/lib/python3.8/site-packages/airflow/example_dags/example_xcom.py took 0.041 seconds
[2025-09-21T10:07:46.150+0545] {processor.py:186} INFO - Started process (PID=63004) to work on /home/ashok/miniconda3/envs/mysecondenvironment/lib/python3.8/site-packages/airflow/example_dags/example_xcom.py
[2025-09-21T10:07:46.151+0545] {processor.py:914} INFO - Processing file /home/ashok/miniconda3/envs/mysecondenvironment/lib/python3.8/site-packages/airflow/example_dags/example_xcom.py for tasks to queue
[2025-09-21T10:07:46.152+0545] {logging_mixin.py:190} INFO - [2025-09-21T10:07:46.152+0545] {dagbag.py:588} INFO - Filling up the DagBag from /home/ashok/miniconda3/envs/mysecondenvironment/lib/python3.8/site-packages/airflow/example_dags/example_xcom.py
[2025-09-21T10:07:46.158+0545] {processor.py:925} INFO - DAG(s) 'example_xcom' retrieved from /home/ashok/miniconda3/envs/mysecondenvironment/lib/python3.8/site-packages/airflow/example_dags/example_xcom.py
[2025-09-21T10:07:46.167+0545] {logging_mixin.py:190} INFO - [2025-09-21T10:07:46.167+0545] {dag.py:3239} INFO - Sync 1 DAGs
[2025-09-21T10:07:46.177+0545] {logging_mixin.py:190} INFO - [2025-09-21T10:07:46.177+0545] {dag.py:4180} INFO - Setting next_dagrun for example_xcom to 2021-01-01 00:00:00+00:00, run_after=2021-01-01 00:00:00+00:00
[2025-09-21T10:07:46.194+0545] {processor.py:208} INFO - Processing /home/ashok/miniconda3/envs/mysecondenvironment/lib/python3.8/site-packages/airflow/example_dags/example_xcom.py took 0.048 seconds
[2025-09-21T10:08:45.573+0545] {processor.py:186} INFO - Started process (PID=63647) to work on /home/ashok/miniconda3/envs/mysecondenvironment/lib/python3.8/site-packages/airflow/example_dags/example_xcom.py
[2025-09-21T10:08:45.575+0545] {processor.py:914} INFO - Processing file /home/ashok/miniconda3/envs/mysecondenvironment/lib/python3.8/site-packages/airflow/example_dags/example_xcom.py for tasks to queue
[2025-09-21T10:08:45.576+0545] {logging_mixin.py:190} INFO - [2025-09-21T10:08:45.576+0545] {dagbag.py:588} INFO - Filling up the DagBag from /home/ashok/miniconda3/envs/mysecondenvironment/lib/python3.8/site-packages/airflow/example_dags/example_xcom.py
[2025-09-21T10:08:45.581+0545] {processor.py:925} INFO - DAG(s) 'example_xcom' retrieved from /home/ashok/miniconda3/envs/mysecondenvironment/lib/python3.8/site-packages/airflow/example_dags/example_xcom.py
[2025-09-21T10:08:45.589+0545] {logging_mixin.py:190} INFO - [2025-09-21T10:08:45.589+0545] {dag.py:3239} INFO - Sync 1 DAGs
[2025-09-21T10:08:45.597+0545] {logging_mixin.py:190} INFO - [2025-09-21T10:08:45.597+0545] {dag.py:4180} INFO - Setting next_dagrun for example_xcom to 2021-01-01 00:00:00+00:00, run_after=2021-01-01 00:00:00+00:00
[2025-09-21T10:08:45.617+0545] {processor.py:208} INFO - Processing /home/ashok/miniconda3/envs/mysecondenvironment/lib/python3.8/site-packages/airflow/example_dags/example_xcom.py took 0.048 seconds
[2025-09-21T10:09:39.888+0545] {processor.py:186} INFO - Started process (PID=64137) to work on /home/ashok/miniconda3/envs/mysecondenvironment/lib/python3.8/site-packages/airflow/example_dags/example_xcom.py
[2025-09-21T10:09:39.891+0545] {processor.py:914} INFO - Processing file /home/ashok/miniconda3/envs/mysecondenvironment/lib/python3.8/site-packages/airflow/example_dags/example_xcom.py for tasks to queue
[2025-09-21T10:09:39.892+0545] {logging_mixin.py:190} INFO - [2025-09-21T10:09:39.892+0545] {dagbag.py:588} INFO - Filling up the DagBag from /home/ashok/miniconda3/envs/mysecondenvironment/lib/python3.8/site-packages/airflow/example_dags/example_xcom.py
[2025-09-21T10:09:39.897+0545] {processor.py:925} INFO - DAG(s) 'example_xcom' retrieved from /home/ashok/miniconda3/envs/mysecondenvironment/lib/python3.8/site-packages/airflow/example_dags/example_xcom.py
[2025-09-21T10:09:39.905+0545] {logging_mixin.py:190} INFO - [2025-09-21T10:09:39.904+0545] {dag.py:3239} INFO - Sync 1 DAGs
[2025-09-21T10:09:39.914+0545] {logging_mixin.py:190} INFO - [2025-09-21T10:09:39.914+0545] {dag.py:4180} INFO - Setting next_dagrun for example_xcom to 2021-01-01 00:00:00+00:00, run_after=2021-01-01 00:00:00+00:00
[2025-09-21T10:09:39.933+0545] {processor.py:208} INFO - Processing /home/ashok/miniconda3/envs/mysecondenvironment/lib/python3.8/site-packages/airflow/example_dags/example_xcom.py took 0.049 seconds
[2025-09-21T10:10:34.214+0545] {processor.py:186} INFO - Started process (PID=64595) to work on /home/ashok/miniconda3/envs/mysecondenvironment/lib/python3.8/site-packages/airflow/example_dags/example_xcom.py
[2025-09-21T10:10:34.215+0545] {processor.py:914} INFO - Processing file /home/ashok/miniconda3/envs/mysecondenvironment/lib/python3.8/site-packages/airflow/example_dags/example_xcom.py for tasks to queue
[2025-09-21T10:10:34.216+0545] {logging_mixin.py:190} INFO - [2025-09-21T10:10:34.216+0545] {dagbag.py:588} INFO - Filling up the DagBag from /home/ashok/miniconda3/envs/mysecondenvironment/lib/python3.8/site-packages/airflow/example_dags/example_xcom.py
[2025-09-21T10:10:34.222+0545] {processor.py:925} INFO - DAG(s) 'example_xcom' retrieved from /home/ashok/miniconda3/envs/mysecondenvironment/lib/python3.8/site-packages/airflow/example_dags/example_xcom.py
[2025-09-21T10:10:34.236+0545] {logging_mixin.py:190} INFO - [2025-09-21T10:10:34.236+0545] {dag.py:3239} INFO - Sync 1 DAGs
[2025-09-21T10:10:34.246+0545] {logging_mixin.py:190} INFO - [2025-09-21T10:10:34.246+0545] {dag.py:4180} INFO - Setting next_dagrun for example_xcom to 2021-01-01 00:00:00+00:00, run_after=2021-01-01 00:00:00+00:00
[2025-09-21T10:10:34.263+0545] {processor.py:208} INFO - Processing /home/ashok/miniconda3/envs/mysecondenvironment/lib/python3.8/site-packages/airflow/example_dags/example_xcom.py took 0.053 seconds
[2025-09-21T10:11:28.701+0545] {processor.py:186} INFO - Started process (PID=65066) to work on /home/ashok/miniconda3/envs/mysecondenvironment/lib/python3.8/site-packages/airflow/example_dags/example_xcom.py
[2025-09-21T10:11:28.702+0545] {processor.py:914} INFO - Processing file /home/ashok/miniconda3/envs/mysecondenvironment/lib/python3.8/site-packages/airflow/example_dags/example_xcom.py for tasks to queue
[2025-09-21T10:11:28.704+0545] {logging_mixin.py:190} INFO - [2025-09-21T10:11:28.703+0545] {dagbag.py:588} INFO - Filling up the DagBag from /home/ashok/miniconda3/envs/mysecondenvironment/lib/python3.8/site-packages/airflow/example_dags/example_xcom.py
[2025-09-21T10:11:28.709+0545] {processor.py:925} INFO - DAG(s) 'example_xcom' retrieved from /home/ashok/miniconda3/envs/mysecondenvironment/lib/python3.8/site-packages/airflow/example_dags/example_xcom.py
[2025-09-21T10:11:28.717+0545] {logging_mixin.py:190} INFO - [2025-09-21T10:11:28.717+0545] {dag.py:3239} INFO - Sync 1 DAGs
[2025-09-21T10:11:28.726+0545] {logging_mixin.py:190} INFO - [2025-09-21T10:11:28.726+0545] {dag.py:4180} INFO - Setting next_dagrun for example_xcom to 2021-01-01 00:00:00+00:00, run_after=2021-01-01 00:00:00+00:00
[2025-09-21T10:11:28.741+0545] {processor.py:208} INFO - Processing /home/ashok/miniconda3/envs/mysecondenvironment/lib/python3.8/site-packages/airflow/example_dags/example_xcom.py took 0.044 seconds
[2025-09-21T10:12:25.630+0545] {processor.py:186} INFO - Started process (PID=65477) to work on /home/ashok/miniconda3/envs/mysecondenvironment/lib/python3.8/site-packages/airflow/example_dags/example_xcom.py
[2025-09-21T10:12:25.632+0545] {processor.py:914} INFO - Processing file /home/ashok/miniconda3/envs/mysecondenvironment/lib/python3.8/site-packages/airflow/example_dags/example_xcom.py for tasks to queue
[2025-09-21T10:12:25.633+0545] {logging_mixin.py:190} INFO - [2025-09-21T10:12:25.632+0545] {dagbag.py:588} INFO - Filling up the DagBag from /home/ashok/miniconda3/envs/mysecondenvironment/lib/python3.8/site-packages/airflow/example_dags/example_xcom.py
[2025-09-21T10:12:25.638+0545] {processor.py:925} INFO - DAG(s) 'example_xcom' retrieved from /home/ashok/miniconda3/envs/mysecondenvironment/lib/python3.8/site-packages/airflow/example_dags/example_xcom.py
[2025-09-21T10:12:25.649+0545] {logging_mixin.py:190} INFO - [2025-09-21T10:12:25.649+0545] {dag.py:3239} INFO - Sync 1 DAGs
[2025-09-21T10:12:25.657+0545] {logging_mixin.py:190} INFO - [2025-09-21T10:12:25.657+0545] {dag.py:4180} INFO - Setting next_dagrun for example_xcom to 2021-01-01 00:00:00+00:00, run_after=2021-01-01 00:00:00+00:00
[2025-09-21T10:12:25.672+0545] {processor.py:208} INFO - Processing /home/ashok/miniconda3/envs/mysecondenvironment/lib/python3.8/site-packages/airflow/example_dags/example_xcom.py took 0.046 seconds
[2025-09-21T10:13:20.042+0545] {processor.py:186} INFO - Started process (PID=65906) to work on /home/ashok/miniconda3/envs/mysecondenvironment/lib/python3.8/site-packages/airflow/example_dags/example_xcom.py
[2025-09-21T10:13:20.044+0545] {processor.py:914} INFO - Processing file /home/ashok/miniconda3/envs/mysecondenvironment/lib/python3.8/site-packages/airflow/example_dags/example_xcom.py for tasks to queue
[2025-09-21T10:13:20.045+0545] {logging_mixin.py:190} INFO - [2025-09-21T10:13:20.045+0545] {dagbag.py:588} INFO - Filling up the DagBag from /home/ashok/miniconda3/envs/mysecondenvironment/lib/python3.8/site-packages/airflow/example_dags/example_xcom.py
[2025-09-21T10:13:20.052+0545] {processor.py:925} INFO - DAG(s) 'example_xcom' retrieved from /home/ashok/miniconda3/envs/mysecondenvironment/lib/python3.8/site-packages/airflow/example_dags/example_xcom.py
[2025-09-21T10:13:20.061+0545] {logging_mixin.py:190} INFO - [2025-09-21T10:13:20.061+0545] {dag.py:3239} INFO - Sync 1 DAGs
[2025-09-21T10:13:20.161+0545] {logging_mixin.py:190} INFO - [2025-09-21T10:13:20.161+0545] {dag.py:4180} INFO - Setting next_dagrun for example_xcom to 2021-01-01 00:00:00+00:00, run_after=2021-01-01 00:00:00+00:00
[2025-09-21T10:13:20.176+0545] {processor.py:208} INFO - Processing /home/ashok/miniconda3/envs/mysecondenvironment/lib/python3.8/site-packages/airflow/example_dags/example_xcom.py took 0.137 seconds
