[2025-09-21T08:37:29.157+0545] {processor.py:186} INFO - Started process (PID=24074) to work on /home/ashok/miniconda3/envs/mysecondenvironment/lib/python3.8/site-packages/airflow/example_dags/example_dynamic_task_mapping.py
[2025-09-21T08:37:29.157+0545] {processor.py:914} INFO - Processing file /home/ashok/miniconda3/envs/mysecondenvironment/lib/python3.8/site-packages/airflow/example_dags/example_dynamic_task_mapping.py for tasks to queue
[2025-09-21T08:37:29.159+0545] {logging_mixin.py:190} INFO - [2025-09-21T08:37:29.158+0545] {dagbag.py:588} INFO - Filling up the DagBag from /home/ashok/miniconda3/envs/mysecondenvironment/lib/python3.8/site-packages/airflow/example_dags/example_dynamic_task_mapping.py
[2025-09-21T08:37:29.163+0545] {processor.py:925} INFO - DAG(s) 'example_dynamic_task_mapping' retrieved from /home/ashok/miniconda3/envs/mysecondenvironment/lib/python3.8/site-packages/airflow/example_dags/example_dynamic_task_mapping.py
[2025-09-21T08:37:29.171+0545] {logging_mixin.py:190} INFO - [2025-09-21T08:37:29.171+0545] {dag.py:3239} INFO - Sync 1 DAGs
[2025-09-21T08:37:29.178+0545] {logging_mixin.py:190} INFO - [2025-09-21T08:37:29.178+0545] {dag.py:4180} INFO - Setting next_dagrun for example_dynamic_task_mapping to None, run_after=None
[2025-09-21T08:37:29.195+0545] {processor.py:208} INFO - Processing /home/ashok/miniconda3/envs/mysecondenvironment/lib/python3.8/site-packages/airflow/example_dags/example_dynamic_task_mapping.py took 0.043 seconds
[2025-09-21T08:40:25.815+0545] {processor.py:186} INFO - Started process (PID=26428) to work on /home/ashok/miniconda3/envs/mysecondenvironment/lib/python3.8/site-packages/airflow/example_dags/example_dynamic_task_mapping.py
[2025-09-21T08:40:25.818+0545] {processor.py:914} INFO - Processing file /home/ashok/miniconda3/envs/mysecondenvironment/lib/python3.8/site-packages/airflow/example_dags/example_dynamic_task_mapping.py for tasks to queue
[2025-09-21T08:40:25.819+0545] {logging_mixin.py:190} INFO - [2025-09-21T08:40:25.819+0545] {dagbag.py:588} INFO - Filling up the DagBag from /home/ashok/miniconda3/envs/mysecondenvironment/lib/python3.8/site-packages/airflow/example_dags/example_dynamic_task_mapping.py
[2025-09-21T08:40:25.823+0545] {processor.py:925} INFO - DAG(s) 'example_dynamic_task_mapping' retrieved from /home/ashok/miniconda3/envs/mysecondenvironment/lib/python3.8/site-packages/airflow/example_dags/example_dynamic_task_mapping.py
[2025-09-21T08:40:25.830+0545] {logging_mixin.py:190} INFO - [2025-09-21T08:40:25.830+0545] {dag.py:3239} INFO - Sync 1 DAGs
[2025-09-21T08:40:25.836+0545] {logging_mixin.py:190} INFO - [2025-09-21T08:40:25.836+0545] {dag.py:4180} INFO - Setting next_dagrun for example_dynamic_task_mapping to None, run_after=None
[2025-09-21T08:40:25.853+0545] {processor.py:208} INFO - Processing /home/ashok/miniconda3/envs/mysecondenvironment/lib/python3.8/site-packages/airflow/example_dags/example_dynamic_task_mapping.py took 0.041 seconds
[2025-09-21T08:41:26.637+0545] {processor.py:186} INFO - Started process (PID=26857) to work on /home/ashok/miniconda3/envs/mysecondenvironment/lib/python3.8/site-packages/airflow/example_dags/example_dynamic_task_mapping.py
[2025-09-21T08:41:26.639+0545] {processor.py:914} INFO - Processing file /home/ashok/miniconda3/envs/mysecondenvironment/lib/python3.8/site-packages/airflow/example_dags/example_dynamic_task_mapping.py for tasks to queue
[2025-09-21T08:41:26.640+0545] {logging_mixin.py:190} INFO - [2025-09-21T08:41:26.640+0545] {dagbag.py:588} INFO - Filling up the DagBag from /home/ashok/miniconda3/envs/mysecondenvironment/lib/python3.8/site-packages/airflow/example_dags/example_dynamic_task_mapping.py
[2025-09-21T08:41:26.645+0545] {processor.py:925} INFO - DAG(s) 'example_dynamic_task_mapping' retrieved from /home/ashok/miniconda3/envs/mysecondenvironment/lib/python3.8/site-packages/airflow/example_dags/example_dynamic_task_mapping.py
[2025-09-21T08:41:26.653+0545] {logging_mixin.py:190} INFO - [2025-09-21T08:41:26.652+0545] {dag.py:3239} INFO - Sync 1 DAGs
[2025-09-21T08:41:26.658+0545] {logging_mixin.py:190} INFO - [2025-09-21T08:41:26.658+0545] {dag.py:4180} INFO - Setting next_dagrun for example_dynamic_task_mapping to None, run_after=None
[2025-09-21T08:41:26.672+0545] {processor.py:208} INFO - Processing /home/ashok/miniconda3/envs/mysecondenvironment/lib/python3.8/site-packages/airflow/example_dags/example_dynamic_task_mapping.py took 0.038 seconds
[2025-09-21T08:42:23.623+0545] {processor.py:186} INFO - Started process (PID=27342) to work on /home/ashok/miniconda3/envs/mysecondenvironment/lib/python3.8/site-packages/airflow/example_dags/example_dynamic_task_mapping.py
[2025-09-21T08:42:23.625+0545] {processor.py:914} INFO - Processing file /home/ashok/miniconda3/envs/mysecondenvironment/lib/python3.8/site-packages/airflow/example_dags/example_dynamic_task_mapping.py for tasks to queue
[2025-09-21T08:42:23.627+0545] {logging_mixin.py:190} INFO - [2025-09-21T08:42:23.627+0545] {dagbag.py:588} INFO - Filling up the DagBag from /home/ashok/miniconda3/envs/mysecondenvironment/lib/python3.8/site-packages/airflow/example_dags/example_dynamic_task_mapping.py
[2025-09-21T08:42:23.635+0545] {processor.py:925} INFO - DAG(s) 'example_dynamic_task_mapping' retrieved from /home/ashok/miniconda3/envs/mysecondenvironment/lib/python3.8/site-packages/airflow/example_dags/example_dynamic_task_mapping.py
[2025-09-21T08:42:23.643+0545] {logging_mixin.py:190} INFO - [2025-09-21T08:42:23.643+0545] {dag.py:3239} INFO - Sync 1 DAGs
[2025-09-21T08:42:23.649+0545] {logging_mixin.py:190} INFO - [2025-09-21T08:42:23.649+0545] {dag.py:4180} INFO - Setting next_dagrun for example_dynamic_task_mapping to None, run_after=None
[2025-09-21T08:42:23.664+0545] {processor.py:208} INFO - Processing /home/ashok/miniconda3/envs/mysecondenvironment/lib/python3.8/site-packages/airflow/example_dags/example_dynamic_task_mapping.py took 0.046 seconds
[2025-09-21T08:43:18.794+0545] {processor.py:186} INFO - Started process (PID=27735) to work on /home/ashok/miniconda3/envs/mysecondenvironment/lib/python3.8/site-packages/airflow/example_dags/example_dynamic_task_mapping.py
[2025-09-21T08:43:18.796+0545] {processor.py:914} INFO - Processing file /home/ashok/miniconda3/envs/mysecondenvironment/lib/python3.8/site-packages/airflow/example_dags/example_dynamic_task_mapping.py for tasks to queue
[2025-09-21T08:43:18.797+0545] {logging_mixin.py:190} INFO - [2025-09-21T08:43:18.797+0545] {dagbag.py:588} INFO - Filling up the DagBag from /home/ashok/miniconda3/envs/mysecondenvironment/lib/python3.8/site-packages/airflow/example_dags/example_dynamic_task_mapping.py
[2025-09-21T08:43:18.801+0545] {processor.py:925} INFO - DAG(s) 'example_dynamic_task_mapping' retrieved from /home/ashok/miniconda3/envs/mysecondenvironment/lib/python3.8/site-packages/airflow/example_dags/example_dynamic_task_mapping.py
[2025-09-21T08:43:18.809+0545] {logging_mixin.py:190} INFO - [2025-09-21T08:43:18.809+0545] {dag.py:3239} INFO - Sync 1 DAGs
[2025-09-21T08:43:18.815+0545] {logging_mixin.py:190} INFO - [2025-09-21T08:43:18.815+0545] {dag.py:4180} INFO - Setting next_dagrun for example_dynamic_task_mapping to None, run_after=None
[2025-09-21T08:43:18.833+0545] {processor.py:208} INFO - Processing /home/ashok/miniconda3/envs/mysecondenvironment/lib/python3.8/site-packages/airflow/example_dags/example_dynamic_task_mapping.py took 0.042 seconds
[2025-09-21T08:44:17.240+0545] {processor.py:186} INFO - Started process (PID=28112) to work on /home/ashok/miniconda3/envs/mysecondenvironment/lib/python3.8/site-packages/airflow/example_dags/example_dynamic_task_mapping.py
[2025-09-21T08:44:17.241+0545] {processor.py:914} INFO - Processing file /home/ashok/miniconda3/envs/mysecondenvironment/lib/python3.8/site-packages/airflow/example_dags/example_dynamic_task_mapping.py for tasks to queue
[2025-09-21T08:44:17.243+0545] {logging_mixin.py:190} INFO - [2025-09-21T08:44:17.243+0545] {dagbag.py:588} INFO - Filling up the DagBag from /home/ashok/miniconda3/envs/mysecondenvironment/lib/python3.8/site-packages/airflow/example_dags/example_dynamic_task_mapping.py
[2025-09-21T08:44:17.248+0545] {processor.py:925} INFO - DAG(s) 'example_dynamic_task_mapping' retrieved from /home/ashok/miniconda3/envs/mysecondenvironment/lib/python3.8/site-packages/airflow/example_dags/example_dynamic_task_mapping.py
[2025-09-21T08:44:17.256+0545] {logging_mixin.py:190} INFO - [2025-09-21T08:44:17.256+0545] {dag.py:3239} INFO - Sync 1 DAGs
[2025-09-21T08:44:17.262+0545] {logging_mixin.py:190} INFO - [2025-09-21T08:44:17.262+0545] {dag.py:4180} INFO - Setting next_dagrun for example_dynamic_task_mapping to None, run_after=None
[2025-09-21T08:44:17.277+0545] {processor.py:208} INFO - Processing /home/ashok/miniconda3/envs/mysecondenvironment/lib/python3.8/site-packages/airflow/example_dags/example_dynamic_task_mapping.py took 0.041 seconds
[2025-09-21T08:45:19.004+0545] {processor.py:186} INFO - Started process (PID=28512) to work on /home/ashok/miniconda3/envs/mysecondenvironment/lib/python3.8/site-packages/airflow/example_dags/example_dynamic_task_mapping.py
[2025-09-21T08:45:19.006+0545] {processor.py:914} INFO - Processing file /home/ashok/miniconda3/envs/mysecondenvironment/lib/python3.8/site-packages/airflow/example_dags/example_dynamic_task_mapping.py for tasks to queue
[2025-09-21T08:45:19.007+0545] {logging_mixin.py:190} INFO - [2025-09-21T08:45:19.007+0545] {dagbag.py:588} INFO - Filling up the DagBag from /home/ashok/miniconda3/envs/mysecondenvironment/lib/python3.8/site-packages/airflow/example_dags/example_dynamic_task_mapping.py
[2025-09-21T08:45:19.011+0545] {processor.py:925} INFO - DAG(s) 'example_dynamic_task_mapping' retrieved from /home/ashok/miniconda3/envs/mysecondenvironment/lib/python3.8/site-packages/airflow/example_dags/example_dynamic_task_mapping.py
[2025-09-21T08:45:19.019+0545] {logging_mixin.py:190} INFO - [2025-09-21T08:45:19.019+0545] {dag.py:3239} INFO - Sync 1 DAGs
[2025-09-21T08:45:19.025+0545] {logging_mixin.py:190} INFO - [2025-09-21T08:45:19.024+0545] {dag.py:4180} INFO - Setting next_dagrun for example_dynamic_task_mapping to None, run_after=None
[2025-09-21T08:45:19.042+0545] {processor.py:208} INFO - Processing /home/ashok/miniconda3/envs/mysecondenvironment/lib/python3.8/site-packages/airflow/example_dags/example_dynamic_task_mapping.py took 0.042 seconds
[2025-09-21T08:46:17.074+0545] {processor.py:186} INFO - Started process (PID=28936) to work on /home/ashok/miniconda3/envs/mysecondenvironment/lib/python3.8/site-packages/airflow/example_dags/example_dynamic_task_mapping.py
[2025-09-21T08:46:17.075+0545] {processor.py:914} INFO - Processing file /home/ashok/miniconda3/envs/mysecondenvironment/lib/python3.8/site-packages/airflow/example_dags/example_dynamic_task_mapping.py for tasks to queue
[2025-09-21T08:46:17.077+0545] {logging_mixin.py:190} INFO - [2025-09-21T08:46:17.077+0545] {dagbag.py:588} INFO - Filling up the DagBag from /home/ashok/miniconda3/envs/mysecondenvironment/lib/python3.8/site-packages/airflow/example_dags/example_dynamic_task_mapping.py
[2025-09-21T08:46:17.082+0545] {processor.py:925} INFO - DAG(s) 'example_dynamic_task_mapping' retrieved from /home/ashok/miniconda3/envs/mysecondenvironment/lib/python3.8/site-packages/airflow/example_dags/example_dynamic_task_mapping.py
[2025-09-21T08:46:17.090+0545] {logging_mixin.py:190} INFO - [2025-09-21T08:46:17.090+0545] {dag.py:3239} INFO - Sync 1 DAGs
[2025-09-21T08:46:17.096+0545] {logging_mixin.py:190} INFO - [2025-09-21T08:46:17.096+0545] {dag.py:4180} INFO - Setting next_dagrun for example_dynamic_task_mapping to None, run_after=None
[2025-09-21T08:46:17.110+0545] {processor.py:208} INFO - Processing /home/ashok/miniconda3/envs/mysecondenvironment/lib/python3.8/site-packages/airflow/example_dags/example_dynamic_task_mapping.py took 0.040 seconds
[2025-09-21T08:47:11.878+0545] {processor.py:186} INFO - Started process (PID=29308) to work on /home/ashok/miniconda3/envs/mysecondenvironment/lib/python3.8/site-packages/airflow/example_dags/example_dynamic_task_mapping.py
[2025-09-21T08:47:11.880+0545] {processor.py:914} INFO - Processing file /home/ashok/miniconda3/envs/mysecondenvironment/lib/python3.8/site-packages/airflow/example_dags/example_dynamic_task_mapping.py for tasks to queue
[2025-09-21T08:47:11.882+0545] {logging_mixin.py:190} INFO - [2025-09-21T08:47:11.881+0545] {dagbag.py:588} INFO - Filling up the DagBag from /home/ashok/miniconda3/envs/mysecondenvironment/lib/python3.8/site-packages/airflow/example_dags/example_dynamic_task_mapping.py
[2025-09-21T08:47:11.886+0545] {processor.py:925} INFO - DAG(s) 'example_dynamic_task_mapping' retrieved from /home/ashok/miniconda3/envs/mysecondenvironment/lib/python3.8/site-packages/airflow/example_dags/example_dynamic_task_mapping.py
[2025-09-21T08:47:11.895+0545] {logging_mixin.py:190} INFO - [2025-09-21T08:47:11.894+0545] {dag.py:3239} INFO - Sync 1 DAGs
[2025-09-21T08:47:11.901+0545] {logging_mixin.py:190} INFO - [2025-09-21T08:47:11.901+0545] {dag.py:4180} INFO - Setting next_dagrun for example_dynamic_task_mapping to None, run_after=None
[2025-09-21T08:47:11.917+0545] {processor.py:208} INFO - Processing /home/ashok/miniconda3/envs/mysecondenvironment/lib/python3.8/site-packages/airflow/example_dags/example_dynamic_task_mapping.py took 0.042 seconds
[2025-09-21T09:44:00.550+0545] {processor.py:186} INFO - Started process (PID=49692) to work on /home/ashok/miniconda3/envs/mysecondenvironment/lib/python3.8/site-packages/airflow/example_dags/example_dynamic_task_mapping.py
[2025-09-21T09:44:00.551+0545] {processor.py:914} INFO - Processing file /home/ashok/miniconda3/envs/mysecondenvironment/lib/python3.8/site-packages/airflow/example_dags/example_dynamic_task_mapping.py for tasks to queue
[2025-09-21T09:44:00.553+0545] {logging_mixin.py:190} INFO - [2025-09-21T09:44:00.552+0545] {dagbag.py:588} INFO - Filling up the DagBag from /home/ashok/miniconda3/envs/mysecondenvironment/lib/python3.8/site-packages/airflow/example_dags/example_dynamic_task_mapping.py
[2025-09-21T09:44:00.559+0545] {processor.py:925} INFO - DAG(s) 'example_dynamic_task_mapping' retrieved from /home/ashok/miniconda3/envs/mysecondenvironment/lib/python3.8/site-packages/airflow/example_dags/example_dynamic_task_mapping.py
[2025-09-21T09:44:00.568+0545] {logging_mixin.py:190} INFO - [2025-09-21T09:44:00.568+0545] {dag.py:3239} INFO - Sync 1 DAGs
[2025-09-21T09:44:00.574+0545] {logging_mixin.py:190} INFO - [2025-09-21T09:44:00.574+0545] {dag.py:4180} INFO - Setting next_dagrun for example_dynamic_task_mapping to None, run_after=None
[2025-09-21T09:44:00.589+0545] {processor.py:208} INFO - Processing /home/ashok/miniconda3/envs/mysecondenvironment/lib/python3.8/site-packages/airflow/example_dags/example_dynamic_task_mapping.py took 0.043 seconds
[2025-09-21T09:47:15.481+0545] {processor.py:186} INFO - Started process (PID=52245) to work on /home/ashok/miniconda3/envs/mysecondenvironment/lib/python3.8/site-packages/airflow/example_dags/example_dynamic_task_mapping.py
[2025-09-21T09:47:15.483+0545] {processor.py:914} INFO - Processing file /home/ashok/miniconda3/envs/mysecondenvironment/lib/python3.8/site-packages/airflow/example_dags/example_dynamic_task_mapping.py for tasks to queue
[2025-09-21T09:47:15.485+0545] {logging_mixin.py:190} INFO - [2025-09-21T09:47:15.485+0545] {dagbag.py:588} INFO - Filling up the DagBag from /home/ashok/miniconda3/envs/mysecondenvironment/lib/python3.8/site-packages/airflow/example_dags/example_dynamic_task_mapping.py
[2025-09-21T09:47:15.491+0545] {processor.py:925} INFO - DAG(s) 'example_dynamic_task_mapping' retrieved from /home/ashok/miniconda3/envs/mysecondenvironment/lib/python3.8/site-packages/airflow/example_dags/example_dynamic_task_mapping.py
[2025-09-21T09:47:15.501+0545] {logging_mixin.py:190} INFO - [2025-09-21T09:47:15.501+0545] {dag.py:3239} INFO - Sync 1 DAGs
[2025-09-21T09:47:15.508+0545] {logging_mixin.py:190} INFO - [2025-09-21T09:47:15.507+0545] {dag.py:4180} INFO - Setting next_dagrun for example_dynamic_task_mapping to None, run_after=None
[2025-09-21T09:47:15.523+0545] {processor.py:208} INFO - Processing /home/ashok/miniconda3/envs/mysecondenvironment/lib/python3.8/site-packages/airflow/example_dags/example_dynamic_task_mapping.py took 0.045 seconds
[2025-09-21T09:48:13.455+0545] {processor.py:186} INFO - Started process (PID=52661) to work on /home/ashok/miniconda3/envs/mysecondenvironment/lib/python3.8/site-packages/airflow/example_dags/example_dynamic_task_mapping.py
[2025-09-21T09:48:13.456+0545] {processor.py:914} INFO - Processing file /home/ashok/miniconda3/envs/mysecondenvironment/lib/python3.8/site-packages/airflow/example_dags/example_dynamic_task_mapping.py for tasks to queue
[2025-09-21T09:48:13.457+0545] {logging_mixin.py:190} INFO - [2025-09-21T09:48:13.457+0545] {dagbag.py:588} INFO - Filling up the DagBag from /home/ashok/miniconda3/envs/mysecondenvironment/lib/python3.8/site-packages/airflow/example_dags/example_dynamic_task_mapping.py
[2025-09-21T09:48:13.462+0545] {processor.py:925} INFO - DAG(s) 'example_dynamic_task_mapping' retrieved from /home/ashok/miniconda3/envs/mysecondenvironment/lib/python3.8/site-packages/airflow/example_dags/example_dynamic_task_mapping.py
[2025-09-21T09:48:13.470+0545] {logging_mixin.py:190} INFO - [2025-09-21T09:48:13.469+0545] {dag.py:3239} INFO - Sync 1 DAGs
[2025-09-21T09:48:13.476+0545] {logging_mixin.py:190} INFO - [2025-09-21T09:48:13.476+0545] {dag.py:4180} INFO - Setting next_dagrun for example_dynamic_task_mapping to None, run_after=None
[2025-09-21T09:48:13.494+0545] {processor.py:208} INFO - Processing /home/ashok/miniconda3/envs/mysecondenvironment/lib/python3.8/site-packages/airflow/example_dags/example_dynamic_task_mapping.py took 0.042 seconds
[2025-09-21T09:49:19.536+0545] {processor.py:186} INFO - Started process (PID=53205) to work on /home/ashok/miniconda3/envs/mysecondenvironment/lib/python3.8/site-packages/airflow/example_dags/example_dynamic_task_mapping.py
[2025-09-21T09:49:19.538+0545] {processor.py:914} INFO - Processing file /home/ashok/miniconda3/envs/mysecondenvironment/lib/python3.8/site-packages/airflow/example_dags/example_dynamic_task_mapping.py for tasks to queue
[2025-09-21T09:49:19.539+0545] {logging_mixin.py:190} INFO - [2025-09-21T09:49:19.539+0545] {dagbag.py:588} INFO - Filling up the DagBag from /home/ashok/miniconda3/envs/mysecondenvironment/lib/python3.8/site-packages/airflow/example_dags/example_dynamic_task_mapping.py
[2025-09-21T09:49:19.544+0545] {processor.py:925} INFO - DAG(s) 'example_dynamic_task_mapping' retrieved from /home/ashok/miniconda3/envs/mysecondenvironment/lib/python3.8/site-packages/airflow/example_dags/example_dynamic_task_mapping.py
[2025-09-21T09:49:19.552+0545] {logging_mixin.py:190} INFO - [2025-09-21T09:49:19.552+0545] {dag.py:3239} INFO - Sync 1 DAGs
[2025-09-21T09:49:19.558+0545] {logging_mixin.py:190} INFO - [2025-09-21T09:49:19.558+0545] {dag.py:4180} INFO - Setting next_dagrun for example_dynamic_task_mapping to None, run_after=None
[2025-09-21T09:49:19.574+0545] {processor.py:208} INFO - Processing /home/ashok/miniconda3/envs/mysecondenvironment/lib/python3.8/site-packages/airflow/example_dags/example_dynamic_task_mapping.py took 0.040 seconds
[2025-09-21T09:50:15.765+0545] {processor.py:186} INFO - Started process (PID=53588) to work on /home/ashok/miniconda3/envs/mysecondenvironment/lib/python3.8/site-packages/airflow/example_dags/example_dynamic_task_mapping.py
[2025-09-21T09:50:15.766+0545] {processor.py:914} INFO - Processing file /home/ashok/miniconda3/envs/mysecondenvironment/lib/python3.8/site-packages/airflow/example_dags/example_dynamic_task_mapping.py for tasks to queue
[2025-09-21T09:50:15.767+0545] {logging_mixin.py:190} INFO - [2025-09-21T09:50:15.767+0545] {dagbag.py:588} INFO - Filling up the DagBag from /home/ashok/miniconda3/envs/mysecondenvironment/lib/python3.8/site-packages/airflow/example_dags/example_dynamic_task_mapping.py
[2025-09-21T09:50:15.775+0545] {processor.py:925} INFO - DAG(s) 'example_dynamic_task_mapping' retrieved from /home/ashok/miniconda3/envs/mysecondenvironment/lib/python3.8/site-packages/airflow/example_dags/example_dynamic_task_mapping.py
[2025-09-21T09:50:15.783+0545] {logging_mixin.py:190} INFO - [2025-09-21T09:50:15.783+0545] {dag.py:3239} INFO - Sync 1 DAGs
[2025-09-21T09:50:15.790+0545] {logging_mixin.py:190} INFO - [2025-09-21T09:50:15.789+0545] {dag.py:4180} INFO - Setting next_dagrun for example_dynamic_task_mapping to None, run_after=None
[2025-09-21T09:50:15.805+0545] {processor.py:208} INFO - Processing /home/ashok/miniconda3/envs/mysecondenvironment/lib/python3.8/site-packages/airflow/example_dags/example_dynamic_task_mapping.py took 0.043 seconds
[2025-09-21T09:51:11.459+0545] {processor.py:186} INFO - Started process (PID=53981) to work on /home/ashok/miniconda3/envs/mysecondenvironment/lib/python3.8/site-packages/airflow/example_dags/example_dynamic_task_mapping.py
[2025-09-21T09:51:11.461+0545] {processor.py:914} INFO - Processing file /home/ashok/miniconda3/envs/mysecondenvironment/lib/python3.8/site-packages/airflow/example_dags/example_dynamic_task_mapping.py for tasks to queue
[2025-09-21T09:51:11.462+0545] {logging_mixin.py:190} INFO - [2025-09-21T09:51:11.462+0545] {dagbag.py:588} INFO - Filling up the DagBag from /home/ashok/miniconda3/envs/mysecondenvironment/lib/python3.8/site-packages/airflow/example_dags/example_dynamic_task_mapping.py
[2025-09-21T09:51:11.466+0545] {processor.py:925} INFO - DAG(s) 'example_dynamic_task_mapping' retrieved from /home/ashok/miniconda3/envs/mysecondenvironment/lib/python3.8/site-packages/airflow/example_dags/example_dynamic_task_mapping.py
[2025-09-21T09:51:11.474+0545] {logging_mixin.py:190} INFO - [2025-09-21T09:51:11.474+0545] {dag.py:3239} INFO - Sync 1 DAGs
[2025-09-21T09:51:11.482+0545] {logging_mixin.py:190} INFO - [2025-09-21T09:51:11.482+0545] {dag.py:4180} INFO - Setting next_dagrun for example_dynamic_task_mapping to None, run_after=None
[2025-09-21T09:51:11.497+0545] {processor.py:208} INFO - Processing /home/ashok/miniconda3/envs/mysecondenvironment/lib/python3.8/site-packages/airflow/example_dags/example_dynamic_task_mapping.py took 0.042 seconds
[2025-09-21T09:54:03.070+0545] {processor.py:186} INFO - Started process (PID=56166) to work on /home/ashok/miniconda3/envs/mysecondenvironment/lib/python3.8/site-packages/airflow/example_dags/example_dynamic_task_mapping.py
[2025-09-21T09:54:03.073+0545] {processor.py:914} INFO - Processing file /home/ashok/miniconda3/envs/mysecondenvironment/lib/python3.8/site-packages/airflow/example_dags/example_dynamic_task_mapping.py for tasks to queue
[2025-09-21T09:54:03.074+0545] {logging_mixin.py:190} INFO - [2025-09-21T09:54:03.074+0545] {dagbag.py:588} INFO - Filling up the DagBag from /home/ashok/miniconda3/envs/mysecondenvironment/lib/python3.8/site-packages/airflow/example_dags/example_dynamic_task_mapping.py
[2025-09-21T09:54:03.078+0545] {processor.py:925} INFO - DAG(s) 'example_dynamic_task_mapping' retrieved from /home/ashok/miniconda3/envs/mysecondenvironment/lib/python3.8/site-packages/airflow/example_dags/example_dynamic_task_mapping.py
[2025-09-21T09:54:03.086+0545] {logging_mixin.py:190} INFO - [2025-09-21T09:54:03.086+0545] {dag.py:3239} INFO - Sync 1 DAGs
[2025-09-21T09:54:03.092+0545] {logging_mixin.py:190} INFO - [2025-09-21T09:54:03.091+0545] {dag.py:4180} INFO - Setting next_dagrun for example_dynamic_task_mapping to None, run_after=None
[2025-09-21T09:54:03.111+0545] {processor.py:208} INFO - Processing /home/ashok/miniconda3/envs/mysecondenvironment/lib/python3.8/site-packages/airflow/example_dags/example_dynamic_task_mapping.py took 0.044 seconds
[2025-09-21T09:55:02.168+0545] {processor.py:186} INFO - Started process (PID=56596) to work on /home/ashok/miniconda3/envs/mysecondenvironment/lib/python3.8/site-packages/airflow/example_dags/example_dynamic_task_mapping.py
[2025-09-21T09:55:02.170+0545] {processor.py:914} INFO - Processing file /home/ashok/miniconda3/envs/mysecondenvironment/lib/python3.8/site-packages/airflow/example_dags/example_dynamic_task_mapping.py for tasks to queue
[2025-09-21T09:55:02.172+0545] {logging_mixin.py:190} INFO - [2025-09-21T09:55:02.171+0545] {dagbag.py:588} INFO - Filling up the DagBag from /home/ashok/miniconda3/envs/mysecondenvironment/lib/python3.8/site-packages/airflow/example_dags/example_dynamic_task_mapping.py
[2025-09-21T09:55:02.177+0545] {processor.py:925} INFO - DAG(s) 'example_dynamic_task_mapping' retrieved from /home/ashok/miniconda3/envs/mysecondenvironment/lib/python3.8/site-packages/airflow/example_dags/example_dynamic_task_mapping.py
[2025-09-21T09:55:02.185+0545] {logging_mixin.py:190} INFO - [2025-09-21T09:55:02.185+0545] {dag.py:3239} INFO - Sync 1 DAGs
[2025-09-21T09:55:02.192+0545] {logging_mixin.py:190} INFO - [2025-09-21T09:55:02.192+0545] {dag.py:4180} INFO - Setting next_dagrun for example_dynamic_task_mapping to None, run_after=None
[2025-09-21T09:55:02.208+0545] {processor.py:208} INFO - Processing /home/ashok/miniconda3/envs/mysecondenvironment/lib/python3.8/site-packages/airflow/example_dags/example_dynamic_task_mapping.py took 0.044 seconds
[2025-09-21T09:55:58.927+0545] {processor.py:186} INFO - Started process (PID=57076) to work on /home/ashok/miniconda3/envs/mysecondenvironment/lib/python3.8/site-packages/airflow/example_dags/example_dynamic_task_mapping.py
[2025-09-21T09:55:58.928+0545] {processor.py:914} INFO - Processing file /home/ashok/miniconda3/envs/mysecondenvironment/lib/python3.8/site-packages/airflow/example_dags/example_dynamic_task_mapping.py for tasks to queue
[2025-09-21T09:55:58.930+0545] {logging_mixin.py:190} INFO - [2025-09-21T09:55:58.930+0545] {dagbag.py:588} INFO - Filling up the DagBag from /home/ashok/miniconda3/envs/mysecondenvironment/lib/python3.8/site-packages/airflow/example_dags/example_dynamic_task_mapping.py
[2025-09-21T09:55:58.934+0545] {processor.py:925} INFO - DAG(s) 'example_dynamic_task_mapping' retrieved from /home/ashok/miniconda3/envs/mysecondenvironment/lib/python3.8/site-packages/airflow/example_dags/example_dynamic_task_mapping.py
[2025-09-21T09:55:58.942+0545] {logging_mixin.py:190} INFO - [2025-09-21T09:55:58.942+0545] {dag.py:3239} INFO - Sync 1 DAGs
[2025-09-21T09:55:58.948+0545] {logging_mixin.py:190} INFO - [2025-09-21T09:55:58.948+0545] {dag.py:4180} INFO - Setting next_dagrun for example_dynamic_task_mapping to None, run_after=None
[2025-09-21T09:55:58.963+0545] {processor.py:208} INFO - Processing /home/ashok/miniconda3/envs/mysecondenvironment/lib/python3.8/site-packages/airflow/example_dags/example_dynamic_task_mapping.py took 0.040 seconds
[2025-09-21T09:56:54.848+0545] {processor.py:186} INFO - Started process (PID=57439) to work on /home/ashok/miniconda3/envs/mysecondenvironment/lib/python3.8/site-packages/airflow/example_dags/example_dynamic_task_mapping.py
[2025-09-21T09:56:54.850+0545] {processor.py:914} INFO - Processing file /home/ashok/miniconda3/envs/mysecondenvironment/lib/python3.8/site-packages/airflow/example_dags/example_dynamic_task_mapping.py for tasks to queue
[2025-09-21T09:56:54.851+0545] {logging_mixin.py:190} INFO - [2025-09-21T09:56:54.851+0545] {dagbag.py:588} INFO - Filling up the DagBag from /home/ashok/miniconda3/envs/mysecondenvironment/lib/python3.8/site-packages/airflow/example_dags/example_dynamic_task_mapping.py
[2025-09-21T09:56:54.856+0545] {processor.py:925} INFO - DAG(s) 'example_dynamic_task_mapping' retrieved from /home/ashok/miniconda3/envs/mysecondenvironment/lib/python3.8/site-packages/airflow/example_dags/example_dynamic_task_mapping.py
[2025-09-21T09:56:54.865+0545] {logging_mixin.py:190} INFO - [2025-09-21T09:56:54.864+0545] {dag.py:3239} INFO - Sync 1 DAGs
[2025-09-21T09:56:54.871+0545] {logging_mixin.py:190} INFO - [2025-09-21T09:56:54.870+0545] {dag.py:4180} INFO - Setting next_dagrun for example_dynamic_task_mapping to None, run_after=None
[2025-09-21T09:56:54.886+0545] {processor.py:208} INFO - Processing /home/ashok/miniconda3/envs/mysecondenvironment/lib/python3.8/site-packages/airflow/example_dags/example_dynamic_task_mapping.py took 0.041 seconds
[2025-09-21T09:57:49.121+0545] {processor.py:186} INFO - Started process (PID=57831) to work on /home/ashok/miniconda3/envs/mysecondenvironment/lib/python3.8/site-packages/airflow/example_dags/example_dynamic_task_mapping.py
[2025-09-21T09:57:49.122+0545] {processor.py:914} INFO - Processing file /home/ashok/miniconda3/envs/mysecondenvironment/lib/python3.8/site-packages/airflow/example_dags/example_dynamic_task_mapping.py for tasks to queue
[2025-09-21T09:57:49.123+0545] {logging_mixin.py:190} INFO - [2025-09-21T09:57:49.123+0545] {dagbag.py:588} INFO - Filling up the DagBag from /home/ashok/miniconda3/envs/mysecondenvironment/lib/python3.8/site-packages/airflow/example_dags/example_dynamic_task_mapping.py
[2025-09-21T09:57:49.128+0545] {processor.py:925} INFO - DAG(s) 'example_dynamic_task_mapping' retrieved from /home/ashok/miniconda3/envs/mysecondenvironment/lib/python3.8/site-packages/airflow/example_dags/example_dynamic_task_mapping.py
[2025-09-21T09:57:49.136+0545] {logging_mixin.py:190} INFO - [2025-09-21T09:57:49.136+0545] {dag.py:3239} INFO - Sync 1 DAGs
[2025-09-21T09:57:49.142+0545] {logging_mixin.py:190} INFO - [2025-09-21T09:57:49.142+0545] {dag.py:4180} INFO - Setting next_dagrun for example_dynamic_task_mapping to None, run_after=None
[2025-09-21T09:57:49.159+0545] {processor.py:208} INFO - Processing /home/ashok/miniconda3/envs/mysecondenvironment/lib/python3.8/site-packages/airflow/example_dags/example_dynamic_task_mapping.py took 0.042 seconds
[2025-09-21T09:58:42.713+0545] {processor.py:186} INFO - Started process (PID=58174) to work on /home/ashok/miniconda3/envs/mysecondenvironment/lib/python3.8/site-packages/airflow/example_dags/example_dynamic_task_mapping.py
[2025-09-21T09:58:42.715+0545] {processor.py:914} INFO - Processing file /home/ashok/miniconda3/envs/mysecondenvironment/lib/python3.8/site-packages/airflow/example_dags/example_dynamic_task_mapping.py for tasks to queue
[2025-09-21T09:58:42.716+0545] {logging_mixin.py:190} INFO - [2025-09-21T09:58:42.716+0545] {dagbag.py:588} INFO - Filling up the DagBag from /home/ashok/miniconda3/envs/mysecondenvironment/lib/python3.8/site-packages/airflow/example_dags/example_dynamic_task_mapping.py
[2025-09-21T09:58:42.721+0545] {processor.py:925} INFO - DAG(s) 'example_dynamic_task_mapping' retrieved from /home/ashok/miniconda3/envs/mysecondenvironment/lib/python3.8/site-packages/airflow/example_dags/example_dynamic_task_mapping.py
[2025-09-21T09:58:42.729+0545] {logging_mixin.py:190} INFO - [2025-09-21T09:58:42.729+0545] {dag.py:3239} INFO - Sync 1 DAGs
[2025-09-21T09:58:42.735+0545] {logging_mixin.py:190} INFO - [2025-09-21T09:58:42.735+0545] {dag.py:4180} INFO - Setting next_dagrun for example_dynamic_task_mapping to None, run_after=None
[2025-09-21T09:58:42.751+0545] {processor.py:208} INFO - Processing /home/ashok/miniconda3/envs/mysecondenvironment/lib/python3.8/site-packages/airflow/example_dags/example_dynamic_task_mapping.py took 0.041 seconds
[2025-09-21T09:59:37.161+0545] {processor.py:186} INFO - Started process (PID=58567) to work on /home/ashok/miniconda3/envs/mysecondenvironment/lib/python3.8/site-packages/airflow/example_dags/example_dynamic_task_mapping.py
[2025-09-21T09:59:37.162+0545] {processor.py:914} INFO - Processing file /home/ashok/miniconda3/envs/mysecondenvironment/lib/python3.8/site-packages/airflow/example_dags/example_dynamic_task_mapping.py for tasks to queue
[2025-09-21T09:59:37.164+0545] {logging_mixin.py:190} INFO - [2025-09-21T09:59:37.163+0545] {dagbag.py:588} INFO - Filling up the DagBag from /home/ashok/miniconda3/envs/mysecondenvironment/lib/python3.8/site-packages/airflow/example_dags/example_dynamic_task_mapping.py
[2025-09-21T09:59:37.169+0545] {processor.py:925} INFO - DAG(s) 'example_dynamic_task_mapping' retrieved from /home/ashok/miniconda3/envs/mysecondenvironment/lib/python3.8/site-packages/airflow/example_dags/example_dynamic_task_mapping.py
[2025-09-21T09:59:37.177+0545] {logging_mixin.py:190} INFO - [2025-09-21T09:59:37.177+0545] {dag.py:3239} INFO - Sync 1 DAGs
[2025-09-21T09:59:37.184+0545] {logging_mixin.py:190} INFO - [2025-09-21T09:59:37.183+0545] {dag.py:4180} INFO - Setting next_dagrun for example_dynamic_task_mapping to None, run_after=None
[2025-09-21T09:59:37.200+0545] {processor.py:208} INFO - Processing /home/ashok/miniconda3/envs/mysecondenvironment/lib/python3.8/site-packages/airflow/example_dags/example_dynamic_task_mapping.py took 0.043 seconds
[2025-09-21T10:00:32.333+0545] {processor.py:186} INFO - Started process (PID=58935) to work on /home/ashok/miniconda3/envs/mysecondenvironment/lib/python3.8/site-packages/airflow/example_dags/example_dynamic_task_mapping.py
[2025-09-21T10:00:32.335+0545] {processor.py:914} INFO - Processing file /home/ashok/miniconda3/envs/mysecondenvironment/lib/python3.8/site-packages/airflow/example_dags/example_dynamic_task_mapping.py for tasks to queue
[2025-09-21T10:00:32.337+0545] {logging_mixin.py:190} INFO - [2025-09-21T10:00:32.337+0545] {dagbag.py:588} INFO - Filling up the DagBag from /home/ashok/miniconda3/envs/mysecondenvironment/lib/python3.8/site-packages/airflow/example_dags/example_dynamic_task_mapping.py
[2025-09-21T10:00:32.342+0545] {processor.py:925} INFO - DAG(s) 'example_dynamic_task_mapping' retrieved from /home/ashok/miniconda3/envs/mysecondenvironment/lib/python3.8/site-packages/airflow/example_dags/example_dynamic_task_mapping.py
[2025-09-21T10:00:32.350+0545] {logging_mixin.py:190} INFO - [2025-09-21T10:00:32.350+0545] {dag.py:3239} INFO - Sync 1 DAGs
[2025-09-21T10:00:32.356+0545] {logging_mixin.py:190} INFO - [2025-09-21T10:00:32.356+0545] {dag.py:4180} INFO - Setting next_dagrun for example_dynamic_task_mapping to None, run_after=None
[2025-09-21T10:00:32.372+0545] {processor.py:208} INFO - Processing /home/ashok/miniconda3/envs/mysecondenvironment/lib/python3.8/site-packages/airflow/example_dags/example_dynamic_task_mapping.py took 0.042 seconds
[2025-09-21T10:03:43.133+0545] {processor.py:186} INFO - Started process (PID=61023) to work on /home/ashok/miniconda3/envs/mysecondenvironment/lib/python3.8/site-packages/airflow/example_dags/example_dynamic_task_mapping.py
[2025-09-21T10:03:43.134+0545] {processor.py:914} INFO - Processing file /home/ashok/miniconda3/envs/mysecondenvironment/lib/python3.8/site-packages/airflow/example_dags/example_dynamic_task_mapping.py for tasks to queue
[2025-09-21T10:03:43.136+0545] {logging_mixin.py:190} INFO - [2025-09-21T10:03:43.135+0545] {dagbag.py:588} INFO - Filling up the DagBag from /home/ashok/miniconda3/envs/mysecondenvironment/lib/python3.8/site-packages/airflow/example_dags/example_dynamic_task_mapping.py
[2025-09-21T10:03:43.141+0545] {processor.py:925} INFO - DAG(s) 'example_dynamic_task_mapping' retrieved from /home/ashok/miniconda3/envs/mysecondenvironment/lib/python3.8/site-packages/airflow/example_dags/example_dynamic_task_mapping.py
[2025-09-21T10:03:43.149+0545] {logging_mixin.py:190} INFO - [2025-09-21T10:03:43.149+0545] {dag.py:3239} INFO - Sync 1 DAGs
[2025-09-21T10:03:43.155+0545] {logging_mixin.py:190} INFO - [2025-09-21T10:03:43.155+0545] {dag.py:4180} INFO - Setting next_dagrun for example_dynamic_task_mapping to None, run_after=None
[2025-09-21T10:03:43.170+0545] {processor.py:208} INFO - Processing /home/ashok/miniconda3/envs/mysecondenvironment/lib/python3.8/site-packages/airflow/example_dags/example_dynamic_task_mapping.py took 0.041 seconds
[2025-09-21T10:04:40.316+0545] {processor.py:186} INFO - Started process (PID=61429) to work on /home/ashok/miniconda3/envs/mysecondenvironment/lib/python3.8/site-packages/airflow/example_dags/example_dynamic_task_mapping.py
[2025-09-21T10:04:40.318+0545] {processor.py:914} INFO - Processing file /home/ashok/miniconda3/envs/mysecondenvironment/lib/python3.8/site-packages/airflow/example_dags/example_dynamic_task_mapping.py for tasks to queue
[2025-09-21T10:04:40.319+0545] {logging_mixin.py:190} INFO - [2025-09-21T10:04:40.319+0545] {dagbag.py:588} INFO - Filling up the DagBag from /home/ashok/miniconda3/envs/mysecondenvironment/lib/python3.8/site-packages/airflow/example_dags/example_dynamic_task_mapping.py
[2025-09-21T10:04:40.325+0545] {processor.py:925} INFO - DAG(s) 'example_dynamic_task_mapping' retrieved from /home/ashok/miniconda3/envs/mysecondenvironment/lib/python3.8/site-packages/airflow/example_dags/example_dynamic_task_mapping.py
[2025-09-21T10:04:40.334+0545] {logging_mixin.py:190} INFO - [2025-09-21T10:04:40.334+0545] {dag.py:3239} INFO - Sync 1 DAGs
[2025-09-21T10:04:40.340+0545] {logging_mixin.py:190} INFO - [2025-09-21T10:04:40.340+0545] {dag.py:4180} INFO - Setting next_dagrun for example_dynamic_task_mapping to None, run_after=None
[2025-09-21T10:04:40.356+0545] {processor.py:208} INFO - Processing /home/ashok/miniconda3/envs/mysecondenvironment/lib/python3.8/site-packages/airflow/example_dags/example_dynamic_task_mapping.py took 0.043 seconds
[2025-09-21T10:05:36.636+0545] {processor.py:186} INFO - Started process (PID=61859) to work on /home/ashok/miniconda3/envs/mysecondenvironment/lib/python3.8/site-packages/airflow/example_dags/example_dynamic_task_mapping.py
[2025-09-21T10:05:36.638+0545] {processor.py:914} INFO - Processing file /home/ashok/miniconda3/envs/mysecondenvironment/lib/python3.8/site-packages/airflow/example_dags/example_dynamic_task_mapping.py for tasks to queue
[2025-09-21T10:05:36.639+0545] {logging_mixin.py:190} INFO - [2025-09-21T10:05:36.639+0545] {dagbag.py:588} INFO - Filling up the DagBag from /home/ashok/miniconda3/envs/mysecondenvironment/lib/python3.8/site-packages/airflow/example_dags/example_dynamic_task_mapping.py
[2025-09-21T10:05:36.643+0545] {processor.py:925} INFO - DAG(s) 'example_dynamic_task_mapping' retrieved from /home/ashok/miniconda3/envs/mysecondenvironment/lib/python3.8/site-packages/airflow/example_dags/example_dynamic_task_mapping.py
[2025-09-21T10:05:36.651+0545] {logging_mixin.py:190} INFO - [2025-09-21T10:05:36.651+0545] {dag.py:3239} INFO - Sync 1 DAGs
[2025-09-21T10:05:36.656+0545] {logging_mixin.py:190} INFO - [2025-09-21T10:05:36.656+0545] {dag.py:4180} INFO - Setting next_dagrun for example_dynamic_task_mapping to None, run_after=None
[2025-09-21T10:05:36.676+0545] {processor.py:208} INFO - Processing /home/ashok/miniconda3/envs/mysecondenvironment/lib/python3.8/site-packages/airflow/example_dags/example_dynamic_task_mapping.py took 0.043 seconds
[2025-09-21T10:06:32.051+0545] {processor.py:186} INFO - Started process (PID=62305) to work on /home/ashok/miniconda3/envs/mysecondenvironment/lib/python3.8/site-packages/airflow/example_dags/example_dynamic_task_mapping.py
[2025-09-21T10:06:32.053+0545] {processor.py:914} INFO - Processing file /home/ashok/miniconda3/envs/mysecondenvironment/lib/python3.8/site-packages/airflow/example_dags/example_dynamic_task_mapping.py for tasks to queue
[2025-09-21T10:06:32.055+0545] {logging_mixin.py:190} INFO - [2025-09-21T10:06:32.054+0545] {dagbag.py:588} INFO - Filling up the DagBag from /home/ashok/miniconda3/envs/mysecondenvironment/lib/python3.8/site-packages/airflow/example_dags/example_dynamic_task_mapping.py
[2025-09-21T10:06:32.059+0545] {processor.py:925} INFO - DAG(s) 'example_dynamic_task_mapping' retrieved from /home/ashok/miniconda3/envs/mysecondenvironment/lib/python3.8/site-packages/airflow/example_dags/example_dynamic_task_mapping.py
[2025-09-21T10:06:32.066+0545] {logging_mixin.py:190} INFO - [2025-09-21T10:06:32.066+0545] {dag.py:3239} INFO - Sync 1 DAGs
[2025-09-21T10:06:32.072+0545] {logging_mixin.py:190} INFO - [2025-09-21T10:06:32.072+0545] {dag.py:4180} INFO - Setting next_dagrun for example_dynamic_task_mapping to None, run_after=None
[2025-09-21T10:06:32.088+0545] {processor.py:208} INFO - Processing /home/ashok/miniconda3/envs/mysecondenvironment/lib/python3.8/site-packages/airflow/example_dags/example_dynamic_task_mapping.py took 0.041 seconds
[2025-09-21T10:07:28.157+0545] {processor.py:186} INFO - Started process (PID=62873) to work on /home/ashok/miniconda3/envs/mysecondenvironment/lib/python3.8/site-packages/airflow/example_dags/example_dynamic_task_mapping.py
[2025-09-21T10:07:28.158+0545] {processor.py:914} INFO - Processing file /home/ashok/miniconda3/envs/mysecondenvironment/lib/python3.8/site-packages/airflow/example_dags/example_dynamic_task_mapping.py for tasks to queue
[2025-09-21T10:07:28.160+0545] {logging_mixin.py:190} INFO - [2025-09-21T10:07:28.159+0545] {dagbag.py:588} INFO - Filling up the DagBag from /home/ashok/miniconda3/envs/mysecondenvironment/lib/python3.8/site-packages/airflow/example_dags/example_dynamic_task_mapping.py
[2025-09-21T10:07:28.164+0545] {processor.py:925} INFO - DAG(s) 'example_dynamic_task_mapping' retrieved from /home/ashok/miniconda3/envs/mysecondenvironment/lib/python3.8/site-packages/airflow/example_dags/example_dynamic_task_mapping.py
[2025-09-21T10:07:28.174+0545] {logging_mixin.py:190} INFO - [2025-09-21T10:07:28.174+0545] {dag.py:3239} INFO - Sync 1 DAGs
[2025-09-21T10:07:28.180+0545] {logging_mixin.py:190} INFO - [2025-09-21T10:07:28.180+0545] {dag.py:4180} INFO - Setting next_dagrun for example_dynamic_task_mapping to None, run_after=None
[2025-09-21T10:07:28.196+0545] {processor.py:208} INFO - Processing /home/ashok/miniconda3/envs/mysecondenvironment/lib/python3.8/site-packages/airflow/example_dags/example_dynamic_task_mapping.py took 0.043 seconds
[2025-09-21T10:08:26.670+0545] {processor.py:186} INFO - Started process (PID=63374) to work on /home/ashok/miniconda3/envs/mysecondenvironment/lib/python3.8/site-packages/airflow/example_dags/example_dynamic_task_mapping.py
[2025-09-21T10:08:26.672+0545] {processor.py:914} INFO - Processing file /home/ashok/miniconda3/envs/mysecondenvironment/lib/python3.8/site-packages/airflow/example_dags/example_dynamic_task_mapping.py for tasks to queue
[2025-09-21T10:08:26.673+0545] {logging_mixin.py:190} INFO - [2025-09-21T10:08:26.673+0545] {dagbag.py:588} INFO - Filling up the DagBag from /home/ashok/miniconda3/envs/mysecondenvironment/lib/python3.8/site-packages/airflow/example_dags/example_dynamic_task_mapping.py
[2025-09-21T10:08:26.678+0545] {processor.py:925} INFO - DAG(s) 'example_dynamic_task_mapping' retrieved from /home/ashok/miniconda3/envs/mysecondenvironment/lib/python3.8/site-packages/airflow/example_dags/example_dynamic_task_mapping.py
[2025-09-21T10:08:26.689+0545] {logging_mixin.py:190} INFO - [2025-09-21T10:08:26.688+0545] {dag.py:3239} INFO - Sync 1 DAGs
[2025-09-21T10:08:26.698+0545] {logging_mixin.py:190} INFO - [2025-09-21T10:08:26.698+0545] {dag.py:4180} INFO - Setting next_dagrun for example_dynamic_task_mapping to None, run_after=None
[2025-09-21T10:08:26.720+0545] {processor.py:208} INFO - Processing /home/ashok/miniconda3/envs/mysecondenvironment/lib/python3.8/site-packages/airflow/example_dags/example_dynamic_task_mapping.py took 0.055 seconds
[2025-09-21T10:09:22.753+0545] {processor.py:186} INFO - Started process (PID=63885) to work on /home/ashok/miniconda3/envs/mysecondenvironment/lib/python3.8/site-packages/airflow/example_dags/example_dynamic_task_mapping.py
[2025-09-21T10:09:22.754+0545] {processor.py:914} INFO - Processing file /home/ashok/miniconda3/envs/mysecondenvironment/lib/python3.8/site-packages/airflow/example_dags/example_dynamic_task_mapping.py for tasks to queue
[2025-09-21T10:09:22.755+0545] {logging_mixin.py:190} INFO - [2025-09-21T10:09:22.755+0545] {dagbag.py:588} INFO - Filling up the DagBag from /home/ashok/miniconda3/envs/mysecondenvironment/lib/python3.8/site-packages/airflow/example_dags/example_dynamic_task_mapping.py
[2025-09-21T10:09:22.760+0545] {processor.py:925} INFO - DAG(s) 'example_dynamic_task_mapping' retrieved from /home/ashok/miniconda3/envs/mysecondenvironment/lib/python3.8/site-packages/airflow/example_dags/example_dynamic_task_mapping.py
[2025-09-21T10:09:22.768+0545] {logging_mixin.py:190} INFO - [2025-09-21T10:09:22.768+0545] {dag.py:3239} INFO - Sync 1 DAGs
[2025-09-21T10:09:22.774+0545] {logging_mixin.py:190} INFO - [2025-09-21T10:09:22.773+0545] {dag.py:4180} INFO - Setting next_dagrun for example_dynamic_task_mapping to None, run_after=None
[2025-09-21T10:09:22.790+0545] {processor.py:208} INFO - Processing /home/ashok/miniconda3/envs/mysecondenvironment/lib/python3.8/site-packages/airflow/example_dags/example_dynamic_task_mapping.py took 0.041 seconds
[2025-09-21T10:10:16.749+0545] {processor.py:186} INFO - Started process (PID=64367) to work on /home/ashok/miniconda3/envs/mysecondenvironment/lib/python3.8/site-packages/airflow/example_dags/example_dynamic_task_mapping.py
[2025-09-21T10:10:16.751+0545] {processor.py:914} INFO - Processing file /home/ashok/miniconda3/envs/mysecondenvironment/lib/python3.8/site-packages/airflow/example_dags/example_dynamic_task_mapping.py for tasks to queue
[2025-09-21T10:10:16.752+0545] {logging_mixin.py:190} INFO - [2025-09-21T10:10:16.752+0545] {dagbag.py:588} INFO - Filling up the DagBag from /home/ashok/miniconda3/envs/mysecondenvironment/lib/python3.8/site-packages/airflow/example_dags/example_dynamic_task_mapping.py
[2025-09-21T10:10:16.759+0545] {processor.py:925} INFO - DAG(s) 'example_dynamic_task_mapping' retrieved from /home/ashok/miniconda3/envs/mysecondenvironment/lib/python3.8/site-packages/airflow/example_dags/example_dynamic_task_mapping.py
[2025-09-21T10:10:16.768+0545] {logging_mixin.py:190} INFO - [2025-09-21T10:10:16.767+0545] {dag.py:3239} INFO - Sync 1 DAGs
[2025-09-21T10:10:16.774+0545] {logging_mixin.py:190} INFO - [2025-09-21T10:10:16.774+0545] {dag.py:4180} INFO - Setting next_dagrun for example_dynamic_task_mapping to None, run_after=None
[2025-09-21T10:10:16.791+0545] {processor.py:208} INFO - Processing /home/ashok/miniconda3/envs/mysecondenvironment/lib/python3.8/site-packages/airflow/example_dags/example_dynamic_task_mapping.py took 0.047 seconds
[2025-09-21T10:11:12.501+0545] {processor.py:186} INFO - Started process (PID=64954) to work on /home/ashok/miniconda3/envs/mysecondenvironment/lib/python3.8/site-packages/airflow/example_dags/example_dynamic_task_mapping.py
[2025-09-21T10:11:12.503+0545] {processor.py:914} INFO - Processing file /home/ashok/miniconda3/envs/mysecondenvironment/lib/python3.8/site-packages/airflow/example_dags/example_dynamic_task_mapping.py for tasks to queue
[2025-09-21T10:11:12.504+0545] {logging_mixin.py:190} INFO - [2025-09-21T10:11:12.504+0545] {dagbag.py:588} INFO - Filling up the DagBag from /home/ashok/miniconda3/envs/mysecondenvironment/lib/python3.8/site-packages/airflow/example_dags/example_dynamic_task_mapping.py
[2025-09-21T10:11:12.509+0545] {processor.py:925} INFO - DAG(s) 'example_dynamic_task_mapping' retrieved from /home/ashok/miniconda3/envs/mysecondenvironment/lib/python3.8/site-packages/airflow/example_dags/example_dynamic_task_mapping.py
[2025-09-21T10:11:12.516+0545] {logging_mixin.py:190} INFO - [2025-09-21T10:11:12.516+0545] {dag.py:3239} INFO - Sync 1 DAGs
[2025-09-21T10:11:12.522+0545] {logging_mixin.py:190} INFO - [2025-09-21T10:11:12.522+0545] {dag.py:4180} INFO - Setting next_dagrun for example_dynamic_task_mapping to None, run_after=None
[2025-09-21T10:11:12.540+0545] {processor.py:208} INFO - Processing /home/ashok/miniconda3/envs/mysecondenvironment/lib/python3.8/site-packages/airflow/example_dags/example_dynamic_task_mapping.py took 0.042 seconds
[2025-09-21T10:12:07.144+0545] {processor.py:186} INFO - Started process (PID=65346) to work on /home/ashok/miniconda3/envs/mysecondenvironment/lib/python3.8/site-packages/airflow/example_dags/example_dynamic_task_mapping.py
[2025-09-21T10:12:07.146+0545] {processor.py:914} INFO - Processing file /home/ashok/miniconda3/envs/mysecondenvironment/lib/python3.8/site-packages/airflow/example_dags/example_dynamic_task_mapping.py for tasks to queue
[2025-09-21T10:12:07.148+0545] {logging_mixin.py:190} INFO - [2025-09-21T10:12:07.147+0545] {dagbag.py:588} INFO - Filling up the DagBag from /home/ashok/miniconda3/envs/mysecondenvironment/lib/python3.8/site-packages/airflow/example_dags/example_dynamic_task_mapping.py
[2025-09-21T10:12:07.152+0545] {processor.py:925} INFO - DAG(s) 'example_dynamic_task_mapping' retrieved from /home/ashok/miniconda3/envs/mysecondenvironment/lib/python3.8/site-packages/airflow/example_dags/example_dynamic_task_mapping.py
[2025-09-21T10:12:07.160+0545] {logging_mixin.py:190} INFO - [2025-09-21T10:12:07.159+0545] {dag.py:3239} INFO - Sync 1 DAGs
[2025-09-21T10:12:07.165+0545] {logging_mixin.py:190} INFO - [2025-09-21T10:12:07.165+0545] {dag.py:4180} INFO - Setting next_dagrun for example_dynamic_task_mapping to None, run_after=None
[2025-09-21T10:12:07.184+0545] {processor.py:208} INFO - Processing /home/ashok/miniconda3/envs/mysecondenvironment/lib/python3.8/site-packages/airflow/example_dags/example_dynamic_task_mapping.py took 0.043 seconds
[2025-09-21T10:13:01.656+0545] {processor.py:186} INFO - Started process (PID=65719) to work on /home/ashok/miniconda3/envs/mysecondenvironment/lib/python3.8/site-packages/airflow/example_dags/example_dynamic_task_mapping.py
[2025-09-21T10:13:01.658+0545] {processor.py:914} INFO - Processing file /home/ashok/miniconda3/envs/mysecondenvironment/lib/python3.8/site-packages/airflow/example_dags/example_dynamic_task_mapping.py for tasks to queue
[2025-09-21T10:13:01.660+0545] {logging_mixin.py:190} INFO - [2025-09-21T10:13:01.659+0545] {dagbag.py:588} INFO - Filling up the DagBag from /home/ashok/miniconda3/envs/mysecondenvironment/lib/python3.8/site-packages/airflow/example_dags/example_dynamic_task_mapping.py
[2025-09-21T10:13:01.664+0545] {processor.py:925} INFO - DAG(s) 'example_dynamic_task_mapping' retrieved from /home/ashok/miniconda3/envs/mysecondenvironment/lib/python3.8/site-packages/airflow/example_dags/example_dynamic_task_mapping.py
[2025-09-21T10:13:01.671+0545] {logging_mixin.py:190} INFO - [2025-09-21T10:13:01.671+0545] {dag.py:3239} INFO - Sync 1 DAGs
[2025-09-21T10:13:01.677+0545] {logging_mixin.py:190} INFO - [2025-09-21T10:13:01.677+0545] {dag.py:4180} INFO - Setting next_dagrun for example_dynamic_task_mapping to None, run_after=None
[2025-09-21T10:13:01.693+0545] {processor.py:208} INFO - Processing /home/ashok/miniconda3/envs/mysecondenvironment/lib/python3.8/site-packages/airflow/example_dags/example_dynamic_task_mapping.py took 0.040 seconds
[2025-09-21T10:13:59.417+0545] {processor.py:186} INFO - Started process (PID=66253) to work on /home/ashok/miniconda3/envs/mysecondenvironment/lib/python3.8/site-packages/airflow/example_dags/example_dynamic_task_mapping.py
[2025-09-21T10:13:59.418+0545] {processor.py:914} INFO - Processing file /home/ashok/miniconda3/envs/mysecondenvironment/lib/python3.8/site-packages/airflow/example_dags/example_dynamic_task_mapping.py for tasks to queue
[2025-09-21T10:13:59.420+0545] {logging_mixin.py:190} INFO - [2025-09-21T10:13:59.419+0545] {dagbag.py:588} INFO - Filling up the DagBag from /home/ashok/miniconda3/envs/mysecondenvironment/lib/python3.8/site-packages/airflow/example_dags/example_dynamic_task_mapping.py
[2025-09-21T10:13:59.425+0545] {processor.py:925} INFO - DAG(s) 'example_dynamic_task_mapping' retrieved from /home/ashok/miniconda3/envs/mysecondenvironment/lib/python3.8/site-packages/airflow/example_dags/example_dynamic_task_mapping.py
[2025-09-21T10:13:59.434+0545] {logging_mixin.py:190} INFO - [2025-09-21T10:13:59.434+0545] {dag.py:3239} INFO - Sync 1 DAGs
[2025-09-21T10:13:59.442+0545] {logging_mixin.py:190} INFO - [2025-09-21T10:13:59.442+0545] {dag.py:4180} INFO - Setting next_dagrun for example_dynamic_task_mapping to None, run_after=None
[2025-09-21T10:13:59.460+0545] {processor.py:208} INFO - Processing /home/ashok/miniconda3/envs/mysecondenvironment/lib/python3.8/site-packages/airflow/example_dags/example_dynamic_task_mapping.py took 0.047 seconds
