[2025-09-21T08:35:41.161+0545] {processor.py:186} INFO - Started process (PID=21790) to work on /home/ashok/miniconda3/envs/mysecondenvironment/lib/python3.8/site-packages/airflow/example_dags/example_workday_timetable.py
[2025-09-21T08:35:41.161+0545] {processor.py:914} INFO - Processing file /home/ashok/miniconda3/envs/mysecondenvironment/lib/python3.8/site-packages/airflow/example_dags/example_workday_timetable.py for tasks to queue
[2025-09-21T08:35:41.163+0545] {logging_mixin.py:190} INFO - [2025-09-21T08:35:41.162+0545] {dagbag.py:588} INFO - Filling up the DagBag from /home/ashok/miniconda3/envs/mysecondenvironment/lib/python3.8/site-packages/airflow/example_dags/example_workday_timetable.py
[2025-09-21T08:35:41.166+0545] {processor.py:925} INFO - DAG(s) 'example_workday_timetable' retrieved from /home/ashok/miniconda3/envs/mysecondenvironment/lib/python3.8/site-packages/airflow/example_dags/example_workday_timetable.py
[2025-09-21T08:35:41.175+0545] {logging_mixin.py:190} INFO - [2025-09-21T08:35:41.174+0545] {dag.py:3239} INFO - Sync 1 DAGs
[2025-09-21T08:35:41.208+0545] {logging_mixin.py:190} INFO - [2025-09-21T08:35:41.207+0545] {dag.py:4180} INFO - Setting next_dagrun for example_workday_timetable to 2021-01-04 00:00:00+00:00, run_after=2021-01-05 00:00:00+00:00
[2025-09-21T08:35:41.225+0545] {processor.py:208} INFO - Processing /home/ashok/miniconda3/envs/mysecondenvironment/lib/python3.8/site-packages/airflow/example_dags/example_workday_timetable.py took 0.068 seconds
[2025-09-21T08:38:01.852+0545] {processor.py:186} INFO - Started process (PID=24595) to work on /home/ashok/miniconda3/envs/mysecondenvironment/lib/python3.8/site-packages/airflow/example_dags/example_workday_timetable.py
[2025-09-21T08:38:01.854+0545] {processor.py:914} INFO - Processing file /home/ashok/miniconda3/envs/mysecondenvironment/lib/python3.8/site-packages/airflow/example_dags/example_workday_timetable.py for tasks to queue
[2025-09-21T08:38:01.856+0545] {logging_mixin.py:190} INFO - [2025-09-21T08:38:01.855+0545] {dagbag.py:588} INFO - Filling up the DagBag from /home/ashok/miniconda3/envs/mysecondenvironment/lib/python3.8/site-packages/airflow/example_dags/example_workday_timetable.py
[2025-09-21T08:38:01.859+0545] {processor.py:925} INFO - DAG(s) 'example_workday_timetable' retrieved from /home/ashok/miniconda3/envs/mysecondenvironment/lib/python3.8/site-packages/airflow/example_dags/example_workday_timetable.py
[2025-09-21T08:38:01.866+0545] {logging_mixin.py:190} INFO - [2025-09-21T08:38:01.866+0545] {dag.py:3239} INFO - Sync 1 DAGs
[2025-09-21T08:38:01.889+0545] {logging_mixin.py:190} INFO - [2025-09-21T08:38:01.889+0545] {dag.py:4180} INFO - Setting next_dagrun for example_workday_timetable to 2021-01-04 00:00:00+00:00, run_after=2021-01-05 00:00:00+00:00
[2025-09-21T08:38:01.906+0545] {processor.py:208} INFO - Processing /home/ashok/miniconda3/envs/mysecondenvironment/lib/python3.8/site-packages/airflow/example_dags/example_workday_timetable.py took 0.058 seconds
[2025-09-21T08:38:39.169+0545] {processor.py:186} INFO - Started process (PID=25069) to work on /home/ashok/miniconda3/envs/mysecondenvironment/lib/python3.8/site-packages/airflow/example_dags/example_workday_timetable.py
[2025-09-21T08:38:39.170+0545] {processor.py:914} INFO - Processing file /home/ashok/miniconda3/envs/mysecondenvironment/lib/python3.8/site-packages/airflow/example_dags/example_workday_timetable.py for tasks to queue
[2025-09-21T08:38:39.171+0545] {logging_mixin.py:190} INFO - [2025-09-21T08:38:39.171+0545] {dagbag.py:588} INFO - Filling up the DagBag from /home/ashok/miniconda3/envs/mysecondenvironment/lib/python3.8/site-packages/airflow/example_dags/example_workday_timetable.py
[2025-09-21T08:38:39.175+0545] {processor.py:925} INFO - DAG(s) 'example_workday_timetable' retrieved from /home/ashok/miniconda3/envs/mysecondenvironment/lib/python3.8/site-packages/airflow/example_dags/example_workday_timetable.py
[2025-09-21T08:38:39.187+0545] {logging_mixin.py:190} INFO - [2025-09-21T08:38:39.186+0545] {dag.py:3239} INFO - Sync 1 DAGs
[2025-09-21T08:38:39.214+0545] {logging_mixin.py:190} INFO - [2025-09-21T08:38:39.214+0545] {dag.py:4180} INFO - Setting next_dagrun for example_workday_timetable to 2021-01-04 00:00:00+00:00, run_after=2021-01-05 00:00:00+00:00
[2025-09-21T08:38:39.230+0545] {processor.py:208} INFO - Processing /home/ashok/miniconda3/envs/mysecondenvironment/lib/python3.8/site-packages/airflow/example_dags/example_workday_timetable.py took 0.066 seconds
[2025-09-21T08:40:58.000+0545] {processor.py:186} INFO - Started process (PID=26667) to work on /home/ashok/miniconda3/envs/mysecondenvironment/lib/python3.8/site-packages/airflow/example_dags/example_workday_timetable.py
[2025-09-21T08:40:58.002+0545] {processor.py:914} INFO - Processing file /home/ashok/miniconda3/envs/mysecondenvironment/lib/python3.8/site-packages/airflow/example_dags/example_workday_timetable.py for tasks to queue
[2025-09-21T08:40:58.003+0545] {logging_mixin.py:190} INFO - [2025-09-21T08:40:58.003+0545] {dagbag.py:588} INFO - Filling up the DagBag from /home/ashok/miniconda3/envs/mysecondenvironment/lib/python3.8/site-packages/airflow/example_dags/example_workday_timetable.py
[2025-09-21T08:40:58.007+0545] {processor.py:925} INFO - DAG(s) 'example_workday_timetable' retrieved from /home/ashok/miniconda3/envs/mysecondenvironment/lib/python3.8/site-packages/airflow/example_dags/example_workday_timetable.py
[2025-09-21T08:40:58.014+0545] {logging_mixin.py:190} INFO - [2025-09-21T08:40:58.014+0545] {dag.py:3239} INFO - Sync 1 DAGs
[2025-09-21T08:40:58.036+0545] {logging_mixin.py:190} INFO - [2025-09-21T08:40:58.036+0545] {dag.py:4180} INFO - Setting next_dagrun for example_workday_timetable to 2021-01-04 00:00:00+00:00, run_after=2021-01-05 00:00:00+00:00
[2025-09-21T08:40:58.052+0545] {processor.py:208} INFO - Processing /home/ashok/miniconda3/envs/mysecondenvironment/lib/python3.8/site-packages/airflow/example_dags/example_workday_timetable.py took 0.056 seconds
[2025-09-21T08:41:56.763+0545] {processor.py:186} INFO - Started process (PID=27105) to work on /home/ashok/miniconda3/envs/mysecondenvironment/lib/python3.8/site-packages/airflow/example_dags/example_workday_timetable.py
[2025-09-21T08:41:56.765+0545] {processor.py:914} INFO - Processing file /home/ashok/miniconda3/envs/mysecondenvironment/lib/python3.8/site-packages/airflow/example_dags/example_workday_timetable.py for tasks to queue
[2025-09-21T08:41:56.766+0545] {logging_mixin.py:190} INFO - [2025-09-21T08:41:56.766+0545] {dagbag.py:588} INFO - Filling up the DagBag from /home/ashok/miniconda3/envs/mysecondenvironment/lib/python3.8/site-packages/airflow/example_dags/example_workday_timetable.py
[2025-09-21T08:41:56.773+0545] {processor.py:925} INFO - DAG(s) 'example_workday_timetable' retrieved from /home/ashok/miniconda3/envs/mysecondenvironment/lib/python3.8/site-packages/airflow/example_dags/example_workday_timetable.py
[2025-09-21T08:41:56.784+0545] {logging_mixin.py:190} INFO - [2025-09-21T08:41:56.784+0545] {dag.py:3239} INFO - Sync 1 DAGs
[2025-09-21T08:41:56.807+0545] {logging_mixin.py:190} INFO - [2025-09-21T08:41:56.807+0545] {dag.py:4180} INFO - Setting next_dagrun for example_workday_timetable to 2021-01-04 00:00:00+00:00, run_after=2021-01-05 00:00:00+00:00
[2025-09-21T08:41:56.823+0545] {processor.py:208} INFO - Processing /home/ashok/miniconda3/envs/mysecondenvironment/lib/python3.8/site-packages/airflow/example_dags/example_workday_timetable.py took 0.066 seconds
[2025-09-21T08:42:52.161+0545] {processor.py:186} INFO - Started process (PID=27544) to work on /home/ashok/miniconda3/envs/mysecondenvironment/lib/python3.8/site-packages/airflow/example_dags/example_workday_timetable.py
[2025-09-21T08:42:52.163+0545] {processor.py:914} INFO - Processing file /home/ashok/miniconda3/envs/mysecondenvironment/lib/python3.8/site-packages/airflow/example_dags/example_workday_timetable.py for tasks to queue
[2025-09-21T08:42:52.165+0545] {logging_mixin.py:190} INFO - [2025-09-21T08:42:52.165+0545] {dagbag.py:588} INFO - Filling up the DagBag from /home/ashok/miniconda3/envs/mysecondenvironment/lib/python3.8/site-packages/airflow/example_dags/example_workday_timetable.py
[2025-09-21T08:42:52.168+0545] {processor.py:925} INFO - DAG(s) 'example_workday_timetable' retrieved from /home/ashok/miniconda3/envs/mysecondenvironment/lib/python3.8/site-packages/airflow/example_dags/example_workday_timetable.py
[2025-09-21T08:42:52.176+0545] {logging_mixin.py:190} INFO - [2025-09-21T08:42:52.176+0545] {dag.py:3239} INFO - Sync 1 DAGs
[2025-09-21T08:42:52.198+0545] {logging_mixin.py:190} INFO - [2025-09-21T08:42:52.198+0545] {dag.py:4180} INFO - Setting next_dagrun for example_workday_timetable to 2021-01-04 00:00:00+00:00, run_after=2021-01-05 00:00:00+00:00
[2025-09-21T08:42:52.213+0545] {processor.py:208} INFO - Processing /home/ashok/miniconda3/envs/mysecondenvironment/lib/python3.8/site-packages/airflow/example_dags/example_workday_timetable.py took 0.056 seconds
[2025-09-21T08:43:44.770+0545] {processor.py:186} INFO - Started process (PID=27897) to work on /home/ashok/miniconda3/envs/mysecondenvironment/lib/python3.8/site-packages/airflow/example_dags/example_workday_timetable.py
[2025-09-21T08:43:44.772+0545] {processor.py:914} INFO - Processing file /home/ashok/miniconda3/envs/mysecondenvironment/lib/python3.8/site-packages/airflow/example_dags/example_workday_timetable.py for tasks to queue
[2025-09-21T08:43:44.773+0545] {logging_mixin.py:190} INFO - [2025-09-21T08:43:44.773+0545] {dagbag.py:588} INFO - Filling up the DagBag from /home/ashok/miniconda3/envs/mysecondenvironment/lib/python3.8/site-packages/airflow/example_dags/example_workday_timetable.py
[2025-09-21T08:43:44.777+0545] {processor.py:925} INFO - DAG(s) 'example_workday_timetable' retrieved from /home/ashok/miniconda3/envs/mysecondenvironment/lib/python3.8/site-packages/airflow/example_dags/example_workday_timetable.py
[2025-09-21T08:43:44.786+0545] {logging_mixin.py:190} INFO - [2025-09-21T08:43:44.785+0545] {dag.py:3239} INFO - Sync 1 DAGs
[2025-09-21T08:43:44.810+0545] {logging_mixin.py:190} INFO - [2025-09-21T08:43:44.809+0545] {dag.py:4180} INFO - Setting next_dagrun for example_workday_timetable to 2021-01-04 00:00:00+00:00, run_after=2021-01-05 00:00:00+00:00
[2025-09-21T08:43:44.825+0545] {processor.py:208} INFO - Processing /home/ashok/miniconda3/envs/mysecondenvironment/lib/python3.8/site-packages/airflow/example_dags/example_workday_timetable.py took 0.059 seconds
[2025-09-21T08:44:42.012+0545] {processor.py:186} INFO - Started process (PID=28263) to work on /home/ashok/miniconda3/envs/mysecondenvironment/lib/python3.8/site-packages/airflow/example_dags/example_workday_timetable.py
[2025-09-21T08:44:42.015+0545] {processor.py:914} INFO - Processing file /home/ashok/miniconda3/envs/mysecondenvironment/lib/python3.8/site-packages/airflow/example_dags/example_workday_timetable.py for tasks to queue
[2025-09-21T08:44:42.016+0545] {logging_mixin.py:190} INFO - [2025-09-21T08:44:42.016+0545] {dagbag.py:588} INFO - Filling up the DagBag from /home/ashok/miniconda3/envs/mysecondenvironment/lib/python3.8/site-packages/airflow/example_dags/example_workday_timetable.py
[2025-09-21T08:44:42.020+0545] {processor.py:925} INFO - DAG(s) 'example_workday_timetable' retrieved from /home/ashok/miniconda3/envs/mysecondenvironment/lib/python3.8/site-packages/airflow/example_dags/example_workday_timetable.py
[2025-09-21T08:44:42.027+0545] {logging_mixin.py:190} INFO - [2025-09-21T08:44:42.027+0545] {dag.py:3239} INFO - Sync 1 DAGs
[2025-09-21T08:44:42.048+0545] {logging_mixin.py:190} INFO - [2025-09-21T08:44:42.048+0545] {dag.py:4180} INFO - Setting next_dagrun for example_workday_timetable to 2021-01-04 00:00:00+00:00, run_after=2021-01-05 00:00:00+00:00
[2025-09-21T08:44:42.067+0545] {processor.py:208} INFO - Processing /home/ashok/miniconda3/envs/mysecondenvironment/lib/python3.8/site-packages/airflow/example_dags/example_workday_timetable.py took 0.059 seconds
[2025-09-21T08:45:43.325+0545] {processor.py:186} INFO - Started process (PID=28702) to work on /home/ashok/miniconda3/envs/mysecondenvironment/lib/python3.8/site-packages/airflow/example_dags/example_workday_timetable.py
[2025-09-21T08:45:43.328+0545] {processor.py:914} INFO - Processing file /home/ashok/miniconda3/envs/mysecondenvironment/lib/python3.8/site-packages/airflow/example_dags/example_workday_timetable.py for tasks to queue
[2025-09-21T08:45:43.329+0545] {logging_mixin.py:190} INFO - [2025-09-21T08:45:43.329+0545] {dagbag.py:588} INFO - Filling up the DagBag from /home/ashok/miniconda3/envs/mysecondenvironment/lib/python3.8/site-packages/airflow/example_dags/example_workday_timetable.py
[2025-09-21T08:45:43.332+0545] {processor.py:925} INFO - DAG(s) 'example_workday_timetable' retrieved from /home/ashok/miniconda3/envs/mysecondenvironment/lib/python3.8/site-packages/airflow/example_dags/example_workday_timetable.py
[2025-09-21T08:45:43.339+0545] {logging_mixin.py:190} INFO - [2025-09-21T08:45:43.339+0545] {dag.py:3239} INFO - Sync 1 DAGs
[2025-09-21T08:45:43.360+0545] {logging_mixin.py:190} INFO - [2025-09-21T08:45:43.360+0545] {dag.py:4180} INFO - Setting next_dagrun for example_workday_timetable to 2021-01-04 00:00:00+00:00, run_after=2021-01-05 00:00:00+00:00
[2025-09-21T08:45:43.377+0545] {processor.py:208} INFO - Processing /home/ashok/miniconda3/envs/mysecondenvironment/lib/python3.8/site-packages/airflow/example_dags/example_workday_timetable.py took 0.055 seconds
[2025-09-21T08:46:39.960+0545] {processor.py:186} INFO - Started process (PID=29113) to work on /home/ashok/miniconda3/envs/mysecondenvironment/lib/python3.8/site-packages/airflow/example_dags/example_workday_timetable.py
[2025-09-21T08:46:39.962+0545] {processor.py:914} INFO - Processing file /home/ashok/miniconda3/envs/mysecondenvironment/lib/python3.8/site-packages/airflow/example_dags/example_workday_timetable.py for tasks to queue
[2025-09-21T08:46:39.963+0545] {logging_mixin.py:190} INFO - [2025-09-21T08:46:39.963+0545] {dagbag.py:588} INFO - Filling up the DagBag from /home/ashok/miniconda3/envs/mysecondenvironment/lib/python3.8/site-packages/airflow/example_dags/example_workday_timetable.py
[2025-09-21T08:46:39.967+0545] {processor.py:925} INFO - DAG(s) 'example_workday_timetable' retrieved from /home/ashok/miniconda3/envs/mysecondenvironment/lib/python3.8/site-packages/airflow/example_dags/example_workday_timetable.py
[2025-09-21T08:46:39.975+0545] {logging_mixin.py:190} INFO - [2025-09-21T08:46:39.975+0545] {dag.py:3239} INFO - Sync 1 DAGs
[2025-09-21T08:46:40.000+0545] {logging_mixin.py:190} INFO - [2025-09-21T08:46:39.999+0545] {dag.py:4180} INFO - Setting next_dagrun for example_workday_timetable to 2021-01-04 00:00:00+00:00, run_after=2021-01-05 00:00:00+00:00
[2025-09-21T08:46:40.015+0545] {processor.py:208} INFO - Processing /home/ashok/miniconda3/envs/mysecondenvironment/lib/python3.8/site-packages/airflow/example_dags/example_workday_timetable.py took 0.060 seconds
[2025-09-21T08:47:35.341+0545] {processor.py:186} INFO - Started process (PID=29476) to work on /home/ashok/miniconda3/envs/mysecondenvironment/lib/python3.8/site-packages/airflow/example_dags/example_workday_timetable.py
[2025-09-21T08:47:35.342+0545] {processor.py:914} INFO - Processing file /home/ashok/miniconda3/envs/mysecondenvironment/lib/python3.8/site-packages/airflow/example_dags/example_workday_timetable.py for tasks to queue
[2025-09-21T08:47:35.344+0545] {logging_mixin.py:190} INFO - [2025-09-21T08:47:35.344+0545] {dagbag.py:588} INFO - Filling up the DagBag from /home/ashok/miniconda3/envs/mysecondenvironment/lib/python3.8/site-packages/airflow/example_dags/example_workday_timetable.py
[2025-09-21T08:47:35.347+0545] {processor.py:925} INFO - DAG(s) 'example_workday_timetable' retrieved from /home/ashok/miniconda3/envs/mysecondenvironment/lib/python3.8/site-packages/airflow/example_dags/example_workday_timetable.py
[2025-09-21T08:47:35.356+0545] {logging_mixin.py:190} INFO - [2025-09-21T08:47:35.356+0545] {dag.py:3239} INFO - Sync 1 DAGs
[2025-09-21T08:47:35.380+0545] {logging_mixin.py:190} INFO - [2025-09-21T08:47:35.379+0545] {dag.py:4180} INFO - Setting next_dagrun for example_workday_timetable to 2021-01-04 00:00:00+00:00, run_after=2021-01-05 00:00:00+00:00
[2025-09-21T08:47:35.396+0545] {processor.py:208} INFO - Processing /home/ashok/miniconda3/envs/mysecondenvironment/lib/python3.8/site-packages/airflow/example_dags/example_workday_timetable.py took 0.059 seconds
[2025-09-21T09:43:37.094+0545] {processor.py:186} INFO - Started process (PID=49541) to work on /home/ashok/miniconda3/envs/mysecondenvironment/lib/python3.8/site-packages/airflow/example_dags/example_workday_timetable.py
[2025-09-21T09:43:37.096+0545] {processor.py:914} INFO - Processing file /home/ashok/miniconda3/envs/mysecondenvironment/lib/python3.8/site-packages/airflow/example_dags/example_workday_timetable.py for tasks to queue
[2025-09-21T09:43:37.098+0545] {logging_mixin.py:190} INFO - [2025-09-21T09:43:37.098+0545] {dagbag.py:588} INFO - Filling up the DagBag from /home/ashok/miniconda3/envs/mysecondenvironment/lib/python3.8/site-packages/airflow/example_dags/example_workday_timetable.py
[2025-09-21T09:43:37.101+0545] {processor.py:925} INFO - DAG(s) 'example_workday_timetable' retrieved from /home/ashok/miniconda3/envs/mysecondenvironment/lib/python3.8/site-packages/airflow/example_dags/example_workday_timetable.py
[2025-09-21T09:43:37.109+0545] {logging_mixin.py:190} INFO - [2025-09-21T09:43:37.109+0545] {dag.py:3239} INFO - Sync 1 DAGs
[2025-09-21T09:43:37.134+0545] {logging_mixin.py:190} INFO - [2025-09-21T09:43:37.134+0545] {dag.py:4180} INFO - Setting next_dagrun for example_workday_timetable to 2021-01-04 00:00:00+00:00, run_after=2021-01-05 00:00:00+00:00
[2025-09-21T09:43:37.151+0545] {processor.py:208} INFO - Processing /home/ashok/miniconda3/envs/mysecondenvironment/lib/python3.8/site-packages/airflow/example_dags/example_workday_timetable.py took 0.061 seconds
[2025-09-21T09:46:08.546+0545] {processor.py:186} INFO - Started process (PID=51543) to work on /home/ashok/miniconda3/envs/mysecondenvironment/lib/python3.8/site-packages/airflow/example_dags/example_workday_timetable.py
[2025-09-21T09:46:08.547+0545] {processor.py:914} INFO - Processing file /home/ashok/miniconda3/envs/mysecondenvironment/lib/python3.8/site-packages/airflow/example_dags/example_workday_timetable.py for tasks to queue
[2025-09-21T09:46:08.549+0545] {logging_mixin.py:190} INFO - [2025-09-21T09:46:08.549+0545] {dagbag.py:588} INFO - Filling up the DagBag from /home/ashok/miniconda3/envs/mysecondenvironment/lib/python3.8/site-packages/airflow/example_dags/example_workday_timetable.py
[2025-09-21T09:46:08.553+0545] {processor.py:925} INFO - DAG(s) 'example_workday_timetable' retrieved from /home/ashok/miniconda3/envs/mysecondenvironment/lib/python3.8/site-packages/airflow/example_dags/example_workday_timetable.py
[2025-09-21T09:46:08.564+0545] {logging_mixin.py:190} INFO - [2025-09-21T09:46:08.563+0545] {dag.py:3239} INFO - Sync 1 DAGs
[2025-09-21T09:46:08.589+0545] {logging_mixin.py:190} INFO - [2025-09-21T09:46:08.589+0545] {dag.py:4180} INFO - Setting next_dagrun for example_workday_timetable to 2021-01-04 00:00:00+00:00, run_after=2021-01-05 00:00:00+00:00
[2025-09-21T09:46:08.607+0545] {processor.py:208} INFO - Processing /home/ashok/miniconda3/envs/mysecondenvironment/lib/python3.8/site-packages/airflow/example_dags/example_workday_timetable.py took 0.066 seconds
[2025-09-21T09:47:48.124+0545] {processor.py:186} INFO - Started process (PID=52503) to work on /home/ashok/miniconda3/envs/mysecondenvironment/lib/python3.8/site-packages/airflow/example_dags/example_workday_timetable.py
[2025-09-21T09:47:48.126+0545] {processor.py:914} INFO - Processing file /home/ashok/miniconda3/envs/mysecondenvironment/lib/python3.8/site-packages/airflow/example_dags/example_workday_timetable.py for tasks to queue
[2025-09-21T09:47:48.128+0545] {logging_mixin.py:190} INFO - [2025-09-21T09:47:48.127+0545] {dagbag.py:588} INFO - Filling up the DagBag from /home/ashok/miniconda3/envs/mysecondenvironment/lib/python3.8/site-packages/airflow/example_dags/example_workday_timetable.py
[2025-09-21T09:47:48.133+0545] {processor.py:925} INFO - DAG(s) 'example_workday_timetable' retrieved from /home/ashok/miniconda3/envs/mysecondenvironment/lib/python3.8/site-packages/airflow/example_dags/example_workday_timetable.py
[2025-09-21T09:47:48.142+0545] {logging_mixin.py:190} INFO - [2025-09-21T09:47:48.142+0545] {dag.py:3239} INFO - Sync 1 DAGs
[2025-09-21T09:47:48.166+0545] {logging_mixin.py:190} INFO - [2025-09-21T09:47:48.166+0545] {dag.py:4180} INFO - Setting next_dagrun for example_workday_timetable to 2021-01-04 00:00:00+00:00, run_after=2021-01-05 00:00:00+00:00
[2025-09-21T09:47:48.183+0545] {processor.py:208} INFO - Processing /home/ashok/miniconda3/envs/mysecondenvironment/lib/python3.8/site-packages/airflow/example_dags/example_workday_timetable.py took 0.062 seconds
[2025-09-21T09:48:41.079+0545] {processor.py:186} INFO - Started process (PID=52857) to work on /home/ashok/miniconda3/envs/mysecondenvironment/lib/python3.8/site-packages/airflow/example_dags/example_workday_timetable.py
[2025-09-21T09:48:41.080+0545] {processor.py:914} INFO - Processing file /home/ashok/miniconda3/envs/mysecondenvironment/lib/python3.8/site-packages/airflow/example_dags/example_workday_timetable.py for tasks to queue
[2025-09-21T09:48:41.082+0545] {logging_mixin.py:190} INFO - [2025-09-21T09:48:41.082+0545] {dagbag.py:588} INFO - Filling up the DagBag from /home/ashok/miniconda3/envs/mysecondenvironment/lib/python3.8/site-packages/airflow/example_dags/example_workday_timetable.py
[2025-09-21T09:48:41.087+0545] {processor.py:925} INFO - DAG(s) 'example_workday_timetable' retrieved from /home/ashok/miniconda3/envs/mysecondenvironment/lib/python3.8/site-packages/airflow/example_dags/example_workday_timetable.py
[2025-09-21T09:48:41.095+0545] {logging_mixin.py:190} INFO - [2025-09-21T09:48:41.095+0545] {dag.py:3239} INFO - Sync 1 DAGs
[2025-09-21T09:48:41.119+0545] {logging_mixin.py:190} INFO - [2025-09-21T09:48:41.119+0545] {dag.py:4180} INFO - Setting next_dagrun for example_workday_timetable to 2021-01-04 00:00:00+00:00, run_after=2021-01-05 00:00:00+00:00
[2025-09-21T09:48:41.135+0545] {processor.py:208} INFO - Processing /home/ashok/miniconda3/envs/mysecondenvironment/lib/python3.8/site-packages/airflow/example_dags/example_workday_timetable.py took 0.061 seconds
[2025-09-21T09:49:43.754+0545] {processor.py:186} INFO - Started process (PID=53381) to work on /home/ashok/miniconda3/envs/mysecondenvironment/lib/python3.8/site-packages/airflow/example_dags/example_workday_timetable.py
[2025-09-21T09:49:43.756+0545] {processor.py:914} INFO - Processing file /home/ashok/miniconda3/envs/mysecondenvironment/lib/python3.8/site-packages/airflow/example_dags/example_workday_timetable.py for tasks to queue
[2025-09-21T09:49:43.757+0545] {logging_mixin.py:190} INFO - [2025-09-21T09:49:43.757+0545] {dagbag.py:588} INFO - Filling up the DagBag from /home/ashok/miniconda3/envs/mysecondenvironment/lib/python3.8/site-packages/airflow/example_dags/example_workday_timetable.py
[2025-09-21T09:49:43.763+0545] {processor.py:925} INFO - DAG(s) 'example_workday_timetable' retrieved from /home/ashok/miniconda3/envs/mysecondenvironment/lib/python3.8/site-packages/airflow/example_dags/example_workday_timetable.py
[2025-09-21T09:49:43.770+0545] {logging_mixin.py:190} INFO - [2025-09-21T09:49:43.770+0545] {dag.py:3239} INFO - Sync 1 DAGs
[2025-09-21T09:49:43.793+0545] {logging_mixin.py:190} INFO - [2025-09-21T09:49:43.793+0545] {dag.py:4180} INFO - Setting next_dagrun for example_workday_timetable to 2021-01-04 00:00:00+00:00, run_after=2021-01-05 00:00:00+00:00
[2025-09-21T09:49:43.809+0545] {processor.py:208} INFO - Processing /home/ashok/miniconda3/envs/mysecondenvironment/lib/python3.8/site-packages/airflow/example_dags/example_workday_timetable.py took 0.060 seconds
[2025-09-21T09:50:41.175+0545] {processor.py:186} INFO - Started process (PID=53790) to work on /home/ashok/miniconda3/envs/mysecondenvironment/lib/python3.8/site-packages/airflow/example_dags/example_workday_timetable.py
[2025-09-21T09:50:41.176+0545] {processor.py:914} INFO - Processing file /home/ashok/miniconda3/envs/mysecondenvironment/lib/python3.8/site-packages/airflow/example_dags/example_workday_timetable.py for tasks to queue
[2025-09-21T09:50:41.177+0545] {logging_mixin.py:190} INFO - [2025-09-21T09:50:41.177+0545] {dagbag.py:588} INFO - Filling up the DagBag from /home/ashok/miniconda3/envs/mysecondenvironment/lib/python3.8/site-packages/airflow/example_dags/example_workday_timetable.py
[2025-09-21T09:50:41.181+0545] {processor.py:925} INFO - DAG(s) 'example_workday_timetable' retrieved from /home/ashok/miniconda3/envs/mysecondenvironment/lib/python3.8/site-packages/airflow/example_dags/example_workday_timetable.py
[2025-09-21T09:50:41.189+0545] {logging_mixin.py:190} INFO - [2025-09-21T09:50:41.189+0545] {dag.py:3239} INFO - Sync 1 DAGs
[2025-09-21T09:50:41.212+0545] {logging_mixin.py:190} INFO - [2025-09-21T09:50:41.212+0545] {dag.py:4180} INFO - Setting next_dagrun for example_workday_timetable to 2021-01-04 00:00:00+00:00, run_after=2021-01-05 00:00:00+00:00
[2025-09-21T09:50:41.230+0545] {processor.py:208} INFO - Processing /home/ashok/miniconda3/envs/mysecondenvironment/lib/python3.8/site-packages/airflow/example_dags/example_workday_timetable.py took 0.058 seconds
[2025-09-21T09:52:21.584+0545] {processor.py:186} INFO - Started process (PID=54983) to work on /home/ashok/miniconda3/envs/mysecondenvironment/lib/python3.8/site-packages/airflow/example_dags/example_workday_timetable.py
[2025-09-21T09:52:21.586+0545] {processor.py:914} INFO - Processing file /home/ashok/miniconda3/envs/mysecondenvironment/lib/python3.8/site-packages/airflow/example_dags/example_workday_timetable.py for tasks to queue
[2025-09-21T09:52:21.587+0545] {logging_mixin.py:190} INFO - [2025-09-21T09:52:21.587+0545] {dagbag.py:588} INFO - Filling up the DagBag from /home/ashok/miniconda3/envs/mysecondenvironment/lib/python3.8/site-packages/airflow/example_dags/example_workday_timetable.py
[2025-09-21T09:52:21.590+0545] {processor.py:925} INFO - DAG(s) 'example_workday_timetable' retrieved from /home/ashok/miniconda3/envs/mysecondenvironment/lib/python3.8/site-packages/airflow/example_dags/example_workday_timetable.py
[2025-09-21T09:52:21.599+0545] {logging_mixin.py:190} INFO - [2025-09-21T09:52:21.598+0545] {dag.py:3239} INFO - Sync 1 DAGs
[2025-09-21T09:52:21.621+0545] {logging_mixin.py:190} INFO - [2025-09-21T09:52:21.621+0545] {dag.py:4180} INFO - Setting next_dagrun for example_workday_timetable to 2021-01-04 00:00:00+00:00, run_after=2021-01-05 00:00:00+00:00
[2025-09-21T09:52:21.637+0545] {processor.py:208} INFO - Processing /home/ashok/miniconda3/envs/mysecondenvironment/lib/python3.8/site-packages/airflow/example_dags/example_workday_timetable.py took 0.057 seconds
[2025-09-21T09:54:36.283+0545] {processor.py:186} INFO - Started process (PID=56435) to work on /home/ashok/miniconda3/envs/mysecondenvironment/lib/python3.8/site-packages/airflow/example_dags/example_workday_timetable.py
[2025-09-21T09:54:36.285+0545] {processor.py:914} INFO - Processing file /home/ashok/miniconda3/envs/mysecondenvironment/lib/python3.8/site-packages/airflow/example_dags/example_workday_timetable.py for tasks to queue
[2025-09-21T09:54:36.286+0545] {logging_mixin.py:190} INFO - [2025-09-21T09:54:36.286+0545] {dagbag.py:588} INFO - Filling up the DagBag from /home/ashok/miniconda3/envs/mysecondenvironment/lib/python3.8/site-packages/airflow/example_dags/example_workday_timetable.py
[2025-09-21T09:54:36.290+0545] {processor.py:925} INFO - DAG(s) 'example_workday_timetable' retrieved from /home/ashok/miniconda3/envs/mysecondenvironment/lib/python3.8/site-packages/airflow/example_dags/example_workday_timetable.py
[2025-09-21T09:54:36.297+0545] {logging_mixin.py:190} INFO - [2025-09-21T09:54:36.297+0545] {dag.py:3239} INFO - Sync 1 DAGs
[2025-09-21T09:54:36.320+0545] {logging_mixin.py:190} INFO - [2025-09-21T09:54:36.320+0545] {dag.py:4180} INFO - Setting next_dagrun for example_workday_timetable to 2021-01-04 00:00:00+00:00, run_after=2021-01-05 00:00:00+00:00
[2025-09-21T09:54:36.337+0545] {processor.py:208} INFO - Processing /home/ashok/miniconda3/envs/mysecondenvironment/lib/python3.8/site-packages/airflow/example_dags/example_workday_timetable.py took 0.057 seconds
[2025-09-21T09:55:33.193+0545] {processor.py:186} INFO - Started process (PID=56899) to work on /home/ashok/miniconda3/envs/mysecondenvironment/lib/python3.8/site-packages/airflow/example_dags/example_workday_timetable.py
[2025-09-21T09:55:33.194+0545] {processor.py:914} INFO - Processing file /home/ashok/miniconda3/envs/mysecondenvironment/lib/python3.8/site-packages/airflow/example_dags/example_workday_timetable.py for tasks to queue
[2025-09-21T09:55:33.195+0545] {logging_mixin.py:190} INFO - [2025-09-21T09:55:33.195+0545] {dagbag.py:588} INFO - Filling up the DagBag from /home/ashok/miniconda3/envs/mysecondenvironment/lib/python3.8/site-packages/airflow/example_dags/example_workday_timetable.py
[2025-09-21T09:55:33.199+0545] {processor.py:925} INFO - DAG(s) 'example_workday_timetable' retrieved from /home/ashok/miniconda3/envs/mysecondenvironment/lib/python3.8/site-packages/airflow/example_dags/example_workday_timetable.py
[2025-09-21T09:55:33.206+0545] {logging_mixin.py:190} INFO - [2025-09-21T09:55:33.206+0545] {dag.py:3239} INFO - Sync 1 DAGs
[2025-09-21T09:55:33.233+0545] {logging_mixin.py:190} INFO - [2025-09-21T09:55:33.233+0545] {dag.py:4180} INFO - Setting next_dagrun for example_workday_timetable to 2021-01-04 00:00:00+00:00, run_after=2021-01-05 00:00:00+00:00
[2025-09-21T09:55:33.251+0545] {processor.py:208} INFO - Processing /home/ashok/miniconda3/envs/mysecondenvironment/lib/python3.8/site-packages/airflow/example_dags/example_workday_timetable.py took 0.062 seconds
[2025-09-21T09:56:28.583+0545] {processor.py:186} INFO - Started process (PID=57273) to work on /home/ashok/miniconda3/envs/mysecondenvironment/lib/python3.8/site-packages/airflow/example_dags/example_workday_timetable.py
[2025-09-21T09:56:28.585+0545] {processor.py:914} INFO - Processing file /home/ashok/miniconda3/envs/mysecondenvironment/lib/python3.8/site-packages/airflow/example_dags/example_workday_timetable.py for tasks to queue
[2025-09-21T09:56:28.586+0545] {logging_mixin.py:190} INFO - [2025-09-21T09:56:28.586+0545] {dagbag.py:588} INFO - Filling up the DagBag from /home/ashok/miniconda3/envs/mysecondenvironment/lib/python3.8/site-packages/airflow/example_dags/example_workday_timetable.py
[2025-09-21T09:56:28.590+0545] {processor.py:925} INFO - DAG(s) 'example_workday_timetable' retrieved from /home/ashok/miniconda3/envs/mysecondenvironment/lib/python3.8/site-packages/airflow/example_dags/example_workday_timetable.py
[2025-09-21T09:56:28.599+0545] {logging_mixin.py:190} INFO - [2025-09-21T09:56:28.598+0545] {dag.py:3239} INFO - Sync 1 DAGs
[2025-09-21T09:56:28.622+0545] {logging_mixin.py:190} INFO - [2025-09-21T09:56:28.622+0545] {dag.py:4180} INFO - Setting next_dagrun for example_workday_timetable to 2021-01-04 00:00:00+00:00, run_after=2021-01-05 00:00:00+00:00
[2025-09-21T09:56:28.639+0545] {processor.py:208} INFO - Processing /home/ashok/miniconda3/envs/mysecondenvironment/lib/python3.8/site-packages/airflow/example_dags/example_workday_timetable.py took 0.059 seconds
[2025-09-21T09:57:22.681+0545] {processor.py:186} INFO - Started process (PID=57626) to work on /home/ashok/miniconda3/envs/mysecondenvironment/lib/python3.8/site-packages/airflow/example_dags/example_workday_timetable.py
[2025-09-21T09:57:22.682+0545] {processor.py:914} INFO - Processing file /home/ashok/miniconda3/envs/mysecondenvironment/lib/python3.8/site-packages/airflow/example_dags/example_workday_timetable.py for tasks to queue
[2025-09-21T09:57:22.684+0545] {logging_mixin.py:190} INFO - [2025-09-21T09:57:22.683+0545] {dagbag.py:588} INFO - Filling up the DagBag from /home/ashok/miniconda3/envs/mysecondenvironment/lib/python3.8/site-packages/airflow/example_dags/example_workday_timetable.py
[2025-09-21T09:57:22.689+0545] {processor.py:925} INFO - DAG(s) 'example_workday_timetable' retrieved from /home/ashok/miniconda3/envs/mysecondenvironment/lib/python3.8/site-packages/airflow/example_dags/example_workday_timetable.py
[2025-09-21T09:57:22.697+0545] {logging_mixin.py:190} INFO - [2025-09-21T09:57:22.696+0545] {dag.py:3239} INFO - Sync 1 DAGs
[2025-09-21T09:57:22.721+0545] {logging_mixin.py:190} INFO - [2025-09-21T09:57:22.721+0545] {dag.py:4180} INFO - Setting next_dagrun for example_workday_timetable to 2021-01-04 00:00:00+00:00, run_after=2021-01-05 00:00:00+00:00
[2025-09-21T09:57:22.737+0545] {processor.py:208} INFO - Processing /home/ashok/miniconda3/envs/mysecondenvironment/lib/python3.8/site-packages/airflow/example_dags/example_workday_timetable.py took 0.060 seconds
[2025-09-21T09:58:15.839+0545] {processor.py:186} INFO - Started process (PID=58011) to work on /home/ashok/miniconda3/envs/mysecondenvironment/lib/python3.8/site-packages/airflow/example_dags/example_workday_timetable.py
[2025-09-21T09:58:15.841+0545] {processor.py:914} INFO - Processing file /home/ashok/miniconda3/envs/mysecondenvironment/lib/python3.8/site-packages/airflow/example_dags/example_workday_timetable.py for tasks to queue
[2025-09-21T09:58:15.842+0545] {logging_mixin.py:190} INFO - [2025-09-21T09:58:15.842+0545] {dagbag.py:588} INFO - Filling up the DagBag from /home/ashok/miniconda3/envs/mysecondenvironment/lib/python3.8/site-packages/airflow/example_dags/example_workday_timetable.py
[2025-09-21T09:58:15.846+0545] {processor.py:925} INFO - DAG(s) 'example_workday_timetable' retrieved from /home/ashok/miniconda3/envs/mysecondenvironment/lib/python3.8/site-packages/airflow/example_dags/example_workday_timetable.py
[2025-09-21T09:58:15.854+0545] {logging_mixin.py:190} INFO - [2025-09-21T09:58:15.854+0545] {dag.py:3239} INFO - Sync 1 DAGs
[2025-09-21T09:58:15.877+0545] {logging_mixin.py:190} INFO - [2025-09-21T09:58:15.877+0545] {dag.py:4180} INFO - Setting next_dagrun for example_workday_timetable to 2021-01-04 00:00:00+00:00, run_after=2021-01-05 00:00:00+00:00
[2025-09-21T09:58:15.895+0545] {processor.py:208} INFO - Processing /home/ashok/miniconda3/envs/mysecondenvironment/lib/python3.8/site-packages/airflow/example_dags/example_workday_timetable.py took 0.059 seconds
[2025-09-21T09:59:06.889+0545] {processor.py:186} INFO - Started process (PID=58336) to work on /home/ashok/miniconda3/envs/mysecondenvironment/lib/python3.8/site-packages/airflow/example_dags/example_workday_timetable.py
[2025-09-21T09:59:06.890+0545] {processor.py:914} INFO - Processing file /home/ashok/miniconda3/envs/mysecondenvironment/lib/python3.8/site-packages/airflow/example_dags/example_workday_timetable.py for tasks to queue
[2025-09-21T09:59:06.891+0545] {logging_mixin.py:190} INFO - [2025-09-21T09:59:06.891+0545] {dagbag.py:588} INFO - Filling up the DagBag from /home/ashok/miniconda3/envs/mysecondenvironment/lib/python3.8/site-packages/airflow/example_dags/example_workday_timetable.py
[2025-09-21T09:59:06.895+0545] {processor.py:925} INFO - DAG(s) 'example_workday_timetable' retrieved from /home/ashok/miniconda3/envs/mysecondenvironment/lib/python3.8/site-packages/airflow/example_dags/example_workday_timetable.py
[2025-09-21T09:59:06.903+0545] {logging_mixin.py:190} INFO - [2025-09-21T09:59:06.903+0545] {dag.py:3239} INFO - Sync 1 DAGs
[2025-09-21T09:59:06.932+0545] {logging_mixin.py:190} INFO - [2025-09-21T09:59:06.932+0545] {dag.py:4180} INFO - Setting next_dagrun for example_workday_timetable to 2021-01-04 00:00:00+00:00, run_after=2021-01-05 00:00:00+00:00
[2025-09-21T09:59:06.950+0545] {processor.py:208} INFO - Processing /home/ashok/miniconda3/envs/mysecondenvironment/lib/python3.8/site-packages/airflow/example_dags/example_workday_timetable.py took 0.065 seconds
[2025-09-21T10:00:00.990+0545] {processor.py:186} INFO - Started process (PID=58732) to work on /home/ashok/miniconda3/envs/mysecondenvironment/lib/python3.8/site-packages/airflow/example_dags/example_workday_timetable.py
[2025-09-21T10:00:00.992+0545] {processor.py:914} INFO - Processing file /home/ashok/miniconda3/envs/mysecondenvironment/lib/python3.8/site-packages/airflow/example_dags/example_workday_timetable.py for tasks to queue
[2025-09-21T10:00:00.994+0545] {logging_mixin.py:190} INFO - [2025-09-21T10:00:00.994+0545] {dagbag.py:588} INFO - Filling up the DagBag from /home/ashok/miniconda3/envs/mysecondenvironment/lib/python3.8/site-packages/airflow/example_dags/example_workday_timetable.py
[2025-09-21T10:00:00.998+0545] {processor.py:925} INFO - DAG(s) 'example_workday_timetable' retrieved from /home/ashok/miniconda3/envs/mysecondenvironment/lib/python3.8/site-packages/airflow/example_dags/example_workday_timetable.py
[2025-09-21T10:00:01.005+0545] {logging_mixin.py:190} INFO - [2025-09-21T10:00:01.005+0545] {dag.py:3239} INFO - Sync 1 DAGs
[2025-09-21T10:00:01.028+0545] {logging_mixin.py:190} INFO - [2025-09-21T10:00:01.028+0545] {dag.py:4180} INFO - Setting next_dagrun for example_workday_timetable to 2021-01-04 00:00:00+00:00, run_after=2021-01-05 00:00:00+00:00
[2025-09-21T10:00:01.047+0545] {processor.py:208} INFO - Processing /home/ashok/miniconda3/envs/mysecondenvironment/lib/python3.8/site-packages/airflow/example_dags/example_workday_timetable.py took 0.060 seconds
[2025-09-21T10:01:28.279+0545] {processor.py:186} INFO - Started process (PID=59613) to work on /home/ashok/miniconda3/envs/mysecondenvironment/lib/python3.8/site-packages/airflow/example_dags/example_workday_timetable.py
[2025-09-21T10:01:28.280+0545] {processor.py:914} INFO - Processing file /home/ashok/miniconda3/envs/mysecondenvironment/lib/python3.8/site-packages/airflow/example_dags/example_workday_timetable.py for tasks to queue
[2025-09-21T10:01:28.281+0545] {logging_mixin.py:190} INFO - [2025-09-21T10:01:28.281+0545] {dagbag.py:588} INFO - Filling up the DagBag from /home/ashok/miniconda3/envs/mysecondenvironment/lib/python3.8/site-packages/airflow/example_dags/example_workday_timetable.py
[2025-09-21T10:01:28.286+0545] {processor.py:925} INFO - DAG(s) 'example_workday_timetable' retrieved from /home/ashok/miniconda3/envs/mysecondenvironment/lib/python3.8/site-packages/airflow/example_dags/example_workday_timetable.py
[2025-09-21T10:01:28.297+0545] {logging_mixin.py:190} INFO - [2025-09-21T10:01:28.296+0545] {dag.py:3239} INFO - Sync 1 DAGs
[2025-09-21T10:01:28.324+0545] {logging_mixin.py:190} INFO - [2025-09-21T10:01:28.323+0545] {dag.py:4180} INFO - Setting next_dagrun for example_workday_timetable to 2021-01-04 00:00:00+00:00, run_after=2021-01-05 00:00:00+00:00
[2025-09-21T10:01:28.340+0545] {processor.py:208} INFO - Processing /home/ashok/miniconda3/envs/mysecondenvironment/lib/python3.8/site-packages/airflow/example_dags/example_workday_timetable.py took 0.065 seconds
[2025-09-21T10:03:17.860+0545] {processor.py:186} INFO - Started process (PID=60821) to work on /home/ashok/miniconda3/envs/mysecondenvironment/lib/python3.8/site-packages/airflow/example_dags/example_workday_timetable.py
[2025-09-21T10:03:17.862+0545] {processor.py:914} INFO - Processing file /home/ashok/miniconda3/envs/mysecondenvironment/lib/python3.8/site-packages/airflow/example_dags/example_workday_timetable.py for tasks to queue
[2025-09-21T10:03:17.864+0545] {logging_mixin.py:190} INFO - [2025-09-21T10:03:17.864+0545] {dagbag.py:588} INFO - Filling up the DagBag from /home/ashok/miniconda3/envs/mysecondenvironment/lib/python3.8/site-packages/airflow/example_dags/example_workday_timetable.py
[2025-09-21T10:03:17.867+0545] {processor.py:925} INFO - DAG(s) 'example_workday_timetable' retrieved from /home/ashok/miniconda3/envs/mysecondenvironment/lib/python3.8/site-packages/airflow/example_dags/example_workday_timetable.py
[2025-09-21T10:03:17.877+0545] {logging_mixin.py:190} INFO - [2025-09-21T10:03:17.877+0545] {dag.py:3239} INFO - Sync 1 DAGs
[2025-09-21T10:03:17.902+0545] {logging_mixin.py:190} INFO - [2025-09-21T10:03:17.902+0545] {dag.py:4180} INFO - Setting next_dagrun for example_workday_timetable to 2021-01-04 00:00:00+00:00, run_after=2021-01-05 00:00:00+00:00
[2025-09-21T10:03:17.920+0545] {processor.py:208} INFO - Processing /home/ashok/miniconda3/envs/mysecondenvironment/lib/python3.8/site-packages/airflow/example_dags/example_workday_timetable.py took 0.065 seconds
[2025-09-21T10:04:10.573+0545] {processor.py:186} INFO - Started process (PID=61203) to work on /home/ashok/miniconda3/envs/mysecondenvironment/lib/python3.8/site-packages/airflow/example_dags/example_workday_timetable.py
[2025-09-21T10:04:10.576+0545] {processor.py:914} INFO - Processing file /home/ashok/miniconda3/envs/mysecondenvironment/lib/python3.8/site-packages/airflow/example_dags/example_workday_timetable.py for tasks to queue
[2025-09-21T10:04:10.577+0545] {logging_mixin.py:190} INFO - [2025-09-21T10:04:10.577+0545] {dagbag.py:588} INFO - Filling up the DagBag from /home/ashok/miniconda3/envs/mysecondenvironment/lib/python3.8/site-packages/airflow/example_dags/example_workday_timetable.py
[2025-09-21T10:04:10.581+0545] {processor.py:925} INFO - DAG(s) 'example_workday_timetable' retrieved from /home/ashok/miniconda3/envs/mysecondenvironment/lib/python3.8/site-packages/airflow/example_dags/example_workday_timetable.py
[2025-09-21T10:04:10.588+0545] {logging_mixin.py:190} INFO - [2025-09-21T10:04:10.588+0545] {dag.py:3239} INFO - Sync 1 DAGs
[2025-09-21T10:04:10.610+0545] {logging_mixin.py:190} INFO - [2025-09-21T10:04:10.610+0545] {dag.py:4180} INFO - Setting next_dagrun for example_workday_timetable to 2021-01-04 00:00:00+00:00, run_after=2021-01-05 00:00:00+00:00
[2025-09-21T10:04:10.630+0545] {processor.py:208} INFO - Processing /home/ashok/miniconda3/envs/mysecondenvironment/lib/python3.8/site-packages/airflow/example_dags/example_workday_timetable.py took 0.060 seconds
[2025-09-21T10:05:07.544+0545] {processor.py:186} INFO - Started process (PID=61642) to work on /home/ashok/miniconda3/envs/mysecondenvironment/lib/python3.8/site-packages/airflow/example_dags/example_workday_timetable.py
[2025-09-21T10:05:07.546+0545] {processor.py:914} INFO - Processing file /home/ashok/miniconda3/envs/mysecondenvironment/lib/python3.8/site-packages/airflow/example_dags/example_workday_timetable.py for tasks to queue
[2025-09-21T10:05:07.547+0545] {logging_mixin.py:190} INFO - [2025-09-21T10:05:07.547+0545] {dagbag.py:588} INFO - Filling up the DagBag from /home/ashok/miniconda3/envs/mysecondenvironment/lib/python3.8/site-packages/airflow/example_dags/example_workday_timetable.py
[2025-09-21T10:05:07.552+0545] {processor.py:925} INFO - DAG(s) 'example_workday_timetable' retrieved from /home/ashok/miniconda3/envs/mysecondenvironment/lib/python3.8/site-packages/airflow/example_dags/example_workday_timetable.py
[2025-09-21T10:05:07.561+0545] {logging_mixin.py:190} INFO - [2025-09-21T10:05:07.560+0545] {dag.py:3239} INFO - Sync 1 DAGs
[2025-09-21T10:05:07.591+0545] {logging_mixin.py:190} INFO - [2025-09-21T10:05:07.591+0545] {dag.py:4180} INFO - Setting next_dagrun for example_workday_timetable to 2021-01-04 00:00:00+00:00, run_after=2021-01-05 00:00:00+00:00
[2025-09-21T10:05:07.609+0545] {processor.py:208} INFO - Processing /home/ashok/miniconda3/envs/mysecondenvironment/lib/python3.8/site-packages/airflow/example_dags/example_workday_timetable.py took 0.068 seconds
[2025-09-21T10:06:03.403+0545] {processor.py:186} INFO - Started process (PID=62076) to work on /home/ashok/miniconda3/envs/mysecondenvironment/lib/python3.8/site-packages/airflow/example_dags/example_workday_timetable.py
[2025-09-21T10:06:03.405+0545] {processor.py:914} INFO - Processing file /home/ashok/miniconda3/envs/mysecondenvironment/lib/python3.8/site-packages/airflow/example_dags/example_workday_timetable.py for tasks to queue
[2025-09-21T10:06:03.406+0545] {logging_mixin.py:190} INFO - [2025-09-21T10:06:03.406+0545] {dagbag.py:588} INFO - Filling up the DagBag from /home/ashok/miniconda3/envs/mysecondenvironment/lib/python3.8/site-packages/airflow/example_dags/example_workday_timetable.py
[2025-09-21T10:06:03.409+0545] {processor.py:925} INFO - DAG(s) 'example_workday_timetable' retrieved from /home/ashok/miniconda3/envs/mysecondenvironment/lib/python3.8/site-packages/airflow/example_dags/example_workday_timetable.py
[2025-09-21T10:06:03.416+0545] {logging_mixin.py:190} INFO - [2025-09-21T10:06:03.416+0545] {dag.py:3239} INFO - Sync 1 DAGs
[2025-09-21T10:06:03.438+0545] {logging_mixin.py:190} INFO - [2025-09-21T10:06:03.438+0545] {dag.py:4180} INFO - Setting next_dagrun for example_workday_timetable to 2021-01-04 00:00:00+00:00, run_after=2021-01-05 00:00:00+00:00
[2025-09-21T10:06:03.457+0545] {processor.py:208} INFO - Processing /home/ashok/miniconda3/envs/mysecondenvironment/lib/python3.8/site-packages/airflow/example_dags/example_workday_timetable.py took 0.058 seconds
[2025-09-21T10:06:58.482+0545] {processor.py:186} INFO - Started process (PID=62587) to work on /home/ashok/miniconda3/envs/mysecondenvironment/lib/python3.8/site-packages/airflow/example_dags/example_workday_timetable.py
[2025-09-21T10:06:58.484+0545] {processor.py:914} INFO - Processing file /home/ashok/miniconda3/envs/mysecondenvironment/lib/python3.8/site-packages/airflow/example_dags/example_workday_timetable.py for tasks to queue
[2025-09-21T10:06:58.485+0545] {logging_mixin.py:190} INFO - [2025-09-21T10:06:58.485+0545] {dagbag.py:588} INFO - Filling up the DagBag from /home/ashok/miniconda3/envs/mysecondenvironment/lib/python3.8/site-packages/airflow/example_dags/example_workday_timetable.py
[2025-09-21T10:06:58.490+0545] {processor.py:925} INFO - DAG(s) 'example_workday_timetable' retrieved from /home/ashok/miniconda3/envs/mysecondenvironment/lib/python3.8/site-packages/airflow/example_dags/example_workday_timetable.py
[2025-09-21T10:06:58.498+0545] {logging_mixin.py:190} INFO - [2025-09-21T10:06:58.497+0545] {dag.py:3239} INFO - Sync 1 DAGs
[2025-09-21T10:06:58.523+0545] {logging_mixin.py:190} INFO - [2025-09-21T10:06:58.523+0545] {dag.py:4180} INFO - Setting next_dagrun for example_workday_timetable to 2021-01-04 00:00:00+00:00, run_after=2021-01-05 00:00:00+00:00
[2025-09-21T10:06:58.539+0545] {processor.py:208} INFO - Processing /home/ashok/miniconda3/envs/mysecondenvironment/lib/python3.8/site-packages/airflow/example_dags/example_workday_timetable.py took 0.063 seconds
[2025-09-21T10:07:55.119+0545] {processor.py:186} INFO - Started process (PID=63058) to work on /home/ashok/miniconda3/envs/mysecondenvironment/lib/python3.8/site-packages/airflow/example_dags/example_workday_timetable.py
[2025-09-21T10:07:55.121+0545] {processor.py:914} INFO - Processing file /home/ashok/miniconda3/envs/mysecondenvironment/lib/python3.8/site-packages/airflow/example_dags/example_workday_timetable.py for tasks to queue
[2025-09-21T10:07:55.122+0545] {logging_mixin.py:190} INFO - [2025-09-21T10:07:55.122+0545] {dagbag.py:588} INFO - Filling up the DagBag from /home/ashok/miniconda3/envs/mysecondenvironment/lib/python3.8/site-packages/airflow/example_dags/example_workday_timetable.py
[2025-09-21T10:07:55.126+0545] {processor.py:925} INFO - DAG(s) 'example_workday_timetable' retrieved from /home/ashok/miniconda3/envs/mysecondenvironment/lib/python3.8/site-packages/airflow/example_dags/example_workday_timetable.py
[2025-09-21T10:07:55.135+0545] {logging_mixin.py:190} INFO - [2025-09-21T10:07:55.135+0545] {dag.py:3239} INFO - Sync 1 DAGs
[2025-09-21T10:07:55.159+0545] {logging_mixin.py:190} INFO - [2025-09-21T10:07:55.159+0545] {dag.py:4180} INFO - Setting next_dagrun for example_workday_timetable to 2021-01-04 00:00:00+00:00, run_after=2021-01-05 00:00:00+00:00
[2025-09-21T10:07:55.176+0545] {processor.py:208} INFO - Processing /home/ashok/miniconda3/envs/mysecondenvironment/lib/python3.8/site-packages/airflow/example_dags/example_workday_timetable.py took 0.061 seconds
[2025-09-21T10:08:54.139+0545] {processor.py:186} INFO - Started process (PID=63695) to work on /home/ashok/miniconda3/envs/mysecondenvironment/lib/python3.8/site-packages/airflow/example_dags/example_workday_timetable.py
[2025-09-21T10:08:54.142+0545] {processor.py:914} INFO - Processing file /home/ashok/miniconda3/envs/mysecondenvironment/lib/python3.8/site-packages/airflow/example_dags/example_workday_timetable.py for tasks to queue
[2025-09-21T10:08:54.143+0545] {logging_mixin.py:190} INFO - [2025-09-21T10:08:54.143+0545] {dagbag.py:588} INFO - Filling up the DagBag from /home/ashok/miniconda3/envs/mysecondenvironment/lib/python3.8/site-packages/airflow/example_dags/example_workday_timetable.py
[2025-09-21T10:08:54.147+0545] {processor.py:925} INFO - DAG(s) 'example_workday_timetable' retrieved from /home/ashok/miniconda3/envs/mysecondenvironment/lib/python3.8/site-packages/airflow/example_dags/example_workday_timetable.py
[2025-09-21T10:08:54.154+0545] {logging_mixin.py:190} INFO - [2025-09-21T10:08:54.154+0545] {dag.py:3239} INFO - Sync 1 DAGs
[2025-09-21T10:08:54.176+0545] {logging_mixin.py:190} INFO - [2025-09-21T10:08:54.176+0545] {dag.py:4180} INFO - Setting next_dagrun for example_workday_timetable to 2021-01-04 00:00:00+00:00, run_after=2021-01-05 00:00:00+00:00
[2025-09-21T10:08:54.195+0545] {processor.py:208} INFO - Processing /home/ashok/miniconda3/envs/mysecondenvironment/lib/python3.8/site-packages/airflow/example_dags/example_workday_timetable.py took 0.059 seconds
[2025-09-21T10:09:47.893+0545] {processor.py:186} INFO - Started process (PID=64187) to work on /home/ashok/miniconda3/envs/mysecondenvironment/lib/python3.8/site-packages/airflow/example_dags/example_workday_timetable.py
[2025-09-21T10:09:47.896+0545] {processor.py:914} INFO - Processing file /home/ashok/miniconda3/envs/mysecondenvironment/lib/python3.8/site-packages/airflow/example_dags/example_workday_timetable.py for tasks to queue
[2025-09-21T10:09:47.897+0545] {logging_mixin.py:190} INFO - [2025-09-21T10:09:47.897+0545] {dagbag.py:588} INFO - Filling up the DagBag from /home/ashok/miniconda3/envs/mysecondenvironment/lib/python3.8/site-packages/airflow/example_dags/example_workday_timetable.py
[2025-09-21T10:09:47.900+0545] {processor.py:925} INFO - DAG(s) 'example_workday_timetable' retrieved from /home/ashok/miniconda3/envs/mysecondenvironment/lib/python3.8/site-packages/airflow/example_dags/example_workday_timetable.py
[2025-09-21T10:09:47.909+0545] {logging_mixin.py:190} INFO - [2025-09-21T10:09:47.908+0545] {dag.py:3239} INFO - Sync 1 DAGs
[2025-09-21T10:09:47.937+0545] {logging_mixin.py:190} INFO - [2025-09-21T10:09:47.936+0545] {dag.py:4180} INFO - Setting next_dagrun for example_workday_timetable to 2021-01-04 00:00:00+00:00, run_after=2021-01-05 00:00:00+00:00
[2025-09-21T10:09:47.954+0545] {processor.py:208} INFO - Processing /home/ashok/miniconda3/envs/mysecondenvironment/lib/python3.8/site-packages/airflow/example_dags/example_workday_timetable.py took 0.067 seconds
[2025-09-21T10:10:42.775+0545] {processor.py:186} INFO - Started process (PID=64647) to work on /home/ashok/miniconda3/envs/mysecondenvironment/lib/python3.8/site-packages/airflow/example_dags/example_workday_timetable.py
[2025-09-21T10:10:42.777+0545] {processor.py:914} INFO - Processing file /home/ashok/miniconda3/envs/mysecondenvironment/lib/python3.8/site-packages/airflow/example_dags/example_workday_timetable.py for tasks to queue
[2025-09-21T10:10:42.779+0545] {logging_mixin.py:190} INFO - [2025-09-21T10:10:42.778+0545] {dagbag.py:588} INFO - Filling up the DagBag from /home/ashok/miniconda3/envs/mysecondenvironment/lib/python3.8/site-packages/airflow/example_dags/example_workday_timetable.py
[2025-09-21T10:10:42.782+0545] {processor.py:925} INFO - DAG(s) 'example_workday_timetable' retrieved from /home/ashok/miniconda3/envs/mysecondenvironment/lib/python3.8/site-packages/airflow/example_dags/example_workday_timetable.py
[2025-09-21T10:10:42.790+0545] {logging_mixin.py:190} INFO - [2025-09-21T10:10:42.790+0545] {dag.py:3239} INFO - Sync 1 DAGs
[2025-09-21T10:10:42.813+0545] {logging_mixin.py:190} INFO - [2025-09-21T10:10:42.813+0545] {dag.py:4180} INFO - Setting next_dagrun for example_workday_timetable to 2021-01-04 00:00:00+00:00, run_after=2021-01-05 00:00:00+00:00
[2025-09-21T10:10:42.831+0545] {processor.py:208} INFO - Processing /home/ashok/miniconda3/envs/mysecondenvironment/lib/python3.8/site-packages/airflow/example_dags/example_workday_timetable.py took 0.059 seconds
[2025-09-21T10:11:37.163+0545] {processor.py:186} INFO - Started process (PID=65121) to work on /home/ashok/miniconda3/envs/mysecondenvironment/lib/python3.8/site-packages/airflow/example_dags/example_workday_timetable.py
[2025-09-21T10:11:37.165+0545] {processor.py:914} INFO - Processing file /home/ashok/miniconda3/envs/mysecondenvironment/lib/python3.8/site-packages/airflow/example_dags/example_workday_timetable.py for tasks to queue
[2025-09-21T10:11:37.167+0545] {logging_mixin.py:190} INFO - [2025-09-21T10:11:37.167+0545] {dagbag.py:588} INFO - Filling up the DagBag from /home/ashok/miniconda3/envs/mysecondenvironment/lib/python3.8/site-packages/airflow/example_dags/example_workday_timetable.py
[2025-09-21T10:11:37.170+0545] {processor.py:925} INFO - DAG(s) 'example_workday_timetable' retrieved from /home/ashok/miniconda3/envs/mysecondenvironment/lib/python3.8/site-packages/airflow/example_dags/example_workday_timetable.py
[2025-09-21T10:11:37.180+0545] {logging_mixin.py:190} INFO - [2025-09-21T10:11:37.180+0545] {dag.py:3239} INFO - Sync 1 DAGs
[2025-09-21T10:11:37.209+0545] {logging_mixin.py:190} INFO - [2025-09-21T10:11:37.209+0545] {dag.py:4180} INFO - Setting next_dagrun for example_workday_timetable to 2021-01-04 00:00:00+00:00, run_after=2021-01-05 00:00:00+00:00
[2025-09-21T10:11:37.225+0545] {processor.py:208} INFO - Processing /home/ashok/miniconda3/envs/mysecondenvironment/lib/python3.8/site-packages/airflow/example_dags/example_workday_timetable.py took 0.066 seconds
[2025-09-21T10:12:33.645+0545] {processor.py:186} INFO - Started process (PID=65539) to work on /home/ashok/miniconda3/envs/mysecondenvironment/lib/python3.8/site-packages/airflow/example_dags/example_workday_timetable.py
[2025-09-21T10:12:33.646+0545] {processor.py:914} INFO - Processing file /home/ashok/miniconda3/envs/mysecondenvironment/lib/python3.8/site-packages/airflow/example_dags/example_workday_timetable.py for tasks to queue
[2025-09-21T10:12:33.648+0545] {logging_mixin.py:190} INFO - [2025-09-21T10:12:33.647+0545] {dagbag.py:588} INFO - Filling up the DagBag from /home/ashok/miniconda3/envs/mysecondenvironment/lib/python3.8/site-packages/airflow/example_dags/example_workday_timetable.py
[2025-09-21T10:12:33.652+0545] {processor.py:925} INFO - DAG(s) 'example_workday_timetable' retrieved from /home/ashok/miniconda3/envs/mysecondenvironment/lib/python3.8/site-packages/airflow/example_dags/example_workday_timetable.py
[2025-09-21T10:12:33.660+0545] {logging_mixin.py:190} INFO - [2025-09-21T10:12:33.660+0545] {dag.py:3239} INFO - Sync 1 DAGs
[2025-09-21T10:12:33.682+0545] {logging_mixin.py:190} INFO - [2025-09-21T10:12:33.682+0545] {dag.py:4180} INFO - Setting next_dagrun for example_workday_timetable to 2021-01-04 00:00:00+00:00, run_after=2021-01-05 00:00:00+00:00
[2025-09-21T10:12:33.699+0545] {processor.py:208} INFO - Processing /home/ashok/miniconda3/envs/mysecondenvironment/lib/python3.8/site-packages/airflow/example_dags/example_workday_timetable.py took 0.058 seconds
[2025-09-21T10:13:28.838+0545] {processor.py:186} INFO - Started process (PID=65984) to work on /home/ashok/miniconda3/envs/mysecondenvironment/lib/python3.8/site-packages/airflow/example_dags/example_workday_timetable.py
[2025-09-21T10:13:28.840+0545] {processor.py:914} INFO - Processing file /home/ashok/miniconda3/envs/mysecondenvironment/lib/python3.8/site-packages/airflow/example_dags/example_workday_timetable.py for tasks to queue
[2025-09-21T10:13:28.842+0545] {logging_mixin.py:190} INFO - [2025-09-21T10:13:28.842+0545] {dagbag.py:588} INFO - Filling up the DagBag from /home/ashok/miniconda3/envs/mysecondenvironment/lib/python3.8/site-packages/airflow/example_dags/example_workday_timetable.py
[2025-09-21T10:13:28.848+0545] {processor.py:925} INFO - DAG(s) 'example_workday_timetable' retrieved from /home/ashok/miniconda3/envs/mysecondenvironment/lib/python3.8/site-packages/airflow/example_dags/example_workday_timetable.py
[2025-09-21T10:13:28.858+0545] {logging_mixin.py:190} INFO - [2025-09-21T10:13:28.858+0545] {dag.py:3239} INFO - Sync 1 DAGs
[2025-09-21T10:13:28.884+0545] {logging_mixin.py:190} INFO - [2025-09-21T10:13:28.884+0545] {dag.py:4180} INFO - Setting next_dagrun for example_workday_timetable to 2021-01-04 00:00:00+00:00, run_after=2021-01-05 00:00:00+00:00
[2025-09-21T10:13:28.900+0545] {processor.py:208} INFO - Processing /home/ashok/miniconda3/envs/mysecondenvironment/lib/python3.8/site-packages/airflow/example_dags/example_workday_timetable.py took 0.066 seconds
