[2025-09-21T08:35:33.738+0545] {processor.py:186} INFO - Started process (PID=21319) to work on /home/ashok/miniconda3/envs/mysecondenvironment/lib/python3.8/site-packages/airflow/example_dags/tutorial.py
[2025-09-21T08:35:33.739+0545] {processor.py:914} INFO - Processing file /home/ashok/miniconda3/envs/mysecondenvironment/lib/python3.8/site-packages/airflow/example_dags/tutorial.py for tasks to queue
[2025-09-21T08:35:33.741+0545] {logging_mixin.py:190} INFO - [2025-09-21T08:35:33.740+0545] {dagbag.py:588} INFO - Filling up the DagBag from /home/ashok/miniconda3/envs/mysecondenvironment/lib/python3.8/site-packages/airflow/example_dags/tutorial.py
[2025-09-21T08:35:33.746+0545] {processor.py:925} INFO - DAG(s) 'tutorial' retrieved from /home/ashok/miniconda3/envs/mysecondenvironment/lib/python3.8/site-packages/airflow/example_dags/tutorial.py
[2025-09-21T08:35:33.760+0545] {logging_mixin.py:190} INFO - [2025-09-21T08:35:33.759+0545] {dag.py:3239} INFO - Sync 1 DAGs
[2025-09-21T08:35:33.771+0545] {logging_mixin.py:190} INFO - [2025-09-21T08:35:33.771+0545] {dag.py:4180} INFO - Setting next_dagrun for tutorial to 2025-09-20 00:00:00+00:00, run_after=2025-09-21 00:00:00+00:00
[2025-09-21T08:35:33.787+0545] {processor.py:208} INFO - Processing /home/ashok/miniconda3/envs/mysecondenvironment/lib/python3.8/site-packages/airflow/example_dags/tutorial.py took 0.055 seconds
[2025-09-21T08:37:54.962+0545] {processor.py:186} INFO - Started process (PID=24497) to work on /home/ashok/miniconda3/envs/mysecondenvironment/lib/python3.8/site-packages/airflow/example_dags/tutorial.py
[2025-09-21T08:37:54.964+0545] {processor.py:914} INFO - Processing file /home/ashok/miniconda3/envs/mysecondenvironment/lib/python3.8/site-packages/airflow/example_dags/tutorial.py for tasks to queue
[2025-09-21T08:37:54.965+0545] {logging_mixin.py:190} INFO - [2025-09-21T08:37:54.965+0545] {dagbag.py:588} INFO - Filling up the DagBag from /home/ashok/miniconda3/envs/mysecondenvironment/lib/python3.8/site-packages/airflow/example_dags/tutorial.py
[2025-09-21T08:37:54.969+0545] {processor.py:925} INFO - DAG(s) 'tutorial' retrieved from /home/ashok/miniconda3/envs/mysecondenvironment/lib/python3.8/site-packages/airflow/example_dags/tutorial.py
[2025-09-21T08:37:54.977+0545] {logging_mixin.py:190} INFO - [2025-09-21T08:37:54.977+0545] {dag.py:3239} INFO - Sync 1 DAGs
[2025-09-21T08:37:54.988+0545] {logging_mixin.py:190} INFO - [2025-09-21T08:37:54.988+0545] {dag.py:4180} INFO - Setting next_dagrun for tutorial to 2025-09-20 00:00:00+00:00, run_after=2025-09-21 00:00:00+00:00
[2025-09-21T08:37:55.004+0545] {processor.py:208} INFO - Processing /home/ashok/miniconda3/envs/mysecondenvironment/lib/python3.8/site-packages/airflow/example_dags/tutorial.py took 0.047 seconds
[2025-09-21T08:38:28.603+0545] {processor.py:186} INFO - Started process (PID=24959) to work on /home/ashok/miniconda3/envs/mysecondenvironment/lib/python3.8/site-packages/airflow/example_dags/tutorial.py
[2025-09-21T08:38:28.606+0545] {processor.py:914} INFO - Processing file /home/ashok/miniconda3/envs/mysecondenvironment/lib/python3.8/site-packages/airflow/example_dags/tutorial.py for tasks to queue
[2025-09-21T08:38:28.607+0545] {logging_mixin.py:190} INFO - [2025-09-21T08:38:28.607+0545] {dagbag.py:588} INFO - Filling up the DagBag from /home/ashok/miniconda3/envs/mysecondenvironment/lib/python3.8/site-packages/airflow/example_dags/tutorial.py
[2025-09-21T08:38:28.613+0545] {processor.py:925} INFO - DAG(s) 'tutorial' retrieved from /home/ashok/miniconda3/envs/mysecondenvironment/lib/python3.8/site-packages/airflow/example_dags/tutorial.py
[2025-09-21T08:38:28.623+0545] {logging_mixin.py:190} INFO - [2025-09-21T08:38:28.623+0545] {dag.py:3239} INFO - Sync 1 DAGs
[2025-09-21T08:38:28.631+0545] {logging_mixin.py:190} INFO - [2025-09-21T08:38:28.631+0545] {dag.py:4180} INFO - Setting next_dagrun for tutorial to 2025-09-20 00:00:00+00:00, run_after=2025-09-21 00:00:00+00:00
[2025-09-21T08:38:28.646+0545] {processor.py:208} INFO - Processing /home/ashok/miniconda3/envs/mysecondenvironment/lib/python3.8/site-packages/airflow/example_dags/tutorial.py took 0.046 seconds
[2025-09-21T08:40:49.968+0545] {processor.py:186} INFO - Started process (PID=26618) to work on /home/ashok/miniconda3/envs/mysecondenvironment/lib/python3.8/site-packages/airflow/example_dags/tutorial.py
[2025-09-21T08:40:49.971+0545] {processor.py:914} INFO - Processing file /home/ashok/miniconda3/envs/mysecondenvironment/lib/python3.8/site-packages/airflow/example_dags/tutorial.py for tasks to queue
[2025-09-21T08:40:49.972+0545] {logging_mixin.py:190} INFO - [2025-09-21T08:40:49.972+0545] {dagbag.py:588} INFO - Filling up the DagBag from /home/ashok/miniconda3/envs/mysecondenvironment/lib/python3.8/site-packages/airflow/example_dags/tutorial.py
[2025-09-21T08:40:49.976+0545] {processor.py:925} INFO - DAG(s) 'tutorial' retrieved from /home/ashok/miniconda3/envs/mysecondenvironment/lib/python3.8/site-packages/airflow/example_dags/tutorial.py
[2025-09-21T08:40:49.983+0545] {logging_mixin.py:190} INFO - [2025-09-21T08:40:49.983+0545] {dag.py:3239} INFO - Sync 1 DAGs
[2025-09-21T08:40:49.992+0545] {logging_mixin.py:190} INFO - [2025-09-21T08:40:49.992+0545] {dag.py:4180} INFO - Setting next_dagrun for tutorial to 2025-09-20 00:00:00+00:00, run_after=2025-09-21 00:00:00+00:00
[2025-09-21T08:40:50.009+0545] {processor.py:208} INFO - Processing /home/ashok/miniconda3/envs/mysecondenvironment/lib/python3.8/site-packages/airflow/example_dags/tutorial.py took 0.044 seconds
[2025-09-21T08:41:48.206+0545] {processor.py:186} INFO - Started process (PID=27032) to work on /home/ashok/miniconda3/envs/mysecondenvironment/lib/python3.8/site-packages/airflow/example_dags/tutorial.py
[2025-09-21T08:41:48.208+0545] {processor.py:914} INFO - Processing file /home/ashok/miniconda3/envs/mysecondenvironment/lib/python3.8/site-packages/airflow/example_dags/tutorial.py for tasks to queue
[2025-09-21T08:41:48.209+0545] {logging_mixin.py:190} INFO - [2025-09-21T08:41:48.209+0545] {dagbag.py:588} INFO - Filling up the DagBag from /home/ashok/miniconda3/envs/mysecondenvironment/lib/python3.8/site-packages/airflow/example_dags/tutorial.py
[2025-09-21T08:41:48.215+0545] {processor.py:925} INFO - DAG(s) 'tutorial' retrieved from /home/ashok/miniconda3/envs/mysecondenvironment/lib/python3.8/site-packages/airflow/example_dags/tutorial.py
[2025-09-21T08:41:48.224+0545] {logging_mixin.py:190} INFO - [2025-09-21T08:41:48.223+0545] {dag.py:3239} INFO - Sync 1 DAGs
[2025-09-21T08:41:48.235+0545] {logging_mixin.py:190} INFO - [2025-09-21T08:41:48.235+0545] {dag.py:4180} INFO - Setting next_dagrun for tutorial to 2025-09-20 00:00:00+00:00, run_after=2025-09-21 00:00:00+00:00
[2025-09-21T08:41:48.253+0545] {processor.py:208} INFO - Processing /home/ashok/miniconda3/envs/mysecondenvironment/lib/python3.8/site-packages/airflow/example_dags/tutorial.py took 0.052 seconds
[2025-09-21T08:42:44.240+0545] {processor.py:186} INFO - Started process (PID=27489) to work on /home/ashok/miniconda3/envs/mysecondenvironment/lib/python3.8/site-packages/airflow/example_dags/tutorial.py
[2025-09-21T08:42:44.243+0545] {processor.py:914} INFO - Processing file /home/ashok/miniconda3/envs/mysecondenvironment/lib/python3.8/site-packages/airflow/example_dags/tutorial.py for tasks to queue
[2025-09-21T08:42:44.244+0545] {logging_mixin.py:190} INFO - [2025-09-21T08:42:44.244+0545] {dagbag.py:588} INFO - Filling up the DagBag from /home/ashok/miniconda3/envs/mysecondenvironment/lib/python3.8/site-packages/airflow/example_dags/tutorial.py
[2025-09-21T08:42:44.248+0545] {processor.py:925} INFO - DAG(s) 'tutorial' retrieved from /home/ashok/miniconda3/envs/mysecondenvironment/lib/python3.8/site-packages/airflow/example_dags/tutorial.py
[2025-09-21T08:42:44.256+0545] {logging_mixin.py:190} INFO - [2025-09-21T08:42:44.255+0545] {dag.py:3239} INFO - Sync 1 DAGs
[2025-09-21T08:42:44.264+0545] {logging_mixin.py:190} INFO - [2025-09-21T08:42:44.264+0545] {dag.py:4180} INFO - Setting next_dagrun for tutorial to 2025-09-20 00:00:00+00:00, run_after=2025-09-21 00:00:00+00:00
[2025-09-21T08:42:44.283+0545] {processor.py:208} INFO - Processing /home/ashok/miniconda3/envs/mysecondenvironment/lib/python3.8/site-packages/airflow/example_dags/tutorial.py took 0.046 seconds
[2025-09-21T08:43:36.212+0545] {processor.py:186} INFO - Started process (PID=27849) to work on /home/ashok/miniconda3/envs/mysecondenvironment/lib/python3.8/site-packages/airflow/example_dags/tutorial.py
[2025-09-21T08:43:36.214+0545] {processor.py:914} INFO - Processing file /home/ashok/miniconda3/envs/mysecondenvironment/lib/python3.8/site-packages/airflow/example_dags/tutorial.py for tasks to queue
[2025-09-21T08:43:36.216+0545] {logging_mixin.py:190} INFO - [2025-09-21T08:43:36.215+0545] {dagbag.py:588} INFO - Filling up the DagBag from /home/ashok/miniconda3/envs/mysecondenvironment/lib/python3.8/site-packages/airflow/example_dags/tutorial.py
[2025-09-21T08:43:36.220+0545] {processor.py:925} INFO - DAG(s) 'tutorial' retrieved from /home/ashok/miniconda3/envs/mysecondenvironment/lib/python3.8/site-packages/airflow/example_dags/tutorial.py
[2025-09-21T08:43:36.229+0545] {logging_mixin.py:190} INFO - [2025-09-21T08:43:36.229+0545] {dag.py:3239} INFO - Sync 1 DAGs
[2025-09-21T08:43:36.238+0545] {logging_mixin.py:190} INFO - [2025-09-21T08:43:36.238+0545] {dag.py:4180} INFO - Setting next_dagrun for tutorial to 2025-09-20 00:00:00+00:00, run_after=2025-09-21 00:00:00+00:00
[2025-09-21T08:43:36.253+0545] {processor.py:208} INFO - Processing /home/ashok/miniconda3/envs/mysecondenvironment/lib/python3.8/site-packages/airflow/example_dags/tutorial.py took 0.046 seconds
[2025-09-21T08:44:33.838+0545] {processor.py:186} INFO - Started process (PID=28215) to work on /home/ashok/miniconda3/envs/mysecondenvironment/lib/python3.8/site-packages/airflow/example_dags/tutorial.py
[2025-09-21T08:44:33.839+0545] {processor.py:914} INFO - Processing file /home/ashok/miniconda3/envs/mysecondenvironment/lib/python3.8/site-packages/airflow/example_dags/tutorial.py for tasks to queue
[2025-09-21T08:44:33.841+0545] {logging_mixin.py:190} INFO - [2025-09-21T08:44:33.841+0545] {dagbag.py:588} INFO - Filling up the DagBag from /home/ashok/miniconda3/envs/mysecondenvironment/lib/python3.8/site-packages/airflow/example_dags/tutorial.py
[2025-09-21T08:44:33.846+0545] {processor.py:925} INFO - DAG(s) 'tutorial' retrieved from /home/ashok/miniconda3/envs/mysecondenvironment/lib/python3.8/site-packages/airflow/example_dags/tutorial.py
[2025-09-21T08:44:33.855+0545] {logging_mixin.py:190} INFO - [2025-09-21T08:44:33.854+0545] {dag.py:3239} INFO - Sync 1 DAGs
[2025-09-21T08:44:33.863+0545] {logging_mixin.py:190} INFO - [2025-09-21T08:44:33.863+0545] {dag.py:4180} INFO - Setting next_dagrun for tutorial to 2025-09-20 00:00:00+00:00, run_after=2025-09-21 00:00:00+00:00
[2025-09-21T08:44:33.878+0545] {processor.py:208} INFO - Processing /home/ashok/miniconda3/envs/mysecondenvironment/lib/python3.8/site-packages/airflow/example_dags/tutorial.py took 0.046 seconds
[2025-09-21T08:45:35.899+0545] {processor.py:186} INFO - Started process (PID=28652) to work on /home/ashok/miniconda3/envs/mysecondenvironment/lib/python3.8/site-packages/airflow/example_dags/tutorial.py
[2025-09-21T08:45:35.901+0545] {processor.py:914} INFO - Processing file /home/ashok/miniconda3/envs/mysecondenvironment/lib/python3.8/site-packages/airflow/example_dags/tutorial.py for tasks to queue
[2025-09-21T08:45:35.903+0545] {logging_mixin.py:190} INFO - [2025-09-21T08:45:35.903+0545] {dagbag.py:588} INFO - Filling up the DagBag from /home/ashok/miniconda3/envs/mysecondenvironment/lib/python3.8/site-packages/airflow/example_dags/tutorial.py
[2025-09-21T08:45:35.908+0545] {processor.py:925} INFO - DAG(s) 'tutorial' retrieved from /home/ashok/miniconda3/envs/mysecondenvironment/lib/python3.8/site-packages/airflow/example_dags/tutorial.py
[2025-09-21T08:45:35.915+0545] {logging_mixin.py:190} INFO - [2025-09-21T08:45:35.915+0545] {dag.py:3239} INFO - Sync 1 DAGs
[2025-09-21T08:45:35.923+0545] {logging_mixin.py:190} INFO - [2025-09-21T08:45:35.923+0545] {dag.py:4180} INFO - Setting next_dagrun for tutorial to 2025-09-20 00:00:00+00:00, run_after=2025-09-21 00:00:00+00:00
[2025-09-21T08:45:35.941+0545] {processor.py:208} INFO - Processing /home/ashok/miniconda3/envs/mysecondenvironment/lib/python3.8/site-packages/airflow/example_dags/tutorial.py took 0.046 seconds
[2025-09-21T08:46:32.521+0545] {processor.py:186} INFO - Started process (PID=29064) to work on /home/ashok/miniconda3/envs/mysecondenvironment/lib/python3.8/site-packages/airflow/example_dags/tutorial.py
[2025-09-21T08:46:32.523+0545] {processor.py:914} INFO - Processing file /home/ashok/miniconda3/envs/mysecondenvironment/lib/python3.8/site-packages/airflow/example_dags/tutorial.py for tasks to queue
[2025-09-21T08:46:32.524+0545] {logging_mixin.py:190} INFO - [2025-09-21T08:46:32.524+0545] {dagbag.py:588} INFO - Filling up the DagBag from /home/ashok/miniconda3/envs/mysecondenvironment/lib/python3.8/site-packages/airflow/example_dags/tutorial.py
[2025-09-21T08:46:32.528+0545] {processor.py:925} INFO - DAG(s) 'tutorial' retrieved from /home/ashok/miniconda3/envs/mysecondenvironment/lib/python3.8/site-packages/airflow/example_dags/tutorial.py
[2025-09-21T08:46:32.537+0545] {logging_mixin.py:190} INFO - [2025-09-21T08:46:32.536+0545] {dag.py:3239} INFO - Sync 1 DAGs
[2025-09-21T08:46:32.546+0545] {logging_mixin.py:190} INFO - [2025-09-21T08:46:32.546+0545] {dag.py:4180} INFO - Setting next_dagrun for tutorial to 2025-09-20 00:00:00+00:00, run_after=2025-09-21 00:00:00+00:00
[2025-09-21T08:46:32.561+0545] {processor.py:208} INFO - Processing /home/ashok/miniconda3/envs/mysecondenvironment/lib/python3.8/site-packages/airflow/example_dags/tutorial.py took 0.043 seconds
[2025-09-21T08:47:27.319+0545] {processor.py:186} INFO - Started process (PID=29424) to work on /home/ashok/miniconda3/envs/mysecondenvironment/lib/python3.8/site-packages/airflow/example_dags/tutorial.py
[2025-09-21T08:47:27.321+0545] {processor.py:914} INFO - Processing file /home/ashok/miniconda3/envs/mysecondenvironment/lib/python3.8/site-packages/airflow/example_dags/tutorial.py for tasks to queue
[2025-09-21T08:47:27.322+0545] {logging_mixin.py:190} INFO - [2025-09-21T08:47:27.322+0545] {dagbag.py:588} INFO - Filling up the DagBag from /home/ashok/miniconda3/envs/mysecondenvironment/lib/python3.8/site-packages/airflow/example_dags/tutorial.py
[2025-09-21T08:47:27.328+0545] {processor.py:925} INFO - DAG(s) 'tutorial' retrieved from /home/ashok/miniconda3/envs/mysecondenvironment/lib/python3.8/site-packages/airflow/example_dags/tutorial.py
[2025-09-21T08:47:27.335+0545] {logging_mixin.py:190} INFO - [2025-09-21T08:47:27.335+0545] {dag.py:3239} INFO - Sync 1 DAGs
[2025-09-21T08:47:27.346+0545] {logging_mixin.py:190} INFO - [2025-09-21T08:47:27.346+0545] {dag.py:4180} INFO - Setting next_dagrun for tutorial to 2025-09-20 00:00:00+00:00, run_after=2025-09-21 00:00:00+00:00
[2025-09-21T08:47:27.362+0545] {processor.py:208} INFO - Processing /home/ashok/miniconda3/envs/mysecondenvironment/lib/python3.8/site-packages/airflow/example_dags/tutorial.py took 0.046 seconds
[2025-09-21T09:43:28.682+0545] {processor.py:186} INFO - Started process (PID=49336) to work on /home/ashok/miniconda3/envs/mysecondenvironment/lib/python3.8/site-packages/airflow/example_dags/tutorial.py
[2025-09-21T09:43:28.683+0545] {processor.py:914} INFO - Processing file /home/ashok/miniconda3/envs/mysecondenvironment/lib/python3.8/site-packages/airflow/example_dags/tutorial.py for tasks to queue
[2025-09-21T09:43:28.685+0545] {logging_mixin.py:190} INFO - [2025-09-21T09:43:28.685+0545] {dagbag.py:588} INFO - Filling up the DagBag from /home/ashok/miniconda3/envs/mysecondenvironment/lib/python3.8/site-packages/airflow/example_dags/tutorial.py
[2025-09-21T09:43:28.689+0545] {processor.py:925} INFO - DAG(s) 'tutorial' retrieved from /home/ashok/miniconda3/envs/mysecondenvironment/lib/python3.8/site-packages/airflow/example_dags/tutorial.py
[2025-09-21T09:43:28.702+0545] {logging_mixin.py:190} INFO - [2025-09-21T09:43:28.701+0545] {dag.py:3239} INFO - Sync 1 DAGs
[2025-09-21T09:43:28.711+0545] {logging_mixin.py:190} INFO - [2025-09-21T09:43:28.711+0545] {dag.py:4180} INFO - Setting next_dagrun for tutorial to 2025-09-20 00:00:00+00:00, run_after=2025-09-21 00:00:00+00:00
[2025-09-21T09:43:28.726+0545] {processor.py:208} INFO - Processing /home/ashok/miniconda3/envs/mysecondenvironment/lib/python3.8/site-packages/airflow/example_dags/tutorial.py took 0.048 seconds
[2025-09-21T09:45:38.512+0545] {processor.py:186} INFO - Started process (PID=50526) to work on /home/ashok/miniconda3/envs/mysecondenvironment/lib/python3.8/site-packages/airflow/example_dags/tutorial.py
[2025-09-21T09:45:38.513+0545] {processor.py:914} INFO - Processing file /home/ashok/miniconda3/envs/mysecondenvironment/lib/python3.8/site-packages/airflow/example_dags/tutorial.py for tasks to queue
[2025-09-21T09:45:38.516+0545] {logging_mixin.py:190} INFO - [2025-09-21T09:45:38.515+0545] {dagbag.py:588} INFO - Filling up the DagBag from /home/ashok/miniconda3/envs/mysecondenvironment/lib/python3.8/site-packages/airflow/example_dags/tutorial.py
[2025-09-21T09:45:38.521+0545] {processor.py:925} INFO - DAG(s) 'tutorial' retrieved from /home/ashok/miniconda3/envs/mysecondenvironment/lib/python3.8/site-packages/airflow/example_dags/tutorial.py
[2025-09-21T09:45:38.534+0545] {logging_mixin.py:190} INFO - [2025-09-21T09:45:38.534+0545] {dag.py:3239} INFO - Sync 1 DAGs
[2025-09-21T09:45:38.546+0545] {logging_mixin.py:190} INFO - [2025-09-21T09:45:38.545+0545] {dag.py:4180} INFO - Setting next_dagrun for tutorial to 2025-09-20 00:00:00+00:00, run_after=2025-09-21 00:00:00+00:00
[2025-09-21T09:45:38.562+0545] {processor.py:208} INFO - Processing /home/ashok/miniconda3/envs/mysecondenvironment/lib/python3.8/site-packages/airflow/example_dags/tutorial.py took 0.053 seconds
[2025-09-21T09:47:40.114+0545] {processor.py:186} INFO - Started process (PID=52452) to work on /home/ashok/miniconda3/envs/mysecondenvironment/lib/python3.8/site-packages/airflow/example_dags/tutorial.py
[2025-09-21T09:47:40.115+0545] {processor.py:914} INFO - Processing file /home/ashok/miniconda3/envs/mysecondenvironment/lib/python3.8/site-packages/airflow/example_dags/tutorial.py for tasks to queue
[2025-09-21T09:47:40.116+0545] {logging_mixin.py:190} INFO - [2025-09-21T09:47:40.116+0545] {dagbag.py:588} INFO - Filling up the DagBag from /home/ashok/miniconda3/envs/mysecondenvironment/lib/python3.8/site-packages/airflow/example_dags/tutorial.py
[2025-09-21T09:47:40.121+0545] {processor.py:925} INFO - DAG(s) 'tutorial' retrieved from /home/ashok/miniconda3/envs/mysecondenvironment/lib/python3.8/site-packages/airflow/example_dags/tutorial.py
[2025-09-21T09:47:40.129+0545] {logging_mixin.py:190} INFO - [2025-09-21T09:47:40.129+0545] {dag.py:3239} INFO - Sync 1 DAGs
[2025-09-21T09:47:40.139+0545] {logging_mixin.py:190} INFO - [2025-09-21T09:47:40.139+0545] {dag.py:4180} INFO - Setting next_dagrun for tutorial to 2025-09-20 00:00:00+00:00, run_after=2025-09-21 00:00:00+00:00
[2025-09-21T09:47:40.157+0545] {processor.py:208} INFO - Processing /home/ashok/miniconda3/envs/mysecondenvironment/lib/python3.8/site-packages/airflow/example_dags/tutorial.py took 0.047 seconds
[2025-09-21T09:48:33.073+0545] {processor.py:186} INFO - Started process (PID=52805) to work on /home/ashok/miniconda3/envs/mysecondenvironment/lib/python3.8/site-packages/airflow/example_dags/tutorial.py
[2025-09-21T09:48:33.074+0545] {processor.py:914} INFO - Processing file /home/ashok/miniconda3/envs/mysecondenvironment/lib/python3.8/site-packages/airflow/example_dags/tutorial.py for tasks to queue
[2025-09-21T09:48:33.076+0545] {logging_mixin.py:190} INFO - [2025-09-21T09:48:33.076+0545] {dagbag.py:588} INFO - Filling up the DagBag from /home/ashok/miniconda3/envs/mysecondenvironment/lib/python3.8/site-packages/airflow/example_dags/tutorial.py
[2025-09-21T09:48:33.080+0545] {processor.py:925} INFO - DAG(s) 'tutorial' retrieved from /home/ashok/miniconda3/envs/mysecondenvironment/lib/python3.8/site-packages/airflow/example_dags/tutorial.py
[2025-09-21T09:48:33.089+0545] {logging_mixin.py:190} INFO - [2025-09-21T09:48:33.089+0545] {dag.py:3239} INFO - Sync 1 DAGs
[2025-09-21T09:48:33.099+0545] {logging_mixin.py:190} INFO - [2025-09-21T09:48:33.099+0545] {dag.py:4180} INFO - Setting next_dagrun for tutorial to 2025-09-20 00:00:00+00:00, run_after=2025-09-21 00:00:00+00:00
[2025-09-21T09:48:33.116+0545] {processor.py:208} INFO - Processing /home/ashok/miniconda3/envs/mysecondenvironment/lib/python3.8/site-packages/airflow/example_dags/tutorial.py took 0.047 seconds
[2025-09-21T09:49:36.882+0545] {processor.py:186} INFO - Started process (PID=53343) to work on /home/ashok/miniconda3/envs/mysecondenvironment/lib/python3.8/site-packages/airflow/example_dags/tutorial.py
[2025-09-21T09:49:36.883+0545] {processor.py:914} INFO - Processing file /home/ashok/miniconda3/envs/mysecondenvironment/lib/python3.8/site-packages/airflow/example_dags/tutorial.py for tasks to queue
[2025-09-21T09:49:36.885+0545] {logging_mixin.py:190} INFO - [2025-09-21T09:49:36.884+0545] {dagbag.py:588} INFO - Filling up the DagBag from /home/ashok/miniconda3/envs/mysecondenvironment/lib/python3.8/site-packages/airflow/example_dags/tutorial.py
[2025-09-21T09:49:36.890+0545] {processor.py:925} INFO - DAG(s) 'tutorial' retrieved from /home/ashok/miniconda3/envs/mysecondenvironment/lib/python3.8/site-packages/airflow/example_dags/tutorial.py
[2025-09-21T09:49:36.898+0545] {logging_mixin.py:190} INFO - [2025-09-21T09:49:36.898+0545] {dag.py:3239} INFO - Sync 1 DAGs
[2025-09-21T09:49:36.907+0545] {logging_mixin.py:190} INFO - [2025-09-21T09:49:36.907+0545] {dag.py:4180} INFO - Setting next_dagrun for tutorial to 2025-09-20 00:00:00+00:00, run_after=2025-09-21 00:00:00+00:00
[2025-09-21T09:49:36.922+0545] {processor.py:208} INFO - Processing /home/ashok/miniconda3/envs/mysecondenvironment/lib/python3.8/site-packages/airflow/example_dags/tutorial.py took 0.044 seconds
[2025-09-21T09:50:33.131+0545] {processor.py:186} INFO - Started process (PID=53731) to work on /home/ashok/miniconda3/envs/mysecondenvironment/lib/python3.8/site-packages/airflow/example_dags/tutorial.py
[2025-09-21T09:50:33.132+0545] {processor.py:914} INFO - Processing file /home/ashok/miniconda3/envs/mysecondenvironment/lib/python3.8/site-packages/airflow/example_dags/tutorial.py for tasks to queue
[2025-09-21T09:50:33.133+0545] {logging_mixin.py:190} INFO - [2025-09-21T09:50:33.133+0545] {dagbag.py:588} INFO - Filling up the DagBag from /home/ashok/miniconda3/envs/mysecondenvironment/lib/python3.8/site-packages/airflow/example_dags/tutorial.py
[2025-09-21T09:50:33.138+0545] {processor.py:925} INFO - DAG(s) 'tutorial' retrieved from /home/ashok/miniconda3/envs/mysecondenvironment/lib/python3.8/site-packages/airflow/example_dags/tutorial.py
[2025-09-21T09:50:33.145+0545] {logging_mixin.py:190} INFO - [2025-09-21T09:50:33.145+0545] {dag.py:3239} INFO - Sync 1 DAGs
[2025-09-21T09:50:33.155+0545] {logging_mixin.py:190} INFO - [2025-09-21T09:50:33.155+0545] {dag.py:4180} INFO - Setting next_dagrun for tutorial to 2025-09-20 00:00:00+00:00, run_after=2025-09-21 00:00:00+00:00
[2025-09-21T09:50:33.171+0545] {processor.py:208} INFO - Processing /home/ashok/miniconda3/envs/mysecondenvironment/lib/python3.8/site-packages/airflow/example_dags/tutorial.py took 0.043 seconds
[2025-09-21T09:51:35.688+0545] {processor.py:186} INFO - Started process (PID=54330) to work on /home/ashok/miniconda3/envs/mysecondenvironment/lib/python3.8/site-packages/airflow/example_dags/tutorial.py
[2025-09-21T09:51:35.690+0545] {processor.py:914} INFO - Processing file /home/ashok/miniconda3/envs/mysecondenvironment/lib/python3.8/site-packages/airflow/example_dags/tutorial.py for tasks to queue
[2025-09-21T09:51:35.693+0545] {logging_mixin.py:190} INFO - [2025-09-21T09:51:35.692+0545] {dagbag.py:588} INFO - Filling up the DagBag from /home/ashok/miniconda3/envs/mysecondenvironment/lib/python3.8/site-packages/airflow/example_dags/tutorial.py
[2025-09-21T09:51:35.699+0545] {processor.py:925} INFO - DAG(s) 'tutorial' retrieved from /home/ashok/miniconda3/envs/mysecondenvironment/lib/python3.8/site-packages/airflow/example_dags/tutorial.py
[2025-09-21T09:51:35.714+0545] {logging_mixin.py:190} INFO - [2025-09-21T09:51:35.714+0545] {dag.py:3239} INFO - Sync 1 DAGs
[2025-09-21T09:51:35.726+0545] {logging_mixin.py:190} INFO - [2025-09-21T09:51:35.726+0545] {dag.py:4180} INFO - Setting next_dagrun for tutorial to 2025-09-20 00:00:00+00:00, run_after=2025-09-21 00:00:00+00:00
[2025-09-21T09:51:35.742+0545] {processor.py:208} INFO - Processing /home/ashok/miniconda3/envs/mysecondenvironment/lib/python3.8/site-packages/airflow/example_dags/tutorial.py took 0.058 seconds
[2025-09-21T09:54:28.022+0545] {processor.py:186} INFO - Started process (PID=56372) to work on /home/ashok/miniconda3/envs/mysecondenvironment/lib/python3.8/site-packages/airflow/example_dags/tutorial.py
[2025-09-21T09:54:28.023+0545] {processor.py:914} INFO - Processing file /home/ashok/miniconda3/envs/mysecondenvironment/lib/python3.8/site-packages/airflow/example_dags/tutorial.py for tasks to queue
[2025-09-21T09:54:28.025+0545] {logging_mixin.py:190} INFO - [2025-09-21T09:54:28.024+0545] {dagbag.py:588} INFO - Filling up the DagBag from /home/ashok/miniconda3/envs/mysecondenvironment/lib/python3.8/site-packages/airflow/example_dags/tutorial.py
[2025-09-21T09:54:28.030+0545] {processor.py:925} INFO - DAG(s) 'tutorial' retrieved from /home/ashok/miniconda3/envs/mysecondenvironment/lib/python3.8/site-packages/airflow/example_dags/tutorial.py
[2025-09-21T09:54:28.038+0545] {logging_mixin.py:190} INFO - [2025-09-21T09:54:28.038+0545] {dag.py:3239} INFO - Sync 1 DAGs
[2025-09-21T09:54:28.048+0545] {logging_mixin.py:190} INFO - [2025-09-21T09:54:28.048+0545] {dag.py:4180} INFO - Setting next_dagrun for tutorial to 2025-09-20 00:00:00+00:00, run_after=2025-09-21 00:00:00+00:00
[2025-09-21T09:54:28.064+0545] {processor.py:208} INFO - Processing /home/ashok/miniconda3/envs/mysecondenvironment/lib/python3.8/site-packages/airflow/example_dags/tutorial.py took 0.046 seconds
[2025-09-21T09:55:27.466+0545] {processor.py:186} INFO - Started process (PID=56831) to work on /home/ashok/miniconda3/envs/mysecondenvironment/lib/python3.8/site-packages/airflow/example_dags/tutorial.py
[2025-09-21T09:55:27.468+0545] {processor.py:914} INFO - Processing file /home/ashok/miniconda3/envs/mysecondenvironment/lib/python3.8/site-packages/airflow/example_dags/tutorial.py for tasks to queue
[2025-09-21T09:55:27.469+0545] {logging_mixin.py:190} INFO - [2025-09-21T09:55:27.469+0545] {dagbag.py:588} INFO - Filling up the DagBag from /home/ashok/miniconda3/envs/mysecondenvironment/lib/python3.8/site-packages/airflow/example_dags/tutorial.py
[2025-09-21T09:55:27.473+0545] {processor.py:925} INFO - DAG(s) 'tutorial' retrieved from /home/ashok/miniconda3/envs/mysecondenvironment/lib/python3.8/site-packages/airflow/example_dags/tutorial.py
[2025-09-21T09:55:27.482+0545] {logging_mixin.py:190} INFO - [2025-09-21T09:55:27.482+0545] {dag.py:3239} INFO - Sync 1 DAGs
[2025-09-21T09:55:27.493+0545] {logging_mixin.py:190} INFO - [2025-09-21T09:55:27.492+0545] {dag.py:4180} INFO - Setting next_dagrun for tutorial to 2025-09-20 00:00:00+00:00, run_after=2025-09-21 00:00:00+00:00
[2025-09-21T09:55:27.510+0545] {processor.py:208} INFO - Processing /home/ashok/miniconda3/envs/mysecondenvironment/lib/python3.8/site-packages/airflow/example_dags/tutorial.py took 0.049 seconds
[2025-09-21T09:56:20.989+0545] {processor.py:186} INFO - Started process (PID=57222) to work on /home/ashok/miniconda3/envs/mysecondenvironment/lib/python3.8/site-packages/airflow/example_dags/tutorial.py
[2025-09-21T09:56:20.991+0545] {processor.py:914} INFO - Processing file /home/ashok/miniconda3/envs/mysecondenvironment/lib/python3.8/site-packages/airflow/example_dags/tutorial.py for tasks to queue
[2025-09-21T09:56:20.992+0545] {logging_mixin.py:190} INFO - [2025-09-21T09:56:20.992+0545] {dagbag.py:588} INFO - Filling up the DagBag from /home/ashok/miniconda3/envs/mysecondenvironment/lib/python3.8/site-packages/airflow/example_dags/tutorial.py
[2025-09-21T09:56:20.997+0545] {processor.py:925} INFO - DAG(s) 'tutorial' retrieved from /home/ashok/miniconda3/envs/mysecondenvironment/lib/python3.8/site-packages/airflow/example_dags/tutorial.py
[2025-09-21T09:56:21.004+0545] {logging_mixin.py:190} INFO - [2025-09-21T09:56:21.004+0545] {dag.py:3239} INFO - Sync 1 DAGs
[2025-09-21T09:56:21.013+0545] {logging_mixin.py:190} INFO - [2025-09-21T09:56:21.013+0545] {dag.py:4180} INFO - Setting next_dagrun for tutorial to 2025-09-20 00:00:00+00:00, run_after=2025-09-21 00:00:00+00:00
[2025-09-21T09:56:21.028+0545] {processor.py:208} INFO - Processing /home/ashok/miniconda3/envs/mysecondenvironment/lib/python3.8/site-packages/airflow/example_dags/tutorial.py took 0.043 seconds
[2025-09-21T09:57:16.937+0545] {processor.py:186} INFO - Started process (PID=57587) to work on /home/ashok/miniconda3/envs/mysecondenvironment/lib/python3.8/site-packages/airflow/example_dags/tutorial.py
[2025-09-21T09:57:16.938+0545] {processor.py:914} INFO - Processing file /home/ashok/miniconda3/envs/mysecondenvironment/lib/python3.8/site-packages/airflow/example_dags/tutorial.py for tasks to queue
[2025-09-21T09:57:16.939+0545] {logging_mixin.py:190} INFO - [2025-09-21T09:57:16.939+0545] {dagbag.py:588} INFO - Filling up the DagBag from /home/ashok/miniconda3/envs/mysecondenvironment/lib/python3.8/site-packages/airflow/example_dags/tutorial.py
[2025-09-21T09:57:16.945+0545] {processor.py:925} INFO - DAG(s) 'tutorial' retrieved from /home/ashok/miniconda3/envs/mysecondenvironment/lib/python3.8/site-packages/airflow/example_dags/tutorial.py
[2025-09-21T09:57:16.953+0545] {logging_mixin.py:190} INFO - [2025-09-21T09:57:16.953+0545] {dag.py:3239} INFO - Sync 1 DAGs
[2025-09-21T09:57:16.962+0545] {logging_mixin.py:190} INFO - [2025-09-21T09:57:16.962+0545] {dag.py:4180} INFO - Setting next_dagrun for tutorial to 2025-09-20 00:00:00+00:00, run_after=2025-09-21 00:00:00+00:00
[2025-09-21T09:57:16.979+0545] {processor.py:208} INFO - Processing /home/ashok/miniconda3/envs/mysecondenvironment/lib/python3.8/site-packages/airflow/example_dags/tutorial.py took 0.045 seconds
[2025-09-21T09:58:08.964+0545] {processor.py:186} INFO - Started process (PID=57968) to work on /home/ashok/miniconda3/envs/mysecondenvironment/lib/python3.8/site-packages/airflow/example_dags/tutorial.py
[2025-09-21T09:58:08.966+0545] {processor.py:914} INFO - Processing file /home/ashok/miniconda3/envs/mysecondenvironment/lib/python3.8/site-packages/airflow/example_dags/tutorial.py for tasks to queue
[2025-09-21T09:58:08.968+0545] {logging_mixin.py:190} INFO - [2025-09-21T09:58:08.967+0545] {dagbag.py:588} INFO - Filling up the DagBag from /home/ashok/miniconda3/envs/mysecondenvironment/lib/python3.8/site-packages/airflow/example_dags/tutorial.py
[2025-09-21T09:58:08.973+0545] {processor.py:925} INFO - DAG(s) 'tutorial' retrieved from /home/ashok/miniconda3/envs/mysecondenvironment/lib/python3.8/site-packages/airflow/example_dags/tutorial.py
[2025-09-21T09:58:08.982+0545] {logging_mixin.py:190} INFO - [2025-09-21T09:58:08.982+0545] {dag.py:3239} INFO - Sync 1 DAGs
[2025-09-21T09:58:08.991+0545] {logging_mixin.py:190} INFO - [2025-09-21T09:58:08.991+0545] {dag.py:4180} INFO - Setting next_dagrun for tutorial to 2025-09-20 00:00:00+00:00, run_after=2025-09-21 00:00:00+00:00
[2025-09-21T09:58:09.006+0545] {processor.py:208} INFO - Processing /home/ashok/miniconda3/envs/mysecondenvironment/lib/python3.8/site-packages/airflow/example_dags/tutorial.py took 0.047 seconds
[2025-09-21T09:58:59.275+0545] {processor.py:186} INFO - Started process (PID=58297) to work on /home/ashok/miniconda3/envs/mysecondenvironment/lib/python3.8/site-packages/airflow/example_dags/tutorial.py
[2025-09-21T09:58:59.276+0545] {processor.py:914} INFO - Processing file /home/ashok/miniconda3/envs/mysecondenvironment/lib/python3.8/site-packages/airflow/example_dags/tutorial.py for tasks to queue
[2025-09-21T09:58:59.278+0545] {logging_mixin.py:190} INFO - [2025-09-21T09:58:59.278+0545] {dagbag.py:588} INFO - Filling up the DagBag from /home/ashok/miniconda3/envs/mysecondenvironment/lib/python3.8/site-packages/airflow/example_dags/tutorial.py
[2025-09-21T09:58:59.283+0545] {processor.py:925} INFO - DAG(s) 'tutorial' retrieved from /home/ashok/miniconda3/envs/mysecondenvironment/lib/python3.8/site-packages/airflow/example_dags/tutorial.py
[2025-09-21T09:58:59.291+0545] {logging_mixin.py:190} INFO - [2025-09-21T09:58:59.291+0545] {dag.py:3239} INFO - Sync 1 DAGs
[2025-09-21T09:58:59.301+0545] {logging_mixin.py:190} INFO - [2025-09-21T09:58:59.301+0545] {dag.py:4180} INFO - Setting next_dagrun for tutorial to 2025-09-20 00:00:00+00:00, run_after=2025-09-21 00:00:00+00:00
[2025-09-21T09:58:59.318+0545] {processor.py:208} INFO - Processing /home/ashok/miniconda3/envs/mysecondenvironment/lib/python3.8/site-packages/airflow/example_dags/tutorial.py took 0.047 seconds
[2025-09-21T09:59:52.924+0545] {processor.py:186} INFO - Started process (PID=58679) to work on /home/ashok/miniconda3/envs/mysecondenvironment/lib/python3.8/site-packages/airflow/example_dags/tutorial.py
[2025-09-21T09:59:52.925+0545] {processor.py:914} INFO - Processing file /home/ashok/miniconda3/envs/mysecondenvironment/lib/python3.8/site-packages/airflow/example_dags/tutorial.py for tasks to queue
[2025-09-21T09:59:52.926+0545] {logging_mixin.py:190} INFO - [2025-09-21T09:59:52.926+0545] {dagbag.py:588} INFO - Filling up the DagBag from /home/ashok/miniconda3/envs/mysecondenvironment/lib/python3.8/site-packages/airflow/example_dags/tutorial.py
[2025-09-21T09:59:52.932+0545] {processor.py:925} INFO - DAG(s) 'tutorial' retrieved from /home/ashok/miniconda3/envs/mysecondenvironment/lib/python3.8/site-packages/airflow/example_dags/tutorial.py
[2025-09-21T09:59:52.940+0545] {logging_mixin.py:190} INFO - [2025-09-21T09:59:52.940+0545] {dag.py:3239} INFO - Sync 1 DAGs
[2025-09-21T09:59:52.949+0545] {logging_mixin.py:190} INFO - [2025-09-21T09:59:52.949+0545] {dag.py:4180} INFO - Setting next_dagrun for tutorial to 2025-09-20 00:00:00+00:00, run_after=2025-09-21 00:00:00+00:00
[2025-09-21T09:59:52.965+0545] {processor.py:208} INFO - Processing /home/ashok/miniconda3/envs/mysecondenvironment/lib/python3.8/site-packages/airflow/example_dags/tutorial.py took 0.047 seconds
[2025-09-21T10:00:47.197+0545] {processor.py:186} INFO - Started process (PID=59036) to work on /home/ashok/miniconda3/envs/mysecondenvironment/lib/python3.8/site-packages/airflow/example_dags/tutorial.py
[2025-09-21T10:00:47.199+0545] {processor.py:914} INFO - Processing file /home/ashok/miniconda3/envs/mysecondenvironment/lib/python3.8/site-packages/airflow/example_dags/tutorial.py for tasks to queue
[2025-09-21T10:00:47.200+0545] {logging_mixin.py:190} INFO - [2025-09-21T10:00:47.200+0545] {dagbag.py:588} INFO - Filling up the DagBag from /home/ashok/miniconda3/envs/mysecondenvironment/lib/python3.8/site-packages/airflow/example_dags/tutorial.py
[2025-09-21T10:00:47.205+0545] {processor.py:925} INFO - DAG(s) 'tutorial' retrieved from /home/ashok/miniconda3/envs/mysecondenvironment/lib/python3.8/site-packages/airflow/example_dags/tutorial.py
[2025-09-21T10:00:47.214+0545] {logging_mixin.py:190} INFO - [2025-09-21T10:00:47.214+0545] {dag.py:3239} INFO - Sync 1 DAGs
[2025-09-21T10:00:47.225+0545] {logging_mixin.py:190} INFO - [2025-09-21T10:00:47.225+0545] {dag.py:4180} INFO - Setting next_dagrun for tutorial to 2025-09-20 00:00:00+00:00, run_after=2025-09-21 00:00:00+00:00
[2025-09-21T10:00:47.243+0545] {processor.py:208} INFO - Processing /home/ashok/miniconda3/envs/mysecondenvironment/lib/python3.8/site-packages/airflow/example_dags/tutorial.py took 0.051 seconds
[2025-09-21T10:03:10.441+0545] {processor.py:186} INFO - Started process (PID=60781) to work on /home/ashok/miniconda3/envs/mysecondenvironment/lib/python3.8/site-packages/airflow/example_dags/tutorial.py
[2025-09-21T10:03:10.443+0545] {processor.py:914} INFO - Processing file /home/ashok/miniconda3/envs/mysecondenvironment/lib/python3.8/site-packages/airflow/example_dags/tutorial.py for tasks to queue
[2025-09-21T10:03:10.445+0545] {logging_mixin.py:190} INFO - [2025-09-21T10:03:10.445+0545] {dagbag.py:588} INFO - Filling up the DagBag from /home/ashok/miniconda3/envs/mysecondenvironment/lib/python3.8/site-packages/airflow/example_dags/tutorial.py
[2025-09-21T10:03:10.449+0545] {processor.py:925} INFO - DAG(s) 'tutorial' retrieved from /home/ashok/miniconda3/envs/mysecondenvironment/lib/python3.8/site-packages/airflow/example_dags/tutorial.py
[2025-09-21T10:03:10.457+0545] {logging_mixin.py:190} INFO - [2025-09-21T10:03:10.456+0545] {dag.py:3239} INFO - Sync 1 DAGs
[2025-09-21T10:03:10.465+0545] {logging_mixin.py:190} INFO - [2025-09-21T10:03:10.465+0545] {dag.py:4180} INFO - Setting next_dagrun for tutorial to 2025-09-20 00:00:00+00:00, run_after=2025-09-21 00:00:00+00:00
[2025-09-21T10:03:10.484+0545] {processor.py:208} INFO - Processing /home/ashok/miniconda3/envs/mysecondenvironment/lib/python3.8/site-packages/airflow/example_dags/tutorial.py took 0.047 seconds
[2025-09-21T10:04:02.269+0545] {processor.py:186} INFO - Started process (PID=61153) to work on /home/ashok/miniconda3/envs/mysecondenvironment/lib/python3.8/site-packages/airflow/example_dags/tutorial.py
[2025-09-21T10:04:02.271+0545] {processor.py:914} INFO - Processing file /home/ashok/miniconda3/envs/mysecondenvironment/lib/python3.8/site-packages/airflow/example_dags/tutorial.py for tasks to queue
[2025-09-21T10:04:02.272+0545] {logging_mixin.py:190} INFO - [2025-09-21T10:04:02.272+0545] {dagbag.py:588} INFO - Filling up the DagBag from /home/ashok/miniconda3/envs/mysecondenvironment/lib/python3.8/site-packages/airflow/example_dags/tutorial.py
[2025-09-21T10:04:02.276+0545] {processor.py:925} INFO - DAG(s) 'tutorial' retrieved from /home/ashok/miniconda3/envs/mysecondenvironment/lib/python3.8/site-packages/airflow/example_dags/tutorial.py
[2025-09-21T10:04:02.284+0545] {logging_mixin.py:190} INFO - [2025-09-21T10:04:02.284+0545] {dag.py:3239} INFO - Sync 1 DAGs
[2025-09-21T10:04:02.292+0545] {logging_mixin.py:190} INFO - [2025-09-21T10:04:02.292+0545] {dag.py:4180} INFO - Setting next_dagrun for tutorial to 2025-09-20 00:00:00+00:00, run_after=2025-09-21 00:00:00+00:00
[2025-09-21T10:04:02.311+0545] {processor.py:208} INFO - Processing /home/ashok/miniconda3/envs/mysecondenvironment/lib/python3.8/site-packages/airflow/example_dags/tutorial.py took 0.045 seconds
[2025-09-21T10:05:00.006+0545] {processor.py:186} INFO - Started process (PID=61569) to work on /home/ashok/miniconda3/envs/mysecondenvironment/lib/python3.8/site-packages/airflow/example_dags/tutorial.py
[2025-09-21T10:05:00.008+0545] {processor.py:914} INFO - Processing file /home/ashok/miniconda3/envs/mysecondenvironment/lib/python3.8/site-packages/airflow/example_dags/tutorial.py for tasks to queue
[2025-09-21T10:05:00.010+0545] {logging_mixin.py:190} INFO - [2025-09-21T10:05:00.010+0545] {dagbag.py:588} INFO - Filling up the DagBag from /home/ashok/miniconda3/envs/mysecondenvironment/lib/python3.8/site-packages/airflow/example_dags/tutorial.py
[2025-09-21T10:05:00.014+0545] {processor.py:925} INFO - DAG(s) 'tutorial' retrieved from /home/ashok/miniconda3/envs/mysecondenvironment/lib/python3.8/site-packages/airflow/example_dags/tutorial.py
[2025-09-21T10:05:00.024+0545] {logging_mixin.py:190} INFO - [2025-09-21T10:05:00.024+0545] {dag.py:3239} INFO - Sync 1 DAGs
[2025-09-21T10:05:00.034+0545] {logging_mixin.py:190} INFO - [2025-09-21T10:05:00.034+0545] {dag.py:4180} INFO - Setting next_dagrun for tutorial to 2025-09-20 00:00:00+00:00, run_after=2025-09-21 00:00:00+00:00
[2025-09-21T10:05:00.050+0545] {processor.py:208} INFO - Processing /home/ashok/miniconda3/envs/mysecondenvironment/lib/python3.8/site-packages/airflow/example_dags/tutorial.py took 0.047 seconds
[2025-09-21T10:05:54.882+0545] {processor.py:186} INFO - Started process (PID=62024) to work on /home/ashok/miniconda3/envs/mysecondenvironment/lib/python3.8/site-packages/airflow/example_dags/tutorial.py
[2025-09-21T10:05:54.883+0545] {processor.py:914} INFO - Processing file /home/ashok/miniconda3/envs/mysecondenvironment/lib/python3.8/site-packages/airflow/example_dags/tutorial.py for tasks to queue
[2025-09-21T10:05:54.884+0545] {logging_mixin.py:190} INFO - [2025-09-21T10:05:54.884+0545] {dagbag.py:588} INFO - Filling up the DagBag from /home/ashok/miniconda3/envs/mysecondenvironment/lib/python3.8/site-packages/airflow/example_dags/tutorial.py
[2025-09-21T10:05:54.889+0545] {processor.py:925} INFO - DAG(s) 'tutorial' retrieved from /home/ashok/miniconda3/envs/mysecondenvironment/lib/python3.8/site-packages/airflow/example_dags/tutorial.py
[2025-09-21T10:05:54.898+0545] {logging_mixin.py:190} INFO - [2025-09-21T10:05:54.898+0545] {dag.py:3239} INFO - Sync 1 DAGs
[2025-09-21T10:05:54.907+0545] {logging_mixin.py:190} INFO - [2025-09-21T10:05:54.907+0545] {dag.py:4180} INFO - Setting next_dagrun for tutorial to 2025-09-20 00:00:00+00:00, run_after=2025-09-21 00:00:00+00:00
[2025-09-21T10:05:54.926+0545] {processor.py:208} INFO - Processing /home/ashok/miniconda3/envs/mysecondenvironment/lib/python3.8/site-packages/airflow/example_dags/tutorial.py took 0.047 seconds
[2025-09-21T10:06:49.946+0545] {processor.py:186} INFO - Started process (PID=62535) to work on /home/ashok/miniconda3/envs/mysecondenvironment/lib/python3.8/site-packages/airflow/example_dags/tutorial.py
[2025-09-21T10:06:49.948+0545] {processor.py:914} INFO - Processing file /home/ashok/miniconda3/envs/mysecondenvironment/lib/python3.8/site-packages/airflow/example_dags/tutorial.py for tasks to queue
[2025-09-21T10:06:49.949+0545] {logging_mixin.py:190} INFO - [2025-09-21T10:06:49.949+0545] {dagbag.py:588} INFO - Filling up the DagBag from /home/ashok/miniconda3/envs/mysecondenvironment/lib/python3.8/site-packages/airflow/example_dags/tutorial.py
[2025-09-21T10:06:49.954+0545] {processor.py:925} INFO - DAG(s) 'tutorial' retrieved from /home/ashok/miniconda3/envs/mysecondenvironment/lib/python3.8/site-packages/airflow/example_dags/tutorial.py
[2025-09-21T10:06:49.962+0545] {logging_mixin.py:190} INFO - [2025-09-21T10:06:49.962+0545] {dag.py:3239} INFO - Sync 1 DAGs
[2025-09-21T10:06:49.973+0545] {logging_mixin.py:190} INFO - [2025-09-21T10:06:49.972+0545] {dag.py:4180} INFO - Setting next_dagrun for tutorial to 2025-09-20 00:00:00+00:00, run_after=2025-09-21 00:00:00+00:00
[2025-09-21T10:06:49.990+0545] {processor.py:208} INFO - Processing /home/ashok/miniconda3/envs/mysecondenvironment/lib/python3.8/site-packages/airflow/example_dags/tutorial.py took 0.048 seconds
[2025-09-21T10:07:47.285+0545] {processor.py:186} INFO - Started process (PID=63006) to work on /home/ashok/miniconda3/envs/mysecondenvironment/lib/python3.8/site-packages/airflow/example_dags/tutorial.py
[2025-09-21T10:07:47.287+0545] {processor.py:914} INFO - Processing file /home/ashok/miniconda3/envs/mysecondenvironment/lib/python3.8/site-packages/airflow/example_dags/tutorial.py for tasks to queue
[2025-09-21T10:07:47.288+0545] {logging_mixin.py:190} INFO - [2025-09-21T10:07:47.288+0545] {dagbag.py:588} INFO - Filling up the DagBag from /home/ashok/miniconda3/envs/mysecondenvironment/lib/python3.8/site-packages/airflow/example_dags/tutorial.py
[2025-09-21T10:07:47.292+0545] {processor.py:925} INFO - DAG(s) 'tutorial' retrieved from /home/ashok/miniconda3/envs/mysecondenvironment/lib/python3.8/site-packages/airflow/example_dags/tutorial.py
[2025-09-21T10:07:47.300+0545] {logging_mixin.py:190} INFO - [2025-09-21T10:07:47.300+0545] {dag.py:3239} INFO - Sync 1 DAGs
[2025-09-21T10:07:47.310+0545] {logging_mixin.py:190} INFO - [2025-09-21T10:07:47.309+0545] {dag.py:4180} INFO - Setting next_dagrun for tutorial to 2025-09-20 00:00:00+00:00, run_after=2025-09-21 00:00:00+00:00
[2025-09-21T10:07:47.326+0545] {processor.py:208} INFO - Processing /home/ashok/miniconda3/envs/mysecondenvironment/lib/python3.8/site-packages/airflow/example_dags/tutorial.py took 0.045 seconds
[2025-09-21T10:08:45.810+0545] {processor.py:186} INFO - Started process (PID=63648) to work on /home/ashok/miniconda3/envs/mysecondenvironment/lib/python3.8/site-packages/airflow/example_dags/tutorial.py
[2025-09-21T10:08:45.812+0545] {processor.py:914} INFO - Processing file /home/ashok/miniconda3/envs/mysecondenvironment/lib/python3.8/site-packages/airflow/example_dags/tutorial.py for tasks to queue
[2025-09-21T10:08:45.813+0545] {logging_mixin.py:190} INFO - [2025-09-21T10:08:45.813+0545] {dagbag.py:588} INFO - Filling up the DagBag from /home/ashok/miniconda3/envs/mysecondenvironment/lib/python3.8/site-packages/airflow/example_dags/tutorial.py
[2025-09-21T10:08:45.817+0545] {processor.py:925} INFO - DAG(s) 'tutorial' retrieved from /home/ashok/miniconda3/envs/mysecondenvironment/lib/python3.8/site-packages/airflow/example_dags/tutorial.py
[2025-09-21T10:08:45.825+0545] {logging_mixin.py:190} INFO - [2025-09-21T10:08:45.825+0545] {dag.py:3239} INFO - Sync 1 DAGs
[2025-09-21T10:08:45.834+0545] {logging_mixin.py:190} INFO - [2025-09-21T10:08:45.834+0545] {dag.py:4180} INFO - Setting next_dagrun for tutorial to 2025-09-20 00:00:00+00:00, run_after=2025-09-21 00:00:00+00:00
[2025-09-21T10:08:45.849+0545] {processor.py:208} INFO - Processing /home/ashok/miniconda3/envs/mysecondenvironment/lib/python3.8/site-packages/airflow/example_dags/tutorial.py took 0.043 seconds
[2025-09-21T10:09:41.022+0545] {processor.py:186} INFO - Started process (PID=64149) to work on /home/ashok/miniconda3/envs/mysecondenvironment/lib/python3.8/site-packages/airflow/example_dags/tutorial.py
[2025-09-21T10:09:41.024+0545] {processor.py:914} INFO - Processing file /home/ashok/miniconda3/envs/mysecondenvironment/lib/python3.8/site-packages/airflow/example_dags/tutorial.py for tasks to queue
[2025-09-21T10:09:41.025+0545] {logging_mixin.py:190} INFO - [2025-09-21T10:09:41.025+0545] {dagbag.py:588} INFO - Filling up the DagBag from /home/ashok/miniconda3/envs/mysecondenvironment/lib/python3.8/site-packages/airflow/example_dags/tutorial.py
[2025-09-21T10:09:41.030+0545] {processor.py:925} INFO - DAG(s) 'tutorial' retrieved from /home/ashok/miniconda3/envs/mysecondenvironment/lib/python3.8/site-packages/airflow/example_dags/tutorial.py
[2025-09-21T10:09:41.038+0545] {logging_mixin.py:190} INFO - [2025-09-21T10:09:41.037+0545] {dag.py:3239} INFO - Sync 1 DAGs
[2025-09-21T10:09:41.047+0545] {logging_mixin.py:190} INFO - [2025-09-21T10:09:41.047+0545] {dag.py:4180} INFO - Setting next_dagrun for tutorial to 2025-09-20 00:00:00+00:00, run_after=2025-09-21 00:00:00+00:00
[2025-09-21T10:09:41.063+0545] {processor.py:208} INFO - Processing /home/ashok/miniconda3/envs/mysecondenvironment/lib/python3.8/site-packages/airflow/example_dags/tutorial.py took 0.044 seconds
[2025-09-21T10:10:34.854+0545] {processor.py:186} INFO - Started process (PID=64596) to work on /home/ashok/miniconda3/envs/mysecondenvironment/lib/python3.8/site-packages/airflow/example_dags/tutorial.py
[2025-09-21T10:10:34.856+0545] {processor.py:914} INFO - Processing file /home/ashok/miniconda3/envs/mysecondenvironment/lib/python3.8/site-packages/airflow/example_dags/tutorial.py for tasks to queue
[2025-09-21T10:10:34.858+0545] {logging_mixin.py:190} INFO - [2025-09-21T10:10:34.858+0545] {dagbag.py:588} INFO - Filling up the DagBag from /home/ashok/miniconda3/envs/mysecondenvironment/lib/python3.8/site-packages/airflow/example_dags/tutorial.py
[2025-09-21T10:10:34.864+0545] {processor.py:925} INFO - DAG(s) 'tutorial' retrieved from /home/ashok/miniconda3/envs/mysecondenvironment/lib/python3.8/site-packages/airflow/example_dags/tutorial.py
[2025-09-21T10:10:34.873+0545] {logging_mixin.py:190} INFO - [2025-09-21T10:10:34.873+0545] {dag.py:3239} INFO - Sync 1 DAGs
[2025-09-21T10:10:34.882+0545] {logging_mixin.py:190} INFO - [2025-09-21T10:10:34.882+0545] {dag.py:4180} INFO - Setting next_dagrun for tutorial to 2025-09-20 00:00:00+00:00, run_after=2025-09-21 00:00:00+00:00
[2025-09-21T10:10:34.899+0545] {processor.py:208} INFO - Processing /home/ashok/miniconda3/envs/mysecondenvironment/lib/python3.8/site-packages/airflow/example_dags/tutorial.py took 0.049 seconds
[2025-09-21T10:11:29.850+0545] {processor.py:186} INFO - Started process (PID=65069) to work on /home/ashok/miniconda3/envs/mysecondenvironment/lib/python3.8/site-packages/airflow/example_dags/tutorial.py
[2025-09-21T10:11:29.851+0545] {processor.py:914} INFO - Processing file /home/ashok/miniconda3/envs/mysecondenvironment/lib/python3.8/site-packages/airflow/example_dags/tutorial.py for tasks to queue
[2025-09-21T10:11:29.853+0545] {logging_mixin.py:190} INFO - [2025-09-21T10:11:29.852+0545] {dagbag.py:588} INFO - Filling up the DagBag from /home/ashok/miniconda3/envs/mysecondenvironment/lib/python3.8/site-packages/airflow/example_dags/tutorial.py
[2025-09-21T10:11:29.857+0545] {processor.py:925} INFO - DAG(s) 'tutorial' retrieved from /home/ashok/miniconda3/envs/mysecondenvironment/lib/python3.8/site-packages/airflow/example_dags/tutorial.py
[2025-09-21T10:11:29.866+0545] {logging_mixin.py:190} INFO - [2025-09-21T10:11:29.865+0545] {dag.py:3239} INFO - Sync 1 DAGs
[2025-09-21T10:11:29.875+0545] {logging_mixin.py:190} INFO - [2025-09-21T10:11:29.875+0545] {dag.py:4180} INFO - Setting next_dagrun for tutorial to 2025-09-20 00:00:00+00:00, run_after=2025-09-21 00:00:00+00:00
[2025-09-21T10:11:29.890+0545] {processor.py:208} INFO - Processing /home/ashok/miniconda3/envs/mysecondenvironment/lib/python3.8/site-packages/airflow/example_dags/tutorial.py took 0.044 seconds
[2025-09-21T10:12:26.767+0545] {processor.py:186} INFO - Started process (PID=65478) to work on /home/ashok/miniconda3/envs/mysecondenvironment/lib/python3.8/site-packages/airflow/example_dags/tutorial.py
[2025-09-21T10:12:26.769+0545] {processor.py:914} INFO - Processing file /home/ashok/miniconda3/envs/mysecondenvironment/lib/python3.8/site-packages/airflow/example_dags/tutorial.py for tasks to queue
[2025-09-21T10:12:26.770+0545] {logging_mixin.py:190} INFO - [2025-09-21T10:12:26.770+0545] {dagbag.py:588} INFO - Filling up the DagBag from /home/ashok/miniconda3/envs/mysecondenvironment/lib/python3.8/site-packages/airflow/example_dags/tutorial.py
[2025-09-21T10:12:26.775+0545] {processor.py:925} INFO - DAG(s) 'tutorial' retrieved from /home/ashok/miniconda3/envs/mysecondenvironment/lib/python3.8/site-packages/airflow/example_dags/tutorial.py
[2025-09-21T10:12:26.783+0545] {logging_mixin.py:190} INFO - [2025-09-21T10:12:26.783+0545] {dag.py:3239} INFO - Sync 1 DAGs
[2025-09-21T10:12:26.791+0545] {logging_mixin.py:190} INFO - [2025-09-21T10:12:26.791+0545] {dag.py:4180} INFO - Setting next_dagrun for tutorial to 2025-09-20 00:00:00+00:00, run_after=2025-09-21 00:00:00+00:00
[2025-09-21T10:12:26.808+0545] {processor.py:208} INFO - Processing /home/ashok/miniconda3/envs/mysecondenvironment/lib/python3.8/site-packages/airflow/example_dags/tutorial.py took 0.046 seconds
[2025-09-21T10:13:21.279+0545] {processor.py:186} INFO - Started process (PID=65908) to work on /home/ashok/miniconda3/envs/mysecondenvironment/lib/python3.8/site-packages/airflow/example_dags/tutorial.py
[2025-09-21T10:13:21.281+0545] {processor.py:914} INFO - Processing file /home/ashok/miniconda3/envs/mysecondenvironment/lib/python3.8/site-packages/airflow/example_dags/tutorial.py for tasks to queue
[2025-09-21T10:13:21.282+0545] {logging_mixin.py:190} INFO - [2025-09-21T10:13:21.282+0545] {dagbag.py:588} INFO - Filling up the DagBag from /home/ashok/miniconda3/envs/mysecondenvironment/lib/python3.8/site-packages/airflow/example_dags/tutorial.py
[2025-09-21T10:13:21.287+0545] {processor.py:925} INFO - DAG(s) 'tutorial' retrieved from /home/ashok/miniconda3/envs/mysecondenvironment/lib/python3.8/site-packages/airflow/example_dags/tutorial.py
[2025-09-21T10:13:21.295+0545] {logging_mixin.py:190} INFO - [2025-09-21T10:13:21.295+0545] {dag.py:3239} INFO - Sync 1 DAGs
[2025-09-21T10:13:21.395+0545] {logging_mixin.py:190} INFO - [2025-09-21T10:13:21.395+0545] {dag.py:4180} INFO - Setting next_dagrun for tutorial to 2025-09-20 00:00:00+00:00, run_after=2025-09-21 00:00:00+00:00
[2025-09-21T10:13:21.409+0545] {processor.py:208} INFO - Processing /home/ashok/miniconda3/envs/mysecondenvironment/lib/python3.8/site-packages/airflow/example_dags/tutorial.py took 0.133 seconds
