[2025-09-21T08:35:38.579+0545] {processor.py:186} INFO - Started process (PID=21696) to work on /home/ashok/miniconda3/envs/mysecondenvironment/lib/python3.8/site-packages/airflow/example_dags/tutorial_objectstorage.py
[2025-09-21T08:35:38.580+0545] {processor.py:914} INFO - Processing file /home/ashok/miniconda3/envs/mysecondenvironment/lib/python3.8/site-packages/airflow/example_dags/tutorial_objectstorage.py for tasks to queue
[2025-09-21T08:35:38.581+0545] {logging_mixin.py:190} INFO - [2025-09-21T08:35:38.581+0545] {dagbag.py:588} INFO - Filling up the DagBag from /home/ashok/miniconda3/envs/mysecondenvironment/lib/python3.8/site-packages/airflow/example_dags/tutorial_objectstorage.py
[2025-09-21T08:35:38.586+0545] {processor.py:925} INFO - DAG(s) 'tutorial_objectstorage' retrieved from /home/ashok/miniconda3/envs/mysecondenvironment/lib/python3.8/site-packages/airflow/example_dags/tutorial_objectstorage.py
[2025-09-21T08:35:38.598+0545] {logging_mixin.py:190} INFO - [2025-09-21T08:35:38.598+0545] {dag.py:3239} INFO - Sync 1 DAGs
[2025-09-21T08:35:38.606+0545] {logging_mixin.py:190} INFO - [2025-09-21T08:35:38.606+0545] {dag.py:4180} INFO - Setting next_dagrun for tutorial_objectstorage to None, run_after=None
[2025-09-21T08:35:38.623+0545] {processor.py:208} INFO - Processing /home/ashok/miniconda3/envs/mysecondenvironment/lib/python3.8/site-packages/airflow/example_dags/tutorial_objectstorage.py took 0.047 seconds
[2025-09-21T08:37:59.417+0545] {processor.py:186} INFO - Started process (PID=24522) to work on /home/ashok/miniconda3/envs/mysecondenvironment/lib/python3.8/site-packages/airflow/example_dags/tutorial_objectstorage.py
[2025-09-21T08:37:59.418+0545] {processor.py:914} INFO - Processing file /home/ashok/miniconda3/envs/mysecondenvironment/lib/python3.8/site-packages/airflow/example_dags/tutorial_objectstorage.py for tasks to queue
[2025-09-21T08:37:59.419+0545] {logging_mixin.py:190} INFO - [2025-09-21T08:37:59.419+0545] {dagbag.py:588} INFO - Filling up the DagBag from /home/ashok/miniconda3/envs/mysecondenvironment/lib/python3.8/site-packages/airflow/example_dags/tutorial_objectstorage.py
[2025-09-21T08:37:59.425+0545] {processor.py:925} INFO - DAG(s) 'tutorial_objectstorage' retrieved from /home/ashok/miniconda3/envs/mysecondenvironment/lib/python3.8/site-packages/airflow/example_dags/tutorial_objectstorage.py
[2025-09-21T08:37:59.434+0545] {logging_mixin.py:190} INFO - [2025-09-21T08:37:59.433+0545] {dag.py:3239} INFO - Sync 1 DAGs
[2025-09-21T08:37:59.441+0545] {logging_mixin.py:190} INFO - [2025-09-21T08:37:59.441+0545] {dag.py:4180} INFO - Setting next_dagrun for tutorial_objectstorage to None, run_after=None
[2025-09-21T08:37:59.456+0545] {processor.py:208} INFO - Processing /home/ashok/miniconda3/envs/mysecondenvironment/lib/python3.8/site-packages/airflow/example_dags/tutorial_objectstorage.py took 0.045 seconds
[2025-09-21T08:38:32.605+0545] {processor.py:186} INFO - Started process (PID=24988) to work on /home/ashok/miniconda3/envs/mysecondenvironment/lib/python3.8/site-packages/airflow/example_dags/tutorial_objectstorage.py
[2025-09-21T08:38:32.607+0545] {processor.py:914} INFO - Processing file /home/ashok/miniconda3/envs/mysecondenvironment/lib/python3.8/site-packages/airflow/example_dags/tutorial_objectstorage.py for tasks to queue
[2025-09-21T08:38:32.608+0545] {logging_mixin.py:190} INFO - [2025-09-21T08:38:32.608+0545] {dagbag.py:588} INFO - Filling up the DagBag from /home/ashok/miniconda3/envs/mysecondenvironment/lib/python3.8/site-packages/airflow/example_dags/tutorial_objectstorage.py
[2025-09-21T08:38:32.613+0545] {processor.py:925} INFO - DAG(s) 'tutorial_objectstorage' retrieved from /home/ashok/miniconda3/envs/mysecondenvironment/lib/python3.8/site-packages/airflow/example_dags/tutorial_objectstorage.py
[2025-09-21T08:38:32.622+0545] {logging_mixin.py:190} INFO - [2025-09-21T08:38:32.621+0545] {dag.py:3239} INFO - Sync 1 DAGs
[2025-09-21T08:38:32.627+0545] {logging_mixin.py:190} INFO - [2025-09-21T08:38:32.627+0545] {dag.py:4180} INFO - Setting next_dagrun for tutorial_objectstorage to None, run_after=None
[2025-09-21T08:38:32.643+0545] {processor.py:208} INFO - Processing /home/ashok/miniconda3/envs/mysecondenvironment/lib/python3.8/site-packages/airflow/example_dags/tutorial_objectstorage.py took 0.042 seconds
[2025-09-21T08:40:55.121+0545] {processor.py:186} INFO - Started process (PID=26643) to work on /home/ashok/miniconda3/envs/mysecondenvironment/lib/python3.8/site-packages/airflow/example_dags/tutorial_objectstorage.py
[2025-09-21T08:40:55.123+0545] {processor.py:914} INFO - Processing file /home/ashok/miniconda3/envs/mysecondenvironment/lib/python3.8/site-packages/airflow/example_dags/tutorial_objectstorage.py for tasks to queue
[2025-09-21T08:40:55.124+0545] {logging_mixin.py:190} INFO - [2025-09-21T08:40:55.124+0545] {dagbag.py:588} INFO - Filling up the DagBag from /home/ashok/miniconda3/envs/mysecondenvironment/lib/python3.8/site-packages/airflow/example_dags/tutorial_objectstorage.py
[2025-09-21T08:40:55.129+0545] {processor.py:925} INFO - DAG(s) 'tutorial_objectstorage' retrieved from /home/ashok/miniconda3/envs/mysecondenvironment/lib/python3.8/site-packages/airflow/example_dags/tutorial_objectstorage.py
[2025-09-21T08:40:55.137+0545] {logging_mixin.py:190} INFO - [2025-09-21T08:40:55.136+0545] {dag.py:3239} INFO - Sync 1 DAGs
[2025-09-21T08:40:55.142+0545] {logging_mixin.py:190} INFO - [2025-09-21T08:40:55.142+0545] {dag.py:4180} INFO - Setting next_dagrun for tutorial_objectstorage to None, run_after=None
[2025-09-21T08:40:55.160+0545] {processor.py:208} INFO - Processing /home/ashok/miniconda3/envs/mysecondenvironment/lib/python3.8/site-packages/airflow/example_dags/tutorial_objectstorage.py took 0.042 seconds
[2025-09-21T08:41:53.349+0545] {processor.py:186} INFO - Started process (PID=27074) to work on /home/ashok/miniconda3/envs/mysecondenvironment/lib/python3.8/site-packages/airflow/example_dags/tutorial_objectstorage.py
[2025-09-21T08:41:53.351+0545] {processor.py:914} INFO - Processing file /home/ashok/miniconda3/envs/mysecondenvironment/lib/python3.8/site-packages/airflow/example_dags/tutorial_objectstorage.py for tasks to queue
[2025-09-21T08:41:53.352+0545] {logging_mixin.py:190} INFO - [2025-09-21T08:41:53.352+0545] {dagbag.py:588} INFO - Filling up the DagBag from /home/ashok/miniconda3/envs/mysecondenvironment/lib/python3.8/site-packages/airflow/example_dags/tutorial_objectstorage.py
[2025-09-21T08:41:53.359+0545] {processor.py:925} INFO - DAG(s) 'tutorial_objectstorage' retrieved from /home/ashok/miniconda3/envs/mysecondenvironment/lib/python3.8/site-packages/airflow/example_dags/tutorial_objectstorage.py
[2025-09-21T08:41:53.367+0545] {logging_mixin.py:190} INFO - [2025-09-21T08:41:53.366+0545] {dag.py:3239} INFO - Sync 1 DAGs
[2025-09-21T08:41:53.372+0545] {logging_mixin.py:190} INFO - [2025-09-21T08:41:53.372+0545] {dag.py:4180} INFO - Setting next_dagrun for tutorial_objectstorage to None, run_after=None
[2025-09-21T08:41:53.388+0545] {processor.py:208} INFO - Processing /home/ashok/miniconda3/envs/mysecondenvironment/lib/python3.8/site-packages/airflow/example_dags/tutorial_objectstorage.py took 0.043 seconds
[2025-09-21T08:42:48.742+0545] {processor.py:186} INFO - Started process (PID=27515) to work on /home/ashok/miniconda3/envs/mysecondenvironment/lib/python3.8/site-packages/airflow/example_dags/tutorial_objectstorage.py
[2025-09-21T08:42:48.744+0545] {processor.py:914} INFO - Processing file /home/ashok/miniconda3/envs/mysecondenvironment/lib/python3.8/site-packages/airflow/example_dags/tutorial_objectstorage.py for tasks to queue
[2025-09-21T08:42:48.745+0545] {logging_mixin.py:190} INFO - [2025-09-21T08:42:48.745+0545] {dagbag.py:588} INFO - Filling up the DagBag from /home/ashok/miniconda3/envs/mysecondenvironment/lib/python3.8/site-packages/airflow/example_dags/tutorial_objectstorage.py
[2025-09-21T08:42:48.751+0545] {processor.py:925} INFO - DAG(s) 'tutorial_objectstorage' retrieved from /home/ashok/miniconda3/envs/mysecondenvironment/lib/python3.8/site-packages/airflow/example_dags/tutorial_objectstorage.py
[2025-09-21T08:42:48.760+0545] {logging_mixin.py:190} INFO - [2025-09-21T08:42:48.760+0545] {dag.py:3239} INFO - Sync 1 DAGs
[2025-09-21T08:42:48.767+0545] {logging_mixin.py:190} INFO - [2025-09-21T08:42:48.767+0545] {dag.py:4180} INFO - Setting next_dagrun for tutorial_objectstorage to None, run_after=None
[2025-09-21T08:42:48.783+0545] {processor.py:208} INFO - Processing /home/ashok/miniconda3/envs/mysecondenvironment/lib/python3.8/site-packages/airflow/example_dags/tutorial_objectstorage.py took 0.044 seconds
[2025-09-21T08:43:41.358+0545] {processor.py:186} INFO - Started process (PID=27875) to work on /home/ashok/miniconda3/envs/mysecondenvironment/lib/python3.8/site-packages/airflow/example_dags/tutorial_objectstorage.py
[2025-09-21T08:43:41.359+0545] {processor.py:914} INFO - Processing file /home/ashok/miniconda3/envs/mysecondenvironment/lib/python3.8/site-packages/airflow/example_dags/tutorial_objectstorage.py for tasks to queue
[2025-09-21T08:43:41.362+0545] {logging_mixin.py:190} INFO - [2025-09-21T08:43:41.361+0545] {dagbag.py:588} INFO - Filling up the DagBag from /home/ashok/miniconda3/envs/mysecondenvironment/lib/python3.8/site-packages/airflow/example_dags/tutorial_objectstorage.py
[2025-09-21T08:43:41.367+0545] {processor.py:925} INFO - DAG(s) 'tutorial_objectstorage' retrieved from /home/ashok/miniconda3/envs/mysecondenvironment/lib/python3.8/site-packages/airflow/example_dags/tutorial_objectstorage.py
[2025-09-21T08:43:41.375+0545] {logging_mixin.py:190} INFO - [2025-09-21T08:43:41.374+0545] {dag.py:3239} INFO - Sync 1 DAGs
[2025-09-21T08:43:41.380+0545] {logging_mixin.py:190} INFO - [2025-09-21T08:43:41.380+0545] {dag.py:4180} INFO - Setting next_dagrun for tutorial_objectstorage to None, run_after=None
[2025-09-21T08:43:41.396+0545] {processor.py:208} INFO - Processing /home/ashok/miniconda3/envs/mysecondenvironment/lib/python3.8/site-packages/airflow/example_dags/tutorial_objectstorage.py took 0.042 seconds
[2025-09-21T08:44:38.988+0545] {processor.py:186} INFO - Started process (PID=28250) to work on /home/ashok/miniconda3/envs/mysecondenvironment/lib/python3.8/site-packages/airflow/example_dags/tutorial_objectstorage.py
[2025-09-21T08:44:38.990+0545] {processor.py:914} INFO - Processing file /home/ashok/miniconda3/envs/mysecondenvironment/lib/python3.8/site-packages/airflow/example_dags/tutorial_objectstorage.py for tasks to queue
[2025-09-21T08:44:38.991+0545] {logging_mixin.py:190} INFO - [2025-09-21T08:44:38.991+0545] {dagbag.py:588} INFO - Filling up the DagBag from /home/ashok/miniconda3/envs/mysecondenvironment/lib/python3.8/site-packages/airflow/example_dags/tutorial_objectstorage.py
[2025-09-21T08:44:38.996+0545] {processor.py:925} INFO - DAG(s) 'tutorial_objectstorage' retrieved from /home/ashok/miniconda3/envs/mysecondenvironment/lib/python3.8/site-packages/airflow/example_dags/tutorial_objectstorage.py
[2025-09-21T08:44:39.003+0545] {logging_mixin.py:190} INFO - [2025-09-21T08:44:39.003+0545] {dag.py:3239} INFO - Sync 1 DAGs
[2025-09-21T08:44:39.009+0545] {logging_mixin.py:190} INFO - [2025-09-21T08:44:39.009+0545] {dag.py:4180} INFO - Setting next_dagrun for tutorial_objectstorage to None, run_after=None
[2025-09-21T08:44:39.027+0545] {processor.py:208} INFO - Processing /home/ashok/miniconda3/envs/mysecondenvironment/lib/python3.8/site-packages/airflow/example_dags/tutorial_objectstorage.py took 0.042 seconds
[2025-09-21T08:45:40.898+0545] {processor.py:186} INFO - Started process (PID=28688) to work on /home/ashok/miniconda3/envs/mysecondenvironment/lib/python3.8/site-packages/airflow/example_dags/tutorial_objectstorage.py
[2025-09-21T08:45:40.900+0545] {processor.py:914} INFO - Processing file /home/ashok/miniconda3/envs/mysecondenvironment/lib/python3.8/site-packages/airflow/example_dags/tutorial_objectstorage.py for tasks to queue
[2025-09-21T08:45:40.901+0545] {logging_mixin.py:190} INFO - [2025-09-21T08:45:40.901+0545] {dagbag.py:588} INFO - Filling up the DagBag from /home/ashok/miniconda3/envs/mysecondenvironment/lib/python3.8/site-packages/airflow/example_dags/tutorial_objectstorage.py
[2025-09-21T08:45:40.906+0545] {processor.py:925} INFO - DAG(s) 'tutorial_objectstorage' retrieved from /home/ashok/miniconda3/envs/mysecondenvironment/lib/python3.8/site-packages/airflow/example_dags/tutorial_objectstorage.py
[2025-09-21T08:45:40.913+0545] {logging_mixin.py:190} INFO - [2025-09-21T08:45:40.913+0545] {dag.py:3239} INFO - Sync 1 DAGs
[2025-09-21T08:45:40.919+0545] {logging_mixin.py:190} INFO - [2025-09-21T08:45:40.918+0545] {dag.py:4180} INFO - Setting next_dagrun for tutorial_objectstorage to None, run_after=None
[2025-09-21T08:45:40.936+0545] {processor.py:208} INFO - Processing /home/ashok/miniconda3/envs/mysecondenvironment/lib/python3.8/site-packages/airflow/example_dags/tutorial_objectstorage.py took 0.042 seconds
[2025-09-21T08:46:37.295+0545] {processor.py:186} INFO - Started process (PID=29090) to work on /home/ashok/miniconda3/envs/mysecondenvironment/lib/python3.8/site-packages/airflow/example_dags/tutorial_objectstorage.py
[2025-09-21T08:46:37.298+0545] {processor.py:914} INFO - Processing file /home/ashok/miniconda3/envs/mysecondenvironment/lib/python3.8/site-packages/airflow/example_dags/tutorial_objectstorage.py for tasks to queue
[2025-09-21T08:46:37.300+0545] {logging_mixin.py:190} INFO - [2025-09-21T08:46:37.299+0545] {dagbag.py:588} INFO - Filling up the DagBag from /home/ashok/miniconda3/envs/mysecondenvironment/lib/python3.8/site-packages/airflow/example_dags/tutorial_objectstorage.py
[2025-09-21T08:46:37.306+0545] {processor.py:925} INFO - DAG(s) 'tutorial_objectstorage' retrieved from /home/ashok/miniconda3/envs/mysecondenvironment/lib/python3.8/site-packages/airflow/example_dags/tutorial_objectstorage.py
[2025-09-21T08:46:37.314+0545] {logging_mixin.py:190} INFO - [2025-09-21T08:46:37.313+0545] {dag.py:3239} INFO - Sync 1 DAGs
[2025-09-21T08:46:37.320+0545] {logging_mixin.py:190} INFO - [2025-09-21T08:46:37.320+0545] {dag.py:4180} INFO - Setting next_dagrun for tutorial_objectstorage to None, run_after=None
[2025-09-21T08:46:37.335+0545] {processor.py:208} INFO - Processing /home/ashok/miniconda3/envs/mysecondenvironment/lib/python3.8/site-packages/airflow/example_dags/tutorial_objectstorage.py took 0.043 seconds
[2025-09-21T08:47:32.152+0545] {processor.py:186} INFO - Started process (PID=29453) to work on /home/ashok/miniconda3/envs/mysecondenvironment/lib/python3.8/site-packages/airflow/example_dags/tutorial_objectstorage.py
[2025-09-21T08:47:32.153+0545] {processor.py:914} INFO - Processing file /home/ashok/miniconda3/envs/mysecondenvironment/lib/python3.8/site-packages/airflow/example_dags/tutorial_objectstorage.py for tasks to queue
[2025-09-21T08:47:32.155+0545] {logging_mixin.py:190} INFO - [2025-09-21T08:47:32.155+0545] {dagbag.py:588} INFO - Filling up the DagBag from /home/ashok/miniconda3/envs/mysecondenvironment/lib/python3.8/site-packages/airflow/example_dags/tutorial_objectstorage.py
[2025-09-21T08:47:32.161+0545] {processor.py:925} INFO - DAG(s) 'tutorial_objectstorage' retrieved from /home/ashok/miniconda3/envs/mysecondenvironment/lib/python3.8/site-packages/airflow/example_dags/tutorial_objectstorage.py
[2025-09-21T08:47:32.168+0545] {logging_mixin.py:190} INFO - [2025-09-21T08:47:32.168+0545] {dag.py:3239} INFO - Sync 1 DAGs
[2025-09-21T08:47:32.174+0545] {logging_mixin.py:190} INFO - [2025-09-21T08:47:32.174+0545] {dag.py:4180} INFO - Setting next_dagrun for tutorial_objectstorage to None, run_after=None
[2025-09-21T08:47:32.190+0545] {processor.py:208} INFO - Processing /home/ashok/miniconda3/envs/mysecondenvironment/lib/python3.8/site-packages/airflow/example_dags/tutorial_objectstorage.py took 0.042 seconds
[2025-09-21T09:43:33.683+0545] {processor.py:186} INFO - Started process (PID=49510) to work on /home/ashok/miniconda3/envs/mysecondenvironment/lib/python3.8/site-packages/airflow/example_dags/tutorial_objectstorage.py
[2025-09-21T09:43:33.684+0545] {processor.py:914} INFO - Processing file /home/ashok/miniconda3/envs/mysecondenvironment/lib/python3.8/site-packages/airflow/example_dags/tutorial_objectstorage.py for tasks to queue
[2025-09-21T09:43:33.685+0545] {logging_mixin.py:190} INFO - [2025-09-21T09:43:33.685+0545] {dagbag.py:588} INFO - Filling up the DagBag from /home/ashok/miniconda3/envs/mysecondenvironment/lib/python3.8/site-packages/airflow/example_dags/tutorial_objectstorage.py
[2025-09-21T09:43:33.691+0545] {processor.py:925} INFO - DAG(s) 'tutorial_objectstorage' retrieved from /home/ashok/miniconda3/envs/mysecondenvironment/lib/python3.8/site-packages/airflow/example_dags/tutorial_objectstorage.py
[2025-09-21T09:43:33.700+0545] {logging_mixin.py:190} INFO - [2025-09-21T09:43:33.700+0545] {dag.py:3239} INFO - Sync 1 DAGs
[2025-09-21T09:43:33.707+0545] {logging_mixin.py:190} INFO - [2025-09-21T09:43:33.706+0545] {dag.py:4180} INFO - Setting next_dagrun for tutorial_objectstorage to None, run_after=None
[2025-09-21T09:43:33.726+0545] {processor.py:208} INFO - Processing /home/ashok/miniconda3/envs/mysecondenvironment/lib/python3.8/site-packages/airflow/example_dags/tutorial_objectstorage.py took 0.047 seconds
[2025-09-21T09:45:50.974+0545] {processor.py:186} INFO - Started process (PID=50814) to work on /home/ashok/miniconda3/envs/mysecondenvironment/lib/python3.8/site-packages/airflow/example_dags/tutorial_objectstorage.py
[2025-09-21T09:45:50.976+0545] {processor.py:914} INFO - Processing file /home/ashok/miniconda3/envs/mysecondenvironment/lib/python3.8/site-packages/airflow/example_dags/tutorial_objectstorage.py for tasks to queue
[2025-09-21T09:45:50.977+0545] {logging_mixin.py:190} INFO - [2025-09-21T09:45:50.977+0545] {dagbag.py:588} INFO - Filling up the DagBag from /home/ashok/miniconda3/envs/mysecondenvironment/lib/python3.8/site-packages/airflow/example_dags/tutorial_objectstorage.py
[2025-09-21T09:45:50.982+0545] {processor.py:925} INFO - DAG(s) 'tutorial_objectstorage' retrieved from /home/ashok/miniconda3/envs/mysecondenvironment/lib/python3.8/site-packages/airflow/example_dags/tutorial_objectstorage.py
[2025-09-21T09:45:50.992+0545] {logging_mixin.py:190} INFO - [2025-09-21T09:45:50.992+0545] {dag.py:3239} INFO - Sync 1 DAGs
[2025-09-21T09:45:50.999+0545] {logging_mixin.py:190} INFO - [2025-09-21T09:45:50.999+0545] {dag.py:4180} INFO - Setting next_dagrun for tutorial_objectstorage to None, run_after=None
[2025-09-21T09:45:51.017+0545] {processor.py:208} INFO - Processing /home/ashok/miniconda3/envs/mysecondenvironment/lib/python3.8/site-packages/airflow/example_dags/tutorial_objectstorage.py took 0.047 seconds
[2025-09-21T09:47:45.277+0545] {processor.py:186} INFO - Started process (PID=52490) to work on /home/ashok/miniconda3/envs/mysecondenvironment/lib/python3.8/site-packages/airflow/example_dags/tutorial_objectstorage.py
[2025-09-21T09:47:45.278+0545] {processor.py:914} INFO - Processing file /home/ashok/miniconda3/envs/mysecondenvironment/lib/python3.8/site-packages/airflow/example_dags/tutorial_objectstorage.py for tasks to queue
[2025-09-21T09:47:45.279+0545] {logging_mixin.py:190} INFO - [2025-09-21T09:47:45.279+0545] {dagbag.py:588} INFO - Filling up the DagBag from /home/ashok/miniconda3/envs/mysecondenvironment/lib/python3.8/site-packages/airflow/example_dags/tutorial_objectstorage.py
[2025-09-21T09:47:45.286+0545] {processor.py:925} INFO - DAG(s) 'tutorial_objectstorage' retrieved from /home/ashok/miniconda3/envs/mysecondenvironment/lib/python3.8/site-packages/airflow/example_dags/tutorial_objectstorage.py
[2025-09-21T09:47:45.296+0545] {logging_mixin.py:190} INFO - [2025-09-21T09:47:45.296+0545] {dag.py:3239} INFO - Sync 1 DAGs
[2025-09-21T09:47:45.303+0545] {logging_mixin.py:190} INFO - [2025-09-21T09:47:45.303+0545] {dag.py:4180} INFO - Setting next_dagrun for tutorial_objectstorage to None, run_after=None
[2025-09-21T09:47:45.318+0545] {processor.py:208} INFO - Processing /home/ashok/miniconda3/envs/mysecondenvironment/lib/python3.8/site-packages/airflow/example_dags/tutorial_objectstorage.py took 0.046 seconds
[2025-09-21T09:48:37.909+0545] {processor.py:186} INFO - Started process (PID=52843) to work on /home/ashok/miniconda3/envs/mysecondenvironment/lib/python3.8/site-packages/airflow/example_dags/tutorial_objectstorage.py
[2025-09-21T09:48:37.911+0545] {processor.py:914} INFO - Processing file /home/ashok/miniconda3/envs/mysecondenvironment/lib/python3.8/site-packages/airflow/example_dags/tutorial_objectstorage.py for tasks to queue
[2025-09-21T09:48:37.912+0545] {logging_mixin.py:190} INFO - [2025-09-21T09:48:37.912+0545] {dagbag.py:588} INFO - Filling up the DagBag from /home/ashok/miniconda3/envs/mysecondenvironment/lib/python3.8/site-packages/airflow/example_dags/tutorial_objectstorage.py
[2025-09-21T09:48:37.918+0545] {processor.py:925} INFO - DAG(s) 'tutorial_objectstorage' retrieved from /home/ashok/miniconda3/envs/mysecondenvironment/lib/python3.8/site-packages/airflow/example_dags/tutorial_objectstorage.py
[2025-09-21T09:48:37.926+0545] {logging_mixin.py:190} INFO - [2025-09-21T09:48:37.926+0545] {dag.py:3239} INFO - Sync 1 DAGs
[2025-09-21T09:48:37.932+0545] {logging_mixin.py:190} INFO - [2025-09-21T09:48:37.932+0545] {dag.py:4180} INFO - Setting next_dagrun for tutorial_objectstorage to None, run_after=None
[2025-09-21T09:48:37.949+0545] {processor.py:208} INFO - Processing /home/ashok/miniconda3/envs/mysecondenvironment/lib/python3.8/site-packages/airflow/example_dags/tutorial_objectstorage.py took 0.043 seconds
[2025-09-21T09:49:42.022+0545] {processor.py:186} INFO - Started process (PID=53368) to work on /home/ashok/miniconda3/envs/mysecondenvironment/lib/python3.8/site-packages/airflow/example_dags/tutorial_objectstorage.py
[2025-09-21T09:49:42.024+0545] {processor.py:914} INFO - Processing file /home/ashok/miniconda3/envs/mysecondenvironment/lib/python3.8/site-packages/airflow/example_dags/tutorial_objectstorage.py for tasks to queue
[2025-09-21T09:49:42.025+0545] {logging_mixin.py:190} INFO - [2025-09-21T09:49:42.025+0545] {dagbag.py:588} INFO - Filling up the DagBag from /home/ashok/miniconda3/envs/mysecondenvironment/lib/python3.8/site-packages/airflow/example_dags/tutorial_objectstorage.py
[2025-09-21T09:49:42.031+0545] {processor.py:925} INFO - DAG(s) 'tutorial_objectstorage' retrieved from /home/ashok/miniconda3/envs/mysecondenvironment/lib/python3.8/site-packages/airflow/example_dags/tutorial_objectstorage.py
[2025-09-21T09:49:42.039+0545] {logging_mixin.py:190} INFO - [2025-09-21T09:49:42.039+0545] {dag.py:3239} INFO - Sync 1 DAGs
[2025-09-21T09:49:42.044+0545] {logging_mixin.py:190} INFO - [2025-09-21T09:49:42.044+0545] {dag.py:4180} INFO - Setting next_dagrun for tutorial_objectstorage to None, run_after=None
[2025-09-21T09:49:42.060+0545] {processor.py:208} INFO - Processing /home/ashok/miniconda3/envs/mysecondenvironment/lib/python3.8/site-packages/airflow/example_dags/tutorial_objectstorage.py took 0.043 seconds
[2025-09-21T09:50:38.314+0545] {processor.py:186} INFO - Started process (PID=53776) to work on /home/ashok/miniconda3/envs/mysecondenvironment/lib/python3.8/site-packages/airflow/example_dags/tutorial_objectstorage.py
[2025-09-21T09:50:38.315+0545] {processor.py:914} INFO - Processing file /home/ashok/miniconda3/envs/mysecondenvironment/lib/python3.8/site-packages/airflow/example_dags/tutorial_objectstorage.py for tasks to queue
[2025-09-21T09:50:38.318+0545] {logging_mixin.py:190} INFO - [2025-09-21T09:50:38.318+0545] {dagbag.py:588} INFO - Filling up the DagBag from /home/ashok/miniconda3/envs/mysecondenvironment/lib/python3.8/site-packages/airflow/example_dags/tutorial_objectstorage.py
[2025-09-21T09:50:38.324+0545] {processor.py:925} INFO - DAG(s) 'tutorial_objectstorage' retrieved from /home/ashok/miniconda3/envs/mysecondenvironment/lib/python3.8/site-packages/airflow/example_dags/tutorial_objectstorage.py
[2025-09-21T09:50:38.332+0545] {logging_mixin.py:190} INFO - [2025-09-21T09:50:38.332+0545] {dag.py:3239} INFO - Sync 1 DAGs
[2025-09-21T09:50:38.339+0545] {logging_mixin.py:190} INFO - [2025-09-21T09:50:38.338+0545] {dag.py:4180} INFO - Setting next_dagrun for tutorial_objectstorage to None, run_after=None
[2025-09-21T09:50:38.355+0545] {processor.py:208} INFO - Processing /home/ashok/miniconda3/envs/mysecondenvironment/lib/python3.8/site-packages/airflow/example_dags/tutorial_objectstorage.py took 0.045 seconds
[2025-09-21T09:52:03.839+0545] {processor.py:186} INFO - Started process (PID=54732) to work on /home/ashok/miniconda3/envs/mysecondenvironment/lib/python3.8/site-packages/airflow/example_dags/tutorial_objectstorage.py
[2025-09-21T09:52:03.840+0545] {processor.py:914} INFO - Processing file /home/ashok/miniconda3/envs/mysecondenvironment/lib/python3.8/site-packages/airflow/example_dags/tutorial_objectstorage.py for tasks to queue
[2025-09-21T09:52:03.842+0545] {logging_mixin.py:190} INFO - [2025-09-21T09:52:03.842+0545] {dagbag.py:588} INFO - Filling up the DagBag from /home/ashok/miniconda3/envs/mysecondenvironment/lib/python3.8/site-packages/airflow/example_dags/tutorial_objectstorage.py
[2025-09-21T09:52:03.848+0545] {processor.py:925} INFO - DAG(s) 'tutorial_objectstorage' retrieved from /home/ashok/miniconda3/envs/mysecondenvironment/lib/python3.8/site-packages/airflow/example_dags/tutorial_objectstorage.py
[2025-09-21T09:52:03.857+0545] {logging_mixin.py:190} INFO - [2025-09-21T09:52:03.857+0545] {dag.py:3239} INFO - Sync 1 DAGs
[2025-09-21T09:52:03.863+0545] {logging_mixin.py:190} INFO - [2025-09-21T09:52:03.863+0545] {dag.py:4180} INFO - Setting next_dagrun for tutorial_objectstorage to None, run_after=None
[2025-09-21T09:52:03.880+0545] {processor.py:208} INFO - Processing /home/ashok/miniconda3/envs/mysecondenvironment/lib/python3.8/site-packages/airflow/example_dags/tutorial_objectstorage.py took 0.045 seconds
[2025-09-21T09:54:32.879+0545] {processor.py:186} INFO - Started process (PID=56408) to work on /home/ashok/miniconda3/envs/mysecondenvironment/lib/python3.8/site-packages/airflow/example_dags/tutorial_objectstorage.py
[2025-09-21T09:54:32.880+0545] {processor.py:914} INFO - Processing file /home/ashok/miniconda3/envs/mysecondenvironment/lib/python3.8/site-packages/airflow/example_dags/tutorial_objectstorage.py for tasks to queue
[2025-09-21T09:54:32.882+0545] {logging_mixin.py:190} INFO - [2025-09-21T09:54:32.882+0545] {dagbag.py:588} INFO - Filling up the DagBag from /home/ashok/miniconda3/envs/mysecondenvironment/lib/python3.8/site-packages/airflow/example_dags/tutorial_objectstorage.py
[2025-09-21T09:54:32.887+0545] {processor.py:925} INFO - DAG(s) 'tutorial_objectstorage' retrieved from /home/ashok/miniconda3/envs/mysecondenvironment/lib/python3.8/site-packages/airflow/example_dags/tutorial_objectstorage.py
[2025-09-21T09:54:32.898+0545] {logging_mixin.py:190} INFO - [2025-09-21T09:54:32.897+0545] {dag.py:3239} INFO - Sync 1 DAGs
[2025-09-21T09:54:32.906+0545] {logging_mixin.py:190} INFO - [2025-09-21T09:54:32.906+0545] {dag.py:4180} INFO - Setting next_dagrun for tutorial_objectstorage to None, run_after=None
[2025-09-21T09:54:32.923+0545] {processor.py:208} INFO - Processing /home/ashok/miniconda3/envs/mysecondenvironment/lib/python3.8/site-packages/airflow/example_dags/tutorial_objectstorage.py took 0.048 seconds
[2025-09-21T09:55:31.467+0545] {processor.py:186} INFO - Started process (PID=56859) to work on /home/ashok/miniconda3/envs/mysecondenvironment/lib/python3.8/site-packages/airflow/example_dags/tutorial_objectstorage.py
[2025-09-21T09:55:31.468+0545] {processor.py:914} INFO - Processing file /home/ashok/miniconda3/envs/mysecondenvironment/lib/python3.8/site-packages/airflow/example_dags/tutorial_objectstorage.py for tasks to queue
[2025-09-21T09:55:31.470+0545] {logging_mixin.py:190} INFO - [2025-09-21T09:55:31.470+0545] {dagbag.py:588} INFO - Filling up the DagBag from /home/ashok/miniconda3/envs/mysecondenvironment/lib/python3.8/site-packages/airflow/example_dags/tutorial_objectstorage.py
[2025-09-21T09:55:31.478+0545] {processor.py:925} INFO - DAG(s) 'tutorial_objectstorage' retrieved from /home/ashok/miniconda3/envs/mysecondenvironment/lib/python3.8/site-packages/airflow/example_dags/tutorial_objectstorage.py
[2025-09-21T09:55:31.486+0545] {logging_mixin.py:190} INFO - [2025-09-21T09:55:31.486+0545] {dag.py:3239} INFO - Sync 1 DAGs
[2025-09-21T09:55:31.494+0545] {logging_mixin.py:190} INFO - [2025-09-21T09:55:31.493+0545] {dag.py:4180} INFO - Setting next_dagrun for tutorial_objectstorage to None, run_after=None
[2025-09-21T09:55:31.510+0545] {processor.py:208} INFO - Processing /home/ashok/miniconda3/envs/mysecondenvironment/lib/python3.8/site-packages/airflow/example_dags/tutorial_objectstorage.py took 0.046 seconds
[2025-09-21T09:56:25.724+0545] {processor.py:186} INFO - Started process (PID=57258) to work on /home/ashok/miniconda3/envs/mysecondenvironment/lib/python3.8/site-packages/airflow/example_dags/tutorial_objectstorage.py
[2025-09-21T09:56:25.726+0545] {processor.py:914} INFO - Processing file /home/ashok/miniconda3/envs/mysecondenvironment/lib/python3.8/site-packages/airflow/example_dags/tutorial_objectstorage.py for tasks to queue
[2025-09-21T09:56:25.727+0545] {logging_mixin.py:190} INFO - [2025-09-21T09:56:25.727+0545] {dagbag.py:588} INFO - Filling up the DagBag from /home/ashok/miniconda3/envs/mysecondenvironment/lib/python3.8/site-packages/airflow/example_dags/tutorial_objectstorage.py
[2025-09-21T09:56:25.732+0545] {processor.py:925} INFO - DAG(s) 'tutorial_objectstorage' retrieved from /home/ashok/miniconda3/envs/mysecondenvironment/lib/python3.8/site-packages/airflow/example_dags/tutorial_objectstorage.py
[2025-09-21T09:56:25.740+0545] {logging_mixin.py:190} INFO - [2025-09-21T09:56:25.740+0545] {dag.py:3239} INFO - Sync 1 DAGs
[2025-09-21T09:56:25.746+0545] {logging_mixin.py:190} INFO - [2025-09-21T09:56:25.746+0545] {dag.py:4180} INFO - Setting next_dagrun for tutorial_objectstorage to None, run_after=None
[2025-09-21T09:56:25.765+0545] {processor.py:208} INFO - Processing /home/ashok/miniconda3/envs/mysecondenvironment/lib/python3.8/site-packages/airflow/example_dags/tutorial_objectstorage.py took 0.044 seconds
[2025-09-21T09:57:20.380+0545] {processor.py:186} INFO - Started process (PID=57613) to work on /home/ashok/miniconda3/envs/mysecondenvironment/lib/python3.8/site-packages/airflow/example_dags/tutorial_objectstorage.py
[2025-09-21T09:57:20.381+0545] {processor.py:914} INFO - Processing file /home/ashok/miniconda3/envs/mysecondenvironment/lib/python3.8/site-packages/airflow/example_dags/tutorial_objectstorage.py for tasks to queue
[2025-09-21T09:57:20.383+0545] {logging_mixin.py:190} INFO - [2025-09-21T09:57:20.382+0545] {dagbag.py:588} INFO - Filling up the DagBag from /home/ashok/miniconda3/envs/mysecondenvironment/lib/python3.8/site-packages/airflow/example_dags/tutorial_objectstorage.py
[2025-09-21T09:57:20.388+0545] {processor.py:925} INFO - DAG(s) 'tutorial_objectstorage' retrieved from /home/ashok/miniconda3/envs/mysecondenvironment/lib/python3.8/site-packages/airflow/example_dags/tutorial_objectstorage.py
[2025-09-21T09:57:20.395+0545] {logging_mixin.py:190} INFO - [2025-09-21T09:57:20.395+0545] {dag.py:3239} INFO - Sync 1 DAGs
[2025-09-21T09:57:20.402+0545] {logging_mixin.py:190} INFO - [2025-09-21T09:57:20.402+0545] {dag.py:4180} INFO - Setting next_dagrun for tutorial_objectstorage to None, run_after=None
[2025-09-21T09:57:20.418+0545] {processor.py:208} INFO - Processing /home/ashok/miniconda3/envs/mysecondenvironment/lib/python3.8/site-packages/airflow/example_dags/tutorial_objectstorage.py took 0.042 seconds
[2025-09-21T09:58:12.974+0545] {processor.py:186} INFO - Started process (PID=57995) to work on /home/ashok/miniconda3/envs/mysecondenvironment/lib/python3.8/site-packages/airflow/example_dags/tutorial_objectstorage.py
[2025-09-21T09:58:12.976+0545] {processor.py:914} INFO - Processing file /home/ashok/miniconda3/envs/mysecondenvironment/lib/python3.8/site-packages/airflow/example_dags/tutorial_objectstorage.py for tasks to queue
[2025-09-21T09:58:12.977+0545] {logging_mixin.py:190} INFO - [2025-09-21T09:58:12.977+0545] {dagbag.py:588} INFO - Filling up the DagBag from /home/ashok/miniconda3/envs/mysecondenvironment/lib/python3.8/site-packages/airflow/example_dags/tutorial_objectstorage.py
[2025-09-21T09:58:12.982+0545] {processor.py:925} INFO - DAG(s) 'tutorial_objectstorage' retrieved from /home/ashok/miniconda3/envs/mysecondenvironment/lib/python3.8/site-packages/airflow/example_dags/tutorial_objectstorage.py
[2025-09-21T09:58:12.990+0545] {logging_mixin.py:190} INFO - [2025-09-21T09:58:12.989+0545] {dag.py:3239} INFO - Sync 1 DAGs
[2025-09-21T09:58:12.996+0545] {logging_mixin.py:190} INFO - [2025-09-21T09:58:12.996+0545] {dag.py:4180} INFO - Setting next_dagrun for tutorial_objectstorage to None, run_after=None
[2025-09-21T09:58:13.012+0545] {processor.py:208} INFO - Processing /home/ashok/miniconda3/envs/mysecondenvironment/lib/python3.8/site-packages/airflow/example_dags/tutorial_objectstorage.py took 0.041 seconds
[2025-09-21T09:59:04.416+0545] {processor.py:186} INFO - Started process (PID=58323) to work on /home/ashok/miniconda3/envs/mysecondenvironment/lib/python3.8/site-packages/airflow/example_dags/tutorial_objectstorage.py
[2025-09-21T09:59:04.417+0545] {processor.py:914} INFO - Processing file /home/ashok/miniconda3/envs/mysecondenvironment/lib/python3.8/site-packages/airflow/example_dags/tutorial_objectstorage.py for tasks to queue
[2025-09-21T09:59:04.419+0545] {logging_mixin.py:190} INFO - [2025-09-21T09:59:04.418+0545] {dagbag.py:588} INFO - Filling up the DagBag from /home/ashok/miniconda3/envs/mysecondenvironment/lib/python3.8/site-packages/airflow/example_dags/tutorial_objectstorage.py
[2025-09-21T09:59:04.424+0545] {processor.py:925} INFO - DAG(s) 'tutorial_objectstorage' retrieved from /home/ashok/miniconda3/envs/mysecondenvironment/lib/python3.8/site-packages/airflow/example_dags/tutorial_objectstorage.py
[2025-09-21T09:59:04.433+0545] {logging_mixin.py:190} INFO - [2025-09-21T09:59:04.433+0545] {dag.py:3239} INFO - Sync 1 DAGs
[2025-09-21T09:59:04.440+0545] {logging_mixin.py:190} INFO - [2025-09-21T09:59:04.440+0545] {dag.py:4180} INFO - Setting next_dagrun for tutorial_objectstorage to None, run_after=None
[2025-09-21T09:59:04.457+0545] {processor.py:208} INFO - Processing /home/ashok/miniconda3/envs/mysecondenvironment/lib/python3.8/site-packages/airflow/example_dags/tutorial_objectstorage.py took 0.046 seconds
[2025-09-21T09:59:58.117+0545] {processor.py:186} INFO - Started process (PID=58718) to work on /home/ashok/miniconda3/envs/mysecondenvironment/lib/python3.8/site-packages/airflow/example_dags/tutorial_objectstorage.py
[2025-09-21T09:59:58.119+0545] {processor.py:914} INFO - Processing file /home/ashok/miniconda3/envs/mysecondenvironment/lib/python3.8/site-packages/airflow/example_dags/tutorial_objectstorage.py for tasks to queue
[2025-09-21T09:59:58.121+0545] {logging_mixin.py:190} INFO - [2025-09-21T09:59:58.120+0545] {dagbag.py:588} INFO - Filling up the DagBag from /home/ashok/miniconda3/envs/mysecondenvironment/lib/python3.8/site-packages/airflow/example_dags/tutorial_objectstorage.py
[2025-09-21T09:59:58.126+0545] {processor.py:925} INFO - DAG(s) 'tutorial_objectstorage' retrieved from /home/ashok/miniconda3/envs/mysecondenvironment/lib/python3.8/site-packages/airflow/example_dags/tutorial_objectstorage.py
[2025-09-21T09:59:58.133+0545] {logging_mixin.py:190} INFO - [2025-09-21T09:59:58.133+0545] {dag.py:3239} INFO - Sync 1 DAGs
[2025-09-21T09:59:58.139+0545] {logging_mixin.py:190} INFO - [2025-09-21T09:59:58.139+0545] {dag.py:4180} INFO - Setting next_dagrun for tutorial_objectstorage to None, run_after=None
[2025-09-21T09:59:58.154+0545] {processor.py:208} INFO - Processing /home/ashok/miniconda3/envs/mysecondenvironment/lib/python3.8/site-packages/airflow/example_dags/tutorial_objectstorage.py took 0.040 seconds
[2025-09-21T10:01:05.318+0545] {processor.py:186} INFO - Started process (PID=59323) to work on /home/ashok/miniconda3/envs/mysecondenvironment/lib/python3.8/site-packages/airflow/example_dags/tutorial_objectstorage.py
[2025-09-21T10:01:05.320+0545] {processor.py:914} INFO - Processing file /home/ashok/miniconda3/envs/mysecondenvironment/lib/python3.8/site-packages/airflow/example_dags/tutorial_objectstorage.py for tasks to queue
[2025-09-21T10:01:05.322+0545] {logging_mixin.py:190} INFO - [2025-09-21T10:01:05.322+0545] {dagbag.py:588} INFO - Filling up the DagBag from /home/ashok/miniconda3/envs/mysecondenvironment/lib/python3.8/site-packages/airflow/example_dags/tutorial_objectstorage.py
[2025-09-21T10:01:05.329+0545] {processor.py:925} INFO - DAG(s) 'tutorial_objectstorage' retrieved from /home/ashok/miniconda3/envs/mysecondenvironment/lib/python3.8/site-packages/airflow/example_dags/tutorial_objectstorage.py
[2025-09-21T10:01:05.338+0545] {logging_mixin.py:190} INFO - [2025-09-21T10:01:05.337+0545] {dag.py:3239} INFO - Sync 1 DAGs
[2025-09-21T10:01:05.344+0545] {logging_mixin.py:190} INFO - [2025-09-21T10:01:05.344+0545] {dag.py:4180} INFO - Setting next_dagrun for tutorial_objectstorage to None, run_after=None
[2025-09-21T10:01:05.361+0545] {processor.py:208} INFO - Processing /home/ashok/miniconda3/envs/mysecondenvironment/lib/python3.8/site-packages/airflow/example_dags/tutorial_objectstorage.py took 0.048 seconds
[2025-09-21T10:03:14.442+0545] {processor.py:186} INFO - Started process (PID=60807) to work on /home/ashok/miniconda3/envs/mysecondenvironment/lib/python3.8/site-packages/airflow/example_dags/tutorial_objectstorage.py
[2025-09-21T10:03:14.444+0545] {processor.py:914} INFO - Processing file /home/ashok/miniconda3/envs/mysecondenvironment/lib/python3.8/site-packages/airflow/example_dags/tutorial_objectstorage.py for tasks to queue
[2025-09-21T10:03:14.446+0545] {logging_mixin.py:190} INFO - [2025-09-21T10:03:14.446+0545] {dagbag.py:588} INFO - Filling up the DagBag from /home/ashok/miniconda3/envs/mysecondenvironment/lib/python3.8/site-packages/airflow/example_dags/tutorial_objectstorage.py
[2025-09-21T10:03:14.453+0545] {processor.py:925} INFO - DAG(s) 'tutorial_objectstorage' retrieved from /home/ashok/miniconda3/envs/mysecondenvironment/lib/python3.8/site-packages/airflow/example_dags/tutorial_objectstorage.py
[2025-09-21T10:03:14.464+0545] {logging_mixin.py:190} INFO - [2025-09-21T10:03:14.464+0545] {dag.py:3239} INFO - Sync 1 DAGs
[2025-09-21T10:03:14.470+0545] {logging_mixin.py:190} INFO - [2025-09-21T10:03:14.470+0545] {dag.py:4180} INFO - Setting next_dagrun for tutorial_objectstorage to None, run_after=None
[2025-09-21T10:03:14.486+0545] {processor.py:208} INFO - Processing /home/ashok/miniconda3/envs/mysecondenvironment/lib/python3.8/site-packages/airflow/example_dags/tutorial_objectstorage.py took 0.047 seconds
[2025-09-21T10:04:07.168+0545] {processor.py:186} INFO - Started process (PID=61189) to work on /home/ashok/miniconda3/envs/mysecondenvironment/lib/python3.8/site-packages/airflow/example_dags/tutorial_objectstorage.py
[2025-09-21T10:04:07.170+0545] {processor.py:914} INFO - Processing file /home/ashok/miniconda3/envs/mysecondenvironment/lib/python3.8/site-packages/airflow/example_dags/tutorial_objectstorage.py for tasks to queue
[2025-09-21T10:04:07.171+0545] {logging_mixin.py:190} INFO - [2025-09-21T10:04:07.171+0545] {dagbag.py:588} INFO - Filling up the DagBag from /home/ashok/miniconda3/envs/mysecondenvironment/lib/python3.8/site-packages/airflow/example_dags/tutorial_objectstorage.py
[2025-09-21T10:04:07.178+0545] {processor.py:925} INFO - DAG(s) 'tutorial_objectstorage' retrieved from /home/ashok/miniconda3/envs/mysecondenvironment/lib/python3.8/site-packages/airflow/example_dags/tutorial_objectstorage.py
[2025-09-21T10:04:07.185+0545] {logging_mixin.py:190} INFO - [2025-09-21T10:04:07.185+0545] {dag.py:3239} INFO - Sync 1 DAGs
[2025-09-21T10:04:07.191+0545] {logging_mixin.py:190} INFO - [2025-09-21T10:04:07.191+0545] {dag.py:4180} INFO - Setting next_dagrun for tutorial_objectstorage to None, run_after=None
[2025-09-21T10:04:07.207+0545] {processor.py:208} INFO - Processing /home/ashok/miniconda3/envs/mysecondenvironment/lib/python3.8/site-packages/airflow/example_dags/tutorial_objectstorage.py took 0.042 seconds
[2025-09-21T10:05:04.140+0545] {processor.py:186} INFO - Started process (PID=61599) to work on /home/ashok/miniconda3/envs/mysecondenvironment/lib/python3.8/site-packages/airflow/example_dags/tutorial_objectstorage.py
[2025-09-21T10:05:04.141+0545] {processor.py:914} INFO - Processing file /home/ashok/miniconda3/envs/mysecondenvironment/lib/python3.8/site-packages/airflow/example_dags/tutorial_objectstorage.py for tasks to queue
[2025-09-21T10:05:04.142+0545] {logging_mixin.py:190} INFO - [2025-09-21T10:05:04.142+0545] {dagbag.py:588} INFO - Filling up the DagBag from /home/ashok/miniconda3/envs/mysecondenvironment/lib/python3.8/site-packages/airflow/example_dags/tutorial_objectstorage.py
[2025-09-21T10:05:04.148+0545] {processor.py:925} INFO - DAG(s) 'tutorial_objectstorage' retrieved from /home/ashok/miniconda3/envs/mysecondenvironment/lib/python3.8/site-packages/airflow/example_dags/tutorial_objectstorage.py
[2025-09-21T10:05:04.158+0545] {logging_mixin.py:190} INFO - [2025-09-21T10:05:04.158+0545] {dag.py:3239} INFO - Sync 1 DAGs
[2025-09-21T10:05:04.165+0545] {logging_mixin.py:190} INFO - [2025-09-21T10:05:04.165+0545] {dag.py:4180} INFO - Setting next_dagrun for tutorial_objectstorage to None, run_after=None
[2025-09-21T10:05:04.181+0545] {processor.py:208} INFO - Processing /home/ashok/miniconda3/envs/mysecondenvironment/lib/python3.8/site-packages/airflow/example_dags/tutorial_objectstorage.py took 0.045 seconds
[2025-09-21T10:06:00.034+0545] {processor.py:186} INFO - Started process (PID=62052) to work on /home/ashok/miniconda3/envs/mysecondenvironment/lib/python3.8/site-packages/airflow/example_dags/tutorial_objectstorage.py
[2025-09-21T10:06:00.036+0545] {processor.py:914} INFO - Processing file /home/ashok/miniconda3/envs/mysecondenvironment/lib/python3.8/site-packages/airflow/example_dags/tutorial_objectstorage.py for tasks to queue
[2025-09-21T10:06:00.038+0545] {logging_mixin.py:190} INFO - [2025-09-21T10:06:00.037+0545] {dagbag.py:588} INFO - Filling up the DagBag from /home/ashok/miniconda3/envs/mysecondenvironment/lib/python3.8/site-packages/airflow/example_dags/tutorial_objectstorage.py
[2025-09-21T10:06:00.044+0545] {processor.py:925} INFO - DAG(s) 'tutorial_objectstorage' retrieved from /home/ashok/miniconda3/envs/mysecondenvironment/lib/python3.8/site-packages/airflow/example_dags/tutorial_objectstorage.py
[2025-09-21T10:06:00.052+0545] {logging_mixin.py:190} INFO - [2025-09-21T10:06:00.052+0545] {dag.py:3239} INFO - Sync 1 DAGs
[2025-09-21T10:06:00.058+0545] {logging_mixin.py:190} INFO - [2025-09-21T10:06:00.058+0545] {dag.py:4180} INFO - Setting next_dagrun for tutorial_objectstorage to None, run_after=None
[2025-09-21T10:06:00.074+0545] {processor.py:208} INFO - Processing /home/ashok/miniconda3/envs/mysecondenvironment/lib/python3.8/site-packages/airflow/example_dags/tutorial_objectstorage.py took 0.044 seconds
[2025-09-21T10:06:55.456+0545] {processor.py:186} INFO - Started process (PID=62574) to work on /home/ashok/miniconda3/envs/mysecondenvironment/lib/python3.8/site-packages/airflow/example_dags/tutorial_objectstorage.py
[2025-09-21T10:06:55.458+0545] {processor.py:914} INFO - Processing file /home/ashok/miniconda3/envs/mysecondenvironment/lib/python3.8/site-packages/airflow/example_dags/tutorial_objectstorage.py for tasks to queue
[2025-09-21T10:06:55.459+0545] {logging_mixin.py:190} INFO - [2025-09-21T10:06:55.459+0545] {dagbag.py:588} INFO - Filling up the DagBag from /home/ashok/miniconda3/envs/mysecondenvironment/lib/python3.8/site-packages/airflow/example_dags/tutorial_objectstorage.py
[2025-09-21T10:06:55.466+0545] {processor.py:925} INFO - DAG(s) 'tutorial_objectstorage' retrieved from /home/ashok/miniconda3/envs/mysecondenvironment/lib/python3.8/site-packages/airflow/example_dags/tutorial_objectstorage.py
[2025-09-21T10:06:55.473+0545] {logging_mixin.py:190} INFO - [2025-09-21T10:06:55.473+0545] {dag.py:3239} INFO - Sync 1 DAGs
[2025-09-21T10:06:55.481+0545] {logging_mixin.py:190} INFO - [2025-09-21T10:06:55.481+0545] {dag.py:4180} INFO - Setting next_dagrun for tutorial_objectstorage to None, run_after=None
[2025-09-21T10:06:55.497+0545] {processor.py:208} INFO - Processing /home/ashok/miniconda3/envs/mysecondenvironment/lib/python3.8/site-packages/airflow/example_dags/tutorial_objectstorage.py took 0.044 seconds
[2025-09-21T10:07:52.241+0545] {processor.py:186} INFO - Started process (PID=63044) to work on /home/ashok/miniconda3/envs/mysecondenvironment/lib/python3.8/site-packages/airflow/example_dags/tutorial_objectstorage.py
[2025-09-21T10:07:52.242+0545] {processor.py:914} INFO - Processing file /home/ashok/miniconda3/envs/mysecondenvironment/lib/python3.8/site-packages/airflow/example_dags/tutorial_objectstorage.py for tasks to queue
[2025-09-21T10:07:52.243+0545] {logging_mixin.py:190} INFO - [2025-09-21T10:07:52.243+0545] {dagbag.py:588} INFO - Filling up the DagBag from /home/ashok/miniconda3/envs/mysecondenvironment/lib/python3.8/site-packages/airflow/example_dags/tutorial_objectstorage.py
[2025-09-21T10:07:52.249+0545] {processor.py:925} INFO - DAG(s) 'tutorial_objectstorage' retrieved from /home/ashok/miniconda3/envs/mysecondenvironment/lib/python3.8/site-packages/airflow/example_dags/tutorial_objectstorage.py
[2025-09-21T10:07:52.257+0545] {logging_mixin.py:190} INFO - [2025-09-21T10:07:52.256+0545] {dag.py:3239} INFO - Sync 1 DAGs
[2025-09-21T10:07:52.263+0545] {logging_mixin.py:190} INFO - [2025-09-21T10:07:52.263+0545] {dag.py:4180} INFO - Setting next_dagrun for tutorial_objectstorage to None, run_after=None
[2025-09-21T10:07:52.279+0545] {processor.py:208} INFO - Processing /home/ashok/miniconda3/envs/mysecondenvironment/lib/python3.8/site-packages/airflow/example_dags/tutorial_objectstorage.py took 0.042 seconds
[2025-09-21T10:08:50.721+0545] {processor.py:186} INFO - Started process (PID=63682) to work on /home/ashok/miniconda3/envs/mysecondenvironment/lib/python3.8/site-packages/airflow/example_dags/tutorial_objectstorage.py
[2025-09-21T10:08:50.723+0545] {processor.py:914} INFO - Processing file /home/ashok/miniconda3/envs/mysecondenvironment/lib/python3.8/site-packages/airflow/example_dags/tutorial_objectstorage.py for tasks to queue
[2025-09-21T10:08:50.724+0545] {logging_mixin.py:190} INFO - [2025-09-21T10:08:50.724+0545] {dagbag.py:588} INFO - Filling up the DagBag from /home/ashok/miniconda3/envs/mysecondenvironment/lib/python3.8/site-packages/airflow/example_dags/tutorial_objectstorage.py
[2025-09-21T10:08:50.729+0545] {processor.py:925} INFO - DAG(s) 'tutorial_objectstorage' retrieved from /home/ashok/miniconda3/envs/mysecondenvironment/lib/python3.8/site-packages/airflow/example_dags/tutorial_objectstorage.py
[2025-09-21T10:08:50.736+0545] {logging_mixin.py:190} INFO - [2025-09-21T10:08:50.736+0545] {dag.py:3239} INFO - Sync 1 DAGs
[2025-09-21T10:08:50.742+0545] {logging_mixin.py:190} INFO - [2025-09-21T10:08:50.741+0545] {dag.py:4180} INFO - Setting next_dagrun for tutorial_objectstorage to None, run_after=None
[2025-09-21T10:08:50.759+0545] {processor.py:208} INFO - Processing /home/ashok/miniconda3/envs/mysecondenvironment/lib/python3.8/site-packages/airflow/example_dags/tutorial_objectstorage.py took 0.041 seconds
[2025-09-21T10:09:46.163+0545] {processor.py:186} INFO - Started process (PID=64174) to work on /home/ashok/miniconda3/envs/mysecondenvironment/lib/python3.8/site-packages/airflow/example_dags/tutorial_objectstorage.py
[2025-09-21T10:09:46.164+0545] {processor.py:914} INFO - Processing file /home/ashok/miniconda3/envs/mysecondenvironment/lib/python3.8/site-packages/airflow/example_dags/tutorial_objectstorage.py for tasks to queue
[2025-09-21T10:09:46.166+0545] {logging_mixin.py:190} INFO - [2025-09-21T10:09:46.165+0545] {dagbag.py:588} INFO - Filling up the DagBag from /home/ashok/miniconda3/envs/mysecondenvironment/lib/python3.8/site-packages/airflow/example_dags/tutorial_objectstorage.py
[2025-09-21T10:09:46.173+0545] {processor.py:925} INFO - DAG(s) 'tutorial_objectstorage' retrieved from /home/ashok/miniconda3/envs/mysecondenvironment/lib/python3.8/site-packages/airflow/example_dags/tutorial_objectstorage.py
[2025-09-21T10:09:46.180+0545] {logging_mixin.py:190} INFO - [2025-09-21T10:09:46.180+0545] {dag.py:3239} INFO - Sync 1 DAGs
[2025-09-21T10:09:46.186+0545] {logging_mixin.py:190} INFO - [2025-09-21T10:09:46.186+0545] {dag.py:4180} INFO - Setting next_dagrun for tutorial_objectstorage to None, run_after=None
[2025-09-21T10:09:46.200+0545] {processor.py:208} INFO - Processing /home/ashok/miniconda3/envs/mysecondenvironment/lib/python3.8/site-packages/airflow/example_dags/tutorial_objectstorage.py took 0.041 seconds
[2025-09-21T10:10:39.359+0545] {processor.py:186} INFO - Started process (PID=64623) to work on /home/ashok/miniconda3/envs/mysecondenvironment/lib/python3.8/site-packages/airflow/example_dags/tutorial_objectstorage.py
[2025-09-21T10:10:39.361+0545] {processor.py:914} INFO - Processing file /home/ashok/miniconda3/envs/mysecondenvironment/lib/python3.8/site-packages/airflow/example_dags/tutorial_objectstorage.py for tasks to queue
[2025-09-21T10:10:39.362+0545] {logging_mixin.py:190} INFO - [2025-09-21T10:10:39.362+0545] {dagbag.py:588} INFO - Filling up the DagBag from /home/ashok/miniconda3/envs/mysecondenvironment/lib/python3.8/site-packages/airflow/example_dags/tutorial_objectstorage.py
[2025-09-21T10:10:39.368+0545] {processor.py:925} INFO - DAG(s) 'tutorial_objectstorage' retrieved from /home/ashok/miniconda3/envs/mysecondenvironment/lib/python3.8/site-packages/airflow/example_dags/tutorial_objectstorage.py
[2025-09-21T10:10:39.377+0545] {logging_mixin.py:190} INFO - [2025-09-21T10:10:39.376+0545] {dag.py:3239} INFO - Sync 1 DAGs
[2025-09-21T10:10:39.383+0545] {logging_mixin.py:190} INFO - [2025-09-21T10:10:39.383+0545] {dag.py:4180} INFO - Setting next_dagrun for tutorial_objectstorage to None, run_after=None
[2025-09-21T10:10:39.400+0545] {processor.py:208} INFO - Processing /home/ashok/miniconda3/envs/mysecondenvironment/lib/python3.8/site-packages/airflow/example_dags/tutorial_objectstorage.py took 0.044 seconds
[2025-09-21T10:11:35.434+0545] {processor.py:186} INFO - Started process (PID=65107) to work on /home/ashok/miniconda3/envs/mysecondenvironment/lib/python3.8/site-packages/airflow/example_dags/tutorial_objectstorage.py
[2025-09-21T10:11:35.435+0545] {processor.py:914} INFO - Processing file /home/ashok/miniconda3/envs/mysecondenvironment/lib/python3.8/site-packages/airflow/example_dags/tutorial_objectstorage.py for tasks to queue
[2025-09-21T10:11:35.436+0545] {logging_mixin.py:190} INFO - [2025-09-21T10:11:35.436+0545] {dagbag.py:588} INFO - Filling up the DagBag from /home/ashok/miniconda3/envs/mysecondenvironment/lib/python3.8/site-packages/airflow/example_dags/tutorial_objectstorage.py
[2025-09-21T10:11:35.443+0545] {processor.py:925} INFO - DAG(s) 'tutorial_objectstorage' retrieved from /home/ashok/miniconda3/envs/mysecondenvironment/lib/python3.8/site-packages/airflow/example_dags/tutorial_objectstorage.py
[2025-09-21T10:11:35.453+0545] {logging_mixin.py:190} INFO - [2025-09-21T10:11:35.453+0545] {dag.py:3239} INFO - Sync 1 DAGs
[2025-09-21T10:11:35.461+0545] {logging_mixin.py:190} INFO - [2025-09-21T10:11:35.461+0545] {dag.py:4180} INFO - Setting next_dagrun for tutorial_objectstorage to None, run_after=None
[2025-09-21T10:11:35.478+0545] {processor.py:208} INFO - Processing /home/ashok/miniconda3/envs/mysecondenvironment/lib/python3.8/site-packages/airflow/example_dags/tutorial_objectstorage.py took 0.048 seconds
[2025-09-21T10:12:30.782+0545] {processor.py:186} INFO - Started process (PID=65516) to work on /home/ashok/miniconda3/envs/mysecondenvironment/lib/python3.8/site-packages/airflow/example_dags/tutorial_objectstorage.py
[2025-09-21T10:12:30.784+0545] {processor.py:914} INFO - Processing file /home/ashok/miniconda3/envs/mysecondenvironment/lib/python3.8/site-packages/airflow/example_dags/tutorial_objectstorage.py for tasks to queue
[2025-09-21T10:12:30.785+0545] {logging_mixin.py:190} INFO - [2025-09-21T10:12:30.785+0545] {dagbag.py:588} INFO - Filling up the DagBag from /home/ashok/miniconda3/envs/mysecondenvironment/lib/python3.8/site-packages/airflow/example_dags/tutorial_objectstorage.py
[2025-09-21T10:12:30.790+0545] {processor.py:925} INFO - DAG(s) 'tutorial_objectstorage' retrieved from /home/ashok/miniconda3/envs/mysecondenvironment/lib/python3.8/site-packages/airflow/example_dags/tutorial_objectstorage.py
[2025-09-21T10:12:30.797+0545] {logging_mixin.py:190} INFO - [2025-09-21T10:12:30.797+0545] {dag.py:3239} INFO - Sync 1 DAGs
[2025-09-21T10:12:30.803+0545] {logging_mixin.py:190} INFO - [2025-09-21T10:12:30.803+0545] {dag.py:4180} INFO - Setting next_dagrun for tutorial_objectstorage to None, run_after=None
[2025-09-21T10:12:30.818+0545] {processor.py:208} INFO - Processing /home/ashok/miniconda3/envs/mysecondenvironment/lib/python3.8/site-packages/airflow/example_dags/tutorial_objectstorage.py took 0.039 seconds
[2025-09-21T10:13:26.475+0545] {processor.py:186} INFO - Started process (PID=65944) to work on /home/ashok/miniconda3/envs/mysecondenvironment/lib/python3.8/site-packages/airflow/example_dags/tutorial_objectstorage.py
[2025-09-21T10:13:26.478+0545] {processor.py:914} INFO - Processing file /home/ashok/miniconda3/envs/mysecondenvironment/lib/python3.8/site-packages/airflow/example_dags/tutorial_objectstorage.py for tasks to queue
[2025-09-21T10:13:26.480+0545] {logging_mixin.py:190} INFO - [2025-09-21T10:13:26.479+0545] {dagbag.py:588} INFO - Filling up the DagBag from /home/ashok/miniconda3/envs/mysecondenvironment/lib/python3.8/site-packages/airflow/example_dags/tutorial_objectstorage.py
[2025-09-21T10:13:26.486+0545] {processor.py:925} INFO - DAG(s) 'tutorial_objectstorage' retrieved from /home/ashok/miniconda3/envs/mysecondenvironment/lib/python3.8/site-packages/airflow/example_dags/tutorial_objectstorage.py
[2025-09-21T10:13:26.494+0545] {logging_mixin.py:190} INFO - [2025-09-21T10:13:26.494+0545] {dag.py:3239} INFO - Sync 1 DAGs
[2025-09-21T10:13:26.502+0545] {logging_mixin.py:190} INFO - [2025-09-21T10:13:26.501+0545] {dag.py:4180} INFO - Setting next_dagrun for tutorial_objectstorage to None, run_after=None
[2025-09-21T10:13:26.519+0545] {processor.py:208} INFO - Processing /home/ashok/miniconda3/envs/mysecondenvironment/lib/python3.8/site-packages/airflow/example_dags/tutorial_objectstorage.py took 0.048 seconds
