[2025-09-14T09:29:37.915+0545] {local_task_job_runner.py:123} INFO - ::group::Pre task execution logs
[2025-09-14T09:29:37.921+0545] {taskinstance.py:2614} INFO - Dependencies all met for dep_context=non-requeueable deps ti=<TaskInstance: mlops_diabetes_pipeline.activate_env manual__2025-09-14T03:44:34.796055+00:00 [queued]>
[2025-09-14T09:29:37.923+0545] {taskinstance.py:2614} INFO - Dependencies all met for dep_context=requeueable deps ti=<TaskInstance: mlops_diabetes_pipeline.activate_env manual__2025-09-14T03:44:34.796055+00:00 [queued]>
[2025-09-14T09:29:37.923+0545] {taskinstance.py:2867} INFO - Starting attempt 1 of 2
[2025-09-14T09:29:37.936+0545] {taskinstance.py:2890} INFO - Executing <Task(BashOperator): activate_env> on 2025-09-14 03:44:34.796055+00:00
[2025-09-14T09:29:37.944+0545] {standard_task_runner.py:72} INFO - Started process 26710 to run task
[2025-09-14T09:29:37.946+0545] {standard_task_runner.py:104} INFO - Running: ['airflow', 'tasks', 'run', 'mlops_diabetes_pipeline', 'activate_env', 'manual__2025-09-14T03:44:34.796055+00:00', '--job-id', '635', '--raw', '--subdir', 'DAGS_FOLDER/mlops_diabetes_pipeline.py', '--cfg-path', '/tmp/tmpltigacmv']
[2025-09-14T09:29:37.946+0545] {standard_task_runner.py:105} INFO - Job 635: Subtask activate_env
[2025-09-14T09:29:37.973+0545] {task_command.py:467} INFO - Running <TaskInstance: mlops_diabetes_pipeline.activate_env manual__2025-09-14T03:44:34.796055+00:00 [running]> on host ashok-Nitro-ANV16-41
[2025-09-14T09:29:38.013+0545] {taskinstance.py:3134} INFO - Exporting env vars: AIRFLOW_CTX_DAG_EMAIL='koiralaashok02@gmail.com' AIRFLOW_CTX_DAG_OWNER='airflow' AIRFLOW_CTX_DAG_ID='mlops_diabetes_pipeline' AIRFLOW_CTX_TASK_ID='activate_env' AIRFLOW_CTX_EXECUTION_DATE='2025-09-14T03:44:34.796055+00:00' AIRFLOW_CTX_TRY_NUMBER='1' AIRFLOW_CTX_DAG_RUN_ID='manual__2025-09-14T03:44:34.796055+00:00'
[2025-09-14T09:29:38.014+0545] {logging_mixin.py:190} INFO - Task instance is in running state
[2025-09-14T09:29:38.014+0545] {logging_mixin.py:190} INFO -  Previous state of the Task instance: queued
[2025-09-14T09:29:38.014+0545] {logging_mixin.py:190} INFO - Current task name:activate_env state:running start_date:2025-09-14 03:44:37.921216+00:00
[2025-09-14T09:29:38.014+0545] {logging_mixin.py:190} INFO - Dag name:mlops_diabetes_pipeline and current dag run status:running
[2025-09-14T09:29:38.014+0545] {taskinstance.py:732} INFO - ::endgroup::
[2025-09-14T09:29:38.015+0545] {subprocess.py:78} INFO - Tmp dir root location: /tmp
[2025-09-14T09:29:38.015+0545] {subprocess.py:88} INFO - Running command: ['/usr/bin/bash', '-c', 'conda run -n mysecondenvironment /bin/bash -c "echo Environment activated"']
[2025-09-14T09:29:38.031+0545] {subprocess.py:99} INFO - Output:
[2025-09-14T09:29:38.465+0545] {subprocess.py:106} INFO - Environment activated
[2025-09-14T09:29:38.466+0545] {subprocess.py:106} INFO - 
[2025-09-14T09:29:38.489+0545] {subprocess.py:110} INFO - Command exited with return code 0
[2025-09-14T09:29:38.505+0545] {taskinstance.py:341} INFO - ::group::Post task execution logs
[2025-09-14T09:29:38.506+0545] {taskinstance.py:353} INFO - Marking task as SUCCESS. dag_id=mlops_diabetes_pipeline, task_id=activate_env, run_id=manual__2025-09-14T03:44:34.796055+00:00, execution_date=20250914T034434, start_date=20250914T034437, end_date=20250914T034438
[2025-09-14T09:29:38.527+0545] {logging_mixin.py:190} INFO - Task instance in success state
[2025-09-14T09:29:38.527+0545] {logging_mixin.py:190} INFO -  Previous state of the Task instance: running
[2025-09-14T09:29:38.527+0545] {logging_mixin.py:190} INFO - Dag name:mlops_diabetes_pipeline queued_at:2025-09-14 03:44:34.802894+00:00
[2025-09-14T09:29:38.527+0545] {logging_mixin.py:190} INFO - Task hostname:ashok-Nitro-ANV16-41 operator:BashOperator
[2025-09-14T09:29:38.559+0545] {local_task_job_runner.py:266} INFO - Task exited with return code 0
[2025-09-14T09:29:38.576+0545] {taskinstance.py:3901} INFO - 1 downstream tasks scheduled from follow-on schedule check
[2025-09-14T09:29:38.583+0545] {local_task_job_runner.py:245} INFO - ::endgroup::
