[2025-09-21T09:52:33.293+0545] {local_task_job_runner.py:123} INFO - ::group::Pre task execution logs
[2025-09-21T09:52:33.298+0545] {taskinstance.py:2614} INFO - Dependencies all met for dep_context=non-requeueable deps ti=<TaskInstance: mlops_diabetes_pipeline.generate_shap_explanations manual__2025-09-21T04:06:30.862009+00:00 [queued]>
[2025-09-21T09:52:33.302+0545] {taskinstance.py:2614} INFO - Dependencies all met for dep_context=requeueable deps ti=<TaskInstance: mlops_diabetes_pipeline.generate_shap_explanations manual__2025-09-21T04:06:30.862009+00:00 [queued]>
[2025-09-21T09:52:33.302+0545] {taskinstance.py:2867} INFO - Starting attempt 1 of 2
[2025-09-21T09:52:33.315+0545] {taskinstance.py:2890} INFO - Executing <Task(PythonOperator): generate_shap_explanations> on 2025-09-21 04:06:30.862009+00:00
[2025-09-21T09:52:33.326+0545] {standard_task_runner.py:72} INFO - Started process 55140 to run task
[2025-09-21T09:52:33.329+0545] {standard_task_runner.py:104} INFO - Running: ['airflow', 'tasks', 'run', 'mlops_diabetes_pipeline', 'generate_shap_explanations', 'manual__2025-09-21T04:06:30.862009+00:00', '--job-id', '738', '--raw', '--subdir', 'DAGS_FOLDER/mlops_diabetes_pipeline.py', '--cfg-path', '/tmp/tmp456uzb9v']
[2025-09-21T09:52:33.329+0545] {standard_task_runner.py:105} INFO - Job 738: Subtask generate_shap_explanations
[2025-09-21T09:52:33.355+0545] {task_command.py:467} INFO - Running <TaskInstance: mlops_diabetes_pipeline.generate_shap_explanations manual__2025-09-21T04:06:30.862009+00:00 [running]> on host ashok-Nitro-ANV16-41
[2025-09-21T09:52:33.392+0545] {taskinstance.py:3134} INFO - Exporting env vars: AIRFLOW_CTX_DAG_EMAIL='koiralaashok02@gmail.com' AIRFLOW_CTX_DAG_OWNER='airflow' AIRFLOW_CTX_DAG_ID='mlops_diabetes_pipeline' AIRFLOW_CTX_TASK_ID='generate_shap_explanations' AIRFLOW_CTX_EXECUTION_DATE='2025-09-21T04:06:30.862009+00:00' AIRFLOW_CTX_TRY_NUMBER='1' AIRFLOW_CTX_DAG_RUN_ID='manual__2025-09-21T04:06:30.862009+00:00'
[2025-09-21T09:52:33.393+0545] {logging_mixin.py:190} INFO - Task instance is in running state
[2025-09-21T09:52:33.393+0545] {logging_mixin.py:190} INFO -  Previous state of the Task instance: queued
[2025-09-21T09:52:33.393+0545] {logging_mixin.py:190} INFO - Current task name:generate_shap_explanations state:running start_date:2025-09-21 04:07:33.299026+00:00
[2025-09-21T09:52:33.393+0545] {logging_mixin.py:190} INFO - Dag name:mlops_diabetes_pipeline and current dag run status:running
[2025-09-21T09:52:33.393+0545] {taskinstance.py:732} INFO - ::endgroup::
[2025-09-21T09:52:45.002+0545] {logging_mixin.py:190} WARNING -  52%|==========          | 7187/13812 [00:11<00:10]       
[2025-09-21T09:52:46.001+0545] {logging_mixin.py:190} WARNING -  57%|===========         | 7851/13812 [00:12<00:09]       
[2025-09-21T09:52:47.001+0545] {logging_mixin.py:190} WARNING -  62%|============        | 8510/13812 [00:13<00:08]       
[2025-09-21T09:52:48.001+0545] {logging_mixin.py:190} WARNING -  66%|=============       | 9169/13812 [00:14<00:07]       
[2025-09-21T09:52:49.002+0545] {logging_mixin.py:190} WARNING -  71%|==============      | 9829/13812 [00:15<00:06]       
[2025-09-21T09:52:50.002+0545] {logging_mixin.py:190} WARNING -  76%|===============     | 10490/13812 [00:16<00:05]       
[2025-09-21T09:52:51.002+0545] {logging_mixin.py:190} WARNING -  81%|================    | 11149/13812 [00:17<00:04]       
[2025-09-21T09:52:52.001+0545] {logging_mixin.py:190} WARNING -  85%|=================   | 11809/13812 [00:18<00:03]       
[2025-09-21T09:52:53.001+0545] {logging_mixin.py:190} WARNING -  90%|==================  | 12470/13812 [00:19<00:02]       
[2025-09-21T09:52:54.000+0545] {logging_mixin.py:190} WARNING -  95%|=================== | 13125/13812 [00:20<00:01]       
[2025-09-21T09:52:55.000+0545] {logging_mixin.py:190} WARNING - 100%|===================| 13783/13812 [00:21<00:00]       
[2025-09-21T09:52:55.109+0545] {logging_mixin.py:190} WARNING - /home/ashok/mlops_project/airflow/dags/mlops_diabetes_pipeline.py:441 UserWarning: Starting a Matplotlib GUI outside of the main thread will likely fail.
[2025-09-21T09:52:56.486+0545] {logging_mixin.py:190} WARNING - /home/ashok/mlops_project/airflow/dags/mlops_diabetes_pipeline.py:450 UserWarning: Starting a Matplotlib GUI outside of the main thread will likely fail.
[2025-09-21T09:52:57.851+0545] {logging_mixin.py:190} INFO - SHAP plots saved to /home/ashok/mlops_project/reports/shap
[2025-09-21T09:52:57.851+0545] {python.py:240} INFO - Done. Returned value was: ('/home/ashok/mlops_project/reports/shap/shap_summary.png', ['/home/ashok/mlops_project/reports/shap/shap_local_0.png', '/home/ashok/mlops_project/reports/shap/shap_local_1.png', '/home/ashok/mlops_project/reports/shap/shap_local_2.png', '/home/ashok/mlops_project/reports/shap/shap_local_3.png', '/home/ashok/mlops_project/reports/shap/shap_local_4.png'])
[2025-09-21T09:52:57.866+0545] {taskinstance.py:341} INFO - ::group::Post task execution logs
[2025-09-21T09:52:57.866+0545] {taskinstance.py:353} INFO - Marking task as SUCCESS. dag_id=mlops_diabetes_pipeline, task_id=generate_shap_explanations, run_id=manual__2025-09-21T04:06:30.862009+00:00, execution_date=20250921T040630, start_date=20250921T040733, end_date=20250921T040757
[2025-09-21T09:52:57.887+0545] {logging_mixin.py:190} INFO - Task instance in success state
[2025-09-21T09:52:57.887+0545] {logging_mixin.py:190} INFO -  Previous state of the Task instance: running
[2025-09-21T09:52:57.887+0545] {logging_mixin.py:190} INFO - Dag name:mlops_diabetes_pipeline queued_at:2025-09-21 04:06:30.868478+00:00
[2025-09-21T09:52:57.887+0545] {logging_mixin.py:190} INFO - Task hostname:ashok-Nitro-ANV16-41 operator:PythonOperator
[2025-09-21T09:52:57.945+0545] {local_task_job_runner.py:266} INFO - Task exited with return code 0
[2025-09-21T09:52:57.959+0545] {taskinstance.py:3901} INFO - 1 downstream tasks scheduled from follow-on schedule check
[2025-09-21T09:52:57.965+0545] {local_task_job_runner.py:245} INFO - ::endgroup::
