[2025-09-04T09:25:26.631+0545] {local_task_job_runner.py:123} INFO - ::group::Pre task execution logs
[2025-09-04T09:25:26.637+0545] {taskinstance.py:2614} INFO - Dependencies all met for dep_context=non-requeueable deps ti=<TaskInstance: sample_mlops_dag.add_task scheduled__2025-09-01T00:00:00+00:00 [queued]>
[2025-09-04T09:25:26.640+0545] {taskinstance.py:2614} INFO - Dependencies all met for dep_context=requeueable deps ti=<TaskInstance: sample_mlops_dag.add_task scheduled__2025-09-01T00:00:00+00:00 [queued]>
[2025-09-04T09:25:26.640+0545] {taskinstance.py:2867} INFO - Starting attempt 1 of 2
[2025-09-04T09:25:26.654+0545] {taskinstance.py:2890} INFO - Executing <Task(PythonOperator): add_task> on 2025-09-01 00:00:00+00:00
[2025-09-04T09:25:26.659+0545] {standard_task_runner.py:72} INFO - Started process 18408 to run task
[2025-09-04T09:25:26.661+0545] {standard_task_runner.py:104} INFO - Running: ['airflow', 'tasks', 'run', 'sample_mlops_dag', 'add_task', 'scheduled__2025-09-01T00:00:00+00:00', '--job-id', '9', '--raw', '--subdir', 'DAGS_FOLDER/sample_dag.py', '--cfg-path', '/tmp/tmp5xgdgi3q']
[2025-09-04T09:25:26.662+0545] {standard_task_runner.py:105} INFO - Job 9: Subtask add_task
[2025-09-04T09:25:26.688+0545] {task_command.py:467} INFO - Running <TaskInstance: sample_mlops_dag.add_task scheduled__2025-09-01T00:00:00+00:00 [running]> on host ashok-Nitro-ANV16-41
[2025-09-04T09:25:26.731+0545] {taskinstance.py:3134} INFO - Exporting env vars: AIRFLOW_CTX_DAG_OWNER='ashok' AIRFLOW_CTX_DAG_ID='sample_mlops_dag' AIRFLOW_CTX_TASK_ID='add_task' AIRFLOW_CTX_EXECUTION_DATE='2025-09-01T00:00:00+00:00' AIRFLOW_CTX_TRY_NUMBER='1' AIRFLOW_CTX_DAG_RUN_ID='scheduled__2025-09-01T00:00:00+00:00'
[2025-09-04T09:25:26.731+0545] {logging_mixin.py:190} INFO - Task instance is in running state
[2025-09-04T09:25:26.732+0545] {logging_mixin.py:190} INFO -  Previous state of the Task instance: queued
[2025-09-04T09:25:26.732+0545] {logging_mixin.py:190} INFO - Current task name:add_task state:running start_date:2025-09-04 03:40:26.637599+00:00
[2025-09-04T09:25:26.732+0545] {logging_mixin.py:190} INFO - Dag name:sample_mlops_dag and current dag run status:running
[2025-09-04T09:25:26.732+0545] {taskinstance.py:732} INFO - ::endgroup::
[2025-09-04T09:25:26.732+0545] {logging_mixin.py:190} INFO - 2 + 3 = 5
[2025-09-04T09:25:26.732+0545] {python.py:240} INFO - Done. Returned value was: None
[2025-09-04T09:25:26.734+0545] {taskinstance.py:341} INFO - ::group::Post task execution logs
[2025-09-04T09:25:26.734+0545] {taskinstance.py:353} INFO - Marking task as SUCCESS. dag_id=sample_mlops_dag, task_id=add_task, run_id=scheduled__2025-09-01T00:00:00+00:00, execution_date=20250901T000000, start_date=20250904T034026, end_date=20250904T034026
[2025-09-04T09:25:26.752+0545] {logging_mixin.py:190} INFO - Task instance in success state
[2025-09-04T09:25:26.752+0545] {logging_mixin.py:190} INFO -  Previous state of the Task instance: running
[2025-09-04T09:25:26.752+0545] {logging_mixin.py:190} INFO - Dag name:sample_mlops_dag queued_at:2025-09-04 03:40:22.050249+00:00
[2025-09-04T09:25:26.753+0545] {logging_mixin.py:190} INFO - Task hostname:ashok-Nitro-ANV16-41 operator:PythonOperator
[2025-09-04T09:25:26.794+0545] {local_task_job_runner.py:266} INFO - Task exited with return code 0
[2025-09-04T09:25:26.802+0545] {taskinstance.py:3901} INFO - 0 downstream tasks scheduled from follow-on schedule check
[2025-09-04T09:25:26.802+0545] {local_task_job_runner.py:245} INFO - ::endgroup::
