[2025-09-19T15:48:11.833+0545] {local_task_job_runner.py:123} INFO - ::group::Pre task execution logs
[2025-09-19T15:48:11.839+0545] {taskinstance.py:2614} INFO - Dependencies all met for dep_context=non-requeueable deps ti=<TaskInstance: mlops_diabetes_pipeline.data_drift manual__2025-09-19T10:01:59.949355+00:00 [queued]>
[2025-09-19T15:48:11.843+0545] {taskinstance.py:2614} INFO - Dependencies all met for dep_context=requeueable deps ti=<TaskInstance: mlops_diabetes_pipeline.data_drift manual__2025-09-19T10:01:59.949355+00:00 [queued]>
[2025-09-19T15:48:11.843+0545] {taskinstance.py:2867} INFO - Starting attempt 1 of 1
[2025-09-19T15:48:11.857+0545] {taskinstance.py:2890} INFO - Executing <Task(PythonOperator): data_drift> on 2025-09-19 10:01:59.949355+00:00
[2025-09-19T15:48:11.866+0545] {standard_task_runner.py:72} INFO - Started process 13695 to run task
[2025-09-19T15:48:11.869+0545] {standard_task_runner.py:104} INFO - Running: ['airflow', 'tasks', 'run', 'mlops_diabetes_pipeline', 'data_drift', 'manual__2025-09-19T10:01:59.949355+00:00', '--job-id', '677', '--raw', '--subdir', 'DAGS_FOLDER/mlops_diabetes_pipeline.py', '--cfg-path', '/tmp/tmpuklm7lxc']
[2025-09-19T15:48:11.870+0545] {standard_task_runner.py:105} INFO - Job 677: Subtask data_drift
[2025-09-19T15:48:11.899+0545] {task_command.py:467} INFO - Running <TaskInstance: mlops_diabetes_pipeline.data_drift manual__2025-09-19T10:01:59.949355+00:00 [running]> on host ashok-Nitro-ANV16-41
[2025-09-19T15:48:11.941+0545] {taskinstance.py:3134} INFO - Exporting env vars: AIRFLOW_CTX_DAG_OWNER='airflow' AIRFLOW_CTX_DAG_ID='mlops_diabetes_pipeline' AIRFLOW_CTX_TASK_ID='data_drift' AIRFLOW_CTX_EXECUTION_DATE='2025-09-19T10:01:59.949355+00:00' AIRFLOW_CTX_TRY_NUMBER='1' AIRFLOW_CTX_DAG_RUN_ID='manual__2025-09-19T10:01:59.949355+00:00'
[2025-09-19T15:48:11.942+0545] {logging_mixin.py:190} INFO - Task instance is in running state
[2025-09-19T15:48:11.942+0545] {logging_mixin.py:190} INFO -  Previous state of the Task instance: queued
[2025-09-19T15:48:11.943+0545] {logging_mixin.py:190} INFO - Current task name:data_drift state:running start_date:2025-09-19 10:03:11.839939+00:00
[2025-09-19T15:48:11.943+0545] {logging_mixin.py:190} INFO - Dag name:mlops_diabetes_pipeline and current dag run status:running
[2025-09-19T15:48:11.943+0545] {taskinstance.py:732} INFO - ::endgroup::
[2025-09-19T15:48:13.285+0545] {logging_mixin.py:190} INFO -  Data drift report saved at /home/ashok/mlops_project/reports/evidently/data_drift/data_drift_report_20250919_154812.html
[2025-09-19T15:48:13.343+0545] {logging_mixin.py:190} INFO -  Drift detected in feature: Age
[2025-09-19T15:48:13.343+0545] {logging_mixin.py:190} INFO -  Drift detected in feature: BMI
[2025-09-19T15:48:13.343+0545] {logging_mixin.py:190} INFO -  Drift detected in feature: CholCheck
[2025-09-19T15:48:13.343+0545] {logging_mixin.py:190} INFO -  Drift detected in feature: DiffWalk
[2025-09-19T15:48:13.343+0545] {logging_mixin.py:190} INFO -  Drift detected in feature: Education
[2025-09-19T15:48:13.343+0545] {logging_mixin.py:190} INFO -  Drift detected in feature: GenHlth
[2025-09-19T15:48:13.343+0545] {logging_mixin.py:190} INFO -  Drift detected in feature: HeartDiseaseorAttack
[2025-09-19T15:48:13.343+0545] {logging_mixin.py:190} INFO -  Drift detected in feature: HvyAlcoholConsump
[2025-09-19T15:48:13.344+0545] {logging_mixin.py:190} INFO -  Drift detected in feature: Income
[2025-09-19T15:48:13.344+0545] {logging_mixin.py:190} INFO -  Drift detected in feature: MentHlth
[2025-09-19T15:48:13.344+0545] {logging_mixin.py:190} INFO -  Drift detected in feature: PhysActivity
[2025-09-19T15:48:13.344+0545] {logging_mixin.py:190} INFO -  Drift detected in feature: PhysHlth
[2025-09-19T15:48:13.344+0545] {logging_mixin.py:190} INFO -  Drift detected in feature: Stroke
[2025-09-19T15:48:13.344+0545] {logging_mixin.py:190} INFO - Data drift detected! Sending email alert...
[2025-09-19T15:48:19.313+0545] {logging_mixin.py:190} INFO - Email sent successfully!
[2025-09-19T15:48:19.314+0545] {python.py:240} INFO - Done. Returned value was: True
[2025-09-19T15:48:19.331+0545] {taskinstance.py:341} INFO - ::group::Post task execution logs
[2025-09-19T15:48:19.331+0545] {taskinstance.py:353} INFO - Marking task as SUCCESS. dag_id=mlops_diabetes_pipeline, task_id=data_drift, run_id=manual__2025-09-19T10:01:59.949355+00:00, execution_date=20250919T100159, start_date=20250919T100311, end_date=20250919T100319
[2025-09-19T15:48:19.349+0545] {logging_mixin.py:190} INFO - Task instance in success state
[2025-09-19T15:48:19.349+0545] {logging_mixin.py:190} INFO -  Previous state of the Task instance: running
[2025-09-19T15:48:19.350+0545] {logging_mixin.py:190} INFO - Dag name:mlops_diabetes_pipeline queued_at:2025-09-19 10:01:59.965991+00:00
[2025-09-19T15:48:19.350+0545] {logging_mixin.py:190} INFO - Task hostname:ashok-Nitro-ANV16-41 operator:PythonOperator
[2025-09-19T15:48:19.372+0545] {local_task_job_runner.py:266} INFO - Task exited with return code 0
[2025-09-19T15:48:19.381+0545] {taskinstance.py:3901} INFO - 1 downstream tasks scheduled from follow-on schedule check
[2025-09-19T15:48:19.387+0545] {local_task_job_runner.py:245} INFO - ::endgroup::
