[2025-09-01T17:22:15.085+0545] {processor.py:186} INFO - Started process (PID=80655) to work on /home/ashok/miniconda3/envs/mysecondenvironment/lib/python3.8/site-packages/airflow/example_dags/subdags/subdag.py
[2025-09-01T17:22:15.085+0545] {processor.py:914} INFO - Processing file /home/ashok/miniconda3/envs/mysecondenvironment/lib/python3.8/site-packages/airflow/example_dags/subdags/subdag.py for tasks to queue
[2025-09-01T17:22:15.087+0545] {logging_mixin.py:190} INFO - [2025-09-01T17:22:15.087+0545] {dagbag.py:588} INFO - Filling up the DagBag from /home/ashok/miniconda3/envs/mysecondenvironment/lib/python3.8/site-packages/airflow/example_dags/subdags/subdag.py
[2025-09-01T17:22:15.088+0545] {processor.py:927} WARNING - No viable dags retrieved from /home/ashok/miniconda3/envs/mysecondenvironment/lib/python3.8/site-packages/airflow/example_dags/subdags/subdag.py
[2025-09-01T17:22:15.095+0545] {processor.py:208} INFO - Processing /home/ashok/miniconda3/envs/mysecondenvironment/lib/python3.8/site-packages/airflow/example_dags/subdags/subdag.py took 0.015 seconds
[2025-09-01T20:39:17.563+0545] {processor.py:186} INFO - Started process (PID=149883) to work on /home/ashok/miniconda3/envs/mysecondenvironment/lib/python3.8/site-packages/airflow/example_dags/subdags/subdag.py
[2025-09-01T20:39:17.565+0545] {processor.py:914} INFO - Processing file /home/ashok/miniconda3/envs/mysecondenvironment/lib/python3.8/site-packages/airflow/example_dags/subdags/subdag.py for tasks to queue
[2025-09-01T20:39:17.573+0545] {logging_mixin.py:190} INFO - [2025-09-01T20:39:17.573+0545] {dagbag.py:588} INFO - Filling up the DagBag from /home/ashok/miniconda3/envs/mysecondenvironment/lib/python3.8/site-packages/airflow/example_dags/subdags/subdag.py
[2025-09-01T20:39:17.577+0545] {processor.py:927} WARNING - No viable dags retrieved from /home/ashok/miniconda3/envs/mysecondenvironment/lib/python3.8/site-packages/airflow/example_dags/subdags/subdag.py
[2025-09-01T20:39:17.590+0545] {processor.py:208} INFO - Processing /home/ashok/miniconda3/envs/mysecondenvironment/lib/python3.8/site-packages/airflow/example_dags/subdags/subdag.py took 0.035 seconds
[2025-09-01T20:40:28.779+0545] {processor.py:186} INFO - Started process (PID=150987) to work on /home/ashok/miniconda3/envs/mysecondenvironment/lib/python3.8/site-packages/airflow/example_dags/subdags/subdag.py
[2025-09-01T20:40:28.781+0545] {processor.py:914} INFO - Processing file /home/ashok/miniconda3/envs/mysecondenvironment/lib/python3.8/site-packages/airflow/example_dags/subdags/subdag.py for tasks to queue
[2025-09-01T20:40:28.784+0545] {logging_mixin.py:190} INFO - [2025-09-01T20:40:28.784+0545] {dagbag.py:588} INFO - Filling up the DagBag from /home/ashok/miniconda3/envs/mysecondenvironment/lib/python3.8/site-packages/airflow/example_dags/subdags/subdag.py
[2025-09-01T20:40:28.787+0545] {processor.py:927} WARNING - No viable dags retrieved from /home/ashok/miniconda3/envs/mysecondenvironment/lib/python3.8/site-packages/airflow/example_dags/subdags/subdag.py
[2025-09-01T20:40:28.799+0545] {processor.py:208} INFO - Processing /home/ashok/miniconda3/envs/mysecondenvironment/lib/python3.8/site-packages/airflow/example_dags/subdags/subdag.py took 0.028 seconds
[2025-09-01T20:44:33.001+0545] {processor.py:186} INFO - Started process (PID=153538) to work on /home/ashok/miniconda3/envs/mysecondenvironment/lib/python3.8/site-packages/airflow/example_dags/subdags/subdag.py
[2025-09-01T20:44:33.003+0545] {processor.py:914} INFO - Processing file /home/ashok/miniconda3/envs/mysecondenvironment/lib/python3.8/site-packages/airflow/example_dags/subdags/subdag.py for tasks to queue
[2025-09-01T20:44:33.006+0545] {logging_mixin.py:190} INFO - [2025-09-01T20:44:33.006+0545] {dagbag.py:588} INFO - Filling up the DagBag from /home/ashok/miniconda3/envs/mysecondenvironment/lib/python3.8/site-packages/airflow/example_dags/subdags/subdag.py
[2025-09-01T20:44:33.008+0545] {processor.py:927} WARNING - No viable dags retrieved from /home/ashok/miniconda3/envs/mysecondenvironment/lib/python3.8/site-packages/airflow/example_dags/subdags/subdag.py
[2025-09-01T20:44:33.013+0545] {processor.py:208} INFO - Processing /home/ashok/miniconda3/envs/mysecondenvironment/lib/python3.8/site-packages/airflow/example_dags/subdags/subdag.py took 0.016 seconds
