[2025-09-14T09:30:02.885+0545] {local_task_job_runner.py:123} INFO - ::group::Pre task execution logs
[2025-09-14T09:30:02.893+0545] {taskinstance.py:2614} INFO - Dependencies all met for dep_context=non-requeueable deps ti=<TaskInstance: mlops_diabetes_pipeline.ingest_data manual__2025-09-14T03:44:34.796055+00:00 [queued]>
[2025-09-14T09:30:02.896+0545] {taskinstance.py:2614} INFO - Dependencies all met for dep_context=requeueable deps ti=<TaskInstance: mlops_diabetes_pipeline.ingest_data manual__2025-09-14T03:44:34.796055+00:00 [queued]>
[2025-09-14T09:30:02.897+0545] {taskinstance.py:2867} INFO - Starting attempt 1 of 2
[2025-09-14T09:30:02.910+0545] {taskinstance.py:2890} INFO - Executing <Task(PythonOperator): ingest_data> on 2025-09-14 03:44:34.796055+00:00
[2025-09-14T09:30:02.920+0545] {standard_task_runner.py:72} INFO - Started process 27698 to run task
[2025-09-14T09:30:02.922+0545] {standard_task_runner.py:104} INFO - Running: ['airflow', 'tasks', 'run', 'mlops_diabetes_pipeline', 'ingest_data', 'manual__2025-09-14T03:44:34.796055+00:00', '--job-id', '640', '--raw', '--subdir', 'DAGS_FOLDER/mlops_diabetes_pipeline.py', '--cfg-path', '/tmp/tmp_rgcvxxv']
[2025-09-14T09:30:02.923+0545] {standard_task_runner.py:105} INFO - Job 640: Subtask ingest_data
[2025-09-14T09:30:02.948+0545] {task_command.py:467} INFO - Running <TaskInstance: mlops_diabetes_pipeline.ingest_data manual__2025-09-14T03:44:34.796055+00:00 [running]> on host ashok-Nitro-ANV16-41
[2025-09-14T09:30:02.991+0545] {taskinstance.py:3134} INFO - Exporting env vars: AIRFLOW_CTX_DAG_EMAIL='koiralaashok02@gmail.com' AIRFLOW_CTX_DAG_OWNER='airflow' AIRFLOW_CTX_DAG_ID='mlops_diabetes_pipeline' AIRFLOW_CTX_TASK_ID='ingest_data' AIRFLOW_CTX_EXECUTION_DATE='2025-09-14T03:44:34.796055+00:00' AIRFLOW_CTX_TRY_NUMBER='1' AIRFLOW_CTX_DAG_RUN_ID='manual__2025-09-14T03:44:34.796055+00:00'
[2025-09-14T09:30:02.992+0545] {logging_mixin.py:190} INFO - Task instance is in running state
[2025-09-14T09:30:02.992+0545] {logging_mixin.py:190} INFO -  Previous state of the Task instance: queued
[2025-09-14T09:30:02.992+0545] {logging_mixin.py:190} INFO - Current task name:ingest_data state:running start_date:2025-09-14 03:45:02.893652+00:00
[2025-09-14T09:30:02.992+0545] {logging_mixin.py:190} INFO - Dag name:mlops_diabetes_pipeline and current dag run status:running
[2025-09-14T09:30:02.993+0545] {taskinstance.py:732} INFO - ::endgroup::
[2025-09-14T09:30:05.531+0545] {logging_mixin.py:190} INFO -  Ingested 70692 rows into diabetes_raw and cached to Redis key 'diabetes:raw_df'
[2025-09-14T09:30:05.532+0545] {python.py:240} INFO - Done. Returned value was: None
[2025-09-14T09:30:05.534+0545] {taskinstance.py:341} INFO - ::group::Post task execution logs
[2025-09-14T09:30:05.534+0545] {taskinstance.py:353} INFO - Marking task as SUCCESS. dag_id=mlops_diabetes_pipeline, task_id=ingest_data, run_id=manual__2025-09-14T03:44:34.796055+00:00, execution_date=20250914T034434, start_date=20250914T034502, end_date=20250914T034505
[2025-09-14T09:30:05.550+0545] {logging_mixin.py:190} INFO - Task instance in success state
[2025-09-14T09:30:05.550+0545] {logging_mixin.py:190} INFO -  Previous state of the Task instance: running
[2025-09-14T09:30:05.551+0545] {logging_mixin.py:190} INFO - Dag name:mlops_diabetes_pipeline queued_at:2025-09-14 03:44:34.802894+00:00
[2025-09-14T09:30:05.551+0545] {logging_mixin.py:190} INFO - Task hostname:ashok-Nitro-ANV16-41 operator:PythonOperator
[2025-09-14T09:30:05.621+0545] {local_task_job_runner.py:266} INFO - Task exited with return code 0
[2025-09-14T09:30:05.638+0545] {taskinstance.py:3901} INFO - 1 downstream tasks scheduled from follow-on schedule check
[2025-09-14T09:30:05.645+0545] {local_task_job_runner.py:245} INFO - ::endgroup::
