[2025-09-21T08:35:30.865+0545] {processor.py:186} INFO - Started process (PID=21119) to work on /home/ashok/miniconda3/envs/mysecondenvironment/lib/python3.8/site-packages/airflow/example_dags/plugins/listener_plugin.py
[2025-09-21T08:35:30.866+0545] {processor.py:914} INFO - Processing file /home/ashok/miniconda3/envs/mysecondenvironment/lib/python3.8/site-packages/airflow/example_dags/plugins/listener_plugin.py for tasks to queue
[2025-09-21T08:35:30.867+0545] {logging_mixin.py:190} INFO - [2025-09-21T08:35:30.866+0545] {dagbag.py:588} INFO - Filling up the DagBag from /home/ashok/miniconda3/envs/mysecondenvironment/lib/python3.8/site-packages/airflow/example_dags/plugins/listener_plugin.py
[2025-09-21T08:35:30.868+0545] {processor.py:927} WARNING - No viable dags retrieved from /home/ashok/miniconda3/envs/mysecondenvironment/lib/python3.8/site-packages/airflow/example_dags/plugins/listener_plugin.py
[2025-09-21T08:35:30.874+0545] {processor.py:208} INFO - Processing /home/ashok/miniconda3/envs/mysecondenvironment/lib/python3.8/site-packages/airflow/example_dags/plugins/listener_plugin.py took 0.012 seconds
[2025-09-21T08:37:50.417+0545] {processor.py:186} INFO - Started process (PID=24374) to work on /home/ashok/miniconda3/envs/mysecondenvironment/lib/python3.8/site-packages/airflow/example_dags/plugins/listener_plugin.py
[2025-09-21T08:37:50.419+0545] {processor.py:914} INFO - Processing file /home/ashok/miniconda3/envs/mysecondenvironment/lib/python3.8/site-packages/airflow/example_dags/plugins/listener_plugin.py for tasks to queue
[2025-09-21T08:37:50.420+0545] {logging_mixin.py:190} INFO - [2025-09-21T08:37:50.420+0545] {dagbag.py:588} INFO - Filling up the DagBag from /home/ashok/miniconda3/envs/mysecondenvironment/lib/python3.8/site-packages/airflow/example_dags/plugins/listener_plugin.py
[2025-09-21T08:37:50.422+0545] {processor.py:927} WARNING - No viable dags retrieved from /home/ashok/miniconda3/envs/mysecondenvironment/lib/python3.8/site-packages/airflow/example_dags/plugins/listener_plugin.py
[2025-09-21T08:37:50.427+0545] {processor.py:208} INFO - Processing /home/ashok/miniconda3/envs/mysecondenvironment/lib/python3.8/site-packages/airflow/example_dags/plugins/listener_plugin.py took 0.014 seconds
[2025-09-21T08:38:24.676+0545] {processor.py:186} INFO - Started process (PID=24926) to work on /home/ashok/miniconda3/envs/mysecondenvironment/lib/python3.8/site-packages/airflow/example_dags/plugins/listener_plugin.py
[2025-09-21T08:38:24.678+0545] {processor.py:914} INFO - Processing file /home/ashok/miniconda3/envs/mysecondenvironment/lib/python3.8/site-packages/airflow/example_dags/plugins/listener_plugin.py for tasks to queue
[2025-09-21T08:38:24.679+0545] {logging_mixin.py:190} INFO - [2025-09-21T08:38:24.679+0545] {dagbag.py:588} INFO - Filling up the DagBag from /home/ashok/miniconda3/envs/mysecondenvironment/lib/python3.8/site-packages/airflow/example_dags/plugins/listener_plugin.py
[2025-09-21T08:38:24.680+0545] {processor.py:927} WARNING - No viable dags retrieved from /home/ashok/miniconda3/envs/mysecondenvironment/lib/python3.8/site-packages/airflow/example_dags/plugins/listener_plugin.py
[2025-09-21T08:38:24.685+0545] {processor.py:208} INFO - Processing /home/ashok/miniconda3/envs/mysecondenvironment/lib/python3.8/site-packages/airflow/example_dags/plugins/listener_plugin.py took 0.013 seconds
[2025-09-21T08:40:46.095+0545] {processor.py:186} INFO - Started process (PID=26593) to work on /home/ashok/miniconda3/envs/mysecondenvironment/lib/python3.8/site-packages/airflow/example_dags/plugins/listener_plugin.py
[2025-09-21T08:40:46.096+0545] {processor.py:914} INFO - Processing file /home/ashok/miniconda3/envs/mysecondenvironment/lib/python3.8/site-packages/airflow/example_dags/plugins/listener_plugin.py for tasks to queue
[2025-09-21T08:40:46.098+0545] {logging_mixin.py:190} INFO - [2025-09-21T08:40:46.097+0545] {dagbag.py:588} INFO - Filling up the DagBag from /home/ashok/miniconda3/envs/mysecondenvironment/lib/python3.8/site-packages/airflow/example_dags/plugins/listener_plugin.py
[2025-09-21T08:40:46.099+0545] {processor.py:927} WARNING - No viable dags retrieved from /home/ashok/miniconda3/envs/mysecondenvironment/lib/python3.8/site-packages/airflow/example_dags/plugins/listener_plugin.py
[2025-09-21T08:40:46.104+0545] {processor.py:208} INFO - Processing /home/ashok/miniconda3/envs/mysecondenvironment/lib/python3.8/site-packages/airflow/example_dags/plugins/listener_plugin.py took 0.014 seconds
[2025-09-21T08:41:45.263+0545] {processor.py:186} INFO - Started process (PID=26992) to work on /home/ashok/miniconda3/envs/mysecondenvironment/lib/python3.8/site-packages/airflow/example_dags/plugins/listener_plugin.py
[2025-09-21T08:41:45.265+0545] {processor.py:914} INFO - Processing file /home/ashok/miniconda3/envs/mysecondenvironment/lib/python3.8/site-packages/airflow/example_dags/plugins/listener_plugin.py for tasks to queue
[2025-09-21T08:41:45.266+0545] {logging_mixin.py:190} INFO - [2025-09-21T08:41:45.266+0545] {dagbag.py:588} INFO - Filling up the DagBag from /home/ashok/miniconda3/envs/mysecondenvironment/lib/python3.8/site-packages/airflow/example_dags/plugins/listener_plugin.py
[2025-09-21T08:41:45.267+0545] {processor.py:927} WARNING - No viable dags retrieved from /home/ashok/miniconda3/envs/mysecondenvironment/lib/python3.8/site-packages/airflow/example_dags/plugins/listener_plugin.py
[2025-09-21T08:41:45.273+0545] {processor.py:208} INFO - Processing /home/ashok/miniconda3/envs/mysecondenvironment/lib/python3.8/site-packages/airflow/example_dags/plugins/listener_plugin.py took 0.013 seconds
[2025-09-21T08:42:39.678+0545] {processor.py:186} INFO - Started process (PID=27464) to work on /home/ashok/miniconda3/envs/mysecondenvironment/lib/python3.8/site-packages/airflow/example_dags/plugins/listener_plugin.py
[2025-09-21T08:42:39.679+0545] {processor.py:914} INFO - Processing file /home/ashok/miniconda3/envs/mysecondenvironment/lib/python3.8/site-packages/airflow/example_dags/plugins/listener_plugin.py for tasks to queue
[2025-09-21T08:42:39.680+0545] {logging_mixin.py:190} INFO - [2025-09-21T08:42:39.680+0545] {dagbag.py:588} INFO - Filling up the DagBag from /home/ashok/miniconda3/envs/mysecondenvironment/lib/python3.8/site-packages/airflow/example_dags/plugins/listener_plugin.py
[2025-09-21T08:42:39.681+0545] {processor.py:927} WARNING - No viable dags retrieved from /home/ashok/miniconda3/envs/mysecondenvironment/lib/python3.8/site-packages/airflow/example_dags/plugins/listener_plugin.py
[2025-09-21T08:42:39.686+0545] {processor.py:208} INFO - Processing /home/ashok/miniconda3/envs/mysecondenvironment/lib/python3.8/site-packages/airflow/example_dags/plugins/listener_plugin.py took 0.013 seconds
[2025-09-21T08:43:32.360+0545] {processor.py:186} INFO - Started process (PID=27824) to work on /home/ashok/miniconda3/envs/mysecondenvironment/lib/python3.8/site-packages/airflow/example_dags/plugins/listener_plugin.py
[2025-09-21T08:43:32.361+0545] {processor.py:914} INFO - Processing file /home/ashok/miniconda3/envs/mysecondenvironment/lib/python3.8/site-packages/airflow/example_dags/plugins/listener_plugin.py for tasks to queue
[2025-09-21T08:43:32.363+0545] {logging_mixin.py:190} INFO - [2025-09-21T08:43:32.362+0545] {dagbag.py:588} INFO - Filling up the DagBag from /home/ashok/miniconda3/envs/mysecondenvironment/lib/python3.8/site-packages/airflow/example_dags/plugins/listener_plugin.py
[2025-09-21T08:43:32.364+0545] {processor.py:927} WARNING - No viable dags retrieved from /home/ashok/miniconda3/envs/mysecondenvironment/lib/python3.8/site-packages/airflow/example_dags/plugins/listener_plugin.py
[2025-09-21T08:43:32.369+0545] {processor.py:208} INFO - Processing /home/ashok/miniconda3/envs/mysecondenvironment/lib/python3.8/site-packages/airflow/example_dags/plugins/listener_plugin.py took 0.012 seconds
[2025-09-21T08:44:29.603+0545] {processor.py:186} INFO - Started process (PID=28189) to work on /home/ashok/miniconda3/envs/mysecondenvironment/lib/python3.8/site-packages/airflow/example_dags/plugins/listener_plugin.py
[2025-09-21T08:44:29.605+0545] {processor.py:914} INFO - Processing file /home/ashok/miniconda3/envs/mysecondenvironment/lib/python3.8/site-packages/airflow/example_dags/plugins/listener_plugin.py for tasks to queue
[2025-09-21T08:44:29.607+0545] {logging_mixin.py:190} INFO - [2025-09-21T08:44:29.607+0545] {dagbag.py:588} INFO - Filling up the DagBag from /home/ashok/miniconda3/envs/mysecondenvironment/lib/python3.8/site-packages/airflow/example_dags/plugins/listener_plugin.py
[2025-09-21T08:44:29.608+0545] {processor.py:927} WARNING - No viable dags retrieved from /home/ashok/miniconda3/envs/mysecondenvironment/lib/python3.8/site-packages/airflow/example_dags/plugins/listener_plugin.py
[2025-09-21T08:44:29.613+0545] {processor.py:208} INFO - Processing /home/ashok/miniconda3/envs/mysecondenvironment/lib/python3.8/site-packages/airflow/example_dags/plugins/listener_plugin.py took 0.013 seconds
[2025-09-21T08:45:32.315+0545] {processor.py:186} INFO - Started process (PID=28627) to work on /home/ashok/miniconda3/envs/mysecondenvironment/lib/python3.8/site-packages/airflow/example_dags/plugins/listener_plugin.py
[2025-09-21T08:45:32.317+0545] {processor.py:914} INFO - Processing file /home/ashok/miniconda3/envs/mysecondenvironment/lib/python3.8/site-packages/airflow/example_dags/plugins/listener_plugin.py for tasks to queue
[2025-09-21T08:45:32.318+0545] {logging_mixin.py:190} INFO - [2025-09-21T08:45:32.318+0545] {dagbag.py:588} INFO - Filling up the DagBag from /home/ashok/miniconda3/envs/mysecondenvironment/lib/python3.8/site-packages/airflow/example_dags/plugins/listener_plugin.py
[2025-09-21T08:45:32.319+0545] {processor.py:927} WARNING - No viable dags retrieved from /home/ashok/miniconda3/envs/mysecondenvironment/lib/python3.8/site-packages/airflow/example_dags/plugins/listener_plugin.py
[2025-09-21T08:45:32.324+0545] {processor.py:208} INFO - Processing /home/ashok/miniconda3/envs/mysecondenvironment/lib/python3.8/site-packages/airflow/example_dags/plugins/listener_plugin.py took 0.013 seconds
[2025-09-21T08:46:28.523+0545] {processor.py:186} INFO - Started process (PID=29040) to work on /home/ashok/miniconda3/envs/mysecondenvironment/lib/python3.8/site-packages/airflow/example_dags/plugins/listener_plugin.py
[2025-09-21T08:46:28.526+0545] {processor.py:914} INFO - Processing file /home/ashok/miniconda3/envs/mysecondenvironment/lib/python3.8/site-packages/airflow/example_dags/plugins/listener_plugin.py for tasks to queue
[2025-09-21T08:46:28.528+0545] {logging_mixin.py:190} INFO - [2025-09-21T08:46:28.527+0545] {dagbag.py:588} INFO - Filling up the DagBag from /home/ashok/miniconda3/envs/mysecondenvironment/lib/python3.8/site-packages/airflow/example_dags/plugins/listener_plugin.py
[2025-09-21T08:46:28.529+0545] {processor.py:927} WARNING - No viable dags retrieved from /home/ashok/miniconda3/envs/mysecondenvironment/lib/python3.8/site-packages/airflow/example_dags/plugins/listener_plugin.py
[2025-09-21T08:46:28.534+0545] {processor.py:208} INFO - Processing /home/ashok/miniconda3/envs/mysecondenvironment/lib/python3.8/site-packages/airflow/example_dags/plugins/listener_plugin.py took 0.014 seconds
[2025-09-21T08:47:23.154+0545] {processor.py:186} INFO - Started process (PID=29397) to work on /home/ashok/miniconda3/envs/mysecondenvironment/lib/python3.8/site-packages/airflow/example_dags/plugins/listener_plugin.py
[2025-09-21T08:47:23.155+0545] {processor.py:914} INFO - Processing file /home/ashok/miniconda3/envs/mysecondenvironment/lib/python3.8/site-packages/airflow/example_dags/plugins/listener_plugin.py for tasks to queue
[2025-09-21T08:47:23.157+0545] {logging_mixin.py:190} INFO - [2025-09-21T08:47:23.157+0545] {dagbag.py:588} INFO - Filling up the DagBag from /home/ashok/miniconda3/envs/mysecondenvironment/lib/python3.8/site-packages/airflow/example_dags/plugins/listener_plugin.py
[2025-09-21T08:47:23.159+0545] {processor.py:927} WARNING - No viable dags retrieved from /home/ashok/miniconda3/envs/mysecondenvironment/lib/python3.8/site-packages/airflow/example_dags/plugins/listener_plugin.py
[2025-09-21T08:47:23.164+0545] {processor.py:208} INFO - Processing /home/ashok/miniconda3/envs/mysecondenvironment/lib/python3.8/site-packages/airflow/example_dags/plugins/listener_plugin.py took 0.014 seconds
[2025-09-21T09:43:24.816+0545] {processor.py:186} INFO - Started process (PID=49306) to work on /home/ashok/miniconda3/envs/mysecondenvironment/lib/python3.8/site-packages/airflow/example_dags/plugins/listener_plugin.py
[2025-09-21T09:43:24.818+0545] {processor.py:914} INFO - Processing file /home/ashok/miniconda3/envs/mysecondenvironment/lib/python3.8/site-packages/airflow/example_dags/plugins/listener_plugin.py for tasks to queue
[2025-09-21T09:43:24.819+0545] {logging_mixin.py:190} INFO - [2025-09-21T09:43:24.819+0545] {dagbag.py:588} INFO - Filling up the DagBag from /home/ashok/miniconda3/envs/mysecondenvironment/lib/python3.8/site-packages/airflow/example_dags/plugins/listener_plugin.py
[2025-09-21T09:43:24.821+0545] {processor.py:927} WARNING - No viable dags retrieved from /home/ashok/miniconda3/envs/mysecondenvironment/lib/python3.8/site-packages/airflow/example_dags/plugins/listener_plugin.py
[2025-09-21T09:43:24.825+0545] {processor.py:208} INFO - Processing /home/ashok/miniconda3/envs/mysecondenvironment/lib/python3.8/site-packages/airflow/example_dags/plugins/listener_plugin.py took 0.013 seconds
[2025-09-21T09:44:19.374+0545] {processor.py:186} INFO - Started process (PID=49826) to work on /home/ashok/miniconda3/envs/mysecondenvironment/lib/python3.8/site-packages/airflow/example_dags/plugins/listener_plugin.py
[2025-09-21T09:44:19.376+0545] {processor.py:914} INFO - Processing file /home/ashok/miniconda3/envs/mysecondenvironment/lib/python3.8/site-packages/airflow/example_dags/plugins/listener_plugin.py for tasks to queue
[2025-09-21T09:44:19.376+0545] {logging_mixin.py:190} INFO - [2025-09-21T09:44:19.376+0545] {dagbag.py:588} INFO - Filling up the DagBag from /home/ashok/miniconda3/envs/mysecondenvironment/lib/python3.8/site-packages/airflow/example_dags/plugins/listener_plugin.py
[2025-09-21T09:44:19.378+0545] {processor.py:927} WARNING - No viable dags retrieved from /home/ashok/miniconda3/envs/mysecondenvironment/lib/python3.8/site-packages/airflow/example_dags/plugins/listener_plugin.py
[2025-09-21T09:44:19.384+0545] {processor.py:208} INFO - Processing /home/ashok/miniconda3/envs/mysecondenvironment/lib/python3.8/site-packages/airflow/example_dags/plugins/listener_plugin.py took 0.013 seconds
[2025-09-21T09:45:35.650+0545] {processor.py:186} INFO - Started process (PID=50500) to work on /home/ashok/miniconda3/envs/mysecondenvironment/lib/python3.8/site-packages/airflow/example_dags/plugins/listener_plugin.py
[2025-09-21T09:45:35.652+0545] {processor.py:914} INFO - Processing file /home/ashok/miniconda3/envs/mysecondenvironment/lib/python3.8/site-packages/airflow/example_dags/plugins/listener_plugin.py for tasks to queue
[2025-09-21T09:45:35.654+0545] {logging_mixin.py:190} INFO - [2025-09-21T09:45:35.654+0545] {dagbag.py:588} INFO - Filling up the DagBag from /home/ashok/miniconda3/envs/mysecondenvironment/lib/python3.8/site-packages/airflow/example_dags/plugins/listener_plugin.py
[2025-09-21T09:45:35.656+0545] {processor.py:927} WARNING - No viable dags retrieved from /home/ashok/miniconda3/envs/mysecondenvironment/lib/python3.8/site-packages/airflow/example_dags/plugins/listener_plugin.py
[2025-09-21T09:45:35.661+0545] {processor.py:208} INFO - Processing /home/ashok/miniconda3/envs/mysecondenvironment/lib/python3.8/site-packages/airflow/example_dags/plugins/listener_plugin.py took 0.014 seconds
[2025-09-21T09:47:36.097+0545] {processor.py:186} INFO - Started process (PID=52427) to work on /home/ashok/miniconda3/envs/mysecondenvironment/lib/python3.8/site-packages/airflow/example_dags/plugins/listener_plugin.py
[2025-09-21T09:47:36.099+0545] {processor.py:914} INFO - Processing file /home/ashok/miniconda3/envs/mysecondenvironment/lib/python3.8/site-packages/airflow/example_dags/plugins/listener_plugin.py for tasks to queue
[2025-09-21T09:47:36.100+0545] {logging_mixin.py:190} INFO - [2025-09-21T09:47:36.100+0545] {dagbag.py:588} INFO - Filling up the DagBag from /home/ashok/miniconda3/envs/mysecondenvironment/lib/python3.8/site-packages/airflow/example_dags/plugins/listener_plugin.py
[2025-09-21T09:47:36.101+0545] {processor.py:927} WARNING - No viable dags retrieved from /home/ashok/miniconda3/envs/mysecondenvironment/lib/python3.8/site-packages/airflow/example_dags/plugins/listener_plugin.py
[2025-09-21T09:47:36.107+0545] {processor.py:208} INFO - Processing /home/ashok/miniconda3/envs/mysecondenvironment/lib/python3.8/site-packages/airflow/example_dags/plugins/listener_plugin.py took 0.013 seconds
[2025-09-21T09:48:30.062+0545] {processor.py:186} INFO - Started process (PID=52790) to work on /home/ashok/miniconda3/envs/mysecondenvironment/lib/python3.8/site-packages/airflow/example_dags/plugins/listener_plugin.py
[2025-09-21T09:48:30.064+0545] {processor.py:914} INFO - Processing file /home/ashok/miniconda3/envs/mysecondenvironment/lib/python3.8/site-packages/airflow/example_dags/plugins/listener_plugin.py for tasks to queue
[2025-09-21T09:48:30.065+0545] {logging_mixin.py:190} INFO - [2025-09-21T09:48:30.065+0545] {dagbag.py:588} INFO - Filling up the DagBag from /home/ashok/miniconda3/envs/mysecondenvironment/lib/python3.8/site-packages/airflow/example_dags/plugins/listener_plugin.py
[2025-09-21T09:48:30.066+0545] {processor.py:927} WARNING - No viable dags retrieved from /home/ashok/miniconda3/envs/mysecondenvironment/lib/python3.8/site-packages/airflow/example_dags/plugins/listener_plugin.py
[2025-09-21T09:48:30.071+0545] {processor.py:208} INFO - Processing /home/ashok/miniconda3/envs/mysecondenvironment/lib/python3.8/site-packages/airflow/example_dags/plugins/listener_plugin.py took 0.013 seconds
[2025-09-21T09:49:32.319+0545] {processor.py:186} INFO - Started process (PID=53307) to work on /home/ashok/miniconda3/envs/mysecondenvironment/lib/python3.8/site-packages/airflow/example_dags/plugins/listener_plugin.py
[2025-09-21T09:49:32.321+0545] {processor.py:914} INFO - Processing file /home/ashok/miniconda3/envs/mysecondenvironment/lib/python3.8/site-packages/airflow/example_dags/plugins/listener_plugin.py for tasks to queue
[2025-09-21T09:49:32.322+0545] {logging_mixin.py:190} INFO - [2025-09-21T09:49:32.322+0545] {dagbag.py:588} INFO - Filling up the DagBag from /home/ashok/miniconda3/envs/mysecondenvironment/lib/python3.8/site-packages/airflow/example_dags/plugins/listener_plugin.py
[2025-09-21T09:49:32.324+0545] {processor.py:927} WARNING - No viable dags retrieved from /home/ashok/miniconda3/envs/mysecondenvironment/lib/python3.8/site-packages/airflow/example_dags/plugins/listener_plugin.py
[2025-09-21T09:49:32.331+0545] {processor.py:208} INFO - Processing /home/ashok/miniconda3/envs/mysecondenvironment/lib/python3.8/site-packages/airflow/example_dags/plugins/listener_plugin.py took 0.016 seconds
[2025-09-21T09:50:30.661+0545] {processor.py:186} INFO - Started process (PID=53695) to work on /home/ashok/miniconda3/envs/mysecondenvironment/lib/python3.8/site-packages/airflow/example_dags/plugins/listener_plugin.py
[2025-09-21T09:50:30.662+0545] {processor.py:914} INFO - Processing file /home/ashok/miniconda3/envs/mysecondenvironment/lib/python3.8/site-packages/airflow/example_dags/plugins/listener_plugin.py for tasks to queue
[2025-09-21T09:50:30.664+0545] {logging_mixin.py:190} INFO - [2025-09-21T09:50:30.664+0545] {dagbag.py:588} INFO - Filling up the DagBag from /home/ashok/miniconda3/envs/mysecondenvironment/lib/python3.8/site-packages/airflow/example_dags/plugins/listener_plugin.py
[2025-09-21T09:50:30.665+0545] {processor.py:927} WARNING - No viable dags retrieved from /home/ashok/miniconda3/envs/mysecondenvironment/lib/python3.8/site-packages/airflow/example_dags/plugins/listener_plugin.py
[2025-09-21T09:50:30.671+0545] {processor.py:208} INFO - Processing /home/ashok/miniconda3/envs/mysecondenvironment/lib/python3.8/site-packages/airflow/example_dags/plugins/listener_plugin.py took 0.014 seconds
[2025-09-21T09:51:28.274+0545] {processor.py:186} INFO - Started process (PID=54242) to work on /home/ashok/miniconda3/envs/mysecondenvironment/lib/python3.8/site-packages/airflow/example_dags/plugins/listener_plugin.py
[2025-09-21T09:51:28.276+0545] {processor.py:914} INFO - Processing file /home/ashok/miniconda3/envs/mysecondenvironment/lib/python3.8/site-packages/airflow/example_dags/plugins/listener_plugin.py for tasks to queue
[2025-09-21T09:51:28.277+0545] {logging_mixin.py:190} INFO - [2025-09-21T09:51:28.277+0545] {dagbag.py:588} INFO - Filling up the DagBag from /home/ashok/miniconda3/envs/mysecondenvironment/lib/python3.8/site-packages/airflow/example_dags/plugins/listener_plugin.py
[2025-09-21T09:51:28.279+0545] {processor.py:927} WARNING - No viable dags retrieved from /home/ashok/miniconda3/envs/mysecondenvironment/lib/python3.8/site-packages/airflow/example_dags/plugins/listener_plugin.py
[2025-09-21T09:51:28.284+0545] {processor.py:208} INFO - Processing /home/ashok/miniconda3/envs/mysecondenvironment/lib/python3.8/site-packages/airflow/example_dags/plugins/listener_plugin.py took 0.014 seconds
[2025-09-21T09:54:24.443+0545] {processor.py:186} INFO - Started process (PID=56312) to work on /home/ashok/miniconda3/envs/mysecondenvironment/lib/python3.8/site-packages/airflow/example_dags/plugins/listener_plugin.py
[2025-09-21T09:54:24.445+0545] {processor.py:914} INFO - Processing file /home/ashok/miniconda3/envs/mysecondenvironment/lib/python3.8/site-packages/airflow/example_dags/plugins/listener_plugin.py for tasks to queue
[2025-09-21T09:54:24.446+0545] {logging_mixin.py:190} INFO - [2025-09-21T09:54:24.446+0545] {dagbag.py:588} INFO - Filling up the DagBag from /home/ashok/miniconda3/envs/mysecondenvironment/lib/python3.8/site-packages/airflow/example_dags/plugins/listener_plugin.py
[2025-09-21T09:54:24.448+0545] {processor.py:927} WARNING - No viable dags retrieved from /home/ashok/miniconda3/envs/mysecondenvironment/lib/python3.8/site-packages/airflow/example_dags/plugins/listener_plugin.py
[2025-09-21T09:54:24.454+0545] {processor.py:208} INFO - Processing /home/ashok/miniconda3/envs/mysecondenvironment/lib/python3.8/site-packages/airflow/example_dags/plugins/listener_plugin.py took 0.015 seconds
[2025-09-21T09:55:22.895+0545] {processor.py:186} INFO - Started process (PID=56805) to work on /home/ashok/miniconda3/envs/mysecondenvironment/lib/python3.8/site-packages/airflow/example_dags/plugins/listener_plugin.py
[2025-09-21T09:55:22.897+0545] {processor.py:914} INFO - Processing file /home/ashok/miniconda3/envs/mysecondenvironment/lib/python3.8/site-packages/airflow/example_dags/plugins/listener_plugin.py for tasks to queue
[2025-09-21T09:55:22.898+0545] {logging_mixin.py:190} INFO - [2025-09-21T09:55:22.898+0545] {dagbag.py:588} INFO - Filling up the DagBag from /home/ashok/miniconda3/envs/mysecondenvironment/lib/python3.8/site-packages/airflow/example_dags/plugins/listener_plugin.py
[2025-09-21T09:55:22.899+0545] {processor.py:927} WARNING - No viable dags retrieved from /home/ashok/miniconda3/envs/mysecondenvironment/lib/python3.8/site-packages/airflow/example_dags/plugins/listener_plugin.py
[2025-09-21T09:55:22.904+0545] {processor.py:208} INFO - Processing /home/ashok/miniconda3/envs/mysecondenvironment/lib/python3.8/site-packages/airflow/example_dags/plugins/listener_plugin.py took 0.012 seconds
[2025-09-21T09:56:18.303+0545] {processor.py:186} INFO - Started process (PID=57207) to work on /home/ashok/miniconda3/envs/mysecondenvironment/lib/python3.8/site-packages/airflow/example_dags/plugins/listener_plugin.py
[2025-09-21T09:56:18.305+0545] {processor.py:914} INFO - Processing file /home/ashok/miniconda3/envs/mysecondenvironment/lib/python3.8/site-packages/airflow/example_dags/plugins/listener_plugin.py for tasks to queue
[2025-09-21T09:56:18.306+0545] {logging_mixin.py:190} INFO - [2025-09-21T09:56:18.306+0545] {dagbag.py:588} INFO - Filling up the DagBag from /home/ashok/miniconda3/envs/mysecondenvironment/lib/python3.8/site-packages/airflow/example_dags/plugins/listener_plugin.py
[2025-09-21T09:56:18.307+0545] {processor.py:927} WARNING - No viable dags retrieved from /home/ashok/miniconda3/envs/mysecondenvironment/lib/python3.8/site-packages/airflow/example_dags/plugins/listener_plugin.py
[2025-09-21T09:56:18.313+0545] {processor.py:208} INFO - Processing /home/ashok/miniconda3/envs/mysecondenvironment/lib/python3.8/site-packages/airflow/example_dags/plugins/listener_plugin.py took 0.013 seconds
[2025-09-21T09:57:12.389+0545] {processor.py:186} INFO - Started process (PID=57562) to work on /home/ashok/miniconda3/envs/mysecondenvironment/lib/python3.8/site-packages/airflow/example_dags/plugins/listener_plugin.py
[2025-09-21T09:57:12.390+0545] {processor.py:914} INFO - Processing file /home/ashok/miniconda3/envs/mysecondenvironment/lib/python3.8/site-packages/airflow/example_dags/plugins/listener_plugin.py for tasks to queue
[2025-09-21T09:57:12.391+0545] {logging_mixin.py:190} INFO - [2025-09-21T09:57:12.391+0545] {dagbag.py:588} INFO - Filling up the DagBag from /home/ashok/miniconda3/envs/mysecondenvironment/lib/python3.8/site-packages/airflow/example_dags/plugins/listener_plugin.py
[2025-09-21T09:57:12.393+0545] {processor.py:927} WARNING - No viable dags retrieved from /home/ashok/miniconda3/envs/mysecondenvironment/lib/python3.8/site-packages/airflow/example_dags/plugins/listener_plugin.py
[2025-09-21T09:57:12.398+0545] {processor.py:208} INFO - Processing /home/ashok/miniconda3/envs/mysecondenvironment/lib/python3.8/site-packages/airflow/example_dags/plugins/listener_plugin.py took 0.014 seconds
[2025-09-21T09:58:05.395+0545] {processor.py:186} INFO - Started process (PID=57944) to work on /home/ashok/miniconda3/envs/mysecondenvironment/lib/python3.8/site-packages/airflow/example_dags/plugins/listener_plugin.py
[2025-09-21T09:58:05.397+0545] {processor.py:914} INFO - Processing file /home/ashok/miniconda3/envs/mysecondenvironment/lib/python3.8/site-packages/airflow/example_dags/plugins/listener_plugin.py for tasks to queue
[2025-09-21T09:58:05.398+0545] {logging_mixin.py:190} INFO - [2025-09-21T09:58:05.398+0545] {dagbag.py:588} INFO - Filling up the DagBag from /home/ashok/miniconda3/envs/mysecondenvironment/lib/python3.8/site-packages/airflow/example_dags/plugins/listener_plugin.py
[2025-09-21T09:58:05.399+0545] {processor.py:927} WARNING - No viable dags retrieved from /home/ashok/miniconda3/envs/mysecondenvironment/lib/python3.8/site-packages/airflow/example_dags/plugins/listener_plugin.py
[2025-09-21T09:58:05.404+0545] {processor.py:208} INFO - Processing /home/ashok/miniconda3/envs/mysecondenvironment/lib/python3.8/site-packages/airflow/example_dags/plugins/listener_plugin.py took 0.013 seconds
[2025-09-21T09:58:55.273+0545] {processor.py:186} INFO - Started process (PID=58271) to work on /home/ashok/miniconda3/envs/mysecondenvironment/lib/python3.8/site-packages/airflow/example_dags/plugins/listener_plugin.py
[2025-09-21T09:58:55.275+0545] {processor.py:914} INFO - Processing file /home/ashok/miniconda3/envs/mysecondenvironment/lib/python3.8/site-packages/airflow/example_dags/plugins/listener_plugin.py for tasks to queue
[2025-09-21T09:58:55.276+0545] {logging_mixin.py:190} INFO - [2025-09-21T09:58:55.276+0545] {dagbag.py:588} INFO - Filling up the DagBag from /home/ashok/miniconda3/envs/mysecondenvironment/lib/python3.8/site-packages/airflow/example_dags/plugins/listener_plugin.py
[2025-09-21T09:58:55.277+0545] {processor.py:927} WARNING - No viable dags retrieved from /home/ashok/miniconda3/envs/mysecondenvironment/lib/python3.8/site-packages/airflow/example_dags/plugins/listener_plugin.py
[2025-09-21T09:58:55.283+0545] {processor.py:208} INFO - Processing /home/ashok/miniconda3/envs/mysecondenvironment/lib/python3.8/site-packages/airflow/example_dags/plugins/listener_plugin.py took 0.014 seconds
[2025-09-21T09:59:49.552+0545] {processor.py:186} INFO - Started process (PID=58654) to work on /home/ashok/miniconda3/envs/mysecondenvironment/lib/python3.8/site-packages/airflow/example_dags/plugins/listener_plugin.py
[2025-09-21T09:59:49.554+0545] {processor.py:914} INFO - Processing file /home/ashok/miniconda3/envs/mysecondenvironment/lib/python3.8/site-packages/airflow/example_dags/plugins/listener_plugin.py for tasks to queue
[2025-09-21T09:59:49.555+0545] {logging_mixin.py:190} INFO - [2025-09-21T09:59:49.555+0545] {dagbag.py:588} INFO - Filling up the DagBag from /home/ashok/miniconda3/envs/mysecondenvironment/lib/python3.8/site-packages/airflow/example_dags/plugins/listener_plugin.py
[2025-09-21T09:59:49.557+0545] {processor.py:927} WARNING - No viable dags retrieved from /home/ashok/miniconda3/envs/mysecondenvironment/lib/python3.8/site-packages/airflow/example_dags/plugins/listener_plugin.py
[2025-09-21T09:59:49.562+0545] {processor.py:208} INFO - Processing /home/ashok/miniconda3/envs/mysecondenvironment/lib/python3.8/site-packages/airflow/example_dags/plugins/listener_plugin.py took 0.014 seconds
[2025-09-21T10:00:43.613+0545] {processor.py:186} INFO - Started process (PID=59012) to work on /home/ashok/miniconda3/envs/mysecondenvironment/lib/python3.8/site-packages/airflow/example_dags/plugins/listener_plugin.py
[2025-09-21T10:00:43.615+0545] {processor.py:914} INFO - Processing file /home/ashok/miniconda3/envs/mysecondenvironment/lib/python3.8/site-packages/airflow/example_dags/plugins/listener_plugin.py for tasks to queue
[2025-09-21T10:00:43.616+0545] {logging_mixin.py:190} INFO - [2025-09-21T10:00:43.616+0545] {dagbag.py:588} INFO - Filling up the DagBag from /home/ashok/miniconda3/envs/mysecondenvironment/lib/python3.8/site-packages/airflow/example_dags/plugins/listener_plugin.py
[2025-09-21T10:00:43.618+0545] {processor.py:927} WARNING - No viable dags retrieved from /home/ashok/miniconda3/envs/mysecondenvironment/lib/python3.8/site-packages/airflow/example_dags/plugins/listener_plugin.py
[2025-09-21T10:00:43.625+0545] {processor.py:208} INFO - Processing /home/ashok/miniconda3/envs/mysecondenvironment/lib/python3.8/site-packages/airflow/example_dags/plugins/listener_plugin.py took 0.015 seconds
[2025-09-21T10:03:06.429+0545] {processor.py:186} INFO - Started process (PID=60756) to work on /home/ashok/miniconda3/envs/mysecondenvironment/lib/python3.8/site-packages/airflow/example_dags/plugins/listener_plugin.py
[2025-09-21T10:03:06.431+0545] {processor.py:914} INFO - Processing file /home/ashok/miniconda3/envs/mysecondenvironment/lib/python3.8/site-packages/airflow/example_dags/plugins/listener_plugin.py for tasks to queue
[2025-09-21T10:03:06.432+0545] {logging_mixin.py:190} INFO - [2025-09-21T10:03:06.432+0545] {dagbag.py:588} INFO - Filling up the DagBag from /home/ashok/miniconda3/envs/mysecondenvironment/lib/python3.8/site-packages/airflow/example_dags/plugins/listener_plugin.py
[2025-09-21T10:03:06.433+0545] {processor.py:927} WARNING - No viable dags retrieved from /home/ashok/miniconda3/envs/mysecondenvironment/lib/python3.8/site-packages/airflow/example_dags/plugins/listener_plugin.py
[2025-09-21T10:03:06.438+0545] {processor.py:208} INFO - Processing /home/ashok/miniconda3/envs/mysecondenvironment/lib/python3.8/site-packages/airflow/example_dags/plugins/listener_plugin.py took 0.012 seconds
[2025-09-21T10:03:59.563+0545] {processor.py:186} INFO - Started process (PID=61138) to work on /home/ashok/miniconda3/envs/mysecondenvironment/lib/python3.8/site-packages/airflow/example_dags/plugins/listener_plugin.py
[2025-09-21T10:03:59.565+0545] {processor.py:914} INFO - Processing file /home/ashok/miniconda3/envs/mysecondenvironment/lib/python3.8/site-packages/airflow/example_dags/plugins/listener_plugin.py for tasks to queue
[2025-09-21T10:03:59.566+0545] {logging_mixin.py:190} INFO - [2025-09-21T10:03:59.566+0545] {dagbag.py:588} INFO - Filling up the DagBag from /home/ashok/miniconda3/envs/mysecondenvironment/lib/python3.8/site-packages/airflow/example_dags/plugins/listener_plugin.py
[2025-09-21T10:03:59.567+0545] {processor.py:927} WARNING - No viable dags retrieved from /home/ashok/miniconda3/envs/mysecondenvironment/lib/python3.8/site-packages/airflow/example_dags/plugins/listener_plugin.py
[2025-09-21T10:03:59.572+0545] {processor.py:208} INFO - Processing /home/ashok/miniconda3/envs/mysecondenvironment/lib/python3.8/site-packages/airflow/example_dags/plugins/listener_plugin.py took 0.013 seconds
[2025-09-21T10:04:56.278+0545] {processor.py:186} INFO - Started process (PID=61544) to work on /home/ashok/miniconda3/envs/mysecondenvironment/lib/python3.8/site-packages/airflow/example_dags/plugins/listener_plugin.py
[2025-09-21T10:04:56.280+0545] {processor.py:914} INFO - Processing file /home/ashok/miniconda3/envs/mysecondenvironment/lib/python3.8/site-packages/airflow/example_dags/plugins/listener_plugin.py for tasks to queue
[2025-09-21T10:04:56.282+0545] {logging_mixin.py:190} INFO - [2025-09-21T10:04:56.281+0545] {dagbag.py:588} INFO - Filling up the DagBag from /home/ashok/miniconda3/envs/mysecondenvironment/lib/python3.8/site-packages/airflow/example_dags/plugins/listener_plugin.py
[2025-09-21T10:04:56.283+0545] {processor.py:927} WARNING - No viable dags retrieved from /home/ashok/miniconda3/envs/mysecondenvironment/lib/python3.8/site-packages/airflow/example_dags/plugins/listener_plugin.py
[2025-09-21T10:04:56.289+0545] {processor.py:208} INFO - Processing /home/ashok/miniconda3/envs/mysecondenvironment/lib/python3.8/site-packages/airflow/example_dags/plugins/listener_plugin.py took 0.015 seconds
[2025-09-21T10:05:52.011+0545] {processor.py:186} INFO - Started process (PID=61999) to work on /home/ashok/miniconda3/envs/mysecondenvironment/lib/python3.8/site-packages/airflow/example_dags/plugins/listener_plugin.py
[2025-09-21T10:05:52.013+0545] {processor.py:914} INFO - Processing file /home/ashok/miniconda3/envs/mysecondenvironment/lib/python3.8/site-packages/airflow/example_dags/plugins/listener_plugin.py for tasks to queue
[2025-09-21T10:05:52.014+0545] {logging_mixin.py:190} INFO - [2025-09-21T10:05:52.014+0545] {dagbag.py:588} INFO - Filling up the DagBag from /home/ashok/miniconda3/envs/mysecondenvironment/lib/python3.8/site-packages/airflow/example_dags/plugins/listener_plugin.py
[2025-09-21T10:05:52.015+0545] {processor.py:927} WARNING - No viable dags retrieved from /home/ashok/miniconda3/envs/mysecondenvironment/lib/python3.8/site-packages/airflow/example_dags/plugins/listener_plugin.py
[2025-09-21T10:05:52.022+0545] {processor.py:208} INFO - Processing /home/ashok/miniconda3/envs/mysecondenvironment/lib/python3.8/site-packages/airflow/example_dags/plugins/listener_plugin.py took 0.018 seconds
[2025-09-21T10:06:45.899+0545] {processor.py:186} INFO - Started process (PID=62405) to work on /home/ashok/miniconda3/envs/mysecondenvironment/lib/python3.8/site-packages/airflow/example_dags/plugins/listener_plugin.py
[2025-09-21T10:06:45.900+0545] {processor.py:914} INFO - Processing file /home/ashok/miniconda3/envs/mysecondenvironment/lib/python3.8/site-packages/airflow/example_dags/plugins/listener_plugin.py for tasks to queue
[2025-09-21T10:06:45.902+0545] {logging_mixin.py:190} INFO - [2025-09-21T10:06:45.902+0545] {dagbag.py:588} INFO - Filling up the DagBag from /home/ashok/miniconda3/envs/mysecondenvironment/lib/python3.8/site-packages/airflow/example_dags/plugins/listener_plugin.py
[2025-09-21T10:06:45.905+0545] {processor.py:927} WARNING - No viable dags retrieved from /home/ashok/miniconda3/envs/mysecondenvironment/lib/python3.8/site-packages/airflow/example_dags/plugins/listener_plugin.py
[2025-09-21T10:06:45.913+0545] {processor.py:208} INFO - Processing /home/ashok/miniconda3/envs/mysecondenvironment/lib/python3.8/site-packages/airflow/example_dags/plugins/listener_plugin.py took 0.017 seconds
[2025-09-21T10:07:43.678+0545] {processor.py:186} INFO - Started process (PID=62990) to work on /home/ashok/miniconda3/envs/mysecondenvironment/lib/python3.8/site-packages/airflow/example_dags/plugins/listener_plugin.py
[2025-09-21T10:07:43.680+0545] {processor.py:914} INFO - Processing file /home/ashok/miniconda3/envs/mysecondenvironment/lib/python3.8/site-packages/airflow/example_dags/plugins/listener_plugin.py for tasks to queue
[2025-09-21T10:07:43.681+0545] {logging_mixin.py:190} INFO - [2025-09-21T10:07:43.681+0545] {dagbag.py:588} INFO - Filling up the DagBag from /home/ashok/miniconda3/envs/mysecondenvironment/lib/python3.8/site-packages/airflow/example_dags/plugins/listener_plugin.py
[2025-09-21T10:07:43.683+0545] {processor.py:927} WARNING - No viable dags retrieved from /home/ashok/miniconda3/envs/mysecondenvironment/lib/python3.8/site-packages/airflow/example_dags/plugins/listener_plugin.py
[2025-09-21T10:07:43.689+0545] {processor.py:208} INFO - Processing /home/ashok/miniconda3/envs/mysecondenvironment/lib/python3.8/site-packages/airflow/example_dags/plugins/listener_plugin.py took 0.014 seconds
[2025-09-21T10:08:42.707+0545] {processor.py:186} INFO - Started process (PID=63632) to work on /home/ashok/miniconda3/envs/mysecondenvironment/lib/python3.8/site-packages/airflow/example_dags/plugins/listener_plugin.py
[2025-09-21T10:08:42.709+0545] {processor.py:914} INFO - Processing file /home/ashok/miniconda3/envs/mysecondenvironment/lib/python3.8/site-packages/airflow/example_dags/plugins/listener_plugin.py for tasks to queue
[2025-09-21T10:08:42.710+0545] {logging_mixin.py:190} INFO - [2025-09-21T10:08:42.709+0545] {dagbag.py:588} INFO - Filling up the DagBag from /home/ashok/miniconda3/envs/mysecondenvironment/lib/python3.8/site-packages/airflow/example_dags/plugins/listener_plugin.py
[2025-09-21T10:08:42.711+0545] {processor.py:927} WARNING - No viable dags retrieved from /home/ashok/miniconda3/envs/mysecondenvironment/lib/python3.8/site-packages/airflow/example_dags/plugins/listener_plugin.py
[2025-09-21T10:08:42.716+0545] {processor.py:208} INFO - Processing /home/ashok/miniconda3/envs/mysecondenvironment/lib/python3.8/site-packages/airflow/example_dags/plugins/listener_plugin.py took 0.013 seconds
[2025-09-21T10:09:37.436+0545] {processor.py:186} INFO - Started process (PID=64124) to work on /home/ashok/miniconda3/envs/mysecondenvironment/lib/python3.8/site-packages/airflow/example_dags/plugins/listener_plugin.py
[2025-09-21T10:09:37.438+0545] {processor.py:914} INFO - Processing file /home/ashok/miniconda3/envs/mysecondenvironment/lib/python3.8/site-packages/airflow/example_dags/plugins/listener_plugin.py for tasks to queue
[2025-09-21T10:09:37.439+0545] {logging_mixin.py:190} INFO - [2025-09-21T10:09:37.439+0545] {dagbag.py:588} INFO - Filling up the DagBag from /home/ashok/miniconda3/envs/mysecondenvironment/lib/python3.8/site-packages/airflow/example_dags/plugins/listener_plugin.py
[2025-09-21T10:09:37.441+0545] {processor.py:927} WARNING - No viable dags retrieved from /home/ashok/miniconda3/envs/mysecondenvironment/lib/python3.8/site-packages/airflow/example_dags/plugins/listener_plugin.py
[2025-09-21T10:09:37.447+0545] {processor.py:208} INFO - Processing /home/ashok/miniconda3/envs/mysecondenvironment/lib/python3.8/site-packages/airflow/example_dags/plugins/listener_plugin.py took 0.015 seconds
[2025-09-21T10:10:31.344+0545] {processor.py:186} INFO - Started process (PID=64521) to work on /home/ashok/miniconda3/envs/mysecondenvironment/lib/python3.8/site-packages/airflow/example_dags/plugins/listener_plugin.py
[2025-09-21T10:10:31.347+0545] {processor.py:914} INFO - Processing file /home/ashok/miniconda3/envs/mysecondenvironment/lib/python3.8/site-packages/airflow/example_dags/plugins/listener_plugin.py for tasks to queue
[2025-09-21T10:10:31.348+0545] {logging_mixin.py:190} INFO - [2025-09-21T10:10:31.348+0545] {dagbag.py:588} INFO - Filling up the DagBag from /home/ashok/miniconda3/envs/mysecondenvironment/lib/python3.8/site-packages/airflow/example_dags/plugins/listener_plugin.py
[2025-09-21T10:10:31.349+0545] {processor.py:927} WARNING - No viable dags retrieved from /home/ashok/miniconda3/envs/mysecondenvironment/lib/python3.8/site-packages/airflow/example_dags/plugins/listener_plugin.py
[2025-09-21T10:10:31.354+0545] {processor.py:208} INFO - Processing /home/ashok/miniconda3/envs/mysecondenvironment/lib/python3.8/site-packages/airflow/example_dags/plugins/listener_plugin.py took 0.013 seconds
[2025-09-21T10:11:26.873+0545] {processor.py:186} INFO - Started process (PID=65055) to work on /home/ashok/miniconda3/envs/mysecondenvironment/lib/python3.8/site-packages/airflow/example_dags/plugins/listener_plugin.py
[2025-09-21T10:11:26.875+0545] {processor.py:914} INFO - Processing file /home/ashok/miniconda3/envs/mysecondenvironment/lib/python3.8/site-packages/airflow/example_dags/plugins/listener_plugin.py for tasks to queue
[2025-09-21T10:11:26.877+0545] {logging_mixin.py:190} INFO - [2025-09-21T10:11:26.877+0545] {dagbag.py:588} INFO - Filling up the DagBag from /home/ashok/miniconda3/envs/mysecondenvironment/lib/python3.8/site-packages/airflow/example_dags/plugins/listener_plugin.py
[2025-09-21T10:11:26.878+0545] {processor.py:927} WARNING - No viable dags retrieved from /home/ashok/miniconda3/envs/mysecondenvironment/lib/python3.8/site-packages/airflow/example_dags/plugins/listener_plugin.py
[2025-09-21T10:11:26.884+0545] {processor.py:208} INFO - Processing /home/ashok/miniconda3/envs/mysecondenvironment/lib/python3.8/site-packages/airflow/example_dags/plugins/listener_plugin.py took 0.015 seconds
[2025-09-21T10:12:22.280+0545] {processor.py:186} INFO - Started process (PID=65448) to work on /home/ashok/miniconda3/envs/mysecondenvironment/lib/python3.8/site-packages/airflow/example_dags/plugins/listener_plugin.py
[2025-09-21T10:12:22.283+0545] {processor.py:914} INFO - Processing file /home/ashok/miniconda3/envs/mysecondenvironment/lib/python3.8/site-packages/airflow/example_dags/plugins/listener_plugin.py for tasks to queue
[2025-09-21T10:12:22.284+0545] {logging_mixin.py:190} INFO - [2025-09-21T10:12:22.284+0545] {dagbag.py:588} INFO - Filling up the DagBag from /home/ashok/miniconda3/envs/mysecondenvironment/lib/python3.8/site-packages/airflow/example_dags/plugins/listener_plugin.py
[2025-09-21T10:12:22.285+0545] {processor.py:927} WARNING - No viable dags retrieved from /home/ashok/miniconda3/envs/mysecondenvironment/lib/python3.8/site-packages/airflow/example_dags/plugins/listener_plugin.py
[2025-09-21T10:12:22.290+0545] {processor.py:208} INFO - Processing /home/ashok/miniconda3/envs/mysecondenvironment/lib/python3.8/site-packages/airflow/example_dags/plugins/listener_plugin.py took 0.013 seconds
[2025-09-21T10:13:16.516+0545] {processor.py:186} INFO - Started process (PID=65881) to work on /home/ashok/miniconda3/envs/mysecondenvironment/lib/python3.8/site-packages/airflow/example_dags/plugins/listener_plugin.py
[2025-09-21T10:13:16.518+0545] {processor.py:914} INFO - Processing file /home/ashok/miniconda3/envs/mysecondenvironment/lib/python3.8/site-packages/airflow/example_dags/plugins/listener_plugin.py for tasks to queue
[2025-09-21T10:13:16.519+0545] {logging_mixin.py:190} INFO - [2025-09-21T10:13:16.519+0545] {dagbag.py:588} INFO - Filling up the DagBag from /home/ashok/miniconda3/envs/mysecondenvironment/lib/python3.8/site-packages/airflow/example_dags/plugins/listener_plugin.py
[2025-09-21T10:13:16.521+0545] {processor.py:927} WARNING - No viable dags retrieved from /home/ashok/miniconda3/envs/mysecondenvironment/lib/python3.8/site-packages/airflow/example_dags/plugins/listener_plugin.py
[2025-09-21T10:13:16.528+0545] {processor.py:208} INFO - Processing /home/ashok/miniconda3/envs/mysecondenvironment/lib/python3.8/site-packages/airflow/example_dags/plugins/listener_plugin.py took 0.016 seconds
