[2025-09-10T11:40:27.443+0545] {local_task_job_runner.py:123} INFO - ::group::Pre task execution logs
[2025-09-10T11:40:27.450+0545] {taskinstance.py:2614} INFO - Dependencies all met for dep_context=non-requeueable deps ti=<TaskInstance: mlops_diabetes_pipeline.start_redis manual__2025-09-10T05:55:10.555900+00:00 [queued]>
[2025-09-10T11:40:27.454+0545] {taskinstance.py:2614} INFO - Dependencies all met for dep_context=requeueable deps ti=<TaskInstance: mlops_diabetes_pipeline.start_redis manual__2025-09-10T05:55:10.555900+00:00 [queued]>
[2025-09-10T11:40:27.454+0545] {taskinstance.py:2867} INFO - Starting attempt 1 of 2
[2025-09-10T11:40:27.467+0545] {taskinstance.py:2890} INFO - Executing <Task(BashOperator): start_redis> on 2025-09-10 05:55:10.555900+00:00
[2025-09-10T11:40:27.476+0545] {standard_task_runner.py:72} INFO - Started process 71191 to run task
[2025-09-10T11:40:27.479+0545] {standard_task_runner.py:104} INFO - Running: ['airflow', 'tasks', 'run', 'mlops_diabetes_pipeline', 'start_redis', 'manual__2025-09-10T05:55:10.555900+00:00', '--job-id', '548', '--raw', '--subdir', 'DAGS_FOLDER/mlops_diabetes_pipeline.py', '--cfg-path', '/tmp/tmpele6hz8e']
[2025-09-10T11:40:27.479+0545] {standard_task_runner.py:105} INFO - Job 548: Subtask start_redis
[2025-09-10T11:40:27.507+0545] {task_command.py:467} INFO - Running <TaskInstance: mlops_diabetes_pipeline.start_redis manual__2025-09-10T05:55:10.555900+00:00 [running]> on host ashok-Nitro-ANV16-41
[2025-09-10T11:40:27.550+0545] {taskinstance.py:3134} INFO - Exporting env vars: AIRFLOW_CTX_DAG_EMAIL='koiralaashok02@gmail.com' AIRFLOW_CTX_DAG_OWNER='airflow' AIRFLOW_CTX_DAG_ID='mlops_diabetes_pipeline' AIRFLOW_CTX_TASK_ID='start_redis' AIRFLOW_CTX_EXECUTION_DATE='2025-09-10T05:55:10.555900+00:00' AIRFLOW_CTX_TRY_NUMBER='1' AIRFLOW_CTX_DAG_RUN_ID='manual__2025-09-10T05:55:10.555900+00:00'
[2025-09-10T11:40:27.551+0545] {logging_mixin.py:190} INFO - Task instance is in running state
[2025-09-10T11:40:27.551+0545] {logging_mixin.py:190} INFO -  Previous state of the Task instance: queued
[2025-09-10T11:40:27.551+0545] {logging_mixin.py:190} INFO - Current task name:start_redis state:running start_date:2025-09-10 05:55:27.451128+00:00
[2025-09-10T11:40:27.551+0545] {logging_mixin.py:190} INFO - Dag name:mlops_diabetes_pipeline and current dag run status:running
[2025-09-10T11:40:27.551+0545] {taskinstance.py:732} INFO - ::endgroup::
[2025-09-10T11:40:27.551+0545] {subprocess.py:78} INFO - Tmp dir root location: /tmp
[2025-09-10T11:40:27.552+0545] {subprocess.py:88} INFO - Running command: ['/usr/bin/bash', '-c', 'docker start my-redis || docker run -d --name my-redis -p 6379:6379 redis:latest']
[2025-09-10T11:40:27.571+0545] {subprocess.py:99} INFO - Output:
[2025-09-10T11:40:27.581+0545] {subprocess.py:106} INFO - my-redis
[2025-09-10T11:40:27.584+0545] {subprocess.py:110} INFO - Command exited with return code 0
[2025-09-10T11:40:27.599+0545] {taskinstance.py:341} INFO - ::group::Post task execution logs
[2025-09-10T11:40:27.599+0545] {taskinstance.py:353} INFO - Marking task as SUCCESS. dag_id=mlops_diabetes_pipeline, task_id=start_redis, run_id=manual__2025-09-10T05:55:10.555900+00:00, execution_date=20250910T055510, start_date=20250910T055527, end_date=20250910T055527
[2025-09-10T11:40:27.617+0545] {logging_mixin.py:190} INFO - Task instance in success state
[2025-09-10T11:40:27.618+0545] {logging_mixin.py:190} INFO -  Previous state of the Task instance: running
[2025-09-10T11:40:27.618+0545] {logging_mixin.py:190} INFO - Dag name:mlops_diabetes_pipeline queued_at:2025-09-10 05:55:10.572541+00:00
[2025-09-10T11:40:27.618+0545] {logging_mixin.py:190} INFO - Task hostname:ashok-Nitro-ANV16-41 operator:BashOperator
[2025-09-10T11:40:27.651+0545] {local_task_job_runner.py:266} INFO - Task exited with return code 0
[2025-09-10T11:40:27.666+0545] {taskinstance.py:3901} INFO - 1 downstream tasks scheduled from follow-on schedule check
[2025-09-10T11:40:27.672+0545] {local_task_job_runner.py:245} INFO - ::endgroup::
