[2025-09-06T19:07:28.466+0545] {processor.py:186} INFO - Started process (PID=30586) to work on /home/ashok/miniconda3/envs/mysecondenvironment/lib/python3.8/site-packages/airflow/example_dags/example_params_trigger_ui.py
[2025-09-06T19:07:28.467+0545] {processor.py:914} INFO - Processing file /home/ashok/miniconda3/envs/mysecondenvironment/lib/python3.8/site-packages/airflow/example_dags/example_params_trigger_ui.py for tasks to queue
[2025-09-06T19:07:28.468+0545] {logging_mixin.py:190} INFO - [2025-09-06T19:07:28.468+0545] {dagbag.py:588} INFO - Filling up the DagBag from /home/ashok/miniconda3/envs/mysecondenvironment/lib/python3.8/site-packages/airflow/example_dags/example_params_trigger_ui.py
[2025-09-06T19:07:28.475+0545] {processor.py:925} INFO - DAG(s) 'example_params_trigger_ui' retrieved from /home/ashok/miniconda3/envs/mysecondenvironment/lib/python3.8/site-packages/airflow/example_dags/example_params_trigger_ui.py
[2025-09-06T19:07:28.498+0545] {logging_mixin.py:190} INFO - [2025-09-06T19:07:28.498+0545] {dag.py:3239} INFO - Sync 1 DAGs
[2025-09-06T19:07:28.505+0545] {logging_mixin.py:190} INFO - [2025-09-06T19:07:28.505+0545] {dag.py:4180} INFO - Setting next_dagrun for example_params_trigger_ui to None, run_after=None
[2025-09-06T19:07:28.524+0545] {processor.py:208} INFO - Processing /home/ashok/miniconda3/envs/mysecondenvironment/lib/python3.8/site-packages/airflow/example_dags/example_params_trigger_ui.py took 0.062 seconds
[2025-09-06T19:08:34.501+0545] {processor.py:186} INFO - Started process (PID=31087) to work on /home/ashok/miniconda3/envs/mysecondenvironment/lib/python3.8/site-packages/airflow/example_dags/example_params_trigger_ui.py
[2025-09-06T19:08:34.503+0545] {processor.py:914} INFO - Processing file /home/ashok/miniconda3/envs/mysecondenvironment/lib/python3.8/site-packages/airflow/example_dags/example_params_trigger_ui.py for tasks to queue
[2025-09-06T19:08:34.506+0545] {logging_mixin.py:190} INFO - [2025-09-06T19:08:34.505+0545] {dagbag.py:588} INFO - Filling up the DagBag from /home/ashok/miniconda3/envs/mysecondenvironment/lib/python3.8/site-packages/airflow/example_dags/example_params_trigger_ui.py
[2025-09-06T19:08:34.519+0545] {processor.py:925} INFO - DAG(s) 'example_params_trigger_ui' retrieved from /home/ashok/miniconda3/envs/mysecondenvironment/lib/python3.8/site-packages/airflow/example_dags/example_params_trigger_ui.py
[2025-09-06T19:08:34.564+0545] {logging_mixin.py:190} INFO - [2025-09-06T19:08:34.563+0545] {dag.py:3239} INFO - Sync 1 DAGs
[2025-09-06T19:08:34.577+0545] {logging_mixin.py:190} INFO - [2025-09-06T19:08:34.577+0545] {dag.py:4180} INFO - Setting next_dagrun for example_params_trigger_ui to None, run_after=None
[2025-09-06T19:08:34.603+0545] {processor.py:208} INFO - Processing /home/ashok/miniconda3/envs/mysecondenvironment/lib/python3.8/site-packages/airflow/example_dags/example_params_trigger_ui.py took 0.110 seconds
[2025-09-06T19:09:35.418+0545] {processor.py:186} INFO - Started process (PID=31549) to work on /home/ashok/miniconda3/envs/mysecondenvironment/lib/python3.8/site-packages/airflow/example_dags/example_params_trigger_ui.py
[2025-09-06T19:09:35.421+0545] {processor.py:914} INFO - Processing file /home/ashok/miniconda3/envs/mysecondenvironment/lib/python3.8/site-packages/airflow/example_dags/example_params_trigger_ui.py for tasks to queue
[2025-09-06T19:09:35.423+0545] {logging_mixin.py:190} INFO - [2025-09-06T19:09:35.423+0545] {dagbag.py:588} INFO - Filling up the DagBag from /home/ashok/miniconda3/envs/mysecondenvironment/lib/python3.8/site-packages/airflow/example_dags/example_params_trigger_ui.py
[2025-09-06T19:09:35.435+0545] {processor.py:925} INFO - DAG(s) 'example_params_trigger_ui' retrieved from /home/ashok/miniconda3/envs/mysecondenvironment/lib/python3.8/site-packages/airflow/example_dags/example_params_trigger_ui.py
[2025-09-06T19:09:35.466+0545] {logging_mixin.py:190} INFO - [2025-09-06T19:09:35.465+0545] {dag.py:3239} INFO - Sync 1 DAGs
[2025-09-06T19:09:35.477+0545] {logging_mixin.py:190} INFO - [2025-09-06T19:09:35.476+0545] {dag.py:4180} INFO - Setting next_dagrun for example_params_trigger_ui to None, run_after=None
[2025-09-06T19:09:35.499+0545] {processor.py:208} INFO - Processing /home/ashok/miniconda3/envs/mysecondenvironment/lib/python3.8/site-packages/airflow/example_dags/example_params_trigger_ui.py took 0.088 seconds
[2025-09-06T19:10:35.514+0545] {processor.py:186} INFO - Started process (PID=31991) to work on /home/ashok/miniconda3/envs/mysecondenvironment/lib/python3.8/site-packages/airflow/example_dags/example_params_trigger_ui.py
[2025-09-06T19:10:35.515+0545] {processor.py:914} INFO - Processing file /home/ashok/miniconda3/envs/mysecondenvironment/lib/python3.8/site-packages/airflow/example_dags/example_params_trigger_ui.py for tasks to queue
[2025-09-06T19:10:35.517+0545] {logging_mixin.py:190} INFO - [2025-09-06T19:10:35.517+0545] {dagbag.py:588} INFO - Filling up the DagBag from /home/ashok/miniconda3/envs/mysecondenvironment/lib/python3.8/site-packages/airflow/example_dags/example_params_trigger_ui.py
[2025-09-06T19:10:35.526+0545] {processor.py:925} INFO - DAG(s) 'example_params_trigger_ui' retrieved from /home/ashok/miniconda3/envs/mysecondenvironment/lib/python3.8/site-packages/airflow/example_dags/example_params_trigger_ui.py
[2025-09-06T19:10:35.550+0545] {logging_mixin.py:190} INFO - [2025-09-06T19:10:35.550+0545] {dag.py:3239} INFO - Sync 1 DAGs
[2025-09-06T19:10:35.558+0545] {logging_mixin.py:190} INFO - [2025-09-06T19:10:35.558+0545] {dag.py:4180} INFO - Setting next_dagrun for example_params_trigger_ui to None, run_after=None
[2025-09-06T19:10:35.579+0545] {processor.py:208} INFO - Processing /home/ashok/miniconda3/envs/mysecondenvironment/lib/python3.8/site-packages/airflow/example_dags/example_params_trigger_ui.py took 0.070 seconds
[2025-09-06T19:11:34.845+0545] {processor.py:186} INFO - Started process (PID=32390) to work on /home/ashok/miniconda3/envs/mysecondenvironment/lib/python3.8/site-packages/airflow/example_dags/example_params_trigger_ui.py
[2025-09-06T19:11:34.847+0545] {processor.py:914} INFO - Processing file /home/ashok/miniconda3/envs/mysecondenvironment/lib/python3.8/site-packages/airflow/example_dags/example_params_trigger_ui.py for tasks to queue
[2025-09-06T19:11:34.849+0545] {logging_mixin.py:190} INFO - [2025-09-06T19:11:34.849+0545] {dagbag.py:588} INFO - Filling up the DagBag from /home/ashok/miniconda3/envs/mysecondenvironment/lib/python3.8/site-packages/airflow/example_dags/example_params_trigger_ui.py
[2025-09-06T19:11:34.863+0545] {processor.py:925} INFO - DAG(s) 'example_params_trigger_ui' retrieved from /home/ashok/miniconda3/envs/mysecondenvironment/lib/python3.8/site-packages/airflow/example_dags/example_params_trigger_ui.py
[2025-09-06T19:11:34.902+0545] {logging_mixin.py:190} INFO - [2025-09-06T19:11:34.902+0545] {dag.py:3239} INFO - Sync 1 DAGs
[2025-09-06T19:11:34.915+0545] {logging_mixin.py:190} INFO - [2025-09-06T19:11:34.915+0545] {dag.py:4180} INFO - Setting next_dagrun for example_params_trigger_ui to None, run_after=None
[2025-09-06T19:11:34.942+0545] {processor.py:208} INFO - Processing /home/ashok/miniconda3/envs/mysecondenvironment/lib/python3.8/site-packages/airflow/example_dags/example_params_trigger_ui.py took 0.104 seconds
[2025-09-06T19:12:36.513+0545] {processor.py:186} INFO - Started process (PID=32877) to work on /home/ashok/miniconda3/envs/mysecondenvironment/lib/python3.8/site-packages/airflow/example_dags/example_params_trigger_ui.py
[2025-09-06T19:12:36.516+0545] {processor.py:914} INFO - Processing file /home/ashok/miniconda3/envs/mysecondenvironment/lib/python3.8/site-packages/airflow/example_dags/example_params_trigger_ui.py for tasks to queue
[2025-09-06T19:12:36.519+0545] {logging_mixin.py:190} INFO - [2025-09-06T19:12:36.519+0545] {dagbag.py:588} INFO - Filling up the DagBag from /home/ashok/miniconda3/envs/mysecondenvironment/lib/python3.8/site-packages/airflow/example_dags/example_params_trigger_ui.py
[2025-09-06T19:12:36.533+0545] {processor.py:925} INFO - DAG(s) 'example_params_trigger_ui' retrieved from /home/ashok/miniconda3/envs/mysecondenvironment/lib/python3.8/site-packages/airflow/example_dags/example_params_trigger_ui.py
[2025-09-06T19:12:36.580+0545] {logging_mixin.py:190} INFO - [2025-09-06T19:12:36.579+0545] {dag.py:3239} INFO - Sync 1 DAGs
[2025-09-06T19:12:36.593+0545] {logging_mixin.py:190} INFO - [2025-09-06T19:12:36.593+0545] {dag.py:4180} INFO - Setting next_dagrun for example_params_trigger_ui to None, run_after=None
[2025-09-06T19:12:36.618+0545] {processor.py:208} INFO - Processing /home/ashok/miniconda3/envs/mysecondenvironment/lib/python3.8/site-packages/airflow/example_dags/example_params_trigger_ui.py took 0.112 seconds
[2025-09-06T19:13:33.448+0545] {processor.py:186} INFO - Started process (PID=33286) to work on /home/ashok/miniconda3/envs/mysecondenvironment/lib/python3.8/site-packages/airflow/example_dags/example_params_trigger_ui.py
[2025-09-06T19:13:33.451+0545] {processor.py:914} INFO - Processing file /home/ashok/miniconda3/envs/mysecondenvironment/lib/python3.8/site-packages/airflow/example_dags/example_params_trigger_ui.py for tasks to queue
[2025-09-06T19:13:33.454+0545] {logging_mixin.py:190} INFO - [2025-09-06T19:13:33.454+0545] {dagbag.py:588} INFO - Filling up the DagBag from /home/ashok/miniconda3/envs/mysecondenvironment/lib/python3.8/site-packages/airflow/example_dags/example_params_trigger_ui.py
[2025-09-06T19:13:33.466+0545] {processor.py:925} INFO - DAG(s) 'example_params_trigger_ui' retrieved from /home/ashok/miniconda3/envs/mysecondenvironment/lib/python3.8/site-packages/airflow/example_dags/example_params_trigger_ui.py
[2025-09-06T19:13:33.505+0545] {logging_mixin.py:190} INFO - [2025-09-06T19:13:33.504+0545] {dag.py:3239} INFO - Sync 1 DAGs
[2025-09-06T19:13:33.517+0545] {logging_mixin.py:190} INFO - [2025-09-06T19:13:33.517+0545] {dag.py:4180} INFO - Setting next_dagrun for example_params_trigger_ui to None, run_after=None
[2025-09-06T19:13:33.544+0545] {processor.py:208} INFO - Processing /home/ashok/miniconda3/envs/mysecondenvironment/lib/python3.8/site-packages/airflow/example_dags/example_params_trigger_ui.py took 0.104 seconds
[2025-09-06T19:14:36.700+0545] {processor.py:186} INFO - Started process (PID=33733) to work on /home/ashok/miniconda3/envs/mysecondenvironment/lib/python3.8/site-packages/airflow/example_dags/example_params_trigger_ui.py
[2025-09-06T19:14:36.703+0545] {processor.py:914} INFO - Processing file /home/ashok/miniconda3/envs/mysecondenvironment/lib/python3.8/site-packages/airflow/example_dags/example_params_trigger_ui.py for tasks to queue
[2025-09-06T19:14:36.707+0545] {logging_mixin.py:190} INFO - [2025-09-06T19:14:36.706+0545] {dagbag.py:588} INFO - Filling up the DagBag from /home/ashok/miniconda3/envs/mysecondenvironment/lib/python3.8/site-packages/airflow/example_dags/example_params_trigger_ui.py
[2025-09-06T19:14:36.720+0545] {processor.py:925} INFO - DAG(s) 'example_params_trigger_ui' retrieved from /home/ashok/miniconda3/envs/mysecondenvironment/lib/python3.8/site-packages/airflow/example_dags/example_params_trigger_ui.py
[2025-09-06T19:14:36.760+0545] {logging_mixin.py:190} INFO - [2025-09-06T19:14:36.760+0545] {dag.py:3239} INFO - Sync 1 DAGs
[2025-09-06T19:14:36.773+0545] {logging_mixin.py:190} INFO - [2025-09-06T19:14:36.773+0545] {dag.py:4180} INFO - Setting next_dagrun for example_params_trigger_ui to None, run_after=None
[2025-09-06T19:14:36.799+0545] {processor.py:208} INFO - Processing /home/ashok/miniconda3/envs/mysecondenvironment/lib/python3.8/site-packages/airflow/example_dags/example_params_trigger_ui.py took 0.107 seconds
[2025-09-06T19:15:36.518+0545] {processor.py:186} INFO - Started process (PID=34157) to work on /home/ashok/miniconda3/envs/mysecondenvironment/lib/python3.8/site-packages/airflow/example_dags/example_params_trigger_ui.py
[2025-09-06T19:15:36.521+0545] {processor.py:914} INFO - Processing file /home/ashok/miniconda3/envs/mysecondenvironment/lib/python3.8/site-packages/airflow/example_dags/example_params_trigger_ui.py for tasks to queue
[2025-09-06T19:15:36.523+0545] {logging_mixin.py:190} INFO - [2025-09-06T19:15:36.522+0545] {dagbag.py:588} INFO - Filling up the DagBag from /home/ashok/miniconda3/envs/mysecondenvironment/lib/python3.8/site-packages/airflow/example_dags/example_params_trigger_ui.py
[2025-09-06T19:15:36.533+0545] {processor.py:925} INFO - DAG(s) 'example_params_trigger_ui' retrieved from /home/ashok/miniconda3/envs/mysecondenvironment/lib/python3.8/site-packages/airflow/example_dags/example_params_trigger_ui.py
[2025-09-06T19:15:36.569+0545] {logging_mixin.py:190} INFO - [2025-09-06T19:15:36.569+0545] {dag.py:3239} INFO - Sync 1 DAGs
[2025-09-06T19:15:36.581+0545] {logging_mixin.py:190} INFO - [2025-09-06T19:15:36.581+0545] {dag.py:4180} INFO - Setting next_dagrun for example_params_trigger_ui to None, run_after=None
[2025-09-06T19:15:36.606+0545] {processor.py:208} INFO - Processing /home/ashok/miniconda3/envs/mysecondenvironment/lib/python3.8/site-packages/airflow/example_dags/example_params_trigger_ui.py took 0.094 seconds
[2025-09-06T19:16:35.833+0545] {processor.py:186} INFO - Started process (PID=34660) to work on /home/ashok/miniconda3/envs/mysecondenvironment/lib/python3.8/site-packages/airflow/example_dags/example_params_trigger_ui.py
[2025-09-06T19:16:35.835+0545] {processor.py:914} INFO - Processing file /home/ashok/miniconda3/envs/mysecondenvironment/lib/python3.8/site-packages/airflow/example_dags/example_params_trigger_ui.py for tasks to queue
[2025-09-06T19:16:35.837+0545] {logging_mixin.py:190} INFO - [2025-09-06T19:16:35.837+0545] {dagbag.py:588} INFO - Filling up the DagBag from /home/ashok/miniconda3/envs/mysecondenvironment/lib/python3.8/site-packages/airflow/example_dags/example_params_trigger_ui.py
[2025-09-06T19:16:35.851+0545] {processor.py:925} INFO - DAG(s) 'example_params_trigger_ui' retrieved from /home/ashok/miniconda3/envs/mysecondenvironment/lib/python3.8/site-packages/airflow/example_dags/example_params_trigger_ui.py
[2025-09-06T19:16:35.890+0545] {logging_mixin.py:190} INFO - [2025-09-06T19:16:35.890+0545] {dag.py:3239} INFO - Sync 1 DAGs
[2025-09-06T19:16:35.903+0545] {logging_mixin.py:190} INFO - [2025-09-06T19:16:35.903+0545] {dag.py:4180} INFO - Setting next_dagrun for example_params_trigger_ui to None, run_after=None
[2025-09-06T19:16:35.929+0545] {processor.py:208} INFO - Processing /home/ashok/miniconda3/envs/mysecondenvironment/lib/python3.8/site-packages/airflow/example_dags/example_params_trigger_ui.py took 0.104 seconds
[2025-09-06T19:17:37.198+0545] {processor.py:186} INFO - Started process (PID=35071) to work on /home/ashok/miniconda3/envs/mysecondenvironment/lib/python3.8/site-packages/airflow/example_dags/example_params_trigger_ui.py
[2025-09-06T19:17:37.201+0545] {processor.py:914} INFO - Processing file /home/ashok/miniconda3/envs/mysecondenvironment/lib/python3.8/site-packages/airflow/example_dags/example_params_trigger_ui.py for tasks to queue
[2025-09-06T19:17:37.204+0545] {logging_mixin.py:190} INFO - [2025-09-06T19:17:37.203+0545] {dagbag.py:588} INFO - Filling up the DagBag from /home/ashok/miniconda3/envs/mysecondenvironment/lib/python3.8/site-packages/airflow/example_dags/example_params_trigger_ui.py
[2025-09-06T19:17:37.217+0545] {processor.py:925} INFO - DAG(s) 'example_params_trigger_ui' retrieved from /home/ashok/miniconda3/envs/mysecondenvironment/lib/python3.8/site-packages/airflow/example_dags/example_params_trigger_ui.py
[2025-09-06T19:17:37.257+0545] {logging_mixin.py:190} INFO - [2025-09-06T19:17:37.257+0545] {dag.py:3239} INFO - Sync 1 DAGs
[2025-09-06T19:17:37.271+0545] {logging_mixin.py:190} INFO - [2025-09-06T19:17:37.270+0545] {dag.py:4180} INFO - Setting next_dagrun for example_params_trigger_ui to None, run_after=None
[2025-09-06T19:17:37.295+0545] {processor.py:208} INFO - Processing /home/ashok/miniconda3/envs/mysecondenvironment/lib/python3.8/site-packages/airflow/example_dags/example_params_trigger_ui.py took 0.107 seconds
[2025-09-06T19:18:38.641+0545] {processor.py:186} INFO - Started process (PID=35516) to work on /home/ashok/miniconda3/envs/mysecondenvironment/lib/python3.8/site-packages/airflow/example_dags/example_params_trigger_ui.py
[2025-09-06T19:18:38.644+0545] {processor.py:914} INFO - Processing file /home/ashok/miniconda3/envs/mysecondenvironment/lib/python3.8/site-packages/airflow/example_dags/example_params_trigger_ui.py for tasks to queue
[2025-09-06T19:18:38.648+0545] {logging_mixin.py:190} INFO - [2025-09-06T19:18:38.647+0545] {dagbag.py:588} INFO - Filling up the DagBag from /home/ashok/miniconda3/envs/mysecondenvironment/lib/python3.8/site-packages/airflow/example_dags/example_params_trigger_ui.py
[2025-09-06T19:18:38.666+0545] {processor.py:925} INFO - DAG(s) 'example_params_trigger_ui' retrieved from /home/ashok/miniconda3/envs/mysecondenvironment/lib/python3.8/site-packages/airflow/example_dags/example_params_trigger_ui.py
[2025-09-06T19:18:38.718+0545] {logging_mixin.py:190} INFO - [2025-09-06T19:18:38.717+0545] {dag.py:3239} INFO - Sync 1 DAGs
[2025-09-06T19:18:38.731+0545] {logging_mixin.py:190} INFO - [2025-09-06T19:18:38.731+0545] {dag.py:4180} INFO - Setting next_dagrun for example_params_trigger_ui to None, run_after=None
[2025-09-06T19:18:38.757+0545] {processor.py:208} INFO - Processing /home/ashok/miniconda3/envs/mysecondenvironment/lib/python3.8/site-packages/airflow/example_dags/example_params_trigger_ui.py took 0.129 seconds
[2025-09-06T19:19:44.355+0545] {processor.py:186} INFO - Started process (PID=36034) to work on /home/ashok/miniconda3/envs/mysecondenvironment/lib/python3.8/site-packages/airflow/example_dags/example_params_trigger_ui.py
[2025-09-06T19:19:44.357+0545] {processor.py:914} INFO - Processing file /home/ashok/miniconda3/envs/mysecondenvironment/lib/python3.8/site-packages/airflow/example_dags/example_params_trigger_ui.py for tasks to queue
[2025-09-06T19:19:44.360+0545] {logging_mixin.py:190} INFO - [2025-09-06T19:19:44.360+0545] {dagbag.py:588} INFO - Filling up the DagBag from /home/ashok/miniconda3/envs/mysecondenvironment/lib/python3.8/site-packages/airflow/example_dags/example_params_trigger_ui.py
[2025-09-06T19:19:44.374+0545] {processor.py:925} INFO - DAG(s) 'example_params_trigger_ui' retrieved from /home/ashok/miniconda3/envs/mysecondenvironment/lib/python3.8/site-packages/airflow/example_dags/example_params_trigger_ui.py
[2025-09-06T19:19:44.414+0545] {logging_mixin.py:190} INFO - [2025-09-06T19:19:44.414+0545] {dag.py:3239} INFO - Sync 1 DAGs
[2025-09-06T19:19:44.430+0545] {logging_mixin.py:190} INFO - [2025-09-06T19:19:44.430+0545] {dag.py:4180} INFO - Setting next_dagrun for example_params_trigger_ui to None, run_after=None
[2025-09-06T19:19:44.458+0545] {processor.py:208} INFO - Processing /home/ashok/miniconda3/envs/mysecondenvironment/lib/python3.8/site-packages/airflow/example_dags/example_params_trigger_ui.py took 0.111 seconds
[2025-09-06T19:20:43.447+0545] {processor.py:186} INFO - Started process (PID=36457) to work on /home/ashok/miniconda3/envs/mysecondenvironment/lib/python3.8/site-packages/airflow/example_dags/example_params_trigger_ui.py
[2025-09-06T19:20:43.449+0545] {processor.py:914} INFO - Processing file /home/ashok/miniconda3/envs/mysecondenvironment/lib/python3.8/site-packages/airflow/example_dags/example_params_trigger_ui.py for tasks to queue
[2025-09-06T19:20:43.451+0545] {logging_mixin.py:190} INFO - [2025-09-06T19:20:43.450+0545] {dagbag.py:588} INFO - Filling up the DagBag from /home/ashok/miniconda3/envs/mysecondenvironment/lib/python3.8/site-packages/airflow/example_dags/example_params_trigger_ui.py
[2025-09-06T19:20:43.463+0545] {processor.py:925} INFO - DAG(s) 'example_params_trigger_ui' retrieved from /home/ashok/miniconda3/envs/mysecondenvironment/lib/python3.8/site-packages/airflow/example_dags/example_params_trigger_ui.py
[2025-09-06T19:20:43.504+0545] {logging_mixin.py:190} INFO - [2025-09-06T19:20:43.504+0545] {dag.py:3239} INFO - Sync 1 DAGs
[2025-09-06T19:20:43.517+0545] {logging_mixin.py:190} INFO - [2025-09-06T19:20:43.517+0545] {dag.py:4180} INFO - Setting next_dagrun for example_params_trigger_ui to None, run_after=None
[2025-09-06T19:20:43.543+0545] {processor.py:208} INFO - Processing /home/ashok/miniconda3/envs/mysecondenvironment/lib/python3.8/site-packages/airflow/example_dags/example_params_trigger_ui.py took 0.103 seconds
[2025-09-06T19:21:47.710+0545] {processor.py:186} INFO - Started process (PID=36914) to work on /home/ashok/miniconda3/envs/mysecondenvironment/lib/python3.8/site-packages/airflow/example_dags/example_params_trigger_ui.py
[2025-09-06T19:21:47.713+0545] {processor.py:914} INFO - Processing file /home/ashok/miniconda3/envs/mysecondenvironment/lib/python3.8/site-packages/airflow/example_dags/example_params_trigger_ui.py for tasks to queue
[2025-09-06T19:21:47.715+0545] {logging_mixin.py:190} INFO - [2025-09-06T19:21:47.715+0545] {dagbag.py:588} INFO - Filling up the DagBag from /home/ashok/miniconda3/envs/mysecondenvironment/lib/python3.8/site-packages/airflow/example_dags/example_params_trigger_ui.py
[2025-09-06T19:21:47.728+0545] {processor.py:925} INFO - DAG(s) 'example_params_trigger_ui' retrieved from /home/ashok/miniconda3/envs/mysecondenvironment/lib/python3.8/site-packages/airflow/example_dags/example_params_trigger_ui.py
[2025-09-06T19:21:47.767+0545] {logging_mixin.py:190} INFO - [2025-09-06T19:21:47.767+0545] {dag.py:3239} INFO - Sync 1 DAGs
[2025-09-06T19:21:47.779+0545] {logging_mixin.py:190} INFO - [2025-09-06T19:21:47.779+0545] {dag.py:4180} INFO - Setting next_dagrun for example_params_trigger_ui to None, run_after=None
[2025-09-06T19:21:47.807+0545] {processor.py:208} INFO - Processing /home/ashok/miniconda3/envs/mysecondenvironment/lib/python3.8/site-packages/airflow/example_dags/example_params_trigger_ui.py took 0.104 seconds
[2025-09-06T19:22:48.247+0545] {processor.py:186} INFO - Started process (PID=37408) to work on /home/ashok/miniconda3/envs/mysecondenvironment/lib/python3.8/site-packages/airflow/example_dags/example_params_trigger_ui.py
[2025-09-06T19:22:48.250+0545] {processor.py:914} INFO - Processing file /home/ashok/miniconda3/envs/mysecondenvironment/lib/python3.8/site-packages/airflow/example_dags/example_params_trigger_ui.py for tasks to queue
[2025-09-06T19:22:48.252+0545] {logging_mixin.py:190} INFO - [2025-09-06T19:22:48.252+0545] {dagbag.py:588} INFO - Filling up the DagBag from /home/ashok/miniconda3/envs/mysecondenvironment/lib/python3.8/site-packages/airflow/example_dags/example_params_trigger_ui.py
[2025-09-06T19:22:48.265+0545] {processor.py:925} INFO - DAG(s) 'example_params_trigger_ui' retrieved from /home/ashok/miniconda3/envs/mysecondenvironment/lib/python3.8/site-packages/airflow/example_dags/example_params_trigger_ui.py
[2025-09-06T19:22:48.306+0545] {logging_mixin.py:190} INFO - [2025-09-06T19:22:48.306+0545] {dag.py:3239} INFO - Sync 1 DAGs
[2025-09-06T19:22:48.319+0545] {logging_mixin.py:190} INFO - [2025-09-06T19:22:48.319+0545] {dag.py:4180} INFO - Setting next_dagrun for example_params_trigger_ui to None, run_after=None
[2025-09-06T19:22:48.344+0545] {processor.py:208} INFO - Processing /home/ashok/miniconda3/envs/mysecondenvironment/lib/python3.8/site-packages/airflow/example_dags/example_params_trigger_ui.py took 0.104 seconds
[2025-09-06T19:23:49.592+0545] {processor.py:186} INFO - Started process (PID=37805) to work on /home/ashok/miniconda3/envs/mysecondenvironment/lib/python3.8/site-packages/airflow/example_dags/example_params_trigger_ui.py
[2025-09-06T19:23:49.595+0545] {processor.py:914} INFO - Processing file /home/ashok/miniconda3/envs/mysecondenvironment/lib/python3.8/site-packages/airflow/example_dags/example_params_trigger_ui.py for tasks to queue
[2025-09-06T19:23:49.597+0545] {logging_mixin.py:190} INFO - [2025-09-06T19:23:49.597+0545] {dagbag.py:588} INFO - Filling up the DagBag from /home/ashok/miniconda3/envs/mysecondenvironment/lib/python3.8/site-packages/airflow/example_dags/example_params_trigger_ui.py
[2025-09-06T19:23:49.610+0545] {processor.py:925} INFO - DAG(s) 'example_params_trigger_ui' retrieved from /home/ashok/miniconda3/envs/mysecondenvironment/lib/python3.8/site-packages/airflow/example_dags/example_params_trigger_ui.py
[2025-09-06T19:23:49.650+0545] {logging_mixin.py:190} INFO - [2025-09-06T19:23:49.649+0545] {dag.py:3239} INFO - Sync 1 DAGs
[2025-09-06T19:23:49.663+0545] {logging_mixin.py:190} INFO - [2025-09-06T19:23:49.663+0545] {dag.py:4180} INFO - Setting next_dagrun for example_params_trigger_ui to None, run_after=None
[2025-09-06T19:23:49.691+0545] {processor.py:208} INFO - Processing /home/ashok/miniconda3/envs/mysecondenvironment/lib/python3.8/site-packages/airflow/example_dags/example_params_trigger_ui.py took 0.106 seconds
[2025-09-06T19:25:09.149+0545] {processor.py:186} INFO - Started process (PID=38551) to work on /home/ashok/miniconda3/envs/mysecondenvironment/lib/python3.8/site-packages/airflow/example_dags/example_params_trigger_ui.py
[2025-09-06T19:25:09.152+0545] {processor.py:914} INFO - Processing file /home/ashok/miniconda3/envs/mysecondenvironment/lib/python3.8/site-packages/airflow/example_dags/example_params_trigger_ui.py for tasks to queue
[2025-09-06T19:25:09.155+0545] {logging_mixin.py:190} INFO - [2025-09-06T19:25:09.155+0545] {dagbag.py:588} INFO - Filling up the DagBag from /home/ashok/miniconda3/envs/mysecondenvironment/lib/python3.8/site-packages/airflow/example_dags/example_params_trigger_ui.py
[2025-09-06T19:25:09.167+0545] {processor.py:925} INFO - DAG(s) 'example_params_trigger_ui' retrieved from /home/ashok/miniconda3/envs/mysecondenvironment/lib/python3.8/site-packages/airflow/example_dags/example_params_trigger_ui.py
[2025-09-06T19:25:09.206+0545] {logging_mixin.py:190} INFO - [2025-09-06T19:25:09.206+0545] {dag.py:3239} INFO - Sync 1 DAGs
[2025-09-06T19:25:09.219+0545] {logging_mixin.py:190} INFO - [2025-09-06T19:25:09.219+0545] {dag.py:4180} INFO - Setting next_dagrun for example_params_trigger_ui to None, run_after=None
[2025-09-06T19:25:09.245+0545] {processor.py:208} INFO - Processing /home/ashok/miniconda3/envs/mysecondenvironment/lib/python3.8/site-packages/airflow/example_dags/example_params_trigger_ui.py took 0.103 seconds
[2025-09-06T19:26:08.492+0545] {processor.py:186} INFO - Started process (PID=39052) to work on /home/ashok/miniconda3/envs/mysecondenvironment/lib/python3.8/site-packages/airflow/example_dags/example_params_trigger_ui.py
[2025-09-06T19:26:08.495+0545] {processor.py:914} INFO - Processing file /home/ashok/miniconda3/envs/mysecondenvironment/lib/python3.8/site-packages/airflow/example_dags/example_params_trigger_ui.py for tasks to queue
[2025-09-06T19:26:08.497+0545] {logging_mixin.py:190} INFO - [2025-09-06T19:26:08.496+0545] {dagbag.py:588} INFO - Filling up the DagBag from /home/ashok/miniconda3/envs/mysecondenvironment/lib/python3.8/site-packages/airflow/example_dags/example_params_trigger_ui.py
[2025-09-06T19:26:08.508+0545] {processor.py:925} INFO - DAG(s) 'example_params_trigger_ui' retrieved from /home/ashok/miniconda3/envs/mysecondenvironment/lib/python3.8/site-packages/airflow/example_dags/example_params_trigger_ui.py
[2025-09-06T19:26:08.547+0545] {logging_mixin.py:190} INFO - [2025-09-06T19:26:08.547+0545] {dag.py:3239} INFO - Sync 1 DAGs
[2025-09-06T19:26:08.558+0545] {logging_mixin.py:190} INFO - [2025-09-06T19:26:08.558+0545] {dag.py:4180} INFO - Setting next_dagrun for example_params_trigger_ui to None, run_after=None
[2025-09-06T19:26:08.582+0545] {processor.py:208} INFO - Processing /home/ashok/miniconda3/envs/mysecondenvironment/lib/python3.8/site-packages/airflow/example_dags/example_params_trigger_ui.py took 0.096 seconds
[2025-09-06T19:27:10.414+0545] {processor.py:186} INFO - Started process (PID=39609) to work on /home/ashok/miniconda3/envs/mysecondenvironment/lib/python3.8/site-packages/airflow/example_dags/example_params_trigger_ui.py
[2025-09-06T19:27:10.417+0545] {processor.py:914} INFO - Processing file /home/ashok/miniconda3/envs/mysecondenvironment/lib/python3.8/site-packages/airflow/example_dags/example_params_trigger_ui.py for tasks to queue
[2025-09-06T19:27:10.421+0545] {logging_mixin.py:190} INFO - [2025-09-06T19:27:10.420+0545] {dagbag.py:588} INFO - Filling up the DagBag from /home/ashok/miniconda3/envs/mysecondenvironment/lib/python3.8/site-packages/airflow/example_dags/example_params_trigger_ui.py
[2025-09-06T19:27:10.439+0545] {processor.py:925} INFO - DAG(s) 'example_params_trigger_ui' retrieved from /home/ashok/miniconda3/envs/mysecondenvironment/lib/python3.8/site-packages/airflow/example_dags/example_params_trigger_ui.py
[2025-09-06T19:27:10.495+0545] {logging_mixin.py:190} INFO - [2025-09-06T19:27:10.495+0545] {dag.py:3239} INFO - Sync 1 DAGs
[2025-09-06T19:27:10.513+0545] {logging_mixin.py:190} INFO - [2025-09-06T19:27:10.513+0545] {dag.py:4180} INFO - Setting next_dagrun for example_params_trigger_ui to None, run_after=None
[2025-09-06T19:27:10.545+0545] {processor.py:208} INFO - Processing /home/ashok/miniconda3/envs/mysecondenvironment/lib/python3.8/site-packages/airflow/example_dags/example_params_trigger_ui.py took 0.142 seconds
[2025-09-06T19:28:09.412+0545] {processor.py:186} INFO - Started process (PID=40013) to work on /home/ashok/miniconda3/envs/mysecondenvironment/lib/python3.8/site-packages/airflow/example_dags/example_params_trigger_ui.py
[2025-09-06T19:28:09.415+0545] {processor.py:914} INFO - Processing file /home/ashok/miniconda3/envs/mysecondenvironment/lib/python3.8/site-packages/airflow/example_dags/example_params_trigger_ui.py for tasks to queue
[2025-09-06T19:28:09.418+0545] {logging_mixin.py:190} INFO - [2025-09-06T19:28:09.417+0545] {dagbag.py:588} INFO - Filling up the DagBag from /home/ashok/miniconda3/envs/mysecondenvironment/lib/python3.8/site-packages/airflow/example_dags/example_params_trigger_ui.py
[2025-09-06T19:28:09.431+0545] {processor.py:925} INFO - DAG(s) 'example_params_trigger_ui' retrieved from /home/ashok/miniconda3/envs/mysecondenvironment/lib/python3.8/site-packages/airflow/example_dags/example_params_trigger_ui.py
[2025-09-06T19:28:09.470+0545] {logging_mixin.py:190} INFO - [2025-09-06T19:28:09.470+0545] {dag.py:3239} INFO - Sync 1 DAGs
[2025-09-06T19:28:09.483+0545] {logging_mixin.py:190} INFO - [2025-09-06T19:28:09.482+0545] {dag.py:4180} INFO - Setting next_dagrun for example_params_trigger_ui to None, run_after=None
[2025-09-06T19:28:09.508+0545] {processor.py:208} INFO - Processing /home/ashok/miniconda3/envs/mysecondenvironment/lib/python3.8/site-packages/airflow/example_dags/example_params_trigger_ui.py took 0.105 seconds
[2025-09-06T19:29:08.204+0545] {processor.py:186} INFO - Started process (PID=40555) to work on /home/ashok/miniconda3/envs/mysecondenvironment/lib/python3.8/site-packages/airflow/example_dags/example_params_trigger_ui.py
[2025-09-06T19:29:08.207+0545] {processor.py:914} INFO - Processing file /home/ashok/miniconda3/envs/mysecondenvironment/lib/python3.8/site-packages/airflow/example_dags/example_params_trigger_ui.py for tasks to queue
[2025-09-06T19:29:08.210+0545] {logging_mixin.py:190} INFO - [2025-09-06T19:29:08.210+0545] {dagbag.py:588} INFO - Filling up the DagBag from /home/ashok/miniconda3/envs/mysecondenvironment/lib/python3.8/site-packages/airflow/example_dags/example_params_trigger_ui.py
[2025-09-06T19:29:08.222+0545] {processor.py:925} INFO - DAG(s) 'example_params_trigger_ui' retrieved from /home/ashok/miniconda3/envs/mysecondenvironment/lib/python3.8/site-packages/airflow/example_dags/example_params_trigger_ui.py
[2025-09-06T19:29:08.261+0545] {logging_mixin.py:190} INFO - [2025-09-06T19:29:08.260+0545] {dag.py:3239} INFO - Sync 1 DAGs
[2025-09-06T19:29:08.273+0545] {logging_mixin.py:190} INFO - [2025-09-06T19:29:08.273+0545] {dag.py:4180} INFO - Setting next_dagrun for example_params_trigger_ui to None, run_after=None
[2025-09-06T19:29:08.300+0545] {processor.py:208} INFO - Processing /home/ashok/miniconda3/envs/mysecondenvironment/lib/python3.8/site-packages/airflow/example_dags/example_params_trigger_ui.py took 0.103 seconds
[2025-09-06T19:30:08.237+0545] {processor.py:186} INFO - Started process (PID=41094) to work on /home/ashok/miniconda3/envs/mysecondenvironment/lib/python3.8/site-packages/airflow/example_dags/example_params_trigger_ui.py
[2025-09-06T19:30:08.240+0545] {processor.py:914} INFO - Processing file /home/ashok/miniconda3/envs/mysecondenvironment/lib/python3.8/site-packages/airflow/example_dags/example_params_trigger_ui.py for tasks to queue
[2025-09-06T19:30:08.242+0545] {logging_mixin.py:190} INFO - [2025-09-06T19:30:08.242+0545] {dagbag.py:588} INFO - Filling up the DagBag from /home/ashok/miniconda3/envs/mysecondenvironment/lib/python3.8/site-packages/airflow/example_dags/example_params_trigger_ui.py
[2025-09-06T19:30:08.254+0545] {processor.py:925} INFO - DAG(s) 'example_params_trigger_ui' retrieved from /home/ashok/miniconda3/envs/mysecondenvironment/lib/python3.8/site-packages/airflow/example_dags/example_params_trigger_ui.py
[2025-09-06T19:30:08.293+0545] {logging_mixin.py:190} INFO - [2025-09-06T19:30:08.293+0545] {dag.py:3239} INFO - Sync 1 DAGs
[2025-09-06T19:30:08.305+0545] {logging_mixin.py:190} INFO - [2025-09-06T19:30:08.305+0545] {dag.py:4180} INFO - Setting next_dagrun for example_params_trigger_ui to None, run_after=None
[2025-09-06T19:30:08.332+0545] {processor.py:208} INFO - Processing /home/ashok/miniconda3/envs/mysecondenvironment/lib/python3.8/site-packages/airflow/example_dags/example_params_trigger_ui.py took 0.101 seconds
[2025-09-06T19:31:07.808+0545] {processor.py:186} INFO - Started process (PID=41729) to work on /home/ashok/miniconda3/envs/mysecondenvironment/lib/python3.8/site-packages/airflow/example_dags/example_params_trigger_ui.py
[2025-09-06T19:31:07.810+0545] {processor.py:914} INFO - Processing file /home/ashok/miniconda3/envs/mysecondenvironment/lib/python3.8/site-packages/airflow/example_dags/example_params_trigger_ui.py for tasks to queue
[2025-09-06T19:31:07.812+0545] {logging_mixin.py:190} INFO - [2025-09-06T19:31:07.812+0545] {dagbag.py:588} INFO - Filling up the DagBag from /home/ashok/miniconda3/envs/mysecondenvironment/lib/python3.8/site-packages/airflow/example_dags/example_params_trigger_ui.py
[2025-09-06T19:31:07.822+0545] {processor.py:925} INFO - DAG(s) 'example_params_trigger_ui' retrieved from /home/ashok/miniconda3/envs/mysecondenvironment/lib/python3.8/site-packages/airflow/example_dags/example_params_trigger_ui.py
[2025-09-06T19:31:07.859+0545] {logging_mixin.py:190} INFO - [2025-09-06T19:31:07.859+0545] {dag.py:3239} INFO - Sync 1 DAGs
[2025-09-06T19:31:07.870+0545] {logging_mixin.py:190} INFO - [2025-09-06T19:31:07.869+0545] {dag.py:4180} INFO - Setting next_dagrun for example_params_trigger_ui to None, run_after=None
[2025-09-06T19:31:07.893+0545] {processor.py:208} INFO - Processing /home/ashok/miniconda3/envs/mysecondenvironment/lib/python3.8/site-packages/airflow/example_dags/example_params_trigger_ui.py took 0.091 seconds
[2025-09-06T19:32:09.432+0545] {processor.py:186} INFO - Started process (PID=42245) to work on /home/ashok/miniconda3/envs/mysecondenvironment/lib/python3.8/site-packages/airflow/example_dags/example_params_trigger_ui.py
[2025-09-06T19:32:09.435+0545] {processor.py:914} INFO - Processing file /home/ashok/miniconda3/envs/mysecondenvironment/lib/python3.8/site-packages/airflow/example_dags/example_params_trigger_ui.py for tasks to queue
[2025-09-06T19:32:09.438+0545] {logging_mixin.py:190} INFO - [2025-09-06T19:32:09.438+0545] {dagbag.py:588} INFO - Filling up the DagBag from /home/ashok/miniconda3/envs/mysecondenvironment/lib/python3.8/site-packages/airflow/example_dags/example_params_trigger_ui.py
[2025-09-06T19:32:09.451+0545] {processor.py:925} INFO - DAG(s) 'example_params_trigger_ui' retrieved from /home/ashok/miniconda3/envs/mysecondenvironment/lib/python3.8/site-packages/airflow/example_dags/example_params_trigger_ui.py
[2025-09-06T19:32:09.491+0545] {logging_mixin.py:190} INFO - [2025-09-06T19:32:09.491+0545] {dag.py:3239} INFO - Sync 1 DAGs
[2025-09-06T19:32:09.504+0545] {logging_mixin.py:190} INFO - [2025-09-06T19:32:09.504+0545] {dag.py:4180} INFO - Setting next_dagrun for example_params_trigger_ui to None, run_after=None
[2025-09-06T19:32:09.530+0545] {processor.py:208} INFO - Processing /home/ashok/miniconda3/envs/mysecondenvironment/lib/python3.8/site-packages/airflow/example_dags/example_params_trigger_ui.py took 0.106 seconds
[2025-09-06T19:33:08.213+0545] {processor.py:186} INFO - Started process (PID=42630) to work on /home/ashok/miniconda3/envs/mysecondenvironment/lib/python3.8/site-packages/airflow/example_dags/example_params_trigger_ui.py
[2025-09-06T19:33:08.216+0545] {processor.py:914} INFO - Processing file /home/ashok/miniconda3/envs/mysecondenvironment/lib/python3.8/site-packages/airflow/example_dags/example_params_trigger_ui.py for tasks to queue
[2025-09-06T19:33:08.219+0545] {logging_mixin.py:190} INFO - [2025-09-06T19:33:08.218+0545] {dagbag.py:588} INFO - Filling up the DagBag from /home/ashok/miniconda3/envs/mysecondenvironment/lib/python3.8/site-packages/airflow/example_dags/example_params_trigger_ui.py
[2025-09-06T19:33:08.231+0545] {processor.py:925} INFO - DAG(s) 'example_params_trigger_ui' retrieved from /home/ashok/miniconda3/envs/mysecondenvironment/lib/python3.8/site-packages/airflow/example_dags/example_params_trigger_ui.py
[2025-09-06T19:33:08.273+0545] {logging_mixin.py:190} INFO - [2025-09-06T19:33:08.273+0545] {dag.py:3239} INFO - Sync 1 DAGs
[2025-09-06T19:33:08.288+0545] {logging_mixin.py:190} INFO - [2025-09-06T19:33:08.288+0545] {dag.py:4180} INFO - Setting next_dagrun for example_params_trigger_ui to None, run_after=None
[2025-09-06T19:33:08.315+0545] {processor.py:208} INFO - Processing /home/ashok/miniconda3/envs/mysecondenvironment/lib/python3.8/site-packages/airflow/example_dags/example_params_trigger_ui.py took 0.109 seconds
[2025-09-06T19:34:08.423+0545] {processor.py:186} INFO - Started process (PID=43017) to work on /home/ashok/miniconda3/envs/mysecondenvironment/lib/python3.8/site-packages/airflow/example_dags/example_params_trigger_ui.py
[2025-09-06T19:34:08.426+0545] {processor.py:914} INFO - Processing file /home/ashok/miniconda3/envs/mysecondenvironment/lib/python3.8/site-packages/airflow/example_dags/example_params_trigger_ui.py for tasks to queue
[2025-09-06T19:34:08.429+0545] {logging_mixin.py:190} INFO - [2025-09-06T19:34:08.428+0545] {dagbag.py:588} INFO - Filling up the DagBag from /home/ashok/miniconda3/envs/mysecondenvironment/lib/python3.8/site-packages/airflow/example_dags/example_params_trigger_ui.py
[2025-09-06T19:34:08.441+0545] {processor.py:925} INFO - DAG(s) 'example_params_trigger_ui' retrieved from /home/ashok/miniconda3/envs/mysecondenvironment/lib/python3.8/site-packages/airflow/example_dags/example_params_trigger_ui.py
[2025-09-06T19:34:08.480+0545] {logging_mixin.py:190} INFO - [2025-09-06T19:34:08.480+0545] {dag.py:3239} INFO - Sync 1 DAGs
[2025-09-06T19:34:08.492+0545] {logging_mixin.py:190} INFO - [2025-09-06T19:34:08.492+0545] {dag.py:4180} INFO - Setting next_dagrun for example_params_trigger_ui to None, run_after=None
[2025-09-06T19:34:08.520+0545] {processor.py:208} INFO - Processing /home/ashok/miniconda3/envs/mysecondenvironment/lib/python3.8/site-packages/airflow/example_dags/example_params_trigger_ui.py took 0.104 seconds
[2025-09-06T19:35:09.714+0545] {processor.py:186} INFO - Started process (PID=43551) to work on /home/ashok/miniconda3/envs/mysecondenvironment/lib/python3.8/site-packages/airflow/example_dags/example_params_trigger_ui.py
[2025-09-06T19:35:09.716+0545] {processor.py:914} INFO - Processing file /home/ashok/miniconda3/envs/mysecondenvironment/lib/python3.8/site-packages/airflow/example_dags/example_params_trigger_ui.py for tasks to queue
[2025-09-06T19:35:09.719+0545] {logging_mixin.py:190} INFO - [2025-09-06T19:35:09.719+0545] {dagbag.py:588} INFO - Filling up the DagBag from /home/ashok/miniconda3/envs/mysecondenvironment/lib/python3.8/site-packages/airflow/example_dags/example_params_trigger_ui.py
[2025-09-06T19:35:09.735+0545] {processor.py:925} INFO - DAG(s) 'example_params_trigger_ui' retrieved from /home/ashok/miniconda3/envs/mysecondenvironment/lib/python3.8/site-packages/airflow/example_dags/example_params_trigger_ui.py
[2025-09-06T19:35:09.783+0545] {logging_mixin.py:190} INFO - [2025-09-06T19:35:09.783+0545] {dag.py:3239} INFO - Sync 1 DAGs
[2025-09-06T19:35:09.797+0545] {logging_mixin.py:190} INFO - [2025-09-06T19:35:09.797+0545] {dag.py:4180} INFO - Setting next_dagrun for example_params_trigger_ui to None, run_after=None
[2025-09-06T19:35:09.824+0545] {processor.py:208} INFO - Processing /home/ashok/miniconda3/envs/mysecondenvironment/lib/python3.8/site-packages/airflow/example_dags/example_params_trigger_ui.py took 0.120 seconds
[2025-09-06T19:36:09.697+0545] {processor.py:186} INFO - Started process (PID=43980) to work on /home/ashok/miniconda3/envs/mysecondenvironment/lib/python3.8/site-packages/airflow/example_dags/example_params_trigger_ui.py
[2025-09-06T19:36:09.699+0545] {processor.py:914} INFO - Processing file /home/ashok/miniconda3/envs/mysecondenvironment/lib/python3.8/site-packages/airflow/example_dags/example_params_trigger_ui.py for tasks to queue
[2025-09-06T19:36:09.701+0545] {logging_mixin.py:190} INFO - [2025-09-06T19:36:09.701+0545] {dagbag.py:588} INFO - Filling up the DagBag from /home/ashok/miniconda3/envs/mysecondenvironment/lib/python3.8/site-packages/airflow/example_dags/example_params_trigger_ui.py
[2025-09-06T19:36:09.713+0545] {processor.py:925} INFO - DAG(s) 'example_params_trigger_ui' retrieved from /home/ashok/miniconda3/envs/mysecondenvironment/lib/python3.8/site-packages/airflow/example_dags/example_params_trigger_ui.py
[2025-09-06T19:36:09.756+0545] {logging_mixin.py:190} INFO - [2025-09-06T19:36:09.755+0545] {dag.py:3239} INFO - Sync 1 DAGs
[2025-09-06T19:36:09.769+0545] {logging_mixin.py:190} INFO - [2025-09-06T19:36:09.769+0545] {dag.py:4180} INFO - Setting next_dagrun for example_params_trigger_ui to None, run_after=None
[2025-09-06T19:36:09.794+0545] {processor.py:208} INFO - Processing /home/ashok/miniconda3/envs/mysecondenvironment/lib/python3.8/site-packages/airflow/example_dags/example_params_trigger_ui.py took 0.104 seconds
[2025-09-06T19:37:08.797+0545] {processor.py:186} INFO - Started process (PID=44470) to work on /home/ashok/miniconda3/envs/mysecondenvironment/lib/python3.8/site-packages/airflow/example_dags/example_params_trigger_ui.py
[2025-09-06T19:37:08.800+0545] {processor.py:914} INFO - Processing file /home/ashok/miniconda3/envs/mysecondenvironment/lib/python3.8/site-packages/airflow/example_dags/example_params_trigger_ui.py for tasks to queue
[2025-09-06T19:37:08.802+0545] {logging_mixin.py:190} INFO - [2025-09-06T19:37:08.802+0545] {dagbag.py:588} INFO - Filling up the DagBag from /home/ashok/miniconda3/envs/mysecondenvironment/lib/python3.8/site-packages/airflow/example_dags/example_params_trigger_ui.py
[2025-09-06T19:37:08.815+0545] {processor.py:925} INFO - DAG(s) 'example_params_trigger_ui' retrieved from /home/ashok/miniconda3/envs/mysecondenvironment/lib/python3.8/site-packages/airflow/example_dags/example_params_trigger_ui.py
[2025-09-06T19:37:08.859+0545] {logging_mixin.py:190} INFO - [2025-09-06T19:37:08.858+0545] {dag.py:3239} INFO - Sync 1 DAGs
[2025-09-06T19:37:08.874+0545] {logging_mixin.py:190} INFO - [2025-09-06T19:37:08.873+0545] {dag.py:4180} INFO - Setting next_dagrun for example_params_trigger_ui to None, run_after=None
[2025-09-06T19:37:08.910+0545] {processor.py:208} INFO - Processing /home/ashok/miniconda3/envs/mysecondenvironment/lib/python3.8/site-packages/airflow/example_dags/example_params_trigger_ui.py took 0.120 seconds
[2025-09-06T19:38:08.511+0545] {processor.py:186} INFO - Started process (PID=44861) to work on /home/ashok/miniconda3/envs/mysecondenvironment/lib/python3.8/site-packages/airflow/example_dags/example_params_trigger_ui.py
[2025-09-06T19:38:08.513+0545] {processor.py:914} INFO - Processing file /home/ashok/miniconda3/envs/mysecondenvironment/lib/python3.8/site-packages/airflow/example_dags/example_params_trigger_ui.py for tasks to queue
[2025-09-06T19:38:08.516+0545] {logging_mixin.py:190} INFO - [2025-09-06T19:38:08.515+0545] {dagbag.py:588} INFO - Filling up the DagBag from /home/ashok/miniconda3/envs/mysecondenvironment/lib/python3.8/site-packages/airflow/example_dags/example_params_trigger_ui.py
[2025-09-06T19:38:08.529+0545] {processor.py:925} INFO - DAG(s) 'example_params_trigger_ui' retrieved from /home/ashok/miniconda3/envs/mysecondenvironment/lib/python3.8/site-packages/airflow/example_dags/example_params_trigger_ui.py
[2025-09-06T19:38:08.572+0545] {logging_mixin.py:190} INFO - [2025-09-06T19:38:08.572+0545] {dag.py:3239} INFO - Sync 1 DAGs
[2025-09-06T19:38:08.584+0545] {logging_mixin.py:190} INFO - [2025-09-06T19:38:08.584+0545] {dag.py:4180} INFO - Setting next_dagrun for example_params_trigger_ui to None, run_after=None
[2025-09-06T19:38:08.611+0545] {processor.py:208} INFO - Processing /home/ashok/miniconda3/envs/mysecondenvironment/lib/python3.8/site-packages/airflow/example_dags/example_params_trigger_ui.py took 0.108 seconds
[2025-09-06T19:39:08.785+0545] {processor.py:186} INFO - Started process (PID=45287) to work on /home/ashok/miniconda3/envs/mysecondenvironment/lib/python3.8/site-packages/airflow/example_dags/example_params_trigger_ui.py
[2025-09-06T19:39:08.787+0545] {processor.py:914} INFO - Processing file /home/ashok/miniconda3/envs/mysecondenvironment/lib/python3.8/site-packages/airflow/example_dags/example_params_trigger_ui.py for tasks to queue
[2025-09-06T19:39:08.790+0545] {logging_mixin.py:190} INFO - [2025-09-06T19:39:08.790+0545] {dagbag.py:588} INFO - Filling up the DagBag from /home/ashok/miniconda3/envs/mysecondenvironment/lib/python3.8/site-packages/airflow/example_dags/example_params_trigger_ui.py
[2025-09-06T19:39:08.802+0545] {processor.py:925} INFO - DAG(s) 'example_params_trigger_ui' retrieved from /home/ashok/miniconda3/envs/mysecondenvironment/lib/python3.8/site-packages/airflow/example_dags/example_params_trigger_ui.py
[2025-09-06T19:39:08.842+0545] {logging_mixin.py:190} INFO - [2025-09-06T19:39:08.842+0545] {dag.py:3239} INFO - Sync 1 DAGs
[2025-09-06T19:39:08.855+0545] {logging_mixin.py:190} INFO - [2025-09-06T19:39:08.855+0545] {dag.py:4180} INFO - Setting next_dagrun for example_params_trigger_ui to None, run_after=None
[2025-09-06T19:39:08.882+0545] {processor.py:208} INFO - Processing /home/ashok/miniconda3/envs/mysecondenvironment/lib/python3.8/site-packages/airflow/example_dags/example_params_trigger_ui.py took 0.105 seconds
[2025-09-06T19:40:06.142+0545] {processor.py:186} INFO - Started process (PID=45671) to work on /home/ashok/miniconda3/envs/mysecondenvironment/lib/python3.8/site-packages/airflow/example_dags/example_params_trigger_ui.py
[2025-09-06T19:40:06.145+0545] {processor.py:914} INFO - Processing file /home/ashok/miniconda3/envs/mysecondenvironment/lib/python3.8/site-packages/airflow/example_dags/example_params_trigger_ui.py for tasks to queue
[2025-09-06T19:40:06.148+0545] {logging_mixin.py:190} INFO - [2025-09-06T19:40:06.147+0545] {dagbag.py:588} INFO - Filling up the DagBag from /home/ashok/miniconda3/envs/mysecondenvironment/lib/python3.8/site-packages/airflow/example_dags/example_params_trigger_ui.py
[2025-09-06T19:40:06.160+0545] {processor.py:925} INFO - DAG(s) 'example_params_trigger_ui' retrieved from /home/ashok/miniconda3/envs/mysecondenvironment/lib/python3.8/site-packages/airflow/example_dags/example_params_trigger_ui.py
[2025-09-06T19:40:06.200+0545] {logging_mixin.py:190} INFO - [2025-09-06T19:40:06.199+0545] {dag.py:3239} INFO - Sync 1 DAGs
[2025-09-06T19:40:06.213+0545] {logging_mixin.py:190} INFO - [2025-09-06T19:40:06.212+0545] {dag.py:4180} INFO - Setting next_dagrun for example_params_trigger_ui to None, run_after=None
[2025-09-06T19:40:06.236+0545] {processor.py:208} INFO - Processing /home/ashok/miniconda3/envs/mysecondenvironment/lib/python3.8/site-packages/airflow/example_dags/example_params_trigger_ui.py took 0.101 seconds
[2025-09-06T19:41:12.273+0545] {processor.py:186} INFO - Started process (PID=46248) to work on /home/ashok/miniconda3/envs/mysecondenvironment/lib/python3.8/site-packages/airflow/example_dags/example_params_trigger_ui.py
[2025-09-06T19:41:12.275+0545] {processor.py:914} INFO - Processing file /home/ashok/miniconda3/envs/mysecondenvironment/lib/python3.8/site-packages/airflow/example_dags/example_params_trigger_ui.py for tasks to queue
[2025-09-06T19:41:12.278+0545] {logging_mixin.py:190} INFO - [2025-09-06T19:41:12.278+0545] {dagbag.py:588} INFO - Filling up the DagBag from /home/ashok/miniconda3/envs/mysecondenvironment/lib/python3.8/site-packages/airflow/example_dags/example_params_trigger_ui.py
[2025-09-06T19:41:12.292+0545] {processor.py:925} INFO - DAG(s) 'example_params_trigger_ui' retrieved from /home/ashok/miniconda3/envs/mysecondenvironment/lib/python3.8/site-packages/airflow/example_dags/example_params_trigger_ui.py
[2025-09-06T19:41:12.335+0545] {logging_mixin.py:190} INFO - [2025-09-06T19:41:12.334+0545] {dag.py:3239} INFO - Sync 1 DAGs
[2025-09-06T19:41:12.348+0545] {logging_mixin.py:190} INFO - [2025-09-06T19:41:12.348+0545] {dag.py:4180} INFO - Setting next_dagrun for example_params_trigger_ui to None, run_after=None
[2025-09-06T19:41:12.373+0545] {processor.py:208} INFO - Processing /home/ashok/miniconda3/envs/mysecondenvironment/lib/python3.8/site-packages/airflow/example_dags/example_params_trigger_ui.py took 0.109 seconds
[2025-09-06T19:42:13.536+0545] {processor.py:186} INFO - Started process (PID=46902) to work on /home/ashok/miniconda3/envs/mysecondenvironment/lib/python3.8/site-packages/airflow/example_dags/example_params_trigger_ui.py
[2025-09-06T19:42:13.538+0545] {processor.py:914} INFO - Processing file /home/ashok/miniconda3/envs/mysecondenvironment/lib/python3.8/site-packages/airflow/example_dags/example_params_trigger_ui.py for tasks to queue
[2025-09-06T19:42:13.539+0545] {logging_mixin.py:190} INFO - [2025-09-06T19:42:13.539+0545] {dagbag.py:588} INFO - Filling up the DagBag from /home/ashok/miniconda3/envs/mysecondenvironment/lib/python3.8/site-packages/airflow/example_dags/example_params_trigger_ui.py
[2025-09-06T19:42:13.548+0545] {processor.py:925} INFO - DAG(s) 'example_params_trigger_ui' retrieved from /home/ashok/miniconda3/envs/mysecondenvironment/lib/python3.8/site-packages/airflow/example_dags/example_params_trigger_ui.py
[2025-09-06T19:42:13.574+0545] {logging_mixin.py:190} INFO - [2025-09-06T19:42:13.574+0545] {dag.py:3239} INFO - Sync 1 DAGs
[2025-09-06T19:42:13.583+0545] {logging_mixin.py:190} INFO - [2025-09-06T19:42:13.582+0545] {dag.py:4180} INFO - Setting next_dagrun for example_params_trigger_ui to None, run_after=None
[2025-09-06T19:42:13.602+0545] {processor.py:208} INFO - Processing /home/ashok/miniconda3/envs/mysecondenvironment/lib/python3.8/site-packages/airflow/example_dags/example_params_trigger_ui.py took 0.073 seconds
[2025-09-06T19:43:12.542+0545] {processor.py:186} INFO - Started process (PID=47474) to work on /home/ashok/miniconda3/envs/mysecondenvironment/lib/python3.8/site-packages/airflow/example_dags/example_params_trigger_ui.py
[2025-09-06T19:43:12.545+0545] {processor.py:914} INFO - Processing file /home/ashok/miniconda3/envs/mysecondenvironment/lib/python3.8/site-packages/airflow/example_dags/example_params_trigger_ui.py for tasks to queue
[2025-09-06T19:43:12.547+0545] {logging_mixin.py:190} INFO - [2025-09-06T19:43:12.547+0545] {dagbag.py:588} INFO - Filling up the DagBag from /home/ashok/miniconda3/envs/mysecondenvironment/lib/python3.8/site-packages/airflow/example_dags/example_params_trigger_ui.py
[2025-09-06T19:43:12.559+0545] {processor.py:925} INFO - DAG(s) 'example_params_trigger_ui' retrieved from /home/ashok/miniconda3/envs/mysecondenvironment/lib/python3.8/site-packages/airflow/example_dags/example_params_trigger_ui.py
[2025-09-06T19:43:12.598+0545] {logging_mixin.py:190} INFO - [2025-09-06T19:43:12.598+0545] {dag.py:3239} INFO - Sync 1 DAGs
[2025-09-06T19:43:12.612+0545] {logging_mixin.py:190} INFO - [2025-09-06T19:43:12.612+0545] {dag.py:4180} INFO - Setting next_dagrun for example_params_trigger_ui to None, run_after=None
[2025-09-06T19:43:12.639+0545] {processor.py:208} INFO - Processing /home/ashok/miniconda3/envs/mysecondenvironment/lib/python3.8/site-packages/airflow/example_dags/example_params_trigger_ui.py took 0.105 seconds
[2025-09-06T19:44:15.067+0545] {processor.py:186} INFO - Started process (PID=48164) to work on /home/ashok/miniconda3/envs/mysecondenvironment/lib/python3.8/site-packages/airflow/example_dags/example_params_trigger_ui.py
[2025-09-06T19:44:15.069+0545] {processor.py:914} INFO - Processing file /home/ashok/miniconda3/envs/mysecondenvironment/lib/python3.8/site-packages/airflow/example_dags/example_params_trigger_ui.py for tasks to queue
[2025-09-06T19:44:15.070+0545] {logging_mixin.py:190} INFO - [2025-09-06T19:44:15.070+0545] {dagbag.py:588} INFO - Filling up the DagBag from /home/ashok/miniconda3/envs/mysecondenvironment/lib/python3.8/site-packages/airflow/example_dags/example_params_trigger_ui.py
[2025-09-06T19:44:15.077+0545] {processor.py:925} INFO - DAG(s) 'example_params_trigger_ui' retrieved from /home/ashok/miniconda3/envs/mysecondenvironment/lib/python3.8/site-packages/airflow/example_dags/example_params_trigger_ui.py
[2025-09-06T19:44:15.104+0545] {logging_mixin.py:190} INFO - [2025-09-06T19:44:15.104+0545] {dag.py:3239} INFO - Sync 1 DAGs
[2025-09-06T19:44:15.112+0545] {logging_mixin.py:190} INFO - [2025-09-06T19:44:15.112+0545] {dag.py:4180} INFO - Setting next_dagrun for example_params_trigger_ui to None, run_after=None
[2025-09-06T19:44:15.130+0545] {processor.py:208} INFO - Processing /home/ashok/miniconda3/envs/mysecondenvironment/lib/python3.8/site-packages/airflow/example_dags/example_params_trigger_ui.py took 0.069 seconds
[2025-09-06T19:45:13.177+0545] {processor.py:186} INFO - Started process (PID=48600) to work on /home/ashok/miniconda3/envs/mysecondenvironment/lib/python3.8/site-packages/airflow/example_dags/example_params_trigger_ui.py
[2025-09-06T19:45:13.180+0545] {processor.py:914} INFO - Processing file /home/ashok/miniconda3/envs/mysecondenvironment/lib/python3.8/site-packages/airflow/example_dags/example_params_trigger_ui.py for tasks to queue
[2025-09-06T19:45:13.182+0545] {logging_mixin.py:190} INFO - [2025-09-06T19:45:13.182+0545] {dagbag.py:588} INFO - Filling up the DagBag from /home/ashok/miniconda3/envs/mysecondenvironment/lib/python3.8/site-packages/airflow/example_dags/example_params_trigger_ui.py
[2025-09-06T19:45:13.194+0545] {processor.py:925} INFO - DAG(s) 'example_params_trigger_ui' retrieved from /home/ashok/miniconda3/envs/mysecondenvironment/lib/python3.8/site-packages/airflow/example_dags/example_params_trigger_ui.py
[2025-09-06T19:45:13.233+0545] {logging_mixin.py:190} INFO - [2025-09-06T19:45:13.232+0545] {dag.py:3239} INFO - Sync 1 DAGs
[2025-09-06T19:45:13.247+0545] {logging_mixin.py:190} INFO - [2025-09-06T19:45:13.247+0545] {dag.py:4180} INFO - Setting next_dagrun for example_params_trigger_ui to None, run_after=None
[2025-09-06T19:45:13.274+0545] {processor.py:208} INFO - Processing /home/ashok/miniconda3/envs/mysecondenvironment/lib/python3.8/site-packages/airflow/example_dags/example_params_trigger_ui.py took 0.105 seconds
[2025-09-06T19:46:16.996+0545] {processor.py:186} INFO - Started process (PID=49133) to work on /home/ashok/miniconda3/envs/mysecondenvironment/lib/python3.8/site-packages/airflow/example_dags/example_params_trigger_ui.py
[2025-09-06T19:46:16.999+0545] {processor.py:914} INFO - Processing file /home/ashok/miniconda3/envs/mysecondenvironment/lib/python3.8/site-packages/airflow/example_dags/example_params_trigger_ui.py for tasks to queue
[2025-09-06T19:46:17.002+0545] {logging_mixin.py:190} INFO - [2025-09-06T19:46:17.002+0545] {dagbag.py:588} INFO - Filling up the DagBag from /home/ashok/miniconda3/envs/mysecondenvironment/lib/python3.8/site-packages/airflow/example_dags/example_params_trigger_ui.py
[2025-09-06T19:46:17.016+0545] {processor.py:925} INFO - DAG(s) 'example_params_trigger_ui' retrieved from /home/ashok/miniconda3/envs/mysecondenvironment/lib/python3.8/site-packages/airflow/example_dags/example_params_trigger_ui.py
[2025-09-06T19:46:17.058+0545] {logging_mixin.py:190} INFO - [2025-09-06T19:46:17.058+0545] {dag.py:3239} INFO - Sync 1 DAGs
[2025-09-06T19:46:17.070+0545] {logging_mixin.py:190} INFO - [2025-09-06T19:46:17.070+0545] {dag.py:4180} INFO - Setting next_dagrun for example_params_trigger_ui to None, run_after=None
[2025-09-06T19:46:17.095+0545] {processor.py:208} INFO - Processing /home/ashok/miniconda3/envs/mysecondenvironment/lib/python3.8/site-packages/airflow/example_dags/example_params_trigger_ui.py took 0.106 seconds
[2025-09-06T19:47:17.467+0545] {processor.py:186} INFO - Started process (PID=49745) to work on /home/ashok/miniconda3/envs/mysecondenvironment/lib/python3.8/site-packages/airflow/example_dags/example_params_trigger_ui.py
[2025-09-06T19:47:17.470+0545] {processor.py:914} INFO - Processing file /home/ashok/miniconda3/envs/mysecondenvironment/lib/python3.8/site-packages/airflow/example_dags/example_params_trigger_ui.py for tasks to queue
[2025-09-06T19:47:17.473+0545] {logging_mixin.py:190} INFO - [2025-09-06T19:47:17.472+0545] {dagbag.py:588} INFO - Filling up the DagBag from /home/ashok/miniconda3/envs/mysecondenvironment/lib/python3.8/site-packages/airflow/example_dags/example_params_trigger_ui.py
[2025-09-06T19:47:17.485+0545] {processor.py:925} INFO - DAG(s) 'example_params_trigger_ui' retrieved from /home/ashok/miniconda3/envs/mysecondenvironment/lib/python3.8/site-packages/airflow/example_dags/example_params_trigger_ui.py
[2025-09-06T19:47:17.526+0545] {logging_mixin.py:190} INFO - [2025-09-06T19:47:17.525+0545] {dag.py:3239} INFO - Sync 1 DAGs
[2025-09-06T19:47:17.539+0545] {logging_mixin.py:190} INFO - [2025-09-06T19:47:17.539+0545] {dag.py:4180} INFO - Setting next_dagrun for example_params_trigger_ui to None, run_after=None
[2025-09-06T19:47:17.565+0545] {processor.py:208} INFO - Processing /home/ashok/miniconda3/envs/mysecondenvironment/lib/python3.8/site-packages/airflow/example_dags/example_params_trigger_ui.py took 0.105 seconds
[2025-09-06T19:48:18.472+0545] {processor.py:186} INFO - Started process (PID=50138) to work on /home/ashok/miniconda3/envs/mysecondenvironment/lib/python3.8/site-packages/airflow/example_dags/example_params_trigger_ui.py
[2025-09-06T19:48:18.474+0545] {processor.py:914} INFO - Processing file /home/ashok/miniconda3/envs/mysecondenvironment/lib/python3.8/site-packages/airflow/example_dags/example_params_trigger_ui.py for tasks to queue
[2025-09-06T19:48:18.477+0545] {logging_mixin.py:190} INFO - [2025-09-06T19:48:18.477+0545] {dagbag.py:588} INFO - Filling up the DagBag from /home/ashok/miniconda3/envs/mysecondenvironment/lib/python3.8/site-packages/airflow/example_dags/example_params_trigger_ui.py
[2025-09-06T19:48:18.491+0545] {processor.py:925} INFO - DAG(s) 'example_params_trigger_ui' retrieved from /home/ashok/miniconda3/envs/mysecondenvironment/lib/python3.8/site-packages/airflow/example_dags/example_params_trigger_ui.py
[2025-09-06T19:48:18.531+0545] {logging_mixin.py:190} INFO - [2025-09-06T19:48:18.531+0545] {dag.py:3239} INFO - Sync 1 DAGs
[2025-09-06T19:48:18.543+0545] {logging_mixin.py:190} INFO - [2025-09-06T19:48:18.543+0545] {dag.py:4180} INFO - Setting next_dagrun for example_params_trigger_ui to None, run_after=None
[2025-09-06T19:48:18.568+0545] {processor.py:208} INFO - Processing /home/ashok/miniconda3/envs/mysecondenvironment/lib/python3.8/site-packages/airflow/example_dags/example_params_trigger_ui.py took 0.103 seconds
