[2025-09-06T19:07:36.953+0545] {processor.py:186} INFO - Started process (PID=30637) to work on /home/ashok/miniconda3/envs/mysecondenvironment/lib/python3.8/site-packages/airflow/example_dags/example_latest_only_with_trigger.py
[2025-09-06T19:07:36.954+0545] {processor.py:914} INFO - Processing file /home/ashok/miniconda3/envs/mysecondenvironment/lib/python3.8/site-packages/airflow/example_dags/example_latest_only_with_trigger.py for tasks to queue
[2025-09-06T19:07:36.957+0545] {logging_mixin.py:190} INFO - [2025-09-06T19:07:36.957+0545] {dagbag.py:588} INFO - Filling up the DagBag from /home/ashok/miniconda3/envs/mysecondenvironment/lib/python3.8/site-packages/airflow/example_dags/example_latest_only_with_trigger.py
[2025-09-06T19:07:36.967+0545] {processor.py:925} INFO - DAG(s) 'latest_only_with_trigger' retrieved from /home/ashok/miniconda3/envs/mysecondenvironment/lib/python3.8/site-packages/airflow/example_dags/example_latest_only_with_trigger.py
[2025-09-06T19:07:36.986+0545] {logging_mixin.py:190} INFO - [2025-09-06T19:07:36.985+0545] {dag.py:3239} INFO - Sync 1 DAGs
[2025-09-06T19:07:37.005+0545] {logging_mixin.py:190} INFO - [2025-09-06T19:07:37.005+0545] {dag.py:4180} INFO - Setting next_dagrun for latest_only_with_trigger to 2025-09-06 08:00:00+00:00, run_after=2025-09-06 12:00:00+00:00
[2025-09-06T19:07:37.034+0545] {processor.py:208} INFO - Processing /home/ashok/miniconda3/envs/mysecondenvironment/lib/python3.8/site-packages/airflow/example_dags/example_latest_only_with_trigger.py took 0.088 seconds
[2025-09-06T19:08:43.215+0545] {processor.py:186} INFO - Started process (PID=31148) to work on /home/ashok/miniconda3/envs/mysecondenvironment/lib/python3.8/site-packages/airflow/example_dags/example_latest_only_with_trigger.py
[2025-09-06T19:08:43.218+0545] {processor.py:914} INFO - Processing file /home/ashok/miniconda3/envs/mysecondenvironment/lib/python3.8/site-packages/airflow/example_dags/example_latest_only_with_trigger.py for tasks to queue
[2025-09-06T19:08:43.221+0545] {logging_mixin.py:190} INFO - [2025-09-06T19:08:43.220+0545] {dagbag.py:588} INFO - Filling up the DagBag from /home/ashok/miniconda3/envs/mysecondenvironment/lib/python3.8/site-packages/airflow/example_dags/example_latest_only_with_trigger.py
[2025-09-06T19:08:43.230+0545] {processor.py:925} INFO - DAG(s) 'latest_only_with_trigger' retrieved from /home/ashok/miniconda3/envs/mysecondenvironment/lib/python3.8/site-packages/airflow/example_dags/example_latest_only_with_trigger.py
[2025-09-06T19:08:43.247+0545] {logging_mixin.py:190} INFO - [2025-09-06T19:08:43.247+0545] {dag.py:3239} INFO - Sync 1 DAGs
[2025-09-06T19:08:43.267+0545] {logging_mixin.py:190} INFO - [2025-09-06T19:08:43.267+0545] {dag.py:4180} INFO - Setting next_dagrun for latest_only_with_trigger to 2025-09-06 08:00:00+00:00, run_after=2025-09-06 12:00:00+00:00
[2025-09-06T19:08:43.295+0545] {processor.py:208} INFO - Processing /home/ashok/miniconda3/envs/mysecondenvironment/lib/python3.8/site-packages/airflow/example_dags/example_latest_only_with_trigger.py took 0.088 seconds
[2025-09-06T19:09:43.024+0545] {processor.py:186} INFO - Started process (PID=31599) to work on /home/ashok/miniconda3/envs/mysecondenvironment/lib/python3.8/site-packages/airflow/example_dags/example_latest_only_with_trigger.py
[2025-09-06T19:09:43.027+0545] {processor.py:914} INFO - Processing file /home/ashok/miniconda3/envs/mysecondenvironment/lib/python3.8/site-packages/airflow/example_dags/example_latest_only_with_trigger.py for tasks to queue
[2025-09-06T19:09:43.030+0545] {logging_mixin.py:190} INFO - [2025-09-06T19:09:43.029+0545] {dagbag.py:588} INFO - Filling up the DagBag from /home/ashok/miniconda3/envs/mysecondenvironment/lib/python3.8/site-packages/airflow/example_dags/example_latest_only_with_trigger.py
[2025-09-06T19:09:43.039+0545] {processor.py:925} INFO - DAG(s) 'latest_only_with_trigger' retrieved from /home/ashok/miniconda3/envs/mysecondenvironment/lib/python3.8/site-packages/airflow/example_dags/example_latest_only_with_trigger.py
[2025-09-06T19:09:43.057+0545] {logging_mixin.py:190} INFO - [2025-09-06T19:09:43.057+0545] {dag.py:3239} INFO - Sync 1 DAGs
[2025-09-06T19:09:43.077+0545] {logging_mixin.py:190} INFO - [2025-09-06T19:09:43.077+0545] {dag.py:4180} INFO - Setting next_dagrun for latest_only_with_trigger to 2025-09-06 08:00:00+00:00, run_after=2025-09-06 12:00:00+00:00
[2025-09-06T19:09:43.105+0545] {processor.py:208} INFO - Processing /home/ashok/miniconda3/envs/mysecondenvironment/lib/python3.8/site-packages/airflow/example_dags/example_latest_only_with_trigger.py took 0.088 seconds
[2025-09-06T19:10:43.096+0545] {processor.py:186} INFO - Started process (PID=32051) to work on /home/ashok/miniconda3/envs/mysecondenvironment/lib/python3.8/site-packages/airflow/example_dags/example_latest_only_with_trigger.py
[2025-09-06T19:10:43.099+0545] {processor.py:914} INFO - Processing file /home/ashok/miniconda3/envs/mysecondenvironment/lib/python3.8/site-packages/airflow/example_dags/example_latest_only_with_trigger.py for tasks to queue
[2025-09-06T19:10:43.101+0545] {logging_mixin.py:190} INFO - [2025-09-06T19:10:43.101+0545] {dagbag.py:588} INFO - Filling up the DagBag from /home/ashok/miniconda3/envs/mysecondenvironment/lib/python3.8/site-packages/airflow/example_dags/example_latest_only_with_trigger.py
[2025-09-06T19:10:43.110+0545] {processor.py:925} INFO - DAG(s) 'latest_only_with_trigger' retrieved from /home/ashok/miniconda3/envs/mysecondenvironment/lib/python3.8/site-packages/airflow/example_dags/example_latest_only_with_trigger.py
[2025-09-06T19:10:43.129+0545] {logging_mixin.py:190} INFO - [2025-09-06T19:10:43.128+0545] {dag.py:3239} INFO - Sync 1 DAGs
[2025-09-06T19:10:43.148+0545] {logging_mixin.py:190} INFO - [2025-09-06T19:10:43.148+0545] {dag.py:4180} INFO - Setting next_dagrun for latest_only_with_trigger to 2025-09-06 08:00:00+00:00, run_after=2025-09-06 12:00:00+00:00
[2025-09-06T19:10:43.177+0545] {processor.py:208} INFO - Processing /home/ashok/miniconda3/envs/mysecondenvironment/lib/python3.8/site-packages/airflow/example_dags/example_latest_only_with_trigger.py took 0.089 seconds
[2025-09-06T19:11:42.719+0545] {processor.py:186} INFO - Started process (PID=32467) to work on /home/ashok/miniconda3/envs/mysecondenvironment/lib/python3.8/site-packages/airflow/example_dags/example_latest_only_with_trigger.py
[2025-09-06T19:11:42.721+0545] {processor.py:914} INFO - Processing file /home/ashok/miniconda3/envs/mysecondenvironment/lib/python3.8/site-packages/airflow/example_dags/example_latest_only_with_trigger.py for tasks to queue
[2025-09-06T19:11:42.724+0545] {logging_mixin.py:190} INFO - [2025-09-06T19:11:42.724+0545] {dagbag.py:588} INFO - Filling up the DagBag from /home/ashok/miniconda3/envs/mysecondenvironment/lib/python3.8/site-packages/airflow/example_dags/example_latest_only_with_trigger.py
[2025-09-06T19:11:42.734+0545] {processor.py:925} INFO - DAG(s) 'latest_only_with_trigger' retrieved from /home/ashok/miniconda3/envs/mysecondenvironment/lib/python3.8/site-packages/airflow/example_dags/example_latest_only_with_trigger.py
[2025-09-06T19:11:42.751+0545] {logging_mixin.py:190} INFO - [2025-09-06T19:11:42.750+0545] {dag.py:3239} INFO - Sync 1 DAGs
[2025-09-06T19:11:42.771+0545] {logging_mixin.py:190} INFO - [2025-09-06T19:11:42.771+0545] {dag.py:4180} INFO - Setting next_dagrun for latest_only_with_trigger to 2025-09-06 08:00:00+00:00, run_after=2025-09-06 12:00:00+00:00
[2025-09-06T19:11:42.799+0545] {processor.py:208} INFO - Processing /home/ashok/miniconda3/envs/mysecondenvironment/lib/python3.8/site-packages/airflow/example_dags/example_latest_only_with_trigger.py took 0.088 seconds
[2025-09-06T19:12:44.088+0545] {processor.py:186} INFO - Started process (PID=32954) to work on /home/ashok/miniconda3/envs/mysecondenvironment/lib/python3.8/site-packages/airflow/example_dags/example_latest_only_with_trigger.py
[2025-09-06T19:12:44.091+0545] {processor.py:914} INFO - Processing file /home/ashok/miniconda3/envs/mysecondenvironment/lib/python3.8/site-packages/airflow/example_dags/example_latest_only_with_trigger.py for tasks to queue
[2025-09-06T19:12:44.095+0545] {logging_mixin.py:190} INFO - [2025-09-06T19:12:44.094+0545] {dagbag.py:588} INFO - Filling up the DagBag from /home/ashok/miniconda3/envs/mysecondenvironment/lib/python3.8/site-packages/airflow/example_dags/example_latest_only_with_trigger.py
[2025-09-06T19:12:44.104+0545] {processor.py:925} INFO - DAG(s) 'latest_only_with_trigger' retrieved from /home/ashok/miniconda3/envs/mysecondenvironment/lib/python3.8/site-packages/airflow/example_dags/example_latest_only_with_trigger.py
[2025-09-06T19:12:44.124+0545] {logging_mixin.py:190} INFO - [2025-09-06T19:12:44.124+0545] {dag.py:3239} INFO - Sync 1 DAGs
[2025-09-06T19:12:44.146+0545] {logging_mixin.py:190} INFO - [2025-09-06T19:12:44.146+0545] {dag.py:4180} INFO - Setting next_dagrun for latest_only_with_trigger to 2025-09-06 08:00:00+00:00, run_after=2025-09-06 12:00:00+00:00
[2025-09-06T19:12:44.174+0545] {processor.py:208} INFO - Processing /home/ashok/miniconda3/envs/mysecondenvironment/lib/python3.8/site-packages/airflow/example_dags/example_latest_only_with_trigger.py took 0.093 seconds
[2025-09-06T19:13:41.379+0545] {processor.py:186} INFO - Started process (PID=33336) to work on /home/ashok/miniconda3/envs/mysecondenvironment/lib/python3.8/site-packages/airflow/example_dags/example_latest_only_with_trigger.py
[2025-09-06T19:13:41.381+0545] {processor.py:914} INFO - Processing file /home/ashok/miniconda3/envs/mysecondenvironment/lib/python3.8/site-packages/airflow/example_dags/example_latest_only_with_trigger.py for tasks to queue
[2025-09-06T19:13:41.385+0545] {logging_mixin.py:190} INFO - [2025-09-06T19:13:41.384+0545] {dagbag.py:588} INFO - Filling up the DagBag from /home/ashok/miniconda3/envs/mysecondenvironment/lib/python3.8/site-packages/airflow/example_dags/example_latest_only_with_trigger.py
[2025-09-06T19:13:41.393+0545] {processor.py:925} INFO - DAG(s) 'latest_only_with_trigger' retrieved from /home/ashok/miniconda3/envs/mysecondenvironment/lib/python3.8/site-packages/airflow/example_dags/example_latest_only_with_trigger.py
[2025-09-06T19:13:41.413+0545] {logging_mixin.py:190} INFO - [2025-09-06T19:13:41.413+0545] {dag.py:3239} INFO - Sync 1 DAGs
[2025-09-06T19:13:41.432+0545] {logging_mixin.py:190} INFO - [2025-09-06T19:13:41.432+0545] {dag.py:4180} INFO - Setting next_dagrun for latest_only_with_trigger to 2025-09-06 08:00:00+00:00, run_after=2025-09-06 12:00:00+00:00
[2025-09-06T19:13:41.459+0545] {processor.py:208} INFO - Processing /home/ashok/miniconda3/envs/mysecondenvironment/lib/python3.8/site-packages/airflow/example_dags/example_latest_only_with_trigger.py took 0.088 seconds
[2025-09-06T19:14:44.146+0545] {processor.py:186} INFO - Started process (PID=33786) to work on /home/ashok/miniconda3/envs/mysecondenvironment/lib/python3.8/site-packages/airflow/example_dags/example_latest_only_with_trigger.py
[2025-09-06T19:14:44.148+0545] {processor.py:914} INFO - Processing file /home/ashok/miniconda3/envs/mysecondenvironment/lib/python3.8/site-packages/airflow/example_dags/example_latest_only_with_trigger.py for tasks to queue
[2025-09-06T19:14:44.151+0545] {logging_mixin.py:190} INFO - [2025-09-06T19:14:44.151+0545] {dagbag.py:588} INFO - Filling up the DagBag from /home/ashok/miniconda3/envs/mysecondenvironment/lib/python3.8/site-packages/airflow/example_dags/example_latest_only_with_trigger.py
[2025-09-06T19:14:44.160+0545] {processor.py:925} INFO - DAG(s) 'latest_only_with_trigger' retrieved from /home/ashok/miniconda3/envs/mysecondenvironment/lib/python3.8/site-packages/airflow/example_dags/example_latest_only_with_trigger.py
[2025-09-06T19:14:44.182+0545] {logging_mixin.py:190} INFO - [2025-09-06T19:14:44.182+0545] {dag.py:3239} INFO - Sync 1 DAGs
[2025-09-06T19:14:44.203+0545] {logging_mixin.py:190} INFO - [2025-09-06T19:14:44.202+0545] {dag.py:4180} INFO - Setting next_dagrun for latest_only_with_trigger to 2025-09-06 08:00:00+00:00, run_after=2025-09-06 12:00:00+00:00
[2025-09-06T19:14:44.229+0545] {processor.py:208} INFO - Processing /home/ashok/miniconda3/envs/mysecondenvironment/lib/python3.8/site-packages/airflow/example_dags/example_latest_only_with_trigger.py took 0.091 seconds
[2025-09-06T19:15:44.372+0545] {processor.py:186} INFO - Started process (PID=34216) to work on /home/ashok/miniconda3/envs/mysecondenvironment/lib/python3.8/site-packages/airflow/example_dags/example_latest_only_with_trigger.py
[2025-09-06T19:15:44.375+0545] {processor.py:914} INFO - Processing file /home/ashok/miniconda3/envs/mysecondenvironment/lib/python3.8/site-packages/airflow/example_dags/example_latest_only_with_trigger.py for tasks to queue
[2025-09-06T19:15:44.379+0545] {logging_mixin.py:190} INFO - [2025-09-06T19:15:44.378+0545] {dagbag.py:588} INFO - Filling up the DagBag from /home/ashok/miniconda3/envs/mysecondenvironment/lib/python3.8/site-packages/airflow/example_dags/example_latest_only_with_trigger.py
[2025-09-06T19:15:44.387+0545] {processor.py:925} INFO - DAG(s) 'latest_only_with_trigger' retrieved from /home/ashok/miniconda3/envs/mysecondenvironment/lib/python3.8/site-packages/airflow/example_dags/example_latest_only_with_trigger.py
[2025-09-06T19:15:44.404+0545] {logging_mixin.py:190} INFO - [2025-09-06T19:15:44.403+0545] {dag.py:3239} INFO - Sync 1 DAGs
[2025-09-06T19:15:44.425+0545] {logging_mixin.py:190} INFO - [2025-09-06T19:15:44.425+0545] {dag.py:4180} INFO - Setting next_dagrun for latest_only_with_trigger to 2025-09-06 08:00:00+00:00, run_after=2025-09-06 12:00:00+00:00
[2025-09-06T19:15:44.452+0545] {processor.py:208} INFO - Processing /home/ashok/miniconda3/envs/mysecondenvironment/lib/python3.8/site-packages/airflow/example_dags/example_latest_only_with_trigger.py took 0.087 seconds
[2025-09-06T19:16:43.763+0545] {processor.py:186} INFO - Started process (PID=34710) to work on /home/ashok/miniconda3/envs/mysecondenvironment/lib/python3.8/site-packages/airflow/example_dags/example_latest_only_with_trigger.py
[2025-09-06T19:16:43.766+0545] {processor.py:914} INFO - Processing file /home/ashok/miniconda3/envs/mysecondenvironment/lib/python3.8/site-packages/airflow/example_dags/example_latest_only_with_trigger.py for tasks to queue
[2025-09-06T19:16:43.769+0545] {logging_mixin.py:190} INFO - [2025-09-06T19:16:43.769+0545] {dagbag.py:588} INFO - Filling up the DagBag from /home/ashok/miniconda3/envs/mysecondenvironment/lib/python3.8/site-packages/airflow/example_dags/example_latest_only_with_trigger.py
[2025-09-06T19:16:43.778+0545] {processor.py:925} INFO - DAG(s) 'latest_only_with_trigger' retrieved from /home/ashok/miniconda3/envs/mysecondenvironment/lib/python3.8/site-packages/airflow/example_dags/example_latest_only_with_trigger.py
[2025-09-06T19:16:43.796+0545] {logging_mixin.py:190} INFO - [2025-09-06T19:16:43.795+0545] {dag.py:3239} INFO - Sync 1 DAGs
[2025-09-06T19:16:43.816+0545] {logging_mixin.py:190} INFO - [2025-09-06T19:16:43.816+0545] {dag.py:4180} INFO - Setting next_dagrun for latest_only_with_trigger to 2025-09-06 08:00:00+00:00, run_after=2025-09-06 12:00:00+00:00
[2025-09-06T19:16:43.844+0545] {processor.py:208} INFO - Processing /home/ashok/miniconda3/envs/mysecondenvironment/lib/python3.8/site-packages/airflow/example_dags/example_latest_only_with_trigger.py took 0.088 seconds
[2025-09-06T19:17:46.008+0545] {processor.py:186} INFO - Started process (PID=35132) to work on /home/ashok/miniconda3/envs/mysecondenvironment/lib/python3.8/site-packages/airflow/example_dags/example_latest_only_with_trigger.py
[2025-09-06T19:17:46.010+0545] {processor.py:914} INFO - Processing file /home/ashok/miniconda3/envs/mysecondenvironment/lib/python3.8/site-packages/airflow/example_dags/example_latest_only_with_trigger.py for tasks to queue
[2025-09-06T19:17:46.013+0545] {logging_mixin.py:190} INFO - [2025-09-06T19:17:46.012+0545] {dagbag.py:588} INFO - Filling up the DagBag from /home/ashok/miniconda3/envs/mysecondenvironment/lib/python3.8/site-packages/airflow/example_dags/example_latest_only_with_trigger.py
[2025-09-06T19:17:46.019+0545] {processor.py:925} INFO - DAG(s) 'latest_only_with_trigger' retrieved from /home/ashok/miniconda3/envs/mysecondenvironment/lib/python3.8/site-packages/airflow/example_dags/example_latest_only_with_trigger.py
[2025-09-06T19:17:46.034+0545] {logging_mixin.py:190} INFO - [2025-09-06T19:17:46.034+0545] {dag.py:3239} INFO - Sync 1 DAGs
[2025-09-06T19:17:46.054+0545] {logging_mixin.py:190} INFO - [2025-09-06T19:17:46.054+0545] {dag.py:4180} INFO - Setting next_dagrun for latest_only_with_trigger to 2025-09-06 08:00:00+00:00, run_after=2025-09-06 12:00:00+00:00
[2025-09-06T19:17:46.079+0545] {processor.py:208} INFO - Processing /home/ashok/miniconda3/envs/mysecondenvironment/lib/python3.8/site-packages/airflow/example_dags/example_latest_only_with_trigger.py took 0.078 seconds
[2025-09-06T19:18:47.393+0545] {processor.py:186} INFO - Started process (PID=35573) to work on /home/ashok/miniconda3/envs/mysecondenvironment/lib/python3.8/site-packages/airflow/example_dags/example_latest_only_with_trigger.py
[2025-09-06T19:18:47.395+0545] {processor.py:914} INFO - Processing file /home/ashok/miniconda3/envs/mysecondenvironment/lib/python3.8/site-packages/airflow/example_dags/example_latest_only_with_trigger.py for tasks to queue
[2025-09-06T19:18:47.398+0545] {logging_mixin.py:190} INFO - [2025-09-06T19:18:47.398+0545] {dagbag.py:588} INFO - Filling up the DagBag from /home/ashok/miniconda3/envs/mysecondenvironment/lib/python3.8/site-packages/airflow/example_dags/example_latest_only_with_trigger.py
[2025-09-06T19:18:47.407+0545] {processor.py:925} INFO - DAG(s) 'latest_only_with_trigger' retrieved from /home/ashok/miniconda3/envs/mysecondenvironment/lib/python3.8/site-packages/airflow/example_dags/example_latest_only_with_trigger.py
[2025-09-06T19:18:47.426+0545] {logging_mixin.py:190} INFO - [2025-09-06T19:18:47.426+0545] {dag.py:3239} INFO - Sync 1 DAGs
[2025-09-06T19:18:47.447+0545] {logging_mixin.py:190} INFO - [2025-09-06T19:18:47.447+0545] {dag.py:4180} INFO - Setting next_dagrun for latest_only_with_trigger to 2025-09-06 08:00:00+00:00, run_after=2025-09-06 12:00:00+00:00
[2025-09-06T19:18:47.474+0545] {processor.py:208} INFO - Processing /home/ashok/miniconda3/envs/mysecondenvironment/lib/python3.8/site-packages/airflow/example_dags/example_latest_only_with_trigger.py took 0.089 seconds
[2025-09-06T19:19:52.008+0545] {processor.py:186} INFO - Started process (PID=36078) to work on /home/ashok/miniconda3/envs/mysecondenvironment/lib/python3.8/site-packages/airflow/example_dags/example_latest_only_with_trigger.py
[2025-09-06T19:19:52.011+0545] {processor.py:914} INFO - Processing file /home/ashok/miniconda3/envs/mysecondenvironment/lib/python3.8/site-packages/airflow/example_dags/example_latest_only_with_trigger.py for tasks to queue
[2025-09-06T19:19:52.015+0545] {logging_mixin.py:190} INFO - [2025-09-06T19:19:52.014+0545] {dagbag.py:588} INFO - Filling up the DagBag from /home/ashok/miniconda3/envs/mysecondenvironment/lib/python3.8/site-packages/airflow/example_dags/example_latest_only_with_trigger.py
[2025-09-06T19:19:52.028+0545] {processor.py:925} INFO - DAG(s) 'latest_only_with_trigger' retrieved from /home/ashok/miniconda3/envs/mysecondenvironment/lib/python3.8/site-packages/airflow/example_dags/example_latest_only_with_trigger.py
[2025-09-06T19:19:52.055+0545] {logging_mixin.py:190} INFO - [2025-09-06T19:19:52.055+0545] {dag.py:3239} INFO - Sync 1 DAGs
[2025-09-06T19:19:52.092+0545] {logging_mixin.py:190} INFO - [2025-09-06T19:19:52.092+0545] {dag.py:4180} INFO - Setting next_dagrun for latest_only_with_trigger to 2025-09-06 08:00:00+00:00, run_after=2025-09-06 12:00:00+00:00
[2025-09-06T19:19:52.126+0545] {processor.py:208} INFO - Processing /home/ashok/miniconda3/envs/mysecondenvironment/lib/python3.8/site-packages/airflow/example_dags/example_latest_only_with_trigger.py took 0.130 seconds
[2025-09-06T19:20:51.308+0545] {processor.py:186} INFO - Started process (PID=36502) to work on /home/ashok/miniconda3/envs/mysecondenvironment/lib/python3.8/site-packages/airflow/example_dags/example_latest_only_with_trigger.py
[2025-09-06T19:20:51.311+0545] {processor.py:914} INFO - Processing file /home/ashok/miniconda3/envs/mysecondenvironment/lib/python3.8/site-packages/airflow/example_dags/example_latest_only_with_trigger.py for tasks to queue
[2025-09-06T19:20:51.314+0545] {logging_mixin.py:190} INFO - [2025-09-06T19:20:51.314+0545] {dagbag.py:588} INFO - Filling up the DagBag from /home/ashok/miniconda3/envs/mysecondenvironment/lib/python3.8/site-packages/airflow/example_dags/example_latest_only_with_trigger.py
[2025-09-06T19:20:51.323+0545] {processor.py:925} INFO - DAG(s) 'latest_only_with_trigger' retrieved from /home/ashok/miniconda3/envs/mysecondenvironment/lib/python3.8/site-packages/airflow/example_dags/example_latest_only_with_trigger.py
[2025-09-06T19:20:51.340+0545] {logging_mixin.py:190} INFO - [2025-09-06T19:20:51.340+0545] {dag.py:3239} INFO - Sync 1 DAGs
[2025-09-06T19:20:51.361+0545] {logging_mixin.py:190} INFO - [2025-09-06T19:20:51.361+0545] {dag.py:4180} INFO - Setting next_dagrun for latest_only_with_trigger to 2025-09-06 08:00:00+00:00, run_after=2025-09-06 12:00:00+00:00
[2025-09-06T19:20:51.387+0545] {processor.py:208} INFO - Processing /home/ashok/miniconda3/envs/mysecondenvironment/lib/python3.8/site-packages/airflow/example_dags/example_latest_only_with_trigger.py took 0.087 seconds
[2025-09-06T19:21:55.476+0545] {processor.py:186} INFO - Started process (PID=36970) to work on /home/ashok/miniconda3/envs/mysecondenvironment/lib/python3.8/site-packages/airflow/example_dags/example_latest_only_with_trigger.py
[2025-09-06T19:21:55.479+0545] {processor.py:914} INFO - Processing file /home/ashok/miniconda3/envs/mysecondenvironment/lib/python3.8/site-packages/airflow/example_dags/example_latest_only_with_trigger.py for tasks to queue
[2025-09-06T19:21:55.482+0545] {logging_mixin.py:190} INFO - [2025-09-06T19:21:55.481+0545] {dagbag.py:588} INFO - Filling up the DagBag from /home/ashok/miniconda3/envs/mysecondenvironment/lib/python3.8/site-packages/airflow/example_dags/example_latest_only_with_trigger.py
[2025-09-06T19:21:55.491+0545] {processor.py:925} INFO - DAG(s) 'latest_only_with_trigger' retrieved from /home/ashok/miniconda3/envs/mysecondenvironment/lib/python3.8/site-packages/airflow/example_dags/example_latest_only_with_trigger.py
[2025-09-06T19:21:55.509+0545] {logging_mixin.py:190} INFO - [2025-09-06T19:21:55.508+0545] {dag.py:3239} INFO - Sync 1 DAGs
[2025-09-06T19:21:55.529+0545] {logging_mixin.py:190} INFO - [2025-09-06T19:21:55.529+0545] {dag.py:4180} INFO - Setting next_dagrun for latest_only_with_trigger to 2025-09-06 08:00:00+00:00, run_after=2025-09-06 12:00:00+00:00
[2025-09-06T19:21:55.556+0545] {processor.py:208} INFO - Processing /home/ashok/miniconda3/envs/mysecondenvironment/lib/python3.8/site-packages/airflow/example_dags/example_latest_only_with_trigger.py took 0.089 seconds
[2025-09-06T19:22:56.704+0545] {processor.py:186} INFO - Started process (PID=37460) to work on /home/ashok/miniconda3/envs/mysecondenvironment/lib/python3.8/site-packages/airflow/example_dags/example_latest_only_with_trigger.py
[2025-09-06T19:22:56.707+0545] {processor.py:914} INFO - Processing file /home/ashok/miniconda3/envs/mysecondenvironment/lib/python3.8/site-packages/airflow/example_dags/example_latest_only_with_trigger.py for tasks to queue
[2025-09-06T19:22:56.710+0545] {logging_mixin.py:190} INFO - [2025-09-06T19:22:56.709+0545] {dagbag.py:588} INFO - Filling up the DagBag from /home/ashok/miniconda3/envs/mysecondenvironment/lib/python3.8/site-packages/airflow/example_dags/example_latest_only_with_trigger.py
[2025-09-06T19:22:56.719+0545] {processor.py:925} INFO - DAG(s) 'latest_only_with_trigger' retrieved from /home/ashok/miniconda3/envs/mysecondenvironment/lib/python3.8/site-packages/airflow/example_dags/example_latest_only_with_trigger.py
[2025-09-06T19:22:56.739+0545] {logging_mixin.py:190} INFO - [2025-09-06T19:22:56.739+0545] {dag.py:3239} INFO - Sync 1 DAGs
[2025-09-06T19:22:56.764+0545] {logging_mixin.py:190} INFO - [2025-09-06T19:22:56.764+0545] {dag.py:4180} INFO - Setting next_dagrun for latest_only_with_trigger to 2025-09-06 08:00:00+00:00, run_after=2025-09-06 12:00:00+00:00
[2025-09-06T19:22:56.794+0545] {processor.py:208} INFO - Processing /home/ashok/miniconda3/envs/mysecondenvironment/lib/python3.8/site-packages/airflow/example_dags/example_latest_only_with_trigger.py took 0.098 seconds
[2025-09-06T19:23:59.821+0545] {processor.py:186} INFO - Started process (PID=37901) to work on /home/ashok/miniconda3/envs/mysecondenvironment/lib/python3.8/site-packages/airflow/example_dags/example_latest_only_with_trigger.py
[2025-09-06T19:23:59.824+0545] {processor.py:914} INFO - Processing file /home/ashok/miniconda3/envs/mysecondenvironment/lib/python3.8/site-packages/airflow/example_dags/example_latest_only_with_trigger.py for tasks to queue
[2025-09-06T19:23:59.828+0545] {logging_mixin.py:190} INFO - [2025-09-06T19:23:59.827+0545] {dagbag.py:588} INFO - Filling up the DagBag from /home/ashok/miniconda3/envs/mysecondenvironment/lib/python3.8/site-packages/airflow/example_dags/example_latest_only_with_trigger.py
[2025-09-06T19:23:59.844+0545] {processor.py:925} INFO - DAG(s) 'latest_only_with_trigger' retrieved from /home/ashok/miniconda3/envs/mysecondenvironment/lib/python3.8/site-packages/airflow/example_dags/example_latest_only_with_trigger.py
[2025-09-06T19:23:59.874+0545] {logging_mixin.py:190} INFO - [2025-09-06T19:23:59.874+0545] {dag.py:3239} INFO - Sync 1 DAGs
[2025-09-06T19:23:59.903+0545] {logging_mixin.py:190} INFO - [2025-09-06T19:23:59.903+0545] {dag.py:4180} INFO - Setting next_dagrun for latest_only_with_trigger to 2025-09-06 08:00:00+00:00, run_after=2025-09-06 12:00:00+00:00
[2025-09-06T19:24:00.082+0545] {processor.py:208} INFO - Processing /home/ashok/miniconda3/envs/mysecondenvironment/lib/python3.8/site-packages/airflow/example_dags/example_latest_only_with_trigger.py took 0.273 seconds
[2025-09-06T19:25:16.743+0545] {processor.py:186} INFO - Started process (PID=38605) to work on /home/ashok/miniconda3/envs/mysecondenvironment/lib/python3.8/site-packages/airflow/example_dags/example_latest_only_with_trigger.py
[2025-09-06T19:25:16.746+0545] {processor.py:914} INFO - Processing file /home/ashok/miniconda3/envs/mysecondenvironment/lib/python3.8/site-packages/airflow/example_dags/example_latest_only_with_trigger.py for tasks to queue
[2025-09-06T19:25:16.748+0545] {logging_mixin.py:190} INFO - [2025-09-06T19:25:16.748+0545] {dagbag.py:588} INFO - Filling up the DagBag from /home/ashok/miniconda3/envs/mysecondenvironment/lib/python3.8/site-packages/airflow/example_dags/example_latest_only_with_trigger.py
[2025-09-06T19:25:16.756+0545] {processor.py:925} INFO - DAG(s) 'latest_only_with_trigger' retrieved from /home/ashok/miniconda3/envs/mysecondenvironment/lib/python3.8/site-packages/airflow/example_dags/example_latest_only_with_trigger.py
[2025-09-06T19:25:16.774+0545] {logging_mixin.py:190} INFO - [2025-09-06T19:25:16.774+0545] {dag.py:3239} INFO - Sync 1 DAGs
[2025-09-06T19:25:16.794+0545] {logging_mixin.py:190} INFO - [2025-09-06T19:25:16.794+0545] {dag.py:4180} INFO - Setting next_dagrun for latest_only_with_trigger to 2025-09-06 08:00:00+00:00, run_after=2025-09-06 12:00:00+00:00
[2025-09-06T19:25:16.822+0545] {processor.py:208} INFO - Processing /home/ashok/miniconda3/envs/mysecondenvironment/lib/python3.8/site-packages/airflow/example_dags/example_latest_only_with_trigger.py took 0.089 seconds
[2025-09-06T19:26:17.329+0545] {processor.py:186} INFO - Started process (PID=39150) to work on /home/ashok/miniconda3/envs/mysecondenvironment/lib/python3.8/site-packages/airflow/example_dags/example_latest_only_with_trigger.py
[2025-09-06T19:26:17.331+0545] {processor.py:914} INFO - Processing file /home/ashok/miniconda3/envs/mysecondenvironment/lib/python3.8/site-packages/airflow/example_dags/example_latest_only_with_trigger.py for tasks to queue
[2025-09-06T19:26:17.334+0545] {logging_mixin.py:190} INFO - [2025-09-06T19:26:17.334+0545] {dagbag.py:588} INFO - Filling up the DagBag from /home/ashok/miniconda3/envs/mysecondenvironment/lib/python3.8/site-packages/airflow/example_dags/example_latest_only_with_trigger.py
[2025-09-06T19:26:17.344+0545] {processor.py:925} INFO - DAG(s) 'latest_only_with_trigger' retrieved from /home/ashok/miniconda3/envs/mysecondenvironment/lib/python3.8/site-packages/airflow/example_dags/example_latest_only_with_trigger.py
[2025-09-06T19:26:17.364+0545] {logging_mixin.py:190} INFO - [2025-09-06T19:26:17.363+0545] {dag.py:3239} INFO - Sync 1 DAGs
[2025-09-06T19:26:17.386+0545] {logging_mixin.py:190} INFO - [2025-09-06T19:26:17.386+0545] {dag.py:4180} INFO - Setting next_dagrun for latest_only_with_trigger to 2025-09-06 08:00:00+00:00, run_after=2025-09-06 12:00:00+00:00
[2025-09-06T19:26:17.414+0545] {processor.py:208} INFO - Processing /home/ashok/miniconda3/envs/mysecondenvironment/lib/python3.8/site-packages/airflow/example_dags/example_latest_only_with_trigger.py took 0.094 seconds
[2025-09-06T19:27:18.889+0545] {processor.py:186} INFO - Started process (PID=39661) to work on /home/ashok/miniconda3/envs/mysecondenvironment/lib/python3.8/site-packages/airflow/example_dags/example_latest_only_with_trigger.py
[2025-09-06T19:27:18.892+0545] {processor.py:914} INFO - Processing file /home/ashok/miniconda3/envs/mysecondenvironment/lib/python3.8/site-packages/airflow/example_dags/example_latest_only_with_trigger.py for tasks to queue
[2025-09-06T19:27:18.895+0545] {logging_mixin.py:190} INFO - [2025-09-06T19:27:18.894+0545] {dagbag.py:588} INFO - Filling up the DagBag from /home/ashok/miniconda3/envs/mysecondenvironment/lib/python3.8/site-packages/airflow/example_dags/example_latest_only_with_trigger.py
[2025-09-06T19:27:18.904+0545] {processor.py:925} INFO - DAG(s) 'latest_only_with_trigger' retrieved from /home/ashok/miniconda3/envs/mysecondenvironment/lib/python3.8/site-packages/airflow/example_dags/example_latest_only_with_trigger.py
[2025-09-06T19:27:18.924+0545] {logging_mixin.py:190} INFO - [2025-09-06T19:27:18.923+0545] {dag.py:3239} INFO - Sync 1 DAGs
[2025-09-06T19:27:18.943+0545] {logging_mixin.py:190} INFO - [2025-09-06T19:27:18.943+0545] {dag.py:4180} INFO - Setting next_dagrun for latest_only_with_trigger to 2025-09-06 08:00:00+00:00, run_after=2025-09-06 12:00:00+00:00
[2025-09-06T19:27:18.969+0545] {processor.py:208} INFO - Processing /home/ashok/miniconda3/envs/mysecondenvironment/lib/python3.8/site-packages/airflow/example_dags/example_latest_only_with_trigger.py took 0.089 seconds
[2025-09-06T19:28:18.161+0545] {processor.py:186} INFO - Started process (PID=40089) to work on /home/ashok/miniconda3/envs/mysecondenvironment/lib/python3.8/site-packages/airflow/example_dags/example_latest_only_with_trigger.py
[2025-09-06T19:28:18.164+0545] {processor.py:914} INFO - Processing file /home/ashok/miniconda3/envs/mysecondenvironment/lib/python3.8/site-packages/airflow/example_dags/example_latest_only_with_trigger.py for tasks to queue
[2025-09-06T19:28:18.167+0545] {logging_mixin.py:190} INFO - [2025-09-06T19:28:18.167+0545] {dagbag.py:588} INFO - Filling up the DagBag from /home/ashok/miniconda3/envs/mysecondenvironment/lib/python3.8/site-packages/airflow/example_dags/example_latest_only_with_trigger.py
[2025-09-06T19:28:18.177+0545] {processor.py:925} INFO - DAG(s) 'latest_only_with_trigger' retrieved from /home/ashok/miniconda3/envs/mysecondenvironment/lib/python3.8/site-packages/airflow/example_dags/example_latest_only_with_trigger.py
[2025-09-06T19:28:18.198+0545] {logging_mixin.py:190} INFO - [2025-09-06T19:28:18.198+0545] {dag.py:3239} INFO - Sync 1 DAGs
[2025-09-06T19:28:18.220+0545] {logging_mixin.py:190} INFO - [2025-09-06T19:28:18.220+0545] {dag.py:4180} INFO - Setting next_dagrun for latest_only_with_trigger to 2025-09-06 08:00:00+00:00, run_after=2025-09-06 12:00:00+00:00
[2025-09-06T19:28:18.256+0545] {processor.py:208} INFO - Processing /home/ashok/miniconda3/envs/mysecondenvironment/lib/python3.8/site-packages/airflow/example_dags/example_latest_only_with_trigger.py took 0.103 seconds
[2025-09-06T19:29:16.553+0545] {processor.py:186} INFO - Started process (PID=40619) to work on /home/ashok/miniconda3/envs/mysecondenvironment/lib/python3.8/site-packages/airflow/example_dags/example_latest_only_with_trigger.py
[2025-09-06T19:29:16.556+0545] {processor.py:914} INFO - Processing file /home/ashok/miniconda3/envs/mysecondenvironment/lib/python3.8/site-packages/airflow/example_dags/example_latest_only_with_trigger.py for tasks to queue
[2025-09-06T19:29:16.559+0545] {logging_mixin.py:190} INFO - [2025-09-06T19:29:16.559+0545] {dagbag.py:588} INFO - Filling up the DagBag from /home/ashok/miniconda3/envs/mysecondenvironment/lib/python3.8/site-packages/airflow/example_dags/example_latest_only_with_trigger.py
[2025-09-06T19:29:16.567+0545] {processor.py:925} INFO - DAG(s) 'latest_only_with_trigger' retrieved from /home/ashok/miniconda3/envs/mysecondenvironment/lib/python3.8/site-packages/airflow/example_dags/example_latest_only_with_trigger.py
[2025-09-06T19:29:16.585+0545] {logging_mixin.py:190} INFO - [2025-09-06T19:29:16.585+0545] {dag.py:3239} INFO - Sync 1 DAGs
[2025-09-06T19:29:16.605+0545] {logging_mixin.py:190} INFO - [2025-09-06T19:29:16.605+0545] {dag.py:4180} INFO - Setting next_dagrun for latest_only_with_trigger to 2025-09-06 08:00:00+00:00, run_after=2025-09-06 12:00:00+00:00
[2025-09-06T19:29:16.632+0545] {processor.py:208} INFO - Processing /home/ashok/miniconda3/envs/mysecondenvironment/lib/python3.8/site-packages/airflow/example_dags/example_latest_only_with_trigger.py took 0.086 seconds
[2025-09-06T19:30:16.244+0545] {processor.py:186} INFO - Started process (PID=41148) to work on /home/ashok/miniconda3/envs/mysecondenvironment/lib/python3.8/site-packages/airflow/example_dags/example_latest_only_with_trigger.py
[2025-09-06T19:30:16.247+0545] {processor.py:914} INFO - Processing file /home/ashok/miniconda3/envs/mysecondenvironment/lib/python3.8/site-packages/airflow/example_dags/example_latest_only_with_trigger.py for tasks to queue
[2025-09-06T19:30:16.250+0545] {logging_mixin.py:190} INFO - [2025-09-06T19:30:16.250+0545] {dagbag.py:588} INFO - Filling up the DagBag from /home/ashok/miniconda3/envs/mysecondenvironment/lib/python3.8/site-packages/airflow/example_dags/example_latest_only_with_trigger.py
[2025-09-06T19:30:16.258+0545] {processor.py:925} INFO - DAG(s) 'latest_only_with_trigger' retrieved from /home/ashok/miniconda3/envs/mysecondenvironment/lib/python3.8/site-packages/airflow/example_dags/example_latest_only_with_trigger.py
[2025-09-06T19:30:16.275+0545] {logging_mixin.py:190} INFO - [2025-09-06T19:30:16.275+0545] {dag.py:3239} INFO - Sync 1 DAGs
[2025-09-06T19:30:16.295+0545] {logging_mixin.py:190} INFO - [2025-09-06T19:30:16.295+0545] {dag.py:4180} INFO - Setting next_dagrun for latest_only_with_trigger to 2025-09-06 08:00:00+00:00, run_after=2025-09-06 12:00:00+00:00
[2025-09-06T19:30:16.323+0545] {processor.py:208} INFO - Processing /home/ashok/miniconda3/envs/mysecondenvironment/lib/python3.8/site-packages/airflow/example_dags/example_latest_only_with_trigger.py took 0.086 seconds
[2025-09-06T19:31:16.546+0545] {processor.py:186} INFO - Started process (PID=41807) to work on /home/ashok/miniconda3/envs/mysecondenvironment/lib/python3.8/site-packages/airflow/example_dags/example_latest_only_with_trigger.py
[2025-09-06T19:31:16.549+0545] {processor.py:914} INFO - Processing file /home/ashok/miniconda3/envs/mysecondenvironment/lib/python3.8/site-packages/airflow/example_dags/example_latest_only_with_trigger.py for tasks to queue
[2025-09-06T19:31:16.552+0545] {logging_mixin.py:190} INFO - [2025-09-06T19:31:16.552+0545] {dagbag.py:588} INFO - Filling up the DagBag from /home/ashok/miniconda3/envs/mysecondenvironment/lib/python3.8/site-packages/airflow/example_dags/example_latest_only_with_trigger.py
[2025-09-06T19:31:16.561+0545] {processor.py:925} INFO - DAG(s) 'latest_only_with_trigger' retrieved from /home/ashok/miniconda3/envs/mysecondenvironment/lib/python3.8/site-packages/airflow/example_dags/example_latest_only_with_trigger.py
[2025-09-06T19:31:16.584+0545] {logging_mixin.py:190} INFO - [2025-09-06T19:31:16.584+0545] {dag.py:3239} INFO - Sync 1 DAGs
[2025-09-06T19:31:16.605+0545] {logging_mixin.py:190} INFO - [2025-09-06T19:31:16.605+0545] {dag.py:4180} INFO - Setting next_dagrun for latest_only_with_trigger to 2025-09-06 08:00:00+00:00, run_after=2025-09-06 12:00:00+00:00
[2025-09-06T19:31:16.637+0545] {processor.py:208} INFO - Processing /home/ashok/miniconda3/envs/mysecondenvironment/lib/python3.8/site-packages/airflow/example_dags/example_latest_only_with_trigger.py took 0.099 seconds
[2025-09-06T19:32:17.025+0545] {processor.py:186} INFO - Started process (PID=42297) to work on /home/ashok/miniconda3/envs/mysecondenvironment/lib/python3.8/site-packages/airflow/example_dags/example_latest_only_with_trigger.py
[2025-09-06T19:32:17.027+0545] {processor.py:914} INFO - Processing file /home/ashok/miniconda3/envs/mysecondenvironment/lib/python3.8/site-packages/airflow/example_dags/example_latest_only_with_trigger.py for tasks to queue
[2025-09-06T19:32:17.031+0545] {logging_mixin.py:190} INFO - [2025-09-06T19:32:17.031+0545] {dagbag.py:588} INFO - Filling up the DagBag from /home/ashok/miniconda3/envs/mysecondenvironment/lib/python3.8/site-packages/airflow/example_dags/example_latest_only_with_trigger.py
[2025-09-06T19:32:17.040+0545] {processor.py:925} INFO - DAG(s) 'latest_only_with_trigger' retrieved from /home/ashok/miniconda3/envs/mysecondenvironment/lib/python3.8/site-packages/airflow/example_dags/example_latest_only_with_trigger.py
[2025-09-06T19:32:17.058+0545] {logging_mixin.py:190} INFO - [2025-09-06T19:32:17.058+0545] {dag.py:3239} INFO - Sync 1 DAGs
[2025-09-06T19:32:17.078+0545] {logging_mixin.py:190} INFO - [2025-09-06T19:32:17.078+0545] {dag.py:4180} INFO - Setting next_dagrun for latest_only_with_trigger to 2025-09-06 08:00:00+00:00, run_after=2025-09-06 12:00:00+00:00
[2025-09-06T19:32:17.106+0545] {processor.py:208} INFO - Processing /home/ashok/miniconda3/envs/mysecondenvironment/lib/python3.8/site-packages/airflow/example_dags/example_latest_only_with_trigger.py took 0.090 seconds
[2025-09-06T19:33:17.044+0545] {processor.py:186} INFO - Started process (PID=42685) to work on /home/ashok/miniconda3/envs/mysecondenvironment/lib/python3.8/site-packages/airflow/example_dags/example_latest_only_with_trigger.py
[2025-09-06T19:33:17.047+0545] {processor.py:914} INFO - Processing file /home/ashok/miniconda3/envs/mysecondenvironment/lib/python3.8/site-packages/airflow/example_dags/example_latest_only_with_trigger.py for tasks to queue
[2025-09-06T19:33:17.051+0545] {logging_mixin.py:190} INFO - [2025-09-06T19:33:17.051+0545] {dagbag.py:588} INFO - Filling up the DagBag from /home/ashok/miniconda3/envs/mysecondenvironment/lib/python3.8/site-packages/airflow/example_dags/example_latest_only_with_trigger.py
[2025-09-06T19:33:17.060+0545] {processor.py:925} INFO - DAG(s) 'latest_only_with_trigger' retrieved from /home/ashok/miniconda3/envs/mysecondenvironment/lib/python3.8/site-packages/airflow/example_dags/example_latest_only_with_trigger.py
[2025-09-06T19:33:17.078+0545] {logging_mixin.py:190} INFO - [2025-09-06T19:33:17.078+0545] {dag.py:3239} INFO - Sync 1 DAGs
[2025-09-06T19:33:17.098+0545] {logging_mixin.py:190} INFO - [2025-09-06T19:33:17.098+0545] {dag.py:4180} INFO - Setting next_dagrun for latest_only_with_trigger to 2025-09-06 08:00:00+00:00, run_after=2025-09-06 12:00:00+00:00
[2025-09-06T19:33:17.125+0545] {processor.py:208} INFO - Processing /home/ashok/miniconda3/envs/mysecondenvironment/lib/python3.8/site-packages/airflow/example_dags/example_latest_only_with_trigger.py took 0.088 seconds
[2025-09-06T19:34:15.989+0545] {processor.py:186} INFO - Started process (PID=43071) to work on /home/ashok/miniconda3/envs/mysecondenvironment/lib/python3.8/site-packages/airflow/example_dags/example_latest_only_with_trigger.py
[2025-09-06T19:34:15.992+0545] {processor.py:914} INFO - Processing file /home/ashok/miniconda3/envs/mysecondenvironment/lib/python3.8/site-packages/airflow/example_dags/example_latest_only_with_trigger.py for tasks to queue
[2025-09-06T19:34:15.995+0545] {logging_mixin.py:190} INFO - [2025-09-06T19:34:15.994+0545] {dagbag.py:588} INFO - Filling up the DagBag from /home/ashok/miniconda3/envs/mysecondenvironment/lib/python3.8/site-packages/airflow/example_dags/example_latest_only_with_trigger.py
[2025-09-06T19:34:16.003+0545] {processor.py:925} INFO - DAG(s) 'latest_only_with_trigger' retrieved from /home/ashok/miniconda3/envs/mysecondenvironment/lib/python3.8/site-packages/airflow/example_dags/example_latest_only_with_trigger.py
[2025-09-06T19:34:16.021+0545] {logging_mixin.py:190} INFO - [2025-09-06T19:34:16.021+0545] {dag.py:3239} INFO - Sync 1 DAGs
[2025-09-06T19:34:16.041+0545] {logging_mixin.py:190} INFO - [2025-09-06T19:34:16.041+0545] {dag.py:4180} INFO - Setting next_dagrun for latest_only_with_trigger to 2025-09-06 08:00:00+00:00, run_after=2025-09-06 12:00:00+00:00
[2025-09-06T19:34:16.070+0545] {processor.py:208} INFO - Processing /home/ashok/miniconda3/envs/mysecondenvironment/lib/python3.8/site-packages/airflow/example_dags/example_latest_only_with_trigger.py took 0.088 seconds
[2025-09-06T19:35:17.726+0545] {processor.py:186} INFO - Started process (PID=43603) to work on /home/ashok/miniconda3/envs/mysecondenvironment/lib/python3.8/site-packages/airflow/example_dags/example_latest_only_with_trigger.py
[2025-09-06T19:35:17.728+0545] {processor.py:914} INFO - Processing file /home/ashok/miniconda3/envs/mysecondenvironment/lib/python3.8/site-packages/airflow/example_dags/example_latest_only_with_trigger.py for tasks to queue
[2025-09-06T19:35:17.733+0545] {logging_mixin.py:190} INFO - [2025-09-06T19:35:17.732+0545] {dagbag.py:588} INFO - Filling up the DagBag from /home/ashok/miniconda3/envs/mysecondenvironment/lib/python3.8/site-packages/airflow/example_dags/example_latest_only_with_trigger.py
[2025-09-06T19:35:17.745+0545] {processor.py:925} INFO - DAG(s) 'latest_only_with_trigger' retrieved from /home/ashok/miniconda3/envs/mysecondenvironment/lib/python3.8/site-packages/airflow/example_dags/example_latest_only_with_trigger.py
[2025-09-06T19:35:17.772+0545] {logging_mixin.py:190} INFO - [2025-09-06T19:35:17.772+0545] {dag.py:3239} INFO - Sync 1 DAGs
[2025-09-06T19:35:17.804+0545] {logging_mixin.py:190} INFO - [2025-09-06T19:35:17.804+0545] {dag.py:4180} INFO - Setting next_dagrun for latest_only_with_trigger to 2025-09-06 08:00:00+00:00, run_after=2025-09-06 12:00:00+00:00
[2025-09-06T19:35:17.837+0545] {processor.py:208} INFO - Processing /home/ashok/miniconda3/envs/mysecondenvironment/lib/python3.8/site-packages/airflow/example_dags/example_latest_only_with_trigger.py took 0.123 seconds
[2025-09-06T19:36:17.380+0545] {processor.py:186} INFO - Started process (PID=44072) to work on /home/ashok/miniconda3/envs/mysecondenvironment/lib/python3.8/site-packages/airflow/example_dags/example_latest_only_with_trigger.py
[2025-09-06T19:36:17.382+0545] {processor.py:914} INFO - Processing file /home/ashok/miniconda3/envs/mysecondenvironment/lib/python3.8/site-packages/airflow/example_dags/example_latest_only_with_trigger.py for tasks to queue
[2025-09-06T19:36:17.385+0545] {logging_mixin.py:190} INFO - [2025-09-06T19:36:17.385+0545] {dagbag.py:588} INFO - Filling up the DagBag from /home/ashok/miniconda3/envs/mysecondenvironment/lib/python3.8/site-packages/airflow/example_dags/example_latest_only_with_trigger.py
[2025-09-06T19:36:17.393+0545] {processor.py:925} INFO - DAG(s) 'latest_only_with_trigger' retrieved from /home/ashok/miniconda3/envs/mysecondenvironment/lib/python3.8/site-packages/airflow/example_dags/example_latest_only_with_trigger.py
[2025-09-06T19:36:17.411+0545] {logging_mixin.py:190} INFO - [2025-09-06T19:36:17.411+0545] {dag.py:3239} INFO - Sync 1 DAGs
[2025-09-06T19:36:17.430+0545] {logging_mixin.py:190} INFO - [2025-09-06T19:36:17.430+0545] {dag.py:4180} INFO - Setting next_dagrun for latest_only_with_trigger to 2025-09-06 08:00:00+00:00, run_after=2025-09-06 12:00:00+00:00
[2025-09-06T19:36:17.458+0545] {processor.py:208} INFO - Processing /home/ashok/miniconda3/envs/mysecondenvironment/lib/python3.8/site-packages/airflow/example_dags/example_latest_only_with_trigger.py took 0.086 seconds
[2025-09-06T19:37:16.495+0545] {processor.py:186} INFO - Started process (PID=44519) to work on /home/ashok/miniconda3/envs/mysecondenvironment/lib/python3.8/site-packages/airflow/example_dags/example_latest_only_with_trigger.py
[2025-09-06T19:37:16.496+0545] {processor.py:914} INFO - Processing file /home/ashok/miniconda3/envs/mysecondenvironment/lib/python3.8/site-packages/airflow/example_dags/example_latest_only_with_trigger.py for tasks to queue
[2025-09-06T19:37:16.500+0545] {logging_mixin.py:190} INFO - [2025-09-06T19:37:16.499+0545] {dagbag.py:588} INFO - Filling up the DagBag from /home/ashok/miniconda3/envs/mysecondenvironment/lib/python3.8/site-packages/airflow/example_dags/example_latest_only_with_trigger.py
[2025-09-06T19:37:16.508+0545] {processor.py:925} INFO - DAG(s) 'latest_only_with_trigger' retrieved from /home/ashok/miniconda3/envs/mysecondenvironment/lib/python3.8/site-packages/airflow/example_dags/example_latest_only_with_trigger.py
[2025-09-06T19:37:16.526+0545] {logging_mixin.py:190} INFO - [2025-09-06T19:37:16.525+0545] {dag.py:3239} INFO - Sync 1 DAGs
[2025-09-06T19:37:16.548+0545] {logging_mixin.py:190} INFO - [2025-09-06T19:37:16.548+0545] {dag.py:4180} INFO - Setting next_dagrun for latest_only_with_trigger to 2025-09-06 08:00:00+00:00, run_after=2025-09-06 12:00:00+00:00
[2025-09-06T19:37:16.573+0545] {processor.py:208} INFO - Processing /home/ashok/miniconda3/envs/mysecondenvironment/lib/python3.8/site-packages/airflow/example_dags/example_latest_only_with_trigger.py took 0.088 seconds
[2025-09-06T19:38:15.694+0545] {processor.py:186} INFO - Started process (PID=44904) to work on /home/ashok/miniconda3/envs/mysecondenvironment/lib/python3.8/site-packages/airflow/example_dags/example_latest_only_with_trigger.py
[2025-09-06T19:38:15.696+0545] {processor.py:914} INFO - Processing file /home/ashok/miniconda3/envs/mysecondenvironment/lib/python3.8/site-packages/airflow/example_dags/example_latest_only_with_trigger.py for tasks to queue
[2025-09-06T19:38:15.700+0545] {logging_mixin.py:190} INFO - [2025-09-06T19:38:15.699+0545] {dagbag.py:588} INFO - Filling up the DagBag from /home/ashok/miniconda3/envs/mysecondenvironment/lib/python3.8/site-packages/airflow/example_dags/example_latest_only_with_trigger.py
[2025-09-06T19:38:15.708+0545] {processor.py:925} INFO - DAG(s) 'latest_only_with_trigger' retrieved from /home/ashok/miniconda3/envs/mysecondenvironment/lib/python3.8/site-packages/airflow/example_dags/example_latest_only_with_trigger.py
[2025-09-06T19:38:15.726+0545] {logging_mixin.py:190} INFO - [2025-09-06T19:38:15.725+0545] {dag.py:3239} INFO - Sync 1 DAGs
[2025-09-06T19:38:15.745+0545] {logging_mixin.py:190} INFO - [2025-09-06T19:38:15.745+0545] {dag.py:4180} INFO - Setting next_dagrun for latest_only_with_trigger to 2025-09-06 08:00:00+00:00, run_after=2025-09-06 12:00:00+00:00
[2025-09-06T19:38:15.771+0545] {processor.py:208} INFO - Processing /home/ashok/miniconda3/envs/mysecondenvironment/lib/python3.8/site-packages/airflow/example_dags/example_latest_only_with_trigger.py took 0.086 seconds
[2025-09-06T19:39:14.477+0545] {processor.py:186} INFO - Started process (PID=45328) to work on /home/ashok/miniconda3/envs/mysecondenvironment/lib/python3.8/site-packages/airflow/example_dags/example_latest_only_with_trigger.py
[2025-09-06T19:39:14.480+0545] {processor.py:914} INFO - Processing file /home/ashok/miniconda3/envs/mysecondenvironment/lib/python3.8/site-packages/airflow/example_dags/example_latest_only_with_trigger.py for tasks to queue
[2025-09-06T19:39:14.483+0545] {logging_mixin.py:190} INFO - [2025-09-06T19:39:14.483+0545] {dagbag.py:588} INFO - Filling up the DagBag from /home/ashok/miniconda3/envs/mysecondenvironment/lib/python3.8/site-packages/airflow/example_dags/example_latest_only_with_trigger.py
[2025-09-06T19:39:14.492+0545] {processor.py:925} INFO - DAG(s) 'latest_only_with_trigger' retrieved from /home/ashok/miniconda3/envs/mysecondenvironment/lib/python3.8/site-packages/airflow/example_dags/example_latest_only_with_trigger.py
[2025-09-06T19:39:14.510+0545] {logging_mixin.py:190} INFO - [2025-09-06T19:39:14.510+0545] {dag.py:3239} INFO - Sync 1 DAGs
[2025-09-06T19:39:14.531+0545] {logging_mixin.py:190} INFO - [2025-09-06T19:39:14.531+0545] {dag.py:4180} INFO - Setting next_dagrun for latest_only_with_trigger to 2025-09-06 08:00:00+00:00, run_after=2025-09-06 12:00:00+00:00
[2025-09-06T19:39:14.557+0545] {processor.py:208} INFO - Processing /home/ashok/miniconda3/envs/mysecondenvironment/lib/python3.8/site-packages/airflow/example_dags/example_latest_only_with_trigger.py took 0.087 seconds
[2025-09-06T19:40:14.877+0545] {processor.py:186} INFO - Started process (PID=45726) to work on /home/ashok/miniconda3/envs/mysecondenvironment/lib/python3.8/site-packages/airflow/example_dags/example_latest_only_with_trigger.py
[2025-09-06T19:40:14.879+0545] {processor.py:914} INFO - Processing file /home/ashok/miniconda3/envs/mysecondenvironment/lib/python3.8/site-packages/airflow/example_dags/example_latest_only_with_trigger.py for tasks to queue
[2025-09-06T19:40:14.882+0545] {logging_mixin.py:190} INFO - [2025-09-06T19:40:14.882+0545] {dagbag.py:588} INFO - Filling up the DagBag from /home/ashok/miniconda3/envs/mysecondenvironment/lib/python3.8/site-packages/airflow/example_dags/example_latest_only_with_trigger.py
[2025-09-06T19:40:14.891+0545] {processor.py:925} INFO - DAG(s) 'latest_only_with_trigger' retrieved from /home/ashok/miniconda3/envs/mysecondenvironment/lib/python3.8/site-packages/airflow/example_dags/example_latest_only_with_trigger.py
[2025-09-06T19:40:14.909+0545] {logging_mixin.py:190} INFO - [2025-09-06T19:40:14.909+0545] {dag.py:3239} INFO - Sync 1 DAGs
[2025-09-06T19:40:14.929+0545] {logging_mixin.py:190} INFO - [2025-09-06T19:40:14.929+0545] {dag.py:4180} INFO - Setting next_dagrun for latest_only_with_trigger to 2025-09-06 08:00:00+00:00, run_after=2025-09-06 12:00:00+00:00
[2025-09-06T19:40:14.959+0545] {processor.py:208} INFO - Processing /home/ashok/miniconda3/envs/mysecondenvironment/lib/python3.8/site-packages/airflow/example_dags/example_latest_only_with_trigger.py took 0.089 seconds
[2025-09-06T19:41:20.345+0545] {processor.py:186} INFO - Started process (PID=46317) to work on /home/ashok/miniconda3/envs/mysecondenvironment/lib/python3.8/site-packages/airflow/example_dags/example_latest_only_with_trigger.py
[2025-09-06T19:41:20.348+0545] {processor.py:914} INFO - Processing file /home/ashok/miniconda3/envs/mysecondenvironment/lib/python3.8/site-packages/airflow/example_dags/example_latest_only_with_trigger.py for tasks to queue
[2025-09-06T19:41:20.351+0545] {logging_mixin.py:190} INFO - [2025-09-06T19:41:20.351+0545] {dagbag.py:588} INFO - Filling up the DagBag from /home/ashok/miniconda3/envs/mysecondenvironment/lib/python3.8/site-packages/airflow/example_dags/example_latest_only_with_trigger.py
[2025-09-06T19:41:20.360+0545] {processor.py:925} INFO - DAG(s) 'latest_only_with_trigger' retrieved from /home/ashok/miniconda3/envs/mysecondenvironment/lib/python3.8/site-packages/airflow/example_dags/example_latest_only_with_trigger.py
[2025-09-06T19:41:20.377+0545] {logging_mixin.py:190} INFO - [2025-09-06T19:41:20.377+0545] {dag.py:3239} INFO - Sync 1 DAGs
[2025-09-06T19:41:20.396+0545] {logging_mixin.py:190} INFO - [2025-09-06T19:41:20.396+0545] {dag.py:4180} INFO - Setting next_dagrun for latest_only_with_trigger to 2025-09-06 08:00:00+00:00, run_after=2025-09-06 12:00:00+00:00
[2025-09-06T19:41:20.424+0545] {processor.py:208} INFO - Processing /home/ashok/miniconda3/envs/mysecondenvironment/lib/python3.8/site-packages/airflow/example_dags/example_latest_only_with_trigger.py took 0.086 seconds
[2025-09-06T19:42:21.465+0545] {processor.py:186} INFO - Started process (PID=46966) to work on /home/ashok/miniconda3/envs/mysecondenvironment/lib/python3.8/site-packages/airflow/example_dags/example_latest_only_with_trigger.py
[2025-09-06T19:42:21.467+0545] {processor.py:914} INFO - Processing file /home/ashok/miniconda3/envs/mysecondenvironment/lib/python3.8/site-packages/airflow/example_dags/example_latest_only_with_trigger.py for tasks to queue
[2025-09-06T19:42:21.470+0545] {logging_mixin.py:190} INFO - [2025-09-06T19:42:21.470+0545] {dagbag.py:588} INFO - Filling up the DagBag from /home/ashok/miniconda3/envs/mysecondenvironment/lib/python3.8/site-packages/airflow/example_dags/example_latest_only_with_trigger.py
[2025-09-06T19:42:21.480+0545] {processor.py:925} INFO - DAG(s) 'latest_only_with_trigger' retrieved from /home/ashok/miniconda3/envs/mysecondenvironment/lib/python3.8/site-packages/airflow/example_dags/example_latest_only_with_trigger.py
[2025-09-06T19:42:21.499+0545] {logging_mixin.py:190} INFO - [2025-09-06T19:42:21.498+0545] {dag.py:3239} INFO - Sync 1 DAGs
[2025-09-06T19:42:21.521+0545] {logging_mixin.py:190} INFO - [2025-09-06T19:42:21.521+0545] {dag.py:4180} INFO - Setting next_dagrun for latest_only_with_trigger to 2025-09-06 08:00:00+00:00, run_after=2025-09-06 12:00:00+00:00
[2025-09-06T19:42:21.549+0545] {processor.py:208} INFO - Processing /home/ashok/miniconda3/envs/mysecondenvironment/lib/python3.8/site-packages/airflow/example_dags/example_latest_only_with_trigger.py took 0.093 seconds
[2025-09-06T19:43:20.534+0545] {processor.py:186} INFO - Started process (PID=47528) to work on /home/ashok/miniconda3/envs/mysecondenvironment/lib/python3.8/site-packages/airflow/example_dags/example_latest_only_with_trigger.py
[2025-09-06T19:43:20.536+0545] {processor.py:914} INFO - Processing file /home/ashok/miniconda3/envs/mysecondenvironment/lib/python3.8/site-packages/airflow/example_dags/example_latest_only_with_trigger.py for tasks to queue
[2025-09-06T19:43:20.540+0545] {logging_mixin.py:190} INFO - [2025-09-06T19:43:20.539+0545] {dagbag.py:588} INFO - Filling up the DagBag from /home/ashok/miniconda3/envs/mysecondenvironment/lib/python3.8/site-packages/airflow/example_dags/example_latest_only_with_trigger.py
[2025-09-06T19:43:20.548+0545] {processor.py:925} INFO - DAG(s) 'latest_only_with_trigger' retrieved from /home/ashok/miniconda3/envs/mysecondenvironment/lib/python3.8/site-packages/airflow/example_dags/example_latest_only_with_trigger.py
[2025-09-06T19:43:20.567+0545] {logging_mixin.py:190} INFO - [2025-09-06T19:43:20.566+0545] {dag.py:3239} INFO - Sync 1 DAGs
[2025-09-06T19:43:20.587+0545] {logging_mixin.py:190} INFO - [2025-09-06T19:43:20.587+0545] {dag.py:4180} INFO - Setting next_dagrun for latest_only_with_trigger to 2025-09-06 08:00:00+00:00, run_after=2025-09-06 12:00:00+00:00
[2025-09-06T19:43:20.613+0545] {processor.py:208} INFO - Processing /home/ashok/miniconda3/envs/mysecondenvironment/lib/python3.8/site-packages/airflow/example_dags/example_latest_only_with_trigger.py took 0.088 seconds
[2025-09-06T19:44:22.286+0545] {processor.py:186} INFO - Started process (PID=48245) to work on /home/ashok/miniconda3/envs/mysecondenvironment/lib/python3.8/site-packages/airflow/example_dags/example_latest_only_with_trigger.py
[2025-09-06T19:44:22.288+0545] {processor.py:914} INFO - Processing file /home/ashok/miniconda3/envs/mysecondenvironment/lib/python3.8/site-packages/airflow/example_dags/example_latest_only_with_trigger.py for tasks to queue
[2025-09-06T19:44:22.292+0545] {logging_mixin.py:190} INFO - [2025-09-06T19:44:22.291+0545] {dagbag.py:588} INFO - Filling up the DagBag from /home/ashok/miniconda3/envs/mysecondenvironment/lib/python3.8/site-packages/airflow/example_dags/example_latest_only_with_trigger.py
[2025-09-06T19:44:22.300+0545] {processor.py:925} INFO - DAG(s) 'latest_only_with_trigger' retrieved from /home/ashok/miniconda3/envs/mysecondenvironment/lib/python3.8/site-packages/airflow/example_dags/example_latest_only_with_trigger.py
[2025-09-06T19:44:22.319+0545] {logging_mixin.py:190} INFO - [2025-09-06T19:44:22.318+0545] {dag.py:3239} INFO - Sync 1 DAGs
[2025-09-06T19:44:22.345+0545] {logging_mixin.py:190} INFO - [2025-09-06T19:44:22.345+0545] {dag.py:4180} INFO - Setting next_dagrun for latest_only_with_trigger to 2025-09-06 08:00:00+00:00, run_after=2025-09-06 12:00:00+00:00
[2025-09-06T19:44:22.375+0545] {processor.py:208} INFO - Processing /home/ashok/miniconda3/envs/mysecondenvironment/lib/python3.8/site-packages/airflow/example_dags/example_latest_only_with_trigger.py took 0.097 seconds
[2025-09-06T19:45:21.357+0545] {processor.py:186} INFO - Started process (PID=48649) to work on /home/ashok/miniconda3/envs/mysecondenvironment/lib/python3.8/site-packages/airflow/example_dags/example_latest_only_with_trigger.py
[2025-09-06T19:45:21.359+0545] {processor.py:914} INFO - Processing file /home/ashok/miniconda3/envs/mysecondenvironment/lib/python3.8/site-packages/airflow/example_dags/example_latest_only_with_trigger.py for tasks to queue
[2025-09-06T19:45:21.362+0545] {logging_mixin.py:190} INFO - [2025-09-06T19:45:21.362+0545] {dagbag.py:588} INFO - Filling up the DagBag from /home/ashok/miniconda3/envs/mysecondenvironment/lib/python3.8/site-packages/airflow/example_dags/example_latest_only_with_trigger.py
[2025-09-06T19:45:21.372+0545] {processor.py:925} INFO - DAG(s) 'latest_only_with_trigger' retrieved from /home/ashok/miniconda3/envs/mysecondenvironment/lib/python3.8/site-packages/airflow/example_dags/example_latest_only_with_trigger.py
[2025-09-06T19:45:21.390+0545] {logging_mixin.py:190} INFO - [2025-09-06T19:45:21.390+0545] {dag.py:3239} INFO - Sync 1 DAGs
[2025-09-06T19:45:21.411+0545] {logging_mixin.py:190} INFO - [2025-09-06T19:45:21.411+0545] {dag.py:4180} INFO - Setting next_dagrun for latest_only_with_trigger to 2025-09-06 08:00:00+00:00, run_after=2025-09-06 12:00:00+00:00
[2025-09-06T19:45:21.437+0545] {processor.py:208} INFO - Processing /home/ashok/miniconda3/envs/mysecondenvironment/lib/python3.8/site-packages/airflow/example_dags/example_latest_only_with_trigger.py took 0.088 seconds
[2025-09-06T19:46:25.462+0545] {processor.py:186} INFO - Started process (PID=49280) to work on /home/ashok/miniconda3/envs/mysecondenvironment/lib/python3.8/site-packages/airflow/example_dags/example_latest_only_with_trigger.py
[2025-09-06T19:46:25.465+0545] {processor.py:914} INFO - Processing file /home/ashok/miniconda3/envs/mysecondenvironment/lib/python3.8/site-packages/airflow/example_dags/example_latest_only_with_trigger.py for tasks to queue
[2025-09-06T19:46:25.469+0545] {logging_mixin.py:190} INFO - [2025-09-06T19:46:25.468+0545] {dagbag.py:588} INFO - Filling up the DagBag from /home/ashok/miniconda3/envs/mysecondenvironment/lib/python3.8/site-packages/airflow/example_dags/example_latest_only_with_trigger.py
[2025-09-06T19:46:25.482+0545] {processor.py:925} INFO - DAG(s) 'latest_only_with_trigger' retrieved from /home/ashok/miniconda3/envs/mysecondenvironment/lib/python3.8/site-packages/airflow/example_dags/example_latest_only_with_trigger.py
[2025-09-06T19:46:25.508+0545] {logging_mixin.py:190} INFO - [2025-09-06T19:46:25.508+0545] {dag.py:3239} INFO - Sync 1 DAGs
[2025-09-06T19:46:25.537+0545] {logging_mixin.py:190} INFO - [2025-09-06T19:46:25.537+0545] {dag.py:4180} INFO - Setting next_dagrun for latest_only_with_trigger to 2025-09-06 08:00:00+00:00, run_after=2025-09-06 12:00:00+00:00
[2025-09-06T19:46:25.567+0545] {processor.py:208} INFO - Processing /home/ashok/miniconda3/envs/mysecondenvironment/lib/python3.8/site-packages/airflow/example_dags/example_latest_only_with_trigger.py took 0.114 seconds
[2025-09-06T19:47:25.296+0545] {processor.py:186} INFO - Started process (PID=49796) to work on /home/ashok/miniconda3/envs/mysecondenvironment/lib/python3.8/site-packages/airflow/example_dags/example_latest_only_with_trigger.py
[2025-09-06T19:47:25.298+0545] {processor.py:914} INFO - Processing file /home/ashok/miniconda3/envs/mysecondenvironment/lib/python3.8/site-packages/airflow/example_dags/example_latest_only_with_trigger.py for tasks to queue
[2025-09-06T19:47:25.302+0545] {logging_mixin.py:190} INFO - [2025-09-06T19:47:25.301+0545] {dagbag.py:588} INFO - Filling up the DagBag from /home/ashok/miniconda3/envs/mysecondenvironment/lib/python3.8/site-packages/airflow/example_dags/example_latest_only_with_trigger.py
[2025-09-06T19:47:25.310+0545] {processor.py:925} INFO - DAG(s) 'latest_only_with_trigger' retrieved from /home/ashok/miniconda3/envs/mysecondenvironment/lib/python3.8/site-packages/airflow/example_dags/example_latest_only_with_trigger.py
[2025-09-06T19:47:25.329+0545] {logging_mixin.py:190} INFO - [2025-09-06T19:47:25.328+0545] {dag.py:3239} INFO - Sync 1 DAGs
[2025-09-06T19:47:25.349+0545] {logging_mixin.py:190} INFO - [2025-09-06T19:47:25.348+0545] {dag.py:4180} INFO - Setting next_dagrun for latest_only_with_trigger to 2025-09-06 08:00:00+00:00, run_after=2025-09-06 12:00:00+00:00
[2025-09-06T19:47:25.373+0545] {processor.py:208} INFO - Processing /home/ashok/miniconda3/envs/mysecondenvironment/lib/python3.8/site-packages/airflow/example_dags/example_latest_only_with_trigger.py took 0.086 seconds
[2025-09-06T19:48:27.413+0545] {processor.py:186} INFO - Started process (PID=50234) to work on /home/ashok/miniconda3/envs/mysecondenvironment/lib/python3.8/site-packages/airflow/example_dags/example_latest_only_with_trigger.py
[2025-09-06T19:48:27.415+0545] {processor.py:914} INFO - Processing file /home/ashok/miniconda3/envs/mysecondenvironment/lib/python3.8/site-packages/airflow/example_dags/example_latest_only_with_trigger.py for tasks to queue
[2025-09-06T19:48:27.418+0545] {logging_mixin.py:190} INFO - [2025-09-06T19:48:27.417+0545] {dagbag.py:588} INFO - Filling up the DagBag from /home/ashok/miniconda3/envs/mysecondenvironment/lib/python3.8/site-packages/airflow/example_dags/example_latest_only_with_trigger.py
[2025-09-06T19:48:27.424+0545] {processor.py:925} INFO - DAG(s) 'latest_only_with_trigger' retrieved from /home/ashok/miniconda3/envs/mysecondenvironment/lib/python3.8/site-packages/airflow/example_dags/example_latest_only_with_trigger.py
[2025-09-06T19:48:27.437+0545] {logging_mixin.py:190} INFO - [2025-09-06T19:48:27.436+0545] {dag.py:3239} INFO - Sync 1 DAGs
[2025-09-06T19:48:27.449+0545] {logging_mixin.py:190} INFO - [2025-09-06T19:48:27.449+0545] {dag.py:4180} INFO - Setting next_dagrun for latest_only_with_trigger to 2025-09-06 08:00:00+00:00, run_after=2025-09-06 12:00:00+00:00
[2025-09-06T19:48:27.468+0545] {processor.py:208} INFO - Processing /home/ashok/miniconda3/envs/mysecondenvironment/lib/python3.8/site-packages/airflow/example_dags/example_latest_only_with_trigger.py took 0.059 seconds
