[2025-09-06T19:07:50.255+0545] {processor.py:186} INFO - Started process (PID=30717) to work on /home/ashok/miniconda3/envs/mysecondenvironment/lib/python3.8/site-packages/airflow/example_dags/example_branch_datetime_operator.py
[2025-09-06T19:07:50.257+0545] {processor.py:914} INFO - Processing file /home/ashok/miniconda3/envs/mysecondenvironment/lib/python3.8/site-packages/airflow/example_dags/example_branch_datetime_operator.py for tasks to queue
[2025-09-06T19:07:50.259+0545] {logging_mixin.py:190} INFO - [2025-09-06T19:07:50.259+0545] {dagbag.py:588} INFO - Filling up the DagBag from /home/ashok/miniconda3/envs/mysecondenvironment/lib/python3.8/site-packages/airflow/example_dags/example_branch_datetime_operator.py
[2025-09-06T19:07:50.273+0545] {processor.py:925} INFO - DAG(s) 'example_branch_datetime_operator', 'example_branch_datetime_operator_3', 'example_branch_datetime_operator_2' retrieved from /home/ashok/miniconda3/envs/mysecondenvironment/lib/python3.8/site-packages/airflow/example_dags/example_branch_datetime_operator.py
[2025-09-06T19:07:50.296+0545] {logging_mixin.py:190} INFO - [2025-09-06T19:07:50.295+0545] {dag.py:3239} INFO - Sync 3 DAGs
[2025-09-06T19:07:50.317+0545] {logging_mixin.py:190} INFO - [2025-09-06T19:07:50.317+0545] {dag.py:4180} INFO - Setting next_dagrun for example_branch_datetime_operator to 2025-09-05 00:00:00+00:00, run_after=2025-09-06 00:00:00+00:00
[2025-09-06T19:07:50.321+0545] {logging_mixin.py:190} INFO - [2025-09-06T19:07:50.321+0545] {dag.py:4180} INFO - Setting next_dagrun for example_branch_datetime_operator_2 to 2025-09-05 00:00:00+00:00, run_after=2025-09-06 00:00:00+00:00
[2025-09-06T19:07:50.323+0545] {logging_mixin.py:190} INFO - [2025-09-06T19:07:50.323+0545] {dag.py:4180} INFO - Setting next_dagrun for example_branch_datetime_operator_3 to 2025-09-05 00:00:00+00:00, run_after=2025-09-06 00:00:00+00:00
[2025-09-06T19:07:50.351+0545] {processor.py:208} INFO - Processing /home/ashok/miniconda3/envs/mysecondenvironment/lib/python3.8/site-packages/airflow/example_dags/example_branch_datetime_operator.py took 0.103 seconds
[2025-09-06T19:08:55.264+0545] {processor.py:186} INFO - Started process (PID=31253) to work on /home/ashok/miniconda3/envs/mysecondenvironment/lib/python3.8/site-packages/airflow/example_dags/example_branch_datetime_operator.py
[2025-09-06T19:08:55.267+0545] {processor.py:914} INFO - Processing file /home/ashok/miniconda3/envs/mysecondenvironment/lib/python3.8/site-packages/airflow/example_dags/example_branch_datetime_operator.py for tasks to queue
[2025-09-06T19:08:55.269+0545] {logging_mixin.py:190} INFO - [2025-09-06T19:08:55.269+0545] {dagbag.py:588} INFO - Filling up the DagBag from /home/ashok/miniconda3/envs/mysecondenvironment/lib/python3.8/site-packages/airflow/example_dags/example_branch_datetime_operator.py
[2025-09-06T19:08:55.283+0545] {processor.py:925} INFO - DAG(s) 'example_branch_datetime_operator_3', 'example_branch_datetime_operator', 'example_branch_datetime_operator_2' retrieved from /home/ashok/miniconda3/envs/mysecondenvironment/lib/python3.8/site-packages/airflow/example_dags/example_branch_datetime_operator.py
[2025-09-06T19:08:55.305+0545] {logging_mixin.py:190} INFO - [2025-09-06T19:08:55.305+0545] {dag.py:3239} INFO - Sync 3 DAGs
[2025-09-06T19:08:55.326+0545] {logging_mixin.py:190} INFO - [2025-09-06T19:08:55.326+0545] {dag.py:4180} INFO - Setting next_dagrun for example_branch_datetime_operator to 2025-09-05 00:00:00+00:00, run_after=2025-09-06 00:00:00+00:00
[2025-09-06T19:08:55.330+0545] {logging_mixin.py:190} INFO - [2025-09-06T19:08:55.330+0545] {dag.py:4180} INFO - Setting next_dagrun for example_branch_datetime_operator_2 to 2025-09-05 00:00:00+00:00, run_after=2025-09-06 00:00:00+00:00
[2025-09-06T19:08:55.332+0545] {logging_mixin.py:190} INFO - [2025-09-06T19:08:55.332+0545] {dag.py:4180} INFO - Setting next_dagrun for example_branch_datetime_operator_3 to 2025-09-05 00:00:00+00:00, run_after=2025-09-06 00:00:00+00:00
[2025-09-06T19:08:55.355+0545] {processor.py:208} INFO - Processing /home/ashok/miniconda3/envs/mysecondenvironment/lib/python3.8/site-packages/airflow/example_dags/example_branch_datetime_operator.py took 0.098 seconds
[2025-09-06T19:09:56.365+0545] {processor.py:186} INFO - Started process (PID=31704) to work on /home/ashok/miniconda3/envs/mysecondenvironment/lib/python3.8/site-packages/airflow/example_dags/example_branch_datetime_operator.py
[2025-09-06T19:09:56.367+0545] {processor.py:914} INFO - Processing file /home/ashok/miniconda3/envs/mysecondenvironment/lib/python3.8/site-packages/airflow/example_dags/example_branch_datetime_operator.py for tasks to queue
[2025-09-06T19:09:56.371+0545] {logging_mixin.py:190} INFO - [2025-09-06T19:09:56.370+0545] {dagbag.py:588} INFO - Filling up the DagBag from /home/ashok/miniconda3/envs/mysecondenvironment/lib/python3.8/site-packages/airflow/example_dags/example_branch_datetime_operator.py
[2025-09-06T19:09:56.384+0545] {processor.py:925} INFO - DAG(s) 'example_branch_datetime_operator', 'example_branch_datetime_operator_2', 'example_branch_datetime_operator_3' retrieved from /home/ashok/miniconda3/envs/mysecondenvironment/lib/python3.8/site-packages/airflow/example_dags/example_branch_datetime_operator.py
[2025-09-06T19:09:56.406+0545] {logging_mixin.py:190} INFO - [2025-09-06T19:09:56.406+0545] {dag.py:3239} INFO - Sync 3 DAGs
[2025-09-06T19:09:56.428+0545] {logging_mixin.py:190} INFO - [2025-09-06T19:09:56.428+0545] {dag.py:4180} INFO - Setting next_dagrun for example_branch_datetime_operator to 2025-09-05 00:00:00+00:00, run_after=2025-09-06 00:00:00+00:00
[2025-09-06T19:09:56.432+0545] {logging_mixin.py:190} INFO - [2025-09-06T19:09:56.432+0545] {dag.py:4180} INFO - Setting next_dagrun for example_branch_datetime_operator_2 to 2025-09-05 00:00:00+00:00, run_after=2025-09-06 00:00:00+00:00
[2025-09-06T19:09:56.434+0545] {logging_mixin.py:190} INFO - [2025-09-06T19:09:56.434+0545] {dag.py:4180} INFO - Setting next_dagrun for example_branch_datetime_operator_3 to 2025-09-05 00:00:00+00:00, run_after=2025-09-06 00:00:00+00:00
[2025-09-06T19:09:56.459+0545] {processor.py:208} INFO - Processing /home/ashok/miniconda3/envs/mysecondenvironment/lib/python3.8/site-packages/airflow/example_dags/example_branch_datetime_operator.py took 0.102 seconds
[2025-09-06T19:10:56.120+0545] {processor.py:186} INFO - Started process (PID=32127) to work on /home/ashok/miniconda3/envs/mysecondenvironment/lib/python3.8/site-packages/airflow/example_dags/example_branch_datetime_operator.py
[2025-09-06T19:10:56.122+0545] {processor.py:914} INFO - Processing file /home/ashok/miniconda3/envs/mysecondenvironment/lib/python3.8/site-packages/airflow/example_dags/example_branch_datetime_operator.py for tasks to queue
[2025-09-06T19:10:56.124+0545] {logging_mixin.py:190} INFO - [2025-09-06T19:10:56.124+0545] {dagbag.py:588} INFO - Filling up the DagBag from /home/ashok/miniconda3/envs/mysecondenvironment/lib/python3.8/site-packages/airflow/example_dags/example_branch_datetime_operator.py
[2025-09-06T19:10:56.136+0545] {processor.py:925} INFO - DAG(s) 'example_branch_datetime_operator_2', 'example_branch_datetime_operator', 'example_branch_datetime_operator_3' retrieved from /home/ashok/miniconda3/envs/mysecondenvironment/lib/python3.8/site-packages/airflow/example_dags/example_branch_datetime_operator.py
[2025-09-06T19:10:56.156+0545] {logging_mixin.py:190} INFO - [2025-09-06T19:10:56.156+0545] {dag.py:3239} INFO - Sync 3 DAGs
[2025-09-06T19:10:56.179+0545] {logging_mixin.py:190} INFO - [2025-09-06T19:10:56.179+0545] {dag.py:4180} INFO - Setting next_dagrun for example_branch_datetime_operator to 2025-09-05 00:00:00+00:00, run_after=2025-09-06 00:00:00+00:00
[2025-09-06T19:10:56.185+0545] {logging_mixin.py:190} INFO - [2025-09-06T19:10:56.184+0545] {dag.py:4180} INFO - Setting next_dagrun for example_branch_datetime_operator_2 to 2025-09-05 00:00:00+00:00, run_after=2025-09-06 00:00:00+00:00
[2025-09-06T19:10:56.187+0545] {logging_mixin.py:190} INFO - [2025-09-06T19:10:56.187+0545] {dag.py:4180} INFO - Setting next_dagrun for example_branch_datetime_operator_3 to 2025-09-05 00:00:00+00:00, run_after=2025-09-06 00:00:00+00:00
[2025-09-06T19:10:56.211+0545] {processor.py:208} INFO - Processing /home/ashok/miniconda3/envs/mysecondenvironment/lib/python3.8/site-packages/airflow/example_dags/example_branch_datetime_operator.py took 0.098 seconds
[2025-09-06T19:11:56.522+0545] {processor.py:186} INFO - Started process (PID=32548) to work on /home/ashok/miniconda3/envs/mysecondenvironment/lib/python3.8/site-packages/airflow/example_dags/example_branch_datetime_operator.py
[2025-09-06T19:11:56.524+0545] {processor.py:914} INFO - Processing file /home/ashok/miniconda3/envs/mysecondenvironment/lib/python3.8/site-packages/airflow/example_dags/example_branch_datetime_operator.py for tasks to queue
[2025-09-06T19:11:56.527+0545] {logging_mixin.py:190} INFO - [2025-09-06T19:11:56.527+0545] {dagbag.py:588} INFO - Filling up the DagBag from /home/ashok/miniconda3/envs/mysecondenvironment/lib/python3.8/site-packages/airflow/example_dags/example_branch_datetime_operator.py
[2025-09-06T19:11:56.543+0545] {processor.py:925} INFO - DAG(s) 'example_branch_datetime_operator_2', 'example_branch_datetime_operator_3', 'example_branch_datetime_operator' retrieved from /home/ashok/miniconda3/envs/mysecondenvironment/lib/python3.8/site-packages/airflow/example_dags/example_branch_datetime_operator.py
[2025-09-06T19:11:56.566+0545] {logging_mixin.py:190} INFO - [2025-09-06T19:11:56.566+0545] {dag.py:3239} INFO - Sync 3 DAGs
[2025-09-06T19:11:56.589+0545] {logging_mixin.py:190} INFO - [2025-09-06T19:11:56.588+0545] {dag.py:4180} INFO - Setting next_dagrun for example_branch_datetime_operator to 2025-09-05 00:00:00+00:00, run_after=2025-09-06 00:00:00+00:00
[2025-09-06T19:11:56.592+0545] {logging_mixin.py:190} INFO - [2025-09-06T19:11:56.592+0545] {dag.py:4180} INFO - Setting next_dagrun for example_branch_datetime_operator_2 to 2025-09-05 00:00:00+00:00, run_after=2025-09-06 00:00:00+00:00
[2025-09-06T19:11:56.594+0545] {logging_mixin.py:190} INFO - [2025-09-06T19:11:56.594+0545] {dag.py:4180} INFO - Setting next_dagrun for example_branch_datetime_operator_3 to 2025-09-05 00:00:00+00:00, run_after=2025-09-06 00:00:00+00:00
[2025-09-06T19:11:56.618+0545] {processor.py:208} INFO - Processing /home/ashok/miniconda3/envs/mysecondenvironment/lib/python3.8/site-packages/airflow/example_dags/example_branch_datetime_operator.py took 0.105 seconds
[2025-09-06T19:12:56.118+0545] {processor.py:186} INFO - Started process (PID=33032) to work on /home/ashok/miniconda3/envs/mysecondenvironment/lib/python3.8/site-packages/airflow/example_dags/example_branch_datetime_operator.py
[2025-09-06T19:12:56.120+0545] {processor.py:914} INFO - Processing file /home/ashok/miniconda3/envs/mysecondenvironment/lib/python3.8/site-packages/airflow/example_dags/example_branch_datetime_operator.py for tasks to queue
[2025-09-06T19:12:56.122+0545] {logging_mixin.py:190} INFO - [2025-09-06T19:12:56.122+0545] {dagbag.py:588} INFO - Filling up the DagBag from /home/ashok/miniconda3/envs/mysecondenvironment/lib/python3.8/site-packages/airflow/example_dags/example_branch_datetime_operator.py
[2025-09-06T19:12:56.135+0545] {processor.py:925} INFO - DAG(s) 'example_branch_datetime_operator', 'example_branch_datetime_operator_2', 'example_branch_datetime_operator_3' retrieved from /home/ashok/miniconda3/envs/mysecondenvironment/lib/python3.8/site-packages/airflow/example_dags/example_branch_datetime_operator.py
[2025-09-06T19:12:56.154+0545] {logging_mixin.py:190} INFO - [2025-09-06T19:12:56.154+0545] {dag.py:3239} INFO - Sync 3 DAGs
[2025-09-06T19:12:56.176+0545] {logging_mixin.py:190} INFO - [2025-09-06T19:12:56.176+0545] {dag.py:4180} INFO - Setting next_dagrun for example_branch_datetime_operator to 2025-09-05 00:00:00+00:00, run_after=2025-09-06 00:00:00+00:00
[2025-09-06T19:12:56.182+0545] {logging_mixin.py:190} INFO - [2025-09-06T19:12:56.182+0545] {dag.py:4180} INFO - Setting next_dagrun for example_branch_datetime_operator_2 to 2025-09-05 00:00:00+00:00, run_after=2025-09-06 00:00:00+00:00
[2025-09-06T19:12:56.185+0545] {logging_mixin.py:190} INFO - [2025-09-06T19:12:56.184+0545] {dag.py:4180} INFO - Setting next_dagrun for example_branch_datetime_operator_3 to 2025-09-05 00:00:00+00:00, run_after=2025-09-06 00:00:00+00:00
[2025-09-06T19:12:56.208+0545] {processor.py:208} INFO - Processing /home/ashok/miniconda3/envs/mysecondenvironment/lib/python3.8/site-packages/airflow/example_dags/example_branch_datetime_operator.py took 0.096 seconds
[2025-09-06T19:13:55.379+0545] {processor.py:186} INFO - Started process (PID=33429) to work on /home/ashok/miniconda3/envs/mysecondenvironment/lib/python3.8/site-packages/airflow/example_dags/example_branch_datetime_operator.py
[2025-09-06T19:13:55.382+0545] {processor.py:914} INFO - Processing file /home/ashok/miniconda3/envs/mysecondenvironment/lib/python3.8/site-packages/airflow/example_dags/example_branch_datetime_operator.py for tasks to queue
[2025-09-06T19:13:55.385+0545] {logging_mixin.py:190} INFO - [2025-09-06T19:13:55.384+0545] {dagbag.py:588} INFO - Filling up the DagBag from /home/ashok/miniconda3/envs/mysecondenvironment/lib/python3.8/site-packages/airflow/example_dags/example_branch_datetime_operator.py
[2025-09-06T19:13:55.398+0545] {processor.py:925} INFO - DAG(s) 'example_branch_datetime_operator_3', 'example_branch_datetime_operator', 'example_branch_datetime_operator_2' retrieved from /home/ashok/miniconda3/envs/mysecondenvironment/lib/python3.8/site-packages/airflow/example_dags/example_branch_datetime_operator.py
[2025-09-06T19:13:55.421+0545] {logging_mixin.py:190} INFO - [2025-09-06T19:13:55.421+0545] {dag.py:3239} INFO - Sync 3 DAGs
[2025-09-06T19:13:55.442+0545] {logging_mixin.py:190} INFO - [2025-09-06T19:13:55.442+0545] {dag.py:4180} INFO - Setting next_dagrun for example_branch_datetime_operator to 2025-09-05 00:00:00+00:00, run_after=2025-09-06 00:00:00+00:00
[2025-09-06T19:13:55.447+0545] {logging_mixin.py:190} INFO - [2025-09-06T19:13:55.447+0545] {dag.py:4180} INFO - Setting next_dagrun for example_branch_datetime_operator_2 to 2025-09-05 00:00:00+00:00, run_after=2025-09-06 00:00:00+00:00
[2025-09-06T19:13:55.449+0545] {logging_mixin.py:190} INFO - [2025-09-06T19:13:55.449+0545] {dag.py:4180} INFO - Setting next_dagrun for example_branch_datetime_operator_3 to 2025-09-05 00:00:00+00:00, run_after=2025-09-06 00:00:00+00:00
[2025-09-06T19:13:55.474+0545] {processor.py:208} INFO - Processing /home/ashok/miniconda3/envs/mysecondenvironment/lib/python3.8/site-packages/airflow/example_dags/example_branch_datetime_operator.py took 0.103 seconds
[2025-09-06T19:14:57.448+0545] {processor.py:186} INFO - Started process (PID=33862) to work on /home/ashok/miniconda3/envs/mysecondenvironment/lib/python3.8/site-packages/airflow/example_dags/example_branch_datetime_operator.py
[2025-09-06T19:14:57.451+0545] {processor.py:914} INFO - Processing file /home/ashok/miniconda3/envs/mysecondenvironment/lib/python3.8/site-packages/airflow/example_dags/example_branch_datetime_operator.py for tasks to queue
[2025-09-06T19:14:57.453+0545] {logging_mixin.py:190} INFO - [2025-09-06T19:14:57.453+0545] {dagbag.py:588} INFO - Filling up the DagBag from /home/ashok/miniconda3/envs/mysecondenvironment/lib/python3.8/site-packages/airflow/example_dags/example_branch_datetime_operator.py
[2025-09-06T19:14:57.466+0545] {processor.py:925} INFO - DAG(s) 'example_branch_datetime_operator_2', 'example_branch_datetime_operator', 'example_branch_datetime_operator_3' retrieved from /home/ashok/miniconda3/envs/mysecondenvironment/lib/python3.8/site-packages/airflow/example_dags/example_branch_datetime_operator.py
[2025-09-06T19:14:57.490+0545] {logging_mixin.py:190} INFO - [2025-09-06T19:14:57.490+0545] {dag.py:3239} INFO - Sync 3 DAGs
[2025-09-06T19:14:57.511+0545] {logging_mixin.py:190} INFO - [2025-09-06T19:14:57.511+0545] {dag.py:4180} INFO - Setting next_dagrun for example_branch_datetime_operator to 2025-09-05 00:00:00+00:00, run_after=2025-09-06 00:00:00+00:00
[2025-09-06T19:14:57.516+0545] {logging_mixin.py:190} INFO - [2025-09-06T19:14:57.516+0545] {dag.py:4180} INFO - Setting next_dagrun for example_branch_datetime_operator_2 to 2025-09-05 00:00:00+00:00, run_after=2025-09-06 00:00:00+00:00
[2025-09-06T19:14:57.518+0545] {logging_mixin.py:190} INFO - [2025-09-06T19:14:57.518+0545] {dag.py:4180} INFO - Setting next_dagrun for example_branch_datetime_operator_3 to 2025-09-05 00:00:00+00:00, run_after=2025-09-06 00:00:00+00:00
[2025-09-06T19:14:57.542+0545] {processor.py:208} INFO - Processing /home/ashok/miniconda3/envs/mysecondenvironment/lib/python3.8/site-packages/airflow/example_dags/example_branch_datetime_operator.py took 0.101 seconds
[2025-09-06T19:15:57.120+0545] {processor.py:186} INFO - Started process (PID=34315) to work on /home/ashok/miniconda3/envs/mysecondenvironment/lib/python3.8/site-packages/airflow/example_dags/example_branch_datetime_operator.py
[2025-09-06T19:15:57.123+0545] {processor.py:914} INFO - Processing file /home/ashok/miniconda3/envs/mysecondenvironment/lib/python3.8/site-packages/airflow/example_dags/example_branch_datetime_operator.py for tasks to queue
[2025-09-06T19:15:57.125+0545] {logging_mixin.py:190} INFO - [2025-09-06T19:15:57.125+0545] {dagbag.py:588} INFO - Filling up the DagBag from /home/ashok/miniconda3/envs/mysecondenvironment/lib/python3.8/site-packages/airflow/example_dags/example_branch_datetime_operator.py
[2025-09-06T19:15:57.139+0545] {processor.py:925} INFO - DAG(s) 'example_branch_datetime_operator', 'example_branch_datetime_operator_3', 'example_branch_datetime_operator_2' retrieved from /home/ashok/miniconda3/envs/mysecondenvironment/lib/python3.8/site-packages/airflow/example_dags/example_branch_datetime_operator.py
[2025-09-06T19:15:57.161+0545] {logging_mixin.py:190} INFO - [2025-09-06T19:15:57.161+0545] {dag.py:3239} INFO - Sync 3 DAGs
[2025-09-06T19:15:57.184+0545] {logging_mixin.py:190} INFO - [2025-09-06T19:15:57.184+0545] {dag.py:4180} INFO - Setting next_dagrun for example_branch_datetime_operator to 2025-09-05 00:00:00+00:00, run_after=2025-09-06 00:00:00+00:00
[2025-09-06T19:15:57.188+0545] {logging_mixin.py:190} INFO - [2025-09-06T19:15:57.188+0545] {dag.py:4180} INFO - Setting next_dagrun for example_branch_datetime_operator_2 to 2025-09-05 00:00:00+00:00, run_after=2025-09-06 00:00:00+00:00
[2025-09-06T19:15:57.190+0545] {logging_mixin.py:190} INFO - [2025-09-06T19:15:57.190+0545] {dag.py:4180} INFO - Setting next_dagrun for example_branch_datetime_operator_3 to 2025-09-05 00:00:00+00:00, run_after=2025-09-06 00:00:00+00:00
[2025-09-06T19:15:57.215+0545] {processor.py:208} INFO - Processing /home/ashok/miniconda3/envs/mysecondenvironment/lib/python3.8/site-packages/airflow/example_dags/example_branch_datetime_operator.py took 0.103 seconds
[2025-09-06T19:16:56.511+0545] {processor.py:186} INFO - Started process (PID=34801) to work on /home/ashok/miniconda3/envs/mysecondenvironment/lib/python3.8/site-packages/airflow/example_dags/example_branch_datetime_operator.py
[2025-09-06T19:16:56.514+0545] {processor.py:914} INFO - Processing file /home/ashok/miniconda3/envs/mysecondenvironment/lib/python3.8/site-packages/airflow/example_dags/example_branch_datetime_operator.py for tasks to queue
[2025-09-06T19:16:56.519+0545] {logging_mixin.py:190} INFO - [2025-09-06T19:16:56.518+0545] {dagbag.py:588} INFO - Filling up the DagBag from /home/ashok/miniconda3/envs/mysecondenvironment/lib/python3.8/site-packages/airflow/example_dags/example_branch_datetime_operator.py
[2025-09-06T19:16:56.541+0545] {processor.py:925} INFO - DAG(s) 'example_branch_datetime_operator_2', 'example_branch_datetime_operator', 'example_branch_datetime_operator_3' retrieved from /home/ashok/miniconda3/envs/mysecondenvironment/lib/python3.8/site-packages/airflow/example_dags/example_branch_datetime_operator.py
[2025-09-06T19:16:56.574+0545] {logging_mixin.py:190} INFO - [2025-09-06T19:16:56.574+0545] {dag.py:3239} INFO - Sync 3 DAGs
[2025-09-06T19:16:56.608+0545] {logging_mixin.py:190} INFO - [2025-09-06T19:16:56.608+0545] {dag.py:4180} INFO - Setting next_dagrun for example_branch_datetime_operator to 2025-09-05 00:00:00+00:00, run_after=2025-09-06 00:00:00+00:00
[2025-09-06T19:16:56.616+0545] {logging_mixin.py:190} INFO - [2025-09-06T19:16:56.616+0545] {dag.py:4180} INFO - Setting next_dagrun for example_branch_datetime_operator_2 to 2025-09-05 00:00:00+00:00, run_after=2025-09-06 00:00:00+00:00
[2025-09-06T19:16:56.619+0545] {logging_mixin.py:190} INFO - [2025-09-06T19:16:56.618+0545] {dag.py:4180} INFO - Setting next_dagrun for example_branch_datetime_operator_3 to 2025-09-05 00:00:00+00:00, run_after=2025-09-06 00:00:00+00:00
[2025-09-06T19:16:56.646+0545] {processor.py:208} INFO - Processing /home/ashok/miniconda3/envs/mysecondenvironment/lib/python3.8/site-packages/airflow/example_dags/example_branch_datetime_operator.py took 0.146 seconds
[2025-09-06T19:17:58.333+0545] {processor.py:186} INFO - Started process (PID=35209) to work on /home/ashok/miniconda3/envs/mysecondenvironment/lib/python3.8/site-packages/airflow/example_dags/example_branch_datetime_operator.py
[2025-09-06T19:17:58.335+0545] {processor.py:914} INFO - Processing file /home/ashok/miniconda3/envs/mysecondenvironment/lib/python3.8/site-packages/airflow/example_dags/example_branch_datetime_operator.py for tasks to queue
[2025-09-06T19:17:58.338+0545] {logging_mixin.py:190} INFO - [2025-09-06T19:17:58.338+0545] {dagbag.py:588} INFO - Filling up the DagBag from /home/ashok/miniconda3/envs/mysecondenvironment/lib/python3.8/site-packages/airflow/example_dags/example_branch_datetime_operator.py
[2025-09-06T19:17:58.352+0545] {processor.py:925} INFO - DAG(s) 'example_branch_datetime_operator_2', 'example_branch_datetime_operator', 'example_branch_datetime_operator_3' retrieved from /home/ashok/miniconda3/envs/mysecondenvironment/lib/python3.8/site-packages/airflow/example_dags/example_branch_datetime_operator.py
[2025-09-06T19:17:58.374+0545] {logging_mixin.py:190} INFO - [2025-09-06T19:17:58.374+0545] {dag.py:3239} INFO - Sync 3 DAGs
[2025-09-06T19:17:58.396+0545] {logging_mixin.py:190} INFO - [2025-09-06T19:17:58.395+0545] {dag.py:4180} INFO - Setting next_dagrun for example_branch_datetime_operator to 2025-09-05 00:00:00+00:00, run_after=2025-09-06 00:00:00+00:00
[2025-09-06T19:17:58.400+0545] {logging_mixin.py:190} INFO - [2025-09-06T19:17:58.400+0545] {dag.py:4180} INFO - Setting next_dagrun for example_branch_datetime_operator_2 to 2025-09-05 00:00:00+00:00, run_after=2025-09-06 00:00:00+00:00
[2025-09-06T19:17:58.402+0545] {logging_mixin.py:190} INFO - [2025-09-06T19:17:58.402+0545] {dag.py:4180} INFO - Setting next_dagrun for example_branch_datetime_operator_3 to 2025-09-05 00:00:00+00:00, run_after=2025-09-06 00:00:00+00:00
[2025-09-06T19:17:58.427+0545] {processor.py:208} INFO - Processing /home/ashok/miniconda3/envs/mysecondenvironment/lib/python3.8/site-packages/airflow/example_dags/example_branch_datetime_operator.py took 0.102 seconds
[2025-09-06T19:19:00.443+0545] {processor.py:186} INFO - Started process (PID=35651) to work on /home/ashok/miniconda3/envs/mysecondenvironment/lib/python3.8/site-packages/airflow/example_dags/example_branch_datetime_operator.py
[2025-09-06T19:19:00.446+0545] {processor.py:914} INFO - Processing file /home/ashok/miniconda3/envs/mysecondenvironment/lib/python3.8/site-packages/airflow/example_dags/example_branch_datetime_operator.py for tasks to queue
[2025-09-06T19:19:00.449+0545] {logging_mixin.py:190} INFO - [2025-09-06T19:19:00.448+0545] {dagbag.py:588} INFO - Filling up the DagBag from /home/ashok/miniconda3/envs/mysecondenvironment/lib/python3.8/site-packages/airflow/example_dags/example_branch_datetime_operator.py
[2025-09-06T19:19:00.462+0545] {processor.py:925} INFO - DAG(s) 'example_branch_datetime_operator_2', 'example_branch_datetime_operator', 'example_branch_datetime_operator_3' retrieved from /home/ashok/miniconda3/envs/mysecondenvironment/lib/python3.8/site-packages/airflow/example_dags/example_branch_datetime_operator.py
[2025-09-06T19:19:00.484+0545] {logging_mixin.py:190} INFO - [2025-09-06T19:19:00.484+0545] {dag.py:3239} INFO - Sync 3 DAGs
[2025-09-06T19:19:00.508+0545] {logging_mixin.py:190} INFO - [2025-09-06T19:19:00.508+0545] {dag.py:4180} INFO - Setting next_dagrun for example_branch_datetime_operator to 2025-09-05 00:00:00+00:00, run_after=2025-09-06 00:00:00+00:00
[2025-09-06T19:19:00.512+0545] {logging_mixin.py:190} INFO - [2025-09-06T19:19:00.512+0545] {dag.py:4180} INFO - Setting next_dagrun for example_branch_datetime_operator_2 to 2025-09-05 00:00:00+00:00, run_after=2025-09-06 00:00:00+00:00
[2025-09-06T19:19:00.514+0545] {logging_mixin.py:190} INFO - [2025-09-06T19:19:00.513+0545] {dag.py:4180} INFO - Setting next_dagrun for example_branch_datetime_operator_3 to 2025-09-05 00:00:00+00:00, run_after=2025-09-06 00:00:00+00:00
[2025-09-06T19:19:00.537+0545] {processor.py:208} INFO - Processing /home/ashok/miniconda3/envs/mysecondenvironment/lib/python3.8/site-packages/airflow/example_dags/example_branch_datetime_operator.py took 0.102 seconds
[2025-09-06T19:20:04.830+0545] {processor.py:186} INFO - Started process (PID=36169) to work on /home/ashok/miniconda3/envs/mysecondenvironment/lib/python3.8/site-packages/airflow/example_dags/example_branch_datetime_operator.py
[2025-09-06T19:20:04.833+0545] {processor.py:914} INFO - Processing file /home/ashok/miniconda3/envs/mysecondenvironment/lib/python3.8/site-packages/airflow/example_dags/example_branch_datetime_operator.py for tasks to queue
[2025-09-06T19:20:04.835+0545] {logging_mixin.py:190} INFO - [2025-09-06T19:20:04.835+0545] {dagbag.py:588} INFO - Filling up the DagBag from /home/ashok/miniconda3/envs/mysecondenvironment/lib/python3.8/site-packages/airflow/example_dags/example_branch_datetime_operator.py
[2025-09-06T19:20:04.851+0545] {processor.py:925} INFO - DAG(s) 'example_branch_datetime_operator', 'example_branch_datetime_operator_3', 'example_branch_datetime_operator_2' retrieved from /home/ashok/miniconda3/envs/mysecondenvironment/lib/python3.8/site-packages/airflow/example_dags/example_branch_datetime_operator.py
[2025-09-06T19:20:04.874+0545] {logging_mixin.py:190} INFO - [2025-09-06T19:20:04.874+0545] {dag.py:3239} INFO - Sync 3 DAGs
[2025-09-06T19:20:04.897+0545] {logging_mixin.py:190} INFO - [2025-09-06T19:20:04.897+0545] {dag.py:4180} INFO - Setting next_dagrun for example_branch_datetime_operator to 2025-09-05 00:00:00+00:00, run_after=2025-09-06 00:00:00+00:00
[2025-09-06T19:20:04.901+0545] {logging_mixin.py:190} INFO - [2025-09-06T19:20:04.900+0545] {dag.py:4180} INFO - Setting next_dagrun for example_branch_datetime_operator_2 to 2025-09-05 00:00:00+00:00, run_after=2025-09-06 00:00:00+00:00
[2025-09-06T19:20:04.903+0545] {logging_mixin.py:190} INFO - [2025-09-06T19:20:04.902+0545] {dag.py:4180} INFO - Setting next_dagrun for example_branch_datetime_operator_3 to 2025-09-05 00:00:00+00:00, run_after=2025-09-06 00:00:00+00:00
[2025-09-06T19:20:04.926+0545] {processor.py:208} INFO - Processing /home/ashok/miniconda3/envs/mysecondenvironment/lib/python3.8/site-packages/airflow/example_dags/example_branch_datetime_operator.py took 0.103 seconds
[2025-09-06T19:21:03.856+0545] {processor.py:186} INFO - Started process (PID=36583) to work on /home/ashok/miniconda3/envs/mysecondenvironment/lib/python3.8/site-packages/airflow/example_dags/example_branch_datetime_operator.py
[2025-09-06T19:21:03.858+0545] {processor.py:914} INFO - Processing file /home/ashok/miniconda3/envs/mysecondenvironment/lib/python3.8/site-packages/airflow/example_dags/example_branch_datetime_operator.py for tasks to queue
[2025-09-06T19:21:03.861+0545] {logging_mixin.py:190} INFO - [2025-09-06T19:21:03.860+0545] {dagbag.py:588} INFO - Filling up the DagBag from /home/ashok/miniconda3/envs/mysecondenvironment/lib/python3.8/site-packages/airflow/example_dags/example_branch_datetime_operator.py
[2025-09-06T19:21:03.873+0545] {processor.py:925} INFO - DAG(s) 'example_branch_datetime_operator', 'example_branch_datetime_operator_2', 'example_branch_datetime_operator_3' retrieved from /home/ashok/miniconda3/envs/mysecondenvironment/lib/python3.8/site-packages/airflow/example_dags/example_branch_datetime_operator.py
[2025-09-06T19:21:03.892+0545] {logging_mixin.py:190} INFO - [2025-09-06T19:21:03.892+0545] {dag.py:3239} INFO - Sync 3 DAGs
[2025-09-06T19:21:03.911+0545] {logging_mixin.py:190} INFO - [2025-09-06T19:21:03.911+0545] {dag.py:4180} INFO - Setting next_dagrun for example_branch_datetime_operator to 2025-09-05 00:00:00+00:00, run_after=2025-09-06 00:00:00+00:00
[2025-09-06T19:21:03.915+0545] {logging_mixin.py:190} INFO - [2025-09-06T19:21:03.914+0545] {dag.py:4180} INFO - Setting next_dagrun for example_branch_datetime_operator_2 to 2025-09-05 00:00:00+00:00, run_after=2025-09-06 00:00:00+00:00
[2025-09-06T19:21:03.916+0545] {logging_mixin.py:190} INFO - [2025-09-06T19:21:03.916+0545] {dag.py:4180} INFO - Setting next_dagrun for example_branch_datetime_operator_3 to 2025-09-05 00:00:00+00:00, run_after=2025-09-06 00:00:00+00:00
[2025-09-06T19:21:03.940+0545] {processor.py:208} INFO - Processing /home/ashok/miniconda3/envs/mysecondenvironment/lib/python3.8/site-packages/airflow/example_dags/example_branch_datetime_operator.py took 0.090 seconds
[2025-09-06T19:22:08.792+0545] {processor.py:186} INFO - Started process (PID=37138) to work on /home/ashok/miniconda3/envs/mysecondenvironment/lib/python3.8/site-packages/airflow/example_dags/example_branch_datetime_operator.py
[2025-09-06T19:22:08.795+0545] {processor.py:914} INFO - Processing file /home/ashok/miniconda3/envs/mysecondenvironment/lib/python3.8/site-packages/airflow/example_dags/example_branch_datetime_operator.py for tasks to queue
[2025-09-06T19:22:08.797+0545] {logging_mixin.py:190} INFO - [2025-09-06T19:22:08.797+0545] {dagbag.py:588} INFO - Filling up the DagBag from /home/ashok/miniconda3/envs/mysecondenvironment/lib/python3.8/site-packages/airflow/example_dags/example_branch_datetime_operator.py
[2025-09-06T19:22:08.812+0545] {processor.py:925} INFO - DAG(s) 'example_branch_datetime_operator_3', 'example_branch_datetime_operator_2', 'example_branch_datetime_operator' retrieved from /home/ashok/miniconda3/envs/mysecondenvironment/lib/python3.8/site-packages/airflow/example_dags/example_branch_datetime_operator.py
[2025-09-06T19:22:08.837+0545] {logging_mixin.py:190} INFO - [2025-09-06T19:22:08.836+0545] {dag.py:3239} INFO - Sync 3 DAGs
[2025-09-06T19:22:08.859+0545] {logging_mixin.py:190} INFO - [2025-09-06T19:22:08.859+0545] {dag.py:4180} INFO - Setting next_dagrun for example_branch_datetime_operator to 2025-09-05 00:00:00+00:00, run_after=2025-09-06 00:00:00+00:00
[2025-09-06T19:22:08.863+0545] {logging_mixin.py:190} INFO - [2025-09-06T19:22:08.862+0545] {dag.py:4180} INFO - Setting next_dagrun for example_branch_datetime_operator_2 to 2025-09-05 00:00:00+00:00, run_after=2025-09-06 00:00:00+00:00
[2025-09-06T19:22:08.865+0545] {logging_mixin.py:190} INFO - [2025-09-06T19:22:08.864+0545] {dag.py:4180} INFO - Setting next_dagrun for example_branch_datetime_operator_3 to 2025-09-05 00:00:00+00:00, run_after=2025-09-06 00:00:00+00:00
[2025-09-06T19:22:08.886+0545] {processor.py:208} INFO - Processing /home/ashok/miniconda3/envs/mysecondenvironment/lib/python3.8/site-packages/airflow/example_dags/example_branch_datetime_operator.py took 0.102 seconds
[2025-09-06T19:23:10.784+0545] {processor.py:186} INFO - Started process (PID=37548) to work on /home/ashok/miniconda3/envs/mysecondenvironment/lib/python3.8/site-packages/airflow/example_dags/example_branch_datetime_operator.py
[2025-09-06T19:23:10.786+0545] {processor.py:914} INFO - Processing file /home/ashok/miniconda3/envs/mysecondenvironment/lib/python3.8/site-packages/airflow/example_dags/example_branch_datetime_operator.py for tasks to queue
[2025-09-06T19:23:10.788+0545] {logging_mixin.py:190} INFO - [2025-09-06T19:23:10.788+0545] {dagbag.py:588} INFO - Filling up the DagBag from /home/ashok/miniconda3/envs/mysecondenvironment/lib/python3.8/site-packages/airflow/example_dags/example_branch_datetime_operator.py
[2025-09-06T19:23:10.803+0545] {processor.py:925} INFO - DAG(s) 'example_branch_datetime_operator_2', 'example_branch_datetime_operator', 'example_branch_datetime_operator_3' retrieved from /home/ashok/miniconda3/envs/mysecondenvironment/lib/python3.8/site-packages/airflow/example_dags/example_branch_datetime_operator.py
[2025-09-06T19:23:10.828+0545] {logging_mixin.py:190} INFO - [2025-09-06T19:23:10.828+0545] {dag.py:3239} INFO - Sync 3 DAGs
[2025-09-06T19:23:10.851+0545] {logging_mixin.py:190} INFO - [2025-09-06T19:23:10.850+0545] {dag.py:4180} INFO - Setting next_dagrun for example_branch_datetime_operator to 2025-09-05 00:00:00+00:00, run_after=2025-09-06 00:00:00+00:00
[2025-09-06T19:23:10.855+0545] {logging_mixin.py:190} INFO - [2025-09-06T19:23:10.855+0545] {dag.py:4180} INFO - Setting next_dagrun for example_branch_datetime_operator_2 to 2025-09-05 00:00:00+00:00, run_after=2025-09-06 00:00:00+00:00
[2025-09-06T19:23:10.857+0545] {logging_mixin.py:190} INFO - [2025-09-06T19:23:10.857+0545] {dag.py:4180} INFO - Setting next_dagrun for example_branch_datetime_operator_3 to 2025-09-05 00:00:00+00:00, run_after=2025-09-06 00:00:00+00:00
[2025-09-06T19:23:10.881+0545] {processor.py:208} INFO - Processing /home/ashok/miniconda3/envs/mysecondenvironment/lib/python3.8/site-packages/airflow/example_dags/example_branch_datetime_operator.py took 0.105 seconds
[2025-09-06T19:24:14.059+0545] {processor.py:186} INFO - Started process (PID=38039) to work on /home/ashok/miniconda3/envs/mysecondenvironment/lib/python3.8/site-packages/airflow/example_dags/example_branch_datetime_operator.py
[2025-09-06T19:24:14.061+0545] {processor.py:914} INFO - Processing file /home/ashok/miniconda3/envs/mysecondenvironment/lib/python3.8/site-packages/airflow/example_dags/example_branch_datetime_operator.py for tasks to queue
[2025-09-06T19:24:14.063+0545] {logging_mixin.py:190} INFO - [2025-09-06T19:24:14.063+0545] {dagbag.py:588} INFO - Filling up the DagBag from /home/ashok/miniconda3/envs/mysecondenvironment/lib/python3.8/site-packages/airflow/example_dags/example_branch_datetime_operator.py
[2025-09-06T19:24:14.081+0545] {processor.py:925} INFO - DAG(s) 'example_branch_datetime_operator_2', 'example_branch_datetime_operator', 'example_branch_datetime_operator_3' retrieved from /home/ashok/miniconda3/envs/mysecondenvironment/lib/python3.8/site-packages/airflow/example_dags/example_branch_datetime_operator.py
[2025-09-06T19:24:14.106+0545] {logging_mixin.py:190} INFO - [2025-09-06T19:24:14.106+0545] {dag.py:3239} INFO - Sync 3 DAGs
[2025-09-06T19:24:14.134+0545] {logging_mixin.py:190} INFO - [2025-09-06T19:24:14.134+0545] {dag.py:4180} INFO - Setting next_dagrun for example_branch_datetime_operator to 2025-09-05 00:00:00+00:00, run_after=2025-09-06 00:00:00+00:00
[2025-09-06T19:24:14.139+0545] {logging_mixin.py:190} INFO - [2025-09-06T19:24:14.139+0545] {dag.py:4180} INFO - Setting next_dagrun for example_branch_datetime_operator_2 to 2025-09-05 00:00:00+00:00, run_after=2025-09-06 00:00:00+00:00
[2025-09-06T19:24:14.141+0545] {logging_mixin.py:190} INFO - [2025-09-06T19:24:14.141+0545] {dag.py:4180} INFO - Setting next_dagrun for example_branch_datetime_operator_3 to 2025-09-05 00:00:00+00:00, run_after=2025-09-06 00:00:00+00:00
[2025-09-06T19:24:14.170+0545] {processor.py:208} INFO - Processing /home/ashok/miniconda3/envs/mysecondenvironment/lib/python3.8/site-packages/airflow/example_dags/example_branch_datetime_operator.py took 0.119 seconds
[2025-09-06T19:25:30.622+0545] {processor.py:186} INFO - Started process (PID=38731) to work on /home/ashok/miniconda3/envs/mysecondenvironment/lib/python3.8/site-packages/airflow/example_dags/example_branch_datetime_operator.py
[2025-09-06T19:25:30.624+0545] {processor.py:914} INFO - Processing file /home/ashok/miniconda3/envs/mysecondenvironment/lib/python3.8/site-packages/airflow/example_dags/example_branch_datetime_operator.py for tasks to queue
[2025-09-06T19:25:30.626+0545] {logging_mixin.py:190} INFO - [2025-09-06T19:25:30.626+0545] {dagbag.py:588} INFO - Filling up the DagBag from /home/ashok/miniconda3/envs/mysecondenvironment/lib/python3.8/site-packages/airflow/example_dags/example_branch_datetime_operator.py
[2025-09-06T19:25:30.635+0545] {processor.py:925} INFO - DAG(s) 'example_branch_datetime_operator_3', 'example_branch_datetime_operator', 'example_branch_datetime_operator_2' retrieved from /home/ashok/miniconda3/envs/mysecondenvironment/lib/python3.8/site-packages/airflow/example_dags/example_branch_datetime_operator.py
[2025-09-06T19:25:30.651+0545] {logging_mixin.py:190} INFO - [2025-09-06T19:25:30.651+0545] {dag.py:3239} INFO - Sync 3 DAGs
[2025-09-06T19:25:30.665+0545] {logging_mixin.py:190} INFO - [2025-09-06T19:25:30.665+0545] {dag.py:4180} INFO - Setting next_dagrun for example_branch_datetime_operator to 2025-09-05 00:00:00+00:00, run_after=2025-09-06 00:00:00+00:00
[2025-09-06T19:25:30.667+0545] {logging_mixin.py:190} INFO - [2025-09-06T19:25:30.667+0545] {dag.py:4180} INFO - Setting next_dagrun for example_branch_datetime_operator_2 to 2025-09-05 00:00:00+00:00, run_after=2025-09-06 00:00:00+00:00
[2025-09-06T19:25:30.668+0545] {logging_mixin.py:190} INFO - [2025-09-06T19:25:30.668+0545] {dag.py:4180} INFO - Setting next_dagrun for example_branch_datetime_operator_3 to 2025-09-05 00:00:00+00:00, run_after=2025-09-06 00:00:00+00:00
[2025-09-06T19:25:30.688+0545] {processor.py:208} INFO - Processing /home/ashok/miniconda3/envs/mysecondenvironment/lib/python3.8/site-packages/airflow/example_dags/example_branch_datetime_operator.py took 0.070 seconds
[2025-09-06T19:26:30.443+0545] {processor.py:186} INFO - Started process (PID=39319) to work on /home/ashok/miniconda3/envs/mysecondenvironment/lib/python3.8/site-packages/airflow/example_dags/example_branch_datetime_operator.py
[2025-09-06T19:26:30.445+0545] {processor.py:914} INFO - Processing file /home/ashok/miniconda3/envs/mysecondenvironment/lib/python3.8/site-packages/airflow/example_dags/example_branch_datetime_operator.py for tasks to queue
[2025-09-06T19:26:30.448+0545] {logging_mixin.py:190} INFO - [2025-09-06T19:26:30.448+0545] {dagbag.py:588} INFO - Filling up the DagBag from /home/ashok/miniconda3/envs/mysecondenvironment/lib/python3.8/site-packages/airflow/example_dags/example_branch_datetime_operator.py
[2025-09-06T19:26:30.463+0545] {processor.py:925} INFO - DAG(s) 'example_branch_datetime_operator', 'example_branch_datetime_operator_2', 'example_branch_datetime_operator_3' retrieved from /home/ashok/miniconda3/envs/mysecondenvironment/lib/python3.8/site-packages/airflow/example_dags/example_branch_datetime_operator.py
[2025-09-06T19:26:30.488+0545] {logging_mixin.py:190} INFO - [2025-09-06T19:26:30.487+0545] {dag.py:3239} INFO - Sync 3 DAGs
[2025-09-06T19:26:30.513+0545] {logging_mixin.py:190} INFO - [2025-09-06T19:26:30.513+0545] {dag.py:4180} INFO - Setting next_dagrun for example_branch_datetime_operator to 2025-09-05 00:00:00+00:00, run_after=2025-09-06 00:00:00+00:00
[2025-09-06T19:26:30.518+0545] {logging_mixin.py:190} INFO - [2025-09-06T19:26:30.518+0545] {dag.py:4180} INFO - Setting next_dagrun for example_branch_datetime_operator_2 to 2025-09-05 00:00:00+00:00, run_after=2025-09-06 00:00:00+00:00
[2025-09-06T19:26:30.520+0545] {logging_mixin.py:190} INFO - [2025-09-06T19:26:30.520+0545] {dag.py:4180} INFO - Setting next_dagrun for example_branch_datetime_operator_3 to 2025-09-05 00:00:00+00:00, run_after=2025-09-06 00:00:00+00:00
[2025-09-06T19:26:30.544+0545] {processor.py:208} INFO - Processing /home/ashok/miniconda3/envs/mysecondenvironment/lib/python3.8/site-packages/airflow/example_dags/example_branch_datetime_operator.py took 0.110 seconds
[2025-09-06T19:27:31.531+0545] {processor.py:186} INFO - Started process (PID=39751) to work on /home/ashok/miniconda3/envs/mysecondenvironment/lib/python3.8/site-packages/airflow/example_dags/example_branch_datetime_operator.py
[2025-09-06T19:27:31.534+0545] {processor.py:914} INFO - Processing file /home/ashok/miniconda3/envs/mysecondenvironment/lib/python3.8/site-packages/airflow/example_dags/example_branch_datetime_operator.py for tasks to queue
[2025-09-06T19:27:31.539+0545] {logging_mixin.py:190} INFO - [2025-09-06T19:27:31.538+0545] {dagbag.py:588} INFO - Filling up the DagBag from /home/ashok/miniconda3/envs/mysecondenvironment/lib/python3.8/site-packages/airflow/example_dags/example_branch_datetime_operator.py
[2025-09-06T19:27:31.566+0545] {processor.py:925} INFO - DAG(s) 'example_branch_datetime_operator', 'example_branch_datetime_operator_2', 'example_branch_datetime_operator_3' retrieved from /home/ashok/miniconda3/envs/mysecondenvironment/lib/python3.8/site-packages/airflow/example_dags/example_branch_datetime_operator.py
[2025-09-06T19:27:31.608+0545] {logging_mixin.py:190} INFO - [2025-09-06T19:27:31.607+0545] {dag.py:3239} INFO - Sync 3 DAGs
[2025-09-06T19:27:31.653+0545] {logging_mixin.py:190} INFO - [2025-09-06T19:27:31.652+0545] {dag.py:4180} INFO - Setting next_dagrun for example_branch_datetime_operator to 2025-09-05 00:00:00+00:00, run_after=2025-09-06 00:00:00+00:00
[2025-09-06T19:27:31.657+0545] {logging_mixin.py:190} INFO - [2025-09-06T19:27:31.657+0545] {dag.py:4180} INFO - Setting next_dagrun for example_branch_datetime_operator_2 to 2025-09-05 00:00:00+00:00, run_after=2025-09-06 00:00:00+00:00
[2025-09-06T19:27:31.659+0545] {logging_mixin.py:190} INFO - [2025-09-06T19:27:31.659+0545] {dag.py:4180} INFO - Setting next_dagrun for example_branch_datetime_operator_3 to 2025-09-05 00:00:00+00:00, run_after=2025-09-06 00:00:00+00:00
[2025-09-06T19:27:31.680+0545] {processor.py:208} INFO - Processing /home/ashok/miniconda3/envs/mysecondenvironment/lib/python3.8/site-packages/airflow/example_dags/example_branch_datetime_operator.py took 0.160 seconds
[2025-09-06T19:28:29.964+0545] {processor.py:186} INFO - Started process (PID=40197) to work on /home/ashok/miniconda3/envs/mysecondenvironment/lib/python3.8/site-packages/airflow/example_dags/example_branch_datetime_operator.py
[2025-09-06T19:28:29.967+0545] {processor.py:914} INFO - Processing file /home/ashok/miniconda3/envs/mysecondenvironment/lib/python3.8/site-packages/airflow/example_dags/example_branch_datetime_operator.py for tasks to queue
[2025-09-06T19:28:29.969+0545] {logging_mixin.py:190} INFO - [2025-09-06T19:28:29.969+0545] {dagbag.py:588} INFO - Filling up the DagBag from /home/ashok/miniconda3/envs/mysecondenvironment/lib/python3.8/site-packages/airflow/example_dags/example_branch_datetime_operator.py
[2025-09-06T19:28:29.983+0545] {processor.py:925} INFO - DAG(s) 'example_branch_datetime_operator_2', 'example_branch_datetime_operator', 'example_branch_datetime_operator_3' retrieved from /home/ashok/miniconda3/envs/mysecondenvironment/lib/python3.8/site-packages/airflow/example_dags/example_branch_datetime_operator.py
[2025-09-06T19:28:30.007+0545] {logging_mixin.py:190} INFO - [2025-09-06T19:28:30.007+0545] {dag.py:3239} INFO - Sync 3 DAGs
[2025-09-06T19:28:30.029+0545] {logging_mixin.py:190} INFO - [2025-09-06T19:28:30.028+0545] {dag.py:4180} INFO - Setting next_dagrun for example_branch_datetime_operator to 2025-09-05 00:00:00+00:00, run_after=2025-09-06 00:00:00+00:00
[2025-09-06T19:28:30.032+0545] {logging_mixin.py:190} INFO - [2025-09-06T19:28:30.032+0545] {dag.py:4180} INFO - Setting next_dagrun for example_branch_datetime_operator_2 to 2025-09-05 00:00:00+00:00, run_after=2025-09-06 00:00:00+00:00
[2025-09-06T19:28:30.034+0545] {logging_mixin.py:190} INFO - [2025-09-06T19:28:30.034+0545] {dag.py:4180} INFO - Setting next_dagrun for example_branch_datetime_operator_3 to 2025-09-05 00:00:00+00:00, run_after=2025-09-06 00:00:00+00:00
[2025-09-06T19:28:30.058+0545] {processor.py:208} INFO - Processing /home/ashok/miniconda3/envs/mysecondenvironment/lib/python3.8/site-packages/airflow/example_dags/example_branch_datetime_operator.py took 0.101 seconds
[2025-09-06T19:29:30.054+0545] {processor.py:186} INFO - Started process (PID=40717) to work on /home/ashok/miniconda3/envs/mysecondenvironment/lib/python3.8/site-packages/airflow/example_dags/example_branch_datetime_operator.py
[2025-09-06T19:29:30.056+0545] {processor.py:914} INFO - Processing file /home/ashok/miniconda3/envs/mysecondenvironment/lib/python3.8/site-packages/airflow/example_dags/example_branch_datetime_operator.py for tasks to queue
[2025-09-06T19:29:30.059+0545] {logging_mixin.py:190} INFO - [2025-09-06T19:29:30.059+0545] {dagbag.py:588} INFO - Filling up the DagBag from /home/ashok/miniconda3/envs/mysecondenvironment/lib/python3.8/site-packages/airflow/example_dags/example_branch_datetime_operator.py
[2025-09-06T19:29:30.072+0545] {processor.py:925} INFO - DAG(s) 'example_branch_datetime_operator_2', 'example_branch_datetime_operator', 'example_branch_datetime_operator_3' retrieved from /home/ashok/miniconda3/envs/mysecondenvironment/lib/python3.8/site-packages/airflow/example_dags/example_branch_datetime_operator.py
[2025-09-06T19:29:30.095+0545] {logging_mixin.py:190} INFO - [2025-09-06T19:29:30.094+0545] {dag.py:3239} INFO - Sync 3 DAGs
[2025-09-06T19:29:30.116+0545] {logging_mixin.py:190} INFO - [2025-09-06T19:29:30.115+0545] {dag.py:4180} INFO - Setting next_dagrun for example_branch_datetime_operator to 2025-09-05 00:00:00+00:00, run_after=2025-09-06 00:00:00+00:00
[2025-09-06T19:29:30.119+0545] {logging_mixin.py:190} INFO - [2025-09-06T19:29:30.119+0545] {dag.py:4180} INFO - Setting next_dagrun for example_branch_datetime_operator_2 to 2025-09-05 00:00:00+00:00, run_after=2025-09-06 00:00:00+00:00
[2025-09-06T19:29:30.121+0545] {logging_mixin.py:190} INFO - [2025-09-06T19:29:30.121+0545] {dag.py:4180} INFO - Setting next_dagrun for example_branch_datetime_operator_3 to 2025-09-05 00:00:00+00:00, run_after=2025-09-06 00:00:00+00:00
[2025-09-06T19:29:30.146+0545] {processor.py:208} INFO - Processing /home/ashok/miniconda3/envs/mysecondenvironment/lib/python3.8/site-packages/airflow/example_dags/example_branch_datetime_operator.py took 0.100 seconds
[2025-09-06T19:30:29.985+0545] {processor.py:186} INFO - Started process (PID=41309) to work on /home/ashok/miniconda3/envs/mysecondenvironment/lib/python3.8/site-packages/airflow/example_dags/example_branch_datetime_operator.py
[2025-09-06T19:30:29.988+0545] {processor.py:914} INFO - Processing file /home/ashok/miniconda3/envs/mysecondenvironment/lib/python3.8/site-packages/airflow/example_dags/example_branch_datetime_operator.py for tasks to queue
[2025-09-06T19:30:29.989+0545] {logging_mixin.py:190} INFO - [2025-09-06T19:30:29.989+0545] {dagbag.py:588} INFO - Filling up the DagBag from /home/ashok/miniconda3/envs/mysecondenvironment/lib/python3.8/site-packages/airflow/example_dags/example_branch_datetime_operator.py
[2025-09-06T19:30:29.998+0545] {processor.py:925} INFO - DAG(s) 'example_branch_datetime_operator_3', 'example_branch_datetime_operator_2', 'example_branch_datetime_operator' retrieved from /home/ashok/miniconda3/envs/mysecondenvironment/lib/python3.8/site-packages/airflow/example_dags/example_branch_datetime_operator.py
[2025-09-06T19:30:30.012+0545] {logging_mixin.py:190} INFO - [2025-09-06T19:30:30.012+0545] {dag.py:3239} INFO - Sync 3 DAGs
[2025-09-06T19:30:30.025+0545] {logging_mixin.py:190} INFO - [2025-09-06T19:30:30.025+0545] {dag.py:4180} INFO - Setting next_dagrun for example_branch_datetime_operator to 2025-09-05 00:00:00+00:00, run_after=2025-09-06 00:00:00+00:00
[2025-09-06T19:30:30.027+0545] {logging_mixin.py:190} INFO - [2025-09-06T19:30:30.027+0545] {dag.py:4180} INFO - Setting next_dagrun for example_branch_datetime_operator_2 to 2025-09-05 00:00:00+00:00, run_after=2025-09-06 00:00:00+00:00
[2025-09-06T19:30:30.028+0545] {logging_mixin.py:190} INFO - [2025-09-06T19:30:30.028+0545] {dag.py:4180} INFO - Setting next_dagrun for example_branch_datetime_operator_3 to 2025-09-05 00:00:00+00:00, run_after=2025-09-06 00:00:00+00:00
[2025-09-06T19:30:30.048+0545] {processor.py:208} INFO - Processing /home/ashok/miniconda3/envs/mysecondenvironment/lib/python3.8/site-packages/airflow/example_dags/example_branch_datetime_operator.py took 0.068 seconds
[2025-09-06T19:31:29.762+0545] {processor.py:186} INFO - Started process (PID=41974) to work on /home/ashok/miniconda3/envs/mysecondenvironment/lib/python3.8/site-packages/airflow/example_dags/example_branch_datetime_operator.py
[2025-09-06T19:31:29.764+0545] {processor.py:914} INFO - Processing file /home/ashok/miniconda3/envs/mysecondenvironment/lib/python3.8/site-packages/airflow/example_dags/example_branch_datetime_operator.py for tasks to queue
[2025-09-06T19:31:29.768+0545] {logging_mixin.py:190} INFO - [2025-09-06T19:31:29.767+0545] {dagbag.py:588} INFO - Filling up the DagBag from /home/ashok/miniconda3/envs/mysecondenvironment/lib/python3.8/site-packages/airflow/example_dags/example_branch_datetime_operator.py
[2025-09-06T19:31:29.782+0545] {processor.py:925} INFO - DAG(s) 'example_branch_datetime_operator', 'example_branch_datetime_operator_2', 'example_branch_datetime_operator_3' retrieved from /home/ashok/miniconda3/envs/mysecondenvironment/lib/python3.8/site-packages/airflow/example_dags/example_branch_datetime_operator.py
[2025-09-06T19:31:29.805+0545] {logging_mixin.py:190} INFO - [2025-09-06T19:31:29.804+0545] {dag.py:3239} INFO - Sync 3 DAGs
[2025-09-06T19:31:29.829+0545] {logging_mixin.py:190} INFO - [2025-09-06T19:31:29.829+0545] {dag.py:4180} INFO - Setting next_dagrun for example_branch_datetime_operator to 2025-09-05 00:00:00+00:00, run_after=2025-09-06 00:00:00+00:00
[2025-09-06T19:31:29.833+0545] {logging_mixin.py:190} INFO - [2025-09-06T19:31:29.833+0545] {dag.py:4180} INFO - Setting next_dagrun for example_branch_datetime_operator_2 to 2025-09-05 00:00:00+00:00, run_after=2025-09-06 00:00:00+00:00
[2025-09-06T19:31:29.835+0545] {logging_mixin.py:190} INFO - [2025-09-06T19:31:29.835+0545] {dag.py:4180} INFO - Setting next_dagrun for example_branch_datetime_operator_3 to 2025-09-05 00:00:00+00:00, run_after=2025-09-06 00:00:00+00:00
[2025-09-06T19:31:29.860+0545] {processor.py:208} INFO - Processing /home/ashok/miniconda3/envs/mysecondenvironment/lib/python3.8/site-packages/airflow/example_dags/example_branch_datetime_operator.py took 0.106 seconds
[2025-09-06T19:32:29.987+0545] {processor.py:186} INFO - Started process (PID=42375) to work on /home/ashok/miniconda3/envs/mysecondenvironment/lib/python3.8/site-packages/airflow/example_dags/example_branch_datetime_operator.py
[2025-09-06T19:32:29.990+0545] {processor.py:914} INFO - Processing file /home/ashok/miniconda3/envs/mysecondenvironment/lib/python3.8/site-packages/airflow/example_dags/example_branch_datetime_operator.py for tasks to queue
[2025-09-06T19:32:29.993+0545] {logging_mixin.py:190} INFO - [2025-09-06T19:32:29.992+0545] {dagbag.py:588} INFO - Filling up the DagBag from /home/ashok/miniconda3/envs/mysecondenvironment/lib/python3.8/site-packages/airflow/example_dags/example_branch_datetime_operator.py
[2025-09-06T19:32:30.009+0545] {processor.py:925} INFO - DAG(s) 'example_branch_datetime_operator', 'example_branch_datetime_operator_3', 'example_branch_datetime_operator_2' retrieved from /home/ashok/miniconda3/envs/mysecondenvironment/lib/python3.8/site-packages/airflow/example_dags/example_branch_datetime_operator.py
[2025-09-06T19:32:30.036+0545] {logging_mixin.py:190} INFO - [2025-09-06T19:32:30.036+0545] {dag.py:3239} INFO - Sync 3 DAGs
[2025-09-06T19:32:30.061+0545] {logging_mixin.py:190} INFO - [2025-09-06T19:32:30.061+0545] {dag.py:4180} INFO - Setting next_dagrun for example_branch_datetime_operator to 2025-09-05 00:00:00+00:00, run_after=2025-09-06 00:00:00+00:00
[2025-09-06T19:32:30.065+0545] {logging_mixin.py:190} INFO - [2025-09-06T19:32:30.065+0545] {dag.py:4180} INFO - Setting next_dagrun for example_branch_datetime_operator_2 to 2025-09-05 00:00:00+00:00, run_after=2025-09-06 00:00:00+00:00
[2025-09-06T19:32:30.067+0545] {logging_mixin.py:190} INFO - [2025-09-06T19:32:30.067+0545] {dag.py:4180} INFO - Setting next_dagrun for example_branch_datetime_operator_3 to 2025-09-05 00:00:00+00:00, run_after=2025-09-06 00:00:00+00:00
[2025-09-06T19:32:30.089+0545] {processor.py:208} INFO - Processing /home/ashok/miniconda3/envs/mysecondenvironment/lib/python3.8/site-packages/airflow/example_dags/example_branch_datetime_operator.py took 0.110 seconds
[2025-09-06T19:33:28.923+0545] {processor.py:186} INFO - Started process (PID=42761) to work on /home/ashok/miniconda3/envs/mysecondenvironment/lib/python3.8/site-packages/airflow/example_dags/example_branch_datetime_operator.py
[2025-09-06T19:33:28.925+0545] {processor.py:914} INFO - Processing file /home/ashok/miniconda3/envs/mysecondenvironment/lib/python3.8/site-packages/airflow/example_dags/example_branch_datetime_operator.py for tasks to queue
[2025-09-06T19:33:28.928+0545] {logging_mixin.py:190} INFO - [2025-09-06T19:33:28.927+0545] {dagbag.py:588} INFO - Filling up the DagBag from /home/ashok/miniconda3/envs/mysecondenvironment/lib/python3.8/site-packages/airflow/example_dags/example_branch_datetime_operator.py
[2025-09-06T19:33:28.942+0545] {processor.py:925} INFO - DAG(s) 'example_branch_datetime_operator_2', 'example_branch_datetime_operator', 'example_branch_datetime_operator_3' retrieved from /home/ashok/miniconda3/envs/mysecondenvironment/lib/python3.8/site-packages/airflow/example_dags/example_branch_datetime_operator.py
[2025-09-06T19:33:28.964+0545] {logging_mixin.py:190} INFO - [2025-09-06T19:33:28.963+0545] {dag.py:3239} INFO - Sync 3 DAGs
[2025-09-06T19:33:28.984+0545] {logging_mixin.py:190} INFO - [2025-09-06T19:33:28.984+0545] {dag.py:4180} INFO - Setting next_dagrun for example_branch_datetime_operator to 2025-09-05 00:00:00+00:00, run_after=2025-09-06 00:00:00+00:00
[2025-09-06T19:33:28.988+0545] {logging_mixin.py:190} INFO - [2025-09-06T19:33:28.988+0545] {dag.py:4180} INFO - Setting next_dagrun for example_branch_datetime_operator_2 to 2025-09-05 00:00:00+00:00, run_after=2025-09-06 00:00:00+00:00
[2025-09-06T19:33:28.990+0545] {logging_mixin.py:190} INFO - [2025-09-06T19:33:28.990+0545] {dag.py:4180} INFO - Setting next_dagrun for example_branch_datetime_operator_3 to 2025-09-05 00:00:00+00:00, run_after=2025-09-06 00:00:00+00:00
[2025-09-06T19:33:29.015+0545] {processor.py:208} INFO - Processing /home/ashok/miniconda3/envs/mysecondenvironment/lib/python3.8/site-packages/airflow/example_dags/example_branch_datetime_operator.py took 0.099 seconds
[2025-09-06T19:34:29.198+0545] {processor.py:186} INFO - Started process (PID=43155) to work on /home/ashok/miniconda3/envs/mysecondenvironment/lib/python3.8/site-packages/airflow/example_dags/example_branch_datetime_operator.py
[2025-09-06T19:34:29.201+0545] {processor.py:914} INFO - Processing file /home/ashok/miniconda3/envs/mysecondenvironment/lib/python3.8/site-packages/airflow/example_dags/example_branch_datetime_operator.py for tasks to queue
[2025-09-06T19:34:29.204+0545] {logging_mixin.py:190} INFO - [2025-09-06T19:34:29.203+0545] {dagbag.py:588} INFO - Filling up the DagBag from /home/ashok/miniconda3/envs/mysecondenvironment/lib/python3.8/site-packages/airflow/example_dags/example_branch_datetime_operator.py
[2025-09-06T19:34:29.218+0545] {processor.py:925} INFO - DAG(s) 'example_branch_datetime_operator_3', 'example_branch_datetime_operator', 'example_branch_datetime_operator_2' retrieved from /home/ashok/miniconda3/envs/mysecondenvironment/lib/python3.8/site-packages/airflow/example_dags/example_branch_datetime_operator.py
[2025-09-06T19:34:29.242+0545] {logging_mixin.py:190} INFO - [2025-09-06T19:34:29.242+0545] {dag.py:3239} INFO - Sync 3 DAGs
[2025-09-06T19:34:29.266+0545] {logging_mixin.py:190} INFO - [2025-09-06T19:34:29.265+0545] {dag.py:4180} INFO - Setting next_dagrun for example_branch_datetime_operator to 2025-09-05 00:00:00+00:00, run_after=2025-09-06 00:00:00+00:00
[2025-09-06T19:34:29.270+0545] {logging_mixin.py:190} INFO - [2025-09-06T19:34:29.270+0545] {dag.py:4180} INFO - Setting next_dagrun for example_branch_datetime_operator_2 to 2025-09-05 00:00:00+00:00, run_after=2025-09-06 00:00:00+00:00
[2025-09-06T19:34:29.272+0545] {logging_mixin.py:190} INFO - [2025-09-06T19:34:29.272+0545] {dag.py:4180} INFO - Setting next_dagrun for example_branch_datetime_operator_3 to 2025-09-05 00:00:00+00:00, run_after=2025-09-06 00:00:00+00:00
[2025-09-06T19:34:29.295+0545] {processor.py:208} INFO - Processing /home/ashok/miniconda3/envs/mysecondenvironment/lib/python3.8/site-packages/airflow/example_dags/example_branch_datetime_operator.py took 0.104 seconds
[2025-09-06T19:35:31.662+0545] {processor.py:186} INFO - Started process (PID=43698) to work on /home/ashok/miniconda3/envs/mysecondenvironment/lib/python3.8/site-packages/airflow/example_dags/example_branch_datetime_operator.py
[2025-09-06T19:35:31.664+0545] {processor.py:914} INFO - Processing file /home/ashok/miniconda3/envs/mysecondenvironment/lib/python3.8/site-packages/airflow/example_dags/example_branch_datetime_operator.py for tasks to queue
[2025-09-06T19:35:31.667+0545] {logging_mixin.py:190} INFO - [2025-09-06T19:35:31.667+0545] {dagbag.py:588} INFO - Filling up the DagBag from /home/ashok/miniconda3/envs/mysecondenvironment/lib/python3.8/site-packages/airflow/example_dags/example_branch_datetime_operator.py
[2025-09-06T19:35:31.683+0545] {processor.py:925} INFO - DAG(s) 'example_branch_datetime_operator_2', 'example_branch_datetime_operator_3', 'example_branch_datetime_operator' retrieved from /home/ashok/miniconda3/envs/mysecondenvironment/lib/python3.8/site-packages/airflow/example_dags/example_branch_datetime_operator.py
[2025-09-06T19:35:31.708+0545] {logging_mixin.py:190} INFO - [2025-09-06T19:35:31.707+0545] {dag.py:3239} INFO - Sync 3 DAGs
[2025-09-06T19:35:31.733+0545] {logging_mixin.py:190} INFO - [2025-09-06T19:35:31.733+0545] {dag.py:4180} INFO - Setting next_dagrun for example_branch_datetime_operator to 2025-09-05 00:00:00+00:00, run_after=2025-09-06 00:00:00+00:00
[2025-09-06T19:35:31.738+0545] {logging_mixin.py:190} INFO - [2025-09-06T19:35:31.738+0545] {dag.py:4180} INFO - Setting next_dagrun for example_branch_datetime_operator_2 to 2025-09-05 00:00:00+00:00, run_after=2025-09-06 00:00:00+00:00
[2025-09-06T19:35:31.741+0545] {logging_mixin.py:190} INFO - [2025-09-06T19:35:31.740+0545] {dag.py:4180} INFO - Setting next_dagrun for example_branch_datetime_operator_3 to 2025-09-05 00:00:00+00:00, run_after=2025-09-06 00:00:00+00:00
[2025-09-06T19:35:31.768+0545] {processor.py:208} INFO - Processing /home/ashok/miniconda3/envs/mysecondenvironment/lib/python3.8/site-packages/airflow/example_dags/example_branch_datetime_operator.py took 0.113 seconds
[2025-09-06T19:36:30.661+0545] {processor.py:186} INFO - Started process (PID=44188) to work on /home/ashok/miniconda3/envs/mysecondenvironment/lib/python3.8/site-packages/airflow/example_dags/example_branch_datetime_operator.py
[2025-09-06T19:36:30.664+0545] {processor.py:914} INFO - Processing file /home/ashok/miniconda3/envs/mysecondenvironment/lib/python3.8/site-packages/airflow/example_dags/example_branch_datetime_operator.py for tasks to queue
[2025-09-06T19:36:30.667+0545] {logging_mixin.py:190} INFO - [2025-09-06T19:36:30.666+0545] {dagbag.py:588} INFO - Filling up the DagBag from /home/ashok/miniconda3/envs/mysecondenvironment/lib/python3.8/site-packages/airflow/example_dags/example_branch_datetime_operator.py
[2025-09-06T19:36:30.683+0545] {processor.py:925} INFO - DAG(s) 'example_branch_datetime_operator_3', 'example_branch_datetime_operator', 'example_branch_datetime_operator_2' retrieved from /home/ashok/miniconda3/envs/mysecondenvironment/lib/python3.8/site-packages/airflow/example_dags/example_branch_datetime_operator.py
[2025-09-06T19:36:30.710+0545] {logging_mixin.py:190} INFO - [2025-09-06T19:36:30.710+0545] {dag.py:3239} INFO - Sync 3 DAGs
[2025-09-06T19:36:30.738+0545] {logging_mixin.py:190} INFO - [2025-09-06T19:36:30.737+0545] {dag.py:4180} INFO - Setting next_dagrun for example_branch_datetime_operator to 2025-09-05 00:00:00+00:00, run_after=2025-09-06 00:00:00+00:00
[2025-09-06T19:36:30.742+0545] {logging_mixin.py:190} INFO - [2025-09-06T19:36:30.742+0545] {dag.py:4180} INFO - Setting next_dagrun for example_branch_datetime_operator_2 to 2025-09-05 00:00:00+00:00, run_after=2025-09-06 00:00:00+00:00
[2025-09-06T19:36:30.745+0545] {logging_mixin.py:190} INFO - [2025-09-06T19:36:30.745+0545] {dag.py:4180} INFO - Setting next_dagrun for example_branch_datetime_operator_3 to 2025-09-05 00:00:00+00:00, run_after=2025-09-06 00:00:00+00:00
[2025-09-06T19:36:30.769+0545] {processor.py:208} INFO - Processing /home/ashok/miniconda3/envs/mysecondenvironment/lib/python3.8/site-packages/airflow/example_dags/example_branch_datetime_operator.py took 0.116 seconds
[2025-09-06T19:37:29.777+0545] {processor.py:186} INFO - Started process (PID=44608) to work on /home/ashok/miniconda3/envs/mysecondenvironment/lib/python3.8/site-packages/airflow/example_dags/example_branch_datetime_operator.py
[2025-09-06T19:37:29.779+0545] {processor.py:914} INFO - Processing file /home/ashok/miniconda3/envs/mysecondenvironment/lib/python3.8/site-packages/airflow/example_dags/example_branch_datetime_operator.py for tasks to queue
[2025-09-06T19:37:29.782+0545] {logging_mixin.py:190} INFO - [2025-09-06T19:37:29.782+0545] {dagbag.py:588} INFO - Filling up the DagBag from /home/ashok/miniconda3/envs/mysecondenvironment/lib/python3.8/site-packages/airflow/example_dags/example_branch_datetime_operator.py
[2025-09-06T19:37:29.796+0545] {processor.py:925} INFO - DAG(s) 'example_branch_datetime_operator_3', 'example_branch_datetime_operator', 'example_branch_datetime_operator_2' retrieved from /home/ashok/miniconda3/envs/mysecondenvironment/lib/python3.8/site-packages/airflow/example_dags/example_branch_datetime_operator.py
[2025-09-06T19:37:29.818+0545] {logging_mixin.py:190} INFO - [2025-09-06T19:37:29.818+0545] {dag.py:3239} INFO - Sync 3 DAGs
[2025-09-06T19:37:29.839+0545] {logging_mixin.py:190} INFO - [2025-09-06T19:37:29.839+0545] {dag.py:4180} INFO - Setting next_dagrun for example_branch_datetime_operator to 2025-09-05 00:00:00+00:00, run_after=2025-09-06 00:00:00+00:00
[2025-09-06T19:37:29.843+0545] {logging_mixin.py:190} INFO - [2025-09-06T19:37:29.843+0545] {dag.py:4180} INFO - Setting next_dagrun for example_branch_datetime_operator_2 to 2025-09-05 00:00:00+00:00, run_after=2025-09-06 00:00:00+00:00
[2025-09-06T19:37:29.845+0545] {logging_mixin.py:190} INFO - [2025-09-06T19:37:29.845+0545] {dag.py:4180} INFO - Setting next_dagrun for example_branch_datetime_operator_3 to 2025-09-05 00:00:00+00:00, run_after=2025-09-06 00:00:00+00:00
[2025-09-06T19:37:29.871+0545] {processor.py:208} INFO - Processing /home/ashok/miniconda3/envs/mysecondenvironment/lib/python3.8/site-packages/airflow/example_dags/example_branch_datetime_operator.py took 0.102 seconds
[2025-09-06T19:38:28.553+0545] {processor.py:186} INFO - Started process (PID=44992) to work on /home/ashok/miniconda3/envs/mysecondenvironment/lib/python3.8/site-packages/airflow/example_dags/example_branch_datetime_operator.py
[2025-09-06T19:38:28.556+0545] {processor.py:914} INFO - Processing file /home/ashok/miniconda3/envs/mysecondenvironment/lib/python3.8/site-packages/airflow/example_dags/example_branch_datetime_operator.py for tasks to queue
[2025-09-06T19:38:28.559+0545] {logging_mixin.py:190} INFO - [2025-09-06T19:38:28.558+0545] {dagbag.py:588} INFO - Filling up the DagBag from /home/ashok/miniconda3/envs/mysecondenvironment/lib/python3.8/site-packages/airflow/example_dags/example_branch_datetime_operator.py
[2025-09-06T19:38:28.573+0545] {processor.py:925} INFO - DAG(s) 'example_branch_datetime_operator', 'example_branch_datetime_operator_3', 'example_branch_datetime_operator_2' retrieved from /home/ashok/miniconda3/envs/mysecondenvironment/lib/python3.8/site-packages/airflow/example_dags/example_branch_datetime_operator.py
[2025-09-06T19:38:28.595+0545] {logging_mixin.py:190} INFO - [2025-09-06T19:38:28.595+0545] {dag.py:3239} INFO - Sync 3 DAGs
[2025-09-06T19:38:28.618+0545] {logging_mixin.py:190} INFO - [2025-09-06T19:38:28.618+0545] {dag.py:4180} INFO - Setting next_dagrun for example_branch_datetime_operator to 2025-09-05 00:00:00+00:00, run_after=2025-09-06 00:00:00+00:00
[2025-09-06T19:38:28.622+0545] {logging_mixin.py:190} INFO - [2025-09-06T19:38:28.622+0545] {dag.py:4180} INFO - Setting next_dagrun for example_branch_datetime_operator_2 to 2025-09-05 00:00:00+00:00, run_after=2025-09-06 00:00:00+00:00
[2025-09-06T19:38:28.624+0545] {logging_mixin.py:190} INFO - [2025-09-06T19:38:28.624+0545] {dag.py:4180} INFO - Setting next_dagrun for example_branch_datetime_operator_3 to 2025-09-05 00:00:00+00:00, run_after=2025-09-06 00:00:00+00:00
[2025-09-06T19:38:28.648+0545] {processor.py:208} INFO - Processing /home/ashok/miniconda3/envs/mysecondenvironment/lib/python3.8/site-packages/airflow/example_dags/example_branch_datetime_operator.py took 0.105 seconds
[2025-09-06T19:39:27.880+0545] {processor.py:186} INFO - Started process (PID=45419) to work on /home/ashok/miniconda3/envs/mysecondenvironment/lib/python3.8/site-packages/airflow/example_dags/example_branch_datetime_operator.py
[2025-09-06T19:39:27.883+0545] {processor.py:914} INFO - Processing file /home/ashok/miniconda3/envs/mysecondenvironment/lib/python3.8/site-packages/airflow/example_dags/example_branch_datetime_operator.py for tasks to queue
[2025-09-06T19:39:27.886+0545] {logging_mixin.py:190} INFO - [2025-09-06T19:39:27.885+0545] {dagbag.py:588} INFO - Filling up the DagBag from /home/ashok/miniconda3/envs/mysecondenvironment/lib/python3.8/site-packages/airflow/example_dags/example_branch_datetime_operator.py
[2025-09-06T19:39:27.899+0545] {processor.py:925} INFO - DAG(s) 'example_branch_datetime_operator', 'example_branch_datetime_operator_2', 'example_branch_datetime_operator_3' retrieved from /home/ashok/miniconda3/envs/mysecondenvironment/lib/python3.8/site-packages/airflow/example_dags/example_branch_datetime_operator.py
[2025-09-06T19:39:27.921+0545] {logging_mixin.py:190} INFO - [2025-09-06T19:39:27.920+0545] {dag.py:3239} INFO - Sync 3 DAGs
[2025-09-06T19:39:27.943+0545] {logging_mixin.py:190} INFO - [2025-09-06T19:39:27.943+0545] {dag.py:4180} INFO - Setting next_dagrun for example_branch_datetime_operator to 2025-09-05 00:00:00+00:00, run_after=2025-09-06 00:00:00+00:00
[2025-09-06T19:39:27.948+0545] {logging_mixin.py:190} INFO - [2025-09-06T19:39:27.948+0545] {dag.py:4180} INFO - Setting next_dagrun for example_branch_datetime_operator_2 to 2025-09-05 00:00:00+00:00, run_after=2025-09-06 00:00:00+00:00
[2025-09-06T19:39:27.950+0545] {logging_mixin.py:190} INFO - [2025-09-06T19:39:27.950+0545] {dag.py:4180} INFO - Setting next_dagrun for example_branch_datetime_operator_3 to 2025-09-05 00:00:00+00:00, run_after=2025-09-06 00:00:00+00:00
[2025-09-06T19:39:27.973+0545] {processor.py:208} INFO - Processing /home/ashok/miniconda3/envs/mysecondenvironment/lib/python3.8/site-packages/airflow/example_dags/example_branch_datetime_operator.py took 0.100 seconds
[2025-09-06T19:40:28.529+0545] {processor.py:186} INFO - Started process (PID=45814) to work on /home/ashok/miniconda3/envs/mysecondenvironment/lib/python3.8/site-packages/airflow/example_dags/example_branch_datetime_operator.py
[2025-09-06T19:40:28.533+0545] {processor.py:914} INFO - Processing file /home/ashok/miniconda3/envs/mysecondenvironment/lib/python3.8/site-packages/airflow/example_dags/example_branch_datetime_operator.py for tasks to queue
[2025-09-06T19:40:28.536+0545] {logging_mixin.py:190} INFO - [2025-09-06T19:40:28.535+0545] {dagbag.py:588} INFO - Filling up the DagBag from /home/ashok/miniconda3/envs/mysecondenvironment/lib/python3.8/site-packages/airflow/example_dags/example_branch_datetime_operator.py
[2025-09-06T19:40:28.549+0545] {processor.py:925} INFO - DAG(s) 'example_branch_datetime_operator_2', 'example_branch_datetime_operator_3', 'example_branch_datetime_operator' retrieved from /home/ashok/miniconda3/envs/mysecondenvironment/lib/python3.8/site-packages/airflow/example_dags/example_branch_datetime_operator.py
[2025-09-06T19:40:28.573+0545] {logging_mixin.py:190} INFO - [2025-09-06T19:40:28.573+0545] {dag.py:3239} INFO - Sync 3 DAGs
[2025-09-06T19:40:28.594+0545] {logging_mixin.py:190} INFO - [2025-09-06T19:40:28.594+0545] {dag.py:4180} INFO - Setting next_dagrun for example_branch_datetime_operator to 2025-09-05 00:00:00+00:00, run_after=2025-09-06 00:00:00+00:00
[2025-09-06T19:40:28.598+0545] {logging_mixin.py:190} INFO - [2025-09-06T19:40:28.598+0545] {dag.py:4180} INFO - Setting next_dagrun for example_branch_datetime_operator_2 to 2025-09-05 00:00:00+00:00, run_after=2025-09-06 00:00:00+00:00
[2025-09-06T19:40:28.600+0545] {logging_mixin.py:190} INFO - [2025-09-06T19:40:28.600+0545] {dag.py:4180} INFO - Setting next_dagrun for example_branch_datetime_operator_3 to 2025-09-05 00:00:00+00:00, run_after=2025-09-06 00:00:00+00:00
[2025-09-06T19:40:28.624+0545] {processor.py:208} INFO - Processing /home/ashok/miniconda3/envs/mysecondenvironment/lib/python3.8/site-packages/airflow/example_dags/example_branch_datetime_operator.py took 0.104 seconds
[2025-09-06T19:41:33.192+0545] {processor.py:186} INFO - Started process (PID=46402) to work on /home/ashok/miniconda3/envs/mysecondenvironment/lib/python3.8/site-packages/airflow/example_dags/example_branch_datetime_operator.py
[2025-09-06T19:41:33.194+0545] {processor.py:914} INFO - Processing file /home/ashok/miniconda3/envs/mysecondenvironment/lib/python3.8/site-packages/airflow/example_dags/example_branch_datetime_operator.py for tasks to queue
[2025-09-06T19:41:33.197+0545] {logging_mixin.py:190} INFO - [2025-09-06T19:41:33.197+0545] {dagbag.py:588} INFO - Filling up the DagBag from /home/ashok/miniconda3/envs/mysecondenvironment/lib/python3.8/site-packages/airflow/example_dags/example_branch_datetime_operator.py
[2025-09-06T19:41:33.211+0545] {processor.py:925} INFO - DAG(s) 'example_branch_datetime_operator', 'example_branch_datetime_operator_2', 'example_branch_datetime_operator_3' retrieved from /home/ashok/miniconda3/envs/mysecondenvironment/lib/python3.8/site-packages/airflow/example_dags/example_branch_datetime_operator.py
[2025-09-06T19:41:33.233+0545] {logging_mixin.py:190} INFO - [2025-09-06T19:41:33.233+0545] {dag.py:3239} INFO - Sync 3 DAGs
[2025-09-06T19:41:33.256+0545] {logging_mixin.py:190} INFO - [2025-09-06T19:41:33.256+0545] {dag.py:4180} INFO - Setting next_dagrun for example_branch_datetime_operator to 2025-09-05 00:00:00+00:00, run_after=2025-09-06 00:00:00+00:00
[2025-09-06T19:41:33.260+0545] {logging_mixin.py:190} INFO - [2025-09-06T19:41:33.260+0545] {dag.py:4180} INFO - Setting next_dagrun for example_branch_datetime_operator_2 to 2025-09-05 00:00:00+00:00, run_after=2025-09-06 00:00:00+00:00
[2025-09-06T19:41:33.262+0545] {logging_mixin.py:190} INFO - [2025-09-06T19:41:33.261+0545] {dag.py:4180} INFO - Setting next_dagrun for example_branch_datetime_operator_3 to 2025-09-05 00:00:00+00:00, run_after=2025-09-06 00:00:00+00:00
[2025-09-06T19:41:33.286+0545] {processor.py:208} INFO - Processing /home/ashok/miniconda3/envs/mysecondenvironment/lib/python3.8/site-packages/airflow/example_dags/example_branch_datetime_operator.py took 0.102 seconds
[2025-09-06T19:42:34.230+0545] {processor.py:186} INFO - Started process (PID=47071) to work on /home/ashok/miniconda3/envs/mysecondenvironment/lib/python3.8/site-packages/airflow/example_dags/example_branch_datetime_operator.py
[2025-09-06T19:42:34.233+0545] {processor.py:914} INFO - Processing file /home/ashok/miniconda3/envs/mysecondenvironment/lib/python3.8/site-packages/airflow/example_dags/example_branch_datetime_operator.py for tasks to queue
[2025-09-06T19:42:34.236+0545] {logging_mixin.py:190} INFO - [2025-09-06T19:42:34.235+0545] {dagbag.py:588} INFO - Filling up the DagBag from /home/ashok/miniconda3/envs/mysecondenvironment/lib/python3.8/site-packages/airflow/example_dags/example_branch_datetime_operator.py
[2025-09-06T19:42:34.252+0545] {processor.py:925} INFO - DAG(s) 'example_branch_datetime_operator_2', 'example_branch_datetime_operator_3', 'example_branch_datetime_operator' retrieved from /home/ashok/miniconda3/envs/mysecondenvironment/lib/python3.8/site-packages/airflow/example_dags/example_branch_datetime_operator.py
[2025-09-06T19:42:34.273+0545] {logging_mixin.py:190} INFO - [2025-09-06T19:42:34.273+0545] {dag.py:3239} INFO - Sync 3 DAGs
[2025-09-06T19:42:34.293+0545] {logging_mixin.py:190} INFO - [2025-09-06T19:42:34.293+0545] {dag.py:4180} INFO - Setting next_dagrun for example_branch_datetime_operator to 2025-09-05 00:00:00+00:00, run_after=2025-09-06 00:00:00+00:00
[2025-09-06T19:42:34.297+0545] {logging_mixin.py:190} INFO - [2025-09-06T19:42:34.297+0545] {dag.py:4180} INFO - Setting next_dagrun for example_branch_datetime_operator_2 to 2025-09-05 00:00:00+00:00, run_after=2025-09-06 00:00:00+00:00
[2025-09-06T19:42:34.299+0545] {logging_mixin.py:190} INFO - [2025-09-06T19:42:34.299+0545] {dag.py:4180} INFO - Setting next_dagrun for example_branch_datetime_operator_3 to 2025-09-05 00:00:00+00:00, run_after=2025-09-06 00:00:00+00:00
[2025-09-06T19:42:34.323+0545] {processor.py:208} INFO - Processing /home/ashok/miniconda3/envs/mysecondenvironment/lib/python3.8/site-packages/airflow/example_dags/example_branch_datetime_operator.py took 0.100 seconds
[2025-09-06T19:43:33.747+0545] {processor.py:186} INFO - Started process (PID=47606) to work on /home/ashok/miniconda3/envs/mysecondenvironment/lib/python3.8/site-packages/airflow/example_dags/example_branch_datetime_operator.py
[2025-09-06T19:43:33.750+0545] {processor.py:914} INFO - Processing file /home/ashok/miniconda3/envs/mysecondenvironment/lib/python3.8/site-packages/airflow/example_dags/example_branch_datetime_operator.py for tasks to queue
[2025-09-06T19:43:33.752+0545] {logging_mixin.py:190} INFO - [2025-09-06T19:43:33.752+0545] {dagbag.py:588} INFO - Filling up the DagBag from /home/ashok/miniconda3/envs/mysecondenvironment/lib/python3.8/site-packages/airflow/example_dags/example_branch_datetime_operator.py
[2025-09-06T19:43:33.768+0545] {processor.py:925} INFO - DAG(s) 'example_branch_datetime_operator_3', 'example_branch_datetime_operator', 'example_branch_datetime_operator_2' retrieved from /home/ashok/miniconda3/envs/mysecondenvironment/lib/python3.8/site-packages/airflow/example_dags/example_branch_datetime_operator.py
[2025-09-06T19:43:33.790+0545] {logging_mixin.py:190} INFO - [2025-09-06T19:43:33.790+0545] {dag.py:3239} INFO - Sync 3 DAGs
[2025-09-06T19:43:33.812+0545] {logging_mixin.py:190} INFO - [2025-09-06T19:43:33.812+0545] {dag.py:4180} INFO - Setting next_dagrun for example_branch_datetime_operator to 2025-09-05 00:00:00+00:00, run_after=2025-09-06 00:00:00+00:00
[2025-09-06T19:43:33.817+0545] {logging_mixin.py:190} INFO - [2025-09-06T19:43:33.816+0545] {dag.py:4180} INFO - Setting next_dagrun for example_branch_datetime_operator_2 to 2025-09-05 00:00:00+00:00, run_after=2025-09-06 00:00:00+00:00
[2025-09-06T19:43:33.818+0545] {logging_mixin.py:190} INFO - [2025-09-06T19:43:33.818+0545] {dag.py:4180} INFO - Setting next_dagrun for example_branch_datetime_operator_3 to 2025-09-05 00:00:00+00:00, run_after=2025-09-06 00:00:00+00:00
[2025-09-06T19:43:33.843+0545] {processor.py:208} INFO - Processing /home/ashok/miniconda3/envs/mysecondenvironment/lib/python3.8/site-packages/airflow/example_dags/example_branch_datetime_operator.py took 0.104 seconds
[2025-09-06T19:44:36.128+0545] {processor.py:186} INFO - Started process (PID=48336) to work on /home/ashok/miniconda3/envs/mysecondenvironment/lib/python3.8/site-packages/airflow/example_dags/example_branch_datetime_operator.py
[2025-09-06T19:44:36.130+0545] {processor.py:914} INFO - Processing file /home/ashok/miniconda3/envs/mysecondenvironment/lib/python3.8/site-packages/airflow/example_dags/example_branch_datetime_operator.py for tasks to queue
[2025-09-06T19:44:36.133+0545] {logging_mixin.py:190} INFO - [2025-09-06T19:44:36.132+0545] {dagbag.py:588} INFO - Filling up the DagBag from /home/ashok/miniconda3/envs/mysecondenvironment/lib/python3.8/site-packages/airflow/example_dags/example_branch_datetime_operator.py
[2025-09-06T19:44:36.146+0545] {processor.py:925} INFO - DAG(s) 'example_branch_datetime_operator_2', 'example_branch_datetime_operator_3', 'example_branch_datetime_operator' retrieved from /home/ashok/miniconda3/envs/mysecondenvironment/lib/python3.8/site-packages/airflow/example_dags/example_branch_datetime_operator.py
[2025-09-06T19:44:36.170+0545] {logging_mixin.py:190} INFO - [2025-09-06T19:44:36.169+0545] {dag.py:3239} INFO - Sync 3 DAGs
[2025-09-06T19:44:36.191+0545] {logging_mixin.py:190} INFO - [2025-09-06T19:44:36.191+0545] {dag.py:4180} INFO - Setting next_dagrun for example_branch_datetime_operator to 2025-09-05 00:00:00+00:00, run_after=2025-09-06 00:00:00+00:00
[2025-09-06T19:44:36.195+0545] {logging_mixin.py:190} INFO - [2025-09-06T19:44:36.195+0545] {dag.py:4180} INFO - Setting next_dagrun for example_branch_datetime_operator_2 to 2025-09-05 00:00:00+00:00, run_after=2025-09-06 00:00:00+00:00
[2025-09-06T19:44:36.197+0545] {logging_mixin.py:190} INFO - [2025-09-06T19:44:36.197+0545] {dag.py:4180} INFO - Setting next_dagrun for example_branch_datetime_operator_3 to 2025-09-05 00:00:00+00:00, run_after=2025-09-06 00:00:00+00:00
[2025-09-06T19:44:36.222+0545] {processor.py:208} INFO - Processing /home/ashok/miniconda3/envs/mysecondenvironment/lib/python3.8/site-packages/airflow/example_dags/example_branch_datetime_operator.py took 0.102 seconds
[2025-09-06T19:45:35.640+0545] {processor.py:186} INFO - Started process (PID=48738) to work on /home/ashok/miniconda3/envs/mysecondenvironment/lib/python3.8/site-packages/airflow/example_dags/example_branch_datetime_operator.py
[2025-09-06T19:45:35.642+0545] {processor.py:914} INFO - Processing file /home/ashok/miniconda3/envs/mysecondenvironment/lib/python3.8/site-packages/airflow/example_dags/example_branch_datetime_operator.py for tasks to queue
[2025-09-06T19:45:35.645+0545] {logging_mixin.py:190} INFO - [2025-09-06T19:45:35.645+0545] {dagbag.py:588} INFO - Filling up the DagBag from /home/ashok/miniconda3/envs/mysecondenvironment/lib/python3.8/site-packages/airflow/example_dags/example_branch_datetime_operator.py
[2025-09-06T19:45:35.659+0545] {processor.py:925} INFO - DAG(s) 'example_branch_datetime_operator_3', 'example_branch_datetime_operator_2', 'example_branch_datetime_operator' retrieved from /home/ashok/miniconda3/envs/mysecondenvironment/lib/python3.8/site-packages/airflow/example_dags/example_branch_datetime_operator.py
[2025-09-06T19:45:35.682+0545] {logging_mixin.py:190} INFO - [2025-09-06T19:45:35.682+0545] {dag.py:3239} INFO - Sync 3 DAGs
[2025-09-06T19:45:35.703+0545] {logging_mixin.py:190} INFO - [2025-09-06T19:45:35.703+0545] {dag.py:4180} INFO - Setting next_dagrun for example_branch_datetime_operator to 2025-09-05 00:00:00+00:00, run_after=2025-09-06 00:00:00+00:00
[2025-09-06T19:45:35.707+0545] {logging_mixin.py:190} INFO - [2025-09-06T19:45:35.707+0545] {dag.py:4180} INFO - Setting next_dagrun for example_branch_datetime_operator_2 to 2025-09-05 00:00:00+00:00, run_after=2025-09-06 00:00:00+00:00
[2025-09-06T19:45:35.709+0545] {logging_mixin.py:190} INFO - [2025-09-06T19:45:35.709+0545] {dag.py:4180} INFO - Setting next_dagrun for example_branch_datetime_operator_3 to 2025-09-05 00:00:00+00:00, run_after=2025-09-06 00:00:00+00:00
[2025-09-06T19:45:35.734+0545] {processor.py:208} INFO - Processing /home/ashok/miniconda3/envs/mysecondenvironment/lib/python3.8/site-packages/airflow/example_dags/example_branch_datetime_operator.py took 0.102 seconds
[2025-09-06T19:46:39.142+0545] {processor.py:186} INFO - Started process (PID=49431) to work on /home/ashok/miniconda3/envs/mysecondenvironment/lib/python3.8/site-packages/airflow/example_dags/example_branch_datetime_operator.py
[2025-09-06T19:46:39.145+0545] {processor.py:914} INFO - Processing file /home/ashok/miniconda3/envs/mysecondenvironment/lib/python3.8/site-packages/airflow/example_dags/example_branch_datetime_operator.py for tasks to queue
[2025-09-06T19:46:39.147+0545] {logging_mixin.py:190} INFO - [2025-09-06T19:46:39.147+0545] {dagbag.py:588} INFO - Filling up the DagBag from /home/ashok/miniconda3/envs/mysecondenvironment/lib/python3.8/site-packages/airflow/example_dags/example_branch_datetime_operator.py
[2025-09-06T19:46:39.162+0545] {processor.py:925} INFO - DAG(s) 'example_branch_datetime_operator', 'example_branch_datetime_operator_3', 'example_branch_datetime_operator_2' retrieved from /home/ashok/miniconda3/envs/mysecondenvironment/lib/python3.8/site-packages/airflow/example_dags/example_branch_datetime_operator.py
[2025-09-06T19:46:39.192+0545] {logging_mixin.py:190} INFO - [2025-09-06T19:46:39.191+0545] {dag.py:3239} INFO - Sync 3 DAGs
[2025-09-06T19:46:39.223+0545] {logging_mixin.py:190} INFO - [2025-09-06T19:46:39.223+0545] {dag.py:4180} INFO - Setting next_dagrun for example_branch_datetime_operator to 2025-09-05 00:00:00+00:00, run_after=2025-09-06 00:00:00+00:00
[2025-09-06T19:46:39.230+0545] {logging_mixin.py:190} INFO - [2025-09-06T19:46:39.230+0545] {dag.py:4180} INFO - Setting next_dagrun for example_branch_datetime_operator_2 to 2025-09-05 00:00:00+00:00, run_after=2025-09-06 00:00:00+00:00
[2025-09-06T19:46:39.233+0545] {logging_mixin.py:190} INFO - [2025-09-06T19:46:39.233+0545] {dag.py:4180} INFO - Setting next_dagrun for example_branch_datetime_operator_3 to 2025-09-05 00:00:00+00:00, run_after=2025-09-06 00:00:00+00:00
[2025-09-06T19:46:39.262+0545] {processor.py:208} INFO - Processing /home/ashok/miniconda3/envs/mysecondenvironment/lib/python3.8/site-packages/airflow/example_dags/example_branch_datetime_operator.py took 0.128 seconds
[2025-09-06T19:48:02.908+0545] {processor.py:186} INFO - Started process (PID=50023) to work on /home/ashok/miniconda3/envs/mysecondenvironment/lib/python3.8/site-packages/airflow/example_dags/example_branch_datetime_operator.py
[2025-09-06T19:48:02.912+0545] {processor.py:914} INFO - Processing file /home/ashok/miniconda3/envs/mysecondenvironment/lib/python3.8/site-packages/airflow/example_dags/example_branch_datetime_operator.py for tasks to queue
[2025-09-06T19:48:02.915+0545] {logging_mixin.py:190} INFO - [2025-09-06T19:48:02.914+0545] {dagbag.py:588} INFO - Filling up the DagBag from /home/ashok/miniconda3/envs/mysecondenvironment/lib/python3.8/site-packages/airflow/example_dags/example_branch_datetime_operator.py
[2025-09-06T19:48:02.930+0545] {processor.py:925} INFO - DAG(s) 'example_branch_datetime_operator_3', 'example_branch_datetime_operator_2', 'example_branch_datetime_operator' retrieved from /home/ashok/miniconda3/envs/mysecondenvironment/lib/python3.8/site-packages/airflow/example_dags/example_branch_datetime_operator.py
[2025-09-06T19:48:02.952+0545] {logging_mixin.py:190} INFO - [2025-09-06T19:48:02.951+0545] {dag.py:3239} INFO - Sync 3 DAGs
[2025-09-06T19:48:02.973+0545] {logging_mixin.py:190} INFO - [2025-09-06T19:48:02.973+0545] {dag.py:4180} INFO - Setting next_dagrun for example_branch_datetime_operator to 2025-09-05 00:00:00+00:00, run_after=2025-09-06 00:00:00+00:00
[2025-09-06T19:48:02.978+0545] {logging_mixin.py:190} INFO - [2025-09-06T19:48:02.977+0545] {dag.py:4180} INFO - Setting next_dagrun for example_branch_datetime_operator_2 to 2025-09-05 00:00:00+00:00, run_after=2025-09-06 00:00:00+00:00
[2025-09-06T19:48:02.979+0545] {logging_mixin.py:190} INFO - [2025-09-06T19:48:02.979+0545] {dag.py:4180} INFO - Setting next_dagrun for example_branch_datetime_operator_3 to 2025-09-05 00:00:00+00:00, run_after=2025-09-06 00:00:00+00:00
[2025-09-06T19:48:03.005+0545] {processor.py:208} INFO - Processing /home/ashok/miniconda3/envs/mysecondenvironment/lib/python3.8/site-packages/airflow/example_dags/example_branch_datetime_operator.py took 0.104 seconds
