[2025-09-06T19:05:14.651+0545] {processor.py:186} INFO - Started process (PID=29000) to work on /home/ashok/miniconda3/envs/mysecondenvironment/lib/python3.8/site-packages/airflow/example_dags/example_trigger_target_dag.py
[2025-09-06T19:05:14.651+0545] {processor.py:914} INFO - Processing file /home/ashok/miniconda3/envs/mysecondenvironment/lib/python3.8/site-packages/airflow/example_dags/example_trigger_target_dag.py for tasks to queue
[2025-09-06T19:05:14.653+0545] {logging_mixin.py:190} INFO - [2025-09-06T19:05:14.652+0545] {dagbag.py:588} INFO - Filling up the DagBag from /home/ashok/miniconda3/envs/mysecondenvironment/lib/python3.8/site-packages/airflow/example_dags/example_trigger_target_dag.py
[2025-09-06T19:05:14.658+0545] {processor.py:925} INFO - DAG(s) 'example_trigger_target_dag' retrieved from /home/ashok/miniconda3/envs/mysecondenvironment/lib/python3.8/site-packages/airflow/example_dags/example_trigger_target_dag.py
[2025-09-06T19:05:14.669+0545] {logging_mixin.py:190} INFO - [2025-09-06T19:05:14.668+0545] {dag.py:3239} INFO - Sync 1 DAGs
[2025-09-06T19:05:14.675+0545] {logging_mixin.py:190} INFO - [2025-09-06T19:05:14.675+0545] {dag.py:4180} INFO - Setting next_dagrun for example_trigger_target_dag to None, run_after=None
[2025-09-06T19:05:14.691+0545] {processor.py:208} INFO - Processing /home/ashok/miniconda3/envs/mysecondenvironment/lib/python3.8/site-packages/airflow/example_dags/example_trigger_target_dag.py took 0.044 seconds
[2025-09-06T19:08:20.427+0545] {processor.py:186} INFO - Started process (PID=30946) to work on /home/ashok/miniconda3/envs/mysecondenvironment/lib/python3.8/site-packages/airflow/example_dags/example_trigger_target_dag.py
[2025-09-06T19:08:20.430+0545] {processor.py:914} INFO - Processing file /home/ashok/miniconda3/envs/mysecondenvironment/lib/python3.8/site-packages/airflow/example_dags/example_trigger_target_dag.py for tasks to queue
[2025-09-06T19:08:20.432+0545] {logging_mixin.py:190} INFO - [2025-09-06T19:08:20.432+0545] {dagbag.py:588} INFO - Filling up the DagBag from /home/ashok/miniconda3/envs/mysecondenvironment/lib/python3.8/site-packages/airflow/example_dags/example_trigger_target_dag.py
[2025-09-06T19:08:20.441+0545] {processor.py:925} INFO - DAG(s) 'example_trigger_target_dag' retrieved from /home/ashok/miniconda3/envs/mysecondenvironment/lib/python3.8/site-packages/airflow/example_dags/example_trigger_target_dag.py
[2025-09-06T19:08:20.457+0545] {logging_mixin.py:190} INFO - [2025-09-06T19:08:20.457+0545] {dag.py:3239} INFO - Sync 1 DAGs
[2025-09-06T19:08:20.469+0545] {logging_mixin.py:190} INFO - [2025-09-06T19:08:20.469+0545] {dag.py:4180} INFO - Setting next_dagrun for example_trigger_target_dag to None, run_after=None
[2025-09-06T19:08:20.496+0545] {processor.py:208} INFO - Processing /home/ashok/miniconda3/envs/mysecondenvironment/lib/python3.8/site-packages/airflow/example_dags/example_trigger_target_dag.py took 0.076 seconds
[2025-09-06T19:09:21.082+0545] {processor.py:186} INFO - Started process (PID=31415) to work on /home/ashok/miniconda3/envs/mysecondenvironment/lib/python3.8/site-packages/airflow/example_dags/example_trigger_target_dag.py
[2025-09-06T19:09:21.085+0545] {processor.py:914} INFO - Processing file /home/ashok/miniconda3/envs/mysecondenvironment/lib/python3.8/site-packages/airflow/example_dags/example_trigger_target_dag.py for tasks to queue
[2025-09-06T19:09:21.087+0545] {logging_mixin.py:190} INFO - [2025-09-06T19:09:21.087+0545] {dagbag.py:588} INFO - Filling up the DagBag from /home/ashok/miniconda3/envs/mysecondenvironment/lib/python3.8/site-packages/airflow/example_dags/example_trigger_target_dag.py
[2025-09-06T19:09:21.097+0545] {processor.py:925} INFO - DAG(s) 'example_trigger_target_dag' retrieved from /home/ashok/miniconda3/envs/mysecondenvironment/lib/python3.8/site-packages/airflow/example_dags/example_trigger_target_dag.py
[2025-09-06T19:09:21.113+0545] {logging_mixin.py:190} INFO - [2025-09-06T19:09:21.113+0545] {dag.py:3239} INFO - Sync 1 DAGs
[2025-09-06T19:09:21.126+0545] {logging_mixin.py:190} INFO - [2025-09-06T19:09:21.126+0545] {dag.py:4180} INFO - Setting next_dagrun for example_trigger_target_dag to None, run_after=None
[2025-09-06T19:09:21.155+0545] {processor.py:208} INFO - Processing /home/ashok/miniconda3/envs/mysecondenvironment/lib/python3.8/site-packages/airflow/example_dags/example_trigger_target_dag.py took 0.080 seconds
[2025-09-06T19:10:20.637+0545] {processor.py:186} INFO - Started process (PID=31853) to work on /home/ashok/miniconda3/envs/mysecondenvironment/lib/python3.8/site-packages/airflow/example_dags/example_trigger_target_dag.py
[2025-09-06T19:10:20.640+0545] {processor.py:914} INFO - Processing file /home/ashok/miniconda3/envs/mysecondenvironment/lib/python3.8/site-packages/airflow/example_dags/example_trigger_target_dag.py for tasks to queue
[2025-09-06T19:10:20.643+0545] {logging_mixin.py:190} INFO - [2025-09-06T19:10:20.643+0545] {dagbag.py:588} INFO - Filling up the DagBag from /home/ashok/miniconda3/envs/mysecondenvironment/lib/python3.8/site-packages/airflow/example_dags/example_trigger_target_dag.py
[2025-09-06T19:10:20.656+0545] {processor.py:925} INFO - DAG(s) 'example_trigger_target_dag' retrieved from /home/ashok/miniconda3/envs/mysecondenvironment/lib/python3.8/site-packages/airflow/example_dags/example_trigger_target_dag.py
[2025-09-06T19:10:20.678+0545] {logging_mixin.py:190} INFO - [2025-09-06T19:10:20.677+0545] {dag.py:3239} INFO - Sync 1 DAGs
[2025-09-06T19:10:20.695+0545] {logging_mixin.py:190} INFO - [2025-09-06T19:10:20.694+0545] {dag.py:4180} INFO - Setting next_dagrun for example_trigger_target_dag to None, run_after=None
[2025-09-06T19:10:20.727+0545] {processor.py:208} INFO - Processing /home/ashok/miniconda3/envs/mysecondenvironment/lib/python3.8/site-packages/airflow/example_dags/example_trigger_target_dag.py took 0.099 seconds
[2025-09-06T19:11:18.923+0545] {processor.py:186} INFO - Started process (PID=32274) to work on /home/ashok/miniconda3/envs/mysecondenvironment/lib/python3.8/site-packages/airflow/example_dags/example_trigger_target_dag.py
[2025-09-06T19:11:18.925+0545] {processor.py:914} INFO - Processing file /home/ashok/miniconda3/envs/mysecondenvironment/lib/python3.8/site-packages/airflow/example_dags/example_trigger_target_dag.py for tasks to queue
[2025-09-06T19:11:18.928+0545] {logging_mixin.py:190} INFO - [2025-09-06T19:11:18.928+0545] {dagbag.py:588} INFO - Filling up the DagBag from /home/ashok/miniconda3/envs/mysecondenvironment/lib/python3.8/site-packages/airflow/example_dags/example_trigger_target_dag.py
[2025-09-06T19:11:18.937+0545] {processor.py:925} INFO - DAG(s) 'example_trigger_target_dag' retrieved from /home/ashok/miniconda3/envs/mysecondenvironment/lib/python3.8/site-packages/airflow/example_dags/example_trigger_target_dag.py
[2025-09-06T19:11:18.954+0545] {logging_mixin.py:190} INFO - [2025-09-06T19:11:18.954+0545] {dag.py:3239} INFO - Sync 1 DAGs
[2025-09-06T19:11:18.967+0545] {logging_mixin.py:190} INFO - [2025-09-06T19:11:18.966+0545] {dag.py:4180} INFO - Setting next_dagrun for example_trigger_target_dag to None, run_after=None
[2025-09-06T19:11:18.996+0545] {processor.py:208} INFO - Processing /home/ashok/miniconda3/envs/mysecondenvironment/lib/python3.8/site-packages/airflow/example_dags/example_trigger_target_dag.py took 0.081 seconds
[2025-09-06T19:12:18.877+0545] {processor.py:186} INFO - Started process (PID=32698) to work on /home/ashok/miniconda3/envs/mysecondenvironment/lib/python3.8/site-packages/airflow/example_dags/example_trigger_target_dag.py
[2025-09-06T19:12:18.879+0545] {processor.py:914} INFO - Processing file /home/ashok/miniconda3/envs/mysecondenvironment/lib/python3.8/site-packages/airflow/example_dags/example_trigger_target_dag.py for tasks to queue
[2025-09-06T19:12:18.881+0545] {logging_mixin.py:190} INFO - [2025-09-06T19:12:18.881+0545] {dagbag.py:588} INFO - Filling up the DagBag from /home/ashok/miniconda3/envs/mysecondenvironment/lib/python3.8/site-packages/airflow/example_dags/example_trigger_target_dag.py
[2025-09-06T19:12:18.889+0545] {processor.py:925} INFO - DAG(s) 'example_trigger_target_dag' retrieved from /home/ashok/miniconda3/envs/mysecondenvironment/lib/python3.8/site-packages/airflow/example_dags/example_trigger_target_dag.py
[2025-09-06T19:12:18.902+0545] {logging_mixin.py:190} INFO - [2025-09-06T19:12:18.902+0545] {dag.py:3239} INFO - Sync 1 DAGs
[2025-09-06T19:12:18.913+0545] {logging_mixin.py:190} INFO - [2025-09-06T19:12:18.912+0545] {dag.py:4180} INFO - Setting next_dagrun for example_trigger_target_dag to None, run_after=None
[2025-09-06T19:12:18.937+0545] {processor.py:208} INFO - Processing /home/ashok/miniconda3/envs/mysecondenvironment/lib/python3.8/site-packages/airflow/example_dags/example_trigger_target_dag.py took 0.066 seconds
[2025-09-06T19:13:16.783+0545] {processor.py:186} INFO - Started process (PID=33172) to work on /home/ashok/miniconda3/envs/mysecondenvironment/lib/python3.8/site-packages/airflow/example_dags/example_trigger_target_dag.py
[2025-09-06T19:13:16.785+0545] {processor.py:914} INFO - Processing file /home/ashok/miniconda3/envs/mysecondenvironment/lib/python3.8/site-packages/airflow/example_dags/example_trigger_target_dag.py for tasks to queue
[2025-09-06T19:13:16.788+0545] {logging_mixin.py:190} INFO - [2025-09-06T19:13:16.787+0545] {dagbag.py:588} INFO - Filling up the DagBag from /home/ashok/miniconda3/envs/mysecondenvironment/lib/python3.8/site-packages/airflow/example_dags/example_trigger_target_dag.py
[2025-09-06T19:13:16.797+0545] {processor.py:925} INFO - DAG(s) 'example_trigger_target_dag' retrieved from /home/ashok/miniconda3/envs/mysecondenvironment/lib/python3.8/site-packages/airflow/example_dags/example_trigger_target_dag.py
[2025-09-06T19:13:16.816+0545] {logging_mixin.py:190} INFO - [2025-09-06T19:13:16.816+0545] {dag.py:3239} INFO - Sync 1 DAGs
[2025-09-06T19:13:16.829+0545] {logging_mixin.py:190} INFO - [2025-09-06T19:13:16.828+0545] {dag.py:4180} INFO - Setting next_dagrun for example_trigger_target_dag to None, run_after=None
[2025-09-06T19:13:16.856+0545] {processor.py:208} INFO - Processing /home/ashok/miniconda3/envs/mysecondenvironment/lib/python3.8/site-packages/airflow/example_dags/example_trigger_target_dag.py took 0.080 seconds
[2025-09-06T19:14:18.448+0545] {processor.py:186} INFO - Started process (PID=33569) to work on /home/ashok/miniconda3/envs/mysecondenvironment/lib/python3.8/site-packages/airflow/example_dags/example_trigger_target_dag.py
[2025-09-06T19:14:18.451+0545] {processor.py:914} INFO - Processing file /home/ashok/miniconda3/envs/mysecondenvironment/lib/python3.8/site-packages/airflow/example_dags/example_trigger_target_dag.py for tasks to queue
[2025-09-06T19:14:18.454+0545] {logging_mixin.py:190} INFO - [2025-09-06T19:14:18.454+0545] {dagbag.py:588} INFO - Filling up the DagBag from /home/ashok/miniconda3/envs/mysecondenvironment/lib/python3.8/site-packages/airflow/example_dags/example_trigger_target_dag.py
[2025-09-06T19:14:18.463+0545] {processor.py:925} INFO - DAG(s) 'example_trigger_target_dag' retrieved from /home/ashok/miniconda3/envs/mysecondenvironment/lib/python3.8/site-packages/airflow/example_dags/example_trigger_target_dag.py
[2025-09-06T19:14:18.479+0545] {logging_mixin.py:190} INFO - [2025-09-06T19:14:18.479+0545] {dag.py:3239} INFO - Sync 1 DAGs
[2025-09-06T19:14:18.492+0545] {logging_mixin.py:190} INFO - [2025-09-06T19:14:18.492+0545] {dag.py:4180} INFO - Setting next_dagrun for example_trigger_target_dag to None, run_after=None
[2025-09-06T19:14:18.519+0545] {processor.py:208} INFO - Processing /home/ashok/miniconda3/envs/mysecondenvironment/lib/python3.8/site-packages/airflow/example_dags/example_trigger_target_dag.py took 0.080 seconds
[2025-09-06T19:15:19.350+0545] {processor.py:186} INFO - Started process (PID=34011) to work on /home/ashok/miniconda3/envs/mysecondenvironment/lib/python3.8/site-packages/airflow/example_dags/example_trigger_target_dag.py
[2025-09-06T19:15:19.353+0545] {processor.py:914} INFO - Processing file /home/ashok/miniconda3/envs/mysecondenvironment/lib/python3.8/site-packages/airflow/example_dags/example_trigger_target_dag.py for tasks to queue
[2025-09-06T19:15:19.356+0545] {logging_mixin.py:190} INFO - [2025-09-06T19:15:19.356+0545] {dagbag.py:588} INFO - Filling up the DagBag from /home/ashok/miniconda3/envs/mysecondenvironment/lib/python3.8/site-packages/airflow/example_dags/example_trigger_target_dag.py
[2025-09-06T19:15:19.366+0545] {processor.py:925} INFO - DAG(s) 'example_trigger_target_dag' retrieved from /home/ashok/miniconda3/envs/mysecondenvironment/lib/python3.8/site-packages/airflow/example_dags/example_trigger_target_dag.py
[2025-09-06T19:15:19.383+0545] {logging_mixin.py:190} INFO - [2025-09-06T19:15:19.383+0545] {dag.py:3239} INFO - Sync 1 DAGs
[2025-09-06T19:15:19.396+0545] {logging_mixin.py:190} INFO - [2025-09-06T19:15:19.396+0545] {dag.py:4180} INFO - Setting next_dagrun for example_trigger_target_dag to None, run_after=None
[2025-09-06T19:15:19.423+0545] {processor.py:208} INFO - Processing /home/ashok/miniconda3/envs/mysecondenvironment/lib/python3.8/site-packages/airflow/example_dags/example_trigger_target_dag.py took 0.079 seconds
[2025-09-06T19:16:17.952+0545] {processor.py:186} INFO - Started process (PID=34494) to work on /home/ashok/miniconda3/envs/mysecondenvironment/lib/python3.8/site-packages/airflow/example_dags/example_trigger_target_dag.py
[2025-09-06T19:16:17.955+0545] {processor.py:914} INFO - Processing file /home/ashok/miniconda3/envs/mysecondenvironment/lib/python3.8/site-packages/airflow/example_dags/example_trigger_target_dag.py for tasks to queue
[2025-09-06T19:16:17.958+0545] {logging_mixin.py:190} INFO - [2025-09-06T19:16:17.957+0545] {dagbag.py:588} INFO - Filling up the DagBag from /home/ashok/miniconda3/envs/mysecondenvironment/lib/python3.8/site-packages/airflow/example_dags/example_trigger_target_dag.py
[2025-09-06T19:16:17.967+0545] {processor.py:925} INFO - DAG(s) 'example_trigger_target_dag' retrieved from /home/ashok/miniconda3/envs/mysecondenvironment/lib/python3.8/site-packages/airflow/example_dags/example_trigger_target_dag.py
[2025-09-06T19:16:17.984+0545] {logging_mixin.py:190} INFO - [2025-09-06T19:16:17.984+0545] {dag.py:3239} INFO - Sync 1 DAGs
[2025-09-06T19:16:17.997+0545] {logging_mixin.py:190} INFO - [2025-09-06T19:16:17.997+0545] {dag.py:4180} INFO - Setting next_dagrun for example_trigger_target_dag to None, run_after=None
[2025-09-06T19:16:18.025+0545] {processor.py:208} INFO - Processing /home/ashok/miniconda3/envs/mysecondenvironment/lib/python3.8/site-packages/airflow/example_dags/example_trigger_target_dag.py took 0.081 seconds
[2025-09-06T19:17:16.876+0545] {processor.py:186} INFO - Started process (PID=34929) to work on /home/ashok/miniconda3/envs/mysecondenvironment/lib/python3.8/site-packages/airflow/example_dags/example_trigger_target_dag.py
[2025-09-06T19:17:16.878+0545] {processor.py:914} INFO - Processing file /home/ashok/miniconda3/envs/mysecondenvironment/lib/python3.8/site-packages/airflow/example_dags/example_trigger_target_dag.py for tasks to queue
[2025-09-06T19:17:16.881+0545] {logging_mixin.py:190} INFO - [2025-09-06T19:17:16.881+0545] {dagbag.py:588} INFO - Filling up the DagBag from /home/ashok/miniconda3/envs/mysecondenvironment/lib/python3.8/site-packages/airflow/example_dags/example_trigger_target_dag.py
[2025-09-06T19:17:16.891+0545] {processor.py:925} INFO - DAG(s) 'example_trigger_target_dag' retrieved from /home/ashok/miniconda3/envs/mysecondenvironment/lib/python3.8/site-packages/airflow/example_dags/example_trigger_target_dag.py
[2025-09-06T19:17:16.909+0545] {logging_mixin.py:190} INFO - [2025-09-06T19:17:16.909+0545] {dag.py:3239} INFO - Sync 1 DAGs
[2025-09-06T19:17:16.924+0545] {logging_mixin.py:190} INFO - [2025-09-06T19:17:16.924+0545] {dag.py:4180} INFO - Setting next_dagrun for example_trigger_target_dag to None, run_after=None
[2025-09-06T19:17:16.949+0545] {processor.py:208} INFO - Processing /home/ashok/miniconda3/envs/mysecondenvironment/lib/python3.8/site-packages/airflow/example_dags/example_trigger_target_dag.py took 0.080 seconds
[2025-09-06T19:18:18.212+0545] {processor.py:186} INFO - Started process (PID=35331) to work on /home/ashok/miniconda3/envs/mysecondenvironment/lib/python3.8/site-packages/airflow/example_dags/example_trigger_target_dag.py
[2025-09-06T19:18:18.215+0545] {processor.py:914} INFO - Processing file /home/ashok/miniconda3/envs/mysecondenvironment/lib/python3.8/site-packages/airflow/example_dags/example_trigger_target_dag.py for tasks to queue
[2025-09-06T19:18:18.219+0545] {logging_mixin.py:190} INFO - [2025-09-06T19:18:18.218+0545] {dagbag.py:588} INFO - Filling up the DagBag from /home/ashok/miniconda3/envs/mysecondenvironment/lib/python3.8/site-packages/airflow/example_dags/example_trigger_target_dag.py
[2025-09-06T19:18:18.233+0545] {processor.py:925} INFO - DAG(s) 'example_trigger_target_dag' retrieved from /home/ashok/miniconda3/envs/mysecondenvironment/lib/python3.8/site-packages/airflow/example_dags/example_trigger_target_dag.py
[2025-09-06T19:18:18.257+0545] {logging_mixin.py:190} INFO - [2025-09-06T19:18:18.257+0545] {dag.py:3239} INFO - Sync 1 DAGs
[2025-09-06T19:18:18.277+0545] {logging_mixin.py:190} INFO - [2025-09-06T19:18:18.276+0545] {dag.py:4180} INFO - Setting next_dagrun for example_trigger_target_dag to None, run_after=None
[2025-09-06T19:18:18.310+0545] {processor.py:208} INFO - Processing /home/ashok/miniconda3/envs/mysecondenvironment/lib/python3.8/site-packages/airflow/example_dags/example_trigger_target_dag.py took 0.111 seconds
[2025-09-06T19:19:24.072+0545] {processor.py:186} INFO - Started process (PID=35891) to work on /home/ashok/miniconda3/envs/mysecondenvironment/lib/python3.8/site-packages/airflow/example_dags/example_trigger_target_dag.py
[2025-09-06T19:19:24.074+0545] {processor.py:914} INFO - Processing file /home/ashok/miniconda3/envs/mysecondenvironment/lib/python3.8/site-packages/airflow/example_dags/example_trigger_target_dag.py for tasks to queue
[2025-09-06T19:19:24.077+0545] {logging_mixin.py:190} INFO - [2025-09-06T19:19:24.076+0545] {dagbag.py:588} INFO - Filling up the DagBag from /home/ashok/miniconda3/envs/mysecondenvironment/lib/python3.8/site-packages/airflow/example_dags/example_trigger_target_dag.py
[2025-09-06T19:19:24.087+0545] {processor.py:925} INFO - DAG(s) 'example_trigger_target_dag' retrieved from /home/ashok/miniconda3/envs/mysecondenvironment/lib/python3.8/site-packages/airflow/example_dags/example_trigger_target_dag.py
[2025-09-06T19:19:24.103+0545] {logging_mixin.py:190} INFO - [2025-09-06T19:19:24.103+0545] {dag.py:3239} INFO - Sync 1 DAGs
[2025-09-06T19:19:24.116+0545] {logging_mixin.py:190} INFO - [2025-09-06T19:19:24.116+0545] {dag.py:4180} INFO - Setting next_dagrun for example_trigger_target_dag to None, run_after=None
[2025-09-06T19:19:24.144+0545] {processor.py:208} INFO - Processing /home/ashok/miniconda3/envs/mysecondenvironment/lib/python3.8/site-packages/airflow/example_dags/example_trigger_target_dag.py took 0.079 seconds
[2025-09-06T19:20:24.415+0545] {processor.py:186} INFO - Started process (PID=36286) to work on /home/ashok/miniconda3/envs/mysecondenvironment/lib/python3.8/site-packages/airflow/example_dags/example_trigger_target_dag.py
[2025-09-06T19:20:24.418+0545] {processor.py:914} INFO - Processing file /home/ashok/miniconda3/envs/mysecondenvironment/lib/python3.8/site-packages/airflow/example_dags/example_trigger_target_dag.py for tasks to queue
[2025-09-06T19:20:24.421+0545] {logging_mixin.py:190} INFO - [2025-09-06T19:20:24.420+0545] {dagbag.py:588} INFO - Filling up the DagBag from /home/ashok/miniconda3/envs/mysecondenvironment/lib/python3.8/site-packages/airflow/example_dags/example_trigger_target_dag.py
[2025-09-06T19:20:24.431+0545] {processor.py:925} INFO - DAG(s) 'example_trigger_target_dag' retrieved from /home/ashok/miniconda3/envs/mysecondenvironment/lib/python3.8/site-packages/airflow/example_dags/example_trigger_target_dag.py
[2025-09-06T19:20:24.450+0545] {logging_mixin.py:190} INFO - [2025-09-06T19:20:24.450+0545] {dag.py:3239} INFO - Sync 1 DAGs
[2025-09-06T19:20:24.462+0545] {logging_mixin.py:190} INFO - [2025-09-06T19:20:24.462+0545] {dag.py:4180} INFO - Setting next_dagrun for example_trigger_target_dag to None, run_after=None
[2025-09-06T19:20:24.488+0545] {processor.py:208} INFO - Processing /home/ashok/miniconda3/envs/mysecondenvironment/lib/python3.8/site-packages/airflow/example_dags/example_trigger_target_dag.py took 0.082 seconds
[2025-09-06T19:21:25.311+0545] {processor.py:186} INFO - Started process (PID=36731) to work on /home/ashok/miniconda3/envs/mysecondenvironment/lib/python3.8/site-packages/airflow/example_dags/example_trigger_target_dag.py
[2025-09-06T19:21:25.314+0545] {processor.py:914} INFO - Processing file /home/ashok/miniconda3/envs/mysecondenvironment/lib/python3.8/site-packages/airflow/example_dags/example_trigger_target_dag.py for tasks to queue
[2025-09-06T19:21:25.316+0545] {logging_mixin.py:190} INFO - [2025-09-06T19:21:25.316+0545] {dagbag.py:588} INFO - Filling up the DagBag from /home/ashok/miniconda3/envs/mysecondenvironment/lib/python3.8/site-packages/airflow/example_dags/example_trigger_target_dag.py
[2025-09-06T19:21:25.326+0545] {processor.py:925} INFO - DAG(s) 'example_trigger_target_dag' retrieved from /home/ashok/miniconda3/envs/mysecondenvironment/lib/python3.8/site-packages/airflow/example_dags/example_trigger_target_dag.py
[2025-09-06T19:21:25.342+0545] {logging_mixin.py:190} INFO - [2025-09-06T19:21:25.342+0545] {dag.py:3239} INFO - Sync 1 DAGs
[2025-09-06T19:21:25.354+0545] {logging_mixin.py:190} INFO - [2025-09-06T19:21:25.354+0545] {dag.py:4180} INFO - Setting next_dagrun for example_trigger_target_dag to None, run_after=None
[2025-09-06T19:21:25.381+0545] {processor.py:208} INFO - Processing /home/ashok/miniconda3/envs/mysecondenvironment/lib/python3.8/site-packages/airflow/example_dags/example_trigger_target_dag.py took 0.077 seconds
[2025-09-06T19:22:26.750+0545] {processor.py:186} INFO - Started process (PID=37254) to work on /home/ashok/miniconda3/envs/mysecondenvironment/lib/python3.8/site-packages/airflow/example_dags/example_trigger_target_dag.py
[2025-09-06T19:22:26.752+0545] {processor.py:914} INFO - Processing file /home/ashok/miniconda3/envs/mysecondenvironment/lib/python3.8/site-packages/airflow/example_dags/example_trigger_target_dag.py for tasks to queue
[2025-09-06T19:22:26.755+0545] {logging_mixin.py:190} INFO - [2025-09-06T19:22:26.754+0545] {dagbag.py:588} INFO - Filling up the DagBag from /home/ashok/miniconda3/envs/mysecondenvironment/lib/python3.8/site-packages/airflow/example_dags/example_trigger_target_dag.py
[2025-09-06T19:22:26.764+0545] {processor.py:925} INFO - DAG(s) 'example_trigger_target_dag' retrieved from /home/ashok/miniconda3/envs/mysecondenvironment/lib/python3.8/site-packages/airflow/example_dags/example_trigger_target_dag.py
[2025-09-06T19:22:26.782+0545] {logging_mixin.py:190} INFO - [2025-09-06T19:22:26.781+0545] {dag.py:3239} INFO - Sync 1 DAGs
[2025-09-06T19:22:26.793+0545] {logging_mixin.py:190} INFO - [2025-09-06T19:22:26.793+0545] {dag.py:4180} INFO - Setting next_dagrun for example_trigger_target_dag to None, run_after=None
[2025-09-06T19:22:26.819+0545] {processor.py:208} INFO - Processing /home/ashok/miniconda3/envs/mysecondenvironment/lib/python3.8/site-packages/airflow/example_dags/example_trigger_target_dag.py took 0.077 seconds
[2025-09-06T19:23:27.702+0545] {processor.py:186} INFO - Started process (PID=37654) to work on /home/ashok/miniconda3/envs/mysecondenvironment/lib/python3.8/site-packages/airflow/example_dags/example_trigger_target_dag.py
[2025-09-06T19:23:27.704+0545] {processor.py:914} INFO - Processing file /home/ashok/miniconda3/envs/mysecondenvironment/lib/python3.8/site-packages/airflow/example_dags/example_trigger_target_dag.py for tasks to queue
[2025-09-06T19:23:27.706+0545] {logging_mixin.py:190} INFO - [2025-09-06T19:23:27.706+0545] {dagbag.py:588} INFO - Filling up the DagBag from /home/ashok/miniconda3/envs/mysecondenvironment/lib/python3.8/site-packages/airflow/example_dags/example_trigger_target_dag.py
[2025-09-06T19:23:27.716+0545] {processor.py:925} INFO - DAG(s) 'example_trigger_target_dag' retrieved from /home/ashok/miniconda3/envs/mysecondenvironment/lib/python3.8/site-packages/airflow/example_dags/example_trigger_target_dag.py
[2025-09-06T19:23:27.733+0545] {logging_mixin.py:190} INFO - [2025-09-06T19:23:27.732+0545] {dag.py:3239} INFO - Sync 1 DAGs
[2025-09-06T19:23:27.745+0545] {logging_mixin.py:190} INFO - [2025-09-06T19:23:27.744+0545] {dag.py:4180} INFO - Setting next_dagrun for example_trigger_target_dag to None, run_after=None
[2025-09-06T19:23:27.772+0545] {processor.py:208} INFO - Processing /home/ashok/miniconda3/envs/mysecondenvironment/lib/python3.8/site-packages/airflow/example_dags/example_trigger_target_dag.py took 0.078 seconds
[2025-09-06T19:24:37.575+0545] {processor.py:186} INFO - Started process (PID=38316) to work on /home/ashok/miniconda3/envs/mysecondenvironment/lib/python3.8/site-packages/airflow/example_dags/example_trigger_target_dag.py
[2025-09-06T19:24:37.577+0545] {processor.py:914} INFO - Processing file /home/ashok/miniconda3/envs/mysecondenvironment/lib/python3.8/site-packages/airflow/example_dags/example_trigger_target_dag.py for tasks to queue
[2025-09-06T19:24:37.580+0545] {logging_mixin.py:190} INFO - [2025-09-06T19:24:37.579+0545] {dagbag.py:588} INFO - Filling up the DagBag from /home/ashok/miniconda3/envs/mysecondenvironment/lib/python3.8/site-packages/airflow/example_dags/example_trigger_target_dag.py
[2025-09-06T19:24:37.589+0545] {processor.py:925} INFO - DAG(s) 'example_trigger_target_dag' retrieved from /home/ashok/miniconda3/envs/mysecondenvironment/lib/python3.8/site-packages/airflow/example_dags/example_trigger_target_dag.py
[2025-09-06T19:24:37.607+0545] {logging_mixin.py:190} INFO - [2025-09-06T19:24:37.606+0545] {dag.py:3239} INFO - Sync 1 DAGs
[2025-09-06T19:24:37.619+0545] {logging_mixin.py:190} INFO - [2025-09-06T19:24:37.619+0545] {dag.py:4180} INFO - Setting next_dagrun for example_trigger_target_dag to None, run_after=None
[2025-09-06T19:24:37.882+0545] {processor.py:208} INFO - Processing /home/ashok/miniconda3/envs/mysecondenvironment/lib/python3.8/site-packages/airflow/example_dags/example_trigger_target_dag.py took 0.314 seconds
[2025-09-06T19:25:46.459+0545] {processor.py:186} INFO - Started process (PID=38881) to work on /home/ashok/miniconda3/envs/mysecondenvironment/lib/python3.8/site-packages/airflow/example_dags/example_trigger_target_dag.py
[2025-09-06T19:25:46.461+0545] {processor.py:914} INFO - Processing file /home/ashok/miniconda3/envs/mysecondenvironment/lib/python3.8/site-packages/airflow/example_dags/example_trigger_target_dag.py for tasks to queue
[2025-09-06T19:25:46.464+0545] {logging_mixin.py:190} INFO - [2025-09-06T19:25:46.464+0545] {dagbag.py:588} INFO - Filling up the DagBag from /home/ashok/miniconda3/envs/mysecondenvironment/lib/python3.8/site-packages/airflow/example_dags/example_trigger_target_dag.py
[2025-09-06T19:25:46.473+0545] {processor.py:925} INFO - DAG(s) 'example_trigger_target_dag' retrieved from /home/ashok/miniconda3/envs/mysecondenvironment/lib/python3.8/site-packages/airflow/example_dags/example_trigger_target_dag.py
[2025-09-06T19:25:46.491+0545] {logging_mixin.py:190} INFO - [2025-09-06T19:25:46.491+0545] {dag.py:3239} INFO - Sync 1 DAGs
[2025-09-06T19:25:46.504+0545] {logging_mixin.py:190} INFO - [2025-09-06T19:25:46.504+0545] {dag.py:4180} INFO - Setting next_dagrun for example_trigger_target_dag to None, run_after=None
[2025-09-06T19:25:46.532+0545] {processor.py:208} INFO - Processing /home/ashok/miniconda3/envs/mysecondenvironment/lib/python3.8/site-packages/airflow/example_dags/example_trigger_target_dag.py took 0.081 seconds
[2025-09-06T19:26:48.840+0545] {processor.py:186} INFO - Started process (PID=39467) to work on /home/ashok/miniconda3/envs/mysecondenvironment/lib/python3.8/site-packages/airflow/example_dags/example_trigger_target_dag.py
[2025-09-06T19:26:48.843+0545] {processor.py:914} INFO - Processing file /home/ashok/miniconda3/envs/mysecondenvironment/lib/python3.8/site-packages/airflow/example_dags/example_trigger_target_dag.py for tasks to queue
[2025-09-06T19:26:48.846+0545] {logging_mixin.py:190} INFO - [2025-09-06T19:26:48.846+0545] {dagbag.py:588} INFO - Filling up the DagBag from /home/ashok/miniconda3/envs/mysecondenvironment/lib/python3.8/site-packages/airflow/example_dags/example_trigger_target_dag.py
[2025-09-06T19:26:48.857+0545] {processor.py:925} INFO - DAG(s) 'example_trigger_target_dag' retrieved from /home/ashok/miniconda3/envs/mysecondenvironment/lib/python3.8/site-packages/airflow/example_dags/example_trigger_target_dag.py
[2025-09-06T19:26:48.873+0545] {logging_mixin.py:190} INFO - [2025-09-06T19:26:48.873+0545] {dag.py:3239} INFO - Sync 1 DAGs
[2025-09-06T19:26:48.886+0545] {logging_mixin.py:190} INFO - [2025-09-06T19:26:48.885+0545] {dag.py:4180} INFO - Setting next_dagrun for example_trigger_target_dag to None, run_after=None
[2025-09-06T19:26:48.914+0545] {processor.py:208} INFO - Processing /home/ashok/miniconda3/envs/mysecondenvironment/lib/python3.8/site-packages/airflow/example_dags/example_trigger_target_dag.py took 0.081 seconds
[2025-09-06T19:27:48.738+0545] {processor.py:186} INFO - Started process (PID=39866) to work on /home/ashok/miniconda3/envs/mysecondenvironment/lib/python3.8/site-packages/airflow/example_dags/example_trigger_target_dag.py
[2025-09-06T19:27:48.740+0545] {processor.py:914} INFO - Processing file /home/ashok/miniconda3/envs/mysecondenvironment/lib/python3.8/site-packages/airflow/example_dags/example_trigger_target_dag.py for tasks to queue
[2025-09-06T19:27:48.743+0545] {logging_mixin.py:190} INFO - [2025-09-06T19:27:48.742+0545] {dagbag.py:588} INFO - Filling up the DagBag from /home/ashok/miniconda3/envs/mysecondenvironment/lib/python3.8/site-packages/airflow/example_dags/example_trigger_target_dag.py
[2025-09-06T19:27:48.752+0545] {processor.py:925} INFO - DAG(s) 'example_trigger_target_dag' retrieved from /home/ashok/miniconda3/envs/mysecondenvironment/lib/python3.8/site-packages/airflow/example_dags/example_trigger_target_dag.py
[2025-09-06T19:27:48.770+0545] {logging_mixin.py:190} INFO - [2025-09-06T19:27:48.769+0545] {dag.py:3239} INFO - Sync 1 DAGs
[2025-09-06T19:27:48.782+0545] {logging_mixin.py:190} INFO - [2025-09-06T19:27:48.782+0545] {dag.py:4180} INFO - Setting next_dagrun for example_trigger_target_dag to None, run_after=None
[2025-09-06T19:27:48.809+0545] {processor.py:208} INFO - Processing /home/ashok/miniconda3/envs/mysecondenvironment/lib/python3.8/site-packages/airflow/example_dags/example_trigger_target_dag.py took 0.079 seconds
[2025-09-06T19:28:48.513+0545] {processor.py:186} INFO - Started process (PID=40360) to work on /home/ashok/miniconda3/envs/mysecondenvironment/lib/python3.8/site-packages/airflow/example_dags/example_trigger_target_dag.py
[2025-09-06T19:28:48.515+0545] {processor.py:914} INFO - Processing file /home/ashok/miniconda3/envs/mysecondenvironment/lib/python3.8/site-packages/airflow/example_dags/example_trigger_target_dag.py for tasks to queue
[2025-09-06T19:28:48.519+0545] {logging_mixin.py:190} INFO - [2025-09-06T19:28:48.518+0545] {dagbag.py:588} INFO - Filling up the DagBag from /home/ashok/miniconda3/envs/mysecondenvironment/lib/python3.8/site-packages/airflow/example_dags/example_trigger_target_dag.py
[2025-09-06T19:28:48.529+0545] {processor.py:925} INFO - DAG(s) 'example_trigger_target_dag' retrieved from /home/ashok/miniconda3/envs/mysecondenvironment/lib/python3.8/site-packages/airflow/example_dags/example_trigger_target_dag.py
[2025-09-06T19:28:48.548+0545] {logging_mixin.py:190} INFO - [2025-09-06T19:28:48.547+0545] {dag.py:3239} INFO - Sync 1 DAGs
[2025-09-06T19:28:48.562+0545] {logging_mixin.py:190} INFO - [2025-09-06T19:28:48.562+0545] {dag.py:4180} INFO - Setting next_dagrun for example_trigger_target_dag to None, run_after=None
[2025-09-06T19:28:48.590+0545] {processor.py:208} INFO - Processing /home/ashok/miniconda3/envs/mysecondenvironment/lib/python3.8/site-packages/airflow/example_dags/example_trigger_target_dag.py took 0.085 seconds
[2025-09-06T19:29:48.811+0545] {processor.py:186} INFO - Started process (PID=40967) to work on /home/ashok/miniconda3/envs/mysecondenvironment/lib/python3.8/site-packages/airflow/example_dags/example_trigger_target_dag.py
[2025-09-06T19:29:48.813+0545] {processor.py:914} INFO - Processing file /home/ashok/miniconda3/envs/mysecondenvironment/lib/python3.8/site-packages/airflow/example_dags/example_trigger_target_dag.py for tasks to queue
[2025-09-06T19:29:48.815+0545] {logging_mixin.py:190} INFO - [2025-09-06T19:29:48.815+0545] {dagbag.py:588} INFO - Filling up the DagBag from /home/ashok/miniconda3/envs/mysecondenvironment/lib/python3.8/site-packages/airflow/example_dags/example_trigger_target_dag.py
[2025-09-06T19:29:48.825+0545] {processor.py:925} INFO - DAG(s) 'example_trigger_target_dag' retrieved from /home/ashok/miniconda3/envs/mysecondenvironment/lib/python3.8/site-packages/airflow/example_dags/example_trigger_target_dag.py
[2025-09-06T19:29:48.841+0545] {logging_mixin.py:190} INFO - [2025-09-06T19:29:48.841+0545] {dag.py:3239} INFO - Sync 1 DAGs
[2025-09-06T19:29:48.853+0545] {logging_mixin.py:190} INFO - [2025-09-06T19:29:48.852+0545] {dag.py:4180} INFO - Setting next_dagrun for example_trigger_target_dag to None, run_after=None
[2025-09-06T19:29:48.879+0545] {processor.py:208} INFO - Processing /home/ashok/miniconda3/envs/mysecondenvironment/lib/python3.8/site-packages/airflow/example_dags/example_trigger_target_dag.py took 0.075 seconds
[2025-09-06T19:30:48.295+0545] {processor.py:186} INFO - Started process (PID=41532) to work on /home/ashok/miniconda3/envs/mysecondenvironment/lib/python3.8/site-packages/airflow/example_dags/example_trigger_target_dag.py
[2025-09-06T19:30:48.296+0545] {processor.py:914} INFO - Processing file /home/ashok/miniconda3/envs/mysecondenvironment/lib/python3.8/site-packages/airflow/example_dags/example_trigger_target_dag.py for tasks to queue
[2025-09-06T19:30:48.299+0545] {logging_mixin.py:190} INFO - [2025-09-06T19:30:48.299+0545] {dagbag.py:588} INFO - Filling up the DagBag from /home/ashok/miniconda3/envs/mysecondenvironment/lib/python3.8/site-packages/airflow/example_dags/example_trigger_target_dag.py
[2025-09-06T19:30:48.308+0545] {processor.py:925} INFO - DAG(s) 'example_trigger_target_dag' retrieved from /home/ashok/miniconda3/envs/mysecondenvironment/lib/python3.8/site-packages/airflow/example_dags/example_trigger_target_dag.py
[2025-09-06T19:30:48.324+0545] {logging_mixin.py:190} INFO - [2025-09-06T19:30:48.324+0545] {dag.py:3239} INFO - Sync 1 DAGs
[2025-09-06T19:30:48.338+0545] {logging_mixin.py:190} INFO - [2025-09-06T19:30:48.337+0545] {dag.py:4180} INFO - Setting next_dagrun for example_trigger_target_dag to None, run_after=None
[2025-09-06T19:30:48.363+0545] {processor.py:208} INFO - Processing /home/ashok/miniconda3/envs/mysecondenvironment/lib/python3.8/site-packages/airflow/example_dags/example_trigger_target_dag.py took 0.074 seconds
[2025-09-06T19:31:49.393+0545] {processor.py:186} INFO - Started process (PID=42116) to work on /home/ashok/miniconda3/envs/mysecondenvironment/lib/python3.8/site-packages/airflow/example_dags/example_trigger_target_dag.py
[2025-09-06T19:31:49.396+0545] {processor.py:914} INFO - Processing file /home/ashok/miniconda3/envs/mysecondenvironment/lib/python3.8/site-packages/airflow/example_dags/example_trigger_target_dag.py for tasks to queue
[2025-09-06T19:31:49.399+0545] {logging_mixin.py:190} INFO - [2025-09-06T19:31:49.399+0545] {dagbag.py:588} INFO - Filling up the DagBag from /home/ashok/miniconda3/envs/mysecondenvironment/lib/python3.8/site-packages/airflow/example_dags/example_trigger_target_dag.py
[2025-09-06T19:31:49.408+0545] {processor.py:925} INFO - DAG(s) 'example_trigger_target_dag' retrieved from /home/ashok/miniconda3/envs/mysecondenvironment/lib/python3.8/site-packages/airflow/example_dags/example_trigger_target_dag.py
[2025-09-06T19:31:49.424+0545] {logging_mixin.py:190} INFO - [2025-09-06T19:31:49.424+0545] {dag.py:3239} INFO - Sync 1 DAGs
[2025-09-06T19:31:49.437+0545] {logging_mixin.py:190} INFO - [2025-09-06T19:31:49.437+0545] {dag.py:4180} INFO - Setting next_dagrun for example_trigger_target_dag to None, run_after=None
[2025-09-06T19:31:49.465+0545] {processor.py:208} INFO - Processing /home/ashok/miniconda3/envs/mysecondenvironment/lib/python3.8/site-packages/airflow/example_dags/example_trigger_target_dag.py took 0.080 seconds
[2025-09-06T19:32:49.048+0545] {processor.py:186} INFO - Started process (PID=42503) to work on /home/ashok/miniconda3/envs/mysecondenvironment/lib/python3.8/site-packages/airflow/example_dags/example_trigger_target_dag.py
[2025-09-06T19:32:49.051+0545] {processor.py:914} INFO - Processing file /home/ashok/miniconda3/envs/mysecondenvironment/lib/python3.8/site-packages/airflow/example_dags/example_trigger_target_dag.py for tasks to queue
[2025-09-06T19:32:49.054+0545] {logging_mixin.py:190} INFO - [2025-09-06T19:32:49.054+0545] {dagbag.py:588} INFO - Filling up the DagBag from /home/ashok/miniconda3/envs/mysecondenvironment/lib/python3.8/site-packages/airflow/example_dags/example_trigger_target_dag.py
[2025-09-06T19:32:49.064+0545] {processor.py:925} INFO - DAG(s) 'example_trigger_target_dag' retrieved from /home/ashok/miniconda3/envs/mysecondenvironment/lib/python3.8/site-packages/airflow/example_dags/example_trigger_target_dag.py
[2025-09-06T19:32:49.081+0545] {logging_mixin.py:190} INFO - [2025-09-06T19:32:49.081+0545] {dag.py:3239} INFO - Sync 1 DAGs
[2025-09-06T19:32:49.095+0545] {logging_mixin.py:190} INFO - [2025-09-06T19:32:49.095+0545] {dag.py:4180} INFO - Setting next_dagrun for example_trigger_target_dag to None, run_after=None
[2025-09-06T19:32:49.125+0545] {processor.py:208} INFO - Processing /home/ashok/miniconda3/envs/mysecondenvironment/lib/python3.8/site-packages/airflow/example_dags/example_trigger_target_dag.py took 0.085 seconds
[2025-09-06T19:33:50.213+0545] {processor.py:186} INFO - Started process (PID=42904) to work on /home/ashok/miniconda3/envs/mysecondenvironment/lib/python3.8/site-packages/airflow/example_dags/example_trigger_target_dag.py
[2025-09-06T19:33:50.216+0545] {processor.py:914} INFO - Processing file /home/ashok/miniconda3/envs/mysecondenvironment/lib/python3.8/site-packages/airflow/example_dags/example_trigger_target_dag.py for tasks to queue
[2025-09-06T19:33:50.218+0545] {logging_mixin.py:190} INFO - [2025-09-06T19:33:50.218+0545] {dagbag.py:588} INFO - Filling up the DagBag from /home/ashok/miniconda3/envs/mysecondenvironment/lib/python3.8/site-packages/airflow/example_dags/example_trigger_target_dag.py
[2025-09-06T19:33:50.227+0545] {processor.py:925} INFO - DAG(s) 'example_trigger_target_dag' retrieved from /home/ashok/miniconda3/envs/mysecondenvironment/lib/python3.8/site-packages/airflow/example_dags/example_trigger_target_dag.py
[2025-09-06T19:33:50.243+0545] {logging_mixin.py:190} INFO - [2025-09-06T19:33:50.243+0545] {dag.py:3239} INFO - Sync 1 DAGs
[2025-09-06T19:33:50.258+0545] {logging_mixin.py:190} INFO - [2025-09-06T19:33:50.257+0545] {dag.py:4180} INFO - Setting next_dagrun for example_trigger_target_dag to None, run_after=None
[2025-09-06T19:33:50.285+0545] {processor.py:208} INFO - Processing /home/ashok/miniconda3/envs/mysecondenvironment/lib/python3.8/site-packages/airflow/example_dags/example_trigger_target_dag.py took 0.079 seconds
[2025-09-06T19:34:50.871+0545] {processor.py:186} INFO - Started process (PID=43341) to work on /home/ashok/miniconda3/envs/mysecondenvironment/lib/python3.8/site-packages/airflow/example_dags/example_trigger_target_dag.py
[2025-09-06T19:34:50.874+0545] {processor.py:914} INFO - Processing file /home/ashok/miniconda3/envs/mysecondenvironment/lib/python3.8/site-packages/airflow/example_dags/example_trigger_target_dag.py for tasks to queue
[2025-09-06T19:34:50.877+0545] {logging_mixin.py:190} INFO - [2025-09-06T19:34:50.876+0545] {dagbag.py:588} INFO - Filling up the DagBag from /home/ashok/miniconda3/envs/mysecondenvironment/lib/python3.8/site-packages/airflow/example_dags/example_trigger_target_dag.py
[2025-09-06T19:34:50.887+0545] {processor.py:925} INFO - DAG(s) 'example_trigger_target_dag' retrieved from /home/ashok/miniconda3/envs/mysecondenvironment/lib/python3.8/site-packages/airflow/example_dags/example_trigger_target_dag.py
[2025-09-06T19:34:50.905+0545] {logging_mixin.py:190} INFO - [2025-09-06T19:34:50.904+0545] {dag.py:3239} INFO - Sync 1 DAGs
[2025-09-06T19:34:50.917+0545] {logging_mixin.py:190} INFO - [2025-09-06T19:34:50.917+0545] {dag.py:4180} INFO - Setting next_dagrun for example_trigger_target_dag to None, run_after=None
[2025-09-06T19:34:50.945+0545] {processor.py:208} INFO - Processing /home/ashok/miniconda3/envs/mysecondenvironment/lib/python3.8/site-packages/airflow/example_dags/example_trigger_target_dag.py took 0.081 seconds
[2025-09-06T19:35:55.443+0545] {processor.py:186} INFO - Started process (PID=43870) to work on /home/ashok/miniconda3/envs/mysecondenvironment/lib/python3.8/site-packages/airflow/example_dags/example_trigger_target_dag.py
[2025-09-06T19:35:55.446+0545] {processor.py:914} INFO - Processing file /home/ashok/miniconda3/envs/mysecondenvironment/lib/python3.8/site-packages/airflow/example_dags/example_trigger_target_dag.py for tasks to queue
[2025-09-06T19:35:55.449+0545] {logging_mixin.py:190} INFO - [2025-09-06T19:35:55.449+0545] {dagbag.py:588} INFO - Filling up the DagBag from /home/ashok/miniconda3/envs/mysecondenvironment/lib/python3.8/site-packages/airflow/example_dags/example_trigger_target_dag.py
[2025-09-06T19:35:55.459+0545] {processor.py:925} INFO - DAG(s) 'example_trigger_target_dag' retrieved from /home/ashok/miniconda3/envs/mysecondenvironment/lib/python3.8/site-packages/airflow/example_dags/example_trigger_target_dag.py
[2025-09-06T19:35:55.475+0545] {logging_mixin.py:190} INFO - [2025-09-06T19:35:55.475+0545] {dag.py:3239} INFO - Sync 1 DAGs
[2025-09-06T19:35:55.489+0545] {logging_mixin.py:190} INFO - [2025-09-06T19:35:55.489+0545] {dag.py:4180} INFO - Setting next_dagrun for example_trigger_target_dag to None, run_after=None
[2025-09-06T19:35:55.517+0545] {processor.py:208} INFO - Processing /home/ashok/miniconda3/envs/mysecondenvironment/lib/python3.8/site-packages/airflow/example_dags/example_trigger_target_dag.py took 0.081 seconds
[2025-09-06T19:36:55.508+0545] {processor.py:186} INFO - Started process (PID=44377) to work on /home/ashok/miniconda3/envs/mysecondenvironment/lib/python3.8/site-packages/airflow/example_dags/example_trigger_target_dag.py
[2025-09-06T19:36:55.510+0545] {processor.py:914} INFO - Processing file /home/ashok/miniconda3/envs/mysecondenvironment/lib/python3.8/site-packages/airflow/example_dags/example_trigger_target_dag.py for tasks to queue
[2025-09-06T19:36:55.513+0545] {logging_mixin.py:190} INFO - [2025-09-06T19:36:55.513+0545] {dagbag.py:588} INFO - Filling up the DagBag from /home/ashok/miniconda3/envs/mysecondenvironment/lib/python3.8/site-packages/airflow/example_dags/example_trigger_target_dag.py
[2025-09-06T19:36:55.524+0545] {processor.py:925} INFO - DAG(s) 'example_trigger_target_dag' retrieved from /home/ashok/miniconda3/envs/mysecondenvironment/lib/python3.8/site-packages/airflow/example_dags/example_trigger_target_dag.py
[2025-09-06T19:36:55.541+0545] {logging_mixin.py:190} INFO - [2025-09-06T19:36:55.541+0545] {dag.py:3239} INFO - Sync 1 DAGs
[2025-09-06T19:36:55.554+0545] {logging_mixin.py:190} INFO - [2025-09-06T19:36:55.554+0545] {dag.py:4180} INFO - Setting next_dagrun for example_trigger_target_dag to None, run_after=None
[2025-09-06T19:36:55.581+0545] {processor.py:208} INFO - Processing /home/ashok/miniconda3/envs/mysecondenvironment/lib/python3.8/site-packages/airflow/example_dags/example_trigger_target_dag.py took 0.081 seconds
[2025-09-06T19:37:55.300+0545] {processor.py:186} INFO - Started process (PID=44773) to work on /home/ashok/miniconda3/envs/mysecondenvironment/lib/python3.8/site-packages/airflow/example_dags/example_trigger_target_dag.py
[2025-09-06T19:37:55.303+0545] {processor.py:914} INFO - Processing file /home/ashok/miniconda3/envs/mysecondenvironment/lib/python3.8/site-packages/airflow/example_dags/example_trigger_target_dag.py for tasks to queue
[2025-09-06T19:37:55.306+0545] {logging_mixin.py:190} INFO - [2025-09-06T19:37:55.305+0545] {dagbag.py:588} INFO - Filling up the DagBag from /home/ashok/miniconda3/envs/mysecondenvironment/lib/python3.8/site-packages/airflow/example_dags/example_trigger_target_dag.py
[2025-09-06T19:37:55.315+0545] {processor.py:925} INFO - DAG(s) 'example_trigger_target_dag' retrieved from /home/ashok/miniconda3/envs/mysecondenvironment/lib/python3.8/site-packages/airflow/example_dags/example_trigger_target_dag.py
[2025-09-06T19:37:55.331+0545] {logging_mixin.py:190} INFO - [2025-09-06T19:37:55.331+0545] {dag.py:3239} INFO - Sync 1 DAGs
[2025-09-06T19:37:55.344+0545] {logging_mixin.py:190} INFO - [2025-09-06T19:37:55.343+0545] {dag.py:4180} INFO - Setting next_dagrun for example_trigger_target_dag to None, run_after=None
[2025-09-06T19:37:55.369+0545] {processor.py:208} INFO - Processing /home/ashok/miniconda3/envs/mysecondenvironment/lib/python3.8/site-packages/airflow/example_dags/example_trigger_target_dag.py took 0.076 seconds
[2025-09-06T19:38:55.252+0545] {processor.py:186} INFO - Started process (PID=45209) to work on /home/ashok/miniconda3/envs/mysecondenvironment/lib/python3.8/site-packages/airflow/example_dags/example_trigger_target_dag.py
[2025-09-06T19:38:55.255+0545] {processor.py:914} INFO - Processing file /home/ashok/miniconda3/envs/mysecondenvironment/lib/python3.8/site-packages/airflow/example_dags/example_trigger_target_dag.py for tasks to queue
[2025-09-06T19:38:55.257+0545] {logging_mixin.py:190} INFO - [2025-09-06T19:38:55.257+0545] {dagbag.py:588} INFO - Filling up the DagBag from /home/ashok/miniconda3/envs/mysecondenvironment/lib/python3.8/site-packages/airflow/example_dags/example_trigger_target_dag.py
[2025-09-06T19:38:55.266+0545] {processor.py:925} INFO - DAG(s) 'example_trigger_target_dag' retrieved from /home/ashok/miniconda3/envs/mysecondenvironment/lib/python3.8/site-packages/airflow/example_dags/example_trigger_target_dag.py
[2025-09-06T19:38:55.283+0545] {logging_mixin.py:190} INFO - [2025-09-06T19:38:55.282+0545] {dag.py:3239} INFO - Sync 1 DAGs
[2025-09-06T19:38:55.297+0545] {logging_mixin.py:190} INFO - [2025-09-06T19:38:55.297+0545] {dag.py:4180} INFO - Setting next_dagrun for example_trigger_target_dag to None, run_after=None
[2025-09-06T19:38:55.323+0545] {processor.py:208} INFO - Processing /home/ashok/miniconda3/envs/mysecondenvironment/lib/python3.8/site-packages/airflow/example_dags/example_trigger_target_dag.py took 0.078 seconds
[2025-09-06T19:39:54.111+0545] {processor.py:186} INFO - Started process (PID=45594) to work on /home/ashok/miniconda3/envs/mysecondenvironment/lib/python3.8/site-packages/airflow/example_dags/example_trigger_target_dag.py
[2025-09-06T19:39:54.113+0545] {processor.py:914} INFO - Processing file /home/ashok/miniconda3/envs/mysecondenvironment/lib/python3.8/site-packages/airflow/example_dags/example_trigger_target_dag.py for tasks to queue
[2025-09-06T19:39:54.117+0545] {logging_mixin.py:190} INFO - [2025-09-06T19:39:54.116+0545] {dagbag.py:588} INFO - Filling up the DagBag from /home/ashok/miniconda3/envs/mysecondenvironment/lib/python3.8/site-packages/airflow/example_dags/example_trigger_target_dag.py
[2025-09-06T19:39:54.126+0545] {processor.py:925} INFO - DAG(s) 'example_trigger_target_dag' retrieved from /home/ashok/miniconda3/envs/mysecondenvironment/lib/python3.8/site-packages/airflow/example_dags/example_trigger_target_dag.py
[2025-09-06T19:39:54.142+0545] {logging_mixin.py:190} INFO - [2025-09-06T19:39:54.142+0545] {dag.py:3239} INFO - Sync 1 DAGs
[2025-09-06T19:39:54.154+0545] {logging_mixin.py:190} INFO - [2025-09-06T19:39:54.154+0545] {dag.py:4180} INFO - Setting next_dagrun for example_trigger_target_dag to None, run_after=None
[2025-09-06T19:39:54.181+0545] {processor.py:208} INFO - Processing /home/ashok/miniconda3/envs/mysecondenvironment/lib/python3.8/site-packages/airflow/example_dags/example_trigger_target_dag.py took 0.077 seconds
[2025-09-06T19:40:53.971+0545] {processor.py:186} INFO - Started process (PID=46042) to work on /home/ashok/miniconda3/envs/mysecondenvironment/lib/python3.8/site-packages/airflow/example_dags/example_trigger_target_dag.py
[2025-09-06T19:40:53.974+0545] {processor.py:914} INFO - Processing file /home/ashok/miniconda3/envs/mysecondenvironment/lib/python3.8/site-packages/airflow/example_dags/example_trigger_target_dag.py for tasks to queue
[2025-09-06T19:40:53.977+0545] {logging_mixin.py:190} INFO - [2025-09-06T19:40:53.976+0545] {dagbag.py:588} INFO - Filling up the DagBag from /home/ashok/miniconda3/envs/mysecondenvironment/lib/python3.8/site-packages/airflow/example_dags/example_trigger_target_dag.py
[2025-09-06T19:40:53.986+0545] {processor.py:925} INFO - DAG(s) 'example_trigger_target_dag' retrieved from /home/ashok/miniconda3/envs/mysecondenvironment/lib/python3.8/site-packages/airflow/example_dags/example_trigger_target_dag.py
[2025-09-06T19:40:54.003+0545] {logging_mixin.py:190} INFO - [2025-09-06T19:40:54.003+0545] {dag.py:3239} INFO - Sync 1 DAGs
[2025-09-06T19:40:54.016+0545] {logging_mixin.py:190} INFO - [2025-09-06T19:40:54.016+0545] {dag.py:4180} INFO - Setting next_dagrun for example_trigger_target_dag to None, run_after=None
[2025-09-06T19:40:54.043+0545] {processor.py:208} INFO - Processing /home/ashok/miniconda3/envs/mysecondenvironment/lib/python3.8/site-packages/airflow/example_dags/example_trigger_target_dag.py took 0.079 seconds
[2025-09-06T19:41:55.551+0545] {processor.py:186} INFO - Started process (PID=46670) to work on /home/ashok/miniconda3/envs/mysecondenvironment/lib/python3.8/site-packages/airflow/example_dags/example_trigger_target_dag.py
[2025-09-06T19:41:55.553+0545] {processor.py:914} INFO - Processing file /home/ashok/miniconda3/envs/mysecondenvironment/lib/python3.8/site-packages/airflow/example_dags/example_trigger_target_dag.py for tasks to queue
[2025-09-06T19:41:55.556+0545] {logging_mixin.py:190} INFO - [2025-09-06T19:41:55.555+0545] {dagbag.py:588} INFO - Filling up the DagBag from /home/ashok/miniconda3/envs/mysecondenvironment/lib/python3.8/site-packages/airflow/example_dags/example_trigger_target_dag.py
[2025-09-06T19:41:55.566+0545] {processor.py:925} INFO - DAG(s) 'example_trigger_target_dag' retrieved from /home/ashok/miniconda3/envs/mysecondenvironment/lib/python3.8/site-packages/airflow/example_dags/example_trigger_target_dag.py
[2025-09-06T19:41:55.584+0545] {logging_mixin.py:190} INFO - [2025-09-06T19:41:55.584+0545] {dag.py:3239} INFO - Sync 1 DAGs
[2025-09-06T19:41:55.597+0545] {logging_mixin.py:190} INFO - [2025-09-06T19:41:55.597+0545] {dag.py:4180} INFO - Setting next_dagrun for example_trigger_target_dag to None, run_after=None
[2025-09-06T19:41:55.622+0545] {processor.py:208} INFO - Processing /home/ashok/miniconda3/envs/mysecondenvironment/lib/python3.8/site-packages/airflow/example_dags/example_trigger_target_dag.py took 0.079 seconds
[2025-09-06T19:42:56.153+0545] {processor.py:186} INFO - Started process (PID=47358) to work on /home/ashok/miniconda3/envs/mysecondenvironment/lib/python3.8/site-packages/airflow/example_dags/example_trigger_target_dag.py
[2025-09-06T19:42:56.156+0545] {processor.py:914} INFO - Processing file /home/ashok/miniconda3/envs/mysecondenvironment/lib/python3.8/site-packages/airflow/example_dags/example_trigger_target_dag.py for tasks to queue
[2025-09-06T19:42:56.159+0545] {logging_mixin.py:190} INFO - [2025-09-06T19:42:56.159+0545] {dagbag.py:588} INFO - Filling up the DagBag from /home/ashok/miniconda3/envs/mysecondenvironment/lib/python3.8/site-packages/airflow/example_dags/example_trigger_target_dag.py
[2025-09-06T19:42:56.169+0545] {processor.py:925} INFO - DAG(s) 'example_trigger_target_dag' retrieved from /home/ashok/miniconda3/envs/mysecondenvironment/lib/python3.8/site-packages/airflow/example_dags/example_trigger_target_dag.py
[2025-09-06T19:42:56.186+0545] {logging_mixin.py:190} INFO - [2025-09-06T19:42:56.185+0545] {dag.py:3239} INFO - Sync 1 DAGs
[2025-09-06T19:42:56.199+0545] {logging_mixin.py:190} INFO - [2025-09-06T19:42:56.199+0545] {dag.py:4180} INFO - Setting next_dagrun for example_trigger_target_dag to None, run_after=None
[2025-09-06T19:42:56.227+0545] {processor.py:208} INFO - Processing /home/ashok/miniconda3/envs/mysecondenvironment/lib/python3.8/site-packages/airflow/example_dags/example_trigger_target_dag.py took 0.081 seconds
[2025-09-06T19:43:56.421+0545] {processor.py:186} INFO - Started process (PID=47843) to work on /home/ashok/miniconda3/envs/mysecondenvironment/lib/python3.8/site-packages/airflow/example_dags/example_trigger_target_dag.py
[2025-09-06T19:43:56.424+0545] {processor.py:914} INFO - Processing file /home/ashok/miniconda3/envs/mysecondenvironment/lib/python3.8/site-packages/airflow/example_dags/example_trigger_target_dag.py for tasks to queue
[2025-09-06T19:43:56.428+0545] {logging_mixin.py:190} INFO - [2025-09-06T19:43:56.427+0545] {dagbag.py:588} INFO - Filling up the DagBag from /home/ashok/miniconda3/envs/mysecondenvironment/lib/python3.8/site-packages/airflow/example_dags/example_trigger_target_dag.py
[2025-09-06T19:43:56.441+0545] {processor.py:925} INFO - DAG(s) 'example_trigger_target_dag' retrieved from /home/ashok/miniconda3/envs/mysecondenvironment/lib/python3.8/site-packages/airflow/example_dags/example_trigger_target_dag.py
[2025-09-06T19:43:56.467+0545] {logging_mixin.py:190} INFO - [2025-09-06T19:43:56.467+0545] {dag.py:3239} INFO - Sync 1 DAGs
[2025-09-06T19:43:56.484+0545] {logging_mixin.py:190} INFO - [2025-09-06T19:43:56.484+0545] {dag.py:4180} INFO - Setting next_dagrun for example_trigger_target_dag to None, run_after=None
[2025-09-06T19:43:56.511+0545] {processor.py:208} INFO - Processing /home/ashok/miniconda3/envs/mysecondenvironment/lib/python3.8/site-packages/airflow/example_dags/example_trigger_target_dag.py took 0.100 seconds
[2025-09-06T19:44:55.742+0545] {processor.py:186} INFO - Started process (PID=48468) to work on /home/ashok/miniconda3/envs/mysecondenvironment/lib/python3.8/site-packages/airflow/example_dags/example_trigger_target_dag.py
[2025-09-06T19:44:55.745+0545] {processor.py:914} INFO - Processing file /home/ashok/miniconda3/envs/mysecondenvironment/lib/python3.8/site-packages/airflow/example_dags/example_trigger_target_dag.py for tasks to queue
[2025-09-06T19:44:55.748+0545] {logging_mixin.py:190} INFO - [2025-09-06T19:44:55.748+0545] {dagbag.py:588} INFO - Filling up the DagBag from /home/ashok/miniconda3/envs/mysecondenvironment/lib/python3.8/site-packages/airflow/example_dags/example_trigger_target_dag.py
[2025-09-06T19:44:55.759+0545] {processor.py:925} INFO - DAG(s) 'example_trigger_target_dag' retrieved from /home/ashok/miniconda3/envs/mysecondenvironment/lib/python3.8/site-packages/airflow/example_dags/example_trigger_target_dag.py
[2025-09-06T19:44:55.777+0545] {logging_mixin.py:190} INFO - [2025-09-06T19:44:55.777+0545] {dag.py:3239} INFO - Sync 1 DAGs
[2025-09-06T19:44:55.790+0545] {logging_mixin.py:190} INFO - [2025-09-06T19:44:55.789+0545] {dag.py:4180} INFO - Setting next_dagrun for example_trigger_target_dag to None, run_after=None
[2025-09-06T19:44:55.816+0545] {processor.py:208} INFO - Processing /home/ashok/miniconda3/envs/mysecondenvironment/lib/python3.8/site-packages/airflow/example_dags/example_trigger_target_dag.py took 0.083 seconds
[2025-09-06T19:45:53.665+0545] {processor.py:186} INFO - Started process (PID=48956) to work on /home/ashok/miniconda3/envs/mysecondenvironment/lib/python3.8/site-packages/airflow/example_dags/example_trigger_target_dag.py
[2025-09-06T19:45:53.667+0545] {processor.py:914} INFO - Processing file /home/ashok/miniconda3/envs/mysecondenvironment/lib/python3.8/site-packages/airflow/example_dags/example_trigger_target_dag.py for tasks to queue
[2025-09-06T19:45:53.670+0545] {logging_mixin.py:190} INFO - [2025-09-06T19:45:53.669+0545] {dagbag.py:588} INFO - Filling up the DagBag from /home/ashok/miniconda3/envs/mysecondenvironment/lib/python3.8/site-packages/airflow/example_dags/example_trigger_target_dag.py
[2025-09-06T19:45:53.678+0545] {processor.py:925} INFO - DAG(s) 'example_trigger_target_dag' retrieved from /home/ashok/miniconda3/envs/mysecondenvironment/lib/python3.8/site-packages/airflow/example_dags/example_trigger_target_dag.py
[2025-09-06T19:45:53.692+0545] {logging_mixin.py:190} INFO - [2025-09-06T19:45:53.692+0545] {dag.py:3239} INFO - Sync 1 DAGs
[2025-09-06T19:45:53.704+0545] {logging_mixin.py:190} INFO - [2025-09-06T19:45:53.703+0545] {dag.py:4180} INFO - Setting next_dagrun for example_trigger_target_dag to None, run_after=None
[2025-09-06T19:45:53.727+0545] {processor.py:208} INFO - Processing /home/ashok/miniconda3/envs/mysecondenvironment/lib/python3.8/site-packages/airflow/example_dags/example_trigger_target_dag.py took 0.068 seconds
[2025-09-06T19:46:53.472+0545] {processor.py:186} INFO - Started process (PID=49560) to work on /home/ashok/miniconda3/envs/mysecondenvironment/lib/python3.8/site-packages/airflow/example_dags/example_trigger_target_dag.py
[2025-09-06T19:46:53.473+0545] {processor.py:914} INFO - Processing file /home/ashok/miniconda3/envs/mysecondenvironment/lib/python3.8/site-packages/airflow/example_dags/example_trigger_target_dag.py for tasks to queue
[2025-09-06T19:46:53.475+0545] {logging_mixin.py:190} INFO - [2025-09-06T19:46:53.475+0545] {dagbag.py:588} INFO - Filling up the DagBag from /home/ashok/miniconda3/envs/mysecondenvironment/lib/python3.8/site-packages/airflow/example_dags/example_trigger_target_dag.py
[2025-09-06T19:46:53.484+0545] {processor.py:925} INFO - DAG(s) 'example_trigger_target_dag' retrieved from /home/ashok/miniconda3/envs/mysecondenvironment/lib/python3.8/site-packages/airflow/example_dags/example_trigger_target_dag.py
[2025-09-06T19:46:53.500+0545] {logging_mixin.py:190} INFO - [2025-09-06T19:46:53.500+0545] {dag.py:3239} INFO - Sync 1 DAGs
[2025-09-06T19:46:53.514+0545] {logging_mixin.py:190} INFO - [2025-09-06T19:46:53.514+0545] {dag.py:4180} INFO - Setting next_dagrun for example_trigger_target_dag to None, run_after=None
[2025-09-06T19:46:53.539+0545] {processor.py:208} INFO - Processing /home/ashok/miniconda3/envs/mysecondenvironment/lib/python3.8/site-packages/airflow/example_dags/example_trigger_target_dag.py took 0.075 seconds
[2025-09-06T19:47:52.580+0545] {processor.py:186} INFO - Started process (PID=49961) to work on /home/ashok/miniconda3/envs/mysecondenvironment/lib/python3.8/site-packages/airflow/example_dags/example_trigger_target_dag.py
[2025-09-06T19:47:52.583+0545] {processor.py:914} INFO - Processing file /home/ashok/miniconda3/envs/mysecondenvironment/lib/python3.8/site-packages/airflow/example_dags/example_trigger_target_dag.py for tasks to queue
[2025-09-06T19:47:52.585+0545] {logging_mixin.py:190} INFO - [2025-09-06T19:47:52.585+0545] {dagbag.py:588} INFO - Filling up the DagBag from /home/ashok/miniconda3/envs/mysecondenvironment/lib/python3.8/site-packages/airflow/example_dags/example_trigger_target_dag.py
[2025-09-06T19:47:52.595+0545] {processor.py:925} INFO - DAG(s) 'example_trigger_target_dag' retrieved from /home/ashok/miniconda3/envs/mysecondenvironment/lib/python3.8/site-packages/airflow/example_dags/example_trigger_target_dag.py
[2025-09-06T19:47:52.613+0545] {logging_mixin.py:190} INFO - [2025-09-06T19:47:52.613+0545] {dag.py:3239} INFO - Sync 1 DAGs
[2025-09-06T19:47:52.626+0545] {logging_mixin.py:190} INFO - [2025-09-06T19:47:52.625+0545] {dag.py:4180} INFO - Setting next_dagrun for example_trigger_target_dag to None, run_after=None
[2025-09-06T19:47:52.653+0545] {processor.py:208} INFO - Processing /home/ashok/miniconda3/envs/mysecondenvironment/lib/python3.8/site-packages/airflow/example_dags/example_trigger_target_dag.py took 0.081 seconds
