[2025-09-06T19:07:38.111+0545] {processor.py:186} INFO - Started process (PID=30648) to work on /home/ashok/miniconda3/envs/mysecondenvironment/lib/python3.8/site-packages/airflow/example_dags/example_external_task_marker_dag.py
[2025-09-06T19:07:38.112+0545] {processor.py:914} INFO - Processing file /home/ashok/miniconda3/envs/mysecondenvironment/lib/python3.8/site-packages/airflow/example_dags/example_external_task_marker_dag.py for tasks to queue
[2025-09-06T19:07:38.115+0545] {logging_mixin.py:190} INFO - [2025-09-06T19:07:38.114+0545] {dagbag.py:588} INFO - Filling up the DagBag from /home/ashok/miniconda3/envs/mysecondenvironment/lib/python3.8/site-packages/airflow/example_dags/example_external_task_marker_dag.py
[2025-09-06T19:07:38.124+0545] {processor.py:925} INFO - DAG(s) 'example_external_task_marker_parent', 'example_external_task_marker_child' retrieved from /home/ashok/miniconda3/envs/mysecondenvironment/lib/python3.8/site-packages/airflow/example_dags/example_external_task_marker_dag.py
[2025-09-06T19:07:38.143+0545] {logging_mixin.py:190} INFO - [2025-09-06T19:07:38.143+0545] {dag.py:3239} INFO - Sync 2 DAGs
[2025-09-06T19:07:38.156+0545] {logging_mixin.py:190} INFO - [2025-09-06T19:07:38.155+0545] {dag.py:4180} INFO - Setting next_dagrun for example_external_task_marker_child to None, run_after=None
[2025-09-06T19:07:38.159+0545] {logging_mixin.py:190} INFO - [2025-09-06T19:07:38.159+0545] {dag.py:4180} INFO - Setting next_dagrun for example_external_task_marker_parent to None, run_after=None
[2025-09-06T19:07:38.184+0545] {processor.py:208} INFO - Processing /home/ashok/miniconda3/envs/mysecondenvironment/lib/python3.8/site-packages/airflow/example_dags/example_external_task_marker_dag.py took 0.080 seconds
[2025-09-06T19:08:43.501+0545] {processor.py:186} INFO - Started process (PID=31149) to work on /home/ashok/miniconda3/envs/mysecondenvironment/lib/python3.8/site-packages/airflow/example_dags/example_external_task_marker_dag.py
[2025-09-06T19:08:43.504+0545] {processor.py:914} INFO - Processing file /home/ashok/miniconda3/envs/mysecondenvironment/lib/python3.8/site-packages/airflow/example_dags/example_external_task_marker_dag.py for tasks to queue
[2025-09-06T19:08:43.507+0545] {logging_mixin.py:190} INFO - [2025-09-06T19:08:43.507+0545] {dagbag.py:588} INFO - Filling up the DagBag from /home/ashok/miniconda3/envs/mysecondenvironment/lib/python3.8/site-packages/airflow/example_dags/example_external_task_marker_dag.py
[2025-09-06T19:08:43.516+0545] {processor.py:925} INFO - DAG(s) 'example_external_task_marker_child', 'example_external_task_marker_parent' retrieved from /home/ashok/miniconda3/envs/mysecondenvironment/lib/python3.8/site-packages/airflow/example_dags/example_external_task_marker_dag.py
[2025-09-06T19:08:43.537+0545] {logging_mixin.py:190} INFO - [2025-09-06T19:08:43.536+0545] {dag.py:3239} INFO - Sync 2 DAGs
[2025-09-06T19:08:43.549+0545] {logging_mixin.py:190} INFO - [2025-09-06T19:08:43.549+0545] {dag.py:4180} INFO - Setting next_dagrun for example_external_task_marker_child to None, run_after=None
[2025-09-06T19:08:43.552+0545] {logging_mixin.py:190} INFO - [2025-09-06T19:08:43.552+0545] {dag.py:4180} INFO - Setting next_dagrun for example_external_task_marker_parent to None, run_after=None
[2025-09-06T19:08:43.577+0545] {processor.py:208} INFO - Processing /home/ashok/miniconda3/envs/mysecondenvironment/lib/python3.8/site-packages/airflow/example_dags/example_external_task_marker_dag.py took 0.083 seconds
[2025-09-06T19:09:44.179+0545] {processor.py:186} INFO - Started process (PID=31609) to work on /home/ashok/miniconda3/envs/mysecondenvironment/lib/python3.8/site-packages/airflow/example_dags/example_external_task_marker_dag.py
[2025-09-06T19:09:44.182+0545] {processor.py:914} INFO - Processing file /home/ashok/miniconda3/envs/mysecondenvironment/lib/python3.8/site-packages/airflow/example_dags/example_external_task_marker_dag.py for tasks to queue
[2025-09-06T19:09:44.184+0545] {logging_mixin.py:190} INFO - [2025-09-06T19:09:44.184+0545] {dagbag.py:588} INFO - Filling up the DagBag from /home/ashok/miniconda3/envs/mysecondenvironment/lib/python3.8/site-packages/airflow/example_dags/example_external_task_marker_dag.py
[2025-09-06T19:09:44.194+0545] {processor.py:925} INFO - DAG(s) 'example_external_task_marker_parent', 'example_external_task_marker_child' retrieved from /home/ashok/miniconda3/envs/mysecondenvironment/lib/python3.8/site-packages/airflow/example_dags/example_external_task_marker_dag.py
[2025-09-06T19:09:44.214+0545] {logging_mixin.py:190} INFO - [2025-09-06T19:09:44.214+0545] {dag.py:3239} INFO - Sync 2 DAGs
[2025-09-06T19:09:44.227+0545] {logging_mixin.py:190} INFO - [2025-09-06T19:09:44.227+0545] {dag.py:4180} INFO - Setting next_dagrun for example_external_task_marker_child to None, run_after=None
[2025-09-06T19:09:44.230+0545] {logging_mixin.py:190} INFO - [2025-09-06T19:09:44.230+0545] {dag.py:4180} INFO - Setting next_dagrun for example_external_task_marker_parent to None, run_after=None
[2025-09-06T19:09:44.257+0545] {processor.py:208} INFO - Processing /home/ashok/miniconda3/envs/mysecondenvironment/lib/python3.8/site-packages/airflow/example_dags/example_external_task_marker_dag.py took 0.085 seconds
[2025-09-06T19:10:44.250+0545] {processor.py:186} INFO - Started process (PID=32052) to work on /home/ashok/miniconda3/envs/mysecondenvironment/lib/python3.8/site-packages/airflow/example_dags/example_external_task_marker_dag.py
[2025-09-06T19:10:44.253+0545] {processor.py:914} INFO - Processing file /home/ashok/miniconda3/envs/mysecondenvironment/lib/python3.8/site-packages/airflow/example_dags/example_external_task_marker_dag.py for tasks to queue
[2025-09-06T19:10:44.256+0545] {logging_mixin.py:190} INFO - [2025-09-06T19:10:44.255+0545] {dagbag.py:588} INFO - Filling up the DagBag from /home/ashok/miniconda3/envs/mysecondenvironment/lib/python3.8/site-packages/airflow/example_dags/example_external_task_marker_dag.py
[2025-09-06T19:10:44.265+0545] {processor.py:925} INFO - DAG(s) 'example_external_task_marker_parent', 'example_external_task_marker_child' retrieved from /home/ashok/miniconda3/envs/mysecondenvironment/lib/python3.8/site-packages/airflow/example_dags/example_external_task_marker_dag.py
[2025-09-06T19:10:44.284+0545] {logging_mixin.py:190} INFO - [2025-09-06T19:10:44.284+0545] {dag.py:3239} INFO - Sync 2 DAGs
[2025-09-06T19:10:44.298+0545] {logging_mixin.py:190} INFO - [2025-09-06T19:10:44.298+0545] {dag.py:4180} INFO - Setting next_dagrun for example_external_task_marker_child to None, run_after=None
[2025-09-06T19:10:44.301+0545] {logging_mixin.py:190} INFO - [2025-09-06T19:10:44.301+0545] {dag.py:4180} INFO - Setting next_dagrun for example_external_task_marker_parent to None, run_after=None
[2025-09-06T19:10:44.326+0545] {processor.py:208} INFO - Processing /home/ashok/miniconda3/envs/mysecondenvironment/lib/python3.8/site-packages/airflow/example_dags/example_external_task_marker_dag.py took 0.085 seconds
[2025-09-06T19:11:43.869+0545] {processor.py:186} INFO - Started process (PID=32468) to work on /home/ashok/miniconda3/envs/mysecondenvironment/lib/python3.8/site-packages/airflow/example_dags/example_external_task_marker_dag.py
[2025-09-06T19:11:43.871+0545] {processor.py:914} INFO - Processing file /home/ashok/miniconda3/envs/mysecondenvironment/lib/python3.8/site-packages/airflow/example_dags/example_external_task_marker_dag.py for tasks to queue
[2025-09-06T19:11:43.874+0545] {logging_mixin.py:190} INFO - [2025-09-06T19:11:43.873+0545] {dagbag.py:588} INFO - Filling up the DagBag from /home/ashok/miniconda3/envs/mysecondenvironment/lib/python3.8/site-packages/airflow/example_dags/example_external_task_marker_dag.py
[2025-09-06T19:11:43.884+0545] {processor.py:925} INFO - DAG(s) 'example_external_task_marker_parent', 'example_external_task_marker_child' retrieved from /home/ashok/miniconda3/envs/mysecondenvironment/lib/python3.8/site-packages/airflow/example_dags/example_external_task_marker_dag.py
[2025-09-06T19:11:43.905+0545] {logging_mixin.py:190} INFO - [2025-09-06T19:11:43.905+0545] {dag.py:3239} INFO - Sync 2 DAGs
[2025-09-06T19:11:43.917+0545] {logging_mixin.py:190} INFO - [2025-09-06T19:11:43.917+0545] {dag.py:4180} INFO - Setting next_dagrun for example_external_task_marker_child to None, run_after=None
[2025-09-06T19:11:43.920+0545] {logging_mixin.py:190} INFO - [2025-09-06T19:11:43.920+0545] {dag.py:4180} INFO - Setting next_dagrun for example_external_task_marker_parent to None, run_after=None
[2025-09-06T19:11:43.945+0545] {processor.py:208} INFO - Processing /home/ashok/miniconda3/envs/mysecondenvironment/lib/python3.8/site-packages/airflow/example_dags/example_external_task_marker_dag.py took 0.083 seconds
[2025-09-06T19:12:45.248+0545] {processor.py:186} INFO - Started process (PID=32956) to work on /home/ashok/miniconda3/envs/mysecondenvironment/lib/python3.8/site-packages/airflow/example_dags/example_external_task_marker_dag.py
[2025-09-06T19:12:45.250+0545] {processor.py:914} INFO - Processing file /home/ashok/miniconda3/envs/mysecondenvironment/lib/python3.8/site-packages/airflow/example_dags/example_external_task_marker_dag.py for tasks to queue
[2025-09-06T19:12:45.253+0545] {logging_mixin.py:190} INFO - [2025-09-06T19:12:45.252+0545] {dagbag.py:588} INFO - Filling up the DagBag from /home/ashok/miniconda3/envs/mysecondenvironment/lib/python3.8/site-packages/airflow/example_dags/example_external_task_marker_dag.py
[2025-09-06T19:12:45.261+0545] {processor.py:925} INFO - DAG(s) 'example_external_task_marker_child', 'example_external_task_marker_parent' retrieved from /home/ashok/miniconda3/envs/mysecondenvironment/lib/python3.8/site-packages/airflow/example_dags/example_external_task_marker_dag.py
[2025-09-06T19:12:45.282+0545] {logging_mixin.py:190} INFO - [2025-09-06T19:12:45.281+0545] {dag.py:3239} INFO - Sync 2 DAGs
[2025-09-06T19:12:45.295+0545] {logging_mixin.py:190} INFO - [2025-09-06T19:12:45.294+0545] {dag.py:4180} INFO - Setting next_dagrun for example_external_task_marker_child to None, run_after=None
[2025-09-06T19:12:45.298+0545] {logging_mixin.py:190} INFO - [2025-09-06T19:12:45.297+0545] {dag.py:4180} INFO - Setting next_dagrun for example_external_task_marker_parent to None, run_after=None
[2025-09-06T19:12:45.322+0545] {processor.py:208} INFO - Processing /home/ashok/miniconda3/envs/mysecondenvironment/lib/python3.8/site-packages/airflow/example_dags/example_external_task_marker_dag.py took 0.082 seconds
[2025-09-06T19:13:42.535+0545] {processor.py:186} INFO - Started process (PID=33337) to work on /home/ashok/miniconda3/envs/mysecondenvironment/lib/python3.8/site-packages/airflow/example_dags/example_external_task_marker_dag.py
[2025-09-06T19:13:42.537+0545] {processor.py:914} INFO - Processing file /home/ashok/miniconda3/envs/mysecondenvironment/lib/python3.8/site-packages/airflow/example_dags/example_external_task_marker_dag.py for tasks to queue
[2025-09-06T19:13:42.540+0545] {logging_mixin.py:190} INFO - [2025-09-06T19:13:42.540+0545] {dagbag.py:588} INFO - Filling up the DagBag from /home/ashok/miniconda3/envs/mysecondenvironment/lib/python3.8/site-packages/airflow/example_dags/example_external_task_marker_dag.py
[2025-09-06T19:13:42.553+0545] {processor.py:925} INFO - DAG(s) 'example_external_task_marker_child', 'example_external_task_marker_parent' retrieved from /home/ashok/miniconda3/envs/mysecondenvironment/lib/python3.8/site-packages/airflow/example_dags/example_external_task_marker_dag.py
[2025-09-06T19:13:42.581+0545] {logging_mixin.py:190} INFO - [2025-09-06T19:13:42.581+0545] {dag.py:3239} INFO - Sync 2 DAGs
[2025-09-06T19:13:42.598+0545] {logging_mixin.py:190} INFO - [2025-09-06T19:13:42.598+0545] {dag.py:4180} INFO - Setting next_dagrun for example_external_task_marker_child to None, run_after=None
[2025-09-06T19:13:42.602+0545] {logging_mixin.py:190} INFO - [2025-09-06T19:13:42.602+0545] {dag.py:4180} INFO - Setting next_dagrun for example_external_task_marker_parent to None, run_after=None
[2025-09-06T19:13:42.631+0545] {processor.py:208} INFO - Processing /home/ashok/miniconda3/envs/mysecondenvironment/lib/python3.8/site-packages/airflow/example_dags/example_external_task_marker_dag.py took 0.104 seconds
[2025-09-06T19:14:44.719+0545] {processor.py:186} INFO - Started process (PID=33788) to work on /home/ashok/miniconda3/envs/mysecondenvironment/lib/python3.8/site-packages/airflow/example_dags/example_external_task_marker_dag.py
[2025-09-06T19:14:44.721+0545] {processor.py:914} INFO - Processing file /home/ashok/miniconda3/envs/mysecondenvironment/lib/python3.8/site-packages/airflow/example_dags/example_external_task_marker_dag.py for tasks to queue
[2025-09-06T19:14:44.724+0545] {logging_mixin.py:190} INFO - [2025-09-06T19:14:44.724+0545] {dagbag.py:588} INFO - Filling up the DagBag from /home/ashok/miniconda3/envs/mysecondenvironment/lib/python3.8/site-packages/airflow/example_dags/example_external_task_marker_dag.py
[2025-09-06T19:14:44.734+0545] {processor.py:925} INFO - DAG(s) 'example_external_task_marker_child', 'example_external_task_marker_parent' retrieved from /home/ashok/miniconda3/envs/mysecondenvironment/lib/python3.8/site-packages/airflow/example_dags/example_external_task_marker_dag.py
[2025-09-06T19:14:44.755+0545] {logging_mixin.py:190} INFO - [2025-09-06T19:14:44.754+0545] {dag.py:3239} INFO - Sync 2 DAGs
[2025-09-06T19:14:44.768+0545] {logging_mixin.py:190} INFO - [2025-09-06T19:14:44.767+0545] {dag.py:4180} INFO - Setting next_dagrun for example_external_task_marker_child to None, run_after=None
[2025-09-06T19:14:44.771+0545] {logging_mixin.py:190} INFO - [2025-09-06T19:14:44.771+0545] {dag.py:4180} INFO - Setting next_dagrun for example_external_task_marker_parent to None, run_after=None
[2025-09-06T19:14:44.794+0545] {processor.py:208} INFO - Processing /home/ashok/miniconda3/envs/mysecondenvironment/lib/python3.8/site-packages/airflow/example_dags/example_external_task_marker_dag.py took 0.082 seconds
[2025-09-06T19:15:45.343+0545] {processor.py:186} INFO - Started process (PID=34228) to work on /home/ashok/miniconda3/envs/mysecondenvironment/lib/python3.8/site-packages/airflow/example_dags/example_external_task_marker_dag.py
[2025-09-06T19:15:45.345+0545] {processor.py:914} INFO - Processing file /home/ashok/miniconda3/envs/mysecondenvironment/lib/python3.8/site-packages/airflow/example_dags/example_external_task_marker_dag.py for tasks to queue
[2025-09-06T19:15:45.349+0545] {logging_mixin.py:190} INFO - [2025-09-06T19:15:45.348+0545] {dagbag.py:588} INFO - Filling up the DagBag from /home/ashok/miniconda3/envs/mysecondenvironment/lib/python3.8/site-packages/airflow/example_dags/example_external_task_marker_dag.py
[2025-09-06T19:15:45.358+0545] {processor.py:925} INFO - DAG(s) 'example_external_task_marker_child', 'example_external_task_marker_parent' retrieved from /home/ashok/miniconda3/envs/mysecondenvironment/lib/python3.8/site-packages/airflow/example_dags/example_external_task_marker_dag.py
[2025-09-06T19:15:45.380+0545] {logging_mixin.py:190} INFO - [2025-09-06T19:15:45.379+0545] {dag.py:3239} INFO - Sync 2 DAGs
[2025-09-06T19:15:45.394+0545] {logging_mixin.py:190} INFO - [2025-09-06T19:15:45.394+0545] {dag.py:4180} INFO - Setting next_dagrun for example_external_task_marker_child to None, run_after=None
[2025-09-06T19:15:45.397+0545] {logging_mixin.py:190} INFO - [2025-09-06T19:15:45.397+0545] {dag.py:4180} INFO - Setting next_dagrun for example_external_task_marker_parent to None, run_after=None
[2025-09-06T19:15:45.423+0545] {processor.py:208} INFO - Processing /home/ashok/miniconda3/envs/mysecondenvironment/lib/python3.8/site-packages/airflow/example_dags/example_external_task_marker_dag.py took 0.087 seconds
[2025-09-06T19:16:44.936+0545] {processor.py:186} INFO - Started process (PID=34722) to work on /home/ashok/miniconda3/envs/mysecondenvironment/lib/python3.8/site-packages/airflow/example_dags/example_external_task_marker_dag.py
[2025-09-06T19:16:44.938+0545] {processor.py:914} INFO - Processing file /home/ashok/miniconda3/envs/mysecondenvironment/lib/python3.8/site-packages/airflow/example_dags/example_external_task_marker_dag.py for tasks to queue
[2025-09-06T19:16:44.942+0545] {logging_mixin.py:190} INFO - [2025-09-06T19:16:44.941+0545] {dagbag.py:588} INFO - Filling up the DagBag from /home/ashok/miniconda3/envs/mysecondenvironment/lib/python3.8/site-packages/airflow/example_dags/example_external_task_marker_dag.py
[2025-09-06T19:16:44.951+0545] {processor.py:925} INFO - DAG(s) 'example_external_task_marker_parent', 'example_external_task_marker_child' retrieved from /home/ashok/miniconda3/envs/mysecondenvironment/lib/python3.8/site-packages/airflow/example_dags/example_external_task_marker_dag.py
[2025-09-06T19:16:44.971+0545] {logging_mixin.py:190} INFO - [2025-09-06T19:16:44.970+0545] {dag.py:3239} INFO - Sync 2 DAGs
[2025-09-06T19:16:44.984+0545] {logging_mixin.py:190} INFO - [2025-09-06T19:16:44.984+0545] {dag.py:4180} INFO - Setting next_dagrun for example_external_task_marker_child to None, run_after=None
[2025-09-06T19:16:44.987+0545] {logging_mixin.py:190} INFO - [2025-09-06T19:16:44.987+0545] {dag.py:4180} INFO - Setting next_dagrun for example_external_task_marker_parent to None, run_after=None
[2025-09-06T19:16:45.014+0545] {processor.py:208} INFO - Processing /home/ashok/miniconda3/envs/mysecondenvironment/lib/python3.8/site-packages/airflow/example_dags/example_external_task_marker_dag.py took 0.086 seconds
[2025-09-06T19:17:47.170+0545] {processor.py:186} INFO - Started process (PID=35133) to work on /home/ashok/miniconda3/envs/mysecondenvironment/lib/python3.8/site-packages/airflow/example_dags/example_external_task_marker_dag.py
[2025-09-06T19:17:47.173+0545] {processor.py:914} INFO - Processing file /home/ashok/miniconda3/envs/mysecondenvironment/lib/python3.8/site-packages/airflow/example_dags/example_external_task_marker_dag.py for tasks to queue
[2025-09-06T19:17:47.176+0545] {logging_mixin.py:190} INFO - [2025-09-06T19:17:47.176+0545] {dagbag.py:588} INFO - Filling up the DagBag from /home/ashok/miniconda3/envs/mysecondenvironment/lib/python3.8/site-packages/airflow/example_dags/example_external_task_marker_dag.py
[2025-09-06T19:17:47.186+0545] {processor.py:925} INFO - DAG(s) 'example_external_task_marker_child', 'example_external_task_marker_parent' retrieved from /home/ashok/miniconda3/envs/mysecondenvironment/lib/python3.8/site-packages/airflow/example_dags/example_external_task_marker_dag.py
[2025-09-06T19:17:47.207+0545] {logging_mixin.py:190} INFO - [2025-09-06T19:17:47.207+0545] {dag.py:3239} INFO - Sync 2 DAGs
[2025-09-06T19:17:47.219+0545] {logging_mixin.py:190} INFO - [2025-09-06T19:17:47.219+0545] {dag.py:4180} INFO - Setting next_dagrun for example_external_task_marker_child to None, run_after=None
[2025-09-06T19:17:47.222+0545] {logging_mixin.py:190} INFO - [2025-09-06T19:17:47.222+0545] {dag.py:4180} INFO - Setting next_dagrun for example_external_task_marker_parent to None, run_after=None
[2025-09-06T19:17:47.248+0545] {processor.py:208} INFO - Processing /home/ashok/miniconda3/envs/mysecondenvironment/lib/python3.8/site-packages/airflow/example_dags/example_external_task_marker_dag.py took 0.086 seconds
[2025-09-06T19:18:48.549+0545] {processor.py:186} INFO - Started process (PID=35574) to work on /home/ashok/miniconda3/envs/mysecondenvironment/lib/python3.8/site-packages/airflow/example_dags/example_external_task_marker_dag.py
[2025-09-06T19:18:48.551+0545] {processor.py:914} INFO - Processing file /home/ashok/miniconda3/envs/mysecondenvironment/lib/python3.8/site-packages/airflow/example_dags/example_external_task_marker_dag.py for tasks to queue
[2025-09-06T19:18:48.555+0545] {logging_mixin.py:190} INFO - [2025-09-06T19:18:48.554+0545] {dagbag.py:588} INFO - Filling up the DagBag from /home/ashok/miniconda3/envs/mysecondenvironment/lib/python3.8/site-packages/airflow/example_dags/example_external_task_marker_dag.py
[2025-09-06T19:18:48.565+0545] {processor.py:925} INFO - DAG(s) 'example_external_task_marker_child', 'example_external_task_marker_parent' retrieved from /home/ashok/miniconda3/envs/mysecondenvironment/lib/python3.8/site-packages/airflow/example_dags/example_external_task_marker_dag.py
[2025-09-06T19:18:48.588+0545] {logging_mixin.py:190} INFO - [2025-09-06T19:18:48.587+0545] {dag.py:3239} INFO - Sync 2 DAGs
[2025-09-06T19:18:48.602+0545] {logging_mixin.py:190} INFO - [2025-09-06T19:18:48.601+0545] {dag.py:4180} INFO - Setting next_dagrun for example_external_task_marker_child to None, run_after=None
[2025-09-06T19:18:48.605+0545] {logging_mixin.py:190} INFO - [2025-09-06T19:18:48.605+0545] {dag.py:4180} INFO - Setting next_dagrun for example_external_task_marker_parent to None, run_after=None
[2025-09-06T19:18:48.630+0545] {processor.py:208} INFO - Processing /home/ashok/miniconda3/envs/mysecondenvironment/lib/python3.8/site-packages/airflow/example_dags/example_external_task_marker_dag.py took 0.090 seconds
[2025-09-06T19:19:53.250+0545] {processor.py:186} INFO - Started process (PID=36090) to work on /home/ashok/miniconda3/envs/mysecondenvironment/lib/python3.8/site-packages/airflow/example_dags/example_external_task_marker_dag.py
[2025-09-06T19:19:53.253+0545] {processor.py:914} INFO - Processing file /home/ashok/miniconda3/envs/mysecondenvironment/lib/python3.8/site-packages/airflow/example_dags/example_external_task_marker_dag.py for tasks to queue
[2025-09-06T19:19:53.257+0545] {logging_mixin.py:190} INFO - [2025-09-06T19:19:53.256+0545] {dagbag.py:588} INFO - Filling up the DagBag from /home/ashok/miniconda3/envs/mysecondenvironment/lib/python3.8/site-packages/airflow/example_dags/example_external_task_marker_dag.py
[2025-09-06T19:19:53.266+0545] {processor.py:925} INFO - DAG(s) 'example_external_task_marker_child', 'example_external_task_marker_parent' retrieved from /home/ashok/miniconda3/envs/mysecondenvironment/lib/python3.8/site-packages/airflow/example_dags/example_external_task_marker_dag.py
[2025-09-06T19:19:53.286+0545] {logging_mixin.py:190} INFO - [2025-09-06T19:19:53.286+0545] {dag.py:3239} INFO - Sync 2 DAGs
[2025-09-06T19:19:53.299+0545] {logging_mixin.py:190} INFO - [2025-09-06T19:19:53.299+0545] {dag.py:4180} INFO - Setting next_dagrun for example_external_task_marker_child to None, run_after=None
[2025-09-06T19:19:53.303+0545] {logging_mixin.py:190} INFO - [2025-09-06T19:19:53.303+0545] {dag.py:4180} INFO - Setting next_dagrun for example_external_task_marker_parent to None, run_after=None
[2025-09-06T19:19:53.331+0545] {processor.py:208} INFO - Processing /home/ashok/miniconda3/envs/mysecondenvironment/lib/python3.8/site-packages/airflow/example_dags/example_external_task_marker_dag.py took 0.089 seconds
[2025-09-06T19:20:52.470+0545] {processor.py:186} INFO - Started process (PID=36508) to work on /home/ashok/miniconda3/envs/mysecondenvironment/lib/python3.8/site-packages/airflow/example_dags/example_external_task_marker_dag.py
[2025-09-06T19:20:52.473+0545] {processor.py:914} INFO - Processing file /home/ashok/miniconda3/envs/mysecondenvironment/lib/python3.8/site-packages/airflow/example_dags/example_external_task_marker_dag.py for tasks to queue
[2025-09-06T19:20:52.476+0545] {logging_mixin.py:190} INFO - [2025-09-06T19:20:52.476+0545] {dagbag.py:588} INFO - Filling up the DagBag from /home/ashok/miniconda3/envs/mysecondenvironment/lib/python3.8/site-packages/airflow/example_dags/example_external_task_marker_dag.py
[2025-09-06T19:20:52.493+0545] {processor.py:925} INFO - DAG(s) 'example_external_task_marker_parent', 'example_external_task_marker_child' retrieved from /home/ashok/miniconda3/envs/mysecondenvironment/lib/python3.8/site-packages/airflow/example_dags/example_external_task_marker_dag.py
[2025-09-06T19:20:52.523+0545] {logging_mixin.py:190} INFO - [2025-09-06T19:20:52.523+0545] {dag.py:3239} INFO - Sync 2 DAGs
[2025-09-06T19:20:52.542+0545] {logging_mixin.py:190} INFO - [2025-09-06T19:20:52.541+0545] {dag.py:4180} INFO - Setting next_dagrun for example_external_task_marker_child to None, run_after=None
[2025-09-06T19:20:52.546+0545] {logging_mixin.py:190} INFO - [2025-09-06T19:20:52.546+0545] {dag.py:4180} INFO - Setting next_dagrun for example_external_task_marker_parent to None, run_after=None
[2025-09-06T19:20:52.574+0545] {processor.py:208} INFO - Processing /home/ashok/miniconda3/envs/mysecondenvironment/lib/python3.8/site-packages/airflow/example_dags/example_external_task_marker_dag.py took 0.114 seconds
[2025-09-06T19:21:56.639+0545] {processor.py:186} INFO - Started process (PID=36982) to work on /home/ashok/miniconda3/envs/mysecondenvironment/lib/python3.8/site-packages/airflow/example_dags/example_external_task_marker_dag.py
[2025-09-06T19:21:56.641+0545] {processor.py:914} INFO - Processing file /home/ashok/miniconda3/envs/mysecondenvironment/lib/python3.8/site-packages/airflow/example_dags/example_external_task_marker_dag.py for tasks to queue
[2025-09-06T19:21:56.644+0545] {logging_mixin.py:190} INFO - [2025-09-06T19:21:56.644+0545] {dagbag.py:588} INFO - Filling up the DagBag from /home/ashok/miniconda3/envs/mysecondenvironment/lib/python3.8/site-packages/airflow/example_dags/example_external_task_marker_dag.py
[2025-09-06T19:21:56.656+0545] {processor.py:925} INFO - DAG(s) 'example_external_task_marker_parent', 'example_external_task_marker_child' retrieved from /home/ashok/miniconda3/envs/mysecondenvironment/lib/python3.8/site-packages/airflow/example_dags/example_external_task_marker_dag.py
[2025-09-06T19:21:56.683+0545] {logging_mixin.py:190} INFO - [2025-09-06T19:21:56.683+0545] {dag.py:3239} INFO - Sync 2 DAGs
[2025-09-06T19:21:56.700+0545] {logging_mixin.py:190} INFO - [2025-09-06T19:21:56.700+0545] {dag.py:4180} INFO - Setting next_dagrun for example_external_task_marker_child to None, run_after=None
[2025-09-06T19:21:56.705+0545] {logging_mixin.py:190} INFO - [2025-09-06T19:21:56.704+0545] {dag.py:4180} INFO - Setting next_dagrun for example_external_task_marker_parent to None, run_after=None
[2025-09-06T19:21:56.736+0545] {processor.py:208} INFO - Processing /home/ashok/miniconda3/envs/mysecondenvironment/lib/python3.8/site-packages/airflow/example_dags/example_external_task_marker_dag.py took 0.107 seconds
[2025-09-06T19:22:57.956+0545] {processor.py:186} INFO - Started process (PID=37471) to work on /home/ashok/miniconda3/envs/mysecondenvironment/lib/python3.8/site-packages/airflow/example_dags/example_external_task_marker_dag.py
[2025-09-06T19:22:57.959+0545] {processor.py:914} INFO - Processing file /home/ashok/miniconda3/envs/mysecondenvironment/lib/python3.8/site-packages/airflow/example_dags/example_external_task_marker_dag.py for tasks to queue
[2025-09-06T19:22:57.961+0545] {logging_mixin.py:190} INFO - [2025-09-06T19:22:57.961+0545] {dagbag.py:588} INFO - Filling up the DagBag from /home/ashok/miniconda3/envs/mysecondenvironment/lib/python3.8/site-packages/airflow/example_dags/example_external_task_marker_dag.py
[2025-09-06T19:22:57.971+0545] {processor.py:925} INFO - DAG(s) 'example_external_task_marker_parent', 'example_external_task_marker_child' retrieved from /home/ashok/miniconda3/envs/mysecondenvironment/lib/python3.8/site-packages/airflow/example_dags/example_external_task_marker_dag.py
[2025-09-06T19:22:57.990+0545] {logging_mixin.py:190} INFO - [2025-09-06T19:22:57.990+0545] {dag.py:3239} INFO - Sync 2 DAGs
[2025-09-06T19:22:58.003+0545] {logging_mixin.py:190} INFO - [2025-09-06T19:22:58.002+0545] {dag.py:4180} INFO - Setting next_dagrun for example_external_task_marker_child to None, run_after=None
[2025-09-06T19:22:58.005+0545] {logging_mixin.py:190} INFO - [2025-09-06T19:22:58.005+0545] {dag.py:4180} INFO - Setting next_dagrun for example_external_task_marker_parent to None, run_after=None
[2025-09-06T19:22:58.033+0545] {processor.py:208} INFO - Processing /home/ashok/miniconda3/envs/mysecondenvironment/lib/python3.8/site-packages/airflow/example_dags/example_external_task_marker_dag.py took 0.085 seconds
[2025-09-06T19:24:01.179+0545] {processor.py:186} INFO - Started process (PID=37912) to work on /home/ashok/miniconda3/envs/mysecondenvironment/lib/python3.8/site-packages/airflow/example_dags/example_external_task_marker_dag.py
[2025-09-06T19:24:01.181+0545] {processor.py:914} INFO - Processing file /home/ashok/miniconda3/envs/mysecondenvironment/lib/python3.8/site-packages/airflow/example_dags/example_external_task_marker_dag.py for tasks to queue
[2025-09-06T19:24:01.184+0545] {logging_mixin.py:190} INFO - [2025-09-06T19:24:01.183+0545] {dagbag.py:588} INFO - Filling up the DagBag from /home/ashok/miniconda3/envs/mysecondenvironment/lib/python3.8/site-packages/airflow/example_dags/example_external_task_marker_dag.py
[2025-09-06T19:24:01.194+0545] {processor.py:925} INFO - DAG(s) 'example_external_task_marker_child', 'example_external_task_marker_parent' retrieved from /home/ashok/miniconda3/envs/mysecondenvironment/lib/python3.8/site-packages/airflow/example_dags/example_external_task_marker_dag.py
[2025-09-06T19:24:01.214+0545] {logging_mixin.py:190} INFO - [2025-09-06T19:24:01.214+0545] {dag.py:3239} INFO - Sync 2 DAGs
[2025-09-06T19:24:01.226+0545] {logging_mixin.py:190} INFO - [2025-09-06T19:24:01.226+0545] {dag.py:4180} INFO - Setting next_dagrun for example_external_task_marker_child to None, run_after=None
[2025-09-06T19:24:01.229+0545] {logging_mixin.py:190} INFO - [2025-09-06T19:24:01.229+0545] {dag.py:4180} INFO - Setting next_dagrun for example_external_task_marker_parent to None, run_after=None
[2025-09-06T19:24:01.256+0545] {processor.py:208} INFO - Processing /home/ashok/miniconda3/envs/mysecondenvironment/lib/python3.8/site-packages/airflow/example_dags/example_external_task_marker_dag.py took 0.085 seconds
[2025-09-06T19:25:17.900+0545] {processor.py:186} INFO - Started process (PID=38607) to work on /home/ashok/miniconda3/envs/mysecondenvironment/lib/python3.8/site-packages/airflow/example_dags/example_external_task_marker_dag.py
[2025-09-06T19:25:17.903+0545] {processor.py:914} INFO - Processing file /home/ashok/miniconda3/envs/mysecondenvironment/lib/python3.8/site-packages/airflow/example_dags/example_external_task_marker_dag.py for tasks to queue
[2025-09-06T19:25:17.906+0545] {logging_mixin.py:190} INFO - [2025-09-06T19:25:17.905+0545] {dagbag.py:588} INFO - Filling up the DagBag from /home/ashok/miniconda3/envs/mysecondenvironment/lib/python3.8/site-packages/airflow/example_dags/example_external_task_marker_dag.py
[2025-09-06T19:25:17.915+0545] {processor.py:925} INFO - DAG(s) 'example_external_task_marker_parent', 'example_external_task_marker_child' retrieved from /home/ashok/miniconda3/envs/mysecondenvironment/lib/python3.8/site-packages/airflow/example_dags/example_external_task_marker_dag.py
[2025-09-06T19:25:17.935+0545] {logging_mixin.py:190} INFO - [2025-09-06T19:25:17.935+0545] {dag.py:3239} INFO - Sync 2 DAGs
[2025-09-06T19:25:17.948+0545] {logging_mixin.py:190} INFO - [2025-09-06T19:25:17.948+0545] {dag.py:4180} INFO - Setting next_dagrun for example_external_task_marker_child to None, run_after=None
[2025-09-06T19:25:17.951+0545] {logging_mixin.py:190} INFO - [2025-09-06T19:25:17.951+0545] {dag.py:4180} INFO - Setting next_dagrun for example_external_task_marker_parent to None, run_after=None
[2025-09-06T19:25:17.975+0545] {processor.py:208} INFO - Processing /home/ashok/miniconda3/envs/mysecondenvironment/lib/python3.8/site-packages/airflow/example_dags/example_external_task_marker_dag.py took 0.083 seconds
[2025-09-06T19:26:17.678+0545] {processor.py:186} INFO - Started process (PID=39151) to work on /home/ashok/miniconda3/envs/mysecondenvironment/lib/python3.8/site-packages/airflow/example_dags/example_external_task_marker_dag.py
[2025-09-06T19:26:17.680+0545] {processor.py:914} INFO - Processing file /home/ashok/miniconda3/envs/mysecondenvironment/lib/python3.8/site-packages/airflow/example_dags/example_external_task_marker_dag.py for tasks to queue
[2025-09-06T19:26:17.684+0545] {logging_mixin.py:190} INFO - [2025-09-06T19:26:17.684+0545] {dagbag.py:588} INFO - Filling up the DagBag from /home/ashok/miniconda3/envs/mysecondenvironment/lib/python3.8/site-packages/airflow/example_dags/example_external_task_marker_dag.py
[2025-09-06T19:26:17.695+0545] {processor.py:925} INFO - DAG(s) 'example_external_task_marker_child', 'example_external_task_marker_parent' retrieved from /home/ashok/miniconda3/envs/mysecondenvironment/lib/python3.8/site-packages/airflow/example_dags/example_external_task_marker_dag.py
[2025-09-06T19:26:17.717+0545] {logging_mixin.py:190} INFO - [2025-09-06T19:26:17.716+0545] {dag.py:3239} INFO - Sync 2 DAGs
[2025-09-06T19:26:17.732+0545] {logging_mixin.py:190} INFO - [2025-09-06T19:26:17.732+0545] {dag.py:4180} INFO - Setting next_dagrun for example_external_task_marker_child to None, run_after=None
[2025-09-06T19:26:17.735+0545] {logging_mixin.py:190} INFO - [2025-09-06T19:26:17.735+0545] {dag.py:4180} INFO - Setting next_dagrun for example_external_task_marker_parent to None, run_after=None
[2025-09-06T19:26:17.760+0545] {processor.py:208} INFO - Processing /home/ashok/miniconda3/envs/mysecondenvironment/lib/python3.8/site-packages/airflow/example_dags/example_external_task_marker_dag.py took 0.092 seconds
[2025-09-06T19:27:20.046+0545] {processor.py:186} INFO - Started process (PID=39673) to work on /home/ashok/miniconda3/envs/mysecondenvironment/lib/python3.8/site-packages/airflow/example_dags/example_external_task_marker_dag.py
[2025-09-06T19:27:20.048+0545] {processor.py:914} INFO - Processing file /home/ashok/miniconda3/envs/mysecondenvironment/lib/python3.8/site-packages/airflow/example_dags/example_external_task_marker_dag.py for tasks to queue
[2025-09-06T19:27:20.052+0545] {logging_mixin.py:190} INFO - [2025-09-06T19:27:20.051+0545] {dagbag.py:588} INFO - Filling up the DagBag from /home/ashok/miniconda3/envs/mysecondenvironment/lib/python3.8/site-packages/airflow/example_dags/example_external_task_marker_dag.py
[2025-09-06T19:27:20.061+0545] {processor.py:925} INFO - DAG(s) 'example_external_task_marker_child', 'example_external_task_marker_parent' retrieved from /home/ashok/miniconda3/envs/mysecondenvironment/lib/python3.8/site-packages/airflow/example_dags/example_external_task_marker_dag.py
[2025-09-06T19:27:20.083+0545] {logging_mixin.py:190} INFO - [2025-09-06T19:27:20.083+0545] {dag.py:3239} INFO - Sync 2 DAGs
[2025-09-06T19:27:20.103+0545] {logging_mixin.py:190} INFO - [2025-09-06T19:27:20.102+0545] {dag.py:4180} INFO - Setting next_dagrun for example_external_task_marker_child to None, run_after=None
[2025-09-06T19:27:20.108+0545] {logging_mixin.py:190} INFO - [2025-09-06T19:27:20.108+0545] {dag.py:4180} INFO - Setting next_dagrun for example_external_task_marker_parent to None, run_after=None
[2025-09-06T19:27:20.137+0545] {processor.py:208} INFO - Processing /home/ashok/miniconda3/envs/mysecondenvironment/lib/python3.8/site-packages/airflow/example_dags/example_external_task_marker_dag.py took 0.099 seconds
[2025-09-06T19:28:18.491+0545] {processor.py:186} INFO - Started process (PID=40100) to work on /home/ashok/miniconda3/envs/mysecondenvironment/lib/python3.8/site-packages/airflow/example_dags/example_external_task_marker_dag.py
[2025-09-06T19:28:18.493+0545] {processor.py:914} INFO - Processing file /home/ashok/miniconda3/envs/mysecondenvironment/lib/python3.8/site-packages/airflow/example_dags/example_external_task_marker_dag.py for tasks to queue
[2025-09-06T19:28:18.496+0545] {logging_mixin.py:190} INFO - [2025-09-06T19:28:18.496+0545] {dagbag.py:588} INFO - Filling up the DagBag from /home/ashok/miniconda3/envs/mysecondenvironment/lib/python3.8/site-packages/airflow/example_dags/example_external_task_marker_dag.py
[2025-09-06T19:28:18.504+0545] {processor.py:925} INFO - DAG(s) 'example_external_task_marker_child', 'example_external_task_marker_parent' retrieved from /home/ashok/miniconda3/envs/mysecondenvironment/lib/python3.8/site-packages/airflow/example_dags/example_external_task_marker_dag.py
[2025-09-06T19:28:18.521+0545] {logging_mixin.py:190} INFO - [2025-09-06T19:28:18.520+0545] {dag.py:3239} INFO - Sync 2 DAGs
[2025-09-06T19:28:18.533+0545] {logging_mixin.py:190} INFO - [2025-09-06T19:28:18.532+0545] {dag.py:4180} INFO - Setting next_dagrun for example_external_task_marker_child to None, run_after=None
[2025-09-06T19:28:18.535+0545] {logging_mixin.py:190} INFO - [2025-09-06T19:28:18.535+0545] {dag.py:4180} INFO - Setting next_dagrun for example_external_task_marker_parent to None, run_after=None
[2025-09-06T19:28:18.558+0545] {processor.py:208} INFO - Processing /home/ashok/miniconda3/envs/mysecondenvironment/lib/python3.8/site-packages/airflow/example_dags/example_external_task_marker_dag.py took 0.073 seconds
[2025-09-06T19:29:17.380+0545] {processor.py:186} INFO - Started process (PID=40631) to work on /home/ashok/miniconda3/envs/mysecondenvironment/lib/python3.8/site-packages/airflow/example_dags/example_external_task_marker_dag.py
[2025-09-06T19:29:17.383+0545] {processor.py:914} INFO - Processing file /home/ashok/miniconda3/envs/mysecondenvironment/lib/python3.8/site-packages/airflow/example_dags/example_external_task_marker_dag.py for tasks to queue
[2025-09-06T19:29:17.387+0545] {logging_mixin.py:190} INFO - [2025-09-06T19:29:17.386+0545] {dagbag.py:588} INFO - Filling up the DagBag from /home/ashok/miniconda3/envs/mysecondenvironment/lib/python3.8/site-packages/airflow/example_dags/example_external_task_marker_dag.py
[2025-09-06T19:29:17.396+0545] {processor.py:925} INFO - DAG(s) 'example_external_task_marker_child', 'example_external_task_marker_parent' retrieved from /home/ashok/miniconda3/envs/mysecondenvironment/lib/python3.8/site-packages/airflow/example_dags/example_external_task_marker_dag.py
[2025-09-06T19:29:17.416+0545] {logging_mixin.py:190} INFO - [2025-09-06T19:29:17.416+0545] {dag.py:3239} INFO - Sync 2 DAGs
[2025-09-06T19:29:17.430+0545] {logging_mixin.py:190} INFO - [2025-09-06T19:29:17.430+0545] {dag.py:4180} INFO - Setting next_dagrun for example_external_task_marker_child to None, run_after=None
[2025-09-06T19:29:17.432+0545] {logging_mixin.py:190} INFO - [2025-09-06T19:29:17.432+0545] {dag.py:4180} INFO - Setting next_dagrun for example_external_task_marker_parent to None, run_after=None
[2025-09-06T19:29:17.458+0545] {processor.py:208} INFO - Processing /home/ashok/miniconda3/envs/mysecondenvironment/lib/python3.8/site-packages/airflow/example_dags/example_external_task_marker_dag.py took 0.086 seconds
[2025-09-06T19:30:17.415+0545] {processor.py:186} INFO - Started process (PID=41159) to work on /home/ashok/miniconda3/envs/mysecondenvironment/lib/python3.8/site-packages/airflow/example_dags/example_external_task_marker_dag.py
[2025-09-06T19:30:17.418+0545] {processor.py:914} INFO - Processing file /home/ashok/miniconda3/envs/mysecondenvironment/lib/python3.8/site-packages/airflow/example_dags/example_external_task_marker_dag.py for tasks to queue
[2025-09-06T19:30:17.422+0545] {logging_mixin.py:190} INFO - [2025-09-06T19:30:17.421+0545] {dagbag.py:588} INFO - Filling up the DagBag from /home/ashok/miniconda3/envs/mysecondenvironment/lib/python3.8/site-packages/airflow/example_dags/example_external_task_marker_dag.py
[2025-09-06T19:30:17.431+0545] {processor.py:925} INFO - DAG(s) 'example_external_task_marker_child', 'example_external_task_marker_parent' retrieved from /home/ashok/miniconda3/envs/mysecondenvironment/lib/python3.8/site-packages/airflow/example_dags/example_external_task_marker_dag.py
[2025-09-06T19:30:17.451+0545] {logging_mixin.py:190} INFO - [2025-09-06T19:30:17.451+0545] {dag.py:3239} INFO - Sync 2 DAGs
[2025-09-06T19:30:17.463+0545] {logging_mixin.py:190} INFO - [2025-09-06T19:30:17.463+0545] {dag.py:4180} INFO - Setting next_dagrun for example_external_task_marker_child to None, run_after=None
[2025-09-06T19:30:17.466+0545] {logging_mixin.py:190} INFO - [2025-09-06T19:30:17.466+0545] {dag.py:4180} INFO - Setting next_dagrun for example_external_task_marker_parent to None, run_after=None
[2025-09-06T19:30:17.489+0545] {processor.py:208} INFO - Processing /home/ashok/miniconda3/envs/mysecondenvironment/lib/python3.8/site-packages/airflow/example_dags/example_external_task_marker_dag.py took 0.081 seconds
[2025-09-06T19:31:17.800+0545] {processor.py:186} INFO - Started process (PID=41818) to work on /home/ashok/miniconda3/envs/mysecondenvironment/lib/python3.8/site-packages/airflow/example_dags/example_external_task_marker_dag.py
[2025-09-06T19:31:17.802+0545] {processor.py:914} INFO - Processing file /home/ashok/miniconda3/envs/mysecondenvironment/lib/python3.8/site-packages/airflow/example_dags/example_external_task_marker_dag.py for tasks to queue
[2025-09-06T19:31:17.805+0545] {logging_mixin.py:190} INFO - [2025-09-06T19:31:17.805+0545] {dagbag.py:588} INFO - Filling up the DagBag from /home/ashok/miniconda3/envs/mysecondenvironment/lib/python3.8/site-packages/airflow/example_dags/example_external_task_marker_dag.py
[2025-09-06T19:31:17.814+0545] {processor.py:925} INFO - DAG(s) 'example_external_task_marker_child', 'example_external_task_marker_parent' retrieved from /home/ashok/miniconda3/envs/mysecondenvironment/lib/python3.8/site-packages/airflow/example_dags/example_external_task_marker_dag.py
[2025-09-06T19:31:17.832+0545] {logging_mixin.py:190} INFO - [2025-09-06T19:31:17.832+0545] {dag.py:3239} INFO - Sync 2 DAGs
[2025-09-06T19:31:17.843+0545] {logging_mixin.py:190} INFO - [2025-09-06T19:31:17.843+0545] {dag.py:4180} INFO - Setting next_dagrun for example_external_task_marker_child to None, run_after=None
[2025-09-06T19:31:17.847+0545] {logging_mixin.py:190} INFO - [2025-09-06T19:31:17.846+0545] {dag.py:4180} INFO - Setting next_dagrun for example_external_task_marker_parent to None, run_after=None
[2025-09-06T19:31:17.869+0545] {processor.py:208} INFO - Processing /home/ashok/miniconda3/envs/mysecondenvironment/lib/python3.8/site-packages/airflow/example_dags/example_external_task_marker_dag.py took 0.075 seconds
[2025-09-06T19:32:17.543+0545] {processor.py:186} INFO - Started process (PID=42298) to work on /home/ashok/miniconda3/envs/mysecondenvironment/lib/python3.8/site-packages/airflow/example_dags/example_external_task_marker_dag.py
[2025-09-06T19:32:17.546+0545] {processor.py:914} INFO - Processing file /home/ashok/miniconda3/envs/mysecondenvironment/lib/python3.8/site-packages/airflow/example_dags/example_external_task_marker_dag.py for tasks to queue
[2025-09-06T19:32:17.549+0545] {logging_mixin.py:190} INFO - [2025-09-06T19:32:17.549+0545] {dagbag.py:588} INFO - Filling up the DagBag from /home/ashok/miniconda3/envs/mysecondenvironment/lib/python3.8/site-packages/airflow/example_dags/example_external_task_marker_dag.py
[2025-09-06T19:32:17.560+0545] {processor.py:925} INFO - DAG(s) 'example_external_task_marker_child', 'example_external_task_marker_parent' retrieved from /home/ashok/miniconda3/envs/mysecondenvironment/lib/python3.8/site-packages/airflow/example_dags/example_external_task_marker_dag.py
[2025-09-06T19:32:17.580+0545] {logging_mixin.py:190} INFO - [2025-09-06T19:32:17.580+0545] {dag.py:3239} INFO - Sync 2 DAGs
[2025-09-06T19:32:17.593+0545] {logging_mixin.py:190} INFO - [2025-09-06T19:32:17.593+0545] {dag.py:4180} INFO - Setting next_dagrun for example_external_task_marker_child to None, run_after=None
[2025-09-06T19:32:17.596+0545] {logging_mixin.py:190} INFO - [2025-09-06T19:32:17.596+0545] {dag.py:4180} INFO - Setting next_dagrun for example_external_task_marker_parent to None, run_after=None
[2025-09-06T19:32:17.620+0545] {processor.py:208} INFO - Processing /home/ashok/miniconda3/envs/mysecondenvironment/lib/python3.8/site-packages/airflow/example_dags/example_external_task_marker_dag.py took 0.084 seconds
[2025-09-06T19:33:18.196+0545] {processor.py:186} INFO - Started process (PID=42697) to work on /home/ashok/miniconda3/envs/mysecondenvironment/lib/python3.8/site-packages/airflow/example_dags/example_external_task_marker_dag.py
[2025-09-06T19:33:18.199+0545] {processor.py:914} INFO - Processing file /home/ashok/miniconda3/envs/mysecondenvironment/lib/python3.8/site-packages/airflow/example_dags/example_external_task_marker_dag.py for tasks to queue
[2025-09-06T19:33:18.202+0545] {logging_mixin.py:190} INFO - [2025-09-06T19:33:18.201+0545] {dagbag.py:588} INFO - Filling up the DagBag from /home/ashok/miniconda3/envs/mysecondenvironment/lib/python3.8/site-packages/airflow/example_dags/example_external_task_marker_dag.py
[2025-09-06T19:33:18.211+0545] {processor.py:925} INFO - DAG(s) 'example_external_task_marker_child', 'example_external_task_marker_parent' retrieved from /home/ashok/miniconda3/envs/mysecondenvironment/lib/python3.8/site-packages/airflow/example_dags/example_external_task_marker_dag.py
[2025-09-06T19:33:18.231+0545] {logging_mixin.py:190} INFO - [2025-09-06T19:33:18.231+0545] {dag.py:3239} INFO - Sync 2 DAGs
[2025-09-06T19:33:18.244+0545] {logging_mixin.py:190} INFO - [2025-09-06T19:33:18.243+0545] {dag.py:4180} INFO - Setting next_dagrun for example_external_task_marker_child to None, run_after=None
[2025-09-06T19:33:18.246+0545] {logging_mixin.py:190} INFO - [2025-09-06T19:33:18.246+0545] {dag.py:4180} INFO - Setting next_dagrun for example_external_task_marker_parent to None, run_after=None
[2025-09-06T19:33:18.273+0545] {processor.py:208} INFO - Processing /home/ashok/miniconda3/envs/mysecondenvironment/lib/python3.8/site-packages/airflow/example_dags/example_external_task_marker_dag.py took 0.084 seconds
[2025-09-06T19:34:17.150+0545] {processor.py:186} INFO - Started process (PID=43073) to work on /home/ashok/miniconda3/envs/mysecondenvironment/lib/python3.8/site-packages/airflow/example_dags/example_external_task_marker_dag.py
[2025-09-06T19:34:17.153+0545] {processor.py:914} INFO - Processing file /home/ashok/miniconda3/envs/mysecondenvironment/lib/python3.8/site-packages/airflow/example_dags/example_external_task_marker_dag.py for tasks to queue
[2025-09-06T19:34:17.156+0545] {logging_mixin.py:190} INFO - [2025-09-06T19:34:17.156+0545] {dagbag.py:588} INFO - Filling up the DagBag from /home/ashok/miniconda3/envs/mysecondenvironment/lib/python3.8/site-packages/airflow/example_dags/example_external_task_marker_dag.py
[2025-09-06T19:34:17.166+0545] {processor.py:925} INFO - DAG(s) 'example_external_task_marker_child', 'example_external_task_marker_parent' retrieved from /home/ashok/miniconda3/envs/mysecondenvironment/lib/python3.8/site-packages/airflow/example_dags/example_external_task_marker_dag.py
[2025-09-06T19:34:17.187+0545] {logging_mixin.py:190} INFO - [2025-09-06T19:34:17.187+0545] {dag.py:3239} INFO - Sync 2 DAGs
[2025-09-06T19:34:17.200+0545] {logging_mixin.py:190} INFO - [2025-09-06T19:34:17.200+0545] {dag.py:4180} INFO - Setting next_dagrun for example_external_task_marker_child to None, run_after=None
[2025-09-06T19:34:17.203+0545] {logging_mixin.py:190} INFO - [2025-09-06T19:34:17.203+0545] {dag.py:4180} INFO - Setting next_dagrun for example_external_task_marker_parent to None, run_after=None
[2025-09-06T19:34:17.229+0545] {processor.py:208} INFO - Processing /home/ashok/miniconda3/envs/mysecondenvironment/lib/python3.8/site-packages/airflow/example_dags/example_external_task_marker_dag.py took 0.087 seconds
[2025-09-06T19:35:18.971+0545] {processor.py:186} INFO - Started process (PID=43614) to work on /home/ashok/miniconda3/envs/mysecondenvironment/lib/python3.8/site-packages/airflow/example_dags/example_external_task_marker_dag.py
[2025-09-06T19:35:18.974+0545] {processor.py:914} INFO - Processing file /home/ashok/miniconda3/envs/mysecondenvironment/lib/python3.8/site-packages/airflow/example_dags/example_external_task_marker_dag.py for tasks to queue
[2025-09-06T19:35:18.978+0545] {logging_mixin.py:190} INFO - [2025-09-06T19:35:18.977+0545] {dagbag.py:588} INFO - Filling up the DagBag from /home/ashok/miniconda3/envs/mysecondenvironment/lib/python3.8/site-packages/airflow/example_dags/example_external_task_marker_dag.py
[2025-09-06T19:35:18.988+0545] {processor.py:925} INFO - DAG(s) 'example_external_task_marker_child', 'example_external_task_marker_parent' retrieved from /home/ashok/miniconda3/envs/mysecondenvironment/lib/python3.8/site-packages/airflow/example_dags/example_external_task_marker_dag.py
[2025-09-06T19:35:19.010+0545] {logging_mixin.py:190} INFO - [2025-09-06T19:35:19.010+0545] {dag.py:3239} INFO - Sync 2 DAGs
[2025-09-06T19:35:19.024+0545] {logging_mixin.py:190} INFO - [2025-09-06T19:35:19.024+0545] {dag.py:4180} INFO - Setting next_dagrun for example_external_task_marker_child to None, run_after=None
[2025-09-06T19:35:19.027+0545] {logging_mixin.py:190} INFO - [2025-09-06T19:35:19.027+0545] {dag.py:4180} INFO - Setting next_dagrun for example_external_task_marker_parent to None, run_after=None
[2025-09-06T19:35:19.056+0545] {processor.py:208} INFO - Processing /home/ashok/miniconda3/envs/mysecondenvironment/lib/python3.8/site-packages/airflow/example_dags/example_external_task_marker_dag.py took 0.095 seconds
[2025-09-06T19:36:18.538+0545] {processor.py:186} INFO - Started process (PID=44085) to work on /home/ashok/miniconda3/envs/mysecondenvironment/lib/python3.8/site-packages/airflow/example_dags/example_external_task_marker_dag.py
[2025-09-06T19:36:18.541+0545] {processor.py:914} INFO - Processing file /home/ashok/miniconda3/envs/mysecondenvironment/lib/python3.8/site-packages/airflow/example_dags/example_external_task_marker_dag.py for tasks to queue
[2025-09-06T19:36:18.544+0545] {logging_mixin.py:190} INFO - [2025-09-06T19:36:18.543+0545] {dagbag.py:588} INFO - Filling up the DagBag from /home/ashok/miniconda3/envs/mysecondenvironment/lib/python3.8/site-packages/airflow/example_dags/example_external_task_marker_dag.py
[2025-09-06T19:36:18.553+0545] {processor.py:925} INFO - DAG(s) 'example_external_task_marker_parent', 'example_external_task_marker_child' retrieved from /home/ashok/miniconda3/envs/mysecondenvironment/lib/python3.8/site-packages/airflow/example_dags/example_external_task_marker_dag.py
[2025-09-06T19:36:18.573+0545] {logging_mixin.py:190} INFO - [2025-09-06T19:36:18.573+0545] {dag.py:3239} INFO - Sync 2 DAGs
[2025-09-06T19:36:18.585+0545] {logging_mixin.py:190} INFO - [2025-09-06T19:36:18.585+0545] {dag.py:4180} INFO - Setting next_dagrun for example_external_task_marker_child to None, run_after=None
[2025-09-06T19:36:18.588+0545] {logging_mixin.py:190} INFO - [2025-09-06T19:36:18.588+0545] {dag.py:4180} INFO - Setting next_dagrun for example_external_task_marker_parent to None, run_after=None
[2025-09-06T19:36:18.612+0545] {processor.py:208} INFO - Processing /home/ashok/miniconda3/envs/mysecondenvironment/lib/python3.8/site-packages/airflow/example_dags/example_external_task_marker_dag.py took 0.082 seconds
[2025-09-06T19:37:17.647+0545] {processor.py:186} INFO - Started process (PID=44530) to work on /home/ashok/miniconda3/envs/mysecondenvironment/lib/python3.8/site-packages/airflow/example_dags/example_external_task_marker_dag.py
[2025-09-06T19:37:17.649+0545] {processor.py:914} INFO - Processing file /home/ashok/miniconda3/envs/mysecondenvironment/lib/python3.8/site-packages/airflow/example_dags/example_external_task_marker_dag.py for tasks to queue
[2025-09-06T19:37:17.653+0545] {logging_mixin.py:190} INFO - [2025-09-06T19:37:17.652+0545] {dagbag.py:588} INFO - Filling up the DagBag from /home/ashok/miniconda3/envs/mysecondenvironment/lib/python3.8/site-packages/airflow/example_dags/example_external_task_marker_dag.py
[2025-09-06T19:37:17.661+0545] {processor.py:925} INFO - DAG(s) 'example_external_task_marker_child', 'example_external_task_marker_parent' retrieved from /home/ashok/miniconda3/envs/mysecondenvironment/lib/python3.8/site-packages/airflow/example_dags/example_external_task_marker_dag.py
[2025-09-06T19:37:17.681+0545] {logging_mixin.py:190} INFO - [2025-09-06T19:37:17.680+0545] {dag.py:3239} INFO - Sync 2 DAGs
[2025-09-06T19:37:17.696+0545] {logging_mixin.py:190} INFO - [2025-09-06T19:37:17.696+0545] {dag.py:4180} INFO - Setting next_dagrun for example_external_task_marker_child to None, run_after=None
[2025-09-06T19:37:17.699+0545] {logging_mixin.py:190} INFO - [2025-09-06T19:37:17.699+0545] {dag.py:4180} INFO - Setting next_dagrun for example_external_task_marker_parent to None, run_after=None
[2025-09-06T19:37:17.724+0545] {processor.py:208} INFO - Processing /home/ashok/miniconda3/envs/mysecondenvironment/lib/python3.8/site-packages/airflow/example_dags/example_external_task_marker_dag.py took 0.085 seconds
[2025-09-06T19:38:16.517+0545] {processor.py:186} INFO - Started process (PID=44916) to work on /home/ashok/miniconda3/envs/mysecondenvironment/lib/python3.8/site-packages/airflow/example_dags/example_external_task_marker_dag.py
[2025-09-06T19:38:16.519+0545] {processor.py:914} INFO - Processing file /home/ashok/miniconda3/envs/mysecondenvironment/lib/python3.8/site-packages/airflow/example_dags/example_external_task_marker_dag.py for tasks to queue
[2025-09-06T19:38:16.522+0545] {logging_mixin.py:190} INFO - [2025-09-06T19:38:16.522+0545] {dagbag.py:588} INFO - Filling up the DagBag from /home/ashok/miniconda3/envs/mysecondenvironment/lib/python3.8/site-packages/airflow/example_dags/example_external_task_marker_dag.py
[2025-09-06T19:38:16.532+0545] {processor.py:925} INFO - DAG(s) 'example_external_task_marker_parent', 'example_external_task_marker_child' retrieved from /home/ashok/miniconda3/envs/mysecondenvironment/lib/python3.8/site-packages/airflow/example_dags/example_external_task_marker_dag.py
[2025-09-06T19:38:16.554+0545] {logging_mixin.py:190} INFO - [2025-09-06T19:38:16.554+0545] {dag.py:3239} INFO - Sync 2 DAGs
[2025-09-06T19:38:16.568+0545] {logging_mixin.py:190} INFO - [2025-09-06T19:38:16.568+0545] {dag.py:4180} INFO - Setting next_dagrun for example_external_task_marker_child to None, run_after=None
[2025-09-06T19:38:16.571+0545] {logging_mixin.py:190} INFO - [2025-09-06T19:38:16.570+0545] {dag.py:4180} INFO - Setting next_dagrun for example_external_task_marker_parent to None, run_after=None
[2025-09-06T19:38:16.595+0545] {processor.py:208} INFO - Processing /home/ashok/miniconda3/envs/mysecondenvironment/lib/python3.8/site-packages/airflow/example_dags/example_external_task_marker_dag.py took 0.086 seconds
[2025-09-06T19:39:15.647+0545] {processor.py:186} INFO - Started process (PID=45341) to work on /home/ashok/miniconda3/envs/mysecondenvironment/lib/python3.8/site-packages/airflow/example_dags/example_external_task_marker_dag.py
[2025-09-06T19:39:15.649+0545] {processor.py:914} INFO - Processing file /home/ashok/miniconda3/envs/mysecondenvironment/lib/python3.8/site-packages/airflow/example_dags/example_external_task_marker_dag.py for tasks to queue
[2025-09-06T19:39:15.654+0545] {logging_mixin.py:190} INFO - [2025-09-06T19:39:15.653+0545] {dagbag.py:588} INFO - Filling up the DagBag from /home/ashok/miniconda3/envs/mysecondenvironment/lib/python3.8/site-packages/airflow/example_dags/example_external_task_marker_dag.py
[2025-09-06T19:39:15.664+0545] {processor.py:925} INFO - DAG(s) 'example_external_task_marker_child', 'example_external_task_marker_parent' retrieved from /home/ashok/miniconda3/envs/mysecondenvironment/lib/python3.8/site-packages/airflow/example_dags/example_external_task_marker_dag.py
[2025-09-06T19:39:15.684+0545] {logging_mixin.py:190} INFO - [2025-09-06T19:39:15.684+0545] {dag.py:3239} INFO - Sync 2 DAGs
[2025-09-06T19:39:15.697+0545] {logging_mixin.py:190} INFO - [2025-09-06T19:39:15.697+0545] {dag.py:4180} INFO - Setting next_dagrun for example_external_task_marker_child to None, run_after=None
[2025-09-06T19:39:15.700+0545] {logging_mixin.py:190} INFO - [2025-09-06T19:39:15.700+0545] {dag.py:4180} INFO - Setting next_dagrun for example_external_task_marker_parent to None, run_after=None
[2025-09-06T19:39:15.725+0545] {processor.py:208} INFO - Processing /home/ashok/miniconda3/envs/mysecondenvironment/lib/python3.8/site-packages/airflow/example_dags/example_external_task_marker_dag.py took 0.086 seconds
[2025-09-06T19:40:15.142+0545] {processor.py:186} INFO - Started process (PID=45727) to work on /home/ashok/miniconda3/envs/mysecondenvironment/lib/python3.8/site-packages/airflow/example_dags/example_external_task_marker_dag.py
[2025-09-06T19:40:15.145+0545] {processor.py:914} INFO - Processing file /home/ashok/miniconda3/envs/mysecondenvironment/lib/python3.8/site-packages/airflow/example_dags/example_external_task_marker_dag.py for tasks to queue
[2025-09-06T19:40:15.148+0545] {logging_mixin.py:190} INFO - [2025-09-06T19:40:15.147+0545] {dagbag.py:588} INFO - Filling up the DagBag from /home/ashok/miniconda3/envs/mysecondenvironment/lib/python3.8/site-packages/airflow/example_dags/example_external_task_marker_dag.py
[2025-09-06T19:40:15.157+0545] {processor.py:925} INFO - DAG(s) 'example_external_task_marker_child', 'example_external_task_marker_parent' retrieved from /home/ashok/miniconda3/envs/mysecondenvironment/lib/python3.8/site-packages/airflow/example_dags/example_external_task_marker_dag.py
[2025-09-06T19:40:15.177+0545] {logging_mixin.py:190} INFO - [2025-09-06T19:40:15.177+0545] {dag.py:3239} INFO - Sync 2 DAGs
[2025-09-06T19:40:15.190+0545] {logging_mixin.py:190} INFO - [2025-09-06T19:40:15.189+0545] {dag.py:4180} INFO - Setting next_dagrun for example_external_task_marker_child to None, run_after=None
[2025-09-06T19:40:15.193+0545] {logging_mixin.py:190} INFO - [2025-09-06T19:40:15.192+0545] {dag.py:4180} INFO - Setting next_dagrun for example_external_task_marker_parent to None, run_after=None
[2025-09-06T19:40:15.217+0545] {processor.py:208} INFO - Processing /home/ashok/miniconda3/envs/mysecondenvironment/lib/python3.8/site-packages/airflow/example_dags/example_external_task_marker_dag.py took 0.082 seconds
[2025-09-06T19:41:21.498+0545] {processor.py:186} INFO - Started process (PID=46318) to work on /home/ashok/miniconda3/envs/mysecondenvironment/lib/python3.8/site-packages/airflow/example_dags/example_external_task_marker_dag.py
[2025-09-06T19:41:21.502+0545] {processor.py:914} INFO - Processing file /home/ashok/miniconda3/envs/mysecondenvironment/lib/python3.8/site-packages/airflow/example_dags/example_external_task_marker_dag.py for tasks to queue
[2025-09-06T19:41:21.506+0545] {logging_mixin.py:190} INFO - [2025-09-06T19:41:21.505+0545] {dagbag.py:588} INFO - Filling up the DagBag from /home/ashok/miniconda3/envs/mysecondenvironment/lib/python3.8/site-packages/airflow/example_dags/example_external_task_marker_dag.py
[2025-09-06T19:41:21.515+0545] {processor.py:925} INFO - DAG(s) 'example_external_task_marker_child', 'example_external_task_marker_parent' retrieved from /home/ashok/miniconda3/envs/mysecondenvironment/lib/python3.8/site-packages/airflow/example_dags/example_external_task_marker_dag.py
[2025-09-06T19:41:21.536+0545] {logging_mixin.py:190} INFO - [2025-09-06T19:41:21.535+0545] {dag.py:3239} INFO - Sync 2 DAGs
[2025-09-06T19:41:21.550+0545] {logging_mixin.py:190} INFO - [2025-09-06T19:41:21.549+0545] {dag.py:4180} INFO - Setting next_dagrun for example_external_task_marker_child to None, run_after=None
[2025-09-06T19:41:21.554+0545] {logging_mixin.py:190} INFO - [2025-09-06T19:41:21.553+0545] {dag.py:4180} INFO - Setting next_dagrun for example_external_task_marker_parent to None, run_after=None
[2025-09-06T19:41:21.577+0545] {processor.py:208} INFO - Processing /home/ashok/miniconda3/envs/mysecondenvironment/lib/python3.8/site-packages/airflow/example_dags/example_external_task_marker_dag.py took 0.088 seconds
[2025-09-06T19:42:22.645+0545] {processor.py:186} INFO - Started process (PID=46993) to work on /home/ashok/miniconda3/envs/mysecondenvironment/lib/python3.8/site-packages/airflow/example_dags/example_external_task_marker_dag.py
[2025-09-06T19:42:22.647+0545] {processor.py:914} INFO - Processing file /home/ashok/miniconda3/envs/mysecondenvironment/lib/python3.8/site-packages/airflow/example_dags/example_external_task_marker_dag.py for tasks to queue
[2025-09-06T19:42:22.650+0545] {logging_mixin.py:190} INFO - [2025-09-06T19:42:22.650+0545] {dagbag.py:588} INFO - Filling up the DagBag from /home/ashok/miniconda3/envs/mysecondenvironment/lib/python3.8/site-packages/airflow/example_dags/example_external_task_marker_dag.py
[2025-09-06T19:42:22.660+0545] {processor.py:925} INFO - DAG(s) 'example_external_task_marker_child', 'example_external_task_marker_parent' retrieved from /home/ashok/miniconda3/envs/mysecondenvironment/lib/python3.8/site-packages/airflow/example_dags/example_external_task_marker_dag.py
[2025-09-06T19:42:22.682+0545] {logging_mixin.py:190} INFO - [2025-09-06T19:42:22.682+0545] {dag.py:3239} INFO - Sync 2 DAGs
[2025-09-06T19:42:22.698+0545] {logging_mixin.py:190} INFO - [2025-09-06T19:42:22.698+0545] {dag.py:4180} INFO - Setting next_dagrun for example_external_task_marker_child to None, run_after=None
[2025-09-06T19:42:22.703+0545] {logging_mixin.py:190} INFO - [2025-09-06T19:42:22.702+0545] {dag.py:4180} INFO - Setting next_dagrun for example_external_task_marker_parent to None, run_after=None
[2025-09-06T19:42:22.730+0545] {processor.py:208} INFO - Processing /home/ashok/miniconda3/envs/mysecondenvironment/lib/python3.8/site-packages/airflow/example_dags/example_external_task_marker_dag.py took 0.096 seconds
[2025-09-06T19:43:21.266+0545] {processor.py:186} INFO - Started process (PID=47529) to work on /home/ashok/miniconda3/envs/mysecondenvironment/lib/python3.8/site-packages/airflow/example_dags/example_external_task_marker_dag.py
[2025-09-06T19:43:21.268+0545] {processor.py:914} INFO - Processing file /home/ashok/miniconda3/envs/mysecondenvironment/lib/python3.8/site-packages/airflow/example_dags/example_external_task_marker_dag.py for tasks to queue
[2025-09-06T19:43:21.272+0545] {logging_mixin.py:190} INFO - [2025-09-06T19:43:21.271+0545] {dagbag.py:588} INFO - Filling up the DagBag from /home/ashok/miniconda3/envs/mysecondenvironment/lib/python3.8/site-packages/airflow/example_dags/example_external_task_marker_dag.py
[2025-09-06T19:43:21.283+0545] {processor.py:925} INFO - DAG(s) 'example_external_task_marker_parent', 'example_external_task_marker_child' retrieved from /home/ashok/miniconda3/envs/mysecondenvironment/lib/python3.8/site-packages/airflow/example_dags/example_external_task_marker_dag.py
[2025-09-06T19:43:21.307+0545] {logging_mixin.py:190} INFO - [2025-09-06T19:43:21.307+0545] {dag.py:3239} INFO - Sync 2 DAGs
[2025-09-06T19:43:21.322+0545] {logging_mixin.py:190} INFO - [2025-09-06T19:43:21.322+0545] {dag.py:4180} INFO - Setting next_dagrun for example_external_task_marker_child to None, run_after=None
[2025-09-06T19:43:21.325+0545] {logging_mixin.py:190} INFO - [2025-09-06T19:43:21.325+0545] {dag.py:4180} INFO - Setting next_dagrun for example_external_task_marker_parent to None, run_after=None
[2025-09-06T19:43:21.352+0545] {processor.py:208} INFO - Processing /home/ashok/miniconda3/envs/mysecondenvironment/lib/python3.8/site-packages/airflow/example_dags/example_external_task_marker_dag.py took 0.095 seconds
[2025-09-06T19:44:23.553+0545] {processor.py:186} INFO - Started process (PID=48256) to work on /home/ashok/miniconda3/envs/mysecondenvironment/lib/python3.8/site-packages/airflow/example_dags/example_external_task_marker_dag.py
[2025-09-06T19:44:23.555+0545] {processor.py:914} INFO - Processing file /home/ashok/miniconda3/envs/mysecondenvironment/lib/python3.8/site-packages/airflow/example_dags/example_external_task_marker_dag.py for tasks to queue
[2025-09-06T19:44:23.558+0545] {logging_mixin.py:190} INFO - [2025-09-06T19:44:23.558+0545] {dagbag.py:588} INFO - Filling up the DagBag from /home/ashok/miniconda3/envs/mysecondenvironment/lib/python3.8/site-packages/airflow/example_dags/example_external_task_marker_dag.py
[2025-09-06T19:44:23.568+0545] {processor.py:925} INFO - DAG(s) 'example_external_task_marker_parent', 'example_external_task_marker_child' retrieved from /home/ashok/miniconda3/envs/mysecondenvironment/lib/python3.8/site-packages/airflow/example_dags/example_external_task_marker_dag.py
[2025-09-06T19:44:23.586+0545] {logging_mixin.py:190} INFO - [2025-09-06T19:44:23.585+0545] {dag.py:3239} INFO - Sync 2 DAGs
[2025-09-06T19:44:23.597+0545] {logging_mixin.py:190} INFO - [2025-09-06T19:44:23.597+0545] {dag.py:4180} INFO - Setting next_dagrun for example_external_task_marker_child to None, run_after=None
[2025-09-06T19:44:23.600+0545] {logging_mixin.py:190} INFO - [2025-09-06T19:44:23.600+0545] {dag.py:4180} INFO - Setting next_dagrun for example_external_task_marker_parent to None, run_after=None
[2025-09-06T19:44:23.622+0545] {processor.py:208} INFO - Processing /home/ashok/miniconda3/envs/mysecondenvironment/lib/python3.8/site-packages/airflow/example_dags/example_external_task_marker_dag.py took 0.077 seconds
[2025-09-06T19:45:22.510+0545] {processor.py:186} INFO - Started process (PID=48661) to work on /home/ashok/miniconda3/envs/mysecondenvironment/lib/python3.8/site-packages/airflow/example_dags/example_external_task_marker_dag.py
[2025-09-06T19:45:22.513+0545] {processor.py:914} INFO - Processing file /home/ashok/miniconda3/envs/mysecondenvironment/lib/python3.8/site-packages/airflow/example_dags/example_external_task_marker_dag.py for tasks to queue
[2025-09-06T19:45:22.516+0545] {logging_mixin.py:190} INFO - [2025-09-06T19:45:22.516+0545] {dagbag.py:588} INFO - Filling up the DagBag from /home/ashok/miniconda3/envs/mysecondenvironment/lib/python3.8/site-packages/airflow/example_dags/example_external_task_marker_dag.py
[2025-09-06T19:45:22.526+0545] {processor.py:925} INFO - DAG(s) 'example_external_task_marker_parent', 'example_external_task_marker_child' retrieved from /home/ashok/miniconda3/envs/mysecondenvironment/lib/python3.8/site-packages/airflow/example_dags/example_external_task_marker_dag.py
[2025-09-06T19:45:22.546+0545] {logging_mixin.py:190} INFO - [2025-09-06T19:45:22.545+0545] {dag.py:3239} INFO - Sync 2 DAGs
[2025-09-06T19:45:22.559+0545] {logging_mixin.py:190} INFO - [2025-09-06T19:45:22.558+0545] {dag.py:4180} INFO - Setting next_dagrun for example_external_task_marker_child to None, run_after=None
[2025-09-06T19:45:22.561+0545] {logging_mixin.py:190} INFO - [2025-09-06T19:45:22.561+0545] {dag.py:4180} INFO - Setting next_dagrun for example_external_task_marker_parent to None, run_after=None
[2025-09-06T19:45:22.588+0545] {processor.py:208} INFO - Processing /home/ashok/miniconda3/envs/mysecondenvironment/lib/python3.8/site-packages/airflow/example_dags/example_external_task_marker_dag.py took 0.085 seconds
[2025-09-06T19:46:26.716+0545] {processor.py:186} INFO - Started process (PID=49292) to work on /home/ashok/miniconda3/envs/mysecondenvironment/lib/python3.8/site-packages/airflow/example_dags/example_external_task_marker_dag.py
[2025-09-06T19:46:26.719+0545] {processor.py:914} INFO - Processing file /home/ashok/miniconda3/envs/mysecondenvironment/lib/python3.8/site-packages/airflow/example_dags/example_external_task_marker_dag.py for tasks to queue
[2025-09-06T19:46:26.723+0545] {logging_mixin.py:190} INFO - [2025-09-06T19:46:26.722+0545] {dagbag.py:588} INFO - Filling up the DagBag from /home/ashok/miniconda3/envs/mysecondenvironment/lib/python3.8/site-packages/airflow/example_dags/example_external_task_marker_dag.py
[2025-09-06T19:46:26.733+0545] {processor.py:925} INFO - DAG(s) 'example_external_task_marker_child', 'example_external_task_marker_parent' retrieved from /home/ashok/miniconda3/envs/mysecondenvironment/lib/python3.8/site-packages/airflow/example_dags/example_external_task_marker_dag.py
[2025-09-06T19:46:26.756+0545] {logging_mixin.py:190} INFO - [2025-09-06T19:46:26.756+0545] {dag.py:3239} INFO - Sync 2 DAGs
[2025-09-06T19:46:26.772+0545] {logging_mixin.py:190} INFO - [2025-09-06T19:46:26.771+0545] {dag.py:4180} INFO - Setting next_dagrun for example_external_task_marker_child to None, run_after=None
[2025-09-06T19:46:26.777+0545] {logging_mixin.py:190} INFO - [2025-09-06T19:46:26.777+0545] {dag.py:4180} INFO - Setting next_dagrun for example_external_task_marker_parent to None, run_after=None
[2025-09-06T19:46:26.804+0545] {processor.py:208} INFO - Processing /home/ashok/miniconda3/envs/mysecondenvironment/lib/python3.8/site-packages/airflow/example_dags/example_external_task_marker_dag.py took 0.097 seconds
[2025-09-06T19:47:26.449+0545] {processor.py:186} INFO - Started process (PID=49797) to work on /home/ashok/miniconda3/envs/mysecondenvironment/lib/python3.8/site-packages/airflow/example_dags/example_external_task_marker_dag.py
[2025-09-06T19:47:26.451+0545] {processor.py:914} INFO - Processing file /home/ashok/miniconda3/envs/mysecondenvironment/lib/python3.8/site-packages/airflow/example_dags/example_external_task_marker_dag.py for tasks to queue
[2025-09-06T19:47:26.454+0545] {logging_mixin.py:190} INFO - [2025-09-06T19:47:26.454+0545] {dagbag.py:588} INFO - Filling up the DagBag from /home/ashok/miniconda3/envs/mysecondenvironment/lib/python3.8/site-packages/airflow/example_dags/example_external_task_marker_dag.py
[2025-09-06T19:47:26.463+0545] {processor.py:925} INFO - DAG(s) 'example_external_task_marker_child', 'example_external_task_marker_parent' retrieved from /home/ashok/miniconda3/envs/mysecondenvironment/lib/python3.8/site-packages/airflow/example_dags/example_external_task_marker_dag.py
[2025-09-06T19:47:26.483+0545] {logging_mixin.py:190} INFO - [2025-09-06T19:47:26.483+0545] {dag.py:3239} INFO - Sync 2 DAGs
[2025-09-06T19:47:26.499+0545] {logging_mixin.py:190} INFO - [2025-09-06T19:47:26.498+0545] {dag.py:4180} INFO - Setting next_dagrun for example_external_task_marker_child to None, run_after=None
[2025-09-06T19:47:26.502+0545] {logging_mixin.py:190} INFO - [2025-09-06T19:47:26.502+0545] {dag.py:4180} INFO - Setting next_dagrun for example_external_task_marker_parent to None, run_after=None
[2025-09-06T19:47:26.526+0545] {processor.py:208} INFO - Processing /home/ashok/miniconda3/envs/mysecondenvironment/lib/python3.8/site-packages/airflow/example_dags/example_external_task_marker_dag.py took 0.085 seconds
[2025-09-06T19:48:28.561+0545] {processor.py:186} INFO - Started process (PID=50249) to work on /home/ashok/miniconda3/envs/mysecondenvironment/lib/python3.8/site-packages/airflow/example_dags/example_external_task_marker_dag.py
[2025-09-06T19:48:28.564+0545] {processor.py:914} INFO - Processing file /home/ashok/miniconda3/envs/mysecondenvironment/lib/python3.8/site-packages/airflow/example_dags/example_external_task_marker_dag.py for tasks to queue
[2025-09-06T19:48:28.567+0545] {logging_mixin.py:190} INFO - [2025-09-06T19:48:28.566+0545] {dagbag.py:588} INFO - Filling up the DagBag from /home/ashok/miniconda3/envs/mysecondenvironment/lib/python3.8/site-packages/airflow/example_dags/example_external_task_marker_dag.py
[2025-09-06T19:48:28.577+0545] {processor.py:925} INFO - DAG(s) 'example_external_task_marker_parent', 'example_external_task_marker_child' retrieved from /home/ashok/miniconda3/envs/mysecondenvironment/lib/python3.8/site-packages/airflow/example_dags/example_external_task_marker_dag.py
[2025-09-06T19:48:28.596+0545] {logging_mixin.py:190} INFO - [2025-09-06T19:48:28.596+0545] {dag.py:3239} INFO - Sync 2 DAGs
[2025-09-06T19:48:28.608+0545] {logging_mixin.py:190} INFO - [2025-09-06T19:48:28.608+0545] {dag.py:4180} INFO - Setting next_dagrun for example_external_task_marker_child to None, run_after=None
[2025-09-06T19:48:28.611+0545] {logging_mixin.py:190} INFO - [2025-09-06T19:48:28.611+0545] {dag.py:4180} INFO - Setting next_dagrun for example_external_task_marker_parent to None, run_after=None
[2025-09-06T19:48:28.637+0545] {processor.py:208} INFO - Processing /home/ashok/miniconda3/envs/mysecondenvironment/lib/python3.8/site-packages/airflow/example_dags/example_external_task_marker_dag.py took 0.084 seconds
