[2025-09-06T19:04:55.526+0545] {processor.py:186} INFO - Started process (PID=28226) to work on /home/ashok/miniconda3/envs/mysecondenvironment/lib/python3.8/site-packages/airflow/example_dags/example_task_group.py
[2025-09-06T19:04:55.528+0545] {processor.py:914} INFO - Processing file /home/ashok/miniconda3/envs/mysecondenvironment/lib/python3.8/site-packages/airflow/example_dags/example_task_group.py for tasks to queue
[2025-09-06T19:04:55.530+0545] {logging_mixin.py:190} INFO - [2025-09-06T19:04:55.530+0545] {dagbag.py:588} INFO - Filling up the DagBag from /home/ashok/miniconda3/envs/mysecondenvironment/lib/python3.8/site-packages/airflow/example_dags/example_task_group.py
[2025-09-06T19:04:55.543+0545] {processor.py:925} INFO - DAG(s) 'example_task_group' retrieved from /home/ashok/miniconda3/envs/mysecondenvironment/lib/python3.8/site-packages/airflow/example_dags/example_task_group.py
[2025-09-06T19:04:55.593+0545] {logging_mixin.py:190} INFO - [2025-09-06T19:04:55.592+0545] {dag.py:3239} INFO - Sync 1 DAGs
[2025-09-06T19:04:55.610+0545] {logging_mixin.py:190} INFO - [2025-09-06T19:04:55.610+0545] {dag.py:4180} INFO - Setting next_dagrun for example_task_group to None, run_after=None
[2025-09-06T19:04:55.643+0545] {processor.py:208} INFO - Processing /home/ashok/miniconda3/envs/mysecondenvironment/lib/python3.8/site-packages/airflow/example_dags/example_task_group.py took 0.125 seconds
[2025-09-06T19:08:11.622+0545] {processor.py:186} INFO - Started process (PID=30884) to work on /home/ashok/miniconda3/envs/mysecondenvironment/lib/python3.8/site-packages/airflow/example_dags/example_task_group.py
[2025-09-06T19:08:11.625+0545] {processor.py:914} INFO - Processing file /home/ashok/miniconda3/envs/mysecondenvironment/lib/python3.8/site-packages/airflow/example_dags/example_task_group.py for tasks to queue
[2025-09-06T19:08:11.628+0545] {logging_mixin.py:190} INFO - [2025-09-06T19:08:11.627+0545] {dagbag.py:588} INFO - Filling up the DagBag from /home/ashok/miniconda3/envs/mysecondenvironment/lib/python3.8/site-packages/airflow/example_dags/example_task_group.py
[2025-09-06T19:08:11.638+0545] {processor.py:925} INFO - DAG(s) 'example_task_group' retrieved from /home/ashok/miniconda3/envs/mysecondenvironment/lib/python3.8/site-packages/airflow/example_dags/example_task_group.py
[2025-09-06T19:08:11.656+0545] {logging_mixin.py:190} INFO - [2025-09-06T19:08:11.656+0545] {dag.py:3239} INFO - Sync 1 DAGs
[2025-09-06T19:08:11.668+0545] {logging_mixin.py:190} INFO - [2025-09-06T19:08:11.668+0545] {dag.py:4180} INFO - Setting next_dagrun for example_task_group to None, run_after=None
[2025-09-06T19:08:11.697+0545] {processor.py:208} INFO - Processing /home/ashok/miniconda3/envs/mysecondenvironment/lib/python3.8/site-packages/airflow/example_dags/example_task_group.py took 0.082 seconds
[2025-09-06T19:09:13.155+0545] {processor.py:186} INFO - Started process (PID=31364) to work on /home/ashok/miniconda3/envs/mysecondenvironment/lib/python3.8/site-packages/airflow/example_dags/example_task_group.py
[2025-09-06T19:09:13.158+0545] {processor.py:914} INFO - Processing file /home/ashok/miniconda3/envs/mysecondenvironment/lib/python3.8/site-packages/airflow/example_dags/example_task_group.py for tasks to queue
[2025-09-06T19:09:13.161+0545] {logging_mixin.py:190} INFO - [2025-09-06T19:09:13.160+0545] {dagbag.py:588} INFO - Filling up the DagBag from /home/ashok/miniconda3/envs/mysecondenvironment/lib/python3.8/site-packages/airflow/example_dags/example_task_group.py
[2025-09-06T19:09:13.173+0545] {processor.py:925} INFO - DAG(s) 'example_task_group' retrieved from /home/ashok/miniconda3/envs/mysecondenvironment/lib/python3.8/site-packages/airflow/example_dags/example_task_group.py
[2025-09-06T19:09:13.192+0545] {logging_mixin.py:190} INFO - [2025-09-06T19:09:13.191+0545] {dag.py:3239} INFO - Sync 1 DAGs
[2025-09-06T19:09:13.205+0545] {logging_mixin.py:190} INFO - [2025-09-06T19:09:13.204+0545] {dag.py:4180} INFO - Setting next_dagrun for example_task_group to None, run_after=None
[2025-09-06T19:09:13.231+0545] {processor.py:208} INFO - Processing /home/ashok/miniconda3/envs/mysecondenvironment/lib/python3.8/site-packages/airflow/example_dags/example_task_group.py took 0.084 seconds
[2025-09-06T19:10:13.070+0545] {processor.py:186} INFO - Started process (PID=31811) to work on /home/ashok/miniconda3/envs/mysecondenvironment/lib/python3.8/site-packages/airflow/example_dags/example_task_group.py
[2025-09-06T19:10:13.072+0545] {processor.py:914} INFO - Processing file /home/ashok/miniconda3/envs/mysecondenvironment/lib/python3.8/site-packages/airflow/example_dags/example_task_group.py for tasks to queue
[2025-09-06T19:10:13.076+0545] {logging_mixin.py:190} INFO - [2025-09-06T19:10:13.075+0545] {dagbag.py:588} INFO - Filling up the DagBag from /home/ashok/miniconda3/envs/mysecondenvironment/lib/python3.8/site-packages/airflow/example_dags/example_task_group.py
[2025-09-06T19:10:13.087+0545] {processor.py:925} INFO - DAG(s) 'example_task_group' retrieved from /home/ashok/miniconda3/envs/mysecondenvironment/lib/python3.8/site-packages/airflow/example_dags/example_task_group.py
[2025-09-06T19:10:13.106+0545] {logging_mixin.py:190} INFO - [2025-09-06T19:10:13.106+0545] {dag.py:3239} INFO - Sync 1 DAGs
[2025-09-06T19:10:13.119+0545] {logging_mixin.py:190} INFO - [2025-09-06T19:10:13.118+0545] {dag.py:4180} INFO - Setting next_dagrun for example_task_group to None, run_after=None
[2025-09-06T19:10:13.147+0545] {processor.py:208} INFO - Processing /home/ashok/miniconda3/envs/mysecondenvironment/lib/python3.8/site-packages/airflow/example_dags/example_task_group.py took 0.085 seconds
[2025-09-06T19:11:10.740+0545] {processor.py:186} INFO - Started process (PID=32224) to work on /home/ashok/miniconda3/envs/mysecondenvironment/lib/python3.8/site-packages/airflow/example_dags/example_task_group.py
[2025-09-06T19:11:10.742+0545] {processor.py:914} INFO - Processing file /home/ashok/miniconda3/envs/mysecondenvironment/lib/python3.8/site-packages/airflow/example_dags/example_task_group.py for tasks to queue
[2025-09-06T19:11:10.746+0545] {logging_mixin.py:190} INFO - [2025-09-06T19:11:10.745+0545] {dagbag.py:588} INFO - Filling up the DagBag from /home/ashok/miniconda3/envs/mysecondenvironment/lib/python3.8/site-packages/airflow/example_dags/example_task_group.py
[2025-09-06T19:11:10.756+0545] {processor.py:925} INFO - DAG(s) 'example_task_group' retrieved from /home/ashok/miniconda3/envs/mysecondenvironment/lib/python3.8/site-packages/airflow/example_dags/example_task_group.py
[2025-09-06T19:11:10.777+0545] {logging_mixin.py:190} INFO - [2025-09-06T19:11:10.776+0545] {dag.py:3239} INFO - Sync 1 DAGs
[2025-09-06T19:11:10.789+0545] {logging_mixin.py:190} INFO - [2025-09-06T19:11:10.788+0545] {dag.py:4180} INFO - Setting next_dagrun for example_task_group to None, run_after=None
[2025-09-06T19:11:10.814+0545] {processor.py:208} INFO - Processing /home/ashok/miniconda3/envs/mysecondenvironment/lib/python3.8/site-packages/airflow/example_dags/example_task_group.py took 0.081 seconds
[2025-09-06T19:12:10.968+0545] {processor.py:186} INFO - Started process (PID=32654) to work on /home/ashok/miniconda3/envs/mysecondenvironment/lib/python3.8/site-packages/airflow/example_dags/example_task_group.py
[2025-09-06T19:12:10.971+0545] {processor.py:914} INFO - Processing file /home/ashok/miniconda3/envs/mysecondenvironment/lib/python3.8/site-packages/airflow/example_dags/example_task_group.py for tasks to queue
[2025-09-06T19:12:10.974+0545] {logging_mixin.py:190} INFO - [2025-09-06T19:12:10.974+0545] {dagbag.py:588} INFO - Filling up the DagBag from /home/ashok/miniconda3/envs/mysecondenvironment/lib/python3.8/site-packages/airflow/example_dags/example_task_group.py
[2025-09-06T19:12:10.984+0545] {processor.py:925} INFO - DAG(s) 'example_task_group' retrieved from /home/ashok/miniconda3/envs/mysecondenvironment/lib/python3.8/site-packages/airflow/example_dags/example_task_group.py
[2025-09-06T19:12:11.003+0545] {logging_mixin.py:190} INFO - [2025-09-06T19:12:11.003+0545] {dag.py:3239} INFO - Sync 1 DAGs
[2025-09-06T19:12:11.017+0545] {logging_mixin.py:190} INFO - [2025-09-06T19:12:11.016+0545] {dag.py:4180} INFO - Setting next_dagrun for example_task_group to None, run_after=None
[2025-09-06T19:12:11.043+0545] {processor.py:208} INFO - Processing /home/ashok/miniconda3/envs/mysecondenvironment/lib/python3.8/site-packages/airflow/example_dags/example_task_group.py took 0.083 seconds
[2025-09-06T19:13:09.764+0545] {processor.py:186} INFO - Started process (PID=33121) to work on /home/ashok/miniconda3/envs/mysecondenvironment/lib/python3.8/site-packages/airflow/example_dags/example_task_group.py
[2025-09-06T19:13:09.767+0545] {processor.py:914} INFO - Processing file /home/ashok/miniconda3/envs/mysecondenvironment/lib/python3.8/site-packages/airflow/example_dags/example_task_group.py for tasks to queue
[2025-09-06T19:13:09.769+0545] {logging_mixin.py:190} INFO - [2025-09-06T19:13:09.769+0545] {dagbag.py:588} INFO - Filling up the DagBag from /home/ashok/miniconda3/envs/mysecondenvironment/lib/python3.8/site-packages/airflow/example_dags/example_task_group.py
[2025-09-06T19:13:09.779+0545] {processor.py:925} INFO - DAG(s) 'example_task_group' retrieved from /home/ashok/miniconda3/envs/mysecondenvironment/lib/python3.8/site-packages/airflow/example_dags/example_task_group.py
[2025-09-06T19:13:09.798+0545] {logging_mixin.py:190} INFO - [2025-09-06T19:13:09.797+0545] {dag.py:3239} INFO - Sync 1 DAGs
[2025-09-06T19:13:09.812+0545] {logging_mixin.py:190} INFO - [2025-09-06T19:13:09.812+0545] {dag.py:4180} INFO - Setting next_dagrun for example_task_group to None, run_after=None
[2025-09-06T19:13:09.844+0545] {processor.py:208} INFO - Processing /home/ashok/miniconda3/envs/mysecondenvironment/lib/python3.8/site-packages/airflow/example_dags/example_task_group.py took 0.087 seconds
[2025-09-06T19:14:09.630+0545] {processor.py:186} INFO - Started process (PID=33518) to work on /home/ashok/miniconda3/envs/mysecondenvironment/lib/python3.8/site-packages/airflow/example_dags/example_task_group.py
[2025-09-06T19:14:09.632+0545] {processor.py:914} INFO - Processing file /home/ashok/miniconda3/envs/mysecondenvironment/lib/python3.8/site-packages/airflow/example_dags/example_task_group.py for tasks to queue
[2025-09-06T19:14:09.635+0545] {logging_mixin.py:190} INFO - [2025-09-06T19:14:09.635+0545] {dagbag.py:588} INFO - Filling up the DagBag from /home/ashok/miniconda3/envs/mysecondenvironment/lib/python3.8/site-packages/airflow/example_dags/example_task_group.py
[2025-09-06T19:14:09.646+0545] {processor.py:925} INFO - DAG(s) 'example_task_group' retrieved from /home/ashok/miniconda3/envs/mysecondenvironment/lib/python3.8/site-packages/airflow/example_dags/example_task_group.py
[2025-09-06T19:14:09.666+0545] {logging_mixin.py:190} INFO - [2025-09-06T19:14:09.666+0545] {dag.py:3239} INFO - Sync 1 DAGs
[2025-09-06T19:14:09.679+0545] {logging_mixin.py:190} INFO - [2025-09-06T19:14:09.679+0545] {dag.py:4180} INFO - Setting next_dagrun for example_task_group to None, run_after=None
[2025-09-06T19:14:09.711+0545] {processor.py:208} INFO - Processing /home/ashok/miniconda3/envs/mysecondenvironment/lib/python3.8/site-packages/airflow/example_dags/example_task_group.py took 0.089 seconds
[2025-09-06T19:15:10.628+0545] {processor.py:186} INFO - Started process (PID=33959) to work on /home/ashok/miniconda3/envs/mysecondenvironment/lib/python3.8/site-packages/airflow/example_dags/example_task_group.py
[2025-09-06T19:15:10.631+0545] {processor.py:914} INFO - Processing file /home/ashok/miniconda3/envs/mysecondenvironment/lib/python3.8/site-packages/airflow/example_dags/example_task_group.py for tasks to queue
[2025-09-06T19:15:10.634+0545] {logging_mixin.py:190} INFO - [2025-09-06T19:15:10.633+0545] {dagbag.py:588} INFO - Filling up the DagBag from /home/ashok/miniconda3/envs/mysecondenvironment/lib/python3.8/site-packages/airflow/example_dags/example_task_group.py
[2025-09-06T19:15:10.645+0545] {processor.py:925} INFO - DAG(s) 'example_task_group' retrieved from /home/ashok/miniconda3/envs/mysecondenvironment/lib/python3.8/site-packages/airflow/example_dags/example_task_group.py
[2025-09-06T19:15:10.664+0545] {logging_mixin.py:190} INFO - [2025-09-06T19:15:10.664+0545] {dag.py:3239} INFO - Sync 1 DAGs
[2025-09-06T19:15:10.676+0545] {logging_mixin.py:190} INFO - [2025-09-06T19:15:10.676+0545] {dag.py:4180} INFO - Setting next_dagrun for example_task_group to None, run_after=None
[2025-09-06T19:15:10.703+0545] {processor.py:208} INFO - Processing /home/ashok/miniconda3/envs/mysecondenvironment/lib/python3.8/site-packages/airflow/example_dags/example_task_group.py took 0.082 seconds
[2025-09-06T19:16:09.935+0545] {processor.py:186} INFO - Started process (PID=34434) to work on /home/ashok/miniconda3/envs/mysecondenvironment/lib/python3.8/site-packages/airflow/example_dags/example_task_group.py
[2025-09-06T19:16:09.937+0545] {processor.py:914} INFO - Processing file /home/ashok/miniconda3/envs/mysecondenvironment/lib/python3.8/site-packages/airflow/example_dags/example_task_group.py for tasks to queue
[2025-09-06T19:16:09.939+0545] {logging_mixin.py:190} INFO - [2025-09-06T19:16:09.939+0545] {dagbag.py:588} INFO - Filling up the DagBag from /home/ashok/miniconda3/envs/mysecondenvironment/lib/python3.8/site-packages/airflow/example_dags/example_task_group.py
[2025-09-06T19:16:09.948+0545] {processor.py:925} INFO - DAG(s) 'example_task_group' retrieved from /home/ashok/miniconda3/envs/mysecondenvironment/lib/python3.8/site-packages/airflow/example_dags/example_task_group.py
[2025-09-06T19:16:09.964+0545] {logging_mixin.py:190} INFO - [2025-09-06T19:16:09.964+0545] {dag.py:3239} INFO - Sync 1 DAGs
[2025-09-06T19:16:09.975+0545] {logging_mixin.py:190} INFO - [2025-09-06T19:16:09.975+0545] {dag.py:4180} INFO - Setting next_dagrun for example_task_group to None, run_after=None
[2025-09-06T19:16:10.000+0545] {processor.py:208} INFO - Processing /home/ashok/miniconda3/envs/mysecondenvironment/lib/python3.8/site-packages/airflow/example_dags/example_task_group.py took 0.071 seconds
[2025-09-06T19:17:09.149+0545] {processor.py:186} INFO - Started process (PID=34884) to work on /home/ashok/miniconda3/envs/mysecondenvironment/lib/python3.8/site-packages/airflow/example_dags/example_task_group.py
[2025-09-06T19:17:09.152+0545] {processor.py:914} INFO - Processing file /home/ashok/miniconda3/envs/mysecondenvironment/lib/python3.8/site-packages/airflow/example_dags/example_task_group.py for tasks to queue
[2025-09-06T19:17:09.156+0545] {logging_mixin.py:190} INFO - [2025-09-06T19:17:09.155+0545] {dagbag.py:588} INFO - Filling up the DagBag from /home/ashok/miniconda3/envs/mysecondenvironment/lib/python3.8/site-packages/airflow/example_dags/example_task_group.py
[2025-09-06T19:17:09.174+0545] {processor.py:925} INFO - DAG(s) 'example_task_group' retrieved from /home/ashok/miniconda3/envs/mysecondenvironment/lib/python3.8/site-packages/airflow/example_dags/example_task_group.py
[2025-09-06T19:17:09.202+0545] {logging_mixin.py:190} INFO - [2025-09-06T19:17:09.202+0545] {dag.py:3239} INFO - Sync 1 DAGs
[2025-09-06T19:17:09.220+0545] {logging_mixin.py:190} INFO - [2025-09-06T19:17:09.220+0545] {dag.py:4180} INFO - Setting next_dagrun for example_task_group to None, run_after=None
[2025-09-06T19:17:09.252+0545] {processor.py:208} INFO - Processing /home/ashok/miniconda3/envs/mysecondenvironment/lib/python3.8/site-packages/airflow/example_dags/example_task_group.py took 0.113 seconds
[2025-09-06T19:18:09.225+0545] {processor.py:186} INFO - Started process (PID=35273) to work on /home/ashok/miniconda3/envs/mysecondenvironment/lib/python3.8/site-packages/airflow/example_dags/example_task_group.py
[2025-09-06T19:18:09.228+0545] {processor.py:914} INFO - Processing file /home/ashok/miniconda3/envs/mysecondenvironment/lib/python3.8/site-packages/airflow/example_dags/example_task_group.py for tasks to queue
[2025-09-06T19:18:09.231+0545] {logging_mixin.py:190} INFO - [2025-09-06T19:18:09.230+0545] {dagbag.py:588} INFO - Filling up the DagBag from /home/ashok/miniconda3/envs/mysecondenvironment/lib/python3.8/site-packages/airflow/example_dags/example_task_group.py
[2025-09-06T19:18:09.240+0545] {processor.py:925} INFO - DAG(s) 'example_task_group' retrieved from /home/ashok/miniconda3/envs/mysecondenvironment/lib/python3.8/site-packages/airflow/example_dags/example_task_group.py
[2025-09-06T19:18:09.261+0545] {logging_mixin.py:190} INFO - [2025-09-06T19:18:09.260+0545] {dag.py:3239} INFO - Sync 1 DAGs
[2025-09-06T19:18:09.273+0545] {logging_mixin.py:190} INFO - [2025-09-06T19:18:09.273+0545] {dag.py:4180} INFO - Setting next_dagrun for example_task_group to None, run_after=None
[2025-09-06T19:18:09.299+0545] {processor.py:208} INFO - Processing /home/ashok/miniconda3/envs/mysecondenvironment/lib/python3.8/site-packages/airflow/example_dags/example_task_group.py took 0.082 seconds
[2025-09-06T19:19:15.615+0545] {processor.py:186} INFO - Started process (PID=35797) to work on /home/ashok/miniconda3/envs/mysecondenvironment/lib/python3.8/site-packages/airflow/example_dags/example_task_group.py
[2025-09-06T19:19:15.617+0545] {processor.py:914} INFO - Processing file /home/ashok/miniconda3/envs/mysecondenvironment/lib/python3.8/site-packages/airflow/example_dags/example_task_group.py for tasks to queue
[2025-09-06T19:19:15.621+0545] {logging_mixin.py:190} INFO - [2025-09-06T19:19:15.620+0545] {dagbag.py:588} INFO - Filling up the DagBag from /home/ashok/miniconda3/envs/mysecondenvironment/lib/python3.8/site-packages/airflow/example_dags/example_task_group.py
[2025-09-06T19:19:15.630+0545] {processor.py:925} INFO - DAG(s) 'example_task_group' retrieved from /home/ashok/miniconda3/envs/mysecondenvironment/lib/python3.8/site-packages/airflow/example_dags/example_task_group.py
[2025-09-06T19:19:15.650+0545] {logging_mixin.py:190} INFO - [2025-09-06T19:19:15.650+0545] {dag.py:3239} INFO - Sync 1 DAGs
[2025-09-06T19:19:15.662+0545] {logging_mixin.py:190} INFO - [2025-09-06T19:19:15.662+0545] {dag.py:4180} INFO - Setting next_dagrun for example_task_group to None, run_after=None
[2025-09-06T19:19:15.690+0545] {processor.py:208} INFO - Processing /home/ashok/miniconda3/envs/mysecondenvironment/lib/python3.8/site-packages/airflow/example_dags/example_task_group.py took 0.084 seconds
[2025-09-06T19:20:16.560+0545] {processor.py:186} INFO - Started process (PID=36237) to work on /home/ashok/miniconda3/envs/mysecondenvironment/lib/python3.8/site-packages/airflow/example_dags/example_task_group.py
[2025-09-06T19:20:16.562+0545] {processor.py:914} INFO - Processing file /home/ashok/miniconda3/envs/mysecondenvironment/lib/python3.8/site-packages/airflow/example_dags/example_task_group.py for tasks to queue
[2025-09-06T19:20:16.565+0545] {logging_mixin.py:190} INFO - [2025-09-06T19:20:16.564+0545] {dagbag.py:588} INFO - Filling up the DagBag from /home/ashok/miniconda3/envs/mysecondenvironment/lib/python3.8/site-packages/airflow/example_dags/example_task_group.py
[2025-09-06T19:20:16.575+0545] {processor.py:925} INFO - DAG(s) 'example_task_group' retrieved from /home/ashok/miniconda3/envs/mysecondenvironment/lib/python3.8/site-packages/airflow/example_dags/example_task_group.py
[2025-09-06T19:20:16.597+0545] {logging_mixin.py:190} INFO - [2025-09-06T19:20:16.596+0545] {dag.py:3239} INFO - Sync 1 DAGs
[2025-09-06T19:20:16.610+0545] {logging_mixin.py:190} INFO - [2025-09-06T19:20:16.610+0545] {dag.py:4180} INFO - Setting next_dagrun for example_task_group to None, run_after=None
[2025-09-06T19:20:16.637+0545] {processor.py:208} INFO - Processing /home/ashok/miniconda3/envs/mysecondenvironment/lib/python3.8/site-packages/airflow/example_dags/example_task_group.py took 0.084 seconds
[2025-09-06T19:21:17.340+0545] {processor.py:186} INFO - Started process (PID=36676) to work on /home/ashok/miniconda3/envs/mysecondenvironment/lib/python3.8/site-packages/airflow/example_dags/example_task_group.py
[2025-09-06T19:21:17.343+0545] {processor.py:914} INFO - Processing file /home/ashok/miniconda3/envs/mysecondenvironment/lib/python3.8/site-packages/airflow/example_dags/example_task_group.py for tasks to queue
[2025-09-06T19:21:17.346+0545] {logging_mixin.py:190} INFO - [2025-09-06T19:21:17.345+0545] {dagbag.py:588} INFO - Filling up the DagBag from /home/ashok/miniconda3/envs/mysecondenvironment/lib/python3.8/site-packages/airflow/example_dags/example_task_group.py
[2025-09-06T19:21:17.357+0545] {processor.py:925} INFO - DAG(s) 'example_task_group' retrieved from /home/ashok/miniconda3/envs/mysecondenvironment/lib/python3.8/site-packages/airflow/example_dags/example_task_group.py
[2025-09-06T19:21:17.377+0545] {logging_mixin.py:190} INFO - [2025-09-06T19:21:17.376+0545] {dag.py:3239} INFO - Sync 1 DAGs
[2025-09-06T19:21:17.389+0545] {logging_mixin.py:190} INFO - [2025-09-06T19:21:17.389+0545] {dag.py:4180} INFO - Setting next_dagrun for example_task_group to None, run_after=None
[2025-09-06T19:21:17.414+0545] {processor.py:208} INFO - Processing /home/ashok/miniconda3/envs/mysecondenvironment/lib/python3.8/site-packages/airflow/example_dags/example_task_group.py took 0.082 seconds
[2025-09-06T19:22:18.021+0545] {processor.py:186} INFO - Started process (PID=37202) to work on /home/ashok/miniconda3/envs/mysecondenvironment/lib/python3.8/site-packages/airflow/example_dags/example_task_group.py
[2025-09-06T19:22:18.024+0545] {processor.py:914} INFO - Processing file /home/ashok/miniconda3/envs/mysecondenvironment/lib/python3.8/site-packages/airflow/example_dags/example_task_group.py for tasks to queue
[2025-09-06T19:22:18.027+0545] {logging_mixin.py:190} INFO - [2025-09-06T19:22:18.027+0545] {dagbag.py:588} INFO - Filling up the DagBag from /home/ashok/miniconda3/envs/mysecondenvironment/lib/python3.8/site-packages/airflow/example_dags/example_task_group.py
[2025-09-06T19:22:18.037+0545] {processor.py:925} INFO - DAG(s) 'example_task_group' retrieved from /home/ashok/miniconda3/envs/mysecondenvironment/lib/python3.8/site-packages/airflow/example_dags/example_task_group.py
[2025-09-06T19:22:18.056+0545] {logging_mixin.py:190} INFO - [2025-09-06T19:22:18.056+0545] {dag.py:3239} INFO - Sync 1 DAGs
[2025-09-06T19:22:18.068+0545] {logging_mixin.py:190} INFO - [2025-09-06T19:22:18.068+0545] {dag.py:4180} INFO - Setting next_dagrun for example_task_group to None, run_after=None
[2025-09-06T19:22:18.096+0545] {processor.py:208} INFO - Processing /home/ashok/miniconda3/envs/mysecondenvironment/lib/python3.8/site-packages/airflow/example_dags/example_task_group.py took 0.082 seconds
[2025-09-06T19:23:19.818+0545] {processor.py:186} INFO - Started process (PID=37602) to work on /home/ashok/miniconda3/envs/mysecondenvironment/lib/python3.8/site-packages/airflow/example_dags/example_task_group.py
[2025-09-06T19:23:19.820+0545] {processor.py:914} INFO - Processing file /home/ashok/miniconda3/envs/mysecondenvironment/lib/python3.8/site-packages/airflow/example_dags/example_task_group.py for tasks to queue
[2025-09-06T19:23:19.824+0545] {logging_mixin.py:190} INFO - [2025-09-06T19:23:19.823+0545] {dagbag.py:588} INFO - Filling up the DagBag from /home/ashok/miniconda3/envs/mysecondenvironment/lib/python3.8/site-packages/airflow/example_dags/example_task_group.py
[2025-09-06T19:23:19.833+0545] {processor.py:925} INFO - DAG(s) 'example_task_group' retrieved from /home/ashok/miniconda3/envs/mysecondenvironment/lib/python3.8/site-packages/airflow/example_dags/example_task_group.py
[2025-09-06T19:23:19.852+0545] {logging_mixin.py:190} INFO - [2025-09-06T19:23:19.851+0545] {dag.py:3239} INFO - Sync 1 DAGs
[2025-09-06T19:23:19.864+0545] {logging_mixin.py:190} INFO - [2025-09-06T19:23:19.864+0545] {dag.py:4180} INFO - Setting next_dagrun for example_task_group to None, run_after=None
[2025-09-06T19:23:19.890+0545] {processor.py:208} INFO - Processing /home/ashok/miniconda3/envs/mysecondenvironment/lib/python3.8/site-packages/airflow/example_dags/example_task_group.py took 0.081 seconds
[2025-09-06T19:24:26.777+0545] {processor.py:186} INFO - Started process (PID=38207) to work on /home/ashok/miniconda3/envs/mysecondenvironment/lib/python3.8/site-packages/airflow/example_dags/example_task_group.py
[2025-09-06T19:24:26.780+0545] {processor.py:914} INFO - Processing file /home/ashok/miniconda3/envs/mysecondenvironment/lib/python3.8/site-packages/airflow/example_dags/example_task_group.py for tasks to queue
[2025-09-06T19:24:26.783+0545] {logging_mixin.py:190} INFO - [2025-09-06T19:24:26.783+0545] {dagbag.py:588} INFO - Filling up the DagBag from /home/ashok/miniconda3/envs/mysecondenvironment/lib/python3.8/site-packages/airflow/example_dags/example_task_group.py
[2025-09-06T19:24:26.793+0545] {processor.py:925} INFO - DAG(s) 'example_task_group' retrieved from /home/ashok/miniconda3/envs/mysecondenvironment/lib/python3.8/site-packages/airflow/example_dags/example_task_group.py
[2025-09-06T19:24:26.812+0545] {logging_mixin.py:190} INFO - [2025-09-06T19:24:26.811+0545] {dag.py:3239} INFO - Sync 1 DAGs
[2025-09-06T19:24:26.824+0545] {logging_mixin.py:190} INFO - [2025-09-06T19:24:26.824+0545] {dag.py:4180} INFO - Setting next_dagrun for example_task_group to None, run_after=None
[2025-09-06T19:24:27.082+0545] {processor.py:208} INFO - Processing /home/ashok/miniconda3/envs/mysecondenvironment/lib/python3.8/site-packages/airflow/example_dags/example_task_group.py took 0.312 seconds
[2025-09-06T19:25:38.441+0545] {processor.py:186} INFO - Started process (PID=38826) to work on /home/ashok/miniconda3/envs/mysecondenvironment/lib/python3.8/site-packages/airflow/example_dags/example_task_group.py
[2025-09-06T19:25:38.444+0545] {processor.py:914} INFO - Processing file /home/ashok/miniconda3/envs/mysecondenvironment/lib/python3.8/site-packages/airflow/example_dags/example_task_group.py for tasks to queue
[2025-09-06T19:25:38.446+0545] {logging_mixin.py:190} INFO - [2025-09-06T19:25:38.446+0545] {dagbag.py:588} INFO - Filling up the DagBag from /home/ashok/miniconda3/envs/mysecondenvironment/lib/python3.8/site-packages/airflow/example_dags/example_task_group.py
[2025-09-06T19:25:38.457+0545] {processor.py:925} INFO - DAG(s) 'example_task_group' retrieved from /home/ashok/miniconda3/envs/mysecondenvironment/lib/python3.8/site-packages/airflow/example_dags/example_task_group.py
[2025-09-06T19:25:38.475+0545] {logging_mixin.py:190} INFO - [2025-09-06T19:25:38.475+0545] {dag.py:3239} INFO - Sync 1 DAGs
[2025-09-06T19:25:38.489+0545] {logging_mixin.py:190} INFO - [2025-09-06T19:25:38.489+0545] {dag.py:4180} INFO - Setting next_dagrun for example_task_group to None, run_after=None
[2025-09-06T19:25:38.517+0545] {processor.py:208} INFO - Processing /home/ashok/miniconda3/envs/mysecondenvironment/lib/python3.8/site-packages/airflow/example_dags/example_task_group.py took 0.083 seconds
[2025-09-06T19:26:40.129+0545] {processor.py:186} INFO - Started process (PID=39409) to work on /home/ashok/miniconda3/envs/mysecondenvironment/lib/python3.8/site-packages/airflow/example_dags/example_task_group.py
[2025-09-06T19:26:40.132+0545] {processor.py:914} INFO - Processing file /home/ashok/miniconda3/envs/mysecondenvironment/lib/python3.8/site-packages/airflow/example_dags/example_task_group.py for tasks to queue
[2025-09-06T19:26:40.135+0545] {logging_mixin.py:190} INFO - [2025-09-06T19:26:40.134+0545] {dagbag.py:588} INFO - Filling up the DagBag from /home/ashok/miniconda3/envs/mysecondenvironment/lib/python3.8/site-packages/airflow/example_dags/example_task_group.py
[2025-09-06T19:26:40.146+0545] {processor.py:925} INFO - DAG(s) 'example_task_group' retrieved from /home/ashok/miniconda3/envs/mysecondenvironment/lib/python3.8/site-packages/airflow/example_dags/example_task_group.py
[2025-09-06T19:26:40.164+0545] {logging_mixin.py:190} INFO - [2025-09-06T19:26:40.164+0545] {dag.py:3239} INFO - Sync 1 DAGs
[2025-09-06T19:26:40.177+0545] {logging_mixin.py:190} INFO - [2025-09-06T19:26:40.176+0545] {dag.py:4180} INFO - Setting next_dagrun for example_task_group to None, run_after=None
[2025-09-06T19:26:40.204+0545] {processor.py:208} INFO - Processing /home/ashok/miniconda3/envs/mysecondenvironment/lib/python3.8/site-packages/airflow/example_dags/example_task_group.py took 0.085 seconds
[2025-09-06T19:27:40.704+0545] {processor.py:186} INFO - Started process (PID=39817) to work on /home/ashok/miniconda3/envs/mysecondenvironment/lib/python3.8/site-packages/airflow/example_dags/example_task_group.py
[2025-09-06T19:27:40.707+0545] {processor.py:914} INFO - Processing file /home/ashok/miniconda3/envs/mysecondenvironment/lib/python3.8/site-packages/airflow/example_dags/example_task_group.py for tasks to queue
[2025-09-06T19:27:40.710+0545] {logging_mixin.py:190} INFO - [2025-09-06T19:27:40.709+0545] {dagbag.py:588} INFO - Filling up the DagBag from /home/ashok/miniconda3/envs/mysecondenvironment/lib/python3.8/site-packages/airflow/example_dags/example_task_group.py
[2025-09-06T19:27:40.720+0545] {processor.py:925} INFO - DAG(s) 'example_task_group' retrieved from /home/ashok/miniconda3/envs/mysecondenvironment/lib/python3.8/site-packages/airflow/example_dags/example_task_group.py
[2025-09-06T19:27:40.739+0545] {logging_mixin.py:190} INFO - [2025-09-06T19:27:40.739+0545] {dag.py:3239} INFO - Sync 1 DAGs
[2025-09-06T19:27:40.752+0545] {logging_mixin.py:190} INFO - [2025-09-06T19:27:40.752+0545] {dag.py:4180} INFO - Setting next_dagrun for example_task_group to None, run_after=None
[2025-09-06T19:27:40.779+0545] {processor.py:208} INFO - Processing /home/ashok/miniconda3/envs/mysecondenvironment/lib/python3.8/site-packages/airflow/example_dags/example_task_group.py took 0.082 seconds
[2025-09-06T19:28:40.630+0545] {processor.py:186} INFO - Started process (PID=40294) to work on /home/ashok/miniconda3/envs/mysecondenvironment/lib/python3.8/site-packages/airflow/example_dags/example_task_group.py
[2025-09-06T19:28:40.634+0545] {processor.py:914} INFO - Processing file /home/ashok/miniconda3/envs/mysecondenvironment/lib/python3.8/site-packages/airflow/example_dags/example_task_group.py for tasks to queue
[2025-09-06T19:28:40.637+0545] {logging_mixin.py:190} INFO - [2025-09-06T19:28:40.636+0545] {dagbag.py:588} INFO - Filling up the DagBag from /home/ashok/miniconda3/envs/mysecondenvironment/lib/python3.8/site-packages/airflow/example_dags/example_task_group.py
[2025-09-06T19:28:40.647+0545] {processor.py:925} INFO - DAG(s) 'example_task_group' retrieved from /home/ashok/miniconda3/envs/mysecondenvironment/lib/python3.8/site-packages/airflow/example_dags/example_task_group.py
[2025-09-06T19:28:40.667+0545] {logging_mixin.py:190} INFO - [2025-09-06T19:28:40.667+0545] {dag.py:3239} INFO - Sync 1 DAGs
[2025-09-06T19:28:40.679+0545] {logging_mixin.py:190} INFO - [2025-09-06T19:28:40.679+0545] {dag.py:4180} INFO - Setting next_dagrun for example_task_group to None, run_after=None
[2025-09-06T19:28:40.706+0545] {processor.py:208} INFO - Processing /home/ashok/miniconda3/envs/mysecondenvironment/lib/python3.8/site-packages/airflow/example_dags/example_task_group.py took 0.084 seconds
[2025-09-06T19:29:40.226+0545] {processor.py:186} INFO - Started process (PID=40795) to work on /home/ashok/miniconda3/envs/mysecondenvironment/lib/python3.8/site-packages/airflow/example_dags/example_task_group.py
[2025-09-06T19:29:40.228+0545] {processor.py:914} INFO - Processing file /home/ashok/miniconda3/envs/mysecondenvironment/lib/python3.8/site-packages/airflow/example_dags/example_task_group.py for tasks to queue
[2025-09-06T19:29:40.231+0545] {logging_mixin.py:190} INFO - [2025-09-06T19:29:40.230+0545] {dagbag.py:588} INFO - Filling up the DagBag from /home/ashok/miniconda3/envs/mysecondenvironment/lib/python3.8/site-packages/airflow/example_dags/example_task_group.py
[2025-09-06T19:29:40.242+0545] {processor.py:925} INFO - DAG(s) 'example_task_group' retrieved from /home/ashok/miniconda3/envs/mysecondenvironment/lib/python3.8/site-packages/airflow/example_dags/example_task_group.py
[2025-09-06T19:29:40.263+0545] {logging_mixin.py:190} INFO - [2025-09-06T19:29:40.263+0545] {dag.py:3239} INFO - Sync 1 DAGs
[2025-09-06T19:29:40.275+0545] {logging_mixin.py:190} INFO - [2025-09-06T19:29:40.275+0545] {dag.py:4180} INFO - Setting next_dagrun for example_task_group to None, run_after=None
[2025-09-06T19:29:40.301+0545] {processor.py:208} INFO - Processing /home/ashok/miniconda3/envs/mysecondenvironment/lib/python3.8/site-packages/airflow/example_dags/example_task_group.py took 0.082 seconds
[2025-09-06T19:30:39.693+0545] {processor.py:186} INFO - Started process (PID=41479) to work on /home/ashok/miniconda3/envs/mysecondenvironment/lib/python3.8/site-packages/airflow/example_dags/example_task_group.py
[2025-09-06T19:30:39.695+0545] {processor.py:914} INFO - Processing file /home/ashok/miniconda3/envs/mysecondenvironment/lib/python3.8/site-packages/airflow/example_dags/example_task_group.py for tasks to queue
[2025-09-06T19:30:39.698+0545] {logging_mixin.py:190} INFO - [2025-09-06T19:30:39.697+0545] {dagbag.py:588} INFO - Filling up the DagBag from /home/ashok/miniconda3/envs/mysecondenvironment/lib/python3.8/site-packages/airflow/example_dags/example_task_group.py
[2025-09-06T19:30:39.706+0545] {processor.py:925} INFO - DAG(s) 'example_task_group' retrieved from /home/ashok/miniconda3/envs/mysecondenvironment/lib/python3.8/site-packages/airflow/example_dags/example_task_group.py
[2025-09-06T19:30:39.722+0545] {logging_mixin.py:190} INFO - [2025-09-06T19:30:39.721+0545] {dag.py:3239} INFO - Sync 1 DAGs
[2025-09-06T19:30:39.733+0545] {logging_mixin.py:190} INFO - [2025-09-06T19:30:39.733+0545] {dag.py:4180} INFO - Setting next_dagrun for example_task_group to None, run_after=None
[2025-09-06T19:30:39.759+0545] {processor.py:208} INFO - Processing /home/ashok/miniconda3/envs/mysecondenvironment/lib/python3.8/site-packages/airflow/example_dags/example_task_group.py took 0.071 seconds
[2025-09-06T19:31:40.667+0545] {processor.py:186} INFO - Started process (PID=42064) to work on /home/ashok/miniconda3/envs/mysecondenvironment/lib/python3.8/site-packages/airflow/example_dags/example_task_group.py
[2025-09-06T19:31:40.669+0545] {processor.py:914} INFO - Processing file /home/ashok/miniconda3/envs/mysecondenvironment/lib/python3.8/site-packages/airflow/example_dags/example_task_group.py for tasks to queue
[2025-09-06T19:31:40.672+0545] {logging_mixin.py:190} INFO - [2025-09-06T19:31:40.671+0545] {dagbag.py:588} INFO - Filling up the DagBag from /home/ashok/miniconda3/envs/mysecondenvironment/lib/python3.8/site-packages/airflow/example_dags/example_task_group.py
[2025-09-06T19:31:40.682+0545] {processor.py:925} INFO - DAG(s) 'example_task_group' retrieved from /home/ashok/miniconda3/envs/mysecondenvironment/lib/python3.8/site-packages/airflow/example_dags/example_task_group.py
[2025-09-06T19:31:40.700+0545] {logging_mixin.py:190} INFO - [2025-09-06T19:31:40.700+0545] {dag.py:3239} INFO - Sync 1 DAGs
[2025-09-06T19:31:40.714+0545] {logging_mixin.py:190} INFO - [2025-09-06T19:31:40.714+0545] {dag.py:4180} INFO - Setting next_dagrun for example_task_group to None, run_after=None
[2025-09-06T19:31:40.743+0545] {processor.py:208} INFO - Processing /home/ashok/miniconda3/envs/mysecondenvironment/lib/python3.8/site-packages/airflow/example_dags/example_task_group.py took 0.084 seconds
[2025-09-06T19:32:40.822+0545] {processor.py:186} INFO - Started process (PID=42454) to work on /home/ashok/miniconda3/envs/mysecondenvironment/lib/python3.8/site-packages/airflow/example_dags/example_task_group.py
[2025-09-06T19:32:40.825+0545] {processor.py:914} INFO - Processing file /home/ashok/miniconda3/envs/mysecondenvironment/lib/python3.8/site-packages/airflow/example_dags/example_task_group.py for tasks to queue
[2025-09-06T19:32:40.828+0545] {logging_mixin.py:190} INFO - [2025-09-06T19:32:40.827+0545] {dagbag.py:588} INFO - Filling up the DagBag from /home/ashok/miniconda3/envs/mysecondenvironment/lib/python3.8/site-packages/airflow/example_dags/example_task_group.py
[2025-09-06T19:32:40.839+0545] {processor.py:925} INFO - DAG(s) 'example_task_group' retrieved from /home/ashok/miniconda3/envs/mysecondenvironment/lib/python3.8/site-packages/airflow/example_dags/example_task_group.py
[2025-09-06T19:32:40.857+0545] {logging_mixin.py:190} INFO - [2025-09-06T19:32:40.857+0545] {dag.py:3239} INFO - Sync 1 DAGs
[2025-09-06T19:32:40.870+0545] {logging_mixin.py:190} INFO - [2025-09-06T19:32:40.869+0545] {dag.py:4180} INFO - Setting next_dagrun for example_task_group to None, run_after=None
[2025-09-06T19:32:40.897+0545] {processor.py:208} INFO - Processing /home/ashok/miniconda3/envs/mysecondenvironment/lib/python3.8/site-packages/airflow/example_dags/example_task_group.py took 0.082 seconds
[2025-09-06T19:33:42.287+0545] {processor.py:186} INFO - Started process (PID=42854) to work on /home/ashok/miniconda3/envs/mysecondenvironment/lib/python3.8/site-packages/airflow/example_dags/example_task_group.py
[2025-09-06T19:33:42.290+0545] {processor.py:914} INFO - Processing file /home/ashok/miniconda3/envs/mysecondenvironment/lib/python3.8/site-packages/airflow/example_dags/example_task_group.py for tasks to queue
[2025-09-06T19:33:42.293+0545] {logging_mixin.py:190} INFO - [2025-09-06T19:33:42.292+0545] {dagbag.py:588} INFO - Filling up the DagBag from /home/ashok/miniconda3/envs/mysecondenvironment/lib/python3.8/site-packages/airflow/example_dags/example_task_group.py
[2025-09-06T19:33:42.304+0545] {processor.py:925} INFO - DAG(s) 'example_task_group' retrieved from /home/ashok/miniconda3/envs/mysecondenvironment/lib/python3.8/site-packages/airflow/example_dags/example_task_group.py
[2025-09-06T19:33:42.322+0545] {logging_mixin.py:190} INFO - [2025-09-06T19:33:42.322+0545] {dag.py:3239} INFO - Sync 1 DAGs
[2025-09-06T19:33:42.335+0545] {logging_mixin.py:190} INFO - [2025-09-06T19:33:42.335+0545] {dag.py:4180} INFO - Setting next_dagrun for example_task_group to None, run_after=None
[2025-09-06T19:33:42.362+0545] {processor.py:208} INFO - Processing /home/ashok/miniconda3/envs/mysecondenvironment/lib/python3.8/site-packages/airflow/example_dags/example_task_group.py took 0.083 seconds
[2025-09-06T19:34:42.715+0545] {processor.py:186} INFO - Started process (PID=43290) to work on /home/ashok/miniconda3/envs/mysecondenvironment/lib/python3.8/site-packages/airflow/example_dags/example_task_group.py
[2025-09-06T19:34:42.717+0545] {processor.py:914} INFO - Processing file /home/ashok/miniconda3/envs/mysecondenvironment/lib/python3.8/site-packages/airflow/example_dags/example_task_group.py for tasks to queue
[2025-09-06T19:34:42.720+0545] {logging_mixin.py:190} INFO - [2025-09-06T19:34:42.720+0545] {dagbag.py:588} INFO - Filling up the DagBag from /home/ashok/miniconda3/envs/mysecondenvironment/lib/python3.8/site-packages/airflow/example_dags/example_task_group.py
[2025-09-06T19:34:42.730+0545] {processor.py:925} INFO - DAG(s) 'example_task_group' retrieved from /home/ashok/miniconda3/envs/mysecondenvironment/lib/python3.8/site-packages/airflow/example_dags/example_task_group.py
[2025-09-06T19:34:42.748+0545] {logging_mixin.py:190} INFO - [2025-09-06T19:34:42.748+0545] {dag.py:3239} INFO - Sync 1 DAGs
[2025-09-06T19:34:42.759+0545] {logging_mixin.py:190} INFO - [2025-09-06T19:34:42.759+0545] {dag.py:4180} INFO - Setting next_dagrun for example_task_group to None, run_after=None
[2025-09-06T19:34:42.784+0545] {processor.py:208} INFO - Processing /home/ashok/miniconda3/envs/mysecondenvironment/lib/python3.8/site-packages/airflow/example_dags/example_task_group.py took 0.076 seconds
[2025-09-06T19:35:47.392+0545] {processor.py:186} INFO - Started process (PID=43818) to work on /home/ashok/miniconda3/envs/mysecondenvironment/lib/python3.8/site-packages/airflow/example_dags/example_task_group.py
[2025-09-06T19:35:47.394+0545] {processor.py:914} INFO - Processing file /home/ashok/miniconda3/envs/mysecondenvironment/lib/python3.8/site-packages/airflow/example_dags/example_task_group.py for tasks to queue
[2025-09-06T19:35:47.396+0545] {logging_mixin.py:190} INFO - [2025-09-06T19:35:47.396+0545] {dagbag.py:588} INFO - Filling up the DagBag from /home/ashok/miniconda3/envs/mysecondenvironment/lib/python3.8/site-packages/airflow/example_dags/example_task_group.py
[2025-09-06T19:35:47.405+0545] {processor.py:925} INFO - DAG(s) 'example_task_group' retrieved from /home/ashok/miniconda3/envs/mysecondenvironment/lib/python3.8/site-packages/airflow/example_dags/example_task_group.py
[2025-09-06T19:35:47.421+0545] {logging_mixin.py:190} INFO - [2025-09-06T19:35:47.420+0545] {dag.py:3239} INFO - Sync 1 DAGs
[2025-09-06T19:35:47.431+0545] {logging_mixin.py:190} INFO - [2025-09-06T19:35:47.431+0545] {dag.py:4180} INFO - Setting next_dagrun for example_task_group to None, run_after=None
[2025-09-06T19:35:47.454+0545] {processor.py:208} INFO - Processing /home/ashok/miniconda3/envs/mysecondenvironment/lib/python3.8/site-packages/airflow/example_dags/example_task_group.py took 0.068 seconds
[2025-09-06T19:36:47.438+0545] {processor.py:186} INFO - Started process (PID=44325) to work on /home/ashok/miniconda3/envs/mysecondenvironment/lib/python3.8/site-packages/airflow/example_dags/example_task_group.py
[2025-09-06T19:36:47.444+0545] {processor.py:914} INFO - Processing file /home/ashok/miniconda3/envs/mysecondenvironment/lib/python3.8/site-packages/airflow/example_dags/example_task_group.py for tasks to queue
[2025-09-06T19:36:47.449+0545] {logging_mixin.py:190} INFO - [2025-09-06T19:36:47.449+0545] {dagbag.py:588} INFO - Filling up the DagBag from /home/ashok/miniconda3/envs/mysecondenvironment/lib/python3.8/site-packages/airflow/example_dags/example_task_group.py
[2025-09-06T19:36:47.466+0545] {processor.py:925} INFO - DAG(s) 'example_task_group' retrieved from /home/ashok/miniconda3/envs/mysecondenvironment/lib/python3.8/site-packages/airflow/example_dags/example_task_group.py
[2025-09-06T19:36:47.496+0545] {logging_mixin.py:190} INFO - [2025-09-06T19:36:47.495+0545] {dag.py:3239} INFO - Sync 1 DAGs
[2025-09-06T19:36:47.517+0545] {logging_mixin.py:190} INFO - [2025-09-06T19:36:47.516+0545] {dag.py:4180} INFO - Setting next_dagrun for example_task_group to None, run_after=None
[2025-09-06T19:36:47.550+0545] {processor.py:208} INFO - Processing /home/ashok/miniconda3/envs/mysecondenvironment/lib/python3.8/site-packages/airflow/example_dags/example_task_group.py took 0.130 seconds
[2025-09-06T19:37:46.492+0545] {processor.py:186} INFO - Started process (PID=44723) to work on /home/ashok/miniconda3/envs/mysecondenvironment/lib/python3.8/site-packages/airflow/example_dags/example_task_group.py
[2025-09-06T19:37:46.494+0545] {processor.py:914} INFO - Processing file /home/ashok/miniconda3/envs/mysecondenvironment/lib/python3.8/site-packages/airflow/example_dags/example_task_group.py for tasks to queue
[2025-09-06T19:37:46.497+0545] {logging_mixin.py:190} INFO - [2025-09-06T19:37:46.496+0545] {dagbag.py:588} INFO - Filling up the DagBag from /home/ashok/miniconda3/envs/mysecondenvironment/lib/python3.8/site-packages/airflow/example_dags/example_task_group.py
[2025-09-06T19:37:46.507+0545] {processor.py:925} INFO - DAG(s) 'example_task_group' retrieved from /home/ashok/miniconda3/envs/mysecondenvironment/lib/python3.8/site-packages/airflow/example_dags/example_task_group.py
[2025-09-06T19:37:46.525+0545] {logging_mixin.py:190} INFO - [2025-09-06T19:37:46.525+0545] {dag.py:3239} INFO - Sync 1 DAGs
[2025-09-06T19:37:46.537+0545] {logging_mixin.py:190} INFO - [2025-09-06T19:37:46.537+0545] {dag.py:4180} INFO - Setting next_dagrun for example_task_group to None, run_after=None
[2025-09-06T19:37:46.566+0545] {processor.py:208} INFO - Processing /home/ashok/miniconda3/envs/mysecondenvironment/lib/python3.8/site-packages/airflow/example_dags/example_task_group.py took 0.083 seconds
[2025-09-06T19:38:47.403+0545] {processor.py:186} INFO - Started process (PID=45157) to work on /home/ashok/miniconda3/envs/mysecondenvironment/lib/python3.8/site-packages/airflow/example_dags/example_task_group.py
[2025-09-06T19:38:47.405+0545] {processor.py:914} INFO - Processing file /home/ashok/miniconda3/envs/mysecondenvironment/lib/python3.8/site-packages/airflow/example_dags/example_task_group.py for tasks to queue
[2025-09-06T19:38:47.410+0545] {logging_mixin.py:190} INFO - [2025-09-06T19:38:47.409+0545] {dagbag.py:588} INFO - Filling up the DagBag from /home/ashok/miniconda3/envs/mysecondenvironment/lib/python3.8/site-packages/airflow/example_dags/example_task_group.py
[2025-09-06T19:38:47.421+0545] {processor.py:925} INFO - DAG(s) 'example_task_group' retrieved from /home/ashok/miniconda3/envs/mysecondenvironment/lib/python3.8/site-packages/airflow/example_dags/example_task_group.py
[2025-09-06T19:38:47.439+0545] {logging_mixin.py:190} INFO - [2025-09-06T19:38:47.438+0545] {dag.py:3239} INFO - Sync 1 DAGs
[2025-09-06T19:38:47.451+0545] {logging_mixin.py:190} INFO - [2025-09-06T19:38:47.451+0545] {dag.py:4180} INFO - Setting next_dagrun for example_task_group to None, run_after=None
[2025-09-06T19:38:47.481+0545] {processor.py:208} INFO - Processing /home/ashok/miniconda3/envs/mysecondenvironment/lib/python3.8/site-packages/airflow/example_dags/example_task_group.py took 0.085 seconds
[2025-09-06T19:39:45.854+0545] {processor.py:186} INFO - Started process (PID=45545) to work on /home/ashok/miniconda3/envs/mysecondenvironment/lib/python3.8/site-packages/airflow/example_dags/example_task_group.py
[2025-09-06T19:39:45.857+0545] {processor.py:914} INFO - Processing file /home/ashok/miniconda3/envs/mysecondenvironment/lib/python3.8/site-packages/airflow/example_dags/example_task_group.py for tasks to queue
[2025-09-06T19:39:45.860+0545] {logging_mixin.py:190} INFO - [2025-09-06T19:39:45.859+0545] {dagbag.py:588} INFO - Filling up the DagBag from /home/ashok/miniconda3/envs/mysecondenvironment/lib/python3.8/site-packages/airflow/example_dags/example_task_group.py
[2025-09-06T19:39:45.870+0545] {processor.py:925} INFO - DAG(s) 'example_task_group' retrieved from /home/ashok/miniconda3/envs/mysecondenvironment/lib/python3.8/site-packages/airflow/example_dags/example_task_group.py
[2025-09-06T19:39:45.890+0545] {logging_mixin.py:190} INFO - [2025-09-06T19:39:45.890+0545] {dag.py:3239} INFO - Sync 1 DAGs
[2025-09-06T19:39:45.903+0545] {logging_mixin.py:190} INFO - [2025-09-06T19:39:45.902+0545] {dag.py:4180} INFO - Setting next_dagrun for example_task_group to None, run_after=None
[2025-09-06T19:39:45.931+0545] {processor.py:208} INFO - Processing /home/ashok/miniconda3/envs/mysecondenvironment/lib/python3.8/site-packages/airflow/example_dags/example_task_group.py took 0.084 seconds
[2025-09-06T19:40:46.104+0545] {processor.py:186} INFO - Started process (PID=45984) to work on /home/ashok/miniconda3/envs/mysecondenvironment/lib/python3.8/site-packages/airflow/example_dags/example_task_group.py
[2025-09-06T19:40:46.106+0545] {processor.py:914} INFO - Processing file /home/ashok/miniconda3/envs/mysecondenvironment/lib/python3.8/site-packages/airflow/example_dags/example_task_group.py for tasks to queue
[2025-09-06T19:40:46.109+0545] {logging_mixin.py:190} INFO - [2025-09-06T19:40:46.109+0545] {dagbag.py:588} INFO - Filling up the DagBag from /home/ashok/miniconda3/envs/mysecondenvironment/lib/python3.8/site-packages/airflow/example_dags/example_task_group.py
[2025-09-06T19:40:46.120+0545] {processor.py:925} INFO - DAG(s) 'example_task_group' retrieved from /home/ashok/miniconda3/envs/mysecondenvironment/lib/python3.8/site-packages/airflow/example_dags/example_task_group.py
[2025-09-06T19:40:46.139+0545] {logging_mixin.py:190} INFO - [2025-09-06T19:40:46.139+0545] {dag.py:3239} INFO - Sync 1 DAGs
[2025-09-06T19:40:46.151+0545] {logging_mixin.py:190} INFO - [2025-09-06T19:40:46.151+0545] {dag.py:4180} INFO - Setting next_dagrun for example_task_group to None, run_after=None
[2025-09-06T19:40:46.180+0545] {processor.py:208} INFO - Processing /home/ashok/miniconda3/envs/mysecondenvironment/lib/python3.8/site-packages/airflow/example_dags/example_task_group.py took 0.084 seconds
[2025-09-06T19:41:47.530+0545] {processor.py:186} INFO - Started process (PID=46604) to work on /home/ashok/miniconda3/envs/mysecondenvironment/lib/python3.8/site-packages/airflow/example_dags/example_task_group.py
[2025-09-06T19:41:47.532+0545] {processor.py:914} INFO - Processing file /home/ashok/miniconda3/envs/mysecondenvironment/lib/python3.8/site-packages/airflow/example_dags/example_task_group.py for tasks to queue
[2025-09-06T19:41:47.533+0545] {logging_mixin.py:190} INFO - [2025-09-06T19:41:47.533+0545] {dagbag.py:588} INFO - Filling up the DagBag from /home/ashok/miniconda3/envs/mysecondenvironment/lib/python3.8/site-packages/airflow/example_dags/example_task_group.py
[2025-09-06T19:41:47.538+0545] {processor.py:925} INFO - DAG(s) 'example_task_group' retrieved from /home/ashok/miniconda3/envs/mysecondenvironment/lib/python3.8/site-packages/airflow/example_dags/example_task_group.py
[2025-09-06T19:41:47.549+0545] {logging_mixin.py:190} INFO - [2025-09-06T19:41:47.549+0545] {dag.py:3239} INFO - Sync 1 DAGs
[2025-09-06T19:41:47.557+0545] {logging_mixin.py:190} INFO - [2025-09-06T19:41:47.557+0545] {dag.py:4180} INFO - Setting next_dagrun for example_task_group to None, run_after=None
[2025-09-06T19:41:47.575+0545] {processor.py:208} INFO - Processing /home/ashok/miniconda3/envs/mysecondenvironment/lib/python3.8/site-packages/airflow/example_dags/example_task_group.py took 0.050 seconds
[2025-09-06T19:42:47.421+0545] {processor.py:186} INFO - Started process (PID=47269) to work on /home/ashok/miniconda3/envs/mysecondenvironment/lib/python3.8/site-packages/airflow/example_dags/example_task_group.py
[2025-09-06T19:42:47.424+0545] {processor.py:914} INFO - Processing file /home/ashok/miniconda3/envs/mysecondenvironment/lib/python3.8/site-packages/airflow/example_dags/example_task_group.py for tasks to queue
[2025-09-06T19:42:47.427+0545] {logging_mixin.py:190} INFO - [2025-09-06T19:42:47.427+0545] {dagbag.py:588} INFO - Filling up the DagBag from /home/ashok/miniconda3/envs/mysecondenvironment/lib/python3.8/site-packages/airflow/example_dags/example_task_group.py
[2025-09-06T19:42:47.437+0545] {processor.py:925} INFO - DAG(s) 'example_task_group' retrieved from /home/ashok/miniconda3/envs/mysecondenvironment/lib/python3.8/site-packages/airflow/example_dags/example_task_group.py
[2025-09-06T19:42:47.457+0545] {logging_mixin.py:190} INFO - [2025-09-06T19:42:47.456+0545] {dag.py:3239} INFO - Sync 1 DAGs
[2025-09-06T19:42:47.470+0545] {logging_mixin.py:190} INFO - [2025-09-06T19:42:47.469+0545] {dag.py:4180} INFO - Setting next_dagrun for example_task_group to None, run_after=None
[2025-09-06T19:42:47.497+0545] {processor.py:208} INFO - Processing /home/ashok/miniconda3/envs/mysecondenvironment/lib/python3.8/site-packages/airflow/example_dags/example_task_group.py took 0.084 seconds
[2025-09-06T19:43:47.762+0545] {processor.py:186} INFO - Started process (PID=47788) to work on /home/ashok/miniconda3/envs/mysecondenvironment/lib/python3.8/site-packages/airflow/example_dags/example_task_group.py
[2025-09-06T19:43:47.764+0545] {processor.py:914} INFO - Processing file /home/ashok/miniconda3/envs/mysecondenvironment/lib/python3.8/site-packages/airflow/example_dags/example_task_group.py for tasks to queue
[2025-09-06T19:43:47.767+0545] {logging_mixin.py:190} INFO - [2025-09-06T19:43:47.767+0545] {dagbag.py:588} INFO - Filling up the DagBag from /home/ashok/miniconda3/envs/mysecondenvironment/lib/python3.8/site-packages/airflow/example_dags/example_task_group.py
[2025-09-06T19:43:47.781+0545] {processor.py:925} INFO - DAG(s) 'example_task_group' retrieved from /home/ashok/miniconda3/envs/mysecondenvironment/lib/python3.8/site-packages/airflow/example_dags/example_task_group.py
[2025-09-06T19:43:47.804+0545] {logging_mixin.py:190} INFO - [2025-09-06T19:43:47.804+0545] {dag.py:3239} INFO - Sync 1 DAGs
[2025-09-06T19:43:47.820+0545] {logging_mixin.py:190} INFO - [2025-09-06T19:43:47.819+0545] {dag.py:4180} INFO - Setting next_dagrun for example_task_group to None, run_after=None
[2025-09-06T19:43:47.849+0545] {processor.py:208} INFO - Processing /home/ashok/miniconda3/envs/mysecondenvironment/lib/python3.8/site-packages/airflow/example_dags/example_task_group.py took 0.096 seconds
[2025-09-06T19:44:47.471+0545] {processor.py:186} INFO - Started process (PID=48401) to work on /home/ashok/miniconda3/envs/mysecondenvironment/lib/python3.8/site-packages/airflow/example_dags/example_task_group.py
[2025-09-06T19:44:47.474+0545] {processor.py:914} INFO - Processing file /home/ashok/miniconda3/envs/mysecondenvironment/lib/python3.8/site-packages/airflow/example_dags/example_task_group.py for tasks to queue
[2025-09-06T19:44:47.477+0545] {logging_mixin.py:190} INFO - [2025-09-06T19:44:47.477+0545] {dagbag.py:588} INFO - Filling up the DagBag from /home/ashok/miniconda3/envs/mysecondenvironment/lib/python3.8/site-packages/airflow/example_dags/example_task_group.py
[2025-09-06T19:44:47.488+0545] {processor.py:925} INFO - DAG(s) 'example_task_group' retrieved from /home/ashok/miniconda3/envs/mysecondenvironment/lib/python3.8/site-packages/airflow/example_dags/example_task_group.py
[2025-09-06T19:44:47.508+0545] {logging_mixin.py:190} INFO - [2025-09-06T19:44:47.508+0545] {dag.py:3239} INFO - Sync 1 DAGs
[2025-09-06T19:44:47.522+0545] {logging_mixin.py:190} INFO - [2025-09-06T19:44:47.522+0545] {dag.py:4180} INFO - Setting next_dagrun for example_task_group to None, run_after=None
[2025-09-06T19:44:47.550+0545] {processor.py:208} INFO - Processing /home/ashok/miniconda3/envs/mysecondenvironment/lib/python3.8/site-packages/airflow/example_dags/example_task_group.py took 0.086 seconds
[2025-09-06T19:45:44.989+0545] {processor.py:186} INFO - Started process (PID=48804) to work on /home/ashok/miniconda3/envs/mysecondenvironment/lib/python3.8/site-packages/airflow/example_dags/example_task_group.py
[2025-09-06T19:45:44.992+0545] {processor.py:914} INFO - Processing file /home/ashok/miniconda3/envs/mysecondenvironment/lib/python3.8/site-packages/airflow/example_dags/example_task_group.py for tasks to queue
[2025-09-06T19:45:44.995+0545] {logging_mixin.py:190} INFO - [2025-09-06T19:45:44.994+0545] {dagbag.py:588} INFO - Filling up the DagBag from /home/ashok/miniconda3/envs/mysecondenvironment/lib/python3.8/site-packages/airflow/example_dags/example_task_group.py
[2025-09-06T19:45:45.005+0545] {processor.py:925} INFO - DAG(s) 'example_task_group' retrieved from /home/ashok/miniconda3/envs/mysecondenvironment/lib/python3.8/site-packages/airflow/example_dags/example_task_group.py
[2025-09-06T19:45:45.023+0545] {logging_mixin.py:190} INFO - [2025-09-06T19:45:45.023+0545] {dag.py:3239} INFO - Sync 1 DAGs
[2025-09-06T19:45:45.035+0545] {logging_mixin.py:190} INFO - [2025-09-06T19:45:45.035+0545] {dag.py:4180} INFO - Setting next_dagrun for example_task_group to None, run_after=None
[2025-09-06T19:45:45.062+0545] {processor.py:208} INFO - Processing /home/ashok/miniconda3/envs/mysecondenvironment/lib/python3.8/site-packages/airflow/example_dags/example_task_group.py took 0.081 seconds
[2025-09-06T19:46:45.759+0545] {processor.py:186} INFO - Started process (PID=49472) to work on /home/ashok/miniconda3/envs/mysecondenvironment/lib/python3.8/site-packages/airflow/example_dags/example_task_group.py
[2025-09-06T19:46:45.762+0545] {processor.py:914} INFO - Processing file /home/ashok/miniconda3/envs/mysecondenvironment/lib/python3.8/site-packages/airflow/example_dags/example_task_group.py for tasks to queue
[2025-09-06T19:46:45.764+0545] {logging_mixin.py:190} INFO - [2025-09-06T19:46:45.764+0545] {dagbag.py:588} INFO - Filling up the DagBag from /home/ashok/miniconda3/envs/mysecondenvironment/lib/python3.8/site-packages/airflow/example_dags/example_task_group.py
[2025-09-06T19:46:45.776+0545] {processor.py:925} INFO - DAG(s) 'example_task_group' retrieved from /home/ashok/miniconda3/envs/mysecondenvironment/lib/python3.8/site-packages/airflow/example_dags/example_task_group.py
[2025-09-06T19:46:45.796+0545] {logging_mixin.py:190} INFO - [2025-09-06T19:46:45.796+0545] {dag.py:3239} INFO - Sync 1 DAGs
[2025-09-06T19:46:45.810+0545] {logging_mixin.py:190} INFO - [2025-09-06T19:46:45.810+0545] {dag.py:4180} INFO - Setting next_dagrun for example_task_group to None, run_after=None
[2025-09-06T19:46:45.839+0545] {processor.py:208} INFO - Processing /home/ashok/miniconda3/envs/mysecondenvironment/lib/python3.8/site-packages/airflow/example_dags/example_task_group.py took 0.087 seconds
[2025-09-06T19:47:44.568+0545] {processor.py:186} INFO - Started process (PID=49911) to work on /home/ashok/miniconda3/envs/mysecondenvironment/lib/python3.8/site-packages/airflow/example_dags/example_task_group.py
[2025-09-06T19:47:44.570+0545] {processor.py:914} INFO - Processing file /home/ashok/miniconda3/envs/mysecondenvironment/lib/python3.8/site-packages/airflow/example_dags/example_task_group.py for tasks to queue
[2025-09-06T19:47:44.573+0545] {logging_mixin.py:190} INFO - [2025-09-06T19:47:44.573+0545] {dagbag.py:588} INFO - Filling up the DagBag from /home/ashok/miniconda3/envs/mysecondenvironment/lib/python3.8/site-packages/airflow/example_dags/example_task_group.py
[2025-09-06T19:47:44.584+0545] {processor.py:925} INFO - DAG(s) 'example_task_group' retrieved from /home/ashok/miniconda3/envs/mysecondenvironment/lib/python3.8/site-packages/airflow/example_dags/example_task_group.py
[2025-09-06T19:47:44.602+0545] {logging_mixin.py:190} INFO - [2025-09-06T19:47:44.602+0545] {dag.py:3239} INFO - Sync 1 DAGs
[2025-09-06T19:47:44.617+0545] {logging_mixin.py:190} INFO - [2025-09-06T19:47:44.617+0545] {dag.py:4180} INFO - Setting next_dagrun for example_task_group to None, run_after=None
[2025-09-06T19:47:44.644+0545] {processor.py:208} INFO - Processing /home/ashok/miniconda3/envs/mysecondenvironment/lib/python3.8/site-packages/airflow/example_dags/example_task_group.py took 0.084 seconds
