[2025-09-06T19:05:18.984+0545] {processor.py:186} INFO - Started process (PID=29087) to work on /home/ashok/miniconda3/envs/mysecondenvironment/lib/python3.8/site-packages/airflow/example_dags/example_task_group_decorator.py
[2025-09-06T19:05:18.985+0545] {processor.py:914} INFO - Processing file /home/ashok/miniconda3/envs/mysecondenvironment/lib/python3.8/site-packages/airflow/example_dags/example_task_group_decorator.py for tasks to queue
[2025-09-06T19:05:18.986+0545] {logging_mixin.py:190} INFO - [2025-09-06T19:05:18.986+0545] {dagbag.py:588} INFO - Filling up the DagBag from /home/ashok/miniconda3/envs/mysecondenvironment/lib/python3.8/site-packages/airflow/example_dags/example_task_group_decorator.py
[2025-09-06T19:05:18.996+0545] {processor.py:925} INFO - DAG(s) 'example_task_group_decorator' retrieved from /home/ashok/miniconda3/envs/mysecondenvironment/lib/python3.8/site-packages/airflow/example_dags/example_task_group_decorator.py
[2025-09-06T19:05:19.009+0545] {logging_mixin.py:190} INFO - [2025-09-06T19:05:19.009+0545] {dag.py:3239} INFO - Sync 1 DAGs
[2025-09-06T19:05:19.016+0545] {logging_mixin.py:190} INFO - [2025-09-06T19:05:19.016+0545] {dag.py:4180} INFO - Setting next_dagrun for example_task_group_decorator to None, run_after=None
[2025-09-06T19:05:19.034+0545] {processor.py:208} INFO - Processing /home/ashok/miniconda3/envs/mysecondenvironment/lib/python3.8/site-packages/airflow/example_dags/example_task_group_decorator.py took 0.054 seconds
[2025-09-06T19:08:20.889+0545] {processor.py:186} INFO - Started process (PID=30948) to work on /home/ashok/miniconda3/envs/mysecondenvironment/lib/python3.8/site-packages/airflow/example_dags/example_task_group_decorator.py
[2025-09-06T19:08:20.892+0545] {processor.py:914} INFO - Processing file /home/ashok/miniconda3/envs/mysecondenvironment/lib/python3.8/site-packages/airflow/example_dags/example_task_group_decorator.py for tasks to queue
[2025-09-06T19:08:20.895+0545] {logging_mixin.py:190} INFO - [2025-09-06T19:08:20.894+0545] {dagbag.py:588} INFO - Filling up the DagBag from /home/ashok/miniconda3/envs/mysecondenvironment/lib/python3.8/site-packages/airflow/example_dags/example_task_group_decorator.py
[2025-09-06T19:08:20.911+0545] {processor.py:925} INFO - DAG(s) 'example_task_group_decorator' retrieved from /home/ashok/miniconda3/envs/mysecondenvironment/lib/python3.8/site-packages/airflow/example_dags/example_task_group_decorator.py
[2025-09-06T19:08:20.934+0545] {logging_mixin.py:190} INFO - [2025-09-06T19:08:20.934+0545] {dag.py:3239} INFO - Sync 1 DAGs
[2025-09-06T19:08:20.947+0545] {logging_mixin.py:190} INFO - [2025-09-06T19:08:20.947+0545] {dag.py:4180} INFO - Setting next_dagrun for example_task_group_decorator to None, run_after=None
[2025-09-06T19:08:20.973+0545] {processor.py:208} INFO - Processing /home/ashok/miniconda3/envs/mysecondenvironment/lib/python3.8/site-packages/airflow/example_dags/example_task_group_decorator.py took 0.093 seconds
[2025-09-06T19:09:22.226+0545] {processor.py:186} INFO - Started process (PID=31426) to work on /home/ashok/miniconda3/envs/mysecondenvironment/lib/python3.8/site-packages/airflow/example_dags/example_task_group_decorator.py
[2025-09-06T19:09:22.228+0545] {processor.py:914} INFO - Processing file /home/ashok/miniconda3/envs/mysecondenvironment/lib/python3.8/site-packages/airflow/example_dags/example_task_group_decorator.py for tasks to queue
[2025-09-06T19:09:22.231+0545] {logging_mixin.py:190} INFO - [2025-09-06T19:09:22.231+0545] {dagbag.py:588} INFO - Filling up the DagBag from /home/ashok/miniconda3/envs/mysecondenvironment/lib/python3.8/site-packages/airflow/example_dags/example_task_group_decorator.py
[2025-09-06T19:09:22.247+0545] {processor.py:925} INFO - DAG(s) 'example_task_group_decorator' retrieved from /home/ashok/miniconda3/envs/mysecondenvironment/lib/python3.8/site-packages/airflow/example_dags/example_task_group_decorator.py
[2025-09-06T19:09:22.269+0545] {logging_mixin.py:190} INFO - [2025-09-06T19:09:22.269+0545] {dag.py:3239} INFO - Sync 1 DAGs
[2025-09-06T19:09:22.282+0545] {logging_mixin.py:190} INFO - [2025-09-06T19:09:22.281+0545] {dag.py:4180} INFO - Setting next_dagrun for example_task_group_decorator to None, run_after=None
[2025-09-06T19:09:22.309+0545] {processor.py:208} INFO - Processing /home/ashok/miniconda3/envs/mysecondenvironment/lib/python3.8/site-packages/airflow/example_dags/example_task_group_decorator.py took 0.090 seconds
[2025-09-06T19:10:21.882+0545] {processor.py:186} INFO - Started process (PID=31861) to work on /home/ashok/miniconda3/envs/mysecondenvironment/lib/python3.8/site-packages/airflow/example_dags/example_task_group_decorator.py
[2025-09-06T19:10:21.885+0545] {processor.py:914} INFO - Processing file /home/ashok/miniconda3/envs/mysecondenvironment/lib/python3.8/site-packages/airflow/example_dags/example_task_group_decorator.py for tasks to queue
[2025-09-06T19:10:21.888+0545] {logging_mixin.py:190} INFO - [2025-09-06T19:10:21.887+0545] {dagbag.py:588} INFO - Filling up the DagBag from /home/ashok/miniconda3/envs/mysecondenvironment/lib/python3.8/site-packages/airflow/example_dags/example_task_group_decorator.py
[2025-09-06T19:10:21.904+0545] {processor.py:925} INFO - DAG(s) 'example_task_group_decorator' retrieved from /home/ashok/miniconda3/envs/mysecondenvironment/lib/python3.8/site-packages/airflow/example_dags/example_task_group_decorator.py
[2025-09-06T19:10:21.926+0545] {logging_mixin.py:190} INFO - [2025-09-06T19:10:21.926+0545] {dag.py:3239} INFO - Sync 1 DAGs
[2025-09-06T19:10:21.938+0545] {logging_mixin.py:190} INFO - [2025-09-06T19:10:21.938+0545] {dag.py:4180} INFO - Setting next_dagrun for example_task_group_decorator to None, run_after=None
[2025-09-06T19:10:21.965+0545] {processor.py:208} INFO - Processing /home/ashok/miniconda3/envs/mysecondenvironment/lib/python3.8/site-packages/airflow/example_dags/example_task_group_decorator.py took 0.090 seconds
[2025-09-06T19:11:20.070+0545] {processor.py:186} INFO - Started process (PID=32286) to work on /home/ashok/miniconda3/envs/mysecondenvironment/lib/python3.8/site-packages/airflow/example_dags/example_task_group_decorator.py
[2025-09-06T19:11:20.072+0545] {processor.py:914} INFO - Processing file /home/ashok/miniconda3/envs/mysecondenvironment/lib/python3.8/site-packages/airflow/example_dags/example_task_group_decorator.py for tasks to queue
[2025-09-06T19:11:20.075+0545] {logging_mixin.py:190} INFO - [2025-09-06T19:11:20.074+0545] {dagbag.py:588} INFO - Filling up the DagBag from /home/ashok/miniconda3/envs/mysecondenvironment/lib/python3.8/site-packages/airflow/example_dags/example_task_group_decorator.py
[2025-09-06T19:11:20.092+0545] {processor.py:925} INFO - DAG(s) 'example_task_group_decorator' retrieved from /home/ashok/miniconda3/envs/mysecondenvironment/lib/python3.8/site-packages/airflow/example_dags/example_task_group_decorator.py
[2025-09-06T19:11:20.114+0545] {logging_mixin.py:190} INFO - [2025-09-06T19:11:20.114+0545] {dag.py:3239} INFO - Sync 1 DAGs
[2025-09-06T19:11:20.130+0545] {logging_mixin.py:190} INFO - [2025-09-06T19:11:20.130+0545] {dag.py:4180} INFO - Setting next_dagrun for example_task_group_decorator to None, run_after=None
[2025-09-06T19:11:20.158+0545] {processor.py:208} INFO - Processing /home/ashok/miniconda3/envs/mysecondenvironment/lib/python3.8/site-packages/airflow/example_dags/example_task_group_decorator.py took 0.096 seconds
[2025-09-06T19:12:20.020+0545] {processor.py:186} INFO - Started process (PID=32710) to work on /home/ashok/miniconda3/envs/mysecondenvironment/lib/python3.8/site-packages/airflow/example_dags/example_task_group_decorator.py
[2025-09-06T19:12:20.022+0545] {processor.py:914} INFO - Processing file /home/ashok/miniconda3/envs/mysecondenvironment/lib/python3.8/site-packages/airflow/example_dags/example_task_group_decorator.py for tasks to queue
[2025-09-06T19:12:20.025+0545] {logging_mixin.py:190} INFO - [2025-09-06T19:12:20.024+0545] {dagbag.py:588} INFO - Filling up the DagBag from /home/ashok/miniconda3/envs/mysecondenvironment/lib/python3.8/site-packages/airflow/example_dags/example_task_group_decorator.py
[2025-09-06T19:12:20.040+0545] {processor.py:925} INFO - DAG(s) 'example_task_group_decorator' retrieved from /home/ashok/miniconda3/envs/mysecondenvironment/lib/python3.8/site-packages/airflow/example_dags/example_task_group_decorator.py
[2025-09-06T19:12:20.060+0545] {logging_mixin.py:190} INFO - [2025-09-06T19:12:20.060+0545] {dag.py:3239} INFO - Sync 1 DAGs
[2025-09-06T19:12:20.073+0545] {logging_mixin.py:190} INFO - [2025-09-06T19:12:20.073+0545] {dag.py:4180} INFO - Setting next_dagrun for example_task_group_decorator to None, run_after=None
[2025-09-06T19:12:20.098+0545] {processor.py:208} INFO - Processing /home/ashok/miniconda3/envs/mysecondenvironment/lib/python3.8/site-packages/airflow/example_dags/example_task_group_decorator.py took 0.084 seconds
[2025-09-06T19:13:17.948+0545] {processor.py:186} INFO - Started process (PID=33173) to work on /home/ashok/miniconda3/envs/mysecondenvironment/lib/python3.8/site-packages/airflow/example_dags/example_task_group_decorator.py
[2025-09-06T19:13:17.951+0545] {processor.py:914} INFO - Processing file /home/ashok/miniconda3/envs/mysecondenvironment/lib/python3.8/site-packages/airflow/example_dags/example_task_group_decorator.py for tasks to queue
[2025-09-06T19:13:17.953+0545] {logging_mixin.py:190} INFO - [2025-09-06T19:13:17.953+0545] {dagbag.py:588} INFO - Filling up the DagBag from /home/ashok/miniconda3/envs/mysecondenvironment/lib/python3.8/site-packages/airflow/example_dags/example_task_group_decorator.py
[2025-09-06T19:13:17.970+0545] {processor.py:925} INFO - DAG(s) 'example_task_group_decorator' retrieved from /home/ashok/miniconda3/envs/mysecondenvironment/lib/python3.8/site-packages/airflow/example_dags/example_task_group_decorator.py
[2025-09-06T19:13:17.992+0545] {logging_mixin.py:190} INFO - [2025-09-06T19:13:17.991+0545] {dag.py:3239} INFO - Sync 1 DAGs
[2025-09-06T19:13:18.005+0545] {logging_mixin.py:190} INFO - [2025-09-06T19:13:18.005+0545] {dag.py:4180} INFO - Setting next_dagrun for example_task_group_decorator to None, run_after=None
[2025-09-06T19:13:18.034+0545] {processor.py:208} INFO - Processing /home/ashok/miniconda3/envs/mysecondenvironment/lib/python3.8/site-packages/airflow/example_dags/example_task_group_decorator.py took 0.093 seconds
[2025-09-06T19:14:18.897+0545] {processor.py:186} INFO - Started process (PID=33570) to work on /home/ashok/miniconda3/envs/mysecondenvironment/lib/python3.8/site-packages/airflow/example_dags/example_task_group_decorator.py
[2025-09-06T19:14:18.900+0545] {processor.py:914} INFO - Processing file /home/ashok/miniconda3/envs/mysecondenvironment/lib/python3.8/site-packages/airflow/example_dags/example_task_group_decorator.py for tasks to queue
[2025-09-06T19:14:18.903+0545] {logging_mixin.py:190} INFO - [2025-09-06T19:14:18.903+0545] {dagbag.py:588} INFO - Filling up the DagBag from /home/ashok/miniconda3/envs/mysecondenvironment/lib/python3.8/site-packages/airflow/example_dags/example_task_group_decorator.py
[2025-09-06T19:14:18.919+0545] {processor.py:925} INFO - DAG(s) 'example_task_group_decorator' retrieved from /home/ashok/miniconda3/envs/mysecondenvironment/lib/python3.8/site-packages/airflow/example_dags/example_task_group_decorator.py
[2025-09-06T19:14:18.941+0545] {logging_mixin.py:190} INFO - [2025-09-06T19:14:18.941+0545] {dag.py:3239} INFO - Sync 1 DAGs
[2025-09-06T19:14:18.953+0545] {logging_mixin.py:190} INFO - [2025-09-06T19:14:18.953+0545] {dag.py:4180} INFO - Setting next_dagrun for example_task_group_decorator to None, run_after=None
[2025-09-06T19:14:18.980+0545] {processor.py:208} INFO - Processing /home/ashok/miniconda3/envs/mysecondenvironment/lib/python3.8/site-packages/airflow/example_dags/example_task_group_decorator.py took 0.090 seconds
[2025-09-06T19:15:20.499+0545] {processor.py:186} INFO - Started process (PID=34013) to work on /home/ashok/miniconda3/envs/mysecondenvironment/lib/python3.8/site-packages/airflow/example_dags/example_task_group_decorator.py
[2025-09-06T19:15:20.502+0545] {processor.py:914} INFO - Processing file /home/ashok/miniconda3/envs/mysecondenvironment/lib/python3.8/site-packages/airflow/example_dags/example_task_group_decorator.py for tasks to queue
[2025-09-06T19:15:20.504+0545] {logging_mixin.py:190} INFO - [2025-09-06T19:15:20.504+0545] {dagbag.py:588} INFO - Filling up the DagBag from /home/ashok/miniconda3/envs/mysecondenvironment/lib/python3.8/site-packages/airflow/example_dags/example_task_group_decorator.py
[2025-09-06T19:15:20.520+0545] {processor.py:925} INFO - DAG(s) 'example_task_group_decorator' retrieved from /home/ashok/miniconda3/envs/mysecondenvironment/lib/python3.8/site-packages/airflow/example_dags/example_task_group_decorator.py
[2025-09-06T19:15:20.544+0545] {logging_mixin.py:190} INFO - [2025-09-06T19:15:20.543+0545] {dag.py:3239} INFO - Sync 1 DAGs
[2025-09-06T19:15:20.559+0545] {logging_mixin.py:190} INFO - [2025-09-06T19:15:20.559+0545] {dag.py:4180} INFO - Setting next_dagrun for example_task_group_decorator to None, run_after=None
[2025-09-06T19:15:20.588+0545] {processor.py:208} INFO - Processing /home/ashok/miniconda3/envs/mysecondenvironment/lib/python3.8/site-packages/airflow/example_dags/example_task_group_decorator.py took 0.096 seconds
[2025-09-06T19:16:19.122+0545] {processor.py:186} INFO - Started process (PID=34498) to work on /home/ashok/miniconda3/envs/mysecondenvironment/lib/python3.8/site-packages/airflow/example_dags/example_task_group_decorator.py
[2025-09-06T19:16:19.125+0545] {processor.py:914} INFO - Processing file /home/ashok/miniconda3/envs/mysecondenvironment/lib/python3.8/site-packages/airflow/example_dags/example_task_group_decorator.py for tasks to queue
[2025-09-06T19:16:19.127+0545] {logging_mixin.py:190} INFO - [2025-09-06T19:16:19.127+0545] {dagbag.py:588} INFO - Filling up the DagBag from /home/ashok/miniconda3/envs/mysecondenvironment/lib/python3.8/site-packages/airflow/example_dags/example_task_group_decorator.py
[2025-09-06T19:16:19.145+0545] {processor.py:925} INFO - DAG(s) 'example_task_group_decorator' retrieved from /home/ashok/miniconda3/envs/mysecondenvironment/lib/python3.8/site-packages/airflow/example_dags/example_task_group_decorator.py
[2025-09-06T19:16:19.170+0545] {logging_mixin.py:190} INFO - [2025-09-06T19:16:19.169+0545] {dag.py:3239} INFO - Sync 1 DAGs
[2025-09-06T19:16:19.183+0545] {logging_mixin.py:190} INFO - [2025-09-06T19:16:19.183+0545] {dag.py:4180} INFO - Setting next_dagrun for example_task_group_decorator to None, run_after=None
[2025-09-06T19:16:19.215+0545] {processor.py:208} INFO - Processing /home/ashok/miniconda3/envs/mysecondenvironment/lib/python3.8/site-packages/airflow/example_dags/example_task_group_decorator.py took 0.100 seconds
[2025-09-06T19:17:18.029+0545] {processor.py:186} INFO - Started process (PID=34941) to work on /home/ashok/miniconda3/envs/mysecondenvironment/lib/python3.8/site-packages/airflow/example_dags/example_task_group_decorator.py
[2025-09-06T19:17:18.032+0545] {processor.py:914} INFO - Processing file /home/ashok/miniconda3/envs/mysecondenvironment/lib/python3.8/site-packages/airflow/example_dags/example_task_group_decorator.py for tasks to queue
[2025-09-06T19:17:18.036+0545] {logging_mixin.py:190} INFO - [2025-09-06T19:17:18.035+0545] {dagbag.py:588} INFO - Filling up the DagBag from /home/ashok/miniconda3/envs/mysecondenvironment/lib/python3.8/site-packages/airflow/example_dags/example_task_group_decorator.py
[2025-09-06T19:17:18.058+0545] {processor.py:925} INFO - DAG(s) 'example_task_group_decorator' retrieved from /home/ashok/miniconda3/envs/mysecondenvironment/lib/python3.8/site-packages/airflow/example_dags/example_task_group_decorator.py
[2025-09-06T19:17:18.088+0545] {logging_mixin.py:190} INFO - [2025-09-06T19:17:18.087+0545] {dag.py:3239} INFO - Sync 1 DAGs
[2025-09-06T19:17:18.101+0545] {logging_mixin.py:190} INFO - [2025-09-06T19:17:18.100+0545] {dag.py:4180} INFO - Setting next_dagrun for example_task_group_decorator to None, run_after=None
[2025-09-06T19:17:18.126+0545] {processor.py:208} INFO - Processing /home/ashok/miniconda3/envs/mysecondenvironment/lib/python3.8/site-packages/airflow/example_dags/example_task_group_decorator.py took 0.108 seconds
[2025-09-06T19:18:19.477+0545] {processor.py:186} INFO - Started process (PID=35343) to work on /home/ashok/miniconda3/envs/mysecondenvironment/lib/python3.8/site-packages/airflow/example_dags/example_task_group_decorator.py
[2025-09-06T19:18:19.480+0545] {processor.py:914} INFO - Processing file /home/ashok/miniconda3/envs/mysecondenvironment/lib/python3.8/site-packages/airflow/example_dags/example_task_group_decorator.py for tasks to queue
[2025-09-06T19:18:19.484+0545] {logging_mixin.py:190} INFO - [2025-09-06T19:18:19.483+0545] {dagbag.py:588} INFO - Filling up the DagBag from /home/ashok/miniconda3/envs/mysecondenvironment/lib/python3.8/site-packages/airflow/example_dags/example_task_group_decorator.py
[2025-09-06T19:18:19.507+0545] {processor.py:925} INFO - DAG(s) 'example_task_group_decorator' retrieved from /home/ashok/miniconda3/envs/mysecondenvironment/lib/python3.8/site-packages/airflow/example_dags/example_task_group_decorator.py
[2025-09-06T19:18:19.538+0545] {logging_mixin.py:190} INFO - [2025-09-06T19:18:19.537+0545] {dag.py:3239} INFO - Sync 1 DAGs
[2025-09-06T19:18:19.555+0545] {logging_mixin.py:190} INFO - [2025-09-06T19:18:19.554+0545] {dag.py:4180} INFO - Setting next_dagrun for example_task_group_decorator to None, run_after=None
[2025-09-06T19:18:19.587+0545] {processor.py:208} INFO - Processing /home/ashok/miniconda3/envs/mysecondenvironment/lib/python3.8/site-packages/airflow/example_dags/example_task_group_decorator.py took 0.121 seconds
[2025-09-06T19:19:25.224+0545] {processor.py:186} INFO - Started process (PID=35894) to work on /home/ashok/miniconda3/envs/mysecondenvironment/lib/python3.8/site-packages/airflow/example_dags/example_task_group_decorator.py
[2025-09-06T19:19:25.227+0545] {processor.py:914} INFO - Processing file /home/ashok/miniconda3/envs/mysecondenvironment/lib/python3.8/site-packages/airflow/example_dags/example_task_group_decorator.py for tasks to queue
[2025-09-06T19:19:25.229+0545] {logging_mixin.py:190} INFO - [2025-09-06T19:19:25.229+0545] {dagbag.py:588} INFO - Filling up the DagBag from /home/ashok/miniconda3/envs/mysecondenvironment/lib/python3.8/site-packages/airflow/example_dags/example_task_group_decorator.py
[2025-09-06T19:19:25.245+0545] {processor.py:925} INFO - DAG(s) 'example_task_group_decorator' retrieved from /home/ashok/miniconda3/envs/mysecondenvironment/lib/python3.8/site-packages/airflow/example_dags/example_task_group_decorator.py
[2025-09-06T19:19:25.267+0545] {logging_mixin.py:190} INFO - [2025-09-06T19:19:25.266+0545] {dag.py:3239} INFO - Sync 1 DAGs
[2025-09-06T19:19:25.279+0545] {logging_mixin.py:190} INFO - [2025-09-06T19:19:25.279+0545] {dag.py:4180} INFO - Setting next_dagrun for example_task_group_decorator to None, run_after=None
[2025-09-06T19:19:25.307+0545] {processor.py:208} INFO - Processing /home/ashok/miniconda3/envs/mysecondenvironment/lib/python3.8/site-packages/airflow/example_dags/example_task_group_decorator.py took 0.091 seconds
[2025-09-06T19:20:25.562+0545] {processor.py:186} INFO - Started process (PID=36298) to work on /home/ashok/miniconda3/envs/mysecondenvironment/lib/python3.8/site-packages/airflow/example_dags/example_task_group_decorator.py
[2025-09-06T19:20:25.565+0545] {processor.py:914} INFO - Processing file /home/ashok/miniconda3/envs/mysecondenvironment/lib/python3.8/site-packages/airflow/example_dags/example_task_group_decorator.py for tasks to queue
[2025-09-06T19:20:25.567+0545] {logging_mixin.py:190} INFO - [2025-09-06T19:20:25.567+0545] {dagbag.py:588} INFO - Filling up the DagBag from /home/ashok/miniconda3/envs/mysecondenvironment/lib/python3.8/site-packages/airflow/example_dags/example_task_group_decorator.py
[2025-09-06T19:20:25.583+0545] {processor.py:925} INFO - DAG(s) 'example_task_group_decorator' retrieved from /home/ashok/miniconda3/envs/mysecondenvironment/lib/python3.8/site-packages/airflow/example_dags/example_task_group_decorator.py
[2025-09-06T19:20:25.604+0545] {logging_mixin.py:190} INFO - [2025-09-06T19:20:25.603+0545] {dag.py:3239} INFO - Sync 1 DAGs
[2025-09-06T19:20:25.618+0545] {logging_mixin.py:190} INFO - [2025-09-06T19:20:25.617+0545] {dag.py:4180} INFO - Setting next_dagrun for example_task_group_decorator to None, run_after=None
[2025-09-06T19:20:25.644+0545] {processor.py:208} INFO - Processing /home/ashok/miniconda3/envs/mysecondenvironment/lib/python3.8/site-packages/airflow/example_dags/example_task_group_decorator.py took 0.089 seconds
[2025-09-06T19:21:26.460+0545] {processor.py:186} INFO - Started process (PID=36743) to work on /home/ashok/miniconda3/envs/mysecondenvironment/lib/python3.8/site-packages/airflow/example_dags/example_task_group_decorator.py
[2025-09-06T19:21:26.462+0545] {processor.py:914} INFO - Processing file /home/ashok/miniconda3/envs/mysecondenvironment/lib/python3.8/site-packages/airflow/example_dags/example_task_group_decorator.py for tasks to queue
[2025-09-06T19:21:26.465+0545] {logging_mixin.py:190} INFO - [2025-09-06T19:21:26.465+0545] {dagbag.py:588} INFO - Filling up the DagBag from /home/ashok/miniconda3/envs/mysecondenvironment/lib/python3.8/site-packages/airflow/example_dags/example_task_group_decorator.py
[2025-09-06T19:21:26.481+0545] {processor.py:925} INFO - DAG(s) 'example_task_group_decorator' retrieved from /home/ashok/miniconda3/envs/mysecondenvironment/lib/python3.8/site-packages/airflow/example_dags/example_task_group_decorator.py
[2025-09-06T19:21:26.502+0545] {logging_mixin.py:190} INFO - [2025-09-06T19:21:26.502+0545] {dag.py:3239} INFO - Sync 1 DAGs
[2025-09-06T19:21:26.515+0545] {logging_mixin.py:190} INFO - [2025-09-06T19:21:26.515+0545] {dag.py:4180} INFO - Setting next_dagrun for example_task_group_decorator to None, run_after=None
[2025-09-06T19:21:26.543+0545] {processor.py:208} INFO - Processing /home/ashok/miniconda3/envs/mysecondenvironment/lib/python3.8/site-packages/airflow/example_dags/example_task_group_decorator.py took 0.090 seconds
[2025-09-06T19:22:27.897+0545] {processor.py:186} INFO - Started process (PID=37266) to work on /home/ashok/miniconda3/envs/mysecondenvironment/lib/python3.8/site-packages/airflow/example_dags/example_task_group_decorator.py
[2025-09-06T19:22:27.899+0545] {processor.py:914} INFO - Processing file /home/ashok/miniconda3/envs/mysecondenvironment/lib/python3.8/site-packages/airflow/example_dags/example_task_group_decorator.py for tasks to queue
[2025-09-06T19:22:27.902+0545] {logging_mixin.py:190} INFO - [2025-09-06T19:22:27.902+0545] {dagbag.py:588} INFO - Filling up the DagBag from /home/ashok/miniconda3/envs/mysecondenvironment/lib/python3.8/site-packages/airflow/example_dags/example_task_group_decorator.py
[2025-09-06T19:22:27.919+0545] {processor.py:925} INFO - DAG(s) 'example_task_group_decorator' retrieved from /home/ashok/miniconda3/envs/mysecondenvironment/lib/python3.8/site-packages/airflow/example_dags/example_task_group_decorator.py
[2025-09-06T19:22:27.941+0545] {logging_mixin.py:190} INFO - [2025-09-06T19:22:27.941+0545] {dag.py:3239} INFO - Sync 1 DAGs
[2025-09-06T19:22:27.953+0545] {logging_mixin.py:190} INFO - [2025-09-06T19:22:27.952+0545] {dag.py:4180} INFO - Setting next_dagrun for example_task_group_decorator to None, run_after=None
[2025-09-06T19:22:27.980+0545] {processor.py:208} INFO - Processing /home/ashok/miniconda3/envs/mysecondenvironment/lib/python3.8/site-packages/airflow/example_dags/example_task_group_decorator.py took 0.091 seconds
[2025-09-06T19:23:28.848+0545] {processor.py:186} INFO - Started process (PID=37665) to work on /home/ashok/miniconda3/envs/mysecondenvironment/lib/python3.8/site-packages/airflow/example_dags/example_task_group_decorator.py
[2025-09-06T19:23:28.851+0545] {processor.py:914} INFO - Processing file /home/ashok/miniconda3/envs/mysecondenvironment/lib/python3.8/site-packages/airflow/example_dags/example_task_group_decorator.py for tasks to queue
[2025-09-06T19:23:28.854+0545] {logging_mixin.py:190} INFO - [2025-09-06T19:23:28.853+0545] {dagbag.py:588} INFO - Filling up the DagBag from /home/ashok/miniconda3/envs/mysecondenvironment/lib/python3.8/site-packages/airflow/example_dags/example_task_group_decorator.py
[2025-09-06T19:23:28.870+0545] {processor.py:925} INFO - DAG(s) 'example_task_group_decorator' retrieved from /home/ashok/miniconda3/envs/mysecondenvironment/lib/python3.8/site-packages/airflow/example_dags/example_task_group_decorator.py
[2025-09-06T19:23:28.893+0545] {logging_mixin.py:190} INFO - [2025-09-06T19:23:28.893+0545] {dag.py:3239} INFO - Sync 1 DAGs
[2025-09-06T19:23:28.906+0545] {logging_mixin.py:190} INFO - [2025-09-06T19:23:28.905+0545] {dag.py:4180} INFO - Setting next_dagrun for example_task_group_decorator to None, run_after=None
[2025-09-06T19:23:28.933+0545] {processor.py:208} INFO - Processing /home/ashok/miniconda3/envs/mysecondenvironment/lib/python3.8/site-packages/airflow/example_dags/example_task_group_decorator.py took 0.092 seconds
[2025-09-06T19:24:38.110+0545] {processor.py:186} INFO - Started process (PID=38327) to work on /home/ashok/miniconda3/envs/mysecondenvironment/lib/python3.8/site-packages/airflow/example_dags/example_task_group_decorator.py
[2025-09-06T19:24:38.112+0545] {processor.py:914} INFO - Processing file /home/ashok/miniconda3/envs/mysecondenvironment/lib/python3.8/site-packages/airflow/example_dags/example_task_group_decorator.py for tasks to queue
[2025-09-06T19:24:38.114+0545] {logging_mixin.py:190} INFO - [2025-09-06T19:24:38.114+0545] {dagbag.py:588} INFO - Filling up the DagBag from /home/ashok/miniconda3/envs/mysecondenvironment/lib/python3.8/site-packages/airflow/example_dags/example_task_group_decorator.py
[2025-09-06T19:24:38.132+0545] {processor.py:925} INFO - DAG(s) 'example_task_group_decorator' retrieved from /home/ashok/miniconda3/envs/mysecondenvironment/lib/python3.8/site-packages/airflow/example_dags/example_task_group_decorator.py
[2025-09-06T19:24:38.157+0545] {logging_mixin.py:190} INFO - [2025-09-06T19:24:38.156+0545] {dag.py:3239} INFO - Sync 1 DAGs
[2025-09-06T19:24:38.174+0545] {logging_mixin.py:190} INFO - [2025-09-06T19:24:38.174+0545] {dag.py:4180} INFO - Setting next_dagrun for example_task_group_decorator to None, run_after=None
[2025-09-06T19:24:38.445+0545] {processor.py:208} INFO - Processing /home/ashok/miniconda3/envs/mysecondenvironment/lib/python3.8/site-packages/airflow/example_dags/example_task_group_decorator.py took 0.343 seconds
[2025-09-06T19:25:47.618+0545] {processor.py:186} INFO - Started process (PID=38916) to work on /home/ashok/miniconda3/envs/mysecondenvironment/lib/python3.8/site-packages/airflow/example_dags/example_task_group_decorator.py
[2025-09-06T19:25:47.620+0545] {processor.py:914} INFO - Processing file /home/ashok/miniconda3/envs/mysecondenvironment/lib/python3.8/site-packages/airflow/example_dags/example_task_group_decorator.py for tasks to queue
[2025-09-06T19:25:47.622+0545] {logging_mixin.py:190} INFO - [2025-09-06T19:25:47.622+0545] {dagbag.py:588} INFO - Filling up the DagBag from /home/ashok/miniconda3/envs/mysecondenvironment/lib/python3.8/site-packages/airflow/example_dags/example_task_group_decorator.py
[2025-09-06T19:25:47.637+0545] {processor.py:925} INFO - DAG(s) 'example_task_group_decorator' retrieved from /home/ashok/miniconda3/envs/mysecondenvironment/lib/python3.8/site-packages/airflow/example_dags/example_task_group_decorator.py
[2025-09-06T19:25:47.657+0545] {logging_mixin.py:190} INFO - [2025-09-06T19:25:47.656+0545] {dag.py:3239} INFO - Sync 1 DAGs
[2025-09-06T19:25:47.667+0545] {logging_mixin.py:190} INFO - [2025-09-06T19:25:47.667+0545] {dag.py:4180} INFO - Setting next_dagrun for example_task_group_decorator to None, run_after=None
[2025-09-06T19:25:47.691+0545] {processor.py:208} INFO - Processing /home/ashok/miniconda3/envs/mysecondenvironment/lib/python3.8/site-packages/airflow/example_dags/example_task_group_decorator.py took 0.081 seconds
[2025-09-06T19:26:49.987+0545] {processor.py:186} INFO - Started process (PID=39469) to work on /home/ashok/miniconda3/envs/mysecondenvironment/lib/python3.8/site-packages/airflow/example_dags/example_task_group_decorator.py
[2025-09-06T19:26:49.990+0545] {processor.py:914} INFO - Processing file /home/ashok/miniconda3/envs/mysecondenvironment/lib/python3.8/site-packages/airflow/example_dags/example_task_group_decorator.py for tasks to queue
[2025-09-06T19:26:49.992+0545] {logging_mixin.py:190} INFO - [2025-09-06T19:26:49.992+0545] {dagbag.py:588} INFO - Filling up the DagBag from /home/ashok/miniconda3/envs/mysecondenvironment/lib/python3.8/site-packages/airflow/example_dags/example_task_group_decorator.py
[2025-09-06T19:26:50.007+0545] {processor.py:925} INFO - DAG(s) 'example_task_group_decorator' retrieved from /home/ashok/miniconda3/envs/mysecondenvironment/lib/python3.8/site-packages/airflow/example_dags/example_task_group_decorator.py
[2025-09-06T19:26:50.029+0545] {logging_mixin.py:190} INFO - [2025-09-06T19:26:50.028+0545] {dag.py:3239} INFO - Sync 1 DAGs
[2025-09-06T19:26:50.041+0545] {logging_mixin.py:190} INFO - [2025-09-06T19:26:50.041+0545] {dag.py:4180} INFO - Setting next_dagrun for example_task_group_decorator to None, run_after=None
[2025-09-06T19:26:50.071+0545] {processor.py:208} INFO - Processing /home/ashok/miniconda3/envs/mysecondenvironment/lib/python3.8/site-packages/airflow/example_dags/example_task_group_decorator.py took 0.092 seconds
[2025-09-06T19:27:49.885+0545] {processor.py:186} INFO - Started process (PID=39878) to work on /home/ashok/miniconda3/envs/mysecondenvironment/lib/python3.8/site-packages/airflow/example_dags/example_task_group_decorator.py
[2025-09-06T19:27:49.889+0545] {processor.py:914} INFO - Processing file /home/ashok/miniconda3/envs/mysecondenvironment/lib/python3.8/site-packages/airflow/example_dags/example_task_group_decorator.py for tasks to queue
[2025-09-06T19:27:49.892+0545] {logging_mixin.py:190} INFO - [2025-09-06T19:27:49.891+0545] {dagbag.py:588} INFO - Filling up the DagBag from /home/ashok/miniconda3/envs/mysecondenvironment/lib/python3.8/site-packages/airflow/example_dags/example_task_group_decorator.py
[2025-09-06T19:27:49.907+0545] {processor.py:925} INFO - DAG(s) 'example_task_group_decorator' retrieved from /home/ashok/miniconda3/envs/mysecondenvironment/lib/python3.8/site-packages/airflow/example_dags/example_task_group_decorator.py
[2025-09-06T19:27:49.929+0545] {logging_mixin.py:190} INFO - [2025-09-06T19:27:49.929+0545] {dag.py:3239} INFO - Sync 1 DAGs
[2025-09-06T19:27:49.941+0545] {logging_mixin.py:190} INFO - [2025-09-06T19:27:49.941+0545] {dag.py:4180} INFO - Setting next_dagrun for example_task_group_decorator to None, run_after=None
[2025-09-06T19:27:49.968+0545] {processor.py:208} INFO - Processing /home/ashok/miniconda3/envs/mysecondenvironment/lib/python3.8/site-packages/airflow/example_dags/example_task_group_decorator.py took 0.091 seconds
[2025-09-06T19:28:49.667+0545] {processor.py:186} INFO - Started process (PID=40374) to work on /home/ashok/miniconda3/envs/mysecondenvironment/lib/python3.8/site-packages/airflow/example_dags/example_task_group_decorator.py
[2025-09-06T19:28:49.670+0545] {processor.py:914} INFO - Processing file /home/ashok/miniconda3/envs/mysecondenvironment/lib/python3.8/site-packages/airflow/example_dags/example_task_group_decorator.py for tasks to queue
[2025-09-06T19:28:49.672+0545] {logging_mixin.py:190} INFO - [2025-09-06T19:28:49.672+0545] {dagbag.py:588} INFO - Filling up the DagBag from /home/ashok/miniconda3/envs/mysecondenvironment/lib/python3.8/site-packages/airflow/example_dags/example_task_group_decorator.py
[2025-09-06T19:28:49.691+0545] {processor.py:925} INFO - DAG(s) 'example_task_group_decorator' retrieved from /home/ashok/miniconda3/envs/mysecondenvironment/lib/python3.8/site-packages/airflow/example_dags/example_task_group_decorator.py
[2025-09-06T19:28:49.717+0545] {logging_mixin.py:190} INFO - [2025-09-06T19:28:49.716+0545] {dag.py:3239} INFO - Sync 1 DAGs
[2025-09-06T19:28:49.732+0545] {logging_mixin.py:190} INFO - [2025-09-06T19:28:49.732+0545] {dag.py:4180} INFO - Setting next_dagrun for example_task_group_decorator to None, run_after=None
[2025-09-06T19:28:49.761+0545] {processor.py:208} INFO - Processing /home/ashok/miniconda3/envs/mysecondenvironment/lib/python3.8/site-packages/airflow/example_dags/example_task_group_decorator.py took 0.103 seconds
[2025-09-06T19:29:49.953+0545] {processor.py:186} INFO - Started process (PID=40969) to work on /home/ashok/miniconda3/envs/mysecondenvironment/lib/python3.8/site-packages/airflow/example_dags/example_task_group_decorator.py
[2025-09-06T19:29:49.955+0545] {processor.py:914} INFO - Processing file /home/ashok/miniconda3/envs/mysecondenvironment/lib/python3.8/site-packages/airflow/example_dags/example_task_group_decorator.py for tasks to queue
[2025-09-06T19:29:49.957+0545] {logging_mixin.py:190} INFO - [2025-09-06T19:29:49.957+0545] {dagbag.py:588} INFO - Filling up the DagBag from /home/ashok/miniconda3/envs/mysecondenvironment/lib/python3.8/site-packages/airflow/example_dags/example_task_group_decorator.py
[2025-09-06T19:29:49.976+0545] {processor.py:925} INFO - DAG(s) 'example_task_group_decorator' retrieved from /home/ashok/miniconda3/envs/mysecondenvironment/lib/python3.8/site-packages/airflow/example_dags/example_task_group_decorator.py
[2025-09-06T19:29:50.001+0545] {logging_mixin.py:190} INFO - [2025-09-06T19:29:50.000+0545] {dag.py:3239} INFO - Sync 1 DAGs
[2025-09-06T19:29:50.015+0545] {logging_mixin.py:190} INFO - [2025-09-06T19:29:50.014+0545] {dag.py:4180} INFO - Setting next_dagrun for example_task_group_decorator to None, run_after=None
[2025-09-06T19:29:50.053+0545] {processor.py:208} INFO - Processing /home/ashok/miniconda3/envs/mysecondenvironment/lib/python3.8/site-packages/airflow/example_dags/example_task_group_decorator.py took 0.107 seconds
[2025-09-06T19:30:49.446+0545] {processor.py:186} INFO - Started process (PID=41553) to work on /home/ashok/miniconda3/envs/mysecondenvironment/lib/python3.8/site-packages/airflow/example_dags/example_task_group_decorator.py
[2025-09-06T19:30:49.448+0545] {processor.py:914} INFO - Processing file /home/ashok/miniconda3/envs/mysecondenvironment/lib/python3.8/site-packages/airflow/example_dags/example_task_group_decorator.py for tasks to queue
[2025-09-06T19:30:49.451+0545] {logging_mixin.py:190} INFO - [2025-09-06T19:30:49.450+0545] {dagbag.py:588} INFO - Filling up the DagBag from /home/ashok/miniconda3/envs/mysecondenvironment/lib/python3.8/site-packages/airflow/example_dags/example_task_group_decorator.py
[2025-09-06T19:30:49.467+0545] {processor.py:925} INFO - DAG(s) 'example_task_group_decorator' retrieved from /home/ashok/miniconda3/envs/mysecondenvironment/lib/python3.8/site-packages/airflow/example_dags/example_task_group_decorator.py
[2025-09-06T19:30:49.489+0545] {logging_mixin.py:190} INFO - [2025-09-06T19:30:49.489+0545] {dag.py:3239} INFO - Sync 1 DAGs
[2025-09-06T19:30:49.502+0545] {logging_mixin.py:190} INFO - [2025-09-06T19:30:49.502+0545] {dag.py:4180} INFO - Setting next_dagrun for example_task_group_decorator to None, run_after=None
[2025-09-06T19:30:49.529+0545] {processor.py:208} INFO - Processing /home/ashok/miniconda3/envs/mysecondenvironment/lib/python3.8/site-packages/airflow/example_dags/example_task_group_decorator.py took 0.090 seconds
[2025-09-06T19:31:50.539+0545] {processor.py:186} INFO - Started process (PID=42130) to work on /home/ashok/miniconda3/envs/mysecondenvironment/lib/python3.8/site-packages/airflow/example_dags/example_task_group_decorator.py
[2025-09-06T19:31:50.541+0545] {processor.py:914} INFO - Processing file /home/ashok/miniconda3/envs/mysecondenvironment/lib/python3.8/site-packages/airflow/example_dags/example_task_group_decorator.py for tasks to queue
[2025-09-06T19:31:50.545+0545] {logging_mixin.py:190} INFO - [2025-09-06T19:31:50.544+0545] {dagbag.py:588} INFO - Filling up the DagBag from /home/ashok/miniconda3/envs/mysecondenvironment/lib/python3.8/site-packages/airflow/example_dags/example_task_group_decorator.py
[2025-09-06T19:31:50.560+0545] {processor.py:925} INFO - DAG(s) 'example_task_group_decorator' retrieved from /home/ashok/miniconda3/envs/mysecondenvironment/lib/python3.8/site-packages/airflow/example_dags/example_task_group_decorator.py
[2025-09-06T19:31:50.583+0545] {logging_mixin.py:190} INFO - [2025-09-06T19:31:50.583+0545] {dag.py:3239} INFO - Sync 1 DAGs
[2025-09-06T19:31:50.596+0545] {logging_mixin.py:190} INFO - [2025-09-06T19:31:50.596+0545] {dag.py:4180} INFO - Setting next_dagrun for example_task_group_decorator to None, run_after=None
[2025-09-06T19:31:50.623+0545] {processor.py:208} INFO - Processing /home/ashok/miniconda3/envs/mysecondenvironment/lib/python3.8/site-packages/airflow/example_dags/example_task_group_decorator.py took 0.091 seconds
[2025-09-06T19:32:50.193+0545] {processor.py:186} INFO - Started process (PID=42516) to work on /home/ashok/miniconda3/envs/mysecondenvironment/lib/python3.8/site-packages/airflow/example_dags/example_task_group_decorator.py
[2025-09-06T19:32:50.196+0545] {processor.py:914} INFO - Processing file /home/ashok/miniconda3/envs/mysecondenvironment/lib/python3.8/site-packages/airflow/example_dags/example_task_group_decorator.py for tasks to queue
[2025-09-06T19:32:50.199+0545] {logging_mixin.py:190} INFO - [2025-09-06T19:32:50.199+0545] {dagbag.py:588} INFO - Filling up the DagBag from /home/ashok/miniconda3/envs/mysecondenvironment/lib/python3.8/site-packages/airflow/example_dags/example_task_group_decorator.py
[2025-09-06T19:32:50.214+0545] {processor.py:925} INFO - DAG(s) 'example_task_group_decorator' retrieved from /home/ashok/miniconda3/envs/mysecondenvironment/lib/python3.8/site-packages/airflow/example_dags/example_task_group_decorator.py
[2025-09-06T19:32:50.235+0545] {logging_mixin.py:190} INFO - [2025-09-06T19:32:50.235+0545] {dag.py:3239} INFO - Sync 1 DAGs
[2025-09-06T19:32:50.249+0545] {logging_mixin.py:190} INFO - [2025-09-06T19:32:50.248+0545] {dag.py:4180} INFO - Setting next_dagrun for example_task_group_decorator to None, run_after=None
[2025-09-06T19:32:50.278+0545] {processor.py:208} INFO - Processing /home/ashok/miniconda3/envs/mysecondenvironment/lib/python3.8/site-packages/airflow/example_dags/example_task_group_decorator.py took 0.092 seconds
[2025-09-06T19:33:51.360+0545] {processor.py:186} INFO - Started process (PID=42916) to work on /home/ashok/miniconda3/envs/mysecondenvironment/lib/python3.8/site-packages/airflow/example_dags/example_task_group_decorator.py
[2025-09-06T19:33:51.363+0545] {processor.py:914} INFO - Processing file /home/ashok/miniconda3/envs/mysecondenvironment/lib/python3.8/site-packages/airflow/example_dags/example_task_group_decorator.py for tasks to queue
[2025-09-06T19:33:51.366+0545] {logging_mixin.py:190} INFO - [2025-09-06T19:33:51.365+0545] {dagbag.py:588} INFO - Filling up the DagBag from /home/ashok/miniconda3/envs/mysecondenvironment/lib/python3.8/site-packages/airflow/example_dags/example_task_group_decorator.py
[2025-09-06T19:33:51.381+0545] {processor.py:925} INFO - DAG(s) 'example_task_group_decorator' retrieved from /home/ashok/miniconda3/envs/mysecondenvironment/lib/python3.8/site-packages/airflow/example_dags/example_task_group_decorator.py
[2025-09-06T19:33:51.403+0545] {logging_mixin.py:190} INFO - [2025-09-06T19:33:51.402+0545] {dag.py:3239} INFO - Sync 1 DAGs
[2025-09-06T19:33:51.415+0545] {logging_mixin.py:190} INFO - [2025-09-06T19:33:51.415+0545] {dag.py:4180} INFO - Setting next_dagrun for example_task_group_decorator to None, run_after=None
[2025-09-06T19:33:51.442+0545] {processor.py:208} INFO - Processing /home/ashok/miniconda3/envs/mysecondenvironment/lib/python3.8/site-packages/airflow/example_dags/example_task_group_decorator.py took 0.089 seconds
[2025-09-06T19:34:52.036+0545] {processor.py:186} INFO - Started process (PID=43352) to work on /home/ashok/miniconda3/envs/mysecondenvironment/lib/python3.8/site-packages/airflow/example_dags/example_task_group_decorator.py
[2025-09-06T19:34:52.039+0545] {processor.py:914} INFO - Processing file /home/ashok/miniconda3/envs/mysecondenvironment/lib/python3.8/site-packages/airflow/example_dags/example_task_group_decorator.py for tasks to queue
[2025-09-06T19:34:52.042+0545] {logging_mixin.py:190} INFO - [2025-09-06T19:34:52.042+0545] {dagbag.py:588} INFO - Filling up the DagBag from /home/ashok/miniconda3/envs/mysecondenvironment/lib/python3.8/site-packages/airflow/example_dags/example_task_group_decorator.py
[2025-09-06T19:34:52.057+0545] {processor.py:925} INFO - DAG(s) 'example_task_group_decorator' retrieved from /home/ashok/miniconda3/envs/mysecondenvironment/lib/python3.8/site-packages/airflow/example_dags/example_task_group_decorator.py
[2025-09-06T19:34:52.079+0545] {logging_mixin.py:190} INFO - [2025-09-06T19:34:52.078+0545] {dag.py:3239} INFO - Sync 1 DAGs
[2025-09-06T19:34:52.094+0545] {logging_mixin.py:190} INFO - [2025-09-06T19:34:52.093+0545] {dag.py:4180} INFO - Setting next_dagrun for example_task_group_decorator to None, run_after=None
[2025-09-06T19:34:52.121+0545] {processor.py:208} INFO - Processing /home/ashok/miniconda3/envs/mysecondenvironment/lib/python3.8/site-packages/airflow/example_dags/example_task_group_decorator.py took 0.092 seconds
[2025-09-06T19:35:55.619+0545] {processor.py:186} INFO - Started process (PID=43871) to work on /home/ashok/miniconda3/envs/mysecondenvironment/lib/python3.8/site-packages/airflow/example_dags/example_task_group_decorator.py
[2025-09-06T19:35:55.621+0545] {processor.py:914} INFO - Processing file /home/ashok/miniconda3/envs/mysecondenvironment/lib/python3.8/site-packages/airflow/example_dags/example_task_group_decorator.py for tasks to queue
[2025-09-06T19:35:55.624+0545] {logging_mixin.py:190} INFO - [2025-09-06T19:35:55.624+0545] {dagbag.py:588} INFO - Filling up the DagBag from /home/ashok/miniconda3/envs/mysecondenvironment/lib/python3.8/site-packages/airflow/example_dags/example_task_group_decorator.py
[2025-09-06T19:35:55.640+0545] {processor.py:925} INFO - DAG(s) 'example_task_group_decorator' retrieved from /home/ashok/miniconda3/envs/mysecondenvironment/lib/python3.8/site-packages/airflow/example_dags/example_task_group_decorator.py
[2025-09-06T19:35:55.662+0545] {logging_mixin.py:190} INFO - [2025-09-06T19:35:55.661+0545] {dag.py:3239} INFO - Sync 1 DAGs
[2025-09-06T19:35:55.674+0545] {logging_mixin.py:190} INFO - [2025-09-06T19:35:55.674+0545] {dag.py:4180} INFO - Setting next_dagrun for example_task_group_decorator to None, run_after=None
[2025-09-06T19:35:55.700+0545] {processor.py:208} INFO - Processing /home/ashok/miniconda3/envs/mysecondenvironment/lib/python3.8/site-packages/airflow/example_dags/example_task_group_decorator.py took 0.088 seconds
[2025-09-06T19:36:56.230+0545] {processor.py:186} INFO - Started process (PID=44378) to work on /home/ashok/miniconda3/envs/mysecondenvironment/lib/python3.8/site-packages/airflow/example_dags/example_task_group_decorator.py
[2025-09-06T19:36:56.233+0545] {processor.py:914} INFO - Processing file /home/ashok/miniconda3/envs/mysecondenvironment/lib/python3.8/site-packages/airflow/example_dags/example_task_group_decorator.py for tasks to queue
[2025-09-06T19:36:56.236+0545] {logging_mixin.py:190} INFO - [2025-09-06T19:36:56.236+0545] {dagbag.py:588} INFO - Filling up the DagBag from /home/ashok/miniconda3/envs/mysecondenvironment/lib/python3.8/site-packages/airflow/example_dags/example_task_group_decorator.py
[2025-09-06T19:36:56.254+0545] {processor.py:925} INFO - DAG(s) 'example_task_group_decorator' retrieved from /home/ashok/miniconda3/envs/mysecondenvironment/lib/python3.8/site-packages/airflow/example_dags/example_task_group_decorator.py
[2025-09-06T19:36:56.280+0545] {logging_mixin.py:190} INFO - [2025-09-06T19:36:56.280+0545] {dag.py:3239} INFO - Sync 1 DAGs
[2025-09-06T19:36:56.296+0545] {logging_mixin.py:190} INFO - [2025-09-06T19:36:56.296+0545] {dag.py:4180} INFO - Setting next_dagrun for example_task_group_decorator to None, run_after=None
[2025-09-06T19:36:56.324+0545] {processor.py:208} INFO - Processing /home/ashok/miniconda3/envs/mysecondenvironment/lib/python3.8/site-packages/airflow/example_dags/example_task_group_decorator.py took 0.101 seconds
[2025-09-06T19:37:55.751+0545] {processor.py:186} INFO - Started process (PID=44784) to work on /home/ashok/miniconda3/envs/mysecondenvironment/lib/python3.8/site-packages/airflow/example_dags/example_task_group_decorator.py
[2025-09-06T19:37:55.754+0545] {processor.py:914} INFO - Processing file /home/ashok/miniconda3/envs/mysecondenvironment/lib/python3.8/site-packages/airflow/example_dags/example_task_group_decorator.py for tasks to queue
[2025-09-06T19:37:55.757+0545] {logging_mixin.py:190} INFO - [2025-09-06T19:37:55.756+0545] {dagbag.py:588} INFO - Filling up the DagBag from /home/ashok/miniconda3/envs/mysecondenvironment/lib/python3.8/site-packages/airflow/example_dags/example_task_group_decorator.py
[2025-09-06T19:37:55.773+0545] {processor.py:925} INFO - DAG(s) 'example_task_group_decorator' retrieved from /home/ashok/miniconda3/envs/mysecondenvironment/lib/python3.8/site-packages/airflow/example_dags/example_task_group_decorator.py
[2025-09-06T19:37:55.794+0545] {logging_mixin.py:190} INFO - [2025-09-06T19:37:55.794+0545] {dag.py:3239} INFO - Sync 1 DAGs
[2025-09-06T19:37:55.807+0545] {logging_mixin.py:190} INFO - [2025-09-06T19:37:55.807+0545] {dag.py:4180} INFO - Setting next_dagrun for example_task_group_decorator to None, run_after=None
[2025-09-06T19:37:55.834+0545] {processor.py:208} INFO - Processing /home/ashok/miniconda3/envs/mysecondenvironment/lib/python3.8/site-packages/airflow/example_dags/example_task_group_decorator.py took 0.090 seconds
[2025-09-06T19:38:56.398+0545] {processor.py:186} INFO - Started process (PID=45210) to work on /home/ashok/miniconda3/envs/mysecondenvironment/lib/python3.8/site-packages/airflow/example_dags/example_task_group_decorator.py
[2025-09-06T19:38:56.401+0545] {processor.py:914} INFO - Processing file /home/ashok/miniconda3/envs/mysecondenvironment/lib/python3.8/site-packages/airflow/example_dags/example_task_group_decorator.py for tasks to queue
[2025-09-06T19:38:56.403+0545] {logging_mixin.py:190} INFO - [2025-09-06T19:38:56.403+0545] {dagbag.py:588} INFO - Filling up the DagBag from /home/ashok/miniconda3/envs/mysecondenvironment/lib/python3.8/site-packages/airflow/example_dags/example_task_group_decorator.py
[2025-09-06T19:38:56.420+0545] {processor.py:925} INFO - DAG(s) 'example_task_group_decorator' retrieved from /home/ashok/miniconda3/envs/mysecondenvironment/lib/python3.8/site-packages/airflow/example_dags/example_task_group_decorator.py
[2025-09-06T19:38:56.441+0545] {logging_mixin.py:190} INFO - [2025-09-06T19:38:56.441+0545] {dag.py:3239} INFO - Sync 1 DAGs
[2025-09-06T19:38:56.454+0545] {logging_mixin.py:190} INFO - [2025-09-06T19:38:56.454+0545] {dag.py:4180} INFO - Setting next_dagrun for example_task_group_decorator to None, run_after=None
[2025-09-06T19:38:56.480+0545] {processor.py:208} INFO - Processing /home/ashok/miniconda3/envs/mysecondenvironment/lib/python3.8/site-packages/airflow/example_dags/example_task_group_decorator.py took 0.091 seconds
[2025-09-06T19:39:54.827+0545] {processor.py:186} INFO - Started process (PID=45596) to work on /home/ashok/miniconda3/envs/mysecondenvironment/lib/python3.8/site-packages/airflow/example_dags/example_task_group_decorator.py
[2025-09-06T19:39:54.829+0545] {processor.py:914} INFO - Processing file /home/ashok/miniconda3/envs/mysecondenvironment/lib/python3.8/site-packages/airflow/example_dags/example_task_group_decorator.py for tasks to queue
[2025-09-06T19:39:54.832+0545] {logging_mixin.py:190} INFO - [2025-09-06T19:39:54.832+0545] {dagbag.py:588} INFO - Filling up the DagBag from /home/ashok/miniconda3/envs/mysecondenvironment/lib/python3.8/site-packages/airflow/example_dags/example_task_group_decorator.py
[2025-09-06T19:39:54.848+0545] {processor.py:925} INFO - DAG(s) 'example_task_group_decorator' retrieved from /home/ashok/miniconda3/envs/mysecondenvironment/lib/python3.8/site-packages/airflow/example_dags/example_task_group_decorator.py
[2025-09-06T19:39:54.870+0545] {logging_mixin.py:190} INFO - [2025-09-06T19:39:54.870+0545] {dag.py:3239} INFO - Sync 1 DAGs
[2025-09-06T19:39:54.882+0545] {logging_mixin.py:190} INFO - [2025-09-06T19:39:54.882+0545] {dag.py:4180} INFO - Setting next_dagrun for example_task_group_decorator to None, run_after=None
[2025-09-06T19:39:54.909+0545] {processor.py:208} INFO - Processing /home/ashok/miniconda3/envs/mysecondenvironment/lib/python3.8/site-packages/airflow/example_dags/example_task_group_decorator.py took 0.090 seconds
[2025-09-06T19:40:55.116+0545] {processor.py:186} INFO - Started process (PID=46077) to work on /home/ashok/miniconda3/envs/mysecondenvironment/lib/python3.8/site-packages/airflow/example_dags/example_task_group_decorator.py
[2025-09-06T19:40:55.119+0545] {processor.py:914} INFO - Processing file /home/ashok/miniconda3/envs/mysecondenvironment/lib/python3.8/site-packages/airflow/example_dags/example_task_group_decorator.py for tasks to queue
[2025-09-06T19:40:55.122+0545] {logging_mixin.py:190} INFO - [2025-09-06T19:40:55.122+0545] {dagbag.py:588} INFO - Filling up the DagBag from /home/ashok/miniconda3/envs/mysecondenvironment/lib/python3.8/site-packages/airflow/example_dags/example_task_group_decorator.py
[2025-09-06T19:40:55.139+0545] {processor.py:925} INFO - DAG(s) 'example_task_group_decorator' retrieved from /home/ashok/miniconda3/envs/mysecondenvironment/lib/python3.8/site-packages/airflow/example_dags/example_task_group_decorator.py
[2025-09-06T19:40:55.160+0545] {logging_mixin.py:190} INFO - [2025-09-06T19:40:55.159+0545] {dag.py:3239} INFO - Sync 1 DAGs
[2025-09-06T19:40:55.173+0545] {logging_mixin.py:190} INFO - [2025-09-06T19:40:55.173+0545] {dag.py:4180} INFO - Setting next_dagrun for example_task_group_decorator to None, run_after=None
[2025-09-06T19:40:55.201+0545] {processor.py:208} INFO - Processing /home/ashok/miniconda3/envs/mysecondenvironment/lib/python3.8/site-packages/airflow/example_dags/example_task_group_decorator.py took 0.093 seconds
[2025-09-06T19:41:56.718+0545] {processor.py:186} INFO - Started process (PID=46681) to work on /home/ashok/miniconda3/envs/mysecondenvironment/lib/python3.8/site-packages/airflow/example_dags/example_task_group_decorator.py
[2025-09-06T19:41:56.721+0545] {processor.py:914} INFO - Processing file /home/ashok/miniconda3/envs/mysecondenvironment/lib/python3.8/site-packages/airflow/example_dags/example_task_group_decorator.py for tasks to queue
[2025-09-06T19:41:56.724+0545] {logging_mixin.py:190} INFO - [2025-09-06T19:41:56.724+0545] {dagbag.py:588} INFO - Filling up the DagBag from /home/ashok/miniconda3/envs/mysecondenvironment/lib/python3.8/site-packages/airflow/example_dags/example_task_group_decorator.py
[2025-09-06T19:41:56.740+0545] {processor.py:925} INFO - DAG(s) 'example_task_group_decorator' retrieved from /home/ashok/miniconda3/envs/mysecondenvironment/lib/python3.8/site-packages/airflow/example_dags/example_task_group_decorator.py
[2025-09-06T19:41:56.763+0545] {logging_mixin.py:190} INFO - [2025-09-06T19:41:56.763+0545] {dag.py:3239} INFO - Sync 1 DAGs
[2025-09-06T19:41:56.775+0545] {logging_mixin.py:190} INFO - [2025-09-06T19:41:56.775+0545] {dag.py:4180} INFO - Setting next_dagrun for example_task_group_decorator to None, run_after=None
[2025-09-06T19:41:56.803+0545] {processor.py:208} INFO - Processing /home/ashok/miniconda3/envs/mysecondenvironment/lib/python3.8/site-packages/airflow/example_dags/example_task_group_decorator.py took 0.093 seconds
[2025-09-06T19:42:57.302+0545] {processor.py:186} INFO - Started process (PID=47359) to work on /home/ashok/miniconda3/envs/mysecondenvironment/lib/python3.8/site-packages/airflow/example_dags/example_task_group_decorator.py
[2025-09-06T19:42:57.305+0545] {processor.py:914} INFO - Processing file /home/ashok/miniconda3/envs/mysecondenvironment/lib/python3.8/site-packages/airflow/example_dags/example_task_group_decorator.py for tasks to queue
[2025-09-06T19:42:57.308+0545] {logging_mixin.py:190} INFO - [2025-09-06T19:42:57.307+0545] {dagbag.py:588} INFO - Filling up the DagBag from /home/ashok/miniconda3/envs/mysecondenvironment/lib/python3.8/site-packages/airflow/example_dags/example_task_group_decorator.py
[2025-09-06T19:42:57.324+0545] {processor.py:925} INFO - DAG(s) 'example_task_group_decorator' retrieved from /home/ashok/miniconda3/envs/mysecondenvironment/lib/python3.8/site-packages/airflow/example_dags/example_task_group_decorator.py
[2025-09-06T19:42:57.346+0545] {logging_mixin.py:190} INFO - [2025-09-06T19:42:57.346+0545] {dag.py:3239} INFO - Sync 1 DAGs
[2025-09-06T19:42:57.360+0545] {logging_mixin.py:190} INFO - [2025-09-06T19:42:57.359+0545] {dag.py:4180} INFO - Setting next_dagrun for example_task_group_decorator to None, run_after=None
[2025-09-06T19:42:57.389+0545] {processor.py:208} INFO - Processing /home/ashok/miniconda3/envs/mysecondenvironment/lib/python3.8/site-packages/airflow/example_dags/example_task_group_decorator.py took 0.094 seconds
[2025-09-06T19:43:56.857+0545] {processor.py:186} INFO - Started process (PID=47855) to work on /home/ashok/miniconda3/envs/mysecondenvironment/lib/python3.8/site-packages/airflow/example_dags/example_task_group_decorator.py
[2025-09-06T19:43:56.859+0545] {processor.py:914} INFO - Processing file /home/ashok/miniconda3/envs/mysecondenvironment/lib/python3.8/site-packages/airflow/example_dags/example_task_group_decorator.py for tasks to queue
[2025-09-06T19:43:56.862+0545] {logging_mixin.py:190} INFO - [2025-09-06T19:43:56.861+0545] {dagbag.py:588} INFO - Filling up the DagBag from /home/ashok/miniconda3/envs/mysecondenvironment/lib/python3.8/site-packages/airflow/example_dags/example_task_group_decorator.py
[2025-09-06T19:43:56.880+0545] {processor.py:925} INFO - DAG(s) 'example_task_group_decorator' retrieved from /home/ashok/miniconda3/envs/mysecondenvironment/lib/python3.8/site-packages/airflow/example_dags/example_task_group_decorator.py
[2025-09-06T19:43:56.902+0545] {logging_mixin.py:190} INFO - [2025-09-06T19:43:56.902+0545] {dag.py:3239} INFO - Sync 1 DAGs
[2025-09-06T19:43:56.915+0545] {logging_mixin.py:190} INFO - [2025-09-06T19:43:56.915+0545] {dag.py:4180} INFO - Setting next_dagrun for example_task_group_decorator to None, run_after=None
[2025-09-06T19:43:56.945+0545] {processor.py:208} INFO - Processing /home/ashok/miniconda3/envs/mysecondenvironment/lib/python3.8/site-packages/airflow/example_dags/example_task_group_decorator.py took 0.096 seconds
[2025-09-06T19:44:56.888+0545] {processor.py:186} INFO - Started process (PID=48479) to work on /home/ashok/miniconda3/envs/mysecondenvironment/lib/python3.8/site-packages/airflow/example_dags/example_task_group_decorator.py
[2025-09-06T19:44:56.891+0545] {processor.py:914} INFO - Processing file /home/ashok/miniconda3/envs/mysecondenvironment/lib/python3.8/site-packages/airflow/example_dags/example_task_group_decorator.py for tasks to queue
[2025-09-06T19:44:56.894+0545] {logging_mixin.py:190} INFO - [2025-09-06T19:44:56.894+0545] {dagbag.py:588} INFO - Filling up the DagBag from /home/ashok/miniconda3/envs/mysecondenvironment/lib/python3.8/site-packages/airflow/example_dags/example_task_group_decorator.py
[2025-09-06T19:44:56.909+0545] {processor.py:925} INFO - DAG(s) 'example_task_group_decorator' retrieved from /home/ashok/miniconda3/envs/mysecondenvironment/lib/python3.8/site-packages/airflow/example_dags/example_task_group_decorator.py
[2025-09-06T19:44:56.931+0545] {logging_mixin.py:190} INFO - [2025-09-06T19:44:56.931+0545] {dag.py:3239} INFO - Sync 1 DAGs
[2025-09-06T19:44:56.943+0545] {logging_mixin.py:190} INFO - [2025-09-06T19:44:56.943+0545] {dag.py:4180} INFO - Setting next_dagrun for example_task_group_decorator to None, run_after=None
[2025-09-06T19:44:56.971+0545] {processor.py:208} INFO - Processing /home/ashok/miniconda3/envs/mysecondenvironment/lib/python3.8/site-packages/airflow/example_dags/example_task_group_decorator.py took 0.091 seconds
[2025-09-06T19:45:53.980+0545] {processor.py:186} INFO - Started process (PID=48957) to work on /home/ashok/miniconda3/envs/mysecondenvironment/lib/python3.8/site-packages/airflow/example_dags/example_task_group_decorator.py
[2025-09-06T19:45:53.982+0545] {processor.py:914} INFO - Processing file /home/ashok/miniconda3/envs/mysecondenvironment/lib/python3.8/site-packages/airflow/example_dags/example_task_group_decorator.py for tasks to queue
[2025-09-06T19:45:53.984+0545] {logging_mixin.py:190} INFO - [2025-09-06T19:45:53.984+0545] {dagbag.py:588} INFO - Filling up the DagBag from /home/ashok/miniconda3/envs/mysecondenvironment/lib/python3.8/site-packages/airflow/example_dags/example_task_group_decorator.py
[2025-09-06T19:45:53.998+0545] {processor.py:925} INFO - DAG(s) 'example_task_group_decorator' retrieved from /home/ashok/miniconda3/envs/mysecondenvironment/lib/python3.8/site-packages/airflow/example_dags/example_task_group_decorator.py
[2025-09-06T19:45:54.017+0545] {logging_mixin.py:190} INFO - [2025-09-06T19:45:54.017+0545] {dag.py:3239} INFO - Sync 1 DAGs
[2025-09-06T19:45:54.027+0545] {logging_mixin.py:190} INFO - [2025-09-06T19:45:54.027+0545] {dag.py:4180} INFO - Setting next_dagrun for example_task_group_decorator to None, run_after=None
[2025-09-06T19:45:54.054+0545] {processor.py:208} INFO - Processing /home/ashok/miniconda3/envs/mysecondenvironment/lib/python3.8/site-packages/airflow/example_dags/example_task_group_decorator.py took 0.080 seconds
[2025-09-06T19:46:54.638+0545] {processor.py:186} INFO - Started process (PID=49571) to work on /home/ashok/miniconda3/envs/mysecondenvironment/lib/python3.8/site-packages/airflow/example_dags/example_task_group_decorator.py
[2025-09-06T19:46:54.640+0545] {processor.py:914} INFO - Processing file /home/ashok/miniconda3/envs/mysecondenvironment/lib/python3.8/site-packages/airflow/example_dags/example_task_group_decorator.py for tasks to queue
[2025-09-06T19:46:54.643+0545] {logging_mixin.py:190} INFO - [2025-09-06T19:46:54.643+0545] {dagbag.py:588} INFO - Filling up the DagBag from /home/ashok/miniconda3/envs/mysecondenvironment/lib/python3.8/site-packages/airflow/example_dags/example_task_group_decorator.py
[2025-09-06T19:46:54.664+0545] {processor.py:925} INFO - DAG(s) 'example_task_group_decorator' retrieved from /home/ashok/miniconda3/envs/mysecondenvironment/lib/python3.8/site-packages/airflow/example_dags/example_task_group_decorator.py
[2025-09-06T19:46:54.693+0545] {logging_mixin.py:190} INFO - [2025-09-06T19:46:54.692+0545] {dag.py:3239} INFO - Sync 1 DAGs
[2025-09-06T19:46:54.707+0545] {logging_mixin.py:190} INFO - [2025-09-06T19:46:54.707+0545] {dag.py:4180} INFO - Setting next_dagrun for example_task_group_decorator to None, run_after=None
[2025-09-06T19:46:54.738+0545] {processor.py:208} INFO - Processing /home/ashok/miniconda3/envs/mysecondenvironment/lib/python3.8/site-packages/airflow/example_dags/example_task_group_decorator.py took 0.109 seconds
[2025-09-06T19:47:53.743+0545] {processor.py:186} INFO - Started process (PID=49972) to work on /home/ashok/miniconda3/envs/mysecondenvironment/lib/python3.8/site-packages/airflow/example_dags/example_task_group_decorator.py
[2025-09-06T19:47:53.746+0545] {processor.py:914} INFO - Processing file /home/ashok/miniconda3/envs/mysecondenvironment/lib/python3.8/site-packages/airflow/example_dags/example_task_group_decorator.py for tasks to queue
[2025-09-06T19:47:53.749+0545] {logging_mixin.py:190} INFO - [2025-09-06T19:47:53.749+0545] {dagbag.py:588} INFO - Filling up the DagBag from /home/ashok/miniconda3/envs/mysecondenvironment/lib/python3.8/site-packages/airflow/example_dags/example_task_group_decorator.py
[2025-09-06T19:47:53.767+0545] {processor.py:925} INFO - DAG(s) 'example_task_group_decorator' retrieved from /home/ashok/miniconda3/envs/mysecondenvironment/lib/python3.8/site-packages/airflow/example_dags/example_task_group_decorator.py
[2025-09-06T19:47:53.788+0545] {logging_mixin.py:190} INFO - [2025-09-06T19:47:53.787+0545] {dag.py:3239} INFO - Sync 1 DAGs
[2025-09-06T19:47:53.800+0545] {logging_mixin.py:190} INFO - [2025-09-06T19:47:53.799+0545] {dag.py:4180} INFO - Setting next_dagrun for example_task_group_decorator to None, run_after=None
[2025-09-06T19:47:53.828+0545] {processor.py:208} INFO - Processing /home/ashok/miniconda3/envs/mysecondenvironment/lib/python3.8/site-packages/airflow/example_dags/example_task_group_decorator.py took 0.092 seconds
