[2025-09-06T19:05:00.552+0545] {processor.py:186} INFO - Started process (PID=28272) to work on /home/ashok/miniconda3/envs/mysecondenvironment/lib/python3.8/site-packages/airflow/example_dags/example_time_delta_sensor_async.py
[2025-09-06T19:05:00.553+0545] {processor.py:914} INFO - Processing file /home/ashok/miniconda3/envs/mysecondenvironment/lib/python3.8/site-packages/airflow/example_dags/example_time_delta_sensor_async.py for tasks to queue
[2025-09-06T19:05:00.557+0545] {logging_mixin.py:190} INFO - [2025-09-06T19:05:00.557+0545] {dagbag.py:588} INFO - Filling up the DagBag from /home/ashok/miniconda3/envs/mysecondenvironment/lib/python3.8/site-packages/airflow/example_dags/example_time_delta_sensor_async.py
[2025-09-06T19:05:00.568+0545] {processor.py:925} INFO - DAG(s) 'example_time_delta_sensor_async' retrieved from /home/ashok/miniconda3/envs/mysecondenvironment/lib/python3.8/site-packages/airflow/example_dags/example_time_delta_sensor_async.py
[2025-09-06T19:05:00.593+0545] {logging_mixin.py:190} INFO - [2025-09-06T19:05:00.592+0545] {dag.py:3239} INFO - Sync 1 DAGs
[2025-09-06T19:05:00.609+0545] {logging_mixin.py:190} INFO - [2025-09-06T19:05:00.608+0545] {dag.py:4180} INFO - Setting next_dagrun for example_time_delta_sensor_async to None, run_after=None
[2025-09-06T19:05:00.639+0545] {processor.py:208} INFO - Processing /home/ashok/miniconda3/envs/mysecondenvironment/lib/python3.8/site-packages/airflow/example_dags/example_time_delta_sensor_async.py took 0.096 seconds
[2025-09-06T19:08:16.887+0545] {processor.py:186} INFO - Started process (PID=30921) to work on /home/ashok/miniconda3/envs/mysecondenvironment/lib/python3.8/site-packages/airflow/example_dags/example_time_delta_sensor_async.py
[2025-09-06T19:08:16.890+0545] {processor.py:914} INFO - Processing file /home/ashok/miniconda3/envs/mysecondenvironment/lib/python3.8/site-packages/airflow/example_dags/example_time_delta_sensor_async.py for tasks to queue
[2025-09-06T19:08:16.892+0545] {logging_mixin.py:190} INFO - [2025-09-06T19:08:16.892+0545] {dagbag.py:588} INFO - Filling up the DagBag from /home/ashok/miniconda3/envs/mysecondenvironment/lib/python3.8/site-packages/airflow/example_dags/example_time_delta_sensor_async.py
[2025-09-06T19:08:16.900+0545] {processor.py:925} INFO - DAG(s) 'example_time_delta_sensor_async' retrieved from /home/ashok/miniconda3/envs/mysecondenvironment/lib/python3.8/site-packages/airflow/example_dags/example_time_delta_sensor_async.py
[2025-09-06T19:08:16.917+0545] {logging_mixin.py:190} INFO - [2025-09-06T19:08:16.916+0545] {dag.py:3239} INFO - Sync 1 DAGs
[2025-09-06T19:08:16.929+0545] {logging_mixin.py:190} INFO - [2025-09-06T19:08:16.929+0545] {dag.py:4180} INFO - Setting next_dagrun for example_time_delta_sensor_async to None, run_after=None
[2025-09-06T19:08:16.957+0545] {processor.py:208} INFO - Processing /home/ashok/miniconda3/envs/mysecondenvironment/lib/python3.8/site-packages/airflow/example_dags/example_time_delta_sensor_async.py took 0.078 seconds
[2025-09-06T19:09:18.308+0545] {processor.py:186} INFO - Started process (PID=31400) to work on /home/ashok/miniconda3/envs/mysecondenvironment/lib/python3.8/site-packages/airflow/example_dags/example_time_delta_sensor_async.py
[2025-09-06T19:09:18.311+0545] {processor.py:914} INFO - Processing file /home/ashok/miniconda3/envs/mysecondenvironment/lib/python3.8/site-packages/airflow/example_dags/example_time_delta_sensor_async.py for tasks to queue
[2025-09-06T19:09:18.314+0545] {logging_mixin.py:190} INFO - [2025-09-06T19:09:18.313+0545] {dagbag.py:588} INFO - Filling up the DagBag from /home/ashok/miniconda3/envs/mysecondenvironment/lib/python3.8/site-packages/airflow/example_dags/example_time_delta_sensor_async.py
[2025-09-06T19:09:18.323+0545] {processor.py:925} INFO - DAG(s) 'example_time_delta_sensor_async' retrieved from /home/ashok/miniconda3/envs/mysecondenvironment/lib/python3.8/site-packages/airflow/example_dags/example_time_delta_sensor_async.py
[2025-09-06T19:09:18.341+0545] {logging_mixin.py:190} INFO - [2025-09-06T19:09:18.340+0545] {dag.py:3239} INFO - Sync 1 DAGs
[2025-09-06T19:09:18.353+0545] {logging_mixin.py:190} INFO - [2025-09-06T19:09:18.353+0545] {dag.py:4180} INFO - Setting next_dagrun for example_time_delta_sensor_async to None, run_after=None
[2025-09-06T19:09:18.380+0545] {processor.py:208} INFO - Processing /home/ashok/miniconda3/envs/mysecondenvironment/lib/python3.8/site-packages/airflow/example_dags/example_time_delta_sensor_async.py took 0.079 seconds
[2025-09-06T19:10:17.069+0545] {processor.py:186} INFO - Started process (PID=31837) to work on /home/ashok/miniconda3/envs/mysecondenvironment/lib/python3.8/site-packages/airflow/example_dags/example_time_delta_sensor_async.py
[2025-09-06T19:10:17.071+0545] {processor.py:914} INFO - Processing file /home/ashok/miniconda3/envs/mysecondenvironment/lib/python3.8/site-packages/airflow/example_dags/example_time_delta_sensor_async.py for tasks to queue
[2025-09-06T19:10:17.074+0545] {logging_mixin.py:190} INFO - [2025-09-06T19:10:17.074+0545] {dagbag.py:588} INFO - Filling up the DagBag from /home/ashok/miniconda3/envs/mysecondenvironment/lib/python3.8/site-packages/airflow/example_dags/example_time_delta_sensor_async.py
[2025-09-06T19:10:17.083+0545] {processor.py:925} INFO - DAG(s) 'example_time_delta_sensor_async' retrieved from /home/ashok/miniconda3/envs/mysecondenvironment/lib/python3.8/site-packages/airflow/example_dags/example_time_delta_sensor_async.py
[2025-09-06T19:10:17.100+0545] {logging_mixin.py:190} INFO - [2025-09-06T19:10:17.100+0545] {dag.py:3239} INFO - Sync 1 DAGs
[2025-09-06T19:10:17.113+0545] {logging_mixin.py:190} INFO - [2025-09-06T19:10:17.112+0545] {dag.py:4180} INFO - Setting next_dagrun for example_time_delta_sensor_async to None, run_after=None
[2025-09-06T19:10:17.139+0545] {processor.py:208} INFO - Processing /home/ashok/miniconda3/envs/mysecondenvironment/lib/python3.8/site-packages/airflow/example_dags/example_time_delta_sensor_async.py took 0.078 seconds
[2025-09-06T19:11:15.902+0545] {processor.py:186} INFO - Started process (PID=32261) to work on /home/ashok/miniconda3/envs/mysecondenvironment/lib/python3.8/site-packages/airflow/example_dags/example_time_delta_sensor_async.py
[2025-09-06T19:11:15.905+0545] {processor.py:914} INFO - Processing file /home/ashok/miniconda3/envs/mysecondenvironment/lib/python3.8/site-packages/airflow/example_dags/example_time_delta_sensor_async.py for tasks to queue
[2025-09-06T19:11:15.907+0545] {logging_mixin.py:190} INFO - [2025-09-06T19:11:15.907+0545] {dagbag.py:588} INFO - Filling up the DagBag from /home/ashok/miniconda3/envs/mysecondenvironment/lib/python3.8/site-packages/airflow/example_dags/example_time_delta_sensor_async.py
[2025-09-06T19:11:15.915+0545] {processor.py:925} INFO - DAG(s) 'example_time_delta_sensor_async' retrieved from /home/ashok/miniconda3/envs/mysecondenvironment/lib/python3.8/site-packages/airflow/example_dags/example_time_delta_sensor_async.py
[2025-09-06T19:11:15.932+0545] {logging_mixin.py:190} INFO - [2025-09-06T19:11:15.932+0545] {dag.py:3239} INFO - Sync 1 DAGs
[2025-09-06T19:11:15.945+0545] {logging_mixin.py:190} INFO - [2025-09-06T19:11:15.945+0545] {dag.py:4180} INFO - Setting next_dagrun for example_time_delta_sensor_async to None, run_after=None
[2025-09-06T19:11:15.970+0545] {processor.py:208} INFO - Processing /home/ashok/miniconda3/envs/mysecondenvironment/lib/python3.8/site-packages/airflow/example_dags/example_time_delta_sensor_async.py took 0.076 seconds
[2025-09-06T19:12:16.124+0545] {processor.py:186} INFO - Started process (PID=32680) to work on /home/ashok/miniconda3/envs/mysecondenvironment/lib/python3.8/site-packages/airflow/example_dags/example_time_delta_sensor_async.py
[2025-09-06T19:12:16.125+0545] {processor.py:914} INFO - Processing file /home/ashok/miniconda3/envs/mysecondenvironment/lib/python3.8/site-packages/airflow/example_dags/example_time_delta_sensor_async.py for tasks to queue
[2025-09-06T19:12:16.128+0545] {logging_mixin.py:190} INFO - [2025-09-06T19:12:16.127+0545] {dagbag.py:588} INFO - Filling up the DagBag from /home/ashok/miniconda3/envs/mysecondenvironment/lib/python3.8/site-packages/airflow/example_dags/example_time_delta_sensor_async.py
[2025-09-06T19:12:16.136+0545] {processor.py:925} INFO - DAG(s) 'example_time_delta_sensor_async' retrieved from /home/ashok/miniconda3/envs/mysecondenvironment/lib/python3.8/site-packages/airflow/example_dags/example_time_delta_sensor_async.py
[2025-09-06T19:12:16.155+0545] {logging_mixin.py:190} INFO - [2025-09-06T19:12:16.154+0545] {dag.py:3239} INFO - Sync 1 DAGs
[2025-09-06T19:12:16.169+0545] {logging_mixin.py:190} INFO - [2025-09-06T19:12:16.169+0545] {dag.py:4180} INFO - Setting next_dagrun for example_time_delta_sensor_async to None, run_after=None
[2025-09-06T19:12:16.198+0545] {processor.py:208} INFO - Processing /home/ashok/miniconda3/envs/mysecondenvironment/lib/python3.8/site-packages/airflow/example_dags/example_time_delta_sensor_async.py took 0.081 seconds
[2025-09-06T19:13:14.035+0545] {processor.py:186} INFO - Started process (PID=33158) to work on /home/ashok/miniconda3/envs/mysecondenvironment/lib/python3.8/site-packages/airflow/example_dags/example_time_delta_sensor_async.py
[2025-09-06T19:13:14.038+0545] {processor.py:914} INFO - Processing file /home/ashok/miniconda3/envs/mysecondenvironment/lib/python3.8/site-packages/airflow/example_dags/example_time_delta_sensor_async.py for tasks to queue
[2025-09-06T19:13:14.040+0545] {logging_mixin.py:190} INFO - [2025-09-06T19:13:14.040+0545] {dagbag.py:588} INFO - Filling up the DagBag from /home/ashok/miniconda3/envs/mysecondenvironment/lib/python3.8/site-packages/airflow/example_dags/example_time_delta_sensor_async.py
[2025-09-06T19:13:14.050+0545] {processor.py:925} INFO - DAG(s) 'example_time_delta_sensor_async' retrieved from /home/ashok/miniconda3/envs/mysecondenvironment/lib/python3.8/site-packages/airflow/example_dags/example_time_delta_sensor_async.py
[2025-09-06T19:13:14.066+0545] {logging_mixin.py:190} INFO - [2025-09-06T19:13:14.066+0545] {dag.py:3239} INFO - Sync 1 DAGs
[2025-09-06T19:13:14.079+0545] {logging_mixin.py:190} INFO - [2025-09-06T19:13:14.079+0545] {dag.py:4180} INFO - Setting next_dagrun for example_time_delta_sensor_async to None, run_after=None
[2025-09-06T19:13:14.107+0545] {processor.py:208} INFO - Processing /home/ashok/miniconda3/envs/mysecondenvironment/lib/python3.8/site-packages/airflow/example_dags/example_time_delta_sensor_async.py took 0.079 seconds
[2025-09-06T19:14:14.897+0545] {processor.py:186} INFO - Started process (PID=33546) to work on /home/ashok/miniconda3/envs/mysecondenvironment/lib/python3.8/site-packages/airflow/example_dags/example_time_delta_sensor_async.py
[2025-09-06T19:14:14.900+0545] {processor.py:914} INFO - Processing file /home/ashok/miniconda3/envs/mysecondenvironment/lib/python3.8/site-packages/airflow/example_dags/example_time_delta_sensor_async.py for tasks to queue
[2025-09-06T19:14:14.903+0545] {logging_mixin.py:190} INFO - [2025-09-06T19:14:14.902+0545] {dagbag.py:588} INFO - Filling up the DagBag from /home/ashok/miniconda3/envs/mysecondenvironment/lib/python3.8/site-packages/airflow/example_dags/example_time_delta_sensor_async.py
[2025-09-06T19:14:14.911+0545] {processor.py:925} INFO - DAG(s) 'example_time_delta_sensor_async' retrieved from /home/ashok/miniconda3/envs/mysecondenvironment/lib/python3.8/site-packages/airflow/example_dags/example_time_delta_sensor_async.py
[2025-09-06T19:14:14.929+0545] {logging_mixin.py:190} INFO - [2025-09-06T19:14:14.928+0545] {dag.py:3239} INFO - Sync 1 DAGs
[2025-09-06T19:14:14.941+0545] {logging_mixin.py:190} INFO - [2025-09-06T19:14:14.941+0545] {dag.py:4180} INFO - Setting next_dagrun for example_time_delta_sensor_async to None, run_after=None
[2025-09-06T19:14:14.969+0545] {processor.py:208} INFO - Processing /home/ashok/miniconda3/envs/mysecondenvironment/lib/python3.8/site-packages/airflow/example_dags/example_time_delta_sensor_async.py took 0.079 seconds
[2025-09-06T19:15:15.792+0545] {processor.py:186} INFO - Started process (PID=33986) to work on /home/ashok/miniconda3/envs/mysecondenvironment/lib/python3.8/site-packages/airflow/example_dags/example_time_delta_sensor_async.py
[2025-09-06T19:15:15.794+0545] {processor.py:914} INFO - Processing file /home/ashok/miniconda3/envs/mysecondenvironment/lib/python3.8/site-packages/airflow/example_dags/example_time_delta_sensor_async.py for tasks to queue
[2025-09-06T19:15:15.797+0545] {logging_mixin.py:190} INFO - [2025-09-06T19:15:15.797+0545] {dagbag.py:588} INFO - Filling up the DagBag from /home/ashok/miniconda3/envs/mysecondenvironment/lib/python3.8/site-packages/airflow/example_dags/example_time_delta_sensor_async.py
[2025-09-06T19:15:15.808+0545] {processor.py:925} INFO - DAG(s) 'example_time_delta_sensor_async' retrieved from /home/ashok/miniconda3/envs/mysecondenvironment/lib/python3.8/site-packages/airflow/example_dags/example_time_delta_sensor_async.py
[2025-09-06T19:15:15.826+0545] {logging_mixin.py:190} INFO - [2025-09-06T19:15:15.826+0545] {dag.py:3239} INFO - Sync 1 DAGs
[2025-09-06T19:15:15.839+0545] {logging_mixin.py:190} INFO - [2025-09-06T19:15:15.839+0545] {dag.py:4180} INFO - Setting next_dagrun for example_time_delta_sensor_async to None, run_after=None
[2025-09-06T19:15:15.867+0545] {processor.py:208} INFO - Processing /home/ashok/miniconda3/envs/mysecondenvironment/lib/python3.8/site-packages/airflow/example_dags/example_time_delta_sensor_async.py took 0.082 seconds
[2025-09-06T19:16:15.201+0545] {processor.py:186} INFO - Started process (PID=34469) to work on /home/ashok/miniconda3/envs/mysecondenvironment/lib/python3.8/site-packages/airflow/example_dags/example_time_delta_sensor_async.py
[2025-09-06T19:16:15.204+0545] {processor.py:914} INFO - Processing file /home/ashok/miniconda3/envs/mysecondenvironment/lib/python3.8/site-packages/airflow/example_dags/example_time_delta_sensor_async.py for tasks to queue
[2025-09-06T19:16:15.206+0545] {logging_mixin.py:190} INFO - [2025-09-06T19:16:15.206+0545] {dagbag.py:588} INFO - Filling up the DagBag from /home/ashok/miniconda3/envs/mysecondenvironment/lib/python3.8/site-packages/airflow/example_dags/example_time_delta_sensor_async.py
[2025-09-06T19:16:15.215+0545] {processor.py:925} INFO - DAG(s) 'example_time_delta_sensor_async' retrieved from /home/ashok/miniconda3/envs/mysecondenvironment/lib/python3.8/site-packages/airflow/example_dags/example_time_delta_sensor_async.py
[2025-09-06T19:16:15.232+0545] {logging_mixin.py:190} INFO - [2025-09-06T19:16:15.232+0545] {dag.py:3239} INFO - Sync 1 DAGs
[2025-09-06T19:16:15.245+0545] {logging_mixin.py:190} INFO - [2025-09-06T19:16:15.245+0545] {dag.py:4180} INFO - Setting next_dagrun for example_time_delta_sensor_async to None, run_after=None
[2025-09-06T19:16:15.272+0545] {processor.py:208} INFO - Processing /home/ashok/miniconda3/envs/mysecondenvironment/lib/python3.8/site-packages/airflow/example_dags/example_time_delta_sensor_async.py took 0.079 seconds
[2025-09-06T19:17:14.149+0545] {processor.py:186} INFO - Started process (PID=34914) to work on /home/ashok/miniconda3/envs/mysecondenvironment/lib/python3.8/site-packages/airflow/example_dags/example_time_delta_sensor_async.py
[2025-09-06T19:17:14.152+0545] {processor.py:914} INFO - Processing file /home/ashok/miniconda3/envs/mysecondenvironment/lib/python3.8/site-packages/airflow/example_dags/example_time_delta_sensor_async.py for tasks to queue
[2025-09-06T19:17:14.155+0545] {logging_mixin.py:190} INFO - [2025-09-06T19:17:14.155+0545] {dagbag.py:588} INFO - Filling up the DagBag from /home/ashok/miniconda3/envs/mysecondenvironment/lib/python3.8/site-packages/airflow/example_dags/example_time_delta_sensor_async.py
[2025-09-06T19:17:14.169+0545] {processor.py:925} INFO - DAG(s) 'example_time_delta_sensor_async' retrieved from /home/ashok/miniconda3/envs/mysecondenvironment/lib/python3.8/site-packages/airflow/example_dags/example_time_delta_sensor_async.py
[2025-09-06T19:17:14.195+0545] {logging_mixin.py:190} INFO - [2025-09-06T19:17:14.195+0545] {dag.py:3239} INFO - Sync 1 DAGs
[2025-09-06T19:17:14.215+0545] {logging_mixin.py:190} INFO - [2025-09-06T19:17:14.214+0545] {dag.py:4180} INFO - Setting next_dagrun for example_time_delta_sensor_async to None, run_after=None
[2025-09-06T19:17:14.254+0545] {processor.py:208} INFO - Processing /home/ashok/miniconda3/envs/mysecondenvironment/lib/python3.8/site-packages/airflow/example_dags/example_time_delta_sensor_async.py took 0.114 seconds
[2025-09-06T19:18:14.852+0545] {processor.py:186} INFO - Started process (PID=35315) to work on /home/ashok/miniconda3/envs/mysecondenvironment/lib/python3.8/site-packages/airflow/example_dags/example_time_delta_sensor_async.py
[2025-09-06T19:18:14.855+0545] {processor.py:914} INFO - Processing file /home/ashok/miniconda3/envs/mysecondenvironment/lib/python3.8/site-packages/airflow/example_dags/example_time_delta_sensor_async.py for tasks to queue
[2025-09-06T19:18:14.857+0545] {logging_mixin.py:190} INFO - [2025-09-06T19:18:14.857+0545] {dagbag.py:588} INFO - Filling up the DagBag from /home/ashok/miniconda3/envs/mysecondenvironment/lib/python3.8/site-packages/airflow/example_dags/example_time_delta_sensor_async.py
[2025-09-06T19:18:14.865+0545] {processor.py:925} INFO - DAG(s) 'example_time_delta_sensor_async' retrieved from /home/ashok/miniconda3/envs/mysecondenvironment/lib/python3.8/site-packages/airflow/example_dags/example_time_delta_sensor_async.py
[2025-09-06T19:18:14.882+0545] {logging_mixin.py:190} INFO - [2025-09-06T19:18:14.882+0545] {dag.py:3239} INFO - Sync 1 DAGs
[2025-09-06T19:18:14.895+0545] {logging_mixin.py:190} INFO - [2025-09-06T19:18:14.895+0545] {dag.py:4180} INFO - Setting next_dagrun for example_time_delta_sensor_async to None, run_after=None
[2025-09-06T19:18:14.923+0545] {processor.py:208} INFO - Processing /home/ashok/miniconda3/envs/mysecondenvironment/lib/python3.8/site-packages/airflow/example_dags/example_time_delta_sensor_async.py took 0.079 seconds
[2025-09-06T19:19:20.503+0545] {processor.py:186} INFO - Started process (PID=35848) to work on /home/ashok/miniconda3/envs/mysecondenvironment/lib/python3.8/site-packages/airflow/example_dags/example_time_delta_sensor_async.py
[2025-09-06T19:19:20.506+0545] {processor.py:914} INFO - Processing file /home/ashok/miniconda3/envs/mysecondenvironment/lib/python3.8/site-packages/airflow/example_dags/example_time_delta_sensor_async.py for tasks to queue
[2025-09-06T19:19:20.508+0545] {logging_mixin.py:190} INFO - [2025-09-06T19:19:20.508+0545] {dagbag.py:588} INFO - Filling up the DagBag from /home/ashok/miniconda3/envs/mysecondenvironment/lib/python3.8/site-packages/airflow/example_dags/example_time_delta_sensor_async.py
[2025-09-06T19:19:20.519+0545] {processor.py:925} INFO - DAG(s) 'example_time_delta_sensor_async' retrieved from /home/ashok/miniconda3/envs/mysecondenvironment/lib/python3.8/site-packages/airflow/example_dags/example_time_delta_sensor_async.py
[2025-09-06T19:19:20.539+0545] {logging_mixin.py:190} INFO - [2025-09-06T19:19:20.539+0545] {dag.py:3239} INFO - Sync 1 DAGs
[2025-09-06T19:19:20.556+0545] {logging_mixin.py:190} INFO - [2025-09-06T19:19:20.555+0545] {dag.py:4180} INFO - Setting next_dagrun for example_time_delta_sensor_async to None, run_after=None
[2025-09-06T19:19:20.583+0545] {processor.py:208} INFO - Processing /home/ashok/miniconda3/envs/mysecondenvironment/lib/python3.8/site-packages/airflow/example_dags/example_time_delta_sensor_async.py took 0.088 seconds
[2025-09-06T19:20:20.853+0545] {processor.py:186} INFO - Started process (PID=36273) to work on /home/ashok/miniconda3/envs/mysecondenvironment/lib/python3.8/site-packages/airflow/example_dags/example_time_delta_sensor_async.py
[2025-09-06T19:20:20.855+0545] {processor.py:914} INFO - Processing file /home/ashok/miniconda3/envs/mysecondenvironment/lib/python3.8/site-packages/airflow/example_dags/example_time_delta_sensor_async.py for tasks to queue
[2025-09-06T19:20:20.858+0545] {logging_mixin.py:190} INFO - [2025-09-06T19:20:20.857+0545] {dagbag.py:588} INFO - Filling up the DagBag from /home/ashok/miniconda3/envs/mysecondenvironment/lib/python3.8/site-packages/airflow/example_dags/example_time_delta_sensor_async.py
[2025-09-06T19:20:20.866+0545] {processor.py:925} INFO - DAG(s) 'example_time_delta_sensor_async' retrieved from /home/ashok/miniconda3/envs/mysecondenvironment/lib/python3.8/site-packages/airflow/example_dags/example_time_delta_sensor_async.py
[2025-09-06T19:20:20.883+0545] {logging_mixin.py:190} INFO - [2025-09-06T19:20:20.883+0545] {dag.py:3239} INFO - Sync 1 DAGs
[2025-09-06T19:20:20.895+0545] {logging_mixin.py:190} INFO - [2025-09-06T19:20:20.895+0545] {dag.py:4180} INFO - Setting next_dagrun for example_time_delta_sensor_async to None, run_after=None
[2025-09-06T19:20:20.922+0545] {processor.py:208} INFO - Processing /home/ashok/miniconda3/envs/mysecondenvironment/lib/python3.8/site-packages/airflow/example_dags/example_time_delta_sensor_async.py took 0.077 seconds
[2025-09-06T19:21:21.755+0545] {processor.py:186} INFO - Started process (PID=36706) to work on /home/ashok/miniconda3/envs/mysecondenvironment/lib/python3.8/site-packages/airflow/example_dags/example_time_delta_sensor_async.py
[2025-09-06T19:21:21.758+0545] {processor.py:914} INFO - Processing file /home/ashok/miniconda3/envs/mysecondenvironment/lib/python3.8/site-packages/airflow/example_dags/example_time_delta_sensor_async.py for tasks to queue
[2025-09-06T19:21:21.761+0545] {logging_mixin.py:190} INFO - [2025-09-06T19:21:21.760+0545] {dagbag.py:588} INFO - Filling up the DagBag from /home/ashok/miniconda3/envs/mysecondenvironment/lib/python3.8/site-packages/airflow/example_dags/example_time_delta_sensor_async.py
[2025-09-06T19:21:21.767+0545] {processor.py:925} INFO - DAG(s) 'example_time_delta_sensor_async' retrieved from /home/ashok/miniconda3/envs/mysecondenvironment/lib/python3.8/site-packages/airflow/example_dags/example_time_delta_sensor_async.py
[2025-09-06T19:21:21.781+0545] {logging_mixin.py:190} INFO - [2025-09-06T19:21:21.781+0545] {dag.py:3239} INFO - Sync 1 DAGs
[2025-09-06T19:21:21.792+0545] {logging_mixin.py:190} INFO - [2025-09-06T19:21:21.792+0545] {dag.py:4180} INFO - Setting next_dagrun for example_time_delta_sensor_async to None, run_after=None
[2025-09-06T19:21:21.816+0545] {processor.py:208} INFO - Processing /home/ashok/miniconda3/envs/mysecondenvironment/lib/python3.8/site-packages/airflow/example_dags/example_time_delta_sensor_async.py took 0.068 seconds
[2025-09-06T19:22:23.876+0545] {processor.py:186} INFO - Started process (PID=37239) to work on /home/ashok/miniconda3/envs/mysecondenvironment/lib/python3.8/site-packages/airflow/example_dags/example_time_delta_sensor_async.py
[2025-09-06T19:22:23.878+0545] {processor.py:914} INFO - Processing file /home/ashok/miniconda3/envs/mysecondenvironment/lib/python3.8/site-packages/airflow/example_dags/example_time_delta_sensor_async.py for tasks to queue
[2025-09-06T19:22:23.881+0545] {logging_mixin.py:190} INFO - [2025-09-06T19:22:23.880+0545] {dagbag.py:588} INFO - Filling up the DagBag from /home/ashok/miniconda3/envs/mysecondenvironment/lib/python3.8/site-packages/airflow/example_dags/example_time_delta_sensor_async.py
[2025-09-06T19:22:23.889+0545] {processor.py:925} INFO - DAG(s) 'example_time_delta_sensor_async' retrieved from /home/ashok/miniconda3/envs/mysecondenvironment/lib/python3.8/site-packages/airflow/example_dags/example_time_delta_sensor_async.py
[2025-09-06T19:22:23.906+0545] {logging_mixin.py:190} INFO - [2025-09-06T19:22:23.905+0545] {dag.py:3239} INFO - Sync 1 DAGs
[2025-09-06T19:22:23.919+0545] {logging_mixin.py:190} INFO - [2025-09-06T19:22:23.918+0545] {dag.py:4180} INFO - Setting next_dagrun for example_time_delta_sensor_async to None, run_after=None
[2025-09-06T19:22:23.946+0545] {processor.py:208} INFO - Processing /home/ashok/miniconda3/envs/mysecondenvironment/lib/python3.8/site-packages/airflow/example_dags/example_time_delta_sensor_async.py took 0.077 seconds
[2025-09-06T19:23:24.989+0545] {processor.py:186} INFO - Started process (PID=37640) to work on /home/ashok/miniconda3/envs/mysecondenvironment/lib/python3.8/site-packages/airflow/example_dags/example_time_delta_sensor_async.py
[2025-09-06T19:23:24.992+0545] {processor.py:914} INFO - Processing file /home/ashok/miniconda3/envs/mysecondenvironment/lib/python3.8/site-packages/airflow/example_dags/example_time_delta_sensor_async.py for tasks to queue
[2025-09-06T19:23:24.994+0545] {logging_mixin.py:190} INFO - [2025-09-06T19:23:24.994+0545] {dagbag.py:588} INFO - Filling up the DagBag from /home/ashok/miniconda3/envs/mysecondenvironment/lib/python3.8/site-packages/airflow/example_dags/example_time_delta_sensor_async.py
[2025-09-06T19:23:25.003+0545] {processor.py:925} INFO - DAG(s) 'example_time_delta_sensor_async' retrieved from /home/ashok/miniconda3/envs/mysecondenvironment/lib/python3.8/site-packages/airflow/example_dags/example_time_delta_sensor_async.py
[2025-09-06T19:23:25.021+0545] {logging_mixin.py:190} INFO - [2025-09-06T19:23:25.021+0545] {dag.py:3239} INFO - Sync 1 DAGs
[2025-09-06T19:23:25.033+0545] {logging_mixin.py:190} INFO - [2025-09-06T19:23:25.033+0545] {dag.py:4180} INFO - Setting next_dagrun for example_time_delta_sensor_async to None, run_after=None
[2025-09-06T19:23:25.061+0545] {processor.py:208} INFO - Processing /home/ashok/miniconda3/envs/mysecondenvironment/lib/python3.8/site-packages/airflow/example_dags/example_time_delta_sensor_async.py took 0.080 seconds
[2025-09-06T19:24:33.110+0545] {processor.py:186} INFO - Started process (PID=38264) to work on /home/ashok/miniconda3/envs/mysecondenvironment/lib/python3.8/site-packages/airflow/example_dags/example_time_delta_sensor_async.py
[2025-09-06T19:24:33.112+0545] {processor.py:914} INFO - Processing file /home/ashok/miniconda3/envs/mysecondenvironment/lib/python3.8/site-packages/airflow/example_dags/example_time_delta_sensor_async.py for tasks to queue
[2025-09-06T19:24:33.115+0545] {logging_mixin.py:190} INFO - [2025-09-06T19:24:33.114+0545] {dagbag.py:588} INFO - Filling up the DagBag from /home/ashok/miniconda3/envs/mysecondenvironment/lib/python3.8/site-packages/airflow/example_dags/example_time_delta_sensor_async.py
[2025-09-06T19:24:33.123+0545] {processor.py:925} INFO - DAG(s) 'example_time_delta_sensor_async' retrieved from /home/ashok/miniconda3/envs/mysecondenvironment/lib/python3.8/site-packages/airflow/example_dags/example_time_delta_sensor_async.py
[2025-09-06T19:24:33.142+0545] {logging_mixin.py:190} INFO - [2025-09-06T19:24:33.141+0545] {dag.py:3239} INFO - Sync 1 DAGs
[2025-09-06T19:24:33.154+0545] {logging_mixin.py:190} INFO - [2025-09-06T19:24:33.154+0545] {dag.py:4180} INFO - Setting next_dagrun for example_time_delta_sensor_async to None, run_after=None
[2025-09-06T19:24:33.408+0545] {processor.py:208} INFO - Processing /home/ashok/miniconda3/envs/mysecondenvironment/lib/python3.8/site-packages/airflow/example_dags/example_time_delta_sensor_async.py took 0.306 seconds
[2025-09-06T19:25:43.709+0545] {processor.py:186} INFO - Started process (PID=38867) to work on /home/ashok/miniconda3/envs/mysecondenvironment/lib/python3.8/site-packages/airflow/example_dags/example_time_delta_sensor_async.py
[2025-09-06T19:25:43.711+0545] {processor.py:914} INFO - Processing file /home/ashok/miniconda3/envs/mysecondenvironment/lib/python3.8/site-packages/airflow/example_dags/example_time_delta_sensor_async.py for tasks to queue
[2025-09-06T19:25:43.715+0545] {logging_mixin.py:190} INFO - [2025-09-06T19:25:43.714+0545] {dagbag.py:588} INFO - Filling up the DagBag from /home/ashok/miniconda3/envs/mysecondenvironment/lib/python3.8/site-packages/airflow/example_dags/example_time_delta_sensor_async.py
[2025-09-06T19:25:43.722+0545] {processor.py:925} INFO - DAG(s) 'example_time_delta_sensor_async' retrieved from /home/ashok/miniconda3/envs/mysecondenvironment/lib/python3.8/site-packages/airflow/example_dags/example_time_delta_sensor_async.py
[2025-09-06T19:25:43.740+0545] {logging_mixin.py:190} INFO - [2025-09-06T19:25:43.740+0545] {dag.py:3239} INFO - Sync 1 DAGs
[2025-09-06T19:25:43.752+0545] {logging_mixin.py:190} INFO - [2025-09-06T19:25:43.752+0545] {dag.py:4180} INFO - Setting next_dagrun for example_time_delta_sensor_async to None, run_after=None
[2025-09-06T19:25:43.778+0545] {processor.py:208} INFO - Processing /home/ashok/miniconda3/envs/mysecondenvironment/lib/python3.8/site-packages/airflow/example_dags/example_time_delta_sensor_async.py took 0.076 seconds
[2025-09-06T19:26:45.294+0545] {processor.py:186} INFO - Started process (PID=39444) to work on /home/ashok/miniconda3/envs/mysecondenvironment/lib/python3.8/site-packages/airflow/example_dags/example_time_delta_sensor_async.py
[2025-09-06T19:26:45.296+0545] {processor.py:914} INFO - Processing file /home/ashok/miniconda3/envs/mysecondenvironment/lib/python3.8/site-packages/airflow/example_dags/example_time_delta_sensor_async.py for tasks to queue
[2025-09-06T19:26:45.299+0545] {logging_mixin.py:190} INFO - [2025-09-06T19:26:45.299+0545] {dagbag.py:588} INFO - Filling up the DagBag from /home/ashok/miniconda3/envs/mysecondenvironment/lib/python3.8/site-packages/airflow/example_dags/example_time_delta_sensor_async.py
[2025-09-06T19:26:45.307+0545] {processor.py:925} INFO - DAG(s) 'example_time_delta_sensor_async' retrieved from /home/ashok/miniconda3/envs/mysecondenvironment/lib/python3.8/site-packages/airflow/example_dags/example_time_delta_sensor_async.py
[2025-09-06T19:26:45.324+0545] {logging_mixin.py:190} INFO - [2025-09-06T19:26:45.323+0545] {dag.py:3239} INFO - Sync 1 DAGs
[2025-09-06T19:26:45.336+0545] {logging_mixin.py:190} INFO - [2025-09-06T19:26:45.336+0545] {dag.py:4180} INFO - Setting next_dagrun for example_time_delta_sensor_async to None, run_after=None
[2025-09-06T19:26:45.363+0545] {processor.py:208} INFO - Processing /home/ashok/miniconda3/envs/mysecondenvironment/lib/python3.8/site-packages/airflow/example_dags/example_time_delta_sensor_async.py took 0.077 seconds
[2025-09-06T19:27:45.976+0545] {processor.py:186} INFO - Started process (PID=39853) to work on /home/ashok/miniconda3/envs/mysecondenvironment/lib/python3.8/site-packages/airflow/example_dags/example_time_delta_sensor_async.py
[2025-09-06T19:27:45.978+0545] {processor.py:914} INFO - Processing file /home/ashok/miniconda3/envs/mysecondenvironment/lib/python3.8/site-packages/airflow/example_dags/example_time_delta_sensor_async.py for tasks to queue
[2025-09-06T19:27:45.982+0545] {logging_mixin.py:190} INFO - [2025-09-06T19:27:45.982+0545] {dagbag.py:588} INFO - Filling up the DagBag from /home/ashok/miniconda3/envs/mysecondenvironment/lib/python3.8/site-packages/airflow/example_dags/example_time_delta_sensor_async.py
[2025-09-06T19:27:45.992+0545] {processor.py:925} INFO - DAG(s) 'example_time_delta_sensor_async' retrieved from /home/ashok/miniconda3/envs/mysecondenvironment/lib/python3.8/site-packages/airflow/example_dags/example_time_delta_sensor_async.py
[2025-09-06T19:27:46.010+0545] {logging_mixin.py:190} INFO - [2025-09-06T19:27:46.009+0545] {dag.py:3239} INFO - Sync 1 DAGs
[2025-09-06T19:27:46.022+0545] {logging_mixin.py:190} INFO - [2025-09-06T19:27:46.022+0545] {dag.py:4180} INFO - Setting next_dagrun for example_time_delta_sensor_async to None, run_after=None
[2025-09-06T19:27:46.048+0545] {processor.py:208} INFO - Processing /home/ashok/miniconda3/envs/mysecondenvironment/lib/python3.8/site-packages/airflow/example_dags/example_time_delta_sensor_async.py took 0.080 seconds
[2025-09-06T19:28:44.935+0545] {processor.py:186} INFO - Started process (PID=40320) to work on /home/ashok/miniconda3/envs/mysecondenvironment/lib/python3.8/site-packages/airflow/example_dags/example_time_delta_sensor_async.py
[2025-09-06T19:28:44.938+0545] {processor.py:914} INFO - Processing file /home/ashok/miniconda3/envs/mysecondenvironment/lib/python3.8/site-packages/airflow/example_dags/example_time_delta_sensor_async.py for tasks to queue
[2025-09-06T19:28:44.941+0545] {logging_mixin.py:190} INFO - [2025-09-06T19:28:44.940+0545] {dagbag.py:588} INFO - Filling up the DagBag from /home/ashok/miniconda3/envs/mysecondenvironment/lib/python3.8/site-packages/airflow/example_dags/example_time_delta_sensor_async.py
[2025-09-06T19:28:44.948+0545] {processor.py:925} INFO - DAG(s) 'example_time_delta_sensor_async' retrieved from /home/ashok/miniconda3/envs/mysecondenvironment/lib/python3.8/site-packages/airflow/example_dags/example_time_delta_sensor_async.py
[2025-09-06T19:28:44.965+0545] {logging_mixin.py:190} INFO - [2025-09-06T19:28:44.965+0545] {dag.py:3239} INFO - Sync 1 DAGs
[2025-09-06T19:28:44.977+0545] {logging_mixin.py:190} INFO - [2025-09-06T19:28:44.977+0545] {dag.py:4180} INFO - Setting next_dagrun for example_time_delta_sensor_async to None, run_after=None
[2025-09-06T19:28:45.005+0545] {processor.py:208} INFO - Processing /home/ashok/miniconda3/envs/mysecondenvironment/lib/python3.8/site-packages/airflow/example_dags/example_time_delta_sensor_async.py took 0.076 seconds
[2025-09-06T19:29:45.254+0545] {processor.py:186} INFO - Started process (PID=40943) to work on /home/ashok/miniconda3/envs/mysecondenvironment/lib/python3.8/site-packages/airflow/example_dags/example_time_delta_sensor_async.py
[2025-09-06T19:29:45.255+0545] {processor.py:914} INFO - Processing file /home/ashok/miniconda3/envs/mysecondenvironment/lib/python3.8/site-packages/airflow/example_dags/example_time_delta_sensor_async.py for tasks to queue
[2025-09-06T19:29:45.257+0545] {logging_mixin.py:190} INFO - [2025-09-06T19:29:45.257+0545] {dagbag.py:588} INFO - Filling up the DagBag from /home/ashok/miniconda3/envs/mysecondenvironment/lib/python3.8/site-packages/airflow/example_dags/example_time_delta_sensor_async.py
[2025-09-06T19:29:45.264+0545] {processor.py:925} INFO - DAG(s) 'example_time_delta_sensor_async' retrieved from /home/ashok/miniconda3/envs/mysecondenvironment/lib/python3.8/site-packages/airflow/example_dags/example_time_delta_sensor_async.py
[2025-09-06T19:29:45.278+0545] {logging_mixin.py:190} INFO - [2025-09-06T19:29:45.278+0545] {dag.py:3239} INFO - Sync 1 DAGs
[2025-09-06T19:29:45.288+0545] {logging_mixin.py:190} INFO - [2025-09-06T19:29:45.287+0545] {dag.py:4180} INFO - Setting next_dagrun for example_time_delta_sensor_async to None, run_after=None
[2025-09-06T19:29:45.311+0545] {processor.py:208} INFO - Processing /home/ashok/miniconda3/envs/mysecondenvironment/lib/python3.8/site-packages/airflow/example_dags/example_time_delta_sensor_async.py took 0.064 seconds
[2025-09-06T19:30:45.430+0545] {processor.py:186} INFO - Started process (PID=41517) to work on /home/ashok/miniconda3/envs/mysecondenvironment/lib/python3.8/site-packages/airflow/example_dags/example_time_delta_sensor_async.py
[2025-09-06T19:30:45.433+0545] {processor.py:914} INFO - Processing file /home/ashok/miniconda3/envs/mysecondenvironment/lib/python3.8/site-packages/airflow/example_dags/example_time_delta_sensor_async.py for tasks to queue
[2025-09-06T19:30:45.435+0545] {logging_mixin.py:190} INFO - [2025-09-06T19:30:45.434+0545] {dagbag.py:588} INFO - Filling up the DagBag from /home/ashok/miniconda3/envs/mysecondenvironment/lib/python3.8/site-packages/airflow/example_dags/example_time_delta_sensor_async.py
[2025-09-06T19:30:45.442+0545] {processor.py:925} INFO - DAG(s) 'example_time_delta_sensor_async' retrieved from /home/ashok/miniconda3/envs/mysecondenvironment/lib/python3.8/site-packages/airflow/example_dags/example_time_delta_sensor_async.py
[2025-09-06T19:30:45.456+0545] {logging_mixin.py:190} INFO - [2025-09-06T19:30:45.455+0545] {dag.py:3239} INFO - Sync 1 DAGs
[2025-09-06T19:30:45.467+0545] {logging_mixin.py:190} INFO - [2025-09-06T19:30:45.467+0545] {dag.py:4180} INFO - Setting next_dagrun for example_time_delta_sensor_async to None, run_after=None
[2025-09-06T19:30:45.492+0545] {processor.py:208} INFO - Processing /home/ashok/miniconda3/envs/mysecondenvironment/lib/python3.8/site-packages/airflow/example_dags/example_time_delta_sensor_async.py took 0.068 seconds
[2025-09-06T19:31:45.827+0545] {processor.py:186} INFO - Started process (PID=42091) to work on /home/ashok/miniconda3/envs/mysecondenvironment/lib/python3.8/site-packages/airflow/example_dags/example_time_delta_sensor_async.py
[2025-09-06T19:31:45.829+0545] {processor.py:914} INFO - Processing file /home/ashok/miniconda3/envs/mysecondenvironment/lib/python3.8/site-packages/airflow/example_dags/example_time_delta_sensor_async.py for tasks to queue
[2025-09-06T19:31:45.831+0545] {logging_mixin.py:190} INFO - [2025-09-06T19:31:45.830+0545] {dagbag.py:588} INFO - Filling up the DagBag from /home/ashok/miniconda3/envs/mysecondenvironment/lib/python3.8/site-packages/airflow/example_dags/example_time_delta_sensor_async.py
[2025-09-06T19:31:45.838+0545] {processor.py:925} INFO - DAG(s) 'example_time_delta_sensor_async' retrieved from /home/ashok/miniconda3/envs/mysecondenvironment/lib/python3.8/site-packages/airflow/example_dags/example_time_delta_sensor_async.py
[2025-09-06T19:31:45.852+0545] {logging_mixin.py:190} INFO - [2025-09-06T19:31:45.851+0545] {dag.py:3239} INFO - Sync 1 DAGs
[2025-09-06T19:31:45.863+0545] {logging_mixin.py:190} INFO - [2025-09-06T19:31:45.863+0545] {dag.py:4180} INFO - Setting next_dagrun for example_time_delta_sensor_async to None, run_after=None
[2025-09-06T19:31:45.885+0545] {processor.py:208} INFO - Processing /home/ashok/miniconda3/envs/mysecondenvironment/lib/python3.8/site-packages/airflow/example_dags/example_time_delta_sensor_async.py took 0.065 seconds
[2025-09-06T19:32:46.277+0545] {processor.py:186} INFO - Started process (PID=42490) to work on /home/ashok/miniconda3/envs/mysecondenvironment/lib/python3.8/site-packages/airflow/example_dags/example_time_delta_sensor_async.py
[2025-09-06T19:32:46.280+0545] {processor.py:914} INFO - Processing file /home/ashok/miniconda3/envs/mysecondenvironment/lib/python3.8/site-packages/airflow/example_dags/example_time_delta_sensor_async.py for tasks to queue
[2025-09-06T19:32:46.283+0545] {logging_mixin.py:190} INFO - [2025-09-06T19:32:46.282+0545] {dagbag.py:588} INFO - Filling up the DagBag from /home/ashok/miniconda3/envs/mysecondenvironment/lib/python3.8/site-packages/airflow/example_dags/example_time_delta_sensor_async.py
[2025-09-06T19:32:46.292+0545] {processor.py:925} INFO - DAG(s) 'example_time_delta_sensor_async' retrieved from /home/ashok/miniconda3/envs/mysecondenvironment/lib/python3.8/site-packages/airflow/example_dags/example_time_delta_sensor_async.py
[2025-09-06T19:32:46.309+0545] {logging_mixin.py:190} INFO - [2025-09-06T19:32:46.309+0545] {dag.py:3239} INFO - Sync 1 DAGs
[2025-09-06T19:32:46.322+0545] {logging_mixin.py:190} INFO - [2025-09-06T19:32:46.321+0545] {dag.py:4180} INFO - Setting next_dagrun for example_time_delta_sensor_async to None, run_after=None
[2025-09-06T19:32:46.350+0545] {processor.py:208} INFO - Processing /home/ashok/miniconda3/envs/mysecondenvironment/lib/python3.8/site-packages/airflow/example_dags/example_time_delta_sensor_async.py took 0.080 seconds
[2025-09-06T19:33:47.552+0545] {processor.py:186} INFO - Started process (PID=42890) to work on /home/ashok/miniconda3/envs/mysecondenvironment/lib/python3.8/site-packages/airflow/example_dags/example_time_delta_sensor_async.py
[2025-09-06T19:33:47.555+0545] {processor.py:914} INFO - Processing file /home/ashok/miniconda3/envs/mysecondenvironment/lib/python3.8/site-packages/airflow/example_dags/example_time_delta_sensor_async.py for tasks to queue
[2025-09-06T19:33:47.559+0545] {logging_mixin.py:190} INFO - [2025-09-06T19:33:47.558+0545] {dagbag.py:588} INFO - Filling up the DagBag from /home/ashok/miniconda3/envs/mysecondenvironment/lib/python3.8/site-packages/airflow/example_dags/example_time_delta_sensor_async.py
[2025-09-06T19:33:47.566+0545] {processor.py:925} INFO - DAG(s) 'example_time_delta_sensor_async' retrieved from /home/ashok/miniconda3/envs/mysecondenvironment/lib/python3.8/site-packages/airflow/example_dags/example_time_delta_sensor_async.py
[2025-09-06T19:33:47.584+0545] {logging_mixin.py:190} INFO - [2025-09-06T19:33:47.584+0545] {dag.py:3239} INFO - Sync 1 DAGs
[2025-09-06T19:33:47.597+0545] {logging_mixin.py:190} INFO - [2025-09-06T19:33:47.597+0545] {dag.py:4180} INFO - Setting next_dagrun for example_time_delta_sensor_async to None, run_after=None
[2025-09-06T19:33:47.624+0545] {processor.py:208} INFO - Processing /home/ashok/miniconda3/envs/mysecondenvironment/lib/python3.8/site-packages/airflow/example_dags/example_time_delta_sensor_async.py took 0.080 seconds
[2025-09-06T19:34:48.121+0545] {processor.py:186} INFO - Started process (PID=43327) to work on /home/ashok/miniconda3/envs/mysecondenvironment/lib/python3.8/site-packages/airflow/example_dags/example_time_delta_sensor_async.py
[2025-09-06T19:34:48.124+0545] {processor.py:914} INFO - Processing file /home/ashok/miniconda3/envs/mysecondenvironment/lib/python3.8/site-packages/airflow/example_dags/example_time_delta_sensor_async.py for tasks to queue
[2025-09-06T19:34:48.127+0545] {logging_mixin.py:190} INFO - [2025-09-06T19:34:48.127+0545] {dagbag.py:588} INFO - Filling up the DagBag from /home/ashok/miniconda3/envs/mysecondenvironment/lib/python3.8/site-packages/airflow/example_dags/example_time_delta_sensor_async.py
[2025-09-06T19:34:48.138+0545] {processor.py:925} INFO - DAG(s) 'example_time_delta_sensor_async' retrieved from /home/ashok/miniconda3/envs/mysecondenvironment/lib/python3.8/site-packages/airflow/example_dags/example_time_delta_sensor_async.py
[2025-09-06T19:34:48.158+0545] {logging_mixin.py:190} INFO - [2025-09-06T19:34:48.158+0545] {dag.py:3239} INFO - Sync 1 DAGs
[2025-09-06T19:34:48.174+0545] {logging_mixin.py:190} INFO - [2025-09-06T19:34:48.174+0545] {dag.py:4180} INFO - Setting next_dagrun for example_time_delta_sensor_async to None, run_after=None
[2025-09-06T19:34:48.205+0545] {processor.py:208} INFO - Processing /home/ashok/miniconda3/envs/mysecondenvironment/lib/python3.8/site-packages/airflow/example_dags/example_time_delta_sensor_async.py took 0.093 seconds
[2025-09-06T19:35:52.065+0545] {processor.py:186} INFO - Started process (PID=43844) to work on /home/ashok/miniconda3/envs/mysecondenvironment/lib/python3.8/site-packages/airflow/example_dags/example_time_delta_sensor_async.py
[2025-09-06T19:35:52.067+0545] {processor.py:914} INFO - Processing file /home/ashok/miniconda3/envs/mysecondenvironment/lib/python3.8/site-packages/airflow/example_dags/example_time_delta_sensor_async.py for tasks to queue
[2025-09-06T19:35:52.070+0545] {logging_mixin.py:190} INFO - [2025-09-06T19:35:52.070+0545] {dagbag.py:588} INFO - Filling up the DagBag from /home/ashok/miniconda3/envs/mysecondenvironment/lib/python3.8/site-packages/airflow/example_dags/example_time_delta_sensor_async.py
[2025-09-06T19:35:52.079+0545] {processor.py:925} INFO - DAG(s) 'example_time_delta_sensor_async' retrieved from /home/ashok/miniconda3/envs/mysecondenvironment/lib/python3.8/site-packages/airflow/example_dags/example_time_delta_sensor_async.py
[2025-09-06T19:35:52.095+0545] {logging_mixin.py:190} INFO - [2025-09-06T19:35:52.095+0545] {dag.py:3239} INFO - Sync 1 DAGs
[2025-09-06T19:35:52.108+0545] {logging_mixin.py:190} INFO - [2025-09-06T19:35:52.107+0545] {dag.py:4180} INFO - Setting next_dagrun for example_time_delta_sensor_async to None, run_after=None
[2025-09-06T19:35:52.137+0545] {processor.py:208} INFO - Processing /home/ashok/miniconda3/envs/mysecondenvironment/lib/python3.8/site-packages/airflow/example_dags/example_time_delta_sensor_async.py took 0.080 seconds
[2025-09-06T19:36:51.945+0545] {processor.py:186} INFO - Started process (PID=44352) to work on /home/ashok/miniconda3/envs/mysecondenvironment/lib/python3.8/site-packages/airflow/example_dags/example_time_delta_sensor_async.py
[2025-09-06T19:36:51.948+0545] {processor.py:914} INFO - Processing file /home/ashok/miniconda3/envs/mysecondenvironment/lib/python3.8/site-packages/airflow/example_dags/example_time_delta_sensor_async.py for tasks to queue
[2025-09-06T19:36:51.951+0545] {logging_mixin.py:190} INFO - [2025-09-06T19:36:51.951+0545] {dagbag.py:588} INFO - Filling up the DagBag from /home/ashok/miniconda3/envs/mysecondenvironment/lib/python3.8/site-packages/airflow/example_dags/example_time_delta_sensor_async.py
[2025-09-06T19:36:51.960+0545] {processor.py:925} INFO - DAG(s) 'example_time_delta_sensor_async' retrieved from /home/ashok/miniconda3/envs/mysecondenvironment/lib/python3.8/site-packages/airflow/example_dags/example_time_delta_sensor_async.py
[2025-09-06T19:36:51.979+0545] {logging_mixin.py:190} INFO - [2025-09-06T19:36:51.979+0545] {dag.py:3239} INFO - Sync 1 DAGs
[2025-09-06T19:36:51.992+0545] {logging_mixin.py:190} INFO - [2025-09-06T19:36:51.992+0545] {dag.py:4180} INFO - Setting next_dagrun for example_time_delta_sensor_async to None, run_after=None
[2025-09-06T19:36:52.019+0545] {processor.py:208} INFO - Processing /home/ashok/miniconda3/envs/mysecondenvironment/lib/python3.8/site-packages/airflow/example_dags/example_time_delta_sensor_async.py took 0.081 seconds
[2025-09-06T19:37:51.751+0545] {processor.py:186} INFO - Started process (PID=44759) to work on /home/ashok/miniconda3/envs/mysecondenvironment/lib/python3.8/site-packages/airflow/example_dags/example_time_delta_sensor_async.py
[2025-09-06T19:37:51.753+0545] {processor.py:914} INFO - Processing file /home/ashok/miniconda3/envs/mysecondenvironment/lib/python3.8/site-packages/airflow/example_dags/example_time_delta_sensor_async.py for tasks to queue
[2025-09-06T19:37:51.756+0545] {logging_mixin.py:190} INFO - [2025-09-06T19:37:51.755+0545] {dagbag.py:588} INFO - Filling up the DagBag from /home/ashok/miniconda3/envs/mysecondenvironment/lib/python3.8/site-packages/airflow/example_dags/example_time_delta_sensor_async.py
[2025-09-06T19:37:51.764+0545] {processor.py:925} INFO - DAG(s) 'example_time_delta_sensor_async' retrieved from /home/ashok/miniconda3/envs/mysecondenvironment/lib/python3.8/site-packages/airflow/example_dags/example_time_delta_sensor_async.py
[2025-09-06T19:37:51.781+0545] {logging_mixin.py:190} INFO - [2025-09-06T19:37:51.780+0545] {dag.py:3239} INFO - Sync 1 DAGs
[2025-09-06T19:37:51.793+0545] {logging_mixin.py:190} INFO - [2025-09-06T19:37:51.793+0545] {dag.py:4180} INFO - Setting next_dagrun for example_time_delta_sensor_async to None, run_after=None
[2025-09-06T19:37:51.820+0545] {processor.py:208} INFO - Processing /home/ashok/miniconda3/envs/mysecondenvironment/lib/python3.8/site-packages/airflow/example_dags/example_time_delta_sensor_async.py took 0.077 seconds
[2025-09-06T19:38:53.266+0545] {processor.py:186} INFO - Started process (PID=45195) to work on /home/ashok/miniconda3/envs/mysecondenvironment/lib/python3.8/site-packages/airflow/example_dags/example_time_delta_sensor_async.py
[2025-09-06T19:38:53.268+0545] {processor.py:914} INFO - Processing file /home/ashok/miniconda3/envs/mysecondenvironment/lib/python3.8/site-packages/airflow/example_dags/example_time_delta_sensor_async.py for tasks to queue
[2025-09-06T19:38:53.270+0545] {logging_mixin.py:190} INFO - [2025-09-06T19:38:53.270+0545] {dagbag.py:588} INFO - Filling up the DagBag from /home/ashok/miniconda3/envs/mysecondenvironment/lib/python3.8/site-packages/airflow/example_dags/example_time_delta_sensor_async.py
[2025-09-06T19:38:53.280+0545] {processor.py:925} INFO - DAG(s) 'example_time_delta_sensor_async' retrieved from /home/ashok/miniconda3/envs/mysecondenvironment/lib/python3.8/site-packages/airflow/example_dags/example_time_delta_sensor_async.py
[2025-09-06T19:38:53.298+0545] {logging_mixin.py:190} INFO - [2025-09-06T19:38:53.298+0545] {dag.py:3239} INFO - Sync 1 DAGs
[2025-09-06T19:38:53.311+0545] {logging_mixin.py:190} INFO - [2025-09-06T19:38:53.311+0545] {dag.py:4180} INFO - Setting next_dagrun for example_time_delta_sensor_async to None, run_after=None
[2025-09-06T19:38:53.335+0545] {processor.py:208} INFO - Processing /home/ashok/miniconda3/envs/mysecondenvironment/lib/python3.8/site-packages/airflow/example_dags/example_time_delta_sensor_async.py took 0.077 seconds
[2025-09-06T19:39:51.341+0545] {processor.py:186} INFO - Started process (PID=45571) to work on /home/ashok/miniconda3/envs/mysecondenvironment/lib/python3.8/site-packages/airflow/example_dags/example_time_delta_sensor_async.py
[2025-09-06T19:39:51.344+0545] {processor.py:914} INFO - Processing file /home/ashok/miniconda3/envs/mysecondenvironment/lib/python3.8/site-packages/airflow/example_dags/example_time_delta_sensor_async.py for tasks to queue
[2025-09-06T19:39:51.346+0545] {logging_mixin.py:190} INFO - [2025-09-06T19:39:51.346+0545] {dagbag.py:588} INFO - Filling up the DagBag from /home/ashok/miniconda3/envs/mysecondenvironment/lib/python3.8/site-packages/airflow/example_dags/example_time_delta_sensor_async.py
[2025-09-06T19:39:51.355+0545] {processor.py:925} INFO - DAG(s) 'example_time_delta_sensor_async' retrieved from /home/ashok/miniconda3/envs/mysecondenvironment/lib/python3.8/site-packages/airflow/example_dags/example_time_delta_sensor_async.py
[2025-09-06T19:39:51.372+0545] {logging_mixin.py:190} INFO - [2025-09-06T19:39:51.372+0545] {dag.py:3239} INFO - Sync 1 DAGs
[2025-09-06T19:39:51.385+0545] {logging_mixin.py:190} INFO - [2025-09-06T19:39:51.385+0545] {dag.py:4180} INFO - Setting next_dagrun for example_time_delta_sensor_async to None, run_after=None
[2025-09-06T19:39:51.413+0545] {processor.py:208} INFO - Processing /home/ashok/miniconda3/envs/mysecondenvironment/lib/python3.8/site-packages/airflow/example_dags/example_time_delta_sensor_async.py took 0.080 seconds
[2025-09-06T19:40:51.103+0545] {processor.py:186} INFO - Started process (PID=46023) to work on /home/ashok/miniconda3/envs/mysecondenvironment/lib/python3.8/site-packages/airflow/example_dags/example_time_delta_sensor_async.py
[2025-09-06T19:40:51.106+0545] {processor.py:914} INFO - Processing file /home/ashok/miniconda3/envs/mysecondenvironment/lib/python3.8/site-packages/airflow/example_dags/example_time_delta_sensor_async.py for tasks to queue
[2025-09-06T19:40:51.108+0545] {logging_mixin.py:190} INFO - [2025-09-06T19:40:51.108+0545] {dagbag.py:588} INFO - Filling up the DagBag from /home/ashok/miniconda3/envs/mysecondenvironment/lib/python3.8/site-packages/airflow/example_dags/example_time_delta_sensor_async.py
[2025-09-06T19:40:51.116+0545] {processor.py:925} INFO - DAG(s) 'example_time_delta_sensor_async' retrieved from /home/ashok/miniconda3/envs/mysecondenvironment/lib/python3.8/site-packages/airflow/example_dags/example_time_delta_sensor_async.py
[2025-09-06T19:40:51.135+0545] {logging_mixin.py:190} INFO - [2025-09-06T19:40:51.135+0545] {dag.py:3239} INFO - Sync 1 DAGs
[2025-09-06T19:40:51.147+0545] {logging_mixin.py:190} INFO - [2025-09-06T19:40:51.147+0545] {dag.py:4180} INFO - Setting next_dagrun for example_time_delta_sensor_async to None, run_after=None
[2025-09-06T19:40:51.174+0545] {processor.py:208} INFO - Processing /home/ashok/miniconda3/envs/mysecondenvironment/lib/python3.8/site-packages/airflow/example_dags/example_time_delta_sensor_async.py took 0.078 seconds
[2025-09-06T19:41:52.801+0545] {processor.py:186} INFO - Started process (PID=46655) to work on /home/ashok/miniconda3/envs/mysecondenvironment/lib/python3.8/site-packages/airflow/example_dags/example_time_delta_sensor_async.py
[2025-09-06T19:41:52.804+0545] {processor.py:914} INFO - Processing file /home/ashok/miniconda3/envs/mysecondenvironment/lib/python3.8/site-packages/airflow/example_dags/example_time_delta_sensor_async.py for tasks to queue
[2025-09-06T19:41:52.807+0545] {logging_mixin.py:190} INFO - [2025-09-06T19:41:52.806+0545] {dagbag.py:588} INFO - Filling up the DagBag from /home/ashok/miniconda3/envs/mysecondenvironment/lib/python3.8/site-packages/airflow/example_dags/example_time_delta_sensor_async.py
[2025-09-06T19:41:52.817+0545] {processor.py:925} INFO - DAG(s) 'example_time_delta_sensor_async' retrieved from /home/ashok/miniconda3/envs/mysecondenvironment/lib/python3.8/site-packages/airflow/example_dags/example_time_delta_sensor_async.py
[2025-09-06T19:41:52.834+0545] {logging_mixin.py:190} INFO - [2025-09-06T19:41:52.834+0545] {dag.py:3239} INFO - Sync 1 DAGs
[2025-09-06T19:41:52.847+0545] {logging_mixin.py:190} INFO - [2025-09-06T19:41:52.847+0545] {dag.py:4180} INFO - Setting next_dagrun for example_time_delta_sensor_async to None, run_after=None
[2025-09-06T19:41:52.876+0545] {processor.py:208} INFO - Processing /home/ashok/miniconda3/envs/mysecondenvironment/lib/python3.8/site-packages/airflow/example_dags/example_time_delta_sensor_async.py took 0.082 seconds
[2025-09-06T19:42:52.588+0545] {processor.py:186} INFO - Started process (PID=47335) to work on /home/ashok/miniconda3/envs/mysecondenvironment/lib/python3.8/site-packages/airflow/example_dags/example_time_delta_sensor_async.py
[2025-09-06T19:42:52.590+0545] {processor.py:914} INFO - Processing file /home/ashok/miniconda3/envs/mysecondenvironment/lib/python3.8/site-packages/airflow/example_dags/example_time_delta_sensor_async.py for tasks to queue
[2025-09-06T19:42:52.593+0545] {logging_mixin.py:190} INFO - [2025-09-06T19:42:52.593+0545] {dagbag.py:588} INFO - Filling up the DagBag from /home/ashok/miniconda3/envs/mysecondenvironment/lib/python3.8/site-packages/airflow/example_dags/example_time_delta_sensor_async.py
[2025-09-06T19:42:52.603+0545] {processor.py:925} INFO - DAG(s) 'example_time_delta_sensor_async' retrieved from /home/ashok/miniconda3/envs/mysecondenvironment/lib/python3.8/site-packages/airflow/example_dags/example_time_delta_sensor_async.py
[2025-09-06T19:42:52.621+0545] {logging_mixin.py:190} INFO - [2025-09-06T19:42:52.621+0545] {dag.py:3239} INFO - Sync 1 DAGs
[2025-09-06T19:42:52.635+0545] {logging_mixin.py:190} INFO - [2025-09-06T19:42:52.635+0545] {dag.py:4180} INFO - Setting next_dagrun for example_time_delta_sensor_async to None, run_after=None
[2025-09-06T19:42:52.664+0545] {processor.py:208} INFO - Processing /home/ashok/miniconda3/envs/mysecondenvironment/lib/python3.8/site-packages/airflow/example_dags/example_time_delta_sensor_async.py took 0.084 seconds
[2025-09-06T19:43:52.859+0545] {processor.py:186} INFO - Started process (PID=47824) to work on /home/ashok/miniconda3/envs/mysecondenvironment/lib/python3.8/site-packages/airflow/example_dags/example_time_delta_sensor_async.py
[2025-09-06T19:43:52.862+0545] {processor.py:914} INFO - Processing file /home/ashok/miniconda3/envs/mysecondenvironment/lib/python3.8/site-packages/airflow/example_dags/example_time_delta_sensor_async.py for tasks to queue
[2025-09-06T19:43:52.865+0545] {logging_mixin.py:190} INFO - [2025-09-06T19:43:52.864+0545] {dagbag.py:588} INFO - Filling up the DagBag from /home/ashok/miniconda3/envs/mysecondenvironment/lib/python3.8/site-packages/airflow/example_dags/example_time_delta_sensor_async.py
[2025-09-06T19:43:52.874+0545] {processor.py:925} INFO - DAG(s) 'example_time_delta_sensor_async' retrieved from /home/ashok/miniconda3/envs/mysecondenvironment/lib/python3.8/site-packages/airflow/example_dags/example_time_delta_sensor_async.py
[2025-09-06T19:43:52.894+0545] {logging_mixin.py:190} INFO - [2025-09-06T19:43:52.894+0545] {dag.py:3239} INFO - Sync 1 DAGs
[2025-09-06T19:43:52.909+0545] {logging_mixin.py:190} INFO - [2025-09-06T19:43:52.909+0545] {dag.py:4180} INFO - Setting next_dagrun for example_time_delta_sensor_async to None, run_after=None
[2025-09-06T19:43:52.937+0545] {processor.py:208} INFO - Processing /home/ashok/miniconda3/envs/mysecondenvironment/lib/python3.8/site-packages/airflow/example_dags/example_time_delta_sensor_async.py took 0.086 seconds
[2025-09-06T19:44:52.873+0545] {processor.py:186} INFO - Started process (PID=48455) to work on /home/ashok/miniconda3/envs/mysecondenvironment/lib/python3.8/site-packages/airflow/example_dags/example_time_delta_sensor_async.py
[2025-09-06T19:44:52.876+0545] {processor.py:914} INFO - Processing file /home/ashok/miniconda3/envs/mysecondenvironment/lib/python3.8/site-packages/airflow/example_dags/example_time_delta_sensor_async.py for tasks to queue
[2025-09-06T19:44:52.878+0545] {logging_mixin.py:190} INFO - [2025-09-06T19:44:52.878+0545] {dagbag.py:588} INFO - Filling up the DagBag from /home/ashok/miniconda3/envs/mysecondenvironment/lib/python3.8/site-packages/airflow/example_dags/example_time_delta_sensor_async.py
[2025-09-06T19:44:52.887+0545] {processor.py:925} INFO - DAG(s) 'example_time_delta_sensor_async' retrieved from /home/ashok/miniconda3/envs/mysecondenvironment/lib/python3.8/site-packages/airflow/example_dags/example_time_delta_sensor_async.py
[2025-09-06T19:44:52.904+0545] {logging_mixin.py:190} INFO - [2025-09-06T19:44:52.903+0545] {dag.py:3239} INFO - Sync 1 DAGs
[2025-09-06T19:44:52.916+0545] {logging_mixin.py:190} INFO - [2025-09-06T19:44:52.916+0545] {dag.py:4180} INFO - Setting next_dagrun for example_time_delta_sensor_async to None, run_after=None
[2025-09-06T19:44:52.944+0545] {processor.py:208} INFO - Processing /home/ashok/miniconda3/envs/mysecondenvironment/lib/python3.8/site-packages/airflow/example_dags/example_time_delta_sensor_async.py took 0.078 seconds
[2025-09-06T19:45:50.351+0545] {processor.py:186} INFO - Started process (PID=48832) to work on /home/ashok/miniconda3/envs/mysecondenvironment/lib/python3.8/site-packages/airflow/example_dags/example_time_delta_sensor_async.py
[2025-09-06T19:45:50.354+0545] {processor.py:914} INFO - Processing file /home/ashok/miniconda3/envs/mysecondenvironment/lib/python3.8/site-packages/airflow/example_dags/example_time_delta_sensor_async.py for tasks to queue
[2025-09-06T19:45:50.356+0545] {logging_mixin.py:190} INFO - [2025-09-06T19:45:50.356+0545] {dagbag.py:588} INFO - Filling up the DagBag from /home/ashok/miniconda3/envs/mysecondenvironment/lib/python3.8/site-packages/airflow/example_dags/example_time_delta_sensor_async.py
[2025-09-06T19:45:50.365+0545] {processor.py:925} INFO - DAG(s) 'example_time_delta_sensor_async' retrieved from /home/ashok/miniconda3/envs/mysecondenvironment/lib/python3.8/site-packages/airflow/example_dags/example_time_delta_sensor_async.py
[2025-09-06T19:45:50.382+0545] {logging_mixin.py:190} INFO - [2025-09-06T19:45:50.382+0545] {dag.py:3239} INFO - Sync 1 DAGs
[2025-09-06T19:45:50.394+0545] {logging_mixin.py:190} INFO - [2025-09-06T19:45:50.394+0545] {dag.py:4180} INFO - Setting next_dagrun for example_time_delta_sensor_async to None, run_after=None
[2025-09-06T19:45:50.419+0545] {processor.py:208} INFO - Processing /home/ashok/miniconda3/envs/mysecondenvironment/lib/python3.8/site-packages/airflow/example_dags/example_time_delta_sensor_async.py took 0.076 seconds
[2025-09-06T19:46:50.725+0545] {processor.py:186} INFO - Started process (PID=49509) to work on /home/ashok/miniconda3/envs/mysecondenvironment/lib/python3.8/site-packages/airflow/example_dags/example_time_delta_sensor_async.py
[2025-09-06T19:46:50.728+0545] {processor.py:914} INFO - Processing file /home/ashok/miniconda3/envs/mysecondenvironment/lib/python3.8/site-packages/airflow/example_dags/example_time_delta_sensor_async.py for tasks to queue
[2025-09-06T19:46:50.731+0545] {logging_mixin.py:190} INFO - [2025-09-06T19:46:50.730+0545] {dagbag.py:588} INFO - Filling up the DagBag from /home/ashok/miniconda3/envs/mysecondenvironment/lib/python3.8/site-packages/airflow/example_dags/example_time_delta_sensor_async.py
[2025-09-06T19:46:50.739+0545] {processor.py:925} INFO - DAG(s) 'example_time_delta_sensor_async' retrieved from /home/ashok/miniconda3/envs/mysecondenvironment/lib/python3.8/site-packages/airflow/example_dags/example_time_delta_sensor_async.py
[2025-09-06T19:46:50.757+0545] {logging_mixin.py:190} INFO - [2025-09-06T19:46:50.757+0545] {dag.py:3239} INFO - Sync 1 DAGs
[2025-09-06T19:46:50.772+0545] {logging_mixin.py:190} INFO - [2025-09-06T19:46:50.772+0545] {dag.py:4180} INFO - Setting next_dagrun for example_time_delta_sensor_async to None, run_after=None
[2025-09-06T19:46:50.800+0545] {processor.py:208} INFO - Processing /home/ashok/miniconda3/envs/mysecondenvironment/lib/python3.8/site-packages/airflow/example_dags/example_time_delta_sensor_async.py took 0.083 seconds
[2025-09-06T19:47:49.528+0545] {processor.py:186} INFO - Started process (PID=49947) to work on /home/ashok/miniconda3/envs/mysecondenvironment/lib/python3.8/site-packages/airflow/example_dags/example_time_delta_sensor_async.py
[2025-09-06T19:47:49.531+0545] {processor.py:914} INFO - Processing file /home/ashok/miniconda3/envs/mysecondenvironment/lib/python3.8/site-packages/airflow/example_dags/example_time_delta_sensor_async.py for tasks to queue
[2025-09-06T19:47:49.534+0545] {logging_mixin.py:190} INFO - [2025-09-06T19:47:49.533+0545] {dagbag.py:588} INFO - Filling up the DagBag from /home/ashok/miniconda3/envs/mysecondenvironment/lib/python3.8/site-packages/airflow/example_dags/example_time_delta_sensor_async.py
[2025-09-06T19:47:49.542+0545] {processor.py:925} INFO - DAG(s) 'example_time_delta_sensor_async' retrieved from /home/ashok/miniconda3/envs/mysecondenvironment/lib/python3.8/site-packages/airflow/example_dags/example_time_delta_sensor_async.py
[2025-09-06T19:47:49.559+0545] {logging_mixin.py:190} INFO - [2025-09-06T19:47:49.558+0545] {dag.py:3239} INFO - Sync 1 DAGs
[2025-09-06T19:47:49.573+0545] {logging_mixin.py:190} INFO - [2025-09-06T19:47:49.573+0545] {dag.py:4180} INFO - Setting next_dagrun for example_time_delta_sensor_async to None, run_after=None
[2025-09-06T19:47:49.600+0545] {processor.py:208} INFO - Processing /home/ashok/miniconda3/envs/mysecondenvironment/lib/python3.8/site-packages/airflow/example_dags/example_time_delta_sensor_async.py took 0.080 seconds
