[2025-09-06T19:06:17.203+0545] {processor.py:186} INFO - Started process (PID=29811) to work on /home/ashok/miniconda3/envs/mysecondenvironment/lib/python3.8/site-packages/airflow/example_dags/example_python_decorator.py
[2025-09-06T19:06:17.204+0545] {processor.py:914} INFO - Processing file /home/ashok/miniconda3/envs/mysecondenvironment/lib/python3.8/site-packages/airflow/example_dags/example_python_decorator.py for tasks to queue
[2025-09-06T19:06:17.205+0545] {logging_mixin.py:190} INFO - [2025-09-06T19:06:17.205+0545] {dagbag.py:588} INFO - Filling up the DagBag from /home/ashok/miniconda3/envs/mysecondenvironment/lib/python3.8/site-packages/airflow/example_dags/example_python_decorator.py
[2025-09-06T19:06:17.211+0545] {logging_mixin.py:190} INFO - [2025-09-06T19:06:17.211+0545] {example_python_decorator.py:80} WARNING - The virtalenv_python example task requires virtualenv, please install it.
[2025-09-06T19:06:17.213+0545] {processor.py:925} INFO - DAG(s) 'example_python_decorator' retrieved from /home/ashok/miniconda3/envs/mysecondenvironment/lib/python3.8/site-packages/airflow/example_dags/example_python_decorator.py
[2025-09-06T19:06:17.226+0545] {logging_mixin.py:190} INFO - [2025-09-06T19:06:17.225+0545] {dag.py:3239} INFO - Sync 1 DAGs
[2025-09-06T19:06:17.233+0545] {logging_mixin.py:190} INFO - [2025-09-06T19:06:17.233+0545] {dag.py:4180} INFO - Setting next_dagrun for example_python_decorator to None, run_after=None
[2025-09-06T19:06:17.251+0545] {processor.py:208} INFO - Processing /home/ashok/miniconda3/envs/mysecondenvironment/lib/python3.8/site-packages/airflow/example_dags/example_python_decorator.py took 0.052 seconds
[2025-09-06T19:08:24.724+0545] {processor.py:186} INFO - Started process (PID=30974) to work on /home/ashok/miniconda3/envs/mysecondenvironment/lib/python3.8/site-packages/airflow/example_dags/example_python_decorator.py
[2025-09-06T19:08:24.727+0545] {processor.py:914} INFO - Processing file /home/ashok/miniconda3/envs/mysecondenvironment/lib/python3.8/site-packages/airflow/example_dags/example_python_decorator.py for tasks to queue
[2025-09-06T19:08:24.730+0545] {logging_mixin.py:190} INFO - [2025-09-06T19:08:24.730+0545] {dagbag.py:588} INFO - Filling up the DagBag from /home/ashok/miniconda3/envs/mysecondenvironment/lib/python3.8/site-packages/airflow/example_dags/example_python_decorator.py
[2025-09-06T19:08:24.740+0545] {logging_mixin.py:190} INFO - [2025-09-06T19:08:24.740+0545] {example_python_decorator.py:80} WARNING - The virtalenv_python example task requires virtualenv, please install it.
[2025-09-06T19:08:24.742+0545] {processor.py:925} INFO - DAG(s) 'example_python_decorator' retrieved from /home/ashok/miniconda3/envs/mysecondenvironment/lib/python3.8/site-packages/airflow/example_dags/example_python_decorator.py
[2025-09-06T19:08:24.760+0545] {logging_mixin.py:190} INFO - [2025-09-06T19:08:24.760+0545] {dag.py:3239} INFO - Sync 1 DAGs
[2025-09-06T19:08:24.773+0545] {logging_mixin.py:190} INFO - [2025-09-06T19:08:24.773+0545] {dag.py:4180} INFO - Setting next_dagrun for example_python_decorator to None, run_after=None
[2025-09-06T19:08:24.800+0545] {processor.py:208} INFO - Processing /home/ashok/miniconda3/envs/mysecondenvironment/lib/python3.8/site-packages/airflow/example_dags/example_python_decorator.py took 0.083 seconds
[2025-09-06T19:09:26.256+0545] {processor.py:186} INFO - Started process (PID=31456) to work on /home/ashok/miniconda3/envs/mysecondenvironment/lib/python3.8/site-packages/airflow/example_dags/example_python_decorator.py
[2025-09-06T19:09:26.258+0545] {processor.py:914} INFO - Processing file /home/ashok/miniconda3/envs/mysecondenvironment/lib/python3.8/site-packages/airflow/example_dags/example_python_decorator.py for tasks to queue
[2025-09-06T19:09:26.261+0545] {logging_mixin.py:190} INFO - [2025-09-06T19:09:26.261+0545] {dagbag.py:588} INFO - Filling up the DagBag from /home/ashok/miniconda3/envs/mysecondenvironment/lib/python3.8/site-packages/airflow/example_dags/example_python_decorator.py
[2025-09-06T19:09:26.271+0545] {logging_mixin.py:190} INFO - [2025-09-06T19:09:26.270+0545] {example_python_decorator.py:80} WARNING - The virtalenv_python example task requires virtualenv, please install it.
[2025-09-06T19:09:26.273+0545] {processor.py:925} INFO - DAG(s) 'example_python_decorator' retrieved from /home/ashok/miniconda3/envs/mysecondenvironment/lib/python3.8/site-packages/airflow/example_dags/example_python_decorator.py
[2025-09-06T19:09:26.292+0545] {logging_mixin.py:190} INFO - [2025-09-06T19:09:26.291+0545] {dag.py:3239} INFO - Sync 1 DAGs
[2025-09-06T19:09:26.304+0545] {logging_mixin.py:190} INFO - [2025-09-06T19:09:26.304+0545] {dag.py:4180} INFO - Setting next_dagrun for example_python_decorator to None, run_after=None
[2025-09-06T19:09:26.335+0545] {processor.py:208} INFO - Processing /home/ashok/miniconda3/envs/mysecondenvironment/lib/python3.8/site-packages/airflow/example_dags/example_python_decorator.py took 0.087 seconds
[2025-09-06T19:10:25.745+0545] {processor.py:186} INFO - Started process (PID=31886) to work on /home/ashok/miniconda3/envs/mysecondenvironment/lib/python3.8/site-packages/airflow/example_dags/example_python_decorator.py
[2025-09-06T19:10:25.747+0545] {processor.py:914} INFO - Processing file /home/ashok/miniconda3/envs/mysecondenvironment/lib/python3.8/site-packages/airflow/example_dags/example_python_decorator.py for tasks to queue
[2025-09-06T19:10:25.750+0545] {logging_mixin.py:190} INFO - [2025-09-06T19:10:25.749+0545] {dagbag.py:588} INFO - Filling up the DagBag from /home/ashok/miniconda3/envs/mysecondenvironment/lib/python3.8/site-packages/airflow/example_dags/example_python_decorator.py
[2025-09-06T19:10:25.759+0545] {logging_mixin.py:190} INFO - [2025-09-06T19:10:25.758+0545] {example_python_decorator.py:80} WARNING - The virtalenv_python example task requires virtualenv, please install it.
[2025-09-06T19:10:25.761+0545] {processor.py:925} INFO - DAG(s) 'example_python_decorator' retrieved from /home/ashok/miniconda3/envs/mysecondenvironment/lib/python3.8/site-packages/airflow/example_dags/example_python_decorator.py
[2025-09-06T19:10:25.777+0545] {logging_mixin.py:190} INFO - [2025-09-06T19:10:25.776+0545] {dag.py:3239} INFO - Sync 1 DAGs
[2025-09-06T19:10:25.787+0545] {logging_mixin.py:190} INFO - [2025-09-06T19:10:25.787+0545] {dag.py:4180} INFO - Setting next_dagrun for example_python_decorator to None, run_after=None
[2025-09-06T19:10:25.809+0545] {processor.py:208} INFO - Processing /home/ashok/miniconda3/envs/mysecondenvironment/lib/python3.8/site-packages/airflow/example_dags/example_python_decorator.py took 0.071 seconds
[2025-09-06T19:11:24.027+0545] {processor.py:186} INFO - Started process (PID=32311) to work on /home/ashok/miniconda3/envs/mysecondenvironment/lib/python3.8/site-packages/airflow/example_dags/example_python_decorator.py
[2025-09-06T19:11:24.029+0545] {processor.py:914} INFO - Processing file /home/ashok/miniconda3/envs/mysecondenvironment/lib/python3.8/site-packages/airflow/example_dags/example_python_decorator.py for tasks to queue
[2025-09-06T19:11:24.032+0545] {logging_mixin.py:190} INFO - [2025-09-06T19:11:24.032+0545] {dagbag.py:588} INFO - Filling up the DagBag from /home/ashok/miniconda3/envs/mysecondenvironment/lib/python3.8/site-packages/airflow/example_dags/example_python_decorator.py
[2025-09-06T19:11:24.043+0545] {logging_mixin.py:190} INFO - [2025-09-06T19:11:24.043+0545] {example_python_decorator.py:80} WARNING - The virtalenv_python example task requires virtualenv, please install it.
[2025-09-06T19:11:24.046+0545] {processor.py:925} INFO - DAG(s) 'example_python_decorator' retrieved from /home/ashok/miniconda3/envs/mysecondenvironment/lib/python3.8/site-packages/airflow/example_dags/example_python_decorator.py
[2025-09-06T19:11:24.065+0545] {logging_mixin.py:190} INFO - [2025-09-06T19:11:24.064+0545] {dag.py:3239} INFO - Sync 1 DAGs
[2025-09-06T19:11:24.077+0545] {logging_mixin.py:190} INFO - [2025-09-06T19:11:24.077+0545] {dag.py:4180} INFO - Setting next_dagrun for example_python_decorator to None, run_after=None
[2025-09-06T19:11:24.106+0545] {processor.py:208} INFO - Processing /home/ashok/miniconda3/envs/mysecondenvironment/lib/python3.8/site-packages/airflow/example_dags/example_python_decorator.py took 0.087 seconds
[2025-09-06T19:12:24.516+0545] {processor.py:186} INFO - Started process (PID=32738) to work on /home/ashok/miniconda3/envs/mysecondenvironment/lib/python3.8/site-packages/airflow/example_dags/example_python_decorator.py
[2025-09-06T19:12:24.517+0545] {processor.py:914} INFO - Processing file /home/ashok/miniconda3/envs/mysecondenvironment/lib/python3.8/site-packages/airflow/example_dags/example_python_decorator.py for tasks to queue
[2025-09-06T19:12:24.519+0545] {logging_mixin.py:190} INFO - [2025-09-06T19:12:24.519+0545] {dagbag.py:588} INFO - Filling up the DagBag from /home/ashok/miniconda3/envs/mysecondenvironment/lib/python3.8/site-packages/airflow/example_dags/example_python_decorator.py
[2025-09-06T19:12:24.528+0545] {logging_mixin.py:190} INFO - [2025-09-06T19:12:24.527+0545] {example_python_decorator.py:80} WARNING - The virtalenv_python example task requires virtualenv, please install it.
[2025-09-06T19:12:24.531+0545] {processor.py:925} INFO - DAG(s) 'example_python_decorator' retrieved from /home/ashok/miniconda3/envs/mysecondenvironment/lib/python3.8/site-packages/airflow/example_dags/example_python_decorator.py
[2025-09-06T19:12:24.546+0545] {logging_mixin.py:190} INFO - [2025-09-06T19:12:24.546+0545] {dag.py:3239} INFO - Sync 1 DAGs
[2025-09-06T19:12:24.556+0545] {logging_mixin.py:190} INFO - [2025-09-06T19:12:24.556+0545] {dag.py:4180} INFO - Setting next_dagrun for example_python_decorator to None, run_after=None
[2025-09-06T19:12:24.580+0545] {processor.py:208} INFO - Processing /home/ashok/miniconda3/envs/mysecondenvironment/lib/python3.8/site-packages/airflow/example_dags/example_python_decorator.py took 0.069 seconds
[2025-09-06T19:13:21.954+0545] {processor.py:186} INFO - Started process (PID=33198) to work on /home/ashok/miniconda3/envs/mysecondenvironment/lib/python3.8/site-packages/airflow/example_dags/example_python_decorator.py
[2025-09-06T19:13:21.956+0545] {processor.py:914} INFO - Processing file /home/ashok/miniconda3/envs/mysecondenvironment/lib/python3.8/site-packages/airflow/example_dags/example_python_decorator.py for tasks to queue
[2025-09-06T19:13:21.958+0545] {logging_mixin.py:190} INFO - [2025-09-06T19:13:21.958+0545] {dagbag.py:588} INFO - Filling up the DagBag from /home/ashok/miniconda3/envs/mysecondenvironment/lib/python3.8/site-packages/airflow/example_dags/example_python_decorator.py
[2025-09-06T19:13:21.969+0545] {logging_mixin.py:190} INFO - [2025-09-06T19:13:21.968+0545] {example_python_decorator.py:80} WARNING - The virtalenv_python example task requires virtualenv, please install it.
[2025-09-06T19:13:21.971+0545] {processor.py:925} INFO - DAG(s) 'example_python_decorator' retrieved from /home/ashok/miniconda3/envs/mysecondenvironment/lib/python3.8/site-packages/airflow/example_dags/example_python_decorator.py
[2025-09-06T19:13:21.988+0545] {logging_mixin.py:190} INFO - [2025-09-06T19:13:21.988+0545] {dag.py:3239} INFO - Sync 1 DAGs
[2025-09-06T19:13:22.002+0545] {logging_mixin.py:190} INFO - [2025-09-06T19:13:22.002+0545] {dag.py:4180} INFO - Setting next_dagrun for example_python_decorator to None, run_after=None
[2025-09-06T19:13:22.030+0545] {processor.py:208} INFO - Processing /home/ashok/miniconda3/envs/mysecondenvironment/lib/python3.8/site-packages/airflow/example_dags/example_python_decorator.py took 0.085 seconds
[2025-09-06T19:14:23.038+0545] {processor.py:186} INFO - Started process (PID=33597) to work on /home/ashok/miniconda3/envs/mysecondenvironment/lib/python3.8/site-packages/airflow/example_dags/example_python_decorator.py
[2025-09-06T19:14:23.040+0545] {processor.py:914} INFO - Processing file /home/ashok/miniconda3/envs/mysecondenvironment/lib/python3.8/site-packages/airflow/example_dags/example_python_decorator.py for tasks to queue
[2025-09-06T19:14:23.042+0545] {logging_mixin.py:190} INFO - [2025-09-06T19:14:23.042+0545] {dagbag.py:588} INFO - Filling up the DagBag from /home/ashok/miniconda3/envs/mysecondenvironment/lib/python3.8/site-packages/airflow/example_dags/example_python_decorator.py
[2025-09-06T19:14:23.052+0545] {logging_mixin.py:190} INFO - [2025-09-06T19:14:23.052+0545] {example_python_decorator.py:80} WARNING - The virtalenv_python example task requires virtualenv, please install it.
[2025-09-06T19:14:23.055+0545] {processor.py:925} INFO - DAG(s) 'example_python_decorator' retrieved from /home/ashok/miniconda3/envs/mysecondenvironment/lib/python3.8/site-packages/airflow/example_dags/example_python_decorator.py
[2025-09-06T19:14:23.073+0545] {logging_mixin.py:190} INFO - [2025-09-06T19:14:23.072+0545] {dag.py:3239} INFO - Sync 1 DAGs
[2025-09-06T19:14:23.085+0545] {logging_mixin.py:190} INFO - [2025-09-06T19:14:23.085+0545] {dag.py:4180} INFO - Setting next_dagrun for example_python_decorator to None, run_after=None
[2025-09-06T19:14:23.114+0545] {processor.py:208} INFO - Processing /home/ashok/miniconda3/envs/mysecondenvironment/lib/python3.8/site-packages/airflow/example_dags/example_python_decorator.py took 0.084 seconds
[2025-09-06T19:15:24.528+0545] {processor.py:186} INFO - Started process (PID=34037) to work on /home/ashok/miniconda3/envs/mysecondenvironment/lib/python3.8/site-packages/airflow/example_dags/example_python_decorator.py
[2025-09-06T19:15:24.531+0545] {processor.py:914} INFO - Processing file /home/ashok/miniconda3/envs/mysecondenvironment/lib/python3.8/site-packages/airflow/example_dags/example_python_decorator.py for tasks to queue
[2025-09-06T19:15:24.533+0545] {logging_mixin.py:190} INFO - [2025-09-06T19:15:24.533+0545] {dagbag.py:588} INFO - Filling up the DagBag from /home/ashok/miniconda3/envs/mysecondenvironment/lib/python3.8/site-packages/airflow/example_dags/example_python_decorator.py
[2025-09-06T19:15:24.543+0545] {logging_mixin.py:190} INFO - [2025-09-06T19:15:24.543+0545] {example_python_decorator.py:80} WARNING - The virtalenv_python example task requires virtualenv, please install it.
[2025-09-06T19:15:24.545+0545] {processor.py:925} INFO - DAG(s) 'example_python_decorator' retrieved from /home/ashok/miniconda3/envs/mysecondenvironment/lib/python3.8/site-packages/airflow/example_dags/example_python_decorator.py
[2025-09-06T19:15:24.563+0545] {logging_mixin.py:190} INFO - [2025-09-06T19:15:24.563+0545] {dag.py:3239} INFO - Sync 1 DAGs
[2025-09-06T19:15:24.576+0545] {logging_mixin.py:190} INFO - [2025-09-06T19:15:24.576+0545] {dag.py:4180} INFO - Setting next_dagrun for example_python_decorator to None, run_after=None
[2025-09-06T19:15:24.604+0545] {processor.py:208} INFO - Processing /home/ashok/miniconda3/envs/mysecondenvironment/lib/python3.8/site-packages/airflow/example_dags/example_python_decorator.py took 0.083 seconds
[2025-09-06T19:16:23.118+0545] {processor.py:186} INFO - Started process (PID=34535) to work on /home/ashok/miniconda3/envs/mysecondenvironment/lib/python3.8/site-packages/airflow/example_dags/example_python_decorator.py
[2025-09-06T19:16:23.120+0545] {processor.py:914} INFO - Processing file /home/ashok/miniconda3/envs/mysecondenvironment/lib/python3.8/site-packages/airflow/example_dags/example_python_decorator.py for tasks to queue
[2025-09-06T19:16:23.122+0545] {logging_mixin.py:190} INFO - [2025-09-06T19:16:23.122+0545] {dagbag.py:588} INFO - Filling up the DagBag from /home/ashok/miniconda3/envs/mysecondenvironment/lib/python3.8/site-packages/airflow/example_dags/example_python_decorator.py
[2025-09-06T19:16:23.132+0545] {logging_mixin.py:190} INFO - [2025-09-06T19:16:23.132+0545] {example_python_decorator.py:80} WARNING - The virtalenv_python example task requires virtualenv, please install it.
[2025-09-06T19:16:23.134+0545] {processor.py:925} INFO - DAG(s) 'example_python_decorator' retrieved from /home/ashok/miniconda3/envs/mysecondenvironment/lib/python3.8/site-packages/airflow/example_dags/example_python_decorator.py
[2025-09-06T19:16:23.152+0545] {logging_mixin.py:190} INFO - [2025-09-06T19:16:23.152+0545] {dag.py:3239} INFO - Sync 1 DAGs
[2025-09-06T19:16:23.167+0545] {logging_mixin.py:190} INFO - [2025-09-06T19:16:23.166+0545] {dag.py:4180} INFO - Setting next_dagrun for example_python_decorator to None, run_after=None
[2025-09-06T19:16:23.190+0545] {processor.py:208} INFO - Processing /home/ashok/miniconda3/envs/mysecondenvironment/lib/python3.8/site-packages/airflow/example_dags/example_python_decorator.py took 0.079 seconds
[2025-09-06T19:17:22.590+0545] {processor.py:186} INFO - Started process (PID=34968) to work on /home/ashok/miniconda3/envs/mysecondenvironment/lib/python3.8/site-packages/airflow/example_dags/example_python_decorator.py
[2025-09-06T19:17:22.592+0545] {processor.py:914} INFO - Processing file /home/ashok/miniconda3/envs/mysecondenvironment/lib/python3.8/site-packages/airflow/example_dags/example_python_decorator.py for tasks to queue
[2025-09-06T19:17:22.595+0545] {logging_mixin.py:190} INFO - [2025-09-06T19:17:22.595+0545] {dagbag.py:588} INFO - Filling up the DagBag from /home/ashok/miniconda3/envs/mysecondenvironment/lib/python3.8/site-packages/airflow/example_dags/example_python_decorator.py
[2025-09-06T19:17:22.605+0545] {logging_mixin.py:190} INFO - [2025-09-06T19:17:22.605+0545] {example_python_decorator.py:80} WARNING - The virtalenv_python example task requires virtualenv, please install it.
[2025-09-06T19:17:22.607+0545] {processor.py:925} INFO - DAG(s) 'example_python_decorator' retrieved from /home/ashok/miniconda3/envs/mysecondenvironment/lib/python3.8/site-packages/airflow/example_dags/example_python_decorator.py
[2025-09-06T19:17:22.627+0545] {logging_mixin.py:190} INFO - [2025-09-06T19:17:22.626+0545] {dag.py:3239} INFO - Sync 1 DAGs
[2025-09-06T19:17:22.640+0545] {logging_mixin.py:190} INFO - [2025-09-06T19:17:22.640+0545] {dag.py:4180} INFO - Setting next_dagrun for example_python_decorator to None, run_after=None
[2025-09-06T19:17:22.667+0545] {processor.py:208} INFO - Processing /home/ashok/miniconda3/envs/mysecondenvironment/lib/python3.8/site-packages/airflow/example_dags/example_python_decorator.py took 0.086 seconds
[2025-09-06T19:18:23.372+0545] {processor.py:186} INFO - Started process (PID=35369) to work on /home/ashok/miniconda3/envs/mysecondenvironment/lib/python3.8/site-packages/airflow/example_dags/example_python_decorator.py
[2025-09-06T19:18:23.375+0545] {processor.py:914} INFO - Processing file /home/ashok/miniconda3/envs/mysecondenvironment/lib/python3.8/site-packages/airflow/example_dags/example_python_decorator.py for tasks to queue
[2025-09-06T19:18:23.377+0545] {logging_mixin.py:190} INFO - [2025-09-06T19:18:23.377+0545] {dagbag.py:588} INFO - Filling up the DagBag from /home/ashok/miniconda3/envs/mysecondenvironment/lib/python3.8/site-packages/airflow/example_dags/example_python_decorator.py
[2025-09-06T19:18:23.387+0545] {logging_mixin.py:190} INFO - [2025-09-06T19:18:23.387+0545] {example_python_decorator.py:80} WARNING - The virtalenv_python example task requires virtualenv, please install it.
[2025-09-06T19:18:23.389+0545] {processor.py:925} INFO - DAG(s) 'example_python_decorator' retrieved from /home/ashok/miniconda3/envs/mysecondenvironment/lib/python3.8/site-packages/airflow/example_dags/example_python_decorator.py
[2025-09-06T19:18:23.407+0545] {logging_mixin.py:190} INFO - [2025-09-06T19:18:23.407+0545] {dag.py:3239} INFO - Sync 1 DAGs
[2025-09-06T19:18:23.420+0545] {logging_mixin.py:190} INFO - [2025-09-06T19:18:23.419+0545] {dag.py:4180} INFO - Setting next_dagrun for example_python_decorator to None, run_after=None
[2025-09-06T19:18:23.447+0545] {processor.py:208} INFO - Processing /home/ashok/miniconda3/envs/mysecondenvironment/lib/python3.8/site-packages/airflow/example_dags/example_python_decorator.py took 0.084 seconds
[2025-09-06T19:19:29.354+0545] {processor.py:186} INFO - Started process (PID=35918) to work on /home/ashok/miniconda3/envs/mysecondenvironment/lib/python3.8/site-packages/airflow/example_dags/example_python_decorator.py
[2025-09-06T19:19:29.357+0545] {processor.py:914} INFO - Processing file /home/ashok/miniconda3/envs/mysecondenvironment/lib/python3.8/site-packages/airflow/example_dags/example_python_decorator.py for tasks to queue
[2025-09-06T19:19:29.360+0545] {logging_mixin.py:190} INFO - [2025-09-06T19:19:29.360+0545] {dagbag.py:588} INFO - Filling up the DagBag from /home/ashok/miniconda3/envs/mysecondenvironment/lib/python3.8/site-packages/airflow/example_dags/example_python_decorator.py
[2025-09-06T19:19:29.371+0545] {logging_mixin.py:190} INFO - [2025-09-06T19:19:29.371+0545] {example_python_decorator.py:80} WARNING - The virtalenv_python example task requires virtualenv, please install it.
[2025-09-06T19:19:29.373+0545] {processor.py:925} INFO - DAG(s) 'example_python_decorator' retrieved from /home/ashok/miniconda3/envs/mysecondenvironment/lib/python3.8/site-packages/airflow/example_dags/example_python_decorator.py
[2025-09-06T19:19:29.392+0545] {logging_mixin.py:190} INFO - [2025-09-06T19:19:29.391+0545] {dag.py:3239} INFO - Sync 1 DAGs
[2025-09-06T19:19:29.407+0545] {logging_mixin.py:190} INFO - [2025-09-06T19:19:29.406+0545] {dag.py:4180} INFO - Setting next_dagrun for example_python_decorator to None, run_after=None
[2025-09-06T19:19:29.435+0545] {processor.py:208} INFO - Processing /home/ashok/miniconda3/envs/mysecondenvironment/lib/python3.8/site-packages/airflow/example_dags/example_python_decorator.py took 0.089 seconds
[2025-09-06T19:20:29.708+0545] {processor.py:186} INFO - Started process (PID=36344) to work on /home/ashok/miniconda3/envs/mysecondenvironment/lib/python3.8/site-packages/airflow/example_dags/example_python_decorator.py
[2025-09-06T19:20:29.711+0545] {processor.py:914} INFO - Processing file /home/ashok/miniconda3/envs/mysecondenvironment/lib/python3.8/site-packages/airflow/example_dags/example_python_decorator.py for tasks to queue
[2025-09-06T19:20:29.715+0545] {logging_mixin.py:190} INFO - [2025-09-06T19:20:29.714+0545] {dagbag.py:588} INFO - Filling up the DagBag from /home/ashok/miniconda3/envs/mysecondenvironment/lib/python3.8/site-packages/airflow/example_dags/example_python_decorator.py
[2025-09-06T19:20:29.730+0545] {logging_mixin.py:190} INFO - [2025-09-06T19:20:29.729+0545] {example_python_decorator.py:80} WARNING - The virtalenv_python example task requires virtualenv, please install it.
[2025-09-06T19:20:29.733+0545] {processor.py:925} INFO - DAG(s) 'example_python_decorator' retrieved from /home/ashok/miniconda3/envs/mysecondenvironment/lib/python3.8/site-packages/airflow/example_dags/example_python_decorator.py
[2025-09-06T19:20:29.759+0545] {logging_mixin.py:190} INFO - [2025-09-06T19:20:29.758+0545] {dag.py:3239} INFO - Sync 1 DAGs
[2025-09-06T19:20:29.776+0545] {logging_mixin.py:190} INFO - [2025-09-06T19:20:29.775+0545] {dag.py:4180} INFO - Setting next_dagrun for example_python_decorator to None, run_after=None
[2025-09-06T19:20:29.810+0545] {processor.py:208} INFO - Processing /home/ashok/miniconda3/envs/mysecondenvironment/lib/python3.8/site-packages/airflow/example_dags/example_python_decorator.py took 0.113 seconds
[2025-09-06T19:21:31.307+0545] {processor.py:186} INFO - Started process (PID=36799) to work on /home/ashok/miniconda3/envs/mysecondenvironment/lib/python3.8/site-packages/airflow/example_dags/example_python_decorator.py
[2025-09-06T19:21:31.310+0545] {processor.py:914} INFO - Processing file /home/ashok/miniconda3/envs/mysecondenvironment/lib/python3.8/site-packages/airflow/example_dags/example_python_decorator.py for tasks to queue
[2025-09-06T19:21:31.313+0545] {logging_mixin.py:190} INFO - [2025-09-06T19:21:31.313+0545] {dagbag.py:588} INFO - Filling up the DagBag from /home/ashok/miniconda3/envs/mysecondenvironment/lib/python3.8/site-packages/airflow/example_dags/example_python_decorator.py
[2025-09-06T19:21:31.327+0545] {logging_mixin.py:190} INFO - [2025-09-06T19:21:31.327+0545] {example_python_decorator.py:80} WARNING - The virtalenv_python example task requires virtualenv, please install it.
[2025-09-06T19:21:31.331+0545] {processor.py:925} INFO - DAG(s) 'example_python_decorator' retrieved from /home/ashok/miniconda3/envs/mysecondenvironment/lib/python3.8/site-packages/airflow/example_dags/example_python_decorator.py
[2025-09-06T19:21:31.356+0545] {logging_mixin.py:190} INFO - [2025-09-06T19:21:31.355+0545] {dag.py:3239} INFO - Sync 1 DAGs
[2025-09-06T19:21:31.375+0545] {logging_mixin.py:190} INFO - [2025-09-06T19:21:31.374+0545] {dag.py:4180} INFO - Setting next_dagrun for example_python_decorator to None, run_after=None
[2025-09-06T19:21:31.412+0545] {processor.py:208} INFO - Processing /home/ashok/miniconda3/envs/mysecondenvironment/lib/python3.8/site-packages/airflow/example_dags/example_python_decorator.py took 0.116 seconds
[2025-09-06T19:22:31.934+0545] {processor.py:186} INFO - Started process (PID=37290) to work on /home/ashok/miniconda3/envs/mysecondenvironment/lib/python3.8/site-packages/airflow/example_dags/example_python_decorator.py
[2025-09-06T19:22:31.936+0545] {processor.py:914} INFO - Processing file /home/ashok/miniconda3/envs/mysecondenvironment/lib/python3.8/site-packages/airflow/example_dags/example_python_decorator.py for tasks to queue
[2025-09-06T19:22:31.939+0545] {logging_mixin.py:190} INFO - [2025-09-06T19:22:31.939+0545] {dagbag.py:588} INFO - Filling up the DagBag from /home/ashok/miniconda3/envs/mysecondenvironment/lib/python3.8/site-packages/airflow/example_dags/example_python_decorator.py
[2025-09-06T19:22:31.949+0545] {logging_mixin.py:190} INFO - [2025-09-06T19:22:31.949+0545] {example_python_decorator.py:80} WARNING - The virtalenv_python example task requires virtualenv, please install it.
[2025-09-06T19:22:31.951+0545] {processor.py:925} INFO - DAG(s) 'example_python_decorator' retrieved from /home/ashok/miniconda3/envs/mysecondenvironment/lib/python3.8/site-packages/airflow/example_dags/example_python_decorator.py
[2025-09-06T19:22:31.970+0545] {logging_mixin.py:190} INFO - [2025-09-06T19:22:31.970+0545] {dag.py:3239} INFO - Sync 1 DAGs
[2025-09-06T19:22:31.982+0545] {logging_mixin.py:190} INFO - [2025-09-06T19:22:31.982+0545] {dag.py:4180} INFO - Setting next_dagrun for example_python_decorator to None, run_after=None
[2025-09-06T19:22:32.012+0545] {processor.py:208} INFO - Processing /home/ashok/miniconda3/envs/mysecondenvironment/lib/python3.8/site-packages/airflow/example_dags/example_python_decorator.py took 0.086 seconds
[2025-09-06T19:23:32.569+0545] {processor.py:186} INFO - Started process (PID=37690) to work on /home/ashok/miniconda3/envs/mysecondenvironment/lib/python3.8/site-packages/airflow/example_dags/example_python_decorator.py
[2025-09-06T19:23:32.571+0545] {processor.py:914} INFO - Processing file /home/ashok/miniconda3/envs/mysecondenvironment/lib/python3.8/site-packages/airflow/example_dags/example_python_decorator.py for tasks to queue
[2025-09-06T19:23:32.574+0545] {logging_mixin.py:190} INFO - [2025-09-06T19:23:32.573+0545] {dagbag.py:588} INFO - Filling up the DagBag from /home/ashok/miniconda3/envs/mysecondenvironment/lib/python3.8/site-packages/airflow/example_dags/example_python_decorator.py
[2025-09-06T19:23:32.583+0545] {logging_mixin.py:190} INFO - [2025-09-06T19:23:32.583+0545] {example_python_decorator.py:80} WARNING - The virtalenv_python example task requires virtualenv, please install it.
[2025-09-06T19:23:32.585+0545] {processor.py:925} INFO - DAG(s) 'example_python_decorator' retrieved from /home/ashok/miniconda3/envs/mysecondenvironment/lib/python3.8/site-packages/airflow/example_dags/example_python_decorator.py
[2025-09-06T19:23:32.603+0545] {logging_mixin.py:190} INFO - [2025-09-06T19:23:32.602+0545] {dag.py:3239} INFO - Sync 1 DAGs
[2025-09-06T19:23:32.616+0545] {logging_mixin.py:190} INFO - [2025-09-06T19:23:32.616+0545] {dag.py:4180} INFO - Setting next_dagrun for example_python_decorator to None, run_after=None
[2025-09-06T19:23:32.645+0545] {processor.py:208} INFO - Processing /home/ashok/miniconda3/envs/mysecondenvironment/lib/python3.8/site-packages/airflow/example_dags/example_python_decorator.py took 0.084 seconds
[2025-09-06T19:24:42.478+0545] {processor.py:186} INFO - Started process (PID=38360) to work on /home/ashok/miniconda3/envs/mysecondenvironment/lib/python3.8/site-packages/airflow/example_dags/example_python_decorator.py
[2025-09-06T19:24:42.482+0545] {processor.py:914} INFO - Processing file /home/ashok/miniconda3/envs/mysecondenvironment/lib/python3.8/site-packages/airflow/example_dags/example_python_decorator.py for tasks to queue
[2025-09-06T19:24:42.485+0545] {logging_mixin.py:190} INFO - [2025-09-06T19:24:42.485+0545] {dagbag.py:588} INFO - Filling up the DagBag from /home/ashok/miniconda3/envs/mysecondenvironment/lib/python3.8/site-packages/airflow/example_dags/example_python_decorator.py
[2025-09-06T19:24:42.495+0545] {logging_mixin.py:190} INFO - [2025-09-06T19:24:42.495+0545] {example_python_decorator.py:80} WARNING - The virtalenv_python example task requires virtualenv, please install it.
[2025-09-06T19:24:42.498+0545] {processor.py:925} INFO - DAG(s) 'example_python_decorator' retrieved from /home/ashok/miniconda3/envs/mysecondenvironment/lib/python3.8/site-packages/airflow/example_dags/example_python_decorator.py
[2025-09-06T19:24:42.515+0545] {logging_mixin.py:190} INFO - [2025-09-06T19:24:42.515+0545] {dag.py:3239} INFO - Sync 1 DAGs
[2025-09-06T19:24:42.529+0545] {logging_mixin.py:190} INFO - [2025-09-06T19:24:42.529+0545] {dag.py:4180} INFO - Setting next_dagrun for example_python_decorator to None, run_after=None
[2025-09-06T19:24:42.746+0545] {processor.py:208} INFO - Processing /home/ashok/miniconda3/envs/mysecondenvironment/lib/python3.8/site-packages/airflow/example_dags/example_python_decorator.py took 0.275 seconds
[2025-09-06T19:25:50.902+0545] {processor.py:186} INFO - Started process (PID=38932) to work on /home/ashok/miniconda3/envs/mysecondenvironment/lib/python3.8/site-packages/airflow/example_dags/example_python_decorator.py
[2025-09-06T19:25:50.905+0545] {processor.py:914} INFO - Processing file /home/ashok/miniconda3/envs/mysecondenvironment/lib/python3.8/site-packages/airflow/example_dags/example_python_decorator.py for tasks to queue
[2025-09-06T19:25:50.907+0545] {logging_mixin.py:190} INFO - [2025-09-06T19:25:50.907+0545] {dagbag.py:588} INFO - Filling up the DagBag from /home/ashok/miniconda3/envs/mysecondenvironment/lib/python3.8/site-packages/airflow/example_dags/example_python_decorator.py
[2025-09-06T19:25:50.917+0545] {logging_mixin.py:190} INFO - [2025-09-06T19:25:50.916+0545] {example_python_decorator.py:80} WARNING - The virtalenv_python example task requires virtualenv, please install it.
[2025-09-06T19:25:50.919+0545] {processor.py:925} INFO - DAG(s) 'example_python_decorator' retrieved from /home/ashok/miniconda3/envs/mysecondenvironment/lib/python3.8/site-packages/airflow/example_dags/example_python_decorator.py
[2025-09-06T19:25:50.938+0545] {logging_mixin.py:190} INFO - [2025-09-06T19:25:50.938+0545] {dag.py:3239} INFO - Sync 1 DAGs
[2025-09-06T19:25:50.950+0545] {logging_mixin.py:190} INFO - [2025-09-06T19:25:50.950+0545] {dag.py:4180} INFO - Setting next_dagrun for example_python_decorator to None, run_after=None
[2025-09-06T19:25:50.979+0545] {processor.py:208} INFO - Processing /home/ashok/miniconda3/envs/mysecondenvironment/lib/python3.8/site-packages/airflow/example_dags/example_python_decorator.py took 0.085 seconds
[2025-09-06T19:26:53.256+0545] {processor.py:186} INFO - Started process (PID=39494) to work on /home/ashok/miniconda3/envs/mysecondenvironment/lib/python3.8/site-packages/airflow/example_dags/example_python_decorator.py
[2025-09-06T19:26:53.259+0545] {processor.py:914} INFO - Processing file /home/ashok/miniconda3/envs/mysecondenvironment/lib/python3.8/site-packages/airflow/example_dags/example_python_decorator.py for tasks to queue
[2025-09-06T19:26:53.262+0545] {logging_mixin.py:190} INFO - [2025-09-06T19:26:53.261+0545] {dagbag.py:588} INFO - Filling up the DagBag from /home/ashok/miniconda3/envs/mysecondenvironment/lib/python3.8/site-packages/airflow/example_dags/example_python_decorator.py
[2025-09-06T19:26:53.271+0545] {logging_mixin.py:190} INFO - [2025-09-06T19:26:53.271+0545] {example_python_decorator.py:80} WARNING - The virtalenv_python example task requires virtualenv, please install it.
[2025-09-06T19:26:53.274+0545] {processor.py:925} INFO - DAG(s) 'example_python_decorator' retrieved from /home/ashok/miniconda3/envs/mysecondenvironment/lib/python3.8/site-packages/airflow/example_dags/example_python_decorator.py
[2025-09-06T19:26:53.292+0545] {logging_mixin.py:190} INFO - [2025-09-06T19:26:53.291+0545] {dag.py:3239} INFO - Sync 1 DAGs
[2025-09-06T19:26:53.304+0545] {logging_mixin.py:190} INFO - [2025-09-06T19:26:53.304+0545] {dag.py:4180} INFO - Setting next_dagrun for example_python_decorator to None, run_after=None
[2025-09-06T19:26:53.331+0545] {processor.py:208} INFO - Processing /home/ashok/miniconda3/envs/mysecondenvironment/lib/python3.8/site-packages/airflow/example_dags/example_python_decorator.py took 0.083 seconds
[2025-09-06T19:27:53.905+0545] {processor.py:186} INFO - Started process (PID=39903) to work on /home/ashok/miniconda3/envs/mysecondenvironment/lib/python3.8/site-packages/airflow/example_dags/example_python_decorator.py
[2025-09-06T19:27:53.907+0545] {processor.py:914} INFO - Processing file /home/ashok/miniconda3/envs/mysecondenvironment/lib/python3.8/site-packages/airflow/example_dags/example_python_decorator.py for tasks to queue
[2025-09-06T19:27:53.910+0545] {logging_mixin.py:190} INFO - [2025-09-06T19:27:53.909+0545] {dagbag.py:588} INFO - Filling up the DagBag from /home/ashok/miniconda3/envs/mysecondenvironment/lib/python3.8/site-packages/airflow/example_dags/example_python_decorator.py
[2025-09-06T19:27:53.920+0545] {logging_mixin.py:190} INFO - [2025-09-06T19:27:53.920+0545] {example_python_decorator.py:80} WARNING - The virtalenv_python example task requires virtualenv, please install it.
[2025-09-06T19:27:53.923+0545] {processor.py:925} INFO - DAG(s) 'example_python_decorator' retrieved from /home/ashok/miniconda3/envs/mysecondenvironment/lib/python3.8/site-packages/airflow/example_dags/example_python_decorator.py
[2025-09-06T19:27:53.941+0545] {logging_mixin.py:190} INFO - [2025-09-06T19:27:53.941+0545] {dag.py:3239} INFO - Sync 1 DAGs
[2025-09-06T19:27:53.953+0545] {logging_mixin.py:190} INFO - [2025-09-06T19:27:53.953+0545] {dag.py:4180} INFO - Setting next_dagrun for example_python_decorator to None, run_after=None
[2025-09-06T19:27:53.982+0545] {processor.py:208} INFO - Processing /home/ashok/miniconda3/envs/mysecondenvironment/lib/python3.8/site-packages/airflow/example_dags/example_python_decorator.py took 0.085 seconds
[2025-09-06T19:28:52.688+0545] {processor.py:186} INFO - Started process (PID=40413) to work on /home/ashok/miniconda3/envs/mysecondenvironment/lib/python3.8/site-packages/airflow/example_dags/example_python_decorator.py
[2025-09-06T19:28:52.690+0545] {processor.py:914} INFO - Processing file /home/ashok/miniconda3/envs/mysecondenvironment/lib/python3.8/site-packages/airflow/example_dags/example_python_decorator.py for tasks to queue
[2025-09-06T19:28:52.693+0545] {logging_mixin.py:190} INFO - [2025-09-06T19:28:52.692+0545] {dagbag.py:588} INFO - Filling up the DagBag from /home/ashok/miniconda3/envs/mysecondenvironment/lib/python3.8/site-packages/airflow/example_dags/example_python_decorator.py
[2025-09-06T19:28:52.704+0545] {logging_mixin.py:190} INFO - [2025-09-06T19:28:52.704+0545] {example_python_decorator.py:80} WARNING - The virtalenv_python example task requires virtualenv, please install it.
[2025-09-06T19:28:52.707+0545] {processor.py:925} INFO - DAG(s) 'example_python_decorator' retrieved from /home/ashok/miniconda3/envs/mysecondenvironment/lib/python3.8/site-packages/airflow/example_dags/example_python_decorator.py
[2025-09-06T19:28:52.728+0545] {logging_mixin.py:190} INFO - [2025-09-06T19:28:52.728+0545] {dag.py:3239} INFO - Sync 1 DAGs
[2025-09-06T19:28:52.743+0545] {logging_mixin.py:190} INFO - [2025-09-06T19:28:52.742+0545] {dag.py:4180} INFO - Setting next_dagrun for example_python_decorator to None, run_after=None
[2025-09-06T19:28:52.770+0545] {processor.py:208} INFO - Processing /home/ashok/miniconda3/envs/mysecondenvironment/lib/python3.8/site-packages/airflow/example_dags/example_python_decorator.py took 0.091 seconds
[2025-09-06T19:29:53.087+0545] {processor.py:186} INFO - Started process (PID=41001) to work on /home/ashok/miniconda3/envs/mysecondenvironment/lib/python3.8/site-packages/airflow/example_dags/example_python_decorator.py
[2025-09-06T19:29:53.090+0545] {processor.py:914} INFO - Processing file /home/ashok/miniconda3/envs/mysecondenvironment/lib/python3.8/site-packages/airflow/example_dags/example_python_decorator.py for tasks to queue
[2025-09-06T19:29:53.092+0545] {logging_mixin.py:190} INFO - [2025-09-06T19:29:53.092+0545] {dagbag.py:588} INFO - Filling up the DagBag from /home/ashok/miniconda3/envs/mysecondenvironment/lib/python3.8/site-packages/airflow/example_dags/example_python_decorator.py
[2025-09-06T19:29:53.102+0545] {logging_mixin.py:190} INFO - [2025-09-06T19:29:53.102+0545] {example_python_decorator.py:80} WARNING - The virtalenv_python example task requires virtualenv, please install it.
[2025-09-06T19:29:53.104+0545] {processor.py:925} INFO - DAG(s) 'example_python_decorator' retrieved from /home/ashok/miniconda3/envs/mysecondenvironment/lib/python3.8/site-packages/airflow/example_dags/example_python_decorator.py
[2025-09-06T19:29:53.122+0545] {logging_mixin.py:190} INFO - [2025-09-06T19:29:53.121+0545] {dag.py:3239} INFO - Sync 1 DAGs
[2025-09-06T19:29:53.136+0545] {logging_mixin.py:190} INFO - [2025-09-06T19:29:53.136+0545] {dag.py:4180} INFO - Setting next_dagrun for example_python_decorator to None, run_after=None
[2025-09-06T19:29:53.162+0545] {processor.py:208} INFO - Processing /home/ashok/miniconda3/envs/mysecondenvironment/lib/python3.8/site-packages/airflow/example_dags/example_python_decorator.py took 0.083 seconds
[2025-09-06T19:30:52.550+0545] {processor.py:186} INFO - Started process (PID=41597) to work on /home/ashok/miniconda3/envs/mysecondenvironment/lib/python3.8/site-packages/airflow/example_dags/example_python_decorator.py
[2025-09-06T19:30:52.553+0545] {processor.py:914} INFO - Processing file /home/ashok/miniconda3/envs/mysecondenvironment/lib/python3.8/site-packages/airflow/example_dags/example_python_decorator.py for tasks to queue
[2025-09-06T19:30:52.555+0545] {logging_mixin.py:190} INFO - [2025-09-06T19:30:52.555+0545] {dagbag.py:588} INFO - Filling up the DagBag from /home/ashok/miniconda3/envs/mysecondenvironment/lib/python3.8/site-packages/airflow/example_dags/example_python_decorator.py
[2025-09-06T19:30:52.566+0545] {logging_mixin.py:190} INFO - [2025-09-06T19:30:52.565+0545] {example_python_decorator.py:80} WARNING - The virtalenv_python example task requires virtualenv, please install it.
[2025-09-06T19:30:52.568+0545] {processor.py:925} INFO - DAG(s) 'example_python_decorator' retrieved from /home/ashok/miniconda3/envs/mysecondenvironment/lib/python3.8/site-packages/airflow/example_dags/example_python_decorator.py
[2025-09-06T19:30:52.587+0545] {logging_mixin.py:190} INFO - [2025-09-06T19:30:52.586+0545] {dag.py:3239} INFO - Sync 1 DAGs
[2025-09-06T19:30:52.600+0545] {logging_mixin.py:190} INFO - [2025-09-06T19:30:52.600+0545] {dag.py:4180} INFO - Setting next_dagrun for example_python_decorator to None, run_after=None
[2025-09-06T19:30:52.627+0545] {processor.py:208} INFO - Processing /home/ashok/miniconda3/envs/mysecondenvironment/lib/python3.8/site-packages/airflow/example_dags/example_python_decorator.py took 0.085 seconds
[2025-09-06T19:31:54.268+0545] {processor.py:186} INFO - Started process (PID=42144) to work on /home/ashok/miniconda3/envs/mysecondenvironment/lib/python3.8/site-packages/airflow/example_dags/example_python_decorator.py
[2025-09-06T19:31:54.271+0545] {processor.py:914} INFO - Processing file /home/ashok/miniconda3/envs/mysecondenvironment/lib/python3.8/site-packages/airflow/example_dags/example_python_decorator.py for tasks to queue
[2025-09-06T19:31:54.274+0545] {logging_mixin.py:190} INFO - [2025-09-06T19:31:54.273+0545] {dagbag.py:588} INFO - Filling up the DagBag from /home/ashok/miniconda3/envs/mysecondenvironment/lib/python3.8/site-packages/airflow/example_dags/example_python_decorator.py
[2025-09-06T19:31:54.284+0545] {logging_mixin.py:190} INFO - [2025-09-06T19:31:54.284+0545] {example_python_decorator.py:80} WARNING - The virtalenv_python example task requires virtualenv, please install it.
[2025-09-06T19:31:54.288+0545] {processor.py:925} INFO - DAG(s) 'example_python_decorator' retrieved from /home/ashok/miniconda3/envs/mysecondenvironment/lib/python3.8/site-packages/airflow/example_dags/example_python_decorator.py
[2025-09-06T19:31:54.308+0545] {logging_mixin.py:190} INFO - [2025-09-06T19:31:54.308+0545] {dag.py:3239} INFO - Sync 1 DAGs
[2025-09-06T19:31:54.322+0545] {logging_mixin.py:190} INFO - [2025-09-06T19:31:54.321+0545] {dag.py:4180} INFO - Setting next_dagrun for example_python_decorator to None, run_after=None
[2025-09-06T19:31:54.350+0545] {processor.py:208} INFO - Processing /home/ashok/miniconda3/envs/mysecondenvironment/lib/python3.8/site-packages/airflow/example_dags/example_python_decorator.py took 0.090 seconds
[2025-09-06T19:32:53.666+0545] {processor.py:186} INFO - Started process (PID=42539) to work on /home/ashok/miniconda3/envs/mysecondenvironment/lib/python3.8/site-packages/airflow/example_dags/example_python_decorator.py
[2025-09-06T19:32:53.668+0545] {processor.py:914} INFO - Processing file /home/ashok/miniconda3/envs/mysecondenvironment/lib/python3.8/site-packages/airflow/example_dags/example_python_decorator.py for tasks to queue
[2025-09-06T19:32:53.670+0545] {logging_mixin.py:190} INFO - [2025-09-06T19:32:53.670+0545] {dagbag.py:588} INFO - Filling up the DagBag from /home/ashok/miniconda3/envs/mysecondenvironment/lib/python3.8/site-packages/airflow/example_dags/example_python_decorator.py
[2025-09-06T19:32:53.680+0545] {logging_mixin.py:190} INFO - [2025-09-06T19:32:53.680+0545] {example_python_decorator.py:80} WARNING - The virtalenv_python example task requires virtualenv, please install it.
[2025-09-06T19:32:53.683+0545] {processor.py:925} INFO - DAG(s) 'example_python_decorator' retrieved from /home/ashok/miniconda3/envs/mysecondenvironment/lib/python3.8/site-packages/airflow/example_dags/example_python_decorator.py
[2025-09-06T19:32:53.698+0545] {logging_mixin.py:190} INFO - [2025-09-06T19:32:53.698+0545] {dag.py:3239} INFO - Sync 1 DAGs
[2025-09-06T19:32:53.709+0545] {logging_mixin.py:190} INFO - [2025-09-06T19:32:53.709+0545] {dag.py:4180} INFO - Setting next_dagrun for example_python_decorator to None, run_after=None
[2025-09-06T19:32:53.734+0545] {processor.py:208} INFO - Processing /home/ashok/miniconda3/envs/mysecondenvironment/lib/python3.8/site-packages/airflow/example_dags/example_python_decorator.py took 0.074 seconds
[2025-09-06T19:33:54.381+0545] {processor.py:186} INFO - Started process (PID=42930) to work on /home/ashok/miniconda3/envs/mysecondenvironment/lib/python3.8/site-packages/airflow/example_dags/example_python_decorator.py
[2025-09-06T19:33:54.384+0545] {processor.py:914} INFO - Processing file /home/ashok/miniconda3/envs/mysecondenvironment/lib/python3.8/site-packages/airflow/example_dags/example_python_decorator.py for tasks to queue
[2025-09-06T19:33:54.387+0545] {logging_mixin.py:190} INFO - [2025-09-06T19:33:54.386+0545] {dagbag.py:588} INFO - Filling up the DagBag from /home/ashok/miniconda3/envs/mysecondenvironment/lib/python3.8/site-packages/airflow/example_dags/example_python_decorator.py
[2025-09-06T19:33:54.397+0545] {logging_mixin.py:190} INFO - [2025-09-06T19:33:54.396+0545] {example_python_decorator.py:80} WARNING - The virtalenv_python example task requires virtualenv, please install it.
[2025-09-06T19:33:54.399+0545] {processor.py:925} INFO - DAG(s) 'example_python_decorator' retrieved from /home/ashok/miniconda3/envs/mysecondenvironment/lib/python3.8/site-packages/airflow/example_dags/example_python_decorator.py
[2025-09-06T19:33:54.418+0545] {logging_mixin.py:190} INFO - [2025-09-06T19:33:54.417+0545] {dag.py:3239} INFO - Sync 1 DAGs
[2025-09-06T19:33:54.430+0545] {logging_mixin.py:190} INFO - [2025-09-06T19:33:54.430+0545] {dag.py:4180} INFO - Setting next_dagrun for example_python_decorator to None, run_after=None
[2025-09-06T19:33:54.457+0545] {processor.py:208} INFO - Processing /home/ashok/miniconda3/envs/mysecondenvironment/lib/python3.8/site-packages/airflow/example_dags/example_python_decorator.py took 0.083 seconds
[2025-09-06T19:34:56.039+0545] {processor.py:186} INFO - Started process (PID=43421) to work on /home/ashok/miniconda3/envs/mysecondenvironment/lib/python3.8/site-packages/airflow/example_dags/example_python_decorator.py
[2025-09-06T19:34:56.042+0545] {processor.py:914} INFO - Processing file /home/ashok/miniconda3/envs/mysecondenvironment/lib/python3.8/site-packages/airflow/example_dags/example_python_decorator.py for tasks to queue
[2025-09-06T19:34:56.045+0545] {logging_mixin.py:190} INFO - [2025-09-06T19:34:56.044+0545] {dagbag.py:588} INFO - Filling up the DagBag from /home/ashok/miniconda3/envs/mysecondenvironment/lib/python3.8/site-packages/airflow/example_dags/example_python_decorator.py
[2025-09-06T19:34:56.055+0545] {logging_mixin.py:190} INFO - [2025-09-06T19:34:56.055+0545] {example_python_decorator.py:80} WARNING - The virtalenv_python example task requires virtualenv, please install it.
[2025-09-06T19:34:56.057+0545] {processor.py:925} INFO - DAG(s) 'example_python_decorator' retrieved from /home/ashok/miniconda3/envs/mysecondenvironment/lib/python3.8/site-packages/airflow/example_dags/example_python_decorator.py
[2025-09-06T19:34:56.075+0545] {logging_mixin.py:190} INFO - [2025-09-06T19:34:56.075+0545] {dag.py:3239} INFO - Sync 1 DAGs
[2025-09-06T19:34:56.091+0545] {logging_mixin.py:190} INFO - [2025-09-06T19:34:56.091+0545] {dag.py:4180} INFO - Setting next_dagrun for example_python_decorator to None, run_after=None
[2025-09-06T19:34:56.122+0545] {processor.py:208} INFO - Processing /home/ashok/miniconda3/envs/mysecondenvironment/lib/python3.8/site-packages/airflow/example_dags/example_python_decorator.py took 0.091 seconds
[2025-09-06T19:35:59.447+0545] {processor.py:186} INFO - Started process (PID=43895) to work on /home/ashok/miniconda3/envs/mysecondenvironment/lib/python3.8/site-packages/airflow/example_dags/example_python_decorator.py
[2025-09-06T19:35:59.450+0545] {processor.py:914} INFO - Processing file /home/ashok/miniconda3/envs/mysecondenvironment/lib/python3.8/site-packages/airflow/example_dags/example_python_decorator.py for tasks to queue
[2025-09-06T19:35:59.453+0545] {logging_mixin.py:190} INFO - [2025-09-06T19:35:59.453+0545] {dagbag.py:588} INFO - Filling up the DagBag from /home/ashok/miniconda3/envs/mysecondenvironment/lib/python3.8/site-packages/airflow/example_dags/example_python_decorator.py
[2025-09-06T19:35:59.464+0545] {logging_mixin.py:190} INFO - [2025-09-06T19:35:59.464+0545] {example_python_decorator.py:80} WARNING - The virtalenv_python example task requires virtualenv, please install it.
[2025-09-06T19:35:59.466+0545] {processor.py:925} INFO - DAG(s) 'example_python_decorator' retrieved from /home/ashok/miniconda3/envs/mysecondenvironment/lib/python3.8/site-packages/airflow/example_dags/example_python_decorator.py
[2025-09-06T19:35:59.484+0545] {logging_mixin.py:190} INFO - [2025-09-06T19:35:59.484+0545] {dag.py:3239} INFO - Sync 1 DAGs
[2025-09-06T19:35:59.497+0545] {logging_mixin.py:190} INFO - [2025-09-06T19:35:59.497+0545] {dag.py:4180} INFO - Setting next_dagrun for example_python_decorator to None, run_after=None
[2025-09-06T19:35:59.526+0545] {processor.py:208} INFO - Processing /home/ashok/miniconda3/envs/mysecondenvironment/lib/python3.8/site-packages/airflow/example_dags/example_python_decorator.py took 0.087 seconds
[2025-09-06T19:37:00.475+0545] {processor.py:186} INFO - Started process (PID=44419) to work on /home/ashok/miniconda3/envs/mysecondenvironment/lib/python3.8/site-packages/airflow/example_dags/example_python_decorator.py
[2025-09-06T19:37:00.477+0545] {processor.py:914} INFO - Processing file /home/ashok/miniconda3/envs/mysecondenvironment/lib/python3.8/site-packages/airflow/example_dags/example_python_decorator.py for tasks to queue
[2025-09-06T19:37:00.480+0545] {logging_mixin.py:190} INFO - [2025-09-06T19:37:00.479+0545] {dagbag.py:588} INFO - Filling up the DagBag from /home/ashok/miniconda3/envs/mysecondenvironment/lib/python3.8/site-packages/airflow/example_dags/example_python_decorator.py
[2025-09-06T19:37:00.490+0545] {logging_mixin.py:190} INFO - [2025-09-06T19:37:00.490+0545] {example_python_decorator.py:80} WARNING - The virtalenv_python example task requires virtualenv, please install it.
[2025-09-06T19:37:00.493+0545] {processor.py:925} INFO - DAG(s) 'example_python_decorator' retrieved from /home/ashok/miniconda3/envs/mysecondenvironment/lib/python3.8/site-packages/airflow/example_dags/example_python_decorator.py
[2025-09-06T19:37:00.516+0545] {logging_mixin.py:190} INFO - [2025-09-06T19:37:00.516+0545] {dag.py:3239} INFO - Sync 1 DAGs
[2025-09-06T19:37:00.535+0545] {logging_mixin.py:190} INFO - [2025-09-06T19:37:00.534+0545] {dag.py:4180} INFO - Setting next_dagrun for example_python_decorator to None, run_after=None
[2025-09-06T19:37:00.570+0545] {processor.py:208} INFO - Processing /home/ashok/miniconda3/envs/mysecondenvironment/lib/python3.8/site-packages/airflow/example_dags/example_python_decorator.py took 0.102 seconds
[2025-09-06T19:38:00.443+0545] {processor.py:186} INFO - Started process (PID=44809) to work on /home/ashok/miniconda3/envs/mysecondenvironment/lib/python3.8/site-packages/airflow/example_dags/example_python_decorator.py
[2025-09-06T19:38:00.445+0545] {processor.py:914} INFO - Processing file /home/ashok/miniconda3/envs/mysecondenvironment/lib/python3.8/site-packages/airflow/example_dags/example_python_decorator.py for tasks to queue
[2025-09-06T19:38:00.448+0545] {logging_mixin.py:190} INFO - [2025-09-06T19:38:00.447+0545] {dagbag.py:588} INFO - Filling up the DagBag from /home/ashok/miniconda3/envs/mysecondenvironment/lib/python3.8/site-packages/airflow/example_dags/example_python_decorator.py
[2025-09-06T19:38:00.457+0545] {logging_mixin.py:190} INFO - [2025-09-06T19:38:00.457+0545] {example_python_decorator.py:80} WARNING - The virtalenv_python example task requires virtualenv, please install it.
[2025-09-06T19:38:00.460+0545] {processor.py:925} INFO - DAG(s) 'example_python_decorator' retrieved from /home/ashok/miniconda3/envs/mysecondenvironment/lib/python3.8/site-packages/airflow/example_dags/example_python_decorator.py
[2025-09-06T19:38:00.477+0545] {logging_mixin.py:190} INFO - [2025-09-06T19:38:00.477+0545] {dag.py:3239} INFO - Sync 1 DAGs
[2025-09-06T19:38:00.492+0545] {logging_mixin.py:190} INFO - [2025-09-06T19:38:00.492+0545] {dag.py:4180} INFO - Setting next_dagrun for example_python_decorator to None, run_after=None
[2025-09-06T19:38:00.519+0545] {processor.py:208} INFO - Processing /home/ashok/miniconda3/envs/mysecondenvironment/lib/python3.8/site-packages/airflow/example_dags/example_python_decorator.py took 0.084 seconds
[2025-09-06T19:38:59.473+0545] {processor.py:186} INFO - Started process (PID=45234) to work on /home/ashok/miniconda3/envs/mysecondenvironment/lib/python3.8/site-packages/airflow/example_dags/example_python_decorator.py
[2025-09-06T19:38:59.476+0545] {processor.py:914} INFO - Processing file /home/ashok/miniconda3/envs/mysecondenvironment/lib/python3.8/site-packages/airflow/example_dags/example_python_decorator.py for tasks to queue
[2025-09-06T19:38:59.478+0545] {logging_mixin.py:190} INFO - [2025-09-06T19:38:59.478+0545] {dagbag.py:588} INFO - Filling up the DagBag from /home/ashok/miniconda3/envs/mysecondenvironment/lib/python3.8/site-packages/airflow/example_dags/example_python_decorator.py
[2025-09-06T19:38:59.488+0545] {logging_mixin.py:190} INFO - [2025-09-06T19:38:59.488+0545] {example_python_decorator.py:80} WARNING - The virtalenv_python example task requires virtualenv, please install it.
[2025-09-06T19:38:59.491+0545] {processor.py:925} INFO - DAG(s) 'example_python_decorator' retrieved from /home/ashok/miniconda3/envs/mysecondenvironment/lib/python3.8/site-packages/airflow/example_dags/example_python_decorator.py
[2025-09-06T19:38:59.509+0545] {logging_mixin.py:190} INFO - [2025-09-06T19:38:59.508+0545] {dag.py:3239} INFO - Sync 1 DAGs
[2025-09-06T19:38:59.522+0545] {logging_mixin.py:190} INFO - [2025-09-06T19:38:59.521+0545] {dag.py:4180} INFO - Setting next_dagrun for example_python_decorator to None, run_after=None
[2025-09-06T19:38:59.552+0545] {processor.py:208} INFO - Processing /home/ashok/miniconda3/envs/mysecondenvironment/lib/python3.8/site-packages/airflow/example_dags/example_python_decorator.py took 0.087 seconds
[2025-09-06T19:39:58.292+0545] {processor.py:186} INFO - Started process (PID=45621) to work on /home/ashok/miniconda3/envs/mysecondenvironment/lib/python3.8/site-packages/airflow/example_dags/example_python_decorator.py
[2025-09-06T19:39:58.293+0545] {processor.py:914} INFO - Processing file /home/ashok/miniconda3/envs/mysecondenvironment/lib/python3.8/site-packages/airflow/example_dags/example_python_decorator.py for tasks to queue
[2025-09-06T19:39:58.295+0545] {logging_mixin.py:190} INFO - [2025-09-06T19:39:58.295+0545] {dagbag.py:588} INFO - Filling up the DagBag from /home/ashok/miniconda3/envs/mysecondenvironment/lib/python3.8/site-packages/airflow/example_dags/example_python_decorator.py
[2025-09-06T19:39:58.305+0545] {logging_mixin.py:190} INFO - [2025-09-06T19:39:58.305+0545] {example_python_decorator.py:80} WARNING - The virtalenv_python example task requires virtualenv, please install it.
[2025-09-06T19:39:58.308+0545] {processor.py:925} INFO - DAG(s) 'example_python_decorator' retrieved from /home/ashok/miniconda3/envs/mysecondenvironment/lib/python3.8/site-packages/airflow/example_dags/example_python_decorator.py
[2025-09-06T19:39:58.326+0545] {logging_mixin.py:190} INFO - [2025-09-06T19:39:58.325+0545] {dag.py:3239} INFO - Sync 1 DAGs
[2025-09-06T19:39:58.339+0545] {logging_mixin.py:190} INFO - [2025-09-06T19:39:58.339+0545] {dag.py:4180} INFO - Setting next_dagrun for example_python_decorator to None, run_after=None
[2025-09-06T19:39:58.365+0545] {processor.py:208} INFO - Processing /home/ashok/miniconda3/envs/mysecondenvironment/lib/python3.8/site-packages/airflow/example_dags/example_python_decorator.py took 0.081 seconds
[2025-09-06T19:40:58.948+0545] {processor.py:186} INFO - Started process (PID=46099) to work on /home/ashok/miniconda3/envs/mysecondenvironment/lib/python3.8/site-packages/airflow/example_dags/example_python_decorator.py
[2025-09-06T19:40:58.950+0545] {processor.py:914} INFO - Processing file /home/ashok/miniconda3/envs/mysecondenvironment/lib/python3.8/site-packages/airflow/example_dags/example_python_decorator.py for tasks to queue
[2025-09-06T19:40:58.953+0545] {logging_mixin.py:190} INFO - [2025-09-06T19:40:58.952+0545] {dagbag.py:588} INFO - Filling up the DagBag from /home/ashok/miniconda3/envs/mysecondenvironment/lib/python3.8/site-packages/airflow/example_dags/example_python_decorator.py
[2025-09-06T19:40:58.962+0545] {logging_mixin.py:190} INFO - [2025-09-06T19:40:58.962+0545] {example_python_decorator.py:80} WARNING - The virtalenv_python example task requires virtualenv, please install it.
[2025-09-06T19:40:58.965+0545] {processor.py:925} INFO - DAG(s) 'example_python_decorator' retrieved from /home/ashok/miniconda3/envs/mysecondenvironment/lib/python3.8/site-packages/airflow/example_dags/example_python_decorator.py
[2025-09-06T19:40:58.984+0545] {logging_mixin.py:190} INFO - [2025-09-06T19:40:58.984+0545] {dag.py:3239} INFO - Sync 1 DAGs
[2025-09-06T19:40:58.997+0545] {logging_mixin.py:190} INFO - [2025-09-06T19:40:58.997+0545] {dag.py:4180} INFO - Setting next_dagrun for example_python_decorator to None, run_after=None
[2025-09-06T19:40:59.024+0545] {processor.py:208} INFO - Processing /home/ashok/miniconda3/envs/mysecondenvironment/lib/python3.8/site-packages/airflow/example_dags/example_python_decorator.py took 0.084 seconds
[2025-09-06T19:41:59.804+0545] {processor.py:186} INFO - Started process (PID=46697) to work on /home/ashok/miniconda3/envs/mysecondenvironment/lib/python3.8/site-packages/airflow/example_dags/example_python_decorator.py
[2025-09-06T19:41:59.807+0545] {processor.py:914} INFO - Processing file /home/ashok/miniconda3/envs/mysecondenvironment/lib/python3.8/site-packages/airflow/example_dags/example_python_decorator.py for tasks to queue
[2025-09-06T19:41:59.809+0545] {logging_mixin.py:190} INFO - [2025-09-06T19:41:59.809+0545] {dagbag.py:588} INFO - Filling up the DagBag from /home/ashok/miniconda3/envs/mysecondenvironment/lib/python3.8/site-packages/airflow/example_dags/example_python_decorator.py
[2025-09-06T19:41:59.819+0545] {logging_mixin.py:190} INFO - [2025-09-06T19:41:59.819+0545] {example_python_decorator.py:80} WARNING - The virtalenv_python example task requires virtualenv, please install it.
[2025-09-06T19:41:59.822+0545] {processor.py:925} INFO - DAG(s) 'example_python_decorator' retrieved from /home/ashok/miniconda3/envs/mysecondenvironment/lib/python3.8/site-packages/airflow/example_dags/example_python_decorator.py
[2025-09-06T19:41:59.840+0545] {logging_mixin.py:190} INFO - [2025-09-06T19:41:59.840+0545] {dag.py:3239} INFO - Sync 1 DAGs
[2025-09-06T19:41:59.854+0545] {logging_mixin.py:190} INFO - [2025-09-06T19:41:59.853+0545] {dag.py:4180} INFO - Setting next_dagrun for example_python_decorator to None, run_after=None
[2025-09-06T19:41:59.880+0545] {processor.py:208} INFO - Processing /home/ashok/miniconda3/envs/mysecondenvironment/lib/python3.8/site-packages/airflow/example_dags/example_python_decorator.py took 0.084 seconds
[2025-09-06T19:43:00.212+0545] {processor.py:186} INFO - Started process (PID=47384) to work on /home/ashok/miniconda3/envs/mysecondenvironment/lib/python3.8/site-packages/airflow/example_dags/example_python_decorator.py
[2025-09-06T19:43:00.215+0545] {processor.py:914} INFO - Processing file /home/ashok/miniconda3/envs/mysecondenvironment/lib/python3.8/site-packages/airflow/example_dags/example_python_decorator.py for tasks to queue
[2025-09-06T19:43:00.218+0545] {logging_mixin.py:190} INFO - [2025-09-06T19:43:00.217+0545] {dagbag.py:588} INFO - Filling up the DagBag from /home/ashok/miniconda3/envs/mysecondenvironment/lib/python3.8/site-packages/airflow/example_dags/example_python_decorator.py
[2025-09-06T19:43:00.228+0545] {logging_mixin.py:190} INFO - [2025-09-06T19:43:00.228+0545] {example_python_decorator.py:80} WARNING - The virtalenv_python example task requires virtualenv, please install it.
[2025-09-06T19:43:00.230+0545] {processor.py:925} INFO - DAG(s) 'example_python_decorator' retrieved from /home/ashok/miniconda3/envs/mysecondenvironment/lib/python3.8/site-packages/airflow/example_dags/example_python_decorator.py
[2025-09-06T19:43:00.249+0545] {logging_mixin.py:190} INFO - [2025-09-06T19:43:00.249+0545] {dag.py:3239} INFO - Sync 1 DAGs
[2025-09-06T19:43:00.261+0545] {logging_mixin.py:190} INFO - [2025-09-06T19:43:00.261+0545] {dag.py:4180} INFO - Setting next_dagrun for example_python_decorator to None, run_after=None
[2025-09-06T19:43:00.290+0545] {processor.py:208} INFO - Processing /home/ashok/miniconda3/envs/mysecondenvironment/lib/python3.8/site-packages/airflow/example_dags/example_python_decorator.py took 0.085 seconds
[2025-09-06T19:44:00.739+0545] {processor.py:186} INFO - Started process (PID=47882) to work on /home/ashok/miniconda3/envs/mysecondenvironment/lib/python3.8/site-packages/airflow/example_dags/example_python_decorator.py
[2025-09-06T19:44:00.743+0545] {processor.py:914} INFO - Processing file /home/ashok/miniconda3/envs/mysecondenvironment/lib/python3.8/site-packages/airflow/example_dags/example_python_decorator.py for tasks to queue
[2025-09-06T19:44:00.746+0545] {logging_mixin.py:190} INFO - [2025-09-06T19:44:00.746+0545] {dagbag.py:588} INFO - Filling up the DagBag from /home/ashok/miniconda3/envs/mysecondenvironment/lib/python3.8/site-packages/airflow/example_dags/example_python_decorator.py
[2025-09-06T19:44:00.756+0545] {logging_mixin.py:190} INFO - [2025-09-06T19:44:00.756+0545] {example_python_decorator.py:80} WARNING - The virtalenv_python example task requires virtualenv, please install it.
[2025-09-06T19:44:00.759+0545] {processor.py:925} INFO - DAG(s) 'example_python_decorator' retrieved from /home/ashok/miniconda3/envs/mysecondenvironment/lib/python3.8/site-packages/airflow/example_dags/example_python_decorator.py
[2025-09-06T19:44:00.779+0545] {logging_mixin.py:190} INFO - [2025-09-06T19:44:00.779+0545] {dag.py:3239} INFO - Sync 1 DAGs
[2025-09-06T19:44:00.792+0545] {logging_mixin.py:190} INFO - [2025-09-06T19:44:00.792+0545] {dag.py:4180} INFO - Setting next_dagrun for example_python_decorator to None, run_after=None
[2025-09-06T19:44:00.821+0545] {processor.py:208} INFO - Processing /home/ashok/miniconda3/envs/mysecondenvironment/lib/python3.8/site-packages/airflow/example_dags/example_python_decorator.py took 0.090 seconds
[2025-09-06T19:45:00.037+0545] {processor.py:186} INFO - Started process (PID=48505) to work on /home/ashok/miniconda3/envs/mysecondenvironment/lib/python3.8/site-packages/airflow/example_dags/example_python_decorator.py
[2025-09-06T19:45:00.040+0545] {processor.py:914} INFO - Processing file /home/ashok/miniconda3/envs/mysecondenvironment/lib/python3.8/site-packages/airflow/example_dags/example_python_decorator.py for tasks to queue
[2025-09-06T19:45:00.043+0545] {logging_mixin.py:190} INFO - [2025-09-06T19:45:00.043+0545] {dagbag.py:588} INFO - Filling up the DagBag from /home/ashok/miniconda3/envs/mysecondenvironment/lib/python3.8/site-packages/airflow/example_dags/example_python_decorator.py
[2025-09-06T19:45:00.053+0545] {logging_mixin.py:190} INFO - [2025-09-06T19:45:00.053+0545] {example_python_decorator.py:80} WARNING - The virtalenv_python example task requires virtualenv, please install it.
[2025-09-06T19:45:00.056+0545] {processor.py:925} INFO - DAG(s) 'example_python_decorator' retrieved from /home/ashok/miniconda3/envs/mysecondenvironment/lib/python3.8/site-packages/airflow/example_dags/example_python_decorator.py
[2025-09-06T19:45:00.074+0545] {logging_mixin.py:190} INFO - [2025-09-06T19:45:00.073+0545] {dag.py:3239} INFO - Sync 1 DAGs
[2025-09-06T19:45:00.087+0545] {logging_mixin.py:190} INFO - [2025-09-06T19:45:00.086+0545] {dag.py:4180} INFO - Setting next_dagrun for example_python_decorator to None, run_after=None
[2025-09-06T19:45:00.113+0545] {processor.py:208} INFO - Processing /home/ashok/miniconda3/envs/mysecondenvironment/lib/python3.8/site-packages/airflow/example_dags/example_python_decorator.py took 0.083 seconds
[2025-09-06T19:45:58.680+0545] {processor.py:186} INFO - Started process (PID=48990) to work on /home/ashok/miniconda3/envs/mysecondenvironment/lib/python3.8/site-packages/airflow/example_dags/example_python_decorator.py
[2025-09-06T19:45:58.682+0545] {processor.py:914} INFO - Processing file /home/ashok/miniconda3/envs/mysecondenvironment/lib/python3.8/site-packages/airflow/example_dags/example_python_decorator.py for tasks to queue
[2025-09-06T19:45:58.684+0545] {logging_mixin.py:190} INFO - [2025-09-06T19:45:58.683+0545] {dagbag.py:588} INFO - Filling up the DagBag from /home/ashok/miniconda3/envs/mysecondenvironment/lib/python3.8/site-packages/airflow/example_dags/example_python_decorator.py
[2025-09-06T19:45:58.693+0545] {logging_mixin.py:190} INFO - [2025-09-06T19:45:58.692+0545] {example_python_decorator.py:80} WARNING - The virtalenv_python example task requires virtualenv, please install it.
[2025-09-06T19:45:58.695+0545] {processor.py:925} INFO - DAG(s) 'example_python_decorator' retrieved from /home/ashok/miniconda3/envs/mysecondenvironment/lib/python3.8/site-packages/airflow/example_dags/example_python_decorator.py
[2025-09-06T19:45:58.712+0545] {logging_mixin.py:190} INFO - [2025-09-06T19:45:58.712+0545] {dag.py:3239} INFO - Sync 1 DAGs
[2025-09-06T19:45:58.723+0545] {logging_mixin.py:190} INFO - [2025-09-06T19:45:58.722+0545] {dag.py:4180} INFO - Setting next_dagrun for example_python_decorator to None, run_after=None
[2025-09-06T19:45:58.747+0545] {processor.py:208} INFO - Processing /home/ashok/miniconda3/envs/mysecondenvironment/lib/python3.8/site-packages/airflow/example_dags/example_python_decorator.py took 0.073 seconds
[2025-09-06T19:46:58.645+0545] {processor.py:186} INFO - Started process (PID=49605) to work on /home/ashok/miniconda3/envs/mysecondenvironment/lib/python3.8/site-packages/airflow/example_dags/example_python_decorator.py
[2025-09-06T19:46:58.648+0545] {processor.py:914} INFO - Processing file /home/ashok/miniconda3/envs/mysecondenvironment/lib/python3.8/site-packages/airflow/example_dags/example_python_decorator.py for tasks to queue
[2025-09-06T19:46:58.651+0545] {logging_mixin.py:190} INFO - [2025-09-06T19:46:58.650+0545] {dagbag.py:588} INFO - Filling up the DagBag from /home/ashok/miniconda3/envs/mysecondenvironment/lib/python3.8/site-packages/airflow/example_dags/example_python_decorator.py
[2025-09-06T19:46:58.665+0545] {logging_mixin.py:190} INFO - [2025-09-06T19:46:58.664+0545] {example_python_decorator.py:80} WARNING - The virtalenv_python example task requires virtualenv, please install it.
[2025-09-06T19:46:58.668+0545] {processor.py:925} INFO - DAG(s) 'example_python_decorator' retrieved from /home/ashok/miniconda3/envs/mysecondenvironment/lib/python3.8/site-packages/airflow/example_dags/example_python_decorator.py
[2025-09-06T19:46:58.692+0545] {logging_mixin.py:190} INFO - [2025-09-06T19:46:58.692+0545] {dag.py:3239} INFO - Sync 1 DAGs
[2025-09-06T19:46:58.710+0545] {logging_mixin.py:190} INFO - [2025-09-06T19:46:58.710+0545] {dag.py:4180} INFO - Setting next_dagrun for example_python_decorator to None, run_after=None
[2025-09-06T19:46:58.742+0545] {processor.py:208} INFO - Processing /home/ashok/miniconda3/envs/mysecondenvironment/lib/python3.8/site-packages/airflow/example_dags/example_python_decorator.py took 0.108 seconds
[2025-09-06T19:47:57.745+0545] {processor.py:186} INFO - Started process (PID=49997) to work on /home/ashok/miniconda3/envs/mysecondenvironment/lib/python3.8/site-packages/airflow/example_dags/example_python_decorator.py
[2025-09-06T19:47:57.748+0545] {processor.py:914} INFO - Processing file /home/ashok/miniconda3/envs/mysecondenvironment/lib/python3.8/site-packages/airflow/example_dags/example_python_decorator.py for tasks to queue
[2025-09-06T19:47:57.751+0545] {logging_mixin.py:190} INFO - [2025-09-06T19:47:57.751+0545] {dagbag.py:588} INFO - Filling up the DagBag from /home/ashok/miniconda3/envs/mysecondenvironment/lib/python3.8/site-packages/airflow/example_dags/example_python_decorator.py
[2025-09-06T19:47:57.761+0545] {logging_mixin.py:190} INFO - [2025-09-06T19:47:57.761+0545] {example_python_decorator.py:80} WARNING - The virtalenv_python example task requires virtualenv, please install it.
[2025-09-06T19:47:57.764+0545] {processor.py:925} INFO - DAG(s) 'example_python_decorator' retrieved from /home/ashok/miniconda3/envs/mysecondenvironment/lib/python3.8/site-packages/airflow/example_dags/example_python_decorator.py
[2025-09-06T19:47:57.782+0545] {logging_mixin.py:190} INFO - [2025-09-06T19:47:57.782+0545] {dag.py:3239} INFO - Sync 1 DAGs
[2025-09-06T19:47:57.795+0545] {logging_mixin.py:190} INFO - [2025-09-06T19:47:57.794+0545] {dag.py:4180} INFO - Setting next_dagrun for example_python_decorator to None, run_after=None
[2025-09-06T19:47:57.821+0545] {processor.py:208} INFO - Processing /home/ashok/miniconda3/envs/mysecondenvironment/lib/python3.8/site-packages/airflow/example_dags/example_python_decorator.py took 0.083 seconds
