[2025-09-06T19:04:50.783+0545] {processor.py:186} INFO - Started process (PID=28182) to work on /home/ashok/miniconda3/envs/mysecondenvironment/lib/python3.8/site-packages/airflow/example_dags/example_xcomargs.py
[2025-09-06T19:04:50.784+0545] {processor.py:914} INFO - Processing file /home/ashok/miniconda3/envs/mysecondenvironment/lib/python3.8/site-packages/airflow/example_dags/example_xcomargs.py for tasks to queue
[2025-09-06T19:04:50.786+0545] {logging_mixin.py:190} INFO - [2025-09-06T19:04:50.786+0545] {dagbag.py:588} INFO - Filling up the DagBag from /home/ashok/miniconda3/envs/mysecondenvironment/lib/python3.8/site-packages/airflow/example_dags/example_xcomargs.py
[2025-09-06T19:04:50.796+0545] {processor.py:925} INFO - DAG(s) 'example_xcom_args_with_operators', 'example_xcom_args' retrieved from /home/ashok/miniconda3/envs/mysecondenvironment/lib/python3.8/site-packages/airflow/example_dags/example_xcomargs.py
[2025-09-06T19:04:50.819+0545] {logging_mixin.py:190} INFO - [2025-09-06T19:04:50.818+0545] {dag.py:3239} INFO - Sync 2 DAGs
[2025-09-06T19:04:50.829+0545] {logging_mixin.py:190} INFO - [2025-09-06T19:04:50.829+0545] {dag.py:4180} INFO - Setting next_dagrun for example_xcom_args to None, run_after=None
[2025-09-06T19:04:50.832+0545] {logging_mixin.py:190} INFO - [2025-09-06T19:04:50.832+0545] {dag.py:4180} INFO - Setting next_dagrun for example_xcom_args_with_operators to None, run_after=None
[2025-09-06T19:04:50.854+0545] {processor.py:208} INFO - Processing /home/ashok/miniconda3/envs/mysecondenvironment/lib/python3.8/site-packages/airflow/example_dags/example_xcomargs.py took 0.077 seconds
[2025-09-06T19:08:07.265+0545] {processor.py:186} INFO - Started process (PID=30846) to work on /home/ashok/miniconda3/envs/mysecondenvironment/lib/python3.8/site-packages/airflow/example_dags/example_xcomargs.py
[2025-09-06T19:08:07.268+0545] {processor.py:914} INFO - Processing file /home/ashok/miniconda3/envs/mysecondenvironment/lib/python3.8/site-packages/airflow/example_dags/example_xcomargs.py for tasks to queue
[2025-09-06T19:08:07.271+0545] {logging_mixin.py:190} INFO - [2025-09-06T19:08:07.270+0545] {dagbag.py:588} INFO - Filling up the DagBag from /home/ashok/miniconda3/envs/mysecondenvironment/lib/python3.8/site-packages/airflow/example_dags/example_xcomargs.py
[2025-09-06T19:08:07.282+0545] {processor.py:925} INFO - DAG(s) 'example_xcom_args_with_operators', 'example_xcom_args' retrieved from /home/ashok/miniconda3/envs/mysecondenvironment/lib/python3.8/site-packages/airflow/example_dags/example_xcomargs.py
[2025-09-06T19:08:07.303+0545] {logging_mixin.py:190} INFO - [2025-09-06T19:08:07.302+0545] {dag.py:3239} INFO - Sync 2 DAGs
[2025-09-06T19:08:07.315+0545] {logging_mixin.py:190} INFO - [2025-09-06T19:08:07.315+0545] {dag.py:4180} INFO - Setting next_dagrun for example_xcom_args to None, run_after=None
[2025-09-06T19:08:07.318+0545] {logging_mixin.py:190} INFO - [2025-09-06T19:08:07.318+0545] {dag.py:4180} INFO - Setting next_dagrun for example_xcom_args_with_operators to None, run_after=None
[2025-09-06T19:08:07.343+0545] {processor.py:208} INFO - Processing /home/ashok/miniconda3/envs/mysecondenvironment/lib/python3.8/site-packages/airflow/example_dags/example_xcomargs.py took 0.086 seconds
[2025-09-06T19:09:08.893+0545] {processor.py:186} INFO - Started process (PID=31336) to work on /home/ashok/miniconda3/envs/mysecondenvironment/lib/python3.8/site-packages/airflow/example_dags/example_xcomargs.py
[2025-09-06T19:09:08.895+0545] {processor.py:914} INFO - Processing file /home/ashok/miniconda3/envs/mysecondenvironment/lib/python3.8/site-packages/airflow/example_dags/example_xcomargs.py for tasks to queue
[2025-09-06T19:09:08.897+0545] {logging_mixin.py:190} INFO - [2025-09-06T19:09:08.897+0545] {dagbag.py:588} INFO - Filling up the DagBag from /home/ashok/miniconda3/envs/mysecondenvironment/lib/python3.8/site-packages/airflow/example_dags/example_xcomargs.py
[2025-09-06T19:09:08.909+0545] {processor.py:925} INFO - DAG(s) 'example_xcom_args_with_operators', 'example_xcom_args' retrieved from /home/ashok/miniconda3/envs/mysecondenvironment/lib/python3.8/site-packages/airflow/example_dags/example_xcomargs.py
[2025-09-06T19:09:08.929+0545] {logging_mixin.py:190} INFO - [2025-09-06T19:09:08.929+0545] {dag.py:3239} INFO - Sync 2 DAGs
[2025-09-06T19:09:08.941+0545] {logging_mixin.py:190} INFO - [2025-09-06T19:09:08.941+0545] {dag.py:4180} INFO - Setting next_dagrun for example_xcom_args to None, run_after=None
[2025-09-06T19:09:08.944+0545] {logging_mixin.py:190} INFO - [2025-09-06T19:09:08.944+0545] {dag.py:4180} INFO - Setting next_dagrun for example_xcom_args_with_operators to None, run_after=None
[2025-09-06T19:09:08.970+0545] {processor.py:208} INFO - Processing /home/ashok/miniconda3/envs/mysecondenvironment/lib/python3.8/site-packages/airflow/example_dags/example_xcomargs.py took 0.084 seconds
[2025-09-06T19:10:08.443+0545] {processor.py:186} INFO - Started process (PID=31783) to work on /home/ashok/miniconda3/envs/mysecondenvironment/lib/python3.8/site-packages/airflow/example_dags/example_xcomargs.py
[2025-09-06T19:10:08.445+0545] {processor.py:914} INFO - Processing file /home/ashok/miniconda3/envs/mysecondenvironment/lib/python3.8/site-packages/airflow/example_dags/example_xcomargs.py for tasks to queue
[2025-09-06T19:10:08.448+0545] {logging_mixin.py:190} INFO - [2025-09-06T19:10:08.447+0545] {dagbag.py:588} INFO - Filling up the DagBag from /home/ashok/miniconda3/envs/mysecondenvironment/lib/python3.8/site-packages/airflow/example_dags/example_xcomargs.py
[2025-09-06T19:10:08.460+0545] {processor.py:925} INFO - DAG(s) 'example_xcom_args_with_operators', 'example_xcom_args' retrieved from /home/ashok/miniconda3/envs/mysecondenvironment/lib/python3.8/site-packages/airflow/example_dags/example_xcomargs.py
[2025-09-06T19:10:08.479+0545] {logging_mixin.py:190} INFO - [2025-09-06T19:10:08.479+0545] {dag.py:3239} INFO - Sync 2 DAGs
[2025-09-06T19:10:08.494+0545] {logging_mixin.py:190} INFO - [2025-09-06T19:10:08.493+0545] {dag.py:4180} INFO - Setting next_dagrun for example_xcom_args to None, run_after=None
[2025-09-06T19:10:08.497+0545] {logging_mixin.py:190} INFO - [2025-09-06T19:10:08.496+0545] {dag.py:4180} INFO - Setting next_dagrun for example_xcom_args_with_operators to None, run_after=None
[2025-09-06T19:10:08.522+0545] {processor.py:208} INFO - Processing /home/ashok/miniconda3/envs/mysecondenvironment/lib/python3.8/site-packages/airflow/example_dags/example_xcomargs.py took 0.087 seconds
[2025-09-06T19:11:07.528+0545] {processor.py:186} INFO - Started process (PID=32196) to work on /home/ashok/miniconda3/envs/mysecondenvironment/lib/python3.8/site-packages/airflow/example_dags/example_xcomargs.py
[2025-09-06T19:11:07.531+0545] {processor.py:914} INFO - Processing file /home/ashok/miniconda3/envs/mysecondenvironment/lib/python3.8/site-packages/airflow/example_dags/example_xcomargs.py for tasks to queue
[2025-09-06T19:11:07.533+0545] {logging_mixin.py:190} INFO - [2025-09-06T19:11:07.533+0545] {dagbag.py:588} INFO - Filling up the DagBag from /home/ashok/miniconda3/envs/mysecondenvironment/lib/python3.8/site-packages/airflow/example_dags/example_xcomargs.py
[2025-09-06T19:11:07.546+0545] {processor.py:925} INFO - DAG(s) 'example_xcom_args', 'example_xcom_args_with_operators' retrieved from /home/ashok/miniconda3/envs/mysecondenvironment/lib/python3.8/site-packages/airflow/example_dags/example_xcomargs.py
[2025-09-06T19:11:07.569+0545] {logging_mixin.py:190} INFO - [2025-09-06T19:11:07.568+0545] {dag.py:3239} INFO - Sync 2 DAGs
[2025-09-06T19:11:07.582+0545] {logging_mixin.py:190} INFO - [2025-09-06T19:11:07.581+0545] {dag.py:4180} INFO - Setting next_dagrun for example_xcom_args to None, run_after=None
[2025-09-06T19:11:07.584+0545] {logging_mixin.py:190} INFO - [2025-09-06T19:11:07.584+0545] {dag.py:4180} INFO - Setting next_dagrun for example_xcom_args_with_operators to None, run_after=None
[2025-09-06T19:11:07.610+0545] {processor.py:208} INFO - Processing /home/ashok/miniconda3/envs/mysecondenvironment/lib/python3.8/site-packages/airflow/example_dags/example_xcomargs.py took 0.090 seconds
[2025-09-06T19:12:07.583+0545] {processor.py:186} INFO - Started process (PID=32626) to work on /home/ashok/miniconda3/envs/mysecondenvironment/lib/python3.8/site-packages/airflow/example_dags/example_xcomargs.py
[2025-09-06T19:12:07.586+0545] {processor.py:914} INFO - Processing file /home/ashok/miniconda3/envs/mysecondenvironment/lib/python3.8/site-packages/airflow/example_dags/example_xcomargs.py for tasks to queue
[2025-09-06T19:12:07.588+0545] {logging_mixin.py:190} INFO - [2025-09-06T19:12:07.588+0545] {dagbag.py:588} INFO - Filling up the DagBag from /home/ashok/miniconda3/envs/mysecondenvironment/lib/python3.8/site-packages/airflow/example_dags/example_xcomargs.py
[2025-09-06T19:12:07.600+0545] {processor.py:925} INFO - DAG(s) 'example_xcom_args', 'example_xcom_args_with_operators' retrieved from /home/ashok/miniconda3/envs/mysecondenvironment/lib/python3.8/site-packages/airflow/example_dags/example_xcomargs.py
[2025-09-06T19:12:07.622+0545] {logging_mixin.py:190} INFO - [2025-09-06T19:12:07.622+0545] {dag.py:3239} INFO - Sync 2 DAGs
[2025-09-06T19:12:07.635+0545] {logging_mixin.py:190} INFO - [2025-09-06T19:12:07.635+0545] {dag.py:4180} INFO - Setting next_dagrun for example_xcom_args to None, run_after=None
[2025-09-06T19:12:07.638+0545] {logging_mixin.py:190} INFO - [2025-09-06T19:12:07.638+0545] {dag.py:4180} INFO - Setting next_dagrun for example_xcom_args_with_operators to None, run_after=None
[2025-09-06T19:12:07.663+0545] {processor.py:208} INFO - Processing /home/ashok/miniconda3/envs/mysecondenvironment/lib/python3.8/site-packages/airflow/example_dags/example_xcomargs.py took 0.087 seconds
[2025-09-06T19:13:05.885+0545] {processor.py:186} INFO - Started process (PID=33104) to work on /home/ashok/miniconda3/envs/mysecondenvironment/lib/python3.8/site-packages/airflow/example_dags/example_xcomargs.py
[2025-09-06T19:13:05.887+0545] {processor.py:914} INFO - Processing file /home/ashok/miniconda3/envs/mysecondenvironment/lib/python3.8/site-packages/airflow/example_dags/example_xcomargs.py for tasks to queue
[2025-09-06T19:13:05.890+0545] {logging_mixin.py:190} INFO - [2025-09-06T19:13:05.889+0545] {dagbag.py:588} INFO - Filling up the DagBag from /home/ashok/miniconda3/envs/mysecondenvironment/lib/python3.8/site-packages/airflow/example_dags/example_xcomargs.py
[2025-09-06T19:13:05.901+0545] {processor.py:925} INFO - DAG(s) 'example_xcom_args', 'example_xcom_args_with_operators' retrieved from /home/ashok/miniconda3/envs/mysecondenvironment/lib/python3.8/site-packages/airflow/example_dags/example_xcomargs.py
[2025-09-06T19:13:05.922+0545] {logging_mixin.py:190} INFO - [2025-09-06T19:13:05.922+0545] {dag.py:3239} INFO - Sync 2 DAGs
[2025-09-06T19:13:05.937+0545] {logging_mixin.py:190} INFO - [2025-09-06T19:13:05.936+0545] {dag.py:4180} INFO - Setting next_dagrun for example_xcom_args to None, run_after=None
[2025-09-06T19:13:05.940+0545] {logging_mixin.py:190} INFO - [2025-09-06T19:13:05.940+0545] {dag.py:4180} INFO - Setting next_dagrun for example_xcom_args_with_operators to None, run_after=None
[2025-09-06T19:13:05.966+0545] {processor.py:208} INFO - Processing /home/ashok/miniconda3/envs/mysecondenvironment/lib/python3.8/site-packages/airflow/example_dags/example_xcomargs.py took 0.088 seconds
[2025-09-06T19:14:05.593+0545] {processor.py:186} INFO - Started process (PID=33491) to work on /home/ashok/miniconda3/envs/mysecondenvironment/lib/python3.8/site-packages/airflow/example_dags/example_xcomargs.py
[2025-09-06T19:14:05.595+0545] {processor.py:914} INFO - Processing file /home/ashok/miniconda3/envs/mysecondenvironment/lib/python3.8/site-packages/airflow/example_dags/example_xcomargs.py for tasks to queue
[2025-09-06T19:14:05.598+0545] {logging_mixin.py:190} INFO - [2025-09-06T19:14:05.597+0545] {dagbag.py:588} INFO - Filling up the DagBag from /home/ashok/miniconda3/envs/mysecondenvironment/lib/python3.8/site-packages/airflow/example_dags/example_xcomargs.py
[2025-09-06T19:14:05.609+0545] {processor.py:925} INFO - DAG(s) 'example_xcom_args', 'example_xcom_args_with_operators' retrieved from /home/ashok/miniconda3/envs/mysecondenvironment/lib/python3.8/site-packages/airflow/example_dags/example_xcomargs.py
[2025-09-06T19:14:05.628+0545] {logging_mixin.py:190} INFO - [2025-09-06T19:14:05.628+0545] {dag.py:3239} INFO - Sync 2 DAGs
[2025-09-06T19:14:05.641+0545] {logging_mixin.py:190} INFO - [2025-09-06T19:14:05.641+0545] {dag.py:4180} INFO - Setting next_dagrun for example_xcom_args to None, run_after=None
[2025-09-06T19:14:05.644+0545] {logging_mixin.py:190} INFO - [2025-09-06T19:14:05.644+0545] {dag.py:4180} INFO - Setting next_dagrun for example_xcom_args_with_operators to None, run_after=None
[2025-09-06T19:14:05.672+0545] {processor.py:208} INFO - Processing /home/ashok/miniconda3/envs/mysecondenvironment/lib/python3.8/site-packages/airflow/example_dags/example_xcomargs.py took 0.088 seconds
[2025-09-06T19:15:06.204+0545] {processor.py:186} INFO - Started process (PID=33919) to work on /home/ashok/miniconda3/envs/mysecondenvironment/lib/python3.8/site-packages/airflow/example_dags/example_xcomargs.py
[2025-09-06T19:15:06.207+0545] {processor.py:914} INFO - Processing file /home/ashok/miniconda3/envs/mysecondenvironment/lib/python3.8/site-packages/airflow/example_dags/example_xcomargs.py for tasks to queue
[2025-09-06T19:15:06.209+0545] {logging_mixin.py:190} INFO - [2025-09-06T19:15:06.209+0545] {dagbag.py:588} INFO - Filling up the DagBag from /home/ashok/miniconda3/envs/mysecondenvironment/lib/python3.8/site-packages/airflow/example_dags/example_xcomargs.py
[2025-09-06T19:15:06.221+0545] {processor.py:925} INFO - DAG(s) 'example_xcom_args', 'example_xcom_args_with_operators' retrieved from /home/ashok/miniconda3/envs/mysecondenvironment/lib/python3.8/site-packages/airflow/example_dags/example_xcomargs.py
[2025-09-06T19:15:06.242+0545] {logging_mixin.py:190} INFO - [2025-09-06T19:15:06.242+0545] {dag.py:3239} INFO - Sync 2 DAGs
[2025-09-06T19:15:06.257+0545] {logging_mixin.py:190} INFO - [2025-09-06T19:15:06.257+0545] {dag.py:4180} INFO - Setting next_dagrun for example_xcom_args to None, run_after=None
[2025-09-06T19:15:06.261+0545] {logging_mixin.py:190} INFO - [2025-09-06T19:15:06.261+0545] {dag.py:4180} INFO - Setting next_dagrun for example_xcom_args_with_operators to None, run_after=None
[2025-09-06T19:15:06.286+0545] {processor.py:208} INFO - Processing /home/ashok/miniconda3/envs/mysecondenvironment/lib/python3.8/site-packages/airflow/example_dags/example_xcomargs.py took 0.089 seconds
[2025-09-06T19:16:05.651+0545] {processor.py:186} INFO - Started process (PID=34377) to work on /home/ashok/miniconda3/envs/mysecondenvironment/lib/python3.8/site-packages/airflow/example_dags/example_xcomargs.py
[2025-09-06T19:16:05.653+0545] {processor.py:914} INFO - Processing file /home/ashok/miniconda3/envs/mysecondenvironment/lib/python3.8/site-packages/airflow/example_dags/example_xcomargs.py for tasks to queue
[2025-09-06T19:16:05.655+0545] {logging_mixin.py:190} INFO - [2025-09-06T19:16:05.654+0545] {dagbag.py:588} INFO - Filling up the DagBag from /home/ashok/miniconda3/envs/mysecondenvironment/lib/python3.8/site-packages/airflow/example_dags/example_xcomargs.py
[2025-09-06T19:16:05.665+0545] {processor.py:925} INFO - DAG(s) 'example_xcom_args', 'example_xcom_args_with_operators' retrieved from /home/ashok/miniconda3/envs/mysecondenvironment/lib/python3.8/site-packages/airflow/example_dags/example_xcomargs.py
[2025-09-06T19:16:05.683+0545] {logging_mixin.py:190} INFO - [2025-09-06T19:16:05.683+0545] {dag.py:3239} INFO - Sync 2 DAGs
[2025-09-06T19:16:05.694+0545] {logging_mixin.py:190} INFO - [2025-09-06T19:16:05.694+0545] {dag.py:4180} INFO - Setting next_dagrun for example_xcom_args to None, run_after=None
[2025-09-06T19:16:05.697+0545] {logging_mixin.py:190} INFO - [2025-09-06T19:16:05.697+0545] {dag.py:4180} INFO - Setting next_dagrun for example_xcom_args_with_operators to None, run_after=None
[2025-09-06T19:16:05.722+0545] {processor.py:208} INFO - Processing /home/ashok/miniconda3/envs/mysecondenvironment/lib/python3.8/site-packages/airflow/example_dags/example_xcomargs.py took 0.079 seconds
[2025-09-06T19:17:04.573+0545] {processor.py:186} INFO - Started process (PID=34843) to work on /home/ashok/miniconda3/envs/mysecondenvironment/lib/python3.8/site-packages/airflow/example_dags/example_xcomargs.py
[2025-09-06T19:17:04.576+0545] {processor.py:914} INFO - Processing file /home/ashok/miniconda3/envs/mysecondenvironment/lib/python3.8/site-packages/airflow/example_dags/example_xcomargs.py for tasks to queue
[2025-09-06T19:17:04.581+0545] {logging_mixin.py:190} INFO - [2025-09-06T19:17:04.580+0545] {dagbag.py:588} INFO - Filling up the DagBag from /home/ashok/miniconda3/envs/mysecondenvironment/lib/python3.8/site-packages/airflow/example_dags/example_xcomargs.py
[2025-09-06T19:17:04.598+0545] {processor.py:925} INFO - DAG(s) 'example_xcom_args_with_operators', 'example_xcom_args' retrieved from /home/ashok/miniconda3/envs/mysecondenvironment/lib/python3.8/site-packages/airflow/example_dags/example_xcomargs.py
[2025-09-06T19:17:04.632+0545] {logging_mixin.py:190} INFO - [2025-09-06T19:17:04.631+0545] {dag.py:3239} INFO - Sync 2 DAGs
[2025-09-06T19:17:04.652+0545] {logging_mixin.py:190} INFO - [2025-09-06T19:17:04.652+0545] {dag.py:4180} INFO - Setting next_dagrun for example_xcom_args to None, run_after=None
[2025-09-06T19:17:04.657+0545] {logging_mixin.py:190} INFO - [2025-09-06T19:17:04.657+0545] {dag.py:4180} INFO - Setting next_dagrun for example_xcom_args_with_operators to None, run_after=None
[2025-09-06T19:17:04.686+0545] {processor.py:208} INFO - Processing /home/ashok/miniconda3/envs/mysecondenvironment/lib/python3.8/site-packages/airflow/example_dags/example_xcomargs.py took 0.125 seconds
[2025-09-06T19:18:06.126+0545] {processor.py:186} INFO - Started process (PID=35259) to work on /home/ashok/miniconda3/envs/mysecondenvironment/lib/python3.8/site-packages/airflow/example_dags/example_xcomargs.py
[2025-09-06T19:18:06.128+0545] {processor.py:914} INFO - Processing file /home/ashok/miniconda3/envs/mysecondenvironment/lib/python3.8/site-packages/airflow/example_dags/example_xcomargs.py for tasks to queue
[2025-09-06T19:18:06.131+0545] {logging_mixin.py:190} INFO - [2025-09-06T19:18:06.131+0545] {dagbag.py:588} INFO - Filling up the DagBag from /home/ashok/miniconda3/envs/mysecondenvironment/lib/python3.8/site-packages/airflow/example_dags/example_xcomargs.py
[2025-09-06T19:18:06.143+0545] {processor.py:925} INFO - DAG(s) 'example_xcom_args', 'example_xcom_args_with_operators' retrieved from /home/ashok/miniconda3/envs/mysecondenvironment/lib/python3.8/site-packages/airflow/example_dags/example_xcomargs.py
[2025-09-06T19:18:06.163+0545] {logging_mixin.py:190} INFO - [2025-09-06T19:18:06.163+0545] {dag.py:3239} INFO - Sync 2 DAGs
[2025-09-06T19:18:06.179+0545] {logging_mixin.py:190} INFO - [2025-09-06T19:18:06.179+0545] {dag.py:4180} INFO - Setting next_dagrun for example_xcom_args to None, run_after=None
[2025-09-06T19:18:06.182+0545] {logging_mixin.py:190} INFO - [2025-09-06T19:18:06.182+0545] {dag.py:4180} INFO - Setting next_dagrun for example_xcom_args_with_operators to None, run_after=None
[2025-09-06T19:18:06.207+0545] {processor.py:208} INFO - Processing /home/ashok/miniconda3/envs/mysecondenvironment/lib/python3.8/site-packages/airflow/example_dags/example_xcomargs.py took 0.089 seconds
[2025-09-06T19:19:11.509+0545] {processor.py:186} INFO - Started process (PID=35767) to work on /home/ashok/miniconda3/envs/mysecondenvironment/lib/python3.8/site-packages/airflow/example_dags/example_xcomargs.py
[2025-09-06T19:19:11.512+0545] {processor.py:914} INFO - Processing file /home/ashok/miniconda3/envs/mysecondenvironment/lib/python3.8/site-packages/airflow/example_dags/example_xcomargs.py for tasks to queue
[2025-09-06T19:19:11.514+0545] {logging_mixin.py:190} INFO - [2025-09-06T19:19:11.514+0545] {dagbag.py:588} INFO - Filling up the DagBag from /home/ashok/miniconda3/envs/mysecondenvironment/lib/python3.8/site-packages/airflow/example_dags/example_xcomargs.py
[2025-09-06T19:19:11.526+0545] {processor.py:925} INFO - DAG(s) 'example_xcom_args', 'example_xcom_args_with_operators' retrieved from /home/ashok/miniconda3/envs/mysecondenvironment/lib/python3.8/site-packages/airflow/example_dags/example_xcomargs.py
[2025-09-06T19:19:11.546+0545] {logging_mixin.py:190} INFO - [2025-09-06T19:19:11.545+0545] {dag.py:3239} INFO - Sync 2 DAGs
[2025-09-06T19:19:11.558+0545] {logging_mixin.py:190} INFO - [2025-09-06T19:19:11.558+0545] {dag.py:4180} INFO - Setting next_dagrun for example_xcom_args to None, run_after=None
[2025-09-06T19:19:11.562+0545] {logging_mixin.py:190} INFO - [2025-09-06T19:19:11.562+0545] {dag.py:4180} INFO - Setting next_dagrun for example_xcom_args_with_operators to None, run_after=None
[2025-09-06T19:19:11.588+0545] {processor.py:208} INFO - Processing /home/ashok/miniconda3/envs/mysecondenvironment/lib/python3.8/site-packages/airflow/example_dags/example_xcomargs.py took 0.086 seconds
[2025-09-06T19:20:11.811+0545] {processor.py:186} INFO - Started process (PID=36211) to work on /home/ashok/miniconda3/envs/mysecondenvironment/lib/python3.8/site-packages/airflow/example_dags/example_xcomargs.py
[2025-09-06T19:20:11.814+0545] {processor.py:914} INFO - Processing file /home/ashok/miniconda3/envs/mysecondenvironment/lib/python3.8/site-packages/airflow/example_dags/example_xcomargs.py for tasks to queue
[2025-09-06T19:20:11.816+0545] {logging_mixin.py:190} INFO - [2025-09-06T19:20:11.816+0545] {dagbag.py:588} INFO - Filling up the DagBag from /home/ashok/miniconda3/envs/mysecondenvironment/lib/python3.8/site-packages/airflow/example_dags/example_xcomargs.py
[2025-09-06T19:20:11.828+0545] {processor.py:925} INFO - DAG(s) 'example_xcom_args', 'example_xcom_args_with_operators' retrieved from /home/ashok/miniconda3/envs/mysecondenvironment/lib/python3.8/site-packages/airflow/example_dags/example_xcomargs.py
[2025-09-06T19:20:11.851+0545] {logging_mixin.py:190} INFO - [2025-09-06T19:20:11.851+0545] {dag.py:3239} INFO - Sync 2 DAGs
[2025-09-06T19:20:11.864+0545] {logging_mixin.py:190} INFO - [2025-09-06T19:20:11.864+0545] {dag.py:4180} INFO - Setting next_dagrun for example_xcom_args to None, run_after=None
[2025-09-06T19:20:11.867+0545] {logging_mixin.py:190} INFO - [2025-09-06T19:20:11.867+0545] {dag.py:4180} INFO - Setting next_dagrun for example_xcom_args_with_operators to None, run_after=None
[2025-09-06T19:20:11.892+0545] {processor.py:208} INFO - Processing /home/ashok/miniconda3/envs/mysecondenvironment/lib/python3.8/site-packages/airflow/example_dags/example_xcomargs.py took 0.089 seconds
[2025-09-06T19:21:12.757+0545] {processor.py:186} INFO - Started process (PID=36650) to work on /home/ashok/miniconda3/envs/mysecondenvironment/lib/python3.8/site-packages/airflow/example_dags/example_xcomargs.py
[2025-09-06T19:21:12.759+0545] {processor.py:914} INFO - Processing file /home/ashok/miniconda3/envs/mysecondenvironment/lib/python3.8/site-packages/airflow/example_dags/example_xcomargs.py for tasks to queue
[2025-09-06T19:21:12.761+0545] {logging_mixin.py:190} INFO - [2025-09-06T19:21:12.761+0545] {dagbag.py:588} INFO - Filling up the DagBag from /home/ashok/miniconda3/envs/mysecondenvironment/lib/python3.8/site-packages/airflow/example_dags/example_xcomargs.py
[2025-09-06T19:21:12.772+0545] {processor.py:925} INFO - DAG(s) 'example_xcom_args_with_operators', 'example_xcom_args' retrieved from /home/ashok/miniconda3/envs/mysecondenvironment/lib/python3.8/site-packages/airflow/example_dags/example_xcomargs.py
[2025-09-06T19:21:12.789+0545] {logging_mixin.py:190} INFO - [2025-09-06T19:21:12.789+0545] {dag.py:3239} INFO - Sync 2 DAGs
[2025-09-06T19:21:12.800+0545] {logging_mixin.py:190} INFO - [2025-09-06T19:21:12.800+0545] {dag.py:4180} INFO - Setting next_dagrun for example_xcom_args to None, run_after=None
[2025-09-06T19:21:12.803+0545] {logging_mixin.py:190} INFO - [2025-09-06T19:21:12.803+0545] {dag.py:4180} INFO - Setting next_dagrun for example_xcom_args_with_operators to None, run_after=None
[2025-09-06T19:21:12.824+0545] {processor.py:208} INFO - Processing /home/ashok/miniconda3/envs/mysecondenvironment/lib/python3.8/site-packages/airflow/example_dags/example_xcomargs.py took 0.074 seconds
[2025-09-06T19:22:14.053+0545] {processor.py:186} INFO - Started process (PID=37177) to work on /home/ashok/miniconda3/envs/mysecondenvironment/lib/python3.8/site-packages/airflow/example_dags/example_xcomargs.py
[2025-09-06T19:22:14.056+0545] {processor.py:914} INFO - Processing file /home/ashok/miniconda3/envs/mysecondenvironment/lib/python3.8/site-packages/airflow/example_dags/example_xcomargs.py for tasks to queue
[2025-09-06T19:22:14.058+0545] {logging_mixin.py:190} INFO - [2025-09-06T19:22:14.058+0545] {dagbag.py:588} INFO - Filling up the DagBag from /home/ashok/miniconda3/envs/mysecondenvironment/lib/python3.8/site-packages/airflow/example_dags/example_xcomargs.py
[2025-09-06T19:22:14.069+0545] {processor.py:925} INFO - DAG(s) 'example_xcom_args', 'example_xcom_args_with_operators' retrieved from /home/ashok/miniconda3/envs/mysecondenvironment/lib/python3.8/site-packages/airflow/example_dags/example_xcomargs.py
[2025-09-06T19:22:14.089+0545] {logging_mixin.py:190} INFO - [2025-09-06T19:22:14.089+0545] {dag.py:3239} INFO - Sync 2 DAGs
[2025-09-06T19:22:14.101+0545] {logging_mixin.py:190} INFO - [2025-09-06T19:22:14.101+0545] {dag.py:4180} INFO - Setting next_dagrun for example_xcom_args to None, run_after=None
[2025-09-06T19:22:14.104+0545] {logging_mixin.py:190} INFO - [2025-09-06T19:22:14.104+0545] {dag.py:4180} INFO - Setting next_dagrun for example_xcom_args_with_operators to None, run_after=None
[2025-09-06T19:22:14.130+0545] {processor.py:208} INFO - Processing /home/ashok/miniconda3/envs/mysecondenvironment/lib/python3.8/site-packages/airflow/example_dags/example_xcomargs.py took 0.084 seconds
[2025-09-06T19:23:15.133+0545] {processor.py:186} INFO - Started process (PID=37576) to work on /home/ashok/miniconda3/envs/mysecondenvironment/lib/python3.8/site-packages/airflow/example_dags/example_xcomargs.py
[2025-09-06T19:23:15.136+0545] {processor.py:914} INFO - Processing file /home/ashok/miniconda3/envs/mysecondenvironment/lib/python3.8/site-packages/airflow/example_dags/example_xcomargs.py for tasks to queue
[2025-09-06T19:23:15.139+0545] {logging_mixin.py:190} INFO - [2025-09-06T19:23:15.139+0545] {dagbag.py:588} INFO - Filling up the DagBag from /home/ashok/miniconda3/envs/mysecondenvironment/lib/python3.8/site-packages/airflow/example_dags/example_xcomargs.py
[2025-09-06T19:23:15.150+0545] {processor.py:925} INFO - DAG(s) 'example_xcom_args_with_operators', 'example_xcom_args' retrieved from /home/ashok/miniconda3/envs/mysecondenvironment/lib/python3.8/site-packages/airflow/example_dags/example_xcomargs.py
[2025-09-06T19:23:15.172+0545] {logging_mixin.py:190} INFO - [2025-09-06T19:23:15.172+0545] {dag.py:3239} INFO - Sync 2 DAGs
[2025-09-06T19:23:15.185+0545] {logging_mixin.py:190} INFO - [2025-09-06T19:23:15.185+0545] {dag.py:4180} INFO - Setting next_dagrun for example_xcom_args to None, run_after=None
[2025-09-06T19:23:15.188+0545] {logging_mixin.py:190} INFO - [2025-09-06T19:23:15.188+0545] {dag.py:4180} INFO - Setting next_dagrun for example_xcom_args_with_operators to None, run_after=None
[2025-09-06T19:23:15.212+0545] {processor.py:208} INFO - Processing /home/ashok/miniconda3/envs/mysecondenvironment/lib/python3.8/site-packages/airflow/example_dags/example_xcomargs.py took 0.088 seconds
[2025-09-06T19:24:21.462+0545] {processor.py:186} INFO - Started process (PID=38121) to work on /home/ashok/miniconda3/envs/mysecondenvironment/lib/python3.8/site-packages/airflow/example_dags/example_xcomargs.py
[2025-09-06T19:24:21.464+0545] {processor.py:914} INFO - Processing file /home/ashok/miniconda3/envs/mysecondenvironment/lib/python3.8/site-packages/airflow/example_dags/example_xcomargs.py for tasks to queue
[2025-09-06T19:24:21.467+0545] {logging_mixin.py:190} INFO - [2025-09-06T19:24:21.467+0545] {dagbag.py:588} INFO - Filling up the DagBag from /home/ashok/miniconda3/envs/mysecondenvironment/lib/python3.8/site-packages/airflow/example_dags/example_xcomargs.py
[2025-09-06T19:24:21.482+0545] {processor.py:925} INFO - DAG(s) 'example_xcom_args_with_operators', 'example_xcom_args' retrieved from /home/ashok/miniconda3/envs/mysecondenvironment/lib/python3.8/site-packages/airflow/example_dags/example_xcomargs.py
[2025-09-06T19:24:21.509+0545] {logging_mixin.py:190} INFO - [2025-09-06T19:24:21.508+0545] {dag.py:3239} INFO - Sync 2 DAGs
[2025-09-06T19:24:21.526+0545] {logging_mixin.py:190} INFO - [2025-09-06T19:24:21.526+0545] {dag.py:4180} INFO - Setting next_dagrun for example_xcom_args to None, run_after=None
[2025-09-06T19:24:21.530+0545] {logging_mixin.py:190} INFO - [2025-09-06T19:24:21.530+0545] {dag.py:4180} INFO - Setting next_dagrun for example_xcom_args_with_operators to None, run_after=None
[2025-09-06T19:24:21.557+0545] {processor.py:208} INFO - Processing /home/ashok/miniconda3/envs/mysecondenvironment/lib/python3.8/site-packages/airflow/example_dags/example_xcomargs.py took 0.103 seconds
[2025-09-06T19:25:05.151+0545] {processor.py:186} INFO - Started process (PID=38530) to work on /home/ashok/miniconda3/envs/mysecondenvironment/lib/python3.8/site-packages/airflow/example_dags/example_xcomargs.py
[2025-09-06T19:25:05.153+0545] {processor.py:914} INFO - Processing file /home/ashok/miniconda3/envs/mysecondenvironment/lib/python3.8/site-packages/airflow/example_dags/example_xcomargs.py for tasks to queue
[2025-09-06T19:25:05.155+0545] {logging_mixin.py:190} INFO - [2025-09-06T19:25:05.155+0545] {dagbag.py:588} INFO - Filling up the DagBag from /home/ashok/miniconda3/envs/mysecondenvironment/lib/python3.8/site-packages/airflow/example_dags/example_xcomargs.py
[2025-09-06T19:25:05.165+0545] {processor.py:925} INFO - DAG(s) 'example_xcom_args', 'example_xcom_args_with_operators' retrieved from /home/ashok/miniconda3/envs/mysecondenvironment/lib/python3.8/site-packages/airflow/example_dags/example_xcomargs.py
[2025-09-06T19:25:05.183+0545] {logging_mixin.py:190} INFO - [2025-09-06T19:25:05.182+0545] {dag.py:3239} INFO - Sync 2 DAGs
[2025-09-06T19:25:05.194+0545] {logging_mixin.py:190} INFO - [2025-09-06T19:25:05.194+0545] {dag.py:4180} INFO - Setting next_dagrun for example_xcom_args to None, run_after=None
[2025-09-06T19:25:05.197+0545] {logging_mixin.py:190} INFO - [2025-09-06T19:25:05.197+0545] {dag.py:4180} INFO - Setting next_dagrun for example_xcom_args_with_operators to None, run_after=None
[2025-09-06T19:25:05.219+0545] {processor.py:208} INFO - Processing /home/ashok/miniconda3/envs/mysecondenvironment/lib/python3.8/site-packages/airflow/example_dags/example_xcomargs.py took 0.075 seconds
[2025-09-06T19:26:04.642+0545] {processor.py:186} INFO - Started process (PID=39023) to work on /home/ashok/miniconda3/envs/mysecondenvironment/lib/python3.8/site-packages/airflow/example_dags/example_xcomargs.py
[2025-09-06T19:26:04.644+0545] {processor.py:914} INFO - Processing file /home/ashok/miniconda3/envs/mysecondenvironment/lib/python3.8/site-packages/airflow/example_dags/example_xcomargs.py for tasks to queue
[2025-09-06T19:26:04.647+0545] {logging_mixin.py:190} INFO - [2025-09-06T19:26:04.646+0545] {dagbag.py:588} INFO - Filling up the DagBag from /home/ashok/miniconda3/envs/mysecondenvironment/lib/python3.8/site-packages/airflow/example_dags/example_xcomargs.py
[2025-09-06T19:26:04.659+0545] {processor.py:925} INFO - DAG(s) 'example_xcom_args', 'example_xcom_args_with_operators' retrieved from /home/ashok/miniconda3/envs/mysecondenvironment/lib/python3.8/site-packages/airflow/example_dags/example_xcomargs.py
[2025-09-06T19:26:04.677+0545] {logging_mixin.py:190} INFO - [2025-09-06T19:26:04.677+0545] {dag.py:3239} INFO - Sync 2 DAGs
[2025-09-06T19:26:04.692+0545] {logging_mixin.py:190} INFO - [2025-09-06T19:26:04.692+0545] {dag.py:4180} INFO - Setting next_dagrun for example_xcom_args to None, run_after=None
[2025-09-06T19:26:04.695+0545] {logging_mixin.py:190} INFO - [2025-09-06T19:26:04.695+0545] {dag.py:4180} INFO - Setting next_dagrun for example_xcom_args_with_operators to None, run_after=None
[2025-09-06T19:26:04.720+0545] {processor.py:208} INFO - Processing /home/ashok/miniconda3/envs/mysecondenvironment/lib/python3.8/site-packages/airflow/example_dags/example_xcomargs.py took 0.087 seconds
[2025-09-06T19:27:06.051+0545] {processor.py:186} INFO - Started process (PID=39583) to work on /home/ashok/miniconda3/envs/mysecondenvironment/lib/python3.8/site-packages/airflow/example_dags/example_xcomargs.py
[2025-09-06T19:27:06.054+0545] {processor.py:914} INFO - Processing file /home/ashok/miniconda3/envs/mysecondenvironment/lib/python3.8/site-packages/airflow/example_dags/example_xcomargs.py for tasks to queue
[2025-09-06T19:27:06.057+0545] {logging_mixin.py:190} INFO - [2025-09-06T19:27:06.056+0545] {dagbag.py:588} INFO - Filling up the DagBag from /home/ashok/miniconda3/envs/mysecondenvironment/lib/python3.8/site-packages/airflow/example_dags/example_xcomargs.py
[2025-09-06T19:27:06.068+0545] {processor.py:925} INFO - DAG(s) 'example_xcom_args_with_operators', 'example_xcom_args' retrieved from /home/ashok/miniconda3/envs/mysecondenvironment/lib/python3.8/site-packages/airflow/example_dags/example_xcomargs.py
[2025-09-06T19:27:06.087+0545] {logging_mixin.py:190} INFO - [2025-09-06T19:27:06.086+0545] {dag.py:3239} INFO - Sync 2 DAGs
[2025-09-06T19:27:06.101+0545] {logging_mixin.py:190} INFO - [2025-09-06T19:27:06.101+0545] {dag.py:4180} INFO - Setting next_dagrun for example_xcom_args to None, run_after=None
[2025-09-06T19:27:06.104+0545] {logging_mixin.py:190} INFO - [2025-09-06T19:27:06.104+0545] {dag.py:4180} INFO - Setting next_dagrun for example_xcom_args_with_operators to None, run_after=None
[2025-09-06T19:27:06.129+0545] {processor.py:208} INFO - Processing /home/ashok/miniconda3/envs/mysecondenvironment/lib/python3.8/site-packages/airflow/example_dags/example_xcomargs.py took 0.085 seconds
[2025-09-06T19:28:05.756+0545] {processor.py:186} INFO - Started process (PID=39969) to work on /home/ashok/miniconda3/envs/mysecondenvironment/lib/python3.8/site-packages/airflow/example_dags/example_xcomargs.py
[2025-09-06T19:28:05.758+0545] {processor.py:914} INFO - Processing file /home/ashok/miniconda3/envs/mysecondenvironment/lib/python3.8/site-packages/airflow/example_dags/example_xcomargs.py for tasks to queue
[2025-09-06T19:28:05.761+0545] {logging_mixin.py:190} INFO - [2025-09-06T19:28:05.761+0545] {dagbag.py:588} INFO - Filling up the DagBag from /home/ashok/miniconda3/envs/mysecondenvironment/lib/python3.8/site-packages/airflow/example_dags/example_xcomargs.py
[2025-09-06T19:28:05.773+0545] {processor.py:925} INFO - DAG(s) 'example_xcom_args_with_operators', 'example_xcom_args' retrieved from /home/ashok/miniconda3/envs/mysecondenvironment/lib/python3.8/site-packages/airflow/example_dags/example_xcomargs.py
[2025-09-06T19:28:05.794+0545] {logging_mixin.py:190} INFO - [2025-09-06T19:28:05.794+0545] {dag.py:3239} INFO - Sync 2 DAGs
[2025-09-06T19:28:05.807+0545] {logging_mixin.py:190} INFO - [2025-09-06T19:28:05.806+0545] {dag.py:4180} INFO - Setting next_dagrun for example_xcom_args to None, run_after=None
[2025-09-06T19:28:05.810+0545] {logging_mixin.py:190} INFO - [2025-09-06T19:28:05.810+0545] {dag.py:4180} INFO - Setting next_dagrun for example_xcom_args_with_operators to None, run_after=None
[2025-09-06T19:28:05.835+0545] {processor.py:208} INFO - Processing /home/ashok/miniconda3/envs/mysecondenvironment/lib/python3.8/site-packages/airflow/example_dags/example_xcomargs.py took 0.087 seconds
[2025-09-06T19:29:05.148+0545] {processor.py:186} INFO - Started process (PID=40541) to work on /home/ashok/miniconda3/envs/mysecondenvironment/lib/python3.8/site-packages/airflow/example_dags/example_xcomargs.py
[2025-09-06T19:29:05.151+0545] {processor.py:914} INFO - Processing file /home/ashok/miniconda3/envs/mysecondenvironment/lib/python3.8/site-packages/airflow/example_dags/example_xcomargs.py for tasks to queue
[2025-09-06T19:29:05.153+0545] {logging_mixin.py:190} INFO - [2025-09-06T19:29:05.153+0545] {dagbag.py:588} INFO - Filling up the DagBag from /home/ashok/miniconda3/envs/mysecondenvironment/lib/python3.8/site-packages/airflow/example_dags/example_xcomargs.py
[2025-09-06T19:29:05.166+0545] {processor.py:925} INFO - DAG(s) 'example_xcom_args', 'example_xcom_args_with_operators' retrieved from /home/ashok/miniconda3/envs/mysecondenvironment/lib/python3.8/site-packages/airflow/example_dags/example_xcomargs.py
[2025-09-06T19:29:05.185+0545] {logging_mixin.py:190} INFO - [2025-09-06T19:29:05.185+0545] {dag.py:3239} INFO - Sync 2 DAGs
[2025-09-06T19:29:05.199+0545] {logging_mixin.py:190} INFO - [2025-09-06T19:29:05.199+0545] {dag.py:4180} INFO - Setting next_dagrun for example_xcom_args to None, run_after=None
[2025-09-06T19:29:05.202+0545] {logging_mixin.py:190} INFO - [2025-09-06T19:29:05.202+0545] {dag.py:4180} INFO - Setting next_dagrun for example_xcom_args_with_operators to None, run_after=None
[2025-09-06T19:29:05.227+0545] {processor.py:208} INFO - Processing /home/ashok/miniconda3/envs/mysecondenvironment/lib/python3.8/site-packages/airflow/example_dags/example_xcomargs.py took 0.087 seconds
[2025-09-06T19:30:05.352+0545] {processor.py:186} INFO - Started process (PID=41080) to work on /home/ashok/miniconda3/envs/mysecondenvironment/lib/python3.8/site-packages/airflow/example_dags/example_xcomargs.py
[2025-09-06T19:30:05.355+0545] {processor.py:914} INFO - Processing file /home/ashok/miniconda3/envs/mysecondenvironment/lib/python3.8/site-packages/airflow/example_dags/example_xcomargs.py for tasks to queue
[2025-09-06T19:30:05.358+0545] {logging_mixin.py:190} INFO - [2025-09-06T19:30:05.357+0545] {dagbag.py:588} INFO - Filling up the DagBag from /home/ashok/miniconda3/envs/mysecondenvironment/lib/python3.8/site-packages/airflow/example_dags/example_xcomargs.py
[2025-09-06T19:30:05.371+0545] {processor.py:925} INFO - DAG(s) 'example_xcom_args', 'example_xcom_args_with_operators' retrieved from /home/ashok/miniconda3/envs/mysecondenvironment/lib/python3.8/site-packages/airflow/example_dags/example_xcomargs.py
[2025-09-06T19:30:05.391+0545] {logging_mixin.py:190} INFO - [2025-09-06T19:30:05.391+0545] {dag.py:3239} INFO - Sync 2 DAGs
[2025-09-06T19:30:05.403+0545] {logging_mixin.py:190} INFO - [2025-09-06T19:30:05.403+0545] {dag.py:4180} INFO - Setting next_dagrun for example_xcom_args to None, run_after=None
[2025-09-06T19:30:05.407+0545] {logging_mixin.py:190} INFO - [2025-09-06T19:30:05.407+0545] {dag.py:4180} INFO - Setting next_dagrun for example_xcom_args_with_operators to None, run_after=None
[2025-09-06T19:30:05.431+0545] {processor.py:208} INFO - Processing /home/ashok/miniconda3/envs/mysecondenvironment/lib/python3.8/site-packages/airflow/example_dags/example_xcomargs.py took 0.086 seconds
[2025-09-06T19:31:04.964+0545] {processor.py:186} INFO - Started process (PID=41688) to work on /home/ashok/miniconda3/envs/mysecondenvironment/lib/python3.8/site-packages/airflow/example_dags/example_xcomargs.py
[2025-09-06T19:31:04.966+0545] {processor.py:914} INFO - Processing file /home/ashok/miniconda3/envs/mysecondenvironment/lib/python3.8/site-packages/airflow/example_dags/example_xcomargs.py for tasks to queue
[2025-09-06T19:31:04.969+0545] {logging_mixin.py:190} INFO - [2025-09-06T19:31:04.969+0545] {dagbag.py:588} INFO - Filling up the DagBag from /home/ashok/miniconda3/envs/mysecondenvironment/lib/python3.8/site-packages/airflow/example_dags/example_xcomargs.py
[2025-09-06T19:31:04.980+0545] {processor.py:925} INFO - DAG(s) 'example_xcom_args_with_operators', 'example_xcom_args' retrieved from /home/ashok/miniconda3/envs/mysecondenvironment/lib/python3.8/site-packages/airflow/example_dags/example_xcomargs.py
[2025-09-06T19:31:05.000+0545] {logging_mixin.py:190} INFO - [2025-09-06T19:31:05.000+0545] {dag.py:3239} INFO - Sync 2 DAGs
[2025-09-06T19:31:05.013+0545] {logging_mixin.py:190} INFO - [2025-09-06T19:31:05.013+0545] {dag.py:4180} INFO - Setting next_dagrun for example_xcom_args to None, run_after=None
[2025-09-06T19:31:05.016+0545] {logging_mixin.py:190} INFO - [2025-09-06T19:31:05.016+0545] {dag.py:4180} INFO - Setting next_dagrun for example_xcom_args_with_operators to None, run_after=None
[2025-09-06T19:31:05.042+0545] {processor.py:208} INFO - Processing /home/ashok/miniconda3/envs/mysecondenvironment/lib/python3.8/site-packages/airflow/example_dags/example_xcomargs.py took 0.085 seconds
[2025-09-06T19:32:06.160+0545] {processor.py:186} INFO - Started process (PID=42221) to work on /home/ashok/miniconda3/envs/mysecondenvironment/lib/python3.8/site-packages/airflow/example_dags/example_xcomargs.py
[2025-09-06T19:32:06.162+0545] {processor.py:914} INFO - Processing file /home/ashok/miniconda3/envs/mysecondenvironment/lib/python3.8/site-packages/airflow/example_dags/example_xcomargs.py for tasks to queue
[2025-09-06T19:32:06.165+0545] {logging_mixin.py:190} INFO - [2025-09-06T19:32:06.164+0545] {dagbag.py:588} INFO - Filling up the DagBag from /home/ashok/miniconda3/envs/mysecondenvironment/lib/python3.8/site-packages/airflow/example_dags/example_xcomargs.py
[2025-09-06T19:32:06.176+0545] {processor.py:925} INFO - DAG(s) 'example_xcom_args_with_operators', 'example_xcom_args' retrieved from /home/ashok/miniconda3/envs/mysecondenvironment/lib/python3.8/site-packages/airflow/example_dags/example_xcomargs.py
[2025-09-06T19:32:06.196+0545] {logging_mixin.py:190} INFO - [2025-09-06T19:32:06.196+0545] {dag.py:3239} INFO - Sync 2 DAGs
[2025-09-06T19:32:06.209+0545] {logging_mixin.py:190} INFO - [2025-09-06T19:32:06.209+0545] {dag.py:4180} INFO - Setting next_dagrun for example_xcom_args to None, run_after=None
[2025-09-06T19:32:06.212+0545] {logging_mixin.py:190} INFO - [2025-09-06T19:32:06.212+0545] {dag.py:4180} INFO - Setting next_dagrun for example_xcom_args_with_operators to None, run_after=None
[2025-09-06T19:32:06.235+0545] {processor.py:208} INFO - Processing /home/ashok/miniconda3/envs/mysecondenvironment/lib/python3.8/site-packages/airflow/example_dags/example_xcomargs.py took 0.082 seconds
[2025-09-06T19:33:04.379+0545] {processor.py:186} INFO - Started process (PID=42605) to work on /home/ashok/miniconda3/envs/mysecondenvironment/lib/python3.8/site-packages/airflow/example_dags/example_xcomargs.py
[2025-09-06T19:33:04.381+0545] {processor.py:914} INFO - Processing file /home/ashok/miniconda3/envs/mysecondenvironment/lib/python3.8/site-packages/airflow/example_dags/example_xcomargs.py for tasks to queue
[2025-09-06T19:33:04.384+0545] {logging_mixin.py:190} INFO - [2025-09-06T19:33:04.384+0545] {dagbag.py:588} INFO - Filling up the DagBag from /home/ashok/miniconda3/envs/mysecondenvironment/lib/python3.8/site-packages/airflow/example_dags/example_xcomargs.py
[2025-09-06T19:33:04.395+0545] {processor.py:925} INFO - DAG(s) 'example_xcom_args_with_operators', 'example_xcom_args' retrieved from /home/ashok/miniconda3/envs/mysecondenvironment/lib/python3.8/site-packages/airflow/example_dags/example_xcomargs.py
[2025-09-06T19:33:04.416+0545] {logging_mixin.py:190} INFO - [2025-09-06T19:33:04.416+0545] {dag.py:3239} INFO - Sync 2 DAGs
[2025-09-06T19:33:04.429+0545] {logging_mixin.py:190} INFO - [2025-09-06T19:33:04.429+0545] {dag.py:4180} INFO - Setting next_dagrun for example_xcom_args to None, run_after=None
[2025-09-06T19:33:04.432+0545] {logging_mixin.py:190} INFO - [2025-09-06T19:33:04.432+0545] {dag.py:4180} INFO - Setting next_dagrun for example_xcom_args_with_operators to None, run_after=None
[2025-09-06T19:33:04.457+0545] {processor.py:208} INFO - Processing /home/ashok/miniconda3/envs/mysecondenvironment/lib/python3.8/site-packages/airflow/example_dags/example_xcomargs.py took 0.085 seconds
[2025-09-06T19:34:04.408+0545] {processor.py:186} INFO - Started process (PID=42992) to work on /home/ashok/miniconda3/envs/mysecondenvironment/lib/python3.8/site-packages/airflow/example_dags/example_xcomargs.py
[2025-09-06T19:34:04.411+0545] {processor.py:914} INFO - Processing file /home/ashok/miniconda3/envs/mysecondenvironment/lib/python3.8/site-packages/airflow/example_dags/example_xcomargs.py for tasks to queue
[2025-09-06T19:34:04.414+0545] {logging_mixin.py:190} INFO - [2025-09-06T19:34:04.414+0545] {dagbag.py:588} INFO - Filling up the DagBag from /home/ashok/miniconda3/envs/mysecondenvironment/lib/python3.8/site-packages/airflow/example_dags/example_xcomargs.py
[2025-09-06T19:34:04.425+0545] {processor.py:925} INFO - DAG(s) 'example_xcom_args_with_operators', 'example_xcom_args' retrieved from /home/ashok/miniconda3/envs/mysecondenvironment/lib/python3.8/site-packages/airflow/example_dags/example_xcomargs.py
[2025-09-06T19:34:04.445+0545] {logging_mixin.py:190} INFO - [2025-09-06T19:34:04.445+0545] {dag.py:3239} INFO - Sync 2 DAGs
[2025-09-06T19:34:04.458+0545] {logging_mixin.py:190} INFO - [2025-09-06T19:34:04.458+0545] {dag.py:4180} INFO - Setting next_dagrun for example_xcom_args to None, run_after=None
[2025-09-06T19:34:04.460+0545] {logging_mixin.py:190} INFO - [2025-09-06T19:34:04.460+0545] {dag.py:4180} INFO - Setting next_dagrun for example_xcom_args_with_operators to None, run_after=None
[2025-09-06T19:34:04.485+0545] {processor.py:208} INFO - Processing /home/ashok/miniconda3/envs/mysecondenvironment/lib/python3.8/site-packages/airflow/example_dags/example_xcomargs.py took 0.085 seconds
[2025-09-06T19:35:04.890+0545] {processor.py:186} INFO - Started process (PID=43501) to work on /home/ashok/miniconda3/envs/mysecondenvironment/lib/python3.8/site-packages/airflow/example_dags/example_xcomargs.py
[2025-09-06T19:35:04.893+0545] {processor.py:914} INFO - Processing file /home/ashok/miniconda3/envs/mysecondenvironment/lib/python3.8/site-packages/airflow/example_dags/example_xcomargs.py for tasks to queue
[2025-09-06T19:35:04.896+0545] {logging_mixin.py:190} INFO - [2025-09-06T19:35:04.895+0545] {dagbag.py:588} INFO - Filling up the DagBag from /home/ashok/miniconda3/envs/mysecondenvironment/lib/python3.8/site-packages/airflow/example_dags/example_xcomargs.py
[2025-09-06T19:35:04.911+0545] {processor.py:925} INFO - DAG(s) 'example_xcom_args_with_operators', 'example_xcom_args' retrieved from /home/ashok/miniconda3/envs/mysecondenvironment/lib/python3.8/site-packages/airflow/example_dags/example_xcomargs.py
[2025-09-06T19:35:04.937+0545] {logging_mixin.py:190} INFO - [2025-09-06T19:35:04.937+0545] {dag.py:3239} INFO - Sync 2 DAGs
[2025-09-06T19:35:04.956+0545] {logging_mixin.py:190} INFO - [2025-09-06T19:35:04.955+0545] {dag.py:4180} INFO - Setting next_dagrun for example_xcom_args to None, run_after=None
[2025-09-06T19:35:04.960+0545] {logging_mixin.py:190} INFO - [2025-09-06T19:35:04.960+0545] {dag.py:4180} INFO - Setting next_dagrun for example_xcom_args_with_operators to None, run_after=None
[2025-09-06T19:35:04.986+0545] {processor.py:208} INFO - Processing /home/ashok/miniconda3/envs/mysecondenvironment/lib/python3.8/site-packages/airflow/example_dags/example_xcomargs.py took 0.105 seconds
[2025-09-06T19:35:45.106+0545] {processor.py:186} INFO - Started process (PID=43806) to work on /home/ashok/miniconda3/envs/mysecondenvironment/lib/python3.8/site-packages/airflow/example_dags/example_xcomargs.py
[2025-09-06T19:35:45.108+0545] {processor.py:914} INFO - Processing file /home/ashok/miniconda3/envs/mysecondenvironment/lib/python3.8/site-packages/airflow/example_dags/example_xcomargs.py for tasks to queue
[2025-09-06T19:35:45.111+0545] {logging_mixin.py:190} INFO - [2025-09-06T19:35:45.110+0545] {dagbag.py:588} INFO - Filling up the DagBag from /home/ashok/miniconda3/envs/mysecondenvironment/lib/python3.8/site-packages/airflow/example_dags/example_xcomargs.py
[2025-09-06T19:35:45.120+0545] {processor.py:925} INFO - DAG(s) 'example_xcom_args', 'example_xcom_args_with_operators' retrieved from /home/ashok/miniconda3/envs/mysecondenvironment/lib/python3.8/site-packages/airflow/example_dags/example_xcomargs.py
[2025-09-06T19:35:45.139+0545] {logging_mixin.py:190} INFO - [2025-09-06T19:35:45.139+0545] {dag.py:3239} INFO - Sync 2 DAGs
[2025-09-06T19:35:45.150+0545] {logging_mixin.py:190} INFO - [2025-09-06T19:35:45.150+0545] {dag.py:4180} INFO - Setting next_dagrun for example_xcom_args to None, run_after=None
[2025-09-06T19:35:45.153+0545] {logging_mixin.py:190} INFO - [2025-09-06T19:35:45.153+0545] {dag.py:4180} INFO - Setting next_dagrun for example_xcom_args_with_operators to None, run_after=None
[2025-09-06T19:35:45.178+0545] {processor.py:208} INFO - Processing /home/ashok/miniconda3/envs/mysecondenvironment/lib/python3.8/site-packages/airflow/example_dags/example_xcomargs.py took 0.078 seconds
[2025-09-06T19:36:45.104+0545] {processor.py:186} INFO - Started process (PID=44313) to work on /home/ashok/miniconda3/envs/mysecondenvironment/lib/python3.8/site-packages/airflow/example_dags/example_xcomargs.py
[2025-09-06T19:36:45.106+0545] {processor.py:914} INFO - Processing file /home/ashok/miniconda3/envs/mysecondenvironment/lib/python3.8/site-packages/airflow/example_dags/example_xcomargs.py for tasks to queue
[2025-09-06T19:36:45.109+0545] {logging_mixin.py:190} INFO - [2025-09-06T19:36:45.108+0545] {dagbag.py:588} INFO - Filling up the DagBag from /home/ashok/miniconda3/envs/mysecondenvironment/lib/python3.8/site-packages/airflow/example_dags/example_xcomargs.py
[2025-09-06T19:36:45.121+0545] {processor.py:925} INFO - DAG(s) 'example_xcom_args', 'example_xcom_args_with_operators' retrieved from /home/ashok/miniconda3/envs/mysecondenvironment/lib/python3.8/site-packages/airflow/example_dags/example_xcomargs.py
[2025-09-06T19:36:45.142+0545] {logging_mixin.py:190} INFO - [2025-09-06T19:36:45.142+0545] {dag.py:3239} INFO - Sync 2 DAGs
[2025-09-06T19:36:45.156+0545] {logging_mixin.py:190} INFO - [2025-09-06T19:36:45.156+0545] {dag.py:4180} INFO - Setting next_dagrun for example_xcom_args to None, run_after=None
[2025-09-06T19:36:45.159+0545] {logging_mixin.py:190} INFO - [2025-09-06T19:36:45.159+0545] {dag.py:4180} INFO - Setting next_dagrun for example_xcom_args_with_operators to None, run_after=None
[2025-09-06T19:36:45.184+0545] {processor.py:208} INFO - Processing /home/ashok/miniconda3/envs/mysecondenvironment/lib/python3.8/site-packages/airflow/example_dags/example_xcomargs.py took 0.088 seconds
[2025-09-06T19:37:45.110+0545] {processor.py:186} INFO - Started process (PID=44711) to work on /home/ashok/miniconda3/envs/mysecondenvironment/lib/python3.8/site-packages/airflow/example_dags/example_xcomargs.py
[2025-09-06T19:37:45.113+0545] {processor.py:914} INFO - Processing file /home/ashok/miniconda3/envs/mysecondenvironment/lib/python3.8/site-packages/airflow/example_dags/example_xcomargs.py for tasks to queue
[2025-09-06T19:37:45.115+0545] {logging_mixin.py:190} INFO - [2025-09-06T19:37:45.115+0545] {dagbag.py:588} INFO - Filling up the DagBag from /home/ashok/miniconda3/envs/mysecondenvironment/lib/python3.8/site-packages/airflow/example_dags/example_xcomargs.py
[2025-09-06T19:37:45.128+0545] {processor.py:925} INFO - DAG(s) 'example_xcom_args_with_operators', 'example_xcom_args' retrieved from /home/ashok/miniconda3/envs/mysecondenvironment/lib/python3.8/site-packages/airflow/example_dags/example_xcomargs.py
[2025-09-06T19:37:45.147+0545] {logging_mixin.py:190} INFO - [2025-09-06T19:37:45.147+0545] {dag.py:3239} INFO - Sync 2 DAGs
[2025-09-06T19:37:45.160+0545] {logging_mixin.py:190} INFO - [2025-09-06T19:37:45.159+0545] {dag.py:4180} INFO - Setting next_dagrun for example_xcom_args to None, run_after=None
[2025-09-06T19:37:45.163+0545] {logging_mixin.py:190} INFO - [2025-09-06T19:37:45.162+0545] {dag.py:4180} INFO - Setting next_dagrun for example_xcom_args_with_operators to None, run_after=None
[2025-09-06T19:37:45.190+0545] {processor.py:208} INFO - Processing /home/ashok/miniconda3/envs/mysecondenvironment/lib/python3.8/site-packages/airflow/example_dags/example_xcomargs.py took 0.087 seconds
[2025-09-06T19:38:45.102+0545] {processor.py:186} INFO - Started process (PID=45144) to work on /home/ashok/miniconda3/envs/mysecondenvironment/lib/python3.8/site-packages/airflow/example_dags/example_xcomargs.py
[2025-09-06T19:38:45.104+0545] {processor.py:914} INFO - Processing file /home/ashok/miniconda3/envs/mysecondenvironment/lib/python3.8/site-packages/airflow/example_dags/example_xcomargs.py for tasks to queue
[2025-09-06T19:38:45.107+0545] {logging_mixin.py:190} INFO - [2025-09-06T19:38:45.106+0545] {dagbag.py:588} INFO - Filling up the DagBag from /home/ashok/miniconda3/envs/mysecondenvironment/lib/python3.8/site-packages/airflow/example_dags/example_xcomargs.py
[2025-09-06T19:38:45.118+0545] {processor.py:925} INFO - DAG(s) 'example_xcom_args', 'example_xcom_args_with_operators' retrieved from /home/ashok/miniconda3/envs/mysecondenvironment/lib/python3.8/site-packages/airflow/example_dags/example_xcomargs.py
[2025-09-06T19:38:45.139+0545] {logging_mixin.py:190} INFO - [2025-09-06T19:38:45.139+0545] {dag.py:3239} INFO - Sync 2 DAGs
[2025-09-06T19:38:45.152+0545] {logging_mixin.py:190} INFO - [2025-09-06T19:38:45.152+0545] {dag.py:4180} INFO - Setting next_dagrun for example_xcom_args to None, run_after=None
[2025-09-06T19:38:45.155+0545] {logging_mixin.py:190} INFO - [2025-09-06T19:38:45.155+0545] {dag.py:4180} INFO - Setting next_dagrun for example_xcom_args_with_operators to None, run_after=None
[2025-09-06T19:38:45.180+0545] {processor.py:208} INFO - Processing /home/ashok/miniconda3/envs/mysecondenvironment/lib/python3.8/site-packages/airflow/example_dags/example_xcomargs.py took 0.086 seconds
[2025-09-06T19:39:44.290+0545] {processor.py:186} INFO - Started process (PID=45532) to work on /home/ashok/miniconda3/envs/mysecondenvironment/lib/python3.8/site-packages/airflow/example_dags/example_xcomargs.py
[2025-09-06T19:39:44.292+0545] {processor.py:914} INFO - Processing file /home/ashok/miniconda3/envs/mysecondenvironment/lib/python3.8/site-packages/airflow/example_dags/example_xcomargs.py for tasks to queue
[2025-09-06T19:39:44.295+0545] {logging_mixin.py:190} INFO - [2025-09-06T19:39:44.294+0545] {dagbag.py:588} INFO - Filling up the DagBag from /home/ashok/miniconda3/envs/mysecondenvironment/lib/python3.8/site-packages/airflow/example_dags/example_xcomargs.py
[2025-09-06T19:39:44.306+0545] {processor.py:925} INFO - DAG(s) 'example_xcom_args_with_operators', 'example_xcom_args' retrieved from /home/ashok/miniconda3/envs/mysecondenvironment/lib/python3.8/site-packages/airflow/example_dags/example_xcomargs.py
[2025-09-06T19:39:44.326+0545] {logging_mixin.py:190} INFO - [2025-09-06T19:39:44.325+0545] {dag.py:3239} INFO - Sync 2 DAGs
[2025-09-06T19:39:44.340+0545] {logging_mixin.py:190} INFO - [2025-09-06T19:39:44.340+0545] {dag.py:4180} INFO - Setting next_dagrun for example_xcom_args to None, run_after=None
[2025-09-06T19:39:44.343+0545] {logging_mixin.py:190} INFO - [2025-09-06T19:39:44.343+0545] {dag.py:4180} INFO - Setting next_dagrun for example_xcom_args_with_operators to None, run_after=None
[2025-09-06T19:39:44.367+0545] {processor.py:208} INFO - Processing /home/ashok/miniconda3/envs/mysecondenvironment/lib/python3.8/site-packages/airflow/example_dags/example_xcomargs.py took 0.085 seconds
[2025-09-06T19:40:43.444+0545] {processor.py:186} INFO - Started process (PID=45968) to work on /home/ashok/miniconda3/envs/mysecondenvironment/lib/python3.8/site-packages/airflow/example_dags/example_xcomargs.py
[2025-09-06T19:40:43.447+0545] {processor.py:914} INFO - Processing file /home/ashok/miniconda3/envs/mysecondenvironment/lib/python3.8/site-packages/airflow/example_dags/example_xcomargs.py for tasks to queue
[2025-09-06T19:40:43.449+0545] {logging_mixin.py:190} INFO - [2025-09-06T19:40:43.449+0545] {dagbag.py:588} INFO - Filling up the DagBag from /home/ashok/miniconda3/envs/mysecondenvironment/lib/python3.8/site-packages/airflow/example_dags/example_xcomargs.py
[2025-09-06T19:40:43.461+0545] {processor.py:925} INFO - DAG(s) 'example_xcom_args', 'example_xcom_args_with_operators' retrieved from /home/ashok/miniconda3/envs/mysecondenvironment/lib/python3.8/site-packages/airflow/example_dags/example_xcomargs.py
[2025-09-06T19:40:43.480+0545] {logging_mixin.py:190} INFO - [2025-09-06T19:40:43.480+0545] {dag.py:3239} INFO - Sync 2 DAGs
[2025-09-06T19:40:43.494+0545] {logging_mixin.py:190} INFO - [2025-09-06T19:40:43.494+0545] {dag.py:4180} INFO - Setting next_dagrun for example_xcom_args to None, run_after=None
[2025-09-06T19:40:43.497+0545] {logging_mixin.py:190} INFO - [2025-09-06T19:40:43.497+0545] {dag.py:4180} INFO - Setting next_dagrun for example_xcom_args_with_operators to None, run_after=None
[2025-09-06T19:40:43.523+0545] {processor.py:208} INFO - Processing /home/ashok/miniconda3/envs/mysecondenvironment/lib/python3.8/site-packages/airflow/example_dags/example_xcomargs.py took 0.087 seconds
[2025-09-06T19:41:44.323+0545] {processor.py:186} INFO - Started process (PID=46476) to work on /home/ashok/miniconda3/envs/mysecondenvironment/lib/python3.8/site-packages/airflow/example_dags/example_xcomargs.py
[2025-09-06T19:41:44.326+0545] {processor.py:914} INFO - Processing file /home/ashok/miniconda3/envs/mysecondenvironment/lib/python3.8/site-packages/airflow/example_dags/example_xcomargs.py for tasks to queue
[2025-09-06T19:41:44.329+0545] {logging_mixin.py:190} INFO - [2025-09-06T19:41:44.328+0545] {dagbag.py:588} INFO - Filling up the DagBag from /home/ashok/miniconda3/envs/mysecondenvironment/lib/python3.8/site-packages/airflow/example_dags/example_xcomargs.py
[2025-09-06T19:41:44.340+0545] {processor.py:925} INFO - DAG(s) 'example_xcom_args_with_operators', 'example_xcom_args' retrieved from /home/ashok/miniconda3/envs/mysecondenvironment/lib/python3.8/site-packages/airflow/example_dags/example_xcomargs.py
[2025-09-06T19:41:44.360+0545] {logging_mixin.py:190} INFO - [2025-09-06T19:41:44.360+0545] {dag.py:3239} INFO - Sync 2 DAGs
[2025-09-06T19:41:44.374+0545] {logging_mixin.py:190} INFO - [2025-09-06T19:41:44.373+0545] {dag.py:4180} INFO - Setting next_dagrun for example_xcom_args to None, run_after=None
[2025-09-06T19:41:44.377+0545] {logging_mixin.py:190} INFO - [2025-09-06T19:41:44.377+0545] {dag.py:4180} INFO - Setting next_dagrun for example_xcom_args_with_operators to None, run_after=None
[2025-09-06T19:41:44.402+0545] {processor.py:208} INFO - Processing /home/ashok/miniconda3/envs/mysecondenvironment/lib/python3.8/site-packages/airflow/example_dags/example_xcomargs.py took 0.086 seconds
[2025-09-06T19:42:44.581+0545] {processor.py:186} INFO - Started process (PID=47218) to work on /home/ashok/miniconda3/envs/mysecondenvironment/lib/python3.8/site-packages/airflow/example_dags/example_xcomargs.py
[2025-09-06T19:42:44.584+0545] {processor.py:914} INFO - Processing file /home/ashok/miniconda3/envs/mysecondenvironment/lib/python3.8/site-packages/airflow/example_dags/example_xcomargs.py for tasks to queue
[2025-09-06T19:42:44.587+0545] {logging_mixin.py:190} INFO - [2025-09-06T19:42:44.586+0545] {dagbag.py:588} INFO - Filling up the DagBag from /home/ashok/miniconda3/envs/mysecondenvironment/lib/python3.8/site-packages/airflow/example_dags/example_xcomargs.py
[2025-09-06T19:42:44.601+0545] {processor.py:925} INFO - DAG(s) 'example_xcom_args', 'example_xcom_args_with_operators' retrieved from /home/ashok/miniconda3/envs/mysecondenvironment/lib/python3.8/site-packages/airflow/example_dags/example_xcomargs.py
[2025-09-06T19:42:44.622+0545] {logging_mixin.py:190} INFO - [2025-09-06T19:42:44.622+0545] {dag.py:3239} INFO - Sync 2 DAGs
[2025-09-06T19:42:44.635+0545] {logging_mixin.py:190} INFO - [2025-09-06T19:42:44.635+0545] {dag.py:4180} INFO - Setting next_dagrun for example_xcom_args to None, run_after=None
[2025-09-06T19:42:44.638+0545] {logging_mixin.py:190} INFO - [2025-09-06T19:42:44.638+0545] {dag.py:4180} INFO - Setting next_dagrun for example_xcom_args_with_operators to None, run_after=None
[2025-09-06T19:42:44.664+0545] {processor.py:208} INFO - Processing /home/ashok/miniconda3/envs/mysecondenvironment/lib/python3.8/site-packages/airflow/example_dags/example_xcomargs.py took 0.093 seconds
[2025-09-06T19:43:44.887+0545] {processor.py:186} INFO - Started process (PID=47775) to work on /home/ashok/miniconda3/envs/mysecondenvironment/lib/python3.8/site-packages/airflow/example_dags/example_xcomargs.py
[2025-09-06T19:43:44.889+0545] {processor.py:914} INFO - Processing file /home/ashok/miniconda3/envs/mysecondenvironment/lib/python3.8/site-packages/airflow/example_dags/example_xcomargs.py for tasks to queue
[2025-09-06T19:43:44.892+0545] {logging_mixin.py:190} INFO - [2025-09-06T19:43:44.891+0545] {dagbag.py:588} INFO - Filling up the DagBag from /home/ashok/miniconda3/envs/mysecondenvironment/lib/python3.8/site-packages/airflow/example_dags/example_xcomargs.py
[2025-09-06T19:43:44.904+0545] {processor.py:925} INFO - DAG(s) 'example_xcom_args', 'example_xcom_args_with_operators' retrieved from /home/ashok/miniconda3/envs/mysecondenvironment/lib/python3.8/site-packages/airflow/example_dags/example_xcomargs.py
[2025-09-06T19:43:44.927+0545] {logging_mixin.py:190} INFO - [2025-09-06T19:43:44.926+0545] {dag.py:3239} INFO - Sync 2 DAGs
[2025-09-06T19:43:44.939+0545] {logging_mixin.py:190} INFO - [2025-09-06T19:43:44.939+0545] {dag.py:4180} INFO - Setting next_dagrun for example_xcom_args to None, run_after=None
[2025-09-06T19:43:44.942+0545] {logging_mixin.py:190} INFO - [2025-09-06T19:43:44.942+0545] {dag.py:4180} INFO - Setting next_dagrun for example_xcom_args_with_operators to None, run_after=None
[2025-09-06T19:43:44.966+0545] {processor.py:208} INFO - Processing /home/ashok/miniconda3/envs/mysecondenvironment/lib/python3.8/site-packages/airflow/example_dags/example_xcomargs.py took 0.088 seconds
[2025-09-06T19:44:44.163+0545] {processor.py:186} INFO - Started process (PID=48387) to work on /home/ashok/miniconda3/envs/mysecondenvironment/lib/python3.8/site-packages/airflow/example_dags/example_xcomargs.py
[2025-09-06T19:44:44.166+0545] {processor.py:914} INFO - Processing file /home/ashok/miniconda3/envs/mysecondenvironment/lib/python3.8/site-packages/airflow/example_dags/example_xcomargs.py for tasks to queue
[2025-09-06T19:44:44.170+0545] {logging_mixin.py:190} INFO - [2025-09-06T19:44:44.170+0545] {dagbag.py:588} INFO - Filling up the DagBag from /home/ashok/miniconda3/envs/mysecondenvironment/lib/python3.8/site-packages/airflow/example_dags/example_xcomargs.py
[2025-09-06T19:44:44.186+0545] {processor.py:925} INFO - DAG(s) 'example_xcom_args_with_operators', 'example_xcom_args' retrieved from /home/ashok/miniconda3/envs/mysecondenvironment/lib/python3.8/site-packages/airflow/example_dags/example_xcomargs.py
[2025-09-06T19:44:44.214+0545] {logging_mixin.py:190} INFO - [2025-09-06T19:44:44.214+0545] {dag.py:3239} INFO - Sync 2 DAGs
[2025-09-06T19:44:44.233+0545] {logging_mixin.py:190} INFO - [2025-09-06T19:44:44.233+0545] {dag.py:4180} INFO - Setting next_dagrun for example_xcom_args to None, run_after=None
[2025-09-06T19:44:44.239+0545] {logging_mixin.py:190} INFO - [2025-09-06T19:44:44.238+0545] {dag.py:4180} INFO - Setting next_dagrun for example_xcom_args_with_operators to None, run_after=None
[2025-09-06T19:44:44.268+0545] {processor.py:208} INFO - Processing /home/ashok/miniconda3/envs/mysecondenvironment/lib/python3.8/site-packages/airflow/example_dags/example_xcomargs.py took 0.115 seconds
[2025-09-06T19:45:42.072+0545] {processor.py:186} INFO - Started process (PID=48777) to work on /home/ashok/miniconda3/envs/mysecondenvironment/lib/python3.8/site-packages/airflow/example_dags/example_xcomargs.py
[2025-09-06T19:45:42.075+0545] {processor.py:914} INFO - Processing file /home/ashok/miniconda3/envs/mysecondenvironment/lib/python3.8/site-packages/airflow/example_dags/example_xcomargs.py for tasks to queue
[2025-09-06T19:45:42.077+0545] {logging_mixin.py:190} INFO - [2025-09-06T19:45:42.077+0545] {dagbag.py:588} INFO - Filling up the DagBag from /home/ashok/miniconda3/envs/mysecondenvironment/lib/python3.8/site-packages/airflow/example_dags/example_xcomargs.py
[2025-09-06T19:45:42.089+0545] {processor.py:925} INFO - DAG(s) 'example_xcom_args_with_operators', 'example_xcom_args' retrieved from /home/ashok/miniconda3/envs/mysecondenvironment/lib/python3.8/site-packages/airflow/example_dags/example_xcomargs.py
[2025-09-06T19:45:42.109+0545] {logging_mixin.py:190} INFO - [2025-09-06T19:45:42.108+0545] {dag.py:3239} INFO - Sync 2 DAGs
[2025-09-06T19:45:42.121+0545] {logging_mixin.py:190} INFO - [2025-09-06T19:45:42.120+0545] {dag.py:4180} INFO - Setting next_dagrun for example_xcom_args to None, run_after=None
[2025-09-06T19:45:42.124+0545] {logging_mixin.py:190} INFO - [2025-09-06T19:45:42.124+0545] {dag.py:4180} INFO - Setting next_dagrun for example_xcom_args_with_operators to None, run_after=None
[2025-09-06T19:45:42.151+0545] {processor.py:208} INFO - Processing /home/ashok/miniconda3/envs/mysecondenvironment/lib/python3.8/site-packages/airflow/example_dags/example_xcomargs.py took 0.086 seconds
[2025-09-06T19:46:43.140+0545] {processor.py:186} INFO - Started process (PID=49458) to work on /home/ashok/miniconda3/envs/mysecondenvironment/lib/python3.8/site-packages/airflow/example_dags/example_xcomargs.py
[2025-09-06T19:46:43.142+0545] {processor.py:914} INFO - Processing file /home/ashok/miniconda3/envs/mysecondenvironment/lib/python3.8/site-packages/airflow/example_dags/example_xcomargs.py for tasks to queue
[2025-09-06T19:46:43.146+0545] {logging_mixin.py:190} INFO - [2025-09-06T19:46:43.145+0545] {dagbag.py:588} INFO - Filling up the DagBag from /home/ashok/miniconda3/envs/mysecondenvironment/lib/python3.8/site-packages/airflow/example_dags/example_xcomargs.py
[2025-09-06T19:46:43.161+0545] {processor.py:925} INFO - DAG(s) 'example_xcom_args_with_operators', 'example_xcom_args' retrieved from /home/ashok/miniconda3/envs/mysecondenvironment/lib/python3.8/site-packages/airflow/example_dags/example_xcomargs.py
[2025-09-06T19:46:43.182+0545] {logging_mixin.py:190} INFO - [2025-09-06T19:46:43.182+0545] {dag.py:3239} INFO - Sync 2 DAGs
[2025-09-06T19:46:43.196+0545] {logging_mixin.py:190} INFO - [2025-09-06T19:46:43.196+0545] {dag.py:4180} INFO - Setting next_dagrun for example_xcom_args to None, run_after=None
[2025-09-06T19:46:43.199+0545] {logging_mixin.py:190} INFO - [2025-09-06T19:46:43.199+0545] {dag.py:4180} INFO - Setting next_dagrun for example_xcom_args_with_operators to None, run_after=None
[2025-09-06T19:46:43.223+0545] {processor.py:208} INFO - Processing /home/ashok/miniconda3/envs/mysecondenvironment/lib/python3.8/site-packages/airflow/example_dags/example_xcomargs.py took 0.091 seconds
[2025-09-06T19:47:41.687+0545] {processor.py:186} INFO - Started process (PID=49898) to work on /home/ashok/miniconda3/envs/mysecondenvironment/lib/python3.8/site-packages/airflow/example_dags/example_xcomargs.py
[2025-09-06T19:47:41.691+0545] {processor.py:914} INFO - Processing file /home/ashok/miniconda3/envs/mysecondenvironment/lib/python3.8/site-packages/airflow/example_dags/example_xcomargs.py for tasks to queue
[2025-09-06T19:47:41.694+0545] {logging_mixin.py:190} INFO - [2025-09-06T19:47:41.693+0545] {dagbag.py:588} INFO - Filling up the DagBag from /home/ashok/miniconda3/envs/mysecondenvironment/lib/python3.8/site-packages/airflow/example_dags/example_xcomargs.py
[2025-09-06T19:47:41.705+0545] {processor.py:925} INFO - DAG(s) 'example_xcom_args', 'example_xcom_args_with_operators' retrieved from /home/ashok/miniconda3/envs/mysecondenvironment/lib/python3.8/site-packages/airflow/example_dags/example_xcomargs.py
[2025-09-06T19:47:41.725+0545] {logging_mixin.py:190} INFO - [2025-09-06T19:47:41.725+0545] {dag.py:3239} INFO - Sync 2 DAGs
[2025-09-06T19:47:41.738+0545] {logging_mixin.py:190} INFO - [2025-09-06T19:47:41.738+0545] {dag.py:4180} INFO - Setting next_dagrun for example_xcom_args to None, run_after=None
[2025-09-06T19:47:41.741+0545] {logging_mixin.py:190} INFO - [2025-09-06T19:47:41.741+0545] {dag.py:4180} INFO - Setting next_dagrun for example_xcom_args_with_operators to None, run_after=None
[2025-09-06T19:47:41.766+0545] {processor.py:208} INFO - Processing /home/ashok/miniconda3/envs/mysecondenvironment/lib/python3.8/site-packages/airflow/example_dags/example_xcomargs.py took 0.087 seconds
