[2025-09-06T19:07:45.075+0545] {processor.py:186} INFO - Started process (PID=30685) to work on /home/ashok/miniconda3/envs/mysecondenvironment/lib/python3.8/site-packages/airflow/example_dags/example_dag_decorator.py
[2025-09-06T19:07:45.076+0545] {processor.py:914} INFO - Processing file /home/ashok/miniconda3/envs/mysecondenvironment/lib/python3.8/site-packages/airflow/example_dags/example_dag_decorator.py for tasks to queue
[2025-09-06T19:07:45.078+0545] {logging_mixin.py:190} INFO - [2025-09-06T19:07:45.078+0545] {dagbag.py:588} INFO - Filling up the DagBag from /home/ashok/miniconda3/envs/mysecondenvironment/lib/python3.8/site-packages/airflow/example_dags/example_dag_decorator.py
[2025-09-06T19:07:45.154+0545] {processor.py:925} INFO - DAG(s) 'example_dag_decorator' retrieved from /home/ashok/miniconda3/envs/mysecondenvironment/lib/python3.8/site-packages/airflow/example_dags/example_dag_decorator.py
[2025-09-06T19:07:45.253+0545] {logging_mixin.py:190} INFO - [2025-09-06T19:07:45.252+0545] {dag.py:3239} INFO - Sync 1 DAGs
[2025-09-06T19:07:45.263+0545] {logging_mixin.py:190} INFO - [2025-09-06T19:07:45.263+0545] {dag.py:4180} INFO - Setting next_dagrun for example_dag_decorator to None, run_after=None
[2025-09-06T19:07:45.292+0545] {processor.py:208} INFO - Processing /home/ashok/miniconda3/envs/mysecondenvironment/lib/python3.8/site-packages/airflow/example_dags/example_dag_decorator.py took 0.224 seconds
[2025-09-06T19:08:50.087+0545] {processor.py:186} INFO - Started process (PID=31188) to work on /home/ashok/miniconda3/envs/mysecondenvironment/lib/python3.8/site-packages/airflow/example_dags/example_dag_decorator.py
[2025-09-06T19:08:50.089+0545] {processor.py:914} INFO - Processing file /home/ashok/miniconda3/envs/mysecondenvironment/lib/python3.8/site-packages/airflow/example_dags/example_dag_decorator.py for tasks to queue
[2025-09-06T19:08:50.092+0545] {logging_mixin.py:190} INFO - [2025-09-06T19:08:50.092+0545] {dagbag.py:588} INFO - Filling up the DagBag from /home/ashok/miniconda3/envs/mysecondenvironment/lib/python3.8/site-packages/airflow/example_dags/example_dag_decorator.py
[2025-09-06T19:08:50.174+0545] {processor.py:925} INFO - DAG(s) 'example_dag_decorator' retrieved from /home/ashok/miniconda3/envs/mysecondenvironment/lib/python3.8/site-packages/airflow/example_dags/example_dag_decorator.py
[2025-09-06T19:08:50.266+0545] {logging_mixin.py:190} INFO - [2025-09-06T19:08:50.266+0545] {dag.py:3239} INFO - Sync 1 DAGs
[2025-09-06T19:08:50.277+0545] {logging_mixin.py:190} INFO - [2025-09-06T19:08:50.277+0545] {dag.py:4180} INFO - Setting next_dagrun for example_dag_decorator to None, run_after=None
[2025-09-06T19:08:50.304+0545] {processor.py:208} INFO - Processing /home/ashok/miniconda3/envs/mysecondenvironment/lib/python3.8/site-packages/airflow/example_dags/example_dag_decorator.py took 0.225 seconds
[2025-09-06T19:09:51.002+0545] {processor.py:186} INFO - Started process (PID=31658) to work on /home/ashok/miniconda3/envs/mysecondenvironment/lib/python3.8/site-packages/airflow/example_dags/example_dag_decorator.py
[2025-09-06T19:09:51.004+0545] {processor.py:914} INFO - Processing file /home/ashok/miniconda3/envs/mysecondenvironment/lib/python3.8/site-packages/airflow/example_dags/example_dag_decorator.py for tasks to queue
[2025-09-06T19:09:51.007+0545] {logging_mixin.py:190} INFO - [2025-09-06T19:09:51.006+0545] {dagbag.py:588} INFO - Filling up the DagBag from /home/ashok/miniconda3/envs/mysecondenvironment/lib/python3.8/site-packages/airflow/example_dags/example_dag_decorator.py
[2025-09-06T19:09:51.091+0545] {processor.py:925} INFO - DAG(s) 'example_dag_decorator' retrieved from /home/ashok/miniconda3/envs/mysecondenvironment/lib/python3.8/site-packages/airflow/example_dags/example_dag_decorator.py
[2025-09-06T19:09:51.185+0545] {logging_mixin.py:190} INFO - [2025-09-06T19:09:51.185+0545] {dag.py:3239} INFO - Sync 1 DAGs
[2025-09-06T19:09:51.195+0545] {logging_mixin.py:190} INFO - [2025-09-06T19:09:51.195+0545] {dag.py:4180} INFO - Setting next_dagrun for example_dag_decorator to None, run_after=None
[2025-09-06T19:09:51.223+0545] {processor.py:208} INFO - Processing /home/ashok/miniconda3/envs/mysecondenvironment/lib/python3.8/site-packages/airflow/example_dags/example_dag_decorator.py took 0.228 seconds
[2025-09-06T19:10:51.234+0545] {processor.py:186} INFO - Started process (PID=32092) to work on /home/ashok/miniconda3/envs/mysecondenvironment/lib/python3.8/site-packages/airflow/example_dags/example_dag_decorator.py
[2025-09-06T19:10:51.236+0545] {processor.py:914} INFO - Processing file /home/ashok/miniconda3/envs/mysecondenvironment/lib/python3.8/site-packages/airflow/example_dags/example_dag_decorator.py for tasks to queue
[2025-09-06T19:10:51.239+0545] {logging_mixin.py:190} INFO - [2025-09-06T19:10:51.239+0545] {dagbag.py:588} INFO - Filling up the DagBag from /home/ashok/miniconda3/envs/mysecondenvironment/lib/python3.8/site-packages/airflow/example_dags/example_dag_decorator.py
[2025-09-06T19:10:51.312+0545] {processor.py:925} INFO - DAG(s) 'example_dag_decorator' retrieved from /home/ashok/miniconda3/envs/mysecondenvironment/lib/python3.8/site-packages/airflow/example_dags/example_dag_decorator.py
[2025-09-06T19:10:51.396+0545] {logging_mixin.py:190} INFO - [2025-09-06T19:10:51.396+0545] {dag.py:3239} INFO - Sync 1 DAGs
[2025-09-06T19:10:51.406+0545] {logging_mixin.py:190} INFO - [2025-09-06T19:10:51.406+0545] {dag.py:4180} INFO - Setting next_dagrun for example_dag_decorator to None, run_after=None
[2025-09-06T19:10:51.432+0545] {processor.py:208} INFO - Processing /home/ashok/miniconda3/envs/mysecondenvironment/lib/python3.8/site-packages/airflow/example_dags/example_dag_decorator.py took 0.204 seconds
[2025-09-06T19:11:51.344+0545] {processor.py:186} INFO - Started process (PID=32519) to work on /home/ashok/miniconda3/envs/mysecondenvironment/lib/python3.8/site-packages/airflow/example_dags/example_dag_decorator.py
[2025-09-06T19:11:51.347+0545] {processor.py:914} INFO - Processing file /home/ashok/miniconda3/envs/mysecondenvironment/lib/python3.8/site-packages/airflow/example_dags/example_dag_decorator.py for tasks to queue
[2025-09-06T19:11:51.349+0545] {logging_mixin.py:190} INFO - [2025-09-06T19:11:51.349+0545] {dagbag.py:588} INFO - Filling up the DagBag from /home/ashok/miniconda3/envs/mysecondenvironment/lib/python3.8/site-packages/airflow/example_dags/example_dag_decorator.py
[2025-09-06T19:11:51.426+0545] {processor.py:925} INFO - DAG(s) 'example_dag_decorator' retrieved from /home/ashok/miniconda3/envs/mysecondenvironment/lib/python3.8/site-packages/airflow/example_dags/example_dag_decorator.py
[2025-09-06T19:11:51.522+0545] {logging_mixin.py:190} INFO - [2025-09-06T19:11:51.521+0545] {dag.py:3239} INFO - Sync 1 DAGs
[2025-09-06T19:11:51.532+0545] {logging_mixin.py:190} INFO - [2025-09-06T19:11:51.532+0545] {dag.py:4180} INFO - Setting next_dagrun for example_dag_decorator to None, run_after=None
[2025-09-06T19:11:51.562+0545] {processor.py:208} INFO - Processing /home/ashok/miniconda3/envs/mysecondenvironment/lib/python3.8/site-packages/airflow/example_dags/example_dag_decorator.py took 0.225 seconds
[2025-09-06T19:12:52.119+0545] {processor.py:186} INFO - Started process (PID=33005) to work on /home/ashok/miniconda3/envs/mysecondenvironment/lib/python3.8/site-packages/airflow/example_dags/example_dag_decorator.py
[2025-09-06T19:12:52.121+0545] {processor.py:914} INFO - Processing file /home/ashok/miniconda3/envs/mysecondenvironment/lib/python3.8/site-packages/airflow/example_dags/example_dag_decorator.py for tasks to queue
[2025-09-06T19:12:52.124+0545] {logging_mixin.py:190} INFO - [2025-09-06T19:12:52.123+0545] {dagbag.py:588} INFO - Filling up the DagBag from /home/ashok/miniconda3/envs/mysecondenvironment/lib/python3.8/site-packages/airflow/example_dags/example_dag_decorator.py
[2025-09-06T19:12:52.200+0545] {processor.py:925} INFO - DAG(s) 'example_dag_decorator' retrieved from /home/ashok/miniconda3/envs/mysecondenvironment/lib/python3.8/site-packages/airflow/example_dags/example_dag_decorator.py
[2025-09-06T19:12:52.219+0545] {logging_mixin.py:190} INFO - [2025-09-06T19:12:52.218+0545] {dag.py:3239} INFO - Sync 1 DAGs
[2025-09-06T19:12:52.234+0545] {logging_mixin.py:190} INFO - [2025-09-06T19:12:52.234+0545] {dag.py:4180} INFO - Setting next_dagrun for example_dag_decorator to None, run_after=None
[2025-09-06T19:12:52.265+0545] {processor.py:208} INFO - Processing /home/ashok/miniconda3/envs/mysecondenvironment/lib/python3.8/site-packages/airflow/example_dags/example_dag_decorator.py took 0.152 seconds
[2025-09-06T19:13:50.127+0545] {processor.py:186} INFO - Started process (PID=33387) to work on /home/ashok/miniconda3/envs/mysecondenvironment/lib/python3.8/site-packages/airflow/example_dags/example_dag_decorator.py
[2025-09-06T19:13:50.130+0545] {processor.py:914} INFO - Processing file /home/ashok/miniconda3/envs/mysecondenvironment/lib/python3.8/site-packages/airflow/example_dags/example_dag_decorator.py for tasks to queue
[2025-09-06T19:13:50.135+0545] {logging_mixin.py:190} INFO - [2025-09-06T19:13:50.134+0545] {dagbag.py:588} INFO - Filling up the DagBag from /home/ashok/miniconda3/envs/mysecondenvironment/lib/python3.8/site-packages/airflow/example_dags/example_dag_decorator.py
[2025-09-06T19:13:50.222+0545] {processor.py:925} INFO - DAG(s) 'example_dag_decorator' retrieved from /home/ashok/miniconda3/envs/mysecondenvironment/lib/python3.8/site-packages/airflow/example_dags/example_dag_decorator.py
[2025-09-06T19:13:50.316+0545] {logging_mixin.py:190} INFO - [2025-09-06T19:13:50.315+0545] {dag.py:3239} INFO - Sync 1 DAGs
[2025-09-06T19:13:50.326+0545] {logging_mixin.py:190} INFO - [2025-09-06T19:13:50.326+0545] {dag.py:4180} INFO - Setting next_dagrun for example_dag_decorator to None, run_after=None
[2025-09-06T19:13:50.354+0545] {processor.py:208} INFO - Processing /home/ashok/miniconda3/envs/mysecondenvironment/lib/python3.8/site-packages/airflow/example_dags/example_dag_decorator.py took 0.238 seconds
[2025-09-06T19:14:52.293+0545] {processor.py:186} INFO - Started process (PID=33836) to work on /home/ashok/miniconda3/envs/mysecondenvironment/lib/python3.8/site-packages/airflow/example_dags/example_dag_decorator.py
[2025-09-06T19:14:52.296+0545] {processor.py:914} INFO - Processing file /home/ashok/miniconda3/envs/mysecondenvironment/lib/python3.8/site-packages/airflow/example_dags/example_dag_decorator.py for tasks to queue
[2025-09-06T19:14:52.299+0545] {logging_mixin.py:190} INFO - [2025-09-06T19:14:52.298+0545] {dagbag.py:588} INFO - Filling up the DagBag from /home/ashok/miniconda3/envs/mysecondenvironment/lib/python3.8/site-packages/airflow/example_dags/example_dag_decorator.py
[2025-09-06T19:14:52.410+0545] {processor.py:925} INFO - DAG(s) 'example_dag_decorator' retrieved from /home/ashok/miniconda3/envs/mysecondenvironment/lib/python3.8/site-packages/airflow/example_dags/example_dag_decorator.py
[2025-09-06T19:14:52.439+0545] {logging_mixin.py:190} INFO - [2025-09-06T19:14:52.438+0545] {dag.py:3239} INFO - Sync 1 DAGs
[2025-09-06T19:14:52.459+0545] {logging_mixin.py:190} INFO - [2025-09-06T19:14:52.459+0545] {dag.py:4180} INFO - Setting next_dagrun for example_dag_decorator to None, run_after=None
[2025-09-06T19:14:52.484+0545] {processor.py:208} INFO - Processing /home/ashok/miniconda3/envs/mysecondenvironment/lib/python3.8/site-packages/airflow/example_dags/example_dag_decorator.py took 0.202 seconds
[2025-09-06T19:15:52.036+0545] {processor.py:186} INFO - Started process (PID=34265) to work on /home/ashok/miniconda3/envs/mysecondenvironment/lib/python3.8/site-packages/airflow/example_dags/example_dag_decorator.py
[2025-09-06T19:15:52.038+0545] {processor.py:914} INFO - Processing file /home/ashok/miniconda3/envs/mysecondenvironment/lib/python3.8/site-packages/airflow/example_dags/example_dag_decorator.py for tasks to queue
[2025-09-06T19:15:52.041+0545] {logging_mixin.py:190} INFO - [2025-09-06T19:15:52.041+0545] {dagbag.py:588} INFO - Filling up the DagBag from /home/ashok/miniconda3/envs/mysecondenvironment/lib/python3.8/site-packages/airflow/example_dags/example_dag_decorator.py
[2025-09-06T19:15:52.123+0545] {processor.py:925} INFO - DAG(s) 'example_dag_decorator' retrieved from /home/ashok/miniconda3/envs/mysecondenvironment/lib/python3.8/site-packages/airflow/example_dags/example_dag_decorator.py
[2025-09-06T19:15:52.223+0545] {logging_mixin.py:190} INFO - [2025-09-06T19:15:52.223+0545] {dag.py:3239} INFO - Sync 1 DAGs
[2025-09-06T19:15:52.235+0545] {logging_mixin.py:190} INFO - [2025-09-06T19:15:52.235+0545] {dag.py:4180} INFO - Setting next_dagrun for example_dag_decorator to None, run_after=None
[2025-09-06T19:15:52.263+0545] {processor.py:208} INFO - Processing /home/ashok/miniconda3/envs/mysecondenvironment/lib/python3.8/site-packages/airflow/example_dags/example_dag_decorator.py took 0.234 seconds
[2025-09-06T19:16:51.269+0545] {processor.py:186} INFO - Started process (PID=34761) to work on /home/ashok/miniconda3/envs/mysecondenvironment/lib/python3.8/site-packages/airflow/example_dags/example_dag_decorator.py
[2025-09-06T19:16:51.270+0545] {processor.py:914} INFO - Processing file /home/ashok/miniconda3/envs/mysecondenvironment/lib/python3.8/site-packages/airflow/example_dags/example_dag_decorator.py for tasks to queue
[2025-09-06T19:16:51.272+0545] {logging_mixin.py:190} INFO - [2025-09-06T19:16:51.272+0545] {dagbag.py:588} INFO - Filling up the DagBag from /home/ashok/miniconda3/envs/mysecondenvironment/lib/python3.8/site-packages/airflow/example_dags/example_dag_decorator.py
[2025-09-06T19:16:51.344+0545] {processor.py:925} INFO - DAG(s) 'example_dag_decorator' retrieved from /home/ashok/miniconda3/envs/mysecondenvironment/lib/python3.8/site-packages/airflow/example_dags/example_dag_decorator.py
[2025-09-06T19:16:51.362+0545] {logging_mixin.py:190} INFO - [2025-09-06T19:16:51.362+0545] {dag.py:3239} INFO - Sync 1 DAGs
[2025-09-06T19:16:51.374+0545] {logging_mixin.py:190} INFO - [2025-09-06T19:16:51.374+0545] {dag.py:4180} INFO - Setting next_dagrun for example_dag_decorator to None, run_after=None
[2025-09-06T19:16:51.401+0545] {processor.py:208} INFO - Processing /home/ashok/miniconda3/envs/mysecondenvironment/lib/python3.8/site-packages/airflow/example_dags/example_dag_decorator.py took 0.139 seconds
[2025-09-06T19:17:54.561+0545] {processor.py:186} INFO - Started process (PID=35182) to work on /home/ashok/miniconda3/envs/mysecondenvironment/lib/python3.8/site-packages/airflow/example_dags/example_dag_decorator.py
[2025-09-06T19:17:54.565+0545] {processor.py:914} INFO - Processing file /home/ashok/miniconda3/envs/mysecondenvironment/lib/python3.8/site-packages/airflow/example_dags/example_dag_decorator.py for tasks to queue
[2025-09-06T19:17:54.568+0545] {logging_mixin.py:190} INFO - [2025-09-06T19:17:54.567+0545] {dagbag.py:588} INFO - Filling up the DagBag from /home/ashok/miniconda3/envs/mysecondenvironment/lib/python3.8/site-packages/airflow/example_dags/example_dag_decorator.py
[2025-09-06T19:17:54.648+0545] {processor.py:925} INFO - DAG(s) 'example_dag_decorator' retrieved from /home/ashok/miniconda3/envs/mysecondenvironment/lib/python3.8/site-packages/airflow/example_dags/example_dag_decorator.py
[2025-09-06T19:17:54.743+0545] {logging_mixin.py:190} INFO - [2025-09-06T19:17:54.743+0545] {dag.py:3239} INFO - Sync 1 DAGs
[2025-09-06T19:17:54.755+0545] {logging_mixin.py:190} INFO - [2025-09-06T19:17:54.755+0545] {dag.py:4180} INFO - Setting next_dagrun for example_dag_decorator to None, run_after=None
[2025-09-06T19:17:54.783+0545] {processor.py:208} INFO - Processing /home/ashok/miniconda3/envs/mysecondenvironment/lib/python3.8/site-packages/airflow/example_dags/example_dag_decorator.py took 0.230 seconds
[2025-09-06T19:18:55.298+0545] {processor.py:186} INFO - Started process (PID=35624) to work on /home/ashok/miniconda3/envs/mysecondenvironment/lib/python3.8/site-packages/airflow/example_dags/example_dag_decorator.py
[2025-09-06T19:18:55.300+0545] {processor.py:914} INFO - Processing file /home/ashok/miniconda3/envs/mysecondenvironment/lib/python3.8/site-packages/airflow/example_dags/example_dag_decorator.py for tasks to queue
[2025-09-06T19:18:55.303+0545] {logging_mixin.py:190} INFO - [2025-09-06T19:18:55.302+0545] {dagbag.py:588} INFO - Filling up the DagBag from /home/ashok/miniconda3/envs/mysecondenvironment/lib/python3.8/site-packages/airflow/example_dags/example_dag_decorator.py
[2025-09-06T19:18:55.379+0545] {processor.py:925} INFO - DAG(s) 'example_dag_decorator' retrieved from /home/ashok/miniconda3/envs/mysecondenvironment/lib/python3.8/site-packages/airflow/example_dags/example_dag_decorator.py
[2025-09-06T19:18:55.474+0545] {logging_mixin.py:190} INFO - [2025-09-06T19:18:55.473+0545] {dag.py:3239} INFO - Sync 1 DAGs
[2025-09-06T19:18:55.484+0545] {logging_mixin.py:190} INFO - [2025-09-06T19:18:55.484+0545] {dag.py:4180} INFO - Setting next_dagrun for example_dag_decorator to None, run_after=None
[2025-09-06T19:18:55.510+0545] {processor.py:208} INFO - Processing /home/ashok/miniconda3/envs/mysecondenvironment/lib/python3.8/site-packages/airflow/example_dags/example_dag_decorator.py took 0.220 seconds
[2025-09-06T19:20:00.148+0545] {processor.py:186} INFO - Started process (PID=36132) to work on /home/ashok/miniconda3/envs/mysecondenvironment/lib/python3.8/site-packages/airflow/example_dags/example_dag_decorator.py
[2025-09-06T19:20:00.150+0545] {processor.py:914} INFO - Processing file /home/ashok/miniconda3/envs/mysecondenvironment/lib/python3.8/site-packages/airflow/example_dags/example_dag_decorator.py for tasks to queue
[2025-09-06T19:20:00.153+0545] {logging_mixin.py:190} INFO - [2025-09-06T19:20:00.153+0545] {dagbag.py:588} INFO - Filling up the DagBag from /home/ashok/miniconda3/envs/mysecondenvironment/lib/python3.8/site-packages/airflow/example_dags/example_dag_decorator.py
[2025-09-06T19:20:00.234+0545] {processor.py:925} INFO - DAG(s) 'example_dag_decorator' retrieved from /home/ashok/miniconda3/envs/mysecondenvironment/lib/python3.8/site-packages/airflow/example_dags/example_dag_decorator.py
[2025-09-06T19:20:00.257+0545] {logging_mixin.py:190} INFO - [2025-09-06T19:20:00.256+0545] {dag.py:3239} INFO - Sync 1 DAGs
[2025-09-06T19:20:00.268+0545] {logging_mixin.py:190} INFO - [2025-09-06T19:20:00.268+0545] {dag.py:4180} INFO - Setting next_dagrun for example_dag_decorator to None, run_after=None
[2025-09-06T19:20:00.296+0545] {processor.py:208} INFO - Processing /home/ashok/miniconda3/envs/mysecondenvironment/lib/python3.8/site-packages/airflow/example_dags/example_dag_decorator.py took 0.156 seconds
[2025-09-06T19:20:59.229+0545] {processor.py:186} INFO - Started process (PID=36546) to work on /home/ashok/miniconda3/envs/mysecondenvironment/lib/python3.8/site-packages/airflow/example_dags/example_dag_decorator.py
[2025-09-06T19:20:59.232+0545] {processor.py:914} INFO - Processing file /home/ashok/miniconda3/envs/mysecondenvironment/lib/python3.8/site-packages/airflow/example_dags/example_dag_decorator.py for tasks to queue
[2025-09-06T19:20:59.235+0545] {logging_mixin.py:190} INFO - [2025-09-06T19:20:59.234+0545] {dagbag.py:588} INFO - Filling up the DagBag from /home/ashok/miniconda3/envs/mysecondenvironment/lib/python3.8/site-packages/airflow/example_dags/example_dag_decorator.py
[2025-09-06T19:20:59.343+0545] {processor.py:925} INFO - DAG(s) 'example_dag_decorator' retrieved from /home/ashok/miniconda3/envs/mysecondenvironment/lib/python3.8/site-packages/airflow/example_dags/example_dag_decorator.py
[2025-09-06T19:20:59.361+0545] {logging_mixin.py:190} INFO - [2025-09-06T19:20:59.361+0545] {dag.py:3239} INFO - Sync 1 DAGs
[2025-09-06T19:20:59.374+0545] {logging_mixin.py:190} INFO - [2025-09-06T19:20:59.373+0545] {dag.py:4180} INFO - Setting next_dagrun for example_dag_decorator to None, run_after=None
[2025-09-06T19:20:59.398+0545] {processor.py:208} INFO - Processing /home/ashok/miniconda3/envs/mysecondenvironment/lib/python3.8/site-packages/airflow/example_dags/example_dag_decorator.py took 0.179 seconds
[2025-09-06T19:22:03.330+0545] {processor.py:186} INFO - Started process (PID=37087) to work on /home/ashok/miniconda3/envs/mysecondenvironment/lib/python3.8/site-packages/airflow/example_dags/example_dag_decorator.py
[2025-09-06T19:22:03.333+0545] {processor.py:914} INFO - Processing file /home/ashok/miniconda3/envs/mysecondenvironment/lib/python3.8/site-packages/airflow/example_dags/example_dag_decorator.py for tasks to queue
[2025-09-06T19:22:03.336+0545] {logging_mixin.py:190} INFO - [2025-09-06T19:22:03.336+0545] {dagbag.py:588} INFO - Filling up the DagBag from /home/ashok/miniconda3/envs/mysecondenvironment/lib/python3.8/site-packages/airflow/example_dags/example_dag_decorator.py
[2025-09-06T19:22:03.430+0545] {processor.py:925} INFO - DAG(s) 'example_dag_decorator' retrieved from /home/ashok/miniconda3/envs/mysecondenvironment/lib/python3.8/site-packages/airflow/example_dags/example_dag_decorator.py
[2025-09-06T19:22:03.684+0545] {logging_mixin.py:190} INFO - [2025-09-06T19:22:03.683+0545] {dag.py:3239} INFO - Sync 1 DAGs
[2025-09-06T19:22:03.691+0545] {logging_mixin.py:190} INFO - [2025-09-06T19:22:03.691+0545] {dag.py:4180} INFO - Setting next_dagrun for example_dag_decorator to None, run_after=None
[2025-09-06T19:22:03.712+0545] {processor.py:208} INFO - Processing /home/ashok/miniconda3/envs/mysecondenvironment/lib/python3.8/site-packages/airflow/example_dags/example_dag_decorator.py took 0.391 seconds
[2025-09-06T19:23:04.580+0545] {processor.py:186} INFO - Started process (PID=37509) to work on /home/ashok/miniconda3/envs/mysecondenvironment/lib/python3.8/site-packages/airflow/example_dags/example_dag_decorator.py
[2025-09-06T19:23:04.582+0545] {processor.py:914} INFO - Processing file /home/ashok/miniconda3/envs/mysecondenvironment/lib/python3.8/site-packages/airflow/example_dags/example_dag_decorator.py for tasks to queue
[2025-09-06T19:23:04.584+0545] {logging_mixin.py:190} INFO - [2025-09-06T19:23:04.584+0545] {dagbag.py:588} INFO - Filling up the DagBag from /home/ashok/miniconda3/envs/mysecondenvironment/lib/python3.8/site-packages/airflow/example_dags/example_dag_decorator.py
[2025-09-06T19:23:04.659+0545] {processor.py:925} INFO - DAG(s) 'example_dag_decorator' retrieved from /home/ashok/miniconda3/envs/mysecondenvironment/lib/python3.8/site-packages/airflow/example_dags/example_dag_decorator.py
[2025-09-06T19:23:04.992+0545] {logging_mixin.py:190} INFO - [2025-09-06T19:23:04.992+0545] {dag.py:3239} INFO - Sync 1 DAGs
[2025-09-06T19:23:05.003+0545] {logging_mixin.py:190} INFO - [2025-09-06T19:23:05.003+0545] {dag.py:4180} INFO - Setting next_dagrun for example_dag_decorator to None, run_after=None
[2025-09-06T19:23:05.029+0545] {processor.py:208} INFO - Processing /home/ashok/miniconda3/envs/mysecondenvironment/lib/python3.8/site-packages/airflow/example_dags/example_dag_decorator.py took 0.457 seconds
[2025-09-06T19:24:08.680+0545] {processor.py:186} INFO - Started process (PID=37980) to work on /home/ashok/miniconda3/envs/mysecondenvironment/lib/python3.8/site-packages/airflow/example_dags/example_dag_decorator.py
[2025-09-06T19:24:08.683+0545] {processor.py:914} INFO - Processing file /home/ashok/miniconda3/envs/mysecondenvironment/lib/python3.8/site-packages/airflow/example_dags/example_dag_decorator.py for tasks to queue
[2025-09-06T19:24:08.685+0545] {logging_mixin.py:190} INFO - [2025-09-06T19:24:08.685+0545] {dagbag.py:588} INFO - Filling up the DagBag from /home/ashok/miniconda3/envs/mysecondenvironment/lib/python3.8/site-packages/airflow/example_dags/example_dag_decorator.py
[2025-09-06T19:24:08.765+0545] {processor.py:925} INFO - DAG(s) 'example_dag_decorator' retrieved from /home/ashok/miniconda3/envs/mysecondenvironment/lib/python3.8/site-packages/airflow/example_dags/example_dag_decorator.py
[2025-09-06T19:24:09.138+0545] {logging_mixin.py:190} INFO - [2025-09-06T19:24:09.137+0545] {dag.py:3239} INFO - Sync 1 DAGs
[2025-09-06T19:24:09.148+0545] {logging_mixin.py:190} INFO - [2025-09-06T19:24:09.148+0545] {dag.py:4180} INFO - Setting next_dagrun for example_dag_decorator to None, run_after=None
[2025-09-06T19:24:09.178+0545] {processor.py:208} INFO - Processing /home/ashok/miniconda3/envs/mysecondenvironment/lib/python3.8/site-packages/airflow/example_dags/example_dag_decorator.py took 0.506 seconds
[2025-09-06T19:25:25.250+0545] {processor.py:186} INFO - Started process (PID=38659) to work on /home/ashok/miniconda3/envs/mysecondenvironment/lib/python3.8/site-packages/airflow/example_dags/example_dag_decorator.py
[2025-09-06T19:25:25.253+0545] {processor.py:914} INFO - Processing file /home/ashok/miniconda3/envs/mysecondenvironment/lib/python3.8/site-packages/airflow/example_dags/example_dag_decorator.py for tasks to queue
[2025-09-06T19:25:25.255+0545] {logging_mixin.py:190} INFO - [2025-09-06T19:25:25.255+0545] {dagbag.py:588} INFO - Filling up the DagBag from /home/ashok/miniconda3/envs/mysecondenvironment/lib/python3.8/site-packages/airflow/example_dags/example_dag_decorator.py
[2025-09-06T19:25:25.330+0545] {processor.py:925} INFO - DAG(s) 'example_dag_decorator' retrieved from /home/ashok/miniconda3/envs/mysecondenvironment/lib/python3.8/site-packages/airflow/example_dags/example_dag_decorator.py
[2025-09-06T19:25:25.422+0545] {logging_mixin.py:190} INFO - [2025-09-06T19:25:25.421+0545] {dag.py:3239} INFO - Sync 1 DAGs
[2025-09-06T19:25:25.433+0545] {logging_mixin.py:190} INFO - [2025-09-06T19:25:25.432+0545] {dag.py:4180} INFO - Setting next_dagrun for example_dag_decorator to None, run_after=None
[2025-09-06T19:25:25.459+0545] {processor.py:208} INFO - Processing /home/ashok/miniconda3/envs/mysecondenvironment/lib/python3.8/site-packages/airflow/example_dags/example_dag_decorator.py took 0.217 seconds
[2025-09-06T19:26:25.160+0545] {processor.py:186} INFO - Started process (PID=39242) to work on /home/ashok/miniconda3/envs/mysecondenvironment/lib/python3.8/site-packages/airflow/example_dags/example_dag_decorator.py
[2025-09-06T19:26:25.163+0545] {processor.py:914} INFO - Processing file /home/ashok/miniconda3/envs/mysecondenvironment/lib/python3.8/site-packages/airflow/example_dags/example_dag_decorator.py for tasks to queue
[2025-09-06T19:26:25.165+0545] {logging_mixin.py:190} INFO - [2025-09-06T19:26:25.165+0545] {dagbag.py:588} INFO - Filling up the DagBag from /home/ashok/miniconda3/envs/mysecondenvironment/lib/python3.8/site-packages/airflow/example_dags/example_dag_decorator.py
[2025-09-06T19:26:25.251+0545] {processor.py:925} INFO - DAG(s) 'example_dag_decorator' retrieved from /home/ashok/miniconda3/envs/mysecondenvironment/lib/python3.8/site-packages/airflow/example_dags/example_dag_decorator.py
[2025-09-06T19:26:25.272+0545] {logging_mixin.py:190} INFO - [2025-09-06T19:26:25.271+0545] {dag.py:3239} INFO - Sync 1 DAGs
[2025-09-06T19:26:25.284+0545] {logging_mixin.py:190} INFO - [2025-09-06T19:26:25.284+0545] {dag.py:4180} INFO - Setting next_dagrun for example_dag_decorator to None, run_after=None
[2025-09-06T19:26:25.311+0545] {processor.py:208} INFO - Processing /home/ashok/miniconda3/envs/mysecondenvironment/lib/python3.8/site-packages/airflow/example_dags/example_dag_decorator.py took 0.158 seconds
[2025-09-06T19:27:26.354+0545] {processor.py:186} INFO - Started process (PID=39712) to work on /home/ashok/miniconda3/envs/mysecondenvironment/lib/python3.8/site-packages/airflow/example_dags/example_dag_decorator.py
[2025-09-06T19:27:26.357+0545] {processor.py:914} INFO - Processing file /home/ashok/miniconda3/envs/mysecondenvironment/lib/python3.8/site-packages/airflow/example_dags/example_dag_decorator.py for tasks to queue
[2025-09-06T19:27:26.360+0545] {logging_mixin.py:190} INFO - [2025-09-06T19:27:26.360+0545] {dagbag.py:588} INFO - Filling up the DagBag from /home/ashok/miniconda3/envs/mysecondenvironment/lib/python3.8/site-packages/airflow/example_dags/example_dag_decorator.py
[2025-09-06T19:27:26.443+0545] {processor.py:925} INFO - DAG(s) 'example_dag_decorator' retrieved from /home/ashok/miniconda3/envs/mysecondenvironment/lib/python3.8/site-packages/airflow/example_dags/example_dag_decorator.py
[2025-09-06T19:27:26.463+0545] {logging_mixin.py:190} INFO - [2025-09-06T19:27:26.463+0545] {dag.py:3239} INFO - Sync 1 DAGs
[2025-09-06T19:27:26.475+0545] {logging_mixin.py:190} INFO - [2025-09-06T19:27:26.474+0545] {dag.py:4180} INFO - Setting next_dagrun for example_dag_decorator to None, run_after=None
[2025-09-06T19:27:26.505+0545] {processor.py:208} INFO - Processing /home/ashok/miniconda3/envs/mysecondenvironment/lib/python3.8/site-packages/airflow/example_dags/example_dag_decorator.py took 0.158 seconds
[2025-09-06T19:28:24.806+0545] {processor.py:186} INFO - Started process (PID=40140) to work on /home/ashok/miniconda3/envs/mysecondenvironment/lib/python3.8/site-packages/airflow/example_dags/example_dag_decorator.py
[2025-09-06T19:28:24.808+0545] {processor.py:914} INFO - Processing file /home/ashok/miniconda3/envs/mysecondenvironment/lib/python3.8/site-packages/airflow/example_dags/example_dag_decorator.py for tasks to queue
[2025-09-06T19:28:24.810+0545] {logging_mixin.py:190} INFO - [2025-09-06T19:28:24.810+0545] {dagbag.py:588} INFO - Filling up the DagBag from /home/ashok/miniconda3/envs/mysecondenvironment/lib/python3.8/site-packages/airflow/example_dags/example_dag_decorator.py
[2025-09-06T19:28:24.877+0545] {processor.py:925} INFO - DAG(s) 'example_dag_decorator' retrieved from /home/ashok/miniconda3/envs/mysecondenvironment/lib/python3.8/site-packages/airflow/example_dags/example_dag_decorator.py
[2025-09-06T19:28:24.896+0545] {logging_mixin.py:190} INFO - [2025-09-06T19:28:24.896+0545] {dag.py:3239} INFO - Sync 1 DAGs
[2025-09-06T19:28:24.906+0545] {logging_mixin.py:190} INFO - [2025-09-06T19:28:24.906+0545] {dag.py:4180} INFO - Setting next_dagrun for example_dag_decorator to None, run_after=None
[2025-09-06T19:28:24.930+0545] {processor.py:208} INFO - Processing /home/ashok/miniconda3/envs/mysecondenvironment/lib/python3.8/site-packages/airflow/example_dags/example_dag_decorator.py took 0.131 seconds
[2025-09-06T19:29:24.310+0545] {processor.py:186} INFO - Started process (PID=40671) to work on /home/ashok/miniconda3/envs/mysecondenvironment/lib/python3.8/site-packages/airflow/example_dags/example_dag_decorator.py
[2025-09-06T19:29:24.313+0545] {processor.py:914} INFO - Processing file /home/ashok/miniconda3/envs/mysecondenvironment/lib/python3.8/site-packages/airflow/example_dags/example_dag_decorator.py for tasks to queue
[2025-09-06T19:29:24.315+0545] {logging_mixin.py:190} INFO - [2025-09-06T19:29:24.315+0545] {dagbag.py:588} INFO - Filling up the DagBag from /home/ashok/miniconda3/envs/mysecondenvironment/lib/python3.8/site-packages/airflow/example_dags/example_dag_decorator.py
[2025-09-06T19:29:24.392+0545] {processor.py:925} INFO - DAG(s) 'example_dag_decorator' retrieved from /home/ashok/miniconda3/envs/mysecondenvironment/lib/python3.8/site-packages/airflow/example_dags/example_dag_decorator.py
[2025-09-06T19:29:24.412+0545] {logging_mixin.py:190} INFO - [2025-09-06T19:29:24.411+0545] {dag.py:3239} INFO - Sync 1 DAGs
[2025-09-06T19:29:24.424+0545] {logging_mixin.py:190} INFO - [2025-09-06T19:29:24.423+0545] {dag.py:4180} INFO - Setting next_dagrun for example_dag_decorator to None, run_after=None
[2025-09-06T19:29:24.455+0545] {processor.py:208} INFO - Processing /home/ashok/miniconda3/envs/mysecondenvironment/lib/python3.8/site-packages/airflow/example_dags/example_dag_decorator.py took 0.152 seconds
[2025-09-06T19:30:24.540+0545] {processor.py:186} INFO - Started process (PID=41205) to work on /home/ashok/miniconda3/envs/mysecondenvironment/lib/python3.8/site-packages/airflow/example_dags/example_dag_decorator.py
[2025-09-06T19:30:24.543+0545] {processor.py:914} INFO - Processing file /home/ashok/miniconda3/envs/mysecondenvironment/lib/python3.8/site-packages/airflow/example_dags/example_dag_decorator.py for tasks to queue
[2025-09-06T19:30:24.546+0545] {logging_mixin.py:190} INFO - [2025-09-06T19:30:24.546+0545] {dagbag.py:588} INFO - Filling up the DagBag from /home/ashok/miniconda3/envs/mysecondenvironment/lib/python3.8/site-packages/airflow/example_dags/example_dag_decorator.py
[2025-09-06T19:30:24.623+0545] {processor.py:925} INFO - DAG(s) 'example_dag_decorator' retrieved from /home/ashok/miniconda3/envs/mysecondenvironment/lib/python3.8/site-packages/airflow/example_dags/example_dag_decorator.py
[2025-09-06T19:30:24.720+0545] {logging_mixin.py:190} INFO - [2025-09-06T19:30:24.720+0545] {dag.py:3239} INFO - Sync 1 DAGs
[2025-09-06T19:30:24.730+0545] {logging_mixin.py:190} INFO - [2025-09-06T19:30:24.730+0545] {dag.py:4180} INFO - Setting next_dagrun for example_dag_decorator to None, run_after=None
[2025-09-06T19:30:24.757+0545] {processor.py:208} INFO - Processing /home/ashok/miniconda3/envs/mysecondenvironment/lib/python3.8/site-packages/airflow/example_dags/example_dag_decorator.py took 0.225 seconds
[2025-09-06T19:31:24.591+0545] {processor.py:186} INFO - Started process (PID=41897) to work on /home/ashok/miniconda3/envs/mysecondenvironment/lib/python3.8/site-packages/airflow/example_dags/example_dag_decorator.py
[2025-09-06T19:31:24.594+0545] {processor.py:914} INFO - Processing file /home/ashok/miniconda3/envs/mysecondenvironment/lib/python3.8/site-packages/airflow/example_dags/example_dag_decorator.py for tasks to queue
[2025-09-06T19:31:24.598+0545] {logging_mixin.py:190} INFO - [2025-09-06T19:31:24.597+0545] {dagbag.py:588} INFO - Filling up the DagBag from /home/ashok/miniconda3/envs/mysecondenvironment/lib/python3.8/site-packages/airflow/example_dags/example_dag_decorator.py
[2025-09-06T19:31:24.690+0545] {processor.py:925} INFO - DAG(s) 'example_dag_decorator' retrieved from /home/ashok/miniconda3/envs/mysecondenvironment/lib/python3.8/site-packages/airflow/example_dags/example_dag_decorator.py
[2025-09-06T19:31:24.712+0545] {logging_mixin.py:190} INFO - [2025-09-06T19:31:24.711+0545] {dag.py:3239} INFO - Sync 1 DAGs
[2025-09-06T19:31:24.727+0545] {logging_mixin.py:190} INFO - [2025-09-06T19:31:24.726+0545] {dag.py:4180} INFO - Setting next_dagrun for example_dag_decorator to None, run_after=None
[2025-09-06T19:31:24.752+0545] {processor.py:208} INFO - Processing /home/ashok/miniconda3/envs/mysecondenvironment/lib/python3.8/site-packages/airflow/example_dags/example_dag_decorator.py took 0.170 seconds
[2025-09-06T19:32:25.658+0545] {processor.py:186} INFO - Started process (PID=42347) to work on /home/ashok/miniconda3/envs/mysecondenvironment/lib/python3.8/site-packages/airflow/example_dags/example_dag_decorator.py
[2025-09-06T19:32:25.660+0545] {processor.py:914} INFO - Processing file /home/ashok/miniconda3/envs/mysecondenvironment/lib/python3.8/site-packages/airflow/example_dags/example_dag_decorator.py for tasks to queue
[2025-09-06T19:32:25.662+0545] {logging_mixin.py:190} INFO - [2025-09-06T19:32:25.662+0545] {dagbag.py:588} INFO - Filling up the DagBag from /home/ashok/miniconda3/envs/mysecondenvironment/lib/python3.8/site-packages/airflow/example_dags/example_dag_decorator.py
[2025-09-06T19:32:25.736+0545] {processor.py:925} INFO - DAG(s) 'example_dag_decorator' retrieved from /home/ashok/miniconda3/envs/mysecondenvironment/lib/python3.8/site-packages/airflow/example_dags/example_dag_decorator.py
[2025-09-06T19:32:25.754+0545] {logging_mixin.py:190} INFO - [2025-09-06T19:32:25.753+0545] {dag.py:3239} INFO - Sync 1 DAGs
[2025-09-06T19:32:25.765+0545] {logging_mixin.py:190} INFO - [2025-09-06T19:32:25.765+0545] {dag.py:4180} INFO - Setting next_dagrun for example_dag_decorator to None, run_after=None
[2025-09-06T19:32:25.789+0545] {processor.py:208} INFO - Processing /home/ashok/miniconda3/envs/mysecondenvironment/lib/python3.8/site-packages/airflow/example_dags/example_dag_decorator.py took 0.138 seconds
[2025-09-06T19:33:23.978+0545] {processor.py:186} INFO - Started process (PID=42725) to work on /home/ashok/miniconda3/envs/mysecondenvironment/lib/python3.8/site-packages/airflow/example_dags/example_dag_decorator.py
[2025-09-06T19:33:23.980+0545] {processor.py:914} INFO - Processing file /home/ashok/miniconda3/envs/mysecondenvironment/lib/python3.8/site-packages/airflow/example_dags/example_dag_decorator.py for tasks to queue
[2025-09-06T19:33:23.982+0545] {logging_mixin.py:190} INFO - [2025-09-06T19:33:23.981+0545] {dagbag.py:588} INFO - Filling up the DagBag from /home/ashok/miniconda3/envs/mysecondenvironment/lib/python3.8/site-packages/airflow/example_dags/example_dag_decorator.py
[2025-09-06T19:33:24.059+0545] {processor.py:925} INFO - DAG(s) 'example_dag_decorator' retrieved from /home/ashok/miniconda3/envs/mysecondenvironment/lib/python3.8/site-packages/airflow/example_dags/example_dag_decorator.py
[2025-09-06T19:33:24.079+0545] {logging_mixin.py:190} INFO - [2025-09-06T19:33:24.079+0545] {dag.py:3239} INFO - Sync 1 DAGs
[2025-09-06T19:33:24.095+0545] {logging_mixin.py:190} INFO - [2025-09-06T19:33:24.094+0545] {dag.py:4180} INFO - Setting next_dagrun for example_dag_decorator to None, run_after=None
[2025-09-06T19:33:24.123+0545] {processor.py:208} INFO - Processing /home/ashok/miniconda3/envs/mysecondenvironment/lib/python3.8/site-packages/airflow/example_dags/example_dag_decorator.py took 0.153 seconds
[2025-09-06T19:34:24.025+0545] {processor.py:186} INFO - Started process (PID=43124) to work on /home/ashok/miniconda3/envs/mysecondenvironment/lib/python3.8/site-packages/airflow/example_dags/example_dag_decorator.py
[2025-09-06T19:34:24.027+0545] {processor.py:914} INFO - Processing file /home/ashok/miniconda3/envs/mysecondenvironment/lib/python3.8/site-packages/airflow/example_dags/example_dag_decorator.py for tasks to queue
[2025-09-06T19:34:24.030+0545] {logging_mixin.py:190} INFO - [2025-09-06T19:34:24.029+0545] {dagbag.py:588} INFO - Filling up the DagBag from /home/ashok/miniconda3/envs/mysecondenvironment/lib/python3.8/site-packages/airflow/example_dags/example_dag_decorator.py
[2025-09-06T19:34:24.108+0545] {processor.py:925} INFO - DAG(s) 'example_dag_decorator' retrieved from /home/ashok/miniconda3/envs/mysecondenvironment/lib/python3.8/site-packages/airflow/example_dags/example_dag_decorator.py
[2025-09-06T19:34:24.128+0545] {logging_mixin.py:190} INFO - [2025-09-06T19:34:24.128+0545] {dag.py:3239} INFO - Sync 1 DAGs
[2025-09-06T19:34:24.140+0545] {logging_mixin.py:190} INFO - [2025-09-06T19:34:24.140+0545] {dag.py:4180} INFO - Setting next_dagrun for example_dag_decorator to None, run_after=None
[2025-09-06T19:34:24.167+0545] {processor.py:208} INFO - Processing /home/ashok/miniconda3/envs/mysecondenvironment/lib/python3.8/site-packages/airflow/example_dags/example_dag_decorator.py took 0.150 seconds
[2025-09-06T19:35:26.473+0545] {processor.py:186} INFO - Started process (PID=43660) to work on /home/ashok/miniconda3/envs/mysecondenvironment/lib/python3.8/site-packages/airflow/example_dags/example_dag_decorator.py
[2025-09-06T19:35:26.476+0545] {processor.py:914} INFO - Processing file /home/ashok/miniconda3/envs/mysecondenvironment/lib/python3.8/site-packages/airflow/example_dags/example_dag_decorator.py for tasks to queue
[2025-09-06T19:35:26.479+0545] {logging_mixin.py:190} INFO - [2025-09-06T19:35:26.478+0545] {dagbag.py:588} INFO - Filling up the DagBag from /home/ashok/miniconda3/envs/mysecondenvironment/lib/python3.8/site-packages/airflow/example_dags/example_dag_decorator.py
[2025-09-06T19:35:26.563+0545] {processor.py:925} INFO - DAG(s) 'example_dag_decorator' retrieved from /home/ashok/miniconda3/envs/mysecondenvironment/lib/python3.8/site-packages/airflow/example_dags/example_dag_decorator.py
[2025-09-06T19:35:26.658+0545] {logging_mixin.py:190} INFO - [2025-09-06T19:35:26.658+0545] {dag.py:3239} INFO - Sync 1 DAGs
[2025-09-06T19:35:26.669+0545] {logging_mixin.py:190} INFO - [2025-09-06T19:35:26.669+0545] {dag.py:4180} INFO - Setting next_dagrun for example_dag_decorator to None, run_after=None
[2025-09-06T19:35:26.695+0545] {processor.py:208} INFO - Processing /home/ashok/miniconda3/envs/mysecondenvironment/lib/python3.8/site-packages/airflow/example_dags/example_dag_decorator.py took 0.231 seconds
[2025-09-06T19:36:25.392+0545] {processor.py:186} INFO - Started process (PID=44125) to work on /home/ashok/miniconda3/envs/mysecondenvironment/lib/python3.8/site-packages/airflow/example_dags/example_dag_decorator.py
[2025-09-06T19:36:25.394+0545] {processor.py:914} INFO - Processing file /home/ashok/miniconda3/envs/mysecondenvironment/lib/python3.8/site-packages/airflow/example_dags/example_dag_decorator.py for tasks to queue
[2025-09-06T19:36:25.397+0545] {logging_mixin.py:190} INFO - [2025-09-06T19:36:25.396+0545] {dagbag.py:588} INFO - Filling up the DagBag from /home/ashok/miniconda3/envs/mysecondenvironment/lib/python3.8/site-packages/airflow/example_dags/example_dag_decorator.py
[2025-09-06T19:36:25.477+0545] {processor.py:925} INFO - DAG(s) 'example_dag_decorator' retrieved from /home/ashok/miniconda3/envs/mysecondenvironment/lib/python3.8/site-packages/airflow/example_dags/example_dag_decorator.py
[2025-09-06T19:36:25.498+0545] {logging_mixin.py:190} INFO - [2025-09-06T19:36:25.498+0545] {dag.py:3239} INFO - Sync 1 DAGs
[2025-09-06T19:36:25.510+0545] {logging_mixin.py:190} INFO - [2025-09-06T19:36:25.510+0545] {dag.py:4180} INFO - Setting next_dagrun for example_dag_decorator to None, run_after=None
[2025-09-06T19:36:25.538+0545] {processor.py:208} INFO - Processing /home/ashok/miniconda3/envs/mysecondenvironment/lib/python3.8/site-packages/airflow/example_dags/example_dag_decorator.py took 0.155 seconds
[2025-09-06T19:37:24.514+0545] {processor.py:186} INFO - Started process (PID=44569) to work on /home/ashok/miniconda3/envs/mysecondenvironment/lib/python3.8/site-packages/airflow/example_dags/example_dag_decorator.py
[2025-09-06T19:37:24.517+0545] {processor.py:914} INFO - Processing file /home/ashok/miniconda3/envs/mysecondenvironment/lib/python3.8/site-packages/airflow/example_dags/example_dag_decorator.py for tasks to queue
[2025-09-06T19:37:24.519+0545] {logging_mixin.py:190} INFO - [2025-09-06T19:37:24.519+0545] {dagbag.py:588} INFO - Filling up the DagBag from /home/ashok/miniconda3/envs/mysecondenvironment/lib/python3.8/site-packages/airflow/example_dags/example_dag_decorator.py
[2025-09-06T19:37:24.600+0545] {processor.py:925} INFO - DAG(s) 'example_dag_decorator' retrieved from /home/ashok/miniconda3/envs/mysecondenvironment/lib/python3.8/site-packages/airflow/example_dags/example_dag_decorator.py
[2025-09-06T19:37:24.620+0545] {logging_mixin.py:190} INFO - [2025-09-06T19:37:24.620+0545] {dag.py:3239} INFO - Sync 1 DAGs
[2025-09-06T19:37:24.632+0545] {logging_mixin.py:190} INFO - [2025-09-06T19:37:24.631+0545] {dag.py:4180} INFO - Setting next_dagrun for example_dag_decorator to None, run_after=None
[2025-09-06T19:37:24.660+0545] {processor.py:208} INFO - Processing /home/ashok/miniconda3/envs/mysecondenvironment/lib/python3.8/site-packages/airflow/example_dags/example_dag_decorator.py took 0.153 seconds
[2025-09-06T19:38:23.545+0545] {processor.py:186} INFO - Started process (PID=44956) to work on /home/ashok/miniconda3/envs/mysecondenvironment/lib/python3.8/site-packages/airflow/example_dags/example_dag_decorator.py
[2025-09-06T19:38:23.549+0545] {processor.py:914} INFO - Processing file /home/ashok/miniconda3/envs/mysecondenvironment/lib/python3.8/site-packages/airflow/example_dags/example_dag_decorator.py for tasks to queue
[2025-09-06T19:38:23.552+0545] {logging_mixin.py:190} INFO - [2025-09-06T19:38:23.551+0545] {dagbag.py:588} INFO - Filling up the DagBag from /home/ashok/miniconda3/envs/mysecondenvironment/lib/python3.8/site-packages/airflow/example_dags/example_dag_decorator.py
[2025-09-06T19:38:23.627+0545] {processor.py:925} INFO - DAG(s) 'example_dag_decorator' retrieved from /home/ashok/miniconda3/envs/mysecondenvironment/lib/python3.8/site-packages/airflow/example_dags/example_dag_decorator.py
[2025-09-06T19:38:23.648+0545] {logging_mixin.py:190} INFO - [2025-09-06T19:38:23.648+0545] {dag.py:3239} INFO - Sync 1 DAGs
[2025-09-06T19:38:23.660+0545] {logging_mixin.py:190} INFO - [2025-09-06T19:38:23.660+0545] {dag.py:4180} INFO - Setting next_dagrun for example_dag_decorator to None, run_after=None
[2025-09-06T19:38:23.688+0545] {processor.py:208} INFO - Processing /home/ashok/miniconda3/envs/mysecondenvironment/lib/python3.8/site-packages/airflow/example_dags/example_dag_decorator.py took 0.151 seconds
[2025-09-06T19:39:23.106+0545] {processor.py:186} INFO - Started process (PID=45381) to work on /home/ashok/miniconda3/envs/mysecondenvironment/lib/python3.8/site-packages/airflow/example_dags/example_dag_decorator.py
[2025-09-06T19:39:23.108+0545] {processor.py:914} INFO - Processing file /home/ashok/miniconda3/envs/mysecondenvironment/lib/python3.8/site-packages/airflow/example_dags/example_dag_decorator.py for tasks to queue
[2025-09-06T19:39:23.111+0545] {logging_mixin.py:190} INFO - [2025-09-06T19:39:23.110+0545] {dagbag.py:588} INFO - Filling up the DagBag from /home/ashok/miniconda3/envs/mysecondenvironment/lib/python3.8/site-packages/airflow/example_dags/example_dag_decorator.py
[2025-09-06T19:39:23.194+0545] {processor.py:925} INFO - DAG(s) 'example_dag_decorator' retrieved from /home/ashok/miniconda3/envs/mysecondenvironment/lib/python3.8/site-packages/airflow/example_dags/example_dag_decorator.py
[2025-09-06T19:39:23.215+0545] {logging_mixin.py:190} INFO - [2025-09-06T19:39:23.215+0545] {dag.py:3239} INFO - Sync 1 DAGs
[2025-09-06T19:39:23.227+0545] {logging_mixin.py:190} INFO - [2025-09-06T19:39:23.227+0545] {dag.py:4180} INFO - Setting next_dagrun for example_dag_decorator to None, run_after=None
[2025-09-06T19:39:23.258+0545] {processor.py:208} INFO - Processing /home/ashok/miniconda3/envs/mysecondenvironment/lib/python3.8/site-packages/airflow/example_dags/example_dag_decorator.py took 0.160 seconds
[2025-09-06T19:40:23.403+0545] {processor.py:186} INFO - Started process (PID=45778) to work on /home/ashok/miniconda3/envs/mysecondenvironment/lib/python3.8/site-packages/airflow/example_dags/example_dag_decorator.py
[2025-09-06T19:40:23.404+0545] {processor.py:914} INFO - Processing file /home/ashok/miniconda3/envs/mysecondenvironment/lib/python3.8/site-packages/airflow/example_dags/example_dag_decorator.py for tasks to queue
[2025-09-06T19:40:23.407+0545] {logging_mixin.py:190} INFO - [2025-09-06T19:40:23.407+0545] {dagbag.py:588} INFO - Filling up the DagBag from /home/ashok/miniconda3/envs/mysecondenvironment/lib/python3.8/site-packages/airflow/example_dags/example_dag_decorator.py
[2025-09-06T19:40:23.492+0545] {processor.py:925} INFO - DAG(s) 'example_dag_decorator' retrieved from /home/ashok/miniconda3/envs/mysecondenvironment/lib/python3.8/site-packages/airflow/example_dags/example_dag_decorator.py
[2025-09-06T19:40:23.589+0545] {logging_mixin.py:190} INFO - [2025-09-06T19:40:23.589+0545] {dag.py:3239} INFO - Sync 1 DAGs
[2025-09-06T19:40:23.599+0545] {logging_mixin.py:190} INFO - [2025-09-06T19:40:23.599+0545] {dag.py:4180} INFO - Setting next_dagrun for example_dag_decorator to None, run_after=None
[2025-09-06T19:40:23.627+0545] {processor.py:208} INFO - Processing /home/ashok/miniconda3/envs/mysecondenvironment/lib/python3.8/site-packages/airflow/example_dags/example_dag_decorator.py took 0.232 seconds
[2025-09-06T19:41:29.066+0545] {processor.py:186} INFO - Started process (PID=46373) to work on /home/ashok/miniconda3/envs/mysecondenvironment/lib/python3.8/site-packages/airflow/example_dags/example_dag_decorator.py
[2025-09-06T19:41:29.069+0545] {processor.py:914} INFO - Processing file /home/ashok/miniconda3/envs/mysecondenvironment/lib/python3.8/site-packages/airflow/example_dags/example_dag_decorator.py for tasks to queue
[2025-09-06T19:41:29.071+0545] {logging_mixin.py:190} INFO - [2025-09-06T19:41:29.071+0545] {dagbag.py:588} INFO - Filling up the DagBag from /home/ashok/miniconda3/envs/mysecondenvironment/lib/python3.8/site-packages/airflow/example_dags/example_dag_decorator.py
[2025-09-06T19:41:29.147+0545] {processor.py:925} INFO - DAG(s) 'example_dag_decorator' retrieved from /home/ashok/miniconda3/envs/mysecondenvironment/lib/python3.8/site-packages/airflow/example_dags/example_dag_decorator.py
[2025-09-06T19:41:29.167+0545] {logging_mixin.py:190} INFO - [2025-09-06T19:41:29.166+0545] {dag.py:3239} INFO - Sync 1 DAGs
[2025-09-06T19:41:29.179+0545] {logging_mixin.py:190} INFO - [2025-09-06T19:41:29.179+0545] {dag.py:4180} INFO - Setting next_dagrun for example_dag_decorator to None, run_after=None
[2025-09-06T19:41:29.207+0545] {processor.py:208} INFO - Processing /home/ashok/miniconda3/envs/mysecondenvironment/lib/python3.8/site-packages/airflow/example_dags/example_dag_decorator.py took 0.148 seconds
[2025-09-06T19:42:29.783+0545] {processor.py:186} INFO - Started process (PID=47045) to work on /home/ashok/miniconda3/envs/mysecondenvironment/lib/python3.8/site-packages/airflow/example_dags/example_dag_decorator.py
[2025-09-06T19:42:29.785+0545] {processor.py:914} INFO - Processing file /home/ashok/miniconda3/envs/mysecondenvironment/lib/python3.8/site-packages/airflow/example_dags/example_dag_decorator.py for tasks to queue
[2025-09-06T19:42:29.787+0545] {logging_mixin.py:190} INFO - [2025-09-06T19:42:29.786+0545] {dagbag.py:588} INFO - Filling up the DagBag from /home/ashok/miniconda3/envs/mysecondenvironment/lib/python3.8/site-packages/airflow/example_dags/example_dag_decorator.py
[2025-09-06T19:42:29.861+0545] {processor.py:925} INFO - DAG(s) 'example_dag_decorator' retrieved from /home/ashok/miniconda3/envs/mysecondenvironment/lib/python3.8/site-packages/airflow/example_dags/example_dag_decorator.py
[2025-09-06T19:42:29.880+0545] {logging_mixin.py:190} INFO - [2025-09-06T19:42:29.879+0545] {dag.py:3239} INFO - Sync 1 DAGs
[2025-09-06T19:42:29.893+0545] {logging_mixin.py:190} INFO - [2025-09-06T19:42:29.893+0545] {dag.py:4180} INFO - Setting next_dagrun for example_dag_decorator to None, run_after=None
[2025-09-06T19:42:29.920+0545] {processor.py:208} INFO - Processing /home/ashok/miniconda3/envs/mysecondenvironment/lib/python3.8/site-packages/airflow/example_dags/example_dag_decorator.py took 0.144 seconds
[2025-09-06T19:43:29.170+0545] {processor.py:186} INFO - Started process (PID=47579) to work on /home/ashok/miniconda3/envs/mysecondenvironment/lib/python3.8/site-packages/airflow/example_dags/example_dag_decorator.py
[2025-09-06T19:43:29.173+0545] {processor.py:914} INFO - Processing file /home/ashok/miniconda3/envs/mysecondenvironment/lib/python3.8/site-packages/airflow/example_dags/example_dag_decorator.py for tasks to queue
[2025-09-06T19:43:29.176+0545] {logging_mixin.py:190} INFO - [2025-09-06T19:43:29.175+0545] {dagbag.py:588} INFO - Filling up the DagBag from /home/ashok/miniconda3/envs/mysecondenvironment/lib/python3.8/site-packages/airflow/example_dags/example_dag_decorator.py
[2025-09-06T19:43:29.261+0545] {processor.py:925} INFO - DAG(s) 'example_dag_decorator' retrieved from /home/ashok/miniconda3/envs/mysecondenvironment/lib/python3.8/site-packages/airflow/example_dags/example_dag_decorator.py
[2025-09-06T19:43:29.286+0545] {logging_mixin.py:190} INFO - [2025-09-06T19:43:29.286+0545] {dag.py:3239} INFO - Sync 1 DAGs
[2025-09-06T19:43:29.301+0545] {logging_mixin.py:190} INFO - [2025-09-06T19:43:29.301+0545] {dag.py:4180} INFO - Setting next_dagrun for example_dag_decorator to None, run_after=None
[2025-09-06T19:43:29.331+0545] {processor.py:208} INFO - Processing /home/ashok/miniconda3/envs/mysecondenvironment/lib/python3.8/site-packages/airflow/example_dags/example_dag_decorator.py took 0.168 seconds
[2025-09-06T19:44:31.034+0545] {processor.py:186} INFO - Started process (PID=48297) to work on /home/ashok/miniconda3/envs/mysecondenvironment/lib/python3.8/site-packages/airflow/example_dags/example_dag_decorator.py
[2025-09-06T19:44:31.036+0545] {processor.py:914} INFO - Processing file /home/ashok/miniconda3/envs/mysecondenvironment/lib/python3.8/site-packages/airflow/example_dags/example_dag_decorator.py for tasks to queue
[2025-09-06T19:44:31.039+0545] {logging_mixin.py:190} INFO - [2025-09-06T19:44:31.039+0545] {dagbag.py:588} INFO - Filling up the DagBag from /home/ashok/miniconda3/envs/mysecondenvironment/lib/python3.8/site-packages/airflow/example_dags/example_dag_decorator.py
[2025-09-06T19:44:31.127+0545] {processor.py:925} INFO - DAG(s) 'example_dag_decorator' retrieved from /home/ashok/miniconda3/envs/mysecondenvironment/lib/python3.8/site-packages/airflow/example_dags/example_dag_decorator.py
[2025-09-06T19:44:31.149+0545] {logging_mixin.py:190} INFO - [2025-09-06T19:44:31.149+0545] {dag.py:3239} INFO - Sync 1 DAGs
[2025-09-06T19:44:31.168+0545] {logging_mixin.py:190} INFO - [2025-09-06T19:44:31.167+0545] {dag.py:4180} INFO - Setting next_dagrun for example_dag_decorator to None, run_after=None
[2025-09-06T19:44:31.194+0545] {processor.py:208} INFO - Processing /home/ashok/miniconda3/envs/mysecondenvironment/lib/python3.8/site-packages/airflow/example_dags/example_dag_decorator.py took 0.168 seconds
[2025-09-06T19:45:30.074+0545] {processor.py:186} INFO - Started process (PID=48702) to work on /home/ashok/miniconda3/envs/mysecondenvironment/lib/python3.8/site-packages/airflow/example_dags/example_dag_decorator.py
[2025-09-06T19:45:30.077+0545] {processor.py:914} INFO - Processing file /home/ashok/miniconda3/envs/mysecondenvironment/lib/python3.8/site-packages/airflow/example_dags/example_dag_decorator.py for tasks to queue
[2025-09-06T19:45:30.080+0545] {logging_mixin.py:190} INFO - [2025-09-06T19:45:30.079+0545] {dagbag.py:588} INFO - Filling up the DagBag from /home/ashok/miniconda3/envs/mysecondenvironment/lib/python3.8/site-packages/airflow/example_dags/example_dag_decorator.py
[2025-09-06T19:45:30.162+0545] {processor.py:925} INFO - DAG(s) 'example_dag_decorator' retrieved from /home/ashok/miniconda3/envs/mysecondenvironment/lib/python3.8/site-packages/airflow/example_dags/example_dag_decorator.py
[2025-09-06T19:45:30.254+0545] {logging_mixin.py:190} INFO - [2025-09-06T19:45:30.253+0545] {dag.py:3239} INFO - Sync 1 DAGs
[2025-09-06T19:45:30.264+0545] {logging_mixin.py:190} INFO - [2025-09-06T19:45:30.263+0545] {dag.py:4180} INFO - Setting next_dagrun for example_dag_decorator to None, run_after=None
[2025-09-06T19:45:30.539+0545] {processor.py:208} INFO - Processing /home/ashok/miniconda3/envs/mysecondenvironment/lib/python3.8/site-packages/airflow/example_dags/example_dag_decorator.py took 0.471 seconds
[2025-09-06T19:46:33.866+0545] {processor.py:186} INFO - Started process (PID=49355) to work on /home/ashok/miniconda3/envs/mysecondenvironment/lib/python3.8/site-packages/airflow/example_dags/example_dag_decorator.py
[2025-09-06T19:46:33.868+0545] {processor.py:914} INFO - Processing file /home/ashok/miniconda3/envs/mysecondenvironment/lib/python3.8/site-packages/airflow/example_dags/example_dag_decorator.py for tasks to queue
[2025-09-06T19:46:33.871+0545] {logging_mixin.py:190} INFO - [2025-09-06T19:46:33.870+0545] {dagbag.py:588} INFO - Filling up the DagBag from /home/ashok/miniconda3/envs/mysecondenvironment/lib/python3.8/site-packages/airflow/example_dags/example_dag_decorator.py
[2025-09-06T19:46:33.945+0545] {processor.py:925} INFO - DAG(s) 'example_dag_decorator' retrieved from /home/ashok/miniconda3/envs/mysecondenvironment/lib/python3.8/site-packages/airflow/example_dags/example_dag_decorator.py
[2025-09-06T19:46:34.155+0545] {logging_mixin.py:190} INFO - [2025-09-06T19:46:34.155+0545] {dag.py:3239} INFO - Sync 1 DAGs
[2025-09-06T19:46:34.163+0545] {logging_mixin.py:190} INFO - [2025-09-06T19:46:34.163+0545] {dag.py:4180} INFO - Setting next_dagrun for example_dag_decorator to None, run_after=None
[2025-09-06T19:46:34.187+0545] {processor.py:208} INFO - Processing /home/ashok/miniconda3/envs/mysecondenvironment/lib/python3.8/site-packages/airflow/example_dags/example_dag_decorator.py took 0.327 seconds
[2025-09-06T19:47:32.720+0545] {processor.py:186} INFO - Started process (PID=49834) to work on /home/ashok/miniconda3/envs/mysecondenvironment/lib/python3.8/site-packages/airflow/example_dags/example_dag_decorator.py
[2025-09-06T19:47:32.723+0545] {processor.py:914} INFO - Processing file /home/ashok/miniconda3/envs/mysecondenvironment/lib/python3.8/site-packages/airflow/example_dags/example_dag_decorator.py for tasks to queue
[2025-09-06T19:47:32.725+0545] {logging_mixin.py:190} INFO - [2025-09-06T19:47:32.725+0545] {dagbag.py:588} INFO - Filling up the DagBag from /home/ashok/miniconda3/envs/mysecondenvironment/lib/python3.8/site-packages/airflow/example_dags/example_dag_decorator.py
[2025-09-06T19:47:32.803+0545] {processor.py:925} INFO - DAG(s) 'example_dag_decorator' retrieved from /home/ashok/miniconda3/envs/mysecondenvironment/lib/python3.8/site-packages/airflow/example_dags/example_dag_decorator.py
[2025-09-06T19:47:32.901+0545] {logging_mixin.py:190} INFO - [2025-09-06T19:47:32.901+0545] {dag.py:3239} INFO - Sync 1 DAGs
[2025-09-06T19:47:32.912+0545] {logging_mixin.py:190} INFO - [2025-09-06T19:47:32.911+0545] {dag.py:4180} INFO - Setting next_dagrun for example_dag_decorator to None, run_after=None
[2025-09-06T19:47:33.138+0545] {processor.py:208} INFO - Processing /home/ashok/miniconda3/envs/mysecondenvironment/lib/python3.8/site-packages/airflow/example_dags/example_dag_decorator.py took 0.426 seconds
[2025-09-06T19:48:35.434+0545] {processor.py:186} INFO - Started process (PID=50304) to work on /home/ashok/miniconda3/envs/mysecondenvironment/lib/python3.8/site-packages/airflow/example_dags/example_dag_decorator.py
[2025-09-06T19:48:35.435+0545] {processor.py:914} INFO - Processing file /home/ashok/miniconda3/envs/mysecondenvironment/lib/python3.8/site-packages/airflow/example_dags/example_dag_decorator.py for tasks to queue
[2025-09-06T19:48:35.437+0545] {logging_mixin.py:190} INFO - [2025-09-06T19:48:35.437+0545] {dagbag.py:588} INFO - Filling up the DagBag from /home/ashok/miniconda3/envs/mysecondenvironment/lib/python3.8/site-packages/airflow/example_dags/example_dag_decorator.py
[2025-09-06T19:48:35.511+0545] {processor.py:925} INFO - DAG(s) 'example_dag_decorator' retrieved from /home/ashok/miniconda3/envs/mysecondenvironment/lib/python3.8/site-packages/airflow/example_dags/example_dag_decorator.py
[2025-09-06T19:48:35.832+0545] {logging_mixin.py:190} INFO - [2025-09-06T19:48:35.832+0545] {dag.py:3239} INFO - Sync 1 DAGs
[2025-09-06T19:48:35.841+0545] {logging_mixin.py:190} INFO - [2025-09-06T19:48:35.841+0545] {dag.py:4180} INFO - Setting next_dagrun for example_dag_decorator to None, run_after=None
[2025-09-06T19:48:35.868+0545] {processor.py:208} INFO - Processing /home/ashok/miniconda3/envs/mysecondenvironment/lib/python3.8/site-packages/airflow/example_dags/example_dag_decorator.py took 0.442 seconds
