[2025-09-06T19:07:38.652+0545] {processor.py:186} INFO - Started process (PID=30649) to work on /home/ashok/miniconda3/envs/mysecondenvironment/lib/python3.8/site-packages/airflow/example_dags/example_dataset_alias_with_no_taskflow.py
[2025-09-06T19:07:38.653+0545] {processor.py:914} INFO - Processing file /home/ashok/miniconda3/envs/mysecondenvironment/lib/python3.8/site-packages/airflow/example_dags/example_dataset_alias_with_no_taskflow.py for tasks to queue
[2025-09-06T19:07:38.655+0545] {logging_mixin.py:190} INFO - [2025-09-06T19:07:38.655+0545] {dagbag.py:588} INFO - Filling up the DagBag from /home/ashok/miniconda3/envs/mysecondenvironment/lib/python3.8/site-packages/airflow/example_dags/example_dataset_alias_with_no_taskflow.py
[2025-09-06T19:07:38.678+0545] {processor.py:925} INFO - DAG(s) 'dataset_s3_bucket_producer_with_no_taskflow', 'dataset_alias_example_alias_consumer_with_no_taskflow', 'dataset_alias_example_alias_producer_with_no_taskflow', 'dataset_s3_bucket_consumer_with_no_taskflow' retrieved from /home/ashok/miniconda3/envs/mysecondenvironment/lib/python3.8/site-packages/airflow/example_dags/example_dataset_alias_with_no_taskflow.py
[2025-09-06T19:07:38.698+0545] {logging_mixin.py:190} INFO - [2025-09-06T19:07:38.698+0545] {dag.py:3239} INFO - Sync 4 DAGs
[2025-09-06T19:07:38.719+0545] {logging_mixin.py:190} INFO - [2025-09-06T19:07:38.718+0545] {dag.py:4180} INFO - Setting next_dagrun for dataset_alias_example_alias_consumer_with_no_taskflow to None, run_after=None
[2025-09-06T19:07:38.721+0545] {logging_mixin.py:190} INFO - [2025-09-06T19:07:38.721+0545] {dag.py:4180} INFO - Setting next_dagrun for dataset_alias_example_alias_producer_with_no_taskflow to None, run_after=None
[2025-09-06T19:07:38.722+0545] {logging_mixin.py:190} INFO - [2025-09-06T19:07:38.722+0545] {dag.py:4180} INFO - Setting next_dagrun for dataset_s3_bucket_consumer_with_no_taskflow to None, run_after=None
[2025-09-06T19:07:38.723+0545] {logging_mixin.py:190} INFO - [2025-09-06T19:07:38.723+0545] {dag.py:4180} INFO - Setting next_dagrun for dataset_s3_bucket_producer_with_no_taskflow to None, run_after=None
[2025-09-06T19:07:38.751+0545] {processor.py:208} INFO - Processing /home/ashok/miniconda3/envs/mysecondenvironment/lib/python3.8/site-packages/airflow/example_dags/example_dataset_alias_with_no_taskflow.py took 0.106 seconds
[2025-09-06T19:08:43.662+0545] {processor.py:186} INFO - Started process (PID=31150) to work on /home/ashok/miniconda3/envs/mysecondenvironment/lib/python3.8/site-packages/airflow/example_dags/example_dataset_alias_with_no_taskflow.py
[2025-09-06T19:08:43.664+0545] {processor.py:914} INFO - Processing file /home/ashok/miniconda3/envs/mysecondenvironment/lib/python3.8/site-packages/airflow/example_dags/example_dataset_alias_with_no_taskflow.py for tasks to queue
[2025-09-06T19:08:43.667+0545] {logging_mixin.py:190} INFO - [2025-09-06T19:08:43.667+0545] {dagbag.py:588} INFO - Filling up the DagBag from /home/ashok/miniconda3/envs/mysecondenvironment/lib/python3.8/site-packages/airflow/example_dags/example_dataset_alias_with_no_taskflow.py
[2025-09-06T19:08:43.693+0545] {processor.py:925} INFO - DAG(s) 'dataset_s3_bucket_producer_with_no_taskflow', 'dataset_alias_example_alias_consumer_with_no_taskflow', 'dataset_s3_bucket_consumer_with_no_taskflow', 'dataset_alias_example_alias_producer_with_no_taskflow' retrieved from /home/ashok/miniconda3/envs/mysecondenvironment/lib/python3.8/site-packages/airflow/example_dags/example_dataset_alias_with_no_taskflow.py
[2025-09-06T19:08:43.713+0545] {logging_mixin.py:190} INFO - [2025-09-06T19:08:43.712+0545] {dag.py:3239} INFO - Sync 4 DAGs
[2025-09-06T19:08:43.732+0545] {logging_mixin.py:190} INFO - [2025-09-06T19:08:43.731+0545] {dag.py:4180} INFO - Setting next_dagrun for dataset_alias_example_alias_consumer_with_no_taskflow to None, run_after=None
[2025-09-06T19:08:43.734+0545] {logging_mixin.py:190} INFO - [2025-09-06T19:08:43.733+0545] {dag.py:4180} INFO - Setting next_dagrun for dataset_alias_example_alias_producer_with_no_taskflow to None, run_after=None
[2025-09-06T19:08:43.734+0545] {logging_mixin.py:190} INFO - [2025-09-06T19:08:43.734+0545] {dag.py:4180} INFO - Setting next_dagrun for dataset_s3_bucket_consumer_with_no_taskflow to None, run_after=None
[2025-09-06T19:08:43.735+0545] {logging_mixin.py:190} INFO - [2025-09-06T19:08:43.735+0545] {dag.py:4180} INFO - Setting next_dagrun for dataset_s3_bucket_producer_with_no_taskflow to None, run_after=None
[2025-09-06T19:08:43.764+0545] {processor.py:208} INFO - Processing /home/ashok/miniconda3/envs/mysecondenvironment/lib/python3.8/site-packages/airflow/example_dags/example_dataset_alias_with_no_taskflow.py took 0.109 seconds
[2025-09-06T19:09:45.032+0545] {processor.py:186} INFO - Started process (PID=31611) to work on /home/ashok/miniconda3/envs/mysecondenvironment/lib/python3.8/site-packages/airflow/example_dags/example_dataset_alias_with_no_taskflow.py
[2025-09-06T19:09:45.034+0545] {processor.py:914} INFO - Processing file /home/ashok/miniconda3/envs/mysecondenvironment/lib/python3.8/site-packages/airflow/example_dags/example_dataset_alias_with_no_taskflow.py for tasks to queue
[2025-09-06T19:09:45.037+0545] {logging_mixin.py:190} INFO - [2025-09-06T19:09:45.036+0545] {dagbag.py:588} INFO - Filling up the DagBag from /home/ashok/miniconda3/envs/mysecondenvironment/lib/python3.8/site-packages/airflow/example_dags/example_dataset_alias_with_no_taskflow.py
[2025-09-06T19:09:45.062+0545] {processor.py:925} INFO - DAG(s) 'dataset_s3_bucket_consumer_with_no_taskflow', 'dataset_s3_bucket_producer_with_no_taskflow', 'dataset_alias_example_alias_producer_with_no_taskflow', 'dataset_alias_example_alias_consumer_with_no_taskflow' retrieved from /home/ashok/miniconda3/envs/mysecondenvironment/lib/python3.8/site-packages/airflow/example_dags/example_dataset_alias_with_no_taskflow.py
[2025-09-06T19:09:45.081+0545] {logging_mixin.py:190} INFO - [2025-09-06T19:09:45.080+0545] {dag.py:3239} INFO - Sync 4 DAGs
[2025-09-06T19:09:45.100+0545] {logging_mixin.py:190} INFO - [2025-09-06T19:09:45.100+0545] {dag.py:4180} INFO - Setting next_dagrun for dataset_alias_example_alias_consumer_with_no_taskflow to None, run_after=None
[2025-09-06T19:09:45.104+0545] {logging_mixin.py:190} INFO - [2025-09-06T19:09:45.104+0545] {dag.py:4180} INFO - Setting next_dagrun for dataset_alias_example_alias_producer_with_no_taskflow to None, run_after=None
[2025-09-06T19:09:45.105+0545] {logging_mixin.py:190} INFO - [2025-09-06T19:09:45.105+0545] {dag.py:4180} INFO - Setting next_dagrun for dataset_s3_bucket_consumer_with_no_taskflow to None, run_after=None
[2025-09-06T19:09:45.106+0545] {logging_mixin.py:190} INFO - [2025-09-06T19:09:45.105+0545] {dag.py:4180} INFO - Setting next_dagrun for dataset_s3_bucket_producer_with_no_taskflow to None, run_after=None
[2025-09-06T19:09:45.133+0545] {processor.py:208} INFO - Processing /home/ashok/miniconda3/envs/mysecondenvironment/lib/python3.8/site-packages/airflow/example_dags/example_dataset_alias_with_no_taskflow.py took 0.109 seconds
[2025-09-06T19:10:44.694+0545] {processor.py:186} INFO - Started process (PID=32054) to work on /home/ashok/miniconda3/envs/mysecondenvironment/lib/python3.8/site-packages/airflow/example_dags/example_dataset_alias_with_no_taskflow.py
[2025-09-06T19:10:44.696+0545] {processor.py:914} INFO - Processing file /home/ashok/miniconda3/envs/mysecondenvironment/lib/python3.8/site-packages/airflow/example_dags/example_dataset_alias_with_no_taskflow.py for tasks to queue
[2025-09-06T19:10:44.699+0545] {logging_mixin.py:190} INFO - [2025-09-06T19:10:44.698+0545] {dagbag.py:588} INFO - Filling up the DagBag from /home/ashok/miniconda3/envs/mysecondenvironment/lib/python3.8/site-packages/airflow/example_dags/example_dataset_alias_with_no_taskflow.py
[2025-09-06T19:10:44.723+0545] {processor.py:925} INFO - DAG(s) 'dataset_alias_example_alias_producer_with_no_taskflow', 'dataset_alias_example_alias_consumer_with_no_taskflow', 'dataset_s3_bucket_producer_with_no_taskflow', 'dataset_s3_bucket_consumer_with_no_taskflow' retrieved from /home/ashok/miniconda3/envs/mysecondenvironment/lib/python3.8/site-packages/airflow/example_dags/example_dataset_alias_with_no_taskflow.py
[2025-09-06T19:10:44.743+0545] {logging_mixin.py:190} INFO - [2025-09-06T19:10:44.742+0545] {dag.py:3239} INFO - Sync 4 DAGs
[2025-09-06T19:10:44.761+0545] {logging_mixin.py:190} INFO - [2025-09-06T19:10:44.761+0545] {dag.py:4180} INFO - Setting next_dagrun for dataset_alias_example_alias_consumer_with_no_taskflow to None, run_after=None
[2025-09-06T19:10:44.763+0545] {logging_mixin.py:190} INFO - [2025-09-06T19:10:44.763+0545] {dag.py:4180} INFO - Setting next_dagrun for dataset_alias_example_alias_producer_with_no_taskflow to None, run_after=None
[2025-09-06T19:10:44.764+0545] {logging_mixin.py:190} INFO - [2025-09-06T19:10:44.764+0545] {dag.py:4180} INFO - Setting next_dagrun for dataset_s3_bucket_consumer_with_no_taskflow to None, run_after=None
[2025-09-06T19:10:44.765+0545] {logging_mixin.py:190} INFO - [2025-09-06T19:10:44.765+0545] {dag.py:4180} INFO - Setting next_dagrun for dataset_s3_bucket_producer_with_no_taskflow to None, run_after=None
[2025-09-06T19:10:44.795+0545] {processor.py:208} INFO - Processing /home/ashok/miniconda3/envs/mysecondenvironment/lib/python3.8/site-packages/airflow/example_dags/example_dataset_alias_with_no_taskflow.py took 0.107 seconds
[2025-09-06T19:11:45.036+0545] {processor.py:186} INFO - Started process (PID=32480) to work on /home/ashok/miniconda3/envs/mysecondenvironment/lib/python3.8/site-packages/airflow/example_dags/example_dataset_alias_with_no_taskflow.py
[2025-09-06T19:11:45.038+0545] {processor.py:914} INFO - Processing file /home/ashok/miniconda3/envs/mysecondenvironment/lib/python3.8/site-packages/airflow/example_dags/example_dataset_alias_with_no_taskflow.py for tasks to queue
[2025-09-06T19:11:45.041+0545] {logging_mixin.py:190} INFO - [2025-09-06T19:11:45.041+0545] {dagbag.py:588} INFO - Filling up the DagBag from /home/ashok/miniconda3/envs/mysecondenvironment/lib/python3.8/site-packages/airflow/example_dags/example_dataset_alias_with_no_taskflow.py
[2025-09-06T19:11:45.066+0545] {processor.py:925} INFO - DAG(s) 'dataset_s3_bucket_producer_with_no_taskflow', 'dataset_s3_bucket_consumer_with_no_taskflow', 'dataset_alias_example_alias_consumer_with_no_taskflow', 'dataset_alias_example_alias_producer_with_no_taskflow' retrieved from /home/ashok/miniconda3/envs/mysecondenvironment/lib/python3.8/site-packages/airflow/example_dags/example_dataset_alias_with_no_taskflow.py
[2025-09-06T19:11:45.085+0545] {logging_mixin.py:190} INFO - [2025-09-06T19:11:45.085+0545] {dag.py:3239} INFO - Sync 4 DAGs
[2025-09-06T19:11:45.107+0545] {logging_mixin.py:190} INFO - [2025-09-06T19:11:45.106+0545] {dag.py:4180} INFO - Setting next_dagrun for dataset_alias_example_alias_consumer_with_no_taskflow to None, run_after=None
[2025-09-06T19:11:45.110+0545] {logging_mixin.py:190} INFO - [2025-09-06T19:11:45.110+0545] {dag.py:4180} INFO - Setting next_dagrun for dataset_alias_example_alias_producer_with_no_taskflow to None, run_after=None
[2025-09-06T19:11:45.111+0545] {logging_mixin.py:190} INFO - [2025-09-06T19:11:45.111+0545] {dag.py:4180} INFO - Setting next_dagrun for dataset_s3_bucket_consumer_with_no_taskflow to None, run_after=None
[2025-09-06T19:11:45.112+0545] {logging_mixin.py:190} INFO - [2025-09-06T19:11:45.112+0545] {dag.py:4180} INFO - Setting next_dagrun for dataset_s3_bucket_producer_with_no_taskflow to None, run_after=None
[2025-09-06T19:11:45.140+0545] {processor.py:208} INFO - Processing /home/ashok/miniconda3/envs/mysecondenvironment/lib/python3.8/site-packages/airflow/example_dags/example_dataset_alias_with_no_taskflow.py took 0.112 seconds
[2025-09-06T19:12:45.688+0545] {processor.py:186} INFO - Started process (PID=32967) to work on /home/ashok/miniconda3/envs/mysecondenvironment/lib/python3.8/site-packages/airflow/example_dags/example_dataset_alias_with_no_taskflow.py
[2025-09-06T19:12:45.692+0545] {processor.py:914} INFO - Processing file /home/ashok/miniconda3/envs/mysecondenvironment/lib/python3.8/site-packages/airflow/example_dags/example_dataset_alias_with_no_taskflow.py for tasks to queue
[2025-09-06T19:12:45.694+0545] {logging_mixin.py:190} INFO - [2025-09-06T19:12:45.694+0545] {dagbag.py:588} INFO - Filling up the DagBag from /home/ashok/miniconda3/envs/mysecondenvironment/lib/python3.8/site-packages/airflow/example_dags/example_dataset_alias_with_no_taskflow.py
[2025-09-06T19:12:45.718+0545] {processor.py:925} INFO - DAG(s) 'dataset_alias_example_alias_producer_with_no_taskflow', 'dataset_s3_bucket_consumer_with_no_taskflow', 'dataset_alias_example_alias_consumer_with_no_taskflow', 'dataset_s3_bucket_producer_with_no_taskflow' retrieved from /home/ashok/miniconda3/envs/mysecondenvironment/lib/python3.8/site-packages/airflow/example_dags/example_dataset_alias_with_no_taskflow.py
[2025-09-06T19:12:45.739+0545] {logging_mixin.py:190} INFO - [2025-09-06T19:12:45.739+0545] {dag.py:3239} INFO - Sync 4 DAGs
[2025-09-06T19:12:45.758+0545] {logging_mixin.py:190} INFO - [2025-09-06T19:12:45.758+0545] {dag.py:4180} INFO - Setting next_dagrun for dataset_alias_example_alias_consumer_with_no_taskflow to None, run_after=None
[2025-09-06T19:12:45.760+0545] {logging_mixin.py:190} INFO - [2025-09-06T19:12:45.760+0545] {dag.py:4180} INFO - Setting next_dagrun for dataset_alias_example_alias_producer_with_no_taskflow to None, run_after=None
[2025-09-06T19:12:45.761+0545] {logging_mixin.py:190} INFO - [2025-09-06T19:12:45.761+0545] {dag.py:4180} INFO - Setting next_dagrun for dataset_s3_bucket_consumer_with_no_taskflow to None, run_after=None
[2025-09-06T19:12:45.762+0545] {logging_mixin.py:190} INFO - [2025-09-06T19:12:45.762+0545] {dag.py:4180} INFO - Setting next_dagrun for dataset_s3_bucket_producer_with_no_taskflow to None, run_after=None
[2025-09-06T19:12:45.791+0545] {processor.py:208} INFO - Processing /home/ashok/miniconda3/envs/mysecondenvironment/lib/python3.8/site-packages/airflow/example_dags/example_dataset_alias_with_no_taskflow.py took 0.110 seconds
[2025-09-06T19:13:43.815+0545] {processor.py:186} INFO - Started process (PID=33348) to work on /home/ashok/miniconda3/envs/mysecondenvironment/lib/python3.8/site-packages/airflow/example_dags/example_dataset_alias_with_no_taskflow.py
[2025-09-06T19:13:43.817+0545] {processor.py:914} INFO - Processing file /home/ashok/miniconda3/envs/mysecondenvironment/lib/python3.8/site-packages/airflow/example_dags/example_dataset_alias_with_no_taskflow.py for tasks to queue
[2025-09-06T19:13:43.821+0545] {logging_mixin.py:190} INFO - [2025-09-06T19:13:43.820+0545] {dagbag.py:588} INFO - Filling up the DagBag from /home/ashok/miniconda3/envs/mysecondenvironment/lib/python3.8/site-packages/airflow/example_dags/example_dataset_alias_with_no_taskflow.py
[2025-09-06T19:13:43.859+0545] {processor.py:925} INFO - DAG(s) 'dataset_alias_example_alias_consumer_with_no_taskflow', 'dataset_s3_bucket_consumer_with_no_taskflow', 'dataset_alias_example_alias_producer_with_no_taskflow', 'dataset_s3_bucket_producer_with_no_taskflow' retrieved from /home/ashok/miniconda3/envs/mysecondenvironment/lib/python3.8/site-packages/airflow/example_dags/example_dataset_alias_with_no_taskflow.py
[2025-09-06T19:13:43.891+0545] {logging_mixin.py:190} INFO - [2025-09-06T19:13:43.891+0545] {dag.py:3239} INFO - Sync 4 DAGs
[2025-09-06T19:13:43.920+0545] {logging_mixin.py:190} INFO - [2025-09-06T19:13:43.919+0545] {dag.py:4180} INFO - Setting next_dagrun for dataset_alias_example_alias_consumer_with_no_taskflow to None, run_after=None
[2025-09-06T19:13:43.923+0545] {logging_mixin.py:190} INFO - [2025-09-06T19:13:43.923+0545] {dag.py:4180} INFO - Setting next_dagrun for dataset_alias_example_alias_producer_with_no_taskflow to None, run_after=None
[2025-09-06T19:13:43.924+0545] {logging_mixin.py:190} INFO - [2025-09-06T19:13:43.924+0545] {dag.py:4180} INFO - Setting next_dagrun for dataset_s3_bucket_consumer_with_no_taskflow to None, run_after=None
[2025-09-06T19:13:43.926+0545] {logging_mixin.py:190} INFO - [2025-09-06T19:13:43.926+0545] {dag.py:4180} INFO - Setting next_dagrun for dataset_s3_bucket_producer_with_no_taskflow to None, run_after=None
[2025-09-06T19:13:43.965+0545] {processor.py:208} INFO - Processing /home/ashok/miniconda3/envs/mysecondenvironment/lib/python3.8/site-packages/airflow/example_dags/example_dataset_alias_with_no_taskflow.py took 0.163 seconds
[2025-09-06T19:14:45.880+0545] {processor.py:186} INFO - Started process (PID=33799) to work on /home/ashok/miniconda3/envs/mysecondenvironment/lib/python3.8/site-packages/airflow/example_dags/example_dataset_alias_with_no_taskflow.py
[2025-09-06T19:14:45.883+0545] {processor.py:914} INFO - Processing file /home/ashok/miniconda3/envs/mysecondenvironment/lib/python3.8/site-packages/airflow/example_dags/example_dataset_alias_with_no_taskflow.py for tasks to queue
[2025-09-06T19:14:45.886+0545] {logging_mixin.py:190} INFO - [2025-09-06T19:14:45.885+0545] {dagbag.py:588} INFO - Filling up the DagBag from /home/ashok/miniconda3/envs/mysecondenvironment/lib/python3.8/site-packages/airflow/example_dags/example_dataset_alias_with_no_taskflow.py
[2025-09-06T19:14:45.912+0545] {processor.py:925} INFO - DAG(s) 'dataset_alias_example_alias_consumer_with_no_taskflow', 'dataset_s3_bucket_consumer_with_no_taskflow', 'dataset_s3_bucket_producer_with_no_taskflow', 'dataset_alias_example_alias_producer_with_no_taskflow' retrieved from /home/ashok/miniconda3/envs/mysecondenvironment/lib/python3.8/site-packages/airflow/example_dags/example_dataset_alias_with_no_taskflow.py
[2025-09-06T19:14:45.931+0545] {logging_mixin.py:190} INFO - [2025-09-06T19:14:45.931+0545] {dag.py:3239} INFO - Sync 4 DAGs
[2025-09-06T19:14:45.950+0545] {logging_mixin.py:190} INFO - [2025-09-06T19:14:45.949+0545] {dag.py:4180} INFO - Setting next_dagrun for dataset_alias_example_alias_consumer_with_no_taskflow to None, run_after=None
[2025-09-06T19:14:45.952+0545] {logging_mixin.py:190} INFO - [2025-09-06T19:14:45.952+0545] {dag.py:4180} INFO - Setting next_dagrun for dataset_alias_example_alias_producer_with_no_taskflow to None, run_after=None
[2025-09-06T19:14:45.953+0545] {logging_mixin.py:190} INFO - [2025-09-06T19:14:45.953+0545] {dag.py:4180} INFO - Setting next_dagrun for dataset_s3_bucket_consumer_with_no_taskflow to None, run_after=None
[2025-09-06T19:14:45.953+0545] {logging_mixin.py:190} INFO - [2025-09-06T19:14:45.953+0545] {dag.py:4180} INFO - Setting next_dagrun for dataset_s3_bucket_producer_with_no_taskflow to None, run_after=None
[2025-09-06T19:14:45.986+0545] {processor.py:208} INFO - Processing /home/ashok/miniconda3/envs/mysecondenvironment/lib/python3.8/site-packages/airflow/example_dags/example_dataset_alias_with_no_taskflow.py took 0.114 seconds
[2025-09-06T19:15:46.501+0545] {processor.py:186} INFO - Started process (PID=34229) to work on /home/ashok/miniconda3/envs/mysecondenvironment/lib/python3.8/site-packages/airflow/example_dags/example_dataset_alias_with_no_taskflow.py
[2025-09-06T19:15:46.503+0545] {processor.py:914} INFO - Processing file /home/ashok/miniconda3/envs/mysecondenvironment/lib/python3.8/site-packages/airflow/example_dags/example_dataset_alias_with_no_taskflow.py for tasks to queue
[2025-09-06T19:15:46.506+0545] {logging_mixin.py:190} INFO - [2025-09-06T19:15:46.505+0545] {dagbag.py:588} INFO - Filling up the DagBag from /home/ashok/miniconda3/envs/mysecondenvironment/lib/python3.8/site-packages/airflow/example_dags/example_dataset_alias_with_no_taskflow.py
[2025-09-06T19:15:46.532+0545] {processor.py:925} INFO - DAG(s) 'dataset_alias_example_alias_producer_with_no_taskflow', 'dataset_alias_example_alias_consumer_with_no_taskflow', 'dataset_s3_bucket_consumer_with_no_taskflow', 'dataset_s3_bucket_producer_with_no_taskflow' retrieved from /home/ashok/miniconda3/envs/mysecondenvironment/lib/python3.8/site-packages/airflow/example_dags/example_dataset_alias_with_no_taskflow.py
[2025-09-06T19:15:46.552+0545] {logging_mixin.py:190} INFO - [2025-09-06T19:15:46.552+0545] {dag.py:3239} INFO - Sync 4 DAGs
[2025-09-06T19:15:46.572+0545] {logging_mixin.py:190} INFO - [2025-09-06T19:15:46.572+0545] {dag.py:4180} INFO - Setting next_dagrun for dataset_alias_example_alias_consumer_with_no_taskflow to None, run_after=None
[2025-09-06T19:15:46.574+0545] {logging_mixin.py:190} INFO - [2025-09-06T19:15:46.574+0545] {dag.py:4180} INFO - Setting next_dagrun for dataset_alias_example_alias_producer_with_no_taskflow to None, run_after=None
[2025-09-06T19:15:46.575+0545] {logging_mixin.py:190} INFO - [2025-09-06T19:15:46.575+0545] {dag.py:4180} INFO - Setting next_dagrun for dataset_s3_bucket_consumer_with_no_taskflow to None, run_after=None
[2025-09-06T19:15:46.576+0545] {logging_mixin.py:190} INFO - [2025-09-06T19:15:46.576+0545] {dag.py:4180} INFO - Setting next_dagrun for dataset_s3_bucket_producer_with_no_taskflow to None, run_after=None
[2025-09-06T19:15:46.605+0545] {processor.py:208} INFO - Processing /home/ashok/miniconda3/envs/mysecondenvironment/lib/python3.8/site-packages/airflow/example_dags/example_dataset_alias_with_no_taskflow.py took 0.111 seconds
[2025-09-06T19:16:46.091+0545] {processor.py:186} INFO - Started process (PID=34723) to work on /home/ashok/miniconda3/envs/mysecondenvironment/lib/python3.8/site-packages/airflow/example_dags/example_dataset_alias_with_no_taskflow.py
[2025-09-06T19:16:46.093+0545] {processor.py:914} INFO - Processing file /home/ashok/miniconda3/envs/mysecondenvironment/lib/python3.8/site-packages/airflow/example_dags/example_dataset_alias_with_no_taskflow.py for tasks to queue
[2025-09-06T19:16:46.096+0545] {logging_mixin.py:190} INFO - [2025-09-06T19:16:46.096+0545] {dagbag.py:588} INFO - Filling up the DagBag from /home/ashok/miniconda3/envs/mysecondenvironment/lib/python3.8/site-packages/airflow/example_dags/example_dataset_alias_with_no_taskflow.py
[2025-09-06T19:16:46.121+0545] {processor.py:925} INFO - DAG(s) 'dataset_s3_bucket_producer_with_no_taskflow', 'dataset_alias_example_alias_producer_with_no_taskflow', 'dataset_alias_example_alias_consumer_with_no_taskflow', 'dataset_s3_bucket_consumer_with_no_taskflow' retrieved from /home/ashok/miniconda3/envs/mysecondenvironment/lib/python3.8/site-packages/airflow/example_dags/example_dataset_alias_with_no_taskflow.py
[2025-09-06T19:16:46.146+0545] {logging_mixin.py:190} INFO - [2025-09-06T19:16:46.145+0545] {dag.py:3239} INFO - Sync 4 DAGs
[2025-09-06T19:16:46.172+0545] {logging_mixin.py:190} INFO - [2025-09-06T19:16:46.172+0545] {dag.py:4180} INFO - Setting next_dagrun for dataset_alias_example_alias_consumer_with_no_taskflow to None, run_after=None
[2025-09-06T19:16:46.174+0545] {logging_mixin.py:190} INFO - [2025-09-06T19:16:46.174+0545] {dag.py:4180} INFO - Setting next_dagrun for dataset_alias_example_alias_producer_with_no_taskflow to None, run_after=None
[2025-09-06T19:16:46.178+0545] {logging_mixin.py:190} INFO - [2025-09-06T19:16:46.177+0545] {dag.py:4180} INFO - Setting next_dagrun for dataset_s3_bucket_consumer_with_no_taskflow to None, run_after=None
[2025-09-06T19:16:46.178+0545] {logging_mixin.py:190} INFO - [2025-09-06T19:16:46.178+0545] {dag.py:4180} INFO - Setting next_dagrun for dataset_s3_bucket_producer_with_no_taskflow to None, run_after=None
[2025-09-06T19:16:46.210+0545] {processor.py:208} INFO - Processing /home/ashok/miniconda3/envs/mysecondenvironment/lib/python3.8/site-packages/airflow/example_dags/example_dataset_alias_with_no_taskflow.py took 0.128 seconds
[2025-09-06T19:17:47.448+0545] {processor.py:186} INFO - Started process (PID=35134) to work on /home/ashok/miniconda3/envs/mysecondenvironment/lib/python3.8/site-packages/airflow/example_dags/example_dataset_alias_with_no_taskflow.py
[2025-09-06T19:17:47.451+0545] {processor.py:914} INFO - Processing file /home/ashok/miniconda3/envs/mysecondenvironment/lib/python3.8/site-packages/airflow/example_dags/example_dataset_alias_with_no_taskflow.py for tasks to queue
[2025-09-06T19:17:47.454+0545] {logging_mixin.py:190} INFO - [2025-09-06T19:17:47.453+0545] {dagbag.py:588} INFO - Filling up the DagBag from /home/ashok/miniconda3/envs/mysecondenvironment/lib/python3.8/site-packages/airflow/example_dags/example_dataset_alias_with_no_taskflow.py
[2025-09-06T19:17:47.477+0545] {processor.py:925} INFO - DAG(s) 'dataset_alias_example_alias_consumer_with_no_taskflow', 'dataset_s3_bucket_producer_with_no_taskflow', 'dataset_s3_bucket_consumer_with_no_taskflow', 'dataset_alias_example_alias_producer_with_no_taskflow' retrieved from /home/ashok/miniconda3/envs/mysecondenvironment/lib/python3.8/site-packages/airflow/example_dags/example_dataset_alias_with_no_taskflow.py
[2025-09-06T19:17:47.498+0545] {logging_mixin.py:190} INFO - [2025-09-06T19:17:47.498+0545] {dag.py:3239} INFO - Sync 4 DAGs
[2025-09-06T19:17:47.518+0545] {logging_mixin.py:190} INFO - [2025-09-06T19:17:47.517+0545] {dag.py:4180} INFO - Setting next_dagrun for dataset_alias_example_alias_consumer_with_no_taskflow to None, run_after=None
[2025-09-06T19:17:47.520+0545] {logging_mixin.py:190} INFO - [2025-09-06T19:17:47.519+0545] {dag.py:4180} INFO - Setting next_dagrun for dataset_alias_example_alias_producer_with_no_taskflow to None, run_after=None
[2025-09-06T19:17:47.521+0545] {logging_mixin.py:190} INFO - [2025-09-06T19:17:47.520+0545] {dag.py:4180} INFO - Setting next_dagrun for dataset_s3_bucket_consumer_with_no_taskflow to None, run_after=None
[2025-09-06T19:17:47.521+0545] {logging_mixin.py:190} INFO - [2025-09-06T19:17:47.521+0545] {dag.py:4180} INFO - Setting next_dagrun for dataset_s3_bucket_producer_with_no_taskflow to None, run_after=None
[2025-09-06T19:17:47.552+0545] {processor.py:208} INFO - Processing /home/ashok/miniconda3/envs/mysecondenvironment/lib/python3.8/site-packages/airflow/example_dags/example_dataset_alias_with_no_taskflow.py took 0.112 seconds
[2025-09-06T19:18:48.880+0545] {processor.py:186} INFO - Started process (PID=35585) to work on /home/ashok/miniconda3/envs/mysecondenvironment/lib/python3.8/site-packages/airflow/example_dags/example_dataset_alias_with_no_taskflow.py
[2025-09-06T19:18:48.883+0545] {processor.py:914} INFO - Processing file /home/ashok/miniconda3/envs/mysecondenvironment/lib/python3.8/site-packages/airflow/example_dags/example_dataset_alias_with_no_taskflow.py for tasks to queue
[2025-09-06T19:18:48.885+0545] {logging_mixin.py:190} INFO - [2025-09-06T19:18:48.885+0545] {dagbag.py:588} INFO - Filling up the DagBag from /home/ashok/miniconda3/envs/mysecondenvironment/lib/python3.8/site-packages/airflow/example_dags/example_dataset_alias_with_no_taskflow.py
[2025-09-06T19:18:48.906+0545] {processor.py:925} INFO - DAG(s) 'dataset_alias_example_alias_producer_with_no_taskflow', 'dataset_s3_bucket_producer_with_no_taskflow', 'dataset_s3_bucket_consumer_with_no_taskflow', 'dataset_alias_example_alias_consumer_with_no_taskflow' retrieved from /home/ashok/miniconda3/envs/mysecondenvironment/lib/python3.8/site-packages/airflow/example_dags/example_dataset_alias_with_no_taskflow.py
[2025-09-06T19:18:48.923+0545] {logging_mixin.py:190} INFO - [2025-09-06T19:18:48.923+0545] {dag.py:3239} INFO - Sync 4 DAGs
[2025-09-06T19:18:48.941+0545] {logging_mixin.py:190} INFO - [2025-09-06T19:18:48.940+0545] {dag.py:4180} INFO - Setting next_dagrun for dataset_alias_example_alias_consumer_with_no_taskflow to None, run_after=None
[2025-09-06T19:18:48.942+0545] {logging_mixin.py:190} INFO - [2025-09-06T19:18:48.942+0545] {dag.py:4180} INFO - Setting next_dagrun for dataset_alias_example_alias_producer_with_no_taskflow to None, run_after=None
[2025-09-06T19:18:48.943+0545] {logging_mixin.py:190} INFO - [2025-09-06T19:18:48.943+0545] {dag.py:4180} INFO - Setting next_dagrun for dataset_s3_bucket_consumer_with_no_taskflow to None, run_after=None
[2025-09-06T19:18:48.944+0545] {logging_mixin.py:190} INFO - [2025-09-06T19:18:48.944+0545] {dag.py:4180} INFO - Setting next_dagrun for dataset_s3_bucket_producer_with_no_taskflow to None, run_after=None
[2025-09-06T19:18:48.970+0545] {processor.py:208} INFO - Processing /home/ashok/miniconda3/envs/mysecondenvironment/lib/python3.8/site-packages/airflow/example_dags/example_dataset_alias_with_no_taskflow.py took 0.097 seconds
[2025-09-06T19:19:54.416+0545] {processor.py:186} INFO - Started process (PID=36102) to work on /home/ashok/miniconda3/envs/mysecondenvironment/lib/python3.8/site-packages/airflow/example_dags/example_dataset_alias_with_no_taskflow.py
[2025-09-06T19:19:54.419+0545] {processor.py:914} INFO - Processing file /home/ashok/miniconda3/envs/mysecondenvironment/lib/python3.8/site-packages/airflow/example_dags/example_dataset_alias_with_no_taskflow.py for tasks to queue
[2025-09-06T19:19:54.423+0545] {logging_mixin.py:190} INFO - [2025-09-06T19:19:54.423+0545] {dagbag.py:588} INFO - Filling up the DagBag from /home/ashok/miniconda3/envs/mysecondenvironment/lib/python3.8/site-packages/airflow/example_dags/example_dataset_alias_with_no_taskflow.py
[2025-09-06T19:19:54.459+0545] {processor.py:925} INFO - DAG(s) 'dataset_s3_bucket_consumer_with_no_taskflow', 'dataset_alias_example_alias_consumer_with_no_taskflow', 'dataset_alias_example_alias_producer_with_no_taskflow', 'dataset_s3_bucket_producer_with_no_taskflow' retrieved from /home/ashok/miniconda3/envs/mysecondenvironment/lib/python3.8/site-packages/airflow/example_dags/example_dataset_alias_with_no_taskflow.py
[2025-09-06T19:19:54.489+0545] {logging_mixin.py:190} INFO - [2025-09-06T19:19:54.488+0545] {dag.py:3239} INFO - Sync 4 DAGs
[2025-09-06T19:19:54.517+0545] {logging_mixin.py:190} INFO - [2025-09-06T19:19:54.516+0545] {dag.py:4180} INFO - Setting next_dagrun for dataset_alias_example_alias_consumer_with_no_taskflow to None, run_after=None
[2025-09-06T19:19:54.519+0545] {logging_mixin.py:190} INFO - [2025-09-06T19:19:54.519+0545] {dag.py:4180} INFO - Setting next_dagrun for dataset_alias_example_alias_producer_with_no_taskflow to None, run_after=None
[2025-09-06T19:19:54.521+0545] {logging_mixin.py:190} INFO - [2025-09-06T19:19:54.521+0545] {dag.py:4180} INFO - Setting next_dagrun for dataset_s3_bucket_consumer_with_no_taskflow to None, run_after=None
[2025-09-06T19:19:54.522+0545] {logging_mixin.py:190} INFO - [2025-09-06T19:19:54.522+0545] {dag.py:4180} INFO - Setting next_dagrun for dataset_s3_bucket_producer_with_no_taskflow to None, run_after=None
[2025-09-06T19:19:54.554+0545] {processor.py:208} INFO - Processing /home/ashok/miniconda3/envs/mysecondenvironment/lib/python3.8/site-packages/airflow/example_dags/example_dataset_alias_with_no_taskflow.py took 0.150 seconds
[2025-09-06T19:20:53.713+0545] {processor.py:186} INFO - Started process (PID=36519) to work on /home/ashok/miniconda3/envs/mysecondenvironment/lib/python3.8/site-packages/airflow/example_dags/example_dataset_alias_with_no_taskflow.py
[2025-09-06T19:20:53.716+0545] {processor.py:914} INFO - Processing file /home/ashok/miniconda3/envs/mysecondenvironment/lib/python3.8/site-packages/airflow/example_dags/example_dataset_alias_with_no_taskflow.py for tasks to queue
[2025-09-06T19:20:53.719+0545] {logging_mixin.py:190} INFO - [2025-09-06T19:20:53.718+0545] {dagbag.py:588} INFO - Filling up the DagBag from /home/ashok/miniconda3/envs/mysecondenvironment/lib/python3.8/site-packages/airflow/example_dags/example_dataset_alias_with_no_taskflow.py
[2025-09-06T19:20:53.744+0545] {processor.py:925} INFO - DAG(s) 'dataset_alias_example_alias_producer_with_no_taskflow', 'dataset_s3_bucket_producer_with_no_taskflow', 'dataset_alias_example_alias_consumer_with_no_taskflow', 'dataset_s3_bucket_consumer_with_no_taskflow' retrieved from /home/ashok/miniconda3/envs/mysecondenvironment/lib/python3.8/site-packages/airflow/example_dags/example_dataset_alias_with_no_taskflow.py
[2025-09-06T19:20:53.763+0545] {logging_mixin.py:190} INFO - [2025-09-06T19:20:53.762+0545] {dag.py:3239} INFO - Sync 4 DAGs
[2025-09-06T19:20:53.783+0545] {logging_mixin.py:190} INFO - [2025-09-06T19:20:53.783+0545] {dag.py:4180} INFO - Setting next_dagrun for dataset_alias_example_alias_consumer_with_no_taskflow to None, run_after=None
[2025-09-06T19:20:53.785+0545] {logging_mixin.py:190} INFO - [2025-09-06T19:20:53.785+0545] {dag.py:4180} INFO - Setting next_dagrun for dataset_alias_example_alias_producer_with_no_taskflow to None, run_after=None
[2025-09-06T19:20:53.787+0545] {logging_mixin.py:190} INFO - [2025-09-06T19:20:53.787+0545] {dag.py:4180} INFO - Setting next_dagrun for dataset_s3_bucket_consumer_with_no_taskflow to None, run_after=None
[2025-09-06T19:20:53.788+0545] {logging_mixin.py:190} INFO - [2025-09-06T19:20:53.788+0545] {dag.py:4180} INFO - Setting next_dagrun for dataset_s3_bucket_producer_with_no_taskflow to None, run_after=None
[2025-09-06T19:20:53.815+0545] {processor.py:208} INFO - Processing /home/ashok/miniconda3/envs/mysecondenvironment/lib/python3.8/site-packages/airflow/example_dags/example_dataset_alias_with_no_taskflow.py took 0.109 seconds
[2025-09-06T19:21:57.890+0545] {processor.py:186} INFO - Started process (PID=37007) to work on /home/ashok/miniconda3/envs/mysecondenvironment/lib/python3.8/site-packages/airflow/example_dags/example_dataset_alias_with_no_taskflow.py
[2025-09-06T19:21:57.893+0545] {processor.py:914} INFO - Processing file /home/ashok/miniconda3/envs/mysecondenvironment/lib/python3.8/site-packages/airflow/example_dags/example_dataset_alias_with_no_taskflow.py for tasks to queue
[2025-09-06T19:21:57.896+0545] {logging_mixin.py:190} INFO - [2025-09-06T19:21:57.895+0545] {dagbag.py:588} INFO - Filling up the DagBag from /home/ashok/miniconda3/envs/mysecondenvironment/lib/python3.8/site-packages/airflow/example_dags/example_dataset_alias_with_no_taskflow.py
[2025-09-06T19:21:57.924+0545] {processor.py:925} INFO - DAG(s) 'dataset_alias_example_alias_consumer_with_no_taskflow', 'dataset_s3_bucket_producer_with_no_taskflow', 'dataset_alias_example_alias_producer_with_no_taskflow', 'dataset_s3_bucket_consumer_with_no_taskflow' retrieved from /home/ashok/miniconda3/envs/mysecondenvironment/lib/python3.8/site-packages/airflow/example_dags/example_dataset_alias_with_no_taskflow.py
[2025-09-06T19:21:57.946+0545] {logging_mixin.py:190} INFO - [2025-09-06T19:21:57.946+0545] {dag.py:3239} INFO - Sync 4 DAGs
[2025-09-06T19:21:57.970+0545] {logging_mixin.py:190} INFO - [2025-09-06T19:21:57.970+0545] {dag.py:4180} INFO - Setting next_dagrun for dataset_alias_example_alias_consumer_with_no_taskflow to None, run_after=None
[2025-09-06T19:21:57.973+0545] {logging_mixin.py:190} INFO - [2025-09-06T19:21:57.973+0545] {dag.py:4180} INFO - Setting next_dagrun for dataset_alias_example_alias_producer_with_no_taskflow to None, run_after=None
[2025-09-06T19:21:57.974+0545] {logging_mixin.py:190} INFO - [2025-09-06T19:21:57.974+0545] {dag.py:4180} INFO - Setting next_dagrun for dataset_s3_bucket_consumer_with_no_taskflow to None, run_after=None
[2025-09-06T19:21:57.975+0545] {logging_mixin.py:190} INFO - [2025-09-06T19:21:57.974+0545] {dag.py:4180} INFO - Setting next_dagrun for dataset_s3_bucket_producer_with_no_taskflow to None, run_after=None
[2025-09-06T19:21:58.005+0545] {processor.py:208} INFO - Processing /home/ashok/miniconda3/envs/mysecondenvironment/lib/python3.8/site-packages/airflow/example_dags/example_dataset_alias_with_no_taskflow.py took 0.125 seconds
[2025-09-06T19:22:58.215+0545] {processor.py:186} INFO - Started process (PID=37472) to work on /home/ashok/miniconda3/envs/mysecondenvironment/lib/python3.8/site-packages/airflow/example_dags/example_dataset_alias_with_no_taskflow.py
[2025-09-06T19:22:58.218+0545] {processor.py:914} INFO - Processing file /home/ashok/miniconda3/envs/mysecondenvironment/lib/python3.8/site-packages/airflow/example_dags/example_dataset_alias_with_no_taskflow.py for tasks to queue
[2025-09-06T19:22:58.220+0545] {logging_mixin.py:190} INFO - [2025-09-06T19:22:58.220+0545] {dagbag.py:588} INFO - Filling up the DagBag from /home/ashok/miniconda3/envs/mysecondenvironment/lib/python3.8/site-packages/airflow/example_dags/example_dataset_alias_with_no_taskflow.py
[2025-09-06T19:22:58.240+0545] {processor.py:925} INFO - DAG(s) 'dataset_s3_bucket_consumer_with_no_taskflow', 'dataset_alias_example_alias_consumer_with_no_taskflow', 'dataset_alias_example_alias_producer_with_no_taskflow', 'dataset_s3_bucket_producer_with_no_taskflow' retrieved from /home/ashok/miniconda3/envs/mysecondenvironment/lib/python3.8/site-packages/airflow/example_dags/example_dataset_alias_with_no_taskflow.py
[2025-09-06T19:22:58.257+0545] {logging_mixin.py:190} INFO - [2025-09-06T19:22:58.257+0545] {dag.py:3239} INFO - Sync 4 DAGs
[2025-09-06T19:22:58.274+0545] {logging_mixin.py:190} INFO - [2025-09-06T19:22:58.274+0545] {dag.py:4180} INFO - Setting next_dagrun for dataset_alias_example_alias_consumer_with_no_taskflow to None, run_after=None
[2025-09-06T19:22:58.276+0545] {logging_mixin.py:190} INFO - [2025-09-06T19:22:58.276+0545] {dag.py:4180} INFO - Setting next_dagrun for dataset_alias_example_alias_producer_with_no_taskflow to None, run_after=None
[2025-09-06T19:22:58.277+0545] {logging_mixin.py:190} INFO - [2025-09-06T19:22:58.277+0545] {dag.py:4180} INFO - Setting next_dagrun for dataset_s3_bucket_consumer_with_no_taskflow to None, run_after=None
[2025-09-06T19:22:58.278+0545] {logging_mixin.py:190} INFO - [2025-09-06T19:22:58.278+0545] {dag.py:4180} INFO - Setting next_dagrun for dataset_s3_bucket_producer_with_no_taskflow to None, run_after=None
[2025-09-06T19:22:58.304+0545] {processor.py:208} INFO - Processing /home/ashok/miniconda3/envs/mysecondenvironment/lib/python3.8/site-packages/airflow/example_dags/example_dataset_alias_with_no_taskflow.py took 0.096 seconds
[2025-09-06T19:24:02.320+0545] {processor.py:186} INFO - Started process (PID=37925) to work on /home/ashok/miniconda3/envs/mysecondenvironment/lib/python3.8/site-packages/airflow/example_dags/example_dataset_alias_with_no_taskflow.py
[2025-09-06T19:24:02.321+0545] {processor.py:914} INFO - Processing file /home/ashok/miniconda3/envs/mysecondenvironment/lib/python3.8/site-packages/airflow/example_dags/example_dataset_alias_with_no_taskflow.py for tasks to queue
[2025-09-06T19:24:02.323+0545] {logging_mixin.py:190} INFO - [2025-09-06T19:24:02.323+0545] {dagbag.py:588} INFO - Filling up the DagBag from /home/ashok/miniconda3/envs/mysecondenvironment/lib/python3.8/site-packages/airflow/example_dags/example_dataset_alias_with_no_taskflow.py
[2025-09-06T19:24:02.342+0545] {processor.py:925} INFO - DAG(s) 'dataset_alias_example_alias_consumer_with_no_taskflow', 'dataset_alias_example_alias_producer_with_no_taskflow', 'dataset_s3_bucket_producer_with_no_taskflow', 'dataset_s3_bucket_consumer_with_no_taskflow' retrieved from /home/ashok/miniconda3/envs/mysecondenvironment/lib/python3.8/site-packages/airflow/example_dags/example_dataset_alias_with_no_taskflow.py
[2025-09-06T19:24:02.356+0545] {logging_mixin.py:190} INFO - [2025-09-06T19:24:02.355+0545] {dag.py:3239} INFO - Sync 4 DAGs
[2025-09-06T19:24:02.541+0545] {logging_mixin.py:190} INFO - [2025-09-06T19:24:02.541+0545] {dag.py:4180} INFO - Setting next_dagrun for dataset_alias_example_alias_consumer_with_no_taskflow to None, run_after=None
[2025-09-06T19:24:02.542+0545] {logging_mixin.py:190} INFO - [2025-09-06T19:24:02.542+0545] {dag.py:4180} INFO - Setting next_dagrun for dataset_alias_example_alias_producer_with_no_taskflow to None, run_after=None
[2025-09-06T19:24:02.543+0545] {logging_mixin.py:190} INFO - [2025-09-06T19:24:02.543+0545] {dag.py:4180} INFO - Setting next_dagrun for dataset_s3_bucket_consumer_with_no_taskflow to None, run_after=None
[2025-09-06T19:24:02.543+0545] {logging_mixin.py:190} INFO - [2025-09-06T19:24:02.543+0545] {dag.py:4180} INFO - Setting next_dagrun for dataset_s3_bucket_producer_with_no_taskflow to None, run_after=None
[2025-09-06T19:24:02.563+0545] {processor.py:208} INFO - Processing /home/ashok/miniconda3/envs/mysecondenvironment/lib/python3.8/site-packages/airflow/example_dags/example_dataset_alias_with_no_taskflow.py took 0.249 seconds
[2025-09-06T19:25:19.047+0545] {processor.py:186} INFO - Started process (PID=38619) to work on /home/ashok/miniconda3/envs/mysecondenvironment/lib/python3.8/site-packages/airflow/example_dags/example_dataset_alias_with_no_taskflow.py
[2025-09-06T19:25:19.050+0545] {processor.py:914} INFO - Processing file /home/ashok/miniconda3/envs/mysecondenvironment/lib/python3.8/site-packages/airflow/example_dags/example_dataset_alias_with_no_taskflow.py for tasks to queue
[2025-09-06T19:25:19.053+0545] {logging_mixin.py:190} INFO - [2025-09-06T19:25:19.052+0545] {dagbag.py:588} INFO - Filling up the DagBag from /home/ashok/miniconda3/envs/mysecondenvironment/lib/python3.8/site-packages/airflow/example_dags/example_dataset_alias_with_no_taskflow.py
[2025-09-06T19:25:19.076+0545] {processor.py:925} INFO - DAG(s) 'dataset_s3_bucket_consumer_with_no_taskflow', 'dataset_s3_bucket_producer_with_no_taskflow', 'dataset_alias_example_alias_producer_with_no_taskflow', 'dataset_alias_example_alias_consumer_with_no_taskflow' retrieved from /home/ashok/miniconda3/envs/mysecondenvironment/lib/python3.8/site-packages/airflow/example_dags/example_dataset_alias_with_no_taskflow.py
[2025-09-06T19:25:19.098+0545] {logging_mixin.py:190} INFO - [2025-09-06T19:25:19.098+0545] {dag.py:3239} INFO - Sync 4 DAGs
[2025-09-06T19:25:19.117+0545] {logging_mixin.py:190} INFO - [2025-09-06T19:25:19.116+0545] {dag.py:4180} INFO - Setting next_dagrun for dataset_alias_example_alias_consumer_with_no_taskflow to None, run_after=None
[2025-09-06T19:25:19.119+0545] {logging_mixin.py:190} INFO - [2025-09-06T19:25:19.119+0545] {dag.py:4180} INFO - Setting next_dagrun for dataset_alias_example_alias_producer_with_no_taskflow to None, run_after=None
[2025-09-06T19:25:19.120+0545] {logging_mixin.py:190} INFO - [2025-09-06T19:25:19.119+0545] {dag.py:4180} INFO - Setting next_dagrun for dataset_s3_bucket_consumer_with_no_taskflow to None, run_after=None
[2025-09-06T19:25:19.120+0545] {logging_mixin.py:190} INFO - [2025-09-06T19:25:19.120+0545] {dag.py:4180} INFO - Setting next_dagrun for dataset_s3_bucket_producer_with_no_taskflow to None, run_after=None
[2025-09-06T19:25:19.148+0545] {processor.py:208} INFO - Processing /home/ashok/miniconda3/envs/mysecondenvironment/lib/python3.8/site-packages/airflow/example_dags/example_dataset_alias_with_no_taskflow.py took 0.108 seconds
[2025-09-06T19:26:18.857+0545] {processor.py:186} INFO - Started process (PID=39162) to work on /home/ashok/miniconda3/envs/mysecondenvironment/lib/python3.8/site-packages/airflow/example_dags/example_dataset_alias_with_no_taskflow.py
[2025-09-06T19:26:18.860+0545] {processor.py:914} INFO - Processing file /home/ashok/miniconda3/envs/mysecondenvironment/lib/python3.8/site-packages/airflow/example_dags/example_dataset_alias_with_no_taskflow.py for tasks to queue
[2025-09-06T19:26:18.862+0545] {logging_mixin.py:190} INFO - [2025-09-06T19:26:18.862+0545] {dagbag.py:588} INFO - Filling up the DagBag from /home/ashok/miniconda3/envs/mysecondenvironment/lib/python3.8/site-packages/airflow/example_dags/example_dataset_alias_with_no_taskflow.py
[2025-09-06T19:26:18.890+0545] {processor.py:925} INFO - DAG(s) 'dataset_s3_bucket_consumer_with_no_taskflow', 'dataset_alias_example_alias_consumer_with_no_taskflow', 'dataset_alias_example_alias_producer_with_no_taskflow', 'dataset_s3_bucket_producer_with_no_taskflow' retrieved from /home/ashok/miniconda3/envs/mysecondenvironment/lib/python3.8/site-packages/airflow/example_dags/example_dataset_alias_with_no_taskflow.py
[2025-09-06T19:26:18.911+0545] {logging_mixin.py:190} INFO - [2025-09-06T19:26:18.911+0545] {dag.py:3239} INFO - Sync 4 DAGs
[2025-09-06T19:26:18.933+0545] {logging_mixin.py:190} INFO - [2025-09-06T19:26:18.933+0545] {dag.py:4180} INFO - Setting next_dagrun for dataset_alias_example_alias_consumer_with_no_taskflow to None, run_after=None
[2025-09-06T19:26:18.937+0545] {logging_mixin.py:190} INFO - [2025-09-06T19:26:18.937+0545] {dag.py:4180} INFO - Setting next_dagrun for dataset_alias_example_alias_producer_with_no_taskflow to None, run_after=None
[2025-09-06T19:26:18.938+0545] {logging_mixin.py:190} INFO - [2025-09-06T19:26:18.938+0545] {dag.py:4180} INFO - Setting next_dagrun for dataset_s3_bucket_consumer_with_no_taskflow to None, run_after=None
[2025-09-06T19:26:18.939+0545] {logging_mixin.py:190} INFO - [2025-09-06T19:26:18.939+0545] {dag.py:4180} INFO - Setting next_dagrun for dataset_s3_bucket_producer_with_no_taskflow to None, run_after=None
[2025-09-06T19:26:18.968+0545] {processor.py:208} INFO - Processing /home/ashok/miniconda3/envs/mysecondenvironment/lib/python3.8/site-packages/airflow/example_dags/example_dataset_alias_with_no_taskflow.py took 0.119 seconds
[2025-09-06T19:27:20.304+0545] {processor.py:186} INFO - Started process (PID=39674) to work on /home/ashok/miniconda3/envs/mysecondenvironment/lib/python3.8/site-packages/airflow/example_dags/example_dataset_alias_with_no_taskflow.py
[2025-09-06T19:27:20.307+0545] {processor.py:914} INFO - Processing file /home/ashok/miniconda3/envs/mysecondenvironment/lib/python3.8/site-packages/airflow/example_dags/example_dataset_alias_with_no_taskflow.py for tasks to queue
[2025-09-06T19:27:20.310+0545] {logging_mixin.py:190} INFO - [2025-09-06T19:27:20.309+0545] {dagbag.py:588} INFO - Filling up the DagBag from /home/ashok/miniconda3/envs/mysecondenvironment/lib/python3.8/site-packages/airflow/example_dags/example_dataset_alias_with_no_taskflow.py
[2025-09-06T19:27:20.334+0545] {processor.py:925} INFO - DAG(s) 'dataset_s3_bucket_producer_with_no_taskflow', 'dataset_alias_example_alias_producer_with_no_taskflow', 'dataset_s3_bucket_consumer_with_no_taskflow', 'dataset_alias_example_alias_consumer_with_no_taskflow' retrieved from /home/ashok/miniconda3/envs/mysecondenvironment/lib/python3.8/site-packages/airflow/example_dags/example_dataset_alias_with_no_taskflow.py
[2025-09-06T19:27:20.354+0545] {logging_mixin.py:190} INFO - [2025-09-06T19:27:20.354+0545] {dag.py:3239} INFO - Sync 4 DAGs
[2025-09-06T19:27:20.378+0545] {logging_mixin.py:190} INFO - [2025-09-06T19:27:20.377+0545] {dag.py:4180} INFO - Setting next_dagrun for dataset_alias_example_alias_consumer_with_no_taskflow to None, run_after=None
[2025-09-06T19:27:20.380+0545] {logging_mixin.py:190} INFO - [2025-09-06T19:27:20.380+0545] {dag.py:4180} INFO - Setting next_dagrun for dataset_alias_example_alias_producer_with_no_taskflow to None, run_after=None
[2025-09-06T19:27:20.380+0545] {logging_mixin.py:190} INFO - [2025-09-06T19:27:20.380+0545] {dag.py:4180} INFO - Setting next_dagrun for dataset_s3_bucket_consumer_with_no_taskflow to None, run_after=None
[2025-09-06T19:27:20.381+0545] {logging_mixin.py:190} INFO - [2025-09-06T19:27:20.381+0545] {dag.py:4180} INFO - Setting next_dagrun for dataset_s3_bucket_producer_with_no_taskflow to None, run_after=None
[2025-09-06T19:27:20.411+0545] {processor.py:208} INFO - Processing /home/ashok/miniconda3/envs/mysecondenvironment/lib/python3.8/site-packages/airflow/example_dags/example_dataset_alias_with_no_taskflow.py took 0.113 seconds
[2025-09-06T19:28:19.664+0545] {processor.py:186} INFO - Started process (PID=40101) to work on /home/ashok/miniconda3/envs/mysecondenvironment/lib/python3.8/site-packages/airflow/example_dags/example_dataset_alias_with_no_taskflow.py
[2025-09-06T19:28:19.666+0545] {processor.py:914} INFO - Processing file /home/ashok/miniconda3/envs/mysecondenvironment/lib/python3.8/site-packages/airflow/example_dags/example_dataset_alias_with_no_taskflow.py for tasks to queue
[2025-09-06T19:28:19.669+0545] {logging_mixin.py:190} INFO - [2025-09-06T19:28:19.669+0545] {dagbag.py:588} INFO - Filling up the DagBag from /home/ashok/miniconda3/envs/mysecondenvironment/lib/python3.8/site-packages/airflow/example_dags/example_dataset_alias_with_no_taskflow.py
[2025-09-06T19:28:19.704+0545] {processor.py:925} INFO - DAG(s) 'dataset_alias_example_alias_consumer_with_no_taskflow', 'dataset_s3_bucket_producer_with_no_taskflow', 'dataset_alias_example_alias_producer_with_no_taskflow', 'dataset_s3_bucket_consumer_with_no_taskflow' retrieved from /home/ashok/miniconda3/envs/mysecondenvironment/lib/python3.8/site-packages/airflow/example_dags/example_dataset_alias_with_no_taskflow.py
[2025-09-06T19:28:19.733+0545] {logging_mixin.py:190} INFO - [2025-09-06T19:28:19.733+0545] {dag.py:3239} INFO - Sync 4 DAGs
[2025-09-06T19:28:19.761+0545] {logging_mixin.py:190} INFO - [2025-09-06T19:28:19.760+0545] {dag.py:4180} INFO - Setting next_dagrun for dataset_alias_example_alias_consumer_with_no_taskflow to None, run_after=None
[2025-09-06T19:28:19.766+0545] {logging_mixin.py:190} INFO - [2025-09-06T19:28:19.766+0545] {dag.py:4180} INFO - Setting next_dagrun for dataset_alias_example_alias_producer_with_no_taskflow to None, run_after=None
[2025-09-06T19:28:19.767+0545] {logging_mixin.py:190} INFO - [2025-09-06T19:28:19.767+0545] {dag.py:4180} INFO - Setting next_dagrun for dataset_s3_bucket_consumer_with_no_taskflow to None, run_after=None
[2025-09-06T19:28:19.768+0545] {logging_mixin.py:190} INFO - [2025-09-06T19:28:19.768+0545] {dag.py:4180} INFO - Setting next_dagrun for dataset_s3_bucket_producer_with_no_taskflow to None, run_after=None
[2025-09-06T19:28:19.805+0545] {processor.py:208} INFO - Processing /home/ashok/miniconda3/envs/mysecondenvironment/lib/python3.8/site-packages/airflow/example_dags/example_dataset_alias_with_no_taskflow.py took 0.151 seconds
[2025-09-06T19:29:18.549+0545] {processor.py:186} INFO - Started process (PID=40633) to work on /home/ashok/miniconda3/envs/mysecondenvironment/lib/python3.8/site-packages/airflow/example_dags/example_dataset_alias_with_no_taskflow.py
[2025-09-06T19:29:18.552+0545] {processor.py:914} INFO - Processing file /home/ashok/miniconda3/envs/mysecondenvironment/lib/python3.8/site-packages/airflow/example_dags/example_dataset_alias_with_no_taskflow.py for tasks to queue
[2025-09-06T19:29:18.555+0545] {logging_mixin.py:190} INFO - [2025-09-06T19:29:18.555+0545] {dagbag.py:588} INFO - Filling up the DagBag from /home/ashok/miniconda3/envs/mysecondenvironment/lib/python3.8/site-packages/airflow/example_dags/example_dataset_alias_with_no_taskflow.py
[2025-09-06T19:29:18.579+0545] {processor.py:925} INFO - DAG(s) 'dataset_s3_bucket_consumer_with_no_taskflow', 'dataset_s3_bucket_producer_with_no_taskflow', 'dataset_alias_example_alias_producer_with_no_taskflow', 'dataset_alias_example_alias_consumer_with_no_taskflow' retrieved from /home/ashok/miniconda3/envs/mysecondenvironment/lib/python3.8/site-packages/airflow/example_dags/example_dataset_alias_with_no_taskflow.py
[2025-09-06T19:29:18.598+0545] {logging_mixin.py:190} INFO - [2025-09-06T19:29:18.598+0545] {dag.py:3239} INFO - Sync 4 DAGs
[2025-09-06T19:29:18.620+0545] {logging_mixin.py:190} INFO - [2025-09-06T19:29:18.619+0545] {dag.py:4180} INFO - Setting next_dagrun for dataset_alias_example_alias_consumer_with_no_taskflow to None, run_after=None
[2025-09-06T19:29:18.622+0545] {logging_mixin.py:190} INFO - [2025-09-06T19:29:18.621+0545] {dag.py:4180} INFO - Setting next_dagrun for dataset_alias_example_alias_producer_with_no_taskflow to None, run_after=None
[2025-09-06T19:29:18.623+0545] {logging_mixin.py:190} INFO - [2025-09-06T19:29:18.622+0545] {dag.py:4180} INFO - Setting next_dagrun for dataset_s3_bucket_consumer_with_no_taskflow to None, run_after=None
[2025-09-06T19:29:18.623+0545] {logging_mixin.py:190} INFO - [2025-09-06T19:29:18.623+0545] {dag.py:4180} INFO - Setting next_dagrun for dataset_s3_bucket_producer_with_no_taskflow to None, run_after=None
[2025-09-06T19:29:18.653+0545] {processor.py:208} INFO - Processing /home/ashok/miniconda3/envs/mysecondenvironment/lib/python3.8/site-packages/airflow/example_dags/example_dataset_alias_with_no_taskflow.py took 0.111 seconds
[2025-09-06T19:30:18.564+0545] {processor.py:186} INFO - Started process (PID=41167) to work on /home/ashok/miniconda3/envs/mysecondenvironment/lib/python3.8/site-packages/airflow/example_dags/example_dataset_alias_with_no_taskflow.py
[2025-09-06T19:30:18.567+0545] {processor.py:914} INFO - Processing file /home/ashok/miniconda3/envs/mysecondenvironment/lib/python3.8/site-packages/airflow/example_dags/example_dataset_alias_with_no_taskflow.py for tasks to queue
[2025-09-06T19:30:18.570+0545] {logging_mixin.py:190} INFO - [2025-09-06T19:30:18.570+0545] {dagbag.py:588} INFO - Filling up the DagBag from /home/ashok/miniconda3/envs/mysecondenvironment/lib/python3.8/site-packages/airflow/example_dags/example_dataset_alias_with_no_taskflow.py
[2025-09-06T19:30:18.594+0545] {processor.py:925} INFO - DAG(s) 'dataset_s3_bucket_consumer_with_no_taskflow', 'dataset_alias_example_alias_producer_with_no_taskflow', 'dataset_s3_bucket_producer_with_no_taskflow', 'dataset_alias_example_alias_consumer_with_no_taskflow' retrieved from /home/ashok/miniconda3/envs/mysecondenvironment/lib/python3.8/site-packages/airflow/example_dags/example_dataset_alias_with_no_taskflow.py
[2025-09-06T19:30:18.613+0545] {logging_mixin.py:190} INFO - [2025-09-06T19:30:18.613+0545] {dag.py:3239} INFO - Sync 4 DAGs
[2025-09-06T19:30:18.633+0545] {logging_mixin.py:190} INFO - [2025-09-06T19:30:18.633+0545] {dag.py:4180} INFO - Setting next_dagrun for dataset_alias_example_alias_consumer_with_no_taskflow to None, run_after=None
[2025-09-06T19:30:18.635+0545] {logging_mixin.py:190} INFO - [2025-09-06T19:30:18.635+0545] {dag.py:4180} INFO - Setting next_dagrun for dataset_alias_example_alias_producer_with_no_taskflow to None, run_after=None
[2025-09-06T19:30:18.636+0545] {logging_mixin.py:190} INFO - [2025-09-06T19:30:18.636+0545] {dag.py:4180} INFO - Setting next_dagrun for dataset_s3_bucket_consumer_with_no_taskflow to None, run_after=None
[2025-09-06T19:30:18.637+0545] {logging_mixin.py:190} INFO - [2025-09-06T19:30:18.637+0545] {dag.py:4180} INFO - Setting next_dagrun for dataset_s3_bucket_producer_with_no_taskflow to None, run_after=None
[2025-09-06T19:30:18.669+0545] {processor.py:208} INFO - Processing /home/ashok/miniconda3/envs/mysecondenvironment/lib/python3.8/site-packages/airflow/example_dags/example_dataset_alias_with_no_taskflow.py took 0.112 seconds
[2025-09-06T19:31:18.143+0545] {processor.py:186} INFO - Started process (PID=41819) to work on /home/ashok/miniconda3/envs/mysecondenvironment/lib/python3.8/site-packages/airflow/example_dags/example_dataset_alias_with_no_taskflow.py
[2025-09-06T19:31:18.146+0545] {processor.py:914} INFO - Processing file /home/ashok/miniconda3/envs/mysecondenvironment/lib/python3.8/site-packages/airflow/example_dags/example_dataset_alias_with_no_taskflow.py for tasks to queue
[2025-09-06T19:31:18.148+0545] {logging_mixin.py:190} INFO - [2025-09-06T19:31:18.148+0545] {dagbag.py:588} INFO - Filling up the DagBag from /home/ashok/miniconda3/envs/mysecondenvironment/lib/python3.8/site-packages/airflow/example_dags/example_dataset_alias_with_no_taskflow.py
[2025-09-06T19:31:18.173+0545] {processor.py:925} INFO - DAG(s) 'dataset_s3_bucket_consumer_with_no_taskflow', 'dataset_alias_example_alias_producer_with_no_taskflow', 'dataset_alias_example_alias_consumer_with_no_taskflow', 'dataset_s3_bucket_producer_with_no_taskflow' retrieved from /home/ashok/miniconda3/envs/mysecondenvironment/lib/python3.8/site-packages/airflow/example_dags/example_dataset_alias_with_no_taskflow.py
[2025-09-06T19:31:18.195+0545] {logging_mixin.py:190} INFO - [2025-09-06T19:31:18.194+0545] {dag.py:3239} INFO - Sync 4 DAGs
[2025-09-06T19:31:18.214+0545] {logging_mixin.py:190} INFO - [2025-09-06T19:31:18.214+0545] {dag.py:4180} INFO - Setting next_dagrun for dataset_alias_example_alias_consumer_with_no_taskflow to None, run_after=None
[2025-09-06T19:31:18.216+0545] {logging_mixin.py:190} INFO - [2025-09-06T19:31:18.216+0545] {dag.py:4180} INFO - Setting next_dagrun for dataset_alias_example_alias_producer_with_no_taskflow to None, run_after=None
[2025-09-06T19:31:18.217+0545] {logging_mixin.py:190} INFO - [2025-09-06T19:31:18.217+0545] {dag.py:4180} INFO - Setting next_dagrun for dataset_s3_bucket_consumer_with_no_taskflow to None, run_after=None
[2025-09-06T19:31:18.218+0545] {logging_mixin.py:190} INFO - [2025-09-06T19:31:18.218+0545] {dag.py:4180} INFO - Setting next_dagrun for dataset_s3_bucket_producer_with_no_taskflow to None, run_after=None
[2025-09-06T19:31:18.245+0545] {processor.py:208} INFO - Processing /home/ashok/miniconda3/envs/mysecondenvironment/lib/python3.8/site-packages/airflow/example_dags/example_dataset_alias_with_no_taskflow.py took 0.108 seconds
[2025-09-06T19:32:18.698+0545] {processor.py:186} INFO - Started process (PID=42299) to work on /home/ashok/miniconda3/envs/mysecondenvironment/lib/python3.8/site-packages/airflow/example_dags/example_dataset_alias_with_no_taskflow.py
[2025-09-06T19:32:18.700+0545] {processor.py:914} INFO - Processing file /home/ashok/miniconda3/envs/mysecondenvironment/lib/python3.8/site-packages/airflow/example_dags/example_dataset_alias_with_no_taskflow.py for tasks to queue
[2025-09-06T19:32:18.703+0545] {logging_mixin.py:190} INFO - [2025-09-06T19:32:18.702+0545] {dagbag.py:588} INFO - Filling up the DagBag from /home/ashok/miniconda3/envs/mysecondenvironment/lib/python3.8/site-packages/airflow/example_dags/example_dataset_alias_with_no_taskflow.py
[2025-09-06T19:32:18.728+0545] {processor.py:925} INFO - DAG(s) 'dataset_s3_bucket_consumer_with_no_taskflow', 'dataset_s3_bucket_producer_with_no_taskflow', 'dataset_alias_example_alias_producer_with_no_taskflow', 'dataset_alias_example_alias_consumer_with_no_taskflow' retrieved from /home/ashok/miniconda3/envs/mysecondenvironment/lib/python3.8/site-packages/airflow/example_dags/example_dataset_alias_with_no_taskflow.py
[2025-09-06T19:32:18.747+0545] {logging_mixin.py:190} INFO - [2025-09-06T19:32:18.747+0545] {dag.py:3239} INFO - Sync 4 DAGs
[2025-09-06T19:32:18.767+0545] {logging_mixin.py:190} INFO - [2025-09-06T19:32:18.767+0545] {dag.py:4180} INFO - Setting next_dagrun for dataset_alias_example_alias_consumer_with_no_taskflow to None, run_after=None
[2025-09-06T19:32:18.769+0545] {logging_mixin.py:190} INFO - [2025-09-06T19:32:18.769+0545] {dag.py:4180} INFO - Setting next_dagrun for dataset_alias_example_alias_producer_with_no_taskflow to None, run_after=None
[2025-09-06T19:32:18.770+0545] {logging_mixin.py:190} INFO - [2025-09-06T19:32:18.770+0545] {dag.py:4180} INFO - Setting next_dagrun for dataset_s3_bucket_consumer_with_no_taskflow to None, run_after=None
[2025-09-06T19:32:18.771+0545] {logging_mixin.py:190} INFO - [2025-09-06T19:32:18.771+0545] {dag.py:4180} INFO - Setting next_dagrun for dataset_s3_bucket_producer_with_no_taskflow to None, run_after=None
[2025-09-06T19:32:18.800+0545] {processor.py:208} INFO - Processing /home/ashok/miniconda3/envs/mysecondenvironment/lib/python3.8/site-packages/airflow/example_dags/example_dataset_alias_with_no_taskflow.py took 0.109 seconds
[2025-09-06T19:33:18.482+0545] {processor.py:186} INFO - Started process (PID=42698) to work on /home/ashok/miniconda3/envs/mysecondenvironment/lib/python3.8/site-packages/airflow/example_dags/example_dataset_alias_with_no_taskflow.py
[2025-09-06T19:33:18.485+0545] {processor.py:914} INFO - Processing file /home/ashok/miniconda3/envs/mysecondenvironment/lib/python3.8/site-packages/airflow/example_dags/example_dataset_alias_with_no_taskflow.py for tasks to queue
[2025-09-06T19:33:18.488+0545] {logging_mixin.py:190} INFO - [2025-09-06T19:33:18.487+0545] {dagbag.py:588} INFO - Filling up the DagBag from /home/ashok/miniconda3/envs/mysecondenvironment/lib/python3.8/site-packages/airflow/example_dags/example_dataset_alias_with_no_taskflow.py
[2025-09-06T19:33:18.512+0545] {processor.py:925} INFO - DAG(s) 'dataset_alias_example_alias_consumer_with_no_taskflow', 'dataset_s3_bucket_producer_with_no_taskflow', 'dataset_alias_example_alias_producer_with_no_taskflow', 'dataset_s3_bucket_consumer_with_no_taskflow' retrieved from /home/ashok/miniconda3/envs/mysecondenvironment/lib/python3.8/site-packages/airflow/example_dags/example_dataset_alias_with_no_taskflow.py
[2025-09-06T19:33:18.534+0545] {logging_mixin.py:190} INFO - [2025-09-06T19:33:18.534+0545] {dag.py:3239} INFO - Sync 4 DAGs
[2025-09-06T19:33:18.553+0545] {logging_mixin.py:190} INFO - [2025-09-06T19:33:18.553+0545] {dag.py:4180} INFO - Setting next_dagrun for dataset_alias_example_alias_consumer_with_no_taskflow to None, run_after=None
[2025-09-06T19:33:18.555+0545] {logging_mixin.py:190} INFO - [2025-09-06T19:33:18.555+0545] {dag.py:4180} INFO - Setting next_dagrun for dataset_alias_example_alias_producer_with_no_taskflow to None, run_after=None
[2025-09-06T19:33:18.556+0545] {logging_mixin.py:190} INFO - [2025-09-06T19:33:18.556+0545] {dag.py:4180} INFO - Setting next_dagrun for dataset_s3_bucket_consumer_with_no_taskflow to None, run_after=None
[2025-09-06T19:33:18.557+0545] {logging_mixin.py:190} INFO - [2025-09-06T19:33:18.557+0545] {dag.py:4180} INFO - Setting next_dagrun for dataset_s3_bucket_producer_with_no_taskflow to None, run_after=None
[2025-09-06T19:33:18.585+0545] {processor.py:208} INFO - Processing /home/ashok/miniconda3/envs/mysecondenvironment/lib/python3.8/site-packages/airflow/example_dags/example_dataset_alias_with_no_taskflow.py took 0.111 seconds
[2025-09-06T19:34:17.597+0545] {processor.py:186} INFO - Started process (PID=43083) to work on /home/ashok/miniconda3/envs/mysecondenvironment/lib/python3.8/site-packages/airflow/example_dags/example_dataset_alias_with_no_taskflow.py
[2025-09-06T19:34:17.600+0545] {processor.py:914} INFO - Processing file /home/ashok/miniconda3/envs/mysecondenvironment/lib/python3.8/site-packages/airflow/example_dags/example_dataset_alias_with_no_taskflow.py for tasks to queue
[2025-09-06T19:34:17.603+0545] {logging_mixin.py:190} INFO - [2025-09-06T19:34:17.602+0545] {dagbag.py:588} INFO - Filling up the DagBag from /home/ashok/miniconda3/envs/mysecondenvironment/lib/python3.8/site-packages/airflow/example_dags/example_dataset_alias_with_no_taskflow.py
[2025-09-06T19:34:17.627+0545] {processor.py:925} INFO - DAG(s) 'dataset_s3_bucket_consumer_with_no_taskflow', 'dataset_alias_example_alias_consumer_with_no_taskflow', 'dataset_s3_bucket_producer_with_no_taskflow', 'dataset_alias_example_alias_producer_with_no_taskflow' retrieved from /home/ashok/miniconda3/envs/mysecondenvironment/lib/python3.8/site-packages/airflow/example_dags/example_dataset_alias_with_no_taskflow.py
[2025-09-06T19:34:17.647+0545] {logging_mixin.py:190} INFO - [2025-09-06T19:34:17.647+0545] {dag.py:3239} INFO - Sync 4 DAGs
[2025-09-06T19:34:17.667+0545] {logging_mixin.py:190} INFO - [2025-09-06T19:34:17.667+0545] {dag.py:4180} INFO - Setting next_dagrun for dataset_alias_example_alias_consumer_with_no_taskflow to None, run_after=None
[2025-09-06T19:34:17.669+0545] {logging_mixin.py:190} INFO - [2025-09-06T19:34:17.669+0545] {dag.py:4180} INFO - Setting next_dagrun for dataset_alias_example_alias_producer_with_no_taskflow to None, run_after=None
[2025-09-06T19:34:17.670+0545] {logging_mixin.py:190} INFO - [2025-09-06T19:34:17.670+0545] {dag.py:4180} INFO - Setting next_dagrun for dataset_s3_bucket_consumer_with_no_taskflow to None, run_after=None
[2025-09-06T19:34:17.671+0545] {logging_mixin.py:190} INFO - [2025-09-06T19:34:17.671+0545] {dag.py:4180} INFO - Setting next_dagrun for dataset_s3_bucket_producer_with_no_taskflow to None, run_after=None
[2025-09-06T19:34:17.700+0545] {processor.py:208} INFO - Processing /home/ashok/miniconda3/envs/mysecondenvironment/lib/python3.8/site-packages/airflow/example_dags/example_dataset_alias_with_no_taskflow.py took 0.109 seconds
[2025-09-06T19:35:20.162+0545] {processor.py:186} INFO - Started process (PID=43616) to work on /home/ashok/miniconda3/envs/mysecondenvironment/lib/python3.8/site-packages/airflow/example_dags/example_dataset_alias_with_no_taskflow.py
[2025-09-06T19:35:20.164+0545] {processor.py:914} INFO - Processing file /home/ashok/miniconda3/envs/mysecondenvironment/lib/python3.8/site-packages/airflow/example_dags/example_dataset_alias_with_no_taskflow.py for tasks to queue
[2025-09-06T19:35:20.168+0545] {logging_mixin.py:190} INFO - [2025-09-06T19:35:20.167+0545] {dagbag.py:588} INFO - Filling up the DagBag from /home/ashok/miniconda3/envs/mysecondenvironment/lib/python3.8/site-packages/airflow/example_dags/example_dataset_alias_with_no_taskflow.py
[2025-09-06T19:35:20.210+0545] {processor.py:925} INFO - DAG(s) 'dataset_alias_example_alias_producer_with_no_taskflow', 'dataset_s3_bucket_producer_with_no_taskflow', 'dataset_s3_bucket_consumer_with_no_taskflow', 'dataset_alias_example_alias_consumer_with_no_taskflow' retrieved from /home/ashok/miniconda3/envs/mysecondenvironment/lib/python3.8/site-packages/airflow/example_dags/example_dataset_alias_with_no_taskflow.py
[2025-09-06T19:35:20.243+0545] {logging_mixin.py:190} INFO - [2025-09-06T19:35:20.243+0545] {dag.py:3239} INFO - Sync 4 DAGs
[2025-09-06T19:35:20.272+0545] {logging_mixin.py:190} INFO - [2025-09-06T19:35:20.272+0545] {dag.py:4180} INFO - Setting next_dagrun for dataset_alias_example_alias_consumer_with_no_taskflow to None, run_after=None
[2025-09-06T19:35:20.276+0545] {logging_mixin.py:190} INFO - [2025-09-06T19:35:20.275+0545] {dag.py:4180} INFO - Setting next_dagrun for dataset_alias_example_alias_producer_with_no_taskflow to None, run_after=None
[2025-09-06T19:35:20.277+0545] {logging_mixin.py:190} INFO - [2025-09-06T19:35:20.277+0545] {dag.py:4180} INFO - Setting next_dagrun for dataset_s3_bucket_consumer_with_no_taskflow to None, run_after=None
[2025-09-06T19:35:20.279+0545] {logging_mixin.py:190} INFO - [2025-09-06T19:35:20.278+0545] {dag.py:4180} INFO - Setting next_dagrun for dataset_s3_bucket_producer_with_no_taskflow to None, run_after=None
[2025-09-06T19:35:20.311+0545] {processor.py:208} INFO - Processing /home/ashok/miniconda3/envs/mysecondenvironment/lib/python3.8/site-packages/airflow/example_dags/example_dataset_alias_with_no_taskflow.py took 0.160 seconds
[2025-09-06T19:36:19.684+0545] {processor.py:186} INFO - Started process (PID=44095) to work on /home/ashok/miniconda3/envs/mysecondenvironment/lib/python3.8/site-packages/airflow/example_dags/example_dataset_alias_with_no_taskflow.py
[2025-09-06T19:36:19.686+0545] {processor.py:914} INFO - Processing file /home/ashok/miniconda3/envs/mysecondenvironment/lib/python3.8/site-packages/airflow/example_dags/example_dataset_alias_with_no_taskflow.py for tasks to queue
[2025-09-06T19:36:19.689+0545] {logging_mixin.py:190} INFO - [2025-09-06T19:36:19.688+0545] {dagbag.py:588} INFO - Filling up the DagBag from /home/ashok/miniconda3/envs/mysecondenvironment/lib/python3.8/site-packages/airflow/example_dags/example_dataset_alias_with_no_taskflow.py
[2025-09-06T19:36:19.714+0545] {processor.py:925} INFO - DAG(s) 'dataset_s3_bucket_consumer_with_no_taskflow', 'dataset_alias_example_alias_producer_with_no_taskflow', 'dataset_s3_bucket_producer_with_no_taskflow', 'dataset_alias_example_alias_consumer_with_no_taskflow' retrieved from /home/ashok/miniconda3/envs/mysecondenvironment/lib/python3.8/site-packages/airflow/example_dags/example_dataset_alias_with_no_taskflow.py
[2025-09-06T19:36:19.737+0545] {logging_mixin.py:190} INFO - [2025-09-06T19:36:19.737+0545] {dag.py:3239} INFO - Sync 4 DAGs
[2025-09-06T19:36:19.757+0545] {logging_mixin.py:190} INFO - [2025-09-06T19:36:19.757+0545] {dag.py:4180} INFO - Setting next_dagrun for dataset_alias_example_alias_consumer_with_no_taskflow to None, run_after=None
[2025-09-06T19:36:19.759+0545] {logging_mixin.py:190} INFO - [2025-09-06T19:36:19.759+0545] {dag.py:4180} INFO - Setting next_dagrun for dataset_alias_example_alias_producer_with_no_taskflow to None, run_after=None
[2025-09-06T19:36:19.760+0545] {logging_mixin.py:190} INFO - [2025-09-06T19:36:19.760+0545] {dag.py:4180} INFO - Setting next_dagrun for dataset_s3_bucket_consumer_with_no_taskflow to None, run_after=None
[2025-09-06T19:36:19.761+0545] {logging_mixin.py:190} INFO - [2025-09-06T19:36:19.761+0545] {dag.py:4180} INFO - Setting next_dagrun for dataset_s3_bucket_producer_with_no_taskflow to None, run_after=None
[2025-09-06T19:36:19.789+0545] {processor.py:208} INFO - Processing /home/ashok/miniconda3/envs/mysecondenvironment/lib/python3.8/site-packages/airflow/example_dags/example_dataset_alias_with_no_taskflow.py took 0.114 seconds
[2025-09-06T19:37:18.797+0545] {processor.py:186} INFO - Started process (PID=44541) to work on /home/ashok/miniconda3/envs/mysecondenvironment/lib/python3.8/site-packages/airflow/example_dags/example_dataset_alias_with_no_taskflow.py
[2025-09-06T19:37:18.800+0545] {processor.py:914} INFO - Processing file /home/ashok/miniconda3/envs/mysecondenvironment/lib/python3.8/site-packages/airflow/example_dags/example_dataset_alias_with_no_taskflow.py for tasks to queue
[2025-09-06T19:37:18.803+0545] {logging_mixin.py:190} INFO - [2025-09-06T19:37:18.803+0545] {dagbag.py:588} INFO - Filling up the DagBag from /home/ashok/miniconda3/envs/mysecondenvironment/lib/python3.8/site-packages/airflow/example_dags/example_dataset_alias_with_no_taskflow.py
[2025-09-06T19:37:18.828+0545] {processor.py:925} INFO - DAG(s) 'dataset_alias_example_alias_producer_with_no_taskflow', 'dataset_s3_bucket_producer_with_no_taskflow', 'dataset_s3_bucket_consumer_with_no_taskflow', 'dataset_alias_example_alias_consumer_with_no_taskflow' retrieved from /home/ashok/miniconda3/envs/mysecondenvironment/lib/python3.8/site-packages/airflow/example_dags/example_dataset_alias_with_no_taskflow.py
[2025-09-06T19:37:18.849+0545] {logging_mixin.py:190} INFO - [2025-09-06T19:37:18.849+0545] {dag.py:3239} INFO - Sync 4 DAGs
[2025-09-06T19:37:18.868+0545] {logging_mixin.py:190} INFO - [2025-09-06T19:37:18.868+0545] {dag.py:4180} INFO - Setting next_dagrun for dataset_alias_example_alias_consumer_with_no_taskflow to None, run_after=None
[2025-09-06T19:37:18.870+0545] {logging_mixin.py:190} INFO - [2025-09-06T19:37:18.870+0545] {dag.py:4180} INFO - Setting next_dagrun for dataset_alias_example_alias_producer_with_no_taskflow to None, run_after=None
[2025-09-06T19:37:18.871+0545] {logging_mixin.py:190} INFO - [2025-09-06T19:37:18.871+0545] {dag.py:4180} INFO - Setting next_dagrun for dataset_s3_bucket_consumer_with_no_taskflow to None, run_after=None
[2025-09-06T19:37:18.872+0545] {logging_mixin.py:190} INFO - [2025-09-06T19:37:18.871+0545] {dag.py:4180} INFO - Setting next_dagrun for dataset_s3_bucket_producer_with_no_taskflow to None, run_after=None
[2025-09-06T19:37:18.899+0545] {processor.py:208} INFO - Processing /home/ashok/miniconda3/envs/mysecondenvironment/lib/python3.8/site-packages/airflow/example_dags/example_dataset_alias_with_no_taskflow.py took 0.110 seconds
[2025-09-06T19:38:17.689+0545] {processor.py:186} INFO - Started process (PID=44917) to work on /home/ashok/miniconda3/envs/mysecondenvironment/lib/python3.8/site-packages/airflow/example_dags/example_dataset_alias_with_no_taskflow.py
[2025-09-06T19:38:17.692+0545] {processor.py:914} INFO - Processing file /home/ashok/miniconda3/envs/mysecondenvironment/lib/python3.8/site-packages/airflow/example_dags/example_dataset_alias_with_no_taskflow.py for tasks to queue
[2025-09-06T19:38:17.694+0545] {logging_mixin.py:190} INFO - [2025-09-06T19:38:17.694+0545] {dagbag.py:588} INFO - Filling up the DagBag from /home/ashok/miniconda3/envs/mysecondenvironment/lib/python3.8/site-packages/airflow/example_dags/example_dataset_alias_with_no_taskflow.py
[2025-09-06T19:38:17.718+0545] {processor.py:925} INFO - DAG(s) 'dataset_s3_bucket_consumer_with_no_taskflow', 'dataset_s3_bucket_producer_with_no_taskflow', 'dataset_alias_example_alias_consumer_with_no_taskflow', 'dataset_alias_example_alias_producer_with_no_taskflow' retrieved from /home/ashok/miniconda3/envs/mysecondenvironment/lib/python3.8/site-packages/airflow/example_dags/example_dataset_alias_with_no_taskflow.py
[2025-09-06T19:38:17.738+0545] {logging_mixin.py:190} INFO - [2025-09-06T19:38:17.737+0545] {dag.py:3239} INFO - Sync 4 DAGs
[2025-09-06T19:38:17.757+0545] {logging_mixin.py:190} INFO - [2025-09-06T19:38:17.757+0545] {dag.py:4180} INFO - Setting next_dagrun for dataset_alias_example_alias_consumer_with_no_taskflow to None, run_after=None
[2025-09-06T19:38:17.760+0545] {logging_mixin.py:190} INFO - [2025-09-06T19:38:17.759+0545] {dag.py:4180} INFO - Setting next_dagrun for dataset_alias_example_alias_producer_with_no_taskflow to None, run_after=None
[2025-09-06T19:38:17.761+0545] {logging_mixin.py:190} INFO - [2025-09-06T19:38:17.761+0545] {dag.py:4180} INFO - Setting next_dagrun for dataset_s3_bucket_consumer_with_no_taskflow to None, run_after=None
[2025-09-06T19:38:17.762+0545] {logging_mixin.py:190} INFO - [2025-09-06T19:38:17.761+0545] {dag.py:4180} INFO - Setting next_dagrun for dataset_s3_bucket_producer_with_no_taskflow to None, run_after=None
[2025-09-06T19:38:17.791+0545] {processor.py:208} INFO - Processing /home/ashok/miniconda3/envs/mysecondenvironment/lib/python3.8/site-packages/airflow/example_dags/example_dataset_alias_with_no_taskflow.py took 0.110 seconds
[2025-09-06T19:39:16.796+0545] {processor.py:186} INFO - Started process (PID=45342) to work on /home/ashok/miniconda3/envs/mysecondenvironment/lib/python3.8/site-packages/airflow/example_dags/example_dataset_alias_with_no_taskflow.py
[2025-09-06T19:39:16.799+0545] {processor.py:914} INFO - Processing file /home/ashok/miniconda3/envs/mysecondenvironment/lib/python3.8/site-packages/airflow/example_dags/example_dataset_alias_with_no_taskflow.py for tasks to queue
[2025-09-06T19:39:16.802+0545] {logging_mixin.py:190} INFO - [2025-09-06T19:39:16.801+0545] {dagbag.py:588} INFO - Filling up the DagBag from /home/ashok/miniconda3/envs/mysecondenvironment/lib/python3.8/site-packages/airflow/example_dags/example_dataset_alias_with_no_taskflow.py
[2025-09-06T19:39:16.825+0545] {processor.py:925} INFO - DAG(s) 'dataset_s3_bucket_consumer_with_no_taskflow', 'dataset_alias_example_alias_producer_with_no_taskflow', 'dataset_s3_bucket_producer_with_no_taskflow', 'dataset_alias_example_alias_consumer_with_no_taskflow' retrieved from /home/ashok/miniconda3/envs/mysecondenvironment/lib/python3.8/site-packages/airflow/example_dags/example_dataset_alias_with_no_taskflow.py
[2025-09-06T19:39:16.845+0545] {logging_mixin.py:190} INFO - [2025-09-06T19:39:16.845+0545] {dag.py:3239} INFO - Sync 4 DAGs
[2025-09-06T19:39:16.864+0545] {logging_mixin.py:190} INFO - [2025-09-06T19:39:16.863+0545] {dag.py:4180} INFO - Setting next_dagrun for dataset_alias_example_alias_consumer_with_no_taskflow to None, run_after=None
[2025-09-06T19:39:16.866+0545] {logging_mixin.py:190} INFO - [2025-09-06T19:39:16.865+0545] {dag.py:4180} INFO - Setting next_dagrun for dataset_alias_example_alias_producer_with_no_taskflow to None, run_after=None
[2025-09-06T19:39:16.867+0545] {logging_mixin.py:190} INFO - [2025-09-06T19:39:16.866+0545] {dag.py:4180} INFO - Setting next_dagrun for dataset_s3_bucket_consumer_with_no_taskflow to None, run_after=None
[2025-09-06T19:39:16.867+0545] {logging_mixin.py:190} INFO - [2025-09-06T19:39:16.867+0545] {dag.py:4180} INFO - Setting next_dagrun for dataset_s3_bucket_producer_with_no_taskflow to None, run_after=None
[2025-09-06T19:39:16.896+0545] {processor.py:208} INFO - Processing /home/ashok/miniconda3/envs/mysecondenvironment/lib/python3.8/site-packages/airflow/example_dags/example_dataset_alias_with_no_taskflow.py took 0.107 seconds
[2025-09-06T19:40:16.296+0545] {processor.py:186} INFO - Started process (PID=45738) to work on /home/ashok/miniconda3/envs/mysecondenvironment/lib/python3.8/site-packages/airflow/example_dags/example_dataset_alias_with_no_taskflow.py
[2025-09-06T19:40:16.298+0545] {processor.py:914} INFO - Processing file /home/ashok/miniconda3/envs/mysecondenvironment/lib/python3.8/site-packages/airflow/example_dags/example_dataset_alias_with_no_taskflow.py for tasks to queue
[2025-09-06T19:40:16.301+0545] {logging_mixin.py:190} INFO - [2025-09-06T19:40:16.301+0545] {dagbag.py:588} INFO - Filling up the DagBag from /home/ashok/miniconda3/envs/mysecondenvironment/lib/python3.8/site-packages/airflow/example_dags/example_dataset_alias_with_no_taskflow.py
[2025-09-06T19:40:16.325+0545] {processor.py:925} INFO - DAG(s) 'dataset_s3_bucket_consumer_with_no_taskflow', 'dataset_alias_example_alias_consumer_with_no_taskflow', 'dataset_alias_example_alias_producer_with_no_taskflow', 'dataset_s3_bucket_producer_with_no_taskflow' retrieved from /home/ashok/miniconda3/envs/mysecondenvironment/lib/python3.8/site-packages/airflow/example_dags/example_dataset_alias_with_no_taskflow.py
[2025-09-06T19:40:16.346+0545] {logging_mixin.py:190} INFO - [2025-09-06T19:40:16.346+0545] {dag.py:3239} INFO - Sync 4 DAGs
[2025-09-06T19:40:16.367+0545] {logging_mixin.py:190} INFO - [2025-09-06T19:40:16.366+0545] {dag.py:4180} INFO - Setting next_dagrun for dataset_alias_example_alias_consumer_with_no_taskflow to None, run_after=None
[2025-09-06T19:40:16.369+0545] {logging_mixin.py:190} INFO - [2025-09-06T19:40:16.368+0545] {dag.py:4180} INFO - Setting next_dagrun for dataset_alias_example_alias_producer_with_no_taskflow to None, run_after=None
[2025-09-06T19:40:16.370+0545] {logging_mixin.py:190} INFO - [2025-09-06T19:40:16.369+0545] {dag.py:4180} INFO - Setting next_dagrun for dataset_s3_bucket_consumer_with_no_taskflow to None, run_after=None
[2025-09-06T19:40:16.370+0545] {logging_mixin.py:190} INFO - [2025-09-06T19:40:16.370+0545] {dag.py:4180} INFO - Setting next_dagrun for dataset_s3_bucket_producer_with_no_taskflow to None, run_after=None
[2025-09-06T19:40:16.400+0545] {processor.py:208} INFO - Processing /home/ashok/miniconda3/envs/mysecondenvironment/lib/python3.8/site-packages/airflow/example_dags/example_dataset_alias_with_no_taskflow.py took 0.111 seconds
[2025-09-06T19:41:22.649+0545] {processor.py:186} INFO - Started process (PID=46330) to work on /home/ashok/miniconda3/envs/mysecondenvironment/lib/python3.8/site-packages/airflow/example_dags/example_dataset_alias_with_no_taskflow.py
[2025-09-06T19:41:22.651+0545] {processor.py:914} INFO - Processing file /home/ashok/miniconda3/envs/mysecondenvironment/lib/python3.8/site-packages/airflow/example_dags/example_dataset_alias_with_no_taskflow.py for tasks to queue
[2025-09-06T19:41:22.654+0545] {logging_mixin.py:190} INFO - [2025-09-06T19:41:22.654+0545] {dagbag.py:588} INFO - Filling up the DagBag from /home/ashok/miniconda3/envs/mysecondenvironment/lib/python3.8/site-packages/airflow/example_dags/example_dataset_alias_with_no_taskflow.py
[2025-09-06T19:41:22.679+0545] {processor.py:925} INFO - DAG(s) 'dataset_alias_example_alias_producer_with_no_taskflow', 'dataset_s3_bucket_consumer_with_no_taskflow', 'dataset_s3_bucket_producer_with_no_taskflow', 'dataset_alias_example_alias_consumer_with_no_taskflow' retrieved from /home/ashok/miniconda3/envs/mysecondenvironment/lib/python3.8/site-packages/airflow/example_dags/example_dataset_alias_with_no_taskflow.py
[2025-09-06T19:41:22.699+0545] {logging_mixin.py:190} INFO - [2025-09-06T19:41:22.699+0545] {dag.py:3239} INFO - Sync 4 DAGs
[2025-09-06T19:41:22.719+0545] {logging_mixin.py:190} INFO - [2025-09-06T19:41:22.719+0545] {dag.py:4180} INFO - Setting next_dagrun for dataset_alias_example_alias_consumer_with_no_taskflow to None, run_after=None
[2025-09-06T19:41:22.721+0545] {logging_mixin.py:190} INFO - [2025-09-06T19:41:22.721+0545] {dag.py:4180} INFO - Setting next_dagrun for dataset_alias_example_alias_producer_with_no_taskflow to None, run_after=None
[2025-09-06T19:41:22.722+0545] {logging_mixin.py:190} INFO - [2025-09-06T19:41:22.722+0545] {dag.py:4180} INFO - Setting next_dagrun for dataset_s3_bucket_consumer_with_no_taskflow to None, run_after=None
[2025-09-06T19:41:22.723+0545] {logging_mixin.py:190} INFO - [2025-09-06T19:41:22.723+0545] {dag.py:4180} INFO - Setting next_dagrun for dataset_s3_bucket_producer_with_no_taskflow to None, run_after=None
[2025-09-06T19:41:22.753+0545] {processor.py:208} INFO - Processing /home/ashok/miniconda3/envs/mysecondenvironment/lib/python3.8/site-packages/airflow/example_dags/example_dataset_alias_with_no_taskflow.py took 0.112 seconds
[2025-09-06T19:42:23.898+0545] {processor.py:186} INFO - Started process (PID=47006) to work on /home/ashok/miniconda3/envs/mysecondenvironment/lib/python3.8/site-packages/airflow/example_dags/example_dataset_alias_with_no_taskflow.py
[2025-09-06T19:42:23.901+0545] {processor.py:914} INFO - Processing file /home/ashok/miniconda3/envs/mysecondenvironment/lib/python3.8/site-packages/airflow/example_dags/example_dataset_alias_with_no_taskflow.py for tasks to queue
[2025-09-06T19:42:23.903+0545] {logging_mixin.py:190} INFO - [2025-09-06T19:42:23.903+0545] {dagbag.py:588} INFO - Filling up the DagBag from /home/ashok/miniconda3/envs/mysecondenvironment/lib/python3.8/site-packages/airflow/example_dags/example_dataset_alias_with_no_taskflow.py
[2025-09-06T19:42:23.933+0545] {processor.py:925} INFO - DAG(s) 'dataset_s3_bucket_producer_with_no_taskflow', 'dataset_s3_bucket_consumer_with_no_taskflow', 'dataset_alias_example_alias_consumer_with_no_taskflow', 'dataset_alias_example_alias_producer_with_no_taskflow' retrieved from /home/ashok/miniconda3/envs/mysecondenvironment/lib/python3.8/site-packages/airflow/example_dags/example_dataset_alias_with_no_taskflow.py
[2025-09-06T19:42:23.958+0545] {logging_mixin.py:190} INFO - [2025-09-06T19:42:23.958+0545] {dag.py:3239} INFO - Sync 4 DAGs
[2025-09-06T19:42:23.981+0545] {logging_mixin.py:190} INFO - [2025-09-06T19:42:23.981+0545] {dag.py:4180} INFO - Setting next_dagrun for dataset_alias_example_alias_consumer_with_no_taskflow to None, run_after=None
[2025-09-06T19:42:23.984+0545] {logging_mixin.py:190} INFO - [2025-09-06T19:42:23.983+0545] {dag.py:4180} INFO - Setting next_dagrun for dataset_alias_example_alias_producer_with_no_taskflow to None, run_after=None
[2025-09-06T19:42:23.985+0545] {logging_mixin.py:190} INFO - [2025-09-06T19:42:23.985+0545] {dag.py:4180} INFO - Setting next_dagrun for dataset_s3_bucket_consumer_with_no_taskflow to None, run_after=None
[2025-09-06T19:42:23.986+0545] {logging_mixin.py:190} INFO - [2025-09-06T19:42:23.986+0545] {dag.py:4180} INFO - Setting next_dagrun for dataset_s3_bucket_producer_with_no_taskflow to None, run_after=None
[2025-09-06T19:42:24.017+0545] {processor.py:208} INFO - Processing /home/ashok/miniconda3/envs/mysecondenvironment/lib/python3.8/site-packages/airflow/example_dags/example_dataset_alias_with_no_taskflow.py took 0.127 seconds
[2025-09-06T19:43:22.432+0545] {processor.py:186} INFO - Started process (PID=47541) to work on /home/ashok/miniconda3/envs/mysecondenvironment/lib/python3.8/site-packages/airflow/example_dags/example_dataset_alias_with_no_taskflow.py
[2025-09-06T19:43:22.434+0545] {processor.py:914} INFO - Processing file /home/ashok/miniconda3/envs/mysecondenvironment/lib/python3.8/site-packages/airflow/example_dags/example_dataset_alias_with_no_taskflow.py for tasks to queue
[2025-09-06T19:43:22.437+0545] {logging_mixin.py:190} INFO - [2025-09-06T19:43:22.437+0545] {dagbag.py:588} INFO - Filling up the DagBag from /home/ashok/miniconda3/envs/mysecondenvironment/lib/python3.8/site-packages/airflow/example_dags/example_dataset_alias_with_no_taskflow.py
[2025-09-06T19:43:22.463+0545] {processor.py:925} INFO - DAG(s) 'dataset_s3_bucket_consumer_with_no_taskflow', 'dataset_alias_example_alias_consumer_with_no_taskflow', 'dataset_s3_bucket_producer_with_no_taskflow', 'dataset_alias_example_alias_producer_with_no_taskflow' retrieved from /home/ashok/miniconda3/envs/mysecondenvironment/lib/python3.8/site-packages/airflow/example_dags/example_dataset_alias_with_no_taskflow.py
[2025-09-06T19:43:22.483+0545] {logging_mixin.py:190} INFO - [2025-09-06T19:43:22.483+0545] {dag.py:3239} INFO - Sync 4 DAGs
[2025-09-06T19:43:22.503+0545] {logging_mixin.py:190} INFO - [2025-09-06T19:43:22.503+0545] {dag.py:4180} INFO - Setting next_dagrun for dataset_alias_example_alias_consumer_with_no_taskflow to None, run_after=None
[2025-09-06T19:43:22.505+0545] {logging_mixin.py:190} INFO - [2025-09-06T19:43:22.505+0545] {dag.py:4180} INFO - Setting next_dagrun for dataset_alias_example_alias_producer_with_no_taskflow to None, run_after=None
[2025-09-06T19:43:22.506+0545] {logging_mixin.py:190} INFO - [2025-09-06T19:43:22.506+0545] {dag.py:4180} INFO - Setting next_dagrun for dataset_s3_bucket_consumer_with_no_taskflow to None, run_after=None
[2025-09-06T19:43:22.507+0545] {logging_mixin.py:190} INFO - [2025-09-06T19:43:22.507+0545] {dag.py:4180} INFO - Setting next_dagrun for dataset_s3_bucket_producer_with_no_taskflow to None, run_after=None
[2025-09-06T19:43:22.538+0545] {processor.py:208} INFO - Processing /home/ashok/miniconda3/envs/mysecondenvironment/lib/python3.8/site-packages/airflow/example_dags/example_dataset_alias_with_no_taskflow.py took 0.114 seconds
[2025-09-06T19:44:24.715+0545] {processor.py:186} INFO - Started process (PID=48257) to work on /home/ashok/miniconda3/envs/mysecondenvironment/lib/python3.8/site-packages/airflow/example_dags/example_dataset_alias_with_no_taskflow.py
[2025-09-06T19:44:24.717+0545] {processor.py:914} INFO - Processing file /home/ashok/miniconda3/envs/mysecondenvironment/lib/python3.8/site-packages/airflow/example_dags/example_dataset_alias_with_no_taskflow.py for tasks to queue
[2025-09-06T19:44:24.721+0545] {logging_mixin.py:190} INFO - [2025-09-06T19:44:24.720+0545] {dagbag.py:588} INFO - Filling up the DagBag from /home/ashok/miniconda3/envs/mysecondenvironment/lib/python3.8/site-packages/airflow/example_dags/example_dataset_alias_with_no_taskflow.py
[2025-09-06T19:44:24.754+0545] {processor.py:925} INFO - DAG(s) 'dataset_alias_example_alias_consumer_with_no_taskflow', 'dataset_alias_example_alias_producer_with_no_taskflow', 'dataset_s3_bucket_consumer_with_no_taskflow', 'dataset_s3_bucket_producer_with_no_taskflow' retrieved from /home/ashok/miniconda3/envs/mysecondenvironment/lib/python3.8/site-packages/airflow/example_dags/example_dataset_alias_with_no_taskflow.py
[2025-09-06T19:44:24.781+0545] {logging_mixin.py:190} INFO - [2025-09-06T19:44:24.781+0545] {dag.py:3239} INFO - Sync 4 DAGs
[2025-09-06T19:44:24.814+0545] {logging_mixin.py:190} INFO - [2025-09-06T19:44:24.813+0545] {dag.py:4180} INFO - Setting next_dagrun for dataset_alias_example_alias_consumer_with_no_taskflow to None, run_after=None
[2025-09-06T19:44:24.816+0545] {logging_mixin.py:190} INFO - [2025-09-06T19:44:24.816+0545] {dag.py:4180} INFO - Setting next_dagrun for dataset_alias_example_alias_producer_with_no_taskflow to None, run_after=None
[2025-09-06T19:44:24.817+0545] {logging_mixin.py:190} INFO - [2025-09-06T19:44:24.817+0545] {dag.py:4180} INFO - Setting next_dagrun for dataset_s3_bucket_consumer_with_no_taskflow to None, run_after=None
[2025-09-06T19:44:24.818+0545] {logging_mixin.py:190} INFO - [2025-09-06T19:44:24.818+0545] {dag.py:4180} INFO - Setting next_dagrun for dataset_s3_bucket_producer_with_no_taskflow to None, run_after=None
[2025-09-06T19:44:24.860+0545] {processor.py:208} INFO - Processing /home/ashok/miniconda3/envs/mysecondenvironment/lib/python3.8/site-packages/airflow/example_dags/example_dataset_alias_with_no_taskflow.py took 0.155 seconds
[2025-09-06T19:45:23.430+0545] {processor.py:186} INFO - Started process (PID=48662) to work on /home/ashok/miniconda3/envs/mysecondenvironment/lib/python3.8/site-packages/airflow/example_dags/example_dataset_alias_with_no_taskflow.py
[2025-09-06T19:45:23.433+0545] {processor.py:914} INFO - Processing file /home/ashok/miniconda3/envs/mysecondenvironment/lib/python3.8/site-packages/airflow/example_dags/example_dataset_alias_with_no_taskflow.py for tasks to queue
[2025-09-06T19:45:23.435+0545] {logging_mixin.py:190} INFO - [2025-09-06T19:45:23.435+0545] {dagbag.py:588} INFO - Filling up the DagBag from /home/ashok/miniconda3/envs/mysecondenvironment/lib/python3.8/site-packages/airflow/example_dags/example_dataset_alias_with_no_taskflow.py
[2025-09-06T19:45:23.460+0545] {processor.py:925} INFO - DAG(s) 'dataset_alias_example_alias_consumer_with_no_taskflow', 'dataset_s3_bucket_producer_with_no_taskflow', 'dataset_alias_example_alias_producer_with_no_taskflow', 'dataset_s3_bucket_consumer_with_no_taskflow' retrieved from /home/ashok/miniconda3/envs/mysecondenvironment/lib/python3.8/site-packages/airflow/example_dags/example_dataset_alias_with_no_taskflow.py
[2025-09-06T19:45:23.479+0545] {logging_mixin.py:190} INFO - [2025-09-06T19:45:23.479+0545] {dag.py:3239} INFO - Sync 4 DAGs
[2025-09-06T19:45:23.500+0545] {logging_mixin.py:190} INFO - [2025-09-06T19:45:23.500+0545] {dag.py:4180} INFO - Setting next_dagrun for dataset_alias_example_alias_consumer_with_no_taskflow to None, run_after=None
[2025-09-06T19:45:23.502+0545] {logging_mixin.py:190} INFO - [2025-09-06T19:45:23.502+0545] {dag.py:4180} INFO - Setting next_dagrun for dataset_alias_example_alias_producer_with_no_taskflow to None, run_after=None
[2025-09-06T19:45:23.503+0545] {logging_mixin.py:190} INFO - [2025-09-06T19:45:23.503+0545] {dag.py:4180} INFO - Setting next_dagrun for dataset_s3_bucket_consumer_with_no_taskflow to None, run_after=None
[2025-09-06T19:45:23.504+0545] {logging_mixin.py:190} INFO - [2025-09-06T19:45:23.504+0545] {dag.py:4180} INFO - Setting next_dagrun for dataset_s3_bucket_producer_with_no_taskflow to None, run_after=None
[2025-09-06T19:45:23.533+0545] {processor.py:208} INFO - Processing /home/ashok/miniconda3/envs/mysecondenvironment/lib/python3.8/site-packages/airflow/example_dags/example_dataset_alias_with_no_taskflow.py took 0.110 seconds
[2025-09-06T19:46:27.438+0545] {processor.py:186} INFO - Started process (PID=49306) to work on /home/ashok/miniconda3/envs/mysecondenvironment/lib/python3.8/site-packages/airflow/example_dags/example_dataset_alias_with_no_taskflow.py
[2025-09-06T19:46:27.439+0545] {processor.py:914} INFO - Processing file /home/ashok/miniconda3/envs/mysecondenvironment/lib/python3.8/site-packages/airflow/example_dags/example_dataset_alias_with_no_taskflow.py for tasks to queue
[2025-09-06T19:46:27.442+0545] {logging_mixin.py:190} INFO - [2025-09-06T19:46:27.442+0545] {dagbag.py:588} INFO - Filling up the DagBag from /home/ashok/miniconda3/envs/mysecondenvironment/lib/python3.8/site-packages/airflow/example_dags/example_dataset_alias_with_no_taskflow.py
[2025-09-06T19:46:27.469+0545] {processor.py:925} INFO - DAG(s) 'dataset_alias_example_alias_producer_with_no_taskflow', 'dataset_alias_example_alias_consumer_with_no_taskflow', 'dataset_s3_bucket_producer_with_no_taskflow', 'dataset_s3_bucket_consumer_with_no_taskflow' retrieved from /home/ashok/miniconda3/envs/mysecondenvironment/lib/python3.8/site-packages/airflow/example_dags/example_dataset_alias_with_no_taskflow.py
[2025-09-06T19:46:27.490+0545] {logging_mixin.py:190} INFO - [2025-09-06T19:46:27.489+0545] {dag.py:3239} INFO - Sync 4 DAGs
[2025-09-06T19:46:27.509+0545] {logging_mixin.py:190} INFO - [2025-09-06T19:46:27.509+0545] {dag.py:4180} INFO - Setting next_dagrun for dataset_alias_example_alias_consumer_with_no_taskflow to None, run_after=None
[2025-09-06T19:46:27.511+0545] {logging_mixin.py:190} INFO - [2025-09-06T19:46:27.511+0545] {dag.py:4180} INFO - Setting next_dagrun for dataset_alias_example_alias_producer_with_no_taskflow to None, run_after=None
[2025-09-06T19:46:27.512+0545] {logging_mixin.py:190} INFO - [2025-09-06T19:46:27.512+0545] {dag.py:4180} INFO - Setting next_dagrun for dataset_s3_bucket_consumer_with_no_taskflow to None, run_after=None
[2025-09-06T19:46:27.513+0545] {logging_mixin.py:190} INFO - [2025-09-06T19:46:27.513+0545] {dag.py:4180} INFO - Setting next_dagrun for dataset_s3_bucket_producer_with_no_taskflow to None, run_after=None
[2025-09-06T19:46:27.545+0545] {processor.py:208} INFO - Processing /home/ashok/miniconda3/envs/mysecondenvironment/lib/python3.8/site-packages/airflow/example_dags/example_dataset_alias_with_no_taskflow.py took 0.115 seconds
[2025-09-06T19:47:26.640+0545] {processor.py:186} INFO - Started process (PID=49798) to work on /home/ashok/miniconda3/envs/mysecondenvironment/lib/python3.8/site-packages/airflow/example_dags/example_dataset_alias_with_no_taskflow.py
[2025-09-06T19:47:26.642+0545] {processor.py:914} INFO - Processing file /home/ashok/miniconda3/envs/mysecondenvironment/lib/python3.8/site-packages/airflow/example_dags/example_dataset_alias_with_no_taskflow.py for tasks to queue
[2025-09-06T19:47:26.645+0545] {logging_mixin.py:190} INFO - [2025-09-06T19:47:26.645+0545] {dagbag.py:588} INFO - Filling up the DagBag from /home/ashok/miniconda3/envs/mysecondenvironment/lib/python3.8/site-packages/airflow/example_dags/example_dataset_alias_with_no_taskflow.py
[2025-09-06T19:47:26.670+0545] {processor.py:925} INFO - DAG(s) 'dataset_s3_bucket_producer_with_no_taskflow', 'dataset_alias_example_alias_producer_with_no_taskflow', 'dataset_s3_bucket_consumer_with_no_taskflow', 'dataset_alias_example_alias_consumer_with_no_taskflow' retrieved from /home/ashok/miniconda3/envs/mysecondenvironment/lib/python3.8/site-packages/airflow/example_dags/example_dataset_alias_with_no_taskflow.py
[2025-09-06T19:47:26.691+0545] {logging_mixin.py:190} INFO - [2025-09-06T19:47:26.690+0545] {dag.py:3239} INFO - Sync 4 DAGs
[2025-09-06T19:47:26.713+0545] {logging_mixin.py:190} INFO - [2025-09-06T19:47:26.713+0545] {dag.py:4180} INFO - Setting next_dagrun for dataset_alias_example_alias_consumer_with_no_taskflow to None, run_after=None
[2025-09-06T19:47:26.716+0545] {logging_mixin.py:190} INFO - [2025-09-06T19:47:26.716+0545] {dag.py:4180} INFO - Setting next_dagrun for dataset_alias_example_alias_producer_with_no_taskflow to None, run_after=None
[2025-09-06T19:47:26.718+0545] {logging_mixin.py:190} INFO - [2025-09-06T19:47:26.718+0545] {dag.py:4180} INFO - Setting next_dagrun for dataset_s3_bucket_consumer_with_no_taskflow to None, run_after=None
[2025-09-06T19:47:26.719+0545] {logging_mixin.py:190} INFO - [2025-09-06T19:47:26.719+0545] {dag.py:4180} INFO - Setting next_dagrun for dataset_s3_bucket_producer_with_no_taskflow to None, run_after=None
[2025-09-06T19:47:26.750+0545] {processor.py:208} INFO - Processing /home/ashok/miniconda3/envs/mysecondenvironment/lib/python3.8/site-packages/airflow/example_dags/example_dataset_alias_with_no_taskflow.py took 0.118 seconds
[2025-09-06T19:48:29.006+0545] {processor.py:186} INFO - Started process (PID=50250) to work on /home/ashok/miniconda3/envs/mysecondenvironment/lib/python3.8/site-packages/airflow/example_dags/example_dataset_alias_with_no_taskflow.py
[2025-09-06T19:48:29.009+0545] {processor.py:914} INFO - Processing file /home/ashok/miniconda3/envs/mysecondenvironment/lib/python3.8/site-packages/airflow/example_dags/example_dataset_alias_with_no_taskflow.py for tasks to queue
[2025-09-06T19:48:29.012+0545] {logging_mixin.py:190} INFO - [2025-09-06T19:48:29.012+0545] {dagbag.py:588} INFO - Filling up the DagBag from /home/ashok/miniconda3/envs/mysecondenvironment/lib/python3.8/site-packages/airflow/example_dags/example_dataset_alias_with_no_taskflow.py
[2025-09-06T19:48:29.039+0545] {processor.py:925} INFO - DAG(s) 'dataset_alias_example_alias_consumer_with_no_taskflow', 'dataset_alias_example_alias_producer_with_no_taskflow', 'dataset_s3_bucket_consumer_with_no_taskflow', 'dataset_s3_bucket_producer_with_no_taskflow' retrieved from /home/ashok/miniconda3/envs/mysecondenvironment/lib/python3.8/site-packages/airflow/example_dags/example_dataset_alias_with_no_taskflow.py
[2025-09-06T19:48:29.058+0545] {logging_mixin.py:190} INFO - [2025-09-06T19:48:29.057+0545] {dag.py:3239} INFO - Sync 4 DAGs
[2025-09-06T19:48:29.076+0545] {logging_mixin.py:190} INFO - [2025-09-06T19:48:29.076+0545] {dag.py:4180} INFO - Setting next_dagrun for dataset_alias_example_alias_consumer_with_no_taskflow to None, run_after=None
[2025-09-06T19:48:29.078+0545] {logging_mixin.py:190} INFO - [2025-09-06T19:48:29.078+0545] {dag.py:4180} INFO - Setting next_dagrun for dataset_alias_example_alias_producer_with_no_taskflow to None, run_after=None
[2025-09-06T19:48:29.080+0545] {logging_mixin.py:190} INFO - [2025-09-06T19:48:29.080+0545] {dag.py:4180} INFO - Setting next_dagrun for dataset_s3_bucket_consumer_with_no_taskflow to None, run_after=None
[2025-09-06T19:48:29.081+0545] {logging_mixin.py:190} INFO - [2025-09-06T19:48:29.081+0545] {dag.py:4180} INFO - Setting next_dagrun for dataset_s3_bucket_producer_with_no_taskflow to None, run_after=None
[2025-09-06T19:48:29.110+0545] {processor.py:208} INFO - Processing /home/ashok/miniconda3/envs/mysecondenvironment/lib/python3.8/site-packages/airflow/example_dags/example_dataset_alias_with_no_taskflow.py took 0.111 seconds
