[2025-09-06T19:05:05.763+0545] {processor.py:186} INFO - Started process (PID=28377) to work on /home/ashok/miniconda3/envs/mysecondenvironment/lib/python3.8/site-packages/airflow/example_dags/example_workday_timetable.py
[2025-09-06T19:05:05.764+0545] {processor.py:914} INFO - Processing file /home/ashok/miniconda3/envs/mysecondenvironment/lib/python3.8/site-packages/airflow/example_dags/example_workday_timetable.py for tasks to queue
[2025-09-06T19:05:05.765+0545] {logging_mixin.py:190} INFO - [2025-09-06T19:05:05.764+0545] {dagbag.py:588} INFO - Filling up the DagBag from /home/ashok/miniconda3/envs/mysecondenvironment/lib/python3.8/site-packages/airflow/example_dags/example_workday_timetable.py
[2025-09-06T19:05:05.769+0545] {processor.py:925} INFO - DAG(s) 'example_workday_timetable' retrieved from /home/ashok/miniconda3/envs/mysecondenvironment/lib/python3.8/site-packages/airflow/example_dags/example_workday_timetable.py
[2025-09-06T19:05:05.779+0545] {logging_mixin.py:190} INFO - [2025-09-06T19:05:05.779+0545] {dag.py:3239} INFO - Sync 1 DAGs
[2025-09-06T19:05:05.812+0545] {logging_mixin.py:190} INFO - [2025-09-06T19:05:05.812+0545] {dag.py:4180} INFO - Setting next_dagrun for example_workday_timetable to 2021-01-04 00:00:00+00:00, run_after=2021-01-05 00:00:00+00:00
[2025-09-06T19:05:05.832+0545] {processor.py:208} INFO - Processing /home/ashok/miniconda3/envs/mysecondenvironment/lib/python3.8/site-packages/airflow/example_dags/example_workday_timetable.py took 0.073 seconds
[2025-09-06T19:08:18.031+0545] {processor.py:186} INFO - Started process (PID=30923) to work on /home/ashok/miniconda3/envs/mysecondenvironment/lib/python3.8/site-packages/airflow/example_dags/example_workday_timetable.py
[2025-09-06T19:08:18.034+0545] {processor.py:914} INFO - Processing file /home/ashok/miniconda3/envs/mysecondenvironment/lib/python3.8/site-packages/airflow/example_dags/example_workday_timetable.py for tasks to queue
[2025-09-06T19:08:18.037+0545] {logging_mixin.py:190} INFO - [2025-09-06T19:08:18.036+0545] {dagbag.py:588} INFO - Filling up the DagBag from /home/ashok/miniconda3/envs/mysecondenvironment/lib/python3.8/site-packages/airflow/example_dags/example_workday_timetable.py
[2025-09-06T19:08:18.044+0545] {processor.py:925} INFO - DAG(s) 'example_workday_timetable' retrieved from /home/ashok/miniconda3/envs/mysecondenvironment/lib/python3.8/site-packages/airflow/example_dags/example_workday_timetable.py
[2025-09-06T19:08:18.061+0545] {logging_mixin.py:190} INFO - [2025-09-06T19:08:18.060+0545] {dag.py:3239} INFO - Sync 1 DAGs
[2025-09-06T19:08:18.111+0545] {logging_mixin.py:190} INFO - [2025-09-06T19:08:18.111+0545] {dag.py:4180} INFO - Setting next_dagrun for example_workday_timetable to 2021-01-04 00:00:00+00:00, run_after=2021-01-05 00:00:00+00:00
[2025-09-06T19:08:18.137+0545] {processor.py:208} INFO - Processing /home/ashok/miniconda3/envs/mysecondenvironment/lib/python3.8/site-packages/airflow/example_dags/example_workday_timetable.py took 0.113 seconds
[2025-09-06T19:09:19.456+0545] {processor.py:186} INFO - Started process (PID=31411) to work on /home/ashok/miniconda3/envs/mysecondenvironment/lib/python3.8/site-packages/airflow/example_dags/example_workday_timetable.py
[2025-09-06T19:09:19.458+0545] {processor.py:914} INFO - Processing file /home/ashok/miniconda3/envs/mysecondenvironment/lib/python3.8/site-packages/airflow/example_dags/example_workday_timetable.py for tasks to queue
[2025-09-06T19:09:19.461+0545] {logging_mixin.py:190} INFO - [2025-09-06T19:09:19.460+0545] {dagbag.py:588} INFO - Filling up the DagBag from /home/ashok/miniconda3/envs/mysecondenvironment/lib/python3.8/site-packages/airflow/example_dags/example_workday_timetable.py
[2025-09-06T19:09:19.468+0545] {processor.py:925} INFO - DAG(s) 'example_workday_timetable' retrieved from /home/ashok/miniconda3/envs/mysecondenvironment/lib/python3.8/site-packages/airflow/example_dags/example_workday_timetable.py
[2025-09-06T19:09:19.486+0545] {logging_mixin.py:190} INFO - [2025-09-06T19:09:19.486+0545] {dag.py:3239} INFO - Sync 1 DAGs
[2025-09-06T19:09:19.537+0545] {logging_mixin.py:190} INFO - [2025-09-06T19:09:19.537+0545] {dag.py:4180} INFO - Setting next_dagrun for example_workday_timetable to 2021-01-04 00:00:00+00:00, run_after=2021-01-05 00:00:00+00:00
[2025-09-06T19:09:19.565+0545] {processor.py:208} INFO - Processing /home/ashok/miniconda3/envs/mysecondenvironment/lib/python3.8/site-packages/airflow/example_dags/example_workday_timetable.py took 0.117 seconds
[2025-09-06T19:10:18.234+0545] {processor.py:186} INFO - Started process (PID=31839) to work on /home/ashok/miniconda3/envs/mysecondenvironment/lib/python3.8/site-packages/airflow/example_dags/example_workday_timetable.py
[2025-09-06T19:10:18.237+0545] {processor.py:914} INFO - Processing file /home/ashok/miniconda3/envs/mysecondenvironment/lib/python3.8/site-packages/airflow/example_dags/example_workday_timetable.py for tasks to queue
[2025-09-06T19:10:18.240+0545] {logging_mixin.py:190} INFO - [2025-09-06T19:10:18.239+0545] {dagbag.py:588} INFO - Filling up the DagBag from /home/ashok/miniconda3/envs/mysecondenvironment/lib/python3.8/site-packages/airflow/example_dags/example_workday_timetable.py
[2025-09-06T19:10:18.247+0545] {processor.py:925} INFO - DAG(s) 'example_workday_timetable' retrieved from /home/ashok/miniconda3/envs/mysecondenvironment/lib/python3.8/site-packages/airflow/example_dags/example_workday_timetable.py
[2025-09-06T19:10:18.265+0545] {logging_mixin.py:190} INFO - [2025-09-06T19:10:18.264+0545] {dag.py:3239} INFO - Sync 1 DAGs
[2025-09-06T19:10:18.314+0545] {logging_mixin.py:190} INFO - [2025-09-06T19:10:18.313+0545] {dag.py:4180} INFO - Setting next_dagrun for example_workday_timetable to 2021-01-04 00:00:00+00:00, run_after=2021-01-05 00:00:00+00:00
[2025-09-06T19:10:18.341+0545] {processor.py:208} INFO - Processing /home/ashok/miniconda3/envs/mysecondenvironment/lib/python3.8/site-packages/airflow/example_dags/example_workday_timetable.py took 0.113 seconds
[2025-09-06T19:11:16.523+0545] {processor.py:186} INFO - Started process (PID=32262) to work on /home/ashok/miniconda3/envs/mysecondenvironment/lib/python3.8/site-packages/airflow/example_dags/example_workday_timetable.py
[2025-09-06T19:11:16.525+0545] {processor.py:914} INFO - Processing file /home/ashok/miniconda3/envs/mysecondenvironment/lib/python3.8/site-packages/airflow/example_dags/example_workday_timetable.py for tasks to queue
[2025-09-06T19:11:16.528+0545] {logging_mixin.py:190} INFO - [2025-09-06T19:11:16.528+0545] {dagbag.py:588} INFO - Filling up the DagBag from /home/ashok/miniconda3/envs/mysecondenvironment/lib/python3.8/site-packages/airflow/example_dags/example_workday_timetable.py
[2025-09-06T19:11:16.535+0545] {processor.py:925} INFO - DAG(s) 'example_workday_timetable' retrieved from /home/ashok/miniconda3/envs/mysecondenvironment/lib/python3.8/site-packages/airflow/example_dags/example_workday_timetable.py
[2025-09-06T19:11:16.551+0545] {logging_mixin.py:190} INFO - [2025-09-06T19:11:16.550+0545] {dag.py:3239} INFO - Sync 1 DAGs
[2025-09-06T19:11:16.603+0545] {logging_mixin.py:190} INFO - [2025-09-06T19:11:16.603+0545] {dag.py:4180} INFO - Setting next_dagrun for example_workday_timetable to 2021-01-04 00:00:00+00:00, run_after=2021-01-05 00:00:00+00:00
[2025-09-06T19:11:16.630+0545] {processor.py:208} INFO - Processing /home/ashok/miniconda3/envs/mysecondenvironment/lib/python3.8/site-packages/airflow/example_dags/example_workday_timetable.py took 0.115 seconds
[2025-09-06T19:12:17.269+0545] {processor.py:186} INFO - Started process (PID=32694) to work on /home/ashok/miniconda3/envs/mysecondenvironment/lib/python3.8/site-packages/airflow/example_dags/example_workday_timetable.py
[2025-09-06T19:12:17.271+0545] {processor.py:914} INFO - Processing file /home/ashok/miniconda3/envs/mysecondenvironment/lib/python3.8/site-packages/airflow/example_dags/example_workday_timetable.py for tasks to queue
[2025-09-06T19:12:17.273+0545] {logging_mixin.py:190} INFO - [2025-09-06T19:12:17.273+0545] {dagbag.py:588} INFO - Filling up the DagBag from /home/ashok/miniconda3/envs/mysecondenvironment/lib/python3.8/site-packages/airflow/example_dags/example_workday_timetable.py
[2025-09-06T19:12:17.280+0545] {processor.py:925} INFO - DAG(s) 'example_workday_timetable' retrieved from /home/ashok/miniconda3/envs/mysecondenvironment/lib/python3.8/site-packages/airflow/example_dags/example_workday_timetable.py
[2025-09-06T19:12:17.295+0545] {logging_mixin.py:190} INFO - [2025-09-06T19:12:17.294+0545] {dag.py:3239} INFO - Sync 1 DAGs
[2025-09-06T19:12:17.345+0545] {logging_mixin.py:190} INFO - [2025-09-06T19:12:17.345+0545] {dag.py:4180} INFO - Setting next_dagrun for example_workday_timetable to 2021-01-04 00:00:00+00:00, run_after=2021-01-05 00:00:00+00:00
[2025-09-06T19:12:17.368+0545] {processor.py:208} INFO - Processing /home/ashok/miniconda3/envs/mysecondenvironment/lib/python3.8/site-packages/airflow/example_dags/example_workday_timetable.py took 0.105 seconds
[2025-09-06T19:13:15.184+0545] {processor.py:186} INFO - Started process (PID=33160) to work on /home/ashok/miniconda3/envs/mysecondenvironment/lib/python3.8/site-packages/airflow/example_dags/example_workday_timetable.py
[2025-09-06T19:13:15.187+0545] {processor.py:914} INFO - Processing file /home/ashok/miniconda3/envs/mysecondenvironment/lib/python3.8/site-packages/airflow/example_dags/example_workday_timetable.py for tasks to queue
[2025-09-06T19:13:15.190+0545] {logging_mixin.py:190} INFO - [2025-09-06T19:13:15.189+0545] {dagbag.py:588} INFO - Filling up the DagBag from /home/ashok/miniconda3/envs/mysecondenvironment/lib/python3.8/site-packages/airflow/example_dags/example_workday_timetable.py
[2025-09-06T19:13:15.197+0545] {processor.py:925} INFO - DAG(s) 'example_workday_timetable' retrieved from /home/ashok/miniconda3/envs/mysecondenvironment/lib/python3.8/site-packages/airflow/example_dags/example_workday_timetable.py
[2025-09-06T19:13:15.214+0545] {logging_mixin.py:190} INFO - [2025-09-06T19:13:15.213+0545] {dag.py:3239} INFO - Sync 1 DAGs
[2025-09-06T19:13:15.264+0545] {logging_mixin.py:190} INFO - [2025-09-06T19:13:15.264+0545] {dag.py:4180} INFO - Setting next_dagrun for example_workday_timetable to 2021-01-04 00:00:00+00:00, run_after=2021-01-05 00:00:00+00:00
[2025-09-06T19:13:15.290+0545] {processor.py:208} INFO - Processing /home/ashok/miniconda3/envs/mysecondenvironment/lib/python3.8/site-packages/airflow/example_dags/example_workday_timetable.py took 0.114 seconds
[2025-09-06T19:14:16.051+0545] {processor.py:186} INFO - Started process (PID=33556) to work on /home/ashok/miniconda3/envs/mysecondenvironment/lib/python3.8/site-packages/airflow/example_dags/example_workday_timetable.py
[2025-09-06T19:14:16.053+0545] {processor.py:914} INFO - Processing file /home/ashok/miniconda3/envs/mysecondenvironment/lib/python3.8/site-packages/airflow/example_dags/example_workday_timetable.py for tasks to queue
[2025-09-06T19:14:16.056+0545] {logging_mixin.py:190} INFO - [2025-09-06T19:14:16.055+0545] {dagbag.py:588} INFO - Filling up the DagBag from /home/ashok/miniconda3/envs/mysecondenvironment/lib/python3.8/site-packages/airflow/example_dags/example_workday_timetable.py
[2025-09-06T19:14:16.064+0545] {processor.py:925} INFO - DAG(s) 'example_workday_timetable' retrieved from /home/ashok/miniconda3/envs/mysecondenvironment/lib/python3.8/site-packages/airflow/example_dags/example_workday_timetable.py
[2025-09-06T19:14:16.081+0545] {logging_mixin.py:190} INFO - [2025-09-06T19:14:16.081+0545] {dag.py:3239} INFO - Sync 1 DAGs
[2025-09-06T19:14:16.134+0545] {logging_mixin.py:190} INFO - [2025-09-06T19:14:16.134+0545] {dag.py:4180} INFO - Setting next_dagrun for example_workday_timetable to 2021-01-04 00:00:00+00:00, run_after=2021-01-05 00:00:00+00:00
[2025-09-06T19:14:16.159+0545] {processor.py:208} INFO - Processing /home/ashok/miniconda3/envs/mysecondenvironment/lib/python3.8/site-packages/airflow/example_dags/example_workday_timetable.py took 0.118 seconds
[2025-09-06T19:15:16.960+0545] {processor.py:186} INFO - Started process (PID=33998) to work on /home/ashok/miniconda3/envs/mysecondenvironment/lib/python3.8/site-packages/airflow/example_dags/example_workday_timetable.py
[2025-09-06T19:15:16.963+0545] {processor.py:914} INFO - Processing file /home/ashok/miniconda3/envs/mysecondenvironment/lib/python3.8/site-packages/airflow/example_dags/example_workday_timetable.py for tasks to queue
[2025-09-06T19:15:16.966+0545] {logging_mixin.py:190} INFO - [2025-09-06T19:15:16.965+0545] {dagbag.py:588} INFO - Filling up the DagBag from /home/ashok/miniconda3/envs/mysecondenvironment/lib/python3.8/site-packages/airflow/example_dags/example_workday_timetable.py
[2025-09-06T19:15:16.975+0545] {processor.py:925} INFO - DAG(s) 'example_workday_timetable' retrieved from /home/ashok/miniconda3/envs/mysecondenvironment/lib/python3.8/site-packages/airflow/example_dags/example_workday_timetable.py
[2025-09-06T19:15:16.991+0545] {logging_mixin.py:190} INFO - [2025-09-06T19:15:16.991+0545] {dag.py:3239} INFO - Sync 1 DAGs
[2025-09-06T19:15:17.040+0545] {logging_mixin.py:190} INFO - [2025-09-06T19:15:17.040+0545] {dag.py:4180} INFO - Setting next_dagrun for example_workday_timetable to 2021-01-04 00:00:00+00:00, run_after=2021-01-05 00:00:00+00:00
[2025-09-06T19:15:17.066+0545] {processor.py:208} INFO - Processing /home/ashok/miniconda3/envs/mysecondenvironment/lib/python3.8/site-packages/airflow/example_dags/example_workday_timetable.py took 0.114 seconds
[2025-09-06T19:16:15.798+0545] {processor.py:186} INFO - Started process (PID=34480) to work on /home/ashok/miniconda3/envs/mysecondenvironment/lib/python3.8/site-packages/airflow/example_dags/example_workday_timetable.py
[2025-09-06T19:16:15.800+0545] {processor.py:914} INFO - Processing file /home/ashok/miniconda3/envs/mysecondenvironment/lib/python3.8/site-packages/airflow/example_dags/example_workday_timetable.py for tasks to queue
[2025-09-06T19:16:15.803+0545] {logging_mixin.py:190} INFO - [2025-09-06T19:16:15.802+0545] {dagbag.py:588} INFO - Filling up the DagBag from /home/ashok/miniconda3/envs/mysecondenvironment/lib/python3.8/site-packages/airflow/example_dags/example_workday_timetable.py
[2025-09-06T19:16:15.810+0545] {processor.py:925} INFO - DAG(s) 'example_workday_timetable' retrieved from /home/ashok/miniconda3/envs/mysecondenvironment/lib/python3.8/site-packages/airflow/example_dags/example_workday_timetable.py
[2025-09-06T19:16:15.825+0545] {logging_mixin.py:190} INFO - [2025-09-06T19:16:15.825+0545] {dag.py:3239} INFO - Sync 1 DAGs
[2025-09-06T19:16:15.875+0545] {logging_mixin.py:190} INFO - [2025-09-06T19:16:15.874+0545] {dag.py:4180} INFO - Setting next_dagrun for example_workday_timetable to 2021-01-04 00:00:00+00:00, run_after=2021-01-05 00:00:00+00:00
[2025-09-06T19:16:15.899+0545] {processor.py:208} INFO - Processing /home/ashok/miniconda3/envs/mysecondenvironment/lib/python3.8/site-packages/airflow/example_dags/example_workday_timetable.py took 0.109 seconds
[2025-09-06T19:17:15.004+0545] {processor.py:186} INFO - Started process (PID=34927) to work on /home/ashok/miniconda3/envs/mysecondenvironment/lib/python3.8/site-packages/airflow/example_dags/example_workday_timetable.py
[2025-09-06T19:17:15.007+0545] {processor.py:914} INFO - Processing file /home/ashok/miniconda3/envs/mysecondenvironment/lib/python3.8/site-packages/airflow/example_dags/example_workday_timetable.py for tasks to queue
[2025-09-06T19:17:15.009+0545] {logging_mixin.py:190} INFO - [2025-09-06T19:17:15.009+0545] {dagbag.py:588} INFO - Filling up the DagBag from /home/ashok/miniconda3/envs/mysecondenvironment/lib/python3.8/site-packages/airflow/example_dags/example_workday_timetable.py
[2025-09-06T19:17:15.017+0545] {processor.py:925} INFO - DAG(s) 'example_workday_timetable' retrieved from /home/ashok/miniconda3/envs/mysecondenvironment/lib/python3.8/site-packages/airflow/example_dags/example_workday_timetable.py
[2025-09-06T19:17:15.033+0545] {logging_mixin.py:190} INFO - [2025-09-06T19:17:15.033+0545] {dag.py:3239} INFO - Sync 1 DAGs
[2025-09-06T19:17:15.083+0545] {logging_mixin.py:190} INFO - [2025-09-06T19:17:15.083+0545] {dag.py:4180} INFO - Setting next_dagrun for example_workday_timetable to 2021-01-04 00:00:00+00:00, run_after=2021-01-05 00:00:00+00:00
[2025-09-06T19:17:15.109+0545] {processor.py:208} INFO - Processing /home/ashok/miniconda3/envs/mysecondenvironment/lib/python3.8/site-packages/airflow/example_dags/example_workday_timetable.py took 0.113 seconds
[2025-09-06T19:18:15.998+0545] {processor.py:186} INFO - Started process (PID=35316) to work on /home/ashok/miniconda3/envs/mysecondenvironment/lib/python3.8/site-packages/airflow/example_dags/example_workday_timetable.py
[2025-09-06T19:18:16.000+0545] {processor.py:914} INFO - Processing file /home/ashok/miniconda3/envs/mysecondenvironment/lib/python3.8/site-packages/airflow/example_dags/example_workday_timetable.py for tasks to queue
[2025-09-06T19:18:16.003+0545] {logging_mixin.py:190} INFO - [2025-09-06T19:18:16.003+0545] {dagbag.py:588} INFO - Filling up the DagBag from /home/ashok/miniconda3/envs/mysecondenvironment/lib/python3.8/site-packages/airflow/example_dags/example_workday_timetable.py
[2025-09-06T19:18:16.012+0545] {processor.py:925} INFO - DAG(s) 'example_workday_timetable' retrieved from /home/ashok/miniconda3/envs/mysecondenvironment/lib/python3.8/site-packages/airflow/example_dags/example_workday_timetable.py
[2025-09-06T19:18:16.029+0545] {logging_mixin.py:190} INFO - [2025-09-06T19:18:16.028+0545] {dag.py:3239} INFO - Sync 1 DAGs
[2025-09-06T19:18:16.079+0545] {logging_mixin.py:190} INFO - [2025-09-06T19:18:16.079+0545] {dag.py:4180} INFO - Setting next_dagrun for example_workday_timetable to 2021-01-04 00:00:00+00:00, run_after=2021-01-05 00:00:00+00:00
[2025-09-06T19:18:16.106+0545] {processor.py:208} INFO - Processing /home/ashok/miniconda3/envs/mysecondenvironment/lib/python3.8/site-packages/airflow/example_dags/example_workday_timetable.py took 0.116 seconds
[2025-09-06T19:19:21.664+0545] {processor.py:186} INFO - Started process (PID=35859) to work on /home/ashok/miniconda3/envs/mysecondenvironment/lib/python3.8/site-packages/airflow/example_dags/example_workday_timetable.py
[2025-09-06T19:19:21.667+0545] {processor.py:914} INFO - Processing file /home/ashok/miniconda3/envs/mysecondenvironment/lib/python3.8/site-packages/airflow/example_dags/example_workday_timetable.py for tasks to queue
[2025-09-06T19:19:21.671+0545] {logging_mixin.py:190} INFO - [2025-09-06T19:19:21.671+0545] {dagbag.py:588} INFO - Filling up the DagBag from /home/ashok/miniconda3/envs/mysecondenvironment/lib/python3.8/site-packages/airflow/example_dags/example_workday_timetable.py
[2025-09-06T19:19:21.684+0545] {processor.py:925} INFO - DAG(s) 'example_workday_timetable' retrieved from /home/ashok/miniconda3/envs/mysecondenvironment/lib/python3.8/site-packages/airflow/example_dags/example_workday_timetable.py
[2025-09-06T19:19:21.707+0545] {logging_mixin.py:190} INFO - [2025-09-06T19:19:21.707+0545] {dag.py:3239} INFO - Sync 1 DAGs
[2025-09-06T19:19:21.765+0545] {logging_mixin.py:190} INFO - [2025-09-06T19:19:21.765+0545] {dag.py:4180} INFO - Setting next_dagrun for example_workday_timetable to 2021-01-04 00:00:00+00:00, run_after=2021-01-05 00:00:00+00:00
[2025-09-06T19:19:21.799+0545] {processor.py:208} INFO - Processing /home/ashok/miniconda3/envs/mysecondenvironment/lib/python3.8/site-packages/airflow/example_dags/example_workday_timetable.py took 0.146 seconds
[2025-09-06T19:20:22.003+0545] {processor.py:186} INFO - Started process (PID=36274) to work on /home/ashok/miniconda3/envs/mysecondenvironment/lib/python3.8/site-packages/airflow/example_dags/example_workday_timetable.py
[2025-09-06T19:20:22.005+0545] {processor.py:914} INFO - Processing file /home/ashok/miniconda3/envs/mysecondenvironment/lib/python3.8/site-packages/airflow/example_dags/example_workday_timetable.py for tasks to queue
[2025-09-06T19:20:22.009+0545] {logging_mixin.py:190} INFO - [2025-09-06T19:20:22.008+0545] {dagbag.py:588} INFO - Filling up the DagBag from /home/ashok/miniconda3/envs/mysecondenvironment/lib/python3.8/site-packages/airflow/example_dags/example_workday_timetable.py
[2025-09-06T19:20:22.017+0545] {processor.py:925} INFO - DAG(s) 'example_workday_timetable' retrieved from /home/ashok/miniconda3/envs/mysecondenvironment/lib/python3.8/site-packages/airflow/example_dags/example_workday_timetable.py
[2025-09-06T19:20:22.033+0545] {logging_mixin.py:190} INFO - [2025-09-06T19:20:22.033+0545] {dag.py:3239} INFO - Sync 1 DAGs
[2025-09-06T19:20:22.083+0545] {logging_mixin.py:190} INFO - [2025-09-06T19:20:22.083+0545] {dag.py:4180} INFO - Setting next_dagrun for example_workday_timetable to 2021-01-04 00:00:00+00:00, run_after=2021-01-05 00:00:00+00:00
[2025-09-06T19:20:22.111+0545] {processor.py:208} INFO - Processing /home/ashok/miniconda3/envs/mysecondenvironment/lib/python3.8/site-packages/airflow/example_dags/example_workday_timetable.py took 0.115 seconds
[2025-09-06T19:21:22.906+0545] {processor.py:186} INFO - Started process (PID=36718) to work on /home/ashok/miniconda3/envs/mysecondenvironment/lib/python3.8/site-packages/airflow/example_dags/example_workday_timetable.py
[2025-09-06T19:21:22.908+0545] {processor.py:914} INFO - Processing file /home/ashok/miniconda3/envs/mysecondenvironment/lib/python3.8/site-packages/airflow/example_dags/example_workday_timetable.py for tasks to queue
[2025-09-06T19:21:22.912+0545] {logging_mixin.py:190} INFO - [2025-09-06T19:21:22.912+0545] {dagbag.py:588} INFO - Filling up the DagBag from /home/ashok/miniconda3/envs/mysecondenvironment/lib/python3.8/site-packages/airflow/example_dags/example_workday_timetable.py
[2025-09-06T19:21:22.921+0545] {processor.py:925} INFO - DAG(s) 'example_workday_timetable' retrieved from /home/ashok/miniconda3/envs/mysecondenvironment/lib/python3.8/site-packages/airflow/example_dags/example_workday_timetable.py
[2025-09-06T19:21:22.939+0545] {logging_mixin.py:190} INFO - [2025-09-06T19:21:22.938+0545] {dag.py:3239} INFO - Sync 1 DAGs
[2025-09-06T19:21:22.990+0545] {logging_mixin.py:190} INFO - [2025-09-06T19:21:22.990+0545] {dag.py:4180} INFO - Setting next_dagrun for example_workday_timetable to 2021-01-04 00:00:00+00:00, run_after=2021-01-05 00:00:00+00:00
[2025-09-06T19:21:23.016+0545] {processor.py:208} INFO - Processing /home/ashok/miniconda3/envs/mysecondenvironment/lib/python3.8/site-packages/airflow/example_dags/example_workday_timetable.py took 0.119 seconds
[2025-09-06T19:22:24.336+0545] {processor.py:186} INFO - Started process (PID=37240) to work on /home/ashok/miniconda3/envs/mysecondenvironment/lib/python3.8/site-packages/airflow/example_dags/example_workday_timetable.py
[2025-09-06T19:22:24.339+0545] {processor.py:914} INFO - Processing file /home/ashok/miniconda3/envs/mysecondenvironment/lib/python3.8/site-packages/airflow/example_dags/example_workday_timetable.py for tasks to queue
[2025-09-06T19:22:24.341+0545] {logging_mixin.py:190} INFO - [2025-09-06T19:22:24.341+0545] {dagbag.py:588} INFO - Filling up the DagBag from /home/ashok/miniconda3/envs/mysecondenvironment/lib/python3.8/site-packages/airflow/example_dags/example_workday_timetable.py
[2025-09-06T19:22:24.349+0545] {processor.py:925} INFO - DAG(s) 'example_workday_timetable' retrieved from /home/ashok/miniconda3/envs/mysecondenvironment/lib/python3.8/site-packages/airflow/example_dags/example_workday_timetable.py
[2025-09-06T19:22:24.366+0545] {logging_mixin.py:190} INFO - [2025-09-06T19:22:24.365+0545] {dag.py:3239} INFO - Sync 1 DAGs
[2025-09-06T19:22:24.416+0545] {logging_mixin.py:190} INFO - [2025-09-06T19:22:24.415+0545] {dag.py:4180} INFO - Setting next_dagrun for example_workday_timetable to 2021-01-04 00:00:00+00:00, run_after=2021-01-05 00:00:00+00:00
[2025-09-06T19:22:24.441+0545] {processor.py:208} INFO - Processing /home/ashok/miniconda3/envs/mysecondenvironment/lib/python3.8/site-packages/airflow/example_dags/example_workday_timetable.py took 0.112 seconds
[2025-09-06T19:23:25.290+0545] {processor.py:186} INFO - Started process (PID=37641) to work on /home/ashok/miniconda3/envs/mysecondenvironment/lib/python3.8/site-packages/airflow/example_dags/example_workday_timetable.py
[2025-09-06T19:23:25.293+0545] {processor.py:914} INFO - Processing file /home/ashok/miniconda3/envs/mysecondenvironment/lib/python3.8/site-packages/airflow/example_dags/example_workday_timetable.py for tasks to queue
[2025-09-06T19:23:25.295+0545] {logging_mixin.py:190} INFO - [2025-09-06T19:23:25.295+0545] {dagbag.py:588} INFO - Filling up the DagBag from /home/ashok/miniconda3/envs/mysecondenvironment/lib/python3.8/site-packages/airflow/example_dags/example_workday_timetable.py
[2025-09-06T19:23:25.303+0545] {processor.py:925} INFO - DAG(s) 'example_workday_timetable' retrieved from /home/ashok/miniconda3/envs/mysecondenvironment/lib/python3.8/site-packages/airflow/example_dags/example_workday_timetable.py
[2025-09-06T19:23:25.320+0545] {logging_mixin.py:190} INFO - [2025-09-06T19:23:25.319+0545] {dag.py:3239} INFO - Sync 1 DAGs
[2025-09-06T19:23:25.370+0545] {logging_mixin.py:190} INFO - [2025-09-06T19:23:25.370+0545] {dag.py:4180} INFO - Setting next_dagrun for example_workday_timetable to 2021-01-04 00:00:00+00:00, run_after=2021-01-05 00:00:00+00:00
[2025-09-06T19:23:25.397+0545] {processor.py:208} INFO - Processing /home/ashok/miniconda3/envs/mysecondenvironment/lib/python3.8/site-packages/airflow/example_dags/example_workday_timetable.py took 0.116 seconds
[2025-09-06T19:24:34.578+0545] {processor.py:186} INFO - Started process (PID=38275) to work on /home/ashok/miniconda3/envs/mysecondenvironment/lib/python3.8/site-packages/airflow/example_dags/example_workday_timetable.py
[2025-09-06T19:24:34.581+0545] {processor.py:914} INFO - Processing file /home/ashok/miniconda3/envs/mysecondenvironment/lib/python3.8/site-packages/airflow/example_dags/example_workday_timetable.py for tasks to queue
[2025-09-06T19:24:34.584+0545] {logging_mixin.py:190} INFO - [2025-09-06T19:24:34.583+0545] {dagbag.py:588} INFO - Filling up the DagBag from /home/ashok/miniconda3/envs/mysecondenvironment/lib/python3.8/site-packages/airflow/example_dags/example_workday_timetable.py
[2025-09-06T19:24:34.591+0545] {processor.py:925} INFO - DAG(s) 'example_workday_timetable' retrieved from /home/ashok/miniconda3/envs/mysecondenvironment/lib/python3.8/site-packages/airflow/example_dags/example_workday_timetable.py
[2025-09-06T19:24:34.609+0545] {logging_mixin.py:190} INFO - [2025-09-06T19:24:34.609+0545] {dag.py:3239} INFO - Sync 1 DAGs
[2025-09-06T19:24:34.940+0545] {logging_mixin.py:190} INFO - [2025-09-06T19:24:34.940+0545] {dag.py:4180} INFO - Setting next_dagrun for example_workday_timetable to 2021-01-04 00:00:00+00:00, run_after=2021-01-05 00:00:00+00:00
[2025-09-06T19:24:34.969+0545] {processor.py:208} INFO - Processing /home/ashok/miniconda3/envs/mysecondenvironment/lib/python3.8/site-packages/airflow/example_dags/example_workday_timetable.py took 0.399 seconds
[2025-09-06T19:25:44.858+0545] {processor.py:186} INFO - Started process (PID=38869) to work on /home/ashok/miniconda3/envs/mysecondenvironment/lib/python3.8/site-packages/airflow/example_dags/example_workday_timetable.py
[2025-09-06T19:25:44.860+0545] {processor.py:914} INFO - Processing file /home/ashok/miniconda3/envs/mysecondenvironment/lib/python3.8/site-packages/airflow/example_dags/example_workday_timetable.py for tasks to queue
[2025-09-06T19:25:44.864+0545] {logging_mixin.py:190} INFO - [2025-09-06T19:25:44.864+0545] {dagbag.py:588} INFO - Filling up the DagBag from /home/ashok/miniconda3/envs/mysecondenvironment/lib/python3.8/site-packages/airflow/example_dags/example_workday_timetable.py
[2025-09-06T19:25:44.871+0545] {processor.py:925} INFO - DAG(s) 'example_workday_timetable' retrieved from /home/ashok/miniconda3/envs/mysecondenvironment/lib/python3.8/site-packages/airflow/example_dags/example_workday_timetable.py
[2025-09-06T19:25:44.888+0545] {logging_mixin.py:190} INFO - [2025-09-06T19:25:44.888+0545] {dag.py:3239} INFO - Sync 1 DAGs
[2025-09-06T19:25:44.941+0545] {logging_mixin.py:190} INFO - [2025-09-06T19:25:44.941+0545] {dag.py:4180} INFO - Setting next_dagrun for example_workday_timetable to 2021-01-04 00:00:00+00:00, run_after=2021-01-05 00:00:00+00:00
[2025-09-06T19:25:44.968+0545] {processor.py:208} INFO - Processing /home/ashok/miniconda3/envs/mysecondenvironment/lib/python3.8/site-packages/airflow/example_dags/example_workday_timetable.py took 0.118 seconds
[2025-09-06T19:26:46.452+0545] {processor.py:186} INFO - Started process (PID=39455) to work on /home/ashok/miniconda3/envs/mysecondenvironment/lib/python3.8/site-packages/airflow/example_dags/example_workday_timetable.py
[2025-09-06T19:26:46.454+0545] {processor.py:914} INFO - Processing file /home/ashok/miniconda3/envs/mysecondenvironment/lib/python3.8/site-packages/airflow/example_dags/example_workday_timetable.py for tasks to queue
[2025-09-06T19:26:46.457+0545] {logging_mixin.py:190} INFO - [2025-09-06T19:26:46.457+0545] {dagbag.py:588} INFO - Filling up the DagBag from /home/ashok/miniconda3/envs/mysecondenvironment/lib/python3.8/site-packages/airflow/example_dags/example_workday_timetable.py
[2025-09-06T19:26:46.464+0545] {processor.py:925} INFO - DAG(s) 'example_workday_timetable' retrieved from /home/ashok/miniconda3/envs/mysecondenvironment/lib/python3.8/site-packages/airflow/example_dags/example_workday_timetable.py
[2025-09-06T19:26:46.480+0545] {logging_mixin.py:190} INFO - [2025-09-06T19:26:46.480+0545] {dag.py:3239} INFO - Sync 1 DAGs
[2025-09-06T19:26:46.534+0545] {logging_mixin.py:190} INFO - [2025-09-06T19:26:46.534+0545] {dag.py:4180} INFO - Setting next_dagrun for example_workday_timetable to 2021-01-04 00:00:00+00:00, run_after=2021-01-05 00:00:00+00:00
[2025-09-06T19:26:46.560+0545] {processor.py:208} INFO - Processing /home/ashok/miniconda3/envs/mysecondenvironment/lib/python3.8/site-packages/airflow/example_dags/example_workday_timetable.py took 0.115 seconds
[2025-09-06T19:27:47.121+0545] {processor.py:186} INFO - Started process (PID=39854) to work on /home/ashok/miniconda3/envs/mysecondenvironment/lib/python3.8/site-packages/airflow/example_dags/example_workday_timetable.py
[2025-09-06T19:27:47.123+0545] {processor.py:914} INFO - Processing file /home/ashok/miniconda3/envs/mysecondenvironment/lib/python3.8/site-packages/airflow/example_dags/example_workday_timetable.py for tasks to queue
[2025-09-06T19:27:47.126+0545] {logging_mixin.py:190} INFO - [2025-09-06T19:27:47.126+0545] {dagbag.py:588} INFO - Filling up the DagBag from /home/ashok/miniconda3/envs/mysecondenvironment/lib/python3.8/site-packages/airflow/example_dags/example_workday_timetable.py
[2025-09-06T19:27:47.134+0545] {processor.py:925} INFO - DAG(s) 'example_workday_timetable' retrieved from /home/ashok/miniconda3/envs/mysecondenvironment/lib/python3.8/site-packages/airflow/example_dags/example_workday_timetable.py
[2025-09-06T19:27:47.150+0545] {logging_mixin.py:190} INFO - [2025-09-06T19:27:47.149+0545] {dag.py:3239} INFO - Sync 1 DAGs
[2025-09-06T19:27:47.200+0545] {logging_mixin.py:190} INFO - [2025-09-06T19:27:47.200+0545] {dag.py:4180} INFO - Setting next_dagrun for example_workday_timetable to 2021-01-04 00:00:00+00:00, run_after=2021-01-05 00:00:00+00:00
[2025-09-06T19:27:47.228+0545] {processor.py:208} INFO - Processing /home/ashok/miniconda3/envs/mysecondenvironment/lib/python3.8/site-packages/airflow/example_dags/example_workday_timetable.py took 0.115 seconds
[2025-09-06T19:28:46.084+0545] {processor.py:186} INFO - Started process (PID=40333) to work on /home/ashok/miniconda3/envs/mysecondenvironment/lib/python3.8/site-packages/airflow/example_dags/example_workday_timetable.py
[2025-09-06T19:28:46.087+0545] {processor.py:914} INFO - Processing file /home/ashok/miniconda3/envs/mysecondenvironment/lib/python3.8/site-packages/airflow/example_dags/example_workday_timetable.py for tasks to queue
[2025-09-06T19:28:46.090+0545] {logging_mixin.py:190} INFO - [2025-09-06T19:28:46.089+0545] {dagbag.py:588} INFO - Filling up the DagBag from /home/ashok/miniconda3/envs/mysecondenvironment/lib/python3.8/site-packages/airflow/example_dags/example_workday_timetable.py
[2025-09-06T19:28:46.097+0545] {processor.py:925} INFO - DAG(s) 'example_workday_timetable' retrieved from /home/ashok/miniconda3/envs/mysecondenvironment/lib/python3.8/site-packages/airflow/example_dags/example_workday_timetable.py
[2025-09-06T19:28:46.114+0545] {logging_mixin.py:190} INFO - [2025-09-06T19:28:46.113+0545] {dag.py:3239} INFO - Sync 1 DAGs
[2025-09-06T19:28:46.173+0545] {logging_mixin.py:190} INFO - [2025-09-06T19:28:46.173+0545] {dag.py:4180} INFO - Setting next_dagrun for example_workday_timetable to 2021-01-04 00:00:00+00:00, run_after=2021-01-05 00:00:00+00:00
[2025-09-06T19:28:46.202+0545] {processor.py:208} INFO - Processing /home/ashok/miniconda3/envs/mysecondenvironment/lib/python3.8/site-packages/airflow/example_dags/example_workday_timetable.py took 0.125 seconds
[2025-09-06T19:29:46.404+0545] {processor.py:186} INFO - Started process (PID=40954) to work on /home/ashok/miniconda3/envs/mysecondenvironment/lib/python3.8/site-packages/airflow/example_dags/example_workday_timetable.py
[2025-09-06T19:29:46.405+0545] {processor.py:914} INFO - Processing file /home/ashok/miniconda3/envs/mysecondenvironment/lib/python3.8/site-packages/airflow/example_dags/example_workday_timetable.py for tasks to queue
[2025-09-06T19:29:46.407+0545] {logging_mixin.py:190} INFO - [2025-09-06T19:29:46.407+0545] {dagbag.py:588} INFO - Filling up the DagBag from /home/ashok/miniconda3/envs/mysecondenvironment/lib/python3.8/site-packages/airflow/example_dags/example_workday_timetable.py
[2025-09-06T19:29:46.413+0545] {processor.py:925} INFO - DAG(s) 'example_workday_timetable' retrieved from /home/ashok/miniconda3/envs/mysecondenvironment/lib/python3.8/site-packages/airflow/example_dags/example_workday_timetable.py
[2025-09-06T19:29:46.426+0545] {logging_mixin.py:190} INFO - [2025-09-06T19:29:46.425+0545] {dag.py:3239} INFO - Sync 1 DAGs
[2025-09-06T19:29:46.462+0545] {logging_mixin.py:190} INFO - [2025-09-06T19:29:46.462+0545] {dag.py:4180} INFO - Setting next_dagrun for example_workday_timetable to 2021-01-04 00:00:00+00:00, run_after=2021-01-05 00:00:00+00:00
[2025-09-06T19:29:46.488+0545] {processor.py:208} INFO - Processing /home/ashok/miniconda3/envs/mysecondenvironment/lib/python3.8/site-packages/airflow/example_dags/example_workday_timetable.py took 0.089 seconds
[2025-09-06T19:30:46.089+0545] {processor.py:186} INFO - Started process (PID=41518) to work on /home/ashok/miniconda3/envs/mysecondenvironment/lib/python3.8/site-packages/airflow/example_dags/example_workday_timetable.py
[2025-09-06T19:30:46.092+0545] {processor.py:914} INFO - Processing file /home/ashok/miniconda3/envs/mysecondenvironment/lib/python3.8/site-packages/airflow/example_dags/example_workday_timetable.py for tasks to queue
[2025-09-06T19:30:46.094+0545] {logging_mixin.py:190} INFO - [2025-09-06T19:30:46.093+0545] {dagbag.py:588} INFO - Filling up the DagBag from /home/ashok/miniconda3/envs/mysecondenvironment/lib/python3.8/site-packages/airflow/example_dags/example_workday_timetable.py
[2025-09-06T19:30:46.100+0545] {processor.py:925} INFO - DAG(s) 'example_workday_timetable' retrieved from /home/ashok/miniconda3/envs/mysecondenvironment/lib/python3.8/site-packages/airflow/example_dags/example_workday_timetable.py
[2025-09-06T19:30:46.114+0545] {logging_mixin.py:190} INFO - [2025-09-06T19:30:46.114+0545] {dag.py:3239} INFO - Sync 1 DAGs
[2025-09-06T19:30:46.161+0545] {logging_mixin.py:190} INFO - [2025-09-06T19:30:46.161+0545] {dag.py:4180} INFO - Setting next_dagrun for example_workday_timetable to 2021-01-04 00:00:00+00:00, run_after=2021-01-05 00:00:00+00:00
[2025-09-06T19:30:46.185+0545] {processor.py:208} INFO - Processing /home/ashok/miniconda3/envs/mysecondenvironment/lib/python3.8/site-packages/airflow/example_dags/example_workday_timetable.py took 0.102 seconds
[2025-09-06T19:31:46.988+0545] {processor.py:186} INFO - Started process (PID=42103) to work on /home/ashok/miniconda3/envs/mysecondenvironment/lib/python3.8/site-packages/airflow/example_dags/example_workday_timetable.py
[2025-09-06T19:31:46.990+0545] {processor.py:914} INFO - Processing file /home/ashok/miniconda3/envs/mysecondenvironment/lib/python3.8/site-packages/airflow/example_dags/example_workday_timetable.py for tasks to queue
[2025-09-06T19:31:46.993+0545] {logging_mixin.py:190} INFO - [2025-09-06T19:31:46.992+0545] {dagbag.py:588} INFO - Filling up the DagBag from /home/ashok/miniconda3/envs/mysecondenvironment/lib/python3.8/site-packages/airflow/example_dags/example_workday_timetable.py
[2025-09-06T19:31:47.000+0545] {processor.py:925} INFO - DAG(s) 'example_workday_timetable' retrieved from /home/ashok/miniconda3/envs/mysecondenvironment/lib/python3.8/site-packages/airflow/example_dags/example_workday_timetable.py
[2025-09-06T19:31:47.018+0545] {logging_mixin.py:190} INFO - [2025-09-06T19:31:47.018+0545] {dag.py:3239} INFO - Sync 1 DAGs
[2025-09-06T19:31:47.074+0545] {logging_mixin.py:190} INFO - [2025-09-06T19:31:47.074+0545] {dag.py:4180} INFO - Setting next_dagrun for example_workday_timetable to 2021-01-04 00:00:00+00:00, run_after=2021-01-05 00:00:00+00:00
[2025-09-06T19:31:47.100+0545] {processor.py:208} INFO - Processing /home/ashok/miniconda3/envs/mysecondenvironment/lib/python3.8/site-packages/airflow/example_dags/example_workday_timetable.py took 0.120 seconds
[2025-09-06T19:32:47.426+0545] {processor.py:186} INFO - Started process (PID=42501) to work on /home/ashok/miniconda3/envs/mysecondenvironment/lib/python3.8/site-packages/airflow/example_dags/example_workday_timetable.py
[2025-09-06T19:32:47.428+0545] {processor.py:914} INFO - Processing file /home/ashok/miniconda3/envs/mysecondenvironment/lib/python3.8/site-packages/airflow/example_dags/example_workday_timetable.py for tasks to queue
[2025-09-06T19:32:47.431+0545] {logging_mixin.py:190} INFO - [2025-09-06T19:32:47.431+0545] {dagbag.py:588} INFO - Filling up the DagBag from /home/ashok/miniconda3/envs/mysecondenvironment/lib/python3.8/site-packages/airflow/example_dags/example_workday_timetable.py
[2025-09-06T19:32:47.439+0545] {processor.py:925} INFO - DAG(s) 'example_workday_timetable' retrieved from /home/ashok/miniconda3/envs/mysecondenvironment/lib/python3.8/site-packages/airflow/example_dags/example_workday_timetable.py
[2025-09-06T19:32:47.455+0545] {logging_mixin.py:190} INFO - [2025-09-06T19:32:47.455+0545] {dag.py:3239} INFO - Sync 1 DAGs
[2025-09-06T19:32:47.507+0545] {logging_mixin.py:190} INFO - [2025-09-06T19:32:47.506+0545] {dag.py:4180} INFO - Setting next_dagrun for example_workday_timetable to 2021-01-04 00:00:00+00:00, run_after=2021-01-05 00:00:00+00:00
[2025-09-06T19:32:47.534+0545] {processor.py:208} INFO - Processing /home/ashok/miniconda3/envs/mysecondenvironment/lib/python3.8/site-packages/airflow/example_dags/example_workday_timetable.py took 0.116 seconds
[2025-09-06T19:33:48.698+0545] {processor.py:186} INFO - Started process (PID=42901) to work on /home/ashok/miniconda3/envs/mysecondenvironment/lib/python3.8/site-packages/airflow/example_dags/example_workday_timetable.py
[2025-09-06T19:33:48.700+0545] {processor.py:914} INFO - Processing file /home/ashok/miniconda3/envs/mysecondenvironment/lib/python3.8/site-packages/airflow/example_dags/example_workday_timetable.py for tasks to queue
[2025-09-06T19:33:48.704+0545] {logging_mixin.py:190} INFO - [2025-09-06T19:33:48.703+0545] {dagbag.py:588} INFO - Filling up the DagBag from /home/ashok/miniconda3/envs/mysecondenvironment/lib/python3.8/site-packages/airflow/example_dags/example_workday_timetable.py
[2025-09-06T19:33:48.711+0545] {processor.py:925} INFO - DAG(s) 'example_workday_timetable' retrieved from /home/ashok/miniconda3/envs/mysecondenvironment/lib/python3.8/site-packages/airflow/example_dags/example_workday_timetable.py
[2025-09-06T19:33:48.727+0545] {logging_mixin.py:190} INFO - [2025-09-06T19:33:48.727+0545] {dag.py:3239} INFO - Sync 1 DAGs
[2025-09-06T19:33:48.779+0545] {logging_mixin.py:190} INFO - [2025-09-06T19:33:48.779+0545] {dag.py:4180} INFO - Setting next_dagrun for example_workday_timetable to 2021-01-04 00:00:00+00:00, run_after=2021-01-05 00:00:00+00:00
[2025-09-06T19:33:48.807+0545] {processor.py:208} INFO - Processing /home/ashok/miniconda3/envs/mysecondenvironment/lib/python3.8/site-packages/airflow/example_dags/example_workday_timetable.py took 0.116 seconds
[2025-09-06T19:34:49.283+0545] {processor.py:186} INFO - Started process (PID=43328) to work on /home/ashok/miniconda3/envs/mysecondenvironment/lib/python3.8/site-packages/airflow/example_dags/example_workday_timetable.py
[2025-09-06T19:34:49.287+0545] {processor.py:914} INFO - Processing file /home/ashok/miniconda3/envs/mysecondenvironment/lib/python3.8/site-packages/airflow/example_dags/example_workday_timetable.py for tasks to queue
[2025-09-06T19:34:49.291+0545] {logging_mixin.py:190} INFO - [2025-09-06T19:34:49.290+0545] {dagbag.py:588} INFO - Filling up the DagBag from /home/ashok/miniconda3/envs/mysecondenvironment/lib/python3.8/site-packages/airflow/example_dags/example_workday_timetable.py
[2025-09-06T19:34:49.299+0545] {processor.py:925} INFO - DAG(s) 'example_workday_timetable' retrieved from /home/ashok/miniconda3/envs/mysecondenvironment/lib/python3.8/site-packages/airflow/example_dags/example_workday_timetable.py
[2025-09-06T19:34:49.315+0545] {logging_mixin.py:190} INFO - [2025-09-06T19:34:49.315+0545] {dag.py:3239} INFO - Sync 1 DAGs
[2025-09-06T19:34:49.365+0545] {logging_mixin.py:190} INFO - [2025-09-06T19:34:49.364+0545] {dag.py:4180} INFO - Setting next_dagrun for example_workday_timetable to 2021-01-04 00:00:00+00:00, run_after=2021-01-05 00:00:00+00:00
[2025-09-06T19:34:49.391+0545] {processor.py:208} INFO - Processing /home/ashok/miniconda3/envs/mysecondenvironment/lib/python3.8/site-packages/airflow/example_dags/example_workday_timetable.py took 0.115 seconds
[2025-09-06T19:35:53.212+0545] {processor.py:186} INFO - Started process (PID=43856) to work on /home/ashok/miniconda3/envs/mysecondenvironment/lib/python3.8/site-packages/airflow/example_dags/example_workday_timetable.py
[2025-09-06T19:35:53.215+0545] {processor.py:914} INFO - Processing file /home/ashok/miniconda3/envs/mysecondenvironment/lib/python3.8/site-packages/airflow/example_dags/example_workday_timetable.py for tasks to queue
[2025-09-06T19:35:53.218+0545] {logging_mixin.py:190} INFO - [2025-09-06T19:35:53.217+0545] {dagbag.py:588} INFO - Filling up the DagBag from /home/ashok/miniconda3/envs/mysecondenvironment/lib/python3.8/site-packages/airflow/example_dags/example_workday_timetable.py
[2025-09-06T19:35:53.225+0545] {processor.py:925} INFO - DAG(s) 'example_workday_timetable' retrieved from /home/ashok/miniconda3/envs/mysecondenvironment/lib/python3.8/site-packages/airflow/example_dags/example_workday_timetable.py
[2025-09-06T19:35:53.242+0545] {logging_mixin.py:190} INFO - [2025-09-06T19:35:53.242+0545] {dag.py:3239} INFO - Sync 1 DAGs
[2025-09-06T19:35:53.291+0545] {logging_mixin.py:190} INFO - [2025-09-06T19:35:53.290+0545] {dag.py:4180} INFO - Setting next_dagrun for example_workday_timetable to 2021-01-04 00:00:00+00:00, run_after=2021-01-05 00:00:00+00:00
[2025-09-06T19:35:53.317+0545] {processor.py:208} INFO - Processing /home/ashok/miniconda3/envs/mysecondenvironment/lib/python3.8/site-packages/airflow/example_dags/example_workday_timetable.py took 0.115 seconds
[2025-09-06T19:36:53.093+0545] {processor.py:186} INFO - Started process (PID=44364) to work on /home/ashok/miniconda3/envs/mysecondenvironment/lib/python3.8/site-packages/airflow/example_dags/example_workday_timetable.py
[2025-09-06T19:36:53.096+0545] {processor.py:914} INFO - Processing file /home/ashok/miniconda3/envs/mysecondenvironment/lib/python3.8/site-packages/airflow/example_dags/example_workday_timetable.py for tasks to queue
[2025-09-06T19:36:53.098+0545] {logging_mixin.py:190} INFO - [2025-09-06T19:36:53.098+0545] {dagbag.py:588} INFO - Filling up the DagBag from /home/ashok/miniconda3/envs/mysecondenvironment/lib/python3.8/site-packages/airflow/example_dags/example_workday_timetable.py
[2025-09-06T19:36:53.106+0545] {processor.py:925} INFO - DAG(s) 'example_workday_timetable' retrieved from /home/ashok/miniconda3/envs/mysecondenvironment/lib/python3.8/site-packages/airflow/example_dags/example_workday_timetable.py
[2025-09-06T19:36:53.128+0545] {logging_mixin.py:190} INFO - [2025-09-06T19:36:53.128+0545] {dag.py:3239} INFO - Sync 1 DAGs
[2025-09-06T19:36:53.201+0545] {logging_mixin.py:190} INFO - [2025-09-06T19:36:53.200+0545] {dag.py:4180} INFO - Setting next_dagrun for example_workday_timetable to 2021-01-04 00:00:00+00:00, run_after=2021-01-05 00:00:00+00:00
[2025-09-06T19:36:53.234+0545] {processor.py:208} INFO - Processing /home/ashok/miniconda3/envs/mysecondenvironment/lib/python3.8/site-packages/airflow/example_dags/example_workday_timetable.py took 0.148 seconds
[2025-09-06T19:37:52.901+0545] {processor.py:186} INFO - Started process (PID=44760) to work on /home/ashok/miniconda3/envs/mysecondenvironment/lib/python3.8/site-packages/airflow/example_dags/example_workday_timetable.py
[2025-09-06T19:37:52.904+0545] {processor.py:914} INFO - Processing file /home/ashok/miniconda3/envs/mysecondenvironment/lib/python3.8/site-packages/airflow/example_dags/example_workday_timetable.py for tasks to queue
[2025-09-06T19:37:52.907+0545] {logging_mixin.py:190} INFO - [2025-09-06T19:37:52.906+0545] {dagbag.py:588} INFO - Filling up the DagBag from /home/ashok/miniconda3/envs/mysecondenvironment/lib/python3.8/site-packages/airflow/example_dags/example_workday_timetable.py
[2025-09-06T19:37:52.914+0545] {processor.py:925} INFO - DAG(s) 'example_workday_timetable' retrieved from /home/ashok/miniconda3/envs/mysecondenvironment/lib/python3.8/site-packages/airflow/example_dags/example_workday_timetable.py
[2025-09-06T19:37:52.931+0545] {logging_mixin.py:190} INFO - [2025-09-06T19:37:52.930+0545] {dag.py:3239} INFO - Sync 1 DAGs
[2025-09-06T19:37:52.980+0545] {logging_mixin.py:190} INFO - [2025-09-06T19:37:52.979+0545] {dag.py:4180} INFO - Setting next_dagrun for example_workday_timetable to 2021-01-04 00:00:00+00:00, run_after=2021-01-05 00:00:00+00:00
[2025-09-06T19:37:53.007+0545] {processor.py:208} INFO - Processing /home/ashok/miniconda3/envs/mysecondenvironment/lib/python3.8/site-packages/airflow/example_dags/example_workday_timetable.py took 0.112 seconds
[2025-09-06T19:38:53.720+0545] {processor.py:186} INFO - Started process (PID=45196) to work on /home/ashok/miniconda3/envs/mysecondenvironment/lib/python3.8/site-packages/airflow/example_dags/example_workday_timetable.py
[2025-09-06T19:38:53.722+0545] {processor.py:914} INFO - Processing file /home/ashok/miniconda3/envs/mysecondenvironment/lib/python3.8/site-packages/airflow/example_dags/example_workday_timetable.py for tasks to queue
[2025-09-06T19:38:53.725+0545] {logging_mixin.py:190} INFO - [2025-09-06T19:38:53.724+0545] {dagbag.py:588} INFO - Filling up the DagBag from /home/ashok/miniconda3/envs/mysecondenvironment/lib/python3.8/site-packages/airflow/example_dags/example_workday_timetable.py
[2025-09-06T19:38:53.732+0545] {processor.py:925} INFO - DAG(s) 'example_workday_timetable' retrieved from /home/ashok/miniconda3/envs/mysecondenvironment/lib/python3.8/site-packages/airflow/example_dags/example_workday_timetable.py
[2025-09-06T19:38:53.749+0545] {logging_mixin.py:190} INFO - [2025-09-06T19:38:53.749+0545] {dag.py:3239} INFO - Sync 1 DAGs
[2025-09-06T19:38:53.798+0545] {logging_mixin.py:190} INFO - [2025-09-06T19:38:53.798+0545] {dag.py:4180} INFO - Setting next_dagrun for example_workday_timetable to 2021-01-04 00:00:00+00:00, run_after=2021-01-05 00:00:00+00:00
[2025-09-06T19:38:53.824+0545] {processor.py:208} INFO - Processing /home/ashok/miniconda3/envs/mysecondenvironment/lib/python3.8/site-packages/airflow/example_dags/example_workday_timetable.py took 0.112 seconds
[2025-09-06T19:39:52.489+0545] {processor.py:186} INFO - Started process (PID=45582) to work on /home/ashok/miniconda3/envs/mysecondenvironment/lib/python3.8/site-packages/airflow/example_dags/example_workday_timetable.py
[2025-09-06T19:39:52.492+0545] {processor.py:914} INFO - Processing file /home/ashok/miniconda3/envs/mysecondenvironment/lib/python3.8/site-packages/airflow/example_dags/example_workday_timetable.py for tasks to queue
[2025-09-06T19:39:52.495+0545] {logging_mixin.py:190} INFO - [2025-09-06T19:39:52.494+0545] {dagbag.py:588} INFO - Filling up the DagBag from /home/ashok/miniconda3/envs/mysecondenvironment/lib/python3.8/site-packages/airflow/example_dags/example_workday_timetable.py
[2025-09-06T19:39:52.503+0545] {processor.py:925} INFO - DAG(s) 'example_workday_timetable' retrieved from /home/ashok/miniconda3/envs/mysecondenvironment/lib/python3.8/site-packages/airflow/example_dags/example_workday_timetable.py
[2025-09-06T19:39:52.519+0545] {logging_mixin.py:190} INFO - [2025-09-06T19:39:52.519+0545] {dag.py:3239} INFO - Sync 1 DAGs
[2025-09-06T19:39:52.570+0545] {logging_mixin.py:190} INFO - [2025-09-06T19:39:52.570+0545] {dag.py:4180} INFO - Setting next_dagrun for example_workday_timetable to 2021-01-04 00:00:00+00:00, run_after=2021-01-05 00:00:00+00:00
[2025-09-06T19:39:52.596+0545] {processor.py:208} INFO - Processing /home/ashok/miniconda3/envs/mysecondenvironment/lib/python3.8/site-packages/airflow/example_dags/example_workday_timetable.py took 0.114 seconds
[2025-09-06T19:40:51.558+0545] {processor.py:186} INFO - Started process (PID=46024) to work on /home/ashok/miniconda3/envs/mysecondenvironment/lib/python3.8/site-packages/airflow/example_dags/example_workday_timetable.py
[2025-09-06T19:40:51.560+0545] {processor.py:914} INFO - Processing file /home/ashok/miniconda3/envs/mysecondenvironment/lib/python3.8/site-packages/airflow/example_dags/example_workday_timetable.py for tasks to queue
[2025-09-06T19:40:51.563+0545] {logging_mixin.py:190} INFO - [2025-09-06T19:40:51.562+0545] {dagbag.py:588} INFO - Filling up the DagBag from /home/ashok/miniconda3/envs/mysecondenvironment/lib/python3.8/site-packages/airflow/example_dags/example_workday_timetable.py
[2025-09-06T19:40:51.571+0545] {processor.py:925} INFO - DAG(s) 'example_workday_timetable' retrieved from /home/ashok/miniconda3/envs/mysecondenvironment/lib/python3.8/site-packages/airflow/example_dags/example_workday_timetable.py
[2025-09-06T19:40:51.587+0545] {logging_mixin.py:190} INFO - [2025-09-06T19:40:51.587+0545] {dag.py:3239} INFO - Sync 1 DAGs
[2025-09-06T19:40:51.637+0545] {logging_mixin.py:190} INFO - [2025-09-06T19:40:51.636+0545] {dag.py:4180} INFO - Setting next_dagrun for example_workday_timetable to 2021-01-04 00:00:00+00:00, run_after=2021-01-05 00:00:00+00:00
[2025-09-06T19:40:51.663+0545] {processor.py:208} INFO - Processing /home/ashok/miniconda3/envs/mysecondenvironment/lib/python3.8/site-packages/airflow/example_dags/example_workday_timetable.py took 0.113 seconds
[2025-09-06T19:41:53.949+0545] {processor.py:186} INFO - Started process (PID=46657) to work on /home/ashok/miniconda3/envs/mysecondenvironment/lib/python3.8/site-packages/airflow/example_dags/example_workday_timetable.py
[2025-09-06T19:41:53.952+0545] {processor.py:914} INFO - Processing file /home/ashok/miniconda3/envs/mysecondenvironment/lib/python3.8/site-packages/airflow/example_dags/example_workday_timetable.py for tasks to queue
[2025-09-06T19:41:53.955+0545] {logging_mixin.py:190} INFO - [2025-09-06T19:41:53.954+0545] {dagbag.py:588} INFO - Filling up the DagBag from /home/ashok/miniconda3/envs/mysecondenvironment/lib/python3.8/site-packages/airflow/example_dags/example_workday_timetable.py
[2025-09-06T19:41:53.963+0545] {processor.py:925} INFO - DAG(s) 'example_workday_timetable' retrieved from /home/ashok/miniconda3/envs/mysecondenvironment/lib/python3.8/site-packages/airflow/example_dags/example_workday_timetable.py
[2025-09-06T19:41:53.980+0545] {logging_mixin.py:190} INFO - [2025-09-06T19:41:53.980+0545] {dag.py:3239} INFO - Sync 1 DAGs
[2025-09-06T19:41:54.031+0545] {logging_mixin.py:190} INFO - [2025-09-06T19:41:54.030+0545] {dag.py:4180} INFO - Setting next_dagrun for example_workday_timetable to 2021-01-04 00:00:00+00:00, run_after=2021-01-05 00:00:00+00:00
[2025-09-06T19:41:54.057+0545] {processor.py:208} INFO - Processing /home/ashok/miniconda3/envs/mysecondenvironment/lib/python3.8/site-packages/airflow/example_dags/example_workday_timetable.py took 0.115 seconds
[2025-09-06T19:42:53.756+0545] {processor.py:186} INFO - Started process (PID=47346) to work on /home/ashok/miniconda3/envs/mysecondenvironment/lib/python3.8/site-packages/airflow/example_dags/example_workday_timetable.py
[2025-09-06T19:42:53.759+0545] {processor.py:914} INFO - Processing file /home/ashok/miniconda3/envs/mysecondenvironment/lib/python3.8/site-packages/airflow/example_dags/example_workday_timetable.py for tasks to queue
[2025-09-06T19:42:53.761+0545] {logging_mixin.py:190} INFO - [2025-09-06T19:42:53.761+0545] {dagbag.py:588} INFO - Filling up the DagBag from /home/ashok/miniconda3/envs/mysecondenvironment/lib/python3.8/site-packages/airflow/example_dags/example_workday_timetable.py
[2025-09-06T19:42:53.769+0545] {processor.py:925} INFO - DAG(s) 'example_workday_timetable' retrieved from /home/ashok/miniconda3/envs/mysecondenvironment/lib/python3.8/site-packages/airflow/example_dags/example_workday_timetable.py
[2025-09-06T19:42:53.786+0545] {logging_mixin.py:190} INFO - [2025-09-06T19:42:53.786+0545] {dag.py:3239} INFO - Sync 1 DAGs
[2025-09-06T19:42:53.836+0545] {logging_mixin.py:190} INFO - [2025-09-06T19:42:53.835+0545] {dag.py:4180} INFO - Setting next_dagrun for example_workday_timetable to 2021-01-04 00:00:00+00:00, run_after=2021-01-05 00:00:00+00:00
[2025-09-06T19:42:53.859+0545] {processor.py:208} INFO - Processing /home/ashok/miniconda3/envs/mysecondenvironment/lib/python3.8/site-packages/airflow/example_dags/example_workday_timetable.py took 0.110 seconds
[2025-09-06T19:43:54.010+0545] {processor.py:186} INFO - Started process (PID=47825) to work on /home/ashok/miniconda3/envs/mysecondenvironment/lib/python3.8/site-packages/airflow/example_dags/example_workday_timetable.py
[2025-09-06T19:43:54.012+0545] {processor.py:914} INFO - Processing file /home/ashok/miniconda3/envs/mysecondenvironment/lib/python3.8/site-packages/airflow/example_dags/example_workday_timetable.py for tasks to queue
[2025-09-06T19:43:54.014+0545] {logging_mixin.py:190} INFO - [2025-09-06T19:43:54.014+0545] {dagbag.py:588} INFO - Filling up the DagBag from /home/ashok/miniconda3/envs/mysecondenvironment/lib/python3.8/site-packages/airflow/example_dags/example_workday_timetable.py
[2025-09-06T19:43:54.022+0545] {processor.py:925} INFO - DAG(s) 'example_workday_timetable' retrieved from /home/ashok/miniconda3/envs/mysecondenvironment/lib/python3.8/site-packages/airflow/example_dags/example_workday_timetable.py
[2025-09-06T19:43:54.040+0545] {logging_mixin.py:190} INFO - [2025-09-06T19:43:54.039+0545] {dag.py:3239} INFO - Sync 1 DAGs
[2025-09-06T19:43:54.097+0545] {logging_mixin.py:190} INFO - [2025-09-06T19:43:54.096+0545] {dag.py:4180} INFO - Setting next_dagrun for example_workday_timetable to 2021-01-04 00:00:00+00:00, run_after=2021-01-05 00:00:00+00:00
[2025-09-06T19:43:54.124+0545] {processor.py:208} INFO - Processing /home/ashok/miniconda3/envs/mysecondenvironment/lib/python3.8/site-packages/airflow/example_dags/example_workday_timetable.py took 0.122 seconds
[2025-09-06T19:44:53.319+0545] {processor.py:186} INFO - Started process (PID=48456) to work on /home/ashok/miniconda3/envs/mysecondenvironment/lib/python3.8/site-packages/airflow/example_dags/example_workday_timetable.py
[2025-09-06T19:44:53.321+0545] {processor.py:914} INFO - Processing file /home/ashok/miniconda3/envs/mysecondenvironment/lib/python3.8/site-packages/airflow/example_dags/example_workday_timetable.py for tasks to queue
[2025-09-06T19:44:53.325+0545] {logging_mixin.py:190} INFO - [2025-09-06T19:44:53.324+0545] {dagbag.py:588} INFO - Filling up the DagBag from /home/ashok/miniconda3/envs/mysecondenvironment/lib/python3.8/site-packages/airflow/example_dags/example_workday_timetable.py
[2025-09-06T19:44:53.332+0545] {processor.py:925} INFO - DAG(s) 'example_workday_timetable' retrieved from /home/ashok/miniconda3/envs/mysecondenvironment/lib/python3.8/site-packages/airflow/example_dags/example_workday_timetable.py
[2025-09-06T19:44:53.349+0545] {logging_mixin.py:190} INFO - [2025-09-06T19:44:53.349+0545] {dag.py:3239} INFO - Sync 1 DAGs
[2025-09-06T19:44:53.398+0545] {logging_mixin.py:190} INFO - [2025-09-06T19:44:53.398+0545] {dag.py:4180} INFO - Setting next_dagrun for example_workday_timetable to 2021-01-04 00:00:00+00:00, run_after=2021-01-05 00:00:00+00:00
[2025-09-06T19:44:53.422+0545] {processor.py:208} INFO - Processing /home/ashok/miniconda3/envs/mysecondenvironment/lib/python3.8/site-packages/airflow/example_dags/example_workday_timetable.py took 0.111 seconds
[2025-09-06T19:45:51.240+0545] {processor.py:186} INFO - Started process (PID=48844) to work on /home/ashok/miniconda3/envs/mysecondenvironment/lib/python3.8/site-packages/airflow/example_dags/example_workday_timetable.py
[2025-09-06T19:45:51.242+0545] {processor.py:914} INFO - Processing file /home/ashok/miniconda3/envs/mysecondenvironment/lib/python3.8/site-packages/airflow/example_dags/example_workday_timetable.py for tasks to queue
[2025-09-06T19:45:51.245+0545] {logging_mixin.py:190} INFO - [2025-09-06T19:45:51.244+0545] {dagbag.py:588} INFO - Filling up the DagBag from /home/ashok/miniconda3/envs/mysecondenvironment/lib/python3.8/site-packages/airflow/example_dags/example_workday_timetable.py
[2025-09-06T19:45:51.253+0545] {processor.py:925} INFO - DAG(s) 'example_workday_timetable' retrieved from /home/ashok/miniconda3/envs/mysecondenvironment/lib/python3.8/site-packages/airflow/example_dags/example_workday_timetable.py
[2025-09-06T19:45:51.271+0545] {logging_mixin.py:190} INFO - [2025-09-06T19:45:51.270+0545] {dag.py:3239} INFO - Sync 1 DAGs
[2025-09-06T19:45:51.324+0545] {logging_mixin.py:190} INFO - [2025-09-06T19:45:51.323+0545] {dag.py:4180} INFO - Setting next_dagrun for example_workday_timetable to 2021-01-04 00:00:00+00:00, run_after=2021-01-05 00:00:00+00:00
[2025-09-06T19:45:51.353+0545] {processor.py:208} INFO - Processing /home/ashok/miniconda3/envs/mysecondenvironment/lib/python3.8/site-packages/airflow/example_dags/example_workday_timetable.py took 0.120 seconds
[2025-09-06T19:46:51.872+0545] {processor.py:186} INFO - Started process (PID=49530) to work on /home/ashok/miniconda3/envs/mysecondenvironment/lib/python3.8/site-packages/airflow/example_dags/example_workday_timetable.py
[2025-09-06T19:46:51.874+0545] {processor.py:914} INFO - Processing file /home/ashok/miniconda3/envs/mysecondenvironment/lib/python3.8/site-packages/airflow/example_dags/example_workday_timetable.py for tasks to queue
[2025-09-06T19:46:51.877+0545] {logging_mixin.py:190} INFO - [2025-09-06T19:46:51.876+0545] {dagbag.py:588} INFO - Filling up the DagBag from /home/ashok/miniconda3/envs/mysecondenvironment/lib/python3.8/site-packages/airflow/example_dags/example_workday_timetable.py
[2025-09-06T19:46:51.884+0545] {processor.py:925} INFO - DAG(s) 'example_workday_timetable' retrieved from /home/ashok/miniconda3/envs/mysecondenvironment/lib/python3.8/site-packages/airflow/example_dags/example_workday_timetable.py
[2025-09-06T19:46:51.900+0545] {logging_mixin.py:190} INFO - [2025-09-06T19:46:51.899+0545] {dag.py:3239} INFO - Sync 1 DAGs
[2025-09-06T19:46:51.956+0545] {logging_mixin.py:190} INFO - [2025-09-06T19:46:51.955+0545] {dag.py:4180} INFO - Setting next_dagrun for example_workday_timetable to 2021-01-04 00:00:00+00:00, run_after=2021-01-05 00:00:00+00:00
[2025-09-06T19:46:51.986+0545] {processor.py:208} INFO - Processing /home/ashok/miniconda3/envs/mysecondenvironment/lib/python3.8/site-packages/airflow/example_dags/example_workday_timetable.py took 0.121 seconds
[2025-09-06T19:47:50.673+0545] {processor.py:186} INFO - Started process (PID=49949) to work on /home/ashok/miniconda3/envs/mysecondenvironment/lib/python3.8/site-packages/airflow/example_dags/example_workday_timetable.py
[2025-09-06T19:47:50.676+0545] {processor.py:914} INFO - Processing file /home/ashok/miniconda3/envs/mysecondenvironment/lib/python3.8/site-packages/airflow/example_dags/example_workday_timetable.py for tasks to queue
[2025-09-06T19:47:50.679+0545] {logging_mixin.py:190} INFO - [2025-09-06T19:47:50.678+0545] {dagbag.py:588} INFO - Filling up the DagBag from /home/ashok/miniconda3/envs/mysecondenvironment/lib/python3.8/site-packages/airflow/example_dags/example_workday_timetable.py
[2025-09-06T19:47:50.687+0545] {processor.py:925} INFO - DAG(s) 'example_workday_timetable' retrieved from /home/ashok/miniconda3/envs/mysecondenvironment/lib/python3.8/site-packages/airflow/example_dags/example_workday_timetable.py
[2025-09-06T19:47:50.703+0545] {logging_mixin.py:190} INFO - [2025-09-06T19:47:50.703+0545] {dag.py:3239} INFO - Sync 1 DAGs
[2025-09-06T19:47:50.754+0545] {logging_mixin.py:190} INFO - [2025-09-06T19:47:50.753+0545] {dag.py:4180} INFO - Setting next_dagrun for example_workday_timetable to 2021-01-04 00:00:00+00:00, run_after=2021-01-05 00:00:00+00:00
[2025-09-06T19:47:50.779+0545] {processor.py:208} INFO - Processing /home/ashok/miniconda3/envs/mysecondenvironment/lib/python3.8/site-packages/airflow/example_dags/example_workday_timetable.py took 0.114 seconds
