[2025-09-06T19:04:58.141+0545] {processor.py:186} INFO - Started process (PID=28258) to work on /home/ashok/miniconda3/envs/mysecondenvironment/lib/python3.8/site-packages/airflow/example_dags/tutorial_objectstorage.py
[2025-09-06T19:04:58.142+0545] {processor.py:914} INFO - Processing file /home/ashok/miniconda3/envs/mysecondenvironment/lib/python3.8/site-packages/airflow/example_dags/tutorial_objectstorage.py for tasks to queue
[2025-09-06T19:04:58.145+0545] {logging_mixin.py:190} INFO - [2025-09-06T19:04:58.144+0545] {dagbag.py:588} INFO - Filling up the DagBag from /home/ashok/miniconda3/envs/mysecondenvironment/lib/python3.8/site-packages/airflow/example_dags/tutorial_objectstorage.py
[2025-09-06T19:04:58.156+0545] {processor.py:925} INFO - DAG(s) 'tutorial_objectstorage' retrieved from /home/ashok/miniconda3/envs/mysecondenvironment/lib/python3.8/site-packages/airflow/example_dags/tutorial_objectstorage.py
[2025-09-06T19:04:58.175+0545] {logging_mixin.py:190} INFO - [2025-09-06T19:04:58.175+0545] {dag.py:3239} INFO - Sync 1 DAGs
[2025-09-06T19:04:58.188+0545] {logging_mixin.py:190} INFO - [2025-09-06T19:04:58.188+0545] {dag.py:4180} INFO - Setting next_dagrun for tutorial_objectstorage to None, run_after=None
[2025-09-06T19:04:58.219+0545] {processor.py:208} INFO - Processing /home/ashok/miniconda3/envs/mysecondenvironment/lib/python3.8/site-packages/airflow/example_dags/tutorial_objectstorage.py took 0.085 seconds
[2025-09-06T19:08:14.717+0545] {processor.py:186} INFO - Started process (PID=30909) to work on /home/ashok/miniconda3/envs/mysecondenvironment/lib/python3.8/site-packages/airflow/example_dags/tutorial_objectstorage.py
[2025-09-06T19:08:14.720+0545] {processor.py:914} INFO - Processing file /home/ashok/miniconda3/envs/mysecondenvironment/lib/python3.8/site-packages/airflow/example_dags/tutorial_objectstorage.py for tasks to queue
[2025-09-06T19:08:14.723+0545] {logging_mixin.py:190} INFO - [2025-09-06T19:08:14.723+0545] {dagbag.py:588} INFO - Filling up the DagBag from /home/ashok/miniconda3/envs/mysecondenvironment/lib/python3.8/site-packages/airflow/example_dags/tutorial_objectstorage.py
[2025-09-06T19:08:14.736+0545] {processor.py:925} INFO - DAG(s) 'tutorial_objectstorage' retrieved from /home/ashok/miniconda3/envs/mysecondenvironment/lib/python3.8/site-packages/airflow/example_dags/tutorial_objectstorage.py
[2025-09-06T19:08:14.752+0545] {logging_mixin.py:190} INFO - [2025-09-06T19:08:14.752+0545] {dag.py:3239} INFO - Sync 1 DAGs
[2025-09-06T19:08:14.765+0545] {logging_mixin.py:190} INFO - [2025-09-06T19:08:14.765+0545] {dag.py:4180} INFO - Setting next_dagrun for tutorial_objectstorage to None, run_after=None
[2025-09-06T19:08:14.793+0545] {processor.py:208} INFO - Processing /home/ashok/miniconda3/envs/mysecondenvironment/lib/python3.8/site-packages/airflow/example_dags/tutorial_objectstorage.py took 0.083 seconds
[2025-09-06T19:09:15.917+0545] {processor.py:186} INFO - Started process (PID=31386) to work on /home/ashok/miniconda3/envs/mysecondenvironment/lib/python3.8/site-packages/airflow/example_dags/tutorial_objectstorage.py
[2025-09-06T19:09:15.920+0545] {processor.py:914} INFO - Processing file /home/ashok/miniconda3/envs/mysecondenvironment/lib/python3.8/site-packages/airflow/example_dags/tutorial_objectstorage.py for tasks to queue
[2025-09-06T19:09:15.922+0545] {logging_mixin.py:190} INFO - [2025-09-06T19:09:15.922+0545] {dagbag.py:588} INFO - Filling up the DagBag from /home/ashok/miniconda3/envs/mysecondenvironment/lib/python3.8/site-packages/airflow/example_dags/tutorial_objectstorage.py
[2025-09-06T19:09:15.936+0545] {processor.py:925} INFO - DAG(s) 'tutorial_objectstorage' retrieved from /home/ashok/miniconda3/envs/mysecondenvironment/lib/python3.8/site-packages/airflow/example_dags/tutorial_objectstorage.py
[2025-09-06T19:09:15.952+0545] {logging_mixin.py:190} INFO - [2025-09-06T19:09:15.952+0545] {dag.py:3239} INFO - Sync 1 DAGs
[2025-09-06T19:09:15.965+0545] {logging_mixin.py:190} INFO - [2025-09-06T19:09:15.965+0545] {dag.py:4180} INFO - Setting next_dagrun for tutorial_objectstorage to None, run_after=None
[2025-09-06T19:09:15.992+0545] {processor.py:208} INFO - Processing /home/ashok/miniconda3/envs/mysecondenvironment/lib/python3.8/site-packages/airflow/example_dags/tutorial_objectstorage.py took 0.082 seconds
[2025-09-06T19:10:15.597+0545] {processor.py:186} INFO - Started process (PID=31825) to work on /home/ashok/miniconda3/envs/mysecondenvironment/lib/python3.8/site-packages/airflow/example_dags/tutorial_objectstorage.py
[2025-09-06T19:10:15.599+0545] {processor.py:914} INFO - Processing file /home/ashok/miniconda3/envs/mysecondenvironment/lib/python3.8/site-packages/airflow/example_dags/tutorial_objectstorage.py for tasks to queue
[2025-09-06T19:10:15.602+0545] {logging_mixin.py:190} INFO - [2025-09-06T19:10:15.602+0545] {dagbag.py:588} INFO - Filling up the DagBag from /home/ashok/miniconda3/envs/mysecondenvironment/lib/python3.8/site-packages/airflow/example_dags/tutorial_objectstorage.py
[2025-09-06T19:10:15.614+0545] {processor.py:925} INFO - DAG(s) 'tutorial_objectstorage' retrieved from /home/ashok/miniconda3/envs/mysecondenvironment/lib/python3.8/site-packages/airflow/example_dags/tutorial_objectstorage.py
[2025-09-06T19:10:15.630+0545] {logging_mixin.py:190} INFO - [2025-09-06T19:10:15.629+0545] {dag.py:3239} INFO - Sync 1 DAGs
[2025-09-06T19:10:15.642+0545] {logging_mixin.py:190} INFO - [2025-09-06T19:10:15.642+0545] {dag.py:4180} INFO - Setting next_dagrun for tutorial_objectstorage to None, run_after=None
[2025-09-06T19:10:15.669+0545] {processor.py:208} INFO - Processing /home/ashok/miniconda3/envs/mysecondenvironment/lib/python3.8/site-packages/airflow/example_dags/tutorial_objectstorage.py took 0.080 seconds
[2025-09-06T19:11:14.199+0545] {processor.py:186} INFO - Started process (PID=32248) to work on /home/ashok/miniconda3/envs/mysecondenvironment/lib/python3.8/site-packages/airflow/example_dags/tutorial_objectstorage.py
[2025-09-06T19:11:14.201+0545] {processor.py:914} INFO - Processing file /home/ashok/miniconda3/envs/mysecondenvironment/lib/python3.8/site-packages/airflow/example_dags/tutorial_objectstorage.py for tasks to queue
[2025-09-06T19:11:14.204+0545] {logging_mixin.py:190} INFO - [2025-09-06T19:11:14.204+0545] {dagbag.py:588} INFO - Filling up the DagBag from /home/ashok/miniconda3/envs/mysecondenvironment/lib/python3.8/site-packages/airflow/example_dags/tutorial_objectstorage.py
[2025-09-06T19:11:14.217+0545] {processor.py:925} INFO - DAG(s) 'tutorial_objectstorage' retrieved from /home/ashok/miniconda3/envs/mysecondenvironment/lib/python3.8/site-packages/airflow/example_dags/tutorial_objectstorage.py
[2025-09-06T19:11:14.236+0545] {logging_mixin.py:190} INFO - [2025-09-06T19:11:14.236+0545] {dag.py:3239} INFO - Sync 1 DAGs
[2025-09-06T19:11:14.253+0545] {logging_mixin.py:190} INFO - [2025-09-06T19:11:14.252+0545] {dag.py:4180} INFO - Setting next_dagrun for tutorial_objectstorage to None, run_after=None
[2025-09-06T19:11:14.283+0545] {processor.py:208} INFO - Processing /home/ashok/miniconda3/envs/mysecondenvironment/lib/python3.8/site-packages/airflow/example_dags/tutorial_objectstorage.py took 0.093 seconds
[2025-09-06T19:12:14.416+0545] {processor.py:186} INFO - Started process (PID=32667) to work on /home/ashok/miniconda3/envs/mysecondenvironment/lib/python3.8/site-packages/airflow/example_dags/tutorial_objectstorage.py
[2025-09-06T19:12:14.418+0545] {processor.py:914} INFO - Processing file /home/ashok/miniconda3/envs/mysecondenvironment/lib/python3.8/site-packages/airflow/example_dags/tutorial_objectstorage.py for tasks to queue
[2025-09-06T19:12:14.421+0545] {logging_mixin.py:190} INFO - [2025-09-06T19:12:14.420+0545] {dagbag.py:588} INFO - Filling up the DagBag from /home/ashok/miniconda3/envs/mysecondenvironment/lib/python3.8/site-packages/airflow/example_dags/tutorial_objectstorage.py
[2025-09-06T19:12:14.431+0545] {processor.py:925} INFO - DAG(s) 'tutorial_objectstorage' retrieved from /home/ashok/miniconda3/envs/mysecondenvironment/lib/python3.8/site-packages/airflow/example_dags/tutorial_objectstorage.py
[2025-09-06T19:12:14.446+0545] {logging_mixin.py:190} INFO - [2025-09-06T19:12:14.446+0545] {dag.py:3239} INFO - Sync 1 DAGs
[2025-09-06T19:12:14.460+0545] {logging_mixin.py:190} INFO - [2025-09-06T19:12:14.460+0545] {dag.py:4180} INFO - Setting next_dagrun for tutorial_objectstorage to None, run_after=None
[2025-09-06T19:12:14.484+0545] {processor.py:208} INFO - Processing /home/ashok/miniconda3/envs/mysecondenvironment/lib/python3.8/site-packages/airflow/example_dags/tutorial_objectstorage.py took 0.075 seconds
[2025-09-06T19:13:11.620+0545] {processor.py:186} INFO - Started process (PID=33135) to work on /home/ashok/miniconda3/envs/mysecondenvironment/lib/python3.8/site-packages/airflow/example_dags/tutorial_objectstorage.py
[2025-09-06T19:13:11.622+0545] {processor.py:914} INFO - Processing file /home/ashok/miniconda3/envs/mysecondenvironment/lib/python3.8/site-packages/airflow/example_dags/tutorial_objectstorage.py for tasks to queue
[2025-09-06T19:13:11.625+0545] {logging_mixin.py:190} INFO - [2025-09-06T19:13:11.624+0545] {dagbag.py:588} INFO - Filling up the DagBag from /home/ashok/miniconda3/envs/mysecondenvironment/lib/python3.8/site-packages/airflow/example_dags/tutorial_objectstorage.py
[2025-09-06T19:13:11.636+0545] {processor.py:925} INFO - DAG(s) 'tutorial_objectstorage' retrieved from /home/ashok/miniconda3/envs/mysecondenvironment/lib/python3.8/site-packages/airflow/example_dags/tutorial_objectstorage.py
[2025-09-06T19:13:11.656+0545] {logging_mixin.py:190} INFO - [2025-09-06T19:13:11.655+0545] {dag.py:3239} INFO - Sync 1 DAGs
[2025-09-06T19:13:11.668+0545] {logging_mixin.py:190} INFO - [2025-09-06T19:13:11.668+0545] {dag.py:4180} INFO - Setting next_dagrun for tutorial_objectstorage to None, run_after=None
[2025-09-06T19:13:11.697+0545] {processor.py:208} INFO - Processing /home/ashok/miniconda3/envs/mysecondenvironment/lib/python3.8/site-packages/airflow/example_dags/tutorial_objectstorage.py took 0.084 seconds
[2025-09-06T19:14:12.888+0545] {processor.py:186} INFO - Started process (PID=33532) to work on /home/ashok/miniconda3/envs/mysecondenvironment/lib/python3.8/site-packages/airflow/example_dags/tutorial_objectstorage.py
[2025-09-06T19:14:12.891+0545] {processor.py:914} INFO - Processing file /home/ashok/miniconda3/envs/mysecondenvironment/lib/python3.8/site-packages/airflow/example_dags/tutorial_objectstorage.py for tasks to queue
[2025-09-06T19:14:12.893+0545] {logging_mixin.py:190} INFO - [2025-09-06T19:14:12.893+0545] {dagbag.py:588} INFO - Filling up the DagBag from /home/ashok/miniconda3/envs/mysecondenvironment/lib/python3.8/site-packages/airflow/example_dags/tutorial_objectstorage.py
[2025-09-06T19:14:12.905+0545] {processor.py:925} INFO - DAG(s) 'tutorial_objectstorage' retrieved from /home/ashok/miniconda3/envs/mysecondenvironment/lib/python3.8/site-packages/airflow/example_dags/tutorial_objectstorage.py
[2025-09-06T19:14:12.922+0545] {logging_mixin.py:190} INFO - [2025-09-06T19:14:12.921+0545] {dag.py:3239} INFO - Sync 1 DAGs
[2025-09-06T19:14:12.934+0545] {logging_mixin.py:190} INFO - [2025-09-06T19:14:12.934+0545] {dag.py:4180} INFO - Setting next_dagrun for tutorial_objectstorage to None, run_after=None
[2025-09-06T19:14:12.960+0545] {processor.py:208} INFO - Processing /home/ashok/miniconda3/envs/mysecondenvironment/lib/python3.8/site-packages/airflow/example_dags/tutorial_objectstorage.py took 0.079 seconds
[2025-09-06T19:15:13.757+0545] {processor.py:186} INFO - Started process (PID=33973) to work on /home/ashok/miniconda3/envs/mysecondenvironment/lib/python3.8/site-packages/airflow/example_dags/tutorial_objectstorage.py
[2025-09-06T19:15:13.760+0545] {processor.py:914} INFO - Processing file /home/ashok/miniconda3/envs/mysecondenvironment/lib/python3.8/site-packages/airflow/example_dags/tutorial_objectstorage.py for tasks to queue
[2025-09-06T19:15:13.762+0545] {logging_mixin.py:190} INFO - [2025-09-06T19:15:13.762+0545] {dagbag.py:588} INFO - Filling up the DagBag from /home/ashok/miniconda3/envs/mysecondenvironment/lib/python3.8/site-packages/airflow/example_dags/tutorial_objectstorage.py
[2025-09-06T19:15:13.775+0545] {processor.py:925} INFO - DAG(s) 'tutorial_objectstorage' retrieved from /home/ashok/miniconda3/envs/mysecondenvironment/lib/python3.8/site-packages/airflow/example_dags/tutorial_objectstorage.py
[2025-09-06T19:15:13.791+0545] {logging_mixin.py:190} INFO - [2025-09-06T19:15:13.791+0545] {dag.py:3239} INFO - Sync 1 DAGs
[2025-09-06T19:15:13.804+0545] {logging_mixin.py:190} INFO - [2025-09-06T19:15:13.804+0545] {dag.py:4180} INFO - Setting next_dagrun for tutorial_objectstorage to None, run_after=None
[2025-09-06T19:15:13.832+0545] {processor.py:208} INFO - Processing /home/ashok/miniconda3/envs/mysecondenvironment/lib/python3.8/site-packages/airflow/example_dags/tutorial_objectstorage.py took 0.083 seconds
[2025-09-06T19:16:12.777+0545] {processor.py:186} INFO - Started process (PID=34456) to work on /home/ashok/miniconda3/envs/mysecondenvironment/lib/python3.8/site-packages/airflow/example_dags/tutorial_objectstorage.py
[2025-09-06T19:16:12.779+0545] {processor.py:914} INFO - Processing file /home/ashok/miniconda3/envs/mysecondenvironment/lib/python3.8/site-packages/airflow/example_dags/tutorial_objectstorage.py for tasks to queue
[2025-09-06T19:16:12.782+0545] {logging_mixin.py:190} INFO - [2025-09-06T19:16:12.782+0545] {dagbag.py:588} INFO - Filling up the DagBag from /home/ashok/miniconda3/envs/mysecondenvironment/lib/python3.8/site-packages/airflow/example_dags/tutorial_objectstorage.py
[2025-09-06T19:16:12.793+0545] {processor.py:925} INFO - DAG(s) 'tutorial_objectstorage' retrieved from /home/ashok/miniconda3/envs/mysecondenvironment/lib/python3.8/site-packages/airflow/example_dags/tutorial_objectstorage.py
[2025-09-06T19:16:12.811+0545] {logging_mixin.py:190} INFO - [2025-09-06T19:16:12.810+0545] {dag.py:3239} INFO - Sync 1 DAGs
[2025-09-06T19:16:12.824+0545] {logging_mixin.py:190} INFO - [2025-09-06T19:16:12.824+0545] {dag.py:4180} INFO - Setting next_dagrun for tutorial_objectstorage to None, run_after=None
[2025-09-06T19:16:12.853+0545] {processor.py:208} INFO - Processing /home/ashok/miniconda3/envs/mysecondenvironment/lib/python3.8/site-packages/airflow/example_dags/tutorial_objectstorage.py took 0.083 seconds
[2025-09-06T19:17:12.257+0545] {processor.py:186} INFO - Started process (PID=34901) to work on /home/ashok/miniconda3/envs/mysecondenvironment/lib/python3.8/site-packages/airflow/example_dags/tutorial_objectstorage.py
[2025-09-06T19:17:12.259+0545] {processor.py:914} INFO - Processing file /home/ashok/miniconda3/envs/mysecondenvironment/lib/python3.8/site-packages/airflow/example_dags/tutorial_objectstorage.py for tasks to queue
[2025-09-06T19:17:12.261+0545] {logging_mixin.py:190} INFO - [2025-09-06T19:17:12.261+0545] {dagbag.py:588} INFO - Filling up the DagBag from /home/ashok/miniconda3/envs/mysecondenvironment/lib/python3.8/site-packages/airflow/example_dags/tutorial_objectstorage.py
[2025-09-06T19:17:12.273+0545] {processor.py:925} INFO - DAG(s) 'tutorial_objectstorage' retrieved from /home/ashok/miniconda3/envs/mysecondenvironment/lib/python3.8/site-packages/airflow/example_dags/tutorial_objectstorage.py
[2025-09-06T19:17:12.291+0545] {logging_mixin.py:190} INFO - [2025-09-06T19:17:12.291+0545] {dag.py:3239} INFO - Sync 1 DAGs
[2025-09-06T19:17:12.304+0545] {logging_mixin.py:190} INFO - [2025-09-06T19:17:12.304+0545] {dag.py:4180} INFO - Setting next_dagrun for tutorial_objectstorage to None, run_after=None
[2025-09-06T19:17:12.330+0545] {processor.py:208} INFO - Processing /home/ashok/miniconda3/envs/mysecondenvironment/lib/python3.8/site-packages/airflow/example_dags/tutorial_objectstorage.py took 0.081 seconds
[2025-09-06T19:18:12.921+0545] {processor.py:186} INFO - Started process (PID=35301) to work on /home/ashok/miniconda3/envs/mysecondenvironment/lib/python3.8/site-packages/airflow/example_dags/tutorial_objectstorage.py
[2025-09-06T19:18:12.922+0545] {processor.py:914} INFO - Processing file /home/ashok/miniconda3/envs/mysecondenvironment/lib/python3.8/site-packages/airflow/example_dags/tutorial_objectstorage.py for tasks to queue
[2025-09-06T19:18:12.925+0545] {logging_mixin.py:190} INFO - [2025-09-06T19:18:12.925+0545] {dagbag.py:588} INFO - Filling up the DagBag from /home/ashok/miniconda3/envs/mysecondenvironment/lib/python3.8/site-packages/airflow/example_dags/tutorial_objectstorage.py
[2025-09-06T19:18:12.938+0545] {processor.py:925} INFO - DAG(s) 'tutorial_objectstorage' retrieved from /home/ashok/miniconda3/envs/mysecondenvironment/lib/python3.8/site-packages/airflow/example_dags/tutorial_objectstorage.py
[2025-09-06T19:18:12.956+0545] {logging_mixin.py:190} INFO - [2025-09-06T19:18:12.955+0545] {dag.py:3239} INFO - Sync 1 DAGs
[2025-09-06T19:18:12.971+0545] {logging_mixin.py:190} INFO - [2025-09-06T19:18:12.970+0545] {dag.py:4180} INFO - Setting next_dagrun for tutorial_objectstorage to None, run_after=None
[2025-09-06T19:18:13.000+0545] {processor.py:208} INFO - Processing /home/ashok/miniconda3/envs/mysecondenvironment/lib/python3.8/site-packages/airflow/example_dags/tutorial_objectstorage.py took 0.087 seconds
[2025-09-06T19:19:19.005+0545] {processor.py:186} INFO - Started process (PID=35834) to work on /home/ashok/miniconda3/envs/mysecondenvironment/lib/python3.8/site-packages/airflow/example_dags/tutorial_objectstorage.py
[2025-09-06T19:19:19.007+0545] {processor.py:914} INFO - Processing file /home/ashok/miniconda3/envs/mysecondenvironment/lib/python3.8/site-packages/airflow/example_dags/tutorial_objectstorage.py for tasks to queue
[2025-09-06T19:19:19.010+0545] {logging_mixin.py:190} INFO - [2025-09-06T19:19:19.009+0545] {dagbag.py:588} INFO - Filling up the DagBag from /home/ashok/miniconda3/envs/mysecondenvironment/lib/python3.8/site-packages/airflow/example_dags/tutorial_objectstorage.py
[2025-09-06T19:19:19.023+0545] {processor.py:925} INFO - DAG(s) 'tutorial_objectstorage' retrieved from /home/ashok/miniconda3/envs/mysecondenvironment/lib/python3.8/site-packages/airflow/example_dags/tutorial_objectstorage.py
[2025-09-06T19:19:19.042+0545] {logging_mixin.py:190} INFO - [2025-09-06T19:19:19.042+0545] {dag.py:3239} INFO - Sync 1 DAGs
[2025-09-06T19:19:19.059+0545] {logging_mixin.py:190} INFO - [2025-09-06T19:19:19.059+0545] {dag.py:4180} INFO - Setting next_dagrun for tutorial_objectstorage to None, run_after=None
[2025-09-06T19:19:19.089+0545] {processor.py:208} INFO - Processing /home/ashok/miniconda3/envs/mysecondenvironment/lib/python3.8/site-packages/airflow/example_dags/tutorial_objectstorage.py took 0.093 seconds
[2025-09-06T19:20:19.297+0545] {processor.py:186} INFO - Started process (PID=36260) to work on /home/ashok/miniconda3/envs/mysecondenvironment/lib/python3.8/site-packages/airflow/example_dags/tutorial_objectstorage.py
[2025-09-06T19:20:19.300+0545] {processor.py:914} INFO - Processing file /home/ashok/miniconda3/envs/mysecondenvironment/lib/python3.8/site-packages/airflow/example_dags/tutorial_objectstorage.py for tasks to queue
[2025-09-06T19:20:19.303+0545] {logging_mixin.py:190} INFO - [2025-09-06T19:20:19.302+0545] {dagbag.py:588} INFO - Filling up the DagBag from /home/ashok/miniconda3/envs/mysecondenvironment/lib/python3.8/site-packages/airflow/example_dags/tutorial_objectstorage.py
[2025-09-06T19:20:19.313+0545] {processor.py:925} INFO - DAG(s) 'tutorial_objectstorage' retrieved from /home/ashok/miniconda3/envs/mysecondenvironment/lib/python3.8/site-packages/airflow/example_dags/tutorial_objectstorage.py
[2025-09-06T19:20:19.331+0545] {logging_mixin.py:190} INFO - [2025-09-06T19:20:19.331+0545] {dag.py:3239} INFO - Sync 1 DAGs
[2025-09-06T19:20:19.344+0545] {logging_mixin.py:190} INFO - [2025-09-06T19:20:19.343+0545] {dag.py:4180} INFO - Setting next_dagrun for tutorial_objectstorage to None, run_after=None
[2025-09-06T19:20:19.370+0545] {processor.py:208} INFO - Processing /home/ashok/miniconda3/envs/mysecondenvironment/lib/python3.8/site-packages/airflow/example_dags/tutorial_objectstorage.py took 0.080 seconds
[2025-09-06T19:21:20.880+0545] {processor.py:186} INFO - Started process (PID=36703) to work on /home/ashok/miniconda3/envs/mysecondenvironment/lib/python3.8/site-packages/airflow/example_dags/tutorial_objectstorage.py
[2025-09-06T19:21:20.882+0545] {processor.py:914} INFO - Processing file /home/ashok/miniconda3/envs/mysecondenvironment/lib/python3.8/site-packages/airflow/example_dags/tutorial_objectstorage.py for tasks to queue
[2025-09-06T19:21:20.884+0545] {logging_mixin.py:190} INFO - [2025-09-06T19:21:20.884+0545] {dagbag.py:588} INFO - Filling up the DagBag from /home/ashok/miniconda3/envs/mysecondenvironment/lib/python3.8/site-packages/airflow/example_dags/tutorial_objectstorage.py
[2025-09-06T19:21:20.894+0545] {processor.py:925} INFO - DAG(s) 'tutorial_objectstorage' retrieved from /home/ashok/miniconda3/envs/mysecondenvironment/lib/python3.8/site-packages/airflow/example_dags/tutorial_objectstorage.py
[2025-09-06T19:21:20.907+0545] {logging_mixin.py:190} INFO - [2025-09-06T19:21:20.906+0545] {dag.py:3239} INFO - Sync 1 DAGs
[2025-09-06T19:21:20.918+0545] {logging_mixin.py:190} INFO - [2025-09-06T19:21:20.918+0545] {dag.py:4180} INFO - Setting next_dagrun for tutorial_objectstorage to None, run_after=None
[2025-09-06T19:21:20.942+0545] {processor.py:208} INFO - Processing /home/ashok/miniconda3/envs/mysecondenvironment/lib/python3.8/site-packages/airflow/example_dags/tutorial_objectstorage.py took 0.069 seconds
[2025-09-06T19:22:21.483+0545] {processor.py:186} INFO - Started process (PID=37226) to work on /home/ashok/miniconda3/envs/mysecondenvironment/lib/python3.8/site-packages/airflow/example_dags/tutorial_objectstorage.py
[2025-09-06T19:22:21.486+0545] {processor.py:914} INFO - Processing file /home/ashok/miniconda3/envs/mysecondenvironment/lib/python3.8/site-packages/airflow/example_dags/tutorial_objectstorage.py for tasks to queue
[2025-09-06T19:22:21.489+0545] {logging_mixin.py:190} INFO - [2025-09-06T19:22:21.488+0545] {dagbag.py:588} INFO - Filling up the DagBag from /home/ashok/miniconda3/envs/mysecondenvironment/lib/python3.8/site-packages/airflow/example_dags/tutorial_objectstorage.py
[2025-09-06T19:22:21.500+0545] {processor.py:925} INFO - DAG(s) 'tutorial_objectstorage' retrieved from /home/ashok/miniconda3/envs/mysecondenvironment/lib/python3.8/site-packages/airflow/example_dags/tutorial_objectstorage.py
[2025-09-06T19:22:21.516+0545] {logging_mixin.py:190} INFO - [2025-09-06T19:22:21.515+0545] {dag.py:3239} INFO - Sync 1 DAGs
[2025-09-06T19:22:21.529+0545] {logging_mixin.py:190} INFO - [2025-09-06T19:22:21.528+0545] {dag.py:4180} INFO - Setting next_dagrun for tutorial_objectstorage to None, run_after=None
[2025-09-06T19:22:21.555+0545] {processor.py:208} INFO - Processing /home/ashok/miniconda3/envs/mysecondenvironment/lib/python3.8/site-packages/airflow/example_dags/tutorial_objectstorage.py took 0.080 seconds
[2025-09-06T19:23:22.598+0545] {processor.py:186} INFO - Started process (PID=37626) to work on /home/ashok/miniconda3/envs/mysecondenvironment/lib/python3.8/site-packages/airflow/example_dags/tutorial_objectstorage.py
[2025-09-06T19:23:22.600+0545] {processor.py:914} INFO - Processing file /home/ashok/miniconda3/envs/mysecondenvironment/lib/python3.8/site-packages/airflow/example_dags/tutorial_objectstorage.py for tasks to queue
[2025-09-06T19:23:22.602+0545] {logging_mixin.py:190} INFO - [2025-09-06T19:23:22.602+0545] {dagbag.py:588} INFO - Filling up the DagBag from /home/ashok/miniconda3/envs/mysecondenvironment/lib/python3.8/site-packages/airflow/example_dags/tutorial_objectstorage.py
[2025-09-06T19:23:22.615+0545] {processor.py:925} INFO - DAG(s) 'tutorial_objectstorage' retrieved from /home/ashok/miniconda3/envs/mysecondenvironment/lib/python3.8/site-packages/airflow/example_dags/tutorial_objectstorage.py
[2025-09-06T19:23:22.631+0545] {logging_mixin.py:190} INFO - [2025-09-06T19:23:22.631+0545] {dag.py:3239} INFO - Sync 1 DAGs
[2025-09-06T19:23:22.644+0545] {logging_mixin.py:190} INFO - [2025-09-06T19:23:22.644+0545] {dag.py:4180} INFO - Setting next_dagrun for tutorial_objectstorage to None, run_after=None
[2025-09-06T19:23:22.673+0545] {processor.py:208} INFO - Processing /home/ashok/miniconda3/envs/mysecondenvironment/lib/python3.8/site-packages/airflow/example_dags/tutorial_objectstorage.py took 0.082 seconds
[2025-09-06T19:24:30.250+0545] {processor.py:186} INFO - Started process (PID=38252) to work on /home/ashok/miniconda3/envs/mysecondenvironment/lib/python3.8/site-packages/airflow/example_dags/tutorial_objectstorage.py
[2025-09-06T19:24:30.253+0545] {processor.py:914} INFO - Processing file /home/ashok/miniconda3/envs/mysecondenvironment/lib/python3.8/site-packages/airflow/example_dags/tutorial_objectstorage.py for tasks to queue
[2025-09-06T19:24:30.255+0545] {logging_mixin.py:190} INFO - [2025-09-06T19:24:30.255+0545] {dagbag.py:588} INFO - Filling up the DagBag from /home/ashok/miniconda3/envs/mysecondenvironment/lib/python3.8/site-packages/airflow/example_dags/tutorial_objectstorage.py
[2025-09-06T19:24:30.267+0545] {processor.py:925} INFO - DAG(s) 'tutorial_objectstorage' retrieved from /home/ashok/miniconda3/envs/mysecondenvironment/lib/python3.8/site-packages/airflow/example_dags/tutorial_objectstorage.py
[2025-09-06T19:24:30.284+0545] {logging_mixin.py:190} INFO - [2025-09-06T19:24:30.283+0545] {dag.py:3239} INFO - Sync 1 DAGs
[2025-09-06T19:24:30.296+0545] {logging_mixin.py:190} INFO - [2025-09-06T19:24:30.296+0545] {dag.py:4180} INFO - Setting next_dagrun for tutorial_objectstorage to None, run_after=None
[2025-09-06T19:24:30.550+0545] {processor.py:208} INFO - Processing /home/ashok/miniconda3/envs/mysecondenvironment/lib/python3.8/site-packages/airflow/example_dags/tutorial_objectstorage.py took 0.307 seconds
[2025-09-06T19:25:41.296+0545] {processor.py:186} INFO - Started process (PID=38853) to work on /home/ashok/miniconda3/envs/mysecondenvironment/lib/python3.8/site-packages/airflow/example_dags/tutorial_objectstorage.py
[2025-09-06T19:25:41.298+0545] {processor.py:914} INFO - Processing file /home/ashok/miniconda3/envs/mysecondenvironment/lib/python3.8/site-packages/airflow/example_dags/tutorial_objectstorage.py for tasks to queue
[2025-09-06T19:25:41.301+0545] {logging_mixin.py:190} INFO - [2025-09-06T19:25:41.301+0545] {dagbag.py:588} INFO - Filling up the DagBag from /home/ashok/miniconda3/envs/mysecondenvironment/lib/python3.8/site-packages/airflow/example_dags/tutorial_objectstorage.py
[2025-09-06T19:25:41.311+0545] {processor.py:925} INFO - DAG(s) 'tutorial_objectstorage' retrieved from /home/ashok/miniconda3/envs/mysecondenvironment/lib/python3.8/site-packages/airflow/example_dags/tutorial_objectstorage.py
[2025-09-06T19:25:41.328+0545] {logging_mixin.py:190} INFO - [2025-09-06T19:25:41.327+0545] {dag.py:3239} INFO - Sync 1 DAGs
[2025-09-06T19:25:41.341+0545] {logging_mixin.py:190} INFO - [2025-09-06T19:25:41.341+0545] {dag.py:4180} INFO - Setting next_dagrun for tutorial_objectstorage to None, run_after=None
[2025-09-06T19:25:41.370+0545] {processor.py:208} INFO - Processing /home/ashok/miniconda3/envs/mysecondenvironment/lib/python3.8/site-packages/airflow/example_dags/tutorial_objectstorage.py took 0.082 seconds
[2025-09-06T19:26:43.106+0545] {processor.py:186} INFO - Started process (PID=39430) to work on /home/ashok/miniconda3/envs/mysecondenvironment/lib/python3.8/site-packages/airflow/example_dags/tutorial_objectstorage.py
[2025-09-06T19:26:43.108+0545] {processor.py:914} INFO - Processing file /home/ashok/miniconda3/envs/mysecondenvironment/lib/python3.8/site-packages/airflow/example_dags/tutorial_objectstorage.py for tasks to queue
[2025-09-06T19:26:43.111+0545] {logging_mixin.py:190} INFO - [2025-09-06T19:26:43.111+0545] {dagbag.py:588} INFO - Filling up the DagBag from /home/ashok/miniconda3/envs/mysecondenvironment/lib/python3.8/site-packages/airflow/example_dags/tutorial_objectstorage.py
[2025-09-06T19:26:43.122+0545] {processor.py:925} INFO - DAG(s) 'tutorial_objectstorage' retrieved from /home/ashok/miniconda3/envs/mysecondenvironment/lib/python3.8/site-packages/airflow/example_dags/tutorial_objectstorage.py
[2025-09-06T19:26:43.141+0545] {logging_mixin.py:190} INFO - [2025-09-06T19:26:43.141+0545] {dag.py:3239} INFO - Sync 1 DAGs
[2025-09-06T19:26:43.153+0545] {logging_mixin.py:190} INFO - [2025-09-06T19:26:43.153+0545] {dag.py:4180} INFO - Setting next_dagrun for tutorial_objectstorage to None, run_after=None
[2025-09-06T19:26:43.181+0545] {processor.py:208} INFO - Processing /home/ashok/miniconda3/envs/mysecondenvironment/lib/python3.8/site-packages/airflow/example_dags/tutorial_objectstorage.py took 0.083 seconds
[2025-09-06T19:27:43.580+0545] {processor.py:186} INFO - Started process (PID=39840) to work on /home/ashok/miniconda3/envs/mysecondenvironment/lib/python3.8/site-packages/airflow/example_dags/tutorial_objectstorage.py
[2025-09-06T19:27:43.583+0545] {processor.py:914} INFO - Processing file /home/ashok/miniconda3/envs/mysecondenvironment/lib/python3.8/site-packages/airflow/example_dags/tutorial_objectstorage.py for tasks to queue
[2025-09-06T19:27:43.586+0545] {logging_mixin.py:190} INFO - [2025-09-06T19:27:43.585+0545] {dagbag.py:588} INFO - Filling up the DagBag from /home/ashok/miniconda3/envs/mysecondenvironment/lib/python3.8/site-packages/airflow/example_dags/tutorial_objectstorage.py
[2025-09-06T19:27:43.597+0545] {processor.py:925} INFO - DAG(s) 'tutorial_objectstorage' retrieved from /home/ashok/miniconda3/envs/mysecondenvironment/lib/python3.8/site-packages/airflow/example_dags/tutorial_objectstorage.py
[2025-09-06T19:27:43.614+0545] {logging_mixin.py:190} INFO - [2025-09-06T19:27:43.614+0545] {dag.py:3239} INFO - Sync 1 DAGs
[2025-09-06T19:27:43.627+0545] {logging_mixin.py:190} INFO - [2025-09-06T19:27:43.627+0545] {dag.py:4180} INFO - Setting next_dagrun for tutorial_objectstorage to None, run_after=None
[2025-09-06T19:27:43.653+0545] {processor.py:208} INFO - Processing /home/ashok/miniconda3/envs/mysecondenvironment/lib/python3.8/site-packages/airflow/example_dags/tutorial_objectstorage.py took 0.081 seconds
[2025-09-06T19:28:42.533+0545] {processor.py:186} INFO - Started process (PID=40297) to work on /home/ashok/miniconda3/envs/mysecondenvironment/lib/python3.8/site-packages/airflow/example_dags/tutorial_objectstorage.py
[2025-09-06T19:28:42.535+0545] {processor.py:914} INFO - Processing file /home/ashok/miniconda3/envs/mysecondenvironment/lib/python3.8/site-packages/airflow/example_dags/tutorial_objectstorage.py for tasks to queue
[2025-09-06T19:28:42.538+0545] {logging_mixin.py:190} INFO - [2025-09-06T19:28:42.537+0545] {dagbag.py:588} INFO - Filling up the DagBag from /home/ashok/miniconda3/envs/mysecondenvironment/lib/python3.8/site-packages/airflow/example_dags/tutorial_objectstorage.py
[2025-09-06T19:28:42.550+0545] {processor.py:925} INFO - DAG(s) 'tutorial_objectstorage' retrieved from /home/ashok/miniconda3/envs/mysecondenvironment/lib/python3.8/site-packages/airflow/example_dags/tutorial_objectstorage.py
[2025-09-06T19:28:42.568+0545] {logging_mixin.py:190} INFO - [2025-09-06T19:28:42.568+0545] {dag.py:3239} INFO - Sync 1 DAGs
[2025-09-06T19:28:42.581+0545] {logging_mixin.py:190} INFO - [2025-09-06T19:28:42.581+0545] {dag.py:4180} INFO - Setting next_dagrun for tutorial_objectstorage to None, run_after=None
[2025-09-06T19:28:42.608+0545] {processor.py:208} INFO - Processing /home/ashok/miniconda3/envs/mysecondenvironment/lib/python3.8/site-packages/airflow/example_dags/tutorial_objectstorage.py took 0.085 seconds
[2025-09-06T19:29:43.711+0545] {processor.py:186} INFO - Started process (PID=40827) to work on /home/ashok/miniconda3/envs/mysecondenvironment/lib/python3.8/site-packages/airflow/example_dags/tutorial_objectstorage.py
[2025-09-06T19:29:43.712+0545] {processor.py:914} INFO - Processing file /home/ashok/miniconda3/envs/mysecondenvironment/lib/python3.8/site-packages/airflow/example_dags/tutorial_objectstorage.py for tasks to queue
[2025-09-06T19:29:43.715+0545] {logging_mixin.py:190} INFO - [2025-09-06T19:29:43.715+0545] {dagbag.py:588} INFO - Filling up the DagBag from /home/ashok/miniconda3/envs/mysecondenvironment/lib/python3.8/site-packages/airflow/example_dags/tutorial_objectstorage.py
[2025-09-06T19:29:43.729+0545] {processor.py:925} INFO - DAG(s) 'tutorial_objectstorage' retrieved from /home/ashok/miniconda3/envs/mysecondenvironment/lib/python3.8/site-packages/airflow/example_dags/tutorial_objectstorage.py
[2025-09-06T19:29:43.746+0545] {logging_mixin.py:190} INFO - [2025-09-06T19:29:43.745+0545] {dag.py:3239} INFO - Sync 1 DAGs
[2025-09-06T19:29:43.760+0545] {logging_mixin.py:190} INFO - [2025-09-06T19:29:43.760+0545] {dag.py:4180} INFO - Setting next_dagrun for tutorial_objectstorage to None, run_after=None
[2025-09-06T19:29:43.795+0545] {processor.py:208} INFO - Processing /home/ashok/miniconda3/envs/mysecondenvironment/lib/python3.8/site-packages/airflow/example_dags/tutorial_objectstorage.py took 0.091 seconds
[2025-09-06T19:30:43.138+0545] {processor.py:186} INFO - Started process (PID=41503) to work on /home/ashok/miniconda3/envs/mysecondenvironment/lib/python3.8/site-packages/airflow/example_dags/tutorial_objectstorage.py
[2025-09-06T19:30:43.140+0545] {processor.py:914} INFO - Processing file /home/ashok/miniconda3/envs/mysecondenvironment/lib/python3.8/site-packages/airflow/example_dags/tutorial_objectstorage.py for tasks to queue
[2025-09-06T19:30:43.143+0545] {logging_mixin.py:190} INFO - [2025-09-06T19:30:43.142+0545] {dagbag.py:588} INFO - Filling up the DagBag from /home/ashok/miniconda3/envs/mysecondenvironment/lib/python3.8/site-packages/airflow/example_dags/tutorial_objectstorage.py
[2025-09-06T19:30:43.152+0545] {processor.py:925} INFO - DAG(s) 'tutorial_objectstorage' retrieved from /home/ashok/miniconda3/envs/mysecondenvironment/lib/python3.8/site-packages/airflow/example_dags/tutorial_objectstorage.py
[2025-09-06T19:30:43.166+0545] {logging_mixin.py:190} INFO - [2025-09-06T19:30:43.166+0545] {dag.py:3239} INFO - Sync 1 DAGs
[2025-09-06T19:30:43.177+0545] {logging_mixin.py:190} INFO - [2025-09-06T19:30:43.176+0545] {dag.py:4180} INFO - Setting next_dagrun for tutorial_objectstorage to None, run_after=None
[2025-09-06T19:30:43.201+0545] {processor.py:208} INFO - Processing /home/ashok/miniconda3/envs/mysecondenvironment/lib/python3.8/site-packages/airflow/example_dags/tutorial_objectstorage.py took 0.069 seconds
[2025-09-06T19:31:44.256+0545] {processor.py:186} INFO - Started process (PID=42088) to work on /home/ashok/miniconda3/envs/mysecondenvironment/lib/python3.8/site-packages/airflow/example_dags/tutorial_objectstorage.py
[2025-09-06T19:31:44.259+0545] {processor.py:914} INFO - Processing file /home/ashok/miniconda3/envs/mysecondenvironment/lib/python3.8/site-packages/airflow/example_dags/tutorial_objectstorage.py for tasks to queue
[2025-09-06T19:31:44.262+0545] {logging_mixin.py:190} INFO - [2025-09-06T19:31:44.262+0545] {dagbag.py:588} INFO - Filling up the DagBag from /home/ashok/miniconda3/envs/mysecondenvironment/lib/python3.8/site-packages/airflow/example_dags/tutorial_objectstorage.py
[2025-09-06T19:31:44.279+0545] {processor.py:925} INFO - DAG(s) 'tutorial_objectstorage' retrieved from /home/ashok/miniconda3/envs/mysecondenvironment/lib/python3.8/site-packages/airflow/example_dags/tutorial_objectstorage.py
[2025-09-06T19:31:44.304+0545] {logging_mixin.py:190} INFO - [2025-09-06T19:31:44.303+0545] {dag.py:3239} INFO - Sync 1 DAGs
[2025-09-06T19:31:44.319+0545] {logging_mixin.py:190} INFO - [2025-09-06T19:31:44.319+0545] {dag.py:4180} INFO - Setting next_dagrun for tutorial_objectstorage to None, run_after=None
[2025-09-06T19:31:44.348+0545] {processor.py:208} INFO - Processing /home/ashok/miniconda3/envs/mysecondenvironment/lib/python3.8/site-packages/airflow/example_dags/tutorial_objectstorage.py took 0.103 seconds
[2025-09-06T19:32:43.882+0545] {processor.py:186} INFO - Started process (PID=42477) to work on /home/ashok/miniconda3/envs/mysecondenvironment/lib/python3.8/site-packages/airflow/example_dags/tutorial_objectstorage.py
[2025-09-06T19:32:43.884+0545] {processor.py:914} INFO - Processing file /home/ashok/miniconda3/envs/mysecondenvironment/lib/python3.8/site-packages/airflow/example_dags/tutorial_objectstorage.py for tasks to queue
[2025-09-06T19:32:43.888+0545] {logging_mixin.py:190} INFO - [2025-09-06T19:32:43.888+0545] {dagbag.py:588} INFO - Filling up the DagBag from /home/ashok/miniconda3/envs/mysecondenvironment/lib/python3.8/site-packages/airflow/example_dags/tutorial_objectstorage.py
[2025-09-06T19:32:43.900+0545] {processor.py:925} INFO - DAG(s) 'tutorial_objectstorage' retrieved from /home/ashok/miniconda3/envs/mysecondenvironment/lib/python3.8/site-packages/airflow/example_dags/tutorial_objectstorage.py
[2025-09-06T19:32:43.916+0545] {logging_mixin.py:190} INFO - [2025-09-06T19:32:43.915+0545] {dag.py:3239} INFO - Sync 1 DAGs
[2025-09-06T19:32:43.929+0545] {logging_mixin.py:190} INFO - [2025-09-06T19:32:43.929+0545] {dag.py:4180} INFO - Setting next_dagrun for tutorial_objectstorage to None, run_after=None
[2025-09-06T19:32:43.959+0545] {processor.py:208} INFO - Processing /home/ashok/miniconda3/envs/mysecondenvironment/lib/python3.8/site-packages/airflow/example_dags/tutorial_objectstorage.py took 0.084 seconds
[2025-09-06T19:33:45.735+0545] {processor.py:186} INFO - Started process (PID=42878) to work on /home/ashok/miniconda3/envs/mysecondenvironment/lib/python3.8/site-packages/airflow/example_dags/tutorial_objectstorage.py
[2025-09-06T19:33:45.738+0545] {processor.py:914} INFO - Processing file /home/ashok/miniconda3/envs/mysecondenvironment/lib/python3.8/site-packages/airflow/example_dags/tutorial_objectstorage.py for tasks to queue
[2025-09-06T19:33:45.740+0545] {logging_mixin.py:190} INFO - [2025-09-06T19:33:45.740+0545] {dagbag.py:588} INFO - Filling up the DagBag from /home/ashok/miniconda3/envs/mysecondenvironment/lib/python3.8/site-packages/airflow/example_dags/tutorial_objectstorage.py
[2025-09-06T19:33:45.751+0545] {processor.py:925} INFO - DAG(s) 'tutorial_objectstorage' retrieved from /home/ashok/miniconda3/envs/mysecondenvironment/lib/python3.8/site-packages/airflow/example_dags/tutorial_objectstorage.py
[2025-09-06T19:33:45.768+0545] {logging_mixin.py:190} INFO - [2025-09-06T19:33:45.768+0545] {dag.py:3239} INFO - Sync 1 DAGs
[2025-09-06T19:33:45.781+0545] {logging_mixin.py:190} INFO - [2025-09-06T19:33:45.781+0545] {dag.py:4180} INFO - Setting next_dagrun for tutorial_objectstorage to None, run_after=None
[2025-09-06T19:33:45.807+0545] {processor.py:208} INFO - Processing /home/ashok/miniconda3/envs/mysecondenvironment/lib/python3.8/site-packages/airflow/example_dags/tutorial_objectstorage.py took 0.079 seconds
[2025-09-06T19:34:45.697+0545] {processor.py:186} INFO - Started process (PID=43306) to work on /home/ashok/miniconda3/envs/mysecondenvironment/lib/python3.8/site-packages/airflow/example_dags/tutorial_objectstorage.py
[2025-09-06T19:34:45.700+0545] {processor.py:914} INFO - Processing file /home/ashok/miniconda3/envs/mysecondenvironment/lib/python3.8/site-packages/airflow/example_dags/tutorial_objectstorage.py for tasks to queue
[2025-09-06T19:34:45.703+0545] {logging_mixin.py:190} INFO - [2025-09-06T19:34:45.702+0545] {dagbag.py:588} INFO - Filling up the DagBag from /home/ashok/miniconda3/envs/mysecondenvironment/lib/python3.8/site-packages/airflow/example_dags/tutorial_objectstorage.py
[2025-09-06T19:34:45.719+0545] {processor.py:925} INFO - DAG(s) 'tutorial_objectstorage' retrieved from /home/ashok/miniconda3/envs/mysecondenvironment/lib/python3.8/site-packages/airflow/example_dags/tutorial_objectstorage.py
[2025-09-06T19:34:45.736+0545] {logging_mixin.py:190} INFO - [2025-09-06T19:34:45.736+0545] {dag.py:3239} INFO - Sync 1 DAGs
[2025-09-06T19:34:45.749+0545] {logging_mixin.py:190} INFO - [2025-09-06T19:34:45.749+0545] {dag.py:4180} INFO - Setting next_dagrun for tutorial_objectstorage to None, run_after=None
[2025-09-06T19:34:45.776+0545] {processor.py:208} INFO - Processing /home/ashok/miniconda3/envs/mysecondenvironment/lib/python3.8/site-packages/airflow/example_dags/tutorial_objectstorage.py took 0.089 seconds
[2025-09-06T19:35:50.276+0545] {processor.py:186} INFO - Started process (PID=43832) to work on /home/ashok/miniconda3/envs/mysecondenvironment/lib/python3.8/site-packages/airflow/example_dags/tutorial_objectstorage.py
[2025-09-06T19:35:50.279+0545] {processor.py:914} INFO - Processing file /home/ashok/miniconda3/envs/mysecondenvironment/lib/python3.8/site-packages/airflow/example_dags/tutorial_objectstorage.py for tasks to queue
[2025-09-06T19:35:50.281+0545] {logging_mixin.py:190} INFO - [2025-09-06T19:35:50.280+0545] {dagbag.py:588} INFO - Filling up the DagBag from /home/ashok/miniconda3/envs/mysecondenvironment/lib/python3.8/site-packages/airflow/example_dags/tutorial_objectstorage.py
[2025-09-06T19:35:50.293+0545] {processor.py:925} INFO - DAG(s) 'tutorial_objectstorage' retrieved from /home/ashok/miniconda3/envs/mysecondenvironment/lib/python3.8/site-packages/airflow/example_dags/tutorial_objectstorage.py
[2025-09-06T19:35:50.310+0545] {logging_mixin.py:190} INFO - [2025-09-06T19:35:50.310+0545] {dag.py:3239} INFO - Sync 1 DAGs
[2025-09-06T19:35:50.322+0545] {logging_mixin.py:190} INFO - [2025-09-06T19:35:50.322+0545] {dag.py:4180} INFO - Setting next_dagrun for tutorial_objectstorage to None, run_after=None
[2025-09-06T19:35:50.350+0545] {processor.py:208} INFO - Processing /home/ashok/miniconda3/envs/mysecondenvironment/lib/python3.8/site-packages/airflow/example_dags/tutorial_objectstorage.py took 0.081 seconds
[2025-09-06T19:36:50.493+0545] {processor.py:186} INFO - Started process (PID=44350) to work on /home/ashok/miniconda3/envs/mysecondenvironment/lib/python3.8/site-packages/airflow/example_dags/tutorial_objectstorage.py
[2025-09-06T19:36:50.496+0545] {processor.py:914} INFO - Processing file /home/ashok/miniconda3/envs/mysecondenvironment/lib/python3.8/site-packages/airflow/example_dags/tutorial_objectstorage.py for tasks to queue
[2025-09-06T19:36:50.498+0545] {logging_mixin.py:190} INFO - [2025-09-06T19:36:50.498+0545] {dagbag.py:588} INFO - Filling up the DagBag from /home/ashok/miniconda3/envs/mysecondenvironment/lib/python3.8/site-packages/airflow/example_dags/tutorial_objectstorage.py
[2025-09-06T19:36:50.507+0545] {processor.py:925} INFO - DAG(s) 'tutorial_objectstorage' retrieved from /home/ashok/miniconda3/envs/mysecondenvironment/lib/python3.8/site-packages/airflow/example_dags/tutorial_objectstorage.py
[2025-09-06T19:36:50.522+0545] {logging_mixin.py:190} INFO - [2025-09-06T19:36:50.521+0545] {dag.py:3239} INFO - Sync 1 DAGs
[2025-09-06T19:36:50.534+0545] {logging_mixin.py:190} INFO - [2025-09-06T19:36:50.534+0545] {dag.py:4180} INFO - Setting next_dagrun for tutorial_objectstorage to None, run_after=None
[2025-09-06T19:36:50.558+0545] {processor.py:208} INFO - Processing /home/ashok/miniconda3/envs/mysecondenvironment/lib/python3.8/site-packages/airflow/example_dags/tutorial_objectstorage.py took 0.071 seconds
[2025-09-06T19:37:49.940+0545] {processor.py:186} INFO - Started process (PID=44747) to work on /home/ashok/miniconda3/envs/mysecondenvironment/lib/python3.8/site-packages/airflow/example_dags/tutorial_objectstorage.py
[2025-09-06T19:37:49.942+0545] {processor.py:914} INFO - Processing file /home/ashok/miniconda3/envs/mysecondenvironment/lib/python3.8/site-packages/airflow/example_dags/tutorial_objectstorage.py for tasks to queue
[2025-09-06T19:37:49.945+0545] {logging_mixin.py:190} INFO - [2025-09-06T19:37:49.945+0545] {dagbag.py:588} INFO - Filling up the DagBag from /home/ashok/miniconda3/envs/mysecondenvironment/lib/python3.8/site-packages/airflow/example_dags/tutorial_objectstorage.py
[2025-09-06T19:37:49.956+0545] {processor.py:925} INFO - DAG(s) 'tutorial_objectstorage' retrieved from /home/ashok/miniconda3/envs/mysecondenvironment/lib/python3.8/site-packages/airflow/example_dags/tutorial_objectstorage.py
[2025-09-06T19:37:49.974+0545] {logging_mixin.py:190} INFO - [2025-09-06T19:37:49.974+0545] {dag.py:3239} INFO - Sync 1 DAGs
[2025-09-06T19:37:49.986+0545] {logging_mixin.py:190} INFO - [2025-09-06T19:37:49.986+0545] {dag.py:4180} INFO - Setting next_dagrun for tutorial_objectstorage to None, run_after=None
[2025-09-06T19:37:50.013+0545] {processor.py:208} INFO - Processing /home/ashok/miniconda3/envs/mysecondenvironment/lib/python3.8/site-packages/airflow/example_dags/tutorial_objectstorage.py took 0.080 seconds
[2025-09-06T19:38:50.867+0545] {processor.py:186} INFO - Started process (PID=45182) to work on /home/ashok/miniconda3/envs/mysecondenvironment/lib/python3.8/site-packages/airflow/example_dags/tutorial_objectstorage.py
[2025-09-06T19:38:50.870+0545] {processor.py:914} INFO - Processing file /home/ashok/miniconda3/envs/mysecondenvironment/lib/python3.8/site-packages/airflow/example_dags/tutorial_objectstorage.py for tasks to queue
[2025-09-06T19:38:50.873+0545] {logging_mixin.py:190} INFO - [2025-09-06T19:38:50.873+0545] {dagbag.py:588} INFO - Filling up the DagBag from /home/ashok/miniconda3/envs/mysecondenvironment/lib/python3.8/site-packages/airflow/example_dags/tutorial_objectstorage.py
[2025-09-06T19:38:50.884+0545] {processor.py:925} INFO - DAG(s) 'tutorial_objectstorage' retrieved from /home/ashok/miniconda3/envs/mysecondenvironment/lib/python3.8/site-packages/airflow/example_dags/tutorial_objectstorage.py
[2025-09-06T19:38:50.903+0545] {logging_mixin.py:190} INFO - [2025-09-06T19:38:50.902+0545] {dag.py:3239} INFO - Sync 1 DAGs
[2025-09-06T19:38:50.915+0545] {logging_mixin.py:190} INFO - [2025-09-06T19:38:50.915+0545] {dag.py:4180} INFO - Setting next_dagrun for tutorial_objectstorage to None, run_after=None
[2025-09-06T19:38:50.943+0545] {processor.py:208} INFO - Processing /home/ashok/miniconda3/envs/mysecondenvironment/lib/python3.8/site-packages/airflow/example_dags/tutorial_objectstorage.py took 0.083 seconds
[2025-09-06T19:39:48.944+0545] {processor.py:186} INFO - Started process (PID=45558) to work on /home/ashok/miniconda3/envs/mysecondenvironment/lib/python3.8/site-packages/airflow/example_dags/tutorial_objectstorage.py
[2025-09-06T19:39:48.946+0545] {processor.py:914} INFO - Processing file /home/ashok/miniconda3/envs/mysecondenvironment/lib/python3.8/site-packages/airflow/example_dags/tutorial_objectstorage.py for tasks to queue
[2025-09-06T19:39:48.949+0545] {logging_mixin.py:190} INFO - [2025-09-06T19:39:48.948+0545] {dagbag.py:588} INFO - Filling up the DagBag from /home/ashok/miniconda3/envs/mysecondenvironment/lib/python3.8/site-packages/airflow/example_dags/tutorial_objectstorage.py
[2025-09-06T19:39:48.960+0545] {processor.py:925} INFO - DAG(s) 'tutorial_objectstorage' retrieved from /home/ashok/miniconda3/envs/mysecondenvironment/lib/python3.8/site-packages/airflow/example_dags/tutorial_objectstorage.py
[2025-09-06T19:39:48.975+0545] {logging_mixin.py:190} INFO - [2025-09-06T19:39:48.975+0545] {dag.py:3239} INFO - Sync 1 DAGs
[2025-09-06T19:39:48.988+0545] {logging_mixin.py:190} INFO - [2025-09-06T19:39:48.988+0545] {dag.py:4180} INFO - Setting next_dagrun for tutorial_objectstorage to None, run_after=None
[2025-09-06T19:39:49.015+0545] {processor.py:208} INFO - Processing /home/ashok/miniconda3/envs/mysecondenvironment/lib/python3.8/site-packages/airflow/example_dags/tutorial_objectstorage.py took 0.078 seconds
[2025-09-06T19:40:48.707+0545] {processor.py:186} INFO - Started process (PID=45998) to work on /home/ashok/miniconda3/envs/mysecondenvironment/lib/python3.8/site-packages/airflow/example_dags/tutorial_objectstorage.py
[2025-09-06T19:40:48.709+0545] {processor.py:914} INFO - Processing file /home/ashok/miniconda3/envs/mysecondenvironment/lib/python3.8/site-packages/airflow/example_dags/tutorial_objectstorage.py for tasks to queue
[2025-09-06T19:40:48.712+0545] {logging_mixin.py:190} INFO - [2025-09-06T19:40:48.711+0545] {dagbag.py:588} INFO - Filling up the DagBag from /home/ashok/miniconda3/envs/mysecondenvironment/lib/python3.8/site-packages/airflow/example_dags/tutorial_objectstorage.py
[2025-09-06T19:40:48.723+0545] {processor.py:925} INFO - DAG(s) 'tutorial_objectstorage' retrieved from /home/ashok/miniconda3/envs/mysecondenvironment/lib/python3.8/site-packages/airflow/example_dags/tutorial_objectstorage.py
[2025-09-06T19:40:48.740+0545] {logging_mixin.py:190} INFO - [2025-09-06T19:40:48.740+0545] {dag.py:3239} INFO - Sync 1 DAGs
[2025-09-06T19:40:48.752+0545] {logging_mixin.py:190} INFO - [2025-09-06T19:40:48.752+0545] {dag.py:4180} INFO - Setting next_dagrun for tutorial_objectstorage to None, run_after=None
[2025-09-06T19:40:48.780+0545] {processor.py:208} INFO - Processing /home/ashok/miniconda3/envs/mysecondenvironment/lib/python3.8/site-packages/airflow/example_dags/tutorial_objectstorage.py took 0.081 seconds
[2025-09-06T19:41:50.389+0545] {processor.py:186} INFO - Started process (PID=46644) to work on /home/ashok/miniconda3/envs/mysecondenvironment/lib/python3.8/site-packages/airflow/example_dags/tutorial_objectstorage.py
[2025-09-06T19:41:50.392+0545] {processor.py:914} INFO - Processing file /home/ashok/miniconda3/envs/mysecondenvironment/lib/python3.8/site-packages/airflow/example_dags/tutorial_objectstorage.py for tasks to queue
[2025-09-06T19:41:50.395+0545] {logging_mixin.py:190} INFO - [2025-09-06T19:41:50.394+0545] {dagbag.py:588} INFO - Filling up the DagBag from /home/ashok/miniconda3/envs/mysecondenvironment/lib/python3.8/site-packages/airflow/example_dags/tutorial_objectstorage.py
[2025-09-06T19:41:50.406+0545] {processor.py:925} INFO - DAG(s) 'tutorial_objectstorage' retrieved from /home/ashok/miniconda3/envs/mysecondenvironment/lib/python3.8/site-packages/airflow/example_dags/tutorial_objectstorage.py
[2025-09-06T19:41:50.423+0545] {logging_mixin.py:190} INFO - [2025-09-06T19:41:50.423+0545] {dag.py:3239} INFO - Sync 1 DAGs
[2025-09-06T19:41:50.435+0545] {logging_mixin.py:190} INFO - [2025-09-06T19:41:50.435+0545] {dag.py:4180} INFO - Setting next_dagrun for tutorial_objectstorage to None, run_after=None
[2025-09-06T19:41:50.462+0545] {processor.py:208} INFO - Processing /home/ashok/miniconda3/envs/mysecondenvironment/lib/python3.8/site-packages/airflow/example_dags/tutorial_objectstorage.py took 0.081 seconds
[2025-09-06T19:42:50.702+0545] {processor.py:186} INFO - Started process (PID=47302) to work on /home/ashok/miniconda3/envs/mysecondenvironment/lib/python3.8/site-packages/airflow/example_dags/tutorial_objectstorage.py
[2025-09-06T19:42:50.704+0545] {processor.py:914} INFO - Processing file /home/ashok/miniconda3/envs/mysecondenvironment/lib/python3.8/site-packages/airflow/example_dags/tutorial_objectstorage.py for tasks to queue
[2025-09-06T19:42:50.708+0545] {logging_mixin.py:190} INFO - [2025-09-06T19:42:50.707+0545] {dagbag.py:588} INFO - Filling up the DagBag from /home/ashok/miniconda3/envs/mysecondenvironment/lib/python3.8/site-packages/airflow/example_dags/tutorial_objectstorage.py
[2025-09-06T19:42:50.722+0545] {processor.py:925} INFO - DAG(s) 'tutorial_objectstorage' retrieved from /home/ashok/miniconda3/envs/mysecondenvironment/lib/python3.8/site-packages/airflow/example_dags/tutorial_objectstorage.py
[2025-09-06T19:42:50.742+0545] {logging_mixin.py:190} INFO - [2025-09-06T19:42:50.741+0545] {dag.py:3239} INFO - Sync 1 DAGs
[2025-09-06T19:42:50.757+0545] {logging_mixin.py:190} INFO - [2025-09-06T19:42:50.757+0545] {dag.py:4180} INFO - Setting next_dagrun for tutorial_objectstorage to None, run_after=None
[2025-09-06T19:42:50.785+0545] {processor.py:208} INFO - Processing /home/ashok/miniconda3/envs/mysecondenvironment/lib/python3.8/site-packages/airflow/example_dags/tutorial_objectstorage.py took 0.092 seconds
[2025-09-06T19:43:51.419+0545] {processor.py:186} INFO - Started process (PID=47812) to work on /home/ashok/miniconda3/envs/mysecondenvironment/lib/python3.8/site-packages/airflow/example_dags/tutorial_objectstorage.py
[2025-09-06T19:43:51.422+0545] {processor.py:914} INFO - Processing file /home/ashok/miniconda3/envs/mysecondenvironment/lib/python3.8/site-packages/airflow/example_dags/tutorial_objectstorage.py for tasks to queue
[2025-09-06T19:43:51.425+0545] {logging_mixin.py:190} INFO - [2025-09-06T19:43:51.425+0545] {dagbag.py:588} INFO - Filling up the DagBag from /home/ashok/miniconda3/envs/mysecondenvironment/lib/python3.8/site-packages/airflow/example_dags/tutorial_objectstorage.py
[2025-09-06T19:43:51.437+0545] {processor.py:925} INFO - DAG(s) 'tutorial_objectstorage' retrieved from /home/ashok/miniconda3/envs/mysecondenvironment/lib/python3.8/site-packages/airflow/example_dags/tutorial_objectstorage.py
[2025-09-06T19:43:51.455+0545] {logging_mixin.py:190} INFO - [2025-09-06T19:43:51.454+0545] {dag.py:3239} INFO - Sync 1 DAGs
[2025-09-06T19:43:51.469+0545] {logging_mixin.py:190} INFO - [2025-09-06T19:43:51.469+0545] {dag.py:4180} INFO - Setting next_dagrun for tutorial_objectstorage to None, run_after=None
[2025-09-06T19:43:51.499+0545] {processor.py:208} INFO - Processing /home/ashok/miniconda3/envs/mysecondenvironment/lib/python3.8/site-packages/airflow/example_dags/tutorial_objectstorage.py took 0.087 seconds
[2025-09-06T19:44:50.474+0545] {processor.py:186} INFO - Started process (PID=48443) to work on /home/ashok/miniconda3/envs/mysecondenvironment/lib/python3.8/site-packages/airflow/example_dags/tutorial_objectstorage.py
[2025-09-06T19:44:50.477+0545] {processor.py:914} INFO - Processing file /home/ashok/miniconda3/envs/mysecondenvironment/lib/python3.8/site-packages/airflow/example_dags/tutorial_objectstorage.py for tasks to queue
[2025-09-06T19:44:50.480+0545] {logging_mixin.py:190} INFO - [2025-09-06T19:44:50.480+0545] {dagbag.py:588} INFO - Filling up the DagBag from /home/ashok/miniconda3/envs/mysecondenvironment/lib/python3.8/site-packages/airflow/example_dags/tutorial_objectstorage.py
[2025-09-06T19:44:50.492+0545] {processor.py:925} INFO - DAG(s) 'tutorial_objectstorage' retrieved from /home/ashok/miniconda3/envs/mysecondenvironment/lib/python3.8/site-packages/airflow/example_dags/tutorial_objectstorage.py
[2025-09-06T19:44:50.508+0545] {logging_mixin.py:190} INFO - [2025-09-06T19:44:50.508+0545] {dag.py:3239} INFO - Sync 1 DAGs
[2025-09-06T19:44:50.521+0545] {logging_mixin.py:190} INFO - [2025-09-06T19:44:50.521+0545] {dag.py:4180} INFO - Setting next_dagrun for tutorial_objectstorage to None, run_after=None
[2025-09-06T19:44:50.549+0545] {processor.py:208} INFO - Processing /home/ashok/miniconda3/envs/mysecondenvironment/lib/python3.8/site-packages/airflow/example_dags/tutorial_objectstorage.py took 0.083 seconds
[2025-09-06T19:45:47.955+0545] {processor.py:186} INFO - Started process (PID=48818) to work on /home/ashok/miniconda3/envs/mysecondenvironment/lib/python3.8/site-packages/airflow/example_dags/tutorial_objectstorage.py
[2025-09-06T19:45:47.957+0545] {processor.py:914} INFO - Processing file /home/ashok/miniconda3/envs/mysecondenvironment/lib/python3.8/site-packages/airflow/example_dags/tutorial_objectstorage.py for tasks to queue
[2025-09-06T19:45:47.960+0545] {logging_mixin.py:190} INFO - [2025-09-06T19:45:47.960+0545] {dagbag.py:588} INFO - Filling up the DagBag from /home/ashok/miniconda3/envs/mysecondenvironment/lib/python3.8/site-packages/airflow/example_dags/tutorial_objectstorage.py
[2025-09-06T19:45:47.971+0545] {processor.py:925} INFO - DAG(s) 'tutorial_objectstorage' retrieved from /home/ashok/miniconda3/envs/mysecondenvironment/lib/python3.8/site-packages/airflow/example_dags/tutorial_objectstorage.py
[2025-09-06T19:45:47.989+0545] {logging_mixin.py:190} INFO - [2025-09-06T19:45:47.989+0545] {dag.py:3239} INFO - Sync 1 DAGs
[2025-09-06T19:45:48.002+0545] {logging_mixin.py:190} INFO - [2025-09-06T19:45:48.002+0545] {dag.py:4180} INFO - Setting next_dagrun for tutorial_objectstorage to None, run_after=None
[2025-09-06T19:45:48.028+0545] {processor.py:208} INFO - Processing /home/ashok/miniconda3/envs/mysecondenvironment/lib/python3.8/site-packages/airflow/example_dags/tutorial_objectstorage.py took 0.081 seconds
[2025-09-06T19:46:48.312+0545] {processor.py:186} INFO - Started process (PID=49496) to work on /home/ashok/miniconda3/envs/mysecondenvironment/lib/python3.8/site-packages/airflow/example_dags/tutorial_objectstorage.py
[2025-09-06T19:46:48.315+0545] {processor.py:914} INFO - Processing file /home/ashok/miniconda3/envs/mysecondenvironment/lib/python3.8/site-packages/airflow/example_dags/tutorial_objectstorage.py for tasks to queue
[2025-09-06T19:46:48.317+0545] {logging_mixin.py:190} INFO - [2025-09-06T19:46:48.317+0545] {dagbag.py:588} INFO - Filling up the DagBag from /home/ashok/miniconda3/envs/mysecondenvironment/lib/python3.8/site-packages/airflow/example_dags/tutorial_objectstorage.py
[2025-09-06T19:46:48.329+0545] {processor.py:925} INFO - DAG(s) 'tutorial_objectstorage' retrieved from /home/ashok/miniconda3/envs/mysecondenvironment/lib/python3.8/site-packages/airflow/example_dags/tutorial_objectstorage.py
[2025-09-06T19:46:48.346+0545] {logging_mixin.py:190} INFO - [2025-09-06T19:46:48.345+0545] {dag.py:3239} INFO - Sync 1 DAGs
[2025-09-06T19:46:48.359+0545] {logging_mixin.py:190} INFO - [2025-09-06T19:46:48.358+0545] {dag.py:4180} INFO - Setting next_dagrun for tutorial_objectstorage to None, run_after=None
[2025-09-06T19:46:48.385+0545] {processor.py:208} INFO - Processing /home/ashok/miniconda3/envs/mysecondenvironment/lib/python3.8/site-packages/airflow/example_dags/tutorial_objectstorage.py took 0.081 seconds
[2025-09-06T19:47:47.419+0545] {processor.py:186} INFO - Started process (PID=49935) to work on /home/ashok/miniconda3/envs/mysecondenvironment/lib/python3.8/site-packages/airflow/example_dags/tutorial_objectstorage.py
[2025-09-06T19:47:47.422+0545] {processor.py:914} INFO - Processing file /home/ashok/miniconda3/envs/mysecondenvironment/lib/python3.8/site-packages/airflow/example_dags/tutorial_objectstorage.py for tasks to queue
[2025-09-06T19:47:47.425+0545] {logging_mixin.py:190} INFO - [2025-09-06T19:47:47.425+0545] {dagbag.py:588} INFO - Filling up the DagBag from /home/ashok/miniconda3/envs/mysecondenvironment/lib/python3.8/site-packages/airflow/example_dags/tutorial_objectstorage.py
[2025-09-06T19:47:47.436+0545] {processor.py:925} INFO - DAG(s) 'tutorial_objectstorage' retrieved from /home/ashok/miniconda3/envs/mysecondenvironment/lib/python3.8/site-packages/airflow/example_dags/tutorial_objectstorage.py
[2025-09-06T19:47:47.453+0545] {logging_mixin.py:190} INFO - [2025-09-06T19:47:47.453+0545] {dag.py:3239} INFO - Sync 1 DAGs
[2025-09-06T19:47:47.466+0545] {logging_mixin.py:190} INFO - [2025-09-06T19:47:47.465+0545] {dag.py:4180} INFO - Setting next_dagrun for tutorial_objectstorage to None, run_after=None
[2025-09-06T19:47:47.492+0545] {processor.py:208} INFO - Processing /home/ashok/miniconda3/envs/mysecondenvironment/lib/python3.8/site-packages/airflow/example_dags/tutorial_objectstorage.py took 0.080 seconds
