[2025-09-05T10:31:07.783+0545] {processor.py:186} INFO - Started process (PID=10456) to work on /home/ashok/miniconda3/envs/mysecondenvironment/lib/python3.8/site-packages/airflow/example_dags/example_branch_operator_decorator.py
[2025-09-05T10:31:07.784+0545] {processor.py:914} INFO - Processing file /home/ashok/miniconda3/envs/mysecondenvironment/lib/python3.8/site-packages/airflow/example_dags/example_branch_operator_decorator.py for tasks to queue
[2025-09-05T10:31:07.787+0545] {logging_mixin.py:190} INFO - [2025-09-05T10:31:07.786+0545] {dagbag.py:588} INFO - Filling up the DagBag from /home/ashok/miniconda3/envs/mysecondenvironment/lib/python3.8/site-packages/airflow/example_dags/example_branch_operator_decorator.py
[2025-09-05T10:31:07.790+0545] {processor.py:927} WARNING - No viable dags retrieved from /home/ashok/miniconda3/envs/mysecondenvironment/lib/python3.8/site-packages/airflow/example_dags/example_branch_operator_decorator.py
[2025-09-05T10:31:07.802+0545] {processor.py:208} INFO - Processing /home/ashok/miniconda3/envs/mysecondenvironment/lib/python3.8/site-packages/airflow/example_dags/example_branch_operator_decorator.py took 0.026 seconds
[2025-09-05T10:32:09.645+0545] {processor.py:186} INFO - Started process (PID=11055) to work on /home/ashok/miniconda3/envs/mysecondenvironment/lib/python3.8/site-packages/airflow/example_dags/example_branch_operator_decorator.py
[2025-09-05T10:32:09.648+0545] {processor.py:914} INFO - Processing file /home/ashok/miniconda3/envs/mysecondenvironment/lib/python3.8/site-packages/airflow/example_dags/example_branch_operator_decorator.py for tasks to queue
[2025-09-05T10:32:09.651+0545] {logging_mixin.py:190} INFO - [2025-09-05T10:32:09.650+0545] {dagbag.py:588} INFO - Filling up the DagBag from /home/ashok/miniconda3/envs/mysecondenvironment/lib/python3.8/site-packages/airflow/example_dags/example_branch_operator_decorator.py
[2025-09-05T10:32:09.654+0545] {processor.py:927} WARNING - No viable dags retrieved from /home/ashok/miniconda3/envs/mysecondenvironment/lib/python3.8/site-packages/airflow/example_dags/example_branch_operator_decorator.py
[2025-09-05T10:32:09.667+0545] {processor.py:208} INFO - Processing /home/ashok/miniconda3/envs/mysecondenvironment/lib/python3.8/site-packages/airflow/example_dags/example_branch_operator_decorator.py took 0.030 seconds
[2025-09-05T10:33:13.833+0545] {processor.py:186} INFO - Started process (PID=11500) to work on /home/ashok/miniconda3/envs/mysecondenvironment/lib/python3.8/site-packages/airflow/example_dags/example_branch_operator_decorator.py
[2025-09-05T10:33:13.836+0545] {processor.py:914} INFO - Processing file /home/ashok/miniconda3/envs/mysecondenvironment/lib/python3.8/site-packages/airflow/example_dags/example_branch_operator_decorator.py for tasks to queue
[2025-09-05T10:33:13.839+0545] {logging_mixin.py:190} INFO - [2025-09-05T10:33:13.838+0545] {dagbag.py:588} INFO - Filling up the DagBag from /home/ashok/miniconda3/envs/mysecondenvironment/lib/python3.8/site-packages/airflow/example_dags/example_branch_operator_decorator.py
[2025-09-05T10:33:13.842+0545] {processor.py:927} WARNING - No viable dags retrieved from /home/ashok/miniconda3/envs/mysecondenvironment/lib/python3.8/site-packages/airflow/example_dags/example_branch_operator_decorator.py
[2025-09-05T10:33:13.855+0545] {processor.py:208} INFO - Processing /home/ashok/miniconda3/envs/mysecondenvironment/lib/python3.8/site-packages/airflow/example_dags/example_branch_operator_decorator.py took 0.029 seconds
[2025-09-05T10:35:02.331+0545] {processor.py:186} INFO - Started process (PID=13089) to work on /home/ashok/miniconda3/envs/mysecondenvironment/lib/python3.8/site-packages/airflow/example_dags/example_branch_operator_decorator.py
[2025-09-05T10:35:02.334+0545] {processor.py:914} INFO - Processing file /home/ashok/miniconda3/envs/mysecondenvironment/lib/python3.8/site-packages/airflow/example_dags/example_branch_operator_decorator.py for tasks to queue
[2025-09-05T10:35:02.336+0545] {logging_mixin.py:190} INFO - [2025-09-05T10:35:02.336+0545] {dagbag.py:588} INFO - Filling up the DagBag from /home/ashok/miniconda3/envs/mysecondenvironment/lib/python3.8/site-packages/airflow/example_dags/example_branch_operator_decorator.py
[2025-09-05T10:35:02.340+0545] {processor.py:927} WARNING - No viable dags retrieved from /home/ashok/miniconda3/envs/mysecondenvironment/lib/python3.8/site-packages/airflow/example_dags/example_branch_operator_decorator.py
[2025-09-05T10:35:02.351+0545] {processor.py:208} INFO - Processing /home/ashok/miniconda3/envs/mysecondenvironment/lib/python3.8/site-packages/airflow/example_dags/example_branch_operator_decorator.py took 0.028 seconds
[2025-09-05T10:36:11.455+0545] {processor.py:186} INFO - Started process (PID=13685) to work on /home/ashok/miniconda3/envs/mysecondenvironment/lib/python3.8/site-packages/airflow/example_dags/example_branch_operator_decorator.py
[2025-09-05T10:36:11.458+0545] {processor.py:914} INFO - Processing file /home/ashok/miniconda3/envs/mysecondenvironment/lib/python3.8/site-packages/airflow/example_dags/example_branch_operator_decorator.py for tasks to queue
[2025-09-05T10:36:11.461+0545] {logging_mixin.py:190} INFO - [2025-09-05T10:36:11.460+0545] {dagbag.py:588} INFO - Filling up the DagBag from /home/ashok/miniconda3/envs/mysecondenvironment/lib/python3.8/site-packages/airflow/example_dags/example_branch_operator_decorator.py
[2025-09-05T10:36:11.465+0545] {processor.py:927} WARNING - No viable dags retrieved from /home/ashok/miniconda3/envs/mysecondenvironment/lib/python3.8/site-packages/airflow/example_dags/example_branch_operator_decorator.py
[2025-09-05T10:36:11.478+0545] {processor.py:208} INFO - Processing /home/ashok/miniconda3/envs/mysecondenvironment/lib/python3.8/site-packages/airflow/example_dags/example_branch_operator_decorator.py took 0.031 seconds
[2025-09-05T10:37:15.033+0545] {processor.py:186} INFO - Started process (PID=14240) to work on /home/ashok/miniconda3/envs/mysecondenvironment/lib/python3.8/site-packages/airflow/example_dags/example_branch_operator_decorator.py
[2025-09-05T10:37:15.037+0545] {processor.py:914} INFO - Processing file /home/ashok/miniconda3/envs/mysecondenvironment/lib/python3.8/site-packages/airflow/example_dags/example_branch_operator_decorator.py for tasks to queue
[2025-09-05T10:37:15.039+0545] {logging_mixin.py:190} INFO - [2025-09-05T10:37:15.038+0545] {dagbag.py:588} INFO - Filling up the DagBag from /home/ashok/miniconda3/envs/mysecondenvironment/lib/python3.8/site-packages/airflow/example_dags/example_branch_operator_decorator.py
[2025-09-05T10:37:15.042+0545] {processor.py:927} WARNING - No viable dags retrieved from /home/ashok/miniconda3/envs/mysecondenvironment/lib/python3.8/site-packages/airflow/example_dags/example_branch_operator_decorator.py
[2025-09-05T10:37:15.051+0545] {processor.py:208} INFO - Processing /home/ashok/miniconda3/envs/mysecondenvironment/lib/python3.8/site-packages/airflow/example_dags/example_branch_operator_decorator.py took 0.024 seconds
[2025-09-05T10:38:20.426+0545] {processor.py:186} INFO - Started process (PID=14714) to work on /home/ashok/miniconda3/envs/mysecondenvironment/lib/python3.8/site-packages/airflow/example_dags/example_branch_operator_decorator.py
[2025-09-05T10:38:20.428+0545] {processor.py:914} INFO - Processing file /home/ashok/miniconda3/envs/mysecondenvironment/lib/python3.8/site-packages/airflow/example_dags/example_branch_operator_decorator.py for tasks to queue
[2025-09-05T10:38:20.431+0545] {logging_mixin.py:190} INFO - [2025-09-05T10:38:20.431+0545] {dagbag.py:588} INFO - Filling up the DagBag from /home/ashok/miniconda3/envs/mysecondenvironment/lib/python3.8/site-packages/airflow/example_dags/example_branch_operator_decorator.py
[2025-09-05T10:38:20.435+0545] {processor.py:927} WARNING - No viable dags retrieved from /home/ashok/miniconda3/envs/mysecondenvironment/lib/python3.8/site-packages/airflow/example_dags/example_branch_operator_decorator.py
[2025-09-05T10:38:20.446+0545] {processor.py:208} INFO - Processing /home/ashok/miniconda3/envs/mysecondenvironment/lib/python3.8/site-packages/airflow/example_dags/example_branch_operator_decorator.py took 0.028 seconds
[2025-09-05T10:40:06.222+0545] {processor.py:186} INFO - Started process (PID=15889) to work on /home/ashok/miniconda3/envs/mysecondenvironment/lib/python3.8/site-packages/airflow/example_dags/example_branch_operator_decorator.py
[2025-09-05T10:40:06.225+0545] {processor.py:914} INFO - Processing file /home/ashok/miniconda3/envs/mysecondenvironment/lib/python3.8/site-packages/airflow/example_dags/example_branch_operator_decorator.py for tasks to queue
[2025-09-05T10:40:06.229+0545] {logging_mixin.py:190} INFO - [2025-09-05T10:40:06.228+0545] {dagbag.py:588} INFO - Filling up the DagBag from /home/ashok/miniconda3/envs/mysecondenvironment/lib/python3.8/site-packages/airflow/example_dags/example_branch_operator_decorator.py
[2025-09-05T10:40:06.232+0545] {processor.py:927} WARNING - No viable dags retrieved from /home/ashok/miniconda3/envs/mysecondenvironment/lib/python3.8/site-packages/airflow/example_dags/example_branch_operator_decorator.py
[2025-09-05T10:40:06.245+0545] {processor.py:208} INFO - Processing /home/ashok/miniconda3/envs/mysecondenvironment/lib/python3.8/site-packages/airflow/example_dags/example_branch_operator_decorator.py took 0.030 seconds
[2025-09-05T10:54:17.298+0545] {processor.py:186} INFO - Started process (PID=21988) to work on /home/ashok/miniconda3/envs/mysecondenvironment/lib/python3.8/site-packages/airflow/example_dags/example_branch_operator_decorator.py
[2025-09-05T10:54:17.300+0545] {processor.py:914} INFO - Processing file /home/ashok/miniconda3/envs/mysecondenvironment/lib/python3.8/site-packages/airflow/example_dags/example_branch_operator_decorator.py for tasks to queue
[2025-09-05T10:54:17.303+0545] {logging_mixin.py:190} INFO - [2025-09-05T10:54:17.302+0545] {dagbag.py:588} INFO - Filling up the DagBag from /home/ashok/miniconda3/envs/mysecondenvironment/lib/python3.8/site-packages/airflow/example_dags/example_branch_operator_decorator.py
[2025-09-05T10:54:17.306+0545] {processor.py:927} WARNING - No viable dags retrieved from /home/ashok/miniconda3/envs/mysecondenvironment/lib/python3.8/site-packages/airflow/example_dags/example_branch_operator_decorator.py
[2025-09-05T10:54:17.317+0545] {processor.py:208} INFO - Processing /home/ashok/miniconda3/envs/mysecondenvironment/lib/python3.8/site-packages/airflow/example_dags/example_branch_operator_decorator.py took 0.027 seconds
[2025-09-05T10:56:11.996+0545] {processor.py:186} INFO - Started process (PID=23339) to work on /home/ashok/miniconda3/envs/mysecondenvironment/lib/python3.8/site-packages/airflow/example_dags/example_branch_operator_decorator.py
[2025-09-05T10:56:11.998+0545] {processor.py:914} INFO - Processing file /home/ashok/miniconda3/envs/mysecondenvironment/lib/python3.8/site-packages/airflow/example_dags/example_branch_operator_decorator.py for tasks to queue
[2025-09-05T10:56:12.002+0545] {logging_mixin.py:190} INFO - [2025-09-05T10:56:12.001+0545] {dagbag.py:588} INFO - Filling up the DagBag from /home/ashok/miniconda3/envs/mysecondenvironment/lib/python3.8/site-packages/airflow/example_dags/example_branch_operator_decorator.py
[2025-09-05T10:56:12.006+0545] {processor.py:927} WARNING - No viable dags retrieved from /home/ashok/miniconda3/envs/mysecondenvironment/lib/python3.8/site-packages/airflow/example_dags/example_branch_operator_decorator.py
[2025-09-05T10:56:12.021+0545] {processor.py:208} INFO - Processing /home/ashok/miniconda3/envs/mysecondenvironment/lib/python3.8/site-packages/airflow/example_dags/example_branch_operator_decorator.py took 0.034 seconds
[2025-09-05T10:57:27.500+0545] {processor.py:186} INFO - Started process (PID=23964) to work on /home/ashok/miniconda3/envs/mysecondenvironment/lib/python3.8/site-packages/airflow/example_dags/example_branch_operator_decorator.py
[2025-09-05T10:57:27.503+0545] {processor.py:914} INFO - Processing file /home/ashok/miniconda3/envs/mysecondenvironment/lib/python3.8/site-packages/airflow/example_dags/example_branch_operator_decorator.py for tasks to queue
[2025-09-05T10:57:27.505+0545] {logging_mixin.py:190} INFO - [2025-09-05T10:57:27.505+0545] {dagbag.py:588} INFO - Filling up the DagBag from /home/ashok/miniconda3/envs/mysecondenvironment/lib/python3.8/site-packages/airflow/example_dags/example_branch_operator_decorator.py
[2025-09-05T10:57:27.509+0545] {processor.py:927} WARNING - No viable dags retrieved from /home/ashok/miniconda3/envs/mysecondenvironment/lib/python3.8/site-packages/airflow/example_dags/example_branch_operator_decorator.py
[2025-09-05T10:57:27.521+0545] {processor.py:208} INFO - Processing /home/ashok/miniconda3/envs/mysecondenvironment/lib/python3.8/site-packages/airflow/example_dags/example_branch_operator_decorator.py took 0.029 seconds
[2025-09-05T10:58:31.887+0545] {processor.py:186} INFO - Started process (PID=24705) to work on /home/ashok/miniconda3/envs/mysecondenvironment/lib/python3.8/site-packages/airflow/example_dags/example_branch_operator_decorator.py
[2025-09-05T10:58:31.889+0545] {processor.py:914} INFO - Processing file /home/ashok/miniconda3/envs/mysecondenvironment/lib/python3.8/site-packages/airflow/example_dags/example_branch_operator_decorator.py for tasks to queue
[2025-09-05T10:58:31.892+0545] {logging_mixin.py:190} INFO - [2025-09-05T10:58:31.891+0545] {dagbag.py:588} INFO - Filling up the DagBag from /home/ashok/miniconda3/envs/mysecondenvironment/lib/python3.8/site-packages/airflow/example_dags/example_branch_operator_decorator.py
[2025-09-05T10:58:31.895+0545] {processor.py:927} WARNING - No viable dags retrieved from /home/ashok/miniconda3/envs/mysecondenvironment/lib/python3.8/site-packages/airflow/example_dags/example_branch_operator_decorator.py
[2025-09-05T10:58:31.906+0545] {processor.py:208} INFO - Processing /home/ashok/miniconda3/envs/mysecondenvironment/lib/python3.8/site-packages/airflow/example_dags/example_branch_operator_decorator.py took 0.026 seconds
[2025-09-05T10:59:36.633+0545] {processor.py:186} INFO - Started process (PID=25197) to work on /home/ashok/miniconda3/envs/mysecondenvironment/lib/python3.8/site-packages/airflow/example_dags/example_branch_operator_decorator.py
[2025-09-05T10:59:36.636+0545] {processor.py:914} INFO - Processing file /home/ashok/miniconda3/envs/mysecondenvironment/lib/python3.8/site-packages/airflow/example_dags/example_branch_operator_decorator.py for tasks to queue
[2025-09-05T10:59:36.638+0545] {logging_mixin.py:190} INFO - [2025-09-05T10:59:36.638+0545] {dagbag.py:588} INFO - Filling up the DagBag from /home/ashok/miniconda3/envs/mysecondenvironment/lib/python3.8/site-packages/airflow/example_dags/example_branch_operator_decorator.py
[2025-09-05T10:59:36.641+0545] {processor.py:927} WARNING - No viable dags retrieved from /home/ashok/miniconda3/envs/mysecondenvironment/lib/python3.8/site-packages/airflow/example_dags/example_branch_operator_decorator.py
[2025-09-05T10:59:36.651+0545] {processor.py:208} INFO - Processing /home/ashok/miniconda3/envs/mysecondenvironment/lib/python3.8/site-packages/airflow/example_dags/example_branch_operator_decorator.py took 0.024 seconds
[2025-09-05T11:00:41.436+0545] {processor.py:186} INFO - Started process (PID=25673) to work on /home/ashok/miniconda3/envs/mysecondenvironment/lib/python3.8/site-packages/airflow/example_dags/example_branch_operator_decorator.py
[2025-09-05T11:00:41.439+0545] {processor.py:914} INFO - Processing file /home/ashok/miniconda3/envs/mysecondenvironment/lib/python3.8/site-packages/airflow/example_dags/example_branch_operator_decorator.py for tasks to queue
[2025-09-05T11:00:41.441+0545] {logging_mixin.py:190} INFO - [2025-09-05T11:00:41.441+0545] {dagbag.py:588} INFO - Filling up the DagBag from /home/ashok/miniconda3/envs/mysecondenvironment/lib/python3.8/site-packages/airflow/example_dags/example_branch_operator_decorator.py
[2025-09-05T11:00:41.445+0545] {processor.py:927} WARNING - No viable dags retrieved from /home/ashok/miniconda3/envs/mysecondenvironment/lib/python3.8/site-packages/airflow/example_dags/example_branch_operator_decorator.py
[2025-09-05T11:00:41.457+0545] {processor.py:208} INFO - Processing /home/ashok/miniconda3/envs/mysecondenvironment/lib/python3.8/site-packages/airflow/example_dags/example_branch_operator_decorator.py took 0.028 seconds
[2025-09-05T11:01:43.526+0545] {processor.py:186} INFO - Started process (PID=26140) to work on /home/ashok/miniconda3/envs/mysecondenvironment/lib/python3.8/site-packages/airflow/example_dags/example_branch_operator_decorator.py
[2025-09-05T11:01:43.528+0545] {processor.py:914} INFO - Processing file /home/ashok/miniconda3/envs/mysecondenvironment/lib/python3.8/site-packages/airflow/example_dags/example_branch_operator_decorator.py for tasks to queue
[2025-09-05T11:01:43.531+0545] {logging_mixin.py:190} INFO - [2025-09-05T11:01:43.530+0545] {dagbag.py:588} INFO - Filling up the DagBag from /home/ashok/miniconda3/envs/mysecondenvironment/lib/python3.8/site-packages/airflow/example_dags/example_branch_operator_decorator.py
[2025-09-05T11:01:43.534+0545] {processor.py:927} WARNING - No viable dags retrieved from /home/ashok/miniconda3/envs/mysecondenvironment/lib/python3.8/site-packages/airflow/example_dags/example_branch_operator_decorator.py
[2025-09-05T11:01:43.546+0545] {processor.py:208} INFO - Processing /home/ashok/miniconda3/envs/mysecondenvironment/lib/python3.8/site-packages/airflow/example_dags/example_branch_operator_decorator.py took 0.028 seconds
[2025-09-05T11:02:45.613+0545] {processor.py:186} INFO - Started process (PID=26599) to work on /home/ashok/miniconda3/envs/mysecondenvironment/lib/python3.8/site-packages/airflow/example_dags/example_branch_operator_decorator.py
[2025-09-05T11:02:45.616+0545] {processor.py:914} INFO - Processing file /home/ashok/miniconda3/envs/mysecondenvironment/lib/python3.8/site-packages/airflow/example_dags/example_branch_operator_decorator.py for tasks to queue
[2025-09-05T11:02:45.619+0545] {logging_mixin.py:190} INFO - [2025-09-05T11:02:45.619+0545] {dagbag.py:588} INFO - Filling up the DagBag from /home/ashok/miniconda3/envs/mysecondenvironment/lib/python3.8/site-packages/airflow/example_dags/example_branch_operator_decorator.py
[2025-09-05T11:02:45.623+0545] {processor.py:927} WARNING - No viable dags retrieved from /home/ashok/miniconda3/envs/mysecondenvironment/lib/python3.8/site-packages/airflow/example_dags/example_branch_operator_decorator.py
[2025-09-05T11:02:45.634+0545] {processor.py:208} INFO - Processing /home/ashok/miniconda3/envs/mysecondenvironment/lib/python3.8/site-packages/airflow/example_dags/example_branch_operator_decorator.py took 0.028 seconds
[2025-09-05T11:03:50.857+0545] {processor.py:186} INFO - Started process (PID=27104) to work on /home/ashok/miniconda3/envs/mysecondenvironment/lib/python3.8/site-packages/airflow/example_dags/example_branch_operator_decorator.py
[2025-09-05T11:03:50.860+0545] {processor.py:914} INFO - Processing file /home/ashok/miniconda3/envs/mysecondenvironment/lib/python3.8/site-packages/airflow/example_dags/example_branch_operator_decorator.py for tasks to queue
[2025-09-05T11:03:50.863+0545] {logging_mixin.py:190} INFO - [2025-09-05T11:03:50.862+0545] {dagbag.py:588} INFO - Filling up the DagBag from /home/ashok/miniconda3/envs/mysecondenvironment/lib/python3.8/site-packages/airflow/example_dags/example_branch_operator_decorator.py
[2025-09-05T11:03:50.866+0545] {processor.py:927} WARNING - No viable dags retrieved from /home/ashok/miniconda3/envs/mysecondenvironment/lib/python3.8/site-packages/airflow/example_dags/example_branch_operator_decorator.py
[2025-09-05T11:03:50.878+0545] {processor.py:208} INFO - Processing /home/ashok/miniconda3/envs/mysecondenvironment/lib/python3.8/site-packages/airflow/example_dags/example_branch_operator_decorator.py took 0.029 seconds
[2025-09-05T11:04:58.715+0545] {processor.py:186} INFO - Started process (PID=27628) to work on /home/ashok/miniconda3/envs/mysecondenvironment/lib/python3.8/site-packages/airflow/example_dags/example_branch_operator_decorator.py
[2025-09-05T11:04:58.716+0545] {processor.py:914} INFO - Processing file /home/ashok/miniconda3/envs/mysecondenvironment/lib/python3.8/site-packages/airflow/example_dags/example_branch_operator_decorator.py for tasks to queue
[2025-09-05T11:04:58.719+0545] {logging_mixin.py:190} INFO - [2025-09-05T11:04:58.719+0545] {dagbag.py:588} INFO - Filling up the DagBag from /home/ashok/miniconda3/envs/mysecondenvironment/lib/python3.8/site-packages/airflow/example_dags/example_branch_operator_decorator.py
[2025-09-05T11:04:58.723+0545] {processor.py:927} WARNING - No viable dags retrieved from /home/ashok/miniconda3/envs/mysecondenvironment/lib/python3.8/site-packages/airflow/example_dags/example_branch_operator_decorator.py
[2025-09-05T11:04:58.734+0545] {processor.py:208} INFO - Processing /home/ashok/miniconda3/envs/mysecondenvironment/lib/python3.8/site-packages/airflow/example_dags/example_branch_operator_decorator.py took 0.027 seconds
[2025-09-05T11:06:02.273+0545] {processor.py:186} INFO - Started process (PID=28102) to work on /home/ashok/miniconda3/envs/mysecondenvironment/lib/python3.8/site-packages/airflow/example_dags/example_branch_operator_decorator.py
[2025-09-05T11:06:02.276+0545] {processor.py:914} INFO - Processing file /home/ashok/miniconda3/envs/mysecondenvironment/lib/python3.8/site-packages/airflow/example_dags/example_branch_operator_decorator.py for tasks to queue
[2025-09-05T11:06:02.279+0545] {logging_mixin.py:190} INFO - [2025-09-05T11:06:02.278+0545] {dagbag.py:588} INFO - Filling up the DagBag from /home/ashok/miniconda3/envs/mysecondenvironment/lib/python3.8/site-packages/airflow/example_dags/example_branch_operator_decorator.py
[2025-09-05T11:06:02.282+0545] {processor.py:927} WARNING - No viable dags retrieved from /home/ashok/miniconda3/envs/mysecondenvironment/lib/python3.8/site-packages/airflow/example_dags/example_branch_operator_decorator.py
[2025-09-05T11:06:02.295+0545] {processor.py:208} INFO - Processing /home/ashok/miniconda3/envs/mysecondenvironment/lib/python3.8/site-packages/airflow/example_dags/example_branch_operator_decorator.py took 0.029 seconds
[2025-09-05T11:07:03.070+0545] {processor.py:186} INFO - Started process (PID=28558) to work on /home/ashok/miniconda3/envs/mysecondenvironment/lib/python3.8/site-packages/airflow/example_dags/example_branch_operator_decorator.py
[2025-09-05T11:07:03.073+0545] {processor.py:914} INFO - Processing file /home/ashok/miniconda3/envs/mysecondenvironment/lib/python3.8/site-packages/airflow/example_dags/example_branch_operator_decorator.py for tasks to queue
[2025-09-05T11:07:03.075+0545] {logging_mixin.py:190} INFO - [2025-09-05T11:07:03.075+0545] {dagbag.py:588} INFO - Filling up the DagBag from /home/ashok/miniconda3/envs/mysecondenvironment/lib/python3.8/site-packages/airflow/example_dags/example_branch_operator_decorator.py
[2025-09-05T11:07:03.079+0545] {processor.py:927} WARNING - No viable dags retrieved from /home/ashok/miniconda3/envs/mysecondenvironment/lib/python3.8/site-packages/airflow/example_dags/example_branch_operator_decorator.py
[2025-09-05T11:07:03.091+0545] {processor.py:208} INFO - Processing /home/ashok/miniconda3/envs/mysecondenvironment/lib/python3.8/site-packages/airflow/example_dags/example_branch_operator_decorator.py took 0.029 seconds
[2025-09-05T11:08:04.354+0545] {processor.py:186} INFO - Started process (PID=29403) to work on /home/ashok/miniconda3/envs/mysecondenvironment/lib/python3.8/site-packages/airflow/example_dags/example_branch_operator_decorator.py
[2025-09-05T11:08:04.357+0545] {processor.py:914} INFO - Processing file /home/ashok/miniconda3/envs/mysecondenvironment/lib/python3.8/site-packages/airflow/example_dags/example_branch_operator_decorator.py for tasks to queue
[2025-09-05T11:08:04.360+0545] {logging_mixin.py:190} INFO - [2025-09-05T11:08:04.359+0545] {dagbag.py:588} INFO - Filling up the DagBag from /home/ashok/miniconda3/envs/mysecondenvironment/lib/python3.8/site-packages/airflow/example_dags/example_branch_operator_decorator.py
[2025-09-05T11:08:04.364+0545] {processor.py:927} WARNING - No viable dags retrieved from /home/ashok/miniconda3/envs/mysecondenvironment/lib/python3.8/site-packages/airflow/example_dags/example_branch_operator_decorator.py
[2025-09-05T11:08:04.376+0545] {processor.py:208} INFO - Processing /home/ashok/miniconda3/envs/mysecondenvironment/lib/python3.8/site-packages/airflow/example_dags/example_branch_operator_decorator.py took 0.031 seconds
[2025-09-05T11:09:10.517+0545] {processor.py:186} INFO - Started process (PID=29952) to work on /home/ashok/miniconda3/envs/mysecondenvironment/lib/python3.8/site-packages/airflow/example_dags/example_branch_operator_decorator.py
[2025-09-05T11:09:10.518+0545] {processor.py:914} INFO - Processing file /home/ashok/miniconda3/envs/mysecondenvironment/lib/python3.8/site-packages/airflow/example_dags/example_branch_operator_decorator.py for tasks to queue
[2025-09-05T11:09:10.519+0545] {logging_mixin.py:190} INFO - [2025-09-05T11:09:10.519+0545] {dagbag.py:588} INFO - Filling up the DagBag from /home/ashok/miniconda3/envs/mysecondenvironment/lib/python3.8/site-packages/airflow/example_dags/example_branch_operator_decorator.py
[2025-09-05T11:09:10.521+0545] {processor.py:927} WARNING - No viable dags retrieved from /home/ashok/miniconda3/envs/mysecondenvironment/lib/python3.8/site-packages/airflow/example_dags/example_branch_operator_decorator.py
[2025-09-05T11:09:10.527+0545] {processor.py:208} INFO - Processing /home/ashok/miniconda3/envs/mysecondenvironment/lib/python3.8/site-packages/airflow/example_dags/example_branch_operator_decorator.py took 0.013 seconds
[2025-09-05T11:10:12.349+0545] {processor.py:186} INFO - Started process (PID=30425) to work on /home/ashok/miniconda3/envs/mysecondenvironment/lib/python3.8/site-packages/airflow/example_dags/example_branch_operator_decorator.py
[2025-09-05T11:10:12.351+0545] {processor.py:914} INFO - Processing file /home/ashok/miniconda3/envs/mysecondenvironment/lib/python3.8/site-packages/airflow/example_dags/example_branch_operator_decorator.py for tasks to queue
[2025-09-05T11:10:12.354+0545] {logging_mixin.py:190} INFO - [2025-09-05T11:10:12.354+0545] {dagbag.py:588} INFO - Filling up the DagBag from /home/ashok/miniconda3/envs/mysecondenvironment/lib/python3.8/site-packages/airflow/example_dags/example_branch_operator_decorator.py
[2025-09-05T11:10:12.357+0545] {processor.py:927} WARNING - No viable dags retrieved from /home/ashok/miniconda3/envs/mysecondenvironment/lib/python3.8/site-packages/airflow/example_dags/example_branch_operator_decorator.py
[2025-09-05T11:10:12.373+0545] {processor.py:208} INFO - Processing /home/ashok/miniconda3/envs/mysecondenvironment/lib/python3.8/site-packages/airflow/example_dags/example_branch_operator_decorator.py took 0.032 seconds
[2025-09-05T11:11:18.473+0545] {processor.py:186} INFO - Started process (PID=30959) to work on /home/ashok/miniconda3/envs/mysecondenvironment/lib/python3.8/site-packages/airflow/example_dags/example_branch_operator_decorator.py
[2025-09-05T11:11:18.475+0545] {processor.py:914} INFO - Processing file /home/ashok/miniconda3/envs/mysecondenvironment/lib/python3.8/site-packages/airflow/example_dags/example_branch_operator_decorator.py for tasks to queue
[2025-09-05T11:11:18.478+0545] {logging_mixin.py:190} INFO - [2025-09-05T11:11:18.478+0545] {dagbag.py:588} INFO - Filling up the DagBag from /home/ashok/miniconda3/envs/mysecondenvironment/lib/python3.8/site-packages/airflow/example_dags/example_branch_operator_decorator.py
[2025-09-05T11:11:18.482+0545] {processor.py:927} WARNING - No viable dags retrieved from /home/ashok/miniconda3/envs/mysecondenvironment/lib/python3.8/site-packages/airflow/example_dags/example_branch_operator_decorator.py
[2025-09-05T11:11:18.494+0545] {processor.py:208} INFO - Processing /home/ashok/miniconda3/envs/mysecondenvironment/lib/python3.8/site-packages/airflow/example_dags/example_branch_operator_decorator.py took 0.029 seconds
[2025-09-05T11:12:22.783+0545] {processor.py:186} INFO - Started process (PID=31409) to work on /home/ashok/miniconda3/envs/mysecondenvironment/lib/python3.8/site-packages/airflow/example_dags/example_branch_operator_decorator.py
[2025-09-05T11:12:22.786+0545] {processor.py:914} INFO - Processing file /home/ashok/miniconda3/envs/mysecondenvironment/lib/python3.8/site-packages/airflow/example_dags/example_branch_operator_decorator.py for tasks to queue
[2025-09-05T11:12:22.788+0545] {logging_mixin.py:190} INFO - [2025-09-05T11:12:22.788+0545] {dagbag.py:588} INFO - Filling up the DagBag from /home/ashok/miniconda3/envs/mysecondenvironment/lib/python3.8/site-packages/airflow/example_dags/example_branch_operator_decorator.py
[2025-09-05T11:12:22.792+0545] {processor.py:927} WARNING - No viable dags retrieved from /home/ashok/miniconda3/envs/mysecondenvironment/lib/python3.8/site-packages/airflow/example_dags/example_branch_operator_decorator.py
[2025-09-05T11:12:22.803+0545] {processor.py:208} INFO - Processing /home/ashok/miniconda3/envs/mysecondenvironment/lib/python3.8/site-packages/airflow/example_dags/example_branch_operator_decorator.py took 0.028 seconds
[2025-09-05T11:13:24.658+0545] {processor.py:186} INFO - Started process (PID=31868) to work on /home/ashok/miniconda3/envs/mysecondenvironment/lib/python3.8/site-packages/airflow/example_dags/example_branch_operator_decorator.py
[2025-09-05T11:13:24.660+0545] {processor.py:914} INFO - Processing file /home/ashok/miniconda3/envs/mysecondenvironment/lib/python3.8/site-packages/airflow/example_dags/example_branch_operator_decorator.py for tasks to queue
[2025-09-05T11:13:24.663+0545] {logging_mixin.py:190} INFO - [2025-09-05T11:13:24.663+0545] {dagbag.py:588} INFO - Filling up the DagBag from /home/ashok/miniconda3/envs/mysecondenvironment/lib/python3.8/site-packages/airflow/example_dags/example_branch_operator_decorator.py
[2025-09-05T11:13:24.667+0545] {processor.py:927} WARNING - No viable dags retrieved from /home/ashok/miniconda3/envs/mysecondenvironment/lib/python3.8/site-packages/airflow/example_dags/example_branch_operator_decorator.py
[2025-09-05T11:13:24.678+0545] {processor.py:208} INFO - Processing /home/ashok/miniconda3/envs/mysecondenvironment/lib/python3.8/site-packages/airflow/example_dags/example_branch_operator_decorator.py took 0.028 seconds
[2025-09-05T11:14:31.428+0545] {processor.py:186} INFO - Started process (PID=32384) to work on /home/ashok/miniconda3/envs/mysecondenvironment/lib/python3.8/site-packages/airflow/example_dags/example_branch_operator_decorator.py
[2025-09-05T11:14:31.431+0545] {processor.py:914} INFO - Processing file /home/ashok/miniconda3/envs/mysecondenvironment/lib/python3.8/site-packages/airflow/example_dags/example_branch_operator_decorator.py for tasks to queue
[2025-09-05T11:14:31.434+0545] {logging_mixin.py:190} INFO - [2025-09-05T11:14:31.434+0545] {dagbag.py:588} INFO - Filling up the DagBag from /home/ashok/miniconda3/envs/mysecondenvironment/lib/python3.8/site-packages/airflow/example_dags/example_branch_operator_decorator.py
[2025-09-05T11:14:31.438+0545] {processor.py:927} WARNING - No viable dags retrieved from /home/ashok/miniconda3/envs/mysecondenvironment/lib/python3.8/site-packages/airflow/example_dags/example_branch_operator_decorator.py
[2025-09-05T11:14:31.451+0545] {processor.py:208} INFO - Processing /home/ashok/miniconda3/envs/mysecondenvironment/lib/python3.8/site-packages/airflow/example_dags/example_branch_operator_decorator.py took 0.031 seconds
[2025-09-05T11:15:33.506+0545] {processor.py:186} INFO - Started process (PID=32868) to work on /home/ashok/miniconda3/envs/mysecondenvironment/lib/python3.8/site-packages/airflow/example_dags/example_branch_operator_decorator.py
[2025-09-05T11:15:33.509+0545] {processor.py:914} INFO - Processing file /home/ashok/miniconda3/envs/mysecondenvironment/lib/python3.8/site-packages/airflow/example_dags/example_branch_operator_decorator.py for tasks to queue
[2025-09-05T11:15:33.512+0545] {logging_mixin.py:190} INFO - [2025-09-05T11:15:33.511+0545] {dagbag.py:588} INFO - Filling up the DagBag from /home/ashok/miniconda3/envs/mysecondenvironment/lib/python3.8/site-packages/airflow/example_dags/example_branch_operator_decorator.py
[2025-09-05T11:15:33.515+0545] {processor.py:927} WARNING - No viable dags retrieved from /home/ashok/miniconda3/envs/mysecondenvironment/lib/python3.8/site-packages/airflow/example_dags/example_branch_operator_decorator.py
[2025-09-05T11:15:33.526+0545] {processor.py:208} INFO - Processing /home/ashok/miniconda3/envs/mysecondenvironment/lib/python3.8/site-packages/airflow/example_dags/example_branch_operator_decorator.py took 0.028 seconds
[2025-09-05T11:16:41.571+0545] {processor.py:186} INFO - Started process (PID=33339) to work on /home/ashok/miniconda3/envs/mysecondenvironment/lib/python3.8/site-packages/airflow/example_dags/example_branch_operator_decorator.py
[2025-09-05T11:16:41.574+0545] {processor.py:914} INFO - Processing file /home/ashok/miniconda3/envs/mysecondenvironment/lib/python3.8/site-packages/airflow/example_dags/example_branch_operator_decorator.py for tasks to queue
[2025-09-05T11:16:41.577+0545] {logging_mixin.py:190} INFO - [2025-09-05T11:16:41.577+0545] {dagbag.py:588} INFO - Filling up the DagBag from /home/ashok/miniconda3/envs/mysecondenvironment/lib/python3.8/site-packages/airflow/example_dags/example_branch_operator_decorator.py
[2025-09-05T11:16:41.581+0545] {processor.py:927} WARNING - No viable dags retrieved from /home/ashok/miniconda3/envs/mysecondenvironment/lib/python3.8/site-packages/airflow/example_dags/example_branch_operator_decorator.py
[2025-09-05T11:16:41.593+0545] {processor.py:208} INFO - Processing /home/ashok/miniconda3/envs/mysecondenvironment/lib/python3.8/site-packages/airflow/example_dags/example_branch_operator_decorator.py took 0.029 seconds
[2025-09-05T11:17:49.063+0545] {processor.py:186} INFO - Started process (PID=33860) to work on /home/ashok/miniconda3/envs/mysecondenvironment/lib/python3.8/site-packages/airflow/example_dags/example_branch_operator_decorator.py
[2025-09-05T11:17:49.066+0545] {processor.py:914} INFO - Processing file /home/ashok/miniconda3/envs/mysecondenvironment/lib/python3.8/site-packages/airflow/example_dags/example_branch_operator_decorator.py for tasks to queue
[2025-09-05T11:17:49.069+0545] {logging_mixin.py:190} INFO - [2025-09-05T11:17:49.069+0545] {dagbag.py:588} INFO - Filling up the DagBag from /home/ashok/miniconda3/envs/mysecondenvironment/lib/python3.8/site-packages/airflow/example_dags/example_branch_operator_decorator.py
[2025-09-05T11:17:49.073+0545] {processor.py:927} WARNING - No viable dags retrieved from /home/ashok/miniconda3/envs/mysecondenvironment/lib/python3.8/site-packages/airflow/example_dags/example_branch_operator_decorator.py
[2025-09-05T11:17:49.084+0545] {processor.py:208} INFO - Processing /home/ashok/miniconda3/envs/mysecondenvironment/lib/python3.8/site-packages/airflow/example_dags/example_branch_operator_decorator.py took 0.028 seconds
[2025-09-05T11:18:56.704+0545] {processor.py:186} INFO - Started process (PID=34353) to work on /home/ashok/miniconda3/envs/mysecondenvironment/lib/python3.8/site-packages/airflow/example_dags/example_branch_operator_decorator.py
[2025-09-05T11:18:56.707+0545] {processor.py:914} INFO - Processing file /home/ashok/miniconda3/envs/mysecondenvironment/lib/python3.8/site-packages/airflow/example_dags/example_branch_operator_decorator.py for tasks to queue
[2025-09-05T11:18:56.709+0545] {logging_mixin.py:190} INFO - [2025-09-05T11:18:56.709+0545] {dagbag.py:588} INFO - Filling up the DagBag from /home/ashok/miniconda3/envs/mysecondenvironment/lib/python3.8/site-packages/airflow/example_dags/example_branch_operator_decorator.py
[2025-09-05T11:18:56.713+0545] {processor.py:927} WARNING - No viable dags retrieved from /home/ashok/miniconda3/envs/mysecondenvironment/lib/python3.8/site-packages/airflow/example_dags/example_branch_operator_decorator.py
[2025-09-05T11:18:56.725+0545] {processor.py:208} INFO - Processing /home/ashok/miniconda3/envs/mysecondenvironment/lib/python3.8/site-packages/airflow/example_dags/example_branch_operator_decorator.py took 0.029 seconds
[2025-09-05T11:20:03.394+0545] {processor.py:186} INFO - Started process (PID=34858) to work on /home/ashok/miniconda3/envs/mysecondenvironment/lib/python3.8/site-packages/airflow/example_dags/example_branch_operator_decorator.py
[2025-09-05T11:20:03.397+0545] {processor.py:914} INFO - Processing file /home/ashok/miniconda3/envs/mysecondenvironment/lib/python3.8/site-packages/airflow/example_dags/example_branch_operator_decorator.py for tasks to queue
[2025-09-05T11:20:03.400+0545] {logging_mixin.py:190} INFO - [2025-09-05T11:20:03.400+0545] {dagbag.py:588} INFO - Filling up the DagBag from /home/ashok/miniconda3/envs/mysecondenvironment/lib/python3.8/site-packages/airflow/example_dags/example_branch_operator_decorator.py
[2025-09-05T11:20:03.404+0545] {processor.py:927} WARNING - No viable dags retrieved from /home/ashok/miniconda3/envs/mysecondenvironment/lib/python3.8/site-packages/airflow/example_dags/example_branch_operator_decorator.py
[2025-09-05T11:20:03.416+0545] {processor.py:208} INFO - Processing /home/ashok/miniconda3/envs/mysecondenvironment/lib/python3.8/site-packages/airflow/example_dags/example_branch_operator_decorator.py took 0.029 seconds
[2025-09-05T11:21:05.407+0545] {processor.py:186} INFO - Started process (PID=35330) to work on /home/ashok/miniconda3/envs/mysecondenvironment/lib/python3.8/site-packages/airflow/example_dags/example_branch_operator_decorator.py
[2025-09-05T11:21:05.410+0545] {processor.py:914} INFO - Processing file /home/ashok/miniconda3/envs/mysecondenvironment/lib/python3.8/site-packages/airflow/example_dags/example_branch_operator_decorator.py for tasks to queue
[2025-09-05T11:21:05.412+0545] {logging_mixin.py:190} INFO - [2025-09-05T11:21:05.412+0545] {dagbag.py:588} INFO - Filling up the DagBag from /home/ashok/miniconda3/envs/mysecondenvironment/lib/python3.8/site-packages/airflow/example_dags/example_branch_operator_decorator.py
[2025-09-05T11:21:05.416+0545] {processor.py:927} WARNING - No viable dags retrieved from /home/ashok/miniconda3/envs/mysecondenvironment/lib/python3.8/site-packages/airflow/example_dags/example_branch_operator_decorator.py
[2025-09-05T11:21:05.427+0545] {processor.py:208} INFO - Processing /home/ashok/miniconda3/envs/mysecondenvironment/lib/python3.8/site-packages/airflow/example_dags/example_branch_operator_decorator.py took 0.030 seconds
[2025-09-05T11:22:09.378+0545] {processor.py:186} INFO - Started process (PID=35814) to work on /home/ashok/miniconda3/envs/mysecondenvironment/lib/python3.8/site-packages/airflow/example_dags/example_branch_operator_decorator.py
[2025-09-05T11:22:09.380+0545] {processor.py:914} INFO - Processing file /home/ashok/miniconda3/envs/mysecondenvironment/lib/python3.8/site-packages/airflow/example_dags/example_branch_operator_decorator.py for tasks to queue
[2025-09-05T11:22:09.383+0545] {logging_mixin.py:190} INFO - [2025-09-05T11:22:09.382+0545] {dagbag.py:588} INFO - Filling up the DagBag from /home/ashok/miniconda3/envs/mysecondenvironment/lib/python3.8/site-packages/airflow/example_dags/example_branch_operator_decorator.py
[2025-09-05T11:22:09.386+0545] {processor.py:927} WARNING - No viable dags retrieved from /home/ashok/miniconda3/envs/mysecondenvironment/lib/python3.8/site-packages/airflow/example_dags/example_branch_operator_decorator.py
[2025-09-05T11:22:09.397+0545] {processor.py:208} INFO - Processing /home/ashok/miniconda3/envs/mysecondenvironment/lib/python3.8/site-packages/airflow/example_dags/example_branch_operator_decorator.py took 0.027 seconds
[2025-09-05T11:23:11.729+0545] {processor.py:186} INFO - Started process (PID=36256) to work on /home/ashok/miniconda3/envs/mysecondenvironment/lib/python3.8/site-packages/airflow/example_dags/example_branch_operator_decorator.py
[2025-09-05T11:23:11.731+0545] {processor.py:914} INFO - Processing file /home/ashok/miniconda3/envs/mysecondenvironment/lib/python3.8/site-packages/airflow/example_dags/example_branch_operator_decorator.py for tasks to queue
[2025-09-05T11:23:11.734+0545] {logging_mixin.py:190} INFO - [2025-09-05T11:23:11.734+0545] {dagbag.py:588} INFO - Filling up the DagBag from /home/ashok/miniconda3/envs/mysecondenvironment/lib/python3.8/site-packages/airflow/example_dags/example_branch_operator_decorator.py
[2025-09-05T11:23:11.737+0545] {processor.py:927} WARNING - No viable dags retrieved from /home/ashok/miniconda3/envs/mysecondenvironment/lib/python3.8/site-packages/airflow/example_dags/example_branch_operator_decorator.py
[2025-09-05T11:23:11.749+0545] {processor.py:208} INFO - Processing /home/ashok/miniconda3/envs/mysecondenvironment/lib/python3.8/site-packages/airflow/example_dags/example_branch_operator_decorator.py took 0.028 seconds
[2025-09-05T11:24:19.921+0545] {processor.py:186} INFO - Started process (PID=36753) to work on /home/ashok/miniconda3/envs/mysecondenvironment/lib/python3.8/site-packages/airflow/example_dags/example_branch_operator_decorator.py
[2025-09-05T11:24:19.924+0545] {processor.py:914} INFO - Processing file /home/ashok/miniconda3/envs/mysecondenvironment/lib/python3.8/site-packages/airflow/example_dags/example_branch_operator_decorator.py for tasks to queue
[2025-09-05T11:24:19.927+0545] {logging_mixin.py:190} INFO - [2025-09-05T11:24:19.927+0545] {dagbag.py:588} INFO - Filling up the DagBag from /home/ashok/miniconda3/envs/mysecondenvironment/lib/python3.8/site-packages/airflow/example_dags/example_branch_operator_decorator.py
[2025-09-05T11:24:19.931+0545] {processor.py:927} WARNING - No viable dags retrieved from /home/ashok/miniconda3/envs/mysecondenvironment/lib/python3.8/site-packages/airflow/example_dags/example_branch_operator_decorator.py
[2025-09-05T11:24:19.942+0545] {processor.py:208} INFO - Processing /home/ashok/miniconda3/envs/mysecondenvironment/lib/python3.8/site-packages/airflow/example_dags/example_branch_operator_decorator.py took 0.029 seconds
[2025-09-05T11:25:47.478+0545] {processor.py:186} INFO - Started process (PID=37581) to work on /home/ashok/miniconda3/envs/mysecondenvironment/lib/python3.8/site-packages/airflow/example_dags/example_branch_operator_decorator.py
[2025-09-05T11:25:47.481+0545] {processor.py:914} INFO - Processing file /home/ashok/miniconda3/envs/mysecondenvironment/lib/python3.8/site-packages/airflow/example_dags/example_branch_operator_decorator.py for tasks to queue
[2025-09-05T11:25:47.484+0545] {logging_mixin.py:190} INFO - [2025-09-05T11:25:47.483+0545] {dagbag.py:588} INFO - Filling up the DagBag from /home/ashok/miniconda3/envs/mysecondenvironment/lib/python3.8/site-packages/airflow/example_dags/example_branch_operator_decorator.py
[2025-09-05T11:25:47.489+0545] {processor.py:927} WARNING - No viable dags retrieved from /home/ashok/miniconda3/envs/mysecondenvironment/lib/python3.8/site-packages/airflow/example_dags/example_branch_operator_decorator.py
[2025-09-05T11:25:47.499+0545] {processor.py:208} INFO - Processing /home/ashok/miniconda3/envs/mysecondenvironment/lib/python3.8/site-packages/airflow/example_dags/example_branch_operator_decorator.py took 0.029 seconds
[2025-09-05T11:27:06.621+0545] {processor.py:186} INFO - Started process (PID=38415) to work on /home/ashok/miniconda3/envs/mysecondenvironment/lib/python3.8/site-packages/airflow/example_dags/example_branch_operator_decorator.py
[2025-09-05T11:27:06.624+0545] {processor.py:914} INFO - Processing file /home/ashok/miniconda3/envs/mysecondenvironment/lib/python3.8/site-packages/airflow/example_dags/example_branch_operator_decorator.py for tasks to queue
[2025-09-05T11:27:06.626+0545] {logging_mixin.py:190} INFO - [2025-09-05T11:27:06.625+0545] {dagbag.py:588} INFO - Filling up the DagBag from /home/ashok/miniconda3/envs/mysecondenvironment/lib/python3.8/site-packages/airflow/example_dags/example_branch_operator_decorator.py
[2025-09-05T11:27:06.630+0545] {processor.py:927} WARNING - No viable dags retrieved from /home/ashok/miniconda3/envs/mysecondenvironment/lib/python3.8/site-packages/airflow/example_dags/example_branch_operator_decorator.py
[2025-09-05T11:27:06.641+0545] {processor.py:208} INFO - Processing /home/ashok/miniconda3/envs/mysecondenvironment/lib/python3.8/site-packages/airflow/example_dags/example_branch_operator_decorator.py took 0.027 seconds
[2025-09-05T11:30:31.895+0545] {processor.py:186} INFO - Started process (PID=40462) to work on /home/ashok/miniconda3/envs/mysecondenvironment/lib/python3.8/site-packages/airflow/example_dags/example_branch_operator_decorator.py
[2025-09-05T11:30:31.898+0545] {processor.py:914} INFO - Processing file /home/ashok/miniconda3/envs/mysecondenvironment/lib/python3.8/site-packages/airflow/example_dags/example_branch_operator_decorator.py for tasks to queue
[2025-09-05T11:30:31.900+0545] {logging_mixin.py:190} INFO - [2025-09-05T11:30:31.899+0545] {dagbag.py:588} INFO - Filling up the DagBag from /home/ashok/miniconda3/envs/mysecondenvironment/lib/python3.8/site-packages/airflow/example_dags/example_branch_operator_decorator.py
[2025-09-05T11:30:31.903+0545] {processor.py:927} WARNING - No viable dags retrieved from /home/ashok/miniconda3/envs/mysecondenvironment/lib/python3.8/site-packages/airflow/example_dags/example_branch_operator_decorator.py
[2025-09-05T11:30:31.914+0545] {processor.py:208} INFO - Processing /home/ashok/miniconda3/envs/mysecondenvironment/lib/python3.8/site-packages/airflow/example_dags/example_branch_operator_decorator.py took 0.027 seconds
[2025-09-05T11:34:13.602+0545] {processor.py:186} INFO - Started process (PID=42680) to work on /home/ashok/miniconda3/envs/mysecondenvironment/lib/python3.8/site-packages/airflow/example_dags/example_branch_operator_decorator.py
[2025-09-05T11:34:13.604+0545] {processor.py:914} INFO - Processing file /home/ashok/miniconda3/envs/mysecondenvironment/lib/python3.8/site-packages/airflow/example_dags/example_branch_operator_decorator.py for tasks to queue
[2025-09-05T11:34:13.606+0545] {logging_mixin.py:190} INFO - [2025-09-05T11:34:13.606+0545] {dagbag.py:588} INFO - Filling up the DagBag from /home/ashok/miniconda3/envs/mysecondenvironment/lib/python3.8/site-packages/airflow/example_dags/example_branch_operator_decorator.py
[2025-09-05T11:34:13.610+0545] {processor.py:927} WARNING - No viable dags retrieved from /home/ashok/miniconda3/envs/mysecondenvironment/lib/python3.8/site-packages/airflow/example_dags/example_branch_operator_decorator.py
[2025-09-05T11:34:13.620+0545] {processor.py:208} INFO - Processing /home/ashok/miniconda3/envs/mysecondenvironment/lib/python3.8/site-packages/airflow/example_dags/example_branch_operator_decorator.py took 0.026 seconds
[2025-09-05T11:37:06.781+0545] {processor.py:186} INFO - Started process (PID=44384) to work on /home/ashok/miniconda3/envs/mysecondenvironment/lib/python3.8/site-packages/airflow/example_dags/example_branch_operator_decorator.py
[2025-09-05T11:37:06.784+0545] {processor.py:914} INFO - Processing file /home/ashok/miniconda3/envs/mysecondenvironment/lib/python3.8/site-packages/airflow/example_dags/example_branch_operator_decorator.py for tasks to queue
[2025-09-05T11:37:06.787+0545] {logging_mixin.py:190} INFO - [2025-09-05T11:37:06.786+0545] {dagbag.py:588} INFO - Filling up the DagBag from /home/ashok/miniconda3/envs/mysecondenvironment/lib/python3.8/site-packages/airflow/example_dags/example_branch_operator_decorator.py
[2025-09-05T11:37:06.790+0545] {processor.py:927} WARNING - No viable dags retrieved from /home/ashok/miniconda3/envs/mysecondenvironment/lib/python3.8/site-packages/airflow/example_dags/example_branch_operator_decorator.py
[2025-09-05T11:37:06.801+0545] {processor.py:208} INFO - Processing /home/ashok/miniconda3/envs/mysecondenvironment/lib/python3.8/site-packages/airflow/example_dags/example_branch_operator_decorator.py took 0.029 seconds
[2025-09-05T11:38:15.408+0545] {processor.py:186} INFO - Started process (PID=44951) to work on /home/ashok/miniconda3/envs/mysecondenvironment/lib/python3.8/site-packages/airflow/example_dags/example_branch_operator_decorator.py
[2025-09-05T11:38:15.411+0545] {processor.py:914} INFO - Processing file /home/ashok/miniconda3/envs/mysecondenvironment/lib/python3.8/site-packages/airflow/example_dags/example_branch_operator_decorator.py for tasks to queue
[2025-09-05T11:38:15.414+0545] {logging_mixin.py:190} INFO - [2025-09-05T11:38:15.413+0545] {dagbag.py:588} INFO - Filling up the DagBag from /home/ashok/miniconda3/envs/mysecondenvironment/lib/python3.8/site-packages/airflow/example_dags/example_branch_operator_decorator.py
[2025-09-05T11:38:15.417+0545] {processor.py:927} WARNING - No viable dags retrieved from /home/ashok/miniconda3/envs/mysecondenvironment/lib/python3.8/site-packages/airflow/example_dags/example_branch_operator_decorator.py
[2025-09-05T11:38:15.428+0545] {processor.py:208} INFO - Processing /home/ashok/miniconda3/envs/mysecondenvironment/lib/python3.8/site-packages/airflow/example_dags/example_branch_operator_decorator.py took 0.027 seconds
[2025-09-05T11:39:18.340+0545] {processor.py:186} INFO - Started process (PID=45728) to work on /home/ashok/miniconda3/envs/mysecondenvironment/lib/python3.8/site-packages/airflow/example_dags/example_branch_operator_decorator.py
[2025-09-05T11:39:18.341+0545] {processor.py:914} INFO - Processing file /home/ashok/miniconda3/envs/mysecondenvironment/lib/python3.8/site-packages/airflow/example_dags/example_branch_operator_decorator.py for tasks to queue
[2025-09-05T11:39:18.342+0545] {logging_mixin.py:190} INFO - [2025-09-05T11:39:18.342+0545] {dagbag.py:588} INFO - Filling up the DagBag from /home/ashok/miniconda3/envs/mysecondenvironment/lib/python3.8/site-packages/airflow/example_dags/example_branch_operator_decorator.py
[2025-09-05T11:39:18.344+0545] {processor.py:927} WARNING - No viable dags retrieved from /home/ashok/miniconda3/envs/mysecondenvironment/lib/python3.8/site-packages/airflow/example_dags/example_branch_operator_decorator.py
[2025-09-05T11:39:18.350+0545] {processor.py:208} INFO - Processing /home/ashok/miniconda3/envs/mysecondenvironment/lib/python3.8/site-packages/airflow/example_dags/example_branch_operator_decorator.py took 0.014 seconds
[2025-09-05T11:40:22.181+0545] {processor.py:186} INFO - Started process (PID=46240) to work on /home/ashok/miniconda3/envs/mysecondenvironment/lib/python3.8/site-packages/airflow/example_dags/example_branch_operator_decorator.py
[2025-09-05T11:40:22.185+0545] {processor.py:914} INFO - Processing file /home/ashok/miniconda3/envs/mysecondenvironment/lib/python3.8/site-packages/airflow/example_dags/example_branch_operator_decorator.py for tasks to queue
[2025-09-05T11:40:22.188+0545] {logging_mixin.py:190} INFO - [2025-09-05T11:40:22.187+0545] {dagbag.py:588} INFO - Filling up the DagBag from /home/ashok/miniconda3/envs/mysecondenvironment/lib/python3.8/site-packages/airflow/example_dags/example_branch_operator_decorator.py
[2025-09-05T11:40:22.191+0545] {processor.py:927} WARNING - No viable dags retrieved from /home/ashok/miniconda3/envs/mysecondenvironment/lib/python3.8/site-packages/airflow/example_dags/example_branch_operator_decorator.py
[2025-09-05T11:40:22.203+0545] {processor.py:208} INFO - Processing /home/ashok/miniconda3/envs/mysecondenvironment/lib/python3.8/site-packages/airflow/example_dags/example_branch_operator_decorator.py took 0.029 seconds
[2025-09-05T11:41:29.694+0545] {processor.py:186} INFO - Started process (PID=46843) to work on /home/ashok/miniconda3/envs/mysecondenvironment/lib/python3.8/site-packages/airflow/example_dags/example_branch_operator_decorator.py
[2025-09-05T11:41:29.697+0545] {processor.py:914} INFO - Processing file /home/ashok/miniconda3/envs/mysecondenvironment/lib/python3.8/site-packages/airflow/example_dags/example_branch_operator_decorator.py for tasks to queue
[2025-09-05T11:41:29.700+0545] {logging_mixin.py:190} INFO - [2025-09-05T11:41:29.700+0545] {dagbag.py:588} INFO - Filling up the DagBag from /home/ashok/miniconda3/envs/mysecondenvironment/lib/python3.8/site-packages/airflow/example_dags/example_branch_operator_decorator.py
[2025-09-05T11:41:29.704+0545] {processor.py:927} WARNING - No viable dags retrieved from /home/ashok/miniconda3/envs/mysecondenvironment/lib/python3.8/site-packages/airflow/example_dags/example_branch_operator_decorator.py
[2025-09-05T11:41:29.716+0545] {processor.py:208} INFO - Processing /home/ashok/miniconda3/envs/mysecondenvironment/lib/python3.8/site-packages/airflow/example_dags/example_branch_operator_decorator.py took 0.030 seconds
[2025-09-05T11:44:36.711+0545] {processor.py:186} INFO - Started process (PID=48495) to work on /home/ashok/miniconda3/envs/mysecondenvironment/lib/python3.8/site-packages/airflow/example_dags/example_branch_operator_decorator.py
[2025-09-05T11:44:36.714+0545] {processor.py:914} INFO - Processing file /home/ashok/miniconda3/envs/mysecondenvironment/lib/python3.8/site-packages/airflow/example_dags/example_branch_operator_decorator.py for tasks to queue
[2025-09-05T11:44:36.715+0545] {logging_mixin.py:190} INFO - [2025-09-05T11:44:36.715+0545] {dagbag.py:588} INFO - Filling up the DagBag from /home/ashok/miniconda3/envs/mysecondenvironment/lib/python3.8/site-packages/airflow/example_dags/example_branch_operator_decorator.py
[2025-09-05T11:44:36.719+0545] {processor.py:927} WARNING - No viable dags retrieved from /home/ashok/miniconda3/envs/mysecondenvironment/lib/python3.8/site-packages/airflow/example_dags/example_branch_operator_decorator.py
[2025-09-05T11:44:36.731+0545] {processor.py:208} INFO - Processing /home/ashok/miniconda3/envs/mysecondenvironment/lib/python3.8/site-packages/airflow/example_dags/example_branch_operator_decorator.py took 0.028 seconds
[2025-09-05T11:45:45.975+0545] {processor.py:186} INFO - Started process (PID=49023) to work on /home/ashok/miniconda3/envs/mysecondenvironment/lib/python3.8/site-packages/airflow/example_dags/example_branch_operator_decorator.py
[2025-09-05T11:45:45.978+0545] {processor.py:914} INFO - Processing file /home/ashok/miniconda3/envs/mysecondenvironment/lib/python3.8/site-packages/airflow/example_dags/example_branch_operator_decorator.py for tasks to queue
[2025-09-05T11:45:45.979+0545] {logging_mixin.py:190} INFO - [2025-09-05T11:45:45.979+0545] {dagbag.py:588} INFO - Filling up the DagBag from /home/ashok/miniconda3/envs/mysecondenvironment/lib/python3.8/site-packages/airflow/example_dags/example_branch_operator_decorator.py
[2025-09-05T11:45:45.983+0545] {processor.py:927} WARNING - No viable dags retrieved from /home/ashok/miniconda3/envs/mysecondenvironment/lib/python3.8/site-packages/airflow/example_dags/example_branch_operator_decorator.py
[2025-09-05T11:45:45.995+0545] {processor.py:208} INFO - Processing /home/ashok/miniconda3/envs/mysecondenvironment/lib/python3.8/site-packages/airflow/example_dags/example_branch_operator_decorator.py took 0.027 seconds
[2025-09-05T11:46:46.266+0545] {processor.py:186} INFO - Started process (PID=49482) to work on /home/ashok/miniconda3/envs/mysecondenvironment/lib/python3.8/site-packages/airflow/example_dags/example_branch_operator_decorator.py
[2025-09-05T11:46:46.268+0545] {processor.py:914} INFO - Processing file /home/ashok/miniconda3/envs/mysecondenvironment/lib/python3.8/site-packages/airflow/example_dags/example_branch_operator_decorator.py for tasks to queue
[2025-09-05T11:46:46.270+0545] {logging_mixin.py:190} INFO - [2025-09-05T11:46:46.270+0545] {dagbag.py:588} INFO - Filling up the DagBag from /home/ashok/miniconda3/envs/mysecondenvironment/lib/python3.8/site-packages/airflow/example_dags/example_branch_operator_decorator.py
[2025-09-05T11:46:46.274+0545] {processor.py:927} WARNING - No viable dags retrieved from /home/ashok/miniconda3/envs/mysecondenvironment/lib/python3.8/site-packages/airflow/example_dags/example_branch_operator_decorator.py
[2025-09-05T11:46:46.285+0545] {processor.py:208} INFO - Processing /home/ashok/miniconda3/envs/mysecondenvironment/lib/python3.8/site-packages/airflow/example_dags/example_branch_operator_decorator.py took 0.028 seconds
[2025-09-05T11:49:04.323+0545] {processor.py:186} INFO - Started process (PID=50779) to work on /home/ashok/miniconda3/envs/mysecondenvironment/lib/python3.8/site-packages/airflow/example_dags/example_branch_operator_decorator.py
[2025-09-05T11:49:04.325+0545] {processor.py:914} INFO - Processing file /home/ashok/miniconda3/envs/mysecondenvironment/lib/python3.8/site-packages/airflow/example_dags/example_branch_operator_decorator.py for tasks to queue
[2025-09-05T11:49:04.327+0545] {logging_mixin.py:190} INFO - [2025-09-05T11:49:04.327+0545] {dagbag.py:588} INFO - Filling up the DagBag from /home/ashok/miniconda3/envs/mysecondenvironment/lib/python3.8/site-packages/airflow/example_dags/example_branch_operator_decorator.py
[2025-09-05T11:49:04.330+0545] {processor.py:927} WARNING - No viable dags retrieved from /home/ashok/miniconda3/envs/mysecondenvironment/lib/python3.8/site-packages/airflow/example_dags/example_branch_operator_decorator.py
[2025-09-05T11:49:04.338+0545] {processor.py:208} INFO - Processing /home/ashok/miniconda3/envs/mysecondenvironment/lib/python3.8/site-packages/airflow/example_dags/example_branch_operator_decorator.py took 0.020 seconds
[2025-09-05T11:50:25.296+0545] {processor.py:186} INFO - Started process (PID=51417) to work on /home/ashok/miniconda3/envs/mysecondenvironment/lib/python3.8/site-packages/airflow/example_dags/example_branch_operator_decorator.py
[2025-09-05T11:50:25.299+0545] {processor.py:914} INFO - Processing file /home/ashok/miniconda3/envs/mysecondenvironment/lib/python3.8/site-packages/airflow/example_dags/example_branch_operator_decorator.py for tasks to queue
[2025-09-05T11:50:25.301+0545] {logging_mixin.py:190} INFO - [2025-09-05T11:50:25.301+0545] {dagbag.py:588} INFO - Filling up the DagBag from /home/ashok/miniconda3/envs/mysecondenvironment/lib/python3.8/site-packages/airflow/example_dags/example_branch_operator_decorator.py
[2025-09-05T11:50:25.305+0545] {processor.py:927} WARNING - No viable dags retrieved from /home/ashok/miniconda3/envs/mysecondenvironment/lib/python3.8/site-packages/airflow/example_dags/example_branch_operator_decorator.py
[2025-09-05T11:50:25.315+0545] {processor.py:208} INFO - Processing /home/ashok/miniconda3/envs/mysecondenvironment/lib/python3.8/site-packages/airflow/example_dags/example_branch_operator_decorator.py took 0.027 seconds
[2025-09-05T11:51:34.843+0545] {processor.py:186} INFO - Started process (PID=51951) to work on /home/ashok/miniconda3/envs/mysecondenvironment/lib/python3.8/site-packages/airflow/example_dags/example_branch_operator_decorator.py
[2025-09-05T11:51:34.846+0545] {processor.py:914} INFO - Processing file /home/ashok/miniconda3/envs/mysecondenvironment/lib/python3.8/site-packages/airflow/example_dags/example_branch_operator_decorator.py for tasks to queue
[2025-09-05T11:51:34.849+0545] {logging_mixin.py:190} INFO - [2025-09-05T11:51:34.848+0545] {dagbag.py:588} INFO - Filling up the DagBag from /home/ashok/miniconda3/envs/mysecondenvironment/lib/python3.8/site-packages/airflow/example_dags/example_branch_operator_decorator.py
[2025-09-05T11:51:34.853+0545] {processor.py:927} WARNING - No viable dags retrieved from /home/ashok/miniconda3/envs/mysecondenvironment/lib/python3.8/site-packages/airflow/example_dags/example_branch_operator_decorator.py
[2025-09-05T11:51:34.864+0545] {processor.py:208} INFO - Processing /home/ashok/miniconda3/envs/mysecondenvironment/lib/python3.8/site-packages/airflow/example_dags/example_branch_operator_decorator.py took 0.029 seconds
[2025-09-05T11:52:37.568+0545] {processor.py:186} INFO - Started process (PID=52376) to work on /home/ashok/miniconda3/envs/mysecondenvironment/lib/python3.8/site-packages/airflow/example_dags/example_branch_operator_decorator.py
[2025-09-05T11:52:37.571+0545] {processor.py:914} INFO - Processing file /home/ashok/miniconda3/envs/mysecondenvironment/lib/python3.8/site-packages/airflow/example_dags/example_branch_operator_decorator.py for tasks to queue
[2025-09-05T11:52:37.574+0545] {logging_mixin.py:190} INFO - [2025-09-05T11:52:37.573+0545] {dagbag.py:588} INFO - Filling up the DagBag from /home/ashok/miniconda3/envs/mysecondenvironment/lib/python3.8/site-packages/airflow/example_dags/example_branch_operator_decorator.py
[2025-09-05T11:52:37.577+0545] {processor.py:927} WARNING - No viable dags retrieved from /home/ashok/miniconda3/envs/mysecondenvironment/lib/python3.8/site-packages/airflow/example_dags/example_branch_operator_decorator.py
[2025-09-05T11:52:37.588+0545] {processor.py:208} INFO - Processing /home/ashok/miniconda3/envs/mysecondenvironment/lib/python3.8/site-packages/airflow/example_dags/example_branch_operator_decorator.py took 0.026 seconds
[2025-09-05T11:53:39.516+0545] {processor.py:186} INFO - Started process (PID=52860) to work on /home/ashok/miniconda3/envs/mysecondenvironment/lib/python3.8/site-packages/airflow/example_dags/example_branch_operator_decorator.py
[2025-09-05T11:53:39.519+0545] {processor.py:914} INFO - Processing file /home/ashok/miniconda3/envs/mysecondenvironment/lib/python3.8/site-packages/airflow/example_dags/example_branch_operator_decorator.py for tasks to queue
[2025-09-05T11:53:39.521+0545] {logging_mixin.py:190} INFO - [2025-09-05T11:53:39.521+0545] {dagbag.py:588} INFO - Filling up the DagBag from /home/ashok/miniconda3/envs/mysecondenvironment/lib/python3.8/site-packages/airflow/example_dags/example_branch_operator_decorator.py
[2025-09-05T11:53:39.525+0545] {processor.py:927} WARNING - No viable dags retrieved from /home/ashok/miniconda3/envs/mysecondenvironment/lib/python3.8/site-packages/airflow/example_dags/example_branch_operator_decorator.py
[2025-09-05T11:53:39.536+0545] {processor.py:208} INFO - Processing /home/ashok/miniconda3/envs/mysecondenvironment/lib/python3.8/site-packages/airflow/example_dags/example_branch_operator_decorator.py took 0.027 seconds
[2025-09-05T11:54:42.879+0545] {processor.py:186} INFO - Started process (PID=53355) to work on /home/ashok/miniconda3/envs/mysecondenvironment/lib/python3.8/site-packages/airflow/example_dags/example_branch_operator_decorator.py
[2025-09-05T11:54:42.882+0545] {processor.py:914} INFO - Processing file /home/ashok/miniconda3/envs/mysecondenvironment/lib/python3.8/site-packages/airflow/example_dags/example_branch_operator_decorator.py for tasks to queue
[2025-09-05T11:54:42.884+0545] {logging_mixin.py:190} INFO - [2025-09-05T11:54:42.884+0545] {dagbag.py:588} INFO - Filling up the DagBag from /home/ashok/miniconda3/envs/mysecondenvironment/lib/python3.8/site-packages/airflow/example_dags/example_branch_operator_decorator.py
[2025-09-05T11:54:42.888+0545] {processor.py:927} WARNING - No viable dags retrieved from /home/ashok/miniconda3/envs/mysecondenvironment/lib/python3.8/site-packages/airflow/example_dags/example_branch_operator_decorator.py
[2025-09-05T11:54:42.899+0545] {processor.py:208} INFO - Processing /home/ashok/miniconda3/envs/mysecondenvironment/lib/python3.8/site-packages/airflow/example_dags/example_branch_operator_decorator.py took 0.028 seconds
[2025-09-05T11:55:43.995+0545] {processor.py:186} INFO - Started process (PID=53812) to work on /home/ashok/miniconda3/envs/mysecondenvironment/lib/python3.8/site-packages/airflow/example_dags/example_branch_operator_decorator.py
[2025-09-05T11:55:43.997+0545] {processor.py:914} INFO - Processing file /home/ashok/miniconda3/envs/mysecondenvironment/lib/python3.8/site-packages/airflow/example_dags/example_branch_operator_decorator.py for tasks to queue
[2025-09-05T11:55:44.000+0545] {logging_mixin.py:190} INFO - [2025-09-05T11:55:43.999+0545] {dagbag.py:588} INFO - Filling up the DagBag from /home/ashok/miniconda3/envs/mysecondenvironment/lib/python3.8/site-packages/airflow/example_dags/example_branch_operator_decorator.py
[2025-09-05T11:55:44.003+0545] {processor.py:927} WARNING - No viable dags retrieved from /home/ashok/miniconda3/envs/mysecondenvironment/lib/python3.8/site-packages/airflow/example_dags/example_branch_operator_decorator.py
[2025-09-05T11:55:44.014+0545] {processor.py:208} INFO - Processing /home/ashok/miniconda3/envs/mysecondenvironment/lib/python3.8/site-packages/airflow/example_dags/example_branch_operator_decorator.py took 0.026 seconds
[2025-09-05T11:56:50.178+0545] {processor.py:186} INFO - Started process (PID=54303) to work on /home/ashok/miniconda3/envs/mysecondenvironment/lib/python3.8/site-packages/airflow/example_dags/example_branch_operator_decorator.py
[2025-09-05T11:56:50.179+0545] {processor.py:914} INFO - Processing file /home/ashok/miniconda3/envs/mysecondenvironment/lib/python3.8/site-packages/airflow/example_dags/example_branch_operator_decorator.py for tasks to queue
[2025-09-05T11:56:50.182+0545] {logging_mixin.py:190} INFO - [2025-09-05T11:56:50.181+0545] {dagbag.py:588} INFO - Filling up the DagBag from /home/ashok/miniconda3/envs/mysecondenvironment/lib/python3.8/site-packages/airflow/example_dags/example_branch_operator_decorator.py
[2025-09-05T11:56:50.184+0545] {processor.py:927} WARNING - No viable dags retrieved from /home/ashok/miniconda3/envs/mysecondenvironment/lib/python3.8/site-packages/airflow/example_dags/example_branch_operator_decorator.py
[2025-09-05T11:56:50.192+0545] {processor.py:208} INFO - Processing /home/ashok/miniconda3/envs/mysecondenvironment/lib/python3.8/site-packages/airflow/example_dags/example_branch_operator_decorator.py took 0.020 seconds
[2025-09-05T11:57:51.896+0545] {processor.py:186} INFO - Started process (PID=54777) to work on /home/ashok/miniconda3/envs/mysecondenvironment/lib/python3.8/site-packages/airflow/example_dags/example_branch_operator_decorator.py
[2025-09-05T11:57:51.899+0545] {processor.py:914} INFO - Processing file /home/ashok/miniconda3/envs/mysecondenvironment/lib/python3.8/site-packages/airflow/example_dags/example_branch_operator_decorator.py for tasks to queue
[2025-09-05T11:57:51.901+0545] {logging_mixin.py:190} INFO - [2025-09-05T11:57:51.901+0545] {dagbag.py:588} INFO - Filling up the DagBag from /home/ashok/miniconda3/envs/mysecondenvironment/lib/python3.8/site-packages/airflow/example_dags/example_branch_operator_decorator.py
[2025-09-05T11:57:51.905+0545] {processor.py:927} WARNING - No viable dags retrieved from /home/ashok/miniconda3/envs/mysecondenvironment/lib/python3.8/site-packages/airflow/example_dags/example_branch_operator_decorator.py
[2025-09-05T11:57:51.915+0545] {processor.py:208} INFO - Processing /home/ashok/miniconda3/envs/mysecondenvironment/lib/python3.8/site-packages/airflow/example_dags/example_branch_operator_decorator.py took 0.026 seconds
[2025-09-05T11:58:53.627+0545] {processor.py:186} INFO - Started process (PID=55209) to work on /home/ashok/miniconda3/envs/mysecondenvironment/lib/python3.8/site-packages/airflow/example_dags/example_branch_operator_decorator.py
[2025-09-05T11:58:53.630+0545] {processor.py:914} INFO - Processing file /home/ashok/miniconda3/envs/mysecondenvironment/lib/python3.8/site-packages/airflow/example_dags/example_branch_operator_decorator.py for tasks to queue
[2025-09-05T11:58:53.633+0545] {logging_mixin.py:190} INFO - [2025-09-05T11:58:53.632+0545] {dagbag.py:588} INFO - Filling up the DagBag from /home/ashok/miniconda3/envs/mysecondenvironment/lib/python3.8/site-packages/airflow/example_dags/example_branch_operator_decorator.py
[2025-09-05T11:58:53.636+0545] {processor.py:927} WARNING - No viable dags retrieved from /home/ashok/miniconda3/envs/mysecondenvironment/lib/python3.8/site-packages/airflow/example_dags/example_branch_operator_decorator.py
[2025-09-05T11:58:53.647+0545] {processor.py:208} INFO - Processing /home/ashok/miniconda3/envs/mysecondenvironment/lib/python3.8/site-packages/airflow/example_dags/example_branch_operator_decorator.py took 0.026 seconds
[2025-09-05T11:59:57.004+0545] {processor.py:186} INFO - Started process (PID=55683) to work on /home/ashok/miniconda3/envs/mysecondenvironment/lib/python3.8/site-packages/airflow/example_dags/example_branch_operator_decorator.py
[2025-09-05T11:59:57.007+0545] {processor.py:914} INFO - Processing file /home/ashok/miniconda3/envs/mysecondenvironment/lib/python3.8/site-packages/airflow/example_dags/example_branch_operator_decorator.py for tasks to queue
[2025-09-05T11:59:57.009+0545] {logging_mixin.py:190} INFO - [2025-09-05T11:59:57.009+0545] {dagbag.py:588} INFO - Filling up the DagBag from /home/ashok/miniconda3/envs/mysecondenvironment/lib/python3.8/site-packages/airflow/example_dags/example_branch_operator_decorator.py
[2025-09-05T11:59:57.013+0545] {processor.py:927} WARNING - No viable dags retrieved from /home/ashok/miniconda3/envs/mysecondenvironment/lib/python3.8/site-packages/airflow/example_dags/example_branch_operator_decorator.py
[2025-09-05T11:59:57.024+0545] {processor.py:208} INFO - Processing /home/ashok/miniconda3/envs/mysecondenvironment/lib/python3.8/site-packages/airflow/example_dags/example_branch_operator_decorator.py took 0.028 seconds
[2025-09-05T12:00:58.043+0545] {processor.py:186} INFO - Started process (PID=56194) to work on /home/ashok/miniconda3/envs/mysecondenvironment/lib/python3.8/site-packages/airflow/example_dags/example_branch_operator_decorator.py
[2025-09-05T12:00:58.046+0545] {processor.py:914} INFO - Processing file /home/ashok/miniconda3/envs/mysecondenvironment/lib/python3.8/site-packages/airflow/example_dags/example_branch_operator_decorator.py for tasks to queue
[2025-09-05T12:00:58.048+0545] {logging_mixin.py:190} INFO - [2025-09-05T12:00:58.048+0545] {dagbag.py:588} INFO - Filling up the DagBag from /home/ashok/miniconda3/envs/mysecondenvironment/lib/python3.8/site-packages/airflow/example_dags/example_branch_operator_decorator.py
[2025-09-05T12:00:58.052+0545] {processor.py:927} WARNING - No viable dags retrieved from /home/ashok/miniconda3/envs/mysecondenvironment/lib/python3.8/site-packages/airflow/example_dags/example_branch_operator_decorator.py
[2025-09-05T12:00:58.063+0545] {processor.py:208} INFO - Processing /home/ashok/miniconda3/envs/mysecondenvironment/lib/python3.8/site-packages/airflow/example_dags/example_branch_operator_decorator.py took 0.027 seconds
[2025-09-05T12:01:56.384+0545] {processor.py:186} INFO - Started process (PID=56729) to work on /home/ashok/miniconda3/envs/mysecondenvironment/lib/python3.8/site-packages/airflow/example_dags/example_branch_operator_decorator.py
[2025-09-05T12:01:56.387+0545] {processor.py:914} INFO - Processing file /home/ashok/miniconda3/envs/mysecondenvironment/lib/python3.8/site-packages/airflow/example_dags/example_branch_operator_decorator.py for tasks to queue
[2025-09-05T12:01:56.390+0545] {logging_mixin.py:190} INFO - [2025-09-05T12:01:56.389+0545] {dagbag.py:588} INFO - Filling up the DagBag from /home/ashok/miniconda3/envs/mysecondenvironment/lib/python3.8/site-packages/airflow/example_dags/example_branch_operator_decorator.py
[2025-09-05T12:01:56.393+0545] {processor.py:927} WARNING - No viable dags retrieved from /home/ashok/miniconda3/envs/mysecondenvironment/lib/python3.8/site-packages/airflow/example_dags/example_branch_operator_decorator.py
[2025-09-05T12:01:56.404+0545] {processor.py:208} INFO - Processing /home/ashok/miniconda3/envs/mysecondenvironment/lib/python3.8/site-packages/airflow/example_dags/example_branch_operator_decorator.py took 0.027 seconds
[2025-09-05T12:03:00.699+0545] {processor.py:186} INFO - Started process (PID=57187) to work on /home/ashok/miniconda3/envs/mysecondenvironment/lib/python3.8/site-packages/airflow/example_dags/example_branch_operator_decorator.py
[2025-09-05T12:03:00.702+0545] {processor.py:914} INFO - Processing file /home/ashok/miniconda3/envs/mysecondenvironment/lib/python3.8/site-packages/airflow/example_dags/example_branch_operator_decorator.py for tasks to queue
[2025-09-05T12:03:00.705+0545] {logging_mixin.py:190} INFO - [2025-09-05T12:03:00.704+0545] {dagbag.py:588} INFO - Filling up the DagBag from /home/ashok/miniconda3/envs/mysecondenvironment/lib/python3.8/site-packages/airflow/example_dags/example_branch_operator_decorator.py
[2025-09-05T12:03:00.709+0545] {processor.py:927} WARNING - No viable dags retrieved from /home/ashok/miniconda3/envs/mysecondenvironment/lib/python3.8/site-packages/airflow/example_dags/example_branch_operator_decorator.py
[2025-09-05T12:03:00.720+0545] {processor.py:208} INFO - Processing /home/ashok/miniconda3/envs/mysecondenvironment/lib/python3.8/site-packages/airflow/example_dags/example_branch_operator_decorator.py took 0.029 seconds
[2025-09-05T12:04:06.462+0545] {processor.py:186} INFO - Started process (PID=57663) to work on /home/ashok/miniconda3/envs/mysecondenvironment/lib/python3.8/site-packages/airflow/example_dags/example_branch_operator_decorator.py
[2025-09-05T12:04:06.465+0545] {processor.py:914} INFO - Processing file /home/ashok/miniconda3/envs/mysecondenvironment/lib/python3.8/site-packages/airflow/example_dags/example_branch_operator_decorator.py for tasks to queue
[2025-09-05T12:04:06.467+0545] {logging_mixin.py:190} INFO - [2025-09-05T12:04:06.466+0545] {dagbag.py:588} INFO - Filling up the DagBag from /home/ashok/miniconda3/envs/mysecondenvironment/lib/python3.8/site-packages/airflow/example_dags/example_branch_operator_decorator.py
[2025-09-05T12:04:06.469+0545] {processor.py:927} WARNING - No viable dags retrieved from /home/ashok/miniconda3/envs/mysecondenvironment/lib/python3.8/site-packages/airflow/example_dags/example_branch_operator_decorator.py
[2025-09-05T12:04:06.477+0545] {processor.py:208} INFO - Processing /home/ashok/miniconda3/envs/mysecondenvironment/lib/python3.8/site-packages/airflow/example_dags/example_branch_operator_decorator.py took 0.020 seconds
[2025-09-05T12:05:10.217+0545] {processor.py:186} INFO - Started process (PID=58116) to work on /home/ashok/miniconda3/envs/mysecondenvironment/lib/python3.8/site-packages/airflow/example_dags/example_branch_operator_decorator.py
[2025-09-05T12:05:10.219+0545] {processor.py:914} INFO - Processing file /home/ashok/miniconda3/envs/mysecondenvironment/lib/python3.8/site-packages/airflow/example_dags/example_branch_operator_decorator.py for tasks to queue
[2025-09-05T12:05:10.222+0545] {logging_mixin.py:190} INFO - [2025-09-05T12:05:10.221+0545] {dagbag.py:588} INFO - Filling up the DagBag from /home/ashok/miniconda3/envs/mysecondenvironment/lib/python3.8/site-packages/airflow/example_dags/example_branch_operator_decorator.py
[2025-09-05T12:05:10.225+0545] {processor.py:927} WARNING - No viable dags retrieved from /home/ashok/miniconda3/envs/mysecondenvironment/lib/python3.8/site-packages/airflow/example_dags/example_branch_operator_decorator.py
[2025-09-05T12:05:10.236+0545] {processor.py:208} INFO - Processing /home/ashok/miniconda3/envs/mysecondenvironment/lib/python3.8/site-packages/airflow/example_dags/example_branch_operator_decorator.py took 0.026 seconds
[2025-09-05T12:10:17.808+0545] {processor.py:186} INFO - Started process (PID=60675) to work on /home/ashok/miniconda3/envs/mysecondenvironment/lib/python3.8/site-packages/airflow/example_dags/example_branch_operator_decorator.py
[2025-09-05T12:10:17.811+0545] {processor.py:914} INFO - Processing file /home/ashok/miniconda3/envs/mysecondenvironment/lib/python3.8/site-packages/airflow/example_dags/example_branch_operator_decorator.py for tasks to queue
[2025-09-05T12:10:17.814+0545] {logging_mixin.py:190} INFO - [2025-09-05T12:10:17.813+0545] {dagbag.py:588} INFO - Filling up the DagBag from /home/ashok/miniconda3/envs/mysecondenvironment/lib/python3.8/site-packages/airflow/example_dags/example_branch_operator_decorator.py
[2025-09-05T12:10:17.818+0545] {processor.py:927} WARNING - No viable dags retrieved from /home/ashok/miniconda3/envs/mysecondenvironment/lib/python3.8/site-packages/airflow/example_dags/example_branch_operator_decorator.py
[2025-09-05T12:10:17.828+0545] {processor.py:208} INFO - Processing /home/ashok/miniconda3/envs/mysecondenvironment/lib/python3.8/site-packages/airflow/example_dags/example_branch_operator_decorator.py took 0.028 seconds
[2025-09-05T12:12:42.416+0545] {processor.py:186} INFO - Started process (PID=62122) to work on /home/ashok/miniconda3/envs/mysecondenvironment/lib/python3.8/site-packages/airflow/example_dags/example_branch_operator_decorator.py
[2025-09-05T12:12:42.418+0545] {processor.py:914} INFO - Processing file /home/ashok/miniconda3/envs/mysecondenvironment/lib/python3.8/site-packages/airflow/example_dags/example_branch_operator_decorator.py for tasks to queue
[2025-09-05T12:12:42.420+0545] {logging_mixin.py:190} INFO - [2025-09-05T12:12:42.420+0545] {dagbag.py:588} INFO - Filling up the DagBag from /home/ashok/miniconda3/envs/mysecondenvironment/lib/python3.8/site-packages/airflow/example_dags/example_branch_operator_decorator.py
[2025-09-05T12:12:42.424+0545] {processor.py:927} WARNING - No viable dags retrieved from /home/ashok/miniconda3/envs/mysecondenvironment/lib/python3.8/site-packages/airflow/example_dags/example_branch_operator_decorator.py
[2025-09-05T12:12:42.435+0545] {processor.py:208} INFO - Processing /home/ashok/miniconda3/envs/mysecondenvironment/lib/python3.8/site-packages/airflow/example_dags/example_branch_operator_decorator.py took 0.027 seconds
[2025-09-05T12:13:45.513+0545] {processor.py:186} INFO - Started process (PID=62582) to work on /home/ashok/miniconda3/envs/mysecondenvironment/lib/python3.8/site-packages/airflow/example_dags/example_branch_operator_decorator.py
[2025-09-05T12:13:45.516+0545] {processor.py:914} INFO - Processing file /home/ashok/miniconda3/envs/mysecondenvironment/lib/python3.8/site-packages/airflow/example_dags/example_branch_operator_decorator.py for tasks to queue
[2025-09-05T12:13:45.521+0545] {logging_mixin.py:190} INFO - [2025-09-05T12:13:45.520+0545] {dagbag.py:588} INFO - Filling up the DagBag from /home/ashok/miniconda3/envs/mysecondenvironment/lib/python3.8/site-packages/airflow/example_dags/example_branch_operator_decorator.py
[2025-09-05T12:13:45.525+0545] {processor.py:927} WARNING - No viable dags retrieved from /home/ashok/miniconda3/envs/mysecondenvironment/lib/python3.8/site-packages/airflow/example_dags/example_branch_operator_decorator.py
[2025-09-05T12:13:45.545+0545] {processor.py:208} INFO - Processing /home/ashok/miniconda3/envs/mysecondenvironment/lib/python3.8/site-packages/airflow/example_dags/example_branch_operator_decorator.py took 0.041 seconds
[2025-09-05T12:18:48.418+0545] {processor.py:186} INFO - Started process (PID=64791) to work on /home/ashok/miniconda3/envs/mysecondenvironment/lib/python3.8/site-packages/airflow/example_dags/example_branch_operator_decorator.py
[2025-09-05T12:18:48.420+0545] {processor.py:914} INFO - Processing file /home/ashok/miniconda3/envs/mysecondenvironment/lib/python3.8/site-packages/airflow/example_dags/example_branch_operator_decorator.py for tasks to queue
[2025-09-05T12:18:48.422+0545] {logging_mixin.py:190} INFO - [2025-09-05T12:18:48.421+0545] {dagbag.py:588} INFO - Filling up the DagBag from /home/ashok/miniconda3/envs/mysecondenvironment/lib/python3.8/site-packages/airflow/example_dags/example_branch_operator_decorator.py
[2025-09-05T12:18:48.425+0545] {processor.py:927} WARNING - No viable dags retrieved from /home/ashok/miniconda3/envs/mysecondenvironment/lib/python3.8/site-packages/airflow/example_dags/example_branch_operator_decorator.py
[2025-09-05T12:18:48.434+0545] {processor.py:208} INFO - Processing /home/ashok/miniconda3/envs/mysecondenvironment/lib/python3.8/site-packages/airflow/example_dags/example_branch_operator_decorator.py took 0.022 seconds
[2025-09-05T12:19:54.762+0545] {processor.py:186} INFO - Started process (PID=65284) to work on /home/ashok/miniconda3/envs/mysecondenvironment/lib/python3.8/site-packages/airflow/example_dags/example_branch_operator_decorator.py
[2025-09-05T12:19:54.764+0545] {processor.py:914} INFO - Processing file /home/ashok/miniconda3/envs/mysecondenvironment/lib/python3.8/site-packages/airflow/example_dags/example_branch_operator_decorator.py for tasks to queue
[2025-09-05T12:19:54.764+0545] {logging_mixin.py:190} INFO - [2025-09-05T12:19:54.764+0545] {dagbag.py:588} INFO - Filling up the DagBag from /home/ashok/miniconda3/envs/mysecondenvironment/lib/python3.8/site-packages/airflow/example_dags/example_branch_operator_decorator.py
[2025-09-05T12:19:54.766+0545] {processor.py:927} WARNING - No viable dags retrieved from /home/ashok/miniconda3/envs/mysecondenvironment/lib/python3.8/site-packages/airflow/example_dags/example_branch_operator_decorator.py
[2025-09-05T12:19:54.772+0545] {processor.py:208} INFO - Processing /home/ashok/miniconda3/envs/mysecondenvironment/lib/python3.8/site-packages/airflow/example_dags/example_branch_operator_decorator.py took 0.015 seconds
[2025-09-05T12:20:54.766+0545] {processor.py:186} INFO - Started process (PID=65678) to work on /home/ashok/miniconda3/envs/mysecondenvironment/lib/python3.8/site-packages/airflow/example_dags/example_branch_operator_decorator.py
[2025-09-05T12:20:54.768+0545] {processor.py:914} INFO - Processing file /home/ashok/miniconda3/envs/mysecondenvironment/lib/python3.8/site-packages/airflow/example_dags/example_branch_operator_decorator.py for tasks to queue
[2025-09-05T12:20:54.768+0545] {logging_mixin.py:190} INFO - [2025-09-05T12:20:54.768+0545] {dagbag.py:588} INFO - Filling up the DagBag from /home/ashok/miniconda3/envs/mysecondenvironment/lib/python3.8/site-packages/airflow/example_dags/example_branch_operator_decorator.py
[2025-09-05T12:20:54.771+0545] {processor.py:927} WARNING - No viable dags retrieved from /home/ashok/miniconda3/envs/mysecondenvironment/lib/python3.8/site-packages/airflow/example_dags/example_branch_operator_decorator.py
[2025-09-05T12:20:54.777+0545] {processor.py:208} INFO - Processing /home/ashok/miniconda3/envs/mysecondenvironment/lib/python3.8/site-packages/airflow/example_dags/example_branch_operator_decorator.py took 0.015 seconds
[2025-09-05T12:23:49.269+0545] {processor.py:186} INFO - Started process (PID=68524) to work on /home/ashok/miniconda3/envs/mysecondenvironment/lib/python3.8/site-packages/airflow/example_dags/example_branch_operator_decorator.py
[2025-09-05T12:23:49.271+0545] {processor.py:914} INFO - Processing file /home/ashok/miniconda3/envs/mysecondenvironment/lib/python3.8/site-packages/airflow/example_dags/example_branch_operator_decorator.py for tasks to queue
[2025-09-05T12:23:49.272+0545] {logging_mixin.py:190} INFO - [2025-09-05T12:23:49.272+0545] {dagbag.py:588} INFO - Filling up the DagBag from /home/ashok/miniconda3/envs/mysecondenvironment/lib/python3.8/site-packages/airflow/example_dags/example_branch_operator_decorator.py
[2025-09-05T12:23:49.275+0545] {processor.py:927} WARNING - No viable dags retrieved from /home/ashok/miniconda3/envs/mysecondenvironment/lib/python3.8/site-packages/airflow/example_dags/example_branch_operator_decorator.py
[2025-09-05T12:23:49.281+0545] {processor.py:208} INFO - Processing /home/ashok/miniconda3/envs/mysecondenvironment/lib/python3.8/site-packages/airflow/example_dags/example_branch_operator_decorator.py took 0.016 seconds
[2025-09-05T12:24:49.665+0545] {processor.py:186} INFO - Started process (PID=69088) to work on /home/ashok/miniconda3/envs/mysecondenvironment/lib/python3.8/site-packages/airflow/example_dags/example_branch_operator_decorator.py
[2025-09-05T12:24:49.666+0545] {processor.py:914} INFO - Processing file /home/ashok/miniconda3/envs/mysecondenvironment/lib/python3.8/site-packages/airflow/example_dags/example_branch_operator_decorator.py for tasks to queue
[2025-09-05T12:24:49.667+0545] {logging_mixin.py:190} INFO - [2025-09-05T12:24:49.667+0545] {dagbag.py:588} INFO - Filling up the DagBag from /home/ashok/miniconda3/envs/mysecondenvironment/lib/python3.8/site-packages/airflow/example_dags/example_branch_operator_decorator.py
[2025-09-05T12:24:49.669+0545] {processor.py:927} WARNING - No viable dags retrieved from /home/ashok/miniconda3/envs/mysecondenvironment/lib/python3.8/site-packages/airflow/example_dags/example_branch_operator_decorator.py
[2025-09-05T12:24:49.675+0545] {processor.py:208} INFO - Processing /home/ashok/miniconda3/envs/mysecondenvironment/lib/python3.8/site-packages/airflow/example_dags/example_branch_operator_decorator.py took 0.015 seconds
[2025-09-05T12:25:49.552+0545] {processor.py:186} INFO - Started process (PID=69501) to work on /home/ashok/miniconda3/envs/mysecondenvironment/lib/python3.8/site-packages/airflow/example_dags/example_branch_operator_decorator.py
[2025-09-05T12:25:49.554+0545] {processor.py:914} INFO - Processing file /home/ashok/miniconda3/envs/mysecondenvironment/lib/python3.8/site-packages/airflow/example_dags/example_branch_operator_decorator.py for tasks to queue
[2025-09-05T12:25:49.555+0545] {logging_mixin.py:190} INFO - [2025-09-05T12:25:49.555+0545] {dagbag.py:588} INFO - Filling up the DagBag from /home/ashok/miniconda3/envs/mysecondenvironment/lib/python3.8/site-packages/airflow/example_dags/example_branch_operator_decorator.py
[2025-09-05T12:25:49.557+0545] {processor.py:927} WARNING - No viable dags retrieved from /home/ashok/miniconda3/envs/mysecondenvironment/lib/python3.8/site-packages/airflow/example_dags/example_branch_operator_decorator.py
[2025-09-05T12:25:49.563+0545] {processor.py:208} INFO - Processing /home/ashok/miniconda3/envs/mysecondenvironment/lib/python3.8/site-packages/airflow/example_dags/example_branch_operator_decorator.py took 0.015 seconds
[2025-09-05T12:26:50.183+0545] {processor.py:186} INFO - Started process (PID=69916) to work on /home/ashok/miniconda3/envs/mysecondenvironment/lib/python3.8/site-packages/airflow/example_dags/example_branch_operator_decorator.py
[2025-09-05T12:26:50.185+0545] {processor.py:914} INFO - Processing file /home/ashok/miniconda3/envs/mysecondenvironment/lib/python3.8/site-packages/airflow/example_dags/example_branch_operator_decorator.py for tasks to queue
[2025-09-05T12:26:50.187+0545] {logging_mixin.py:190} INFO - [2025-09-05T12:26:50.187+0545] {dagbag.py:588} INFO - Filling up the DagBag from /home/ashok/miniconda3/envs/mysecondenvironment/lib/python3.8/site-packages/airflow/example_dags/example_branch_operator_decorator.py
[2025-09-05T12:26:50.189+0545] {processor.py:927} WARNING - No viable dags retrieved from /home/ashok/miniconda3/envs/mysecondenvironment/lib/python3.8/site-packages/airflow/example_dags/example_branch_operator_decorator.py
[2025-09-05T12:26:50.197+0545] {processor.py:208} INFO - Processing /home/ashok/miniconda3/envs/mysecondenvironment/lib/python3.8/site-packages/airflow/example_dags/example_branch_operator_decorator.py took 0.019 seconds
[2025-09-05T12:27:48.477+0545] {processor.py:186} INFO - Started process (PID=70385) to work on /home/ashok/miniconda3/envs/mysecondenvironment/lib/python3.8/site-packages/airflow/example_dags/example_branch_operator_decorator.py
[2025-09-05T12:27:48.479+0545] {processor.py:914} INFO - Processing file /home/ashok/miniconda3/envs/mysecondenvironment/lib/python3.8/site-packages/airflow/example_dags/example_branch_operator_decorator.py for tasks to queue
[2025-09-05T12:27:48.481+0545] {logging_mixin.py:190} INFO - [2025-09-05T12:27:48.480+0545] {dagbag.py:588} INFO - Filling up the DagBag from /home/ashok/miniconda3/envs/mysecondenvironment/lib/python3.8/site-packages/airflow/example_dags/example_branch_operator_decorator.py
[2025-09-05T12:27:48.482+0545] {processor.py:927} WARNING - No viable dags retrieved from /home/ashok/miniconda3/envs/mysecondenvironment/lib/python3.8/site-packages/airflow/example_dags/example_branch_operator_decorator.py
[2025-09-05T12:27:48.488+0545] {processor.py:208} INFO - Processing /home/ashok/miniconda3/envs/mysecondenvironment/lib/python3.8/site-packages/airflow/example_dags/example_branch_operator_decorator.py took 0.015 seconds
[2025-09-05T12:28:45.011+0545] {processor.py:186} INFO - Started process (PID=70789) to work on /home/ashok/miniconda3/envs/mysecondenvironment/lib/python3.8/site-packages/airflow/example_dags/example_branch_operator_decorator.py
[2025-09-05T12:28:45.013+0545] {processor.py:914} INFO - Processing file /home/ashok/miniconda3/envs/mysecondenvironment/lib/python3.8/site-packages/airflow/example_dags/example_branch_operator_decorator.py for tasks to queue
[2025-09-05T12:28:45.014+0545] {logging_mixin.py:190} INFO - [2025-09-05T12:28:45.014+0545] {dagbag.py:588} INFO - Filling up the DagBag from /home/ashok/miniconda3/envs/mysecondenvironment/lib/python3.8/site-packages/airflow/example_dags/example_branch_operator_decorator.py
[2025-09-05T12:28:45.018+0545] {processor.py:927} WARNING - No viable dags retrieved from /home/ashok/miniconda3/envs/mysecondenvironment/lib/python3.8/site-packages/airflow/example_dags/example_branch_operator_decorator.py
[2025-09-05T12:28:45.026+0545] {processor.py:208} INFO - Processing /home/ashok/miniconda3/envs/mysecondenvironment/lib/python3.8/site-packages/airflow/example_dags/example_branch_operator_decorator.py took 0.020 seconds
[2025-09-05T12:29:45.049+0545] {processor.py:186} INFO - Started process (PID=71213) to work on /home/ashok/miniconda3/envs/mysecondenvironment/lib/python3.8/site-packages/airflow/example_dags/example_branch_operator_decorator.py
[2025-09-05T12:29:45.051+0545] {processor.py:914} INFO - Processing file /home/ashok/miniconda3/envs/mysecondenvironment/lib/python3.8/site-packages/airflow/example_dags/example_branch_operator_decorator.py for tasks to queue
[2025-09-05T12:29:45.052+0545] {logging_mixin.py:190} INFO - [2025-09-05T12:29:45.052+0545] {dagbag.py:588} INFO - Filling up the DagBag from /home/ashok/miniconda3/envs/mysecondenvironment/lib/python3.8/site-packages/airflow/example_dags/example_branch_operator_decorator.py
[2025-09-05T12:29:45.054+0545] {processor.py:927} WARNING - No viable dags retrieved from /home/ashok/miniconda3/envs/mysecondenvironment/lib/python3.8/site-packages/airflow/example_dags/example_branch_operator_decorator.py
[2025-09-05T12:29:45.060+0545] {processor.py:208} INFO - Processing /home/ashok/miniconda3/envs/mysecondenvironment/lib/python3.8/site-packages/airflow/example_dags/example_branch_operator_decorator.py took 0.016 seconds
[2025-09-05T13:48:55.304+0545] {processor.py:186} INFO - Started process (PID=12532) to work on /home/ashok/miniconda3/envs/mysecondenvironment/lib/python3.8/site-packages/airflow/example_dags/example_branch_operator_decorator.py
[2025-09-05T13:48:55.306+0545] {processor.py:914} INFO - Processing file /home/ashok/miniconda3/envs/mysecondenvironment/lib/python3.8/site-packages/airflow/example_dags/example_branch_operator_decorator.py for tasks to queue
[2025-09-05T13:48:55.308+0545] {logging_mixin.py:190} INFO - [2025-09-05T13:48:55.308+0545] {dagbag.py:588} INFO - Filling up the DagBag from /home/ashok/miniconda3/envs/mysecondenvironment/lib/python3.8/site-packages/airflow/example_dags/example_branch_operator_decorator.py
[2025-09-05T13:48:55.310+0545] {processor.py:927} WARNING - No viable dags retrieved from /home/ashok/miniconda3/envs/mysecondenvironment/lib/python3.8/site-packages/airflow/example_dags/example_branch_operator_decorator.py
[2025-09-05T13:48:55.315+0545] {processor.py:208} INFO - Processing /home/ashok/miniconda3/envs/mysecondenvironment/lib/python3.8/site-packages/airflow/example_dags/example_branch_operator_decorator.py took 0.015 seconds
[2025-09-05T14:55:20.556+0545] {processor.py:186} INFO - Started process (PID=10235) to work on /home/ashok/miniconda3/envs/mysecondenvironment/lib/python3.8/site-packages/airflow/example_dags/example_branch_operator_decorator.py
[2025-09-05T14:55:20.559+0545] {processor.py:914} INFO - Processing file /home/ashok/miniconda3/envs/mysecondenvironment/lib/python3.8/site-packages/airflow/example_dags/example_branch_operator_decorator.py for tasks to queue
[2025-09-05T14:55:20.562+0545] {logging_mixin.py:190} INFO - [2025-09-05T14:55:20.562+0545] {dagbag.py:588} INFO - Filling up the DagBag from /home/ashok/miniconda3/envs/mysecondenvironment/lib/python3.8/site-packages/airflow/example_dags/example_branch_operator_decorator.py
[2025-09-05T14:55:20.566+0545] {processor.py:927} WARNING - No viable dags retrieved from /home/ashok/miniconda3/envs/mysecondenvironment/lib/python3.8/site-packages/airflow/example_dags/example_branch_operator_decorator.py
[2025-09-05T14:55:20.576+0545] {processor.py:208} INFO - Processing /home/ashok/miniconda3/envs/mysecondenvironment/lib/python3.8/site-packages/airflow/example_dags/example_branch_operator_decorator.py took 0.028 seconds
