[2025-09-10T11:33:13.375+0545] {local_task_job_runner.py:123} INFO - ::group::Pre task execution logs
[2025-09-10T11:33:13.381+0545] {taskinstance.py:2614} INFO - Dependencies all met for dep_context=non-requeueable deps ti=<TaskInstance: mlops_diabetes_pipeline.start_mlflow manual__2025-09-10T05:47:54.321048+00:00 [queued]>
[2025-09-10T11:33:13.383+0545] {taskinstance.py:2614} INFO - Dependencies all met for dep_context=requeueable deps ti=<TaskInstance: mlops_diabetes_pipeline.start_mlflow manual__2025-09-10T05:47:54.321048+00:00 [queued]>
[2025-09-10T11:33:13.384+0545] {taskinstance.py:2867} INFO - Starting attempt 1 of 2
[2025-09-10T11:33:13.396+0545] {taskinstance.py:2890} INFO - Executing <Task(BashOperator): start_mlflow> on 2025-09-10 05:47:54.321048+00:00
[2025-09-10T11:33:13.406+0545] {standard_task_runner.py:72} INFO - Started process 68237 to run task
[2025-09-10T11:33:13.408+0545] {standard_task_runner.py:104} INFO - Running: ['airflow', 'tasks', 'run', 'mlops_diabetes_pipeline', 'start_mlflow', 'manual__2025-09-10T05:47:54.321048+00:00', '--job-id', '540', '--raw', '--subdir', 'DAGS_FOLDER/mlops_diabetes_pipeline.py', '--cfg-path', '/tmp/tmpxvlm4xrd']
[2025-09-10T11:33:13.409+0545] {standard_task_runner.py:105} INFO - Job 540: Subtask start_mlflow
[2025-09-10T11:33:13.435+0545] {task_command.py:467} INFO - Running <TaskInstance: mlops_diabetes_pipeline.start_mlflow manual__2025-09-10T05:47:54.321048+00:00 [running]> on host ashok-Nitro-ANV16-41
[2025-09-10T11:33:13.475+0545] {taskinstance.py:3134} INFO - Exporting env vars: AIRFLOW_CTX_DAG_EMAIL='koiralaashok02@gmail.com' AIRFLOW_CTX_DAG_OWNER='airflow' AIRFLOW_CTX_DAG_ID='mlops_diabetes_pipeline' AIRFLOW_CTX_TASK_ID='start_mlflow' AIRFLOW_CTX_EXECUTION_DATE='2025-09-10T05:47:54.321048+00:00' AIRFLOW_CTX_TRY_NUMBER='1' AIRFLOW_CTX_DAG_RUN_ID='manual__2025-09-10T05:47:54.321048+00:00'
[2025-09-10T11:33:13.476+0545] {logging_mixin.py:190} INFO - Task instance is in running state
[2025-09-10T11:33:13.476+0545] {logging_mixin.py:190} INFO -  Previous state of the Task instance: queued
[2025-09-10T11:33:13.477+0545] {logging_mixin.py:190} INFO - Current task name:start_mlflow state:running start_date:2025-09-10 05:48:13.381254+00:00
[2025-09-10T11:33:13.477+0545] {logging_mixin.py:190} INFO - Dag name:mlops_diabetes_pipeline and current dag run status:running
[2025-09-10T11:33:13.477+0545] {taskinstance.py:732} INFO - ::endgroup::
[2025-09-10T11:33:13.477+0545] {subprocess.py:78} INFO - Tmp dir root location: /tmp
[2025-09-10T11:33:13.478+0545] {subprocess.py:88} INFO - Running command: ['/usr/bin/bash', '-c', '\n    cd /home/ashok/mlops_project\n    nohup conda run -n mysecondenvironment mlflow ui --backend-store-uri ./mlruns --host 0.0.0.0 --port 5000 > /tmp/mlflow.log 2>&1 < /dev/null &\n    sleep 5\n    if curl -s http://127.0.0.1:5000 | grep -q MLflow; then\n        echo "MLflow started successfully"\n    else\n        echo "MLflow failed to start"\n        cat /tmp/mlflow.log\n        exit 1\n    fi\n    ']
[2025-09-10T11:33:13.500+0545] {subprocess.py:99} INFO - Output:
[2025-09-10T11:33:18.511+0545] {subprocess.py:106} INFO - MLflow started successfully
[2025-09-10T11:33:18.512+0545] {subprocess.py:110} INFO - Command exited with return code 0
[2025-09-10T11:33:18.528+0545] {taskinstance.py:341} INFO - ::group::Post task execution logs
[2025-09-10T11:33:18.529+0545] {taskinstance.py:353} INFO - Marking task as SUCCESS. dag_id=mlops_diabetes_pipeline, task_id=start_mlflow, run_id=manual__2025-09-10T05:47:54.321048+00:00, execution_date=20250910T054754, start_date=20250910T054813, end_date=20250910T054818
[2025-09-10T11:33:18.550+0545] {logging_mixin.py:190} INFO - Task instance in success state
[2025-09-10T11:33:18.550+0545] {logging_mixin.py:190} INFO -  Previous state of the Task instance: running
[2025-09-10T11:33:18.550+0545] {logging_mixin.py:190} INFO - Dag name:mlops_diabetes_pipeline queued_at:2025-09-10 05:47:54.334701+00:00
[2025-09-10T11:33:18.550+0545] {logging_mixin.py:190} INFO - Task hostname:ashok-Nitro-ANV16-41 operator:BashOperator
[2025-09-10T11:33:18.585+0545] {local_task_job_runner.py:266} INFO - Task exited with return code 0
[2025-09-10T11:33:18.599+0545] {taskinstance.py:3901} INFO - 1 downstream tasks scheduled from follow-on schedule check
[2025-09-10T11:33:18.606+0545] {local_task_job_runner.py:245} INFO - ::endgroup::
