[2025-09-06T19:04:45.093+0545] {processor.py:186} INFO - Started process (PID=28087) to work on /home/ashok/miniconda3/envs/mysecondenvironment/lib/python3.8/site-packages/airflow/example_dags/subdags/subdag.py
[2025-09-06T19:04:45.093+0545] {processor.py:914} INFO - Processing file /home/ashok/miniconda3/envs/mysecondenvironment/lib/python3.8/site-packages/airflow/example_dags/subdags/subdag.py for tasks to queue
[2025-09-06T19:04:45.095+0545] {logging_mixin.py:190} INFO - [2025-09-06T19:04:45.095+0545] {dagbag.py:588} INFO - Filling up the DagBag from /home/ashok/miniconda3/envs/mysecondenvironment/lib/python3.8/site-packages/airflow/example_dags/subdags/subdag.py
[2025-09-06T19:04:45.096+0545] {processor.py:927} WARNING - No viable dags retrieved from /home/ashok/miniconda3/envs/mysecondenvironment/lib/python3.8/site-packages/airflow/example_dags/subdags/subdag.py
[2025-09-06T19:04:45.103+0545] {processor.py:208} INFO - Processing /home/ashok/miniconda3/envs/mysecondenvironment/lib/python3.8/site-packages/airflow/example_dags/subdags/subdag.py took 0.014 seconds
[2025-09-06T19:08:01.278+0545] {processor.py:186} INFO - Started process (PID=30809) to work on /home/ashok/miniconda3/envs/mysecondenvironment/lib/python3.8/site-packages/airflow/example_dags/subdags/subdag.py
[2025-09-06T19:08:01.281+0545] {processor.py:914} INFO - Processing file /home/ashok/miniconda3/envs/mysecondenvironment/lib/python3.8/site-packages/airflow/example_dags/subdags/subdag.py for tasks to queue
[2025-09-06T19:08:01.282+0545] {logging_mixin.py:190} INFO - [2025-09-06T19:08:01.282+0545] {dagbag.py:588} INFO - Filling up the DagBag from /home/ashok/miniconda3/envs/mysecondenvironment/lib/python3.8/site-packages/airflow/example_dags/subdags/subdag.py
[2025-09-06T19:08:01.285+0545] {processor.py:927} WARNING - No viable dags retrieved from /home/ashok/miniconda3/envs/mysecondenvironment/lib/python3.8/site-packages/airflow/example_dags/subdags/subdag.py
[2025-09-06T19:08:01.294+0545] {processor.py:208} INFO - Processing /home/ashok/miniconda3/envs/mysecondenvironment/lib/python3.8/site-packages/airflow/example_dags/subdags/subdag.py took 0.022 seconds
[2025-09-06T19:09:02.742+0545] {processor.py:186} INFO - Started process (PID=31299) to work on /home/ashok/miniconda3/envs/mysecondenvironment/lib/python3.8/site-packages/airflow/example_dags/subdags/subdag.py
[2025-09-06T19:09:02.745+0545] {processor.py:914} INFO - Processing file /home/ashok/miniconda3/envs/mysecondenvironment/lib/python3.8/site-packages/airflow/example_dags/subdags/subdag.py for tasks to queue
[2025-09-06T19:09:02.749+0545] {logging_mixin.py:190} INFO - [2025-09-06T19:09:02.748+0545] {dagbag.py:588} INFO - Filling up the DagBag from /home/ashok/miniconda3/envs/mysecondenvironment/lib/python3.8/site-packages/airflow/example_dags/subdags/subdag.py
[2025-09-06T19:09:02.752+0545] {processor.py:927} WARNING - No viable dags retrieved from /home/ashok/miniconda3/envs/mysecondenvironment/lib/python3.8/site-packages/airflow/example_dags/subdags/subdag.py
[2025-09-06T19:09:02.763+0545] {processor.py:208} INFO - Processing /home/ashok/miniconda3/envs/mysecondenvironment/lib/python3.8/site-packages/airflow/example_dags/subdags/subdag.py took 0.029 seconds
[2025-09-06T19:10:03.950+0545] {processor.py:186} INFO - Started process (PID=31745) to work on /home/ashok/miniconda3/envs/mysecondenvironment/lib/python3.8/site-packages/airflow/example_dags/subdags/subdag.py
[2025-09-06T19:10:03.952+0545] {processor.py:914} INFO - Processing file /home/ashok/miniconda3/envs/mysecondenvironment/lib/python3.8/site-packages/airflow/example_dags/subdags/subdag.py for tasks to queue
[2025-09-06T19:10:03.955+0545] {logging_mixin.py:190} INFO - [2025-09-06T19:10:03.955+0545] {dagbag.py:588} INFO - Filling up the DagBag from /home/ashok/miniconda3/envs/mysecondenvironment/lib/python3.8/site-packages/airflow/example_dags/subdags/subdag.py
[2025-09-06T19:10:03.958+0545] {processor.py:927} WARNING - No viable dags retrieved from /home/ashok/miniconda3/envs/mysecondenvironment/lib/python3.8/site-packages/airflow/example_dags/subdags/subdag.py
[2025-09-06T19:10:03.970+0545] {processor.py:208} INFO - Processing /home/ashok/miniconda3/envs/mysecondenvironment/lib/python3.8/site-packages/airflow/example_dags/subdags/subdag.py took 0.028 seconds
[2025-09-06T19:11:02.727+0545] {processor.py:186} INFO - Started process (PID=32167) to work on /home/ashok/miniconda3/envs/mysecondenvironment/lib/python3.8/site-packages/airflow/example_dags/subdags/subdag.py
[2025-09-06T19:11:02.729+0545] {processor.py:914} INFO - Processing file /home/ashok/miniconda3/envs/mysecondenvironment/lib/python3.8/site-packages/airflow/example_dags/subdags/subdag.py for tasks to queue
[2025-09-06T19:11:02.732+0545] {logging_mixin.py:190} INFO - [2025-09-06T19:11:02.731+0545] {dagbag.py:588} INFO - Filling up the DagBag from /home/ashok/miniconda3/envs/mysecondenvironment/lib/python3.8/site-packages/airflow/example_dags/subdags/subdag.py
[2025-09-06T19:11:02.734+0545] {processor.py:927} WARNING - No viable dags retrieved from /home/ashok/miniconda3/envs/mysecondenvironment/lib/python3.8/site-packages/airflow/example_dags/subdags/subdag.py
[2025-09-06T19:11:02.745+0545] {processor.py:208} INFO - Processing /home/ashok/miniconda3/envs/mysecondenvironment/lib/python3.8/site-packages/airflow/example_dags/subdags/subdag.py took 0.026 seconds
[2025-09-06T19:12:01.791+0545] {processor.py:186} INFO - Started process (PID=32583) to work on /home/ashok/miniconda3/envs/mysecondenvironment/lib/python3.8/site-packages/airflow/example_dags/subdags/subdag.py
[2025-09-06T19:12:01.793+0545] {processor.py:914} INFO - Processing file /home/ashok/miniconda3/envs/mysecondenvironment/lib/python3.8/site-packages/airflow/example_dags/subdags/subdag.py for tasks to queue
[2025-09-06T19:12:01.796+0545] {logging_mixin.py:190} INFO - [2025-09-06T19:12:01.795+0545] {dagbag.py:588} INFO - Filling up the DagBag from /home/ashok/miniconda3/envs/mysecondenvironment/lib/python3.8/site-packages/airflow/example_dags/subdags/subdag.py
[2025-09-06T19:12:01.798+0545] {processor.py:927} WARNING - No viable dags retrieved from /home/ashok/miniconda3/envs/mysecondenvironment/lib/python3.8/site-packages/airflow/example_dags/subdags/subdag.py
[2025-09-06T19:12:01.810+0545] {processor.py:208} INFO - Processing /home/ashok/miniconda3/envs/mysecondenvironment/lib/python3.8/site-packages/airflow/example_dags/subdags/subdag.py took 0.026 seconds
[2025-09-06T19:12:35.352+0545] {processor.py:186} INFO - Started process (PID=32876) to work on /home/ashok/miniconda3/envs/mysecondenvironment/lib/python3.8/site-packages/airflow/example_dags/subdags/subdag.py
[2025-09-06T19:12:35.354+0545] {processor.py:914} INFO - Processing file /home/ashok/miniconda3/envs/mysecondenvironment/lib/python3.8/site-packages/airflow/example_dags/subdags/subdag.py for tasks to queue
[2025-09-06T19:12:35.355+0545] {logging_mixin.py:190} INFO - [2025-09-06T19:12:35.355+0545] {dagbag.py:588} INFO - Filling up the DagBag from /home/ashok/miniconda3/envs/mysecondenvironment/lib/python3.8/site-packages/airflow/example_dags/subdags/subdag.py
[2025-09-06T19:12:35.357+0545] {processor.py:927} WARNING - No viable dags retrieved from /home/ashok/miniconda3/envs/mysecondenvironment/lib/python3.8/site-packages/airflow/example_dags/subdags/subdag.py
[2025-09-06T19:12:35.363+0545] {processor.py:208} INFO - Processing /home/ashok/miniconda3/envs/mysecondenvironment/lib/python3.8/site-packages/airflow/example_dags/subdags/subdag.py took 0.015 seconds
[2025-09-06T19:13:32.289+0545] {processor.py:186} INFO - Started process (PID=33274) to work on /home/ashok/miniconda3/envs/mysecondenvironment/lib/python3.8/site-packages/airflow/example_dags/subdags/subdag.py
[2025-09-06T19:13:32.291+0545] {processor.py:914} INFO - Processing file /home/ashok/miniconda3/envs/mysecondenvironment/lib/python3.8/site-packages/airflow/example_dags/subdags/subdag.py for tasks to queue
[2025-09-06T19:13:32.293+0545] {logging_mixin.py:190} INFO - [2025-09-06T19:13:32.292+0545] {dagbag.py:588} INFO - Filling up the DagBag from /home/ashok/miniconda3/envs/mysecondenvironment/lib/python3.8/site-packages/airflow/example_dags/subdags/subdag.py
[2025-09-06T19:13:32.295+0545] {processor.py:927} WARNING - No viable dags retrieved from /home/ashok/miniconda3/envs/mysecondenvironment/lib/python3.8/site-packages/airflow/example_dags/subdags/subdag.py
[2025-09-06T19:13:32.302+0545] {processor.py:208} INFO - Processing /home/ashok/miniconda3/envs/mysecondenvironment/lib/python3.8/site-packages/airflow/example_dags/subdags/subdag.py took 0.019 seconds
[2025-09-06T19:14:34.396+0545] {processor.py:186} INFO - Started process (PID=33720) to work on /home/ashok/miniconda3/envs/mysecondenvironment/lib/python3.8/site-packages/airflow/example_dags/subdags/subdag.py
[2025-09-06T19:14:34.400+0545] {processor.py:914} INFO - Processing file /home/ashok/miniconda3/envs/mysecondenvironment/lib/python3.8/site-packages/airflow/example_dags/subdags/subdag.py for tasks to queue
[2025-09-06T19:14:34.402+0545] {logging_mixin.py:190} INFO - [2025-09-06T19:14:34.402+0545] {dagbag.py:588} INFO - Filling up the DagBag from /home/ashok/miniconda3/envs/mysecondenvironment/lib/python3.8/site-packages/airflow/example_dags/subdags/subdag.py
[2025-09-06T19:14:34.404+0545] {processor.py:927} WARNING - No viable dags retrieved from /home/ashok/miniconda3/envs/mysecondenvironment/lib/python3.8/site-packages/airflow/example_dags/subdags/subdag.py
[2025-09-06T19:14:34.412+0545] {processor.py:208} INFO - Processing /home/ashok/miniconda3/envs/mysecondenvironment/lib/python3.8/site-packages/airflow/example_dags/subdags/subdag.py took 0.021 seconds
[2025-09-06T19:15:35.196+0545] {processor.py:186} INFO - Started process (PID=34132) to work on /home/ashok/miniconda3/envs/mysecondenvironment/lib/python3.8/site-packages/airflow/example_dags/subdags/subdag.py
[2025-09-06T19:15:35.197+0545] {processor.py:914} INFO - Processing file /home/ashok/miniconda3/envs/mysecondenvironment/lib/python3.8/site-packages/airflow/example_dags/subdags/subdag.py for tasks to queue
[2025-09-06T19:15:35.199+0545] {logging_mixin.py:190} INFO - [2025-09-06T19:15:35.199+0545] {dagbag.py:588} INFO - Filling up the DagBag from /home/ashok/miniconda3/envs/mysecondenvironment/lib/python3.8/site-packages/airflow/example_dags/subdags/subdag.py
[2025-09-06T19:15:35.200+0545] {processor.py:927} WARNING - No viable dags retrieved from /home/ashok/miniconda3/envs/mysecondenvironment/lib/python3.8/site-packages/airflow/example_dags/subdags/subdag.py
[2025-09-06T19:15:35.207+0545] {processor.py:208} INFO - Processing /home/ashok/miniconda3/envs/mysecondenvironment/lib/python3.8/site-packages/airflow/example_dags/subdags/subdag.py took 0.016 seconds
[2025-09-06T19:16:33.528+0545] {processor.py:186} INFO - Started process (PID=34647) to work on /home/ashok/miniconda3/envs/mysecondenvironment/lib/python3.8/site-packages/airflow/example_dags/subdags/subdag.py
[2025-09-06T19:16:33.530+0545] {processor.py:914} INFO - Processing file /home/ashok/miniconda3/envs/mysecondenvironment/lib/python3.8/site-packages/airflow/example_dags/subdags/subdag.py for tasks to queue
[2025-09-06T19:16:33.532+0545] {logging_mixin.py:190} INFO - [2025-09-06T19:16:33.532+0545] {dagbag.py:588} INFO - Filling up the DagBag from /home/ashok/miniconda3/envs/mysecondenvironment/lib/python3.8/site-packages/airflow/example_dags/subdags/subdag.py
[2025-09-06T19:16:33.534+0545] {processor.py:927} WARNING - No viable dags retrieved from /home/ashok/miniconda3/envs/mysecondenvironment/lib/python3.8/site-packages/airflow/example_dags/subdags/subdag.py
[2025-09-06T19:16:33.539+0545] {processor.py:208} INFO - Processing /home/ashok/miniconda3/envs/mysecondenvironment/lib/python3.8/site-packages/airflow/example_dags/subdags/subdag.py took 0.015 seconds
[2025-09-06T19:17:34.651+0545] {processor.py:186} INFO - Started process (PID=35057) to work on /home/ashok/miniconda3/envs/mysecondenvironment/lib/python3.8/site-packages/airflow/example_dags/subdags/subdag.py
[2025-09-06T19:17:34.654+0545] {processor.py:914} INFO - Processing file /home/ashok/miniconda3/envs/mysecondenvironment/lib/python3.8/site-packages/airflow/example_dags/subdags/subdag.py for tasks to queue
[2025-09-06T19:17:34.655+0545] {logging_mixin.py:190} INFO - [2025-09-06T19:17:34.655+0545] {dagbag.py:588} INFO - Filling up the DagBag from /home/ashok/miniconda3/envs/mysecondenvironment/lib/python3.8/site-packages/airflow/example_dags/subdags/subdag.py
[2025-09-06T19:17:34.657+0545] {processor.py:927} WARNING - No viable dags retrieved from /home/ashok/miniconda3/envs/mysecondenvironment/lib/python3.8/site-packages/airflow/example_dags/subdags/subdag.py
[2025-09-06T19:17:34.665+0545] {processor.py:208} INFO - Processing /home/ashok/miniconda3/envs/mysecondenvironment/lib/python3.8/site-packages/airflow/example_dags/subdags/subdag.py took 0.018 seconds
[2025-09-06T19:18:35.683+0545] {processor.py:186} INFO - Started process (PID=35496) to work on /home/ashok/miniconda3/envs/mysecondenvironment/lib/python3.8/site-packages/airflow/example_dags/subdags/subdag.py
[2025-09-06T19:18:35.685+0545] {processor.py:914} INFO - Processing file /home/ashok/miniconda3/envs/mysecondenvironment/lib/python3.8/site-packages/airflow/example_dags/subdags/subdag.py for tasks to queue
[2025-09-06T19:18:35.687+0545] {logging_mixin.py:190} INFO - [2025-09-06T19:18:35.687+0545] {dagbag.py:588} INFO - Filling up the DagBag from /home/ashok/miniconda3/envs/mysecondenvironment/lib/python3.8/site-packages/airflow/example_dags/subdags/subdag.py
[2025-09-06T19:18:35.691+0545] {processor.py:927} WARNING - No viable dags retrieved from /home/ashok/miniconda3/envs/mysecondenvironment/lib/python3.8/site-packages/airflow/example_dags/subdags/subdag.py
[2025-09-06T19:18:35.698+0545] {processor.py:208} INFO - Processing /home/ashok/miniconda3/envs/mysecondenvironment/lib/python3.8/site-packages/airflow/example_dags/subdags/subdag.py took 0.021 seconds
[2025-09-06T19:19:40.869+0545] {processor.py:186} INFO - Started process (PID=36010) to work on /home/ashok/miniconda3/envs/mysecondenvironment/lib/python3.8/site-packages/airflow/example_dags/subdags/subdag.py
[2025-09-06T19:19:40.871+0545] {processor.py:914} INFO - Processing file /home/ashok/miniconda3/envs/mysecondenvironment/lib/python3.8/site-packages/airflow/example_dags/subdags/subdag.py for tasks to queue
[2025-09-06T19:19:40.873+0545] {logging_mixin.py:190} INFO - [2025-09-06T19:19:40.873+0545] {dagbag.py:588} INFO - Filling up the DagBag from /home/ashok/miniconda3/envs/mysecondenvironment/lib/python3.8/site-packages/airflow/example_dags/subdags/subdag.py
[2025-09-06T19:19:40.875+0545] {processor.py:927} WARNING - No viable dags retrieved from /home/ashok/miniconda3/envs/mysecondenvironment/lib/python3.8/site-packages/airflow/example_dags/subdags/subdag.py
[2025-09-06T19:19:40.881+0545] {processor.py:208} INFO - Processing /home/ashok/miniconda3/envs/mysecondenvironment/lib/python3.8/site-packages/airflow/example_dags/subdags/subdag.py took 0.015 seconds
[2025-09-06T19:20:40.983+0545] {processor.py:186} INFO - Started process (PID=36432) to work on /home/ashok/miniconda3/envs/mysecondenvironment/lib/python3.8/site-packages/airflow/example_dags/subdags/subdag.py
[2025-09-06T19:20:40.985+0545] {processor.py:914} INFO - Processing file /home/ashok/miniconda3/envs/mysecondenvironment/lib/python3.8/site-packages/airflow/example_dags/subdags/subdag.py for tasks to queue
[2025-09-06T19:20:40.989+0545] {logging_mixin.py:190} INFO - [2025-09-06T19:20:40.988+0545] {dagbag.py:588} INFO - Filling up the DagBag from /home/ashok/miniconda3/envs/mysecondenvironment/lib/python3.8/site-packages/airflow/example_dags/subdags/subdag.py
[2025-09-06T19:20:40.991+0545] {processor.py:927} WARNING - No viable dags retrieved from /home/ashok/miniconda3/envs/mysecondenvironment/lib/python3.8/site-packages/airflow/example_dags/subdags/subdag.py
[2025-09-06T19:20:41.003+0545] {processor.py:208} INFO - Processing /home/ashok/miniconda3/envs/mysecondenvironment/lib/python3.8/site-packages/airflow/example_dags/subdags/subdag.py took 0.027 seconds
[2025-09-06T19:21:44.049+0545] {processor.py:186} INFO - Started process (PID=36888) to work on /home/ashok/miniconda3/envs/mysecondenvironment/lib/python3.8/site-packages/airflow/example_dags/subdags/subdag.py
[2025-09-06T19:21:44.051+0545] {processor.py:914} INFO - Processing file /home/ashok/miniconda3/envs/mysecondenvironment/lib/python3.8/site-packages/airflow/example_dags/subdags/subdag.py for tasks to queue
[2025-09-06T19:21:44.052+0545] {logging_mixin.py:190} INFO - [2025-09-06T19:21:44.052+0545] {dagbag.py:588} INFO - Filling up the DagBag from /home/ashok/miniconda3/envs/mysecondenvironment/lib/python3.8/site-packages/airflow/example_dags/subdags/subdag.py
[2025-09-06T19:21:44.054+0545] {processor.py:927} WARNING - No viable dags retrieved from /home/ashok/miniconda3/envs/mysecondenvironment/lib/python3.8/site-packages/airflow/example_dags/subdags/subdag.py
[2025-09-06T19:21:44.059+0545] {processor.py:208} INFO - Processing /home/ashok/miniconda3/envs/mysecondenvironment/lib/python3.8/site-packages/airflow/example_dags/subdags/subdag.py took 0.015 seconds
[2025-09-06T19:22:44.179+0545] {processor.py:186} INFO - Started process (PID=37383) to work on /home/ashok/miniconda3/envs/mysecondenvironment/lib/python3.8/site-packages/airflow/example_dags/subdags/subdag.py
[2025-09-06T19:22:44.181+0545] {processor.py:914} INFO - Processing file /home/ashok/miniconda3/envs/mysecondenvironment/lib/python3.8/site-packages/airflow/example_dags/subdags/subdag.py for tasks to queue
[2025-09-06T19:22:44.183+0545] {logging_mixin.py:190} INFO - [2025-09-06T19:22:44.182+0545] {dagbag.py:588} INFO - Filling up the DagBag from /home/ashok/miniconda3/envs/mysecondenvironment/lib/python3.8/site-packages/airflow/example_dags/subdags/subdag.py
[2025-09-06T19:22:44.184+0545] {processor.py:927} WARNING - No viable dags retrieved from /home/ashok/miniconda3/envs/mysecondenvironment/lib/python3.8/site-packages/airflow/example_dags/subdags/subdag.py
[2025-09-06T19:22:44.189+0545] {processor.py:208} INFO - Processing /home/ashok/miniconda3/envs/mysecondenvironment/lib/python3.8/site-packages/airflow/example_dags/subdags/subdag.py took 0.015 seconds
[2025-09-06T19:23:45.586+0545] {processor.py:186} INFO - Started process (PID=37781) to work on /home/ashok/miniconda3/envs/mysecondenvironment/lib/python3.8/site-packages/airflow/example_dags/subdags/subdag.py
[2025-09-06T19:23:45.588+0545] {processor.py:914} INFO - Processing file /home/ashok/miniconda3/envs/mysecondenvironment/lib/python3.8/site-packages/airflow/example_dags/subdags/subdag.py for tasks to queue
[2025-09-06T19:23:45.590+0545] {logging_mixin.py:190} INFO - [2025-09-06T19:23:45.589+0545] {dagbag.py:588} INFO - Filling up the DagBag from /home/ashok/miniconda3/envs/mysecondenvironment/lib/python3.8/site-packages/airflow/example_dags/subdags/subdag.py
[2025-09-06T19:23:45.592+0545] {processor.py:927} WARNING - No viable dags retrieved from /home/ashok/miniconda3/envs/mysecondenvironment/lib/python3.8/site-packages/airflow/example_dags/subdags/subdag.py
[2025-09-06T19:23:45.599+0545] {processor.py:208} INFO - Processing /home/ashok/miniconda3/envs/mysecondenvironment/lib/python3.8/site-packages/airflow/example_dags/subdags/subdag.py took 0.019 seconds
[2025-09-06T19:24:18.019+0545] {processor.py:186} INFO - Started process (PID=38079) to work on /home/ashok/miniconda3/envs/mysecondenvironment/lib/python3.8/site-packages/airflow/example_dags/subdags/subdag.py
[2025-09-06T19:24:18.022+0545] {processor.py:914} INFO - Processing file /home/ashok/miniconda3/envs/mysecondenvironment/lib/python3.8/site-packages/airflow/example_dags/subdags/subdag.py for tasks to queue
[2025-09-06T19:24:18.024+0545] {logging_mixin.py:190} INFO - [2025-09-06T19:24:18.024+0545] {dagbag.py:588} INFO - Filling up the DagBag from /home/ashok/miniconda3/envs/mysecondenvironment/lib/python3.8/site-packages/airflow/example_dags/subdags/subdag.py
[2025-09-06T19:24:18.025+0545] {processor.py:927} WARNING - No viable dags retrieved from /home/ashok/miniconda3/envs/mysecondenvironment/lib/python3.8/site-packages/airflow/example_dags/subdags/subdag.py
[2025-09-06T19:24:18.031+0545] {processor.py:208} INFO - Processing /home/ashok/miniconda3/envs/mysecondenvironment/lib/python3.8/site-packages/airflow/example_dags/subdags/subdag.py took 0.016 seconds
[2025-09-06T19:24:59.002+0545] {processor.py:186} INFO - Started process (PID=38467) to work on /home/ashok/miniconda3/envs/mysecondenvironment/lib/python3.8/site-packages/airflow/example_dags/subdags/subdag.py
[2025-09-06T19:24:59.005+0545] {processor.py:914} INFO - Processing file /home/ashok/miniconda3/envs/mysecondenvironment/lib/python3.8/site-packages/airflow/example_dags/subdags/subdag.py for tasks to queue
[2025-09-06T19:24:59.007+0545] {logging_mixin.py:190} INFO - [2025-09-06T19:24:59.007+0545] {dagbag.py:588} INFO - Filling up the DagBag from /home/ashok/miniconda3/envs/mysecondenvironment/lib/python3.8/site-packages/airflow/example_dags/subdags/subdag.py
[2025-09-06T19:24:59.009+0545] {processor.py:927} WARNING - No viable dags retrieved from /home/ashok/miniconda3/envs/mysecondenvironment/lib/python3.8/site-packages/airflow/example_dags/subdags/subdag.py
[2025-09-06T19:24:59.018+0545] {processor.py:208} INFO - Processing /home/ashok/miniconda3/envs/mysecondenvironment/lib/python3.8/site-packages/airflow/example_dags/subdags/subdag.py took 0.021 seconds
[2025-09-06T19:25:35.377+0545] {processor.py:186} INFO - Started process (PID=38811) to work on /home/ashok/miniconda3/envs/mysecondenvironment/lib/python3.8/site-packages/airflow/example_dags/subdags/subdag.py
[2025-09-06T19:25:35.379+0545] {processor.py:914} INFO - Processing file /home/ashok/miniconda3/envs/mysecondenvironment/lib/python3.8/site-packages/airflow/example_dags/subdags/subdag.py for tasks to queue
[2025-09-06T19:25:35.381+0545] {logging_mixin.py:190} INFO - [2025-09-06T19:25:35.381+0545] {dagbag.py:588} INFO - Filling up the DagBag from /home/ashok/miniconda3/envs/mysecondenvironment/lib/python3.8/site-packages/airflow/example_dags/subdags/subdag.py
[2025-09-06T19:25:35.383+0545] {processor.py:927} WARNING - No viable dags retrieved from /home/ashok/miniconda3/envs/mysecondenvironment/lib/python3.8/site-packages/airflow/example_dags/subdags/subdag.py
[2025-09-06T19:25:35.392+0545] {processor.py:208} INFO - Processing /home/ashok/miniconda3/envs/mysecondenvironment/lib/python3.8/site-packages/airflow/example_dags/subdags/subdag.py took 0.022 seconds
[2025-09-06T19:26:36.120+0545] {processor.py:186} INFO - Started process (PID=39382) to work on /home/ashok/miniconda3/envs/mysecondenvironment/lib/python3.8/site-packages/airflow/example_dags/subdags/subdag.py
[2025-09-06T19:26:36.122+0545] {processor.py:914} INFO - Processing file /home/ashok/miniconda3/envs/mysecondenvironment/lib/python3.8/site-packages/airflow/example_dags/subdags/subdag.py for tasks to queue
[2025-09-06T19:26:36.124+0545] {logging_mixin.py:190} INFO - [2025-09-06T19:26:36.124+0545] {dagbag.py:588} INFO - Filling up the DagBag from /home/ashok/miniconda3/envs/mysecondenvironment/lib/python3.8/site-packages/airflow/example_dags/subdags/subdag.py
[2025-09-06T19:26:36.128+0545] {processor.py:927} WARNING - No viable dags retrieved from /home/ashok/miniconda3/envs/mysecondenvironment/lib/python3.8/site-packages/airflow/example_dags/subdags/subdag.py
[2025-09-06T19:26:36.137+0545] {processor.py:208} INFO - Processing /home/ashok/miniconda3/envs/mysecondenvironment/lib/python3.8/site-packages/airflow/example_dags/subdags/subdag.py took 0.021 seconds
[2025-09-06T19:27:36.586+0545] {processor.py:186} INFO - Started process (PID=39790) to work on /home/ashok/miniconda3/envs/mysecondenvironment/lib/python3.8/site-packages/airflow/example_dags/subdags/subdag.py
[2025-09-06T19:27:36.589+0545] {processor.py:914} INFO - Processing file /home/ashok/miniconda3/envs/mysecondenvironment/lib/python3.8/site-packages/airflow/example_dags/subdags/subdag.py for tasks to queue
[2025-09-06T19:27:36.591+0545] {logging_mixin.py:190} INFO - [2025-09-06T19:27:36.591+0545] {dagbag.py:588} INFO - Filling up the DagBag from /home/ashok/miniconda3/envs/mysecondenvironment/lib/python3.8/site-packages/airflow/example_dags/subdags/subdag.py
[2025-09-06T19:27:36.593+0545] {processor.py:927} WARNING - No viable dags retrieved from /home/ashok/miniconda3/envs/mysecondenvironment/lib/python3.8/site-packages/airflow/example_dags/subdags/subdag.py
[2025-09-06T19:27:36.602+0545] {processor.py:208} INFO - Processing /home/ashok/miniconda3/envs/mysecondenvironment/lib/python3.8/site-packages/airflow/example_dags/subdags/subdag.py took 0.022 seconds
[2025-09-06T19:28:36.053+0545] {processor.py:186} INFO - Started process (PID=40256) to work on /home/ashok/miniconda3/envs/mysecondenvironment/lib/python3.8/site-packages/airflow/example_dags/subdags/subdag.py
[2025-09-06T19:28:36.054+0545] {processor.py:914} INFO - Processing file /home/ashok/miniconda3/envs/mysecondenvironment/lib/python3.8/site-packages/airflow/example_dags/subdags/subdag.py for tasks to queue
[2025-09-06T19:28:36.056+0545] {logging_mixin.py:190} INFO - [2025-09-06T19:28:36.055+0545] {dagbag.py:588} INFO - Filling up the DagBag from /home/ashok/miniconda3/envs/mysecondenvironment/lib/python3.8/site-packages/airflow/example_dags/subdags/subdag.py
[2025-09-06T19:28:36.058+0545] {processor.py:927} WARNING - No viable dags retrieved from /home/ashok/miniconda3/envs/mysecondenvironment/lib/python3.8/site-packages/airflow/example_dags/subdags/subdag.py
[2025-09-06T19:28:36.063+0545] {processor.py:208} INFO - Processing /home/ashok/miniconda3/envs/mysecondenvironment/lib/python3.8/site-packages/airflow/example_dags/subdags/subdag.py took 0.015 seconds
[2025-09-06T19:29:36.252+0545] {processor.py:186} INFO - Started process (PID=40768) to work on /home/ashok/miniconda3/envs/mysecondenvironment/lib/python3.8/site-packages/airflow/example_dags/subdags/subdag.py
[2025-09-06T19:29:36.255+0545] {processor.py:914} INFO - Processing file /home/ashok/miniconda3/envs/mysecondenvironment/lib/python3.8/site-packages/airflow/example_dags/subdags/subdag.py for tasks to queue
[2025-09-06T19:29:36.257+0545] {logging_mixin.py:190} INFO - [2025-09-06T19:29:36.256+0545] {dagbag.py:588} INFO - Filling up the DagBag from /home/ashok/miniconda3/envs/mysecondenvironment/lib/python3.8/site-packages/airflow/example_dags/subdags/subdag.py
[2025-09-06T19:29:36.258+0545] {processor.py:927} WARNING - No viable dags retrieved from /home/ashok/miniconda3/envs/mysecondenvironment/lib/python3.8/site-packages/airflow/example_dags/subdags/subdag.py
[2025-09-06T19:29:36.268+0545] {processor.py:208} INFO - Processing /home/ashok/miniconda3/envs/mysecondenvironment/lib/python3.8/site-packages/airflow/example_dags/subdags/subdag.py took 0.021 seconds
[2025-09-06T19:30:35.946+0545] {processor.py:186} INFO - Started process (PID=41454) to work on /home/ashok/miniconda3/envs/mysecondenvironment/lib/python3.8/site-packages/airflow/example_dags/subdags/subdag.py
[2025-09-06T19:30:35.948+0545] {processor.py:914} INFO - Processing file /home/ashok/miniconda3/envs/mysecondenvironment/lib/python3.8/site-packages/airflow/example_dags/subdags/subdag.py for tasks to queue
[2025-09-06T19:30:35.950+0545] {logging_mixin.py:190} INFO - [2025-09-06T19:30:35.950+0545] {dagbag.py:588} INFO - Filling up the DagBag from /home/ashok/miniconda3/envs/mysecondenvironment/lib/python3.8/site-packages/airflow/example_dags/subdags/subdag.py
[2025-09-06T19:30:35.952+0545] {processor.py:927} WARNING - No viable dags retrieved from /home/ashok/miniconda3/envs/mysecondenvironment/lib/python3.8/site-packages/airflow/example_dags/subdags/subdag.py
[2025-09-06T19:30:35.960+0545] {processor.py:208} INFO - Processing /home/ashok/miniconda3/envs/mysecondenvironment/lib/python3.8/site-packages/airflow/example_dags/subdags/subdag.py took 0.019 seconds
[2025-09-06T19:31:36.660+0545] {processor.py:186} INFO - Started process (PID=42037) to work on /home/ashok/miniconda3/envs/mysecondenvironment/lib/python3.8/site-packages/airflow/example_dags/subdags/subdag.py
[2025-09-06T19:31:36.662+0545] {processor.py:914} INFO - Processing file /home/ashok/miniconda3/envs/mysecondenvironment/lib/python3.8/site-packages/airflow/example_dags/subdags/subdag.py for tasks to queue
[2025-09-06T19:31:36.664+0545] {logging_mixin.py:190} INFO - [2025-09-06T19:31:36.664+0545] {dagbag.py:588} INFO - Filling up the DagBag from /home/ashok/miniconda3/envs/mysecondenvironment/lib/python3.8/site-packages/airflow/example_dags/subdags/subdag.py
[2025-09-06T19:31:36.666+0545] {processor.py:927} WARNING - No viable dags retrieved from /home/ashok/miniconda3/envs/mysecondenvironment/lib/python3.8/site-packages/airflow/example_dags/subdags/subdag.py
[2025-09-06T19:31:36.674+0545] {processor.py:208} INFO - Processing /home/ashok/miniconda3/envs/mysecondenvironment/lib/python3.8/site-packages/airflow/example_dags/subdags/subdag.py took 0.020 seconds
[2025-09-06T19:32:37.011+0545] {processor.py:186} INFO - Started process (PID=42426) to work on /home/ashok/miniconda3/envs/mysecondenvironment/lib/python3.8/site-packages/airflow/example_dags/subdags/subdag.py
[2025-09-06T19:32:37.013+0545] {processor.py:914} INFO - Processing file /home/ashok/miniconda3/envs/mysecondenvironment/lib/python3.8/site-packages/airflow/example_dags/subdags/subdag.py for tasks to queue
[2025-09-06T19:32:37.016+0545] {logging_mixin.py:190} INFO - [2025-09-06T19:32:37.016+0545] {dagbag.py:588} INFO - Filling up the DagBag from /home/ashok/miniconda3/envs/mysecondenvironment/lib/python3.8/site-packages/airflow/example_dags/subdags/subdag.py
[2025-09-06T19:32:37.019+0545] {processor.py:927} WARNING - No viable dags retrieved from /home/ashok/miniconda3/envs/mysecondenvironment/lib/python3.8/site-packages/airflow/example_dags/subdags/subdag.py
[2025-09-06T19:32:37.030+0545] {processor.py:208} INFO - Processing /home/ashok/miniconda3/envs/mysecondenvironment/lib/python3.8/site-packages/airflow/example_dags/subdags/subdag.py took 0.027 seconds
[2025-09-06T19:33:37.112+0545] {processor.py:186} INFO - Started process (PID=42826) to work on /home/ashok/miniconda3/envs/mysecondenvironment/lib/python3.8/site-packages/airflow/example_dags/subdags/subdag.py
[2025-09-06T19:33:37.116+0545] {processor.py:914} INFO - Processing file /home/ashok/miniconda3/envs/mysecondenvironment/lib/python3.8/site-packages/airflow/example_dags/subdags/subdag.py for tasks to queue
[2025-09-06T19:33:37.118+0545] {logging_mixin.py:190} INFO - [2025-09-06T19:33:37.118+0545] {dagbag.py:588} INFO - Filling up the DagBag from /home/ashok/miniconda3/envs/mysecondenvironment/lib/python3.8/site-packages/airflow/example_dags/subdags/subdag.py
[2025-09-06T19:33:37.121+0545] {processor.py:927} WARNING - No viable dags retrieved from /home/ashok/miniconda3/envs/mysecondenvironment/lib/python3.8/site-packages/airflow/example_dags/subdags/subdag.py
[2025-09-06T19:33:37.131+0545] {processor.py:208} INFO - Processing /home/ashok/miniconda3/envs/mysecondenvironment/lib/python3.8/site-packages/airflow/example_dags/subdags/subdag.py took 0.024 seconds
[2025-09-06T19:34:36.502+0545] {processor.py:186} INFO - Started process (PID=43249) to work on /home/ashok/miniconda3/envs/mysecondenvironment/lib/python3.8/site-packages/airflow/example_dags/subdags/subdag.py
[2025-09-06T19:34:36.504+0545] {processor.py:914} INFO - Processing file /home/ashok/miniconda3/envs/mysecondenvironment/lib/python3.8/site-packages/airflow/example_dags/subdags/subdag.py for tasks to queue
[2025-09-06T19:34:36.506+0545] {logging_mixin.py:190} INFO - [2025-09-06T19:34:36.506+0545] {dagbag.py:588} INFO - Filling up the DagBag from /home/ashok/miniconda3/envs/mysecondenvironment/lib/python3.8/site-packages/airflow/example_dags/subdags/subdag.py
[2025-09-06T19:34:36.508+0545] {processor.py:927} WARNING - No viable dags retrieved from /home/ashok/miniconda3/envs/mysecondenvironment/lib/python3.8/site-packages/airflow/example_dags/subdags/subdag.py
[2025-09-06T19:34:36.517+0545] {processor.py:208} INFO - Processing /home/ashok/miniconda3/envs/mysecondenvironment/lib/python3.8/site-packages/airflow/example_dags/subdags/subdag.py took 0.020 seconds
[2025-09-06T19:35:39.933+0545] {processor.py:186} INFO - Started process (PID=43767) to work on /home/ashok/miniconda3/envs/mysecondenvironment/lib/python3.8/site-packages/airflow/example_dags/subdags/subdag.py
[2025-09-06T19:35:39.936+0545] {processor.py:914} INFO - Processing file /home/ashok/miniconda3/envs/mysecondenvironment/lib/python3.8/site-packages/airflow/example_dags/subdags/subdag.py for tasks to queue
[2025-09-06T19:35:39.938+0545] {logging_mixin.py:190} INFO - [2025-09-06T19:35:39.938+0545] {dagbag.py:588} INFO - Filling up the DagBag from /home/ashok/miniconda3/envs/mysecondenvironment/lib/python3.8/site-packages/airflow/example_dags/subdags/subdag.py
[2025-09-06T19:35:39.940+0545] {processor.py:927} WARNING - No viable dags retrieved from /home/ashok/miniconda3/envs/mysecondenvironment/lib/python3.8/site-packages/airflow/example_dags/subdags/subdag.py
[2025-09-06T19:35:39.950+0545] {processor.py:208} INFO - Processing /home/ashok/miniconda3/envs/mysecondenvironment/lib/python3.8/site-packages/airflow/example_dags/subdags/subdag.py took 0.023 seconds
[2025-09-06T19:36:38.783+0545] {processor.py:186} INFO - Started process (PID=44274) to work on /home/ashok/miniconda3/envs/mysecondenvironment/lib/python3.8/site-packages/airflow/example_dags/subdags/subdag.py
[2025-09-06T19:36:38.785+0545] {processor.py:914} INFO - Processing file /home/ashok/miniconda3/envs/mysecondenvironment/lib/python3.8/site-packages/airflow/example_dags/subdags/subdag.py for tasks to queue
[2025-09-06T19:36:38.787+0545] {logging_mixin.py:190} INFO - [2025-09-06T19:36:38.786+0545] {dagbag.py:588} INFO - Filling up the DagBag from /home/ashok/miniconda3/envs/mysecondenvironment/lib/python3.8/site-packages/airflow/example_dags/subdags/subdag.py
[2025-09-06T19:36:38.789+0545] {processor.py:927} WARNING - No viable dags retrieved from /home/ashok/miniconda3/envs/mysecondenvironment/lib/python3.8/site-packages/airflow/example_dags/subdags/subdag.py
[2025-09-06T19:36:38.797+0545] {processor.py:208} INFO - Processing /home/ashok/miniconda3/envs/mysecondenvironment/lib/python3.8/site-packages/airflow/example_dags/subdags/subdag.py took 0.019 seconds
[2025-09-06T19:37:39.489+0545] {processor.py:186} INFO - Started process (PID=44683) to work on /home/ashok/miniconda3/envs/mysecondenvironment/lib/python3.8/site-packages/airflow/example_dags/subdags/subdag.py
[2025-09-06T19:37:39.490+0545] {processor.py:914} INFO - Processing file /home/ashok/miniconda3/envs/mysecondenvironment/lib/python3.8/site-packages/airflow/example_dags/subdags/subdag.py for tasks to queue
[2025-09-06T19:37:39.492+0545] {logging_mixin.py:190} INFO - [2025-09-06T19:37:39.492+0545] {dagbag.py:588} INFO - Filling up the DagBag from /home/ashok/miniconda3/envs/mysecondenvironment/lib/python3.8/site-packages/airflow/example_dags/subdags/subdag.py
[2025-09-06T19:37:39.494+0545] {processor.py:927} WARNING - No viable dags retrieved from /home/ashok/miniconda3/envs/mysecondenvironment/lib/python3.8/site-packages/airflow/example_dags/subdags/subdag.py
[2025-09-06T19:37:39.502+0545] {processor.py:208} INFO - Processing /home/ashok/miniconda3/envs/mysecondenvironment/lib/python3.8/site-packages/airflow/example_dags/subdags/subdag.py took 0.019 seconds
[2025-09-06T19:38:39.484+0545] {processor.py:186} INFO - Started process (PID=45104) to work on /home/ashok/miniconda3/envs/mysecondenvironment/lib/python3.8/site-packages/airflow/example_dags/subdags/subdag.py
[2025-09-06T19:38:39.486+0545] {processor.py:914} INFO - Processing file /home/ashok/miniconda3/envs/mysecondenvironment/lib/python3.8/site-packages/airflow/example_dags/subdags/subdag.py for tasks to queue
[2025-09-06T19:38:39.488+0545] {logging_mixin.py:190} INFO - [2025-09-06T19:38:39.488+0545] {dagbag.py:588} INFO - Filling up the DagBag from /home/ashok/miniconda3/envs/mysecondenvironment/lib/python3.8/site-packages/airflow/example_dags/subdags/subdag.py
[2025-09-06T19:38:39.490+0545] {processor.py:927} WARNING - No viable dags retrieved from /home/ashok/miniconda3/envs/mysecondenvironment/lib/python3.8/site-packages/airflow/example_dags/subdags/subdag.py
[2025-09-06T19:38:39.498+0545] {processor.py:208} INFO - Processing /home/ashok/miniconda3/envs/mysecondenvironment/lib/python3.8/site-packages/airflow/example_dags/subdags/subdag.py took 0.020 seconds
[2025-09-06T19:39:38.613+0545] {processor.py:186} INFO - Started process (PID=45495) to work on /home/ashok/miniconda3/envs/mysecondenvironment/lib/python3.8/site-packages/airflow/example_dags/subdags/subdag.py
[2025-09-06T19:39:38.615+0545] {processor.py:914} INFO - Processing file /home/ashok/miniconda3/envs/mysecondenvironment/lib/python3.8/site-packages/airflow/example_dags/subdags/subdag.py for tasks to queue
[2025-09-06T19:39:38.617+0545] {logging_mixin.py:190} INFO - [2025-09-06T19:39:38.617+0545] {dagbag.py:588} INFO - Filling up the DagBag from /home/ashok/miniconda3/envs/mysecondenvironment/lib/python3.8/site-packages/airflow/example_dags/subdags/subdag.py
[2025-09-06T19:39:38.620+0545] {processor.py:927} WARNING - No viable dags retrieved from /home/ashok/miniconda3/envs/mysecondenvironment/lib/python3.8/site-packages/airflow/example_dags/subdags/subdag.py
[2025-09-06T19:39:38.630+0545] {processor.py:208} INFO - Processing /home/ashok/miniconda3/envs/mysecondenvironment/lib/python3.8/site-packages/airflow/example_dags/subdags/subdag.py took 0.025 seconds
[2025-09-06T19:40:37.135+0545] {processor.py:186} INFO - Started process (PID=45881) to work on /home/ashok/miniconda3/envs/mysecondenvironment/lib/python3.8/site-packages/airflow/example_dags/subdags/subdag.py
[2025-09-06T19:40:37.138+0545] {processor.py:914} INFO - Processing file /home/ashok/miniconda3/envs/mysecondenvironment/lib/python3.8/site-packages/airflow/example_dags/subdags/subdag.py for tasks to queue
[2025-09-06T19:40:37.142+0545] {logging_mixin.py:190} INFO - [2025-09-06T19:40:37.142+0545] {dagbag.py:588} INFO - Filling up the DagBag from /home/ashok/miniconda3/envs/mysecondenvironment/lib/python3.8/site-packages/airflow/example_dags/subdags/subdag.py
[2025-09-06T19:40:37.148+0545] {processor.py:927} WARNING - No viable dags retrieved from /home/ashok/miniconda3/envs/mysecondenvironment/lib/python3.8/site-packages/airflow/example_dags/subdags/subdag.py
[2025-09-06T19:40:37.166+0545] {processor.py:208} INFO - Processing /home/ashok/miniconda3/envs/mysecondenvironment/lib/python3.8/site-packages/airflow/example_dags/subdags/subdag.py took 0.041 seconds
[2025-09-06T19:41:38.453+0545] {processor.py:186} INFO - Started process (PID=46437) to work on /home/ashok/miniconda3/envs/mysecondenvironment/lib/python3.8/site-packages/airflow/example_dags/subdags/subdag.py
[2025-09-06T19:41:38.455+0545] {processor.py:914} INFO - Processing file /home/ashok/miniconda3/envs/mysecondenvironment/lib/python3.8/site-packages/airflow/example_dags/subdags/subdag.py for tasks to queue
[2025-09-06T19:41:38.458+0545] {logging_mixin.py:190} INFO - [2025-09-06T19:41:38.457+0545] {dagbag.py:588} INFO - Filling up the DagBag from /home/ashok/miniconda3/envs/mysecondenvironment/lib/python3.8/site-packages/airflow/example_dags/subdags/subdag.py
[2025-09-06T19:41:38.461+0545] {processor.py:927} WARNING - No viable dags retrieved from /home/ashok/miniconda3/envs/mysecondenvironment/lib/python3.8/site-packages/airflow/example_dags/subdags/subdag.py
[2025-09-06T19:41:38.472+0545] {processor.py:208} INFO - Processing /home/ashok/miniconda3/envs/mysecondenvironment/lib/python3.8/site-packages/airflow/example_dags/subdags/subdag.py took 0.027 seconds
[2025-09-06T19:42:38.246+0545] {processor.py:186} INFO - Started process (PID=47120) to work on /home/ashok/miniconda3/envs/mysecondenvironment/lib/python3.8/site-packages/airflow/example_dags/subdags/subdag.py
[2025-09-06T19:42:38.249+0545] {processor.py:914} INFO - Processing file /home/ashok/miniconda3/envs/mysecondenvironment/lib/python3.8/site-packages/airflow/example_dags/subdags/subdag.py for tasks to queue
[2025-09-06T19:42:38.252+0545] {logging_mixin.py:190} INFO - [2025-09-06T19:42:38.251+0545] {dagbag.py:588} INFO - Filling up the DagBag from /home/ashok/miniconda3/envs/mysecondenvironment/lib/python3.8/site-packages/airflow/example_dags/subdags/subdag.py
[2025-09-06T19:42:38.255+0545] {processor.py:927} WARNING - No viable dags retrieved from /home/ashok/miniconda3/envs/mysecondenvironment/lib/python3.8/site-packages/airflow/example_dags/subdags/subdag.py
[2025-09-06T19:42:38.267+0545] {processor.py:208} INFO - Processing /home/ashok/miniconda3/envs/mysecondenvironment/lib/python3.8/site-packages/airflow/example_dags/subdags/subdag.py took 0.031 seconds
[2025-09-06T19:43:38.551+0545] {processor.py:186} INFO - Started process (PID=47711) to work on /home/ashok/miniconda3/envs/mysecondenvironment/lib/python3.8/site-packages/airflow/example_dags/subdags/subdag.py
[2025-09-06T19:43:38.554+0545] {processor.py:914} INFO - Processing file /home/ashok/miniconda3/envs/mysecondenvironment/lib/python3.8/site-packages/airflow/example_dags/subdags/subdag.py for tasks to queue
[2025-09-06T19:43:38.557+0545] {logging_mixin.py:190} INFO - [2025-09-06T19:43:38.556+0545] {dagbag.py:588} INFO - Filling up the DagBag from /home/ashok/miniconda3/envs/mysecondenvironment/lib/python3.8/site-packages/airflow/example_dags/subdags/subdag.py
[2025-09-06T19:43:38.560+0545] {processor.py:927} WARNING - No viable dags retrieved from /home/ashok/miniconda3/envs/mysecondenvironment/lib/python3.8/site-packages/airflow/example_dags/subdags/subdag.py
[2025-09-06T19:43:38.574+0545] {processor.py:208} INFO - Processing /home/ashok/miniconda3/envs/mysecondenvironment/lib/python3.8/site-packages/airflow/example_dags/subdags/subdag.py took 0.032 seconds
[2025-09-06T19:44:12.126+0545] {processor.py:186} INFO - Started process (PID=48071) to work on /home/ashok/miniconda3/envs/mysecondenvironment/lib/python3.8/site-packages/airflow/example_dags/subdags/subdag.py
[2025-09-06T19:44:12.128+0545] {processor.py:914} INFO - Processing file /home/ashok/miniconda3/envs/mysecondenvironment/lib/python3.8/site-packages/airflow/example_dags/subdags/subdag.py for tasks to queue
[2025-09-06T19:44:12.131+0545] {logging_mixin.py:190} INFO - [2025-09-06T19:44:12.130+0545] {dagbag.py:588} INFO - Filling up the DagBag from /home/ashok/miniconda3/envs/mysecondenvironment/lib/python3.8/site-packages/airflow/example_dags/subdags/subdag.py
[2025-09-06T19:44:12.134+0545] {processor.py:927} WARNING - No viable dags retrieved from /home/ashok/miniconda3/envs/mysecondenvironment/lib/python3.8/site-packages/airflow/example_dags/subdags/subdag.py
[2025-09-06T19:44:12.145+0545] {processor.py:208} INFO - Processing /home/ashok/miniconda3/envs/mysecondenvironment/lib/python3.8/site-packages/airflow/example_dags/subdags/subdag.py took 0.027 seconds
[2025-09-06T19:45:10.990+0545] {processor.py:186} INFO - Started process (PID=48586) to work on /home/ashok/miniconda3/envs/mysecondenvironment/lib/python3.8/site-packages/airflow/example_dags/subdags/subdag.py
[2025-09-06T19:45:10.993+0545] {processor.py:914} INFO - Processing file /home/ashok/miniconda3/envs/mysecondenvironment/lib/python3.8/site-packages/airflow/example_dags/subdags/subdag.py for tasks to queue
[2025-09-06T19:45:10.995+0545] {logging_mixin.py:190} INFO - [2025-09-06T19:45:10.995+0545] {dagbag.py:588} INFO - Filling up the DagBag from /home/ashok/miniconda3/envs/mysecondenvironment/lib/python3.8/site-packages/airflow/example_dags/subdags/subdag.py
[2025-09-06T19:45:10.997+0545] {processor.py:927} WARNING - No viable dags retrieved from /home/ashok/miniconda3/envs/mysecondenvironment/lib/python3.8/site-packages/airflow/example_dags/subdags/subdag.py
[2025-09-06T19:45:11.006+0545] {processor.py:208} INFO - Processing /home/ashok/miniconda3/envs/mysecondenvironment/lib/python3.8/site-packages/airflow/example_dags/subdags/subdag.py took 0.021 seconds
[2025-09-06T19:46:11.834+0545] {processor.py:186} INFO - Started process (PID=49106) to work on /home/ashok/miniconda3/envs/mysecondenvironment/lib/python3.8/site-packages/airflow/example_dags/subdags/subdag.py
[2025-09-06T19:46:11.836+0545] {processor.py:914} INFO - Processing file /home/ashok/miniconda3/envs/mysecondenvironment/lib/python3.8/site-packages/airflow/example_dags/subdags/subdag.py for tasks to queue
[2025-09-06T19:46:11.838+0545] {logging_mixin.py:190} INFO - [2025-09-06T19:46:11.837+0545] {dagbag.py:588} INFO - Filling up the DagBag from /home/ashok/miniconda3/envs/mysecondenvironment/lib/python3.8/site-packages/airflow/example_dags/subdags/subdag.py
[2025-09-06T19:46:11.839+0545] {processor.py:927} WARNING - No viable dags retrieved from /home/ashok/miniconda3/envs/mysecondenvironment/lib/python3.8/site-packages/airflow/example_dags/subdags/subdag.py
[2025-09-06T19:46:11.845+0545] {processor.py:208} INFO - Processing /home/ashok/miniconda3/envs/mysecondenvironment/lib/python3.8/site-packages/airflow/example_dags/subdags/subdag.py took 0.015 seconds
[2025-09-06T19:47:12.431+0545] {processor.py:186} INFO - Started process (PID=49710) to work on /home/ashok/miniconda3/envs/mysecondenvironment/lib/python3.8/site-packages/airflow/example_dags/subdags/subdag.py
[2025-09-06T19:47:12.433+0545] {processor.py:914} INFO - Processing file /home/ashok/miniconda3/envs/mysecondenvironment/lib/python3.8/site-packages/airflow/example_dags/subdags/subdag.py for tasks to queue
[2025-09-06T19:47:12.436+0545] {logging_mixin.py:190} INFO - [2025-09-06T19:47:12.435+0545] {dagbag.py:588} INFO - Filling up the DagBag from /home/ashok/miniconda3/envs/mysecondenvironment/lib/python3.8/site-packages/airflow/example_dags/subdags/subdag.py
[2025-09-06T19:47:12.438+0545] {processor.py:927} WARNING - No viable dags retrieved from /home/ashok/miniconda3/envs/mysecondenvironment/lib/python3.8/site-packages/airflow/example_dags/subdags/subdag.py
[2025-09-06T19:47:12.447+0545] {processor.py:208} INFO - Processing /home/ashok/miniconda3/envs/mysecondenvironment/lib/python3.8/site-packages/airflow/example_dags/subdags/subdag.py took 0.022 seconds
[2025-09-06T19:48:12.898+0545] {processor.py:186} INFO - Started process (PID=50101) to work on /home/ashok/miniconda3/envs/mysecondenvironment/lib/python3.8/site-packages/airflow/example_dags/subdags/subdag.py
[2025-09-06T19:48:12.900+0545] {processor.py:914} INFO - Processing file /home/ashok/miniconda3/envs/mysecondenvironment/lib/python3.8/site-packages/airflow/example_dags/subdags/subdag.py for tasks to queue
[2025-09-06T19:48:12.902+0545] {logging_mixin.py:190} INFO - [2025-09-06T19:48:12.902+0545] {dagbag.py:588} INFO - Filling up the DagBag from /home/ashok/miniconda3/envs/mysecondenvironment/lib/python3.8/site-packages/airflow/example_dags/subdags/subdag.py
[2025-09-06T19:48:12.904+0545] {processor.py:927} WARNING - No viable dags retrieved from /home/ashok/miniconda3/envs/mysecondenvironment/lib/python3.8/site-packages/airflow/example_dags/subdags/subdag.py
[2025-09-06T19:48:12.912+0545] {processor.py:208} INFO - Processing /home/ashok/miniconda3/envs/mysecondenvironment/lib/python3.8/site-packages/airflow/example_dags/subdags/subdag.py took 0.020 seconds
