[2025-09-14T09:33:14.333+0545] {local_task_job_runner.py:123} INFO - ::group::Pre task execution logs
[2025-09-14T09:33:14.340+0545] {taskinstance.py:2614} INFO - Dependencies all met for dep_context=non-requeueable deps ti=<TaskInstance: mlops_diabetes_pipeline.concept_drift manual__2025-09-14T03:44:34.796055+00:00 [queued]>
[2025-09-14T09:33:14.344+0545] {taskinstance.py:2614} INFO - Dependencies all met for dep_context=requeueable deps ti=<TaskInstance: mlops_diabetes_pipeline.concept_drift manual__2025-09-14T03:44:34.796055+00:00 [queued]>
[2025-09-14T09:33:14.345+0545] {taskinstance.py:2867} INFO - Starting attempt 1 of 1
[2025-09-14T09:33:14.358+0545] {taskinstance.py:2890} INFO - Executing <Task(PythonOperator): concept_drift> on 2025-09-14 03:44:34.796055+00:00
[2025-09-14T09:33:14.367+0545] {standard_task_runner.py:72} INFO - Started process 29236 to run task
[2025-09-14T09:33:14.370+0545] {standard_task_runner.py:104} INFO - Running: ['airflow', 'tasks', 'run', 'mlops_diabetes_pipeline', 'concept_drift', 'manual__2025-09-14T03:44:34.796055+00:00', '--job-id', '648', '--raw', '--subdir', 'DAGS_FOLDER/mlops_diabetes_pipeline.py', '--cfg-path', '/tmp/tmpeo45x7d6']
[2025-09-14T09:33:14.371+0545] {standard_task_runner.py:105} INFO - Job 648: Subtask concept_drift
[2025-09-14T09:33:14.396+0545] {task_command.py:467} INFO - Running <TaskInstance: mlops_diabetes_pipeline.concept_drift manual__2025-09-14T03:44:34.796055+00:00 [running]> on host ashok-Nitro-ANV16-41
[2025-09-14T09:33:14.440+0545] {taskinstance.py:3134} INFO - Exporting env vars: AIRFLOW_CTX_DAG_OWNER='airflow' AIRFLOW_CTX_DAG_ID='mlops_diabetes_pipeline' AIRFLOW_CTX_TASK_ID='concept_drift' AIRFLOW_CTX_EXECUTION_DATE='2025-09-14T03:44:34.796055+00:00' AIRFLOW_CTX_TRY_NUMBER='1' AIRFLOW_CTX_DAG_RUN_ID='manual__2025-09-14T03:44:34.796055+00:00'
[2025-09-14T09:33:14.441+0545] {logging_mixin.py:190} INFO - Task instance is in running state
[2025-09-14T09:33:14.442+0545] {logging_mixin.py:190} INFO -  Previous state of the Task instance: queued
[2025-09-14T09:33:14.442+0545] {logging_mixin.py:190} INFO - Current task name:concept_drift state:running start_date:2025-09-14 03:48:14.340953+00:00
[2025-09-14T09:33:14.442+0545] {logging_mixin.py:190} INFO - Dag name:mlops_diabetes_pipeline and current dag run status:running
[2025-09-14T09:33:14.442+0545] {taskinstance.py:732} INFO - ::endgroup::
[2025-09-14T09:33:16.084+0545] {logging_mixin.py:190} INFO - Concept drift report saved at /home/ashok/mlops_project/reports/evidently/concept_drift/concept_drift_report_20250914_093316.html
[2025-09-14T09:33:16.085+0545] {python.py:240} INFO - Done. Returned value was: /home/ashok/mlops_project/reports/evidently/concept_drift/concept_drift_report_20250914_093316.html
[2025-09-14T09:33:16.100+0545] {taskinstance.py:341} INFO - ::group::Post task execution logs
[2025-09-14T09:33:16.100+0545] {taskinstance.py:353} INFO - Marking task as SUCCESS. dag_id=mlops_diabetes_pipeline, task_id=concept_drift, run_id=manual__2025-09-14T03:44:34.796055+00:00, execution_date=20250914T034434, start_date=20250914T034814, end_date=20250914T034816
[2025-09-14T09:33:16.121+0545] {logging_mixin.py:190} INFO - Task instance in success state
[2025-09-14T09:33:16.122+0545] {logging_mixin.py:190} INFO -  Previous state of the Task instance: running
[2025-09-14T09:33:16.122+0545] {logging_mixin.py:190} INFO - Dag name:mlops_diabetes_pipeline queued_at:2025-09-14 03:44:34.802894+00:00
[2025-09-14T09:33:16.122+0545] {logging_mixin.py:190} INFO - Task hostname:ashok-Nitro-ANV16-41 operator:PythonOperator
[2025-09-14T09:33:16.187+0545] {local_task_job_runner.py:266} INFO - Task exited with return code 0
[2025-09-14T09:33:16.198+0545] {taskinstance.py:3901} INFO - 0 downstream tasks scheduled from follow-on schedule check
[2025-09-14T09:33:16.199+0545] {local_task_job_runner.py:245} INFO - ::endgroup::
