[2025-09-21T08:36:54.966+0545] {local_task_job_runner.py:123} INFO - ::group::Pre task execution logs
[2025-09-21T08:36:54.971+0545] {taskinstance.py:2614} INFO - Dependencies all met for dep_context=non-requeueable deps ti=<TaskInstance: mlops_diabetes_pipeline.train_initial_model manual__2025-09-21T02:50:49.316547+00:00 [queued]>
[2025-09-21T08:36:54.974+0545] {taskinstance.py:2614} INFO - Dependencies all met for dep_context=requeueable deps ti=<TaskInstance: mlops_diabetes_pipeline.train_initial_model manual__2025-09-21T02:50:49.316547+00:00 [queued]>
[2025-09-21T08:36:54.974+0545] {taskinstance.py:2867} INFO - Starting attempt 1 of 2
[2025-09-21T08:36:54.985+0545] {taskinstance.py:2890} INFO - Executing <Task(PythonOperator): train_initial_model> on 2025-09-21 02:50:49.316547+00:00
[2025-09-21T08:36:54.994+0545] {standard_task_runner.py:72} INFO - Started process 23602 to run task
[2025-09-21T08:36:54.996+0545] {standard_task_runner.py:104} INFO - Running: ['airflow', 'tasks', 'run', 'mlops_diabetes_pipeline', 'train_initial_model', 'manual__2025-09-21T02:50:49.316547+00:00', '--job-id', '690', '--raw', '--subdir', 'DAGS_FOLDER/mlops_diabetes_pipeline.py', '--cfg-path', '/tmp/tmpzyesyyal']
[2025-09-21T08:36:54.997+0545] {standard_task_runner.py:105} INFO - Job 690: Subtask train_initial_model
[2025-09-21T08:36:55.021+0545] {task_command.py:467} INFO - Running <TaskInstance: mlops_diabetes_pipeline.train_initial_model manual__2025-09-21T02:50:49.316547+00:00 [running]> on host ashok-Nitro-ANV16-41
[2025-09-21T08:36:55.058+0545] {taskinstance.py:3134} INFO - Exporting env vars: AIRFLOW_CTX_DAG_EMAIL='koiralaashok02@gmail.com' AIRFLOW_CTX_DAG_OWNER='airflow' AIRFLOW_CTX_DAG_ID='mlops_diabetes_pipeline' AIRFLOW_CTX_TASK_ID='train_initial_model' AIRFLOW_CTX_EXECUTION_DATE='2025-09-21T02:50:49.316547+00:00' AIRFLOW_CTX_TRY_NUMBER='1' AIRFLOW_CTX_DAG_RUN_ID='manual__2025-09-21T02:50:49.316547+00:00'
[2025-09-21T08:36:55.059+0545] {logging_mixin.py:190} INFO - Task instance is in running state
[2025-09-21T08:36:55.059+0545] {logging_mixin.py:190} INFO -  Previous state of the Task instance: queued
[2025-09-21T08:36:55.060+0545] {logging_mixin.py:190} INFO - Current task name:train_initial_model state:running start_date:2025-09-21 02:51:54.971343+00:00
[2025-09-21T08:36:55.060+0545] {logging_mixin.py:190} INFO - Dag name:mlops_diabetes_pipeline and current dag run status:running
[2025-09-21T08:36:55.060+0545] {taskinstance.py:732} INFO - ::endgroup::
[2025-09-21T08:36:55.762+0545] {logging_mixin.py:190} INFO -  Baseline trained. Acc=0.741, F1=0.740
[2025-09-21T08:36:55.763+0545] {python.py:240} INFO - Done. Returned value was: {'accuracy': 0.7410222994497538, 'f1_macro': 0.7400307671284192, 'model_path': '/home/ashok/mlops_project/models/xgb_model_baseline.pkl'}
[2025-09-21T08:36:55.776+0545] {taskinstance.py:341} INFO - ::group::Post task execution logs
[2025-09-21T08:36:55.777+0545] {taskinstance.py:353} INFO - Marking task as SUCCESS. dag_id=mlops_diabetes_pipeline, task_id=train_initial_model, run_id=manual__2025-09-21T02:50:49.316547+00:00, execution_date=20250921T025049, start_date=20250921T025154, end_date=20250921T025155
[2025-09-21T08:36:55.794+0545] {logging_mixin.py:190} INFO - Task instance in success state
[2025-09-21T08:36:55.794+0545] {logging_mixin.py:190} INFO -  Previous state of the Task instance: running
[2025-09-21T08:36:55.795+0545] {logging_mixin.py:190} INFO - Dag name:mlops_diabetes_pipeline queued_at:2025-09-21 02:50:49.323742+00:00
[2025-09-21T08:36:55.795+0545] {logging_mixin.py:190} INFO - Task hostname:ashok-Nitro-ANV16-41 operator:PythonOperator
[2025-09-21T08:36:55.811+0545] {local_task_job_runner.py:266} INFO - Task exited with return code 0
[2025-09-21T08:36:55.822+0545] {taskinstance.py:3901} INFO - 1 downstream tasks scheduled from follow-on schedule check
[2025-09-21T08:36:55.828+0545] {local_task_job_runner.py:245} INFO - ::endgroup::
