[2025-09-01T17:22:32.858+0545] {processor.py:186} INFO - Started process (PID=80771) to work on /home/ashok/miniconda3/envs/mysecondenvironment/lib/python3.8/site-packages/airflow/example_dags/example_workday_timetable.py
[2025-09-01T17:22:32.859+0545] {processor.py:914} INFO - Processing file /home/ashok/miniconda3/envs/mysecondenvironment/lib/python3.8/site-packages/airflow/example_dags/example_workday_timetable.py for tasks to queue
[2025-09-01T17:22:32.861+0545] {logging_mixin.py:190} INFO - [2025-09-01T17:22:32.861+0545] {dagbag.py:588} INFO - Filling up the DagBag from /home/ashok/miniconda3/envs/mysecondenvironment/lib/python3.8/site-packages/airflow/example_dags/example_workday_timetable.py
[2025-09-01T17:22:32.866+0545] {processor.py:925} INFO - DAG(s) 'example_workday_timetable' retrieved from /home/ashok/miniconda3/envs/mysecondenvironment/lib/python3.8/site-packages/airflow/example_dags/example_workday_timetable.py
[2025-09-01T17:22:32.931+0545] {logging_mixin.py:190} INFO - [2025-09-01T17:22:32.931+0545] {override.py:1901} INFO - Created Permission View: can read on DAG:example_workday_timetable
[2025-09-01T17:22:32.944+0545] {logging_mixin.py:190} INFO - [2025-09-01T17:22:32.944+0545] {override.py:1901} INFO - Created Permission View: can delete on DAG:example_workday_timetable
[2025-09-01T17:22:32.954+0545] {logging_mixin.py:190} INFO - [2025-09-01T17:22:32.953+0545] {override.py:1901} INFO - Created Permission View: can edit on DAG:example_workday_timetable
[2025-09-01T17:22:32.971+0545] {logging_mixin.py:190} INFO - [2025-09-01T17:22:32.971+0545] {override.py:1901} INFO - Created Permission View: menu access on DAG Run:example_workday_timetable
[2025-09-01T17:22:32.981+0545] {logging_mixin.py:190} INFO - [2025-09-01T17:22:32.981+0545] {override.py:1901} INFO - Created Permission View: can read on DAG Run:example_workday_timetable
[2025-09-01T17:22:32.991+0545] {logging_mixin.py:190} INFO - [2025-09-01T17:22:32.991+0545] {override.py:1901} INFO - Created Permission View: can delete on DAG Run:example_workday_timetable
[2025-09-01T17:22:33.001+0545] {logging_mixin.py:190} INFO - [2025-09-01T17:22:33.000+0545] {override.py:1901} INFO - Created Permission View: can create on DAG Run:example_workday_timetable
[2025-09-01T17:22:33.001+0545] {logging_mixin.py:190} INFO - [2025-09-01T17:22:33.001+0545] {dag.py:3239} INFO - Sync 1 DAGs
[2025-09-01T17:22:33.009+0545] {logging_mixin.py:190} INFO - [2025-09-01T17:22:33.008+0545] {dag.py:3262} INFO - Creating ORM DAG for example_workday_timetable
[2025-09-01T17:22:33.033+0545] {logging_mixin.py:190} INFO - [2025-09-01T17:22:33.033+0545] {dag.py:4180} INFO - Setting next_dagrun for example_workday_timetable to 2021-01-04 00:00:00+00:00, run_after=2021-01-05 00:00:00+00:00
[2025-09-01T17:22:33.146+0545] {processor.py:208} INFO - Processing /home/ashok/miniconda3/envs/mysecondenvironment/lib/python3.8/site-packages/airflow/example_dags/example_workday_timetable.py took 0.292 seconds
[2025-09-01T20:39:33.568+0545] {processor.py:186} INFO - Started process (PID=150192) to work on /home/ashok/miniconda3/envs/mysecondenvironment/lib/python3.8/site-packages/airflow/example_dags/example_workday_timetable.py
[2025-09-01T20:39:33.570+0545] {processor.py:914} INFO - Processing file /home/ashok/miniconda3/envs/mysecondenvironment/lib/python3.8/site-packages/airflow/example_dags/example_workday_timetable.py for tasks to queue
[2025-09-01T20:39:33.573+0545] {logging_mixin.py:190} INFO - [2025-09-01T20:39:33.573+0545] {dagbag.py:588} INFO - Filling up the DagBag from /home/ashok/miniconda3/envs/mysecondenvironment/lib/python3.8/site-packages/airflow/example_dags/example_workday_timetable.py
[2025-09-01T20:39:33.581+0545] {processor.py:925} INFO - DAG(s) 'example_workday_timetable' retrieved from /home/ashok/miniconda3/envs/mysecondenvironment/lib/python3.8/site-packages/airflow/example_dags/example_workday_timetable.py
[2025-09-01T20:39:33.613+0545] {logging_mixin.py:190} INFO - [2025-09-01T20:39:33.613+0545] {dag.py:3239} INFO - Sync 1 DAGs
[2025-09-01T20:39:33.682+0545] {logging_mixin.py:190} INFO - [2025-09-01T20:39:33.682+0545] {dag.py:4180} INFO - Setting next_dagrun for example_workday_timetable to 2021-01-04 00:00:00+00:00, run_after=2021-01-05 00:00:00+00:00
[2025-09-01T20:39:33.711+0545] {processor.py:208} INFO - Processing /home/ashok/miniconda3/envs/mysecondenvironment/lib/python3.8/site-packages/airflow/example_dags/example_workday_timetable.py took 0.151 seconds
[2025-09-01T20:40:45.316+0545] {processor.py:186} INFO - Started process (PID=151169) to work on /home/ashok/miniconda3/envs/mysecondenvironment/lib/python3.8/site-packages/airflow/example_dags/example_workday_timetable.py
[2025-09-01T20:40:45.318+0545] {processor.py:914} INFO - Processing file /home/ashok/miniconda3/envs/mysecondenvironment/lib/python3.8/site-packages/airflow/example_dags/example_workday_timetable.py for tasks to queue
[2025-09-01T20:40:45.320+0545] {logging_mixin.py:190} INFO - [2025-09-01T20:40:45.320+0545] {dagbag.py:588} INFO - Filling up the DagBag from /home/ashok/miniconda3/envs/mysecondenvironment/lib/python3.8/site-packages/airflow/example_dags/example_workday_timetable.py
[2025-09-01T20:40:45.327+0545] {processor.py:925} INFO - DAG(s) 'example_workday_timetable' retrieved from /home/ashok/miniconda3/envs/mysecondenvironment/lib/python3.8/site-packages/airflow/example_dags/example_workday_timetable.py
[2025-09-01T20:40:45.344+0545] {logging_mixin.py:190} INFO - [2025-09-01T20:40:45.344+0545] {dag.py:3239} INFO - Sync 1 DAGs
[2025-09-01T20:40:45.395+0545] {logging_mixin.py:190} INFO - [2025-09-01T20:40:45.394+0545] {dag.py:4180} INFO - Setting next_dagrun for example_workday_timetable to 2021-01-04 00:00:00+00:00, run_after=2021-01-05 00:00:00+00:00
[2025-09-01T20:40:45.424+0545] {processor.py:208} INFO - Processing /home/ashok/miniconda3/envs/mysecondenvironment/lib/python3.8/site-packages/airflow/example_dags/example_workday_timetable.py took 0.116 seconds
