[2025-09-01T20:40:12.940+0545] {processor.py:186} INFO - Started process (PID=150743) to work on /home/ashok/miniconda3/envs/mysecondenvironment/lib/python3.8/site-packages/airflow/example_dags/example_inlet_event_extra.py
[2025-09-01T20:40:12.941+0545] {processor.py:914} INFO - Processing file /home/ashok/miniconda3/envs/mysecondenvironment/lib/python3.8/site-packages/airflow/example_dags/example_inlet_event_extra.py for tasks to queue
[2025-09-01T20:40:12.944+0545] {logging_mixin.py:190} INFO - [2025-09-01T20:40:12.944+0545] {dagbag.py:588} INFO - Filling up the DagBag from /home/ashok/miniconda3/envs/mysecondenvironment/lib/python3.8/site-packages/airflow/example_dags/example_inlet_event_extra.py
[2025-09-01T20:40:12.960+0545] {processor.py:925} INFO - DAG(s) 'read_dataset_event', 'read_dataset_event_from_classic' retrieved from /home/ashok/miniconda3/envs/mysecondenvironment/lib/python3.8/site-packages/airflow/example_dags/example_inlet_event_extra.py
[2025-09-01T20:40:13.085+0545] {logging_mixin.py:190} INFO - [2025-09-01T20:40:13.084+0545] {override.py:1901} INFO - Created Permission View: can read on DAG:read_dataset_event
[2025-09-01T20:40:13.104+0545] {logging_mixin.py:190} INFO - [2025-09-01T20:40:13.103+0545] {override.py:1901} INFO - Created Permission View: can edit on DAG:read_dataset_event
[2025-09-01T20:40:13.120+0545] {logging_mixin.py:190} INFO - [2025-09-01T20:40:13.119+0545] {override.py:1901} INFO - Created Permission View: can delete on DAG:read_dataset_event
[2025-09-01T20:40:13.145+0545] {logging_mixin.py:190} INFO - [2025-09-01T20:40:13.144+0545] {override.py:1901} INFO - Created Permission View: can read on DAG Run:read_dataset_event
[2025-09-01T20:40:13.159+0545] {logging_mixin.py:190} INFO - [2025-09-01T20:40:13.158+0545] {override.py:1901} INFO - Created Permission View: can delete on DAG Run:read_dataset_event
[2025-09-01T20:40:13.174+0545] {logging_mixin.py:190} INFO - [2025-09-01T20:40:13.173+0545] {override.py:1901} INFO - Created Permission View: menu access on DAG Run:read_dataset_event
[2025-09-01T20:40:13.187+0545] {logging_mixin.py:190} INFO - [2025-09-01T20:40:13.187+0545] {override.py:1901} INFO - Created Permission View: can create on DAG Run:read_dataset_event
[2025-09-01T20:40:13.213+0545] {logging_mixin.py:190} INFO - [2025-09-01T20:40:13.212+0545] {override.py:1901} INFO - Created Permission View: can read on DAG:read_dataset_event_from_classic
[2025-09-01T20:40:13.225+0545] {logging_mixin.py:190} INFO - [2025-09-01T20:40:13.225+0545] {override.py:1901} INFO - Created Permission View: can edit on DAG:read_dataset_event_from_classic
[2025-09-01T20:40:13.238+0545] {logging_mixin.py:190} INFO - [2025-09-01T20:40:13.238+0545] {override.py:1901} INFO - Created Permission View: can delete on DAG:read_dataset_event_from_classic
[2025-09-01T20:40:13.261+0545] {logging_mixin.py:190} INFO - [2025-09-01T20:40:13.260+0545] {override.py:1901} INFO - Created Permission View: can read on DAG Run:read_dataset_event_from_classic
[2025-09-01T20:40:13.273+0545] {logging_mixin.py:190} INFO - [2025-09-01T20:40:13.273+0545] {override.py:1901} INFO - Created Permission View: can delete on DAG Run:read_dataset_event_from_classic
[2025-09-01T20:40:13.286+0545] {logging_mixin.py:190} INFO - [2025-09-01T20:40:13.286+0545] {override.py:1901} INFO - Created Permission View: menu access on DAG Run:read_dataset_event_from_classic
[2025-09-01T20:40:13.299+0545] {logging_mixin.py:190} INFO - [2025-09-01T20:40:13.299+0545] {override.py:1901} INFO - Created Permission View: can create on DAG Run:read_dataset_event_from_classic
[2025-09-01T20:40:13.300+0545] {logging_mixin.py:190} INFO - [2025-09-01T20:40:13.300+0545] {dag.py:3239} INFO - Sync 2 DAGs
[2025-09-01T20:40:13.313+0545] {logging_mixin.py:190} INFO - [2025-09-01T20:40:13.313+0545] {dag.py:3262} INFO - Creating ORM DAG for read_dataset_event
[2025-09-01T20:40:13.314+0545] {logging_mixin.py:190} INFO - [2025-09-01T20:40:13.314+0545] {dag.py:3262} INFO - Creating ORM DAG for read_dataset_event_from_classic
[2025-09-01T20:40:13.326+0545] {logging_mixin.py:190} INFO - [2025-09-01T20:40:13.326+0545] {dag.py:4180} INFO - Setting next_dagrun for read_dataset_event to 2025-08-31 00:00:00+00:00, run_after=2025-09-01 00:00:00+00:00
[2025-09-01T20:40:13.328+0545] {logging_mixin.py:190} INFO - [2025-09-01T20:40:13.328+0545] {dag.py:4180} INFO - Setting next_dagrun for read_dataset_event_from_classic to 2025-08-31 00:00:00+00:00, run_after=2025-09-01 00:00:00+00:00
[2025-09-01T20:40:13.353+0545] {processor.py:208} INFO - Processing /home/ashok/miniconda3/envs/mysecondenvironment/lib/python3.8/site-packages/airflow/example_dags/example_inlet_event_extra.py took 0.421 seconds
