[2025-09-01T17:22:27.501+0545] {processor.py:186} INFO - Started process (PID=80735) to work on /home/ashok/miniconda3/envs/mysecondenvironment/lib/python3.8/site-packages/airflow/example_dags/example_trigger_controller_dag.py
[2025-09-01T17:22:27.502+0545] {processor.py:914} INFO - Processing file /home/ashok/miniconda3/envs/mysecondenvironment/lib/python3.8/site-packages/airflow/example_dags/example_trigger_controller_dag.py for tasks to queue
[2025-09-01T17:22:27.503+0545] {logging_mixin.py:190} INFO - [2025-09-01T17:22:27.503+0545] {dagbag.py:588} INFO - Filling up the DagBag from /home/ashok/miniconda3/envs/mysecondenvironment/lib/python3.8/site-packages/airflow/example_dags/example_trigger_controller_dag.py
[2025-09-01T17:22:27.508+0545] {processor.py:925} INFO - DAG(s) 'example_trigger_controller_dag' retrieved from /home/ashok/miniconda3/envs/mysecondenvironment/lib/python3.8/site-packages/airflow/example_dags/example_trigger_controller_dag.py
[2025-09-01T17:22:27.573+0545] {logging_mixin.py:190} INFO - [2025-09-01T17:22:27.573+0545] {override.py:1901} INFO - Created Permission View: can read on DAG:example_trigger_controller_dag
[2025-09-01T17:22:27.585+0545] {logging_mixin.py:190} INFO - [2025-09-01T17:22:27.585+0545] {override.py:1901} INFO - Created Permission View: can delete on DAG:example_trigger_controller_dag
[2025-09-01T17:22:27.596+0545] {logging_mixin.py:190} INFO - [2025-09-01T17:22:27.595+0545] {override.py:1901} INFO - Created Permission View: can edit on DAG:example_trigger_controller_dag
[2025-09-01T17:22:27.615+0545] {logging_mixin.py:190} INFO - [2025-09-01T17:22:27.615+0545] {override.py:1901} INFO - Created Permission View: menu access on DAG Run:example_trigger_controller_dag
[2025-09-01T17:22:27.626+0545] {logging_mixin.py:190} INFO - [2025-09-01T17:22:27.626+0545] {override.py:1901} INFO - Created Permission View: can read on DAG Run:example_trigger_controller_dag
[2025-09-01T17:22:27.637+0545] {logging_mixin.py:190} INFO - [2025-09-01T17:22:27.636+0545] {override.py:1901} INFO - Created Permission View: can delete on DAG Run:example_trigger_controller_dag
[2025-09-01T17:22:27.647+0545] {logging_mixin.py:190} INFO - [2025-09-01T17:22:27.647+0545] {override.py:1901} INFO - Created Permission View: can create on DAG Run:example_trigger_controller_dag
[2025-09-01T17:22:27.647+0545] {logging_mixin.py:190} INFO - [2025-09-01T17:22:27.647+0545] {dag.py:3239} INFO - Sync 1 DAGs
[2025-09-01T17:22:27.655+0545] {logging_mixin.py:190} INFO - [2025-09-01T17:22:27.655+0545] {dag.py:3262} INFO - Creating ORM DAG for example_trigger_controller_dag
[2025-09-01T17:22:27.659+0545] {logging_mixin.py:190} INFO - [2025-09-01T17:22:27.659+0545] {dag.py:4180} INFO - Setting next_dagrun for example_trigger_controller_dag to 2021-01-01 00:00:00+00:00, run_after=2021-01-01 00:00:00+00:00
[2025-09-01T17:22:27.674+0545] {processor.py:208} INFO - Processing /home/ashok/miniconda3/envs/mysecondenvironment/lib/python3.8/site-packages/airflow/example_dags/example_trigger_controller_dag.py took 0.177 seconds
[2025-09-01T20:39:28.471+0545] {processor.py:186} INFO - Started process (PID=150124) to work on /home/ashok/miniconda3/envs/mysecondenvironment/lib/python3.8/site-packages/airflow/example_dags/example_trigger_controller_dag.py
[2025-09-01T20:39:28.474+0545] {processor.py:914} INFO - Processing file /home/ashok/miniconda3/envs/mysecondenvironment/lib/python3.8/site-packages/airflow/example_dags/example_trigger_controller_dag.py for tasks to queue
[2025-09-01T20:39:28.477+0545] {logging_mixin.py:190} INFO - [2025-09-01T20:39:28.476+0545] {dagbag.py:588} INFO - Filling up the DagBag from /home/ashok/miniconda3/envs/mysecondenvironment/lib/python3.8/site-packages/airflow/example_dags/example_trigger_controller_dag.py
[2025-09-01T20:39:28.483+0545] {processor.py:925} INFO - DAG(s) 'example_trigger_controller_dag' retrieved from /home/ashok/miniconda3/envs/mysecondenvironment/lib/python3.8/site-packages/airflow/example_dags/example_trigger_controller_dag.py
[2025-09-01T20:39:28.497+0545] {logging_mixin.py:190} INFO - [2025-09-01T20:39:28.497+0545] {dag.py:3239} INFO - Sync 1 DAGs
[2025-09-01T20:39:28.517+0545] {logging_mixin.py:190} INFO - [2025-09-01T20:39:28.517+0545] {dag.py:4180} INFO - Setting next_dagrun for example_trigger_controller_dag to 2021-01-01 00:00:00+00:00, run_after=2021-01-01 00:00:00+00:00
[2025-09-01T20:39:28.542+0545] {processor.py:208} INFO - Processing /home/ashok/miniconda3/envs/mysecondenvironment/lib/python3.8/site-packages/airflow/example_dags/example_trigger_controller_dag.py took 0.077 seconds
[2025-09-01T20:40:40.069+0545] {processor.py:186} INFO - Started process (PID=151111) to work on /home/ashok/miniconda3/envs/mysecondenvironment/lib/python3.8/site-packages/airflow/example_dags/example_trigger_controller_dag.py
[2025-09-01T20:40:40.071+0545] {processor.py:914} INFO - Processing file /home/ashok/miniconda3/envs/mysecondenvironment/lib/python3.8/site-packages/airflow/example_dags/example_trigger_controller_dag.py for tasks to queue
[2025-09-01T20:40:40.075+0545] {logging_mixin.py:190} INFO - [2025-09-01T20:40:40.074+0545] {dagbag.py:588} INFO - Filling up the DagBag from /home/ashok/miniconda3/envs/mysecondenvironment/lib/python3.8/site-packages/airflow/example_dags/example_trigger_controller_dag.py
[2025-09-01T20:40:40.083+0545] {processor.py:925} INFO - DAG(s) 'example_trigger_controller_dag' retrieved from /home/ashok/miniconda3/envs/mysecondenvironment/lib/python3.8/site-packages/airflow/example_dags/example_trigger_controller_dag.py
[2025-09-01T20:40:40.103+0545] {logging_mixin.py:190} INFO - [2025-09-01T20:40:40.102+0545] {dag.py:3239} INFO - Sync 1 DAGs
[2025-09-01T20:40:40.129+0545] {logging_mixin.py:190} INFO - [2025-09-01T20:40:40.129+0545] {dag.py:4180} INFO - Setting next_dagrun for example_trigger_controller_dag to 2021-01-01 00:00:00+00:00, run_after=2021-01-01 00:00:00+00:00
[2025-09-01T20:40:40.157+0545] {processor.py:208} INFO - Processing /home/ashok/miniconda3/envs/mysecondenvironment/lib/python3.8/site-packages/airflow/example_dags/example_trigger_controller_dag.py took 0.096 seconds
[2025-09-01T20:44:44.302+0545] {processor.py:186} INFO - Started process (PID=153785) to work on /home/ashok/miniconda3/envs/mysecondenvironment/lib/python3.8/site-packages/airflow/example_dags/example_trigger_controller_dag.py
[2025-09-01T20:44:44.305+0545] {processor.py:914} INFO - Processing file /home/ashok/miniconda3/envs/mysecondenvironment/lib/python3.8/site-packages/airflow/example_dags/example_trigger_controller_dag.py for tasks to queue
[2025-09-01T20:44:44.310+0545] {logging_mixin.py:190} INFO - [2025-09-01T20:44:44.309+0545] {dagbag.py:588} INFO - Filling up the DagBag from /home/ashok/miniconda3/envs/mysecondenvironment/lib/python3.8/site-packages/airflow/example_dags/example_trigger_controller_dag.py
[2025-09-01T20:44:44.321+0545] {processor.py:925} INFO - DAG(s) 'example_trigger_controller_dag' retrieved from /home/ashok/miniconda3/envs/mysecondenvironment/lib/python3.8/site-packages/airflow/example_dags/example_trigger_controller_dag.py
[2025-09-01T20:44:44.348+0545] {logging_mixin.py:190} INFO - [2025-09-01T20:44:44.348+0545] {dag.py:3239} INFO - Sync 1 DAGs
[2025-09-01T20:44:44.377+0545] {logging_mixin.py:190} INFO - [2025-09-01T20:44:44.377+0545] {dag.py:4180} INFO - Setting next_dagrun for example_trigger_controller_dag to 2021-01-01 00:00:00+00:00, run_after=2021-01-01 00:00:00+00:00
[2025-09-01T20:44:44.409+0545] {processor.py:208} INFO - Processing /home/ashok/miniconda3/envs/mysecondenvironment/lib/python3.8/site-packages/airflow/example_dags/example_trigger_controller_dag.py took 0.117 seconds
