[2025-09-01T17:22:26.265+0545] {processor.py:186} INFO - Started process (PID=80724) to work on /home/ashok/miniconda3/envs/mysecondenvironment/lib/python3.8/site-packages/airflow/example_dags/example_task_group.py
[2025-09-01T17:22:26.266+0545] {processor.py:914} INFO - Processing file /home/ashok/miniconda3/envs/mysecondenvironment/lib/python3.8/site-packages/airflow/example_dags/example_task_group.py for tasks to queue
[2025-09-01T17:22:26.267+0545] {logging_mixin.py:190} INFO - [2025-09-01T17:22:26.267+0545] {dagbag.py:588} INFO - Filling up the DagBag from /home/ashok/miniconda3/envs/mysecondenvironment/lib/python3.8/site-packages/airflow/example_dags/example_task_group.py
[2025-09-01T17:22:26.273+0545] {processor.py:925} INFO - DAG(s) 'example_task_group' retrieved from /home/ashok/miniconda3/envs/mysecondenvironment/lib/python3.8/site-packages/airflow/example_dags/example_task_group.py
[2025-09-01T17:22:26.345+0545] {logging_mixin.py:190} INFO - [2025-09-01T17:22:26.344+0545] {override.py:1901} INFO - Created Permission View: can read on DAG:example_task_group
[2025-09-01T17:22:26.365+0545] {logging_mixin.py:190} INFO - [2025-09-01T17:22:26.364+0545] {override.py:1901} INFO - Created Permission View: can delete on DAG:example_task_group
[2025-09-01T17:22:26.376+0545] {logging_mixin.py:190} INFO - [2025-09-01T17:22:26.375+0545] {override.py:1901} INFO - Created Permission View: can edit on DAG:example_task_group
[2025-09-01T17:22:26.396+0545] {logging_mixin.py:190} INFO - [2025-09-01T17:22:26.395+0545] {override.py:1901} INFO - Created Permission View: menu access on DAG Run:example_task_group
[2025-09-01T17:22:26.406+0545] {logging_mixin.py:190} INFO - [2025-09-01T17:22:26.406+0545] {override.py:1901} INFO - Created Permission View: can read on DAG Run:example_task_group
[2025-09-01T17:22:26.416+0545] {logging_mixin.py:190} INFO - [2025-09-01T17:22:26.416+0545] {override.py:1901} INFO - Created Permission View: can delete on DAG Run:example_task_group
[2025-09-01T17:22:26.426+0545] {logging_mixin.py:190} INFO - [2025-09-01T17:22:26.425+0545] {override.py:1901} INFO - Created Permission View: can create on DAG Run:example_task_group
[2025-09-01T17:22:26.426+0545] {logging_mixin.py:190} INFO - [2025-09-01T17:22:26.426+0545] {dag.py:3239} INFO - Sync 1 DAGs
[2025-09-01T17:22:26.434+0545] {logging_mixin.py:190} INFO - [2025-09-01T17:22:26.434+0545] {dag.py:3262} INFO - Creating ORM DAG for example_task_group
[2025-09-01T17:22:26.434+0545] {logging_mixin.py:190} INFO - [2025-09-01T17:22:26.434+0545] {dag.py:4180} INFO - Setting next_dagrun for example_task_group to None, run_after=None
[2025-09-01T17:22:26.449+0545] {processor.py:208} INFO - Processing /home/ashok/miniconda3/envs/mysecondenvironment/lib/python3.8/site-packages/airflow/example_dags/example_task_group.py took 0.188 seconds
[2025-09-01T20:39:27.321+0545] {processor.py:186} INFO - Started process (PID=150122) to work on /home/ashok/miniconda3/envs/mysecondenvironment/lib/python3.8/site-packages/airflow/example_dags/example_task_group.py
[2025-09-01T20:39:27.323+0545] {processor.py:914} INFO - Processing file /home/ashok/miniconda3/envs/mysecondenvironment/lib/python3.8/site-packages/airflow/example_dags/example_task_group.py for tasks to queue
[2025-09-01T20:39:27.326+0545] {logging_mixin.py:190} INFO - [2025-09-01T20:39:27.326+0545] {dagbag.py:588} INFO - Filling up the DagBag from /home/ashok/miniconda3/envs/mysecondenvironment/lib/python3.8/site-packages/airflow/example_dags/example_task_group.py
[2025-09-01T20:39:27.334+0545] {processor.py:925} INFO - DAG(s) 'example_task_group' retrieved from /home/ashok/miniconda3/envs/mysecondenvironment/lib/python3.8/site-packages/airflow/example_dags/example_task_group.py
[2025-09-01T20:39:27.355+0545] {logging_mixin.py:190} INFO - [2025-09-01T20:39:27.355+0545] {dag.py:3239} INFO - Sync 1 DAGs
[2025-09-01T20:39:27.367+0545] {logging_mixin.py:190} INFO - [2025-09-01T20:39:27.366+0545] {dag.py:4180} INFO - Setting next_dagrun for example_task_group to None, run_after=None
[2025-09-01T20:39:27.390+0545] {processor.py:208} INFO - Processing /home/ashok/miniconda3/envs/mysecondenvironment/lib/python3.8/site-packages/airflow/example_dags/example_task_group.py took 0.074 seconds
[2025-09-01T20:40:38.922+0545] {processor.py:186} INFO - Started process (PID=151100) to work on /home/ashok/miniconda3/envs/mysecondenvironment/lib/python3.8/site-packages/airflow/example_dags/example_task_group.py
[2025-09-01T20:40:38.924+0545] {processor.py:914} INFO - Processing file /home/ashok/miniconda3/envs/mysecondenvironment/lib/python3.8/site-packages/airflow/example_dags/example_task_group.py for tasks to queue
[2025-09-01T20:40:38.927+0545] {logging_mixin.py:190} INFO - [2025-09-01T20:40:38.927+0545] {dagbag.py:588} INFO - Filling up the DagBag from /home/ashok/miniconda3/envs/mysecondenvironment/lib/python3.8/site-packages/airflow/example_dags/example_task_group.py
[2025-09-01T20:40:38.937+0545] {processor.py:925} INFO - DAG(s) 'example_task_group' retrieved from /home/ashok/miniconda3/envs/mysecondenvironment/lib/python3.8/site-packages/airflow/example_dags/example_task_group.py
[2025-09-01T20:40:38.957+0545] {logging_mixin.py:190} INFO - [2025-09-01T20:40:38.957+0545] {dag.py:3239} INFO - Sync 1 DAGs
[2025-09-01T20:40:38.969+0545] {logging_mixin.py:190} INFO - [2025-09-01T20:40:38.969+0545] {dag.py:4180} INFO - Setting next_dagrun for example_task_group to None, run_after=None
[2025-09-01T20:40:38.994+0545] {processor.py:208} INFO - Processing /home/ashok/miniconda3/envs/mysecondenvironment/lib/python3.8/site-packages/airflow/example_dags/example_task_group.py took 0.080 seconds
[2025-09-01T20:44:43.125+0545] {processor.py:186} INFO - Started process (PID=153773) to work on /home/ashok/miniconda3/envs/mysecondenvironment/lib/python3.8/site-packages/airflow/example_dags/example_task_group.py
[2025-09-01T20:44:43.127+0545] {processor.py:914} INFO - Processing file /home/ashok/miniconda3/envs/mysecondenvironment/lib/python3.8/site-packages/airflow/example_dags/example_task_group.py for tasks to queue
[2025-09-01T20:44:43.131+0545] {logging_mixin.py:190} INFO - [2025-09-01T20:44:43.130+0545] {dagbag.py:588} INFO - Filling up the DagBag from /home/ashok/miniconda3/envs/mysecondenvironment/lib/python3.8/site-packages/airflow/example_dags/example_task_group.py
[2025-09-01T20:44:43.142+0545] {processor.py:925} INFO - DAG(s) 'example_task_group' retrieved from /home/ashok/miniconda3/envs/mysecondenvironment/lib/python3.8/site-packages/airflow/example_dags/example_task_group.py
[2025-09-01T20:44:43.169+0545] {logging_mixin.py:190} INFO - [2025-09-01T20:44:43.169+0545] {dag.py:3239} INFO - Sync 1 DAGs
[2025-09-01T20:44:43.185+0545] {logging_mixin.py:190} INFO - [2025-09-01T20:44:43.185+0545] {dag.py:4180} INFO - Setting next_dagrun for example_task_group to None, run_after=None
[2025-09-01T20:44:43.212+0545] {processor.py:208} INFO - Processing /home/ashok/miniconda3/envs/mysecondenvironment/lib/python3.8/site-packages/airflow/example_dags/example_task_group.py took 0.095 seconds
