[2025-09-13T11:32:32.501+0545] {processor.py:186} INFO - Started process (PID=116496) to work on /home/ashok/miniconda3/envs/mysecondenvironment/lib/python3.8/site-packages/airflow/example_dags/plugins/listener_plugin.py
[2025-09-13T11:32:32.501+0545] {processor.py:914} INFO - Processing file /home/ashok/miniconda3/envs/mysecondenvironment/lib/python3.8/site-packages/airflow/example_dags/plugins/listener_plugin.py for tasks to queue
[2025-09-13T11:32:32.502+0545] {logging_mixin.py:190} INFO - [2025-09-13T11:32:32.502+0545] {dagbag.py:588} INFO - Filling up the DagBag from /home/ashok/miniconda3/envs/mysecondenvironment/lib/python3.8/site-packages/airflow/example_dags/plugins/listener_plugin.py
[2025-09-13T11:32:32.504+0545] {processor.py:927} WARNING - No viable dags retrieved from /home/ashok/miniconda3/envs/mysecondenvironment/lib/python3.8/site-packages/airflow/example_dags/plugins/listener_plugin.py
[2025-09-13T11:32:32.509+0545] {processor.py:208} INFO - Processing /home/ashok/miniconda3/envs/mysecondenvironment/lib/python3.8/site-packages/airflow/example_dags/plugins/listener_plugin.py took 0.012 seconds
[2025-09-13T11:34:59.855+0545] {processor.py:186} INFO - Started process (PID=117962) to work on /home/ashok/miniconda3/envs/mysecondenvironment/lib/python3.8/site-packages/airflow/example_dags/plugins/listener_plugin.py
[2025-09-13T11:34:59.856+0545] {processor.py:914} INFO - Processing file /home/ashok/miniconda3/envs/mysecondenvironment/lib/python3.8/site-packages/airflow/example_dags/plugins/listener_plugin.py for tasks to queue
[2025-09-13T11:34:59.858+0545] {logging_mixin.py:190} INFO - [2025-09-13T11:34:59.858+0545] {dagbag.py:588} INFO - Filling up the DagBag from /home/ashok/miniconda3/envs/mysecondenvironment/lib/python3.8/site-packages/airflow/example_dags/plugins/listener_plugin.py
[2025-09-13T11:34:59.860+0545] {processor.py:927} WARNING - No viable dags retrieved from /home/ashok/miniconda3/envs/mysecondenvironment/lib/python3.8/site-packages/airflow/example_dags/plugins/listener_plugin.py
[2025-09-13T11:34:59.866+0545] {processor.py:208} INFO - Processing /home/ashok/miniconda3/envs/mysecondenvironment/lib/python3.8/site-packages/airflow/example_dags/plugins/listener_plugin.py took 0.015 seconds
[2025-09-13T11:35:55.209+0545] {processor.py:186} INFO - Started process (PID=118461) to work on /home/ashok/miniconda3/envs/mysecondenvironment/lib/python3.8/site-packages/airflow/example_dags/plugins/listener_plugin.py
[2025-09-13T11:35:55.211+0545] {processor.py:914} INFO - Processing file /home/ashok/miniconda3/envs/mysecondenvironment/lib/python3.8/site-packages/airflow/example_dags/plugins/listener_plugin.py for tasks to queue
[2025-09-13T11:35:55.213+0545] {logging_mixin.py:190} INFO - [2025-09-13T11:35:55.212+0545] {dagbag.py:588} INFO - Filling up the DagBag from /home/ashok/miniconda3/envs/mysecondenvironment/lib/python3.8/site-packages/airflow/example_dags/plugins/listener_plugin.py
[2025-09-13T11:35:55.215+0545] {processor.py:927} WARNING - No viable dags retrieved from /home/ashok/miniconda3/envs/mysecondenvironment/lib/python3.8/site-packages/airflow/example_dags/plugins/listener_plugin.py
[2025-09-13T11:35:55.221+0545] {processor.py:208} INFO - Processing /home/ashok/miniconda3/envs/mysecondenvironment/lib/python3.8/site-packages/airflow/example_dags/plugins/listener_plugin.py took 0.017 seconds
[2025-09-13T11:36:48.955+0545] {processor.py:186} INFO - Started process (PID=118805) to work on /home/ashok/miniconda3/envs/mysecondenvironment/lib/python3.8/site-packages/airflow/example_dags/plugins/listener_plugin.py
[2025-09-13T11:36:48.957+0545] {processor.py:914} INFO - Processing file /home/ashok/miniconda3/envs/mysecondenvironment/lib/python3.8/site-packages/airflow/example_dags/plugins/listener_plugin.py for tasks to queue
[2025-09-13T11:36:48.959+0545] {logging_mixin.py:190} INFO - [2025-09-13T11:36:48.958+0545] {dagbag.py:588} INFO - Filling up the DagBag from /home/ashok/miniconda3/envs/mysecondenvironment/lib/python3.8/site-packages/airflow/example_dags/plugins/listener_plugin.py
[2025-09-13T11:36:48.960+0545] {processor.py:927} WARNING - No viable dags retrieved from /home/ashok/miniconda3/envs/mysecondenvironment/lib/python3.8/site-packages/airflow/example_dags/plugins/listener_plugin.py
[2025-09-13T11:36:48.965+0545] {processor.py:208} INFO - Processing /home/ashok/miniconda3/envs/mysecondenvironment/lib/python3.8/site-packages/airflow/example_dags/plugins/listener_plugin.py took 0.014 seconds
[2025-09-13T11:37:44.349+0545] {processor.py:186} INFO - Started process (PID=119149) to work on /home/ashok/miniconda3/envs/mysecondenvironment/lib/python3.8/site-packages/airflow/example_dags/plugins/listener_plugin.py
[2025-09-13T11:37:44.351+0545] {processor.py:914} INFO - Processing file /home/ashok/miniconda3/envs/mysecondenvironment/lib/python3.8/site-packages/airflow/example_dags/plugins/listener_plugin.py for tasks to queue
[2025-09-13T11:37:44.352+0545] {logging_mixin.py:190} INFO - [2025-09-13T11:37:44.352+0545] {dagbag.py:588} INFO - Filling up the DagBag from /home/ashok/miniconda3/envs/mysecondenvironment/lib/python3.8/site-packages/airflow/example_dags/plugins/listener_plugin.py
[2025-09-13T11:37:44.353+0545] {processor.py:927} WARNING - No viable dags retrieved from /home/ashok/miniconda3/envs/mysecondenvironment/lib/python3.8/site-packages/airflow/example_dags/plugins/listener_plugin.py
[2025-09-13T11:37:44.359+0545] {processor.py:208} INFO - Processing /home/ashok/miniconda3/envs/mysecondenvironment/lib/python3.8/site-packages/airflow/example_dags/plugins/listener_plugin.py took 0.013 seconds
[2025-09-13T11:38:39.296+0545] {processor.py:186} INFO - Started process (PID=119498) to work on /home/ashok/miniconda3/envs/mysecondenvironment/lib/python3.8/site-packages/airflow/example_dags/plugins/listener_plugin.py
[2025-09-13T11:38:39.298+0545] {processor.py:914} INFO - Processing file /home/ashok/miniconda3/envs/mysecondenvironment/lib/python3.8/site-packages/airflow/example_dags/plugins/listener_plugin.py for tasks to queue
[2025-09-13T11:38:39.300+0545] {logging_mixin.py:190} INFO - [2025-09-13T11:38:39.300+0545] {dagbag.py:588} INFO - Filling up the DagBag from /home/ashok/miniconda3/envs/mysecondenvironment/lib/python3.8/site-packages/airflow/example_dags/plugins/listener_plugin.py
[2025-09-13T11:38:39.302+0545] {processor.py:927} WARNING - No viable dags retrieved from /home/ashok/miniconda3/envs/mysecondenvironment/lib/python3.8/site-packages/airflow/example_dags/plugins/listener_plugin.py
[2025-09-13T11:38:39.310+0545] {processor.py:208} INFO - Processing /home/ashok/miniconda3/envs/mysecondenvironment/lib/python3.8/site-packages/airflow/example_dags/plugins/listener_plugin.py took 0.018 seconds
[2025-09-13T11:39:37.247+0545] {processor.py:186} INFO - Started process (PID=119886) to work on /home/ashok/miniconda3/envs/mysecondenvironment/lib/python3.8/site-packages/airflow/example_dags/plugins/listener_plugin.py
[2025-09-13T11:39:37.249+0545] {processor.py:914} INFO - Processing file /home/ashok/miniconda3/envs/mysecondenvironment/lib/python3.8/site-packages/airflow/example_dags/plugins/listener_plugin.py for tasks to queue
[2025-09-13T11:39:37.250+0545] {logging_mixin.py:190} INFO - [2025-09-13T11:39:37.250+0545] {dagbag.py:588} INFO - Filling up the DagBag from /home/ashok/miniconda3/envs/mysecondenvironment/lib/python3.8/site-packages/airflow/example_dags/plugins/listener_plugin.py
[2025-09-13T11:39:37.251+0545] {processor.py:927} WARNING - No viable dags retrieved from /home/ashok/miniconda3/envs/mysecondenvironment/lib/python3.8/site-packages/airflow/example_dags/plugins/listener_plugin.py
[2025-09-13T11:39:37.257+0545] {processor.py:208} INFO - Processing /home/ashok/miniconda3/envs/mysecondenvironment/lib/python3.8/site-packages/airflow/example_dags/plugins/listener_plugin.py took 0.013 seconds
[2025-09-13T11:40:29.398+0545] {processor.py:186} INFO - Started process (PID=120213) to work on /home/ashok/miniconda3/envs/mysecondenvironment/lib/python3.8/site-packages/airflow/example_dags/plugins/listener_plugin.py
[2025-09-13T11:40:29.400+0545] {processor.py:914} INFO - Processing file /home/ashok/miniconda3/envs/mysecondenvironment/lib/python3.8/site-packages/airflow/example_dags/plugins/listener_plugin.py for tasks to queue
[2025-09-13T11:40:29.402+0545] {logging_mixin.py:190} INFO - [2025-09-13T11:40:29.401+0545] {dagbag.py:588} INFO - Filling up the DagBag from /home/ashok/miniconda3/envs/mysecondenvironment/lib/python3.8/site-packages/airflow/example_dags/plugins/listener_plugin.py
[2025-09-13T11:40:29.403+0545] {processor.py:927} WARNING - No viable dags retrieved from /home/ashok/miniconda3/envs/mysecondenvironment/lib/python3.8/site-packages/airflow/example_dags/plugins/listener_plugin.py
[2025-09-13T11:40:29.408+0545] {processor.py:208} INFO - Processing /home/ashok/miniconda3/envs/mysecondenvironment/lib/python3.8/site-packages/airflow/example_dags/plugins/listener_plugin.py took 0.013 seconds
[2025-09-13T11:41:25.897+0545] {processor.py:186} INFO - Started process (PID=120583) to work on /home/ashok/miniconda3/envs/mysecondenvironment/lib/python3.8/site-packages/airflow/example_dags/plugins/listener_plugin.py
[2025-09-13T11:41:25.899+0545] {processor.py:914} INFO - Processing file /home/ashok/miniconda3/envs/mysecondenvironment/lib/python3.8/site-packages/airflow/example_dags/plugins/listener_plugin.py for tasks to queue
[2025-09-13T11:41:25.901+0545] {logging_mixin.py:190} INFO - [2025-09-13T11:41:25.901+0545] {dagbag.py:588} INFO - Filling up the DagBag from /home/ashok/miniconda3/envs/mysecondenvironment/lib/python3.8/site-packages/airflow/example_dags/plugins/listener_plugin.py
[2025-09-13T11:41:25.902+0545] {processor.py:927} WARNING - No viable dags retrieved from /home/ashok/miniconda3/envs/mysecondenvironment/lib/python3.8/site-packages/airflow/example_dags/plugins/listener_plugin.py
[2025-09-13T11:41:25.908+0545] {processor.py:208} INFO - Processing /home/ashok/miniconda3/envs/mysecondenvironment/lib/python3.8/site-packages/airflow/example_dags/plugins/listener_plugin.py took 0.015 seconds
[2025-09-13T11:41:50.641+0545] {processor.py:186} INFO - Started process (PID=120883) to work on /home/ashok/miniconda3/envs/mysecondenvironment/lib/python3.8/site-packages/airflow/example_dags/plugins/listener_plugin.py
[2025-09-13T11:41:50.642+0545] {processor.py:914} INFO - Processing file /home/ashok/miniconda3/envs/mysecondenvironment/lib/python3.8/site-packages/airflow/example_dags/plugins/listener_plugin.py for tasks to queue
[2025-09-13T11:41:50.643+0545] {logging_mixin.py:190} INFO - [2025-09-13T11:41:50.643+0545] {dagbag.py:588} INFO - Filling up the DagBag from /home/ashok/miniconda3/envs/mysecondenvironment/lib/python3.8/site-packages/airflow/example_dags/plugins/listener_plugin.py
[2025-09-13T11:41:50.644+0545] {processor.py:927} WARNING - No viable dags retrieved from /home/ashok/miniconda3/envs/mysecondenvironment/lib/python3.8/site-packages/airflow/example_dags/plugins/listener_plugin.py
[2025-09-13T11:41:50.649+0545] {processor.py:208} INFO - Processing /home/ashok/miniconda3/envs/mysecondenvironment/lib/python3.8/site-packages/airflow/example_dags/plugins/listener_plugin.py took 0.012 seconds
[2025-09-13T11:42:53.724+0545] {processor.py:186} INFO - Started process (PID=121438) to work on /home/ashok/miniconda3/envs/mysecondenvironment/lib/python3.8/site-packages/airflow/example_dags/plugins/listener_plugin.py
[2025-09-13T11:42:53.726+0545] {processor.py:914} INFO - Processing file /home/ashok/miniconda3/envs/mysecondenvironment/lib/python3.8/site-packages/airflow/example_dags/plugins/listener_plugin.py for tasks to queue
[2025-09-13T11:42:53.727+0545] {logging_mixin.py:190} INFO - [2025-09-13T11:42:53.727+0545] {dagbag.py:588} INFO - Filling up the DagBag from /home/ashok/miniconda3/envs/mysecondenvironment/lib/python3.8/site-packages/airflow/example_dags/plugins/listener_plugin.py
[2025-09-13T11:42:53.729+0545] {processor.py:927} WARNING - No viable dags retrieved from /home/ashok/miniconda3/envs/mysecondenvironment/lib/python3.8/site-packages/airflow/example_dags/plugins/listener_plugin.py
[2025-09-13T11:42:53.735+0545] {processor.py:208} INFO - Processing /home/ashok/miniconda3/envs/mysecondenvironment/lib/python3.8/site-packages/airflow/example_dags/plugins/listener_plugin.py took 0.014 seconds
[2025-09-13T11:45:02.187+0545] {processor.py:186} INFO - Started process (PID=123530) to work on /home/ashok/miniconda3/envs/mysecondenvironment/lib/python3.8/site-packages/airflow/example_dags/plugins/listener_plugin.py
[2025-09-13T11:45:02.190+0545] {processor.py:914} INFO - Processing file /home/ashok/miniconda3/envs/mysecondenvironment/lib/python3.8/site-packages/airflow/example_dags/plugins/listener_plugin.py for tasks to queue
[2025-09-13T11:45:02.191+0545] {logging_mixin.py:190} INFO - [2025-09-13T11:45:02.191+0545] {dagbag.py:588} INFO - Filling up the DagBag from /home/ashok/miniconda3/envs/mysecondenvironment/lib/python3.8/site-packages/airflow/example_dags/plugins/listener_plugin.py
[2025-09-13T11:45:02.193+0545] {processor.py:927} WARNING - No viable dags retrieved from /home/ashok/miniconda3/envs/mysecondenvironment/lib/python3.8/site-packages/airflow/example_dags/plugins/listener_plugin.py
[2025-09-13T11:45:02.200+0545] {processor.py:208} INFO - Processing /home/ashok/miniconda3/envs/mysecondenvironment/lib/python3.8/site-packages/airflow/example_dags/plugins/listener_plugin.py took 0.018 seconds
[2025-09-13T11:45:55.863+0545] {processor.py:186} INFO - Started process (PID=123899) to work on /home/ashok/miniconda3/envs/mysecondenvironment/lib/python3.8/site-packages/airflow/example_dags/plugins/listener_plugin.py
[2025-09-13T11:45:55.865+0545] {processor.py:914} INFO - Processing file /home/ashok/miniconda3/envs/mysecondenvironment/lib/python3.8/site-packages/airflow/example_dags/plugins/listener_plugin.py for tasks to queue
[2025-09-13T11:45:55.866+0545] {logging_mixin.py:190} INFO - [2025-09-13T11:45:55.866+0545] {dagbag.py:588} INFO - Filling up the DagBag from /home/ashok/miniconda3/envs/mysecondenvironment/lib/python3.8/site-packages/airflow/example_dags/plugins/listener_plugin.py
[2025-09-13T11:45:55.868+0545] {processor.py:927} WARNING - No viable dags retrieved from /home/ashok/miniconda3/envs/mysecondenvironment/lib/python3.8/site-packages/airflow/example_dags/plugins/listener_plugin.py
[2025-09-13T11:45:55.872+0545] {processor.py:208} INFO - Processing /home/ashok/miniconda3/envs/mysecondenvironment/lib/python3.8/site-packages/airflow/example_dags/plugins/listener_plugin.py took 0.013 seconds
[2025-09-13T11:46:46.661+0545] {processor.py:186} INFO - Started process (PID=124423) to work on /home/ashok/miniconda3/envs/mysecondenvironment/lib/python3.8/site-packages/airflow/example_dags/plugins/listener_plugin.py
[2025-09-13T11:46:46.663+0545] {processor.py:914} INFO - Processing file /home/ashok/miniconda3/envs/mysecondenvironment/lib/python3.8/site-packages/airflow/example_dags/plugins/listener_plugin.py for tasks to queue
[2025-09-13T11:46:46.664+0545] {logging_mixin.py:190} INFO - [2025-09-13T11:46:46.664+0545] {dagbag.py:588} INFO - Filling up the DagBag from /home/ashok/miniconda3/envs/mysecondenvironment/lib/python3.8/site-packages/airflow/example_dags/plugins/listener_plugin.py
[2025-09-13T11:46:46.665+0545] {processor.py:927} WARNING - No viable dags retrieved from /home/ashok/miniconda3/envs/mysecondenvironment/lib/python3.8/site-packages/airflow/example_dags/plugins/listener_plugin.py
[2025-09-13T11:46:46.670+0545] {processor.py:208} INFO - Processing /home/ashok/miniconda3/envs/mysecondenvironment/lib/python3.8/site-packages/airflow/example_dags/plugins/listener_plugin.py took 0.012 seconds
[2025-09-13T11:47:38.675+0545] {processor.py:186} INFO - Started process (PID=124922) to work on /home/ashok/miniconda3/envs/mysecondenvironment/lib/python3.8/site-packages/airflow/example_dags/plugins/listener_plugin.py
[2025-09-13T11:47:38.677+0545] {processor.py:914} INFO - Processing file /home/ashok/miniconda3/envs/mysecondenvironment/lib/python3.8/site-packages/airflow/example_dags/plugins/listener_plugin.py for tasks to queue
[2025-09-13T11:47:38.678+0545] {logging_mixin.py:190} INFO - [2025-09-13T11:47:38.678+0545] {dagbag.py:588} INFO - Filling up the DagBag from /home/ashok/miniconda3/envs/mysecondenvironment/lib/python3.8/site-packages/airflow/example_dags/plugins/listener_plugin.py
[2025-09-13T11:47:38.680+0545] {processor.py:927} WARNING - No viable dags retrieved from /home/ashok/miniconda3/envs/mysecondenvironment/lib/python3.8/site-packages/airflow/example_dags/plugins/listener_plugin.py
[2025-09-13T11:47:38.685+0545] {processor.py:208} INFO - Processing /home/ashok/miniconda3/envs/mysecondenvironment/lib/python3.8/site-packages/airflow/example_dags/plugins/listener_plugin.py took 0.013 seconds
