[2025-09-13T11:32:45.376+0545] {processor.py:186} INFO - Started process (PID=116583) to work on /home/ashok/miniconda3/envs/mysecondenvironment/lib/python3.8/site-packages/airflow/example_dags/example_trigger_target_dag.py
[2025-09-13T11:32:45.377+0545] {processor.py:914} INFO - Processing file /home/ashok/miniconda3/envs/mysecondenvironment/lib/python3.8/site-packages/airflow/example_dags/example_trigger_target_dag.py for tasks to queue
[2025-09-13T11:32:45.378+0545] {logging_mixin.py:190} INFO - [2025-09-13T11:32:45.378+0545] {dagbag.py:588} INFO - Filling up the DagBag from /home/ashok/miniconda3/envs/mysecondenvironment/lib/python3.8/site-packages/airflow/example_dags/example_trigger_target_dag.py
[2025-09-13T11:32:45.382+0545] {processor.py:925} INFO - DAG(s) 'example_trigger_target_dag' retrieved from /home/ashok/miniconda3/envs/mysecondenvironment/lib/python3.8/site-packages/airflow/example_dags/example_trigger_target_dag.py
[2025-09-13T11:32:45.389+0545] {logging_mixin.py:190} INFO - [2025-09-13T11:32:45.389+0545] {dag.py:3239} INFO - Sync 1 DAGs
[2025-09-13T11:32:45.395+0545] {logging_mixin.py:190} INFO - [2025-09-13T11:32:45.395+0545] {dag.py:4180} INFO - Setting next_dagrun for example_trigger_target_dag to None, run_after=None
[2025-09-13T11:32:45.413+0545] {processor.py:208} INFO - Processing /home/ashok/miniconda3/envs/mysecondenvironment/lib/python3.8/site-packages/airflow/example_dags/example_trigger_target_dag.py took 0.040 seconds
[2025-09-13T11:35:13.930+0545] {processor.py:186} INFO - Started process (PID=118176) to work on /home/ashok/miniconda3/envs/mysecondenvironment/lib/python3.8/site-packages/airflow/example_dags/example_trigger_target_dag.py
[2025-09-13T11:35:13.932+0545] {processor.py:914} INFO - Processing file /home/ashok/miniconda3/envs/mysecondenvironment/lib/python3.8/site-packages/airflow/example_dags/example_trigger_target_dag.py for tasks to queue
[2025-09-13T11:35:13.933+0545] {logging_mixin.py:190} INFO - [2025-09-13T11:35:13.933+0545] {dagbag.py:588} INFO - Filling up the DagBag from /home/ashok/miniconda3/envs/mysecondenvironment/lib/python3.8/site-packages/airflow/example_dags/example_trigger_target_dag.py
[2025-09-13T11:35:13.940+0545] {processor.py:925} INFO - DAG(s) 'example_trigger_target_dag' retrieved from /home/ashok/miniconda3/envs/mysecondenvironment/lib/python3.8/site-packages/airflow/example_dags/example_trigger_target_dag.py
[2025-09-13T11:35:13.952+0545] {logging_mixin.py:190} INFO - [2025-09-13T11:35:13.952+0545] {dag.py:3239} INFO - Sync 1 DAGs
[2025-09-13T11:35:13.960+0545] {logging_mixin.py:190} INFO - [2025-09-13T11:35:13.959+0545] {dag.py:4180} INFO - Setting next_dagrun for example_trigger_target_dag to None, run_after=None
[2025-09-13T11:35:13.977+0545] {processor.py:208} INFO - Processing /home/ashok/miniconda3/envs/mysecondenvironment/lib/python3.8/site-packages/airflow/example_dags/example_trigger_target_dag.py took 0.053 seconds
[2025-09-13T11:36:09.329+0545] {processor.py:186} INFO - Started process (PID=118545) to work on /home/ashok/miniconda3/envs/mysecondenvironment/lib/python3.8/site-packages/airflow/example_dags/example_trigger_target_dag.py
[2025-09-13T11:36:09.331+0545] {processor.py:914} INFO - Processing file /home/ashok/miniconda3/envs/mysecondenvironment/lib/python3.8/site-packages/airflow/example_dags/example_trigger_target_dag.py for tasks to queue
[2025-09-13T11:36:09.332+0545] {logging_mixin.py:190} INFO - [2025-09-13T11:36:09.332+0545] {dagbag.py:588} INFO - Filling up the DagBag from /home/ashok/miniconda3/envs/mysecondenvironment/lib/python3.8/site-packages/airflow/example_dags/example_trigger_target_dag.py
[2025-09-13T11:36:09.337+0545] {processor.py:925} INFO - DAG(s) 'example_trigger_target_dag' retrieved from /home/ashok/miniconda3/envs/mysecondenvironment/lib/python3.8/site-packages/airflow/example_dags/example_trigger_target_dag.py
[2025-09-13T11:36:09.344+0545] {logging_mixin.py:190} INFO - [2025-09-13T11:36:09.344+0545] {dag.py:3239} INFO - Sync 1 DAGs
[2025-09-13T11:36:09.350+0545] {logging_mixin.py:190} INFO - [2025-09-13T11:36:09.350+0545] {dag.py:4180} INFO - Setting next_dagrun for example_trigger_target_dag to None, run_after=None
[2025-09-13T11:36:09.368+0545] {processor.py:208} INFO - Processing /home/ashok/miniconda3/envs/mysecondenvironment/lib/python3.8/site-packages/airflow/example_dags/example_trigger_target_dag.py took 0.043 seconds
[2025-09-13T11:37:00.981+0545] {processor.py:186} INFO - Started process (PID=118877) to work on /home/ashok/miniconda3/envs/mysecondenvironment/lib/python3.8/site-packages/airflow/example_dags/example_trigger_target_dag.py
[2025-09-13T11:37:00.983+0545] {processor.py:914} INFO - Processing file /home/ashok/miniconda3/envs/mysecondenvironment/lib/python3.8/site-packages/airflow/example_dags/example_trigger_target_dag.py for tasks to queue
[2025-09-13T11:37:00.984+0545] {logging_mixin.py:190} INFO - [2025-09-13T11:37:00.984+0545] {dagbag.py:588} INFO - Filling up the DagBag from /home/ashok/miniconda3/envs/mysecondenvironment/lib/python3.8/site-packages/airflow/example_dags/example_trigger_target_dag.py
[2025-09-13T11:37:00.988+0545] {processor.py:925} INFO - DAG(s) 'example_trigger_target_dag' retrieved from /home/ashok/miniconda3/envs/mysecondenvironment/lib/python3.8/site-packages/airflow/example_dags/example_trigger_target_dag.py
[2025-09-13T11:37:00.996+0545] {logging_mixin.py:190} INFO - [2025-09-13T11:37:00.996+0545] {dag.py:3239} INFO - Sync 1 DAGs
[2025-09-13T11:37:01.002+0545] {logging_mixin.py:190} INFO - [2025-09-13T11:37:01.002+0545] {dag.py:4180} INFO - Setting next_dagrun for example_trigger_target_dag to None, run_after=None
[2025-09-13T11:37:01.020+0545] {processor.py:208} INFO - Processing /home/ashok/miniconda3/envs/mysecondenvironment/lib/python3.8/site-packages/airflow/example_dags/example_trigger_target_dag.py took 0.042 seconds
[2025-09-13T11:37:56.055+0545] {processor.py:186} INFO - Started process (PID=119225) to work on /home/ashok/miniconda3/envs/mysecondenvironment/lib/python3.8/site-packages/airflow/example_dags/example_trigger_target_dag.py
[2025-09-13T11:37:56.057+0545] {processor.py:914} INFO - Processing file /home/ashok/miniconda3/envs/mysecondenvironment/lib/python3.8/site-packages/airflow/example_dags/example_trigger_target_dag.py for tasks to queue
[2025-09-13T11:37:56.059+0545] {logging_mixin.py:190} INFO - [2025-09-13T11:37:56.059+0545] {dagbag.py:588} INFO - Filling up the DagBag from /home/ashok/miniconda3/envs/mysecondenvironment/lib/python3.8/site-packages/airflow/example_dags/example_trigger_target_dag.py
[2025-09-13T11:37:56.064+0545] {processor.py:925} INFO - DAG(s) 'example_trigger_target_dag' retrieved from /home/ashok/miniconda3/envs/mysecondenvironment/lib/python3.8/site-packages/airflow/example_dags/example_trigger_target_dag.py
[2025-09-13T11:37:56.072+0545] {logging_mixin.py:190} INFO - [2025-09-13T11:37:56.072+0545] {dag.py:3239} INFO - Sync 1 DAGs
[2025-09-13T11:37:56.078+0545] {logging_mixin.py:190} INFO - [2025-09-13T11:37:56.078+0545] {dag.py:4180} INFO - Setting next_dagrun for example_trigger_target_dag to None, run_after=None
[2025-09-13T11:37:56.093+0545] {processor.py:208} INFO - Processing /home/ashok/miniconda3/envs/mysecondenvironment/lib/python3.8/site-packages/airflow/example_dags/example_trigger_target_dag.py took 0.042 seconds
[2025-09-13T11:38:53.049+0545] {processor.py:186} INFO - Started process (PID=119583) to work on /home/ashok/miniconda3/envs/mysecondenvironment/lib/python3.8/site-packages/airflow/example_dags/example_trigger_target_dag.py
[2025-09-13T11:38:53.050+0545] {processor.py:914} INFO - Processing file /home/ashok/miniconda3/envs/mysecondenvironment/lib/python3.8/site-packages/airflow/example_dags/example_trigger_target_dag.py for tasks to queue
[2025-09-13T11:38:53.051+0545] {logging_mixin.py:190} INFO - [2025-09-13T11:38:53.051+0545] {dagbag.py:588} INFO - Filling up the DagBag from /home/ashok/miniconda3/envs/mysecondenvironment/lib/python3.8/site-packages/airflow/example_dags/example_trigger_target_dag.py
[2025-09-13T11:38:53.056+0545] {processor.py:925} INFO - DAG(s) 'example_trigger_target_dag' retrieved from /home/ashok/miniconda3/envs/mysecondenvironment/lib/python3.8/site-packages/airflow/example_dags/example_trigger_target_dag.py
[2025-09-13T11:38:53.065+0545] {logging_mixin.py:190} INFO - [2025-09-13T11:38:53.065+0545] {dag.py:3239} INFO - Sync 1 DAGs
[2025-09-13T11:38:53.072+0545] {logging_mixin.py:190} INFO - [2025-09-13T11:38:53.072+0545] {dag.py:4180} INFO - Setting next_dagrun for example_trigger_target_dag to None, run_after=None
[2025-09-13T11:38:53.089+0545] {processor.py:208} INFO - Processing /home/ashok/miniconda3/envs/mysecondenvironment/lib/python3.8/site-packages/airflow/example_dags/example_trigger_target_dag.py took 0.044 seconds
[2025-09-13T11:39:50.791+0545] {processor.py:186} INFO - Started process (PID=119968) to work on /home/ashok/miniconda3/envs/mysecondenvironment/lib/python3.8/site-packages/airflow/example_dags/example_trigger_target_dag.py
[2025-09-13T11:39:50.792+0545] {processor.py:914} INFO - Processing file /home/ashok/miniconda3/envs/mysecondenvironment/lib/python3.8/site-packages/airflow/example_dags/example_trigger_target_dag.py for tasks to queue
[2025-09-13T11:39:50.794+0545] {logging_mixin.py:190} INFO - [2025-09-13T11:39:50.794+0545] {dagbag.py:588} INFO - Filling up the DagBag from /home/ashok/miniconda3/envs/mysecondenvironment/lib/python3.8/site-packages/airflow/example_dags/example_trigger_target_dag.py
[2025-09-13T11:39:50.798+0545] {processor.py:925} INFO - DAG(s) 'example_trigger_target_dag' retrieved from /home/ashok/miniconda3/envs/mysecondenvironment/lib/python3.8/site-packages/airflow/example_dags/example_trigger_target_dag.py
[2025-09-13T11:39:50.806+0545] {logging_mixin.py:190} INFO - [2025-09-13T11:39:50.806+0545] {dag.py:3239} INFO - Sync 1 DAGs
[2025-09-13T11:39:50.812+0545] {logging_mixin.py:190} INFO - [2025-09-13T11:39:50.812+0545] {dag.py:4180} INFO - Setting next_dagrun for example_trigger_target_dag to None, run_after=None
[2025-09-13T11:39:50.829+0545] {processor.py:208} INFO - Processing /home/ashok/miniconda3/envs/mysecondenvironment/lib/python3.8/site-packages/airflow/example_dags/example_trigger_target_dag.py took 0.042 seconds
[2025-09-13T11:40:42.559+0545] {processor.py:186} INFO - Started process (PID=120290) to work on /home/ashok/miniconda3/envs/mysecondenvironment/lib/python3.8/site-packages/airflow/example_dags/example_trigger_target_dag.py
[2025-09-13T11:40:42.561+0545] {processor.py:914} INFO - Processing file /home/ashok/miniconda3/envs/mysecondenvironment/lib/python3.8/site-packages/airflow/example_dags/example_trigger_target_dag.py for tasks to queue
[2025-09-13T11:40:42.563+0545] {logging_mixin.py:190} INFO - [2025-09-13T11:40:42.562+0545] {dagbag.py:588} INFO - Filling up the DagBag from /home/ashok/miniconda3/envs/mysecondenvironment/lib/python3.8/site-packages/airflow/example_dags/example_trigger_target_dag.py
[2025-09-13T11:40:42.567+0545] {processor.py:925} INFO - DAG(s) 'example_trigger_target_dag' retrieved from /home/ashok/miniconda3/envs/mysecondenvironment/lib/python3.8/site-packages/airflow/example_dags/example_trigger_target_dag.py
[2025-09-13T11:40:42.574+0545] {logging_mixin.py:190} INFO - [2025-09-13T11:40:42.574+0545] {dag.py:3239} INFO - Sync 1 DAGs
[2025-09-13T11:40:42.580+0545] {logging_mixin.py:190} INFO - [2025-09-13T11:40:42.580+0545] {dag.py:4180} INFO - Setting next_dagrun for example_trigger_target_dag to None, run_after=None
[2025-09-13T11:40:42.596+0545] {processor.py:208} INFO - Processing /home/ashok/miniconda3/envs/mysecondenvironment/lib/python3.8/site-packages/airflow/example_dags/example_trigger_target_dag.py took 0.041 seconds
[2025-09-13T11:42:04.203+0545] {processor.py:186} INFO - Started process (PID=120970) to work on /home/ashok/miniconda3/envs/mysecondenvironment/lib/python3.8/site-packages/airflow/example_dags/example_trigger_target_dag.py
[2025-09-13T11:42:04.205+0545] {processor.py:914} INFO - Processing file /home/ashok/miniconda3/envs/mysecondenvironment/lib/python3.8/site-packages/airflow/example_dags/example_trigger_target_dag.py for tasks to queue
[2025-09-13T11:42:04.206+0545] {logging_mixin.py:190} INFO - [2025-09-13T11:42:04.206+0545] {dagbag.py:588} INFO - Filling up the DagBag from /home/ashok/miniconda3/envs/mysecondenvironment/lib/python3.8/site-packages/airflow/example_dags/example_trigger_target_dag.py
[2025-09-13T11:42:04.210+0545] {processor.py:925} INFO - DAG(s) 'example_trigger_target_dag' retrieved from /home/ashok/miniconda3/envs/mysecondenvironment/lib/python3.8/site-packages/airflow/example_dags/example_trigger_target_dag.py
[2025-09-13T11:42:04.218+0545] {logging_mixin.py:190} INFO - [2025-09-13T11:42:04.218+0545] {dag.py:3239} INFO - Sync 1 DAGs
[2025-09-13T11:42:04.224+0545] {logging_mixin.py:190} INFO - [2025-09-13T11:42:04.224+0545] {dag.py:4180} INFO - Setting next_dagrun for example_trigger_target_dag to None, run_after=None
[2025-09-13T11:42:04.239+0545] {processor.py:208} INFO - Processing /home/ashok/miniconda3/envs/mysecondenvironment/lib/python3.8/site-packages/airflow/example_dags/example_trigger_target_dag.py took 0.039 seconds
[2025-09-13T11:43:43.913+0545] {processor.py:186} INFO - Started process (PID=122689) to work on /home/ashok/miniconda3/envs/mysecondenvironment/lib/python3.8/site-packages/airflow/example_dags/example_trigger_target_dag.py
[2025-09-13T11:43:43.915+0545] {processor.py:914} INFO - Processing file /home/ashok/miniconda3/envs/mysecondenvironment/lib/python3.8/site-packages/airflow/example_dags/example_trigger_target_dag.py for tasks to queue
[2025-09-13T11:43:43.916+0545] {logging_mixin.py:190} INFO - [2025-09-13T11:43:43.916+0545] {dagbag.py:588} INFO - Filling up the DagBag from /home/ashok/miniconda3/envs/mysecondenvironment/lib/python3.8/site-packages/airflow/example_dags/example_trigger_target_dag.py
[2025-09-13T11:43:43.920+0545] {processor.py:925} INFO - DAG(s) 'example_trigger_target_dag' retrieved from /home/ashok/miniconda3/envs/mysecondenvironment/lib/python3.8/site-packages/airflow/example_dags/example_trigger_target_dag.py
[2025-09-13T11:43:43.930+0545] {logging_mixin.py:190} INFO - [2025-09-13T11:43:43.930+0545] {dag.py:3239} INFO - Sync 1 DAGs
[2025-09-13T11:43:43.937+0545] {logging_mixin.py:190} INFO - [2025-09-13T11:43:43.936+0545] {dag.py:4180} INFO - Setting next_dagrun for example_trigger_target_dag to None, run_after=None
[2025-09-13T11:43:43.954+0545] {processor.py:208} INFO - Processing /home/ashok/miniconda3/envs/mysecondenvironment/lib/python3.8/site-packages/airflow/example_dags/example_trigger_target_dag.py took 0.045 seconds
[2025-09-13T11:45:16.882+0545] {processor.py:186} INFO - Started process (PID=123627) to work on /home/ashok/miniconda3/envs/mysecondenvironment/lib/python3.8/site-packages/airflow/example_dags/example_trigger_target_dag.py
[2025-09-13T11:45:16.885+0545] {processor.py:914} INFO - Processing file /home/ashok/miniconda3/envs/mysecondenvironment/lib/python3.8/site-packages/airflow/example_dags/example_trigger_target_dag.py for tasks to queue
[2025-09-13T11:45:16.886+0545] {logging_mixin.py:190} INFO - [2025-09-13T11:45:16.886+0545] {dagbag.py:588} INFO - Filling up the DagBag from /home/ashok/miniconda3/envs/mysecondenvironment/lib/python3.8/site-packages/airflow/example_dags/example_trigger_target_dag.py
[2025-09-13T11:45:16.891+0545] {processor.py:925} INFO - DAG(s) 'example_trigger_target_dag' retrieved from /home/ashok/miniconda3/envs/mysecondenvironment/lib/python3.8/site-packages/airflow/example_dags/example_trigger_target_dag.py
[2025-09-13T11:45:16.898+0545] {logging_mixin.py:190} INFO - [2025-09-13T11:45:16.898+0545] {dag.py:3239} INFO - Sync 1 DAGs
[2025-09-13T11:45:16.904+0545] {logging_mixin.py:190} INFO - [2025-09-13T11:45:16.903+0545] {dag.py:4180} INFO - Setting next_dagrun for example_trigger_target_dag to None, run_after=None
[2025-09-13T11:45:16.922+0545] {processor.py:208} INFO - Processing /home/ashok/miniconda3/envs/mysecondenvironment/lib/python3.8/site-packages/airflow/example_dags/example_trigger_target_dag.py took 0.043 seconds
[2025-09-13T11:46:08.695+0545] {processor.py:186} INFO - Started process (PID=123982) to work on /home/ashok/miniconda3/envs/mysecondenvironment/lib/python3.8/site-packages/airflow/example_dags/example_trigger_target_dag.py
[2025-09-13T11:46:08.697+0545] {processor.py:914} INFO - Processing file /home/ashok/miniconda3/envs/mysecondenvironment/lib/python3.8/site-packages/airflow/example_dags/example_trigger_target_dag.py for tasks to queue
[2025-09-13T11:46:08.699+0545] {logging_mixin.py:190} INFO - [2025-09-13T11:46:08.698+0545] {dagbag.py:588} INFO - Filling up the DagBag from /home/ashok/miniconda3/envs/mysecondenvironment/lib/python3.8/site-packages/airflow/example_dags/example_trigger_target_dag.py
[2025-09-13T11:46:08.703+0545] {processor.py:925} INFO - DAG(s) 'example_trigger_target_dag' retrieved from /home/ashok/miniconda3/envs/mysecondenvironment/lib/python3.8/site-packages/airflow/example_dags/example_trigger_target_dag.py
[2025-09-13T11:46:08.710+0545] {logging_mixin.py:190} INFO - [2025-09-13T11:46:08.710+0545] {dag.py:3239} INFO - Sync 1 DAGs
[2025-09-13T11:46:08.716+0545] {logging_mixin.py:190} INFO - [2025-09-13T11:46:08.715+0545] {dag.py:4180} INFO - Setting next_dagrun for example_trigger_target_dag to None, run_after=None
[2025-09-13T11:46:08.732+0545] {processor.py:208} INFO - Processing /home/ashok/miniconda3/envs/mysecondenvironment/lib/python3.8/site-packages/airflow/example_dags/example_trigger_target_dag.py took 0.040 seconds
[2025-09-13T11:46:58.843+0545] {processor.py:186} INFO - Started process (PID=124637) to work on /home/ashok/miniconda3/envs/mysecondenvironment/lib/python3.8/site-packages/airflow/example_dags/example_trigger_target_dag.py
[2025-09-13T11:46:58.845+0545] {processor.py:914} INFO - Processing file /home/ashok/miniconda3/envs/mysecondenvironment/lib/python3.8/site-packages/airflow/example_dags/example_trigger_target_dag.py for tasks to queue
[2025-09-13T11:46:58.846+0545] {logging_mixin.py:190} INFO - [2025-09-13T11:46:58.845+0545] {dagbag.py:588} INFO - Filling up the DagBag from /home/ashok/miniconda3/envs/mysecondenvironment/lib/python3.8/site-packages/airflow/example_dags/example_trigger_target_dag.py
[2025-09-13T11:46:58.852+0545] {processor.py:925} INFO - DAG(s) 'example_trigger_target_dag' retrieved from /home/ashok/miniconda3/envs/mysecondenvironment/lib/python3.8/site-packages/airflow/example_dags/example_trigger_target_dag.py
[2025-09-13T11:46:58.863+0545] {logging_mixin.py:190} INFO - [2025-09-13T11:46:58.863+0545] {dag.py:3239} INFO - Sync 1 DAGs
[2025-09-13T11:46:58.870+0545] {logging_mixin.py:190} INFO - [2025-09-13T11:46:58.870+0545] {dag.py:4180} INFO - Setting next_dagrun for example_trigger_target_dag to None, run_after=None
[2025-09-13T11:46:58.886+0545] {processor.py:208} INFO - Processing /home/ashok/miniconda3/envs/mysecondenvironment/lib/python3.8/site-packages/airflow/example_dags/example_trigger_target_dag.py took 0.047 seconds
