[2025-09-13T11:32:50.072+0545] {processor.py:186} INFO - Started process (PID=117020) to work on /home/ashok/miniconda3/envs/mysecondenvironment/lib/python3.8/site-packages/airflow/example_dags/example_python_decorator.py
[2025-09-13T11:32:50.073+0545] {processor.py:914} INFO - Processing file /home/ashok/miniconda3/envs/mysecondenvironment/lib/python3.8/site-packages/airflow/example_dags/example_python_decorator.py for tasks to queue
[2025-09-13T11:32:50.074+0545] {logging_mixin.py:190} INFO - [2025-09-13T11:32:50.074+0545] {dagbag.py:588} INFO - Filling up the DagBag from /home/ashok/miniconda3/envs/mysecondenvironment/lib/python3.8/site-packages/airflow/example_dags/example_python_decorator.py
[2025-09-13T11:32:50.079+0545] {logging_mixin.py:190} INFO - [2025-09-13T11:32:50.079+0545] {example_python_decorator.py:80} WARNING - The virtalenv_python example task requires virtualenv, please install it.
[2025-09-13T11:32:50.080+0545] {processor.py:925} INFO - DAG(s) 'example_python_decorator' retrieved from /home/ashok/miniconda3/envs/mysecondenvironment/lib/python3.8/site-packages/airflow/example_dags/example_python_decorator.py
[2025-09-13T11:32:50.090+0545] {logging_mixin.py:190} INFO - [2025-09-13T11:32:50.090+0545] {dag.py:3239} INFO - Sync 1 DAGs
[2025-09-13T11:32:50.096+0545] {logging_mixin.py:190} INFO - [2025-09-13T11:32:50.096+0545] {dag.py:4180} INFO - Setting next_dagrun for example_python_decorator to None, run_after=None
[2025-09-13T11:32:50.114+0545] {processor.py:208} INFO - Processing /home/ashok/miniconda3/envs/mysecondenvironment/lib/python3.8/site-packages/airflow/example_dags/example_python_decorator.py took 0.046 seconds
[2025-09-13T11:35:19.073+0545] {processor.py:186} INFO - Started process (PID=118211) to work on /home/ashok/miniconda3/envs/mysecondenvironment/lib/python3.8/site-packages/airflow/example_dags/example_python_decorator.py
[2025-09-13T11:35:19.075+0545] {processor.py:914} INFO - Processing file /home/ashok/miniconda3/envs/mysecondenvironment/lib/python3.8/site-packages/airflow/example_dags/example_python_decorator.py for tasks to queue
[2025-09-13T11:35:19.076+0545] {logging_mixin.py:190} INFO - [2025-09-13T11:35:19.076+0545] {dagbag.py:588} INFO - Filling up the DagBag from /home/ashok/miniconda3/envs/mysecondenvironment/lib/python3.8/site-packages/airflow/example_dags/example_python_decorator.py
[2025-09-13T11:35:19.080+0545] {logging_mixin.py:190} INFO - [2025-09-13T11:35:19.080+0545] {example_python_decorator.py:80} WARNING - The virtalenv_python example task requires virtualenv, please install it.
[2025-09-13T11:35:19.081+0545] {processor.py:925} INFO - DAG(s) 'example_python_decorator' retrieved from /home/ashok/miniconda3/envs/mysecondenvironment/lib/python3.8/site-packages/airflow/example_dags/example_python_decorator.py
[2025-09-13T11:35:19.091+0545] {logging_mixin.py:190} INFO - [2025-09-13T11:35:19.091+0545] {dag.py:3239} INFO - Sync 1 DAGs
[2025-09-13T11:35:19.097+0545] {logging_mixin.py:190} INFO - [2025-09-13T11:35:19.096+0545] {dag.py:4180} INFO - Setting next_dagrun for example_python_decorator to None, run_after=None
[2025-09-13T11:35:19.114+0545] {processor.py:208} INFO - Processing /home/ashok/miniconda3/envs/mysecondenvironment/lib/python3.8/site-packages/airflow/example_dags/example_python_decorator.py took 0.044 seconds
[2025-09-13T11:36:13.575+0545] {processor.py:186} INFO - Started process (PID=118570) to work on /home/ashok/miniconda3/envs/mysecondenvironment/lib/python3.8/site-packages/airflow/example_dags/example_python_decorator.py
[2025-09-13T11:36:13.577+0545] {processor.py:914} INFO - Processing file /home/ashok/miniconda3/envs/mysecondenvironment/lib/python3.8/site-packages/airflow/example_dags/example_python_decorator.py for tasks to queue
[2025-09-13T11:36:13.579+0545] {logging_mixin.py:190} INFO - [2025-09-13T11:36:13.579+0545] {dagbag.py:588} INFO - Filling up the DagBag from /home/ashok/miniconda3/envs/mysecondenvironment/lib/python3.8/site-packages/airflow/example_dags/example_python_decorator.py
[2025-09-13T11:36:13.584+0545] {logging_mixin.py:190} INFO - [2025-09-13T11:36:13.584+0545] {example_python_decorator.py:80} WARNING - The virtalenv_python example task requires virtualenv, please install it.
[2025-09-13T11:36:13.586+0545] {processor.py:925} INFO - DAG(s) 'example_python_decorator' retrieved from /home/ashok/miniconda3/envs/mysecondenvironment/lib/python3.8/site-packages/airflow/example_dags/example_python_decorator.py
[2025-09-13T11:36:13.597+0545] {logging_mixin.py:190} INFO - [2025-09-13T11:36:13.597+0545] {dag.py:3239} INFO - Sync 1 DAGs
[2025-09-13T11:36:13.603+0545] {logging_mixin.py:190} INFO - [2025-09-13T11:36:13.603+0545] {dag.py:4180} INFO - Setting next_dagrun for example_python_decorator to None, run_after=None
[2025-09-13T11:36:13.620+0545] {processor.py:208} INFO - Processing /home/ashok/miniconda3/envs/mysecondenvironment/lib/python3.8/site-packages/airflow/example_dags/example_python_decorator.py took 0.051 seconds
[2025-09-13T11:37:10.889+0545] {processor.py:186} INFO - Started process (PID=118940) to work on /home/ashok/miniconda3/envs/mysecondenvironment/lib/python3.8/site-packages/airflow/example_dags/example_python_decorator.py
[2025-09-13T11:37:10.891+0545] {processor.py:914} INFO - Processing file /home/ashok/miniconda3/envs/mysecondenvironment/lib/python3.8/site-packages/airflow/example_dags/example_python_decorator.py for tasks to queue
[2025-09-13T11:37:10.892+0545] {logging_mixin.py:190} INFO - [2025-09-13T11:37:10.892+0545] {dagbag.py:588} INFO - Filling up the DagBag from /home/ashok/miniconda3/envs/mysecondenvironment/lib/python3.8/site-packages/airflow/example_dags/example_python_decorator.py
[2025-09-13T11:37:10.897+0545] {logging_mixin.py:190} INFO - [2025-09-13T11:37:10.897+0545] {example_python_decorator.py:80} WARNING - The virtalenv_python example task requires virtualenv, please install it.
[2025-09-13T11:37:10.898+0545] {processor.py:925} INFO - DAG(s) 'example_python_decorator' retrieved from /home/ashok/miniconda3/envs/mysecondenvironment/lib/python3.8/site-packages/airflow/example_dags/example_python_decorator.py
[2025-09-13T11:37:10.909+0545] {logging_mixin.py:190} INFO - [2025-09-13T11:37:10.909+0545] {dag.py:3239} INFO - Sync 1 DAGs
[2025-09-13T11:37:10.915+0545] {logging_mixin.py:190} INFO - [2025-09-13T11:37:10.915+0545] {dag.py:4180} INFO - Setting next_dagrun for example_python_decorator to None, run_after=None
[2025-09-13T11:37:10.932+0545] {processor.py:208} INFO - Processing /home/ashok/miniconda3/envs/mysecondenvironment/lib/python3.8/site-packages/airflow/example_dags/example_python_decorator.py took 0.046 seconds
[2025-09-13T11:38:06.069+0545] {processor.py:186} INFO - Started process (PID=119287) to work on /home/ashok/miniconda3/envs/mysecondenvironment/lib/python3.8/site-packages/airflow/example_dags/example_python_decorator.py
[2025-09-13T11:38:06.072+0545] {processor.py:914} INFO - Processing file /home/ashok/miniconda3/envs/mysecondenvironment/lib/python3.8/site-packages/airflow/example_dags/example_python_decorator.py for tasks to queue
[2025-09-13T11:38:06.074+0545] {logging_mixin.py:190} INFO - [2025-09-13T11:38:06.073+0545] {dagbag.py:588} INFO - Filling up the DagBag from /home/ashok/miniconda3/envs/mysecondenvironment/lib/python3.8/site-packages/airflow/example_dags/example_python_decorator.py
[2025-09-13T11:38:06.078+0545] {logging_mixin.py:190} INFO - [2025-09-13T11:38:06.078+0545] {example_python_decorator.py:80} WARNING - The virtalenv_python example task requires virtualenv, please install it.
[2025-09-13T11:38:06.079+0545] {processor.py:925} INFO - DAG(s) 'example_python_decorator' retrieved from /home/ashok/miniconda3/envs/mysecondenvironment/lib/python3.8/site-packages/airflow/example_dags/example_python_decorator.py
[2025-09-13T11:38:06.088+0545] {logging_mixin.py:190} INFO - [2025-09-13T11:38:06.088+0545] {dag.py:3239} INFO - Sync 1 DAGs
[2025-09-13T11:38:06.093+0545] {logging_mixin.py:190} INFO - [2025-09-13T11:38:06.093+0545] {dag.py:4180} INFO - Setting next_dagrun for example_python_decorator to None, run_after=None
[2025-09-13T11:38:06.109+0545] {processor.py:208} INFO - Processing /home/ashok/miniconda3/envs/mysecondenvironment/lib/python3.8/site-packages/airflow/example_dags/example_python_decorator.py took 0.044 seconds
[2025-09-13T11:39:03.307+0545] {processor.py:186} INFO - Started process (PID=119656) to work on /home/ashok/miniconda3/envs/mysecondenvironment/lib/python3.8/site-packages/airflow/example_dags/example_python_decorator.py
[2025-09-13T11:39:03.309+0545] {processor.py:914} INFO - Processing file /home/ashok/miniconda3/envs/mysecondenvironment/lib/python3.8/site-packages/airflow/example_dags/example_python_decorator.py for tasks to queue
[2025-09-13T11:39:03.311+0545] {logging_mixin.py:190} INFO - [2025-09-13T11:39:03.311+0545] {dagbag.py:588} INFO - Filling up the DagBag from /home/ashok/miniconda3/envs/mysecondenvironment/lib/python3.8/site-packages/airflow/example_dags/example_python_decorator.py
[2025-09-13T11:39:03.317+0545] {logging_mixin.py:190} INFO - [2025-09-13T11:39:03.317+0545] {example_python_decorator.py:80} WARNING - The virtalenv_python example task requires virtualenv, please install it.
[2025-09-13T11:39:03.318+0545] {processor.py:925} INFO - DAG(s) 'example_python_decorator' retrieved from /home/ashok/miniconda3/envs/mysecondenvironment/lib/python3.8/site-packages/airflow/example_dags/example_python_decorator.py
[2025-09-13T11:39:03.329+0545] {logging_mixin.py:190} INFO - [2025-09-13T11:39:03.329+0545] {dag.py:3239} INFO - Sync 1 DAGs
[2025-09-13T11:39:03.336+0545] {logging_mixin.py:190} INFO - [2025-09-13T11:39:03.336+0545] {dag.py:4180} INFO - Setting next_dagrun for example_python_decorator to None, run_after=None
[2025-09-13T11:39:03.354+0545] {processor.py:208} INFO - Processing /home/ashok/miniconda3/envs/mysecondenvironment/lib/python3.8/site-packages/airflow/example_dags/example_python_decorator.py took 0.053 seconds
[2025-09-13T11:39:59.658+0545] {processor.py:186} INFO - Started process (PID=120019) to work on /home/ashok/miniconda3/envs/mysecondenvironment/lib/python3.8/site-packages/airflow/example_dags/example_python_decorator.py
[2025-09-13T11:39:59.659+0545] {processor.py:914} INFO - Processing file /home/ashok/miniconda3/envs/mysecondenvironment/lib/python3.8/site-packages/airflow/example_dags/example_python_decorator.py for tasks to queue
[2025-09-13T11:39:59.661+0545] {logging_mixin.py:190} INFO - [2025-09-13T11:39:59.660+0545] {dagbag.py:588} INFO - Filling up the DagBag from /home/ashok/miniconda3/envs/mysecondenvironment/lib/python3.8/site-packages/airflow/example_dags/example_python_decorator.py
[2025-09-13T11:39:59.666+0545] {logging_mixin.py:190} INFO - [2025-09-13T11:39:59.666+0545] {example_python_decorator.py:80} WARNING - The virtalenv_python example task requires virtualenv, please install it.
[2025-09-13T11:39:59.667+0545] {processor.py:925} INFO - DAG(s) 'example_python_decorator' retrieved from /home/ashok/miniconda3/envs/mysecondenvironment/lib/python3.8/site-packages/airflow/example_dags/example_python_decorator.py
[2025-09-13T11:39:59.677+0545] {logging_mixin.py:190} INFO - [2025-09-13T11:39:59.677+0545] {dag.py:3239} INFO - Sync 1 DAGs
[2025-09-13T11:39:59.683+0545] {logging_mixin.py:190} INFO - [2025-09-13T11:39:59.683+0545] {dag.py:4180} INFO - Setting next_dagrun for example_python_decorator to None, run_after=None
[2025-09-13T11:39:59.701+0545] {processor.py:208} INFO - Processing /home/ashok/miniconda3/envs/mysecondenvironment/lib/python3.8/site-packages/airflow/example_dags/example_python_decorator.py took 0.047 seconds
[2025-09-13T11:40:52.852+0545] {processor.py:186} INFO - Started process (PID=120364) to work on /home/ashok/miniconda3/envs/mysecondenvironment/lib/python3.8/site-packages/airflow/example_dags/example_python_decorator.py
[2025-09-13T11:40:52.854+0545] {processor.py:914} INFO - Processing file /home/ashok/miniconda3/envs/mysecondenvironment/lib/python3.8/site-packages/airflow/example_dags/example_python_decorator.py for tasks to queue
[2025-09-13T11:40:52.855+0545] {logging_mixin.py:190} INFO - [2025-09-13T11:40:52.855+0545] {dagbag.py:588} INFO - Filling up the DagBag from /home/ashok/miniconda3/envs/mysecondenvironment/lib/python3.8/site-packages/airflow/example_dags/example_python_decorator.py
[2025-09-13T11:40:52.859+0545] {logging_mixin.py:190} INFO - [2025-09-13T11:40:52.859+0545] {example_python_decorator.py:80} WARNING - The virtalenv_python example task requires virtualenv, please install it.
[2025-09-13T11:40:52.861+0545] {processor.py:925} INFO - DAG(s) 'example_python_decorator' retrieved from /home/ashok/miniconda3/envs/mysecondenvironment/lib/python3.8/site-packages/airflow/example_dags/example_python_decorator.py
[2025-09-13T11:40:52.870+0545] {logging_mixin.py:190} INFO - [2025-09-13T11:40:52.869+0545] {dag.py:3239} INFO - Sync 1 DAGs
[2025-09-13T11:40:52.875+0545] {logging_mixin.py:190} INFO - [2025-09-13T11:40:52.875+0545] {dag.py:4180} INFO - Setting next_dagrun for example_python_decorator to None, run_after=None
[2025-09-13T11:40:52.894+0545] {processor.py:208} INFO - Processing /home/ashok/miniconda3/envs/mysecondenvironment/lib/python3.8/site-packages/airflow/example_dags/example_python_decorator.py took 0.045 seconds
[2025-09-13T11:42:08.216+0545] {processor.py:186} INFO - Started process (PID=120996) to work on /home/ashok/miniconda3/envs/mysecondenvironment/lib/python3.8/site-packages/airflow/example_dags/example_python_decorator.py
[2025-09-13T11:42:08.218+0545] {processor.py:914} INFO - Processing file /home/ashok/miniconda3/envs/mysecondenvironment/lib/python3.8/site-packages/airflow/example_dags/example_python_decorator.py for tasks to queue
[2025-09-13T11:42:08.220+0545] {logging_mixin.py:190} INFO - [2025-09-13T11:42:08.220+0545] {dagbag.py:588} INFO - Filling up the DagBag from /home/ashok/miniconda3/envs/mysecondenvironment/lib/python3.8/site-packages/airflow/example_dags/example_python_decorator.py
[2025-09-13T11:42:08.225+0545] {logging_mixin.py:190} INFO - [2025-09-13T11:42:08.225+0545] {example_python_decorator.py:80} WARNING - The virtalenv_python example task requires virtualenv, please install it.
[2025-09-13T11:42:08.226+0545] {processor.py:925} INFO - DAG(s) 'example_python_decorator' retrieved from /home/ashok/miniconda3/envs/mysecondenvironment/lib/python3.8/site-packages/airflow/example_dags/example_python_decorator.py
[2025-09-13T11:42:08.237+0545] {logging_mixin.py:190} INFO - [2025-09-13T11:42:08.236+0545] {dag.py:3239} INFO - Sync 1 DAGs
[2025-09-13T11:42:08.244+0545] {logging_mixin.py:190} INFO - [2025-09-13T11:42:08.243+0545] {dag.py:4180} INFO - Setting next_dagrun for example_python_decorator to None, run_after=None
[2025-09-13T11:42:08.262+0545] {processor.py:208} INFO - Processing /home/ashok/miniconda3/envs/mysecondenvironment/lib/python3.8/site-packages/airflow/example_dags/example_python_decorator.py took 0.049 seconds
[2025-09-13T11:44:19.717+0545] {processor.py:186} INFO - Started process (PID=123167) to work on /home/ashok/miniconda3/envs/mysecondenvironment/lib/python3.8/site-packages/airflow/example_dags/example_python_decorator.py
[2025-09-13T11:44:19.719+0545] {processor.py:914} INFO - Processing file /home/ashok/miniconda3/envs/mysecondenvironment/lib/python3.8/site-packages/airflow/example_dags/example_python_decorator.py for tasks to queue
[2025-09-13T11:44:19.720+0545] {logging_mixin.py:190} INFO - [2025-09-13T11:44:19.720+0545] {dagbag.py:588} INFO - Filling up the DagBag from /home/ashok/miniconda3/envs/mysecondenvironment/lib/python3.8/site-packages/airflow/example_dags/example_python_decorator.py
[2025-09-13T11:44:19.724+0545] {logging_mixin.py:190} INFO - [2025-09-13T11:44:19.724+0545] {example_python_decorator.py:80} WARNING - The virtalenv_python example task requires virtualenv, please install it.
[2025-09-13T11:44:19.726+0545] {processor.py:925} INFO - DAG(s) 'example_python_decorator' retrieved from /home/ashok/miniconda3/envs/mysecondenvironment/lib/python3.8/site-packages/airflow/example_dags/example_python_decorator.py
[2025-09-13T11:44:19.738+0545] {logging_mixin.py:190} INFO - [2025-09-13T11:44:19.737+0545] {dag.py:3239} INFO - Sync 1 DAGs
[2025-09-13T11:44:19.744+0545] {logging_mixin.py:190} INFO - [2025-09-13T11:44:19.744+0545] {dag.py:4180} INFO - Setting next_dagrun for example_python_decorator to None, run_after=None
[2025-09-13T11:44:19.759+0545] {processor.py:208} INFO - Processing /home/ashok/miniconda3/envs/mysecondenvironment/lib/python3.8/site-packages/airflow/example_dags/example_python_decorator.py took 0.047 seconds
[2025-09-13T11:45:22.179+0545] {processor.py:186} INFO - Started process (PID=123655) to work on /home/ashok/miniconda3/envs/mysecondenvironment/lib/python3.8/site-packages/airflow/example_dags/example_python_decorator.py
[2025-09-13T11:45:22.182+0545] {processor.py:914} INFO - Processing file /home/ashok/miniconda3/envs/mysecondenvironment/lib/python3.8/site-packages/airflow/example_dags/example_python_decorator.py for tasks to queue
[2025-09-13T11:45:22.183+0545] {logging_mixin.py:190} INFO - [2025-09-13T11:45:22.183+0545] {dagbag.py:588} INFO - Filling up the DagBag from /home/ashok/miniconda3/envs/mysecondenvironment/lib/python3.8/site-packages/airflow/example_dags/example_python_decorator.py
[2025-09-13T11:45:22.187+0545] {logging_mixin.py:190} INFO - [2025-09-13T11:45:22.187+0545] {example_python_decorator.py:80} WARNING - The virtalenv_python example task requires virtualenv, please install it.
[2025-09-13T11:45:22.188+0545] {processor.py:925} INFO - DAG(s) 'example_python_decorator' retrieved from /home/ashok/miniconda3/envs/mysecondenvironment/lib/python3.8/site-packages/airflow/example_dags/example_python_decorator.py
[2025-09-13T11:45:22.197+0545] {logging_mixin.py:190} INFO - [2025-09-13T11:45:22.197+0545] {dag.py:3239} INFO - Sync 1 DAGs
[2025-09-13T11:45:22.202+0545] {logging_mixin.py:190} INFO - [2025-09-13T11:45:22.202+0545] {dag.py:4180} INFO - Setting next_dagrun for example_python_decorator to None, run_after=None
[2025-09-13T11:45:22.219+0545] {processor.py:208} INFO - Processing /home/ashok/miniconda3/envs/mysecondenvironment/lib/python3.8/site-packages/airflow/example_dags/example_python_decorator.py took 0.043 seconds
[2025-09-13T11:46:17.590+0545] {processor.py:186} INFO - Started process (PID=124205) to work on /home/ashok/miniconda3/envs/mysecondenvironment/lib/python3.8/site-packages/airflow/example_dags/example_python_decorator.py
[2025-09-13T11:46:17.592+0545] {processor.py:914} INFO - Processing file /home/ashok/miniconda3/envs/mysecondenvironment/lib/python3.8/site-packages/airflow/example_dags/example_python_decorator.py for tasks to queue
[2025-09-13T11:46:17.593+0545] {logging_mixin.py:190} INFO - [2025-09-13T11:46:17.593+0545] {dagbag.py:588} INFO - Filling up the DagBag from /home/ashok/miniconda3/envs/mysecondenvironment/lib/python3.8/site-packages/airflow/example_dags/example_python_decorator.py
[2025-09-13T11:46:17.597+0545] {logging_mixin.py:190} INFO - [2025-09-13T11:46:17.597+0545] {example_python_decorator.py:80} WARNING - The virtalenv_python example task requires virtualenv, please install it.
[2025-09-13T11:46:17.598+0545] {processor.py:925} INFO - DAG(s) 'example_python_decorator' retrieved from /home/ashok/miniconda3/envs/mysecondenvironment/lib/python3.8/site-packages/airflow/example_dags/example_python_decorator.py
[2025-09-13T11:46:17.606+0545] {logging_mixin.py:190} INFO - [2025-09-13T11:46:17.606+0545] {dag.py:3239} INFO - Sync 1 DAGs
[2025-09-13T11:46:17.612+0545] {logging_mixin.py:190} INFO - [2025-09-13T11:46:17.612+0545] {dag.py:4180} INFO - Setting next_dagrun for example_python_decorator to None, run_after=None
[2025-09-13T11:46:17.630+0545] {processor.py:208} INFO - Processing /home/ashok/miniconda3/envs/mysecondenvironment/lib/python3.8/site-packages/airflow/example_dags/example_python_decorator.py took 0.043 seconds
[2025-09-13T11:47:09.406+0545] {processor.py:186} INFO - Started process (PID=124716) to work on /home/ashok/miniconda3/envs/mysecondenvironment/lib/python3.8/site-packages/airflow/example_dags/example_python_decorator.py
[2025-09-13T11:47:09.408+0545] {processor.py:914} INFO - Processing file /home/ashok/miniconda3/envs/mysecondenvironment/lib/python3.8/site-packages/airflow/example_dags/example_python_decorator.py for tasks to queue
[2025-09-13T11:47:09.409+0545] {logging_mixin.py:190} INFO - [2025-09-13T11:47:09.409+0545] {dagbag.py:588} INFO - Filling up the DagBag from /home/ashok/miniconda3/envs/mysecondenvironment/lib/python3.8/site-packages/airflow/example_dags/example_python_decorator.py
[2025-09-13T11:47:09.414+0545] {logging_mixin.py:190} INFO - [2025-09-13T11:47:09.414+0545] {example_python_decorator.py:80} WARNING - The virtalenv_python example task requires virtualenv, please install it.
[2025-09-13T11:47:09.415+0545] {processor.py:925} INFO - DAG(s) 'example_python_decorator' retrieved from /home/ashok/miniconda3/envs/mysecondenvironment/lib/python3.8/site-packages/airflow/example_dags/example_python_decorator.py
[2025-09-13T11:47:09.426+0545] {logging_mixin.py:190} INFO - [2025-09-13T11:47:09.425+0545] {dag.py:3239} INFO - Sync 1 DAGs
[2025-09-13T11:47:09.432+0545] {logging_mixin.py:190} INFO - [2025-09-13T11:47:09.432+0545] {dag.py:4180} INFO - Setting next_dagrun for example_python_decorator to None, run_after=None
[2025-09-13T11:47:09.449+0545] {processor.py:208} INFO - Processing /home/ashok/miniconda3/envs/mysecondenvironment/lib/python3.8/site-packages/airflow/example_dags/example_python_decorator.py took 0.047 seconds
