[2025-09-13T11:33:00.479+0545] {processor.py:186} INFO - Started process (PID=117110) to work on /home/ashok/miniconda3/envs/mysecondenvironment/lib/python3.8/site-packages/airflow/example_dags/example_nested_branch_dag.py
[2025-09-13T11:33:00.480+0545] {processor.py:914} INFO - Processing file /home/ashok/miniconda3/envs/mysecondenvironment/lib/python3.8/site-packages/airflow/example_dags/example_nested_branch_dag.py for tasks to queue
[2025-09-13T11:33:00.481+0545] {logging_mixin.py:190} INFO - [2025-09-13T11:33:00.480+0545] {dagbag.py:588} INFO - Filling up the DagBag from /home/ashok/miniconda3/envs/mysecondenvironment/lib/python3.8/site-packages/airflow/example_dags/example_nested_branch_dag.py
[2025-09-13T11:33:00.487+0545] {processor.py:925} INFO - DAG(s) 'example_nested_branch_dag' retrieved from /home/ashok/miniconda3/envs/mysecondenvironment/lib/python3.8/site-packages/airflow/example_dags/example_nested_branch_dag.py
[2025-09-13T11:33:00.496+0545] {logging_mixin.py:190} INFO - [2025-09-13T11:33:00.495+0545] {dag.py:3239} INFO - Sync 1 DAGs
[2025-09-13T11:33:00.505+0545] {logging_mixin.py:190} INFO - [2025-09-13T11:33:00.504+0545] {dag.py:4180} INFO - Setting next_dagrun for example_nested_branch_dag to 2025-09-12 00:00:00+00:00, run_after=2025-09-13 00:00:00+00:00
[2025-09-13T11:33:00.524+0545] {processor.py:208} INFO - Processing /home/ashok/miniconda3/envs/mysecondenvironment/lib/python3.8/site-packages/airflow/example_dags/example_nested_branch_dag.py took 0.048 seconds
[2025-09-13T11:35:28.221+0545] {processor.py:186} INFO - Started process (PID=118263) to work on /home/ashok/miniconda3/envs/mysecondenvironment/lib/python3.8/site-packages/airflow/example_dags/example_nested_branch_dag.py
[2025-09-13T11:35:28.223+0545] {processor.py:914} INFO - Processing file /home/ashok/miniconda3/envs/mysecondenvironment/lib/python3.8/site-packages/airflow/example_dags/example_nested_branch_dag.py for tasks to queue
[2025-09-13T11:35:28.224+0545] {logging_mixin.py:190} INFO - [2025-09-13T11:35:28.224+0545] {dagbag.py:588} INFO - Filling up the DagBag from /home/ashok/miniconda3/envs/mysecondenvironment/lib/python3.8/site-packages/airflow/example_dags/example_nested_branch_dag.py
[2025-09-13T11:35:28.230+0545] {processor.py:925} INFO - DAG(s) 'example_nested_branch_dag' retrieved from /home/ashok/miniconda3/envs/mysecondenvironment/lib/python3.8/site-packages/airflow/example_dags/example_nested_branch_dag.py
[2025-09-13T11:35:28.239+0545] {logging_mixin.py:190} INFO - [2025-09-13T11:35:28.239+0545] {dag.py:3239} INFO - Sync 1 DAGs
[2025-09-13T11:35:28.248+0545] {logging_mixin.py:190} INFO - [2025-09-13T11:35:28.248+0545] {dag.py:4180} INFO - Setting next_dagrun for example_nested_branch_dag to 2025-09-12 00:00:00+00:00, run_after=2025-09-13 00:00:00+00:00
[2025-09-13T11:35:28.265+0545] {processor.py:208} INFO - Processing /home/ashok/miniconda3/envs/mysecondenvironment/lib/python3.8/site-packages/airflow/example_dags/example_nested_branch_dag.py took 0.047 seconds
[2025-09-13T11:36:24.840+0545] {processor.py:186} INFO - Started process (PID=118644) to work on /home/ashok/miniconda3/envs/mysecondenvironment/lib/python3.8/site-packages/airflow/example_dags/example_nested_branch_dag.py
[2025-09-13T11:36:24.842+0545] {processor.py:914} INFO - Processing file /home/ashok/miniconda3/envs/mysecondenvironment/lib/python3.8/site-packages/airflow/example_dags/example_nested_branch_dag.py for tasks to queue
[2025-09-13T11:36:24.844+0545] {logging_mixin.py:190} INFO - [2025-09-13T11:36:24.843+0545] {dagbag.py:588} INFO - Filling up the DagBag from /home/ashok/miniconda3/envs/mysecondenvironment/lib/python3.8/site-packages/airflow/example_dags/example_nested_branch_dag.py
[2025-09-13T11:36:24.850+0545] {processor.py:925} INFO - DAG(s) 'example_nested_branch_dag' retrieved from /home/ashok/miniconda3/envs/mysecondenvironment/lib/python3.8/site-packages/airflow/example_dags/example_nested_branch_dag.py
[2025-09-13T11:36:24.858+0545] {logging_mixin.py:190} INFO - [2025-09-13T11:36:24.858+0545] {dag.py:3239} INFO - Sync 1 DAGs
[2025-09-13T11:36:24.867+0545] {logging_mixin.py:190} INFO - [2025-09-13T11:36:24.867+0545] {dag.py:4180} INFO - Setting next_dagrun for example_nested_branch_dag to 2025-09-12 00:00:00+00:00, run_after=2025-09-13 00:00:00+00:00
[2025-09-13T11:36:24.887+0545] {processor.py:208} INFO - Processing /home/ashok/miniconda3/envs/mysecondenvironment/lib/python3.8/site-packages/airflow/example_dags/example_nested_branch_dag.py took 0.051 seconds
[2025-09-13T11:37:21.564+0545] {processor.py:186} INFO - Started process (PID=119004) to work on /home/ashok/miniconda3/envs/mysecondenvironment/lib/python3.8/site-packages/airflow/example_dags/example_nested_branch_dag.py
[2025-09-13T11:37:21.565+0545] {processor.py:914} INFO - Processing file /home/ashok/miniconda3/envs/mysecondenvironment/lib/python3.8/site-packages/airflow/example_dags/example_nested_branch_dag.py for tasks to queue
[2025-09-13T11:37:21.567+0545] {logging_mixin.py:190} INFO - [2025-09-13T11:37:21.567+0545] {dagbag.py:588} INFO - Filling up the DagBag from /home/ashok/miniconda3/envs/mysecondenvironment/lib/python3.8/site-packages/airflow/example_dags/example_nested_branch_dag.py
[2025-09-13T11:37:21.575+0545] {processor.py:925} INFO - DAG(s) 'example_nested_branch_dag' retrieved from /home/ashok/miniconda3/envs/mysecondenvironment/lib/python3.8/site-packages/airflow/example_dags/example_nested_branch_dag.py
[2025-09-13T11:37:21.584+0545] {logging_mixin.py:190} INFO - [2025-09-13T11:37:21.584+0545] {dag.py:3239} INFO - Sync 1 DAGs
[2025-09-13T11:37:21.595+0545] {logging_mixin.py:190} INFO - [2025-09-13T11:37:21.595+0545] {dag.py:4180} INFO - Setting next_dagrun for example_nested_branch_dag to 2025-09-12 00:00:00+00:00, run_after=2025-09-13 00:00:00+00:00
[2025-09-13T11:37:21.612+0545] {processor.py:208} INFO - Processing /home/ashok/miniconda3/envs/mysecondenvironment/lib/python3.8/site-packages/airflow/example_dags/example_nested_branch_dag.py took 0.051 seconds
[2025-09-13T11:38:17.341+0545] {processor.py:186} INFO - Started process (PID=119360) to work on /home/ashok/miniconda3/envs/mysecondenvironment/lib/python3.8/site-packages/airflow/example_dags/example_nested_branch_dag.py
[2025-09-13T11:38:17.342+0545] {processor.py:914} INFO - Processing file /home/ashok/miniconda3/envs/mysecondenvironment/lib/python3.8/site-packages/airflow/example_dags/example_nested_branch_dag.py for tasks to queue
[2025-09-13T11:38:17.343+0545] {logging_mixin.py:190} INFO - [2025-09-13T11:38:17.343+0545] {dagbag.py:588} INFO - Filling up the DagBag from /home/ashok/miniconda3/envs/mysecondenvironment/lib/python3.8/site-packages/airflow/example_dags/example_nested_branch_dag.py
[2025-09-13T11:38:17.350+0545] {processor.py:925} INFO - DAG(s) 'example_nested_branch_dag' retrieved from /home/ashok/miniconda3/envs/mysecondenvironment/lib/python3.8/site-packages/airflow/example_dags/example_nested_branch_dag.py
[2025-09-13T11:38:17.360+0545] {logging_mixin.py:190} INFO - [2025-09-13T11:38:17.360+0545] {dag.py:3239} INFO - Sync 1 DAGs
[2025-09-13T11:38:17.370+0545] {logging_mixin.py:190} INFO - [2025-09-13T11:38:17.370+0545] {dag.py:4180} INFO - Setting next_dagrun for example_nested_branch_dag to 2025-09-12 00:00:00+00:00, run_after=2025-09-13 00:00:00+00:00
[2025-09-13T11:38:17.385+0545] {processor.py:208} INFO - Processing /home/ashok/miniconda3/envs/mysecondenvironment/lib/python3.8/site-packages/airflow/example_dags/example_nested_branch_dag.py took 0.048 seconds
[2025-09-13T11:39:14.726+0545] {processor.py:186} INFO - Started process (PID=119727) to work on /home/ashok/miniconda3/envs/mysecondenvironment/lib/python3.8/site-packages/airflow/example_dags/example_nested_branch_dag.py
[2025-09-13T11:39:14.728+0545] {processor.py:914} INFO - Processing file /home/ashok/miniconda3/envs/mysecondenvironment/lib/python3.8/site-packages/airflow/example_dags/example_nested_branch_dag.py for tasks to queue
[2025-09-13T11:39:14.729+0545] {logging_mixin.py:190} INFO - [2025-09-13T11:39:14.729+0545] {dagbag.py:588} INFO - Filling up the DagBag from /home/ashok/miniconda3/envs/mysecondenvironment/lib/python3.8/site-packages/airflow/example_dags/example_nested_branch_dag.py
[2025-09-13T11:39:14.736+0545] {processor.py:925} INFO - DAG(s) 'example_nested_branch_dag' retrieved from /home/ashok/miniconda3/envs/mysecondenvironment/lib/python3.8/site-packages/airflow/example_dags/example_nested_branch_dag.py
[2025-09-13T11:39:14.746+0545] {logging_mixin.py:190} INFO - [2025-09-13T11:39:14.746+0545] {dag.py:3239} INFO - Sync 1 DAGs
[2025-09-13T11:39:14.755+0545] {logging_mixin.py:190} INFO - [2025-09-13T11:39:14.755+0545] {dag.py:4180} INFO - Setting next_dagrun for example_nested_branch_dag to 2025-09-12 00:00:00+00:00, run_after=2025-09-13 00:00:00+00:00
[2025-09-13T11:39:14.770+0545] {processor.py:208} INFO - Processing /home/ashok/miniconda3/envs/mysecondenvironment/lib/python3.8/site-packages/airflow/example_dags/example_nested_branch_dag.py took 0.048 seconds
[2025-09-13T11:40:09.943+0545] {processor.py:186} INFO - Started process (PID=120079) to work on /home/ashok/miniconda3/envs/mysecondenvironment/lib/python3.8/site-packages/airflow/example_dags/example_nested_branch_dag.py
[2025-09-13T11:40:09.945+0545] {processor.py:914} INFO - Processing file /home/ashok/miniconda3/envs/mysecondenvironment/lib/python3.8/site-packages/airflow/example_dags/example_nested_branch_dag.py for tasks to queue
[2025-09-13T11:40:09.946+0545] {logging_mixin.py:190} INFO - [2025-09-13T11:40:09.946+0545] {dagbag.py:588} INFO - Filling up the DagBag from /home/ashok/miniconda3/envs/mysecondenvironment/lib/python3.8/site-packages/airflow/example_dags/example_nested_branch_dag.py
[2025-09-13T11:40:09.956+0545] {processor.py:925} INFO - DAG(s) 'example_nested_branch_dag' retrieved from /home/ashok/miniconda3/envs/mysecondenvironment/lib/python3.8/site-packages/airflow/example_dags/example_nested_branch_dag.py
[2025-09-13T11:40:09.966+0545] {logging_mixin.py:190} INFO - [2025-09-13T11:40:09.965+0545] {dag.py:3239} INFO - Sync 1 DAGs
[2025-09-13T11:40:09.975+0545] {logging_mixin.py:190} INFO - [2025-09-13T11:40:09.975+0545] {dag.py:4180} INFO - Setting next_dagrun for example_nested_branch_dag to 2025-09-12 00:00:00+00:00, run_after=2025-09-13 00:00:00+00:00
[2025-09-13T11:40:09.991+0545] {processor.py:208} INFO - Processing /home/ashok/miniconda3/envs/mysecondenvironment/lib/python3.8/site-packages/airflow/example_dags/example_nested_branch_dag.py took 0.051 seconds
[2025-09-13T11:41:03.151+0545] {processor.py:186} INFO - Started process (PID=120425) to work on /home/ashok/miniconda3/envs/mysecondenvironment/lib/python3.8/site-packages/airflow/example_dags/example_nested_branch_dag.py
[2025-09-13T11:41:03.152+0545] {processor.py:914} INFO - Processing file /home/ashok/miniconda3/envs/mysecondenvironment/lib/python3.8/site-packages/airflow/example_dags/example_nested_branch_dag.py for tasks to queue
[2025-09-13T11:41:03.154+0545] {logging_mixin.py:190} INFO - [2025-09-13T11:41:03.154+0545] {dagbag.py:588} INFO - Filling up the DagBag from /home/ashok/miniconda3/envs/mysecondenvironment/lib/python3.8/site-packages/airflow/example_dags/example_nested_branch_dag.py
[2025-09-13T11:41:03.160+0545] {processor.py:925} INFO - DAG(s) 'example_nested_branch_dag' retrieved from /home/ashok/miniconda3/envs/mysecondenvironment/lib/python3.8/site-packages/airflow/example_dags/example_nested_branch_dag.py
[2025-09-13T11:41:03.168+0545] {logging_mixin.py:190} INFO - [2025-09-13T11:41:03.168+0545] {dag.py:3239} INFO - Sync 1 DAGs
[2025-09-13T11:41:03.177+0545] {logging_mixin.py:190} INFO - [2025-09-13T11:41:03.177+0545] {dag.py:4180} INFO - Setting next_dagrun for example_nested_branch_dag to 2025-09-12 00:00:00+00:00, run_after=2025-09-13 00:00:00+00:00
[2025-09-13T11:41:03.192+0545] {processor.py:208} INFO - Processing /home/ashok/miniconda3/envs/mysecondenvironment/lib/python3.8/site-packages/airflow/example_dags/example_nested_branch_dag.py took 0.045 seconds
[2025-09-13T11:42:17.373+0545] {processor.py:186} INFO - Started process (PID=121057) to work on /home/ashok/miniconda3/envs/mysecondenvironment/lib/python3.8/site-packages/airflow/example_dags/example_nested_branch_dag.py
[2025-09-13T11:42:17.375+0545] {processor.py:914} INFO - Processing file /home/ashok/miniconda3/envs/mysecondenvironment/lib/python3.8/site-packages/airflow/example_dags/example_nested_branch_dag.py for tasks to queue
[2025-09-13T11:42:17.376+0545] {logging_mixin.py:190} INFO - [2025-09-13T11:42:17.376+0545] {dagbag.py:588} INFO - Filling up the DagBag from /home/ashok/miniconda3/envs/mysecondenvironment/lib/python3.8/site-packages/airflow/example_dags/example_nested_branch_dag.py
[2025-09-13T11:42:17.382+0545] {processor.py:925} INFO - DAG(s) 'example_nested_branch_dag' retrieved from /home/ashok/miniconda3/envs/mysecondenvironment/lib/python3.8/site-packages/airflow/example_dags/example_nested_branch_dag.py
[2025-09-13T11:42:17.393+0545] {logging_mixin.py:190} INFO - [2025-09-13T11:42:17.393+0545] {dag.py:3239} INFO - Sync 1 DAGs
[2025-09-13T11:42:17.403+0545] {logging_mixin.py:190} INFO - [2025-09-13T11:42:17.403+0545] {dag.py:4180} INFO - Setting next_dagrun for example_nested_branch_dag to 2025-09-12 00:00:00+00:00, run_after=2025-09-13 00:00:00+00:00
[2025-09-13T11:42:17.417+0545] {processor.py:208} INFO - Processing /home/ashok/miniconda3/envs/mysecondenvironment/lib/python3.8/site-packages/airflow/example_dags/example_nested_branch_dag.py took 0.048 seconds
[2025-09-13T11:44:35.176+0545] {processor.py:186} INFO - Started process (PID=123323) to work on /home/ashok/miniconda3/envs/mysecondenvironment/lib/python3.8/site-packages/airflow/example_dags/example_nested_branch_dag.py
[2025-09-13T11:44:35.179+0545] {processor.py:914} INFO - Processing file /home/ashok/miniconda3/envs/mysecondenvironment/lib/python3.8/site-packages/airflow/example_dags/example_nested_branch_dag.py for tasks to queue
[2025-09-13T11:44:35.180+0545] {logging_mixin.py:190} INFO - [2025-09-13T11:44:35.180+0545] {dagbag.py:588} INFO - Filling up the DagBag from /home/ashok/miniconda3/envs/mysecondenvironment/lib/python3.8/site-packages/airflow/example_dags/example_nested_branch_dag.py
[2025-09-13T11:44:35.186+0545] {processor.py:925} INFO - DAG(s) 'example_nested_branch_dag' retrieved from /home/ashok/miniconda3/envs/mysecondenvironment/lib/python3.8/site-packages/airflow/example_dags/example_nested_branch_dag.py
[2025-09-13T11:44:35.196+0545] {logging_mixin.py:190} INFO - [2025-09-13T11:44:35.196+0545] {dag.py:3239} INFO - Sync 1 DAGs
[2025-09-13T11:44:35.205+0545] {logging_mixin.py:190} INFO - [2025-09-13T11:44:35.205+0545] {dag.py:4180} INFO - Setting next_dagrun for example_nested_branch_dag to 2025-09-12 00:00:00+00:00, run_after=2025-09-13 00:00:00+00:00
[2025-09-13T11:44:35.223+0545] {processor.py:208} INFO - Processing /home/ashok/miniconda3/envs/mysecondenvironment/lib/python3.8/site-packages/airflow/example_dags/example_nested_branch_dag.py took 0.050 seconds
[2025-09-13T11:45:32.486+0545] {processor.py:186} INFO - Started process (PID=123722) to work on /home/ashok/miniconda3/envs/mysecondenvironment/lib/python3.8/site-packages/airflow/example_dags/example_nested_branch_dag.py
[2025-09-13T11:45:32.488+0545] {processor.py:914} INFO - Processing file /home/ashok/miniconda3/envs/mysecondenvironment/lib/python3.8/site-packages/airflow/example_dags/example_nested_branch_dag.py for tasks to queue
[2025-09-13T11:45:32.489+0545] {logging_mixin.py:190} INFO - [2025-09-13T11:45:32.489+0545] {dagbag.py:588} INFO - Filling up the DagBag from /home/ashok/miniconda3/envs/mysecondenvironment/lib/python3.8/site-packages/airflow/example_dags/example_nested_branch_dag.py
[2025-09-13T11:45:32.495+0545] {processor.py:925} INFO - DAG(s) 'example_nested_branch_dag' retrieved from /home/ashok/miniconda3/envs/mysecondenvironment/lib/python3.8/site-packages/airflow/example_dags/example_nested_branch_dag.py
[2025-09-13T11:45:32.504+0545] {logging_mixin.py:190} INFO - [2025-09-13T11:45:32.504+0545] {dag.py:3239} INFO - Sync 1 DAGs
[2025-09-13T11:45:32.512+0545] {logging_mixin.py:190} INFO - [2025-09-13T11:45:32.512+0545] {dag.py:4180} INFO - Setting next_dagrun for example_nested_branch_dag to 2025-09-12 00:00:00+00:00, run_after=2025-09-13 00:00:00+00:00
[2025-09-13T11:45:32.529+0545] {processor.py:208} INFO - Processing /home/ashok/miniconda3/envs/mysecondenvironment/lib/python3.8/site-packages/airflow/example_dags/example_nested_branch_dag.py took 0.046 seconds
[2025-09-13T11:46:27.728+0545] {processor.py:186} INFO - Started process (PID=124284) to work on /home/ashok/miniconda3/envs/mysecondenvironment/lib/python3.8/site-packages/airflow/example_dags/example_nested_branch_dag.py
[2025-09-13T11:46:27.729+0545] {processor.py:914} INFO - Processing file /home/ashok/miniconda3/envs/mysecondenvironment/lib/python3.8/site-packages/airflow/example_dags/example_nested_branch_dag.py for tasks to queue
[2025-09-13T11:46:27.731+0545] {logging_mixin.py:190} INFO - [2025-09-13T11:46:27.730+0545] {dagbag.py:588} INFO - Filling up the DagBag from /home/ashok/miniconda3/envs/mysecondenvironment/lib/python3.8/site-packages/airflow/example_dags/example_nested_branch_dag.py
[2025-09-13T11:46:27.736+0545] {processor.py:925} INFO - DAG(s) 'example_nested_branch_dag' retrieved from /home/ashok/miniconda3/envs/mysecondenvironment/lib/python3.8/site-packages/airflow/example_dags/example_nested_branch_dag.py
[2025-09-13T11:46:27.744+0545] {logging_mixin.py:190} INFO - [2025-09-13T11:46:27.744+0545] {dag.py:3239} INFO - Sync 1 DAGs
[2025-09-13T11:46:27.753+0545] {logging_mixin.py:190} INFO - [2025-09-13T11:46:27.753+0545] {dag.py:4180} INFO - Setting next_dagrun for example_nested_branch_dag to 2025-09-12 00:00:00+00:00, run_after=2025-09-13 00:00:00+00:00
[2025-09-13T11:46:27.770+0545] {processor.py:208} INFO - Processing /home/ashok/miniconda3/envs/mysecondenvironment/lib/python3.8/site-packages/airflow/example_dags/example_nested_branch_dag.py took 0.045 seconds
[2025-09-13T11:47:19.542+0545] {processor.py:186} INFO - Started process (PID=124783) to work on /home/ashok/miniconda3/envs/mysecondenvironment/lib/python3.8/site-packages/airflow/example_dags/example_nested_branch_dag.py
[2025-09-13T11:47:19.545+0545] {processor.py:914} INFO - Processing file /home/ashok/miniconda3/envs/mysecondenvironment/lib/python3.8/site-packages/airflow/example_dags/example_nested_branch_dag.py for tasks to queue
[2025-09-13T11:47:19.546+0545] {logging_mixin.py:190} INFO - [2025-09-13T11:47:19.546+0545] {dagbag.py:588} INFO - Filling up the DagBag from /home/ashok/miniconda3/envs/mysecondenvironment/lib/python3.8/site-packages/airflow/example_dags/example_nested_branch_dag.py
[2025-09-13T11:47:19.552+0545] {processor.py:925} INFO - DAG(s) 'example_nested_branch_dag' retrieved from /home/ashok/miniconda3/envs/mysecondenvironment/lib/python3.8/site-packages/airflow/example_dags/example_nested_branch_dag.py
[2025-09-13T11:47:19.561+0545] {logging_mixin.py:190} INFO - [2025-09-13T11:47:19.561+0545] {dag.py:3239} INFO - Sync 1 DAGs
[2025-09-13T11:47:19.570+0545] {logging_mixin.py:190} INFO - [2025-09-13T11:47:19.570+0545] {dag.py:4180} INFO - Setting next_dagrun for example_nested_branch_dag to 2025-09-12 00:00:00+00:00, run_after=2025-09-13 00:00:00+00:00
[2025-09-13T11:47:19.588+0545] {processor.py:208} INFO - Processing /home/ashok/miniconda3/envs/mysecondenvironment/lib/python3.8/site-packages/airflow/example_dags/example_nested_branch_dag.py took 0.049 seconds
