[2025-09-13T11:32:34.783+0545] {processor.py:186} INFO - Started process (PID=116509) to work on /home/ashok/miniconda3/envs/mysecondenvironment/lib/python3.8/site-packages/airflow/example_dags/example_xcomargs.py
[2025-09-13T11:32:34.783+0545] {processor.py:914} INFO - Processing file /home/ashok/miniconda3/envs/mysecondenvironment/lib/python3.8/site-packages/airflow/example_dags/example_xcomargs.py for tasks to queue
[2025-09-13T11:32:34.785+0545] {logging_mixin.py:190} INFO - [2025-09-13T11:32:34.784+0545] {dagbag.py:588} INFO - Filling up the DagBag from /home/ashok/miniconda3/envs/mysecondenvironment/lib/python3.8/site-packages/airflow/example_dags/example_xcomargs.py
[2025-09-13T11:32:34.790+0545] {processor.py:925} INFO - DAG(s) 'example_xcom_args_with_operators', 'example_xcom_args' retrieved from /home/ashok/miniconda3/envs/mysecondenvironment/lib/python3.8/site-packages/airflow/example_dags/example_xcomargs.py
[2025-09-13T11:32:34.806+0545] {logging_mixin.py:190} INFO - [2025-09-13T11:32:34.806+0545] {dag.py:3239} INFO - Sync 2 DAGs
[2025-09-13T11:32:34.813+0545] {logging_mixin.py:190} INFO - [2025-09-13T11:32:34.813+0545] {dag.py:4180} INFO - Setting next_dagrun for example_xcom_args to None, run_after=None
[2025-09-13T11:32:34.815+0545] {logging_mixin.py:190} INFO - [2025-09-13T11:32:34.815+0545] {dag.py:4180} INFO - Setting next_dagrun for example_xcom_args_with_operators to None, run_after=None
[2025-09-13T11:32:34.831+0545] {processor.py:208} INFO - Processing /home/ashok/miniconda3/envs/mysecondenvironment/lib/python3.8/site-packages/airflow/example_dags/example_xcomargs.py took 0.051 seconds
[2025-09-13T11:35:02.127+0545] {processor.py:186} INFO - Started process (PID=117980) to work on /home/ashok/miniconda3/envs/mysecondenvironment/lib/python3.8/site-packages/airflow/example_dags/example_xcomargs.py
[2025-09-13T11:35:02.128+0545] {processor.py:914} INFO - Processing file /home/ashok/miniconda3/envs/mysecondenvironment/lib/python3.8/site-packages/airflow/example_dags/example_xcomargs.py for tasks to queue
[2025-09-13T11:35:02.130+0545] {logging_mixin.py:190} INFO - [2025-09-13T11:35:02.129+0545] {dagbag.py:588} INFO - Filling up the DagBag from /home/ashok/miniconda3/envs/mysecondenvironment/lib/python3.8/site-packages/airflow/example_dags/example_xcomargs.py
[2025-09-13T11:35:02.136+0545] {processor.py:925} INFO - DAG(s) 'example_xcom_args_with_operators', 'example_xcom_args' retrieved from /home/ashok/miniconda3/envs/mysecondenvironment/lib/python3.8/site-packages/airflow/example_dags/example_xcomargs.py
[2025-09-13T11:35:02.150+0545] {logging_mixin.py:190} INFO - [2025-09-13T11:35:02.150+0545] {dag.py:3239} INFO - Sync 2 DAGs
[2025-09-13T11:35:02.157+0545] {logging_mixin.py:190} INFO - [2025-09-13T11:35:02.156+0545] {dag.py:4180} INFO - Setting next_dagrun for example_xcom_args to None, run_after=None
[2025-09-13T11:35:02.158+0545] {logging_mixin.py:190} INFO - [2025-09-13T11:35:02.158+0545] {dag.py:4180} INFO - Setting next_dagrun for example_xcom_args_with_operators to None, run_after=None
[2025-09-13T11:35:02.173+0545] {processor.py:208} INFO - Processing /home/ashok/miniconda3/envs/mysecondenvironment/lib/python3.8/site-packages/airflow/example_dags/example_xcomargs.py took 0.049 seconds
[2025-09-13T11:35:57.482+0545] {processor.py:186} INFO - Started process (PID=118484) to work on /home/ashok/miniconda3/envs/mysecondenvironment/lib/python3.8/site-packages/airflow/example_dags/example_xcomargs.py
[2025-09-13T11:35:57.484+0545] {processor.py:914} INFO - Processing file /home/ashok/miniconda3/envs/mysecondenvironment/lib/python3.8/site-packages/airflow/example_dags/example_xcomargs.py for tasks to queue
[2025-09-13T11:35:57.485+0545] {logging_mixin.py:190} INFO - [2025-09-13T11:35:57.485+0545] {dagbag.py:588} INFO - Filling up the DagBag from /home/ashok/miniconda3/envs/mysecondenvironment/lib/python3.8/site-packages/airflow/example_dags/example_xcomargs.py
[2025-09-13T11:35:57.491+0545] {processor.py:925} INFO - DAG(s) 'example_xcom_args_with_operators', 'example_xcom_args' retrieved from /home/ashok/miniconda3/envs/mysecondenvironment/lib/python3.8/site-packages/airflow/example_dags/example_xcomargs.py
[2025-09-13T11:35:57.500+0545] {logging_mixin.py:190} INFO - [2025-09-13T11:35:57.500+0545] {dag.py:3239} INFO - Sync 2 DAGs
[2025-09-13T11:35:57.506+0545] {logging_mixin.py:190} INFO - [2025-09-13T11:35:57.506+0545] {dag.py:4180} INFO - Setting next_dagrun for example_xcom_args to None, run_after=None
[2025-09-13T11:35:57.507+0545] {logging_mixin.py:190} INFO - [2025-09-13T11:35:57.507+0545] {dag.py:4180} INFO - Setting next_dagrun for example_xcom_args_with_operators to None, run_after=None
[2025-09-13T11:35:57.526+0545] {processor.py:208} INFO - Processing /home/ashok/miniconda3/envs/mysecondenvironment/lib/python3.8/site-packages/airflow/example_dags/example_xcomargs.py took 0.047 seconds
[2025-09-13T11:36:50.691+0545] {processor.py:186} INFO - Started process (PID=118817) to work on /home/ashok/miniconda3/envs/mysecondenvironment/lib/python3.8/site-packages/airflow/example_dags/example_xcomargs.py
[2025-09-13T11:36:50.693+0545] {processor.py:914} INFO - Processing file /home/ashok/miniconda3/envs/mysecondenvironment/lib/python3.8/site-packages/airflow/example_dags/example_xcomargs.py for tasks to queue
[2025-09-13T11:36:50.694+0545] {logging_mixin.py:190} INFO - [2025-09-13T11:36:50.694+0545] {dagbag.py:588} INFO - Filling up the DagBag from /home/ashok/miniconda3/envs/mysecondenvironment/lib/python3.8/site-packages/airflow/example_dags/example_xcomargs.py
[2025-09-13T11:36:50.700+0545] {processor.py:925} INFO - DAG(s) 'example_xcom_args', 'example_xcom_args_with_operators' retrieved from /home/ashok/miniconda3/envs/mysecondenvironment/lib/python3.8/site-packages/airflow/example_dags/example_xcomargs.py
[2025-09-13T11:36:50.711+0545] {logging_mixin.py:190} INFO - [2025-09-13T11:36:50.711+0545] {dag.py:3239} INFO - Sync 2 DAGs
[2025-09-13T11:36:50.717+0545] {logging_mixin.py:190} INFO - [2025-09-13T11:36:50.717+0545] {dag.py:4180} INFO - Setting next_dagrun for example_xcom_args to None, run_after=None
[2025-09-13T11:36:50.719+0545] {logging_mixin.py:190} INFO - [2025-09-13T11:36:50.719+0545] {dag.py:4180} INFO - Setting next_dagrun for example_xcom_args_with_operators to None, run_after=None
[2025-09-13T11:36:50.737+0545] {processor.py:208} INFO - Processing /home/ashok/miniconda3/envs/mysecondenvironment/lib/python3.8/site-packages/airflow/example_dags/example_xcomargs.py took 0.051 seconds
[2025-09-13T11:37:45.918+0545] {processor.py:186} INFO - Started process (PID=119161) to work on /home/ashok/miniconda3/envs/mysecondenvironment/lib/python3.8/site-packages/airflow/example_dags/example_xcomargs.py
[2025-09-13T11:37:45.920+0545] {processor.py:914} INFO - Processing file /home/ashok/miniconda3/envs/mysecondenvironment/lib/python3.8/site-packages/airflow/example_dags/example_xcomargs.py for tasks to queue
[2025-09-13T11:37:45.921+0545] {logging_mixin.py:190} INFO - [2025-09-13T11:37:45.921+0545] {dagbag.py:588} INFO - Filling up the DagBag from /home/ashok/miniconda3/envs/mysecondenvironment/lib/python3.8/site-packages/airflow/example_dags/example_xcomargs.py
[2025-09-13T11:37:45.926+0545] {processor.py:925} INFO - DAG(s) 'example_xcom_args', 'example_xcom_args_with_operators' retrieved from /home/ashok/miniconda3/envs/mysecondenvironment/lib/python3.8/site-packages/airflow/example_dags/example_xcomargs.py
[2025-09-13T11:37:45.936+0545] {logging_mixin.py:190} INFO - [2025-09-13T11:37:45.936+0545] {dag.py:3239} INFO - Sync 2 DAGs
[2025-09-13T11:37:45.942+0545] {logging_mixin.py:190} INFO - [2025-09-13T11:37:45.942+0545] {dag.py:4180} INFO - Setting next_dagrun for example_xcom_args to None, run_after=None
[2025-09-13T11:37:45.943+0545] {logging_mixin.py:190} INFO - [2025-09-13T11:37:45.943+0545] {dag.py:4180} INFO - Setting next_dagrun for example_xcom_args_with_operators to None, run_after=None
[2025-09-13T11:37:45.959+0545] {processor.py:208} INFO - Processing /home/ashok/miniconda3/envs/mysecondenvironment/lib/python3.8/site-packages/airflow/example_dags/example_xcomargs.py took 0.045 seconds
[2025-09-13T11:38:41.055+0545] {processor.py:186} INFO - Started process (PID=119510) to work on /home/ashok/miniconda3/envs/mysecondenvironment/lib/python3.8/site-packages/airflow/example_dags/example_xcomargs.py
[2025-09-13T11:38:41.057+0545] {processor.py:914} INFO - Processing file /home/ashok/miniconda3/envs/mysecondenvironment/lib/python3.8/site-packages/airflow/example_dags/example_xcomargs.py for tasks to queue
[2025-09-13T11:38:41.059+0545] {logging_mixin.py:190} INFO - [2025-09-13T11:38:41.059+0545] {dagbag.py:588} INFO - Filling up the DagBag from /home/ashok/miniconda3/envs/mysecondenvironment/lib/python3.8/site-packages/airflow/example_dags/example_xcomargs.py
[2025-09-13T11:38:41.065+0545] {processor.py:925} INFO - DAG(s) 'example_xcom_args_with_operators', 'example_xcom_args' retrieved from /home/ashok/miniconda3/envs/mysecondenvironment/lib/python3.8/site-packages/airflow/example_dags/example_xcomargs.py
[2025-09-13T11:38:41.076+0545] {logging_mixin.py:190} INFO - [2025-09-13T11:38:41.075+0545] {dag.py:3239} INFO - Sync 2 DAGs
[2025-09-13T11:38:41.083+0545] {logging_mixin.py:190} INFO - [2025-09-13T11:38:41.083+0545] {dag.py:4180} INFO - Setting next_dagrun for example_xcom_args to None, run_after=None
[2025-09-13T11:38:41.084+0545] {logging_mixin.py:190} INFO - [2025-09-13T11:38:41.084+0545] {dag.py:4180} INFO - Setting next_dagrun for example_xcom_args_with_operators to None, run_after=None
[2025-09-13T11:38:41.099+0545] {processor.py:208} INFO - Processing /home/ashok/miniconda3/envs/mysecondenvironment/lib/python3.8/site-packages/airflow/example_dags/example_xcomargs.py took 0.048 seconds
[2025-09-13T11:39:39.518+0545] {processor.py:186} INFO - Started process (PID=119898) to work on /home/ashok/miniconda3/envs/mysecondenvironment/lib/python3.8/site-packages/airflow/example_dags/example_xcomargs.py
[2025-09-13T11:39:39.519+0545] {processor.py:914} INFO - Processing file /home/ashok/miniconda3/envs/mysecondenvironment/lib/python3.8/site-packages/airflow/example_dags/example_xcomargs.py for tasks to queue
[2025-09-13T11:39:39.520+0545] {logging_mixin.py:190} INFO - [2025-09-13T11:39:39.520+0545] {dagbag.py:588} INFO - Filling up the DagBag from /home/ashok/miniconda3/envs/mysecondenvironment/lib/python3.8/site-packages/airflow/example_dags/example_xcomargs.py
[2025-09-13T11:39:39.526+0545] {processor.py:925} INFO - DAG(s) 'example_xcom_args', 'example_xcom_args_with_operators' retrieved from /home/ashok/miniconda3/envs/mysecondenvironment/lib/python3.8/site-packages/airflow/example_dags/example_xcomargs.py
[2025-09-13T11:39:39.535+0545] {logging_mixin.py:190} INFO - [2025-09-13T11:39:39.535+0545] {dag.py:3239} INFO - Sync 2 DAGs
[2025-09-13T11:39:39.541+0545] {logging_mixin.py:190} INFO - [2025-09-13T11:39:39.541+0545] {dag.py:4180} INFO - Setting next_dagrun for example_xcom_args to None, run_after=None
[2025-09-13T11:39:39.543+0545] {logging_mixin.py:190} INFO - [2025-09-13T11:39:39.543+0545] {dag.py:4180} INFO - Setting next_dagrun for example_xcom_args_with_operators to None, run_after=None
[2025-09-13T11:39:39.557+0545] {processor.py:208} INFO - Processing /home/ashok/miniconda3/envs/mysecondenvironment/lib/python3.8/site-packages/airflow/example_dags/example_xcomargs.py took 0.044 seconds
[2025-09-13T11:40:31.665+0545] {processor.py:186} INFO - Started process (PID=120225) to work on /home/ashok/miniconda3/envs/mysecondenvironment/lib/python3.8/site-packages/airflow/example_dags/example_xcomargs.py
[2025-09-13T11:40:31.666+0545] {processor.py:914} INFO - Processing file /home/ashok/miniconda3/envs/mysecondenvironment/lib/python3.8/site-packages/airflow/example_dags/example_xcomargs.py for tasks to queue
[2025-09-13T11:40:31.668+0545] {logging_mixin.py:190} INFO - [2025-09-13T11:40:31.668+0545] {dagbag.py:588} INFO - Filling up the DagBag from /home/ashok/miniconda3/envs/mysecondenvironment/lib/python3.8/site-packages/airflow/example_dags/example_xcomargs.py
[2025-09-13T11:40:31.673+0545] {processor.py:925} INFO - DAG(s) 'example_xcom_args_with_operators', 'example_xcom_args' retrieved from /home/ashok/miniconda3/envs/mysecondenvironment/lib/python3.8/site-packages/airflow/example_dags/example_xcomargs.py
[2025-09-13T11:40:31.683+0545] {logging_mixin.py:190} INFO - [2025-09-13T11:40:31.683+0545] {dag.py:3239} INFO - Sync 2 DAGs
[2025-09-13T11:40:31.689+0545] {logging_mixin.py:190} INFO - [2025-09-13T11:40:31.689+0545] {dag.py:4180} INFO - Setting next_dagrun for example_xcom_args to None, run_after=None
[2025-09-13T11:40:31.690+0545] {logging_mixin.py:190} INFO - [2025-09-13T11:40:31.690+0545] {dag.py:4180} INFO - Setting next_dagrun for example_xcom_args_with_operators to None, run_after=None
[2025-09-13T11:40:31.710+0545] {processor.py:208} INFO - Processing /home/ashok/miniconda3/envs/mysecondenvironment/lib/python3.8/site-packages/airflow/example_dags/example_xcomargs.py took 0.049 seconds
[2025-09-13T11:41:27.469+0545] {processor.py:186} INFO - Started process (PID=120585) to work on /home/ashok/miniconda3/envs/mysecondenvironment/lib/python3.8/site-packages/airflow/example_dags/example_xcomargs.py
[2025-09-13T11:41:27.471+0545] {processor.py:914} INFO - Processing file /home/ashok/miniconda3/envs/mysecondenvironment/lib/python3.8/site-packages/airflow/example_dags/example_xcomargs.py for tasks to queue
[2025-09-13T11:41:27.473+0545] {logging_mixin.py:190} INFO - [2025-09-13T11:41:27.472+0545] {dagbag.py:588} INFO - Filling up the DagBag from /home/ashok/miniconda3/envs/mysecondenvironment/lib/python3.8/site-packages/airflow/example_dags/example_xcomargs.py
[2025-09-13T11:41:27.480+0545] {processor.py:925} INFO - DAG(s) 'example_xcom_args', 'example_xcom_args_with_operators' retrieved from /home/ashok/miniconda3/envs/mysecondenvironment/lib/python3.8/site-packages/airflow/example_dags/example_xcomargs.py
[2025-09-13T11:41:27.491+0545] {logging_mixin.py:190} INFO - [2025-09-13T11:41:27.491+0545] {dag.py:3239} INFO - Sync 2 DAGs
[2025-09-13T11:41:27.498+0545] {logging_mixin.py:190} INFO - [2025-09-13T11:41:27.498+0545] {dag.py:4180} INFO - Setting next_dagrun for example_xcom_args to None, run_after=None
[2025-09-13T11:41:27.499+0545] {logging_mixin.py:190} INFO - [2025-09-13T11:41:27.499+0545] {dag.py:4180} INFO - Setting next_dagrun for example_xcom_args_with_operators to None, run_after=None
[2025-09-13T11:41:27.515+0545] {processor.py:208} INFO - Processing /home/ashok/miniconda3/envs/mysecondenvironment/lib/python3.8/site-packages/airflow/example_dags/example_xcomargs.py took 0.050 seconds
[2025-09-13T11:41:52.924+0545] {processor.py:186} INFO - Started process (PID=120896) to work on /home/ashok/miniconda3/envs/mysecondenvironment/lib/python3.8/site-packages/airflow/example_dags/example_xcomargs.py
[2025-09-13T11:41:52.924+0545] {processor.py:914} INFO - Processing file /home/ashok/miniconda3/envs/mysecondenvironment/lib/python3.8/site-packages/airflow/example_dags/example_xcomargs.py for tasks to queue
[2025-09-13T11:41:52.925+0545] {logging_mixin.py:190} INFO - [2025-09-13T11:41:52.925+0545] {dagbag.py:588} INFO - Filling up the DagBag from /home/ashok/miniconda3/envs/mysecondenvironment/lib/python3.8/site-packages/airflow/example_dags/example_xcomargs.py
[2025-09-13T11:41:52.932+0545] {processor.py:925} INFO - DAG(s) 'example_xcom_args_with_operators', 'example_xcom_args' retrieved from /home/ashok/miniconda3/envs/mysecondenvironment/lib/python3.8/site-packages/airflow/example_dags/example_xcomargs.py
[2025-09-13T11:41:52.946+0545] {logging_mixin.py:190} INFO - [2025-09-13T11:41:52.946+0545] {dag.py:3239} INFO - Sync 2 DAGs
[2025-09-13T11:41:52.952+0545] {logging_mixin.py:190} INFO - [2025-09-13T11:41:52.952+0545] {dag.py:4180} INFO - Setting next_dagrun for example_xcom_args to None, run_after=None
[2025-09-13T11:41:52.954+0545] {logging_mixin.py:190} INFO - [2025-09-13T11:41:52.954+0545] {dag.py:4180} INFO - Setting next_dagrun for example_xcom_args_with_operators to None, run_after=None
[2025-09-13T11:41:52.967+0545] {processor.py:208} INFO - Processing /home/ashok/miniconda3/envs/mysecondenvironment/lib/python3.8/site-packages/airflow/example_dags/example_xcomargs.py took 0.048 seconds
[2025-09-13T11:42:56.002+0545] {processor.py:186} INFO - Started process (PID=121450) to work on /home/ashok/miniconda3/envs/mysecondenvironment/lib/python3.8/site-packages/airflow/example_dags/example_xcomargs.py
[2025-09-13T11:42:56.004+0545] {processor.py:914} INFO - Processing file /home/ashok/miniconda3/envs/mysecondenvironment/lib/python3.8/site-packages/airflow/example_dags/example_xcomargs.py for tasks to queue
[2025-09-13T11:42:56.005+0545] {logging_mixin.py:190} INFO - [2025-09-13T11:42:56.005+0545] {dagbag.py:588} INFO - Filling up the DagBag from /home/ashok/miniconda3/envs/mysecondenvironment/lib/python3.8/site-packages/airflow/example_dags/example_xcomargs.py
[2025-09-13T11:42:56.014+0545] {processor.py:925} INFO - DAG(s) 'example_xcom_args_with_operators', 'example_xcom_args' retrieved from /home/ashok/miniconda3/envs/mysecondenvironment/lib/python3.8/site-packages/airflow/example_dags/example_xcomargs.py
[2025-09-13T11:42:56.027+0545] {logging_mixin.py:190} INFO - [2025-09-13T11:42:56.027+0545] {dag.py:3239} INFO - Sync 2 DAGs
[2025-09-13T11:42:56.033+0545] {logging_mixin.py:190} INFO - [2025-09-13T11:42:56.033+0545] {dag.py:4180} INFO - Setting next_dagrun for example_xcom_args to None, run_after=None
[2025-09-13T11:42:56.035+0545] {logging_mixin.py:190} INFO - [2025-09-13T11:42:56.035+0545] {dag.py:4180} INFO - Setting next_dagrun for example_xcom_args_with_operators to None, run_after=None
[2025-09-13T11:42:56.054+0545] {processor.py:208} INFO - Processing /home/ashok/miniconda3/envs/mysecondenvironment/lib/python3.8/site-packages/airflow/example_dags/example_xcomargs.py took 0.056 seconds
[2025-09-13T11:45:04.475+0545] {processor.py:186} INFO - Started process (PID=123553) to work on /home/ashok/miniconda3/envs/mysecondenvironment/lib/python3.8/site-packages/airflow/example_dags/example_xcomargs.py
[2025-09-13T11:45:04.476+0545] {processor.py:914} INFO - Processing file /home/ashok/miniconda3/envs/mysecondenvironment/lib/python3.8/site-packages/airflow/example_dags/example_xcomargs.py for tasks to queue
[2025-09-13T11:45:04.477+0545] {logging_mixin.py:190} INFO - [2025-09-13T11:45:04.477+0545] {dagbag.py:588} INFO - Filling up the DagBag from /home/ashok/miniconda3/envs/mysecondenvironment/lib/python3.8/site-packages/airflow/example_dags/example_xcomargs.py
[2025-09-13T11:45:04.484+0545] {processor.py:925} INFO - DAG(s) 'example_xcom_args_with_operators', 'example_xcom_args' retrieved from /home/ashok/miniconda3/envs/mysecondenvironment/lib/python3.8/site-packages/airflow/example_dags/example_xcomargs.py
[2025-09-13T11:45:04.494+0545] {logging_mixin.py:190} INFO - [2025-09-13T11:45:04.494+0545] {dag.py:3239} INFO - Sync 2 DAGs
[2025-09-13T11:45:04.500+0545] {logging_mixin.py:190} INFO - [2025-09-13T11:45:04.500+0545] {dag.py:4180} INFO - Setting next_dagrun for example_xcom_args to None, run_after=None
[2025-09-13T11:45:04.501+0545] {logging_mixin.py:190} INFO - [2025-09-13T11:45:04.501+0545] {dag.py:4180} INFO - Setting next_dagrun for example_xcom_args_with_operators to None, run_after=None
[2025-09-13T11:45:04.516+0545] {processor.py:208} INFO - Processing /home/ashok/miniconda3/envs/mysecondenvironment/lib/python3.8/site-packages/airflow/example_dags/example_xcomargs.py took 0.047 seconds
[2025-09-13T11:45:57.423+0545] {processor.py:186} INFO - Started process (PID=123912) to work on /home/ashok/miniconda3/envs/mysecondenvironment/lib/python3.8/site-packages/airflow/example_dags/example_xcomargs.py
[2025-09-13T11:45:57.425+0545] {processor.py:914} INFO - Processing file /home/ashok/miniconda3/envs/mysecondenvironment/lib/python3.8/site-packages/airflow/example_dags/example_xcomargs.py for tasks to queue
[2025-09-13T11:45:57.426+0545] {logging_mixin.py:190} INFO - [2025-09-13T11:45:57.426+0545] {dagbag.py:588} INFO - Filling up the DagBag from /home/ashok/miniconda3/envs/mysecondenvironment/lib/python3.8/site-packages/airflow/example_dags/example_xcomargs.py
[2025-09-13T11:45:57.431+0545] {processor.py:925} INFO - DAG(s) 'example_xcom_args_with_operators', 'example_xcom_args' retrieved from /home/ashok/miniconda3/envs/mysecondenvironment/lib/python3.8/site-packages/airflow/example_dags/example_xcomargs.py
[2025-09-13T11:45:57.440+0545] {logging_mixin.py:190} INFO - [2025-09-13T11:45:57.440+0545] {dag.py:3239} INFO - Sync 2 DAGs
[2025-09-13T11:45:57.446+0545] {logging_mixin.py:190} INFO - [2025-09-13T11:45:57.446+0545] {dag.py:4180} INFO - Setting next_dagrun for example_xcom_args to None, run_after=None
[2025-09-13T11:45:57.448+0545] {logging_mixin.py:190} INFO - [2025-09-13T11:45:57.448+0545] {dag.py:4180} INFO - Setting next_dagrun for example_xcom_args_with_operators to None, run_after=None
[2025-09-13T11:45:57.465+0545] {processor.py:208} INFO - Processing /home/ashok/miniconda3/envs/mysecondenvironment/lib/python3.8/site-packages/airflow/example_dags/example_xcomargs.py took 0.046 seconds
[2025-09-13T11:46:48.002+0545] {processor.py:186} INFO - Started process (PID=124436) to work on /home/ashok/miniconda3/envs/mysecondenvironment/lib/python3.8/site-packages/airflow/example_dags/example_xcomargs.py
[2025-09-13T11:46:48.004+0545] {processor.py:914} INFO - Processing file /home/ashok/miniconda3/envs/mysecondenvironment/lib/python3.8/site-packages/airflow/example_dags/example_xcomargs.py for tasks to queue
[2025-09-13T11:46:48.005+0545] {logging_mixin.py:190} INFO - [2025-09-13T11:46:48.005+0545] {dagbag.py:588} INFO - Filling up the DagBag from /home/ashok/miniconda3/envs/mysecondenvironment/lib/python3.8/site-packages/airflow/example_dags/example_xcomargs.py
[2025-09-13T11:46:48.010+0545] {processor.py:925} INFO - DAG(s) 'example_xcom_args_with_operators', 'example_xcom_args' retrieved from /home/ashok/miniconda3/envs/mysecondenvironment/lib/python3.8/site-packages/airflow/example_dags/example_xcomargs.py
[2025-09-13T11:46:48.019+0545] {logging_mixin.py:190} INFO - [2025-09-13T11:46:48.019+0545] {dag.py:3239} INFO - Sync 2 DAGs
[2025-09-13T11:46:48.025+0545] {logging_mixin.py:190} INFO - [2025-09-13T11:46:48.024+0545] {dag.py:4180} INFO - Setting next_dagrun for example_xcom_args to None, run_after=None
[2025-09-13T11:46:48.026+0545] {logging_mixin.py:190} INFO - [2025-09-13T11:46:48.026+0545] {dag.py:4180} INFO - Setting next_dagrun for example_xcom_args_with_operators to None, run_after=None
[2025-09-13T11:46:48.040+0545] {processor.py:208} INFO - Processing /home/ashok/miniconda3/envs/mysecondenvironment/lib/python3.8/site-packages/airflow/example_dags/example_xcomargs.py took 0.042 seconds
