[2025-09-13T11:33:03.347+0545] {processor.py:186} INFO - Started process (PID=117153) to work on /home/ashok/miniconda3/envs/mysecondenvironment/lib/python3.8/site-packages/airflow/example_dags/example_latest_only_with_trigger.py
[2025-09-13T11:33:03.348+0545] {processor.py:914} INFO - Processing file /home/ashok/miniconda3/envs/mysecondenvironment/lib/python3.8/site-packages/airflow/example_dags/example_latest_only_with_trigger.py for tasks to queue
[2025-09-13T11:33:03.350+0545] {logging_mixin.py:190} INFO - [2025-09-13T11:33:03.349+0545] {dagbag.py:588} INFO - Filling up the DagBag from /home/ashok/miniconda3/envs/mysecondenvironment/lib/python3.8/site-packages/airflow/example_dags/example_latest_only_with_trigger.py
[2025-09-13T11:33:03.353+0545] {processor.py:925} INFO - DAG(s) 'latest_only_with_trigger' retrieved from /home/ashok/miniconda3/envs/mysecondenvironment/lib/python3.8/site-packages/airflow/example_dags/example_latest_only_with_trigger.py
[2025-09-13T11:33:03.362+0545] {logging_mixin.py:190} INFO - [2025-09-13T11:33:03.362+0545] {dag.py:3239} INFO - Sync 1 DAGs
[2025-09-13T11:33:03.370+0545] {logging_mixin.py:190} INFO - [2025-09-13T11:33:03.370+0545] {dag.py:4180} INFO - Setting next_dagrun for latest_only_with_trigger to 2025-09-13 00:00:00+00:00, run_after=2025-09-13 04:00:00+00:00
[2025-09-13T11:33:03.391+0545] {processor.py:208} INFO - Processing /home/ashok/miniconda3/envs/mysecondenvironment/lib/python3.8/site-packages/airflow/example_dags/example_latest_only_with_trigger.py took 0.048 seconds
[2025-09-13T11:35:31.637+0545] {processor.py:186} INFO - Started process (PID=118289) to work on /home/ashok/miniconda3/envs/mysecondenvironment/lib/python3.8/site-packages/airflow/example_dags/example_latest_only_with_trigger.py
[2025-09-13T11:35:31.639+0545] {processor.py:914} INFO - Processing file /home/ashok/miniconda3/envs/mysecondenvironment/lib/python3.8/site-packages/airflow/example_dags/example_latest_only_with_trigger.py for tasks to queue
[2025-09-13T11:35:31.640+0545] {logging_mixin.py:190} INFO - [2025-09-13T11:35:31.640+0545] {dagbag.py:588} INFO - Filling up the DagBag from /home/ashok/miniconda3/envs/mysecondenvironment/lib/python3.8/site-packages/airflow/example_dags/example_latest_only_with_trigger.py
[2025-09-13T11:35:31.644+0545] {processor.py:925} INFO - DAG(s) 'latest_only_with_trigger' retrieved from /home/ashok/miniconda3/envs/mysecondenvironment/lib/python3.8/site-packages/airflow/example_dags/example_latest_only_with_trigger.py
[2025-09-13T11:35:31.653+0545] {logging_mixin.py:190} INFO - [2025-09-13T11:35:31.653+0545] {dag.py:3239} INFO - Sync 1 DAGs
[2025-09-13T11:35:31.662+0545] {logging_mixin.py:190} INFO - [2025-09-13T11:35:31.661+0545] {dag.py:4180} INFO - Setting next_dagrun for latest_only_with_trigger to 2025-09-13 00:00:00+00:00, run_after=2025-09-13 04:00:00+00:00
[2025-09-13T11:35:31.677+0545] {processor.py:208} INFO - Processing /home/ashok/miniconda3/envs/mysecondenvironment/lib/python3.8/site-packages/airflow/example_dags/example_latest_only_with_trigger.py took 0.043 seconds
[2025-09-13T11:36:28.262+0545] {processor.py:186} INFO - Started process (PID=118667) to work on /home/ashok/miniconda3/envs/mysecondenvironment/lib/python3.8/site-packages/airflow/example_dags/example_latest_only_with_trigger.py
[2025-09-13T11:36:28.264+0545] {processor.py:914} INFO - Processing file /home/ashok/miniconda3/envs/mysecondenvironment/lib/python3.8/site-packages/airflow/example_dags/example_latest_only_with_trigger.py for tasks to queue
[2025-09-13T11:36:28.266+0545] {logging_mixin.py:190} INFO - [2025-09-13T11:36:28.265+0545] {dagbag.py:588} INFO - Filling up the DagBag from /home/ashok/miniconda3/envs/mysecondenvironment/lib/python3.8/site-packages/airflow/example_dags/example_latest_only_with_trigger.py
[2025-09-13T11:36:28.270+0545] {processor.py:925} INFO - DAG(s) 'latest_only_with_trigger' retrieved from /home/ashok/miniconda3/envs/mysecondenvironment/lib/python3.8/site-packages/airflow/example_dags/example_latest_only_with_trigger.py
[2025-09-13T11:36:28.280+0545] {logging_mixin.py:190} INFO - [2025-09-13T11:36:28.280+0545] {dag.py:3239} INFO - Sync 1 DAGs
[2025-09-13T11:36:28.289+0545] {logging_mixin.py:190} INFO - [2025-09-13T11:36:28.289+0545] {dag.py:4180} INFO - Setting next_dagrun for latest_only_with_trigger to 2025-09-13 00:00:00+00:00, run_after=2025-09-13 04:00:00+00:00
[2025-09-13T11:36:28.303+0545] {processor.py:208} INFO - Processing /home/ashok/miniconda3/envs/mysecondenvironment/lib/python3.8/site-packages/airflow/example_dags/example_latest_only_with_trigger.py took 0.044 seconds
[2025-09-13T11:37:24.505+0545] {processor.py:186} INFO - Started process (PID=119017) to work on /home/ashok/miniconda3/envs/mysecondenvironment/lib/python3.8/site-packages/airflow/example_dags/example_latest_only_with_trigger.py
[2025-09-13T11:37:24.507+0545] {processor.py:914} INFO - Processing file /home/ashok/miniconda3/envs/mysecondenvironment/lib/python3.8/site-packages/airflow/example_dags/example_latest_only_with_trigger.py for tasks to queue
[2025-09-13T11:37:24.508+0545] {logging_mixin.py:190} INFO - [2025-09-13T11:37:24.508+0545] {dagbag.py:588} INFO - Filling up the DagBag from /home/ashok/miniconda3/envs/mysecondenvironment/lib/python3.8/site-packages/airflow/example_dags/example_latest_only_with_trigger.py
[2025-09-13T11:37:24.513+0545] {processor.py:925} INFO - DAG(s) 'latest_only_with_trigger' retrieved from /home/ashok/miniconda3/envs/mysecondenvironment/lib/python3.8/site-packages/airflow/example_dags/example_latest_only_with_trigger.py
[2025-09-13T11:37:24.521+0545] {logging_mixin.py:190} INFO - [2025-09-13T11:37:24.521+0545] {dag.py:3239} INFO - Sync 1 DAGs
[2025-09-13T11:37:24.530+0545] {logging_mixin.py:190} INFO - [2025-09-13T11:37:24.530+0545] {dag.py:4180} INFO - Setting next_dagrun for latest_only_with_trigger to 2025-09-13 00:00:00+00:00, run_after=2025-09-13 04:00:00+00:00
[2025-09-13T11:37:24.546+0545] {processor.py:208} INFO - Processing /home/ashok/miniconda3/envs/mysecondenvironment/lib/python3.8/site-packages/airflow/example_dags/example_latest_only_with_trigger.py took 0.044 seconds
[2025-09-13T11:38:20.367+0545] {processor.py:186} INFO - Started process (PID=119374) to work on /home/ashok/miniconda3/envs/mysecondenvironment/lib/python3.8/site-packages/airflow/example_dags/example_latest_only_with_trigger.py
[2025-09-13T11:38:20.369+0545] {processor.py:914} INFO - Processing file /home/ashok/miniconda3/envs/mysecondenvironment/lib/python3.8/site-packages/airflow/example_dags/example_latest_only_with_trigger.py for tasks to queue
[2025-09-13T11:38:20.371+0545] {logging_mixin.py:190} INFO - [2025-09-13T11:38:20.370+0545] {dagbag.py:588} INFO - Filling up the DagBag from /home/ashok/miniconda3/envs/mysecondenvironment/lib/python3.8/site-packages/airflow/example_dags/example_latest_only_with_trigger.py
[2025-09-13T11:38:20.375+0545] {processor.py:925} INFO - DAG(s) 'latest_only_with_trigger' retrieved from /home/ashok/miniconda3/envs/mysecondenvironment/lib/python3.8/site-packages/airflow/example_dags/example_latest_only_with_trigger.py
[2025-09-13T11:38:20.383+0545] {logging_mixin.py:190} INFO - [2025-09-13T11:38:20.383+0545] {dag.py:3239} INFO - Sync 1 DAGs
[2025-09-13T11:38:20.393+0545] {logging_mixin.py:190} INFO - [2025-09-13T11:38:20.393+0545] {dag.py:4180} INFO - Setting next_dagrun for latest_only_with_trigger to 2025-09-13 00:00:00+00:00, run_after=2025-09-13 04:00:00+00:00
[2025-09-13T11:38:20.408+0545] {processor.py:208} INFO - Processing /home/ashok/miniconda3/envs/mysecondenvironment/lib/python3.8/site-packages/airflow/example_dags/example_latest_only_with_trigger.py took 0.045 seconds
[2025-09-13T11:39:16.980+0545] {processor.py:186} INFO - Started process (PID=119741) to work on /home/ashok/miniconda3/envs/mysecondenvironment/lib/python3.8/site-packages/airflow/example_dags/example_latest_only_with_trigger.py
[2025-09-13T11:39:16.982+0545] {processor.py:914} INFO - Processing file /home/ashok/miniconda3/envs/mysecondenvironment/lib/python3.8/site-packages/airflow/example_dags/example_latest_only_with_trigger.py for tasks to queue
[2025-09-13T11:39:16.983+0545] {logging_mixin.py:190} INFO - [2025-09-13T11:39:16.983+0545] {dagbag.py:588} INFO - Filling up the DagBag from /home/ashok/miniconda3/envs/mysecondenvironment/lib/python3.8/site-packages/airflow/example_dags/example_latest_only_with_trigger.py
[2025-09-13T11:39:16.988+0545] {processor.py:925} INFO - DAG(s) 'latest_only_with_trigger' retrieved from /home/ashok/miniconda3/envs/mysecondenvironment/lib/python3.8/site-packages/airflow/example_dags/example_latest_only_with_trigger.py
[2025-09-13T11:39:16.997+0545] {logging_mixin.py:190} INFO - [2025-09-13T11:39:16.997+0545] {dag.py:3239} INFO - Sync 1 DAGs
[2025-09-13T11:39:17.006+0545] {logging_mixin.py:190} INFO - [2025-09-13T11:39:17.006+0545] {dag.py:4180} INFO - Setting next_dagrun for latest_only_with_trigger to 2025-09-13 00:00:00+00:00, run_after=2025-09-13 04:00:00+00:00
[2025-09-13T11:39:17.023+0545] {processor.py:208} INFO - Processing /home/ashok/miniconda3/envs/mysecondenvironment/lib/python3.8/site-packages/airflow/example_dags/example_latest_only_with_trigger.py took 0.047 seconds
[2025-09-13T11:40:12.819+0545] {processor.py:186} INFO - Started process (PID=120100) to work on /home/ashok/miniconda3/envs/mysecondenvironment/lib/python3.8/site-packages/airflow/example_dags/example_latest_only_with_trigger.py
[2025-09-13T11:40:12.821+0545] {processor.py:914} INFO - Processing file /home/ashok/miniconda3/envs/mysecondenvironment/lib/python3.8/site-packages/airflow/example_dags/example_latest_only_with_trigger.py for tasks to queue
[2025-09-13T11:40:12.823+0545] {logging_mixin.py:190} INFO - [2025-09-13T11:40:12.823+0545] {dagbag.py:588} INFO - Filling up the DagBag from /home/ashok/miniconda3/envs/mysecondenvironment/lib/python3.8/site-packages/airflow/example_dags/example_latest_only_with_trigger.py
[2025-09-13T11:40:12.827+0545] {processor.py:925} INFO - DAG(s) 'latest_only_with_trigger' retrieved from /home/ashok/miniconda3/envs/mysecondenvironment/lib/python3.8/site-packages/airflow/example_dags/example_latest_only_with_trigger.py
[2025-09-13T11:40:12.839+0545] {logging_mixin.py:190} INFO - [2025-09-13T11:40:12.839+0545] {dag.py:3239} INFO - Sync 1 DAGs
[2025-09-13T11:40:12.850+0545] {logging_mixin.py:190} INFO - [2025-09-13T11:40:12.849+0545] {dag.py:4180} INFO - Setting next_dagrun for latest_only_with_trigger to 2025-09-13 00:00:00+00:00, run_after=2025-09-13 04:00:00+00:00
[2025-09-13T11:40:12.866+0545] {processor.py:208} INFO - Processing /home/ashok/miniconda3/envs/mysecondenvironment/lib/python3.8/site-packages/airflow/example_dags/example_latest_only_with_trigger.py took 0.050 seconds
[2025-09-13T11:41:06.565+0545] {processor.py:186} INFO - Started process (PID=120448) to work on /home/ashok/miniconda3/envs/mysecondenvironment/lib/python3.8/site-packages/airflow/example_dags/example_latest_only_with_trigger.py
[2025-09-13T11:41:06.568+0545] {processor.py:914} INFO - Processing file /home/ashok/miniconda3/envs/mysecondenvironment/lib/python3.8/site-packages/airflow/example_dags/example_latest_only_with_trigger.py for tasks to queue
[2025-09-13T11:41:06.569+0545] {logging_mixin.py:190} INFO - [2025-09-13T11:41:06.569+0545] {dagbag.py:588} INFO - Filling up the DagBag from /home/ashok/miniconda3/envs/mysecondenvironment/lib/python3.8/site-packages/airflow/example_dags/example_latest_only_with_trigger.py
[2025-09-13T11:41:06.573+0545] {processor.py:925} INFO - DAG(s) 'latest_only_with_trigger' retrieved from /home/ashok/miniconda3/envs/mysecondenvironment/lib/python3.8/site-packages/airflow/example_dags/example_latest_only_with_trigger.py
[2025-09-13T11:41:06.581+0545] {logging_mixin.py:190} INFO - [2025-09-13T11:41:06.581+0545] {dag.py:3239} INFO - Sync 1 DAGs
[2025-09-13T11:41:06.589+0545] {logging_mixin.py:190} INFO - [2025-09-13T11:41:06.589+0545] {dag.py:4180} INFO - Setting next_dagrun for latest_only_with_trigger to 2025-09-13 00:00:00+00:00, run_after=2025-09-13 04:00:00+00:00
[2025-09-13T11:41:06.608+0545] {processor.py:208} INFO - Processing /home/ashok/miniconda3/envs/mysecondenvironment/lib/python3.8/site-packages/airflow/example_dags/example_latest_only_with_trigger.py took 0.046 seconds
[2025-09-13T11:42:20.236+0545] {processor.py:186} INFO - Started process (PID=121071) to work on /home/ashok/miniconda3/envs/mysecondenvironment/lib/python3.8/site-packages/airflow/example_dags/example_latest_only_with_trigger.py
[2025-09-13T11:42:20.237+0545] {processor.py:914} INFO - Processing file /home/ashok/miniconda3/envs/mysecondenvironment/lib/python3.8/site-packages/airflow/example_dags/example_latest_only_with_trigger.py for tasks to queue
[2025-09-13T11:42:20.239+0545] {logging_mixin.py:190} INFO - [2025-09-13T11:42:20.239+0545] {dagbag.py:588} INFO - Filling up the DagBag from /home/ashok/miniconda3/envs/mysecondenvironment/lib/python3.8/site-packages/airflow/example_dags/example_latest_only_with_trigger.py
[2025-09-13T11:42:20.243+0545] {processor.py:925} INFO - DAG(s) 'latest_only_with_trigger' retrieved from /home/ashok/miniconda3/envs/mysecondenvironment/lib/python3.8/site-packages/airflow/example_dags/example_latest_only_with_trigger.py
[2025-09-13T11:42:20.252+0545] {logging_mixin.py:190} INFO - [2025-09-13T11:42:20.252+0545] {dag.py:3239} INFO - Sync 1 DAGs
[2025-09-13T11:42:20.262+0545] {logging_mixin.py:190} INFO - [2025-09-13T11:42:20.262+0545] {dag.py:4180} INFO - Setting next_dagrun for latest_only_with_trigger to 2025-09-13 00:00:00+00:00, run_after=2025-09-13 04:00:00+00:00
[2025-09-13T11:42:20.278+0545] {processor.py:208} INFO - Processing /home/ashok/miniconda3/envs/mysecondenvironment/lib/python3.8/site-packages/airflow/example_dags/example_latest_only_with_trigger.py took 0.045 seconds
[2025-09-13T11:44:38.593+0545] {processor.py:186} INFO - Started process (PID=123347) to work on /home/ashok/miniconda3/envs/mysecondenvironment/lib/python3.8/site-packages/airflow/example_dags/example_latest_only_with_trigger.py
[2025-09-13T11:44:38.595+0545] {processor.py:914} INFO - Processing file /home/ashok/miniconda3/envs/mysecondenvironment/lib/python3.8/site-packages/airflow/example_dags/example_latest_only_with_trigger.py for tasks to queue
[2025-09-13T11:44:38.597+0545] {logging_mixin.py:190} INFO - [2025-09-13T11:44:38.596+0545] {dagbag.py:588} INFO - Filling up the DagBag from /home/ashok/miniconda3/envs/mysecondenvironment/lib/python3.8/site-packages/airflow/example_dags/example_latest_only_with_trigger.py
[2025-09-13T11:44:38.600+0545] {processor.py:925} INFO - DAG(s) 'latest_only_with_trigger' retrieved from /home/ashok/miniconda3/envs/mysecondenvironment/lib/python3.8/site-packages/airflow/example_dags/example_latest_only_with_trigger.py
[2025-09-13T11:44:38.609+0545] {logging_mixin.py:190} INFO - [2025-09-13T11:44:38.609+0545] {dag.py:3239} INFO - Sync 1 DAGs
[2025-09-13T11:44:38.618+0545] {logging_mixin.py:190} INFO - [2025-09-13T11:44:38.618+0545] {dag.py:4180} INFO - Setting next_dagrun for latest_only_with_trigger to 2025-09-13 00:00:00+00:00, run_after=2025-09-13 04:00:00+00:00
[2025-09-13T11:44:38.637+0545] {processor.py:208} INFO - Processing /home/ashok/miniconda3/envs/mysecondenvironment/lib/python3.8/site-packages/airflow/example_dags/example_latest_only_with_trigger.py took 0.047 seconds
[2025-09-13T11:45:35.359+0545] {processor.py:186} INFO - Started process (PID=123746) to work on /home/ashok/miniconda3/envs/mysecondenvironment/lib/python3.8/site-packages/airflow/example_dags/example_latest_only_with_trigger.py
[2025-09-13T11:45:35.361+0545] {processor.py:914} INFO - Processing file /home/ashok/miniconda3/envs/mysecondenvironment/lib/python3.8/site-packages/airflow/example_dags/example_latest_only_with_trigger.py for tasks to queue
[2025-09-13T11:45:35.362+0545] {logging_mixin.py:190} INFO - [2025-09-13T11:45:35.362+0545] {dagbag.py:588} INFO - Filling up the DagBag from /home/ashok/miniconda3/envs/mysecondenvironment/lib/python3.8/site-packages/airflow/example_dags/example_latest_only_with_trigger.py
[2025-09-13T11:45:35.366+0545] {processor.py:925} INFO - DAG(s) 'latest_only_with_trigger' retrieved from /home/ashok/miniconda3/envs/mysecondenvironment/lib/python3.8/site-packages/airflow/example_dags/example_latest_only_with_trigger.py
[2025-09-13T11:45:35.374+0545] {logging_mixin.py:190} INFO - [2025-09-13T11:45:35.374+0545] {dag.py:3239} INFO - Sync 1 DAGs
[2025-09-13T11:45:35.382+0545] {logging_mixin.py:190} INFO - [2025-09-13T11:45:35.382+0545] {dag.py:4180} INFO - Setting next_dagrun for latest_only_with_trigger to 2025-09-13 00:00:00+00:00, run_after=2025-09-13 04:00:00+00:00
[2025-09-13T11:45:35.403+0545] {processor.py:208} INFO - Processing /home/ashok/miniconda3/envs/mysecondenvironment/lib/python3.8/site-packages/airflow/example_dags/example_latest_only_with_trigger.py took 0.048 seconds
[2025-09-13T11:46:30.766+0545] {processor.py:186} INFO - Started process (PID=124301) to work on /home/ashok/miniconda3/envs/mysecondenvironment/lib/python3.8/site-packages/airflow/example_dags/example_latest_only_with_trigger.py
[2025-09-13T11:46:30.768+0545] {processor.py:914} INFO - Processing file /home/ashok/miniconda3/envs/mysecondenvironment/lib/python3.8/site-packages/airflow/example_dags/example_latest_only_with_trigger.py for tasks to queue
[2025-09-13T11:46:30.769+0545] {logging_mixin.py:190} INFO - [2025-09-13T11:46:30.769+0545] {dagbag.py:588} INFO - Filling up the DagBag from /home/ashok/miniconda3/envs/mysecondenvironment/lib/python3.8/site-packages/airflow/example_dags/example_latest_only_with_trigger.py
[2025-09-13T11:46:30.773+0545] {processor.py:925} INFO - DAG(s) 'latest_only_with_trigger' retrieved from /home/ashok/miniconda3/envs/mysecondenvironment/lib/python3.8/site-packages/airflow/example_dags/example_latest_only_with_trigger.py
[2025-09-13T11:46:30.781+0545] {logging_mixin.py:190} INFO - [2025-09-13T11:46:30.781+0545] {dag.py:3239} INFO - Sync 1 DAGs
[2025-09-13T11:46:30.790+0545] {logging_mixin.py:190} INFO - [2025-09-13T11:46:30.790+0545] {dag.py:4180} INFO - Setting next_dagrun for latest_only_with_trigger to 2025-09-13 00:00:00+00:00, run_after=2025-09-13 04:00:00+00:00
[2025-09-13T11:46:30.807+0545] {processor.py:208} INFO - Processing /home/ashok/miniconda3/envs/mysecondenvironment/lib/python3.8/site-packages/airflow/example_dags/example_latest_only_with_trigger.py took 0.045 seconds
[2025-09-13T11:47:22.249+0545] {processor.py:186} INFO - Started process (PID=124806) to work on /home/ashok/miniconda3/envs/mysecondenvironment/lib/python3.8/site-packages/airflow/example_dags/example_latest_only_with_trigger.py
[2025-09-13T11:47:22.251+0545] {processor.py:914} INFO - Processing file /home/ashok/miniconda3/envs/mysecondenvironment/lib/python3.8/site-packages/airflow/example_dags/example_latest_only_with_trigger.py for tasks to queue
[2025-09-13T11:47:22.252+0545] {logging_mixin.py:190} INFO - [2025-09-13T11:47:22.252+0545] {dagbag.py:588} INFO - Filling up the DagBag from /home/ashok/miniconda3/envs/mysecondenvironment/lib/python3.8/site-packages/airflow/example_dags/example_latest_only_with_trigger.py
[2025-09-13T11:47:22.256+0545] {processor.py:925} INFO - DAG(s) 'latest_only_with_trigger' retrieved from /home/ashok/miniconda3/envs/mysecondenvironment/lib/python3.8/site-packages/airflow/example_dags/example_latest_only_with_trigger.py
[2025-09-13T11:47:22.264+0545] {logging_mixin.py:190} INFO - [2025-09-13T11:47:22.264+0545] {dag.py:3239} INFO - Sync 1 DAGs
[2025-09-13T11:47:22.272+0545] {logging_mixin.py:190} INFO - [2025-09-13T11:47:22.272+0545] {dag.py:4180} INFO - Setting next_dagrun for latest_only_with_trigger to 2025-09-13 00:00:00+00:00, run_after=2025-09-13 04:00:00+00:00
[2025-09-13T11:47:22.292+0545] {processor.py:208} INFO - Processing /home/ashok/miniconda3/envs/mysecondenvironment/lib/python3.8/site-packages/airflow/example_dags/example_latest_only_with_trigger.py took 0.046 seconds
