[2025-09-13T11:32:48.939+0545] {processor.py:186} INFO - Started process (PID=116970) to work on /home/ashok/miniconda3/envs/mysecondenvironment/lib/python3.8/site-packages/airflow/example_dags/example_short_circuit_decorator.py
[2025-09-13T11:32:48.939+0545] {processor.py:914} INFO - Processing file /home/ashok/miniconda3/envs/mysecondenvironment/lib/python3.8/site-packages/airflow/example_dags/example_short_circuit_decorator.py for tasks to queue
[2025-09-13T11:32:48.940+0545] {logging_mixin.py:190} INFO - [2025-09-13T11:32:48.940+0545] {dagbag.py:588} INFO - Filling up the DagBag from /home/ashok/miniconda3/envs/mysecondenvironment/lib/python3.8/site-packages/airflow/example_dags/example_short_circuit_decorator.py
[2025-09-13T11:32:48.945+0545] {processor.py:925} INFO - DAG(s) 'example_short_circuit_decorator' retrieved from /home/ashok/miniconda3/envs/mysecondenvironment/lib/python3.8/site-packages/airflow/example_dags/example_short_circuit_decorator.py
[2025-09-13T11:32:48.954+0545] {logging_mixin.py:190} INFO - [2025-09-13T11:32:48.954+0545] {dag.py:3239} INFO - Sync 1 DAGs
[2025-09-13T11:32:48.960+0545] {logging_mixin.py:190} INFO - [2025-09-13T11:32:48.959+0545] {dag.py:4180} INFO - Setting next_dagrun for example_short_circuit_decorator to None, run_after=None
[2025-09-13T11:32:48.979+0545] {processor.py:208} INFO - Processing /home/ashok/miniconda3/envs/mysecondenvironment/lib/python3.8/site-packages/airflow/example_dags/example_short_circuit_decorator.py took 0.044 seconds
[2025-09-13T11:35:17.925+0545] {processor.py:186} INFO - Started process (PID=118201) to work on /home/ashok/miniconda3/envs/mysecondenvironment/lib/python3.8/site-packages/airflow/example_dags/example_short_circuit_decorator.py
[2025-09-13T11:35:17.927+0545] {processor.py:914} INFO - Processing file /home/ashok/miniconda3/envs/mysecondenvironment/lib/python3.8/site-packages/airflow/example_dags/example_short_circuit_decorator.py for tasks to queue
[2025-09-13T11:35:17.929+0545] {logging_mixin.py:190} INFO - [2025-09-13T11:35:17.929+0545] {dagbag.py:588} INFO - Filling up the DagBag from /home/ashok/miniconda3/envs/mysecondenvironment/lib/python3.8/site-packages/airflow/example_dags/example_short_circuit_decorator.py
[2025-09-13T11:35:17.934+0545] {processor.py:925} INFO - DAG(s) 'example_short_circuit_decorator' retrieved from /home/ashok/miniconda3/envs/mysecondenvironment/lib/python3.8/site-packages/airflow/example_dags/example_short_circuit_decorator.py
[2025-09-13T11:35:17.945+0545] {logging_mixin.py:190} INFO - [2025-09-13T11:35:17.945+0545] {dag.py:3239} INFO - Sync 1 DAGs
[2025-09-13T11:35:17.951+0545] {logging_mixin.py:190} INFO - [2025-09-13T11:35:17.950+0545] {dag.py:4180} INFO - Setting next_dagrun for example_short_circuit_decorator to None, run_after=None
[2025-09-13T11:35:17.968+0545] {processor.py:208} INFO - Processing /home/ashok/miniconda3/envs/mysecondenvironment/lib/python3.8/site-packages/airflow/example_dags/example_short_circuit_decorator.py took 0.046 seconds
[2025-09-13T11:36:12.917+0545] {processor.py:186} INFO - Started process (PID=118569) to work on /home/ashok/miniconda3/envs/mysecondenvironment/lib/python3.8/site-packages/airflow/example_dags/example_short_circuit_decorator.py
[2025-09-13T11:36:12.919+0545] {processor.py:914} INFO - Processing file /home/ashok/miniconda3/envs/mysecondenvironment/lib/python3.8/site-packages/airflow/example_dags/example_short_circuit_decorator.py for tasks to queue
[2025-09-13T11:36:12.921+0545] {logging_mixin.py:190} INFO - [2025-09-13T11:36:12.921+0545] {dagbag.py:588} INFO - Filling up the DagBag from /home/ashok/miniconda3/envs/mysecondenvironment/lib/python3.8/site-packages/airflow/example_dags/example_short_circuit_decorator.py
[2025-09-13T11:36:12.927+0545] {processor.py:925} INFO - DAG(s) 'example_short_circuit_decorator' retrieved from /home/ashok/miniconda3/envs/mysecondenvironment/lib/python3.8/site-packages/airflow/example_dags/example_short_circuit_decorator.py
[2025-09-13T11:36:12.938+0545] {logging_mixin.py:190} INFO - [2025-09-13T11:36:12.938+0545] {dag.py:3239} INFO - Sync 1 DAGs
[2025-09-13T11:36:12.945+0545] {logging_mixin.py:190} INFO - [2025-09-13T11:36:12.945+0545] {dag.py:4180} INFO - Setting next_dagrun for example_short_circuit_decorator to None, run_after=None
[2025-09-13T11:36:12.961+0545] {processor.py:208} INFO - Processing /home/ashok/miniconda3/envs/mysecondenvironment/lib/python3.8/site-packages/airflow/example_dags/example_short_circuit_decorator.py took 0.048 seconds
[2025-09-13T11:37:09.757+0545] {processor.py:186} INFO - Started process (PID=118929) to work on /home/ashok/miniconda3/envs/mysecondenvironment/lib/python3.8/site-packages/airflow/example_dags/example_short_circuit_decorator.py
[2025-09-13T11:37:09.759+0545] {processor.py:914} INFO - Processing file /home/ashok/miniconda3/envs/mysecondenvironment/lib/python3.8/site-packages/airflow/example_dags/example_short_circuit_decorator.py for tasks to queue
[2025-09-13T11:37:09.760+0545] {logging_mixin.py:190} INFO - [2025-09-13T11:37:09.760+0545] {dagbag.py:588} INFO - Filling up the DagBag from /home/ashok/miniconda3/envs/mysecondenvironment/lib/python3.8/site-packages/airflow/example_dags/example_short_circuit_decorator.py
[2025-09-13T11:37:09.766+0545] {processor.py:925} INFO - DAG(s) 'example_short_circuit_decorator' retrieved from /home/ashok/miniconda3/envs/mysecondenvironment/lib/python3.8/site-packages/airflow/example_dags/example_short_circuit_decorator.py
[2025-09-13T11:37:09.776+0545] {logging_mixin.py:190} INFO - [2025-09-13T11:37:09.776+0545] {dag.py:3239} INFO - Sync 1 DAGs
[2025-09-13T11:37:09.783+0545] {logging_mixin.py:190} INFO - [2025-09-13T11:37:09.783+0545] {dag.py:4180} INFO - Setting next_dagrun for example_short_circuit_decorator to None, run_after=None
[2025-09-13T11:37:09.800+0545] {processor.py:208} INFO - Processing /home/ashok/miniconda3/envs/mysecondenvironment/lib/python3.8/site-packages/airflow/example_dags/example_short_circuit_decorator.py took 0.048 seconds
[2025-09-13T11:38:04.930+0545] {processor.py:186} INFO - Started process (PID=119275) to work on /home/ashok/miniconda3/envs/mysecondenvironment/lib/python3.8/site-packages/airflow/example_dags/example_short_circuit_decorator.py
[2025-09-13T11:38:04.932+0545] {processor.py:914} INFO - Processing file /home/ashok/miniconda3/envs/mysecondenvironment/lib/python3.8/site-packages/airflow/example_dags/example_short_circuit_decorator.py for tasks to queue
[2025-09-13T11:38:04.933+0545] {logging_mixin.py:190} INFO - [2025-09-13T11:38:04.933+0545] {dagbag.py:588} INFO - Filling up the DagBag from /home/ashok/miniconda3/envs/mysecondenvironment/lib/python3.8/site-packages/airflow/example_dags/example_short_circuit_decorator.py
[2025-09-13T11:38:04.938+0545] {processor.py:925} INFO - DAG(s) 'example_short_circuit_decorator' retrieved from /home/ashok/miniconda3/envs/mysecondenvironment/lib/python3.8/site-packages/airflow/example_dags/example_short_circuit_decorator.py
[2025-09-13T11:38:04.948+0545] {logging_mixin.py:190} INFO - [2025-09-13T11:38:04.948+0545] {dag.py:3239} INFO - Sync 1 DAGs
[2025-09-13T11:38:04.954+0545] {logging_mixin.py:190} INFO - [2025-09-13T11:38:04.954+0545] {dag.py:4180} INFO - Setting next_dagrun for example_short_circuit_decorator to None, run_after=None
[2025-09-13T11:38:04.968+0545] {processor.py:208} INFO - Processing /home/ashok/miniconda3/envs/mysecondenvironment/lib/python3.8/site-packages/airflow/example_dags/example_short_circuit_decorator.py took 0.041 seconds
[2025-09-13T11:39:02.169+0545] {processor.py:186} INFO - Started process (PID=119655) to work on /home/ashok/miniconda3/envs/mysecondenvironment/lib/python3.8/site-packages/airflow/example_dags/example_short_circuit_decorator.py
[2025-09-13T11:39:02.171+0545] {processor.py:914} INFO - Processing file /home/ashok/miniconda3/envs/mysecondenvironment/lib/python3.8/site-packages/airflow/example_dags/example_short_circuit_decorator.py for tasks to queue
[2025-09-13T11:39:02.172+0545] {logging_mixin.py:190} INFO - [2025-09-13T11:39:02.172+0545] {dagbag.py:588} INFO - Filling up the DagBag from /home/ashok/miniconda3/envs/mysecondenvironment/lib/python3.8/site-packages/airflow/example_dags/example_short_circuit_decorator.py
[2025-09-13T11:39:02.178+0545] {processor.py:925} INFO - DAG(s) 'example_short_circuit_decorator' retrieved from /home/ashok/miniconda3/envs/mysecondenvironment/lib/python3.8/site-packages/airflow/example_dags/example_short_circuit_decorator.py
[2025-09-13T11:39:02.191+0545] {logging_mixin.py:190} INFO - [2025-09-13T11:39:02.190+0545] {dag.py:3239} INFO - Sync 1 DAGs
[2025-09-13T11:39:02.198+0545] {logging_mixin.py:190} INFO - [2025-09-13T11:39:02.198+0545] {dag.py:4180} INFO - Setting next_dagrun for example_short_circuit_decorator to None, run_after=None
[2025-09-13T11:39:02.215+0545] {processor.py:208} INFO - Processing /home/ashok/miniconda3/envs/mysecondenvironment/lib/python3.8/site-packages/airflow/example_dags/example_short_circuit_decorator.py took 0.050 seconds
[2025-09-13T11:39:58.524+0545] {processor.py:186} INFO - Started process (PID=120008) to work on /home/ashok/miniconda3/envs/mysecondenvironment/lib/python3.8/site-packages/airflow/example_dags/example_short_circuit_decorator.py
[2025-09-13T11:39:58.526+0545] {processor.py:914} INFO - Processing file /home/ashok/miniconda3/envs/mysecondenvironment/lib/python3.8/site-packages/airflow/example_dags/example_short_circuit_decorator.py for tasks to queue
[2025-09-13T11:39:58.527+0545] {logging_mixin.py:190} INFO - [2025-09-13T11:39:58.527+0545] {dagbag.py:588} INFO - Filling up the DagBag from /home/ashok/miniconda3/envs/mysecondenvironment/lib/python3.8/site-packages/airflow/example_dags/example_short_circuit_decorator.py
[2025-09-13T11:39:58.533+0545] {processor.py:925} INFO - DAG(s) 'example_short_circuit_decorator' retrieved from /home/ashok/miniconda3/envs/mysecondenvironment/lib/python3.8/site-packages/airflow/example_dags/example_short_circuit_decorator.py
[2025-09-13T11:39:58.543+0545] {logging_mixin.py:190} INFO - [2025-09-13T11:39:58.543+0545] {dag.py:3239} INFO - Sync 1 DAGs
[2025-09-13T11:39:58.550+0545] {logging_mixin.py:190} INFO - [2025-09-13T11:39:58.549+0545] {dag.py:4180} INFO - Setting next_dagrun for example_short_circuit_decorator to None, run_after=None
[2025-09-13T11:39:58.565+0545] {processor.py:208} INFO - Processing /home/ashok/miniconda3/envs/mysecondenvironment/lib/python3.8/site-packages/airflow/example_dags/example_short_circuit_decorator.py took 0.045 seconds
[2025-09-13T11:40:52.325+0545] {processor.py:186} INFO - Started process (PID=120363) to work on /home/ashok/miniconda3/envs/mysecondenvironment/lib/python3.8/site-packages/airflow/example_dags/example_short_circuit_decorator.py
[2025-09-13T11:40:52.327+0545] {processor.py:914} INFO - Processing file /home/ashok/miniconda3/envs/mysecondenvironment/lib/python3.8/site-packages/airflow/example_dags/example_short_circuit_decorator.py for tasks to queue
[2025-09-13T11:40:52.328+0545] {logging_mixin.py:190} INFO - [2025-09-13T11:40:52.328+0545] {dagbag.py:588} INFO - Filling up the DagBag from /home/ashok/miniconda3/envs/mysecondenvironment/lib/python3.8/site-packages/airflow/example_dags/example_short_circuit_decorator.py
[2025-09-13T11:40:52.336+0545] {processor.py:925} INFO - DAG(s) 'example_short_circuit_decorator' retrieved from /home/ashok/miniconda3/envs/mysecondenvironment/lib/python3.8/site-packages/airflow/example_dags/example_short_circuit_decorator.py
[2025-09-13T11:40:52.346+0545] {logging_mixin.py:190} INFO - [2025-09-13T11:40:52.346+0545] {dag.py:3239} INFO - Sync 1 DAGs
[2025-09-13T11:40:52.351+0545] {logging_mixin.py:190} INFO - [2025-09-13T11:40:52.351+0545] {dag.py:4180} INFO - Setting next_dagrun for example_short_circuit_decorator to None, run_after=None
[2025-09-13T11:40:52.366+0545] {processor.py:208} INFO - Processing /home/ashok/miniconda3/envs/mysecondenvironment/lib/python3.8/site-packages/airflow/example_dags/example_short_circuit_decorator.py took 0.044 seconds
[2025-09-13T11:42:07.080+0545] {processor.py:186} INFO - Started process (PID=120984) to work on /home/ashok/miniconda3/envs/mysecondenvironment/lib/python3.8/site-packages/airflow/example_dags/example_short_circuit_decorator.py
[2025-09-13T11:42:07.082+0545] {processor.py:914} INFO - Processing file /home/ashok/miniconda3/envs/mysecondenvironment/lib/python3.8/site-packages/airflow/example_dags/example_short_circuit_decorator.py for tasks to queue
[2025-09-13T11:42:07.083+0545] {logging_mixin.py:190} INFO - [2025-09-13T11:42:07.083+0545] {dagbag.py:588} INFO - Filling up the DagBag from /home/ashok/miniconda3/envs/mysecondenvironment/lib/python3.8/site-packages/airflow/example_dags/example_short_circuit_decorator.py
[2025-09-13T11:42:07.088+0545] {processor.py:925} INFO - DAG(s) 'example_short_circuit_decorator' retrieved from /home/ashok/miniconda3/envs/mysecondenvironment/lib/python3.8/site-packages/airflow/example_dags/example_short_circuit_decorator.py
[2025-09-13T11:42:07.098+0545] {logging_mixin.py:190} INFO - [2025-09-13T11:42:07.097+0545] {dag.py:3239} INFO - Sync 1 DAGs
[2025-09-13T11:42:07.103+0545] {logging_mixin.py:190} INFO - [2025-09-13T11:42:07.103+0545] {dag.py:4180} INFO - Setting next_dagrun for example_short_circuit_decorator to None, run_after=None
[2025-09-13T11:42:07.119+0545] {processor.py:208} INFO - Processing /home/ashok/miniconda3/envs/mysecondenvironment/lib/python3.8/site-packages/airflow/example_dags/example_short_circuit_decorator.py took 0.042 seconds
[2025-09-13T11:44:09.965+0545] {processor.py:186} INFO - Started process (PID=123096) to work on /home/ashok/miniconda3/envs/mysecondenvironment/lib/python3.8/site-packages/airflow/example_dags/example_short_circuit_decorator.py
[2025-09-13T11:44:09.966+0545] {processor.py:914} INFO - Processing file /home/ashok/miniconda3/envs/mysecondenvironment/lib/python3.8/site-packages/airflow/example_dags/example_short_circuit_decorator.py for tasks to queue
[2025-09-13T11:44:09.968+0545] {logging_mixin.py:190} INFO - [2025-09-13T11:44:09.968+0545] {dagbag.py:588} INFO - Filling up the DagBag from /home/ashok/miniconda3/envs/mysecondenvironment/lib/python3.8/site-packages/airflow/example_dags/example_short_circuit_decorator.py
[2025-09-13T11:44:09.975+0545] {processor.py:925} INFO - DAG(s) 'example_short_circuit_decorator' retrieved from /home/ashok/miniconda3/envs/mysecondenvironment/lib/python3.8/site-packages/airflow/example_dags/example_short_circuit_decorator.py
[2025-09-13T11:44:09.988+0545] {logging_mixin.py:190} INFO - [2025-09-13T11:44:09.988+0545] {dag.py:3239} INFO - Sync 1 DAGs
[2025-09-13T11:44:09.994+0545] {logging_mixin.py:190} INFO - [2025-09-13T11:44:09.994+0545] {dag.py:4180} INFO - Setting next_dagrun for example_short_circuit_decorator to None, run_after=None
[2025-09-13T11:44:10.010+0545] {processor.py:208} INFO - Processing /home/ashok/miniconda3/envs/mysecondenvironment/lib/python3.8/site-packages/airflow/example_dags/example_short_circuit_decorator.py took 0.050 seconds
[2025-09-13T11:45:21.046+0545] {processor.py:186} INFO - Started process (PID=123653) to work on /home/ashok/miniconda3/envs/mysecondenvironment/lib/python3.8/site-packages/airflow/example_dags/example_short_circuit_decorator.py
[2025-09-13T11:45:21.048+0545] {processor.py:914} INFO - Processing file /home/ashok/miniconda3/envs/mysecondenvironment/lib/python3.8/site-packages/airflow/example_dags/example_short_circuit_decorator.py for tasks to queue
[2025-09-13T11:45:21.049+0545] {logging_mixin.py:190} INFO - [2025-09-13T11:45:21.049+0545] {dagbag.py:588} INFO - Filling up the DagBag from /home/ashok/miniconda3/envs/mysecondenvironment/lib/python3.8/site-packages/airflow/example_dags/example_short_circuit_decorator.py
[2025-09-13T11:45:21.055+0545] {processor.py:925} INFO - DAG(s) 'example_short_circuit_decorator' retrieved from /home/ashok/miniconda3/envs/mysecondenvironment/lib/python3.8/site-packages/airflow/example_dags/example_short_circuit_decorator.py
[2025-09-13T11:45:21.067+0545] {logging_mixin.py:190} INFO - [2025-09-13T11:45:21.067+0545] {dag.py:3239} INFO - Sync 1 DAGs
[2025-09-13T11:45:21.073+0545] {logging_mixin.py:190} INFO - [2025-09-13T11:45:21.073+0545] {dag.py:4180} INFO - Setting next_dagrun for example_short_circuit_decorator to None, run_after=None
[2025-09-13T11:45:21.093+0545] {processor.py:208} INFO - Processing /home/ashok/miniconda3/envs/mysecondenvironment/lib/python3.8/site-packages/airflow/example_dags/example_short_circuit_decorator.py took 0.050 seconds
[2025-09-13T11:46:16.456+0545] {processor.py:186} INFO - Started process (PID=124094) to work on /home/ashok/miniconda3/envs/mysecondenvironment/lib/python3.8/site-packages/airflow/example_dags/example_short_circuit_decorator.py
[2025-09-13T11:46:16.458+0545] {processor.py:914} INFO - Processing file /home/ashok/miniconda3/envs/mysecondenvironment/lib/python3.8/site-packages/airflow/example_dags/example_short_circuit_decorator.py for tasks to queue
[2025-09-13T11:46:16.459+0545] {logging_mixin.py:190} INFO - [2025-09-13T11:46:16.459+0545] {dagbag.py:588} INFO - Filling up the DagBag from /home/ashok/miniconda3/envs/mysecondenvironment/lib/python3.8/site-packages/airflow/example_dags/example_short_circuit_decorator.py
[2025-09-13T11:46:16.464+0545] {processor.py:925} INFO - DAG(s) 'example_short_circuit_decorator' retrieved from /home/ashok/miniconda3/envs/mysecondenvironment/lib/python3.8/site-packages/airflow/example_dags/example_short_circuit_decorator.py
[2025-09-13T11:46:16.473+0545] {logging_mixin.py:190} INFO - [2025-09-13T11:46:16.473+0545] {dag.py:3239} INFO - Sync 1 DAGs
[2025-09-13T11:46:16.478+0545] {logging_mixin.py:190} INFO - [2025-09-13T11:46:16.478+0545] {dag.py:4180} INFO - Setting next_dagrun for example_short_circuit_decorator to None, run_after=None
[2025-09-13T11:46:16.496+0545] {processor.py:208} INFO - Processing /home/ashok/miniconda3/envs/mysecondenvironment/lib/python3.8/site-packages/airflow/example_dags/example_short_circuit_decorator.py took 0.044 seconds
[2025-09-13T11:47:08.272+0545] {processor.py:186} INFO - Started process (PID=124697) to work on /home/ashok/miniconda3/envs/mysecondenvironment/lib/python3.8/site-packages/airflow/example_dags/example_short_circuit_decorator.py
[2025-09-13T11:47:08.274+0545] {processor.py:914} INFO - Processing file /home/ashok/miniconda3/envs/mysecondenvironment/lib/python3.8/site-packages/airflow/example_dags/example_short_circuit_decorator.py for tasks to queue
[2025-09-13T11:47:08.275+0545] {logging_mixin.py:190} INFO - [2025-09-13T11:47:08.275+0545] {dagbag.py:588} INFO - Filling up the DagBag from /home/ashok/miniconda3/envs/mysecondenvironment/lib/python3.8/site-packages/airflow/example_dags/example_short_circuit_decorator.py
[2025-09-13T11:47:08.283+0545] {processor.py:925} INFO - DAG(s) 'example_short_circuit_decorator' retrieved from /home/ashok/miniconda3/envs/mysecondenvironment/lib/python3.8/site-packages/airflow/example_dags/example_short_circuit_decorator.py
[2025-09-13T11:47:08.294+0545] {logging_mixin.py:190} INFO - [2025-09-13T11:47:08.294+0545] {dag.py:3239} INFO - Sync 1 DAGs
[2025-09-13T11:47:08.301+0545] {logging_mixin.py:190} INFO - [2025-09-13T11:47:08.301+0545] {dag.py:4180} INFO - Setting next_dagrun for example_short_circuit_decorator to None, run_after=None
[2025-09-13T11:47:08.318+0545] {processor.py:208} INFO - Processing /home/ashok/miniconda3/envs/mysecondenvironment/lib/python3.8/site-packages/airflow/example_dags/example_short_circuit_decorator.py took 0.051 seconds
