[2025-09-13T11:33:22.905+0545] {processor.py:186} INFO - Started process (PID=117274) to work on /home/ashok/miniconda3/envs/mysecondenvironment/lib/python3.8/site-packages/airflow/example_dags/example_branch_labels.py
[2025-09-13T11:33:22.905+0545] {processor.py:914} INFO - Processing file /home/ashok/miniconda3/envs/mysecondenvironment/lib/python3.8/site-packages/airflow/example_dags/example_branch_labels.py for tasks to queue
[2025-09-13T11:33:22.906+0545] {logging_mixin.py:190} INFO - [2025-09-13T11:33:22.906+0545] {dagbag.py:588} INFO - Filling up the DagBag from /home/ashok/miniconda3/envs/mysecondenvironment/lib/python3.8/site-packages/airflow/example_dags/example_branch_labels.py
[2025-09-13T11:33:22.911+0545] {processor.py:925} INFO - DAG(s) 'example_branch_labels' retrieved from /home/ashok/miniconda3/envs/mysecondenvironment/lib/python3.8/site-packages/airflow/example_dags/example_branch_labels.py
[2025-09-13T11:33:22.920+0545] {logging_mixin.py:190} INFO - [2025-09-13T11:33:22.919+0545] {dag.py:3239} INFO - Sync 1 DAGs
[2025-09-13T11:33:22.928+0545] {logging_mixin.py:190} INFO - [2025-09-13T11:33:22.928+0545] {dag.py:4180} INFO - Setting next_dagrun for example_branch_labels to 2025-09-12 00:00:00+00:00, run_after=2025-09-13 00:00:00+00:00
[2025-09-13T11:33:22.947+0545] {processor.py:208} INFO - Processing /home/ashok/miniconda3/envs/mysecondenvironment/lib/python3.8/site-packages/airflow/example_dags/example_branch_labels.py took 0.046 seconds
[2025-09-13T11:35:50.057+0545] {processor.py:186} INFO - Started process (PID=118421) to work on /home/ashok/miniconda3/envs/mysecondenvironment/lib/python3.8/site-packages/airflow/example_dags/example_branch_labels.py
[2025-09-13T11:35:50.059+0545] {processor.py:914} INFO - Processing file /home/ashok/miniconda3/envs/mysecondenvironment/lib/python3.8/site-packages/airflow/example_dags/example_branch_labels.py for tasks to queue
[2025-09-13T11:35:50.062+0545] {logging_mixin.py:190} INFO - [2025-09-13T11:35:50.061+0545] {dagbag.py:588} INFO - Filling up the DagBag from /home/ashok/miniconda3/envs/mysecondenvironment/lib/python3.8/site-packages/airflow/example_dags/example_branch_labels.py
[2025-09-13T11:35:50.069+0545] {processor.py:925} INFO - DAG(s) 'example_branch_labels' retrieved from /home/ashok/miniconda3/envs/mysecondenvironment/lib/python3.8/site-packages/airflow/example_dags/example_branch_labels.py
[2025-09-13T11:35:50.081+0545] {logging_mixin.py:190} INFO - [2025-09-13T11:35:50.081+0545] {dag.py:3239} INFO - Sync 1 DAGs
[2025-09-13T11:35:50.091+0545] {logging_mixin.py:190} INFO - [2025-09-13T11:35:50.091+0545] {dag.py:4180} INFO - Setting next_dagrun for example_branch_labels to 2025-09-12 00:00:00+00:00, run_after=2025-09-13 00:00:00+00:00
[2025-09-13T11:35:50.108+0545] {processor.py:208} INFO - Processing /home/ashok/miniconda3/envs/mysecondenvironment/lib/python3.8/site-packages/airflow/example_dags/example_branch_labels.py took 0.054 seconds
[2025-09-13T11:37:08.616+0545] {processor.py:186} INFO - Started process (PID=118928) to work on /home/ashok/miniconda3/envs/mysecondenvironment/lib/python3.8/site-packages/airflow/example_dags/example_branch_labels.py
[2025-09-13T11:37:08.618+0545] {processor.py:914} INFO - Processing file /home/ashok/miniconda3/envs/mysecondenvironment/lib/python3.8/site-packages/airflow/example_dags/example_branch_labels.py for tasks to queue
[2025-09-13T11:37:08.620+0545] {logging_mixin.py:190} INFO - [2025-09-13T11:37:08.620+0545] {dagbag.py:588} INFO - Filling up the DagBag from /home/ashok/miniconda3/envs/mysecondenvironment/lib/python3.8/site-packages/airflow/example_dags/example_branch_labels.py
[2025-09-13T11:37:08.625+0545] {processor.py:925} INFO - DAG(s) 'example_branch_labels' retrieved from /home/ashok/miniconda3/envs/mysecondenvironment/lib/python3.8/site-packages/airflow/example_dags/example_branch_labels.py
[2025-09-13T11:37:08.633+0545] {logging_mixin.py:190} INFO - [2025-09-13T11:37:08.633+0545] {dag.py:3239} INFO - Sync 1 DAGs
[2025-09-13T11:37:08.642+0545] {logging_mixin.py:190} INFO - [2025-09-13T11:37:08.642+0545] {dag.py:4180} INFO - Setting next_dagrun for example_branch_labels to 2025-09-12 00:00:00+00:00, run_after=2025-09-13 00:00:00+00:00
[2025-09-13T11:37:08.659+0545] {processor.py:208} INFO - Processing /home/ashok/miniconda3/envs/mysecondenvironment/lib/python3.8/site-packages/airflow/example_dags/example_branch_labels.py took 0.047 seconds
[2025-09-13T11:38:31.798+0545] {processor.py:186} INFO - Started process (PID=119448) to work on /home/ashok/miniconda3/envs/mysecondenvironment/lib/python3.8/site-packages/airflow/example_dags/example_branch_labels.py
[2025-09-13T11:38:31.800+0545] {processor.py:914} INFO - Processing file /home/ashok/miniconda3/envs/mysecondenvironment/lib/python3.8/site-packages/airflow/example_dags/example_branch_labels.py for tasks to queue
[2025-09-13T11:38:31.802+0545] {logging_mixin.py:190} INFO - [2025-09-13T11:38:31.802+0545] {dagbag.py:588} INFO - Filling up the DagBag from /home/ashok/miniconda3/envs/mysecondenvironment/lib/python3.8/site-packages/airflow/example_dags/example_branch_labels.py
[2025-09-13T11:38:31.808+0545] {processor.py:925} INFO - DAG(s) 'example_branch_labels' retrieved from /home/ashok/miniconda3/envs/mysecondenvironment/lib/python3.8/site-packages/airflow/example_dags/example_branch_labels.py
[2025-09-13T11:38:31.817+0545] {logging_mixin.py:190} INFO - [2025-09-13T11:38:31.817+0545] {dag.py:3239} INFO - Sync 1 DAGs
[2025-09-13T11:38:31.827+0545] {logging_mixin.py:190} INFO - [2025-09-13T11:38:31.827+0545] {dag.py:4180} INFO - Setting next_dagrun for example_branch_labels to 2025-09-12 00:00:00+00:00, run_after=2025-09-13 00:00:00+00:00
[2025-09-13T11:38:31.842+0545] {processor.py:208} INFO - Processing /home/ashok/miniconda3/envs/mysecondenvironment/lib/python3.8/site-packages/airflow/example_dags/example_branch_labels.py took 0.048 seconds
[2025-09-13T11:39:30.509+0545] {processor.py:186} INFO - Started process (PID=119831) to work on /home/ashok/miniconda3/envs/mysecondenvironment/lib/python3.8/site-packages/airflow/example_dags/example_branch_labels.py
[2025-09-13T11:39:30.510+0545] {processor.py:914} INFO - Processing file /home/ashok/miniconda3/envs/mysecondenvironment/lib/python3.8/site-packages/airflow/example_dags/example_branch_labels.py for tasks to queue
[2025-09-13T11:39:30.511+0545] {logging_mixin.py:190} INFO - [2025-09-13T11:39:30.511+0545] {dagbag.py:588} INFO - Filling up the DagBag from /home/ashok/miniconda3/envs/mysecondenvironment/lib/python3.8/site-packages/airflow/example_dags/example_branch_labels.py
[2025-09-13T11:39:30.517+0545] {processor.py:925} INFO - DAG(s) 'example_branch_labels' retrieved from /home/ashok/miniconda3/envs/mysecondenvironment/lib/python3.8/site-packages/airflow/example_dags/example_branch_labels.py
[2025-09-13T11:39:30.525+0545] {logging_mixin.py:190} INFO - [2025-09-13T11:39:30.525+0545] {dag.py:3239} INFO - Sync 1 DAGs
[2025-09-13T11:39:30.535+0545] {logging_mixin.py:190} INFO - [2025-09-13T11:39:30.535+0545] {dag.py:4180} INFO - Setting next_dagrun for example_branch_labels to 2025-09-12 00:00:00+00:00, run_after=2025-09-13 00:00:00+00:00
[2025-09-13T11:39:30.551+0545] {processor.py:208} INFO - Processing /home/ashok/miniconda3/envs/mysecondenvironment/lib/python3.8/site-packages/airflow/example_dags/example_branch_labels.py took 0.046 seconds
[2025-09-13T11:40:48.851+0545] {processor.py:186} INFO - Started process (PID=120327) to work on /home/ashok/miniconda3/envs/mysecondenvironment/lib/python3.8/site-packages/airflow/example_dags/example_branch_labels.py
[2025-09-13T11:40:48.852+0545] {processor.py:914} INFO - Processing file /home/ashok/miniconda3/envs/mysecondenvironment/lib/python3.8/site-packages/airflow/example_dags/example_branch_labels.py for tasks to queue
[2025-09-13T11:40:48.853+0545] {logging_mixin.py:190} INFO - [2025-09-13T11:40:48.853+0545] {dagbag.py:588} INFO - Filling up the DagBag from /home/ashok/miniconda3/envs/mysecondenvironment/lib/python3.8/site-packages/airflow/example_dags/example_branch_labels.py
[2025-09-13T11:40:48.859+0545] {processor.py:925} INFO - DAG(s) 'example_branch_labels' retrieved from /home/ashok/miniconda3/envs/mysecondenvironment/lib/python3.8/site-packages/airflow/example_dags/example_branch_labels.py
[2025-09-13T11:40:48.867+0545] {logging_mixin.py:190} INFO - [2025-09-13T11:40:48.867+0545] {dag.py:3239} INFO - Sync 1 DAGs
[2025-09-13T11:40:48.876+0545] {logging_mixin.py:190} INFO - [2025-09-13T11:40:48.876+0545] {dag.py:4180} INFO - Setting next_dagrun for example_branch_labels to 2025-09-12 00:00:00+00:00, run_after=2025-09-13 00:00:00+00:00
[2025-09-13T11:40:48.895+0545] {processor.py:208} INFO - Processing /home/ashok/miniconda3/envs/mysecondenvironment/lib/python3.8/site-packages/airflow/example_dags/example_branch_labels.py took 0.048 seconds
[2025-09-13T11:42:40.221+0545] {processor.py:186} INFO - Started process (PID=121190) to work on /home/ashok/miniconda3/envs/mysecondenvironment/lib/python3.8/site-packages/airflow/example_dags/example_branch_labels.py
[2025-09-13T11:42:40.222+0545] {processor.py:914} INFO - Processing file /home/ashok/miniconda3/envs/mysecondenvironment/lib/python3.8/site-packages/airflow/example_dags/example_branch_labels.py for tasks to queue
[2025-09-13T11:42:40.223+0545] {logging_mixin.py:190} INFO - [2025-09-13T11:42:40.223+0545] {dagbag.py:588} INFO - Filling up the DagBag from /home/ashok/miniconda3/envs/mysecondenvironment/lib/python3.8/site-packages/airflow/example_dags/example_branch_labels.py
[2025-09-13T11:42:40.228+0545] {processor.py:925} INFO - DAG(s) 'example_branch_labels' retrieved from /home/ashok/miniconda3/envs/mysecondenvironment/lib/python3.8/site-packages/airflow/example_dags/example_branch_labels.py
[2025-09-13T11:42:40.237+0545] {logging_mixin.py:190} INFO - [2025-09-13T11:42:40.237+0545] {dag.py:3239} INFO - Sync 1 DAGs
[2025-09-13T11:42:40.249+0545] {logging_mixin.py:190} INFO - [2025-09-13T11:42:40.249+0545] {dag.py:4180} INFO - Setting next_dagrun for example_branch_labels to 2025-09-12 00:00:00+00:00, run_after=2025-09-13 00:00:00+00:00
[2025-09-13T11:42:40.263+0545] {processor.py:208} INFO - Processing /home/ashok/miniconda3/envs/mysecondenvironment/lib/python3.8/site-packages/airflow/example_dags/example_branch_labels.py took 0.048 seconds
[2025-09-13T11:44:55.579+0545] {processor.py:186} INFO - Started process (PID=123473) to work on /home/ashok/miniconda3/envs/mysecondenvironment/lib/python3.8/site-packages/airflow/example_dags/example_branch_labels.py
[2025-09-13T11:44:55.581+0545] {processor.py:914} INFO - Processing file /home/ashok/miniconda3/envs/mysecondenvironment/lib/python3.8/site-packages/airflow/example_dags/example_branch_labels.py for tasks to queue
[2025-09-13T11:44:55.582+0545] {logging_mixin.py:190} INFO - [2025-09-13T11:44:55.582+0545] {dagbag.py:588} INFO - Filling up the DagBag from /home/ashok/miniconda3/envs/mysecondenvironment/lib/python3.8/site-packages/airflow/example_dags/example_branch_labels.py
[2025-09-13T11:44:55.588+0545] {processor.py:925} INFO - DAG(s) 'example_branch_labels' retrieved from /home/ashok/miniconda3/envs/mysecondenvironment/lib/python3.8/site-packages/airflow/example_dags/example_branch_labels.py
[2025-09-13T11:44:55.597+0545] {logging_mixin.py:190} INFO - [2025-09-13T11:44:55.597+0545] {dag.py:3239} INFO - Sync 1 DAGs
[2025-09-13T11:44:55.608+0545] {logging_mixin.py:190} INFO - [2025-09-13T11:44:55.608+0545] {dag.py:4180} INFO - Setting next_dagrun for example_branch_labels to 2025-09-12 00:00:00+00:00, run_after=2025-09-13 00:00:00+00:00
[2025-09-13T11:44:55.625+0545] {processor.py:208} INFO - Processing /home/ashok/miniconda3/envs/mysecondenvironment/lib/python3.8/site-packages/airflow/example_dags/example_branch_labels.py took 0.049 seconds
[2025-09-13T11:46:14.172+0545] {processor.py:186} INFO - Started process (PID=124081) to work on /home/ashok/miniconda3/envs/mysecondenvironment/lib/python3.8/site-packages/airflow/example_dags/example_branch_labels.py
[2025-09-13T11:46:14.174+0545] {processor.py:914} INFO - Processing file /home/ashok/miniconda3/envs/mysecondenvironment/lib/python3.8/site-packages/airflow/example_dags/example_branch_labels.py for tasks to queue
[2025-09-13T11:46:14.176+0545] {logging_mixin.py:190} INFO - [2025-09-13T11:46:14.175+0545] {dagbag.py:588} INFO - Filling up the DagBag from /home/ashok/miniconda3/envs/mysecondenvironment/lib/python3.8/site-packages/airflow/example_dags/example_branch_labels.py
[2025-09-13T11:46:14.182+0545] {processor.py:925} INFO - DAG(s) 'example_branch_labels' retrieved from /home/ashok/miniconda3/envs/mysecondenvironment/lib/python3.8/site-packages/airflow/example_dags/example_branch_labels.py
[2025-09-13T11:46:14.190+0545] {logging_mixin.py:190} INFO - [2025-09-13T11:46:14.190+0545] {dag.py:3239} INFO - Sync 1 DAGs
[2025-09-13T11:46:14.198+0545] {logging_mixin.py:190} INFO - [2025-09-13T11:46:14.198+0545] {dag.py:4180} INFO - Setting next_dagrun for example_branch_labels to 2025-09-12 00:00:00+00:00, run_after=2025-09-13 00:00:00+00:00
[2025-09-13T11:46:14.216+0545] {processor.py:208} INFO - Processing /home/ashok/miniconda3/envs/mysecondenvironment/lib/python3.8/site-packages/airflow/example_dags/example_branch_labels.py took 0.048 seconds
[2025-09-13T11:47:31.390+0545] {processor.py:186} INFO - Started process (PID=124858) to work on /home/ashok/miniconda3/envs/mysecondenvironment/lib/python3.8/site-packages/airflow/example_dags/example_branch_labels.py
[2025-09-13T11:47:31.393+0545] {processor.py:914} INFO - Processing file /home/ashok/miniconda3/envs/mysecondenvironment/lib/python3.8/site-packages/airflow/example_dags/example_branch_labels.py for tasks to queue
[2025-09-13T11:47:31.395+0545] {logging_mixin.py:190} INFO - [2025-09-13T11:47:31.395+0545] {dagbag.py:588} INFO - Filling up the DagBag from /home/ashok/miniconda3/envs/mysecondenvironment/lib/python3.8/site-packages/airflow/example_dags/example_branch_labels.py
[2025-09-13T11:47:31.401+0545] {processor.py:925} INFO - DAG(s) 'example_branch_labels' retrieved from /home/ashok/miniconda3/envs/mysecondenvironment/lib/python3.8/site-packages/airflow/example_dags/example_branch_labels.py
[2025-09-13T11:47:31.410+0545] {logging_mixin.py:190} INFO - [2025-09-13T11:47:31.409+0545] {dag.py:3239} INFO - Sync 1 DAGs
[2025-09-13T11:47:31.419+0545] {logging_mixin.py:190} INFO - [2025-09-13T11:47:31.419+0545] {dag.py:4180} INFO - Setting next_dagrun for example_branch_labels to 2025-09-12 00:00:00+00:00, run_after=2025-09-13 00:00:00+00:00
[2025-09-13T11:47:31.436+0545] {processor.py:208} INFO - Processing /home/ashok/miniconda3/envs/mysecondenvironment/lib/python3.8/site-packages/airflow/example_dags/example_branch_labels.py took 0.050 seconds
