[2025-09-13T11:33:14.881+0545] {processor.py:186} INFO - Started process (PID=117222) to work on /home/ashok/miniconda3/envs/mysecondenvironment/lib/python3.8/site-packages/airflow/example_dags/example_branch_operator_decorator.py
[2025-09-13T11:33:14.881+0545] {processor.py:914} INFO - Processing file /home/ashok/miniconda3/envs/mysecondenvironment/lib/python3.8/site-packages/airflow/example_dags/example_branch_operator_decorator.py for tasks to queue
[2025-09-13T11:33:14.882+0545] {logging_mixin.py:190} INFO - [2025-09-13T11:33:14.882+0545] {dagbag.py:588} INFO - Filling up the DagBag from /home/ashok/miniconda3/envs/mysecondenvironment/lib/python3.8/site-packages/airflow/example_dags/example_branch_operator_decorator.py
[2025-09-13T11:33:14.884+0545] {processor.py:927} WARNING - No viable dags retrieved from /home/ashok/miniconda3/envs/mysecondenvironment/lib/python3.8/site-packages/airflow/example_dags/example_branch_operator_decorator.py
[2025-09-13T11:33:14.889+0545] {processor.py:208} INFO - Processing /home/ashok/miniconda3/envs/mysecondenvironment/lib/python3.8/site-packages/airflow/example_dags/example_branch_operator_decorator.py took 0.011 seconds
[2025-09-13T11:35:42.033+0545] {processor.py:186} INFO - Started process (PID=118371) to work on /home/ashok/miniconda3/envs/mysecondenvironment/lib/python3.8/site-packages/airflow/example_dags/example_branch_operator_decorator.py
[2025-09-13T11:35:42.035+0545] {processor.py:914} INFO - Processing file /home/ashok/miniconda3/envs/mysecondenvironment/lib/python3.8/site-packages/airflow/example_dags/example_branch_operator_decorator.py for tasks to queue
[2025-09-13T11:35:42.037+0545] {logging_mixin.py:190} INFO - [2025-09-13T11:35:42.036+0545] {dagbag.py:588} INFO - Filling up the DagBag from /home/ashok/miniconda3/envs/mysecondenvironment/lib/python3.8/site-packages/airflow/example_dags/example_branch_operator_decorator.py
[2025-09-13T11:35:42.038+0545] {processor.py:927} WARNING - No viable dags retrieved from /home/ashok/miniconda3/envs/mysecondenvironment/lib/python3.8/site-packages/airflow/example_dags/example_branch_operator_decorator.py
[2025-09-13T11:35:42.043+0545] {processor.py:208} INFO - Processing /home/ashok/miniconda3/envs/mysecondenvironment/lib/python3.8/site-packages/airflow/example_dags/example_branch_operator_decorator.py took 0.013 seconds
[2025-09-13T11:36:38.348+0545] {processor.py:186} INFO - Started process (PID=118727) to work on /home/ashok/miniconda3/envs/mysecondenvironment/lib/python3.8/site-packages/airflow/example_dags/example_branch_operator_decorator.py
[2025-09-13T11:36:38.349+0545] {processor.py:914} INFO - Processing file /home/ashok/miniconda3/envs/mysecondenvironment/lib/python3.8/site-packages/airflow/example_dags/example_branch_operator_decorator.py for tasks to queue
[2025-09-13T11:36:38.350+0545] {logging_mixin.py:190} INFO - [2025-09-13T11:36:38.350+0545] {dagbag.py:588} INFO - Filling up the DagBag from /home/ashok/miniconda3/envs/mysecondenvironment/lib/python3.8/site-packages/airflow/example_dags/example_branch_operator_decorator.py
[2025-09-13T11:36:38.353+0545] {processor.py:927} WARNING - No viable dags retrieved from /home/ashok/miniconda3/envs/mysecondenvironment/lib/python3.8/site-packages/airflow/example_dags/example_branch_operator_decorator.py
[2025-09-13T11:36:38.359+0545] {processor.py:208} INFO - Processing /home/ashok/miniconda3/envs/mysecondenvironment/lib/python3.8/site-packages/airflow/example_dags/example_branch_operator_decorator.py took 0.016 seconds
[2025-09-13T11:37:35.783+0545] {processor.py:186} INFO - Started process (PID=119088) to work on /home/ashok/miniconda3/envs/mysecondenvironment/lib/python3.8/site-packages/airflow/example_dags/example_branch_operator_decorator.py
[2025-09-13T11:37:35.784+0545] {processor.py:914} INFO - Processing file /home/ashok/miniconda3/envs/mysecondenvironment/lib/python3.8/site-packages/airflow/example_dags/example_branch_operator_decorator.py for tasks to queue
[2025-09-13T11:37:35.786+0545] {logging_mixin.py:190} INFO - [2025-09-13T11:37:35.786+0545] {dagbag.py:588} INFO - Filling up the DagBag from /home/ashok/miniconda3/envs/mysecondenvironment/lib/python3.8/site-packages/airflow/example_dags/example_branch_operator_decorator.py
[2025-09-13T11:37:35.788+0545] {processor.py:927} WARNING - No viable dags retrieved from /home/ashok/miniconda3/envs/mysecondenvironment/lib/python3.8/site-packages/airflow/example_dags/example_branch_operator_decorator.py
[2025-09-13T11:37:35.793+0545] {processor.py:208} INFO - Processing /home/ashok/miniconda3/envs/mysecondenvironment/lib/python3.8/site-packages/airflow/example_dags/example_branch_operator_decorator.py took 0.014 seconds
[2025-09-13T11:38:55.569+0545] {processor.py:186} INFO - Started process (PID=119597) to work on /home/ashok/miniconda3/envs/mysecondenvironment/lib/python3.8/site-packages/airflow/example_dags/example_branch_operator_decorator.py
[2025-09-13T11:38:55.571+0545] {processor.py:914} INFO - Processing file /home/ashok/miniconda3/envs/mysecondenvironment/lib/python3.8/site-packages/airflow/example_dags/example_branch_operator_decorator.py for tasks to queue
[2025-09-13T11:38:55.572+0545] {logging_mixin.py:190} INFO - [2025-09-13T11:38:55.572+0545] {dagbag.py:588} INFO - Filling up the DagBag from /home/ashok/miniconda3/envs/mysecondenvironment/lib/python3.8/site-packages/airflow/example_dags/example_branch_operator_decorator.py
[2025-09-13T11:38:55.573+0545] {processor.py:927} WARNING - No viable dags retrieved from /home/ashok/miniconda3/envs/mysecondenvironment/lib/python3.8/site-packages/airflow/example_dags/example_branch_operator_decorator.py
[2025-09-13T11:38:55.579+0545] {processor.py:208} INFO - Processing /home/ashok/miniconda3/envs/mysecondenvironment/lib/python3.8/site-packages/airflow/example_dags/example_branch_operator_decorator.py took 0.014 seconds
[2025-09-13T11:39:53.196+0545] {processor.py:186} INFO - Started process (PID=119982) to work on /home/ashok/miniconda3/envs/mysecondenvironment/lib/python3.8/site-packages/airflow/example_dags/example_branch_operator_decorator.py
[2025-09-13T11:39:53.197+0545] {processor.py:914} INFO - Processing file /home/ashok/miniconda3/envs/mysecondenvironment/lib/python3.8/site-packages/airflow/example_dags/example_branch_operator_decorator.py for tasks to queue
[2025-09-13T11:39:53.198+0545] {logging_mixin.py:190} INFO - [2025-09-13T11:39:53.198+0545] {dagbag.py:588} INFO - Filling up the DagBag from /home/ashok/miniconda3/envs/mysecondenvironment/lib/python3.8/site-packages/airflow/example_dags/example_branch_operator_decorator.py
[2025-09-13T11:39:53.200+0545] {processor.py:927} WARNING - No viable dags retrieved from /home/ashok/miniconda3/envs/mysecondenvironment/lib/python3.8/site-packages/airflow/example_dags/example_branch_operator_decorator.py
[2025-09-13T11:39:53.205+0545] {processor.py:208} INFO - Processing /home/ashok/miniconda3/envs/mysecondenvironment/lib/python3.8/site-packages/airflow/example_dags/example_branch_operator_decorator.py took 0.013 seconds
[2025-09-13T11:40:46.931+0545] {processor.py:186} INFO - Started process (PID=120315) to work on /home/ashok/miniconda3/envs/mysecondenvironment/lib/python3.8/site-packages/airflow/example_dags/example_branch_operator_decorator.py
[2025-09-13T11:40:46.933+0545] {processor.py:914} INFO - Processing file /home/ashok/miniconda3/envs/mysecondenvironment/lib/python3.8/site-packages/airflow/example_dags/example_branch_operator_decorator.py for tasks to queue
[2025-09-13T11:40:46.935+0545] {logging_mixin.py:190} INFO - [2025-09-13T11:40:46.934+0545] {dagbag.py:588} INFO - Filling up the DagBag from /home/ashok/miniconda3/envs/mysecondenvironment/lib/python3.8/site-packages/airflow/example_dags/example_branch_operator_decorator.py
[2025-09-13T11:40:46.936+0545] {processor.py:927} WARNING - No viable dags retrieved from /home/ashok/miniconda3/envs/mysecondenvironment/lib/python3.8/site-packages/airflow/example_dags/example_branch_operator_decorator.py
[2025-09-13T11:40:46.941+0545] {processor.py:208} INFO - Processing /home/ashok/miniconda3/envs/mysecondenvironment/lib/python3.8/site-packages/airflow/example_dags/example_branch_operator_decorator.py took 0.014 seconds
[2025-09-13T11:42:31.674+0545] {processor.py:186} INFO - Started process (PID=121142) to work on /home/ashok/miniconda3/envs/mysecondenvironment/lib/python3.8/site-packages/airflow/example_dags/example_branch_operator_decorator.py
[2025-09-13T11:42:31.676+0545] {processor.py:914} INFO - Processing file /home/ashok/miniconda3/envs/mysecondenvironment/lib/python3.8/site-packages/airflow/example_dags/example_branch_operator_decorator.py for tasks to queue
[2025-09-13T11:42:31.678+0545] {logging_mixin.py:190} INFO - [2025-09-13T11:42:31.678+0545] {dagbag.py:588} INFO - Filling up the DagBag from /home/ashok/miniconda3/envs/mysecondenvironment/lib/python3.8/site-packages/airflow/example_dags/example_branch_operator_decorator.py
[2025-09-13T11:42:31.680+0545] {processor.py:927} WARNING - No viable dags retrieved from /home/ashok/miniconda3/envs/mysecondenvironment/lib/python3.8/site-packages/airflow/example_dags/example_branch_operator_decorator.py
[2025-09-13T11:42:31.685+0545] {processor.py:208} INFO - Processing /home/ashok/miniconda3/envs/mysecondenvironment/lib/python3.8/site-packages/airflow/example_dags/example_branch_operator_decorator.py took 0.015 seconds
[2025-09-13T11:44:48.460+0545] {processor.py:186} INFO - Started process (PID=123435) to work on /home/ashok/miniconda3/envs/mysecondenvironment/lib/python3.8/site-packages/airflow/example_dags/example_branch_operator_decorator.py
[2025-09-13T11:44:48.463+0545] {processor.py:914} INFO - Processing file /home/ashok/miniconda3/envs/mysecondenvironment/lib/python3.8/site-packages/airflow/example_dags/example_branch_operator_decorator.py for tasks to queue
[2025-09-13T11:44:48.465+0545] {logging_mixin.py:190} INFO - [2025-09-13T11:44:48.464+0545] {dagbag.py:588} INFO - Filling up the DagBag from /home/ashok/miniconda3/envs/mysecondenvironment/lib/python3.8/site-packages/airflow/example_dags/example_branch_operator_decorator.py
[2025-09-13T11:44:48.466+0545] {processor.py:927} WARNING - No viable dags retrieved from /home/ashok/miniconda3/envs/mysecondenvironment/lib/python3.8/site-packages/airflow/example_dags/example_branch_operator_decorator.py
[2025-09-13T11:44:48.471+0545] {processor.py:208} INFO - Processing /home/ashok/miniconda3/envs/mysecondenvironment/lib/python3.8/site-packages/airflow/example_dags/example_branch_operator_decorator.py took 0.014 seconds
[2025-09-13T11:45:45.649+0545] {processor.py:186} INFO - Started process (PID=123817) to work on /home/ashok/miniconda3/envs/mysecondenvironment/lib/python3.8/site-packages/airflow/example_dags/example_branch_operator_decorator.py
[2025-09-13T11:45:45.651+0545] {processor.py:914} INFO - Processing file /home/ashok/miniconda3/envs/mysecondenvironment/lib/python3.8/site-packages/airflow/example_dags/example_branch_operator_decorator.py for tasks to queue
[2025-09-13T11:45:45.652+0545] {logging_mixin.py:190} INFO - [2025-09-13T11:45:45.652+0545] {dagbag.py:588} INFO - Filling up the DagBag from /home/ashok/miniconda3/envs/mysecondenvironment/lib/python3.8/site-packages/airflow/example_dags/example_branch_operator_decorator.py
[2025-09-13T11:45:45.653+0545] {processor.py:927} WARNING - No viable dags retrieved from /home/ashok/miniconda3/envs/mysecondenvironment/lib/python3.8/site-packages/airflow/example_dags/example_branch_operator_decorator.py
[2025-09-13T11:45:45.658+0545] {processor.py:208} INFO - Processing /home/ashok/miniconda3/envs/mysecondenvironment/lib/python3.8/site-packages/airflow/example_dags/example_branch_operator_decorator.py took 0.013 seconds
[2025-09-13T11:47:01.660+0545] {processor.py:186} INFO - Started process (PID=124650) to work on /home/ashok/miniconda3/envs/mysecondenvironment/lib/python3.8/site-packages/airflow/example_dags/example_branch_operator_decorator.py
[2025-09-13T11:47:01.661+0545] {processor.py:914} INFO - Processing file /home/ashok/miniconda3/envs/mysecondenvironment/lib/python3.8/site-packages/airflow/example_dags/example_branch_operator_decorator.py for tasks to queue
[2025-09-13T11:47:01.663+0545] {logging_mixin.py:190} INFO - [2025-09-13T11:47:01.662+0545] {dagbag.py:588} INFO - Filling up the DagBag from /home/ashok/miniconda3/envs/mysecondenvironment/lib/python3.8/site-packages/airflow/example_dags/example_branch_operator_decorator.py
[2025-09-13T11:47:01.664+0545] {processor.py:927} WARNING - No viable dags retrieved from /home/ashok/miniconda3/envs/mysecondenvironment/lib/python3.8/site-packages/airflow/example_dags/example_branch_operator_decorator.py
[2025-09-13T11:47:01.669+0545] {processor.py:208} INFO - Processing /home/ashok/miniconda3/envs/mysecondenvironment/lib/python3.8/site-packages/airflow/example_dags/example_branch_operator_decorator.py took 0.012 seconds
