[2025-09-13T11:33:01.070+0545] {processor.py:186} INFO - Started process (PID=117111) to work on /home/ashok/miniconda3/envs/mysecondenvironment/lib/python3.8/site-packages/airflow/example_dags/example_dataset_alias.py
[2025-09-13T11:33:01.070+0545] {processor.py:914} INFO - Processing file /home/ashok/miniconda3/envs/mysecondenvironment/lib/python3.8/site-packages/airflow/example_dags/example_dataset_alias.py for tasks to queue
[2025-09-13T11:33:01.072+0545] {logging_mixin.py:190} INFO - [2025-09-13T11:33:01.072+0545] {dagbag.py:588} INFO - Filling up the DagBag from /home/ashok/miniconda3/envs/mysecondenvironment/lib/python3.8/site-packages/airflow/example_dags/example_dataset_alias.py
[2025-09-13T11:33:01.084+0545] {processor.py:925} INFO - DAG(s) 'dataset_s3_bucket_consumer', 'dataset_s3_bucket_producer', 'dataset_alias_example_alias_consumer', 'dataset_alias_example_alias_producer' retrieved from /home/ashok/miniconda3/envs/mysecondenvironment/lib/python3.8/site-packages/airflow/example_dags/example_dataset_alias.py
[2025-09-13T11:33:01.095+0545] {logging_mixin.py:190} INFO - [2025-09-13T11:33:01.095+0545] {dag.py:3239} INFO - Sync 4 DAGs
[2025-09-13T11:33:01.106+0545] {logging_mixin.py:190} INFO - [2025-09-13T11:33:01.106+0545] {dag.py:4180} INFO - Setting next_dagrun for dataset_alias_example_alias_consumer to None, run_after=None
[2025-09-13T11:33:01.107+0545] {logging_mixin.py:190} INFO - [2025-09-13T11:33:01.107+0545] {dag.py:4180} INFO - Setting next_dagrun for dataset_alias_example_alias_producer to None, run_after=None
[2025-09-13T11:33:01.107+0545] {logging_mixin.py:190} INFO - [2025-09-13T11:33:01.107+0545] {dag.py:4180} INFO - Setting next_dagrun for dataset_s3_bucket_consumer to None, run_after=None
[2025-09-13T11:33:01.108+0545] {logging_mixin.py:190} INFO - [2025-09-13T11:33:01.108+0545] {dag.py:4180} INFO - Setting next_dagrun for dataset_s3_bucket_producer to None, run_after=None
[2025-09-13T11:33:01.124+0545] {processor.py:208} INFO - Processing /home/ashok/miniconda3/envs/mysecondenvironment/lib/python3.8/site-packages/airflow/example_dags/example_dataset_alias.py took 0.058 seconds
[2025-09-13T11:35:29.371+0545] {processor.py:186} INFO - Started process (PID=118275) to work on /home/ashok/miniconda3/envs/mysecondenvironment/lib/python3.8/site-packages/airflow/example_dags/example_dataset_alias.py
[2025-09-13T11:35:29.373+0545] {processor.py:914} INFO - Processing file /home/ashok/miniconda3/envs/mysecondenvironment/lib/python3.8/site-packages/airflow/example_dags/example_dataset_alias.py for tasks to queue
[2025-09-13T11:35:29.374+0545] {logging_mixin.py:190} INFO - [2025-09-13T11:35:29.374+0545] {dagbag.py:588} INFO - Filling up the DagBag from /home/ashok/miniconda3/envs/mysecondenvironment/lib/python3.8/site-packages/airflow/example_dags/example_dataset_alias.py
[2025-09-13T11:35:29.387+0545] {processor.py:925} INFO - DAG(s) 'dataset_alias_example_alias_consumer', 'dataset_s3_bucket_producer', 'dataset_alias_example_alias_producer', 'dataset_s3_bucket_consumer' retrieved from /home/ashok/miniconda3/envs/mysecondenvironment/lib/python3.8/site-packages/airflow/example_dags/example_dataset_alias.py
[2025-09-13T11:35:29.398+0545] {logging_mixin.py:190} INFO - [2025-09-13T11:35:29.397+0545] {dag.py:3239} INFO - Sync 4 DAGs
[2025-09-13T11:35:29.406+0545] {logging_mixin.py:190} INFO - [2025-09-13T11:35:29.406+0545] {dag.py:4180} INFO - Setting next_dagrun for dataset_alias_example_alias_consumer to None, run_after=None
[2025-09-13T11:35:29.407+0545] {logging_mixin.py:190} INFO - [2025-09-13T11:35:29.407+0545] {dag.py:4180} INFO - Setting next_dagrun for dataset_alias_example_alias_producer to None, run_after=None
[2025-09-13T11:35:29.408+0545] {logging_mixin.py:190} INFO - [2025-09-13T11:35:29.408+0545] {dag.py:4180} INFO - Setting next_dagrun for dataset_s3_bucket_consumer to None, run_after=None
[2025-09-13T11:35:29.408+0545] {logging_mixin.py:190} INFO - [2025-09-13T11:35:29.408+0545] {dag.py:4180} INFO - Setting next_dagrun for dataset_s3_bucket_producer to None, run_after=None
[2025-09-13T11:35:29.425+0545] {processor.py:208} INFO - Processing /home/ashok/miniconda3/envs/mysecondenvironment/lib/python3.8/site-packages/airflow/example_dags/example_dataset_alias.py took 0.057 seconds
[2025-09-13T11:36:25.988+0545] {processor.py:186} INFO - Started process (PID=118655) to work on /home/ashok/miniconda3/envs/mysecondenvironment/lib/python3.8/site-packages/airflow/example_dags/example_dataset_alias.py
[2025-09-13T11:36:25.990+0545] {processor.py:914} INFO - Processing file /home/ashok/miniconda3/envs/mysecondenvironment/lib/python3.8/site-packages/airflow/example_dags/example_dataset_alias.py for tasks to queue
[2025-09-13T11:36:25.992+0545] {logging_mixin.py:190} INFO - [2025-09-13T11:36:25.991+0545] {dagbag.py:588} INFO - Filling up the DagBag from /home/ashok/miniconda3/envs/mysecondenvironment/lib/python3.8/site-packages/airflow/example_dags/example_dataset_alias.py
[2025-09-13T11:36:26.002+0545] {processor.py:925} INFO - DAG(s) 'dataset_s3_bucket_producer', 'dataset_alias_example_alias_producer', 'dataset_alias_example_alias_consumer', 'dataset_s3_bucket_consumer' retrieved from /home/ashok/miniconda3/envs/mysecondenvironment/lib/python3.8/site-packages/airflow/example_dags/example_dataset_alias.py
[2025-09-13T11:36:26.011+0545] {logging_mixin.py:190} INFO - [2025-09-13T11:36:26.011+0545] {dag.py:3239} INFO - Sync 4 DAGs
[2025-09-13T11:36:26.020+0545] {logging_mixin.py:190} INFO - [2025-09-13T11:36:26.019+0545] {dag.py:4180} INFO - Setting next_dagrun for dataset_alias_example_alias_consumer to None, run_after=None
[2025-09-13T11:36:26.020+0545] {logging_mixin.py:190} INFO - [2025-09-13T11:36:26.020+0545] {dag.py:4180} INFO - Setting next_dagrun for dataset_alias_example_alias_producer to None, run_after=None
[2025-09-13T11:36:26.021+0545] {logging_mixin.py:190} INFO - [2025-09-13T11:36:26.021+0545] {dag.py:4180} INFO - Setting next_dagrun for dataset_s3_bucket_consumer to None, run_after=None
[2025-09-13T11:36:26.021+0545] {logging_mixin.py:190} INFO - [2025-09-13T11:36:26.021+0545] {dag.py:4180} INFO - Setting next_dagrun for dataset_s3_bucket_producer to None, run_after=None
[2025-09-13T11:36:26.041+0545] {processor.py:208} INFO - Processing /home/ashok/miniconda3/envs/mysecondenvironment/lib/python3.8/site-packages/airflow/example_dags/example_dataset_alias.py took 0.056 seconds
[2025-09-13T11:37:22.712+0545] {processor.py:186} INFO - Started process (PID=119015) to work on /home/ashok/miniconda3/envs/mysecondenvironment/lib/python3.8/site-packages/airflow/example_dags/example_dataset_alias.py
[2025-09-13T11:37:22.714+0545] {processor.py:914} INFO - Processing file /home/ashok/miniconda3/envs/mysecondenvironment/lib/python3.8/site-packages/airflow/example_dags/example_dataset_alias.py for tasks to queue
[2025-09-13T11:37:22.715+0545] {logging_mixin.py:190} INFO - [2025-09-13T11:37:22.715+0545] {dagbag.py:588} INFO - Filling up the DagBag from /home/ashok/miniconda3/envs/mysecondenvironment/lib/python3.8/site-packages/airflow/example_dags/example_dataset_alias.py
[2025-09-13T11:37:22.727+0545] {processor.py:925} INFO - DAG(s) 'dataset_alias_example_alias_consumer', 'dataset_s3_bucket_consumer', 'dataset_alias_example_alias_producer', 'dataset_s3_bucket_producer' retrieved from /home/ashok/miniconda3/envs/mysecondenvironment/lib/python3.8/site-packages/airflow/example_dags/example_dataset_alias.py
[2025-09-13T11:37:22.736+0545] {logging_mixin.py:190} INFO - [2025-09-13T11:37:22.736+0545] {dag.py:3239} INFO - Sync 4 DAGs
[2025-09-13T11:37:22.745+0545] {logging_mixin.py:190} INFO - [2025-09-13T11:37:22.745+0545] {dag.py:4180} INFO - Setting next_dagrun for dataset_alias_example_alias_consumer to None, run_after=None
[2025-09-13T11:37:22.746+0545] {logging_mixin.py:190} INFO - [2025-09-13T11:37:22.746+0545] {dag.py:4180} INFO - Setting next_dagrun for dataset_alias_example_alias_producer to None, run_after=None
[2025-09-13T11:37:22.747+0545] {logging_mixin.py:190} INFO - [2025-09-13T11:37:22.747+0545] {dag.py:4180} INFO - Setting next_dagrun for dataset_s3_bucket_consumer to None, run_after=None
[2025-09-13T11:37:22.747+0545] {logging_mixin.py:190} INFO - [2025-09-13T11:37:22.747+0545] {dag.py:4180} INFO - Setting next_dagrun for dataset_s3_bucket_producer to None, run_after=None
[2025-09-13T11:37:22.764+0545] {processor.py:208} INFO - Processing /home/ashok/miniconda3/envs/mysecondenvironment/lib/python3.8/site-packages/airflow/example_dags/example_dataset_alias.py took 0.055 seconds
[2025-09-13T11:38:18.087+0545] {processor.py:186} INFO - Started process (PID=119361) to work on /home/ashok/miniconda3/envs/mysecondenvironment/lib/python3.8/site-packages/airflow/example_dags/example_dataset_alias.py
[2025-09-13T11:38:18.088+0545] {processor.py:914} INFO - Processing file /home/ashok/miniconda3/envs/mysecondenvironment/lib/python3.8/site-packages/airflow/example_dags/example_dataset_alias.py for tasks to queue
[2025-09-13T11:38:18.090+0545] {logging_mixin.py:190} INFO - [2025-09-13T11:38:18.090+0545] {dagbag.py:588} INFO - Filling up the DagBag from /home/ashok/miniconda3/envs/mysecondenvironment/lib/python3.8/site-packages/airflow/example_dags/example_dataset_alias.py
[2025-09-13T11:38:18.102+0545] {processor.py:925} INFO - DAG(s) 'dataset_alias_example_alias_consumer', 'dataset_alias_example_alias_producer', 'dataset_s3_bucket_producer', 'dataset_s3_bucket_consumer' retrieved from /home/ashok/miniconda3/envs/mysecondenvironment/lib/python3.8/site-packages/airflow/example_dags/example_dataset_alias.py
[2025-09-13T11:38:18.112+0545] {logging_mixin.py:190} INFO - [2025-09-13T11:38:18.112+0545] {dag.py:3239} INFO - Sync 4 DAGs
[2025-09-13T11:38:18.120+0545] {logging_mixin.py:190} INFO - [2025-09-13T11:38:18.120+0545] {dag.py:4180} INFO - Setting next_dagrun for dataset_alias_example_alias_consumer to None, run_after=None
[2025-09-13T11:38:18.121+0545] {logging_mixin.py:190} INFO - [2025-09-13T11:38:18.121+0545] {dag.py:4180} INFO - Setting next_dagrun for dataset_alias_example_alias_producer to None, run_after=None
[2025-09-13T11:38:18.122+0545] {logging_mixin.py:190} INFO - [2025-09-13T11:38:18.122+0545] {dag.py:4180} INFO - Setting next_dagrun for dataset_s3_bucket_consumer to None, run_after=None
[2025-09-13T11:38:18.122+0545] {logging_mixin.py:190} INFO - [2025-09-13T11:38:18.122+0545] {dag.py:4180} INFO - Setting next_dagrun for dataset_s3_bucket_producer to None, run_after=None
[2025-09-13T11:38:18.139+0545] {processor.py:208} INFO - Processing /home/ashok/miniconda3/envs/mysecondenvironment/lib/python3.8/site-packages/airflow/example_dags/example_dataset_alias.py took 0.056 seconds
[2025-09-13T11:39:15.319+0545] {processor.py:186} INFO - Started process (PID=119728) to work on /home/ashok/miniconda3/envs/mysecondenvironment/lib/python3.8/site-packages/airflow/example_dags/example_dataset_alias.py
[2025-09-13T11:39:15.321+0545] {processor.py:914} INFO - Processing file /home/ashok/miniconda3/envs/mysecondenvironment/lib/python3.8/site-packages/airflow/example_dags/example_dataset_alias.py for tasks to queue
[2025-09-13T11:39:15.323+0545] {logging_mixin.py:190} INFO - [2025-09-13T11:39:15.322+0545] {dagbag.py:588} INFO - Filling up the DagBag from /home/ashok/miniconda3/envs/mysecondenvironment/lib/python3.8/site-packages/airflow/example_dags/example_dataset_alias.py
[2025-09-13T11:39:15.334+0545] {processor.py:925} INFO - DAG(s) 'dataset_s3_bucket_consumer', 'dataset_alias_example_alias_producer', 'dataset_s3_bucket_producer', 'dataset_alias_example_alias_consumer' retrieved from /home/ashok/miniconda3/envs/mysecondenvironment/lib/python3.8/site-packages/airflow/example_dags/example_dataset_alias.py
[2025-09-13T11:39:15.345+0545] {logging_mixin.py:190} INFO - [2025-09-13T11:39:15.345+0545] {dag.py:3239} INFO - Sync 4 DAGs
[2025-09-13T11:39:15.353+0545] {logging_mixin.py:190} INFO - [2025-09-13T11:39:15.353+0545] {dag.py:4180} INFO - Setting next_dagrun for dataset_alias_example_alias_consumer to None, run_after=None
[2025-09-13T11:39:15.354+0545] {logging_mixin.py:190} INFO - [2025-09-13T11:39:15.354+0545] {dag.py:4180} INFO - Setting next_dagrun for dataset_alias_example_alias_producer to None, run_after=None
[2025-09-13T11:39:15.355+0545] {logging_mixin.py:190} INFO - [2025-09-13T11:39:15.355+0545] {dag.py:4180} INFO - Setting next_dagrun for dataset_s3_bucket_consumer to None, run_after=None
[2025-09-13T11:39:15.355+0545] {logging_mixin.py:190} INFO - [2025-09-13T11:39:15.355+0545] {dag.py:4180} INFO - Setting next_dagrun for dataset_s3_bucket_producer to None, run_after=None
[2025-09-13T11:39:15.372+0545] {processor.py:208} INFO - Processing /home/ashok/miniconda3/envs/mysecondenvironment/lib/python3.8/site-packages/airflow/example_dags/example_dataset_alias.py took 0.056 seconds
[2025-09-13T11:40:10.833+0545] {processor.py:186} INFO - Started process (PID=120088) to work on /home/ashok/miniconda3/envs/mysecondenvironment/lib/python3.8/site-packages/airflow/example_dags/example_dataset_alias.py
[2025-09-13T11:40:10.835+0545] {processor.py:914} INFO - Processing file /home/ashok/miniconda3/envs/mysecondenvironment/lib/python3.8/site-packages/airflow/example_dags/example_dataset_alias.py for tasks to queue
[2025-09-13T11:40:10.836+0545] {logging_mixin.py:190} INFO - [2025-09-13T11:40:10.836+0545] {dagbag.py:588} INFO - Filling up the DagBag from /home/ashok/miniconda3/envs/mysecondenvironment/lib/python3.8/site-packages/airflow/example_dags/example_dataset_alias.py
[2025-09-13T11:40:10.849+0545] {processor.py:925} INFO - DAG(s) 'dataset_alias_example_alias_producer', 'dataset_alias_example_alias_consumer', 'dataset_s3_bucket_producer', 'dataset_s3_bucket_consumer' retrieved from /home/ashok/miniconda3/envs/mysecondenvironment/lib/python3.8/site-packages/airflow/example_dags/example_dataset_alias.py
[2025-09-13T11:40:10.858+0545] {logging_mixin.py:190} INFO - [2025-09-13T11:40:10.858+0545] {dag.py:3239} INFO - Sync 4 DAGs
[2025-09-13T11:40:10.868+0545] {logging_mixin.py:190} INFO - [2025-09-13T11:40:10.868+0545] {dag.py:4180} INFO - Setting next_dagrun for dataset_alias_example_alias_consumer to None, run_after=None
[2025-09-13T11:40:10.869+0545] {logging_mixin.py:190} INFO - [2025-09-13T11:40:10.869+0545] {dag.py:4180} INFO - Setting next_dagrun for dataset_alias_example_alias_producer to None, run_after=None
[2025-09-13T11:40:10.870+0545] {logging_mixin.py:190} INFO - [2025-09-13T11:40:10.870+0545] {dag.py:4180} INFO - Setting next_dagrun for dataset_s3_bucket_consumer to None, run_after=None
[2025-09-13T11:40:10.870+0545] {logging_mixin.py:190} INFO - [2025-09-13T11:40:10.870+0545] {dag.py:4180} INFO - Setting next_dagrun for dataset_s3_bucket_producer to None, run_after=None
[2025-09-13T11:40:10.886+0545] {processor.py:208} INFO - Processing /home/ashok/miniconda3/envs/mysecondenvironment/lib/python3.8/site-packages/airflow/example_dags/example_dataset_alias.py took 0.056 seconds
[2025-09-13T11:41:04.298+0545] {processor.py:186} INFO - Started process (PID=120436) to work on /home/ashok/miniconda3/envs/mysecondenvironment/lib/python3.8/site-packages/airflow/example_dags/example_dataset_alias.py
[2025-09-13T11:41:04.301+0545] {processor.py:914} INFO - Processing file /home/ashok/miniconda3/envs/mysecondenvironment/lib/python3.8/site-packages/airflow/example_dags/example_dataset_alias.py for tasks to queue
[2025-09-13T11:41:04.302+0545] {logging_mixin.py:190} INFO - [2025-09-13T11:41:04.302+0545] {dagbag.py:588} INFO - Filling up the DagBag from /home/ashok/miniconda3/envs/mysecondenvironment/lib/python3.8/site-packages/airflow/example_dags/example_dataset_alias.py
[2025-09-13T11:41:04.313+0545] {processor.py:925} INFO - DAG(s) 'dataset_alias_example_alias_producer', 'dataset_s3_bucket_producer', 'dataset_alias_example_alias_consumer', 'dataset_s3_bucket_consumer' retrieved from /home/ashok/miniconda3/envs/mysecondenvironment/lib/python3.8/site-packages/airflow/example_dags/example_dataset_alias.py
[2025-09-13T11:41:04.322+0545] {logging_mixin.py:190} INFO - [2025-09-13T11:41:04.321+0545] {dag.py:3239} INFO - Sync 4 DAGs
[2025-09-13T11:41:04.331+0545] {logging_mixin.py:190} INFO - [2025-09-13T11:41:04.330+0545] {dag.py:4180} INFO - Setting next_dagrun for dataset_alias_example_alias_consumer to None, run_after=None
[2025-09-13T11:41:04.334+0545] {logging_mixin.py:190} INFO - [2025-09-13T11:41:04.334+0545] {dag.py:4180} INFO - Setting next_dagrun for dataset_alias_example_alias_producer to None, run_after=None
[2025-09-13T11:41:04.335+0545] {logging_mixin.py:190} INFO - [2025-09-13T11:41:04.335+0545] {dag.py:4180} INFO - Setting next_dagrun for dataset_s3_bucket_consumer to None, run_after=None
[2025-09-13T11:41:04.335+0545] {logging_mixin.py:190} INFO - [2025-09-13T11:41:04.335+0545] {dag.py:4180} INFO - Setting next_dagrun for dataset_s3_bucket_producer to None, run_after=None
[2025-09-13T11:41:04.351+0545] {processor.py:208} INFO - Processing /home/ashok/miniconda3/envs/mysecondenvironment/lib/python3.8/site-packages/airflow/example_dags/example_dataset_alias.py took 0.057 seconds
[2025-09-13T11:42:18.507+0545] {processor.py:186} INFO - Started process (PID=121069) to work on /home/ashok/miniconda3/envs/mysecondenvironment/lib/python3.8/site-packages/airflow/example_dags/example_dataset_alias.py
[2025-09-13T11:42:18.509+0545] {processor.py:914} INFO - Processing file /home/ashok/miniconda3/envs/mysecondenvironment/lib/python3.8/site-packages/airflow/example_dags/example_dataset_alias.py for tasks to queue
[2025-09-13T11:42:18.510+0545] {logging_mixin.py:190} INFO - [2025-09-13T11:42:18.510+0545] {dagbag.py:588} INFO - Filling up the DagBag from /home/ashok/miniconda3/envs/mysecondenvironment/lib/python3.8/site-packages/airflow/example_dags/example_dataset_alias.py
[2025-09-13T11:42:18.522+0545] {processor.py:925} INFO - DAG(s) 'dataset_alias_example_alias_producer', 'dataset_s3_bucket_producer', 'dataset_alias_example_alias_consumer', 'dataset_s3_bucket_consumer' retrieved from /home/ashok/miniconda3/envs/mysecondenvironment/lib/python3.8/site-packages/airflow/example_dags/example_dataset_alias.py
[2025-09-13T11:42:18.534+0545] {logging_mixin.py:190} INFO - [2025-09-13T11:42:18.533+0545] {dag.py:3239} INFO - Sync 4 DAGs
[2025-09-13T11:42:18.543+0545] {logging_mixin.py:190} INFO - [2025-09-13T11:42:18.543+0545] {dag.py:4180} INFO - Setting next_dagrun for dataset_alias_example_alias_consumer to None, run_after=None
[2025-09-13T11:42:18.544+0545] {logging_mixin.py:190} INFO - [2025-09-13T11:42:18.544+0545] {dag.py:4180} INFO - Setting next_dagrun for dataset_alias_example_alias_producer to None, run_after=None
[2025-09-13T11:42:18.544+0545] {logging_mixin.py:190} INFO - [2025-09-13T11:42:18.544+0545] {dag.py:4180} INFO - Setting next_dagrun for dataset_s3_bucket_consumer to None, run_after=None
[2025-09-13T11:42:18.545+0545] {logging_mixin.py:190} INFO - [2025-09-13T11:42:18.545+0545] {dag.py:4180} INFO - Setting next_dagrun for dataset_s3_bucket_producer to None, run_after=None
[2025-09-13T11:42:18.562+0545] {processor.py:208} INFO - Processing /home/ashok/miniconda3/envs/mysecondenvironment/lib/python3.8/site-packages/airflow/example_dags/example_dataset_alias.py took 0.060 seconds
[2025-09-13T11:44:36.326+0545] {processor.py:186} INFO - Started process (PID=123334) to work on /home/ashok/miniconda3/envs/mysecondenvironment/lib/python3.8/site-packages/airflow/example_dags/example_dataset_alias.py
[2025-09-13T11:44:36.329+0545] {processor.py:914} INFO - Processing file /home/ashok/miniconda3/envs/mysecondenvironment/lib/python3.8/site-packages/airflow/example_dags/example_dataset_alias.py for tasks to queue
[2025-09-13T11:44:36.330+0545] {logging_mixin.py:190} INFO - [2025-09-13T11:44:36.330+0545] {dagbag.py:588} INFO - Filling up the DagBag from /home/ashok/miniconda3/envs/mysecondenvironment/lib/python3.8/site-packages/airflow/example_dags/example_dataset_alias.py
[2025-09-13T11:44:36.342+0545] {processor.py:925} INFO - DAG(s) 'dataset_s3_bucket_consumer', 'dataset_alias_example_alias_consumer', 'dataset_alias_example_alias_producer', 'dataset_s3_bucket_producer' retrieved from /home/ashok/miniconda3/envs/mysecondenvironment/lib/python3.8/site-packages/airflow/example_dags/example_dataset_alias.py
[2025-09-13T11:44:36.351+0545] {logging_mixin.py:190} INFO - [2025-09-13T11:44:36.351+0545] {dag.py:3239} INFO - Sync 4 DAGs
[2025-09-13T11:44:36.359+0545] {logging_mixin.py:190} INFO - [2025-09-13T11:44:36.359+0545] {dag.py:4180} INFO - Setting next_dagrun for dataset_alias_example_alias_consumer to None, run_after=None
[2025-09-13T11:44:36.360+0545] {logging_mixin.py:190} INFO - [2025-09-13T11:44:36.360+0545] {dag.py:4180} INFO - Setting next_dagrun for dataset_alias_example_alias_producer to None, run_after=None
[2025-09-13T11:44:36.361+0545] {logging_mixin.py:190} INFO - [2025-09-13T11:44:36.361+0545] {dag.py:4180} INFO - Setting next_dagrun for dataset_s3_bucket_consumer to None, run_after=None
[2025-09-13T11:44:36.361+0545] {logging_mixin.py:190} INFO - [2025-09-13T11:44:36.361+0545] {dag.py:4180} INFO - Setting next_dagrun for dataset_s3_bucket_producer to None, run_after=None
[2025-09-13T11:44:36.382+0545] {processor.py:208} INFO - Processing /home/ashok/miniconda3/envs/mysecondenvironment/lib/python3.8/site-packages/airflow/example_dags/example_dataset_alias.py took 0.058 seconds
[2025-09-13T11:45:33.074+0545] {processor.py:186} INFO - Started process (PID=123733) to work on /home/ashok/miniconda3/envs/mysecondenvironment/lib/python3.8/site-packages/airflow/example_dags/example_dataset_alias.py
[2025-09-13T11:45:33.076+0545] {processor.py:914} INFO - Processing file /home/ashok/miniconda3/envs/mysecondenvironment/lib/python3.8/site-packages/airflow/example_dags/example_dataset_alias.py for tasks to queue
[2025-09-13T11:45:33.078+0545] {logging_mixin.py:190} INFO - [2025-09-13T11:45:33.077+0545] {dagbag.py:588} INFO - Filling up the DagBag from /home/ashok/miniconda3/envs/mysecondenvironment/lib/python3.8/site-packages/airflow/example_dags/example_dataset_alias.py
[2025-09-13T11:45:33.089+0545] {processor.py:925} INFO - DAG(s) 'dataset_s3_bucket_consumer', 'dataset_s3_bucket_producer', 'dataset_alias_example_alias_consumer', 'dataset_alias_example_alias_producer' retrieved from /home/ashok/miniconda3/envs/mysecondenvironment/lib/python3.8/site-packages/airflow/example_dags/example_dataset_alias.py
[2025-09-13T11:45:33.097+0545] {logging_mixin.py:190} INFO - [2025-09-13T11:45:33.097+0545] {dag.py:3239} INFO - Sync 4 DAGs
[2025-09-13T11:45:33.105+0545] {logging_mixin.py:190} INFO - [2025-09-13T11:45:33.105+0545] {dag.py:4180} INFO - Setting next_dagrun for dataset_alias_example_alias_consumer to None, run_after=None
[2025-09-13T11:45:33.106+0545] {logging_mixin.py:190} INFO - [2025-09-13T11:45:33.106+0545] {dag.py:4180} INFO - Setting next_dagrun for dataset_alias_example_alias_producer to None, run_after=None
[2025-09-13T11:45:33.107+0545] {logging_mixin.py:190} INFO - [2025-09-13T11:45:33.107+0545] {dag.py:4180} INFO - Setting next_dagrun for dataset_s3_bucket_consumer to None, run_after=None
[2025-09-13T11:45:33.107+0545] {logging_mixin.py:190} INFO - [2025-09-13T11:45:33.107+0545] {dag.py:4180} INFO - Setting next_dagrun for dataset_s3_bucket_producer to None, run_after=None
[2025-09-13T11:45:33.125+0545] {processor.py:208} INFO - Processing /home/ashok/miniconda3/envs/mysecondenvironment/lib/python3.8/site-packages/airflow/example_dags/example_dataset_alias.py took 0.054 seconds
[2025-09-13T11:46:28.861+0545] {processor.py:186} INFO - Started process (PID=124287) to work on /home/ashok/miniconda3/envs/mysecondenvironment/lib/python3.8/site-packages/airflow/example_dags/example_dataset_alias.py
[2025-09-13T11:46:28.862+0545] {processor.py:914} INFO - Processing file /home/ashok/miniconda3/envs/mysecondenvironment/lib/python3.8/site-packages/airflow/example_dags/example_dataset_alias.py for tasks to queue
[2025-09-13T11:46:28.864+0545] {logging_mixin.py:190} INFO - [2025-09-13T11:46:28.863+0545] {dagbag.py:588} INFO - Filling up the DagBag from /home/ashok/miniconda3/envs/mysecondenvironment/lib/python3.8/site-packages/airflow/example_dags/example_dataset_alias.py
[2025-09-13T11:46:28.875+0545] {processor.py:925} INFO - DAG(s) 'dataset_s3_bucket_producer', 'dataset_alias_example_alias_producer', 'dataset_alias_example_alias_consumer', 'dataset_s3_bucket_consumer' retrieved from /home/ashok/miniconda3/envs/mysecondenvironment/lib/python3.8/site-packages/airflow/example_dags/example_dataset_alias.py
[2025-09-13T11:46:28.884+0545] {logging_mixin.py:190} INFO - [2025-09-13T11:46:28.884+0545] {dag.py:3239} INFO - Sync 4 DAGs
[2025-09-13T11:46:28.893+0545] {logging_mixin.py:190} INFO - [2025-09-13T11:46:28.893+0545] {dag.py:4180} INFO - Setting next_dagrun for dataset_alias_example_alias_consumer to None, run_after=None
[2025-09-13T11:46:28.894+0545] {logging_mixin.py:190} INFO - [2025-09-13T11:46:28.894+0545] {dag.py:4180} INFO - Setting next_dagrun for dataset_alias_example_alias_producer to None, run_after=None
[2025-09-13T11:46:28.894+0545] {logging_mixin.py:190} INFO - [2025-09-13T11:46:28.894+0545] {dag.py:4180} INFO - Setting next_dagrun for dataset_s3_bucket_consumer to None, run_after=None
[2025-09-13T11:46:28.895+0545] {logging_mixin.py:190} INFO - [2025-09-13T11:46:28.894+0545] {dag.py:4180} INFO - Setting next_dagrun for dataset_s3_bucket_producer to None, run_after=None
[2025-09-13T11:46:28.914+0545] {processor.py:208} INFO - Processing /home/ashok/miniconda3/envs/mysecondenvironment/lib/python3.8/site-packages/airflow/example_dags/example_dataset_alias.py took 0.056 seconds
[2025-09-13T11:47:20.672+0545] {processor.py:186} INFO - Started process (PID=124794) to work on /home/ashok/miniconda3/envs/mysecondenvironment/lib/python3.8/site-packages/airflow/example_dags/example_dataset_alias.py
[2025-09-13T11:47:20.675+0545] {processor.py:914} INFO - Processing file /home/ashok/miniconda3/envs/mysecondenvironment/lib/python3.8/site-packages/airflow/example_dags/example_dataset_alias.py for tasks to queue
[2025-09-13T11:47:20.676+0545] {logging_mixin.py:190} INFO - [2025-09-13T11:47:20.676+0545] {dagbag.py:588} INFO - Filling up the DagBag from /home/ashok/miniconda3/envs/mysecondenvironment/lib/python3.8/site-packages/airflow/example_dags/example_dataset_alias.py
[2025-09-13T11:47:20.687+0545] {processor.py:925} INFO - DAG(s) 'dataset_s3_bucket_consumer', 'dataset_s3_bucket_producer', 'dataset_alias_example_alias_producer', 'dataset_alias_example_alias_consumer' retrieved from /home/ashok/miniconda3/envs/mysecondenvironment/lib/python3.8/site-packages/airflow/example_dags/example_dataset_alias.py
[2025-09-13T11:47:20.696+0545] {logging_mixin.py:190} INFO - [2025-09-13T11:47:20.696+0545] {dag.py:3239} INFO - Sync 4 DAGs
[2025-09-13T11:47:20.704+0545] {logging_mixin.py:190} INFO - [2025-09-13T11:47:20.704+0545] {dag.py:4180} INFO - Setting next_dagrun for dataset_alias_example_alias_consumer to None, run_after=None
[2025-09-13T11:47:20.705+0545] {logging_mixin.py:190} INFO - [2025-09-13T11:47:20.705+0545] {dag.py:4180} INFO - Setting next_dagrun for dataset_alias_example_alias_producer to None, run_after=None
[2025-09-13T11:47:20.706+0545] {logging_mixin.py:190} INFO - [2025-09-13T11:47:20.705+0545] {dag.py:4180} INFO - Setting next_dagrun for dataset_s3_bucket_consumer to None, run_after=None
[2025-09-13T11:47:20.706+0545] {logging_mixin.py:190} INFO - [2025-09-13T11:47:20.706+0545] {dag.py:4180} INFO - Setting next_dagrun for dataset_s3_bucket_producer to None, run_after=None
[2025-09-13T11:47:20.725+0545] {processor.py:208} INFO - Processing /home/ashok/miniconda3/envs/mysecondenvironment/lib/python3.8/site-packages/airflow/example_dags/example_dataset_alias.py took 0.056 seconds
