[2025-09-13T11:32:41.528+0545] {processor.py:186} INFO - Started process (PID=116557) to work on /home/ashok/miniconda3/envs/mysecondenvironment/lib/python3.8/site-packages/airflow/example_dags/example_subdag_operator.py
[2025-09-13T11:32:41.529+0545] {processor.py:914} INFO - Processing file /home/ashok/miniconda3/envs/mysecondenvironment/lib/python3.8/site-packages/airflow/example_dags/example_subdag_operator.py for tasks to queue
[2025-09-13T11:32:41.530+0545] {logging_mixin.py:190} INFO - [2025-09-13T11:32:41.530+0545] {dagbag.py:588} INFO - Filling up the DagBag from /home/ashok/miniconda3/envs/mysecondenvironment/lib/python3.8/site-packages/airflow/example_dags/example_subdag_operator.py
[2025-09-13T11:32:41.541+0545] {processor.py:925} INFO - DAG(s) 'example_subdag_operator.section-1', 'example_subdag_operator.section-2', 'example_subdag_operator' retrieved from /home/ashok/miniconda3/envs/mysecondenvironment/lib/python3.8/site-packages/airflow/example_dags/example_subdag_operator.py
[2025-09-13T11:32:41.548+0545] {logging_mixin.py:190} INFO - [2025-09-13T11:32:41.548+0545] {dag.py:3239} INFO - Sync 3 DAGs
[2025-09-13T11:32:41.558+0545] {logging_mixin.py:190} INFO - [2025-09-13T11:32:41.558+0545] {dag.py:4180} INFO - Setting next_dagrun for example_subdag_operator to 2022-01-01 00:00:00+00:00, run_after=2022-01-01 00:00:00+00:00
[2025-09-13T11:32:41.559+0545] {logging_mixin.py:190} INFO - [2025-09-13T11:32:41.559+0545] {dag.py:4180} INFO - Setting next_dagrun for example_subdag_operator.section-1 to None, run_after=None
[2025-09-13T11:32:41.559+0545] {logging_mixin.py:190} INFO - [2025-09-13T11:32:41.559+0545] {dag.py:4180} INFO - Setting next_dagrun for example_subdag_operator.section-2 to None, run_after=None
[2025-09-13T11:32:41.562+0545] {logging_mixin.py:190} INFO - [2025-09-13T11:32:41.562+0545] {dag.py:3239} INFO - Sync 2 DAGs
[2025-09-13T11:32:41.564+0545] {logging_mixin.py:190} INFO - [2025-09-13T11:32:41.564+0545] {dag.py:4180} INFO - Setting next_dagrun for example_subdag_operator.section-1 to None, run_after=None
[2025-09-13T11:32:41.564+0545] {logging_mixin.py:190} INFO - [2025-09-13T11:32:41.564+0545] {dag.py:4180} INFO - Setting next_dagrun for example_subdag_operator.section-2 to None, run_after=None
[2025-09-13T11:32:41.576+0545] {processor.py:208} INFO - Processing /home/ashok/miniconda3/envs/mysecondenvironment/lib/python3.8/site-packages/airflow/example_dags/example_subdag_operator.py took 0.051 seconds
[2025-09-13T11:35:09.925+0545] {processor.py:186} INFO - Started process (PID=118152) to work on /home/ashok/miniconda3/envs/mysecondenvironment/lib/python3.8/site-packages/airflow/example_dags/example_subdag_operator.py
[2025-09-13T11:35:09.927+0545] {processor.py:914} INFO - Processing file /home/ashok/miniconda3/envs/mysecondenvironment/lib/python3.8/site-packages/airflow/example_dags/example_subdag_operator.py for tasks to queue
[2025-09-13T11:35:09.929+0545] {logging_mixin.py:190} INFO - [2025-09-13T11:35:09.929+0545] {dagbag.py:588} INFO - Filling up the DagBag from /home/ashok/miniconda3/envs/mysecondenvironment/lib/python3.8/site-packages/airflow/example_dags/example_subdag_operator.py
[2025-09-13T11:35:09.939+0545] {processor.py:925} INFO - DAG(s) 'example_subdag_operator.section-1', 'example_subdag_operator.section-2', 'example_subdag_operator' retrieved from /home/ashok/miniconda3/envs/mysecondenvironment/lib/python3.8/site-packages/airflow/example_dags/example_subdag_operator.py
[2025-09-13T11:35:09.946+0545] {logging_mixin.py:190} INFO - [2025-09-13T11:35:09.946+0545] {dag.py:3239} INFO - Sync 3 DAGs
[2025-09-13T11:35:09.955+0545] {logging_mixin.py:190} INFO - [2025-09-13T11:35:09.955+0545] {dag.py:4180} INFO - Setting next_dagrun for example_subdag_operator to 2022-01-01 00:00:00+00:00, run_after=2022-01-01 00:00:00+00:00
[2025-09-13T11:35:09.956+0545] {logging_mixin.py:190} INFO - [2025-09-13T11:35:09.956+0545] {dag.py:4180} INFO - Setting next_dagrun for example_subdag_operator.section-1 to None, run_after=None
[2025-09-13T11:35:09.956+0545] {logging_mixin.py:190} INFO - [2025-09-13T11:35:09.956+0545] {dag.py:4180} INFO - Setting next_dagrun for example_subdag_operator.section-2 to None, run_after=None
[2025-09-13T11:35:09.959+0545] {logging_mixin.py:190} INFO - [2025-09-13T11:35:09.959+0545] {dag.py:3239} INFO - Sync 2 DAGs
[2025-09-13T11:35:09.960+0545] {logging_mixin.py:190} INFO - [2025-09-13T11:35:09.960+0545] {dag.py:4180} INFO - Setting next_dagrun for example_subdag_operator.section-1 to None, run_after=None
[2025-09-13T11:35:09.960+0545] {logging_mixin.py:190} INFO - [2025-09-13T11:35:09.960+0545] {dag.py:4180} INFO - Setting next_dagrun for example_subdag_operator.section-2 to None, run_after=None
[2025-09-13T11:35:09.977+0545] {processor.py:208} INFO - Processing /home/ashok/miniconda3/envs/mysecondenvironment/lib/python3.8/site-packages/airflow/example_dags/example_subdag_operator.py took 0.055 seconds
[2025-09-13T11:36:05.503+0545] {processor.py:186} INFO - Started process (PID=118520) to work on /home/ashok/miniconda3/envs/mysecondenvironment/lib/python3.8/site-packages/airflow/example_dags/example_subdag_operator.py
[2025-09-13T11:36:05.505+0545] {processor.py:914} INFO - Processing file /home/ashok/miniconda3/envs/mysecondenvironment/lib/python3.8/site-packages/airflow/example_dags/example_subdag_operator.py for tasks to queue
[2025-09-13T11:36:05.506+0545] {logging_mixin.py:190} INFO - [2025-09-13T11:36:05.506+0545] {dagbag.py:588} INFO - Filling up the DagBag from /home/ashok/miniconda3/envs/mysecondenvironment/lib/python3.8/site-packages/airflow/example_dags/example_subdag_operator.py
[2025-09-13T11:36:05.517+0545] {processor.py:925} INFO - DAG(s) 'example_subdag_operator.section-1', 'example_subdag_operator.section-2', 'example_subdag_operator' retrieved from /home/ashok/miniconda3/envs/mysecondenvironment/lib/python3.8/site-packages/airflow/example_dags/example_subdag_operator.py
[2025-09-13T11:36:05.523+0545] {logging_mixin.py:190} INFO - [2025-09-13T11:36:05.523+0545] {dag.py:3239} INFO - Sync 3 DAGs
[2025-09-13T11:36:05.532+0545] {logging_mixin.py:190} INFO - [2025-09-13T11:36:05.531+0545] {dag.py:4180} INFO - Setting next_dagrun for example_subdag_operator to 2022-01-01 00:00:00+00:00, run_after=2022-01-01 00:00:00+00:00
[2025-09-13T11:36:05.533+0545] {logging_mixin.py:190} INFO - [2025-09-13T11:36:05.533+0545] {dag.py:4180} INFO - Setting next_dagrun for example_subdag_operator.section-1 to None, run_after=None
[2025-09-13T11:36:05.533+0545] {logging_mixin.py:190} INFO - [2025-09-13T11:36:05.533+0545] {dag.py:4180} INFO - Setting next_dagrun for example_subdag_operator.section-2 to None, run_after=None
[2025-09-13T11:36:05.536+0545] {logging_mixin.py:190} INFO - [2025-09-13T11:36:05.536+0545] {dag.py:3239} INFO - Sync 2 DAGs
[2025-09-13T11:36:05.537+0545] {logging_mixin.py:190} INFO - [2025-09-13T11:36:05.537+0545] {dag.py:4180} INFO - Setting next_dagrun for example_subdag_operator.section-1 to None, run_after=None
[2025-09-13T11:36:05.537+0545] {logging_mixin.py:190} INFO - [2025-09-13T11:36:05.537+0545] {dag.py:4180} INFO - Setting next_dagrun for example_subdag_operator.section-2 to None, run_after=None
[2025-09-13T11:36:05.551+0545] {processor.py:208} INFO - Processing /home/ashok/miniconda3/envs/mysecondenvironment/lib/python3.8/site-packages/airflow/example_dags/example_subdag_operator.py took 0.051 seconds
[2025-09-13T11:36:56.986+0545] {processor.py:186} INFO - Started process (PID=118853) to work on /home/ashok/miniconda3/envs/mysecondenvironment/lib/python3.8/site-packages/airflow/example_dags/example_subdag_operator.py
[2025-09-13T11:36:56.988+0545] {processor.py:914} INFO - Processing file /home/ashok/miniconda3/envs/mysecondenvironment/lib/python3.8/site-packages/airflow/example_dags/example_subdag_operator.py for tasks to queue
[2025-09-13T11:36:56.989+0545] {logging_mixin.py:190} INFO - [2025-09-13T11:36:56.989+0545] {dagbag.py:588} INFO - Filling up the DagBag from /home/ashok/miniconda3/envs/mysecondenvironment/lib/python3.8/site-packages/airflow/example_dags/example_subdag_operator.py
[2025-09-13T11:36:57.003+0545] {processor.py:925} INFO - DAG(s) 'example_subdag_operator.section-1', 'example_subdag_operator.section-2', 'example_subdag_operator' retrieved from /home/ashok/miniconda3/envs/mysecondenvironment/lib/python3.8/site-packages/airflow/example_dags/example_subdag_operator.py
[2025-09-13T11:36:57.010+0545] {logging_mixin.py:190} INFO - [2025-09-13T11:36:57.010+0545] {dag.py:3239} INFO - Sync 3 DAGs
[2025-09-13T11:36:57.021+0545] {logging_mixin.py:190} INFO - [2025-09-13T11:36:57.020+0545] {dag.py:4180} INFO - Setting next_dagrun for example_subdag_operator to 2022-01-01 00:00:00+00:00, run_after=2022-01-01 00:00:00+00:00
[2025-09-13T11:36:57.022+0545] {logging_mixin.py:190} INFO - [2025-09-13T11:36:57.022+0545] {dag.py:4180} INFO - Setting next_dagrun for example_subdag_operator.section-1 to None, run_after=None
[2025-09-13T11:36:57.023+0545] {logging_mixin.py:190} INFO - [2025-09-13T11:36:57.022+0545] {dag.py:4180} INFO - Setting next_dagrun for example_subdag_operator.section-2 to None, run_after=None
[2025-09-13T11:36:57.025+0545] {logging_mixin.py:190} INFO - [2025-09-13T11:36:57.025+0545] {dag.py:3239} INFO - Sync 2 DAGs
[2025-09-13T11:36:57.027+0545] {logging_mixin.py:190} INFO - [2025-09-13T11:36:57.027+0545] {dag.py:4180} INFO - Setting next_dagrun for example_subdag_operator.section-1 to None, run_after=None
[2025-09-13T11:36:57.027+0545] {logging_mixin.py:190} INFO - [2025-09-13T11:36:57.027+0545] {dag.py:4180} INFO - Setting next_dagrun for example_subdag_operator.section-2 to None, run_after=None
[2025-09-13T11:36:57.040+0545] {processor.py:208} INFO - Processing /home/ashok/miniconda3/envs/mysecondenvironment/lib/python3.8/site-packages/airflow/example_dags/example_subdag_operator.py took 0.057 seconds
[2025-09-13T11:37:52.912+0545] {processor.py:186} INFO - Started process (PID=119201) to work on /home/ashok/miniconda3/envs/mysecondenvironment/lib/python3.8/site-packages/airflow/example_dags/example_subdag_operator.py
[2025-09-13T11:37:52.914+0545] {processor.py:914} INFO - Processing file /home/ashok/miniconda3/envs/mysecondenvironment/lib/python3.8/site-packages/airflow/example_dags/example_subdag_operator.py for tasks to queue
[2025-09-13T11:37:52.915+0545] {logging_mixin.py:190} INFO - [2025-09-13T11:37:52.915+0545] {dagbag.py:588} INFO - Filling up the DagBag from /home/ashok/miniconda3/envs/mysecondenvironment/lib/python3.8/site-packages/airflow/example_dags/example_subdag_operator.py
[2025-09-13T11:37:52.927+0545] {processor.py:925} INFO - DAG(s) 'example_subdag_operator.section-1', 'example_subdag_operator.section-2', 'example_subdag_operator' retrieved from /home/ashok/miniconda3/envs/mysecondenvironment/lib/python3.8/site-packages/airflow/example_dags/example_subdag_operator.py
[2025-09-13T11:37:52.934+0545] {logging_mixin.py:190} INFO - [2025-09-13T11:37:52.934+0545] {dag.py:3239} INFO - Sync 3 DAGs
[2025-09-13T11:37:52.945+0545] {logging_mixin.py:190} INFO - [2025-09-13T11:37:52.945+0545] {dag.py:4180} INFO - Setting next_dagrun for example_subdag_operator to 2022-01-01 00:00:00+00:00, run_after=2022-01-01 00:00:00+00:00
[2025-09-13T11:37:52.946+0545] {logging_mixin.py:190} INFO - [2025-09-13T11:37:52.946+0545] {dag.py:4180} INFO - Setting next_dagrun for example_subdag_operator.section-1 to None, run_after=None
[2025-09-13T11:37:52.947+0545] {logging_mixin.py:190} INFO - [2025-09-13T11:37:52.947+0545] {dag.py:4180} INFO - Setting next_dagrun for example_subdag_operator.section-2 to None, run_after=None
[2025-09-13T11:37:52.951+0545] {logging_mixin.py:190} INFO - [2025-09-13T11:37:52.951+0545] {dag.py:3239} INFO - Sync 2 DAGs
[2025-09-13T11:37:52.953+0545] {logging_mixin.py:190} INFO - [2025-09-13T11:37:52.953+0545] {dag.py:4180} INFO - Setting next_dagrun for example_subdag_operator.section-1 to None, run_after=None
[2025-09-13T11:37:52.953+0545] {logging_mixin.py:190} INFO - [2025-09-13T11:37:52.953+0545] {dag.py:4180} INFO - Setting next_dagrun for example_subdag_operator.section-2 to None, run_after=None
[2025-09-13T11:37:52.966+0545] {processor.py:208} INFO - Processing /home/ashok/miniconda3/envs/mysecondenvironment/lib/python3.8/site-packages/airflow/example_dags/example_subdag_operator.py took 0.057 seconds
[2025-09-13T11:38:49.589+0545] {processor.py:186} INFO - Started process (PID=119560) to work on /home/ashok/miniconda3/envs/mysecondenvironment/lib/python3.8/site-packages/airflow/example_dags/example_subdag_operator.py
[2025-09-13T11:38:49.590+0545] {processor.py:914} INFO - Processing file /home/ashok/miniconda3/envs/mysecondenvironment/lib/python3.8/site-packages/airflow/example_dags/example_subdag_operator.py for tasks to queue
[2025-09-13T11:38:49.592+0545] {logging_mixin.py:190} INFO - [2025-09-13T11:38:49.591+0545] {dagbag.py:588} INFO - Filling up the DagBag from /home/ashok/miniconda3/envs/mysecondenvironment/lib/python3.8/site-packages/airflow/example_dags/example_subdag_operator.py
[2025-09-13T11:38:49.604+0545] {processor.py:925} INFO - DAG(s) 'example_subdag_operator.section-1', 'example_subdag_operator.section-2', 'example_subdag_operator' retrieved from /home/ashok/miniconda3/envs/mysecondenvironment/lib/python3.8/site-packages/airflow/example_dags/example_subdag_operator.py
[2025-09-13T11:38:49.611+0545] {logging_mixin.py:190} INFO - [2025-09-13T11:38:49.611+0545] {dag.py:3239} INFO - Sync 3 DAGs
[2025-09-13T11:38:49.621+0545] {logging_mixin.py:190} INFO - [2025-09-13T11:38:49.620+0545] {dag.py:4180} INFO - Setting next_dagrun for example_subdag_operator to 2022-01-01 00:00:00+00:00, run_after=2022-01-01 00:00:00+00:00
[2025-09-13T11:38:49.623+0545] {logging_mixin.py:190} INFO - [2025-09-13T11:38:49.622+0545] {dag.py:4180} INFO - Setting next_dagrun for example_subdag_operator.section-1 to None, run_after=None
[2025-09-13T11:38:49.623+0545] {logging_mixin.py:190} INFO - [2025-09-13T11:38:49.623+0545] {dag.py:4180} INFO - Setting next_dagrun for example_subdag_operator.section-2 to None, run_after=None
[2025-09-13T11:38:49.626+0545] {logging_mixin.py:190} INFO - [2025-09-13T11:38:49.626+0545] {dag.py:3239} INFO - Sync 2 DAGs
[2025-09-13T11:38:49.627+0545] {logging_mixin.py:190} INFO - [2025-09-13T11:38:49.627+0545] {dag.py:4180} INFO - Setting next_dagrun for example_subdag_operator.section-1 to None, run_after=None
[2025-09-13T11:38:49.627+0545] {logging_mixin.py:190} INFO - [2025-09-13T11:38:49.627+0545] {dag.py:4180} INFO - Setting next_dagrun for example_subdag_operator.section-2 to None, run_after=None
[2025-09-13T11:38:49.640+0545] {processor.py:208} INFO - Processing /home/ashok/miniconda3/envs/mysecondenvironment/lib/python3.8/site-packages/airflow/example_dags/example_subdag_operator.py took 0.054 seconds
[2025-09-13T11:39:46.247+0545] {processor.py:186} INFO - Started process (PID=119936) to work on /home/ashok/miniconda3/envs/mysecondenvironment/lib/python3.8/site-packages/airflow/example_dags/example_subdag_operator.py
[2025-09-13T11:39:46.248+0545] {processor.py:914} INFO - Processing file /home/ashok/miniconda3/envs/mysecondenvironment/lib/python3.8/site-packages/airflow/example_dags/example_subdag_operator.py for tasks to queue
[2025-09-13T11:39:46.251+0545] {logging_mixin.py:190} INFO - [2025-09-13T11:39:46.250+0545] {dagbag.py:588} INFO - Filling up the DagBag from /home/ashok/miniconda3/envs/mysecondenvironment/lib/python3.8/site-packages/airflow/example_dags/example_subdag_operator.py
[2025-09-13T11:39:46.266+0545] {processor.py:925} INFO - DAG(s) 'example_subdag_operator.section-1', 'example_subdag_operator.section-2', 'example_subdag_operator' retrieved from /home/ashok/miniconda3/envs/mysecondenvironment/lib/python3.8/site-packages/airflow/example_dags/example_subdag_operator.py
[2025-09-13T11:39:46.274+0545] {logging_mixin.py:190} INFO - [2025-09-13T11:39:46.274+0545] {dag.py:3239} INFO - Sync 3 DAGs
[2025-09-13T11:39:46.284+0545] {logging_mixin.py:190} INFO - [2025-09-13T11:39:46.284+0545] {dag.py:4180} INFO - Setting next_dagrun for example_subdag_operator to 2022-01-01 00:00:00+00:00, run_after=2022-01-01 00:00:00+00:00
[2025-09-13T11:39:46.286+0545] {logging_mixin.py:190} INFO - [2025-09-13T11:39:46.285+0545] {dag.py:4180} INFO - Setting next_dagrun for example_subdag_operator.section-1 to None, run_after=None
[2025-09-13T11:39:46.286+0545] {logging_mixin.py:190} INFO - [2025-09-13T11:39:46.286+0545] {dag.py:4180} INFO - Setting next_dagrun for example_subdag_operator.section-2 to None, run_after=None
[2025-09-13T11:39:46.289+0545] {logging_mixin.py:190} INFO - [2025-09-13T11:39:46.289+0545] {dag.py:3239} INFO - Sync 2 DAGs
[2025-09-13T11:39:46.291+0545] {logging_mixin.py:190} INFO - [2025-09-13T11:39:46.291+0545] {dag.py:4180} INFO - Setting next_dagrun for example_subdag_operator.section-1 to None, run_after=None
[2025-09-13T11:39:46.291+0545] {logging_mixin.py:190} INFO - [2025-09-13T11:39:46.291+0545] {dag.py:4180} INFO - Setting next_dagrun for example_subdag_operator.section-2 to None, run_after=None
[2025-09-13T11:39:46.304+0545] {processor.py:208} INFO - Processing /home/ashok/miniconda3/envs/mysecondenvironment/lib/python3.8/site-packages/airflow/example_dags/example_subdag_operator.py took 0.062 seconds
[2025-09-13T11:40:39.696+0545] {processor.py:186} INFO - Started process (PID=120276) to work on /home/ashok/miniconda3/envs/mysecondenvironment/lib/python3.8/site-packages/airflow/example_dags/example_subdag_operator.py
[2025-09-13T11:40:39.698+0545] {processor.py:914} INFO - Processing file /home/ashok/miniconda3/envs/mysecondenvironment/lib/python3.8/site-packages/airflow/example_dags/example_subdag_operator.py for tasks to queue
[2025-09-13T11:40:39.699+0545] {logging_mixin.py:190} INFO - [2025-09-13T11:40:39.699+0545] {dagbag.py:588} INFO - Filling up the DagBag from /home/ashok/miniconda3/envs/mysecondenvironment/lib/python3.8/site-packages/airflow/example_dags/example_subdag_operator.py
[2025-09-13T11:40:39.710+0545] {processor.py:925} INFO - DAG(s) 'example_subdag_operator.section-1', 'example_subdag_operator.section-2', 'example_subdag_operator' retrieved from /home/ashok/miniconda3/envs/mysecondenvironment/lib/python3.8/site-packages/airflow/example_dags/example_subdag_operator.py
[2025-09-13T11:40:39.717+0545] {logging_mixin.py:190} INFO - [2025-09-13T11:40:39.717+0545] {dag.py:3239} INFO - Sync 3 DAGs
[2025-09-13T11:40:39.726+0545] {logging_mixin.py:190} INFO - [2025-09-13T11:40:39.726+0545] {dag.py:4180} INFO - Setting next_dagrun for example_subdag_operator to 2022-01-01 00:00:00+00:00, run_after=2022-01-01 00:00:00+00:00
[2025-09-13T11:40:39.727+0545] {logging_mixin.py:190} INFO - [2025-09-13T11:40:39.727+0545] {dag.py:4180} INFO - Setting next_dagrun for example_subdag_operator.section-1 to None, run_after=None
[2025-09-13T11:40:39.728+0545] {logging_mixin.py:190} INFO - [2025-09-13T11:40:39.728+0545] {dag.py:4180} INFO - Setting next_dagrun for example_subdag_operator.section-2 to None, run_after=None
[2025-09-13T11:40:39.730+0545] {logging_mixin.py:190} INFO - [2025-09-13T11:40:39.730+0545] {dag.py:3239} INFO - Sync 2 DAGs
[2025-09-13T11:40:39.732+0545] {logging_mixin.py:190} INFO - [2025-09-13T11:40:39.732+0545] {dag.py:4180} INFO - Setting next_dagrun for example_subdag_operator.section-1 to None, run_after=None
[2025-09-13T11:40:39.732+0545] {logging_mixin.py:190} INFO - [2025-09-13T11:40:39.732+0545] {dag.py:4180} INFO - Setting next_dagrun for example_subdag_operator.section-2 to None, run_after=None
[2025-09-13T11:40:39.749+0545] {processor.py:208} INFO - Processing /home/ashok/miniconda3/envs/mysecondenvironment/lib/python3.8/site-packages/airflow/example_dags/example_subdag_operator.py took 0.056 seconds
[2025-09-13T11:41:35.063+0545] {processor.py:186} INFO - Started process (PID=120637) to work on /home/ashok/miniconda3/envs/mysecondenvironment/lib/python3.8/site-packages/airflow/example_dags/example_subdag_operator.py
[2025-09-13T11:41:35.065+0545] {processor.py:914} INFO - Processing file /home/ashok/miniconda3/envs/mysecondenvironment/lib/python3.8/site-packages/airflow/example_dags/example_subdag_operator.py for tasks to queue
[2025-09-13T11:41:35.067+0545] {logging_mixin.py:190} INFO - [2025-09-13T11:41:35.066+0545] {dagbag.py:588} INFO - Filling up the DagBag from /home/ashok/miniconda3/envs/mysecondenvironment/lib/python3.8/site-packages/airflow/example_dags/example_subdag_operator.py
[2025-09-13T11:41:35.080+0545] {processor.py:925} INFO - DAG(s) 'example_subdag_operator.section-1', 'example_subdag_operator.section-2', 'example_subdag_operator' retrieved from /home/ashok/miniconda3/envs/mysecondenvironment/lib/python3.8/site-packages/airflow/example_dags/example_subdag_operator.py
[2025-09-13T11:41:35.088+0545] {logging_mixin.py:190} INFO - [2025-09-13T11:41:35.088+0545] {dag.py:3239} INFO - Sync 3 DAGs
[2025-09-13T11:41:35.098+0545] {logging_mixin.py:190} INFO - [2025-09-13T11:41:35.098+0545] {dag.py:4180} INFO - Setting next_dagrun for example_subdag_operator to 2022-01-01 00:00:00+00:00, run_after=2022-01-01 00:00:00+00:00
[2025-09-13T11:41:35.100+0545] {logging_mixin.py:190} INFO - [2025-09-13T11:41:35.100+0545] {dag.py:4180} INFO - Setting next_dagrun for example_subdag_operator.section-1 to None, run_after=None
[2025-09-13T11:41:35.100+0545] {logging_mixin.py:190} INFO - [2025-09-13T11:41:35.100+0545] {dag.py:4180} INFO - Setting next_dagrun for example_subdag_operator.section-2 to None, run_after=None
[2025-09-13T11:41:35.103+0545] {logging_mixin.py:190} INFO - [2025-09-13T11:41:35.103+0545] {dag.py:3239} INFO - Sync 2 DAGs
[2025-09-13T11:41:35.104+0545] {logging_mixin.py:190} INFO - [2025-09-13T11:41:35.104+0545] {dag.py:4180} INFO - Setting next_dagrun for example_subdag_operator.section-1 to None, run_after=None
[2025-09-13T11:41:35.105+0545] {logging_mixin.py:190} INFO - [2025-09-13T11:41:35.105+0545] {dag.py:4180} INFO - Setting next_dagrun for example_subdag_operator.section-2 to None, run_after=None
[2025-09-13T11:41:35.117+0545] {processor.py:208} INFO - Processing /home/ashok/miniconda3/envs/mysecondenvironment/lib/python3.8/site-packages/airflow/example_dags/example_subdag_operator.py took 0.057 seconds
[2025-09-13T11:41:59.653+0545] {processor.py:186} INFO - Started process (PID=120934) to work on /home/ashok/miniconda3/envs/mysecondenvironment/lib/python3.8/site-packages/airflow/example_dags/example_subdag_operator.py
[2025-09-13T11:41:59.653+0545] {processor.py:914} INFO - Processing file /home/ashok/miniconda3/envs/mysecondenvironment/lib/python3.8/site-packages/airflow/example_dags/example_subdag_operator.py for tasks to queue
[2025-09-13T11:41:59.655+0545] {logging_mixin.py:190} INFO - [2025-09-13T11:41:59.654+0545] {dagbag.py:588} INFO - Filling up the DagBag from /home/ashok/miniconda3/envs/mysecondenvironment/lib/python3.8/site-packages/airflow/example_dags/example_subdag_operator.py
[2025-09-13T11:41:59.665+0545] {processor.py:925} INFO - DAG(s) 'example_subdag_operator.section-1', 'example_subdag_operator.section-2', 'example_subdag_operator' retrieved from /home/ashok/miniconda3/envs/mysecondenvironment/lib/python3.8/site-packages/airflow/example_dags/example_subdag_operator.py
[2025-09-13T11:41:59.673+0545] {logging_mixin.py:190} INFO - [2025-09-13T11:41:59.672+0545] {dag.py:3239} INFO - Sync 3 DAGs
[2025-09-13T11:41:59.681+0545] {logging_mixin.py:190} INFO - [2025-09-13T11:41:59.681+0545] {dag.py:4180} INFO - Setting next_dagrun for example_subdag_operator to 2022-01-01 00:00:00+00:00, run_after=2022-01-01 00:00:00+00:00
[2025-09-13T11:41:59.682+0545] {logging_mixin.py:190} INFO - [2025-09-13T11:41:59.682+0545] {dag.py:4180} INFO - Setting next_dagrun for example_subdag_operator.section-1 to None, run_after=None
[2025-09-13T11:41:59.682+0545] {logging_mixin.py:190} INFO - [2025-09-13T11:41:59.682+0545] {dag.py:4180} INFO - Setting next_dagrun for example_subdag_operator.section-2 to None, run_after=None
[2025-09-13T11:41:59.685+0545] {logging_mixin.py:190} INFO - [2025-09-13T11:41:59.685+0545] {dag.py:3239} INFO - Sync 2 DAGs
[2025-09-13T11:41:59.686+0545] {logging_mixin.py:190} INFO - [2025-09-13T11:41:59.686+0545] {dag.py:4180} INFO - Setting next_dagrun for example_subdag_operator.section-1 to None, run_after=None
[2025-09-13T11:41:59.686+0545] {logging_mixin.py:190} INFO - [2025-09-13T11:41:59.686+0545] {dag.py:4180} INFO - Setting next_dagrun for example_subdag_operator.section-2 to None, run_after=None
[2025-09-13T11:41:59.701+0545] {processor.py:208} INFO - Processing /home/ashok/miniconda3/envs/mysecondenvironment/lib/python3.8/site-packages/airflow/example_dags/example_subdag_operator.py took 0.052 seconds
[2025-09-13T11:43:16.058+0545] {processor.py:186} INFO - Started process (PID=122237) to work on /home/ashok/miniconda3/envs/mysecondenvironment/lib/python3.8/site-packages/airflow/example_dags/example_subdag_operator.py
[2025-09-13T11:43:16.060+0545] {processor.py:914} INFO - Processing file /home/ashok/miniconda3/envs/mysecondenvironment/lib/python3.8/site-packages/airflow/example_dags/example_subdag_operator.py for tasks to queue
[2025-09-13T11:43:16.061+0545] {logging_mixin.py:190} INFO - [2025-09-13T11:43:16.061+0545] {dagbag.py:588} INFO - Filling up the DagBag from /home/ashok/miniconda3/envs/mysecondenvironment/lib/python3.8/site-packages/airflow/example_dags/example_subdag_operator.py
[2025-09-13T11:43:16.073+0545] {processor.py:925} INFO - DAG(s) 'example_subdag_operator.section-1', 'example_subdag_operator.section-2', 'example_subdag_operator' retrieved from /home/ashok/miniconda3/envs/mysecondenvironment/lib/python3.8/site-packages/airflow/example_dags/example_subdag_operator.py
[2025-09-13T11:43:16.081+0545] {logging_mixin.py:190} INFO - [2025-09-13T11:43:16.081+0545] {dag.py:3239} INFO - Sync 3 DAGs
[2025-09-13T11:43:16.090+0545] {logging_mixin.py:190} INFO - [2025-09-13T11:43:16.090+0545] {dag.py:4180} INFO - Setting next_dagrun for example_subdag_operator to 2022-01-01 00:00:00+00:00, run_after=2022-01-01 00:00:00+00:00
[2025-09-13T11:43:16.092+0545] {logging_mixin.py:190} INFO - [2025-09-13T11:43:16.092+0545] {dag.py:4180} INFO - Setting next_dagrun for example_subdag_operator.section-1 to None, run_after=None
[2025-09-13T11:43:16.092+0545] {logging_mixin.py:190} INFO - [2025-09-13T11:43:16.092+0545] {dag.py:4180} INFO - Setting next_dagrun for example_subdag_operator.section-2 to None, run_after=None
[2025-09-13T11:43:16.095+0545] {logging_mixin.py:190} INFO - [2025-09-13T11:43:16.095+0545] {dag.py:3239} INFO - Sync 2 DAGs
[2025-09-13T11:43:16.097+0545] {logging_mixin.py:190} INFO - [2025-09-13T11:43:16.097+0545] {dag.py:4180} INFO - Setting next_dagrun for example_subdag_operator.section-1 to None, run_after=None
[2025-09-13T11:43:16.097+0545] {logging_mixin.py:190} INFO - [2025-09-13T11:43:16.097+0545] {dag.py:4180} INFO - Setting next_dagrun for example_subdag_operator.section-2 to None, run_after=None
[2025-09-13T11:43:16.110+0545] {processor.py:208} INFO - Processing /home/ashok/miniconda3/envs/mysecondenvironment/lib/python3.8/site-packages/airflow/example_dags/example_subdag_operator.py took 0.056 seconds
[2025-09-13T11:45:12.483+0545] {processor.py:186} INFO - Started process (PID=123593) to work on /home/ashok/miniconda3/envs/mysecondenvironment/lib/python3.8/site-packages/airflow/example_dags/example_subdag_operator.py
[2025-09-13T11:45:12.486+0545] {processor.py:914} INFO - Processing file /home/ashok/miniconda3/envs/mysecondenvironment/lib/python3.8/site-packages/airflow/example_dags/example_subdag_operator.py for tasks to queue
[2025-09-13T11:45:12.487+0545] {logging_mixin.py:190} INFO - [2025-09-13T11:45:12.487+0545] {dagbag.py:588} INFO - Filling up the DagBag from /home/ashok/miniconda3/envs/mysecondenvironment/lib/python3.8/site-packages/airflow/example_dags/example_subdag_operator.py
[2025-09-13T11:45:12.499+0545] {processor.py:925} INFO - DAG(s) 'example_subdag_operator.section-1', 'example_subdag_operator.section-2', 'example_subdag_operator' retrieved from /home/ashok/miniconda3/envs/mysecondenvironment/lib/python3.8/site-packages/airflow/example_dags/example_subdag_operator.py
[2025-09-13T11:45:12.506+0545] {logging_mixin.py:190} INFO - [2025-09-13T11:45:12.506+0545] {dag.py:3239} INFO - Sync 3 DAGs
[2025-09-13T11:45:12.516+0545] {logging_mixin.py:190} INFO - [2025-09-13T11:45:12.516+0545] {dag.py:4180} INFO - Setting next_dagrun for example_subdag_operator to 2022-01-01 00:00:00+00:00, run_after=2022-01-01 00:00:00+00:00
[2025-09-13T11:45:12.517+0545] {logging_mixin.py:190} INFO - [2025-09-13T11:45:12.517+0545] {dag.py:4180} INFO - Setting next_dagrun for example_subdag_operator.section-1 to None, run_after=None
[2025-09-13T11:45:12.518+0545] {logging_mixin.py:190} INFO - [2025-09-13T11:45:12.518+0545] {dag.py:4180} INFO - Setting next_dagrun for example_subdag_operator.section-2 to None, run_after=None
[2025-09-13T11:45:12.520+0545] {logging_mixin.py:190} INFO - [2025-09-13T11:45:12.520+0545] {dag.py:3239} INFO - Sync 2 DAGs
[2025-09-13T11:45:12.522+0545] {logging_mixin.py:190} INFO - [2025-09-13T11:45:12.522+0545] {dag.py:4180} INFO - Setting next_dagrun for example_subdag_operator.section-1 to None, run_after=None
[2025-09-13T11:45:12.522+0545] {logging_mixin.py:190} INFO - [2025-09-13T11:45:12.522+0545] {dag.py:4180} INFO - Setting next_dagrun for example_subdag_operator.section-2 to None, run_after=None
[2025-09-13T11:45:12.534+0545] {processor.py:208} INFO - Processing /home/ashok/miniconda3/envs/mysecondenvironment/lib/python3.8/site-packages/airflow/example_dags/example_subdag_operator.py took 0.055 seconds
[2025-09-13T11:46:05.023+0545] {processor.py:186} INFO - Started process (PID=123956) to work on /home/ashok/miniconda3/envs/mysecondenvironment/lib/python3.8/site-packages/airflow/example_dags/example_subdag_operator.py
[2025-09-13T11:46:05.025+0545] {processor.py:914} INFO - Processing file /home/ashok/miniconda3/envs/mysecondenvironment/lib/python3.8/site-packages/airflow/example_dags/example_subdag_operator.py for tasks to queue
[2025-09-13T11:46:05.027+0545] {logging_mixin.py:190} INFO - [2025-09-13T11:46:05.026+0545] {dagbag.py:588} INFO - Filling up the DagBag from /home/ashok/miniconda3/envs/mysecondenvironment/lib/python3.8/site-packages/airflow/example_dags/example_subdag_operator.py
[2025-09-13T11:46:05.038+0545] {processor.py:925} INFO - DAG(s) 'example_subdag_operator.section-1', 'example_subdag_operator.section-2', 'example_subdag_operator' retrieved from /home/ashok/miniconda3/envs/mysecondenvironment/lib/python3.8/site-packages/airflow/example_dags/example_subdag_operator.py
[2025-09-13T11:46:05.044+0545] {logging_mixin.py:190} INFO - [2025-09-13T11:46:05.044+0545] {dag.py:3239} INFO - Sync 3 DAGs
[2025-09-13T11:46:05.052+0545] {logging_mixin.py:190} INFO - [2025-09-13T11:46:05.052+0545] {dag.py:4180} INFO - Setting next_dagrun for example_subdag_operator to 2022-01-01 00:00:00+00:00, run_after=2022-01-01 00:00:00+00:00
[2025-09-13T11:46:05.054+0545] {logging_mixin.py:190} INFO - [2025-09-13T11:46:05.054+0545] {dag.py:4180} INFO - Setting next_dagrun for example_subdag_operator.section-1 to None, run_after=None
[2025-09-13T11:46:05.054+0545] {logging_mixin.py:190} INFO - [2025-09-13T11:46:05.054+0545] {dag.py:4180} INFO - Setting next_dagrun for example_subdag_operator.section-2 to None, run_after=None
[2025-09-13T11:46:05.057+0545] {logging_mixin.py:190} INFO - [2025-09-13T11:46:05.057+0545] {dag.py:3239} INFO - Sync 2 DAGs
[2025-09-13T11:46:05.058+0545] {logging_mixin.py:190} INFO - [2025-09-13T11:46:05.058+0545] {dag.py:4180} INFO - Setting next_dagrun for example_subdag_operator.section-1 to None, run_after=None
[2025-09-13T11:46:05.059+0545] {logging_mixin.py:190} INFO - [2025-09-13T11:46:05.058+0545] {dag.py:4180} INFO - Setting next_dagrun for example_subdag_operator.section-2 to None, run_after=None
[2025-09-13T11:46:05.074+0545] {processor.py:208} INFO - Processing /home/ashok/miniconda3/envs/mysecondenvironment/lib/python3.8/site-packages/airflow/example_dags/example_subdag_operator.py took 0.054 seconds
[2025-09-13T11:46:55.365+0545] {processor.py:186} INFO - Started process (PID=124480) to work on /home/ashok/miniconda3/envs/mysecondenvironment/lib/python3.8/site-packages/airflow/example_dags/example_subdag_operator.py
[2025-09-13T11:46:55.367+0545] {processor.py:914} INFO - Processing file /home/ashok/miniconda3/envs/mysecondenvironment/lib/python3.8/site-packages/airflow/example_dags/example_subdag_operator.py for tasks to queue
[2025-09-13T11:46:55.368+0545] {logging_mixin.py:190} INFO - [2025-09-13T11:46:55.368+0545] {dagbag.py:588} INFO - Filling up the DagBag from /home/ashok/miniconda3/envs/mysecondenvironment/lib/python3.8/site-packages/airflow/example_dags/example_subdag_operator.py
[2025-09-13T11:46:55.381+0545] {processor.py:925} INFO - DAG(s) 'example_subdag_operator.section-1', 'example_subdag_operator.section-2', 'example_subdag_operator' retrieved from /home/ashok/miniconda3/envs/mysecondenvironment/lib/python3.8/site-packages/airflow/example_dags/example_subdag_operator.py
[2025-09-13T11:46:55.387+0545] {logging_mixin.py:190} INFO - [2025-09-13T11:46:55.387+0545] {dag.py:3239} INFO - Sync 3 DAGs
[2025-09-13T11:46:55.396+0545] {logging_mixin.py:190} INFO - [2025-09-13T11:46:55.396+0545] {dag.py:4180} INFO - Setting next_dagrun for example_subdag_operator to 2022-01-01 00:00:00+00:00, run_after=2022-01-01 00:00:00+00:00
[2025-09-13T11:46:55.398+0545] {logging_mixin.py:190} INFO - [2025-09-13T11:46:55.398+0545] {dag.py:4180} INFO - Setting next_dagrun for example_subdag_operator.section-1 to None, run_after=None
[2025-09-13T11:46:55.398+0545] {logging_mixin.py:190} INFO - [2025-09-13T11:46:55.398+0545] {dag.py:4180} INFO - Setting next_dagrun for example_subdag_operator.section-2 to None, run_after=None
[2025-09-13T11:46:55.400+0545] {logging_mixin.py:190} INFO - [2025-09-13T11:46:55.400+0545] {dag.py:3239} INFO - Sync 2 DAGs
[2025-09-13T11:46:55.402+0545] {logging_mixin.py:190} INFO - [2025-09-13T11:46:55.402+0545] {dag.py:4180} INFO - Setting next_dagrun for example_subdag_operator.section-1 to None, run_after=None
[2025-09-13T11:46:55.402+0545] {logging_mixin.py:190} INFO - [2025-09-13T11:46:55.402+0545] {dag.py:4180} INFO - Setting next_dagrun for example_subdag_operator.section-2 to None, run_after=None
[2025-09-13T11:46:55.416+0545] {processor.py:208} INFO - Processing /home/ashok/miniconda3/envs/mysecondenvironment/lib/python3.8/site-packages/airflow/example_dags/example_subdag_operator.py took 0.055 seconds
