[2025-09-13T11:33:20.026+0545] {processor.py:186} INFO - Started process (PID=117256) to work on /home/ashok/miniconda3/envs/mysecondenvironment/lib/python3.8/site-packages/airflow/example_dags/example_bash_operator.py
[2025-09-13T11:33:20.026+0545] {processor.py:914} INFO - Processing file /home/ashok/miniconda3/envs/mysecondenvironment/lib/python3.8/site-packages/airflow/example_dags/example_bash_operator.py for tasks to queue
[2025-09-13T11:33:20.027+0545] {logging_mixin.py:190} INFO - [2025-09-13T11:33:20.027+0545] {dagbag.py:588} INFO - Filling up the DagBag from /home/ashok/miniconda3/envs/mysecondenvironment/lib/python3.8/site-packages/airflow/example_dags/example_bash_operator.py
[2025-09-13T11:33:20.034+0545] {processor.py:925} INFO - DAG(s) 'example_bash_operator' retrieved from /home/ashok/miniconda3/envs/mysecondenvironment/lib/python3.8/site-packages/airflow/example_dags/example_bash_operator.py
[2025-09-13T11:33:20.044+0545] {logging_mixin.py:190} INFO - [2025-09-13T11:33:20.044+0545] {dag.py:3239} INFO - Sync 1 DAGs
[2025-09-13T11:33:20.053+0545] {logging_mixin.py:190} INFO - [2025-09-13T11:33:20.053+0545] {dag.py:4180} INFO - Setting next_dagrun for example_bash_operator to 2025-09-12 00:00:00+00:00, run_after=2025-09-13 00:00:00+00:00
[2025-09-13T11:33:20.072+0545] {processor.py:208} INFO - Processing /home/ashok/miniconda3/envs/mysecondenvironment/lib/python3.8/site-packages/airflow/example_dags/example_bash_operator.py took 0.050 seconds
[2025-09-13T11:35:47.179+0545] {processor.py:186} INFO - Started process (PID=118398) to work on /home/ashok/miniconda3/envs/mysecondenvironment/lib/python3.8/site-packages/airflow/example_dags/example_bash_operator.py
[2025-09-13T11:35:47.181+0545] {processor.py:914} INFO - Processing file /home/ashok/miniconda3/envs/mysecondenvironment/lib/python3.8/site-packages/airflow/example_dags/example_bash_operator.py for tasks to queue
[2025-09-13T11:35:47.182+0545] {logging_mixin.py:190} INFO - [2025-09-13T11:35:47.182+0545] {dagbag.py:588} INFO - Filling up the DagBag from /home/ashok/miniconda3/envs/mysecondenvironment/lib/python3.8/site-packages/airflow/example_dags/example_bash_operator.py
[2025-09-13T11:35:47.193+0545] {processor.py:925} INFO - DAG(s) 'example_bash_operator' retrieved from /home/ashok/miniconda3/envs/mysecondenvironment/lib/python3.8/site-packages/airflow/example_dags/example_bash_operator.py
[2025-09-13T11:35:47.204+0545] {logging_mixin.py:190} INFO - [2025-09-13T11:35:47.203+0545] {dag.py:3239} INFO - Sync 1 DAGs
[2025-09-13T11:35:47.214+0545] {logging_mixin.py:190} INFO - [2025-09-13T11:35:47.214+0545] {dag.py:4180} INFO - Setting next_dagrun for example_bash_operator to 2025-09-12 00:00:00+00:00, run_after=2025-09-13 00:00:00+00:00
[2025-09-13T11:35:47.231+0545] {processor.py:208} INFO - Processing /home/ashok/miniconda3/envs/mysecondenvironment/lib/python3.8/site-packages/airflow/example_dags/example_bash_operator.py took 0.056 seconds
[2025-09-13T11:37:06.131+0545] {processor.py:186} INFO - Started process (PID=118905) to work on /home/ashok/miniconda3/envs/mysecondenvironment/lib/python3.8/site-packages/airflow/example_dags/example_bash_operator.py
[2025-09-13T11:37:06.133+0545] {processor.py:914} INFO - Processing file /home/ashok/miniconda3/envs/mysecondenvironment/lib/python3.8/site-packages/airflow/example_dags/example_bash_operator.py for tasks to queue
[2025-09-13T11:37:06.134+0545] {logging_mixin.py:190} INFO - [2025-09-13T11:37:06.134+0545] {dagbag.py:588} INFO - Filling up the DagBag from /home/ashok/miniconda3/envs/mysecondenvironment/lib/python3.8/site-packages/airflow/example_dags/example_bash_operator.py
[2025-09-13T11:37:06.141+0545] {processor.py:925} INFO - DAG(s) 'example_bash_operator' retrieved from /home/ashok/miniconda3/envs/mysecondenvironment/lib/python3.8/site-packages/airflow/example_dags/example_bash_operator.py
[2025-09-13T11:37:06.152+0545] {logging_mixin.py:190} INFO - [2025-09-13T11:37:06.152+0545] {dag.py:3239} INFO - Sync 1 DAGs
[2025-09-13T11:37:06.161+0545] {logging_mixin.py:190} INFO - [2025-09-13T11:37:06.161+0545] {dag.py:4180} INFO - Setting next_dagrun for example_bash_operator to 2025-09-12 00:00:00+00:00, run_after=2025-09-13 00:00:00+00:00
[2025-09-13T11:37:06.175+0545] {processor.py:208} INFO - Processing /home/ashok/miniconda3/envs/mysecondenvironment/lib/python3.8/site-packages/airflow/example_dags/example_bash_operator.py took 0.048 seconds
[2025-09-13T11:38:02.652+0545] {processor.py:186} INFO - Started process (PID=119262) to work on /home/ashok/miniconda3/envs/mysecondenvironment/lib/python3.8/site-packages/airflow/example_dags/example_bash_operator.py
[2025-09-13T11:38:02.654+0545] {processor.py:914} INFO - Processing file /home/ashok/miniconda3/envs/mysecondenvironment/lib/python3.8/site-packages/airflow/example_dags/example_bash_operator.py for tasks to queue
[2025-09-13T11:38:02.655+0545] {logging_mixin.py:190} INFO - [2025-09-13T11:38:02.655+0545] {dagbag.py:588} INFO - Filling up the DagBag from /home/ashok/miniconda3/envs/mysecondenvironment/lib/python3.8/site-packages/airflow/example_dags/example_bash_operator.py
[2025-09-13T11:38:02.663+0545] {processor.py:925} INFO - DAG(s) 'example_bash_operator' retrieved from /home/ashok/miniconda3/envs/mysecondenvironment/lib/python3.8/site-packages/airflow/example_dags/example_bash_operator.py
[2025-09-13T11:38:02.678+0545] {logging_mixin.py:190} INFO - [2025-09-13T11:38:02.677+0545] {dag.py:3239} INFO - Sync 1 DAGs
[2025-09-13T11:38:02.687+0545] {logging_mixin.py:190} INFO - [2025-09-13T11:38:02.687+0545] {dag.py:4180} INFO - Setting next_dagrun for example_bash_operator to 2025-09-12 00:00:00+00:00, run_after=2025-09-13 00:00:00+00:00
[2025-09-13T11:38:02.703+0545] {processor.py:208} INFO - Processing /home/ashok/miniconda3/envs/mysecondenvironment/lib/python3.8/site-packages/airflow/example_dags/example_bash_operator.py took 0.054 seconds
[2025-09-13T11:39:01.032+0545] {processor.py:186} INFO - Started process (PID=119644) to work on /home/ashok/miniconda3/envs/mysecondenvironment/lib/python3.8/site-packages/airflow/example_dags/example_bash_operator.py
[2025-09-13T11:39:01.033+0545] {processor.py:914} INFO - Processing file /home/ashok/miniconda3/envs/mysecondenvironment/lib/python3.8/site-packages/airflow/example_dags/example_bash_operator.py for tasks to queue
[2025-09-13T11:39:01.034+0545] {logging_mixin.py:190} INFO - [2025-09-13T11:39:01.034+0545] {dagbag.py:588} INFO - Filling up the DagBag from /home/ashok/miniconda3/envs/mysecondenvironment/lib/python3.8/site-packages/airflow/example_dags/example_bash_operator.py
[2025-09-13T11:39:01.041+0545] {processor.py:925} INFO - DAG(s) 'example_bash_operator' retrieved from /home/ashok/miniconda3/envs/mysecondenvironment/lib/python3.8/site-packages/airflow/example_dags/example_bash_operator.py
[2025-09-13T11:39:01.052+0545] {logging_mixin.py:190} INFO - [2025-09-13T11:39:01.052+0545] {dag.py:3239} INFO - Sync 1 DAGs
[2025-09-13T11:39:01.062+0545] {logging_mixin.py:190} INFO - [2025-09-13T11:39:01.062+0545] {dag.py:4180} INFO - Setting next_dagrun for example_bash_operator to 2025-09-12 00:00:00+00:00, run_after=2025-09-13 00:00:00+00:00
[2025-09-13T11:39:01.077+0545] {processor.py:208} INFO - Processing /home/ashok/miniconda3/envs/mysecondenvironment/lib/python3.8/site-packages/airflow/example_dags/example_bash_operator.py took 0.049 seconds
[2025-09-13T11:39:57.388+0545] {processor.py:186} INFO - Started process (PID=120007) to work on /home/ashok/miniconda3/envs/mysecondenvironment/lib/python3.8/site-packages/airflow/example_dags/example_bash_operator.py
[2025-09-13T11:39:57.389+0545] {processor.py:914} INFO - Processing file /home/ashok/miniconda3/envs/mysecondenvironment/lib/python3.8/site-packages/airflow/example_dags/example_bash_operator.py for tasks to queue
[2025-09-13T11:39:57.390+0545] {logging_mixin.py:190} INFO - [2025-09-13T11:39:57.390+0545] {dagbag.py:588} INFO - Filling up the DagBag from /home/ashok/miniconda3/envs/mysecondenvironment/lib/python3.8/site-packages/airflow/example_dags/example_bash_operator.py
[2025-09-13T11:39:57.398+0545] {processor.py:925} INFO - DAG(s) 'example_bash_operator' retrieved from /home/ashok/miniconda3/envs/mysecondenvironment/lib/python3.8/site-packages/airflow/example_dags/example_bash_operator.py
[2025-09-13T11:39:57.409+0545] {logging_mixin.py:190} INFO - [2025-09-13T11:39:57.409+0545] {dag.py:3239} INFO - Sync 1 DAGs
[2025-09-13T11:39:57.418+0545] {logging_mixin.py:190} INFO - [2025-09-13T11:39:57.418+0545] {dag.py:4180} INFO - Setting next_dagrun for example_bash_operator to 2025-09-12 00:00:00+00:00, run_after=2025-09-13 00:00:00+00:00
[2025-09-13T11:39:57.434+0545] {processor.py:208} INFO - Processing /home/ashok/miniconda3/envs/mysecondenvironment/lib/python3.8/site-packages/airflow/example_dags/example_bash_operator.py took 0.050 seconds
[2025-09-13T11:41:18.468+0545] {processor.py:186} INFO - Started process (PID=120520) to work on /home/ashok/miniconda3/envs/mysecondenvironment/lib/python3.8/site-packages/airflow/example_dags/example_bash_operator.py
[2025-09-13T11:41:18.470+0545] {processor.py:914} INFO - Processing file /home/ashok/miniconda3/envs/mysecondenvironment/lib/python3.8/site-packages/airflow/example_dags/example_bash_operator.py for tasks to queue
[2025-09-13T11:41:18.471+0545] {logging_mixin.py:190} INFO - [2025-09-13T11:41:18.471+0545] {dagbag.py:588} INFO - Filling up the DagBag from /home/ashok/miniconda3/envs/mysecondenvironment/lib/python3.8/site-packages/airflow/example_dags/example_bash_operator.py
[2025-09-13T11:41:18.478+0545] {processor.py:925} INFO - DAG(s) 'example_bash_operator' retrieved from /home/ashok/miniconda3/envs/mysecondenvironment/lib/python3.8/site-packages/airflow/example_dags/example_bash_operator.py
[2025-09-13T11:41:18.489+0545] {logging_mixin.py:190} INFO - [2025-09-13T11:41:18.489+0545] {dag.py:3239} INFO - Sync 1 DAGs
[2025-09-13T11:41:18.498+0545] {logging_mixin.py:190} INFO - [2025-09-13T11:41:18.498+0545] {dag.py:4180} INFO - Setting next_dagrun for example_bash_operator to 2025-09-12 00:00:00+00:00, run_after=2025-09-13 00:00:00+00:00
[2025-09-13T11:41:18.516+0545] {processor.py:208} INFO - Processing /home/ashok/miniconda3/envs/mysecondenvironment/lib/python3.8/site-packages/airflow/example_dags/example_bash_operator.py took 0.052 seconds
[2025-09-13T11:42:36.817+0545] {processor.py:186} INFO - Started process (PID=121177) to work on /home/ashok/miniconda3/envs/mysecondenvironment/lib/python3.8/site-packages/airflow/example_dags/example_bash_operator.py
[2025-09-13T11:42:36.818+0545] {processor.py:914} INFO - Processing file /home/ashok/miniconda3/envs/mysecondenvironment/lib/python3.8/site-packages/airflow/example_dags/example_bash_operator.py for tasks to queue
[2025-09-13T11:42:36.820+0545] {logging_mixin.py:190} INFO - [2025-09-13T11:42:36.820+0545] {dagbag.py:588} INFO - Filling up the DagBag from /home/ashok/miniconda3/envs/mysecondenvironment/lib/python3.8/site-packages/airflow/example_dags/example_bash_operator.py
[2025-09-13T11:42:36.827+0545] {processor.py:925} INFO - DAG(s) 'example_bash_operator' retrieved from /home/ashok/miniconda3/envs/mysecondenvironment/lib/python3.8/site-packages/airflow/example_dags/example_bash_operator.py
[2025-09-13T11:42:36.838+0545] {logging_mixin.py:190} INFO - [2025-09-13T11:42:36.838+0545] {dag.py:3239} INFO - Sync 1 DAGs
[2025-09-13T11:42:36.847+0545] {logging_mixin.py:190} INFO - [2025-09-13T11:42:36.847+0545] {dag.py:4180} INFO - Setting next_dagrun for example_bash_operator to 2025-09-12 00:00:00+00:00, run_after=2025-09-13 00:00:00+00:00
[2025-09-13T11:42:36.862+0545] {processor.py:208} INFO - Processing /home/ashok/miniconda3/envs/mysecondenvironment/lib/python3.8/site-packages/airflow/example_dags/example_bash_operator.py took 0.048 seconds
[2025-09-13T11:44:53.996+0545] {processor.py:186} INFO - Started process (PID=123460) to work on /home/ashok/miniconda3/envs/mysecondenvironment/lib/python3.8/site-packages/airflow/example_dags/example_bash_operator.py
[2025-09-13T11:44:53.998+0545] {processor.py:914} INFO - Processing file /home/ashok/miniconda3/envs/mysecondenvironment/lib/python3.8/site-packages/airflow/example_dags/example_bash_operator.py for tasks to queue
[2025-09-13T11:44:53.999+0545] {logging_mixin.py:190} INFO - [2025-09-13T11:44:53.999+0545] {dagbag.py:588} INFO - Filling up the DagBag from /home/ashok/miniconda3/envs/mysecondenvironment/lib/python3.8/site-packages/airflow/example_dags/example_bash_operator.py
[2025-09-13T11:44:54.008+0545] {processor.py:925} INFO - DAG(s) 'example_bash_operator' retrieved from /home/ashok/miniconda3/envs/mysecondenvironment/lib/python3.8/site-packages/airflow/example_dags/example_bash_operator.py
[2025-09-13T11:44:54.023+0545] {logging_mixin.py:190} INFO - [2025-09-13T11:44:54.023+0545] {dag.py:3239} INFO - Sync 1 DAGs
[2025-09-13T11:44:54.037+0545] {logging_mixin.py:190} INFO - [2025-09-13T11:44:54.037+0545] {dag.py:4180} INFO - Setting next_dagrun for example_bash_operator to 2025-09-12 00:00:00+00:00, run_after=2025-09-13 00:00:00+00:00
[2025-09-13T11:44:54.055+0545] {processor.py:208} INFO - Processing /home/ashok/miniconda3/envs/mysecondenvironment/lib/python3.8/site-packages/airflow/example_dags/example_bash_operator.py took 0.062 seconds
[2025-09-13T11:46:10.996+0545] {processor.py:186} INFO - Started process (PID=124000) to work on /home/ashok/miniconda3/envs/mysecondenvironment/lib/python3.8/site-packages/airflow/example_dags/example_bash_operator.py
[2025-09-13T11:46:10.997+0545] {processor.py:914} INFO - Processing file /home/ashok/miniconda3/envs/mysecondenvironment/lib/python3.8/site-packages/airflow/example_dags/example_bash_operator.py for tasks to queue
[2025-09-13T11:46:10.998+0545] {logging_mixin.py:190} INFO - [2025-09-13T11:46:10.998+0545] {dagbag.py:588} INFO - Filling up the DagBag from /home/ashok/miniconda3/envs/mysecondenvironment/lib/python3.8/site-packages/airflow/example_dags/example_bash_operator.py
[2025-09-13T11:46:11.006+0545] {processor.py:925} INFO - DAG(s) 'example_bash_operator' retrieved from /home/ashok/miniconda3/envs/mysecondenvironment/lib/python3.8/site-packages/airflow/example_dags/example_bash_operator.py
[2025-09-13T11:46:11.017+0545] {logging_mixin.py:190} INFO - [2025-09-13T11:46:11.017+0545] {dag.py:3239} INFO - Sync 1 DAGs
[2025-09-13T11:46:11.026+0545] {logging_mixin.py:190} INFO - [2025-09-13T11:46:11.026+0545] {dag.py:4180} INFO - Setting next_dagrun for example_bash_operator to 2025-09-12 00:00:00+00:00, run_after=2025-09-13 00:00:00+00:00
[2025-09-13T11:46:11.041+0545] {processor.py:208} INFO - Processing /home/ashok/miniconda3/envs/mysecondenvironment/lib/python3.8/site-packages/airflow/example_dags/example_bash_operator.py took 0.048 seconds
[2025-09-13T11:47:06.807+0545] {processor.py:186} INFO - Started process (PID=124683) to work on /home/ashok/miniconda3/envs/mysecondenvironment/lib/python3.8/site-packages/airflow/example_dags/example_bash_operator.py
[2025-09-13T11:47:06.809+0545] {processor.py:914} INFO - Processing file /home/ashok/miniconda3/envs/mysecondenvironment/lib/python3.8/site-packages/airflow/example_dags/example_bash_operator.py for tasks to queue
[2025-09-13T11:47:06.810+0545] {logging_mixin.py:190} INFO - [2025-09-13T11:47:06.810+0545] {dagbag.py:588} INFO - Filling up the DagBag from /home/ashok/miniconda3/envs/mysecondenvironment/lib/python3.8/site-packages/airflow/example_dags/example_bash_operator.py
[2025-09-13T11:47:06.817+0545] {processor.py:925} INFO - DAG(s) 'example_bash_operator' retrieved from /home/ashok/miniconda3/envs/mysecondenvironment/lib/python3.8/site-packages/airflow/example_dags/example_bash_operator.py
[2025-09-13T11:47:06.828+0545] {logging_mixin.py:190} INFO - [2025-09-13T11:47:06.827+0545] {dag.py:3239} INFO - Sync 1 DAGs
[2025-09-13T11:47:06.836+0545] {logging_mixin.py:190} INFO - [2025-09-13T11:47:06.836+0545] {dag.py:4180} INFO - Setting next_dagrun for example_bash_operator to 2025-09-12 00:00:00+00:00, run_after=2025-09-13 00:00:00+00:00
[2025-09-13T11:47:06.855+0545] {processor.py:208} INFO - Processing /home/ashok/miniconda3/envs/mysecondenvironment/lib/python3.8/site-packages/airflow/example_dags/example_bash_operator.py took 0.051 seconds
