[2025-09-13T11:32:55.923+0545] {processor.py:186} INFO - Started process (PID=117087) to work on /home/ashok/miniconda3/envs/mysecondenvironment/lib/python3.8/site-packages/airflow/example_dags/example_python_operator.py
[2025-09-13T11:32:55.923+0545] {processor.py:914} INFO - Processing file /home/ashok/miniconda3/envs/mysecondenvironment/lib/python3.8/site-packages/airflow/example_dags/example_python_operator.py for tasks to queue
[2025-09-13T11:32:55.924+0545] {logging_mixin.py:190} INFO - [2025-09-13T11:32:55.924+0545] {dagbag.py:588} INFO - Filling up the DagBag from /home/ashok/miniconda3/envs/mysecondenvironment/lib/python3.8/site-packages/airflow/example_dags/example_python_operator.py
[2025-09-13T11:32:55.928+0545] {logging_mixin.py:190} INFO - [2025-09-13T11:32:55.928+0545] {example_python_operator.py:93} WARNING - The virtalenv_python example task requires virtualenv, please install it.
[2025-09-13T11:32:55.929+0545] {processor.py:925} INFO - DAG(s) 'example_python_operator' retrieved from /home/ashok/miniconda3/envs/mysecondenvironment/lib/python3.8/site-packages/airflow/example_dags/example_python_operator.py
[2025-09-13T11:32:55.938+0545] {logging_mixin.py:190} INFO - [2025-09-13T11:32:55.938+0545] {dag.py:3239} INFO - Sync 1 DAGs
[2025-09-13T11:32:55.943+0545] {logging_mixin.py:190} INFO - [2025-09-13T11:32:55.943+0545] {dag.py:4180} INFO - Setting next_dagrun for example_python_operator to None, run_after=None
[2025-09-13T11:32:55.967+0545] {processor.py:208} INFO - Processing /home/ashok/miniconda3/envs/mysecondenvironment/lib/python3.8/site-packages/airflow/example_dags/example_python_operator.py took 0.047 seconds
[2025-09-13T11:35:24.221+0545] {processor.py:186} INFO - Started process (PID=118238) to work on /home/ashok/miniconda3/envs/mysecondenvironment/lib/python3.8/site-packages/airflow/example_dags/example_python_operator.py
[2025-09-13T11:35:24.223+0545] {processor.py:914} INFO - Processing file /home/ashok/miniconda3/envs/mysecondenvironment/lib/python3.8/site-packages/airflow/example_dags/example_python_operator.py for tasks to queue
[2025-09-13T11:35:24.225+0545] {logging_mixin.py:190} INFO - [2025-09-13T11:35:24.225+0545] {dagbag.py:588} INFO - Filling up the DagBag from /home/ashok/miniconda3/envs/mysecondenvironment/lib/python3.8/site-packages/airflow/example_dags/example_python_operator.py
[2025-09-13T11:35:24.230+0545] {logging_mixin.py:190} INFO - [2025-09-13T11:35:24.230+0545] {example_python_operator.py:93} WARNING - The virtalenv_python example task requires virtualenv, please install it.
[2025-09-13T11:35:24.231+0545] {processor.py:925} INFO - DAG(s) 'example_python_operator' retrieved from /home/ashok/miniconda3/envs/mysecondenvironment/lib/python3.8/site-packages/airflow/example_dags/example_python_operator.py
[2025-09-13T11:35:24.241+0545] {logging_mixin.py:190} INFO - [2025-09-13T11:35:24.241+0545] {dag.py:3239} INFO - Sync 1 DAGs
[2025-09-13T11:35:24.247+0545] {logging_mixin.py:190} INFO - [2025-09-13T11:35:24.247+0545] {dag.py:4180} INFO - Setting next_dagrun for example_python_operator to None, run_after=None
[2025-09-13T11:35:24.263+0545] {processor.py:208} INFO - Processing /home/ashok/miniconda3/envs/mysecondenvironment/lib/python3.8/site-packages/airflow/example_dags/example_python_operator.py took 0.045 seconds
[2025-09-13T11:36:20.938+0545] {processor.py:186} INFO - Started process (PID=118620) to work on /home/ashok/miniconda3/envs/mysecondenvironment/lib/python3.8/site-packages/airflow/example_dags/example_python_operator.py
[2025-09-13T11:36:20.940+0545] {processor.py:914} INFO - Processing file /home/ashok/miniconda3/envs/mysecondenvironment/lib/python3.8/site-packages/airflow/example_dags/example_python_operator.py for tasks to queue
[2025-09-13T11:36:20.941+0545] {logging_mixin.py:190} INFO - [2025-09-13T11:36:20.941+0545] {dagbag.py:588} INFO - Filling up the DagBag from /home/ashok/miniconda3/envs/mysecondenvironment/lib/python3.8/site-packages/airflow/example_dags/example_python_operator.py
[2025-09-13T11:36:20.945+0545] {logging_mixin.py:190} INFO - [2025-09-13T11:36:20.945+0545] {example_python_operator.py:93} WARNING - The virtalenv_python example task requires virtualenv, please install it.
[2025-09-13T11:36:20.946+0545] {processor.py:925} INFO - DAG(s) 'example_python_operator' retrieved from /home/ashok/miniconda3/envs/mysecondenvironment/lib/python3.8/site-packages/airflow/example_dags/example_python_operator.py
[2025-09-13T11:36:20.954+0545] {logging_mixin.py:190} INFO - [2025-09-13T11:36:20.954+0545] {dag.py:3239} INFO - Sync 1 DAGs
[2025-09-13T11:36:20.960+0545] {logging_mixin.py:190} INFO - [2025-09-13T11:36:20.959+0545] {dag.py:4180} INFO - Setting next_dagrun for example_python_operator to None, run_after=None
[2025-09-13T11:36:20.977+0545] {processor.py:208} INFO - Processing /home/ashok/miniconda3/envs/mysecondenvironment/lib/python3.8/site-packages/airflow/example_dags/example_python_operator.py took 0.042 seconds
[2025-09-13T11:37:17.564+0545] {processor.py:186} INFO - Started process (PID=118979) to work on /home/ashok/miniconda3/envs/mysecondenvironment/lib/python3.8/site-packages/airflow/example_dags/example_python_operator.py
[2025-09-13T11:37:17.565+0545] {processor.py:914} INFO - Processing file /home/ashok/miniconda3/envs/mysecondenvironment/lib/python3.8/site-packages/airflow/example_dags/example_python_operator.py for tasks to queue
[2025-09-13T11:37:17.566+0545] {logging_mixin.py:190} INFO - [2025-09-13T11:37:17.566+0545] {dagbag.py:588} INFO - Filling up the DagBag from /home/ashok/miniconda3/envs/mysecondenvironment/lib/python3.8/site-packages/airflow/example_dags/example_python_operator.py
[2025-09-13T11:37:17.571+0545] {logging_mixin.py:190} INFO - [2025-09-13T11:37:17.571+0545] {example_python_operator.py:93} WARNING - The virtalenv_python example task requires virtualenv, please install it.
[2025-09-13T11:37:17.572+0545] {processor.py:925} INFO - DAG(s) 'example_python_operator' retrieved from /home/ashok/miniconda3/envs/mysecondenvironment/lib/python3.8/site-packages/airflow/example_dags/example_python_operator.py
[2025-09-13T11:37:17.581+0545] {logging_mixin.py:190} INFO - [2025-09-13T11:37:17.581+0545] {dag.py:3239} INFO - Sync 1 DAGs
[2025-09-13T11:37:17.588+0545] {logging_mixin.py:190} INFO - [2025-09-13T11:37:17.587+0545] {dag.py:4180} INFO - Setting next_dagrun for example_python_operator to None, run_after=None
[2025-09-13T11:37:17.605+0545] {processor.py:208} INFO - Processing /home/ashok/miniconda3/envs/mysecondenvironment/lib/python3.8/site-packages/airflow/example_dags/example_python_operator.py took 0.044 seconds
[2025-09-13T11:38:12.942+0545] {processor.py:186} INFO - Started process (PID=119324) to work on /home/ashok/miniconda3/envs/mysecondenvironment/lib/python3.8/site-packages/airflow/example_dags/example_python_operator.py
[2025-09-13T11:38:12.944+0545] {processor.py:914} INFO - Processing file /home/ashok/miniconda3/envs/mysecondenvironment/lib/python3.8/site-packages/airflow/example_dags/example_python_operator.py for tasks to queue
[2025-09-13T11:38:12.945+0545] {logging_mixin.py:190} INFO - [2025-09-13T11:38:12.945+0545] {dagbag.py:588} INFO - Filling up the DagBag from /home/ashok/miniconda3/envs/mysecondenvironment/lib/python3.8/site-packages/airflow/example_dags/example_python_operator.py
[2025-09-13T11:38:12.950+0545] {logging_mixin.py:190} INFO - [2025-09-13T11:38:12.950+0545] {example_python_operator.py:93} WARNING - The virtalenv_python example task requires virtualenv, please install it.
[2025-09-13T11:38:12.951+0545] {processor.py:925} INFO - DAG(s) 'example_python_operator' retrieved from /home/ashok/miniconda3/envs/mysecondenvironment/lib/python3.8/site-packages/airflow/example_dags/example_python_operator.py
[2025-09-13T11:38:12.961+0545] {logging_mixin.py:190} INFO - [2025-09-13T11:38:12.961+0545] {dag.py:3239} INFO - Sync 1 DAGs
[2025-09-13T11:38:12.967+0545] {logging_mixin.py:190} INFO - [2025-09-13T11:38:12.967+0545] {dag.py:4180} INFO - Setting next_dagrun for example_python_operator to None, run_after=None
[2025-09-13T11:38:12.982+0545] {processor.py:208} INFO - Processing /home/ashok/miniconda3/envs/mysecondenvironment/lib/python3.8/site-packages/airflow/example_dags/example_python_operator.py took 0.045 seconds
[2025-09-13T11:39:10.176+0545] {processor.py:186} INFO - Started process (PID=119704) to work on /home/ashok/miniconda3/envs/mysecondenvironment/lib/python3.8/site-packages/airflow/example_dags/example_python_operator.py
[2025-09-13T11:39:10.178+0545] {processor.py:914} INFO - Processing file /home/ashok/miniconda3/envs/mysecondenvironment/lib/python3.8/site-packages/airflow/example_dags/example_python_operator.py for tasks to queue
[2025-09-13T11:39:10.179+0545] {logging_mixin.py:190} INFO - [2025-09-13T11:39:10.179+0545] {dagbag.py:588} INFO - Filling up the DagBag from /home/ashok/miniconda3/envs/mysecondenvironment/lib/python3.8/site-packages/airflow/example_dags/example_python_operator.py
[2025-09-13T11:39:10.183+0545] {logging_mixin.py:190} INFO - [2025-09-13T11:39:10.182+0545] {example_python_operator.py:93} WARNING - The virtalenv_python example task requires virtualenv, please install it.
[2025-09-13T11:39:10.184+0545] {processor.py:925} INFO - DAG(s) 'example_python_operator' retrieved from /home/ashok/miniconda3/envs/mysecondenvironment/lib/python3.8/site-packages/airflow/example_dags/example_python_operator.py
[2025-09-13T11:39:10.193+0545] {logging_mixin.py:190} INFO - [2025-09-13T11:39:10.193+0545] {dag.py:3239} INFO - Sync 1 DAGs
[2025-09-13T11:39:10.199+0545] {logging_mixin.py:190} INFO - [2025-09-13T11:39:10.198+0545] {dag.py:4180} INFO - Setting next_dagrun for example_python_operator to None, run_after=None
[2025-09-13T11:39:10.214+0545] {processor.py:208} INFO - Processing /home/ashok/miniconda3/envs/mysecondenvironment/lib/python3.8/site-packages/airflow/example_dags/example_python_operator.py took 0.042 seconds
[2025-09-13T11:40:06.387+0545] {processor.py:186} INFO - Started process (PID=120055) to work on /home/ashok/miniconda3/envs/mysecondenvironment/lib/python3.8/site-packages/airflow/example_dags/example_python_operator.py
[2025-09-13T11:40:06.389+0545] {processor.py:914} INFO - Processing file /home/ashok/miniconda3/envs/mysecondenvironment/lib/python3.8/site-packages/airflow/example_dags/example_python_operator.py for tasks to queue
[2025-09-13T11:40:06.390+0545] {logging_mixin.py:190} INFO - [2025-09-13T11:40:06.390+0545] {dagbag.py:588} INFO - Filling up the DagBag from /home/ashok/miniconda3/envs/mysecondenvironment/lib/python3.8/site-packages/airflow/example_dags/example_python_operator.py
[2025-09-13T11:40:06.394+0545] {logging_mixin.py:190} INFO - [2025-09-13T11:40:06.393+0545] {example_python_operator.py:93} WARNING - The virtalenv_python example task requires virtualenv, please install it.
[2025-09-13T11:40:06.395+0545] {processor.py:925} INFO - DAG(s) 'example_python_operator' retrieved from /home/ashok/miniconda3/envs/mysecondenvironment/lib/python3.8/site-packages/airflow/example_dags/example_python_operator.py
[2025-09-13T11:40:06.403+0545] {logging_mixin.py:190} INFO - [2025-09-13T11:40:06.403+0545] {dag.py:3239} INFO - Sync 1 DAGs
[2025-09-13T11:40:06.409+0545] {logging_mixin.py:190} INFO - [2025-09-13T11:40:06.409+0545] {dag.py:4180} INFO - Setting next_dagrun for example_python_operator to None, run_after=None
[2025-09-13T11:40:06.425+0545] {processor.py:208} INFO - Processing /home/ashok/miniconda3/envs/mysecondenvironment/lib/python3.8/site-packages/airflow/example_dags/example_python_operator.py took 0.042 seconds
[2025-09-13T11:40:59.150+0545] {processor.py:186} INFO - Started process (PID=120401) to work on /home/ashok/miniconda3/envs/mysecondenvironment/lib/python3.8/site-packages/airflow/example_dags/example_python_operator.py
[2025-09-13T11:40:59.152+0545] {processor.py:914} INFO - Processing file /home/ashok/miniconda3/envs/mysecondenvironment/lib/python3.8/site-packages/airflow/example_dags/example_python_operator.py for tasks to queue
[2025-09-13T11:40:59.154+0545] {logging_mixin.py:190} INFO - [2025-09-13T11:40:59.153+0545] {dagbag.py:588} INFO - Filling up the DagBag from /home/ashok/miniconda3/envs/mysecondenvironment/lib/python3.8/site-packages/airflow/example_dags/example_python_operator.py
[2025-09-13T11:40:59.157+0545] {logging_mixin.py:190} INFO - [2025-09-13T11:40:59.157+0545] {example_python_operator.py:93} WARNING - The virtalenv_python example task requires virtualenv, please install it.
[2025-09-13T11:40:59.158+0545] {processor.py:925} INFO - DAG(s) 'example_python_operator' retrieved from /home/ashok/miniconda3/envs/mysecondenvironment/lib/python3.8/site-packages/airflow/example_dags/example_python_operator.py
[2025-09-13T11:40:59.166+0545] {logging_mixin.py:190} INFO - [2025-09-13T11:40:59.166+0545] {dag.py:3239} INFO - Sync 1 DAGs
[2025-09-13T11:40:59.172+0545] {logging_mixin.py:190} INFO - [2025-09-13T11:40:59.172+0545] {dag.py:4180} INFO - Setting next_dagrun for example_python_operator to None, run_after=None
[2025-09-13T11:40:59.190+0545] {processor.py:208} INFO - Processing /home/ashok/miniconda3/envs/mysecondenvironment/lib/python3.8/site-packages/airflow/example_dags/example_python_operator.py took 0.043 seconds
[2025-09-13T11:42:14.639+0545] {processor.py:186} INFO - Started process (PID=121038) to work on /home/ashok/miniconda3/envs/mysecondenvironment/lib/python3.8/site-packages/airflow/example_dags/example_python_operator.py
[2025-09-13T11:42:14.641+0545] {processor.py:914} INFO - Processing file /home/ashok/miniconda3/envs/mysecondenvironment/lib/python3.8/site-packages/airflow/example_dags/example_python_operator.py for tasks to queue
[2025-09-13T11:42:14.642+0545] {logging_mixin.py:190} INFO - [2025-09-13T11:42:14.642+0545] {dagbag.py:588} INFO - Filling up the DagBag from /home/ashok/miniconda3/envs/mysecondenvironment/lib/python3.8/site-packages/airflow/example_dags/example_python_operator.py
[2025-09-13T11:42:14.646+0545] {logging_mixin.py:190} INFO - [2025-09-13T11:42:14.646+0545] {example_python_operator.py:93} WARNING - The virtalenv_python example task requires virtualenv, please install it.
[2025-09-13T11:42:14.647+0545] {processor.py:925} INFO - DAG(s) 'example_python_operator' retrieved from /home/ashok/miniconda3/envs/mysecondenvironment/lib/python3.8/site-packages/airflow/example_dags/example_python_operator.py
[2025-09-13T11:42:14.658+0545] {logging_mixin.py:190} INFO - [2025-09-13T11:42:14.658+0545] {dag.py:3239} INFO - Sync 1 DAGs
[2025-09-13T11:42:14.664+0545] {logging_mixin.py:190} INFO - [2025-09-13T11:42:14.664+0545] {dag.py:4180} INFO - Setting next_dagrun for example_python_operator to None, run_after=None
[2025-09-13T11:42:14.679+0545] {processor.py:208} INFO - Processing /home/ashok/miniconda3/envs/mysecondenvironment/lib/python3.8/site-packages/airflow/example_dags/example_python_operator.py took 0.044 seconds
[2025-09-13T11:44:31.322+0545] {processor.py:186} INFO - Started process (PID=123296) to work on /home/ashok/miniconda3/envs/mysecondenvironment/lib/python3.8/site-packages/airflow/example_dags/example_python_operator.py
[2025-09-13T11:44:31.324+0545] {processor.py:914} INFO - Processing file /home/ashok/miniconda3/envs/mysecondenvironment/lib/python3.8/site-packages/airflow/example_dags/example_python_operator.py for tasks to queue
[2025-09-13T11:44:31.325+0545] {logging_mixin.py:190} INFO - [2025-09-13T11:44:31.325+0545] {dagbag.py:588} INFO - Filling up the DagBag from /home/ashok/miniconda3/envs/mysecondenvironment/lib/python3.8/site-packages/airflow/example_dags/example_python_operator.py
[2025-09-13T11:44:31.331+0545] {logging_mixin.py:190} INFO - [2025-09-13T11:44:31.331+0545] {example_python_operator.py:93} WARNING - The virtalenv_python example task requires virtualenv, please install it.
[2025-09-13T11:44:31.332+0545] {processor.py:925} INFO - DAG(s) 'example_python_operator' retrieved from /home/ashok/miniconda3/envs/mysecondenvironment/lib/python3.8/site-packages/airflow/example_dags/example_python_operator.py
[2025-09-13T11:44:31.344+0545] {logging_mixin.py:190} INFO - [2025-09-13T11:44:31.344+0545] {dag.py:3239} INFO - Sync 1 DAGs
[2025-09-13T11:44:31.349+0545] {logging_mixin.py:190} INFO - [2025-09-13T11:44:31.349+0545] {dag.py:4180} INFO - Setting next_dagrun for example_python_operator to None, run_after=None
[2025-09-13T11:44:31.368+0545] {processor.py:208} INFO - Processing /home/ashok/miniconda3/envs/mysecondenvironment/lib/python3.8/site-packages/airflow/example_dags/example_python_operator.py took 0.050 seconds
[2025-09-13T11:45:27.928+0545] {processor.py:186} INFO - Started process (PID=123692) to work on /home/ashok/miniconda3/envs/mysecondenvironment/lib/python3.8/site-packages/airflow/example_dags/example_python_operator.py
[2025-09-13T11:45:27.930+0545] {processor.py:914} INFO - Processing file /home/ashok/miniconda3/envs/mysecondenvironment/lib/python3.8/site-packages/airflow/example_dags/example_python_operator.py for tasks to queue
[2025-09-13T11:45:27.931+0545] {logging_mixin.py:190} INFO - [2025-09-13T11:45:27.931+0545] {dagbag.py:588} INFO - Filling up the DagBag from /home/ashok/miniconda3/envs/mysecondenvironment/lib/python3.8/site-packages/airflow/example_dags/example_python_operator.py
[2025-09-13T11:45:27.936+0545] {logging_mixin.py:190} INFO - [2025-09-13T11:45:27.936+0545] {example_python_operator.py:93} WARNING - The virtalenv_python example task requires virtualenv, please install it.
[2025-09-13T11:45:27.937+0545] {processor.py:925} INFO - DAG(s) 'example_python_operator' retrieved from /home/ashok/miniconda3/envs/mysecondenvironment/lib/python3.8/site-packages/airflow/example_dags/example_python_operator.py
[2025-09-13T11:45:27.945+0545] {logging_mixin.py:190} INFO - [2025-09-13T11:45:27.945+0545] {dag.py:3239} INFO - Sync 1 DAGs
[2025-09-13T11:45:27.950+0545] {logging_mixin.py:190} INFO - [2025-09-13T11:45:27.950+0545] {dag.py:4180} INFO - Setting next_dagrun for example_python_operator to None, run_after=None
[2025-09-13T11:45:27.968+0545] {processor.py:208} INFO - Processing /home/ashok/miniconda3/envs/mysecondenvironment/lib/python3.8/site-packages/airflow/example_dags/example_python_operator.py took 0.043 seconds
[2025-09-13T11:46:24.469+0545] {processor.py:186} INFO - Started process (PID=124243) to work on /home/ashok/miniconda3/envs/mysecondenvironment/lib/python3.8/site-packages/airflow/example_dags/example_python_operator.py
[2025-09-13T11:46:24.471+0545] {processor.py:914} INFO - Processing file /home/ashok/miniconda3/envs/mysecondenvironment/lib/python3.8/site-packages/airflow/example_dags/example_python_operator.py for tasks to queue
[2025-09-13T11:46:24.473+0545] {logging_mixin.py:190} INFO - [2025-09-13T11:46:24.473+0545] {dagbag.py:588} INFO - Filling up the DagBag from /home/ashok/miniconda3/envs/mysecondenvironment/lib/python3.8/site-packages/airflow/example_dags/example_python_operator.py
[2025-09-13T11:46:24.477+0545] {logging_mixin.py:190} INFO - [2025-09-13T11:46:24.477+0545] {example_python_operator.py:93} WARNING - The virtalenv_python example task requires virtualenv, please install it.
[2025-09-13T11:46:24.478+0545] {processor.py:925} INFO - DAG(s) 'example_python_operator' retrieved from /home/ashok/miniconda3/envs/mysecondenvironment/lib/python3.8/site-packages/airflow/example_dags/example_python_operator.py
[2025-09-13T11:46:24.489+0545] {logging_mixin.py:190} INFO - [2025-09-13T11:46:24.489+0545] {dag.py:3239} INFO - Sync 1 DAGs
[2025-09-13T11:46:24.497+0545] {logging_mixin.py:190} INFO - [2025-09-13T11:46:24.497+0545] {dag.py:4180} INFO - Setting next_dagrun for example_python_operator to None, run_after=None
[2025-09-13T11:46:24.513+0545] {processor.py:208} INFO - Processing /home/ashok/miniconda3/envs/mysecondenvironment/lib/python3.8/site-packages/airflow/example_dags/example_python_operator.py took 0.049 seconds
[2025-09-13T11:47:15.955+0545] {processor.py:186} INFO - Started process (PID=124756) to work on /home/ashok/miniconda3/envs/mysecondenvironment/lib/python3.8/site-packages/airflow/example_dags/example_python_operator.py
[2025-09-13T11:47:15.957+0545] {processor.py:914} INFO - Processing file /home/ashok/miniconda3/envs/mysecondenvironment/lib/python3.8/site-packages/airflow/example_dags/example_python_operator.py for tasks to queue
[2025-09-13T11:47:15.958+0545] {logging_mixin.py:190} INFO - [2025-09-13T11:47:15.958+0545] {dagbag.py:588} INFO - Filling up the DagBag from /home/ashok/miniconda3/envs/mysecondenvironment/lib/python3.8/site-packages/airflow/example_dags/example_python_operator.py
[2025-09-13T11:47:15.962+0545] {logging_mixin.py:190} INFO - [2025-09-13T11:47:15.962+0545] {example_python_operator.py:93} WARNING - The virtalenv_python example task requires virtualenv, please install it.
[2025-09-13T11:47:15.963+0545] {processor.py:925} INFO - DAG(s) 'example_python_operator' retrieved from /home/ashok/miniconda3/envs/mysecondenvironment/lib/python3.8/site-packages/airflow/example_dags/example_python_operator.py
[2025-09-13T11:47:15.971+0545] {logging_mixin.py:190} INFO - [2025-09-13T11:47:15.971+0545] {dag.py:3239} INFO - Sync 1 DAGs
[2025-09-13T11:47:15.980+0545] {logging_mixin.py:190} INFO - [2025-09-13T11:47:15.980+0545] {dag.py:4180} INFO - Setting next_dagrun for example_python_operator to None, run_after=None
[2025-09-13T11:47:15.999+0545] {processor.py:208} INFO - Processing /home/ashok/miniconda3/envs/mysecondenvironment/lib/python3.8/site-packages/airflow/example_dags/example_python_operator.py took 0.047 seconds
