[2025-09-13T11:33:13.749+0545] {processor.py:186} INFO - Started process (PID=117221) to work on /home/ashok/miniconda3/envs/mysecondenvironment/lib/python3.8/site-packages/airflow/example_dags/example_inlet_event_extra.py
[2025-09-13T11:33:13.750+0545] {processor.py:914} INFO - Processing file /home/ashok/miniconda3/envs/mysecondenvironment/lib/python3.8/site-packages/airflow/example_dags/example_inlet_event_extra.py for tasks to queue
[2025-09-13T11:33:13.751+0545] {logging_mixin.py:190} INFO - [2025-09-13T11:33:13.751+0545] {dagbag.py:588} INFO - Filling up the DagBag from /home/ashok/miniconda3/envs/mysecondenvironment/lib/python3.8/site-packages/airflow/example_dags/example_inlet_event_extra.py
[2025-09-13T11:33:13.757+0545] {processor.py:925} INFO - DAG(s) 'read_dataset_event_from_classic', 'read_dataset_event' retrieved from /home/ashok/miniconda3/envs/mysecondenvironment/lib/python3.8/site-packages/airflow/example_dags/example_inlet_event_extra.py
[2025-09-13T11:33:13.765+0545] {logging_mixin.py:190} INFO - [2025-09-13T11:33:13.765+0545] {dag.py:3239} INFO - Sync 2 DAGs
[2025-09-13T11:33:13.774+0545] {logging_mixin.py:190} INFO - [2025-09-13T11:33:13.774+0545] {dag.py:4180} INFO - Setting next_dagrun for read_dataset_event to 2025-09-12 00:00:00+00:00, run_after=2025-09-13 00:00:00+00:00
[2025-09-13T11:33:13.776+0545] {logging_mixin.py:190} INFO - [2025-09-13T11:33:13.776+0545] {dag.py:4180} INFO - Setting next_dagrun for read_dataset_event_from_classic to 2025-09-12 00:00:00+00:00, run_after=2025-09-13 00:00:00+00:00
[2025-09-13T11:33:13.795+0545] {processor.py:208} INFO - Processing /home/ashok/miniconda3/envs/mysecondenvironment/lib/python3.8/site-packages/airflow/example_dags/example_inlet_event_extra.py took 0.050 seconds
[2025-09-13T11:35:40.897+0545] {processor.py:186} INFO - Started process (PID=118360) to work on /home/ashok/miniconda3/envs/mysecondenvironment/lib/python3.8/site-packages/airflow/example_dags/example_inlet_event_extra.py
[2025-09-13T11:35:40.898+0545] {processor.py:914} INFO - Processing file /home/ashok/miniconda3/envs/mysecondenvironment/lib/python3.8/site-packages/airflow/example_dags/example_inlet_event_extra.py for tasks to queue
[2025-09-13T11:35:40.901+0545] {logging_mixin.py:190} INFO - [2025-09-13T11:35:40.900+0545] {dagbag.py:588} INFO - Filling up the DagBag from /home/ashok/miniconda3/envs/mysecondenvironment/lib/python3.8/site-packages/airflow/example_dags/example_inlet_event_extra.py
[2025-09-13T11:35:40.907+0545] {processor.py:925} INFO - DAG(s) 'read_dataset_event_from_classic', 'read_dataset_event' retrieved from /home/ashok/miniconda3/envs/mysecondenvironment/lib/python3.8/site-packages/airflow/example_dags/example_inlet_event_extra.py
[2025-09-13T11:35:40.917+0545] {logging_mixin.py:190} INFO - [2025-09-13T11:35:40.917+0545] {dag.py:3239} INFO - Sync 2 DAGs
[2025-09-13T11:35:40.926+0545] {logging_mixin.py:190} INFO - [2025-09-13T11:35:40.926+0545] {dag.py:4180} INFO - Setting next_dagrun for read_dataset_event to 2025-09-12 00:00:00+00:00, run_after=2025-09-13 00:00:00+00:00
[2025-09-13T11:35:40.928+0545] {logging_mixin.py:190} INFO - [2025-09-13T11:35:40.928+0545] {dag.py:4180} INFO - Setting next_dagrun for read_dataset_event_from_classic to 2025-09-12 00:00:00+00:00, run_after=2025-09-13 00:00:00+00:00
[2025-09-13T11:35:40.943+0545] {processor.py:208} INFO - Processing /home/ashok/miniconda3/envs/mysecondenvironment/lib/python3.8/site-packages/airflow/example_dags/example_inlet_event_extra.py took 0.049 seconds
[2025-09-13T11:36:37.518+0545] {processor.py:186} INFO - Started process (PID=118718) to work on /home/ashok/miniconda3/envs/mysecondenvironment/lib/python3.8/site-packages/airflow/example_dags/example_inlet_event_extra.py
[2025-09-13T11:36:37.519+0545] {processor.py:914} INFO - Processing file /home/ashok/miniconda3/envs/mysecondenvironment/lib/python3.8/site-packages/airflow/example_dags/example_inlet_event_extra.py for tasks to queue
[2025-09-13T11:36:37.520+0545] {logging_mixin.py:190} INFO - [2025-09-13T11:36:37.520+0545] {dagbag.py:588} INFO - Filling up the DagBag from /home/ashok/miniconda3/envs/mysecondenvironment/lib/python3.8/site-packages/airflow/example_dags/example_inlet_event_extra.py
[2025-09-13T11:36:37.529+0545] {processor.py:925} INFO - DAG(s) 'read_dataset_event_from_classic', 'read_dataset_event' retrieved from /home/ashok/miniconda3/envs/mysecondenvironment/lib/python3.8/site-packages/airflow/example_dags/example_inlet_event_extra.py
[2025-09-13T11:36:37.541+0545] {logging_mixin.py:190} INFO - [2025-09-13T11:36:37.541+0545] {dag.py:3239} INFO - Sync 2 DAGs
[2025-09-13T11:36:37.553+0545] {logging_mixin.py:190} INFO - [2025-09-13T11:36:37.553+0545] {dag.py:4180} INFO - Setting next_dagrun for read_dataset_event to 2025-09-12 00:00:00+00:00, run_after=2025-09-13 00:00:00+00:00
[2025-09-13T11:36:37.555+0545] {logging_mixin.py:190} INFO - [2025-09-13T11:36:37.555+0545] {dag.py:4180} INFO - Setting next_dagrun for read_dataset_event_from_classic to 2025-09-12 00:00:00+00:00, run_after=2025-09-13 00:00:00+00:00
[2025-09-13T11:36:37.571+0545] {processor.py:208} INFO - Processing /home/ashok/miniconda3/envs/mysecondenvironment/lib/python3.8/site-packages/airflow/example_dags/example_inlet_event_extra.py took 0.057 seconds
[2025-09-13T11:37:34.644+0545] {processor.py:186} INFO - Started process (PID=119077) to work on /home/ashok/miniconda3/envs/mysecondenvironment/lib/python3.8/site-packages/airflow/example_dags/example_inlet_event_extra.py
[2025-09-13T11:37:34.646+0545] {processor.py:914} INFO - Processing file /home/ashok/miniconda3/envs/mysecondenvironment/lib/python3.8/site-packages/airflow/example_dags/example_inlet_event_extra.py for tasks to queue
[2025-09-13T11:37:34.647+0545] {logging_mixin.py:190} INFO - [2025-09-13T11:37:34.647+0545] {dagbag.py:588} INFO - Filling up the DagBag from /home/ashok/miniconda3/envs/mysecondenvironment/lib/python3.8/site-packages/airflow/example_dags/example_inlet_event_extra.py
[2025-09-13T11:37:34.654+0545] {processor.py:925} INFO - DAG(s) 'read_dataset_event_from_classic', 'read_dataset_event' retrieved from /home/ashok/miniconda3/envs/mysecondenvironment/lib/python3.8/site-packages/airflow/example_dags/example_inlet_event_extra.py
[2025-09-13T11:37:34.663+0545] {logging_mixin.py:190} INFO - [2025-09-13T11:37:34.663+0545] {dag.py:3239} INFO - Sync 2 DAGs
[2025-09-13T11:37:34.673+0545] {logging_mixin.py:190} INFO - [2025-09-13T11:37:34.673+0545] {dag.py:4180} INFO - Setting next_dagrun for read_dataset_event to 2025-09-12 00:00:00+00:00, run_after=2025-09-13 00:00:00+00:00
[2025-09-13T11:37:34.675+0545] {logging_mixin.py:190} INFO - [2025-09-13T11:37:34.675+0545] {dag.py:4180} INFO - Setting next_dagrun for read_dataset_event_from_classic to 2025-09-12 00:00:00+00:00, run_after=2025-09-13 00:00:00+00:00
[2025-09-13T11:37:34.689+0545] {processor.py:208} INFO - Processing /home/ashok/miniconda3/envs/mysecondenvironment/lib/python3.8/site-packages/airflow/example_dags/example_inlet_event_extra.py took 0.050 seconds
[2025-09-13T11:38:29.523+0545] {processor.py:186} INFO - Started process (PID=119437) to work on /home/ashok/miniconda3/envs/mysecondenvironment/lib/python3.8/site-packages/airflow/example_dags/example_inlet_event_extra.py
[2025-09-13T11:38:29.524+0545] {processor.py:914} INFO - Processing file /home/ashok/miniconda3/envs/mysecondenvironment/lib/python3.8/site-packages/airflow/example_dags/example_inlet_event_extra.py for tasks to queue
[2025-09-13T11:38:29.525+0545] {logging_mixin.py:190} INFO - [2025-09-13T11:38:29.525+0545] {dagbag.py:588} INFO - Filling up the DagBag from /home/ashok/miniconda3/envs/mysecondenvironment/lib/python3.8/site-packages/airflow/example_dags/example_inlet_event_extra.py
[2025-09-13T11:38:29.532+0545] {processor.py:925} INFO - DAG(s) 'read_dataset_event_from_classic', 'read_dataset_event' retrieved from /home/ashok/miniconda3/envs/mysecondenvironment/lib/python3.8/site-packages/airflow/example_dags/example_inlet_event_extra.py
[2025-09-13T11:38:29.541+0545] {logging_mixin.py:190} INFO - [2025-09-13T11:38:29.541+0545] {dag.py:3239} INFO - Sync 2 DAGs
[2025-09-13T11:38:29.552+0545] {logging_mixin.py:190} INFO - [2025-09-13T11:38:29.552+0545] {dag.py:4180} INFO - Setting next_dagrun for read_dataset_event to 2025-09-12 00:00:00+00:00, run_after=2025-09-13 00:00:00+00:00
[2025-09-13T11:38:29.554+0545] {logging_mixin.py:190} INFO - [2025-09-13T11:38:29.554+0545] {dag.py:4180} INFO - Setting next_dagrun for read_dataset_event_from_classic to 2025-09-12 00:00:00+00:00, run_after=2025-09-13 00:00:00+00:00
[2025-09-13T11:38:29.571+0545] {processor.py:208} INFO - Processing /home/ashok/miniconda3/envs/mysecondenvironment/lib/python3.8/site-packages/airflow/example_dags/example_inlet_event_extra.py took 0.052 seconds
[2025-09-13T11:39:27.110+0545] {processor.py:186} INFO - Started process (PID=119807) to work on /home/ashok/miniconda3/envs/mysecondenvironment/lib/python3.8/site-packages/airflow/example_dags/example_inlet_event_extra.py
[2025-09-13T11:39:27.111+0545] {processor.py:914} INFO - Processing file /home/ashok/miniconda3/envs/mysecondenvironment/lib/python3.8/site-packages/airflow/example_dags/example_inlet_event_extra.py for tasks to queue
[2025-09-13T11:39:27.113+0545] {logging_mixin.py:190} INFO - [2025-09-13T11:39:27.112+0545] {dagbag.py:588} INFO - Filling up the DagBag from /home/ashok/miniconda3/envs/mysecondenvironment/lib/python3.8/site-packages/airflow/example_dags/example_inlet_event_extra.py
[2025-09-13T11:39:27.120+0545] {processor.py:925} INFO - DAG(s) 'read_dataset_event', 'read_dataset_event_from_classic' retrieved from /home/ashok/miniconda3/envs/mysecondenvironment/lib/python3.8/site-packages/airflow/example_dags/example_inlet_event_extra.py
[2025-09-13T11:39:27.130+0545] {logging_mixin.py:190} INFO - [2025-09-13T11:39:27.129+0545] {dag.py:3239} INFO - Sync 2 DAGs
[2025-09-13T11:39:27.140+0545] {logging_mixin.py:190} INFO - [2025-09-13T11:39:27.140+0545] {dag.py:4180} INFO - Setting next_dagrun for read_dataset_event to 2025-09-12 00:00:00+00:00, run_after=2025-09-13 00:00:00+00:00
[2025-09-13T11:39:27.142+0545] {logging_mixin.py:190} INFO - [2025-09-13T11:39:27.142+0545] {dag.py:4180} INFO - Setting next_dagrun for read_dataset_event_from_classic to 2025-09-12 00:00:00+00:00, run_after=2025-09-13 00:00:00+00:00
[2025-09-13T11:39:27.157+0545] {processor.py:208} INFO - Processing /home/ashok/miniconda3/envs/mysecondenvironment/lib/python3.8/site-packages/airflow/example_dags/example_inlet_event_extra.py took 0.051 seconds
[2025-09-13T11:40:21.965+0545] {processor.py:186} INFO - Started process (PID=120151) to work on /home/ashok/miniconda3/envs/mysecondenvironment/lib/python3.8/site-packages/airflow/example_dags/example_inlet_event_extra.py
[2025-09-13T11:40:21.967+0545] {processor.py:914} INFO - Processing file /home/ashok/miniconda3/envs/mysecondenvironment/lib/python3.8/site-packages/airflow/example_dags/example_inlet_event_extra.py for tasks to queue
[2025-09-13T11:40:21.969+0545] {logging_mixin.py:190} INFO - [2025-09-13T11:40:21.969+0545] {dagbag.py:588} INFO - Filling up the DagBag from /home/ashok/miniconda3/envs/mysecondenvironment/lib/python3.8/site-packages/airflow/example_dags/example_inlet_event_extra.py
[2025-09-13T11:40:21.975+0545] {processor.py:925} INFO - DAG(s) 'read_dataset_event', 'read_dataset_event_from_classic' retrieved from /home/ashok/miniconda3/envs/mysecondenvironment/lib/python3.8/site-packages/airflow/example_dags/example_inlet_event_extra.py
[2025-09-13T11:40:21.983+0545] {logging_mixin.py:190} INFO - [2025-09-13T11:40:21.983+0545] {dag.py:3239} INFO - Sync 2 DAGs
[2025-09-13T11:40:21.993+0545] {logging_mixin.py:190} INFO - [2025-09-13T11:40:21.993+0545] {dag.py:4180} INFO - Setting next_dagrun for read_dataset_event to 2025-09-12 00:00:00+00:00, run_after=2025-09-13 00:00:00+00:00
[2025-09-13T11:40:21.994+0545] {logging_mixin.py:190} INFO - [2025-09-13T11:40:21.994+0545] {dag.py:4180} INFO - Setting next_dagrun for read_dataset_event_from_classic to 2025-09-12 00:00:00+00:00, run_after=2025-09-13 00:00:00+00:00
[2025-09-13T11:40:22.011+0545] {processor.py:208} INFO - Processing /home/ashok/miniconda3/envs/mysecondenvironment/lib/python3.8/site-packages/airflow/example_dags/example_inlet_event_extra.py took 0.050 seconds
[2025-09-13T11:42:30.525+0545] {processor.py:186} INFO - Started process (PID=121141) to work on /home/ashok/miniconda3/envs/mysecondenvironment/lib/python3.8/site-packages/airflow/example_dags/example_inlet_event_extra.py
[2025-09-13T11:42:30.526+0545] {processor.py:914} INFO - Processing file /home/ashok/miniconda3/envs/mysecondenvironment/lib/python3.8/site-packages/airflow/example_dags/example_inlet_event_extra.py for tasks to queue
[2025-09-13T11:42:30.528+0545] {logging_mixin.py:190} INFO - [2025-09-13T11:42:30.528+0545] {dagbag.py:588} INFO - Filling up the DagBag from /home/ashok/miniconda3/envs/mysecondenvironment/lib/python3.8/site-packages/airflow/example_dags/example_inlet_event_extra.py
[2025-09-13T11:42:30.534+0545] {processor.py:925} INFO - DAG(s) 'read_dataset_event', 'read_dataset_event_from_classic' retrieved from /home/ashok/miniconda3/envs/mysecondenvironment/lib/python3.8/site-packages/airflow/example_dags/example_inlet_event_extra.py
[2025-09-13T11:42:30.544+0545] {logging_mixin.py:190} INFO - [2025-09-13T11:42:30.543+0545] {dag.py:3239} INFO - Sync 2 DAGs
[2025-09-13T11:42:30.553+0545] {logging_mixin.py:190} INFO - [2025-09-13T11:42:30.553+0545] {dag.py:4180} INFO - Setting next_dagrun for read_dataset_event to 2025-09-12 00:00:00+00:00, run_after=2025-09-13 00:00:00+00:00
[2025-09-13T11:42:30.555+0545] {logging_mixin.py:190} INFO - [2025-09-13T11:42:30.555+0545] {dag.py:4180} INFO - Setting next_dagrun for read_dataset_event_from_classic to 2025-09-12 00:00:00+00:00, run_after=2025-09-13 00:00:00+00:00
[2025-09-13T11:42:30.570+0545] {processor.py:208} INFO - Processing /home/ashok/miniconda3/envs/mysecondenvironment/lib/python3.8/site-packages/airflow/example_dags/example_inlet_event_extra.py took 0.049 seconds
[2025-09-13T11:44:47.661+0545] {processor.py:186} INFO - Started process (PID=123424) to work on /home/ashok/miniconda3/envs/mysecondenvironment/lib/python3.8/site-packages/airflow/example_dags/example_inlet_event_extra.py
[2025-09-13T11:44:47.663+0545] {processor.py:914} INFO - Processing file /home/ashok/miniconda3/envs/mysecondenvironment/lib/python3.8/site-packages/airflow/example_dags/example_inlet_event_extra.py for tasks to queue
[2025-09-13T11:44:47.665+0545] {logging_mixin.py:190} INFO - [2025-09-13T11:44:47.664+0545] {dagbag.py:588} INFO - Filling up the DagBag from /home/ashok/miniconda3/envs/mysecondenvironment/lib/python3.8/site-packages/airflow/example_dags/example_inlet_event_extra.py
[2025-09-13T11:44:47.672+0545] {processor.py:925} INFO - DAG(s) 'read_dataset_event_from_classic', 'read_dataset_event' retrieved from /home/ashok/miniconda3/envs/mysecondenvironment/lib/python3.8/site-packages/airflow/example_dags/example_inlet_event_extra.py
[2025-09-13T11:44:47.681+0545] {logging_mixin.py:190} INFO - [2025-09-13T11:44:47.681+0545] {dag.py:3239} INFO - Sync 2 DAGs
[2025-09-13T11:44:47.690+0545] {logging_mixin.py:190} INFO - [2025-09-13T11:44:47.690+0545] {dag.py:4180} INFO - Setting next_dagrun for read_dataset_event to 2025-09-12 00:00:00+00:00, run_after=2025-09-13 00:00:00+00:00
[2025-09-13T11:44:47.692+0545] {logging_mixin.py:190} INFO - [2025-09-13T11:44:47.692+0545] {dag.py:4180} INFO - Setting next_dagrun for read_dataset_event_from_classic to 2025-09-12 00:00:00+00:00, run_after=2025-09-13 00:00:00+00:00
[2025-09-13T11:44:47.706+0545] {processor.py:208} INFO - Processing /home/ashok/miniconda3/envs/mysecondenvironment/lib/python3.8/site-packages/airflow/example_dags/example_inlet_event_extra.py took 0.049 seconds
[2025-09-13T11:45:44.516+0545] {processor.py:186} INFO - Started process (PID=123805) to work on /home/ashok/miniconda3/envs/mysecondenvironment/lib/python3.8/site-packages/airflow/example_dags/example_inlet_event_extra.py
[2025-09-13T11:45:44.517+0545] {processor.py:914} INFO - Processing file /home/ashok/miniconda3/envs/mysecondenvironment/lib/python3.8/site-packages/airflow/example_dags/example_inlet_event_extra.py for tasks to queue
[2025-09-13T11:45:44.519+0545] {logging_mixin.py:190} INFO - [2025-09-13T11:45:44.518+0545] {dagbag.py:588} INFO - Filling up the DagBag from /home/ashok/miniconda3/envs/mysecondenvironment/lib/python3.8/site-packages/airflow/example_dags/example_inlet_event_extra.py
[2025-09-13T11:45:44.525+0545] {processor.py:925} INFO - DAG(s) 'read_dataset_event', 'read_dataset_event_from_classic' retrieved from /home/ashok/miniconda3/envs/mysecondenvironment/lib/python3.8/site-packages/airflow/example_dags/example_inlet_event_extra.py
[2025-09-13T11:45:44.533+0545] {logging_mixin.py:190} INFO - [2025-09-13T11:45:44.533+0545] {dag.py:3239} INFO - Sync 2 DAGs
[2025-09-13T11:45:44.542+0545] {logging_mixin.py:190} INFO - [2025-09-13T11:45:44.542+0545] {dag.py:4180} INFO - Setting next_dagrun for read_dataset_event to 2025-09-12 00:00:00+00:00, run_after=2025-09-13 00:00:00+00:00
[2025-09-13T11:45:44.544+0545] {logging_mixin.py:190} INFO - [2025-09-13T11:45:44.544+0545] {dag.py:4180} INFO - Setting next_dagrun for read_dataset_event_from_classic to 2025-09-12 00:00:00+00:00, run_after=2025-09-13 00:00:00+00:00
[2025-09-13T11:45:44.559+0545] {processor.py:208} INFO - Processing /home/ashok/miniconda3/envs/mysecondenvironment/lib/python3.8/site-packages/airflow/example_dags/example_inlet_event_extra.py took 0.047 seconds
[2025-09-13T11:46:41.062+0545] {processor.py:186} INFO - Started process (PID=124368) to work on /home/ashok/miniconda3/envs/mysecondenvironment/lib/python3.8/site-packages/airflow/example_dags/example_inlet_event_extra.py
[2025-09-13T11:46:41.064+0545] {processor.py:914} INFO - Processing file /home/ashok/miniconda3/envs/mysecondenvironment/lib/python3.8/site-packages/airflow/example_dags/example_inlet_event_extra.py for tasks to queue
[2025-09-13T11:46:41.065+0545] {logging_mixin.py:190} INFO - [2025-09-13T11:46:41.065+0545] {dagbag.py:588} INFO - Filling up the DagBag from /home/ashok/miniconda3/envs/mysecondenvironment/lib/python3.8/site-packages/airflow/example_dags/example_inlet_event_extra.py
[2025-09-13T11:46:41.072+0545] {processor.py:925} INFO - DAG(s) 'read_dataset_event', 'read_dataset_event_from_classic' retrieved from /home/ashok/miniconda3/envs/mysecondenvironment/lib/python3.8/site-packages/airflow/example_dags/example_inlet_event_extra.py
[2025-09-13T11:46:41.080+0545] {logging_mixin.py:190} INFO - [2025-09-13T11:46:41.080+0545] {dag.py:3239} INFO - Sync 2 DAGs
[2025-09-13T11:46:41.089+0545] {logging_mixin.py:190} INFO - [2025-09-13T11:46:41.089+0545] {dag.py:4180} INFO - Setting next_dagrun for read_dataset_event to 2025-09-12 00:00:00+00:00, run_after=2025-09-13 00:00:00+00:00
[2025-09-13T11:46:41.090+0545] {logging_mixin.py:190} INFO - [2025-09-13T11:46:41.090+0545] {dag.py:4180} INFO - Setting next_dagrun for read_dataset_event_from_classic to 2025-09-12 00:00:00+00:00, run_after=2025-09-13 00:00:00+00:00
[2025-09-13T11:46:41.107+0545] {processor.py:208} INFO - Processing /home/ashok/miniconda3/envs/mysecondenvironment/lib/python3.8/site-packages/airflow/example_dags/example_inlet_event_extra.py took 0.049 seconds
