[2025-09-13T11:32:51.922+0545] {processor.py:186} INFO - Started process (PID=117056) to work on /home/ashok/miniconda3/envs/mysecondenvironment/lib/python3.8/site-packages/airflow/example_dags/example_sla_dag.py
[2025-09-13T11:32:51.922+0545] {processor.py:914} INFO - Processing file /home/ashok/miniconda3/envs/mysecondenvironment/lib/python3.8/site-packages/airflow/example_dags/example_sla_dag.py for tasks to queue
[2025-09-13T11:32:51.923+0545] {logging_mixin.py:190} INFO - [2025-09-13T11:32:51.923+0545] {dagbag.py:588} INFO - Filling up the DagBag from /home/ashok/miniconda3/envs/mysecondenvironment/lib/python3.8/site-packages/airflow/example_dags/example_sla_dag.py
[2025-09-13T11:32:51.928+0545] {processor.py:925} INFO - DAG(s) 'example_sla_dag' retrieved from /home/ashok/miniconda3/envs/mysecondenvironment/lib/python3.8/site-packages/airflow/example_dags/example_sla_dag.py
[2025-09-13T11:32:51.936+0545] {logging_mixin.py:190} INFO - [2025-09-13T11:32:51.936+0545] {dag.py:3239} INFO - Sync 1 DAGs
[2025-09-13T11:32:51.946+0545] {logging_mixin.py:190} INFO - [2025-09-13T11:32:51.946+0545] {dag.py:4180} INFO - Setting next_dagrun for example_sla_dag to 2025-09-13 05:44:00+00:00, run_after=2025-09-13 05:46:00+00:00
[2025-09-13T11:32:51.964+0545] {processor.py:208} INFO - Processing /home/ashok/miniconda3/envs/mysecondenvironment/lib/python3.8/site-packages/airflow/example_dags/example_sla_dag.py took 0.046 seconds
[2025-09-13T11:35:21.347+0545] {processor.py:186} INFO - Started process (PID=118224) to work on /home/ashok/miniconda3/envs/mysecondenvironment/lib/python3.8/site-packages/airflow/example_dags/example_sla_dag.py
[2025-09-13T11:35:21.349+0545] {processor.py:914} INFO - Processing file /home/ashok/miniconda3/envs/mysecondenvironment/lib/python3.8/site-packages/airflow/example_dags/example_sla_dag.py for tasks to queue
[2025-09-13T11:35:21.350+0545] {logging_mixin.py:190} INFO - [2025-09-13T11:35:21.350+0545] {dagbag.py:588} INFO - Filling up the DagBag from /home/ashok/miniconda3/envs/mysecondenvironment/lib/python3.8/site-packages/airflow/example_dags/example_sla_dag.py
[2025-09-13T11:35:21.355+0545] {processor.py:925} INFO - DAG(s) 'example_sla_dag' retrieved from /home/ashok/miniconda3/envs/mysecondenvironment/lib/python3.8/site-packages/airflow/example_dags/example_sla_dag.py
[2025-09-13T11:35:21.363+0545] {logging_mixin.py:190} INFO - [2025-09-13T11:35:21.363+0545] {dag.py:3239} INFO - Sync 1 DAGs
[2025-09-13T11:35:21.373+0545] {logging_mixin.py:190} INFO - [2025-09-13T11:35:21.373+0545] {dag.py:4180} INFO - Setting next_dagrun for example_sla_dag to 2025-09-13 05:48:00+00:00, run_after=2025-09-13 05:50:00+00:00
[2025-09-13T11:35:21.391+0545] {processor.py:208} INFO - Processing /home/ashok/miniconda3/envs/mysecondenvironment/lib/python3.8/site-packages/airflow/example_dags/example_sla_dag.py took 0.047 seconds
[2025-09-13T11:36:15.790+0545] {processor.py:186} INFO - Started process (PID=118593) to work on /home/ashok/miniconda3/envs/mysecondenvironment/lib/python3.8/site-packages/airflow/example_dags/example_sla_dag.py
[2025-09-13T11:36:15.791+0545] {processor.py:914} INFO - Processing file /home/ashok/miniconda3/envs/mysecondenvironment/lib/python3.8/site-packages/airflow/example_dags/example_sla_dag.py for tasks to queue
[2025-09-13T11:36:15.792+0545] {logging_mixin.py:190} INFO - [2025-09-13T11:36:15.792+0545] {dagbag.py:588} INFO - Filling up the DagBag from /home/ashok/miniconda3/envs/mysecondenvironment/lib/python3.8/site-packages/airflow/example_dags/example_sla_dag.py
[2025-09-13T11:36:15.798+0545] {processor.py:925} INFO - DAG(s) 'example_sla_dag' retrieved from /home/ashok/miniconda3/envs/mysecondenvironment/lib/python3.8/site-packages/airflow/example_dags/example_sla_dag.py
[2025-09-13T11:36:15.805+0545] {logging_mixin.py:190} INFO - [2025-09-13T11:36:15.805+0545] {dag.py:3239} INFO - Sync 1 DAGs
[2025-09-13T11:36:15.814+0545] {logging_mixin.py:190} INFO - [2025-09-13T11:36:15.814+0545] {dag.py:4180} INFO - Setting next_dagrun for example_sla_dag to 2025-09-13 05:48:00+00:00, run_after=2025-09-13 05:50:00+00:00
[2025-09-13T11:36:15.829+0545] {processor.py:208} INFO - Processing /home/ashok/miniconda3/envs/mysecondenvironment/lib/python3.8/site-packages/airflow/example_dags/example_sla_dag.py took 0.043 seconds
[2025-09-13T11:37:12.418+0545] {processor.py:186} INFO - Started process (PID=118942) to work on /home/ashok/miniconda3/envs/mysecondenvironment/lib/python3.8/site-packages/airflow/example_dags/example_sla_dag.py
[2025-09-13T11:37:12.419+0545] {processor.py:914} INFO - Processing file /home/ashok/miniconda3/envs/mysecondenvironment/lib/python3.8/site-packages/airflow/example_dags/example_sla_dag.py for tasks to queue
[2025-09-13T11:37:12.421+0545] {logging_mixin.py:190} INFO - [2025-09-13T11:37:12.421+0545] {dagbag.py:588} INFO - Filling up the DagBag from /home/ashok/miniconda3/envs/mysecondenvironment/lib/python3.8/site-packages/airflow/example_dags/example_sla_dag.py
[2025-09-13T11:37:12.428+0545] {processor.py:925} INFO - DAG(s) 'example_sla_dag' retrieved from /home/ashok/miniconda3/envs/mysecondenvironment/lib/python3.8/site-packages/airflow/example_dags/example_sla_dag.py
[2025-09-13T11:37:12.436+0545] {logging_mixin.py:190} INFO - [2025-09-13T11:37:12.436+0545] {dag.py:3239} INFO - Sync 1 DAGs
[2025-09-13T11:37:12.448+0545] {logging_mixin.py:190} INFO - [2025-09-13T11:37:12.448+0545] {dag.py:4180} INFO - Setting next_dagrun for example_sla_dag to 2025-09-13 05:50:00+00:00, run_after=2025-09-13 05:52:00+00:00
[2025-09-13T11:37:12.465+0545] {processor.py:208} INFO - Processing /home/ashok/miniconda3/envs/mysecondenvironment/lib/python3.8/site-packages/airflow/example_dags/example_sla_dag.py took 0.051 seconds
[2025-09-13T11:38:07.796+0545] {processor.py:186} INFO - Started process (PID=119299) to work on /home/ashok/miniconda3/envs/mysecondenvironment/lib/python3.8/site-packages/airflow/example_dags/example_sla_dag.py
[2025-09-13T11:38:07.798+0545] {processor.py:914} INFO - Processing file /home/ashok/miniconda3/envs/mysecondenvironment/lib/python3.8/site-packages/airflow/example_dags/example_sla_dag.py for tasks to queue
[2025-09-13T11:38:07.799+0545] {logging_mixin.py:190} INFO - [2025-09-13T11:38:07.799+0545] {dagbag.py:588} INFO - Filling up the DagBag from /home/ashok/miniconda3/envs/mysecondenvironment/lib/python3.8/site-packages/airflow/example_dags/example_sla_dag.py
[2025-09-13T11:38:07.806+0545] {processor.py:925} INFO - DAG(s) 'example_sla_dag' retrieved from /home/ashok/miniconda3/envs/mysecondenvironment/lib/python3.8/site-packages/airflow/example_dags/example_sla_dag.py
[2025-09-13T11:38:07.813+0545] {logging_mixin.py:190} INFO - [2025-09-13T11:38:07.813+0545] {dag.py:3239} INFO - Sync 1 DAGs
[2025-09-13T11:38:07.827+0545] {logging_mixin.py:190} INFO - [2025-09-13T11:38:07.826+0545] {dag.py:4180} INFO - Setting next_dagrun for example_sla_dag to 2025-09-13 05:50:00+00:00, run_after=2025-09-13 05:52:00+00:00
[2025-09-13T11:38:07.844+0545] {processor.py:208} INFO - Processing /home/ashok/miniconda3/envs/mysecondenvironment/lib/python3.8/site-packages/airflow/example_dags/example_sla_dag.py took 0.051 seconds
[2025-09-13T11:39:05.033+0545] {processor.py:186} INFO - Started process (PID=119668) to work on /home/ashok/miniconda3/envs/mysecondenvironment/lib/python3.8/site-packages/airflow/example_dags/example_sla_dag.py
[2025-09-13T11:39:05.035+0545] {processor.py:914} INFO - Processing file /home/ashok/miniconda3/envs/mysecondenvironment/lib/python3.8/site-packages/airflow/example_dags/example_sla_dag.py for tasks to queue
[2025-09-13T11:39:05.036+0545] {logging_mixin.py:190} INFO - [2025-09-13T11:39:05.036+0545] {dagbag.py:588} INFO - Filling up the DagBag from /home/ashok/miniconda3/envs/mysecondenvironment/lib/python3.8/site-packages/airflow/example_dags/example_sla_dag.py
[2025-09-13T11:39:05.044+0545] {processor.py:925} INFO - DAG(s) 'example_sla_dag' retrieved from /home/ashok/miniconda3/envs/mysecondenvironment/lib/python3.8/site-packages/airflow/example_dags/example_sla_dag.py
[2025-09-13T11:39:05.054+0545] {logging_mixin.py:190} INFO - [2025-09-13T11:39:05.054+0545] {dag.py:3239} INFO - Sync 1 DAGs
[2025-09-13T11:39:05.066+0545] {logging_mixin.py:190} INFO - [2025-09-13T11:39:05.066+0545] {dag.py:4180} INFO - Setting next_dagrun for example_sla_dag to 2025-09-13 05:52:00+00:00, run_after=2025-09-13 05:54:00+00:00
[2025-09-13T11:39:05.080+0545] {processor.py:208} INFO - Processing /home/ashok/miniconda3/envs/mysecondenvironment/lib/python3.8/site-packages/airflow/example_dags/example_sla_dag.py took 0.051 seconds
[2025-09-13T11:40:01.385+0545] {processor.py:186} INFO - Started process (PID=120031) to work on /home/ashok/miniconda3/envs/mysecondenvironment/lib/python3.8/site-packages/airflow/example_dags/example_sla_dag.py
[2025-09-13T11:40:01.386+0545] {processor.py:914} INFO - Processing file /home/ashok/miniconda3/envs/mysecondenvironment/lib/python3.8/site-packages/airflow/example_dags/example_sla_dag.py for tasks to queue
[2025-09-13T11:40:01.388+0545] {logging_mixin.py:190} INFO - [2025-09-13T11:40:01.388+0545] {dagbag.py:588} INFO - Filling up the DagBag from /home/ashok/miniconda3/envs/mysecondenvironment/lib/python3.8/site-packages/airflow/example_dags/example_sla_dag.py
[2025-09-13T11:40:01.395+0545] {processor.py:925} INFO - DAG(s) 'example_sla_dag' retrieved from /home/ashok/miniconda3/envs/mysecondenvironment/lib/python3.8/site-packages/airflow/example_dags/example_sla_dag.py
[2025-09-13T11:40:01.403+0545] {logging_mixin.py:190} INFO - [2025-09-13T11:40:01.402+0545] {dag.py:3239} INFO - Sync 1 DAGs
[2025-09-13T11:40:01.413+0545] {logging_mixin.py:190} INFO - [2025-09-13T11:40:01.413+0545] {dag.py:4180} INFO - Setting next_dagrun for example_sla_dag to 2025-09-13 05:52:00+00:00, run_after=2025-09-13 05:54:00+00:00
[2025-09-13T11:40:01.431+0545] {processor.py:208} INFO - Processing /home/ashok/miniconda3/envs/mysecondenvironment/lib/python3.8/site-packages/airflow/example_dags/example_sla_dag.py took 0.049 seconds
[2025-09-13T11:40:54.474+0545] {processor.py:186} INFO - Started process (PID=120376) to work on /home/ashok/miniconda3/envs/mysecondenvironment/lib/python3.8/site-packages/airflow/example_dags/example_sla_dag.py
[2025-09-13T11:40:54.476+0545] {processor.py:914} INFO - Processing file /home/ashok/miniconda3/envs/mysecondenvironment/lib/python3.8/site-packages/airflow/example_dags/example_sla_dag.py for tasks to queue
[2025-09-13T11:40:54.477+0545] {logging_mixin.py:190} INFO - [2025-09-13T11:40:54.477+0545] {dagbag.py:588} INFO - Filling up the DagBag from /home/ashok/miniconda3/envs/mysecondenvironment/lib/python3.8/site-packages/airflow/example_dags/example_sla_dag.py
[2025-09-13T11:40:54.483+0545] {processor.py:925} INFO - DAG(s) 'example_sla_dag' retrieved from /home/ashok/miniconda3/envs/mysecondenvironment/lib/python3.8/site-packages/airflow/example_dags/example_sla_dag.py
[2025-09-13T11:40:54.490+0545] {logging_mixin.py:190} INFO - [2025-09-13T11:40:54.490+0545] {dag.py:3239} INFO - Sync 1 DAGs
[2025-09-13T11:40:54.499+0545] {logging_mixin.py:190} INFO - [2025-09-13T11:40:54.499+0545] {dag.py:4180} INFO - Setting next_dagrun for example_sla_dag to 2025-09-13 05:52:00+00:00, run_after=2025-09-13 05:54:00+00:00
[2025-09-13T11:40:54.517+0545] {processor.py:208} INFO - Processing /home/ashok/miniconda3/envs/mysecondenvironment/lib/python3.8/site-packages/airflow/example_dags/example_sla_dag.py took 0.047 seconds
[2025-09-13T11:42:09.948+0545] {processor.py:186} INFO - Started process (PID=120998) to work on /home/ashok/miniconda3/envs/mysecondenvironment/lib/python3.8/site-packages/airflow/example_dags/example_sla_dag.py
[2025-09-13T11:42:09.949+0545] {processor.py:914} INFO - Processing file /home/ashok/miniconda3/envs/mysecondenvironment/lib/python3.8/site-packages/airflow/example_dags/example_sla_dag.py for tasks to queue
[2025-09-13T11:42:09.951+0545] {logging_mixin.py:190} INFO - [2025-09-13T11:42:09.950+0545] {dagbag.py:588} INFO - Filling up the DagBag from /home/ashok/miniconda3/envs/mysecondenvironment/lib/python3.8/site-packages/airflow/example_dags/example_sla_dag.py
[2025-09-13T11:42:09.959+0545] {processor.py:925} INFO - DAG(s) 'example_sla_dag' retrieved from /home/ashok/miniconda3/envs/mysecondenvironment/lib/python3.8/site-packages/airflow/example_dags/example_sla_dag.py
[2025-09-13T11:42:09.968+0545] {logging_mixin.py:190} INFO - [2025-09-13T11:42:09.968+0545] {dag.py:3239} INFO - Sync 1 DAGs
[2025-09-13T11:42:09.979+0545] {logging_mixin.py:190} INFO - [2025-09-13T11:42:09.979+0545] {dag.py:4180} INFO - Setting next_dagrun for example_sla_dag to 2025-09-13 05:54:00+00:00, run_after=2025-09-13 05:56:00+00:00
[2025-09-13T11:42:09.995+0545] {processor.py:208} INFO - Processing /home/ashok/miniconda3/envs/mysecondenvironment/lib/python3.8/site-packages/airflow/example_dags/example_sla_dag.py took 0.052 seconds
[2025-09-13T11:44:26.333+0545] {processor.py:186} INFO - Started process (PID=123240) to work on /home/ashok/miniconda3/envs/mysecondenvironment/lib/python3.8/site-packages/airflow/example_dags/example_sla_dag.py
[2025-09-13T11:44:26.335+0545] {processor.py:914} INFO - Processing file /home/ashok/miniconda3/envs/mysecondenvironment/lib/python3.8/site-packages/airflow/example_dags/example_sla_dag.py for tasks to queue
[2025-09-13T11:44:26.336+0545] {logging_mixin.py:190} INFO - [2025-09-13T11:44:26.336+0545] {dagbag.py:588} INFO - Filling up the DagBag from /home/ashok/miniconda3/envs/mysecondenvironment/lib/python3.8/site-packages/airflow/example_dags/example_sla_dag.py
[2025-09-13T11:44:26.344+0545] {processor.py:925} INFO - DAG(s) 'example_sla_dag' retrieved from /home/ashok/miniconda3/envs/mysecondenvironment/lib/python3.8/site-packages/airflow/example_dags/example_sla_dag.py
[2025-09-13T11:44:26.356+0545] {logging_mixin.py:190} INFO - [2025-09-13T11:44:26.356+0545] {dag.py:3239} INFO - Sync 1 DAGs
[2025-09-13T11:44:26.368+0545] {logging_mixin.py:190} INFO - [2025-09-13T11:44:26.368+0545] {dag.py:4180} INFO - Setting next_dagrun for example_sla_dag to 2025-09-13 05:56:00+00:00, run_after=2025-09-13 05:58:00+00:00
[2025-09-13T11:44:26.383+0545] {processor.py:208} INFO - Processing /home/ashok/miniconda3/envs/mysecondenvironment/lib/python3.8/site-packages/airflow/example_dags/example_sla_dag.py took 0.056 seconds
[2025-09-13T11:45:23.925+0545] {processor.py:186} INFO - Started process (PID=123667) to work on /home/ashok/miniconda3/envs/mysecondenvironment/lib/python3.8/site-packages/airflow/example_dags/example_sla_dag.py
[2025-09-13T11:45:23.927+0545] {processor.py:914} INFO - Processing file /home/ashok/miniconda3/envs/mysecondenvironment/lib/python3.8/site-packages/airflow/example_dags/example_sla_dag.py for tasks to queue
[2025-09-13T11:45:23.928+0545] {logging_mixin.py:190} INFO - [2025-09-13T11:45:23.927+0545] {dagbag.py:588} INFO - Filling up the DagBag from /home/ashok/miniconda3/envs/mysecondenvironment/lib/python3.8/site-packages/airflow/example_dags/example_sla_dag.py
[2025-09-13T11:45:23.934+0545] {processor.py:925} INFO - DAG(s) 'example_sla_dag' retrieved from /home/ashok/miniconda3/envs/mysecondenvironment/lib/python3.8/site-packages/airflow/example_dags/example_sla_dag.py
[2025-09-13T11:45:23.941+0545] {logging_mixin.py:190} INFO - [2025-09-13T11:45:23.941+0545] {dag.py:3239} INFO - Sync 1 DAGs
[2025-09-13T11:45:23.951+0545] {logging_mixin.py:190} INFO - [2025-09-13T11:45:23.951+0545] {dag.py:4180} INFO - Setting next_dagrun for example_sla_dag to 2025-09-13 05:58:00+00:00, run_after=2025-09-13 06:00:00+00:00
[2025-09-13T11:45:23.969+0545] {processor.py:208} INFO - Processing /home/ashok/miniconda3/envs/mysecondenvironment/lib/python3.8/site-packages/airflow/example_dags/example_sla_dag.py took 0.048 seconds
[2025-09-13T11:46:19.322+0545] {processor.py:186} INFO - Started process (PID=124207) to work on /home/ashok/miniconda3/envs/mysecondenvironment/lib/python3.8/site-packages/airflow/example_dags/example_sla_dag.py
[2025-09-13T11:46:19.324+0545] {processor.py:914} INFO - Processing file /home/ashok/miniconda3/envs/mysecondenvironment/lib/python3.8/site-packages/airflow/example_dags/example_sla_dag.py for tasks to queue
[2025-09-13T11:46:19.325+0545] {logging_mixin.py:190} INFO - [2025-09-13T11:46:19.325+0545] {dagbag.py:588} INFO - Filling up the DagBag from /home/ashok/miniconda3/envs/mysecondenvironment/lib/python3.8/site-packages/airflow/example_dags/example_sla_dag.py
[2025-09-13T11:46:19.332+0545] {processor.py:925} INFO - DAG(s) 'example_sla_dag' retrieved from /home/ashok/miniconda3/envs/mysecondenvironment/lib/python3.8/site-packages/airflow/example_dags/example_sla_dag.py
[2025-09-13T11:46:19.341+0545] {logging_mixin.py:190} INFO - [2025-09-13T11:46:19.341+0545] {dag.py:3239} INFO - Sync 1 DAGs
[2025-09-13T11:46:19.351+0545] {logging_mixin.py:190} INFO - [2025-09-13T11:46:19.351+0545] {dag.py:4180} INFO - Setting next_dagrun for example_sla_dag to 2025-09-13 05:58:00+00:00, run_after=2025-09-13 06:00:00+00:00
[2025-09-13T11:46:19.366+0545] {processor.py:208} INFO - Processing /home/ashok/miniconda3/envs/mysecondenvironment/lib/python3.8/site-packages/airflow/example_dags/example_sla_dag.py took 0.048 seconds
[2025-09-13T11:47:10.806+0545] {processor.py:186} INFO - Started process (PID=124728) to work on /home/ashok/miniconda3/envs/mysecondenvironment/lib/python3.8/site-packages/airflow/example_dags/example_sla_dag.py
[2025-09-13T11:47:10.808+0545] {processor.py:914} INFO - Processing file /home/ashok/miniconda3/envs/mysecondenvironment/lib/python3.8/site-packages/airflow/example_dags/example_sla_dag.py for tasks to queue
[2025-09-13T11:47:10.809+0545] {logging_mixin.py:190} INFO - [2025-09-13T11:47:10.809+0545] {dagbag.py:588} INFO - Filling up the DagBag from /home/ashok/miniconda3/envs/mysecondenvironment/lib/python3.8/site-packages/airflow/example_dags/example_sla_dag.py
[2025-09-13T11:47:10.815+0545] {processor.py:925} INFO - DAG(s) 'example_sla_dag' retrieved from /home/ashok/miniconda3/envs/mysecondenvironment/lib/python3.8/site-packages/airflow/example_dags/example_sla_dag.py
[2025-09-13T11:47:10.825+0545] {logging_mixin.py:190} INFO - [2025-09-13T11:47:10.824+0545] {dag.py:3239} INFO - Sync 1 DAGs
[2025-09-13T11:47:10.836+0545] {logging_mixin.py:190} INFO - [2025-09-13T11:47:10.836+0545] {dag.py:4180} INFO - Setting next_dagrun for example_sla_dag to 2025-09-13 06:00:00+00:00, run_after=2025-09-13 06:02:00+00:00
[2025-09-13T11:47:10.852+0545] {processor.py:208} INFO - Processing /home/ashok/miniconda3/envs/mysecondenvironment/lib/python3.8/site-packages/airflow/example_dags/example_sla_dag.py took 0.049 seconds
