[2025-09-13T11:32:37.514+0545] {processor.py:186} INFO - Started process (PID=116532) to work on /home/ashok/miniconda3/envs/mysecondenvironment/lib/python3.8/site-packages/airflow/example_dags/tutorial_taskflow_templates.py
[2025-09-13T11:32:37.514+0545] {processor.py:914} INFO - Processing file /home/ashok/miniconda3/envs/mysecondenvironment/lib/python3.8/site-packages/airflow/example_dags/tutorial_taskflow_templates.py for tasks to queue
[2025-09-13T11:32:37.515+0545] {logging_mixin.py:190} INFO - [2025-09-13T11:32:37.515+0545] {dagbag.py:588} INFO - Filling up the DagBag from /home/ashok/miniconda3/envs/mysecondenvironment/lib/python3.8/site-packages/airflow/example_dags/tutorial_taskflow_templates.py
[2025-09-13T11:32:37.525+0545] {processor.py:925} INFO - DAG(s) 'tutorial_taskflow_templates' retrieved from /home/ashok/miniconda3/envs/mysecondenvironment/lib/python3.8/site-packages/airflow/example_dags/tutorial_taskflow_templates.py
[2025-09-13T11:32:37.535+0545] {logging_mixin.py:190} INFO - [2025-09-13T11:32:37.535+0545] {dag.py:3239} INFO - Sync 1 DAGs
[2025-09-13T11:32:37.544+0545] {logging_mixin.py:190} INFO - [2025-09-13T11:32:37.544+0545] {dag.py:4180} INFO - Setting next_dagrun for tutorial_taskflow_templates to 2025-09-12 00:00:00+00:00, run_after=2025-09-13 00:00:00+00:00
[2025-09-13T11:32:37.563+0545] {processor.py:208} INFO - Processing /home/ashok/miniconda3/envs/mysecondenvironment/lib/python3.8/site-packages/airflow/example_dags/tutorial_taskflow_templates.py took 0.053 seconds
[2025-09-13T11:35:04.916+0545] {processor.py:186} INFO - Started process (PID=118021) to work on /home/ashok/miniconda3/envs/mysecondenvironment/lib/python3.8/site-packages/airflow/example_dags/tutorial_taskflow_templates.py
[2025-09-13T11:35:04.918+0545] {processor.py:914} INFO - Processing file /home/ashok/miniconda3/envs/mysecondenvironment/lib/python3.8/site-packages/airflow/example_dags/tutorial_taskflow_templates.py for tasks to queue
[2025-09-13T11:35:04.919+0545] {logging_mixin.py:190} INFO - [2025-09-13T11:35:04.919+0545] {dagbag.py:588} INFO - Filling up the DagBag from /home/ashok/miniconda3/envs/mysecondenvironment/lib/python3.8/site-packages/airflow/example_dags/tutorial_taskflow_templates.py
[2025-09-13T11:35:04.928+0545] {processor.py:925} INFO - DAG(s) 'tutorial_taskflow_templates' retrieved from /home/ashok/miniconda3/envs/mysecondenvironment/lib/python3.8/site-packages/airflow/example_dags/tutorial_taskflow_templates.py
[2025-09-13T11:35:04.945+0545] {logging_mixin.py:190} INFO - [2025-09-13T11:35:04.944+0545] {dag.py:3239} INFO - Sync 1 DAGs
[2025-09-13T11:35:04.957+0545] {logging_mixin.py:190} INFO - [2025-09-13T11:35:04.956+0545] {dag.py:4180} INFO - Setting next_dagrun for tutorial_taskflow_templates to 2025-09-12 00:00:00+00:00, run_after=2025-09-13 00:00:00+00:00
[2025-09-13T11:35:04.974+0545] {processor.py:208} INFO - Processing /home/ashok/miniconda3/envs/mysecondenvironment/lib/python3.8/site-packages/airflow/example_dags/tutorial_taskflow_templates.py took 0.063 seconds
[2025-09-13T11:36:00.352+0545] {processor.py:186} INFO - Started process (PID=118497) to work on /home/ashok/miniconda3/envs/mysecondenvironment/lib/python3.8/site-packages/airflow/example_dags/tutorial_taskflow_templates.py
[2025-09-13T11:36:00.354+0545] {processor.py:914} INFO - Processing file /home/ashok/miniconda3/envs/mysecondenvironment/lib/python3.8/site-packages/airflow/example_dags/tutorial_taskflow_templates.py for tasks to queue
[2025-09-13T11:36:00.356+0545] {logging_mixin.py:190} INFO - [2025-09-13T11:36:00.356+0545] {dagbag.py:588} INFO - Filling up the DagBag from /home/ashok/miniconda3/envs/mysecondenvironment/lib/python3.8/site-packages/airflow/example_dags/tutorial_taskflow_templates.py
[2025-09-13T11:36:00.362+0545] {processor.py:925} INFO - DAG(s) 'tutorial_taskflow_templates' retrieved from /home/ashok/miniconda3/envs/mysecondenvironment/lib/python3.8/site-packages/airflow/example_dags/tutorial_taskflow_templates.py
[2025-09-13T11:36:00.370+0545] {logging_mixin.py:190} INFO - [2025-09-13T11:36:00.370+0545] {dag.py:3239} INFO - Sync 1 DAGs
[2025-09-13T11:36:00.379+0545] {logging_mixin.py:190} INFO - [2025-09-13T11:36:00.379+0545] {dag.py:4180} INFO - Setting next_dagrun for tutorial_taskflow_templates to 2025-09-12 00:00:00+00:00, run_after=2025-09-13 00:00:00+00:00
[2025-09-13T11:36:00.398+0545] {processor.py:208} INFO - Processing /home/ashok/miniconda3/envs/mysecondenvironment/lib/python3.8/site-packages/airflow/example_dags/tutorial_taskflow_templates.py took 0.049 seconds
[2025-09-13T11:36:52.775+0545] {processor.py:186} INFO - Started process (PID=118830) to work on /home/ashok/miniconda3/envs/mysecondenvironment/lib/python3.8/site-packages/airflow/example_dags/tutorial_taskflow_templates.py
[2025-09-13T11:36:52.776+0545] {processor.py:914} INFO - Processing file /home/ashok/miniconda3/envs/mysecondenvironment/lib/python3.8/site-packages/airflow/example_dags/tutorial_taskflow_templates.py for tasks to queue
[2025-09-13T11:36:52.778+0545] {logging_mixin.py:190} INFO - [2025-09-13T11:36:52.778+0545] {dagbag.py:588} INFO - Filling up the DagBag from /home/ashok/miniconda3/envs/mysecondenvironment/lib/python3.8/site-packages/airflow/example_dags/tutorial_taskflow_templates.py
[2025-09-13T11:36:52.784+0545] {processor.py:925} INFO - DAG(s) 'tutorial_taskflow_templates' retrieved from /home/ashok/miniconda3/envs/mysecondenvironment/lib/python3.8/site-packages/airflow/example_dags/tutorial_taskflow_templates.py
[2025-09-13T11:36:52.792+0545] {logging_mixin.py:190} INFO - [2025-09-13T11:36:52.792+0545] {dag.py:3239} INFO - Sync 1 DAGs
[2025-09-13T11:36:52.801+0545] {logging_mixin.py:190} INFO - [2025-09-13T11:36:52.801+0545] {dag.py:4180} INFO - Setting next_dagrun for tutorial_taskflow_templates to 2025-09-12 00:00:00+00:00, run_after=2025-09-13 00:00:00+00:00
[2025-09-13T11:36:52.820+0545] {processor.py:208} INFO - Processing /home/ashok/miniconda3/envs/mysecondenvironment/lib/python3.8/site-packages/airflow/example_dags/tutorial_taskflow_templates.py took 0.049 seconds
[2025-09-13T11:37:48.360+0545] {processor.py:186} INFO - Started process (PID=119175) to work on /home/ashok/miniconda3/envs/mysecondenvironment/lib/python3.8/site-packages/airflow/example_dags/tutorial_taskflow_templates.py
[2025-09-13T11:37:48.361+0545] {processor.py:914} INFO - Processing file /home/ashok/miniconda3/envs/mysecondenvironment/lib/python3.8/site-packages/airflow/example_dags/tutorial_taskflow_templates.py for tasks to queue
[2025-09-13T11:37:48.363+0545] {logging_mixin.py:190} INFO - [2025-09-13T11:37:48.363+0545] {dagbag.py:588} INFO - Filling up the DagBag from /home/ashok/miniconda3/envs/mysecondenvironment/lib/python3.8/site-packages/airflow/example_dags/tutorial_taskflow_templates.py
[2025-09-13T11:37:48.370+0545] {processor.py:925} INFO - DAG(s) 'tutorial_taskflow_templates' retrieved from /home/ashok/miniconda3/envs/mysecondenvironment/lib/python3.8/site-packages/airflow/example_dags/tutorial_taskflow_templates.py
[2025-09-13T11:37:48.378+0545] {logging_mixin.py:190} INFO - [2025-09-13T11:37:48.378+0545] {dag.py:3239} INFO - Sync 1 DAGs
[2025-09-13T11:37:48.388+0545] {logging_mixin.py:190} INFO - [2025-09-13T11:37:48.388+0545] {dag.py:4180} INFO - Setting next_dagrun for tutorial_taskflow_templates to 2025-09-12 00:00:00+00:00, run_after=2025-09-13 00:00:00+00:00
[2025-09-13T11:37:48.403+0545] {processor.py:208} INFO - Processing /home/ashok/miniconda3/envs/mysecondenvironment/lib/python3.8/site-packages/airflow/example_dags/tutorial_taskflow_templates.py took 0.047 seconds
[2025-09-13T11:38:44.443+0545] {processor.py:186} INFO - Started process (PID=119534) to work on /home/ashok/miniconda3/envs/mysecondenvironment/lib/python3.8/site-packages/airflow/example_dags/tutorial_taskflow_templates.py
[2025-09-13T11:38:44.444+0545] {processor.py:914} INFO - Processing file /home/ashok/miniconda3/envs/mysecondenvironment/lib/python3.8/site-packages/airflow/example_dags/tutorial_taskflow_templates.py for tasks to queue
[2025-09-13T11:38:44.446+0545] {logging_mixin.py:190} INFO - [2025-09-13T11:38:44.446+0545] {dagbag.py:588} INFO - Filling up the DagBag from /home/ashok/miniconda3/envs/mysecondenvironment/lib/python3.8/site-packages/airflow/example_dags/tutorial_taskflow_templates.py
[2025-09-13T11:38:44.454+0545] {processor.py:925} INFO - DAG(s) 'tutorial_taskflow_templates' retrieved from /home/ashok/miniconda3/envs/mysecondenvironment/lib/python3.8/site-packages/airflow/example_dags/tutorial_taskflow_templates.py
[2025-09-13T11:38:44.462+0545] {logging_mixin.py:190} INFO - [2025-09-13T11:38:44.462+0545] {dag.py:3239} INFO - Sync 1 DAGs
[2025-09-13T11:38:44.472+0545] {logging_mixin.py:190} INFO - [2025-09-13T11:38:44.472+0545] {dag.py:4180} INFO - Setting next_dagrun for tutorial_taskflow_templates to 2025-09-12 00:00:00+00:00, run_after=2025-09-13 00:00:00+00:00
[2025-09-13T11:38:44.487+0545] {processor.py:208} INFO - Processing /home/ashok/miniconda3/envs/mysecondenvironment/lib/python3.8/site-packages/airflow/example_dags/tutorial_taskflow_templates.py took 0.047 seconds
[2025-09-13T11:39:41.949+0545] {processor.py:186} INFO - Started process (PID=119911) to work on /home/ashok/miniconda3/envs/mysecondenvironment/lib/python3.8/site-packages/airflow/example_dags/tutorial_taskflow_templates.py
[2025-09-13T11:39:41.950+0545] {processor.py:914} INFO - Processing file /home/ashok/miniconda3/envs/mysecondenvironment/lib/python3.8/site-packages/airflow/example_dags/tutorial_taskflow_templates.py for tasks to queue
[2025-09-13T11:39:41.951+0545] {logging_mixin.py:190} INFO - [2025-09-13T11:39:41.951+0545] {dagbag.py:588} INFO - Filling up the DagBag from /home/ashok/miniconda3/envs/mysecondenvironment/lib/python3.8/site-packages/airflow/example_dags/tutorial_taskflow_templates.py
[2025-09-13T11:39:41.960+0545] {processor.py:925} INFO - DAG(s) 'tutorial_taskflow_templates' retrieved from /home/ashok/miniconda3/envs/mysecondenvironment/lib/python3.8/site-packages/airflow/example_dags/tutorial_taskflow_templates.py
[2025-09-13T11:39:41.969+0545] {logging_mixin.py:190} INFO - [2025-09-13T11:39:41.969+0545] {dag.py:3239} INFO - Sync 1 DAGs
[2025-09-13T11:39:41.978+0545] {logging_mixin.py:190} INFO - [2025-09-13T11:39:41.978+0545] {dag.py:4180} INFO - Setting next_dagrun for tutorial_taskflow_templates to 2025-09-12 00:00:00+00:00, run_after=2025-09-13 00:00:00+00:00
[2025-09-13T11:39:41.994+0545] {processor.py:208} INFO - Processing /home/ashok/miniconda3/envs/mysecondenvironment/lib/python3.8/site-packages/airflow/example_dags/tutorial_taskflow_templates.py took 0.049 seconds
[2025-09-13T11:40:34.546+0545] {processor.py:186} INFO - Started process (PID=120238) to work on /home/ashok/miniconda3/envs/mysecondenvironment/lib/python3.8/site-packages/airflow/example_dags/tutorial_taskflow_templates.py
[2025-09-13T11:40:34.548+0545] {processor.py:914} INFO - Processing file /home/ashok/miniconda3/envs/mysecondenvironment/lib/python3.8/site-packages/airflow/example_dags/tutorial_taskflow_templates.py for tasks to queue
[2025-09-13T11:40:34.549+0545] {logging_mixin.py:190} INFO - [2025-09-13T11:40:34.549+0545] {dagbag.py:588} INFO - Filling up the DagBag from /home/ashok/miniconda3/envs/mysecondenvironment/lib/python3.8/site-packages/airflow/example_dags/tutorial_taskflow_templates.py
[2025-09-13T11:40:34.556+0545] {processor.py:925} INFO - DAG(s) 'tutorial_taskflow_templates' retrieved from /home/ashok/miniconda3/envs/mysecondenvironment/lib/python3.8/site-packages/airflow/example_dags/tutorial_taskflow_templates.py
[2025-09-13T11:40:34.564+0545] {logging_mixin.py:190} INFO - [2025-09-13T11:40:34.564+0545] {dag.py:3239} INFO - Sync 1 DAGs
[2025-09-13T11:40:34.573+0545] {logging_mixin.py:190} INFO - [2025-09-13T11:40:34.573+0545] {dag.py:4180} INFO - Setting next_dagrun for tutorial_taskflow_templates to 2025-09-12 00:00:00+00:00, run_after=2025-09-13 00:00:00+00:00
[2025-09-13T11:40:34.590+0545] {processor.py:208} INFO - Processing /home/ashok/miniconda3/envs/mysecondenvironment/lib/python3.8/site-packages/airflow/example_dags/tutorial_taskflow_templates.py took 0.047 seconds
[2025-09-13T11:41:29.912+0545] {processor.py:186} INFO - Started process (PID=120611) to work on /home/ashok/miniconda3/envs/mysecondenvironment/lib/python3.8/site-packages/airflow/example_dags/tutorial_taskflow_templates.py
[2025-09-13T11:41:29.913+0545] {processor.py:914} INFO - Processing file /home/ashok/miniconda3/envs/mysecondenvironment/lib/python3.8/site-packages/airflow/example_dags/tutorial_taskflow_templates.py for tasks to queue
[2025-09-13T11:41:29.914+0545] {logging_mixin.py:190} INFO - [2025-09-13T11:41:29.914+0545] {dagbag.py:588} INFO - Filling up the DagBag from /home/ashok/miniconda3/envs/mysecondenvironment/lib/python3.8/site-packages/airflow/example_dags/tutorial_taskflow_templates.py
[2025-09-13T11:41:29.921+0545] {processor.py:925} INFO - DAG(s) 'tutorial_taskflow_templates' retrieved from /home/ashok/miniconda3/envs/mysecondenvironment/lib/python3.8/site-packages/airflow/example_dags/tutorial_taskflow_templates.py
[2025-09-13T11:41:29.930+0545] {logging_mixin.py:190} INFO - [2025-09-13T11:41:29.930+0545] {dag.py:3239} INFO - Sync 1 DAGs
[2025-09-13T11:41:29.939+0545] {logging_mixin.py:190} INFO - [2025-09-13T11:41:29.939+0545] {dag.py:4180} INFO - Setting next_dagrun for tutorial_taskflow_templates to 2025-09-12 00:00:00+00:00, run_after=2025-09-13 00:00:00+00:00
[2025-09-13T11:41:29.954+0545] {processor.py:208} INFO - Processing /home/ashok/miniconda3/envs/mysecondenvironment/lib/python3.8/site-packages/airflow/example_dags/tutorial_taskflow_templates.py took 0.046 seconds
[2025-09-13T11:41:55.657+0545] {processor.py:186} INFO - Started process (PID=120909) to work on /home/ashok/miniconda3/envs/mysecondenvironment/lib/python3.8/site-packages/airflow/example_dags/tutorial_taskflow_templates.py
[2025-09-13T11:41:55.657+0545] {processor.py:914} INFO - Processing file /home/ashok/miniconda3/envs/mysecondenvironment/lib/python3.8/site-packages/airflow/example_dags/tutorial_taskflow_templates.py for tasks to queue
[2025-09-13T11:41:55.658+0545] {logging_mixin.py:190} INFO - [2025-09-13T11:41:55.658+0545] {dagbag.py:588} INFO - Filling up the DagBag from /home/ashok/miniconda3/envs/mysecondenvironment/lib/python3.8/site-packages/airflow/example_dags/tutorial_taskflow_templates.py
[2025-09-13T11:41:55.665+0545] {processor.py:925} INFO - DAG(s) 'tutorial_taskflow_templates' retrieved from /home/ashok/miniconda3/envs/mysecondenvironment/lib/python3.8/site-packages/airflow/example_dags/tutorial_taskflow_templates.py
[2025-09-13T11:41:55.675+0545] {logging_mixin.py:190} INFO - [2025-09-13T11:41:55.675+0545] {dag.py:3239} INFO - Sync 1 DAGs
[2025-09-13T11:41:55.684+0545] {logging_mixin.py:190} INFO - [2025-09-13T11:41:55.684+0545] {dag.py:4180} INFO - Setting next_dagrun for tutorial_taskflow_templates to 2025-09-12 00:00:00+00:00, run_after=2025-09-13 00:00:00+00:00
[2025-09-13T11:41:55.702+0545] {processor.py:208} INFO - Processing /home/ashok/miniconda3/envs/mysecondenvironment/lib/python3.8/site-packages/airflow/example_dags/tutorial_taskflow_templates.py took 0.049 seconds
[2025-09-13T11:42:58.821+0545] {processor.py:186} INFO - Started process (PID=121482) to work on /home/ashok/miniconda3/envs/mysecondenvironment/lib/python3.8/site-packages/airflow/example_dags/tutorial_taskflow_templates.py
[2025-09-13T11:42:58.822+0545] {processor.py:914} INFO - Processing file /home/ashok/miniconda3/envs/mysecondenvironment/lib/python3.8/site-packages/airflow/example_dags/tutorial_taskflow_templates.py for tasks to queue
[2025-09-13T11:42:58.824+0545] {logging_mixin.py:190} INFO - [2025-09-13T11:42:58.823+0545] {dagbag.py:588} INFO - Filling up the DagBag from /home/ashok/miniconda3/envs/mysecondenvironment/lib/python3.8/site-packages/airflow/example_dags/tutorial_taskflow_templates.py
[2025-09-13T11:42:58.833+0545] {processor.py:925} INFO - DAG(s) 'tutorial_taskflow_templates' retrieved from /home/ashok/miniconda3/envs/mysecondenvironment/lib/python3.8/site-packages/airflow/example_dags/tutorial_taskflow_templates.py
[2025-09-13T11:42:58.847+0545] {logging_mixin.py:190} INFO - [2025-09-13T11:42:58.847+0545] {dag.py:3239} INFO - Sync 1 DAGs
[2025-09-13T11:42:58.858+0545] {logging_mixin.py:190} INFO - [2025-09-13T11:42:58.858+0545] {dag.py:4180} INFO - Setting next_dagrun for tutorial_taskflow_templates to 2025-09-12 00:00:00+00:00, run_after=2025-09-13 00:00:00+00:00
[2025-09-13T11:42:58.874+0545] {processor.py:208} INFO - Processing /home/ashok/miniconda3/envs/mysecondenvironment/lib/python3.8/site-packages/airflow/example_dags/tutorial_taskflow_templates.py took 0.058 seconds
[2025-09-13T11:45:07.333+0545] {processor.py:186} INFO - Started process (PID=123567) to work on /home/ashok/miniconda3/envs/mysecondenvironment/lib/python3.8/site-packages/airflow/example_dags/tutorial_taskflow_templates.py
[2025-09-13T11:45:07.336+0545] {processor.py:914} INFO - Processing file /home/ashok/miniconda3/envs/mysecondenvironment/lib/python3.8/site-packages/airflow/example_dags/tutorial_taskflow_templates.py for tasks to queue
[2025-09-13T11:45:07.337+0545] {logging_mixin.py:190} INFO - [2025-09-13T11:45:07.337+0545] {dagbag.py:588} INFO - Filling up the DagBag from /home/ashok/miniconda3/envs/mysecondenvironment/lib/python3.8/site-packages/airflow/example_dags/tutorial_taskflow_templates.py
[2025-09-13T11:45:07.344+0545] {processor.py:925} INFO - DAG(s) 'tutorial_taskflow_templates' retrieved from /home/ashok/miniconda3/envs/mysecondenvironment/lib/python3.8/site-packages/airflow/example_dags/tutorial_taskflow_templates.py
[2025-09-13T11:45:07.353+0545] {logging_mixin.py:190} INFO - [2025-09-13T11:45:07.353+0545] {dag.py:3239} INFO - Sync 1 DAGs
[2025-09-13T11:45:07.362+0545] {logging_mixin.py:190} INFO - [2025-09-13T11:45:07.362+0545] {dag.py:4180} INFO - Setting next_dagrun for tutorial_taskflow_templates to 2025-09-12 00:00:00+00:00, run_after=2025-09-13 00:00:00+00:00
[2025-09-13T11:45:07.379+0545] {processor.py:208} INFO - Processing /home/ashok/miniconda3/envs/mysecondenvironment/lib/python3.8/site-packages/airflow/example_dags/tutorial_taskflow_templates.py took 0.049 seconds
[2025-09-13T11:45:59.874+0545] {processor.py:186} INFO - Started process (PID=123930) to work on /home/ashok/miniconda3/envs/mysecondenvironment/lib/python3.8/site-packages/airflow/example_dags/tutorial_taskflow_templates.py
[2025-09-13T11:45:59.876+0545] {processor.py:914} INFO - Processing file /home/ashok/miniconda3/envs/mysecondenvironment/lib/python3.8/site-packages/airflow/example_dags/tutorial_taskflow_templates.py for tasks to queue
[2025-09-13T11:45:59.878+0545] {logging_mixin.py:190} INFO - [2025-09-13T11:45:59.877+0545] {dagbag.py:588} INFO - Filling up the DagBag from /home/ashok/miniconda3/envs/mysecondenvironment/lib/python3.8/site-packages/airflow/example_dags/tutorial_taskflow_templates.py
[2025-09-13T11:45:59.884+0545] {processor.py:925} INFO - DAG(s) 'tutorial_taskflow_templates' retrieved from /home/ashok/miniconda3/envs/mysecondenvironment/lib/python3.8/site-packages/airflow/example_dags/tutorial_taskflow_templates.py
[2025-09-13T11:45:59.892+0545] {logging_mixin.py:190} INFO - [2025-09-13T11:45:59.892+0545] {dag.py:3239} INFO - Sync 1 DAGs
[2025-09-13T11:45:59.901+0545] {logging_mixin.py:190} INFO - [2025-09-13T11:45:59.900+0545] {dag.py:4180} INFO - Setting next_dagrun for tutorial_taskflow_templates to 2025-09-12 00:00:00+00:00, run_after=2025-09-13 00:00:00+00:00
[2025-09-13T11:45:59.920+0545] {processor.py:208} INFO - Processing /home/ashok/miniconda3/envs/mysecondenvironment/lib/python3.8/site-packages/airflow/example_dags/tutorial_taskflow_templates.py took 0.049 seconds
[2025-09-13T11:46:50.212+0545] {processor.py:186} INFO - Started process (PID=124453) to work on /home/ashok/miniconda3/envs/mysecondenvironment/lib/python3.8/site-packages/airflow/example_dags/tutorial_taskflow_templates.py
[2025-09-13T11:46:50.214+0545] {processor.py:914} INFO - Processing file /home/ashok/miniconda3/envs/mysecondenvironment/lib/python3.8/site-packages/airflow/example_dags/tutorial_taskflow_templates.py for tasks to queue
[2025-09-13T11:46:50.216+0545] {logging_mixin.py:190} INFO - [2025-09-13T11:46:50.215+0545] {dagbag.py:588} INFO - Filling up the DagBag from /home/ashok/miniconda3/envs/mysecondenvironment/lib/python3.8/site-packages/airflow/example_dags/tutorial_taskflow_templates.py
[2025-09-13T11:46:50.222+0545] {processor.py:925} INFO - DAG(s) 'tutorial_taskflow_templates' retrieved from /home/ashok/miniconda3/envs/mysecondenvironment/lib/python3.8/site-packages/airflow/example_dags/tutorial_taskflow_templates.py
[2025-09-13T11:46:50.230+0545] {logging_mixin.py:190} INFO - [2025-09-13T11:46:50.230+0545] {dag.py:3239} INFO - Sync 1 DAGs
[2025-09-13T11:46:50.239+0545] {logging_mixin.py:190} INFO - [2025-09-13T11:46:50.239+0545] {dag.py:4180} INFO - Setting next_dagrun for tutorial_taskflow_templates to 2025-09-12 00:00:00+00:00, run_after=2025-09-13 00:00:00+00:00
[2025-09-13T11:46:50.255+0545] {processor.py:208} INFO - Processing /home/ashok/miniconda3/envs/mysecondenvironment/lib/python3.8/site-packages/airflow/example_dags/tutorial_taskflow_templates.py took 0.047 seconds
