[2025-09-04T13:20:11.471+0545] {local_task_job_runner.py:123} INFO - ::group::Pre task execution logs
[2025-09-04T13:20:11.478+0545] {taskinstance.py:2614} INFO - Dependencies all met for dep_context=non-requeueable deps ti=<TaskInstance: diabetes_pipeline_setup.start_mlflow manual__2025-09-04T07:34:29.705118+00:00 [queued]>
[2025-09-04T13:20:11.481+0545] {taskinstance.py:2614} INFO - Dependencies all met for dep_context=requeueable deps ti=<TaskInstance: diabetes_pipeline_setup.start_mlflow manual__2025-09-04T07:34:29.705118+00:00 [queued]>
[2025-09-04T13:20:11.481+0545] {taskinstance.py:2867} INFO - Starting attempt 1 of 2
[2025-09-04T13:20:11.493+0545] {taskinstance.py:2890} INFO - Executing <Task(BashOperator): start_mlflow> on 2025-09-04 07:34:29.705118+00:00
[2025-09-04T13:20:11.498+0545] {standard_task_runner.py:72} INFO - Started process 7409 to run task
[2025-09-04T13:20:11.500+0545] {standard_task_runner.py:104} INFO - Running: ['airflow', 'tasks', 'run', 'diabetes_pipeline_setup', 'start_mlflow', 'manual__2025-09-04T07:34:29.705118+00:00', '--job-id', '128', '--raw', '--subdir', 'DAGS_FOLDER/bash_operator.py', '--cfg-path', '/tmp/tmp5p_e0iu7']
[2025-09-04T13:20:11.501+0545] {standard_task_runner.py:105} INFO - Job 128: Subtask start_mlflow
[2025-09-04T13:20:11.525+0545] {task_command.py:467} INFO - Running <TaskInstance: diabetes_pipeline_setup.start_mlflow manual__2025-09-04T07:34:29.705118+00:00 [running]> on host ashok-Nitro-ANV16-41
[2025-09-04T13:20:11.564+0545] {taskinstance.py:3134} INFO - Exporting env vars: AIRFLOW_CTX_DAG_OWNER='airflow' AIRFLOW_CTX_DAG_ID='diabetes_pipeline_setup' AIRFLOW_CTX_TASK_ID='start_mlflow' AIRFLOW_CTX_EXECUTION_DATE='2025-09-04T07:34:29.705118+00:00' AIRFLOW_CTX_TRY_NUMBER='1' AIRFLOW_CTX_DAG_RUN_ID='manual__2025-09-04T07:34:29.705118+00:00'
[2025-09-04T13:20:11.565+0545] {logging_mixin.py:190} INFO - Task instance is in running state
[2025-09-04T13:20:11.565+0545] {logging_mixin.py:190} INFO -  Previous state of the Task instance: queued
[2025-09-04T13:20:11.565+0545] {logging_mixin.py:190} INFO - Current task name:start_mlflow state:running start_date:2025-09-04 07:35:11.478257+00:00
[2025-09-04T13:20:11.565+0545] {logging_mixin.py:190} INFO - Dag name:diabetes_pipeline_setup and current dag run status:running
[2025-09-04T13:20:11.566+0545] {taskinstance.py:732} INFO - ::endgroup::
[2025-09-04T13:20:11.566+0545] {subprocess.py:78} INFO - Tmp dir root location: /tmp
[2025-09-04T13:20:11.566+0545] {subprocess.py:88} INFO - Running command: ['/usr/bin/bash', '-c', 'conda run -n mysecondenvironment mlflow ui --port 5000 >/tmp/mlflow.log 2>&1 &']
[2025-09-04T13:20:11.578+0545] {subprocess.py:99} INFO - Output:
[2025-09-04T13:20:11.579+0545] {subprocess.py:110} INFO - Command exited with return code 0
[2025-09-04T13:20:11.594+0545] {taskinstance.py:341} INFO - ::group::Post task execution logs
[2025-09-04T13:20:11.594+0545] {taskinstance.py:353} INFO - Marking task as SUCCESS. dag_id=diabetes_pipeline_setup, task_id=start_mlflow, run_id=manual__2025-09-04T07:34:29.705118+00:00, execution_date=20250904T073429, start_date=20250904T073511, end_date=20250904T073511
[2025-09-04T13:20:11.610+0545] {logging_mixin.py:190} INFO - Task instance in success state
[2025-09-04T13:20:11.611+0545] {logging_mixin.py:190} INFO -  Previous state of the Task instance: running
[2025-09-04T13:20:11.611+0545] {logging_mixin.py:190} INFO - Dag name:diabetes_pipeline_setup queued_at:2025-09-04 07:34:29.710752+00:00
[2025-09-04T13:20:11.611+0545] {logging_mixin.py:190} INFO - Task hostname:ashok-Nitro-ANV16-41 operator:BashOperator
[2025-09-04T13:20:11.633+0545] {local_task_job_runner.py:266} INFO - Task exited with return code 0
[2025-09-04T13:20:11.640+0545] {taskinstance.py:3901} INFO - 0 downstream tasks scheduled from follow-on schedule check
[2025-09-04T13:20:11.640+0545] {local_task_job_runner.py:245} INFO - ::endgroup::
