[2025-09-21T08:37:17.070+0545] {local_task_job_runner.py:123} INFO - ::group::Pre task execution logs
[2025-09-21T08:37:17.077+0545] {taskinstance.py:2614} INFO - Dependencies all met for dep_context=non-requeueable deps ti=<TaskInstance: mlops_diabetes_pipeline.data_drift manual__2025-09-21T02:50:49.316547+00:00 [queued]>
[2025-09-21T08:37:17.081+0545] {taskinstance.py:2614} INFO - Dependencies all met for dep_context=requeueable deps ti=<TaskInstance: mlops_diabetes_pipeline.data_drift manual__2025-09-21T02:50:49.316547+00:00 [queued]>
[2025-09-21T08:37:17.081+0545] {taskinstance.py:2867} INFO - Starting attempt 1 of 1
[2025-09-21T08:37:17.094+0545] {taskinstance.py:2890} INFO - Executing <Task(PythonOperator): data_drift> on 2025-09-21 02:50:49.316547+00:00
[2025-09-21T08:37:17.104+0545] {standard_task_runner.py:72} INFO - Started process 23972 to run task
[2025-09-21T08:37:17.107+0545] {standard_task_runner.py:104} INFO - Running: ['airflow', 'tasks', 'run', 'mlops_diabetes_pipeline', 'data_drift', 'manual__2025-09-21T02:50:49.316547+00:00', '--job-id', '694', '--raw', '--subdir', 'DAGS_FOLDER/mlops_diabetes_pipeline.py', '--cfg-path', '/tmp/tmp_ygcmwsm']
[2025-09-21T08:37:17.107+0545] {standard_task_runner.py:105} INFO - Job 694: Subtask data_drift
[2025-09-21T08:37:17.135+0545] {task_command.py:467} INFO - Running <TaskInstance: mlops_diabetes_pipeline.data_drift manual__2025-09-21T02:50:49.316547+00:00 [running]> on host ashok-Nitro-ANV16-41
[2025-09-21T08:37:17.178+0545] {taskinstance.py:3134} INFO - Exporting env vars: AIRFLOW_CTX_DAG_OWNER='airflow' AIRFLOW_CTX_DAG_ID='mlops_diabetes_pipeline' AIRFLOW_CTX_TASK_ID='data_drift' AIRFLOW_CTX_EXECUTION_DATE='2025-09-21T02:50:49.316547+00:00' AIRFLOW_CTX_TRY_NUMBER='1' AIRFLOW_CTX_DAG_RUN_ID='manual__2025-09-21T02:50:49.316547+00:00'
[2025-09-21T08:37:17.179+0545] {logging_mixin.py:190} INFO - Task instance is in running state
[2025-09-21T08:37:17.179+0545] {logging_mixin.py:190} INFO -  Previous state of the Task instance: queued
[2025-09-21T08:37:17.179+0545] {logging_mixin.py:190} INFO - Current task name:data_drift state:running start_date:2025-09-21 02:52:17.077879+00:00
[2025-09-21T08:37:17.179+0545] {logging_mixin.py:190} INFO - Dag name:mlops_diabetes_pipeline and current dag run status:running
[2025-09-21T08:37:17.179+0545] {taskinstance.py:732} INFO - ::endgroup::
[2025-09-21T08:37:18.486+0545] {logging_mixin.py:190} INFO -  Data drift report saved at /home/ashok/mlops_project/reports/evidently/data_drift/data_drift_report_20250921_083718.html
[2025-09-21T08:37:18.538+0545] {logging_mixin.py:190} INFO -  Drift detected in feature: Age
[2025-09-21T08:37:18.538+0545] {logging_mixin.py:190} INFO -  Drift detected in feature: BMI
[2025-09-21T08:37:18.538+0545] {logging_mixin.py:190} INFO -  Drift detected in feature: CholCheck
[2025-09-21T08:37:18.538+0545] {logging_mixin.py:190} INFO -  Drift detected in feature: DiffWalk
[2025-09-21T08:37:18.538+0545] {logging_mixin.py:190} INFO -  Drift detected in feature: Education
[2025-09-21T08:37:18.538+0545] {logging_mixin.py:190} INFO -  Drift detected in feature: GenHlth
[2025-09-21T08:37:18.538+0545] {logging_mixin.py:190} INFO -  Drift detected in feature: HeartDiseaseorAttack
[2025-09-21T08:37:18.539+0545] {logging_mixin.py:190} INFO -  Drift detected in feature: HvyAlcoholConsump
[2025-09-21T08:37:18.539+0545] {logging_mixin.py:190} INFO -  Drift detected in feature: Income
[2025-09-21T08:37:18.539+0545] {logging_mixin.py:190} INFO -  Drift detected in feature: MentHlth
[2025-09-21T08:37:18.539+0545] {logging_mixin.py:190} INFO -  Drift detected in feature: PhysActivity
[2025-09-21T08:37:18.539+0545] {logging_mixin.py:190} INFO -  Drift detected in feature: PhysHlth
[2025-09-21T08:37:18.539+0545] {logging_mixin.py:190} INFO -  Drift detected in feature: Stroke
[2025-09-21T08:37:18.539+0545] {logging_mixin.py:190} INFO - Data drift detected! Sending email alert...
[2025-09-21T08:37:22.915+0545] {logging_mixin.py:190} INFO - Email sent successfully!
[2025-09-21T08:37:22.916+0545] {python.py:240} INFO - Done. Returned value was: True
[2025-09-21T08:37:22.933+0545] {taskinstance.py:341} INFO - ::group::Post task execution logs
[2025-09-21T08:37:22.934+0545] {taskinstance.py:353} INFO - Marking task as SUCCESS. dag_id=mlops_diabetes_pipeline, task_id=data_drift, run_id=manual__2025-09-21T02:50:49.316547+00:00, execution_date=20250921T025049, start_date=20250921T025217, end_date=20250921T025222
[2025-09-21T08:37:22.955+0545] {logging_mixin.py:190} INFO - Task instance in success state
[2025-09-21T08:37:22.955+0545] {logging_mixin.py:190} INFO -  Previous state of the Task instance: running
[2025-09-21T08:37:22.955+0545] {logging_mixin.py:190} INFO - Dag name:mlops_diabetes_pipeline queued_at:2025-09-21 02:50:49.323742+00:00
[2025-09-21T08:37:22.955+0545] {logging_mixin.py:190} INFO - Task hostname:ashok-Nitro-ANV16-41 operator:PythonOperator
[2025-09-21T08:37:23.005+0545] {local_task_job_runner.py:266} INFO - Task exited with return code 0
[2025-09-21T08:37:23.017+0545] {taskinstance.py:3901} INFO - 1 downstream tasks scheduled from follow-on schedule check
[2025-09-21T08:37:23.024+0545] {local_task_job_runner.py:245} INFO - ::endgroup::
